========== Dataset info ==========
Dataset params: {'file': '/home/nikhila/WDC/kan/dataset/turbulence_dataset_clean.csv', 'Cases': ['squareDuctAve_Re_1100', 'squareDuctAve_Re_1150', 'squareDuctAve_Re_1250', 'squareDuctAve_Re_1300', 'squareDuctAve_Re_1350', 'squareDuctAve_Re_1400', 'squareDuctAve_Re_1500', 'squareDuctAve_Re_1600', 'squareDuctAve_Re_1800', 'squareDuctAve_Re_2000', 'squareDuctAve_Re_2205', 'squareDuctAve_Re_2400', 'squareDuctAve_Re_2600', 'squareDuctAve_Re_2900', 'squareDuctAve_Re_3200', 'squareDuctAve_Re_3500'], 'val_set': ['squareDuctAve_Re_1300', 'squareDuctAve_Re_1800', 'squareDuctAve_Re_3200'], 'test_set': ['squareDuctAve_Re_2000'], 'data_loader': <class 'tbnn.dataloaders.aDataset'>}
Train/Valid/Test points: 110592 / 27648 / 9216
Memorization?: False
Cluster training?: False
EPOCH     LR        TRAIN         VALID             MSE:T/V                  RL:T/V             %NR_t/%NR_v
===============================================================================================================
  1   5.000E-03   1.8078E-03   1.7924E-03   1.7997E-03 / 1.7918E-03   
 10   5.000E-03   5.9824E-04   5.6301E-04   5.9668E-04 / 5.5921E-04   
 20   5.000E-03   5.6615E-04   6.8517E-04   5.4324E-04 / 6.1734E-04   
 30   5.000E-03   6.4467E-04   6.6607E-04   6.3587E-04 / 6.4108E-04   
 40   5.000E-03   6.1052E-04   6.5583E-04   6.0957E-04 / 6.5521E-04   
 50   5.000E-03   6.6433E-04   7.3440E-04   6.5899E-04 / 7.0224E-04   
 60   5.000E-03   1.6346E-03   1.4945E-03   1.6199E-03 / 1.4898E-03   
 70   5.000E-03   9.9654E-04   1.0189E-03   9.9160E-04 / 1.0168E-03   
 80   5.000E-03   1.3919E-03   1.4178E-03   1.3918E-03 / 1.4164E-03   
 90   5.000E-03   1.4398E-03   1.4343E-03   1.4261E-03 / 1.4265E-03   
100   5.000E-03   1.2218E-03   1.1223E-03   1.2050E-03 / 1.0909E-03   
110   5.000E-03   9.4306E-04   1.0837E-03   9.3790E-04 / 1.0627E-03   
120   5.000E-03   7.8939E-03   7.7595E-03   7.8873E-03 / 7.7595E-03   
130   5.000E-03   3.3493E-03   3.3714E-03   3.3476E-03 / 3.3710E-03   
140   5.000E-03   1.5640E-03   1.5237E-03   1.5399E-03 / 1.5151E-03   
150   5.000E-03   1.1673E-03   1.1212E-03   1.1663E-03 / 1.1208E-03   
160   5.000E-03   2.1859E-03   1.8076E-03   2.1635E-03 / 1.8062E-03   
170   5.000E-03   1.4262E-03   1.3494E-03   1.4034E-03 / 1.3391E-03   
180   5.000E-03   9.9240E-04   8.9642E-04   9.8498E-04 / 8.9236E-04   
190   5.000E-03   1.2040E-03   1.2374E-03   1.2004E-03 / 1.2124E-03   
200   5.000E-03   1.2602E-03   1.1250E-03   1.2548E-03 / 1.1225E-03   
210   5.000E-03   5.7940E-03   5.4321E-03   5.7909E-03 / 5.4306E-03   
220   5.000E-03   2.7555E-01   2.6689E-01   2.7555E-01 / 2.6687E-01   
230   5.000E-03   2.7493E-01   2.6547E-01   2.7490E-01 / 2.6547E-01   
240   5.000E-03   2.7151E-01   2.6216E-01   2.7148E-01 / 2.6192E-01   
250   5.000E-03   1.1368E+00   1.1508E+00   2.5596E-01 / 2.4930E-01   
260   5.000E-03   5.0739E-02   4.7746E-02   5.0255E-02 / 4.7737E-02   
270   5.000E-03   9.0304E-02   8.6101E-02   9.0203E-02 / 8.6053E-02   
BEST MODEL
===============================================================================================================
 10   5.000E-03   5.9824E-04   5.6301E-04   5.9668E-04 / 5.5921E-04   
===============================================================================================================
Saved model to /home/nikhila/WDC/kan/kanTBNN/models/multi_run/duct_experiment_1/kanTBNN-25Jan21_21:02:49.pickle
