========== Dataset info ==========
Dataset params: {'file': '/home/nikki/kan/data/turbulence_dataset_clean.csv', 'Cases': ['fp_1000', 'fp_1410', 'fp_2000', 'fp_2540', 'fp_3030', 'fp_3270', 'fp_3630', 'fp_3970', 'fp_4060'], 'val_set': ['fp_3030', 'fp_1410', 'fp_4060'], 'test_set': ['fp_3630'], 'data_loader': <class 'tbnn.dataloaders.aDataset'>}
Train/Valid/Test points: 760 / 468 / 168
Memorization?: False
Cluster training?: False
EPOCH     LR        TRAIN         VALID             MSE:T/V                  RL:T/V             %NR_t/%NR_v
===============================================================================================================
  1   1.000E-03   1.5659E-01   1.5210E-01   1.5658E-01 / 1.5210E-01   
 10   1.000E-03   3.6090E-02   3.3402E-02   3.6090E-02 / 3.3402E-02   
 20   1.000E-03   1.5190E-02   1.3865E-02   1.5190E-02 / 1.3865E-02   
 30   1.000E-03   9.2866E-03   8.3380E-03   9.2857E-03 / 8.3370E-03   
 40   1.000E-03   6.3726E-03   5.7349E-03   6.3726E-03 / 5.7349E-03   
 50   1.000E-03   4.8860E-03   4.4625E-03   4.8860E-03 / 4.4625E-03   
 60   1.000E-03   4.0870E-03   3.7841E-03   4.0870E-03 / 3.7841E-03   
 70   1.000E-03   3.5392E-03   3.3051E-03   3.5388E-03 / 3.3046E-03   
 80   1.000E-03   3.1625E-03   2.9650E-03   3.1575E-03 / 2.9597E-03   
 90   1.000E-03   2.8633E-03   2.6887E-03   2.8581E-03 / 2.6833E-03   
100   1.000E-03   2.6158E-03   2.4595E-03   2.6123E-03 / 2.4557E-03   
110   1.000E-03   2.4106E-03   2.2695E-03   2.4087E-03 / 2.2675E-03   
120   1.000E-03   2.2450E-03   2.1172E-03   2.2439E-03 / 2.1160E-03   
130   1.000E-03   2.1059E-03   1.9896E-03   2.1054E-03 / 1.9891E-03   
140   1.000E-03   1.9918E-03   1.8832E-03   1.9916E-03 / 1.8830E-03   
150   1.000E-03   1.8959E-03   1.7969E-03   1.8958E-03 / 1.7968E-03   
160   1.000E-03   1.8161E-03   1.7250E-03   1.8160E-03 / 1.7249E-03   
170   1.000E-03   1.7459E-03   1.6622E-03   1.7457E-03 / 1.6621E-03   
180   1.000E-03   1.6829E-03   1.6057E-03   1.6827E-03 / 1.6056E-03   
190   1.000E-03   1.6263E-03   1.5556E-03   1.6262E-03 / 1.5555E-03   
200   1.000E-03   1.5756E-03   1.5076E-03   1.5755E-03 / 1.5075E-03   
210   1.000E-03   1.5287E-03   1.4673E-03   1.5285E-03 / 1.4671E-03   
220   1.000E-03   1.4845E-03   1.4272E-03   1.4843E-03 / 1.4271E-03   
230   1.000E-03   1.4403E-03   1.3866E-03   1.4400E-03 / 1.3864E-03   
240   1.000E-03   1.3914E-03   1.3443E-03   1.3910E-03 / 1.3439E-03   
250   1.000E-03   1.3377E-03   1.2951E-03   1.3371E-03 / 1.2947E-03   
260   1.000E-03   1.2864E-03   1.2490E-03   1.2857E-03 / 1.2484E-03   
270   1.000E-03   1.2449E-03   1.2114E-03   1.2441E-03 / 1.2105E-03   
280   1.000E-03   1.2115E-03   1.1788E-03   1.2106E-03 / 1.1779E-03   
290   1.000E-03   1.1819E-03   1.1522E-03   1.1810E-03 / 1.1513E-03   
300   1.000E-03   1.1544E-03   1.1258E-03   1.1536E-03 / 1.1249E-03   
310   1.000E-03   1.1282E-03   1.1020E-03   1.1274E-03 / 1.1012E-03   
320   1.000E-03   1.1027E-03   1.0787E-03   1.1019E-03 / 1.0779E-03   
330   1.000E-03   1.0782E-03   1.0560E-03   1.0773E-03 / 1.0552E-03   
340   1.000E-03   1.0541E-03   1.0342E-03   1.0533E-03 / 1.0336E-03   
350   1.000E-03   1.0297E-03   1.0109E-03   1.0288E-03 / 1.0101E-03   
360   1.000E-03   1.0055E-03   9.8924E-04   1.0046E-03 / 9.8850E-04   
370   1.000E-03   9.8137E-04   9.6520E-04   9.8057E-04 / 9.6453E-04   
380   1.000E-03   9.5687E-04   9.4357E-04   9.5604E-04 / 9.4287E-04   
390   1.000E-03   9.3197E-04   9.1818E-04   9.3119E-04 / 9.1752E-04   
400   1.000E-03   9.0650E-04   8.9434E-04   9.0569E-04 / 8.9364E-04   
410   1.000E-03   8.8095E-04   8.7109E-04   8.8035E-04 / 8.7056E-04   
420   1.000E-03   8.5492E-04   8.4677E-04   8.5432E-04 / 8.4622E-04   
430   1.000E-03   8.2837E-04   8.2214E-04   8.2793E-04 / 8.2176E-04   
440   1.000E-03   8.0201E-04   7.9769E-04   8.0165E-04 / 7.9738E-04   
450   1.000E-03   7.7485E-04   7.7173E-04   7.7457E-04 / 7.7149E-04   
460   1.000E-03   7.4924E-04   7.4783E-04   7.4900E-04 / 7.4761E-04   
470   1.000E-03   7.2334E-04   7.2162E-04   7.2317E-04 / 7.2144E-04   
480   1.000E-03   6.9805E-04   6.9766E-04   6.9785E-04 / 6.9744E-04   
490   1.000E-03   6.7334E-04   6.7417E-04   6.7318E-04 / 6.7398E-04   
500   1.000E-03   6.4851E-04   6.5100E-04   6.4835E-04 / 6.5080E-04   
510   1.000E-03   6.2548E-04   6.2455E-04   6.2531E-04 / 6.2436E-04   
520   1.000E-03   6.0200E-04   6.0549E-04   6.0186E-04 / 6.0533E-04   
530   1.000E-03   5.7940E-04   5.8402E-04   5.7928E-04 / 5.8389E-04   
540   1.000E-03   5.5921E-04   5.6378E-04   5.5908E-04 / 5.6363E-04   
550   1.000E-03   5.3709E-04   5.4230E-04   5.3698E-04 / 5.4217E-04   
560   1.000E-03   5.1828E-04   5.2222E-04   5.1817E-04 / 5.2211E-04   
570   1.000E-03   4.9677E-04   5.0283E-04   4.9668E-04 / 5.0274E-04   
580   1.000E-03   4.7820E-04   4.8591E-04   4.7808E-04 / 4.8580E-04   
590   1.000E-03   4.5921E-04   4.6636E-04   4.5910E-04 / 4.6626E-04   
600   1.000E-03   4.4232E-04   4.4825E-04   4.4224E-04 / 4.4818E-04   
610   1.000E-03   4.2611E-04   4.3839E-04   4.2606E-04 / 4.3835E-04   
620   1.000E-03   4.0778E-04   4.1423E-04   4.0774E-04 / 4.1421E-04   
630   1.000E-03   3.9229E-04   4.0066E-04   3.9224E-04 / 4.0064E-04   
640   1.000E-03   3.7808E-04   3.8811E-04   3.7800E-04 / 3.8802E-04   
650   1.000E-03   3.6473E-04   3.6992E-04   3.6465E-04 / 3.6984E-04   
660   1.000E-03   3.5083E-04   3.6221E-04   3.5071E-04 / 3.6208E-04   
670   1.000E-03   3.3803E-04   3.4943E-04   3.3788E-04 / 3.4927E-04   
680   1.000E-03   3.2586E-04   3.3779E-04   3.2576E-04 / 3.3768E-04   
690   1.000E-03   3.1597E-04   3.2546E-04   3.1579E-04 / 3.2525E-04   
700   1.000E-03   3.0533E-04   3.1545E-04   3.0514E-04 / 3.1524E-04   
710   1.000E-03   2.9582E-04   3.0589E-04   2.9561E-04 / 3.0565E-04   
720   1.000E-03   2.8598E-04   2.9878E-04   2.8587E-04 / 2.9863E-04   
730   1.000E-03   2.7735E-04   2.8867E-04   2.7723E-04 / 2.8850E-04   
740   1.000E-03   2.6856E-04   2.8171E-04   2.6843E-04 / 2.8148E-04   
750   1.000E-03   2.6078E-04   2.7510E-04   2.6062E-04 / 2.7479E-04   
760   1.000E-03   2.5589E-04   2.6838E-04   2.5572E-04 / 2.6808E-04   
770   1.000E-03   2.4713E-04   2.6177E-04   2.4683E-04 / 2.6131E-04   
780   1.000E-03   2.4047E-04   2.5498E-04   2.4017E-04 / 2.5453E-04   
790   1.000E-03   2.3437E-04   2.5052E-04   2.3412E-04 / 2.5015E-04   
800   1.000E-03   2.2945E-04   2.4430E-04   2.2930E-04 / 2.4407E-04   
810   1.000E-03   2.2430E-04   2.3824E-04   2.2405E-04 / 2.3793E-04   
820   1.000E-03   2.1818E-04   2.3479E-04   2.1789E-04 / 2.3445E-04   
830   1.000E-03   2.1322E-04   2.3208E-04   2.1301E-04 / 2.3183E-04   
840   1.000E-03   2.0807E-04   2.2722E-04   2.0780E-04 / 2.2693E-04   
850   1.000E-03   2.0361E-04   2.2126E-04   2.0334E-04 / 2.2100E-04   
860   1.000E-03   1.9980E-04   2.1815E-04   1.9958E-04 / 2.1795E-04   
870   1.000E-03   1.9550E-04   2.1652E-04   1.9524E-04 / 2.1627E-04   
880   1.000E-03   1.9270E-04   2.1354E-04   1.9250E-04 / 2.1333E-04   
890   1.000E-03   1.8699E-04   2.0827E-04   1.8660E-04 / 2.0784E-04   
900   1.000E-03   1.8600E-04   2.0922E-04   1.8580E-04 / 2.0896E-04   
910   1.000E-03   1.7969E-04   1.9984E-04   1.7953E-04 / 1.9963E-04   
920   1.000E-03   1.7798E-04   1.9721E-04   1.7776E-04 / 1.9692E-04   
930   1.000E-03   1.7311E-04   1.9523E-04   1.7279E-04 / 1.9481E-04   
940   1.000E-03   1.7347E-04   1.9639E-04   1.7326E-04 / 1.9612E-04   
950   1.000E-03   1.6680E-04   1.8903E-04   1.6663E-04 / 1.8881E-04   
960   1.000E-03   1.6384E-04   1.8679E-04   1.6353E-04 / 1.8642E-04   
970   1.000E-03   1.6181E-04   1.8372E-04   1.6147E-04 / 1.8331E-04   
980   1.000E-03   1.6235E-04   1.8404E-04   1.6214E-04 / 1.8380E-04   
990   1.000E-03   1.5763E-04   1.8368E-04   1.5730E-04 / 1.8332E-04   
1000   1.000E-03   1.5470E-04   1.7678E-04   1.5446E-04 / 1.7652E-04   
1010   1.000E-03   1.5440E-04   1.7205E-04   1.5406E-04 / 1.7170E-04   
1020   1.000E-03   1.4895E-04   1.6897E-04   1.4854E-04 / 1.6856E-04   
1030   1.000E-03   1.4847E-04   1.6625E-04   1.4820E-04 / 1.6598E-04   
1040   1.000E-03   1.4683E-04   1.6388E-04   1.4653E-04 / 1.6358E-04   
1050   1.000E-03   1.4359E-04   1.7029E-04   1.4323E-04 / 1.6992E-04   
1060   1.000E-03   1.4198E-04   1.6410E-04   1.4173E-04 / 1.6384E-04   
1070   1.000E-03   1.3953E-04   1.6266E-04   1.3903E-04 / 1.6213E-04   
1080   1.000E-03   1.3814E-04   1.6124E-04   1.3773E-04 / 1.6079E-04   
1090   1.000E-03   1.3333E-04   1.5700E-04   1.3313E-04 / 1.5679E-04   
1100   1.000E-03   1.3164E-04   1.5368E-04   1.3140E-04 / 1.5341E-04   
1110   1.000E-03   1.2989E-04   1.5451E-04   1.2961E-04 / 1.5418E-04   
1120   1.000E-03   1.2900E-04   1.5305E-04   1.2861E-04 / 1.5258E-04   
1130   1.000E-03   1.2834E-04   1.5163E-04   1.2810E-04 / 1.5133E-04   
1140   1.000E-03   1.2591E-04   1.5248E-04   1.2569E-04 / 1.5220E-04   
1150   1.000E-03   1.2448E-04   1.4755E-04   1.2409E-04 / 1.4707E-04   
1160   1.000E-03   1.2148E-04   1.4461E-04   1.2105E-04 / 1.4408E-04   
1170   1.000E-03   1.2004E-04   1.4695E-04   1.1984E-04 / 1.4670E-04   
1180   1.000E-03   1.1882E-04   1.4309E-04   1.1853E-04 / 1.4275E-04   
1190   1.000E-03   1.1633E-04   1.4337E-04   1.1589E-04 / 1.4287E-04   
1200   1.000E-03   1.1535E-04   1.4080E-04   1.1505E-04 / 1.4045E-04   
1210   1.000E-03   1.2129E-04   1.5591E-04   1.2109E-04 / 1.5570E-04   
1220   1.000E-03   1.1255E-04   1.3743E-04   1.1233E-04 / 1.3719E-04   
1230   1.000E-03   1.1106E-04   1.3692E-04   1.1064E-04 / 1.3650E-04   
1240   1.000E-03   1.1508E-04   1.4170E-04   1.1469E-04 / 1.4130E-04   
1250   1.000E-03   1.0848E-04   1.3377E-04   1.0815E-04 / 1.3343E-04   
1260   1.000E-03   1.0695E-04   1.3233E-04   1.0653E-04 / 1.3191E-04   
1270   1.000E-03   1.0618E-04   1.3378E-04   1.0588E-04 / 1.3347E-04   
1280   1.000E-03   1.0555E-04   1.3378E-04   1.0527E-04 / 1.3349E-04   
1290   1.000E-03   1.0894E-04   1.3506E-04   1.0862E-04 / 1.3473E-04   
1300   1.000E-03   1.0234E-04   1.2801E-04   1.0205E-04 / 1.2770E-04   
1310   1.000E-03   1.0207E-04   1.3036E-04   1.0176E-04 / 1.3004E-04   
1320   1.000E-03   1.0104E-04   1.2274E-04   1.0074E-04 / 1.2242E-04   
1330   1.000E-03   9.8914E-05   1.2607E-04   9.8544E-05 / 1.2567E-04   
1340   1.000E-03   9.8290E-05   1.2820E-04   9.7914E-05 / 1.2778E-04   
1350   1.000E-03   9.9056E-05   1.2352E-04   9.8736E-05 / 1.2315E-04   
1360   1.000E-03   9.7232E-05   1.2322E-04   9.7045E-05 / 1.2300E-04   
1370   1.000E-03   9.5289E-05   1.2148E-04   9.4896E-05 / 1.2101E-04   
1380   1.000E-03   9.5080E-05   1.2074E-04   9.4818E-05 / 1.2041E-04   
1390   1.000E-03   9.3185E-05   1.2038E-04   9.2899E-05 / 1.2002E-04   
1400   1.000E-03   9.5032E-05   1.1943E-04   9.4685E-05 / 1.1900E-04   
1410   1.000E-03   9.2230E-05   1.1759E-04   9.1797E-05 / 1.1706E-04   
1420   1.000E-03   9.2878E-05   1.2622E-04   9.2705E-05 / 1.2600E-04   
1430   1.000E-03   8.9503E-05   1.1714E-04   8.9200E-05 / 1.1676E-04   
1440   1.000E-03   9.0549E-05   1.2080E-04   9.0182E-05 / 1.2034E-04   
1450   1.000E-03   8.7973E-05   1.1562E-04   8.7819E-05 / 1.1542E-04   
1460   1.000E-03   8.7455E-05   1.1625E-04   8.7164E-05 / 1.1588E-04   
1470   1.000E-03   8.8674E-05   1.0765E-04   8.8472E-05 / 1.0740E-04   
1480   1.000E-03   8.5730E-05   1.1179E-04   8.5517E-05 / 1.1152E-04   
1490   1.000E-03   8.4420E-05   1.1473E-04   8.4074E-05 / 1.1431E-04   
1500   1.000E-03   8.3477E-05   1.1288E-04   8.3074E-05 / 1.1241E-04   
1510   1.000E-03   8.4326E-05   1.1256E-04   8.4124E-05 / 1.1232E-04   
1520   1.000E-03   8.2362E-05   1.0961E-04   8.2052E-05 / 1.0925E-04   
1530   1.000E-03   8.1819E-05   1.1069E-04   8.1662E-05 / 1.1050E-04   
1540   1.000E-03   8.1266E-05   1.1011E-04   8.1041E-05 / 1.0985E-04   
1550   1.000E-03   8.1589E-05   1.0982E-04   8.1225E-05 / 1.0943E-04   
1560   1.000E-03   8.1162E-05   1.0783E-04   8.0824E-05 / 1.0747E-04   
1570   1.000E-03   8.0813E-05   1.1229E-04   8.0472E-05 / 1.1193E-04   
1580   1.000E-03   7.8507E-05   1.1117E-04   7.8171E-05 / 1.1082E-04   
1590   1.000E-03   7.7656E-05   1.0625E-04   7.7318E-05 / 1.0591E-04   
1600   1.000E-03   7.9284E-05   1.0605E-04   7.8824E-05 / 1.0558E-04   
1610   1.000E-03   7.6077E-05   1.0629E-04   7.5744E-05 / 1.0595E-04   
1620   1.000E-03   7.7629E-05   1.0410E-04   7.7343E-05 / 1.0381E-04   
1630   1.000E-03   7.6032E-05   1.0795E-04   7.5629E-05 / 1.0754E-04   
1640   1.000E-03   7.5163E-05   1.0572E-04   7.4878E-05 / 1.0543E-04   
1650   1.000E-03   7.3980E-05   1.0602E-04   7.3763E-05 / 1.0580E-04   
1660   1.000E-03   7.5535E-05   1.0893E-04   7.5295E-05 / 1.0869E-04   
1670   1.000E-03   7.2871E-05   1.0652E-04   7.2552E-05 / 1.0620E-04   
1680   1.000E-03   7.3360E-05   1.0461E-04   7.2987E-05 / 1.0423E-04   
1690   1.000E-03   7.2190E-05   1.0046E-04   7.1995E-05 / 1.0026E-04   
1700   1.000E-03   7.0850E-05   1.0064E-04   7.0618E-05 / 1.0041E-04   
1710   1.000E-03   7.0614E-05   1.0254E-04   7.0341E-05 / 1.0226E-04   
1720   1.000E-03   6.9257E-05   9.9465E-05   6.9022E-05 / 9.9224E-05   
1730   1.000E-03   6.8823E-05   9.6238E-05   6.8569E-05 / 9.5973E-05   
1740   1.000E-03   6.8441E-05   9.9005E-05   6.8270E-05 / 9.8823E-05   
1750   1.000E-03   6.8088E-05   9.3350E-05   6.7820E-05 / 9.3063E-05   
1760   1.000E-03   6.6948E-05   9.7622E-05   6.6724E-05 / 9.7378E-05   
1770   1.000E-03   6.7198E-05   1.0022E-04   6.6851E-05 / 9.9839E-05   
1780   1.000E-03   6.7947E-05   9.9720E-05   6.7820E-05 / 9.9576E-05   
1790   1.000E-03   6.7621E-05   1.0107E-04   6.7414E-05 / 1.0083E-04   
1800   1.000E-03   6.5820E-05   9.3194E-05   6.5585E-05 / 9.2925E-05   
1810   1.000E-03   6.8040E-05   9.6021E-05   6.7709E-05 / 9.5649E-05   
1820   1.000E-03   6.4145E-05   9.5501E-05   6.3991E-05 / 9.5316E-05   
1830   1.000E-03   6.5540E-05   9.3461E-05   6.5419E-05 / 9.3311E-05   
1840   1.000E-03   6.5184E-05   9.5282E-05   6.5002E-05 / 9.5060E-05   
1850   1.000E-03   6.2837E-05   9.0735E-05   6.2666E-05 / 9.0523E-05   
1860   1.000E-03   6.3647E-05   9.0998E-05   6.3356E-05 / 9.0657E-05   
1870   1.000E-03   6.7610E-05   9.2955E-05   6.7497E-05 / 9.2810E-05   
1880   1.000E-03   6.1285E-05   8.9581E-05   6.1124E-05 / 8.9380E-05   
1890   1.000E-03   6.1078E-05   9.2699E-05   6.0929E-05 / 9.2512E-05   
1900   1.000E-03   6.4850E-05   9.5531E-05   6.4616E-05 / 9.5251E-05   
1910   1.000E-03   6.0496E-05   9.3492E-05   6.0291E-05 / 9.3245E-05   
1920   1.000E-03   5.9977E-05   9.1885E-05   5.9856E-05 / 9.1732E-05   
1930   1.000E-03   6.1199E-05   9.5363E-05   6.1043E-05 / 9.5172E-05   
1940   1.000E-03   6.0387E-05   8.5391E-05   6.0310E-05 / 8.5291E-05   
1950   1.000E-03   5.8832E-05   8.9774E-05   5.8620E-05 / 8.9531E-05   
1960   1.000E-03   5.8495E-05   9.0309E-05   5.8289E-05 / 9.0075E-05   
1970   1.000E-03   5.7492E-05   8.5130E-05   5.7428E-05 / 8.5053E-05   
1980   1.000E-03   5.7872E-05   8.5934E-05   5.7665E-05 / 8.5707E-05   
1990   1.000E-03   5.6873E-05   8.5336E-05   5.6697E-05 / 8.5145E-05   
2000   1.000E-03   5.7021E-05   8.8097E-05   5.6787E-05 / 8.7853E-05   
2010   1.000E-03   5.9221E-05   9.0026E-05   5.8990E-05 / 8.9790E-05   
2020   1.000E-03   5.5680E-05   8.7610E-05   5.5579E-05 / 8.7503E-05   
2030   1.000E-03   5.7818E-05   8.7630E-05   5.7744E-05 / 8.7551E-05   
2040   1.000E-03   5.5151E-05   8.4797E-05   5.5003E-05 / 8.4652E-05   
2050   1.000E-03   5.4379E-05   8.2639E-05   5.4317E-05 / 8.2577E-05   
2060   1.000E-03   5.5232E-05   8.5722E-05   5.5054E-05 / 8.5551E-05   
2070   1.000E-03   5.5460E-05   8.9489E-05   5.5342E-05 / 8.9380E-05   
2080   1.000E-03   5.3482E-05   8.1349E-05   5.3350E-05 / 8.1229E-05   
2090   1.000E-03   5.4197E-05   8.6321E-05   5.4070E-05 / 8.6206E-05   
2100   1.000E-03   5.2745E-05   8.1214E-05   5.2559E-05 / 8.1042E-05   
2110   1.000E-03   5.7133E-05   7.7445E-05   5.6922E-05 / 7.7247E-05   
2120   1.000E-03   5.1935E-05   8.2343E-05   5.1900E-05 / 8.2318E-05   
2130   1.000E-03   5.3089E-05   8.1189E-05   5.2963E-05 / 8.1079E-05   
2140   1.000E-03   5.1994E-05   7.9058E-05   5.1894E-05 / 7.8974E-05   
2150   1.000E-03   5.1171E-05   7.7201E-05   5.1008E-05 / 7.7050E-05   
2160   1.000E-03   5.0134E-05   7.9144E-05   5.0002E-05 / 7.9025E-05   
2170   1.000E-03   5.0773E-05   7.8511E-05   5.0638E-05 / 7.8380E-05   
2180   1.000E-03   4.9843E-05   7.9534E-05   4.9668E-05 / 7.9366E-05   
2190   1.000E-03   5.0046E-05   8.0692E-05   4.9937E-05 / 8.0585E-05   
2200   1.000E-03   4.9337E-05   7.7392E-05   4.9281E-05 / 7.7346E-05   
2210   1.000E-03   5.2852E-05   8.4087E-05   5.2568E-05 / 8.3795E-05   
2220   1.000E-03   5.5611E-05   8.7084E-05   5.5504E-05 / 8.6974E-05   
2230   1.000E-03   4.8673E-05   7.8872E-05   4.8617E-05 / 7.8820E-05   
2240   1.000E-03   4.8313E-05   7.7526E-05   4.8106E-05 / 7.7315E-05   
2250   1.000E-03   4.7747E-05   7.9785E-05   4.7604E-05 / 7.9638E-05   
2260   1.000E-03   4.7642E-05   7.8276E-05   4.7574E-05 / 7.8207E-05   
2270   1.000E-03   4.9657E-05   7.6656E-05   4.9525E-05 / 7.6526E-05   
2280   1.000E-03   4.7104E-05   7.9420E-05   4.6988E-05 / 7.9295E-05   
2290   1.000E-03   4.7297E-05   7.7206E-05   4.7156E-05 / 7.7060E-05   
2300   1.000E-03   4.8676E-05   7.6769E-05   4.8602E-05 / 7.6683E-05   
2310   1.000E-03   4.6810E-05   7.0870E-05   4.6686E-05 / 7.0732E-05   
2320   1.000E-03   4.7424E-05   7.6206E-05   4.7273E-05 / 7.6041E-05   
2330   1.000E-03   4.6893E-05   7.3060E-05   4.6766E-05 / 7.2922E-05   
2340   1.000E-03   4.5897E-05   7.8054E-05   4.5630E-05 / 7.7782E-05   
2350   1.000E-03   4.6740E-05   7.5203E-05   4.6603E-05 / 7.5053E-05   
2360   1.000E-03   4.4591E-05   7.2976E-05   4.4505E-05 / 7.2873E-05   
2370   1.000E-03   4.4940E-05   7.6144E-05   4.4735E-05 / 7.5931E-05   
2380   1.000E-03   5.0274E-05   7.7954E-05   5.0189E-05 / 7.7857E-05   
2390   1.000E-03   4.4726E-05   7.0521E-05   4.4537E-05 / 7.0323E-05   
2400   1.000E-03   4.6122E-05   7.5595E-05   4.6034E-05 / 7.5496E-05   
2410   1.000E-03   4.4096E-05   7.5698E-05   4.4050E-05 / 7.5642E-05   
2420   1.000E-03   4.3364E-05   6.9639E-05   4.3242E-05 / 6.9508E-05   
2430   1.000E-03   4.3285E-05   6.9889E-05   4.3195E-05 / 6.9787E-05   
2440   1.000E-03   4.5418E-05   6.7948E-05   4.5109E-05 / 6.7649E-05   
2450   1.000E-03   4.2345E-05   7.1503E-05   4.2190E-05 / 7.1343E-05   
2460   1.000E-03   4.2568E-05   6.7337E-05   4.2484E-05 / 6.7245E-05   
2470   1.000E-03   4.6943E-05   7.3106E-05   4.6814E-05 / 7.2971E-05   
2480   1.000E-03   4.2316E-05   7.0636E-05   4.2236E-05 / 7.0546E-05   
2490   1.000E-03   4.3121E-05   7.3210E-05   4.2954E-05 / 7.3036E-05   
2500   1.000E-03   4.1469E-05   6.9505E-05   4.1304E-05 / 6.9342E-05   
2510   1.000E-03   4.1511E-05   6.8587E-05   4.1426E-05 / 6.8500E-05   
2520   1.000E-03   4.3134E-05   6.9764E-05   4.3077E-05 / 6.9709E-05   
2530   1.000E-03   5.1151E-05   7.6955E-05   5.0989E-05 / 7.6810E-05   
2540   1.000E-03   4.0324E-05   6.6402E-05   4.0263E-05 / 6.6350E-05   
2550   1.000E-03   4.1711E-05   6.9991E-05   4.1585E-05 / 6.9885E-05   
2560   1.000E-03   4.1905E-05   7.0445E-05   4.1712E-05 / 7.0284E-05   
2570   1.000E-03   4.4618E-05   8.0184E-05   4.4475E-05 / 8.0067E-05   
2580   1.000E-03   3.9436E-05   6.4236E-05   3.9342E-05 / 6.4164E-05   
2590   1.000E-03   3.9224E-05   6.3865E-05   3.9119E-05 / 6.3781E-05   
2600   1.000E-03   4.1300E-05   6.8116E-05   4.1227E-05 / 6.8062E-05   
2610   1.000E-03   4.1619E-05   6.7786E-05   4.1372E-05 / 6.7584E-05   
2620   1.000E-03   3.8714E-05   6.3740E-05   3.8615E-05 / 6.3673E-05   
2630   1.000E-03   3.9958E-05   6.9489E-05   3.9772E-05 / 6.9343E-05   
2640   1.000E-03   3.8839E-05   6.3011E-05   3.8726E-05 / 6.2929E-05   
2650   1.000E-03   3.8206E-05   6.6199E-05   3.8120E-05 / 6.6145E-05   
2660   1.000E-03   3.9344E-05   6.4822E-05   3.9238E-05 / 6.4752E-05   
2670   1.000E-03   3.8458E-05   6.6167E-05   3.8300E-05 / 6.6047E-05   
2680   1.000E-03   3.8914E-05   6.2111E-05   3.8786E-05 / 6.2020E-05   
2690   1.000E-03   3.9976E-05   6.8089E-05   3.9819E-05 / 6.7970E-05   
2700   1.000E-03   3.7193E-05   6.2427E-05   3.7118E-05 / 6.2387E-05   
2710   1.000E-03   3.7609E-05   6.6780E-05   3.7464E-05 / 6.6674E-05   
2720   1.000E-03   3.7524E-05   6.0547E-05   3.7414E-05 / 6.0478E-05   
2730   1.000E-03   3.6797E-05   6.3169E-05   3.6621E-05 / 6.3033E-05   
2740   1.000E-03   3.6853E-05   6.3644E-05   3.6799E-05 / 6.3620E-05   
2750   1.000E-03   3.7248E-05   5.8849E-05   3.7053E-05 / 5.8694E-05   
2760   1.000E-03   3.6663E-05   6.5174E-05   3.6463E-05 / 6.5016E-05   
2770   1.000E-03   3.6001E-05   6.1630E-05   3.5954E-05 / 6.1615E-05   
2780   1.000E-03   3.6618E-05   6.3819E-05   3.6485E-05 / 6.3727E-05   
2790   1.000E-03   3.5624E-05   5.9413E-05   3.5454E-05 / 5.9286E-05   
2800   1.000E-03   3.7163E-05   6.2112E-05   3.7058E-05 / 6.2047E-05   
2810   1.000E-03   3.5730E-05   6.1705E-05   3.5587E-05 / 6.1604E-05   
2820   1.000E-03   3.5909E-05   5.7578E-05   3.5834E-05 / 5.7540E-05   
2830   1.000E-03   3.5068E-05   5.8931E-05   3.4984E-05 / 5.8884E-05   
2840   1.000E-03   3.5116E-05   5.9172E-05   3.5004E-05 / 5.9100E-05   
2850   1.000E-03   3.4650E-05   6.1238E-05   3.4497E-05 / 6.1130E-05   
2860   1.000E-03   3.4689E-05   6.0983E-05   3.4606E-05 / 6.0937E-05   
2870   1.000E-03   3.4562E-05   5.6245E-05   3.4455E-05 / 5.6179E-05   
2880   1.000E-03   3.4086E-05   5.6209E-05   3.4003E-05 / 5.6164E-05   
2890   1.000E-03   3.5004E-05   6.2325E-05   3.4923E-05 / 6.2280E-05   
2900   1.000E-03   3.6039E-05   5.9800E-05   3.5966E-05 / 5.9763E-05   
2910   1.000E-03   3.4416E-05   5.8720E-05   3.4278E-05 / 5.8629E-05   
2920   1.000E-03   3.2846E-05   5.6887E-05   3.2757E-05 / 5.6836E-05   
2930   1.000E-03   3.3747E-05   5.6228E-05   3.3622E-05 / 5.6150E-05   
2940   1.000E-03   3.5224E-05   5.6668E-05   3.5112E-05 / 5.6601E-05   
2950   1.000E-03   3.8114E-05   6.2439E-05   3.7989E-05 / 6.2360E-05   
2960   1.000E-03   3.2585E-05   5.6837E-05   3.2411E-05 / 5.6719E-05   
2970   1.000E-03   3.5553E-05   5.9445E-05   3.5443E-05 / 5.9377E-05   
2980   1.000E-03   3.2831E-05   5.7167E-05   3.2689E-05 / 5.7078E-05   
2990   1.000E-03   3.4457E-05   5.5690E-05   3.4320E-05 / 5.5605E-05   
3000   1.000E-03   3.4052E-05   5.7624E-05   3.3963E-05 / 5.7576E-05   
3010   1.000E-03   3.2680E-05   5.5804E-05   3.2565E-05 / 5.5735E-05   
3020   1.000E-03   3.2343E-05   5.5877E-05   3.2240E-05 / 5.5820E-05   
3030   1.000E-03   3.1492E-05   5.3990E-05   3.1339E-05 / 5.3896E-05   
3040   1.000E-03   3.2002E-05   5.4645E-05   3.1918E-05 / 5.4601E-05   
3050   1.000E-03   3.1299E-05   5.5304E-05   3.1208E-05 / 5.5255E-05   
3060   1.000E-03   3.2460E-05   5.7721E-05   3.2300E-05 / 5.7622E-05   
3070   1.000E-03   3.1203E-05   5.3193E-05   3.1090E-05 / 5.3131E-05   
3080   1.000E-03   3.1075E-05   5.6026E-05   3.1005E-05 / 5.5990E-05   
3090   1.000E-03   3.1599E-05   5.7971E-05   3.1474E-05 / 5.7902E-05   
3100   1.000E-03   3.4475E-05   5.8482E-05   3.4355E-05 / 5.8417E-05   
3110   1.000E-03   3.3354E-05   5.5397E-05   3.3294E-05 / 5.5368E-05   
3120   1.000E-03   3.3185E-05   5.6682E-05   3.3074E-05 / 5.6626E-05   
3130   1.000E-03   3.0757E-05   5.0057E-05   3.0565E-05 / 4.9946E-05   
3140   1.000E-03   3.0320E-05   5.2196E-05   3.0164E-05 / 5.2111E-05   
3150   1.000E-03   3.0335E-05   5.4623E-05   3.0266E-05 / 5.4591E-05   
3160   1.000E-03   3.0597E-05   5.2726E-05   3.0468E-05 / 5.2660E-05   
3170   1.000E-03   3.0678E-05   5.2343E-05   3.0534E-05 / 5.2268E-05   
3180   1.000E-03   2.9456E-05   5.3461E-05   2.9314E-05 / 5.3386E-05   
3190   1.000E-03   3.1165E-05   5.2227E-05   3.1012E-05 / 5.2144E-05   
3200   1.000E-03   3.0433E-05   5.2093E-05   3.0379E-05 / 5.2074E-05   
3210   1.000E-03   3.1818E-05   5.1156E-05   3.1722E-05 / 5.1114E-05   
3220   1.000E-03   2.9203E-05   5.0268E-05   2.9065E-05 / 5.0200E-05   
3230   1.000E-03   3.1514E-05   5.3060E-05   3.1302E-05 / 5.2944E-05   
3240   1.000E-03   2.9202E-05   5.1176E-05   2.9039E-05 / 5.1095E-05   
3250   1.000E-03   2.9882E-05   5.2612E-05   2.9694E-05 / 5.2515E-05   
3260   1.000E-03   3.1047E-05   5.6521E-05   3.0888E-05 / 5.6445E-05   
3270   1.000E-03   2.8695E-05   4.9484E-05   2.8539E-05 / 4.9410E-05   
3280   1.000E-03   2.8463E-05   5.2036E-05   2.8315E-05 / 5.1969E-05   
3290   1.000E-03   3.3234E-05   5.7774E-05   3.3029E-05 / 5.7671E-05   
3300   1.000E-03   2.7622E-05   4.8869E-05   2.7522E-05 / 4.8833E-05   
3310   1.000E-03   2.7648E-05   4.9745E-05   2.7426E-05 / 4.9632E-05   
3320   1.000E-03   2.8866E-05   5.2479E-05   2.8711E-05 / 5.2411E-05   
3330   1.000E-03   2.8243E-05   4.9913E-05   2.8158E-05 / 4.9887E-05   
3340   1.000E-03   3.0832E-05   5.5358E-05   3.0670E-05 / 5.5286E-05   
3350   1.000E-03   2.7526E-05   4.8336E-05   2.7262E-05 / 4.8195E-05   
3360   1.000E-03   3.0451E-05   5.2170E-05   3.0314E-05 / 5.2117E-05   
3370   1.000E-03   2.8391E-05   5.1046E-05   2.8219E-05 / 5.0970E-05   
3380   1.000E-03   3.1438E-05   5.3677E-05   3.1190E-05 / 5.3547E-05   
3390   1.000E-03   2.8506E-05   4.8244E-05   2.8434E-05 / 4.8228E-05   
3400   1.000E-03   2.7679E-05   5.0269E-05   2.7520E-05 / 5.0205E-05   
3410   1.000E-03   2.7829E-05   4.8222E-05   2.7657E-05 / 4.8146E-05   
3420   1.000E-03   2.6988E-05   4.7259E-05   2.6910E-05 / 4.7243E-05   
3430   1.000E-03   2.8865E-05   4.9375E-05   2.8695E-05 / 4.9300E-05   
3440   1.000E-03   2.7653E-05   4.9599E-05   2.7530E-05 / 4.9557E-05   
3450   1.000E-03   2.6438E-05   4.8118E-05   2.6333E-05 / 4.8089E-05   
3460   1.000E-03   2.6770E-05   4.7073E-05   2.6567E-05 / 4.6974E-05   
3470   1.000E-03   2.6589E-05   4.8764E-05   2.6505E-05 / 4.8744E-05   
3480   1.000E-03   2.5911E-05   4.8892E-05   2.5762E-05 / 4.8831E-05   
3490   1.000E-03   2.6242E-05   4.6416E-05   2.6035E-05 / 4.6313E-05   
3500   1.000E-03   2.6596E-05   4.6758E-05   2.6497E-05 / 4.6730E-05   
3510   1.000E-03   2.5848E-05   4.7186E-05   2.5718E-05 / 4.7137E-05   
3520   1.000E-03   2.5906E-05   4.6746E-05   2.5763E-05 / 4.6686E-05   
3530   1.000E-03   2.7969E-05   4.7885E-05   2.7885E-05 / 4.7867E-05   
3540   1.000E-03   2.6195E-05   4.6742E-05   2.6092E-05 / 4.6710E-05   
3550   1.000E-03   2.5510E-05   4.6326E-05   2.5292E-05 / 4.6209E-05   
3560   1.000E-03   2.5626E-05   4.8533E-05   2.5471E-05 / 4.8465E-05   
3570   1.000E-03   2.6700E-05   4.7457E-05   2.6563E-05 / 4.7401E-05   
3580   1.000E-03   2.8117E-05   5.1518E-05   2.8009E-05 / 5.1483E-05   
3590   1.000E-03   2.5023E-05   4.7376E-05   2.4835E-05 / 4.7284E-05   
3600   1.000E-03   2.5347E-05   4.4636E-05   2.5181E-05 / 4.4558E-05   
3610   1.000E-03   2.5154E-05   4.6551E-05   2.5002E-05 / 4.6483E-05   
3620   1.000E-03   2.6988E-05   5.0115E-05   2.6759E-05 / 4.9992E-05   
3630   1.000E-03   2.4987E-05   4.8258E-05   2.4792E-05 / 4.8157E-05   
3640   1.000E-03   2.5312E-05   4.5909E-05   2.5116E-05 / 4.5808E-05   
3650   1.000E-03   2.5751E-05   4.2549E-05   2.5605E-05 / 4.2485E-05   
3660   1.000E-03   2.5994E-05   4.3524E-05   2.5847E-05 / 4.3460E-05   
3670   1.000E-03   2.5992E-05   4.8605E-05   2.5779E-05 / 4.8492E-05   
3680   1.000E-03   2.5042E-05   4.5799E-05   2.4847E-05 / 4.5696E-05   
3690   1.000E-03   2.4794E-05   4.9667E-05   2.4554E-05 / 4.9531E-05   
3700   1.000E-03   2.6372E-05   5.0232E-05   2.6217E-05 / 5.0159E-05   
3710   1.000E-03   2.8859E-05   4.7542E-05   2.8683E-05 / 4.7453E-05   
3720   1.000E-03   2.5001E-05   4.3439E-05   2.4803E-05 / 4.3334E-05   
3730   1.000E-03   2.6425E-05   4.6838E-05   2.6185E-05 / 4.6706E-05   
3740   1.000E-03   2.3862E-05   4.2968E-05   2.3734E-05 / 4.2914E-05   
3750   1.000E-03   2.3876E-05   4.4446E-05   2.3697E-05 / 4.4357E-05   
3760   1.000E-03   2.3587E-05   4.2939E-05   2.3391E-05 / 4.2836E-05   
3770   1.000E-03   2.3812E-05   4.4193E-05   2.3556E-05 / 4.4045E-05   
3780   1.000E-03   3.1503E-05   4.0954E-05   3.1331E-05 / 4.0867E-05   
3790   1.000E-03   2.4009E-05   4.3427E-05   2.3812E-05 / 4.3323E-05   
3800   1.000E-03   2.4735E-05   4.2474E-05   2.4546E-05 / 4.2377E-05   
3810   1.000E-03   2.3589E-05   4.5766E-05   2.3452E-05 / 4.5706E-05   
3820   1.000E-03   2.4890E-05   4.6651E-05   2.4651E-05 / 4.6518E-05   
3830   1.000E-03   2.4772E-05   4.6052E-05   2.4600E-05 / 4.5973E-05   
3840   1.000E-03   2.3499E-05   4.5509E-05   2.3391E-05 / 4.5470E-05   
3850   1.000E-03   2.3016E-05   4.3256E-05   2.2763E-05 / 4.3108E-05   
3860   1.000E-03   2.3338E-05   4.3467E-05   2.3055E-05 / 4.3302E-05   
3870   1.000E-03   2.4945E-05   4.5658E-05   2.4856E-05 / 4.5626E-05   
3880   1.000E-03   2.3240E-05   4.3735E-05   2.3073E-05 / 4.3651E-05   
3890   1.000E-03   2.5150E-05   4.1150E-05   2.4987E-05 / 4.1076E-05   
3900   1.000E-03   2.3487E-05   4.3788E-05   2.3322E-05 / 4.3713E-05   
3910   1.000E-03   2.3761E-05   4.5433E-05   2.3469E-05 / 4.5265E-05   
3920   1.000E-03   2.3308E-05   4.4597E-05   2.3144E-05 / 4.4517E-05   
3930   1.000E-03   2.4075E-05   4.1800E-05   2.3934E-05 / 4.1742E-05   
3940   1.000E-03   2.2229E-05   4.1290E-05   2.2052E-05 / 4.1208E-05   
3950   1.000E-03   2.3194E-05   4.1959E-05   2.3099E-05 / 4.1928E-05   
3960   1.000E-03   2.3257E-05   4.2888E-05   2.3068E-05 / 4.2796E-05   
3970   1.000E-03   2.2361E-05   4.2052E-05   2.2096E-05 / 4.1907E-05   
3980   1.000E-03   2.2763E-05   4.1804E-05   2.2549E-05 / 4.1701E-05   
3990   1.000E-03   2.2186E-05   4.0699E-05   2.2010E-05 / 4.0620E-05   
4000   1.000E-03   2.7449E-05   5.0827E-05   2.7252E-05 / 5.0735E-05   
4010   1.000E-03   2.2806E-05   4.1999E-05   2.2583E-05 / 4.1884E-05   
4020   1.000E-03   2.2549E-05   4.0672E-05   2.2353E-05 / 4.0574E-05   
4030   1.000E-03   2.2161E-05   4.0672E-05   2.1947E-05 / 4.0564E-05   
4040   1.000E-03   2.3338E-05   4.3030E-05   2.3041E-05 / 4.2865E-05   
4050   1.000E-03   2.9915E-05   4.6816E-05   2.9698E-05 / 4.6709E-05   
4060   1.000E-03   2.2680E-05   3.9078E-05   2.2490E-05 / 3.8993E-05   
4070   1.000E-03   2.2390E-05   3.9017E-05   2.2212E-05 / 3.8940E-05   
4080   1.000E-03   3.3626E-05   4.8934E-05   3.3463E-05 / 4.8863E-05   
4090   1.000E-03   2.9673E-05   5.1781E-05   2.9442E-05 / 5.1672E-05   
4100   1.000E-03   2.1745E-05   4.0417E-05   2.1464E-05 / 4.0274E-05   
4110   1.000E-03   2.1840E-05   4.0298E-05   2.1542E-05 / 4.0145E-05   
4120   1.000E-03   2.1204E-05   3.9922E-05   2.0927E-05 / 3.9784E-05   
4130   1.000E-03   2.1718E-05   4.1261E-05   2.1491E-05 / 4.1151E-05   
4140   1.000E-03   2.2399E-05   4.1792E-05   2.2236E-05 / 4.1723E-05   
4150   1.000E-03   2.2573E-05   4.3084E-05   2.2427E-05 / 4.3030E-05   
4160   1.000E-03   2.4016E-05   4.6430E-05   2.3804E-05 / 4.6331E-05   
4170   1.000E-03   2.1594E-05   3.9096E-05   2.1411E-05 / 3.9019E-05   
4180   1.000E-03   2.1025E-05   3.7937E-05   2.0761E-05 / 3.7812E-05   
4190   1.000E-03   2.2090E-05   3.9244E-05   2.1957E-05 / 3.9193E-05   
4200   1.000E-03   2.2615E-05   4.2497E-05   2.2380E-05 / 4.2387E-05   
4210   1.000E-03   2.1825E-05   4.0399E-05   2.1618E-05 / 4.0312E-05   
4220   1.000E-03   2.2036E-05   4.0521E-05   2.1784E-05 / 4.0406E-05   
4230   1.000E-03   2.1224E-05   4.1730E-05   2.0990E-05 / 4.1623E-05   
4240   1.000E-03   2.1824E-05   4.1163E-05   2.1535E-05 / 4.1025E-05   
4250   1.000E-03   2.1081E-05   3.9890E-05   2.0888E-05 / 3.9814E-05   
4260   1.000E-03   2.2712E-05   4.2561E-05   2.2543E-05 / 4.2498E-05   
4270   1.000E-03   2.1908E-05   4.0226E-05   2.1697E-05 / 4.0140E-05   
4280   1.000E-03   2.1535E-05   3.6784E-05   2.1273E-05 / 3.6669E-05   
4290   1.000E-03   2.1849E-05   4.2610E-05   2.1553E-05 / 4.2472E-05   
4300   1.000E-03   2.1356E-05   3.9019E-05   2.1162E-05 / 3.8942E-05   
4310   1.000E-03   2.0533E-05   3.9659E-05   2.0170E-05 / 3.9481E-05   
4320   1.000E-03   2.3243E-05   4.0298E-05   2.3031E-05 / 4.0215E-05   
4330   1.000E-03   2.1069E-05   4.1656E-05   2.0814E-05 / 4.1545E-05   
4340   1.000E-03   2.0610E-05   3.8579E-05   2.0386E-05 / 3.8491E-05   
4350   1.000E-03   2.0914E-05   4.1090E-05   2.0669E-05 / 4.0982E-05   
4360   1.000E-03   2.0832E-05   4.0688E-05   2.0574E-05 / 4.0577E-05   
4370   1.000E-03   2.3324E-05   4.0024E-05   2.3211E-05 / 3.9995E-05   
4380   1.000E-03   2.0814E-05   4.0142E-05   2.0506E-05 / 4.0003E-05   
4390   1.000E-03   2.1245E-05   4.2163E-05   2.1000E-05 / 4.2064E-05   
4400   1.000E-03   2.0943E-05   4.1431E-05   2.0766E-05 / 4.1368E-05   
4410   1.000E-03   2.1164E-05   4.0105E-05   2.0888E-05 / 3.9987E-05   
4420   1.000E-03   2.0999E-05   4.0037E-05   2.0477E-05 / 3.9760E-05   
4430   1.000E-03   2.0757E-05   4.0011E-05   2.0543E-05 / 3.9926E-05   
4440   1.000E-03   2.1394E-05   3.9788E-05   2.1187E-05 / 3.9710E-05   
4450   1.000E-03   2.0953E-05   4.1963E-05   2.0719E-05 / 4.1873E-05   
4460   1.000E-03   2.0191E-05   3.6516E-05   1.9968E-05 / 3.6433E-05   
4470   1.000E-03   2.1389E-05   3.9350E-05   2.0924E-05 / 3.9116E-05   
4480   1.000E-03   2.0533E-05   3.8035E-05   2.0234E-05 / 3.7915E-05   
4490   1.000E-03   3.0633E-05   4.5320E-05   3.0407E-05 / 4.5239E-05   
4500   1.000E-03   1.9962E-05   3.7837E-05   1.9560E-05 / 3.7654E-05   
4510   1.000E-03   2.0337E-05   3.6458E-05   2.0143E-05 / 3.6391E-05   
4520   1.000E-03   1.9838E-05   3.8620E-05   1.9569E-05 / 3.8518E-05   
4530   1.000E-03   2.0828E-05   3.5185E-05   2.0507E-05 / 3.5051E-05   
4540   1.000E-03   2.0354E-05   4.0633E-05   2.0231E-05 / 4.0603E-05   
4550   1.000E-03   1.9777E-05   3.5825E-05   1.9572E-05 / 3.5755E-05   
4560   1.000E-03   2.0839E-05   3.7292E-05   2.0544E-05 / 3.7176E-05   
4570   1.000E-03   2.8993E-05   4.4460E-05   2.8772E-05 / 4.4382E-05   
4580   1.000E-03   1.9464E-05   3.8223E-05   1.9134E-05 / 3.8088E-05   
4590   1.000E-03   2.0169E-05   3.8615E-05   1.9871E-05 / 3.8494E-05   
4600   1.000E-03   2.0279E-05   3.9958E-05   1.9957E-05 / 3.9831E-05   
4610   1.000E-03   2.0090E-05   3.5183E-05   1.9841E-05 / 3.5092E-05   
4620   1.000E-03   2.0074E-05   3.7261E-05   1.9834E-05 / 3.7177E-05   
4630   1.000E-03   1.9549E-05   3.6998E-05   1.9297E-05 / 3.6905E-05   
4640   1.000E-03   1.9779E-05   3.5098E-05   1.9488E-05 / 3.4987E-05   
4650   1.000E-03   1.9068E-05   3.7318E-05   1.8809E-05 / 3.7226E-05   
4660   1.000E-03   1.9894E-05   3.6640E-05   1.9666E-05 / 3.6563E-05   
4670   1.000E-03   2.0991E-05   3.7789E-05   2.0811E-05 / 3.7734E-05   
4680   1.000E-03   2.1675E-05   4.3095E-05   2.1377E-05 / 4.2980E-05   
4690   1.000E-03   1.9642E-05   3.7712E-05   1.9368E-05 / 3.7608E-05   
4700   1.000E-03   1.9096E-05   3.4052E-05   1.8914E-05 / 3.4001E-05   
4710   1.000E-03   1.9645E-05   3.6063E-05   1.9308E-05 / 3.5924E-05   
4720   1.000E-03   1.9212E-05   3.7341E-05   1.8904E-05 / 3.7218E-05   
4730   1.000E-03   1.9200E-05   3.8532E-05   1.8933E-05 / 3.8435E-05   
4740   1.000E-03   2.0138E-05   3.7017E-05   1.9758E-05 / 3.6853E-05   
4750   1.000E-03   1.8864E-05   3.5675E-05   1.8467E-05 / 3.5499E-05   
4760   1.000E-03   1.8547E-05   3.4430E-05   1.8180E-05 / 3.4275E-05   
4770   1.000E-03   1.9249E-05   3.5952E-05   1.9114E-05 / 3.5924E-05   
4780   1.000E-03   1.9880E-05   3.6881E-05   1.9446E-05 / 3.6681E-05   
4790   1.000E-03   1.9140E-05   3.5894E-05   1.8891E-05 / 3.5807E-05   
4800   1.000E-03   1.9290E-05   3.6257E-05   1.8980E-05 / 3.6139E-05   
4810   1.000E-03   1.9262E-05   3.7402E-05   1.8912E-05 / 3.7259E-05   
4820   1.000E-03   2.0246E-05   3.9084E-05   2.0095E-05 / 3.9049E-05   
4830   1.000E-03   1.9115E-05   3.5088E-05   1.8886E-05 / 3.5010E-05   
4840   1.000E-03   2.3305E-05   4.4958E-05   2.3125E-05 / 4.4912E-05   
4850   1.000E-03   1.8311E-05   3.4097E-05   1.7968E-05 / 3.3960E-05   
4860   1.000E-03   1.8193E-05   3.6850E-05   1.7956E-05 / 3.6772E-05   
4870   1.000E-03   1.9270E-05   3.6286E-05   1.9109E-05 / 3.6250E-05   
4880   1.000E-03   2.2296E-05   4.3271E-05   2.1958E-05 / 4.3129E-05   
4890   1.000E-03   1.9892E-05   3.6667E-05   1.9589E-05 / 3.6548E-05   
4900   1.000E-03   1.8160E-05   3.6053E-05   1.7895E-05 / 3.5959E-05   
4910   1.000E-03   2.1768E-05   4.1735E-05   2.1453E-05 / 4.1613E-05   
4920   1.000E-03   1.8955E-05   3.2351E-05   1.8690E-05 / 3.2259E-05   
4930   1.000E-03   1.8114E-05   3.4983E-05   1.7784E-05 / 3.4845E-05   
4940   1.000E-03   1.8509E-05   3.6758E-05   1.8251E-05 / 3.6665E-05   
4950   1.000E-03   1.8482E-05   3.3456E-05   1.8108E-05 / 3.3297E-05   
4960   1.000E-03   2.0068E-05   3.7254E-05   1.9824E-05 / 3.7172E-05   
4970   1.000E-03   1.9187E-05   3.8220E-05   1.8830E-05 / 3.8066E-05   
4980   1.000E-03   1.8373E-05   3.3637E-05   1.8178E-05 / 3.3580E-05   
4990   1.000E-03   1.8336E-05   3.5287E-05   1.7942E-05 / 3.5109E-05   
5000   1.000E-03   1.8546E-05   3.5495E-05   1.8356E-05 / 3.5446E-05   
5010   1.000E-03   2.2244E-05   3.9809E-05   2.2010E-05 / 3.9731E-05   
5020   1.000E-03   1.7581E-05   3.4055E-05   1.7360E-05 / 3.3987E-05   
5030   1.000E-03   1.8398E-05   3.5787E-05   1.8055E-05 / 3.5640E-05   
5040   1.000E-03   1.7834E-05   3.5352E-05   1.7552E-05 / 3.5250E-05   
5050   1.000E-03   1.7669E-05   3.4312E-05   1.7391E-05 / 3.4207E-05   
5060   1.000E-03   1.8247E-05   3.3505E-05   1.8004E-05 / 3.3422E-05   
5070   1.000E-03   1.8761E-05   3.7043E-05   1.8644E-05 / 3.7028E-05   
5080   1.000E-03   1.9387E-05   3.7752E-05   1.9028E-05 / 3.7598E-05   
5090   1.000E-03   1.7981E-05   3.6643E-05   1.7569E-05 / 3.6460E-05   
5100   1.000E-03   1.7777E-05   3.2496E-05   1.7490E-05 / 3.2385E-05   
5110   1.000E-03   2.1225E-05   3.8698E-05   2.0955E-05 / 3.8598E-05   
5120   1.000E-03   1.8070E-05   3.5575E-05   1.7705E-05 / 3.5417E-05   
5130   1.000E-03   1.7535E-05   3.3871E-05   1.7224E-05 / 3.3750E-05   
5140   1.000E-03   1.7966E-05   3.5111E-05   1.7780E-05 / 3.5060E-05   
5150   1.000E-03   1.7349E-05   3.3939E-05   1.7072E-05 / 3.3834E-05   
5160   1.000E-03   1.7515E-05   3.4270E-05   1.7352E-05 / 3.4233E-05   
5170   1.000E-03   2.0140E-05   3.1902E-05   1.9779E-05 / 3.1746E-05   
5180   1.000E-03   1.8070E-05   3.4239E-05   1.7746E-05 / 3.4109E-05   
5190   1.000E-03   1.7102E-05   3.3500E-05   1.6917E-05 / 3.3453E-05   
5200   1.000E-03   1.7442E-05   3.3232E-05   1.7169E-05 / 3.3132E-05   
5210   1.000E-03   1.8140E-05   3.2628E-05   1.7795E-05 / 3.2484E-05   
5220   1.000E-03   1.7343E-05   3.5351E-05   1.6955E-05 / 3.5177E-05   
5230   1.000E-03   1.8501E-05   3.3692E-05   1.8272E-05 / 3.3617E-05   
5240   1.000E-03   1.7466E-05   3.3964E-05   1.7177E-05 / 3.3852E-05   
5250   1.000E-03   1.6981E-05   3.3655E-05   1.6712E-05 / 3.3557E-05   
5260   1.000E-03   1.6870E-05   3.3039E-05   1.6605E-05 / 3.2941E-05   
5270   1.000E-03   1.8270E-05   3.5705E-05   1.7947E-05 / 3.5574E-05   
5280   1.000E-03   1.7680E-05   3.2218E-05   1.7428E-05 / 3.2130E-05   
5290   1.000E-03   1.8206E-05   3.6257E-05   1.7949E-05 / 3.6166E-05   
5300   1.000E-03   1.8543E-05   3.6381E-05   1.8415E-05 / 3.6361E-05   
5310   1.000E-03   1.7374E-05   3.3081E-05   1.7174E-05 / 3.3026E-05   
5320   1.000E-03   1.6775E-05   3.2566E-05   1.6411E-05 / 3.2407E-05   
5330   1.000E-03   1.7127E-05   3.3255E-05   1.6890E-05 / 3.3175E-05   
5340   1.000E-03   1.9612E-05   3.2306E-05   1.9286E-05 / 3.2171E-05   
5350   1.000E-03   1.7785E-05   3.4641E-05   1.7548E-05 / 3.4560E-05   
5360   1.000E-03   1.6664E-05   3.2187E-05   1.6398E-05 / 3.2090E-05   
5370   1.000E-03   1.7108E-05   3.0567E-05   1.6794E-05 / 3.0439E-05   
5380   1.000E-03   1.6686E-05   3.3190E-05   1.6307E-05 / 3.3023E-05   
5390   1.000E-03   1.6626E-05   3.2022E-05   1.6418E-05 / 3.1959E-05   
5400   1.000E-03   1.7471E-05   3.2383E-05   1.7108E-05 / 3.2227E-05   
5410   1.000E-03   1.6980E-05   3.2637E-05   1.6657E-05 / 3.2504E-05   
5420   1.000E-03   1.8092E-05   3.5447E-05   1.7870E-05 / 3.5378E-05   
5430   1.000E-03   1.8696E-05   3.2544E-05   1.8433E-05 / 3.2449E-05   
5440   1.000E-03   1.6716E-05   3.2283E-05   1.6419E-05 / 3.2167E-05   
5450   1.000E-03   2.0771E-05   3.8030E-05   2.0455E-05 / 3.7902E-05   
5460   1.000E-03   1.6448E-05   3.3007E-05   1.6011E-05 / 3.2802E-05   
5470   1.000E-03   1.6655E-05   3.1924E-05   1.6355E-05 / 3.1805E-05   
5480   1.000E-03   1.6762E-05   3.4131E-05   1.6410E-05 / 3.3981E-05   
5490   1.000E-03   1.6658E-05   3.2915E-05   1.6359E-05 / 3.2798E-05   
5500   1.000E-03   1.6498E-05   3.2871E-05   1.6214E-05 / 3.2763E-05   
5510   1.000E-03   1.6728E-05   3.1791E-05   1.6371E-05 / 3.1638E-05   
5520   1.000E-03   2.1053E-05   3.4587E-05   2.0709E-05 / 3.4442E-05   
5530   1.000E-03   1.6509E-05   3.3329E-05   1.6011E-05 / 3.3084E-05   
5540   1.000E-03   1.6207E-05   3.1957E-05   1.5812E-05 / 3.1780E-05   
5550   1.000E-03   1.6238E-05   3.1485E-05   1.6078E-05 / 3.1450E-05   
5560   1.000E-03   1.7447E-05   3.5049E-05   1.7154E-05 / 3.4937E-05   
5570   1.000E-03   1.8153E-05   3.3653E-05   1.7888E-05 / 3.3558E-05   
5580   1.000E-03   1.5955E-05   3.2531E-05   1.5664E-05 / 3.2420E-05   
5590   1.000E-03   1.6328E-05   3.3779E-05   1.5993E-05 / 3.3640E-05   
5600   1.000E-03   1.6563E-05   3.3761E-05   1.6167E-05 / 3.3586E-05   
5610   1.000E-03   1.6146E-05   3.1701E-05   1.5891E-05 / 3.1613E-05   
5620   1.000E-03   1.6068E-05   3.3931E-05   1.5725E-05 / 3.3789E-05   
5630   1.000E-03   1.6088E-05   3.1788E-05   1.5654E-05 / 3.1587E-05   
5640   1.000E-03   1.6925E-05   3.1589E-05   1.6611E-05 / 3.1464E-05   
5650   1.000E-03   1.6598E-05   3.4036E-05   1.6219E-05 / 3.3872E-05   
5660   1.000E-03   1.9023E-05   3.6211E-05   1.8701E-05 / 3.6081E-05   
5670   1.000E-03   1.5870E-05   3.0290E-05   1.5480E-05 / 3.0119E-05   
5680   1.000E-03   1.6966E-05   3.4808E-05   1.6583E-05 / 3.4639E-05   
5690   1.000E-03   1.6077E-05   3.1020E-05   1.5821E-05 / 3.0932E-05   
5700   1.000E-03   1.7052E-05   3.0518E-05   1.6831E-05 / 3.0452E-05   
5710   1.000E-03   2.4351E-05   3.8705E-05   2.4121E-05 / 3.8634E-05   
5720   1.000E-03   1.6276E-05   3.1460E-05   1.6012E-05 / 3.1368E-05   
5730   1.000E-03   1.6656E-05   3.0968E-05   1.6339E-05 / 3.0844E-05   
5740   1.000E-03   1.8108E-05   3.2336E-05   1.7797E-05 / 3.2216E-05   
5750   1.000E-03   1.6143E-05   3.2769E-05   1.5767E-05 / 3.2608E-05   
5760   1.000E-03   1.5674E-05   3.1502E-05   1.5359E-05 / 3.1380E-05   
5770   1.000E-03   1.5603E-05   3.0488E-05   1.5289E-05 / 3.0366E-05   
5780   1.000E-03   1.7444E-05   3.4255E-05   1.7210E-05 / 3.4183E-05   
5790   1.000E-03   1.5992E-05   3.2273E-05   1.5784E-05 / 3.2215E-05   
5800   1.000E-03   1.6204E-05   3.2447E-05   1.5902E-05 / 3.2332E-05   
5810   1.000E-03   1.7010E-05   3.2138E-05   1.6717E-05 / 3.2030E-05   
5820   1.000E-03   1.6066E-05   3.1163E-05   1.5884E-05 / 3.1114E-05   
5830   1.000E-03   1.5443E-05   3.1012E-05   1.5188E-05 / 3.0928E-05   
5840   1.000E-03   1.5560E-05   3.0597E-05   1.5191E-05 / 3.0444E-05   
5850   1.000E-03   1.5955E-05   3.2335E-05   1.5565E-05 / 3.2169E-05   
5860   1.000E-03   1.5752E-05   2.9282E-05   1.5445E-05 / 2.9166E-05   
5870   1.000E-03   1.8207E-05   3.3143E-05   1.7955E-05 / 3.3062E-05   
5880   1.000E-03   2.0823E-05   3.6530E-05   2.0562E-05 / 3.6443E-05   
5890   1.000E-03   1.5592E-05   2.8878E-05   1.5409E-05 / 2.8836E-05   
5900   1.000E-03   1.5493E-05   3.0141E-05   1.5086E-05 / 2.9964E-05   
5910   1.000E-03   1.5384E-05   3.0251E-05   1.4999E-05 / 3.0088E-05   
5920   1.000E-03   1.5250E-05   3.0736E-05   1.4991E-05 / 3.0650E-05   
5930   1.000E-03   1.6569E-05   3.1740E-05   1.6257E-05 / 3.1622E-05   
5940   1.000E-03   1.5861E-05   3.1067E-05   1.5516E-05 / 3.0929E-05   
5950   1.000E-03   1.5367E-05   3.0931E-05   1.4958E-05 / 3.0753E-05   
5960   1.000E-03   1.5121E-05   2.9843E-05   1.4742E-05 / 2.9687E-05   
5970   1.000E-03   1.7870E-05   3.5144E-05   1.7766E-05 / 3.5124E-05   
5980   1.000E-03   1.5162E-05   3.0566E-05   1.4710E-05 / 3.0367E-05   
5990   1.000E-03   1.6027E-05   3.0551E-05   1.5701E-05 / 3.0428E-05   
6000   1.000E-03   1.8047E-05   3.3259E-05   1.7684E-05 / 3.3111E-05   
===============================================================================================================
Saved model to /home/nikki/kan/kanTBNN/models/multi_run/kan_experiment_25/kanTBNN-24Nov04_09:05:43.pickle
