========== Dataset info ==========
Dataset params: {'file': '/home/nikki/kan/data/turbulence_dataset_clean.csv', 'Cases': ['fp_1000', 'fp_1410', 'fp_2000', 'fp_2540', 'fp_3030', 'fp_3270', 'fp_3630', 'fp_3970', 'fp_4060'], 'val_set': ['fp_3030', 'fp_1410', 'fp_4060'], 'test_set': ['fp_3630'], 'data_loader': <class 'tbnn.dataloaders.aDataset'>}
Train/Valid/Test points: 760 / 468 / 168
Memorization?: False
Cluster training?: False
EPOCH     LR        TRAIN         VALID             MSE:T/V                  RL:T/V             %NR_t/%NR_v
===============================================================================================================
  1   3.897E-03   1.8590E-01   1.8183E-01   1.8590E-01 / 1.8183E-01   
 10   3.897E-03   7.8219E-03   7.3955E-03   7.8219E-03 / 7.3955E-03   
 20   3.897E-03   3.5900E-03   3.4425E-03   3.5900E-03 / 3.4425E-03   
 30   3.897E-03   2.7459E-03   2.6404E-03   2.7456E-03 / 2.6402E-03   
 40   3.897E-03   2.2478E-03   2.1620E-03   2.2474E-03 / 2.1616E-03   
 50   3.897E-03   1.8925E-03   1.8230E-03   1.8923E-03 / 1.8229E-03   
 60   3.897E-03   1.5443E-03   1.4878E-03   1.5442E-03 / 1.4878E-03   
 70   3.897E-03   1.2427E-03   1.2002E-03   1.2427E-03 / 1.2001E-03   
 80   3.897E-03   1.0874E-03   1.0520E-03   1.0874E-03 / 1.0519E-03   
 90   3.897E-03   9.8149E-04   9.5167E-04   9.8146E-04 / 9.5165E-04   
100   3.897E-03   8.8995E-04   8.6507E-04   8.8992E-04 / 8.6505E-04   
110   3.897E-03   8.1086E-04   7.9097E-04   8.1084E-04 / 7.9096E-04   
120   3.897E-03   7.4016E-04   7.2442E-04   7.4014E-04 / 7.2440E-04   
130   3.897E-03   6.7696E-04   6.6450E-04   6.7695E-04 / 6.6450E-04   
140   3.897E-03   6.2095E-04   6.1319E-04   6.2095E-04 / 6.1319E-04   
150   3.897E-03   5.7094E-04   5.6696E-04   5.7094E-04 / 5.6696E-04   
160   3.897E-03   5.2789E-04   5.2880E-04   5.2789E-04 / 5.2879E-04   
170   3.897E-03   4.9013E-04   4.9571E-04   4.9007E-04 / 4.9557E-04   
180   3.897E-03   4.5738E-04   4.6648E-04   4.5727E-04 / 4.6633E-04   
190   3.897E-03   4.3213E-04   4.4567E-04   4.3098E-04 / 4.4434E-04   
200   3.897E-03   4.0467E-04   4.1998E-04   4.0459E-04 / 4.1992E-04   
210   3.897E-03   3.8736E-04   4.0669E-04   3.8736E-04 / 4.0669E-04   
220   3.897E-03   3.6218E-04   3.8339E-04   3.6218E-04 / 3.8339E-04   
230   3.897E-03   3.4699E-04   3.6279E-04   3.4698E-04 / 3.6279E-04   
240   3.897E-03   3.2557E-04   3.4484E-04   3.2544E-04 / 3.4472E-04   
250   3.897E-03   3.1079E-04   3.3248E-04   3.1050E-04 / 3.3220E-04   
260   3.897E-03   2.9825E-04   3.2118E-04   2.9823E-04 / 3.2118E-04   
270   3.897E-03   2.8612E-04   3.0514E-04   2.8612E-04 / 3.0514E-04   
280   3.897E-03   2.7425E-04   2.9246E-04   2.7417E-04 / 2.9246E-04   
290   3.897E-03   2.6124E-04   2.8349E-04   2.6091E-04 / 2.8321E-04   
300   3.897E-03   2.5193E-04   2.7405E-04   2.5193E-04 / 2.7405E-04   
310   3.897E-03   2.4283E-04   2.6286E-04   2.4283E-04 / 2.6286E-04   
320   3.897E-03   2.3379E-04   2.5560E-04   2.3347E-04 / 2.5530E-04   
330   3.897E-03   2.2302E-04   2.4193E-04   2.2287E-04 / 2.4188E-04   
340   3.897E-03   2.1563E-04   2.3471E-04   2.1510E-04 / 2.3434E-04   
350   3.897E-03   2.1077E-04   2.3118E-04   2.1075E-04 / 2.3118E-04   
360   3.897E-03   2.0422E-04   2.1953E-04   2.0232E-04 / 2.1787E-04   
370   3.897E-03   1.9556E-04   2.1084E-04   1.9544E-04 / 2.1076E-04   
380   3.897E-03   1.8953E-04   2.0716E-04   1.8951E-04 / 2.0714E-04   
390   3.897E-03   2.0658E-04   2.2105E-04   2.0590E-04 / 2.2046E-04   
400   3.897E-03   1.7950E-04   1.9332E-04   1.7935E-04 / 1.9317E-04   
410   3.897E-03   1.7492E-04   1.8980E-04   1.7488E-04 / 1.8976E-04   
420   3.897E-03   1.6947E-04   1.8514E-04   1.6913E-04 / 1.8484E-04   
430   3.897E-03   1.6449E-04   1.7909E-04   1.6446E-04 / 1.7908E-04   
440   3.897E-03   1.5862E-04   1.7266E-04   1.5795E-04 / 1.7211E-04   
450   3.897E-03   1.5671E-04   1.7146E-04   1.5638E-04 / 1.7127E-04   
460   3.897E-03   1.4956E-04   1.6223E-04   1.4828E-04 / 1.6119E-04   
470   3.897E-03   1.4668E-04   1.5879E-04   1.4631E-04 / 1.5860E-04   
480   3.897E-03   1.4248E-04   1.5677E-04   1.4224E-04 / 1.5668E-04   
490   3.897E-03   1.4330E-04   1.5703E-04   1.4287E-04 / 1.5675E-04   
500   3.897E-03   1.3346E-04   1.4436E-04   1.3261E-04 / 1.4376E-04   
510   3.897E-03   1.2914E-04   1.4201E-04   1.2910E-04 / 1.4199E-04   
520   3.897E-03   1.3109E-04   1.4472E-04   1.3109E-04 / 1.4472E-04   
530   3.897E-03   1.2498E-04   1.3544E-04   1.2454E-04 / 1.3513E-04   
540   3.897E-03   1.2435E-04   1.3046E-04   1.2422E-04 / 1.3039E-04   
550   3.897E-03   1.2089E-04   1.3357E-04   1.2089E-04 / 1.3357E-04   
560   3.897E-03   1.1595E-04   1.2775E-04   1.1576E-04 / 1.2765E-04   
570   3.897E-03   1.0902E-04   1.2197E-04   1.0887E-04 / 1.2192E-04   
580   3.897E-03   1.1042E-04   1.2130E-04   1.0917E-04 / 1.2038E-04   
590   3.897E-03   1.0400E-04   1.1484E-04   1.0344E-04 / 1.1452E-04   
600   3.897E-03   1.0035E-04   1.1261E-04   1.0016E-04 / 1.1256E-04   
610   3.897E-03   1.0041E-04   1.1246E-04   1.0005E-04 / 1.1231E-04   
620   3.897E-03   9.6627E-05   1.0810E-04   9.5889E-05 / 1.0764E-04   
630   3.897E-03   9.4314E-05   1.0631E-04   9.4241E-05 / 1.0629E-04   
640   3.897E-03   9.1648E-05   1.0249E-04   9.1517E-05 / 1.0245E-04   
650   3.897E-03   8.9542E-05   1.0159E-04   8.9485E-05 / 1.0157E-04   
660   3.897E-03   8.9185E-05   1.0189E-04   8.7495E-05 / 1.0063E-04   
670   3.897E-03   8.3560E-05   9.6758E-05   8.3372E-05 / 9.6665E-05   
680   3.897E-03   9.0235E-05   1.0078E-04   8.9703E-05 / 1.0046E-04   
690   3.897E-03   8.0376E-05   9.1648E-05   8.0244E-05 / 9.1605E-05   
700   3.897E-03   9.5736E-05   1.0548E-04   9.5552E-05 / 1.0541E-04   
710   3.897E-03   7.8215E-05   9.0474E-05   7.8154E-05 / 9.0473E-05   
720   3.897E-03   9.3829E-05   1.0513E-04   9.3829E-05 / 1.0513E-04   
730   3.897E-03   7.2536E-05   8.3077E-05   7.2435E-05 / 8.3073E-05   
740   3.897E-03   7.5781E-05   8.7501E-05   7.5710E-05 / 8.7501E-05   
750   3.897E-03   7.0462E-05   8.2923E-05   7.0326E-05 / 8.2902E-05   
760   3.897E-03   6.9652E-05   8.0255E-05   6.9598E-05 / 8.0252E-05   
770   3.897E-03   7.2713E-05   8.4794E-05   7.2651E-05 / 8.4788E-05   
780   3.897E-03   7.2100E-05   8.6281E-05   7.1314E-05 / 8.5741E-05   
790   3.897E-03   6.4995E-05   7.5994E-05   6.4935E-05 / 7.5984E-05   
800   3.897E-03   6.3778E-05   7.5402E-05   6.1716E-05 / 7.3713E-05   
810   3.897E-03   6.6000E-05   7.7211E-05   6.5874E-05 / 7.7039E-05   
820   3.897E-03   5.9175E-05   7.3017E-05   5.8864E-05 / 7.2880E-05   
830   3.897E-03   6.0984E-05   7.4018E-05   6.0138E-05 / 7.3544E-05   
840   3.897E-03   5.7989E-05   7.0526E-05   5.7950E-05 / 7.0526E-05   
850   3.897E-03   5.6982E-05   6.9635E-05   5.6716E-05 / 6.9505E-05   
860   3.897E-03   5.6819E-05   6.9652E-05   5.6778E-05 / 6.9652E-05   
870   3.897E-03   5.2564E-05   6.3685E-05   5.1756E-05 / 6.3225E-05   
880   3.897E-03   5.2261E-05   6.4327E-05   5.1903E-05 / 6.4172E-05   
890   3.897E-03   5.2987E-05   6.1650E-05   5.1712E-05 / 6.0820E-05   
900   3.897E-03   5.1116E-05   6.1403E-05   5.0525E-05 / 6.1104E-05   
910   3.897E-03   4.9719E-05   6.2191E-05   4.8973E-05 / 6.1773E-05   
920   3.897E-03   4.7906E-05   6.0758E-05   4.7473E-05 / 6.0579E-05   
930   3.897E-03   5.1925E-05   6.4040E-05   5.0393E-05 / 6.2876E-05   
940   3.897E-03   4.8413E-05   5.9657E-05   4.8323E-05 / 5.9633E-05   
950   3.897E-03   4.7785E-05   5.9754E-05   4.7759E-05 / 5.9754E-05   
960   3.897E-03   4.4846E-05   5.7605E-05   4.3943E-05 / 5.7042E-05   
970   3.897E-03   5.1631E-05   6.6693E-05   5.1139E-05 / 6.6436E-05   
980   3.897E-03   5.2212E-05   6.3842E-05   5.2212E-05 / 6.3842E-05   
990   3.897E-03   4.5031E-05   5.5529E-05   4.4451E-05 / 5.5237E-05   
1000   3.897E-03   4.2600E-05   5.4080E-05   4.2368E-05 / 5.3974E-05   
1010   3.897E-03   4.0477E-05   5.3481E-05   4.0357E-05 / 5.3441E-05   
1020   3.897E-03   4.1573E-05   5.2354E-05   3.9501E-05 / 5.0996E-05   
1030   3.897E-03   4.4866E-05   5.7356E-05   4.4865E-05 / 5.7356E-05   
1040   3.897E-03   3.7852E-05   5.0084E-05   3.7666E-05 / 5.0012E-05   
1050   3.897E-03   3.8639E-05   5.1833E-05   3.7808E-05 / 5.1394E-05   
1060   3.897E-03   3.6965E-05   4.9679E-05   3.6522E-05 / 4.9490E-05   
1070   3.897E-03   4.3351E-05   5.6709E-05   4.3241E-05 / 5.6647E-05   
1080   3.897E-03   3.8111E-05   5.0734E-05   3.8023E-05 / 5.0716E-05   
1090   3.897E-03   3.4991E-05   4.7126E-05   3.4757E-05 / 4.7034E-05   
1100   3.897E-03   3.6279E-05   4.9308E-05   3.6170E-05 / 4.9298E-05   
1110   3.897E-03   3.4737E-05   4.7235E-05   3.4528E-05 / 4.7164E-05   
1120   3.897E-03   3.5029E-05   4.6449E-05   3.4668E-05 / 4.6292E-05   
1130   3.897E-03   4.3102E-05   5.4815E-05   4.3028E-05 / 5.4766E-05   
1140   3.897E-03   3.5337E-05   4.6886E-05   3.4077E-05 / 4.6091E-05   
1150   3.897E-03   3.3026E-05   4.6132E-05   3.2933E-05 / 4.6120E-05   
1160   3.897E-03   3.2056E-05   4.4621E-05   3.1944E-05 / 4.4603E-05   
1170   3.897E-03   3.8289E-05   5.0472E-05   3.8287E-05 / 5.0472E-05   
1180   3.897E-03   3.2612E-05   4.5140E-05   3.1871E-05 / 4.4773E-05   
1190   3.897E-03   3.8631E-05   5.0314E-05   3.8505E-05 / 5.0281E-05   
1200   3.897E-03   3.0956E-05   4.2072E-05   3.0600E-05 / 4.1931E-05   
1210   3.897E-03   2.9522E-05   4.0973E-05   2.9057E-05 / 4.0765E-05   
1220   3.897E-03   3.0041E-05   4.3118E-05   2.9556E-05 / 4.2923E-05   
1230   3.897E-03   3.0305E-05   4.2308E-05   2.9501E-05 / 4.1927E-05   
1240   3.897E-03   3.2128E-05   4.3957E-05   3.1026E-05 / 4.3334E-05   
1250   3.897E-03   2.8917E-05   4.0491E-05   2.8871E-05 / 4.0485E-05   
1260   3.897E-03   2.8958E-05   4.0672E-05   2.8739E-05 / 4.0587E-05   
1270   3.897E-03   2.8244E-05   4.0026E-05   2.7824E-05 / 3.9862E-05   
1280   3.897E-03   2.9218E-05   4.1574E-05   2.7849E-05 / 4.0819E-05   
1290   3.897E-03   2.8210E-05   3.8663E-05   2.7752E-05 / 3.8493E-05   
1300   3.897E-03   2.8200E-05   3.9094E-05   2.7040E-05 / 3.8512E-05   
1310   3.897E-03   2.6923E-05   3.7910E-05   2.6520E-05 / 3.7734E-05   
1320   3.897E-03   2.7113E-05   3.7095E-05   2.6847E-05 / 3.6992E-05   
1330   3.897E-03   2.6982E-05   3.9243E-05   2.6884E-05 / 3.9221E-05   
1340   3.897E-03   2.5573E-05   3.7314E-05   2.5275E-05 / 3.7198E-05   
1350   3.897E-03   2.5256E-05   3.6720E-05   2.5108E-05 / 3.6680E-05   
1360   3.897E-03   2.8405E-05   3.9980E-05   2.7230E-05 / 3.9327E-05   
1370   3.897E-03   2.5283E-05   3.6866E-05   2.5162E-05 / 3.6838E-05   
1380   3.897E-03   2.6554E-05   3.7742E-05   2.6272E-05 / 3.7622E-05   
1390   3.897E-03   3.0330E-05   4.2087E-05   2.7594E-05 / 4.0228E-05   
1400   3.897E-03   2.6144E-05   3.6973E-05   2.5559E-05 / 3.6656E-05   
1410   3.897E-03   2.4295E-05   3.3606E-05   2.3371E-05 / 3.3072E-05   
1420   3.897E-03   2.4452E-05   3.6024E-05   2.4235E-05 / 3.5955E-05   
1430   3.897E-03   2.4561E-05   3.6857E-05   2.4354E-05 / 3.6792E-05   
1440   3.897E-03   2.4004E-05   3.5959E-05   2.3859E-05 / 3.5932E-05   
1450   3.897E-03   2.4741E-05   3.5901E-05   2.4554E-05 / 3.5849E-05   
1460   3.897E-03   2.3359E-05   3.4476E-05   2.3181E-05 / 3.4432E-05   
1470   3.897E-03   2.3194E-05   3.4875E-05   2.2944E-05 / 3.4797E-05   
1480   3.897E-03   2.3863E-05   3.4753E-05   2.2330E-05 / 3.3801E-05   
1490   3.897E-03   2.3557E-05   3.5253E-05   2.3134E-05 / 3.5062E-05   
1500   3.897E-03   2.7185E-05   3.7292E-05   2.6266E-05 / 3.6768E-05   
1510   3.897E-03   2.1405E-05   3.2742E-05   2.1111E-05 / 3.2628E-05   
1520   3.897E-03   2.1313E-05   3.1866E-05   2.1108E-05 / 3.1811E-05   
1530   3.897E-03   2.3421E-05   3.4671E-05   2.3397E-05 / 3.4671E-05   
1540   3.897E-03   2.1010E-05   3.1750E-05   2.0412E-05 / 3.1453E-05   
1550   3.897E-03   2.2537E-05   3.4227E-05   2.2514E-05 / 3.4226E-05   
1560   3.897E-03   2.2297E-05   3.2508E-05   2.1448E-05 / 3.2046E-05   
1570   3.897E-03   2.1570E-05   3.4161E-05   2.1411E-05 / 3.4134E-05   
1580   3.897E-03   2.3425E-05   3.1750E-05   2.2888E-05 / 3.1505E-05   
1590   3.897E-03   2.0316E-05   3.1134E-05   1.9582E-05 / 3.0758E-05   
1600   3.897E-03   1.9600E-05   3.1154E-05   1.9205E-05 / 3.1009E-05   
1610   3.897E-03   1.9689E-05   3.1069E-05   1.9089E-05 / 3.0790E-05   
1620   3.897E-03   2.1243E-05   3.1250E-05   2.1181E-05 / 3.1249E-05   
1630   3.897E-03   2.1287E-05   3.2122E-05   2.0902E-05 / 3.1978E-05   
1640   3.897E-03   2.1209E-05   2.9464E-05   2.0034E-05 / 2.8823E-05   
1650   3.897E-03   1.9677E-05   3.0004E-05   1.9389E-05 / 2.9926E-05   
1660   3.897E-03   2.1489E-05   3.3250E-05   2.0764E-05 / 3.2907E-05   
1670   3.897E-03   1.9968E-05   3.1727E-05   1.9757E-05 / 3.1692E-05   
1680   3.897E-03   1.9341E-05   2.9783E-05   1.8989E-05 / 2.9675E-05   
1690   3.897E-03   1.9916E-05   3.1291E-05   1.9621E-05 / 3.1213E-05   
1700   3.897E-03   1.9860E-05   3.2401E-05   1.9521E-05 / 3.2307E-05   
1710   3.897E-03   2.1711E-05   3.1890E-05   2.1630E-05 / 3.1883E-05   
1720   3.897E-03   1.8366E-05   2.9936E-05   1.8109E-05 / 2.9880E-05   
1730   3.897E-03   2.1237E-05   3.2919E-05   2.1237E-05 / 3.2919E-05   
1740   3.897E-03   2.0309E-05   3.1728E-05   2.0300E-05 / 3.1727E-05   
1750   3.897E-03   1.9413E-05   3.1297E-05   1.9333E-05 / 3.1292E-05   
1760   3.897E-03   1.8430E-05   2.9395E-05   1.8229E-05 / 2.9351E-05   
1770   3.897E-03   1.9407E-05   2.9087E-05   1.8644E-05 / 2.8763E-05   
1780   3.897E-03   1.8210E-05   2.8770E-05   1.7513E-05 / 2.8485E-05   
1790   3.897E-03   1.7735E-05   2.9192E-05   1.7283E-05 / 2.9031E-05   
1800   3.897E-03   1.7288E-05   2.8600E-05   1.6917E-05 / 2.8500E-05   
1810   3.897E-03   1.9063E-05   3.1299E-05   1.8805E-05 / 3.1245E-05   
1820   3.897E-03   1.8025E-05   2.8615E-05   1.7338E-05 / 2.8350E-05   
1830   3.897E-03   1.7356E-05   2.9486E-05   1.7074E-05 / 2.9417E-05   
1840   3.897E-03   1.7782E-05   2.9718E-05   1.7718E-05 / 2.9711E-05   
1850   3.897E-03   1.8787E-05   2.9648E-05   1.8652E-05 / 2.9628E-05   
1860   3.897E-03   1.7150E-05   2.7676E-05   1.6515E-05 / 2.7448E-05   
1870   3.897E-03   1.8893E-05   3.1238E-05   1.8884E-05 / 3.1236E-05   
1880   3.897E-03   1.8882E-05   3.0051E-05   1.8374E-05 / 2.9878E-05   
1890   3.897E-03   1.8109E-05   2.8892E-05   1.8066E-05 / 2.8886E-05   
1900   3.897E-03   1.7042E-05   2.8061E-05   1.6737E-05 / 2.7985E-05   
1910   3.897E-03   1.8373E-05   2.9475E-05   1.7585E-05 / 2.9113E-05   
1920   3.897E-03   1.6698E-05   2.7460E-05   1.6597E-05 / 2.7455E-05   
1930   3.897E-03   1.6732E-05   2.8446E-05   1.6706E-05 / 2.8432E-05   
1940   3.897E-03   1.6312E-05   2.8661E-05   1.6201E-05 / 2.8643E-05   
1950   3.897E-03   1.8110E-05   2.8307E-05   1.5858E-05 / 2.7006E-05   
1960   3.897E-03   1.6350E-05   2.7282E-05   1.6237E-05 / 2.7194E-05   
1970   3.897E-03   1.7837E-05   2.8828E-05   1.7828E-05 / 2.8828E-05   
1980   3.897E-03   1.5552E-05   2.7186E-05   1.5221E-05 / 2.7013E-05   
1990   3.897E-03   2.8907E-05   4.2998E-05   2.8884E-05 / 4.2677E-05   
2000   3.897E-03   1.7088E-05   2.8343E-05   1.6552E-05 / 2.7996E-05   
2010   3.897E-03   1.5992E-05   2.7543E-05   1.5949E-05 / 2.7543E-05   
2020   3.897E-03   1.5521E-05   2.6013E-05   1.5302E-05 / 2.5899E-05   
2030   3.897E-03   1.4673E-05   2.5845E-05   1.4437E-05 / 2.5809E-05   
2040   3.897E-03   1.5921E-05   2.7675E-05   1.4558E-05 / 2.6939E-05   
2050   3.897E-03   1.6170E-05   2.7761E-05   1.5270E-05 / 2.7367E-05   
2060   3.897E-03   1.5753E-05   2.7728E-05   1.5712E-05 / 2.7707E-05   
2070   3.897E-03   1.8121E-05   3.0533E-05   1.8118E-05 / 3.0533E-05   
2080   3.897E-03   1.5495E-05   2.7151E-05   1.4526E-05 / 2.6689E-05   
2090   3.897E-03   2.2442E-05   3.2093E-05   2.1159E-05 / 3.1448E-05   
2100   3.897E-03   1.4465E-05   2.5582E-05   1.4215E-05 / 2.5487E-05   
2110   3.897E-03   1.3963E-05   2.6567E-05   1.3800E-05 / 2.6545E-05   
2120   3.897E-03   1.5158E-05   2.7763E-05   1.5100E-05 / 2.7763E-05   
2130   3.897E-03   1.4911E-05   2.6099E-05   1.4633E-05 / 2.6040E-05   
2140   3.897E-03   1.4080E-05   2.6014E-05   1.3926E-05 / 2.5893E-05   
2150   3.897E-03   1.4201E-05   2.6065E-05   1.4156E-05 / 2.6023E-05   
2160   3.897E-03   1.4755E-05   2.7139E-05   1.3688E-05 / 2.6713E-05   
2170   3.897E-03   1.3784E-05   2.7082E-05   1.3229E-05 / 2.6908E-05   
2180   3.897E-03   1.4040E-05   2.5749E-05   1.3828E-05 / 2.5728E-05   
2190   3.897E-03   1.4890E-05   2.7263E-05   1.4857E-05 / 2.7263E-05   
2200   3.897E-03   1.6039E-05   2.7506E-05   1.5600E-05 / 2.7385E-05   
2210   3.897E-03   1.3588E-05   2.5413E-05   1.3270E-05 / 2.5356E-05   
2220   3.897E-03   1.4092E-05   2.5938E-05   1.3676E-05 / 2.5833E-05   
2230   3.897E-03   1.3545E-05   2.5735E-05   1.3475E-05 / 2.5723E-05   
2240   3.897E-03   1.4049E-05   2.5336E-05   1.3023E-05 / 2.4934E-05   
2250   3.897E-03   1.4045E-05   2.7079E-05   1.3994E-05 / 2.7078E-05   
2260   3.897E-03   1.6757E-05   3.0598E-05   1.6746E-05 / 3.0598E-05   
2270   3.897E-03   1.8272E-05   3.1836E-05   1.8272E-05 / 3.1836E-05   
2280   3.897E-03   1.6429E-05   2.6846E-05   1.5700E-05 / 2.6465E-05   
2290   3.897E-03   1.3980E-05   2.6655E-05   1.3947E-05 / 2.6655E-05   
2300   3.897E-03   1.3195E-05   2.5837E-05   1.3031E-05 / 2.5825E-05   
2310   3.897E-03   1.2580E-05   2.5672E-05   1.2462E-05 / 2.5670E-05   
2320   3.897E-03   1.2529E-05   2.6011E-05   1.2461E-05 / 2.6011E-05   
2330   3.897E-03   1.3766E-05   2.5688E-05   1.3651E-05 / 2.5685E-05   
2340   3.897E-03   1.2582E-05   2.5718E-05   1.2459E-05 / 2.5702E-05   
2350   3.897E-03   1.2464E-05   2.6177E-05   1.2378E-05 / 2.6177E-05   
2360   3.897E-03   1.2407E-05   2.5389E-05   1.2355E-05 / 2.5389E-05   
2370   3.897E-03   1.6964E-05   2.8816E-05   1.4397E-05 / 2.7271E-05   
2380   3.897E-03   1.4084E-05   2.6651E-05   1.3033E-05 / 2.6264E-05   
2390   3.897E-03   1.3099E-05   2.5057E-05   1.1811E-05 / 2.4517E-05   
2400   3.897E-03   1.1549E-05   2.4942E-05   1.1248E-05 / 2.4905E-05   
2410   3.897E-03   1.2662E-05   2.4873E-05   1.2586E-05 / 2.4873E-05   
2420   3.897E-03   1.4315E-05   2.6837E-05   1.2650E-05 / 2.6032E-05   
2430   3.897E-03   1.2092E-05   2.5409E-05   1.2020E-05 / 2.5409E-05   
2440   3.897E-03   1.1993E-05   2.4423E-05   1.1734E-05 / 2.4406E-05   
2450   3.897E-03   1.1647E-05   2.3605E-05   1.1505E-05 / 2.3597E-05   
2460   3.897E-03   1.2307E-05   2.5488E-05   1.1797E-05 / 2.5392E-05   
2470   3.897E-03   2.3494E-05   3.5519E-05   2.3152E-05 / 3.5464E-05   
2480   3.897E-03   1.2725E-05   2.5886E-05   1.2516E-05 / 2.5871E-05   
2490   3.897E-03   1.1439E-05   2.4314E-05   1.1229E-05 / 2.4293E-05   
2500   3.897E-03   1.3089E-05   2.6889E-05   1.3057E-05 / 2.6889E-05   
2510   3.897E-03   1.1653E-05   2.5148E-05   1.1572E-05 / 2.5148E-05   
2520   3.897E-03   1.1627E-05   2.4606E-05   1.1364E-05 / 2.4586E-05   
2530   3.897E-03   1.2010E-05   2.5627E-05   1.1992E-05 / 2.5627E-05   
2540   3.897E-03   1.3109E-05   2.6030E-05   1.3017E-05 / 2.6030E-05   
2550   3.897E-03   1.1555E-05   2.4146E-05   1.0574E-05 / 2.3803E-05   
2560   3.897E-03   1.4695E-05   2.7122E-05   1.2482E-05 / 2.5884E-05   
2570   3.897E-03   1.0960E-05   2.3966E-05   1.0382E-05 / 2.3845E-05   
2580   3.897E-03   1.1832E-05   2.5308E-05   1.1044E-05 / 2.5089E-05   
2590   3.897E-03   1.1394E-05   2.5266E-05   1.1360E-05 / 2.5266E-05   
2600   3.897E-03   1.0452E-05   2.4733E-05   1.0313E-05 / 2.4729E-05   
2610   3.897E-03   1.1277E-05   2.5712E-05   1.1179E-05 / 2.5712E-05   
2620   3.897E-03   1.0239E-05   2.4362E-05   1.0026E-05 / 2.4345E-05   
2630   3.897E-03   1.4614E-05   2.7862E-05   1.4546E-05 / 2.7862E-05   
2640   3.897E-03   1.0581E-05   2.4011E-05   1.0297E-05 / 2.3996E-05   
2650   3.897E-03   1.2890E-05   2.5896E-05   1.2880E-05 / 2.5896E-05   
2660   3.897E-03   1.1061E-05   2.5184E-05   1.0650E-05 / 2.5133E-05   
2670   3.897E-03   1.5274E-05   3.0863E-05   1.5273E-05 / 3.0863E-05   
2680   3.897E-03   1.5218E-05   2.8184E-05   1.3766E-05 / 2.7463E-05   
2690   3.897E-03   1.1790E-05   2.4655E-05   1.1604E-05 / 2.4645E-05   
2700   3.897E-03   1.0697E-05   2.4368E-05   1.0625E-05 / 2.4368E-05   
2710   3.897E-03   1.2788E-05   2.8171E-05   1.2787E-05 / 2.8171E-05   
2720   3.897E-03   1.0111E-05   2.4207E-05   9.9582E-06 / 2.4201E-05   
2730   3.897E-03   1.4131E-05   2.9364E-05   1.4087E-05 / 2.9364E-05   
2740   3.897E-03   1.1896E-05   2.6216E-05   1.1843E-05 / 2.6216E-05   
2750   3.897E-03   1.0053E-05   2.3623E-05   9.7131E-06 / 2.3592E-05   
2760   3.897E-03   1.2672E-05   2.8532E-05   1.2667E-05 / 2.8532E-05   
2770   3.897E-03   1.3046E-05   2.5557E-05   1.1698E-05 / 2.4981E-05   
2780   3.897E-03   1.0592E-05   2.3444E-05   9.8898E-06 / 2.3259E-05   
2790   3.897E-03   1.0935E-05   2.3780E-05   1.0092E-05 / 2.3520E-05   
2800   3.897E-03   1.8538E-05   3.4102E-05   1.8369E-05 / 3.4099E-05   
2810   3.897E-03   1.3530E-05   2.8137E-05   1.3269E-05 / 2.8092E-05   
2820   3.897E-03   1.0678E-05   2.5046E-05   1.0536E-05 / 2.5044E-05   
2830   3.897E-03   1.1096E-05   2.3782E-05   1.0362E-05 / 2.3587E-05   
2840   3.897E-03   1.0435E-05   2.3931E-05   1.0349E-05 / 2.3931E-05   
2850   3.897E-03   1.0110E-05   2.3844E-05   1.0040E-05 / 2.3844E-05   
2860   3.897E-03   1.4867E-05   2.8351E-05   1.3113E-05 / 2.7510E-05   
2870   3.897E-03   9.4237E-06   2.3977E-05   9.2016E-06 / 2.3962E-05   
2880   3.897E-03   9.9789E-06   2.4993E-05   9.8735E-06 / 2.4991E-05   
2890   3.897E-03   1.0450E-05   2.4365E-05   1.0401E-05 / 2.4365E-05   
2900   3.897E-03   9.6791E-06   2.4451E-05   9.5814E-06 / 2.4451E-05   
2910   3.897E-03   9.2894E-06   2.4194E-05   9.0737E-06 / 2.4183E-05   
2920   3.897E-03   1.0249E-05   2.4535E-05   9.7424E-06 / 2.4440E-05   
2930   3.897E-03   1.1368E-05   2.5741E-05   1.0876E-05 / 2.5645E-05   
2940   3.897E-03   1.1626E-05   2.6909E-05   1.1621E-05 / 2.6909E-05   
2950   3.897E-03   1.0026E-05   2.3994E-05   9.4892E-06 / 2.3885E-05   
2960   3.897E-03   9.3462E-06   2.4411E-05   9.0411E-06 / 2.4381E-05   
BEST MODEL
===============================================================================================================
2699   3.897E-03   1.0435E-05   2.2915E-05   9.7933E-06 / 2.2706E-05   
===============================================================================================================
Saved model to /home/nikki/kan/kanTBNN/models/multi_run/kan_experiment_128_opt/kanTBNN-24Nov07_22:35:20.pickle
