========== Dataset info ==========
Dataset params: {'file': '/home/nikki/kan/data/turbulence_dataset_clean.csv', 'Cases': ['fp_1000', 'fp_1410', 'fp_2000', 'fp_2540', 'fp_3030', 'fp_3270', 'fp_3630', 'fp_3970', 'fp_4060'], 'val_set': ['fp_3030', 'fp_1410', 'fp_4060'], 'test_set': ['fp_3630'], 'data_loader': <class 'tbnn.dataloaders.aDataset'>}
Train/Valid/Test points: 760 / 468 / 168
Memorization?: False
Cluster training?: False
EPOCH     LR        TRAIN         VALID             MSE:T/V                  RL:T/V             %NR_t/%NR_v
===============================================================================================================
  1   1.396E-03   1.5257E-01   1.4740E-01   1.5257E-01 / 1.4740E-01   
 10   1.396E-03   4.6385E-02   4.3876E-02   4.6356E-02 / 4.3849E-02   
 20   1.396E-03   1.6487E-02   1.5358E-02   1.6432E-02 / 1.5300E-02   
 30   1.396E-03   8.4845E-03   7.8226E-03   8.4738E-03 / 7.8104E-03   
 40   1.396E-03   5.6211E-03   5.1692E-03   5.6186E-03 / 5.1666E-03   
 50   1.396E-03   4.3523E-03   3.9944E-03   4.3505E-03 / 3.9926E-03   
 60   1.396E-03   3.6065E-03   3.3167E-03   3.6051E-03 / 3.3152E-03   
 70   1.396E-03   3.1066E-03   2.8696E-03   3.1055E-03 / 2.8684E-03   
 80   1.396E-03   2.7559E-03   2.5514E-03   2.7536E-03 / 2.5491E-03   
 90   1.396E-03   2.4950E-03   2.3136E-03   2.4916E-03 / 2.3103E-03   
100   1.396E-03   2.2889E-03   2.1284E-03   2.2846E-03 / 2.1244E-03   
110   1.396E-03   2.1181E-03   1.9727E-03   2.1134E-03 / 1.9685E-03   
120   1.396E-03   1.9717E-03   1.8436E-03   1.9653E-03 / 1.8378E-03   
130   1.396E-03   1.8407E-03   1.7277E-03   1.8348E-03 / 1.7226E-03   
140   1.396E-03   1.7244E-03   1.6237E-03   1.7189E-03 / 1.6190E-03   
150   1.396E-03   1.6186E-03   1.5344E-03   1.6137E-03 / 1.5305E-03   
160   1.396E-03   1.5206E-03   1.4466E-03   1.5168E-03 / 1.4437E-03   
170   1.396E-03   1.4316E-03   1.3703E-03   1.4287E-03 / 1.3683E-03   
180   1.396E-03   1.3526E-03   1.3009E-03   1.3503E-03 / 1.2996E-03   
190   1.396E-03   1.2819E-03   1.2382E-03   1.2797E-03 / 1.2369E-03   
200   1.396E-03   1.2186E-03   1.1802E-03   1.2169E-03 / 1.1792E-03   
210   1.396E-03   1.1597E-03   1.1328E-03   1.1578E-03 / 1.1317E-03   
220   1.396E-03   1.1072E-03   1.0884E-03   1.1054E-03 / 1.0874E-03   
230   1.396E-03   1.0609E-03   1.0464E-03   1.0593E-03 / 1.0454E-03   
240   1.396E-03   1.0174E-03   1.0083E-03   1.0160E-03 / 1.0074E-03   
250   1.396E-03   9.7604E-04   9.6931E-04   9.7462E-04 / 9.6834E-04   
260   1.396E-03   9.4201E-04   9.4251E-04   9.4093E-04 / 9.4174E-04   
270   1.396E-03   9.0368E-04   9.0401E-04   9.0271E-04 / 9.0332E-04   
280   1.396E-03   8.7060E-04   8.7413E-04   8.6969E-04 / 8.7349E-04   
290   1.396E-03   8.4213E-04   8.4486E-04   8.4128E-04 / 8.4428E-04   
300   1.396E-03   8.1299E-04   8.1727E-04   8.1236E-04 / 8.1687E-04   
310   1.396E-03   7.8625E-04   7.8784E-04   7.8562E-04 / 7.8745E-04   
320   1.396E-03   7.6922E-04   7.7363E-04   7.6854E-04 / 7.7322E-04   
330   1.396E-03   7.4020E-04   7.4594E-04   7.3942E-04 / 7.4544E-04   
340   1.396E-03   7.1794E-04   7.2202E-04   7.1721E-04 / 7.2154E-04   
350   1.396E-03   6.9832E-04   6.9894E-04   6.9757E-04 / 6.9842E-04   
360   1.396E-03   6.8033E-04   6.8322E-04   6.7943E-04 / 6.8254E-04   
370   1.396E-03   6.6341E-04   6.7047E-04   6.6242E-04 / 6.6967E-04   
380   1.396E-03   6.4965E-04   6.5597E-04   6.4874E-04 / 6.5521E-04   
390   1.396E-03   6.2850E-04   6.3804E-04   6.2764E-04 / 6.3731E-04   
400   1.396E-03   6.1660E-04   6.2288E-04   6.1553E-04 / 6.2199E-04   
410   1.396E-03   5.9614E-04   6.0639E-04   5.9520E-04 / 6.0561E-04   
420   1.396E-03   5.8301E-04   5.8952E-04   5.8201E-04 / 5.8870E-04   
430   1.396E-03   5.7230E-04   5.8496E-04   5.7114E-04 / 5.8399E-04   
440   1.396E-03   5.5507E-04   5.6441E-04   5.5403E-04 / 5.6353E-04   
450   1.396E-03   5.4065E-04   5.5810E-04   5.3964E-04 / 5.5724E-04   
460   1.396E-03   5.2856E-04   5.4484E-04   5.2759E-04 / 5.4400E-04   
470   1.396E-03   5.1683E-04   5.3793E-04   5.1590E-04 / 5.3713E-04   
480   1.396E-03   5.0851E-04   5.2877E-04   5.0757E-04 / 5.2796E-04   
490   1.396E-03   4.9392E-04   5.1705E-04   4.9296E-04 / 5.1620E-04   
500   1.396E-03   4.8530E-04   5.1082E-04   4.8439E-04 / 5.1000E-04   
510   1.396E-03   4.7522E-04   5.0060E-04   4.7434E-04 / 4.9979E-04   
520   1.396E-03   4.6869E-04   5.0099E-04   4.6783E-04 / 5.0019E-04   
530   1.396E-03   4.5688E-04   4.8756E-04   4.5598E-04 / 4.8671E-04   
540   1.396E-03   4.5035E-04   4.7510E-04   4.4950E-04 / 4.7429E-04   
550   1.396E-03   4.4176E-04   4.7367E-04   4.4089E-04 / 4.7285E-04   
560   1.396E-03   4.3299E-04   4.7019E-04   4.3212E-04 / 4.6937E-04   
570   1.396E-03   4.2854E-04   4.6414E-04   4.2783E-04 / 4.6347E-04   
580   1.396E-03   4.1788E-04   4.4971E-04   4.1704E-04 / 4.4892E-04   
590   1.396E-03   4.1175E-04   4.4543E-04   4.1102E-04 / 4.4475E-04   
600   1.396E-03   4.0245E-04   4.3915E-04   4.0174E-04 / 4.3849E-04   
610   1.396E-03   4.0344E-04   4.3264E-04   4.0271E-04 / 4.3197E-04   
620   1.396E-03   3.9367E-04   4.2389E-04   3.9294E-04 / 4.2326E-04   
630   1.396E-03   3.8196E-04   4.1248E-04   3.8130E-04 / 4.1190E-04   
640   1.396E-03   3.7446E-04   4.0825E-04   3.7391E-04 / 4.0777E-04   
650   1.396E-03   3.6828E-04   4.0202E-04   3.6770E-04 / 4.0152E-04   
660   1.396E-03   3.6517E-04   3.9128E-04   3.6451E-04 / 3.9072E-04   
670   1.396E-03   3.5519E-04   3.9101E-04   3.5466E-04 / 3.9055E-04   
680   1.396E-03   3.5235E-04   3.8686E-04   3.5181E-04 / 3.8638E-04   
690   1.396E-03   3.4986E-04   3.8766E-04   3.4935E-04 / 3.8720E-04   
700   1.396E-03   3.3800E-04   3.7184E-04   3.3741E-04 / 3.7132E-04   
710   1.396E-03   3.4524E-04   3.7641E-04   3.4450E-04 / 3.7574E-04   
720   1.396E-03   3.3375E-04   3.7130E-04   3.3318E-04 / 3.7078E-04   
730   1.396E-03   3.2695E-04   3.6671E-04   3.2645E-04 / 3.6625E-04   
740   1.396E-03   3.2991E-04   3.6627E-04   3.2932E-04 / 3.6572E-04   
750   1.396E-03   3.1642E-04   3.5536E-04   3.1580E-04 / 3.5478E-04   
760   1.396E-03   3.1676E-04   3.5858E-04   3.1611E-04 / 3.5797E-04   
770   1.396E-03   3.1809E-04   3.5372E-04   3.1754E-04 / 3.5320E-04   
780   1.396E-03   3.0897E-04   3.4790E-04   3.0841E-04 / 3.4737E-04   
790   1.396E-03   3.2133E-04   3.6481E-04   3.2075E-04 / 3.6426E-04   
800   1.396E-03   3.0636E-04   3.4325E-04   3.0587E-04 / 3.4278E-04   
810   1.396E-03   2.9517E-04   3.4026E-04   2.9460E-04 / 3.3971E-04   
820   1.396E-03   2.9544E-04   3.3474E-04   2.9494E-04 / 3.3425E-04   
830   1.396E-03   2.9388E-04   3.3881E-04   2.9333E-04 / 3.3827E-04   
840   1.396E-03   2.9573E-04   3.5009E-04   2.9535E-04 / 3.4971E-04   
850   1.396E-03   2.8792E-04   3.2769E-04   2.8750E-04 / 3.2727E-04   
860   1.396E-03   2.8313E-04   3.3060E-04   2.8270E-04 / 3.3018E-04   
870   1.396E-03   2.8728E-04   3.2382E-04   2.8687E-04 / 3.2341E-04   
880   1.396E-03   2.8821E-04   3.3348E-04   2.8781E-04 / 3.3309E-04   
890   1.396E-03   2.7637E-04   3.3484E-04   2.7602E-04 / 3.3450E-04   
900   1.396E-03   2.8576E-04   3.4780E-04   2.8546E-04 / 3.4750E-04   
910   1.396E-03   2.7945E-04   3.1144E-04   2.7909E-04 / 3.1109E-04   
920   1.396E-03   2.6803E-04   3.1675E-04   2.6770E-04 / 3.1643E-04   
930   1.396E-03   2.6693E-04   3.1837E-04   2.6664E-04 / 3.1809E-04   
940   1.396E-03   2.6375E-04   3.2233E-04   2.6346E-04 / 3.2204E-04   
950   1.396E-03   2.7285E-04   3.1140E-04   2.7252E-04 / 3.1108E-04   
960   1.396E-03   2.9726E-04   3.6157E-04   2.9689E-04 / 3.6122E-04   
970   1.396E-03   2.5766E-04   3.0808E-04   2.5743E-04 / 3.0785E-04   
980   1.396E-03   2.7095E-04   3.2037E-04   2.7066E-04 / 3.2009E-04   
990   1.396E-03   2.5463E-04   3.0226E-04   2.5441E-04 / 3.0205E-04   
1000   1.396E-03   2.6055E-04   3.2723E-04   2.6037E-04 / 3.2705E-04   
1010   1.396E-03   2.6207E-04   3.0030E-04   2.6181E-04 / 3.0005E-04   
1020   1.396E-03   2.4894E-04   3.0131E-04   2.4868E-04 / 3.0106E-04   
1030   1.396E-03   2.4684E-04   2.9925E-04   2.4665E-04 / 2.9905E-04   
1040   1.396E-03   3.0650E-04   3.1846E-04   3.0629E-04 / 3.1825E-04   
1050   1.396E-03   2.5189E-04   3.0045E-04   2.5172E-04 / 3.0028E-04   
1060   1.396E-03   2.5258E-04   3.1812E-04   2.5238E-04 / 3.1791E-04   
1070   1.396E-03   2.6671E-04   2.9025E-04   2.6652E-04 / 2.9006E-04   
1080   1.396E-03   2.4360E-04   2.9906E-04   2.4345E-04 / 2.9891E-04   
1090   1.396E-03   2.3640E-04   2.9217E-04   2.3623E-04 / 2.9199E-04   
1100   1.396E-03   2.4351E-04   3.0050E-04   2.4326E-04 / 3.0026E-04   
1110   1.396E-03   2.5539E-04   2.9621E-04   2.5523E-04 / 2.9604E-04   
1120   1.396E-03   2.3500E-04   2.9570E-04   2.3485E-04 / 2.9555E-04   
1130   1.396E-03   2.3030E-04   2.8460E-04   2.3015E-04 / 2.8444E-04   
1140   1.396E-03   2.3523E-04   2.9678E-04   2.3512E-04 / 2.9666E-04   
1150   1.396E-03   2.7644E-04   3.3098E-04   2.7626E-04 / 3.3079E-04   
1160   1.396E-03   2.3184E-04   2.9978E-04   2.3171E-04 / 2.9964E-04   
1170   1.396E-03   2.2614E-04   2.8335E-04   2.2600E-04 / 2.8320E-04   
1180   1.396E-03   2.2588E-04   2.8822E-04   2.2575E-04 / 2.8808E-04   
1190   1.396E-03   2.2535E-04   2.7936E-04   2.2521E-04 / 2.7922E-04   
1200   1.396E-03   2.2678E-04   2.6514E-04   2.2662E-04 / 2.6498E-04   
1210   1.396E-03   2.2378E-04   2.8417E-04   2.2365E-04 / 2.8403E-04   
1220   1.396E-03   2.2220E-04   2.7517E-04   2.2204E-04 / 2.7501E-04   
1230   1.396E-03   2.1968E-04   2.8625E-04   2.1954E-04 / 2.8612E-04   
1240   1.396E-03   2.2893E-04   2.6923E-04   2.2881E-04 / 2.6911E-04   
1250   1.396E-03   2.4431E-04   3.4239E-04   2.4420E-04 / 3.4228E-04   
1260   1.396E-03   2.8205E-04   3.2136E-04   2.8195E-04 / 3.2126E-04   
1270   1.396E-03   2.1673E-04   2.8054E-04   2.1660E-04 / 2.8040E-04   
1280   1.396E-03   2.1301E-04   2.7690E-04   2.1289E-04 / 2.7677E-04   
1290   1.396E-03   2.1301E-04   2.7399E-04   2.1289E-04 / 2.7386E-04   
1300   1.396E-03   2.2320E-04   2.7494E-04   2.2307E-04 / 2.7480E-04   
1310   1.396E-03   2.1803E-04   2.9450E-04   2.1788E-04 / 2.9435E-04   
1320   1.396E-03   2.4035E-04   2.8110E-04   2.4013E-04 / 2.8090E-04   
1330   1.396E-03   2.1344E-04   2.6818E-04   2.1334E-04 / 2.6807E-04   
1340   1.396E-03   2.1268E-04   2.6420E-04   2.1255E-04 / 2.6406E-04   
1350   1.396E-03   2.0970E-04   2.6709E-04   2.0957E-04 / 2.6695E-04   
1360   1.396E-03   2.0703E-04   2.7184E-04   2.0691E-04 / 2.7171E-04   
1370   1.396E-03   2.1289E-04   2.6485E-04   2.1277E-04 / 2.6473E-04   
1380   1.396E-03   2.1432E-04   2.6334E-04   2.1419E-04 / 2.6320E-04   
1390   1.396E-03   2.1416E-04   2.9195E-04   2.1404E-04 / 2.9181E-04   
1400   1.396E-03   2.1124E-04   2.6727E-04   2.1111E-04 / 2.6714E-04   
1410   1.396E-03   2.0318E-04   2.6855E-04   2.0307E-04 / 2.6844E-04   
1420   1.396E-03   2.1053E-04   2.5909E-04   2.1039E-04 / 2.5896E-04   
1430   1.396E-03   2.0227E-04   2.7167E-04   2.0216E-04 / 2.7156E-04   
1440   1.396E-03   2.1044E-04   2.7002E-04   2.1034E-04 / 2.6991E-04   
1450   1.396E-03   2.0319E-04   2.7746E-04   2.0307E-04 / 2.7735E-04   
1460   1.396E-03   2.0009E-04   2.6939E-04   1.9998E-04 / 2.6928E-04   
1470   1.396E-03   2.0003E-04   2.7206E-04   1.9994E-04 / 2.7196E-04   
1480   1.396E-03   2.0567E-04   3.0172E-04   2.0558E-04 / 3.0162E-04   
1490   1.396E-03   2.3004E-04   3.6272E-04   2.2992E-04 / 3.6262E-04   
1500   1.396E-03   2.0127E-04   2.6909E-04   2.0115E-04 / 2.6896E-04   
1510   1.396E-03   1.9608E-04   2.6518E-04   1.9596E-04 / 2.6506E-04   
1520   1.396E-03   1.9549E-04   2.7403E-04   1.9537E-04 / 2.7392E-04   
1530   1.396E-03   2.0100E-04   2.6683E-04   2.0091E-04 / 2.6674E-04   
1540   1.396E-03   2.0053E-04   2.7459E-04   2.0038E-04 / 2.7446E-04   
1550   1.396E-03   1.9691E-04   2.6379E-04   1.9674E-04 / 2.6367E-04   
1560   1.396E-03   2.0521E-04   2.9044E-04   2.0510E-04 / 2.9034E-04   
1570   1.396E-03   1.9502E-04   2.6434E-04   1.9491E-04 / 2.6424E-04   
1580   1.396E-03   1.9578E-04   3.0153E-04   1.9566E-04 / 3.0142E-04   
1590   1.396E-03   1.9613E-04   2.8567E-04   1.9603E-04 / 2.8557E-04   
1600   1.396E-03   1.9857E-04   2.8045E-04   1.9845E-04 / 2.8033E-04   
1610   1.396E-03   1.9899E-04   2.8447E-04   1.9887E-04 / 2.8436E-04   
1620   1.396E-03   1.9058E-04   2.5723E-04   1.9046E-04 / 2.5713E-04   
1630   1.396E-03   1.9004E-04   2.7238E-04   1.8993E-04 / 2.7227E-04   
1640   1.396E-03   1.8823E-04   2.8073E-04   1.8808E-04 / 2.8060E-04   
1650   1.396E-03   4.9974E-04   5.6394E-04   4.9962E-04 / 5.6383E-04   
1660   1.396E-03   1.9003E-04   2.5171E-04   1.8992E-04 / 2.5162E-04   
1670   1.396E-03   1.8632E-04   2.5143E-04   1.8620E-04 / 2.5132E-04   
1680   1.396E-03   1.8592E-04   2.5651E-04   1.8580E-04 / 2.5640E-04   
1690   1.396E-03   1.8432E-04   2.6235E-04   1.8421E-04 / 2.6225E-04   
1700   1.396E-03   1.8555E-04   2.5959E-04   1.8543E-04 / 2.5947E-04   
1710   1.396E-03   1.8439E-04   2.6717E-04   1.8427E-04 / 2.6707E-04   
1720   1.396E-03   2.0117E-04   2.5253E-04   2.0105E-04 / 2.5242E-04   
1730   1.396E-03   1.8953E-04   2.6016E-04   1.8940E-04 / 2.6004E-04   
1740   1.396E-03   1.8659E-04   2.7798E-04   1.8646E-04 / 2.7788E-04   
1750   1.396E-03   1.8381E-04   2.7384E-04   1.8371E-04 / 2.7374E-04   
1760   1.396E-03   1.8921E-04   2.7242E-04   1.8908E-04 / 2.7230E-04   
1770   1.396E-03   1.8302E-04   2.8314E-04   1.8290E-04 / 2.8303E-04   
1780   1.396E-03   1.8628E-04   2.5772E-04   1.8617E-04 / 2.5762E-04   
1790   1.396E-03   1.9270E-04   2.7427E-04   1.9258E-04 / 2.7416E-04   
1800   1.396E-03   1.8068E-04   2.7888E-04   1.8056E-04 / 2.7878E-04   
1810   1.396E-03   2.0290E-04   3.2116E-04   2.0278E-04 / 3.2107E-04   
1820   1.396E-03   1.7903E-04   2.8125E-04   1.7890E-04 / 2.8114E-04   
1830   1.396E-03   1.8851E-04   2.7283E-04   1.8840E-04 / 2.7274E-04   
1840   1.396E-03   1.7721E-04   2.6706E-04   1.7707E-04 / 2.6696E-04   
1850   1.396E-03   1.7789E-04   2.6534E-04   1.7776E-04 / 2.6524E-04   
1860   1.396E-03   1.7692E-04   2.6498E-04   1.7679E-04 / 2.6486E-04   
1870   1.396E-03   1.8704E-04   2.9769E-04   1.8691E-04 / 2.9758E-04   
1880   1.396E-03   1.7625E-04   2.7360E-04   1.7610E-04 / 2.7349E-04   
1890   1.396E-03   2.7687E-04   4.5646E-04   2.7670E-04 / 4.5634E-04   
1900   1.396E-03   1.8272E-04   2.7046E-04   1.8260E-04 / 2.7036E-04   
1910   1.396E-03   1.8175E-04   2.7423E-04   1.8160E-04 / 2.7411E-04   
1920   1.396E-03   1.7899E-04   2.8100E-04   1.7885E-04 / 2.8089E-04   
1926   1.396E-03   2.5632E-04   4.4555E-04   2.5617E-04 / 4.4545E-04   
BEST MODEL
===============================================================================================================
1663   1.396E-03   1.9052E-04   2.4335E-04   1.9040E-04 / 2.4323E-04   
===============================================================================================================
Saved model to /home/nikki/kan/kanTBNN/models/multi_run/kan_experiment_45_opt/kanTBNN-24Nov06_01:51:03.pickle
