========== Dataset info ==========
Dataset params: {'file': '/home/nikki/kan/data/turbulence_dataset_clean.csv', 'Cases': ['fp_1000', 'fp_1410', 'fp_2000', 'fp_2540', 'fp_3030', 'fp_3270', 'fp_3630', 'fp_3970', 'fp_4060'], 'val_set': ['fp_3030', 'fp_1410', 'fp_4060'], 'test_set': ['fp_3630'], 'data_loader': <class 'tbnn.dataloaders.aDataset'>}
Train/Valid/Test points: 760 / 468 / 168
Memorization?: False
Cluster training?: False
EPOCH     LR        TRAIN         VALID             MSE:T/V                  RL:T/V             %NR_t/%NR_v
===============================================================================================================
  1   9.126E-03   1.9108E-01   1.8462E-01   1.8344E-01 / 1.7857E-01   
 10   9.126E-03   2.6429E-03   2.3456E-03   2.6227E-03 / 2.3259E-03   
 20   9.126E-03   1.5991E-03   1.5019E-03   1.5915E-03 / 1.4944E-03   
 30   9.126E-03   1.2782E-03   1.2425E-03   1.2717E-03 / 1.2365E-03   
 40   9.126E-03   1.0982E-03   1.0823E-03   1.0936E-03 / 1.0781E-03   
 50   9.126E-03   9.6420E-04   9.6102E-04   9.6071E-04 / 9.5794E-04   
 60   9.126E-03   8.6089E-04   8.7598E-04   8.5785E-04 / 8.7338E-04   
 70   9.126E-03   7.8426E-04   8.1682E-04   7.8270E-04 / 8.1557E-04   
 80   9.126E-03   7.2715E-04   7.8693E-04   7.2532E-04 / 7.8546E-04   
 90   9.126E-03   6.7468E-04   7.5719E-04   6.7241E-04 / 7.5527E-04   
100   9.126E-03   6.3026E-04   7.1753E-04   6.2786E-04 / 7.1549E-04   
110   9.126E-03   5.9398E-04   7.0335E-04   5.9162E-04 / 7.0129E-04   
120   9.126E-03   5.6191E-04   6.4316E-04   5.5902E-04 / 6.4060E-04   
130   9.126E-03   5.3457E-04   6.0821E-04   5.3231E-04 / 6.0622E-04   
140   9.126E-03   5.0657E-04   5.9672E-04   5.0386E-04 / 5.9425E-04   
150   9.126E-03   4.8658E-04   5.6318E-04   4.8344E-04 / 5.6031E-04   
160   9.126E-03   4.7202E-04   5.2226E-04   4.6923E-04 / 5.1980E-04   
170   9.126E-03   4.5085E-04   5.4456E-04   4.4832E-04 / 5.4222E-04   
180   9.126E-03   4.3639E-04   5.2065E-04   4.3438E-04 / 5.1882E-04   
190   9.126E-03   4.2045E-04   4.7753E-04   4.1748E-04 / 4.7478E-04   
200   9.126E-03   4.1080E-04   4.7975E-04   4.0898E-04 / 4.7808E-04   
210   9.126E-03   3.9276E-04   4.6229E-04   3.9054E-04 / 4.6021E-04   
220   9.126E-03   3.8018E-04   4.5352E-04   3.7820E-04 / 4.5165E-04   
230   9.126E-03   3.6697E-04   4.6275E-04   3.6533E-04 / 4.6118E-04   
240   9.126E-03   3.6876E-04   4.5444E-04   3.6641E-04 / 4.5222E-04   
250   9.126E-03   3.5054E-04   4.3830E-04   3.4901E-04 / 4.3683E-04   
260   9.126E-03   3.6080E-04   4.5406E-04   3.5841E-04 / 4.5189E-04   
270   9.126E-03   3.3377E-04   4.2771E-04   3.3194E-04 / 4.2614E-04   
280   9.126E-03   3.3066E-04   4.1916E-04   3.2881E-04 / 4.1744E-04   
290   9.126E-03   3.2368E-04   3.9766E-04   3.2217E-04 / 3.9621E-04   
300   9.126E-03   3.3270E-04   4.2298E-04   3.3055E-04 / 4.2101E-04   
310   9.126E-03   3.0604E-04   3.9657E-04   3.0396E-04 / 3.9455E-04   
320   9.126E-03   2.9636E-04   3.9409E-04   2.9415E-04 / 3.9196E-04   
330   9.126E-03   2.9153E-04   3.8040E-04   2.8932E-04 / 3.7824E-04   
340   9.126E-03   3.0481E-04   3.9822E-04   3.0251E-04 / 3.9595E-04   
350   9.126E-03   2.8144E-04   3.9560E-04   2.7906E-04 / 3.9325E-04   
360   9.126E-03   3.7123E-04   4.9382E-04   3.6927E-04 / 4.9185E-04   
370   9.126E-03   2.7712E-04   3.7615E-04   2.7458E-04 / 3.7377E-04   
380   9.126E-03   2.8547E-04   3.7033E-04   2.8380E-04 / 3.6864E-04   
390   9.126E-03   2.7682E-04   3.9931E-04   2.7452E-04 / 3.9699E-04   
400   9.126E-03   2.6700E-04   3.6645E-04   2.6518E-04 / 3.6460E-04   
410   9.126E-03   2.7653E-04   3.6287E-04   2.7470E-04 / 3.6101E-04   
420   9.126E-03   2.5857E-04   3.5068E-04   2.5619E-04 / 3.4858E-04   
430   9.126E-03   2.6979E-04   3.6952E-04   2.6667E-04 / 3.6666E-04   
440   9.126E-03   2.5040E-04   3.4326E-04   2.4812E-04 / 3.4113E-04   
450   9.126E-03   2.4195E-04   3.3342E-04   2.4014E-04 / 3.3163E-04   
460   9.126E-03   2.3969E-04   3.4708E-04   2.3758E-04 / 3.4505E-04   
470   9.126E-03   2.3813E-04   3.3276E-04   2.3672E-04 / 3.3136E-04   
480   9.126E-03   2.4667E-04   3.5794E-04   2.4453E-04 / 3.5584E-04   
490   9.126E-03   2.4563E-04   3.3012E-04   2.4420E-04 / 3.2870E-04   
500   9.126E-03   2.3562E-04   3.4516E-04   2.3347E-04 / 3.4309E-04   
510   9.126E-03   2.3823E-04   3.5216E-04   2.3583E-04 / 3.4993E-04   
520   9.126E-03   2.1968E-04   3.2412E-04   2.1799E-04 / 3.2247E-04   
530   9.126E-03   2.5496E-04   3.4111E-04   2.5345E-04 / 3.3966E-04   
540   9.126E-03   2.5985E-04   3.8097E-04   2.5625E-04 / 3.7790E-04   
550   9.126E-03   2.2683E-04   3.4814E-04   2.2552E-04 / 3.4683E-04   
560   9.126E-03   2.1791E-04   3.3937E-04   2.1645E-04 / 3.3789E-04   
570   9.126E-03   2.1125E-04   3.1174E-04   2.0970E-04 / 3.1019E-04   
580   9.126E-03   2.2265E-04   3.1216E-04   2.2109E-04 / 3.1058E-04   
590   9.126E-03   2.1116E-04   3.2661E-04   2.0950E-04 / 3.2504E-04   
600   9.126E-03   2.1072E-04   3.2062E-04   2.0942E-04 / 3.1928E-04   
610   9.126E-03   2.1317E-04   3.2473E-04   2.1119E-04 / 3.2287E-04   
620   9.126E-03   2.0739E-04   2.9275E-04   2.0586E-04 / 2.9117E-04   
630   9.126E-03   2.4163E-04   3.7923E-04   2.3971E-04 / 3.7765E-04   
640   9.126E-03   1.9614E-04   2.9914E-04   1.9450E-04 / 2.9760E-04   
650   9.126E-03   2.0678E-04   2.5845E-04   2.0513E-04 / 2.5678E-04   
660   9.126E-03   1.9529E-04   2.8237E-04   1.9389E-04 / 2.8090E-04   
670   9.126E-03   2.1338E-04   2.7559E-04   2.1201E-04 / 2.7417E-04   
680   9.126E-03   1.8764E-04   2.7222E-04   1.8565E-04 / 2.7016E-04   
690   9.126E-03   1.8801E-04   2.7364E-04   1.8610E-04 / 2.7179E-04   
700   9.126E-03   1.8663E-04   2.7332E-04   1.8558E-04 / 2.7226E-04   
710   9.126E-03   1.9715E-04   2.9918E-04   1.9565E-04 / 2.9765E-04   
720   9.126E-03   1.9783E-04   2.9771E-04   1.9681E-04 / 2.9667E-04   
730   9.126E-03   1.8707E-04   2.8262E-04   1.8565E-04 / 2.8118E-04   
740   9.126E-03   1.8277E-04   2.5081E-04   1.8121E-04 / 2.4923E-04   
750   9.126E-03   2.4149E-04   2.3693E-04   2.3920E-04 / 2.3486E-04   
760   9.126E-03   1.8872E-04   2.5804E-04   1.8709E-04 / 2.5645E-04   
770   9.126E-03   2.1464E-04   2.6549E-04   2.1385E-04 / 2.6469E-04   
780   9.126E-03   1.8697E-04   2.7443E-04   1.8598E-04 / 2.7342E-04   
790   9.126E-03   1.8241E-04   2.5003E-04   1.8169E-04 / 2.4929E-04   
800   9.126E-03   3.8479E-04   4.3697E-04   3.8449E-04 / 4.3665E-04   
810   9.126E-03   1.8664E-04   2.2026E-04   1.8451E-04 / 2.1847E-04   
820   9.126E-03   1.7914E-04   2.2848E-04   1.7759E-04 / 2.2691E-04   
830   9.126E-03   1.7364E-04   2.2754E-04   1.7192E-04 / 2.2586E-04   
840   9.126E-03   1.7210E-04   2.2627E-04   1.7076E-04 / 2.2494E-04   
850   9.126E-03   2.0004E-04   2.4865E-04   1.9909E-04 / 2.4767E-04   
860   9.126E-03   1.7743E-04   2.3049E-04   1.7639E-04 / 2.2943E-04   
870   9.126E-03   1.8850E-04   2.3936E-04   1.8767E-04 / 2.3850E-04   
880   9.126E-03   2.1747E-04   2.4721E-04   2.1667E-04 / 2.4639E-04   
890   9.126E-03   2.0998E-04   2.3359E-04   2.0940E-04 / 2.3297E-04   
900   9.126E-03   1.7647E-04   2.1015E-04   1.7532E-04 / 2.0898E-04   
910   9.126E-03   1.6966E-04   2.0425E-04   1.6824E-04 / 2.0281E-04   
920   9.126E-03   1.7121E-04   2.0296E-04   1.6945E-04 / 2.0128E-04   
930   9.126E-03   1.6821E-04   2.0868E-04   1.6682E-04 / 2.0726E-04   
940   9.126E-03   1.7428E-04   2.0893E-04   1.7198E-04 / 2.0651E-04   
950   9.126E-03   1.6698E-04   2.0473E-04   1.6495E-04 / 2.0263E-04   
960   9.126E-03   2.5830E-04   2.1346E-04   2.5687E-04 / 2.1198E-04   
970   9.126E-03   1.7821E-04   2.0409E-04   1.7702E-04 / 2.0288E-04   
980   9.126E-03   1.6787E-04   1.9874E-04   1.6651E-04 / 1.9735E-04   
990   9.126E-03   1.7521E-04   2.0702E-04   1.7438E-04 / 2.0618E-04   
1000   9.126E-03   1.6592E-04   2.0101E-04   1.6361E-04 / 1.9878E-04   
1010   9.126E-03   1.8913E-04   2.1554E-04   1.8689E-04 / 2.1323E-04   
1020   9.126E-03   1.7808E-04   2.0095E-04   1.7686E-04 / 1.9970E-04   
1030   9.126E-03   1.8776E-04   2.2004E-04   1.8232E-04 / 2.1533E-04   
1040   9.126E-03   1.6229E-04   1.9501E-04   1.6054E-04 / 1.9326E-04   
1050   9.126E-03   1.8259E-04   2.1615E-04   1.8186E-04 / 2.1539E-04   
1060   9.126E-03   1.5937E-04   1.9242E-04   1.5783E-04 / 1.9105E-04   
1070   9.126E-03   1.6322E-04   2.0224E-04   1.6110E-04 / 2.0000E-04   
1080   9.126E-03   1.6324E-04   1.9356E-04   1.6184E-04 / 1.9213E-04   
1090   9.126E-03   1.9498E-04   2.1991E-04   1.9454E-04 / 2.1945E-04   
1100   9.126E-03   1.6390E-04   1.9760E-04   1.6304E-04 / 1.9672E-04   
1110   9.126E-03   1.7080E-04   1.9480E-04   1.6980E-04 / 1.9397E-04   
1120   9.126E-03   1.6012E-04   1.9219E-04   1.5871E-04 / 1.9116E-04   
1130   9.126E-03   2.1929E-04   2.2176E-04   2.1547E-04 / 2.1772E-04   
1140   9.126E-03   1.5902E-04   1.9170E-04   1.5800E-04 / 1.9061E-04   
1150   9.126E-03   1.5657E-04   1.9208E-04   1.5546E-04 / 1.9094E-04   
1160   9.126E-03   1.6244E-04   2.0639E-04   1.5920E-04 / 2.0318E-04   
1170   9.126E-03   1.6909E-04   2.0952E-04   1.6787E-04 / 2.0815E-04   
1180   9.126E-03   1.7082E-04   2.1538E-04   1.6991E-04 / 2.1435E-04   
1190   9.126E-03   1.5205E-04   1.8872E-04   1.5106E-04 / 1.8759E-04   
1200   9.126E-03   1.5654E-04   1.8808E-04   1.5519E-04 / 1.8667E-04   
1210   9.126E-03   1.5516E-04   1.8703E-04   1.5433E-04 / 1.8608E-04   
1220   9.126E-03   1.6497E-04   1.9829E-04   1.6426E-04 / 1.9753E-04   
1230   9.126E-03   1.5305E-04   1.8466E-04   1.5214E-04 / 1.8366E-04   
1240   9.126E-03   1.5352E-04   1.8590E-04   1.5226E-04 / 1.8480E-04   
1250   9.126E-03   1.5822E-04   1.9408E-04   1.5752E-04 / 1.9335E-04   
1260   9.126E-03   1.5298E-04   1.8465E-04   1.5274E-04 / 1.8438E-04   
1270   9.126E-03   1.4561E-04   1.9154E-04   1.4458E-04 / 1.9036E-04   
1280   9.126E-03   1.4356E-04   1.8422E-04   1.4292E-04 / 1.8356E-04   
1290   9.126E-03   1.4543E-04   1.9259E-04   1.4462E-04 / 1.9173E-04   
1300   9.126E-03   1.4217E-04   1.8111E-04   1.4144E-04 / 1.8029E-04   
1310   9.126E-03   1.4597E-04   1.7253E-04   1.4515E-04 / 1.7179E-04   
1320   9.126E-03   1.4625E-04   1.8745E-04   1.4510E-04 / 1.8636E-04   
1330   9.126E-03   1.4009E-04   1.7793E-04   1.3932E-04 / 1.7733E-04   
1340   9.126E-03   1.4132E-04   1.7650E-04   1.4070E-04 / 1.7589E-04   
1350   9.126E-03   1.4167E-04   1.8323E-04   1.4068E-04 / 1.8239E-04   
1360   9.126E-03   1.4098E-04   1.7940E-04   1.3970E-04 / 1.7803E-04   
1370   9.126E-03   1.4789E-04   1.8150E-04   1.4672E-04 / 1.8023E-04   
1380   9.126E-03   1.4810E-04   1.9468E-04   1.4738E-04 / 1.9387E-04   
1390   9.126E-03   1.3757E-04   1.8473E-04   1.3627E-04 / 1.8330E-04   
1400   9.126E-03   1.4341E-04   1.8392E-04   1.4266E-04 / 1.8309E-04   
1410   9.126E-03   1.3916E-04   1.7546E-04   1.3605E-04 / 1.7217E-04   
1420   9.126E-03   1.3594E-04   1.7242E-04   1.3534E-04 / 1.7174E-04   
1430   9.126E-03   1.5356E-04   1.9485E-04   1.5307E-04 / 1.9430E-04   
1440   9.126E-03   1.3413E-04   1.7596E-04   1.3391E-04 / 1.7568E-04   
1450   9.126E-03   1.4683E-04   1.8315E-04   1.4640E-04 / 1.8261E-04   
1460   9.126E-03   1.7797E-04   2.1300E-04   1.7729E-04 / 2.1220E-04   
1470   9.126E-03   1.3054E-04   1.6780E-04   1.2963E-04 / 1.6684E-04   
1480   9.126E-03   1.2825E-04   1.6545E-04   1.2693E-04 / 1.6415E-04   
1490   9.126E-03   1.2942E-04   1.6782E-04   1.2845E-04 / 1.6674E-04   
1500   9.126E-03   1.4210E-04   1.8941E-04   1.4092E-04 / 1.8815E-04   
1510   9.126E-03   1.2698E-04   1.7247E-04   1.2584E-04 / 1.7127E-04   
1520   9.126E-03   1.2564E-04   1.6894E-04   1.2530E-04 / 1.6860E-04   
1530   9.126E-03   1.6023E-04   1.9518E-04   1.5981E-04 / 1.9473E-04   
1540   9.126E-03   1.3751E-04   1.7564E-04   1.3357E-04 / 1.7214E-04   
1550   9.126E-03   1.2952E-04   1.6473E-04   1.2853E-04 / 1.6366E-04   
1560   9.126E-03   1.3886E-04   1.8424E-04   1.3276E-04 / 1.7852E-04   
1570   9.126E-03   1.2591E-04   1.6607E-04   1.2484E-04 / 1.6502E-04   
1580   9.126E-03   1.2615E-04   1.6260E-04   1.2554E-04 / 1.6196E-04   
1590   9.126E-03   1.2460E-04   1.6246E-04   1.2290E-04 / 1.6109E-04   
1600   9.126E-03   1.2692E-04   1.6532E-04   1.2634E-04 / 1.6470E-04   
1610   9.126E-03   1.2564E-04   1.6664E-04   1.2438E-04 / 1.6552E-04   
1620   9.126E-03   1.2253E-04   1.5718E-04   1.2157E-04 / 1.5612E-04   
1630   9.126E-03   1.2395E-04   1.5767E-04   1.2292E-04 / 1.5650E-04   
1640   9.126E-03   1.2582E-04   1.6121E-04   1.2401E-04 / 1.5912E-04   
1650   9.126E-03   1.4702E-04   1.8484E-04   1.3688E-04 / 1.7588E-04   
1660   9.126E-03   1.2302E-04   1.6282E-04   1.2101E-04 / 1.6057E-04   
1670   9.126E-03   1.2707E-04   1.6200E-04   1.2600E-04 / 1.6077E-04   
1680   9.126E-03   1.2292E-04   1.5645E-04   1.1904E-04 / 1.5204E-04   
1690   9.126E-03   1.1881E-04   1.5909E-04   1.1743E-04 / 1.5746E-04   
1700   9.126E-03   1.1830E-04   1.5817E-04   1.1705E-04 / 1.5692E-04   
1710   9.126E-03   1.1744E-04   1.5385E-04   1.1719E-04 / 1.5356E-04   
1720   9.126E-03   1.1885E-04   1.5621E-04   1.1795E-04 / 1.5547E-04   
1730   9.126E-03   1.3268E-04   1.6551E-04   1.3007E-04 / 1.6342E-04   
1740   9.126E-03   1.2428E-04   1.6291E-04   1.2289E-04 / 1.6128E-04   
1750   9.126E-03   1.2464E-04   1.6207E-04   1.1773E-04 / 1.5496E-04   
1760   9.126E-03   1.1785E-04   1.5684E-04   1.1757E-04 / 1.5653E-04   
1770   9.126E-03   1.4502E-04   1.8926E-04   1.4456E-04 / 1.8860E-04   
1780   9.126E-03   1.2118E-04   1.5779E-04   1.2041E-04 / 1.5698E-04   
1790   9.126E-03   1.1809E-04   1.5316E-04   1.1724E-04 / 1.5216E-04   
1800   9.126E-03   1.2494E-04   1.6374E-04   1.2379E-04 / 1.6242E-04   
1810   9.126E-03   1.1890E-04   1.6030E-04   1.1717E-04 / 1.5828E-04   
1820   9.126E-03   1.3360E-04   1.7198E-04   1.3297E-04 / 1.7131E-04   
1830   9.126E-03   1.2275E-04   1.5916E-04   1.2053E-04 / 1.5675E-04   
1840   9.126E-03   1.1906E-04   1.5131E-04   1.1776E-04 / 1.4982E-04   
1850   9.126E-03   1.2055E-04   1.5456E-04   1.2009E-04 / 1.5402E-04   
1860   9.126E-03   1.5348E-04   1.8187E-04   1.3321E-04 / 1.6402E-04   
1870   9.126E-03   1.1449E-04   1.4796E-04   1.1272E-04 / 1.4584E-04   
1880   9.126E-03   1.2444E-04   1.5732E-04   1.2258E-04 / 1.5534E-04   
1890   9.126E-03   1.1712E-04   1.4900E-04   1.1495E-04 / 1.4676E-04   
1900   9.126E-03   1.1720E-04   1.5057E-04   1.1414E-04 / 1.4728E-04   
1910   9.126E-03   1.1661E-04   1.4725E-04   1.1647E-04 / 1.4711E-04   
1920   9.126E-03   1.2358E-04   1.5781E-04   1.2142E-04 / 1.5550E-04   
1930   9.126E-03   1.1839E-04   1.5021E-04   1.1782E-04 / 1.4953E-04   
1940   9.126E-03   1.2372E-04   1.5394E-04   1.2149E-04 / 1.5170E-04   
1950   9.126E-03   1.2269E-04   1.4559E-04   1.2206E-04 / 1.4492E-04   
1960   9.126E-03   1.2303E-04   1.5317E-04   1.1716E-04 / 1.4661E-04   
1970   9.126E-03   1.2973E-04   1.6149E-04   1.2762E-04 / 1.5928E-04   
1980   9.126E-03   1.1351E-04   1.4621E-04   1.1326E-04 / 1.4594E-04   
1990   9.126E-03   1.1018E-04   1.3826E-04   1.0951E-04 / 1.3741E-04   
2000   9.126E-03   1.1708E-04   1.4200E-04   1.1421E-04 / 1.3935E-04   
2010   9.126E-03   1.2764E-04   1.5568E-04   1.1900E-04 / 1.4711E-04   
2020   9.126E-03   1.1560E-04   1.4201E-04   1.1512E-04 / 1.4152E-04   
2030   9.126E-03   1.0906E-04   1.3637E-04   1.0746E-04 / 1.3467E-04   
2040   9.126E-03   1.2005E-04   1.4898E-04   1.1354E-04 / 1.4329E-04   
2050   9.126E-03   1.2619E-04   1.5352E-04   1.2018E-04 / 1.4787E-04   
2060   9.126E-03   1.6773E-04   1.9861E-04   1.3664E-04 / 1.6762E-04   
2070   9.126E-03   1.0809E-04   1.3563E-04   1.0649E-04 / 1.3394E-04   
2080   9.126E-03   1.1270E-04   1.4114E-04   1.1203E-04 / 1.4042E-04   
2090   9.126E-03   1.1223E-04   1.3484E-04   1.1214E-04 / 1.3475E-04   
2100   9.126E-03   1.0829E-04   1.3567E-04   1.0705E-04 / 1.3432E-04   
2110   9.126E-03   1.0786E-04   1.3150E-04   1.0641E-04 / 1.3011E-04   
2120   9.126E-03   1.1079E-04   1.3534E-04   1.0945E-04 / 1.3406E-04   
2130   9.126E-03   1.1390E-04   1.3949E-04   1.1227E-04 / 1.3783E-04   
2140   9.126E-03   1.1103E-04   1.3751E-04   1.0922E-04 / 1.3579E-04   
2150   9.126E-03   1.0852E-04   1.3626E-04   1.0500E-04 / 1.3281E-04   
2160   9.126E-03   1.1376E-04   1.3538E-04   1.1329E-04 / 1.3488E-04   
2170   9.126E-03   1.1174E-04   1.3465E-04   1.1162E-04 / 1.3453E-04   
2180   9.126E-03   1.6241E-04   1.8566E-04   1.3104E-04 / 1.5538E-04   
2190   9.126E-03   1.0950E-04   1.3256E-04   1.0698E-04 / 1.2981E-04   
2200   9.126E-03   1.2715E-04   1.5020E-04   1.1323E-04 / 1.3630E-04   
2210   9.126E-03   1.0245E-04   1.2254E-04   1.0202E-04 / 1.2209E-04   
2220   9.126E-03   1.0632E-04   1.2910E-04   1.0585E-04 / 1.2862E-04   
2230   9.126E-03   1.0524E-04   1.2889E-04   1.0133E-04 / 1.2502E-04   
2240   9.126E-03   1.1709E-04   1.3941E-04   1.1512E-04 / 1.3744E-04   
2250   9.126E-03   1.0978E-04   1.3438E-04   1.0965E-04 / 1.3424E-04   
2260   9.126E-03   1.0147E-04   1.2272E-04   1.0072E-04 / 1.2192E-04   
2270   9.126E-03   1.0883E-04   1.3398E-04   1.0772E-04 / 1.3288E-04   
2280   9.126E-03   1.0747E-04   1.2832E-04   1.0729E-04 / 1.2818E-04   
2290   9.126E-03   1.0430E-04   1.2574E-04   1.0415E-04 / 1.2558E-04   
2300   9.126E-03   1.0390E-04   1.2195E-04   1.0366E-04 / 1.2178E-04   
2310   9.126E-03   1.0873E-04   1.2290E-04   1.0772E-04 / 1.2183E-04   
2320   9.126E-03   9.9413E-05   1.1584E-04   9.9134E-05 / 1.1554E-04   
2330   9.126E-03   1.0300E-04   1.2426E-04   1.0200E-04 / 1.2325E-04   
2340   9.126E-03   1.0227E-04   1.2310E-04   1.0152E-04 / 1.2244E-04   
2350   9.126E-03   1.0559E-04   1.2710E-04   1.0534E-04 / 1.2682E-04   
2360   9.126E-03   1.0137E-04   1.1616E-04   1.0038E-04 / 1.1522E-04   
2370   9.126E-03   1.0482E-04   1.2063E-04   1.0298E-04 / 1.1880E-04   
2380   9.126E-03   9.7360E-05   1.1705E-04   9.7224E-05 / 1.1689E-04   
2390   9.126E-03   9.6348E-05   1.1783E-04   9.5727E-05 / 1.1719E-04   
2400   9.126E-03   1.3539E-04   1.5393E-04   1.3524E-04 / 1.5375E-04   
2410   9.126E-03   9.9950E-05   1.1734E-04   9.9266E-05 / 1.1662E-04   
2420   9.126E-03   9.6246E-05   1.1442E-04   9.5561E-05 / 1.1371E-04   
2430   9.126E-03   9.7145E-05   1.1553E-04   9.5002E-05 / 1.1334E-04   
2440   9.126E-03   9.6019E-05   1.1678E-04   9.4103E-05 / 1.1485E-04   
2450   9.126E-03   9.6052E-05   1.1192E-04   9.4989E-05 / 1.1085E-04   
2460   9.126E-03   9.5215E-05   1.1339E-04   9.3391E-05 / 1.1155E-04   
2470   9.126E-03   1.2431E-04   1.5648E-04   1.2387E-04 / 1.5600E-04   
2480   9.126E-03   9.5866E-05   1.0999E-04   9.5153E-05 / 1.0921E-04   
2490   9.126E-03   9.6589E-05   1.1861E-04   9.6474E-05 / 1.1848E-04   
2500   9.126E-03   9.0329E-05   1.0515E-04   8.9147E-05 / 1.0389E-04   
2510   9.126E-03   1.1138E-04   1.2796E-04   9.8000E-05 / 1.1385E-04   
2520   9.126E-03   5.4332E-04   6.2388E-04   5.4211E-04 / 6.2234E-04   
2530   9.126E-03   9.9081E-05   1.1132E-04   9.9037E-05 / 1.1126E-04   
2540   9.126E-03   9.5827E-05   1.0892E-04   9.4743E-05 / 1.0780E-04   
2550   9.126E-03   9.1359E-05   1.0228E-04   9.1058E-05 / 1.0194E-04   
2560   9.126E-03   9.1954E-05   1.0306E-04   9.1785E-05 / 1.0288E-04   
2570   9.126E-03   9.0289E-05   1.0213E-04   9.0090E-05 / 1.0190E-04   
2580   9.126E-03   8.9754E-05   1.0187E-04   8.7847E-05 / 9.9957E-05   
2590   9.126E-03   8.9717E-05   1.0083E-04   8.9411E-05 / 1.0048E-04   
2600   9.126E-03   9.2775E-05   1.0331E-04   9.2468E-05 / 1.0296E-04   
2610   9.126E-03   8.8635E-05   1.0054E-04   8.6774E-05 / 9.8709E-05   
2620   9.126E-03   8.7981E-05   9.8764E-05   8.7552E-05 / 9.8346E-05   
2630   9.126E-03   8.6275E-05   9.7427E-05   8.5813E-05 / 9.6937E-05   
2640   9.126E-03   8.8623E-05   9.9541E-05   8.8372E-05 / 9.9254E-05   
2650   9.126E-03   8.5760E-05   9.9076E-05   8.5489E-05 / 9.8782E-05   
2660   9.126E-03   9.2906E-05   1.0303E-04   9.2806E-05 / 1.0292E-04   
2670   9.126E-03   8.9066E-05   1.0017E-04   8.8952E-05 / 1.0004E-04   
2680   9.126E-03   1.0775E-04   1.1981E-04   1.0774E-04 / 1.1980E-04   
2690   9.126E-03   8.9222E-05   1.0128E-04   8.7720E-05 / 9.9705E-05   
2700   9.126E-03   8.4288E-05   9.5650E-05   8.3576E-05 / 9.4927E-05   
2710   9.126E-03   8.6787E-05   1.0196E-04   8.4646E-05 / 9.9827E-05   
2720   9.126E-03   1.0328E-04   1.1385E-04   1.0306E-04 / 1.1376E-04   
2730   9.126E-03   8.8356E-05   1.0193E-04   8.7232E-05 / 1.0109E-04   
2740   9.126E-03   8.5481E-05   1.0020E-04   8.5081E-05 / 9.9805E-05   
2750   9.126E-03   2.4866E-04   2.5168E-04   2.4340E-04 / 2.4759E-04   
2760   9.126E-03   9.0123E-05   9.6698E-05   8.9583E-05 / 9.6182E-05   
2770   9.126E-03   8.7045E-05   9.7547E-05   8.5771E-05 / 9.6291E-05   
2780   9.126E-03   8.3503E-05   9.2288E-05   8.3047E-05 / 9.1826E-05   
2790   9.126E-03   8.2943E-05   9.3645E-05   8.2112E-05 / 9.2765E-05   
2800   9.126E-03   8.2808E-05   9.2422E-05   8.2178E-05 / 9.1907E-05   
2810   9.126E-03   8.1046E-05   9.1584E-05   8.0655E-05 / 9.1268E-05   
2820   9.126E-03   8.2367E-05   9.5240E-05   8.0476E-05 / 9.3303E-05   
2830   9.126E-03   8.2134E-05   9.5120E-05   8.1693E-05 / 9.4782E-05   
2840   9.126E-03   8.9550E-05   1.0017E-04   8.9246E-05 / 1.0015E-04   
2850   9.126E-03   9.8814E-05   1.0956E-04   9.8814E-05 / 1.0956E-04   
2860   9.126E-03   8.6771E-05   9.9143E-05   8.3017E-05 / 9.5157E-05   
2870   9.126E-03   8.4980E-05   9.6346E-05   8.4961E-05 / 9.6328E-05   
2880   9.126E-03   8.4017E-05   9.5343E-05   8.0290E-05 / 9.1614E-05   
2890   9.126E-03   8.7952E-05   9.7695E-05   8.4019E-05 / 9.4482E-05   
2900   9.126E-03   8.3056E-05   9.2220E-05   8.3037E-05 / 9.2201E-05   
2910   9.126E-03   8.9496E-05   9.7509E-05   8.7826E-05 / 9.5672E-05   
2920   9.126E-03   8.5083E-05   9.5260E-05   8.5083E-05 / 9.5259E-05   
2930   9.126E-03   7.5039E-05   8.6090E-05   7.4632E-05 / 8.5694E-05   
2940   9.126E-03   7.3543E-05   8.5370E-05   7.3142E-05 / 8.4968E-05   
2950   9.126E-03   1.0170E-04   1.1365E-04   1.0109E-04 / 1.1306E-04   
2960   9.126E-03   7.8151E-05   9.1661E-05   7.4294E-05 / 8.7445E-05   
2970   9.126E-03   7.4957E-05   8.8068E-05   7.4866E-05 / 8.7963E-05   
2980   9.126E-03   7.1745E-05   8.5490E-05   7.1479E-05 / 8.5205E-05   
2990   9.126E-03   7.1155E-05   8.3956E-05   7.0532E-05 / 8.3349E-05   
3000   9.126E-03   7.2540E-05   8.7356E-05   7.0984E-05 / 8.5540E-05   
3010   9.126E-03   7.0965E-05   8.6980E-05   7.0757E-05 / 8.6736E-05   
3020   9.126E-03   7.6114E-05   9.2729E-05   7.5231E-05 / 9.1718E-05   
3030   9.126E-03   7.9199E-05   9.4382E-05   7.9195E-05 / 9.4382E-05   
3040   9.126E-03   7.3455E-05   8.9437E-05   7.2879E-05 / 8.9268E-05   
3050   9.126E-03   7.2094E-05   8.6711E-05   7.1834E-05 / 8.6435E-05   
3060   9.126E-03   7.4801E-05   9.4784E-05   7.4572E-05 / 9.4505E-05   
3070   9.126E-03   6.9046E-05   8.5519E-05   6.8668E-05 / 8.5046E-05   
3080   9.126E-03   8.7968E-05   1.0205E-04   8.7968E-05 / 1.0205E-04   
3090   9.126E-03   7.0167E-05   8.7301E-05   6.9466E-05 / 8.6818E-05   
3100   9.126E-03   1.1769E-04   1.6235E-04   1.1763E-04 / 1.6235E-04   
3110   9.126E-03   8.9854E-05   9.7249E-05   8.9828E-05 / 9.7213E-05   
3120   9.126E-03   7.8549E-05   9.0143E-05   7.7902E-05 / 8.9389E-05   
3130   9.126E-03   7.5299E-05   8.7895E-05   7.5038E-05 / 8.7763E-05   
3140   9.126E-03   7.5084E-05   9.0252E-05   7.3963E-05 / 8.8975E-05   
3150   9.126E-03   7.2443E-05   9.2033E-05   7.2189E-05 / 9.1751E-05   
3160   9.126E-03   6.9488E-05   8.9611E-05   6.9102E-05 / 8.9271E-05   
3170   9.126E-03   7.9858E-05   1.0377E-04   7.5384E-05 / 9.8227E-05   
3180   9.126E-03   7.3100E-05   9.5484E-05   7.2350E-05 / 9.4607E-05   
3190   9.126E-03   6.9256E-05   9.2723E-05   6.8559E-05 / 9.1969E-05   
3200   9.126E-03   7.5237E-05   9.7161E-05   7.5225E-05 / 9.7160E-05   
3210   9.126E-03   6.7586E-05   8.9644E-05   6.7102E-05 / 8.9270E-05   
3220   9.126E-03   6.6862E-05   8.9060E-05   6.6563E-05 / 8.8706E-05   
3230   9.126E-03   6.6920E-05   8.9003E-05   6.6535E-05 / 8.8751E-05   
3240   9.126E-03   6.8325E-05   9.2696E-05   6.6335E-05 / 9.0197E-05   
3250   9.126E-03   6.7550E-05   9.1011E-05   6.7067E-05 / 9.0658E-05   
3260   9.126E-03   6.8078E-05   9.2661E-05   6.7785E-05 / 9.2529E-05   
3270   9.126E-03   6.9265E-05   9.1519E-05   6.8444E-05 / 9.0510E-05   
3280   9.126E-03   6.6836E-05   9.0360E-05   6.5793E-05 / 8.9077E-05   
3290   9.126E-03   6.8420E-05   9.3103E-05   6.6919E-05 / 9.1308E-05   
3300   9.126E-03   1.1101E-04   1.3084E-04   1.0982E-04 / 1.3033E-04   
3310   9.126E-03   6.9649E-05   9.4847E-05   6.8902E-05 / 9.4036E-05   
3320   9.126E-03   6.6922E-05   9.1133E-05   6.6588E-05 / 9.0761E-05   
3330   9.126E-03   6.7432E-05   9.5093E-05   6.7239E-05 / 9.5065E-05   
3340   9.126E-03   6.6113E-05   9.3683E-05   6.4874E-05 / 9.2413E-05   
3350   9.126E-03   6.5034E-05   8.9913E-05   6.4679E-05 / 8.9680E-05   
BEST MODEL
===============================================================================================================
3087   9.126E-03   6.8883E-05   8.3288E-05   6.8582E-05 / 8.2974E-05   
===============================================================================================================
Saved model to /home/nikki/kan/kanTBNN/models/multi_run/kan_experiment_54_opt/kanTBNN-24Nov06_07:30:03.pickle
