========== Dataset info ==========
Dataset params: {'file': '/home/nikki/kan/data/turbulence_dataset_clean.csv', 'Cases': ['fp_1000', 'fp_1410', 'fp_2000', 'fp_2540', 'fp_3030', 'fp_3270', 'fp_3630', 'fp_3970', 'fp_4060'], 'val_set': ['fp_3030', 'fp_1410', 'fp_4060'], 'test_set': ['fp_3630'], 'data_loader': <class 'tbnn.dataloaders.aDataset'>}
Train/Valid/Test points: 760 / 468 / 168
Memorization?: False
Cluster training?: False
EPOCH     LR        TRAIN         VALID             MSE:T/V                  RL:T/V             %NR_t/%NR_v
===============================================================================================================
  1   2.000E-03   1.6574E-01   1.5863E-01   1.6574E-01 / 1.5863E-01   
 10   2.000E-03   1.1632E-02   1.0315E-02   1.1586E-02 / 1.0266E-02   
 20   2.000E-03   5.4023E-03   4.3861E-03   5.4015E-03 / 4.3859E-03   
 30   2.000E-03   3.3916E-03   2.6639E-03   3.3904E-03 / 2.6638E-03   
 40   2.000E-03   2.4270E-03   1.9252E-03   2.4269E-03 / 1.9252E-03   
 50   2.000E-03   1.9166E-03   1.5797E-03   1.9159E-03 / 1.5793E-03   
 60   2.000E-03   1.6175E-03   1.3907E-03   1.6148E-03 / 1.3884E-03   
 70   2.000E-03   1.4192E-03   1.2616E-03   1.4159E-03 / 1.2587E-03   
 80   2.000E-03   1.2736E-03   1.1646E-03   1.2702E-03 / 1.1615E-03   
 90   2.000E-03   1.1579E-03   1.0783E-03   1.1541E-03 / 1.0747E-03   
100   2.000E-03   1.0598E-03   1.0011E-03   1.0559E-03 / 9.9740E-04   
110   2.000E-03   9.7586E-04   9.3160E-04   9.7209E-04 / 9.2800E-04   
120   2.000E-03   9.0446E-04   8.7499E-04   9.0063E-04 / 8.7132E-04   
130   2.000E-03   8.4249E-04   8.1907E-04   8.3807E-04 / 8.1485E-04   
140   2.000E-03   7.9022E-04   7.7542E-04   7.8580E-04 / 7.7113E-04   
150   2.000E-03   7.4552E-04   7.3454E-04   7.4159E-04 / 7.3073E-04   
160   2.000E-03   7.0733E-04   7.0112E-04   7.0323E-04 / 6.9714E-04   
170   2.000E-03   6.7669E-04   6.7074E-04   6.7227E-04 / 6.6643E-04   
180   2.000E-03   6.5195E-04   6.5003E-04   6.4637E-04 / 6.4455E-04   
190   2.000E-03   6.3093E-04   6.2725E-04   6.2571E-04 / 6.2213E-04   
200   2.000E-03   6.1297E-04   6.1031E-04   6.0757E-04 / 6.0503E-04   
210   2.000E-03   5.9638E-04   5.9398E-04   5.9137E-04 / 5.8909E-04   
220   2.000E-03   5.8217E-04   5.8004E-04   5.7710E-04 / 5.7509E-04   
230   2.000E-03   5.6918E-04   5.6693E-04   5.6440E-04 / 5.6227E-04   
240   2.000E-03   5.5751E-04   5.5550E-04   5.5293E-04 / 5.5105E-04   
250   2.000E-03   5.4652E-04   5.4347E-04   5.4207E-04 / 5.3916E-04   
260   2.000E-03   5.3680E-04   5.3510E-04   5.3255E-04 / 5.3099E-04   
270   2.000E-03   5.2718E-04   5.2188E-04   5.2339E-04 / 5.1822E-04   
280   2.000E-03   5.1792E-04   5.1335E-04   5.1413E-04 / 5.0970E-04   
290   2.000E-03   5.0943E-04   5.0519E-04   5.0597E-04 / 5.0186E-04   
300   2.000E-03   5.0055E-04   4.9435E-04   4.9702E-04 / 4.9095E-04   
310   2.000E-03   4.9234E-04   4.8606E-04   4.8882E-04 / 4.8267E-04   
320   2.000E-03   4.8498E-04   4.7707E-04   4.8154E-04 / 4.7375E-04   
330   2.000E-03   4.7630E-04   4.6863E-04   4.7311E-04 / 4.6554E-04   
340   2.000E-03   4.6776E-04   4.5993E-04   4.6479E-04 / 4.5705E-04   
350   2.000E-03   4.5908E-04   4.5117E-04   4.5600E-04 / 4.4816E-04   
360   2.000E-03   4.5115E-04   4.4257E-04   4.4814E-04 / 4.3962E-04   
370   2.000E-03   4.4268E-04   4.3446E-04   4.3987E-04 / 4.3170E-04   
380   2.000E-03   4.3344E-04   4.2473E-04   4.3058E-04 / 4.2192E-04   
390   2.000E-03   4.2478E-04   4.1746E-04   4.2188E-04 / 4.1463E-04   
400   2.000E-03   4.1583E-04   4.0745E-04   4.1278E-04 / 4.0450E-04   
410   2.000E-03   4.0630E-04   3.9878E-04   4.0353E-04 / 3.9614E-04   
420   2.000E-03   3.9829E-04   3.9010E-04   3.9610E-04 / 3.8801E-04   
430   2.000E-03   3.8680E-04   3.7987E-04   3.8451E-04 / 3.7769E-04   
440   2.000E-03   3.7709E-04   3.7002E-04   3.7486E-04 / 3.6789E-04   
450   2.000E-03   3.6747E-04   3.6120E-04   3.6541E-04 / 3.5925E-04   
460   2.000E-03   3.5849E-04   3.5251E-04   3.5664E-04 / 3.5077E-04   
470   2.000E-03   3.4941E-04   3.4466E-04   3.4766E-04 / 3.4301E-04   
480   2.000E-03   3.4115E-04   3.3612E-04   3.3949E-04 / 3.3454E-04   
490   2.000E-03   3.3172E-04   3.2814E-04   3.3017E-04 / 3.2665E-04   
500   2.000E-03   3.2342E-04   3.2029E-04   3.2176E-04 / 3.1871E-04   
510   2.000E-03   3.1468E-04   3.1068E-04   3.1296E-04 / 3.0902E-04   
520   2.000E-03   3.0655E-04   3.0437E-04   3.0495E-04 / 3.0282E-04   
530   2.000E-03   2.9840E-04   2.9678E-04   2.9705E-04 / 2.9549E-04   
540   2.000E-03   2.9116E-04   2.9031E-04   2.9006E-04 / 2.8926E-04   
550   2.000E-03   2.8486E-04   2.8521E-04   2.8369E-04 / 2.8411E-04   
560   2.000E-03   2.7631E-04   2.7599E-04   2.7527E-04 / 2.7501E-04   
570   2.000E-03   2.7069E-04   2.6989E-04   2.6989E-04 / 2.6915E-04   
580   2.000E-03   2.6360E-04   2.6635E-04   2.6241E-04 / 2.6523E-04   
590   2.000E-03   2.5655E-04   2.5654E-04   2.5566E-04 / 2.5573E-04   
600   2.000E-03   2.5069E-04   2.5309E-04   2.4991E-04 / 2.5239E-04   
610   2.000E-03   2.4603E-04   2.4740E-04   2.4539E-04 / 2.4680E-04   
620   2.000E-03   2.3887E-04   2.4173E-04   2.3839E-04 / 2.4129E-04   
630   2.000E-03   2.3347E-04   2.3632E-04   2.3277E-04 / 2.3567E-04   
640   2.000E-03   2.2983E-04   2.3334E-04   2.2883E-04 / 2.3241E-04   
650   2.000E-03   2.2339E-04   2.2684E-04   2.2279E-04 / 2.2628E-04   
660   2.000E-03   2.1970E-04   2.2479E-04   2.1917E-04 / 2.2429E-04   
670   2.000E-03   2.1435E-04   2.1767E-04   2.1400E-04 / 2.1735E-04   
680   2.000E-03   2.0959E-04   2.1274E-04   2.0900E-04 / 2.1220E-04   
690   2.000E-03   2.0695E-04   2.1011E-04   2.0641E-04 / 2.0962E-04   
700   2.000E-03   2.0193E-04   2.0667E-04   2.0143E-04 / 2.0623E-04   
710   2.000E-03   1.9858E-04   2.0197E-04   1.9811E-04 / 2.0156E-04   
720   2.000E-03   1.9463E-04   1.9806E-04   1.9414E-04 / 1.9766E-04   
730   2.000E-03   1.9402E-04   1.9737E-04   1.9349E-04 / 1.9692E-04   
740   2.000E-03   1.8940E-04   1.9428E-04   1.8904E-04 / 1.9398E-04   
750   2.000E-03   1.8743E-04   1.9175E-04   1.8676E-04 / 1.9118E-04   
760   2.000E-03   1.8408E-04   1.8877E-04   1.8327E-04 / 1.8809E-04   
770   2.000E-03   1.7923E-04   1.8214E-04   1.7859E-04 / 1.8156E-04   
780   2.000E-03   1.7702E-04   1.8148E-04   1.7663E-04 / 1.8111E-04   
790   2.000E-03   1.7327E-04   1.7589E-04   1.7281E-04 / 1.7546E-04   
800   2.000E-03   1.7090E-04   1.7446E-04   1.7052E-04 / 1.7410E-04   
810   2.000E-03   1.6909E-04   1.7161E-04   1.6855E-04 / 1.7110E-04   
820   2.000E-03   1.6716E-04   1.7108E-04   1.6666E-04 / 1.7057E-04   
830   2.000E-03   1.6538E-04   1.6904E-04   1.6497E-04 / 1.6864E-04   
840   2.000E-03   1.6394E-04   1.6798E-04   1.6320E-04 / 1.6733E-04   
850   2.000E-03   1.5987E-04   1.6347E-04   1.5936E-04 / 1.6297E-04   
860   2.000E-03   1.5927E-04   1.6330E-04   1.5881E-04 / 1.6284E-04   
870   2.000E-03   1.5662E-04   1.6122E-04   1.5598E-04 / 1.6060E-04   
880   2.000E-03   1.5469E-04   1.5871E-04   1.5417E-04 / 1.5817E-04   
890   2.000E-03   1.5289E-04   1.5838E-04   1.5213E-04 / 1.5775E-04   
900   2.000E-03   1.5211E-04   1.5690E-04   1.5150E-04 / 1.5630E-04   
910   2.000E-03   1.5407E-04   1.5834E-04   1.5300E-04 / 1.5771E-04   
920   2.000E-03   1.4985E-04   1.5630E-04   1.4920E-04 / 1.5569E-04   
930   2.000E-03   1.4551E-04   1.5012E-04   1.4490E-04 / 1.4958E-04   
940   2.000E-03   1.4543E-04   1.5181E-04   1.4487E-04 / 1.5128E-04   
950   2.000E-03   1.4485E-04   1.5014E-04   1.4418E-04 / 1.4964E-04   
960   2.000E-03   1.4097E-04   1.4631E-04   1.4046E-04 / 1.4585E-04   
970   2.000E-03   1.4065E-04   1.4708E-04   1.3991E-04 / 1.4633E-04   
980   2.000E-03   1.3873E-04   1.4425E-04   1.3825E-04 / 1.4382E-04   
990   2.000E-03   1.4032E-04   1.4675E-04   1.3930E-04 / 1.4596E-04   
1000   2.000E-03   1.3877E-04   1.4453E-04   1.3831E-04 / 1.4413E-04   
1010   2.000E-03   1.3581E-04   1.4180E-04   1.3528E-04 / 1.4129E-04   
1020   2.000E-03   1.3594E-04   1.4112E-04   1.3520E-04 / 1.4056E-04   
1030   2.000E-03   1.3356E-04   1.3983E-04   1.3276E-04 / 1.3914E-04   
1040   2.000E-03   1.3186E-04   1.3758E-04   1.3134E-04 / 1.3710E-04   
1050   2.000E-03   1.3117E-04   1.3758E-04   1.3060E-04 / 1.3705E-04   
1060   2.000E-03   1.3150E-04   1.3738E-04   1.3095E-04 / 1.3700E-04   
1070   2.000E-03   1.2919E-04   1.3485E-04   1.2868E-04 / 1.3433E-04   
1080   2.000E-03   1.3670E-04   1.4372E-04   1.3607E-04 / 1.4310E-04   
1090   2.000E-03   1.2877E-04   1.3561E-04   1.2782E-04 / 1.3466E-04   
1100   2.000E-03   1.2630E-04   1.3362E-04   1.2563E-04 / 1.3305E-04   
1110   2.000E-03   1.3430E-04   1.4081E-04   1.3373E-04 / 1.4026E-04   
1120   2.000E-03   1.2506E-04   1.3072E-04   1.2461E-04 / 1.3032E-04   
1130   2.000E-03   1.2365E-04   1.3106E-04   1.2309E-04 / 1.3055E-04   
1140   2.000E-03   1.2222E-04   1.2850E-04   1.2177E-04 / 1.2807E-04   
1150   2.000E-03   1.2227E-04   1.2873E-04   1.2180E-04 / 1.2828E-04   
1160   2.000E-03   1.3685E-04   1.4159E-04   1.3653E-04 / 1.4127E-04   
1170   2.000E-03   1.2139E-04   1.2774E-04   1.2095E-04 / 1.2737E-04   
1180   2.000E-03   1.2225E-04   1.2766E-04   1.2160E-04 / 1.2712E-04   
1190   2.000E-03   1.2279E-04   1.2867E-04   1.2214E-04 / 1.2805E-04   
1200   2.000E-03   1.2034E-04   1.2676E-04   1.1963E-04 / 1.2614E-04   
1210   2.000E-03   1.1759E-04   1.2366E-04   1.1712E-04 / 1.2319E-04   
1220   2.000E-03   1.1744E-04   1.2244E-04   1.1702E-04 / 1.2201E-04   
1230   2.000E-03   1.2172E-04   1.2658E-04   1.2125E-04 / 1.2610E-04   
1240   2.000E-03   1.1738E-04   1.2371E-04   1.1615E-04 / 1.2249E-04   
1250   2.000E-03   1.1416E-04   1.2084E-04   1.1366E-04 / 1.2036E-04   
1260   2.000E-03   1.1680E-04   1.2245E-04   1.1611E-04 / 1.2179E-04   
1270   2.000E-03   1.1542E-04   1.2129E-04   1.1490E-04 / 1.2082E-04   
1280   2.000E-03   1.1569E-04   1.2172E-04   1.1527E-04 / 1.2129E-04   
1290   2.000E-03   1.1217E-04   1.1748E-04   1.1171E-04 / 1.1703E-04   
1300   2.000E-03   1.1112E-04   1.1727E-04   1.1059E-04 / 1.1680E-04   
1310   2.000E-03   1.1141E-04   1.1834E-04   1.1091E-04 / 1.1787E-04   
1320   2.000E-03   1.1059E-04   1.1812E-04   1.1010E-04 / 1.1768E-04   
1330   2.000E-03   1.0971E-04   1.1517E-04   1.0923E-04 / 1.1472E-04   
1340   2.000E-03   1.1192E-04   1.1908E-04   1.1119E-04 / 1.1837E-04   
1350   2.000E-03   1.0863E-04   1.1404E-04   1.0783E-04 / 1.1338E-04   
1360   2.000E-03   1.0870E-04   1.1475E-04   1.0828E-04 / 1.1437E-04   
1370   2.000E-03   1.0732E-04   1.1430E-04   1.0677E-04 / 1.1380E-04   
1380   2.000E-03   1.0933E-04   1.1677E-04   1.0896E-04 / 1.1644E-04   
1390   2.000E-03   1.0704E-04   1.1384E-04   1.0663E-04 / 1.1348E-04   
1400   2.000E-03   1.0776E-04   1.1444E-04   1.0704E-04 / 1.1384E-04   
1410   2.000E-03   1.1157E-04   1.1755E-04   1.1114E-04 / 1.1716E-04   
1420   2.000E-03   1.0507E-04   1.1111E-04   1.0451E-04 / 1.1069E-04   
1430   2.000E-03   1.0491E-04   1.1133E-04   1.0444E-04 / 1.1093E-04   
1440   2.000E-03   1.0491E-04   1.1203E-04   1.0440E-04 / 1.1155E-04   
1450   2.000E-03   1.0342E-04   1.1015E-04   1.0296E-04 / 1.0976E-04   
1460   2.000E-03   1.0343E-04   1.0946E-04   1.0291E-04 / 1.0900E-04   
1470   2.000E-03   1.0191E-04   1.0879E-04   1.0128E-04 / 1.0834E-04   
1480   2.000E-03   1.0845E-04   1.1499E-04   1.0793E-04 / 1.1457E-04   
1490   2.000E-03   1.0114E-04   1.0750E-04   1.0060E-04 / 1.0703E-04   
1500   2.000E-03   1.0225E-04   1.0908E-04   1.0170E-04 / 1.0846E-04   
1510   2.000E-03   9.9850E-05   1.0600E-04   9.9291E-05 / 1.0553E-04   
1520   2.000E-03   1.0037E-04   1.0745E-04   9.9608E-05 / 1.0693E-04   
1530   2.000E-03   1.0111E-04   1.0827E-04   1.0023E-04 / 1.0738E-04   
1540   2.000E-03   9.9579E-05   1.0643E-04   9.9135E-05 / 1.0604E-04   
1550   2.000E-03   9.9028E-05   1.0546E-04   9.8535E-05 / 1.0502E-04   
1560   2.000E-03   9.9612E-05   1.0612E-04   9.8526E-05 / 1.0527E-04   
1570   2.000E-03   9.7783E-05   1.0483E-04   9.7247E-05 / 1.0432E-04   
1580   2.000E-03   9.9698E-05   1.0831E-04   9.9176E-05 / 1.0785E-04   
1590   2.000E-03   9.8177E-05   1.0699E-04   9.7663E-05 / 1.0655E-04   
1600   2.000E-03   9.8707E-05   1.0436E-04   9.8255E-05 / 1.0396E-04   
1610   2.000E-03   9.8202E-05   1.0582E-04   9.7743E-05 / 1.0543E-04   
1620   2.000E-03   1.0038E-04   1.0773E-04   9.9932E-05 / 1.0733E-04   
1630   2.000E-03   9.6562E-05   1.0299E-04   9.6115E-05 / 1.0261E-04   
1640   2.000E-03   9.5712E-05   1.0288E-04   9.5187E-05 / 1.0244E-04   
1650   2.000E-03   9.4710E-05   1.0318E-04   9.4280E-05 / 1.0279E-04   
1660   2.000E-03   9.4832E-05   1.0267E-04   9.4336E-05 / 1.0223E-04   
1670   2.000E-03   9.5632E-05   1.0178E-04   9.4903E-05 / 1.0129E-04   
1680   2.000E-03   9.3753E-05   1.0156E-04   9.3286E-05 / 1.0116E-04   
1690   2.000E-03   9.3245E-05   1.0042E-04   9.2597E-05 / 9.9923E-05   
1700   2.000E-03   9.4095E-05   1.0144E-04   9.3650E-05 / 1.0105E-04   
1710   2.000E-03   9.9274E-05   1.0857E-04   9.8765E-05 / 1.0804E-04   
1720   2.000E-03   9.3189E-05   1.0158E-04   9.2780E-05 / 1.0122E-04   
1730   2.000E-03   9.3124E-05   1.0010E-04   9.2682E-05 / 9.9709E-05   
1740   2.000E-03   9.2696E-05   9.9296E-05   9.2002E-05 / 9.8866E-05   
1750   2.000E-03   9.1734E-05   9.8315E-05   9.1288E-05 / 9.7922E-05   
1760   2.000E-03   9.5678E-05   1.0254E-04   9.5131E-05 / 1.0208E-04   
1770   2.000E-03   9.3836E-05   1.0119E-04   9.3434E-05 / 1.0079E-04   
1780   2.000E-03   9.0962E-05   9.8795E-05   9.0357E-05 / 9.8166E-05   
1790   2.000E-03   9.0533E-05   9.8547E-05   9.0076E-05 / 9.8126E-05   
1800   2.000E-03   9.2676E-05   1.0044E-04   9.2167E-05 / 1.0000E-04   
1810   2.000E-03   8.9821E-05   9.7752E-05   8.9421E-05 / 9.7380E-05   
1820   2.000E-03   9.2574E-05   1.0102E-04   9.2164E-05 / 1.0060E-04   
1830   2.000E-03   9.0554E-05   9.9336E-05   9.0150E-05 / 9.8933E-05   
1840   2.000E-03   9.4215E-05   1.0346E-04   9.3818E-05 / 1.0306E-04   
1850   2.000E-03   8.9851E-05   9.7721E-05   8.9155E-05 / 9.7199E-05   
1860   2.000E-03   9.2274E-05   1.0172E-04   9.1944E-05 / 1.0141E-04   
1870   2.000E-03   8.8620E-05   9.7092E-05   8.8254E-05 / 9.6745E-05   
1880   2.000E-03   8.9946E-05   9.9093E-05   8.9518E-05 / 9.8637E-05   
1890   2.000E-03   8.9522E-05   9.6763E-05   8.9033E-05 / 9.6325E-05   
1900   2.000E-03   9.0362E-05   9.8908E-05   9.0028E-05 / 9.8586E-05   
1910   2.000E-03   8.7924E-05   9.5763E-05   8.7541E-05 / 9.5398E-05   
1920   2.000E-03   8.8460E-05   9.8518E-05   8.7920E-05 / 9.7962E-05   
1930   2.000E-03   8.7715E-05   9.5532E-05   8.7300E-05 / 9.5083E-05   
1940   2.000E-03   8.6771E-05   9.5370E-05   8.6396E-05 / 9.5003E-05   
1950   2.000E-03   8.6415E-05   9.3876E-05   8.6031E-05 / 9.3503E-05   
1960   2.000E-03   8.6863E-05   9.5358E-05   8.6488E-05 / 9.4984E-05   
1970   2.000E-03   1.0093E-04   1.0902E-04   1.0063E-04 / 1.0865E-04   
1980   2.000E-03   8.6789E-05   9.5099E-05   8.6414E-05 / 9.4661E-05   
1990   2.000E-03   8.7071E-05   9.5023E-05   8.6611E-05 / 9.4593E-05   
2000   2.000E-03   8.5449E-05   9.3036E-05   8.5061E-05 / 9.2607E-05   
2010   2.000E-03   8.7482E-05   9.4958E-05   8.6994E-05 / 9.4528E-05   
2020   2.000E-03   8.4292E-05   9.2192E-05   8.3896E-05 / 9.1777E-05   
2030   2.000E-03   8.7744E-05   9.4959E-05   8.6618E-05 / 9.4258E-05   
2040   2.000E-03   8.5876E-05   9.4539E-05   8.5481E-05 / 9.4118E-05   
2050   2.000E-03   8.5818E-05   9.2843E-05   8.5371E-05 / 9.2394E-05   
2060   2.000E-03   9.9235E-05   1.0986E-04   9.8792E-05 / 1.0937E-04   
2070   2.000E-03   8.5226E-05   9.2515E-05   8.4813E-05 / 9.2073E-05   
2080   2.000E-03   8.4399E-05   9.1381E-05   8.4072E-05 / 9.1013E-05   
2090   2.000E-03   8.6547E-05   9.4552E-05   8.6059E-05 / 9.4004E-05   
2100   2.000E-03   8.4231E-05   9.3094E-05   8.3858E-05 / 9.2592E-05   
2110   2.000E-03   8.2754E-05   9.0683E-05   8.2179E-05 / 8.9970E-05   
2120   2.000E-03   8.3309E-05   9.1023E-05   8.2894E-05 / 9.0453E-05   
2130   2.000E-03   8.3974E-05   9.1306E-05   8.3405E-05 / 9.0823E-05   
2140   2.000E-03   8.3842E-05   9.1476E-05   8.3477E-05 / 9.0979E-05   
2150   2.000E-03   8.4119E-05   9.2440E-05   8.3645E-05 / 9.1946E-05   
2160   2.000E-03   8.3644E-05   9.1482E-05   8.3240E-05 / 9.0948E-05   
2170   2.000E-03   8.2482E-05   9.0632E-05   8.2010E-05 / 9.0126E-05   
2180   2.000E-03   8.7227E-05   9.3128E-05   8.6806E-05 / 9.2666E-05   
2190   2.000E-03   8.3212E-05   9.1382E-05   8.2775E-05 / 9.0832E-05   
2200   2.000E-03   8.1223E-05   8.8837E-05   8.0760E-05 / 8.8307E-05   
2210   2.000E-03   8.1622E-05   9.0200E-05   8.1292E-05 / 8.9811E-05   
2220   2.000E-03   8.6229E-05   9.5110E-05   8.5390E-05 / 9.4404E-05   
2230   2.000E-03   8.1212E-05   9.0614E-05   8.0664E-05 / 8.9787E-05   
2240   2.000E-03   8.2049E-05   9.0690E-05   8.1403E-05 / 8.9720E-05   
2250   2.000E-03   8.0392E-05   8.9408E-05   8.0045E-05 / 8.8915E-05   
2260   2.000E-03   8.1768E-05   9.1302E-05   8.0094E-05 / 8.9044E-05   
2270   2.000E-03   8.0524E-05   8.9200E-05   8.0106E-05 / 8.8640E-05   
2280   2.000E-03   8.3593E-05   9.1899E-05   8.3216E-05 / 9.1506E-05   
2290   2.000E-03   7.8648E-05   8.8080E-05   7.8221E-05 / 8.7459E-05   
2300   2.000E-03   7.9732E-05   8.8005E-05   7.9421E-05 / 8.7611E-05   
2310   2.000E-03   7.8872E-05   8.7563E-05   7.8330E-05 / 8.6748E-05   
2320   2.000E-03   8.0374E-05   8.8458E-05   7.9996E-05 / 8.7985E-05   
2330   2.000E-03   7.8435E-05   8.6369E-05   7.8063E-05 / 8.5966E-05   
2340   2.000E-03   8.0359E-05   8.8878E-05   7.9893E-05 / 8.8063E-05   
2350   2.000E-03   7.9340E-05   8.7659E-05   7.8962E-05 / 8.7267E-05   
2360   2.000E-03   8.2830E-05   8.9889E-05   8.2315E-05 / 8.9529E-05   
2370   2.000E-03   1.1593E-04   1.2473E-04   1.1549E-04 / 1.2391E-04   
2380   2.000E-03   7.7451E-05   8.6074E-05   7.7068E-05 / 8.5555E-05   
2390   2.000E-03   7.7201E-05   8.5819E-05   7.6796E-05 / 8.5237E-05   
2400   2.000E-03   7.7348E-05   8.6680E-05   7.6967E-05 / 8.6117E-05   
2410   2.000E-03   7.7962E-05   8.6333E-05   7.7308E-05 / 8.5303E-05   
2420   2.000E-03   7.6608E-05   8.5527E-05   7.6180E-05 / 8.4972E-05   
2430   2.000E-03   7.7813E-05   8.6409E-05   7.7469E-05 / 8.5942E-05   
2440   2.000E-03   7.6371E-05   8.4516E-05   7.6002E-05 / 8.4099E-05   
2450   2.000E-03   7.7124E-05   8.7937E-05   7.6632E-05 / 8.7104E-05   
2460   2.000E-03   7.6279E-05   8.5597E-05   7.5896E-05 / 8.5120E-05   
2470   2.000E-03   7.6854E-05   8.6623E-05   7.5965E-05 / 8.5278E-05   
2480   2.000E-03   7.6784E-05   8.7122E-05   7.6348E-05 / 8.6506E-05   
2490   2.000E-03   7.9246E-05   8.9510E-05   7.7885E-05 / 8.7814E-05   
2500   2.000E-03   7.8786E-05   8.9318E-05   7.8233E-05 / 8.8414E-05   
2510   2.000E-03   8.0219E-05   8.8926E-05   7.9278E-05 / 8.7476E-05   
2520   2.000E-03   7.7961E-05   8.6555E-05   7.7624E-05 / 8.6171E-05   
2530   2.000E-03   7.6169E-05   8.5323E-05   7.5764E-05 / 8.4754E-05   
2540   2.000E-03   7.5323E-05   8.4995E-05   7.4821E-05 / 8.4068E-05   
2550   2.000E-03   7.5880E-05   8.5155E-05   7.5412E-05 / 8.4336E-05   
2560   2.000E-03   7.7799E-05   8.8031E-05   7.7434E-05 / 8.7408E-05   
2570   2.000E-03   7.6979E-05   8.6254E-05   7.6581E-05 / 8.5810E-05   
2580   2.000E-03   7.4292E-05   8.4677E-05   7.3922E-05 / 8.4149E-05   
2590   2.000E-03   7.4473E-05   8.4597E-05   7.4041E-05 / 8.3851E-05   
2600   2.000E-03   8.5574E-05   9.5817E-05   8.5156E-05 / 9.5333E-05   
2610   2.000E-03   7.4089E-05   8.3194E-05   7.3648E-05 / 8.2450E-05   
2620   2.000E-03   7.8579E-05   9.3121E-05   7.7344E-05 / 9.1189E-05   
2630   2.000E-03   7.5051E-05   8.3865E-05   7.4688E-05 / 8.3463E-05   
2640   2.000E-03   7.4867E-05   8.4915E-05   7.4429E-05 / 8.4100E-05   
2650   2.000E-03   7.5841E-05   8.6757E-05   7.5323E-05 / 8.5796E-05   
2660   2.000E-03   7.3678E-05   8.4608E-05   7.3248E-05 / 8.3852E-05   
2670   2.000E-03   7.4486E-05   8.1631E-05   7.4119E-05 / 8.1168E-05   
2680   2.000E-03   8.0362E-05   8.7981E-05   7.9930E-05 / 8.7286E-05   
2690   2.000E-03   7.5110E-05   8.5082E-05   7.4555E-05 / 8.3754E-05   
2700   2.000E-03   7.2606E-05   8.2638E-05   7.2166E-05 / 8.1863E-05   
2710   2.000E-03   7.8325E-05   8.8642E-05   7.7936E-05 / 8.8147E-05   
2720   2.000E-03   7.5316E-05   8.5390E-05   7.4958E-05 / 8.4936E-05   
2730   2.000E-03   7.2096E-05   8.1418E-05   7.1687E-05 / 8.0820E-05   
2740   2.000E-03   7.2743E-05   8.4234E-05   7.2201E-05 / 8.3141E-05   
2750   2.000E-03   7.2178E-05   8.1574E-05   7.1788E-05 / 8.1089E-05   
2760   2.000E-03   7.1828E-05   8.2644E-05   7.1250E-05 / 8.1562E-05   
2770   2.000E-03   7.4049E-05   8.2352E-05   7.3624E-05 / 8.1733E-05   
2780   2.000E-03   7.1634E-05   8.2572E-05   7.1238E-05 / 8.1884E-05   
2790   2.000E-03   7.5244E-05   8.6181E-05   7.4576E-05 / 8.4879E-05   
2800   2.000E-03   7.1505E-05   8.1728E-05   7.1114E-05 / 8.1213E-05   
2810   2.000E-03   7.1554E-05   8.1541E-05   7.1074E-05 / 8.0714E-05   
2820   2.000E-03   7.1151E-05   8.1919E-05   7.0733E-05 / 8.1304E-05   
2830   2.000E-03   7.1481E-05   8.2491E-05   7.1070E-05 / 8.1795E-05   
2840   2.000E-03   7.2712E-05   8.3494E-05   7.2330E-05 / 8.2933E-05   
2850   2.000E-03   7.0965E-05   8.1544E-05   7.0554E-05 / 8.0809E-05   
2860   2.000E-03   7.1493E-05   8.3207E-05   7.0690E-05 / 8.1674E-05   
2870   2.000E-03   7.1406E-05   8.1372E-05   7.0946E-05 / 8.0488E-05   
2880   2.000E-03   7.1900E-05   8.4398E-05   7.1499E-05 / 8.3610E-05   
2890   2.000E-03   7.1488E-05   8.2632E-05   7.1052E-05 / 8.2071E-05   
2900   2.000E-03   7.3098E-05   8.3936E-05   7.2765E-05 / 8.3645E-05   
2910   2.000E-03   9.3812E-05   1.0988E-04   9.3447E-05 / 1.0949E-04   
2920   2.000E-03   7.0280E-05   7.9625E-05   6.9886E-05 / 7.9023E-05   
2930   2.000E-03   7.0366E-05   8.1004E-05   6.9987E-05 / 8.0474E-05   
2940   2.000E-03   7.0421E-05   8.0639E-05   6.9999E-05 / 7.9859E-05   
2950   2.000E-03   7.1167E-05   8.1839E-05   7.0801E-05 / 8.1334E-05   
2960   2.000E-03   9.0629E-05   9.7721E-05   9.0009E-05 / 9.6117E-05   
2970   2.000E-03   6.9438E-05   8.1208E-05   6.8883E-05 / 7.9979E-05   
2980   2.000E-03   6.9800E-05   8.0846E-05   6.9278E-05 / 7.9741E-05   
2990   2.000E-03   6.9641E-05   8.1573E-05   6.9193E-05 / 8.0619E-05   
3000   2.000E-03   6.9068E-05   8.1746E-05   6.8585E-05 / 8.0662E-05   
3010   2.000E-03   6.9357E-05   8.0651E-05   6.8823E-05 / 7.9463E-05   
3020   2.000E-03   7.0366E-05   8.1516E-05   6.9958E-05 / 8.0700E-05   
3030   2.000E-03   7.0314E-05   8.2285E-05   6.9945E-05 / 8.1897E-05   
3040   2.000E-03   6.9119E-05   8.0756E-05   6.8723E-05 / 8.0122E-05   
3050   2.000E-03   6.9963E-05   8.2638E-05   6.9571E-05 / 8.1790E-05   
3060   2.000E-03   6.8686E-05   8.1163E-05   6.8283E-05 / 8.0282E-05   
3070   2.000E-03   6.8837E-05   8.2151E-05   6.8309E-05 / 8.0974E-05   
3080   2.000E-03   6.9317E-05   8.0865E-05   6.8973E-05 / 8.0358E-05   
3090   2.000E-03   6.9236E-05   8.1595E-05   6.8462E-05 / 8.0008E-05   
3100   2.000E-03   6.8156E-05   8.0517E-05   6.7665E-05 / 7.9389E-05   
3110   2.000E-03   7.2248E-05   8.6281E-05   7.1925E-05 / 8.5850E-05   
3120   2.000E-03   7.7988E-05   9.1302E-05   7.7684E-05 / 9.0854E-05   
3130   2.000E-03   6.9886E-05   8.7117E-05   6.9086E-05 / 8.5281E-05   
3140   2.000E-03   6.8293E-05   8.3121E-05   6.7881E-05 / 8.2255E-05   
3150   2.000E-03   6.9523E-05   8.2536E-05   6.9121E-05 / 8.1667E-05   
3160   2.000E-03   6.8402E-05   8.0452E-05   6.8032E-05 / 7.9786E-05   
3170   2.000E-03   6.7721E-05   8.1631E-05   6.7328E-05 / 8.0938E-05   
3180   2.000E-03   6.9035E-05   8.3274E-05   6.8681E-05 / 8.2666E-05   
3190   2.000E-03   7.1821E-05   8.0739E-05   7.1353E-05 / 7.9691E-05   
3200   2.000E-03   6.9577E-05   8.1516E-05   6.9202E-05 / 8.0726E-05   
3210   2.000E-03   6.9198E-05   8.3444E-05   6.8740E-05 / 8.2156E-05   
3220   2.000E-03   6.8227E-05   8.4437E-05   6.7744E-05 / 8.3106E-05   
3230   2.000E-03   6.9385E-05   8.4058E-05   6.9061E-05 / 8.3724E-05   
3240   2.000E-03   6.8158E-05   8.2169E-05   6.7772E-05 / 8.1275E-05   
3250   2.000E-03   6.8577E-05   8.3277E-05   6.8166E-05 / 8.2378E-05   
3260   2.000E-03   6.7650E-05   8.3044E-05   6.7237E-05 / 8.2012E-05   
3270   2.000E-03   7.0199E-05   8.4815E-05   6.9618E-05 / 8.3463E-05   
3280   2.000E-03   6.6538E-05   8.0302E-05   6.6160E-05 / 7.9458E-05   
3290   2.000E-03   9.2584E-05   1.0008E-04   9.1277E-05 / 9.8964E-05   
3300   2.000E-03   6.8772E-05   8.1214E-05   6.8374E-05 / 8.0446E-05   
3310   2.000E-03   6.5876E-05   8.0936E-05   6.5457E-05 / 7.9803E-05   
3320   2.000E-03   6.8068E-05   8.3556E-05   6.7402E-05 / 8.2088E-05   
3330   2.000E-03   6.8600E-05   7.9789E-05   6.8046E-05 / 7.8596E-05   
3340   2.000E-03   6.6161E-05   7.9288E-05   6.5825E-05 / 7.8538E-05   
3350   2.000E-03   6.7556E-05   8.2668E-05   6.7047E-05 / 8.1385E-05   
3360   2.000E-03   6.8233E-05   8.3182E-05   6.7836E-05 / 8.2074E-05   
3370   2.000E-03   6.5957E-05   8.1616E-05   6.5441E-05 / 8.0361E-05   
3380   2.000E-03   6.5085E-05   8.0481E-05   6.4746E-05 / 7.9542E-05   
3390   2.000E-03   6.6616E-05   8.2037E-05   6.6210E-05 / 8.1107E-05   
3400   2.000E-03   6.8111E-05   8.6969E-05   6.7741E-05 / 8.6518E-05   
3410   2.000E-03   8.8443E-05   1.0180E-04   8.7675E-05 / 1.0097E-04   
3420   2.000E-03   6.5704E-05   8.4745E-05   6.5367E-05 / 8.3772E-05   
3430   2.000E-03   6.5716E-05   8.1327E-05   6.5362E-05 / 8.0367E-05   
3440   2.000E-03   6.4800E-05   8.2893E-05   6.4350E-05 / 8.1519E-05   
3450   2.000E-03   6.6281E-05   7.9997E-05   6.5973E-05 / 7.9533E-05   
3460   2.000E-03   6.6527E-05   8.6944E-05   6.5638E-05 / 8.4850E-05   
3470   2.000E-03   6.4726E-05   8.1894E-05   6.4386E-05 / 8.0899E-05   
3480   2.000E-03   6.5324E-05   8.2013E-05   6.4996E-05 / 8.1120E-05   
3490   2.000E-03   6.5078E-05   8.3130E-05   6.4774E-05 / 8.2550E-05   
3500   2.000E-03   6.8314E-05   8.4278E-05   6.7988E-05 / 8.3986E-05   
3510   2.000E-03   6.4423E-05   8.5310E-05   6.4029E-05 / 8.4152E-05   
3520   2.000E-03   6.6619E-05   8.8406E-05   6.5193E-05 / 8.5426E-05   
3530   2.000E-03   6.5932E-05   8.3108E-05   6.5603E-05 / 8.2671E-05   
3540   2.000E-03   6.9502E-05   8.8368E-05   6.9162E-05 / 8.7301E-05   
3550   2.000E-03   6.4670E-05   8.2194E-05   6.4292E-05 / 8.1010E-05   
3560   2.000E-03   8.0711E-05   9.7815E-05   8.0405E-05 / 9.6900E-05   
3570   2.000E-03   6.5069E-05   8.2809E-05   6.4590E-05 / 8.1439E-05   
3580   2.000E-03   6.4740E-05   8.2466E-05   6.4447E-05 / 8.1919E-05   
3590   2.000E-03   6.7914E-05   8.9032E-05   6.7621E-05 / 8.8766E-05   
3600   2.000E-03   6.5720E-05   8.3490E-05   6.5199E-05 / 8.1886E-05   
3610   2.000E-03   6.4379E-05   8.5826E-05   6.4052E-05 / 8.5120E-05   
3620   2.000E-03   6.4507E-05   8.6715E-05   6.3919E-05 / 8.5104E-05   
3630   2.000E-03   6.5783E-05   8.5569E-05   6.5329E-05 / 8.4304E-05   
3640   2.000E-03   6.3729E-05   8.3329E-05   6.3362E-05 / 8.1983E-05   
3650   2.000E-03   6.4754E-05   8.8367E-05   6.4273E-05 / 8.6734E-05   
3660   2.000E-03   6.6104E-05   8.8789E-05   6.5711E-05 / 8.7491E-05   
3670   2.000E-03   6.3513E-05   8.7410E-05   6.3057E-05 / 8.6003E-05   
3680   2.000E-03   6.4279E-05   8.8365E-05   6.3856E-05 / 8.6853E-05   
3690   2.000E-03   6.3298E-05   8.3895E-05   6.2945E-05 / 8.2816E-05   
3700   2.000E-03   6.7008E-05   8.8036E-05   6.6593E-05 / 8.7110E-05   
3710   2.000E-03   1.0518E-04   1.2078E-04   9.6831E-05 / 1.1269E-04   
3720   2.000E-03   6.4070E-05   8.4238E-05   6.3506E-05 / 8.2358E-05   
3730   2.000E-03   6.2684E-05   8.5372E-05   6.2396E-05 / 8.4406E-05   
3740   2.000E-03   6.2992E-05   8.4088E-05   6.2696E-05 / 8.3211E-05   
3750   2.000E-03   6.3860E-05   8.9557E-05   6.3526E-05 / 8.8372E-05   
3760   2.000E-03   6.2870E-05   8.4699E-05   6.2594E-05 / 8.4006E-05   
3770   2.000E-03   6.2628E-05   8.6200E-05   6.2316E-05 / 8.5208E-05   
3780   2.000E-03   6.3785E-05   9.1740E-05   6.3461E-05 / 9.0436E-05   
3790   2.000E-03   6.3684E-05   8.7243E-05   6.3292E-05 / 8.5851E-05   
3800   2.000E-03   6.2591E-05   8.7376E-05   6.2086E-05 / 8.5855E-05   
3810   2.000E-03   6.2901E-05   8.5155E-05   6.2632E-05 / 8.4323E-05   
3820   2.000E-03   6.2961E-05   9.1456E-05   6.2581E-05 / 9.0100E-05   
3830   2.000E-03   6.2758E-05   8.7657E-05   6.2463E-05 / 8.6736E-05   
3840   2.000E-03   6.7899E-05   9.6086E-05   6.7601E-05 / 9.5539E-05   
3850   2.000E-03   6.6752E-05   8.9799E-05   6.6465E-05 / 8.9542E-05   
3860   2.000E-03   6.2995E-05   9.0406E-05   6.2698E-05 / 8.9429E-05   
3870   2.000E-03   6.3737E-05   8.5909E-05   6.3485E-05 / 8.5075E-05   
3880   2.000E-03   6.2525E-05   8.8612E-05   6.2170E-05 / 8.7287E-05   
3890   2.000E-03   6.2534E-05   8.9665E-05   6.2271E-05 / 8.8971E-05   
3900   2.000E-03   6.2897E-05   9.0958E-05   6.2431E-05 / 8.9252E-05   
3910   2.000E-03   6.2975E-05   9.2176E-05   6.2006E-05 / 8.9533E-05   
3920   2.000E-03   6.1650E-05   8.9345E-05   6.1228E-05 / 8.7532E-05   
3930   2.000E-03   7.3606E-05   9.9246E-05   7.3219E-05 / 9.7654E-05   
3940   2.000E-03   6.2184E-05   8.3365E-05   6.1812E-05 / 8.1792E-05   
3950   2.000E-03   6.2429E-05   9.1072E-05   6.1760E-05 / 8.8958E-05   
3960   2.000E-03   6.4830E-05   9.3706E-05   6.4623E-05 / 9.3048E-05   
3970   2.000E-03   6.2642E-05   8.9223E-05   6.2220E-05 / 8.7360E-05   
3980   2.000E-03   6.2923E-05   8.8849E-05   6.2100E-05 / 8.6549E-05   
3990   2.000E-03   6.1956E-05   9.1679E-05   6.1614E-05 / 9.0152E-05   
4000   2.000E-03   6.1585E-05   8.8582E-05   6.1257E-05 / 8.7283E-05   
4010   2.000E-03   6.1232E-05   8.8894E-05   6.0921E-05 / 8.7903E-05   
4020   2.000E-03   6.5370E-05   8.6326E-05   6.5065E-05 / 8.5168E-05   
4030   2.000E-03   6.1407E-05   9.1021E-05   6.1115E-05 / 9.0106E-05   
4040   2.000E-03   6.0943E-05   8.9925E-05   6.0526E-05 / 8.8194E-05   
4050   2.000E-03   6.1931E-05   8.7568E-05   6.1686E-05 / 8.6804E-05   
4060   2.000E-03   6.4830E-05   8.8168E-05   6.4551E-05 / 8.7115E-05   
4070   2.000E-03   6.1364E-05   8.7612E-05   6.0937E-05 / 8.5899E-05   
4080   2.000E-03   6.6026E-05   8.8635E-05   6.5744E-05 / 8.7414E-05   
4090   2.000E-03   6.1204E-05   9.0440E-05   6.0925E-05 / 8.9810E-05   
4100   2.000E-03   6.0247E-05   9.0180E-05   5.9822E-05 / 8.8506E-05   
4110   2.000E-03   6.1465E-05   8.7777E-05   6.1103E-05 / 8.6138E-05   
4120   2.000E-03   5.9974E-05   8.9307E-05   5.9633E-05 / 8.7812E-05   
4130   2.000E-03   6.1717E-05   9.3981E-05   6.1039E-05 / 9.1640E-05   
4140   2.000E-03   6.0863E-05   8.7099E-05   6.0620E-05 / 8.6199E-05   
4150   2.000E-03   6.1686E-05   9.4192E-05   6.1411E-05 / 9.3482E-05   
4160   2.000E-03   6.0017E-05   9.0433E-05   5.9753E-05 / 8.9460E-05   
4170   2.000E-03   6.3907E-05   9.8819E-05   6.3544E-05 / 9.7011E-05   
4180   2.000E-03   6.9469E-05   1.0022E-04   6.9166E-05 / 9.9197E-05   
4190   2.000E-03   6.0427E-05   9.2123E-05   5.9760E-05 / 8.9716E-05   
4200   2.000E-03   6.2024E-05   9.4651E-05   6.0848E-05 / 9.2043E-05   
4210   2.000E-03   5.9694E-05   9.1091E-05   5.9387E-05 / 8.9570E-05   
4220   2.000E-03   1.2934E-04   1.6125E-04   1.2883E-04 / 1.5920E-04   
4230   2.000E-03   6.1190E-05   9.3563E-05   6.0777E-05 / 9.1199E-05   
4240   2.000E-03   6.0098E-05   9.2382E-05   5.9567E-05 / 9.0473E-05   
4250   2.000E-03   6.0230E-05   9.1880E-05   5.9956E-05 / 9.1034E-05   
4260   2.000E-03   6.1342E-05   9.3493E-05   6.1091E-05 / 9.2340E-05   
4270   2.000E-03   5.9910E-05   9.2129E-05   5.9659E-05 / 9.0952E-05   
4280   2.000E-03   6.0948E-05   9.5651E-05   6.0507E-05 / 9.3952E-05   
4290   2.000E-03   6.1103E-05   8.9097E-05   6.0818E-05 / 8.8284E-05   
4300   2.000E-03   5.9704E-05   9.0782E-05   5.9354E-05 / 8.8843E-05   
4310   2.000E-03   5.9505E-05   9.1809E-05   5.9212E-05 / 9.0425E-05   
4320   2.000E-03   6.2362E-05   8.9066E-05   6.2078E-05 / 8.7653E-05   
4330   2.000E-03   6.0504E-05   9.2485E-05   6.0232E-05 / 9.1345E-05   
4340   2.000E-03   6.2360E-05   9.8751E-05   6.1759E-05 / 9.5597E-05   
4350   2.000E-03   5.9324E-05   8.9468E-05   5.9061E-05 / 8.8245E-05   
4360   2.000E-03   5.9327E-05   9.0968E-05   5.9084E-05 / 8.9848E-05   
4370   2.000E-03   6.1117E-05   9.4616E-05   6.0832E-05 / 9.3861E-05   
4380   2.000E-03   5.9649E-05   9.2158E-05   5.9274E-05 / 9.0204E-05   
4390   2.000E-03   6.0283E-05   9.3695E-05   5.9847E-05 / 9.1851E-05   
4400   2.000E-03   5.9615E-05   9.5368E-05   5.8988E-05 / 9.2834E-05   
4410   2.000E-03   6.0296E-05   9.3978E-05   6.0045E-05 / 9.3242E-05   
4420   2.000E-03   6.6681E-05   9.7505E-05   6.6463E-05 / 9.6391E-05   
4430   2.000E-03   5.9195E-05   9.3296E-05   5.8795E-05 / 9.1290E-05   
4440   2.000E-03   5.9699E-05   9.2395E-05   5.9398E-05 / 9.0835E-05   
4450   2.000E-03   5.8705E-05   9.1576E-05   5.8412E-05 / 8.9807E-05   
4460   2.000E-03   5.8701E-05   9.0776E-05   5.8458E-05 / 8.9506E-05   
4470   2.000E-03   5.9436E-05   9.4000E-05   5.9159E-05 / 9.2712E-05   
4480   2.000E-03   6.3530E-05   8.8873E-05   6.3183E-05 / 8.7061E-05   
4490   2.000E-03   7.1689E-05   9.6582E-05   7.1437E-05 / 9.6208E-05   
4500   2.000E-03   5.8575E-05   9.4349E-05   5.8233E-05 / 9.1790E-05   
4510   2.000E-03   5.8127E-05   9.4741E-05   5.7905E-05 / 9.3527E-05   
4520   2.000E-03   5.8012E-05   9.2078E-05   5.7747E-05 / 9.0228E-05   
4530   2.000E-03   5.8224E-05   9.3687E-05   5.7982E-05 / 9.2368E-05   
4540   2.000E-03   5.8172E-05   9.4073E-05   5.7761E-05 / 9.1589E-05   
4550   2.000E-03   5.7821E-05   9.6529E-05   5.7557E-05 / 9.4883E-05   
4560   2.000E-03   5.8195E-05   9.6436E-05   5.7946E-05 / 9.4836E-05   
4570   2.000E-03   5.8600E-05   9.0492E-05   5.8262E-05 / 8.8682E-05   
4580   2.000E-03   5.8341E-05   9.6249E-05   5.8093E-05 / 9.5359E-05   
4590   2.000E-03   6.1267E-05   9.4921E-05   6.1029E-05 / 9.3803E-05   
4600   2.000E-03   5.8732E-05   9.5188E-05   5.8321E-05 / 9.2747E-05   
4610   2.000E-03   5.7633E-05   9.5071E-05   5.7285E-05 / 9.3203E-05   
4620   2.000E-03   5.9165E-05   9.7327E-05   5.8926E-05 / 9.5878E-05   
4630   2.000E-03   5.7483E-05   9.7222E-05   5.7214E-05 / 9.5494E-05   
4640   2.000E-03   6.5065E-05   1.0098E-04   6.4867E-05 / 1.0006E-04   
4650   2.000E-03   1.2271E-04   1.6268E-04   1.2189E-04 / 1.5916E-04   
4660   2.000E-03   5.7416E-05   9.2564E-05   5.7089E-05 / 9.0396E-05   
4670   2.000E-03   5.9625E-05   9.8336E-05   5.9360E-05 / 9.6746E-05   
4680   2.000E-03   5.7070E-05   9.5394E-05   5.6740E-05 / 9.2978E-05   
4690   2.000E-03   5.7420E-05   9.5276E-05   5.7147E-05 / 9.3033E-05   
4700   2.000E-03   5.7550E-05   9.4845E-05   5.7322E-05 / 9.3983E-05   
4710   2.000E-03   5.9359E-05   9.8270E-05   5.9140E-05 / 9.6658E-05   
4720   2.000E-03   6.1126E-05   9.1908E-05   6.0788E-05 / 9.0628E-05   
4730   2.000E-03   5.7494E-05   9.3382E-05   5.7244E-05 / 9.1534E-05   
4740   2.000E-03   5.7060E-05   9.5908E-05   5.6654E-05 / 9.3705E-05   
4750   2.000E-03   5.7922E-05   9.7055E-05   5.7417E-05 / 9.4094E-05   
4760   2.000E-03   5.7105E-05   9.8404E-05   5.6858E-05 / 9.6518E-05   
4770   2.000E-03   6.4328E-05   9.4967E-05   6.4072E-05 / 9.3222E-05   
4780   2.000E-03   6.0028E-05   1.0010E-04   5.8182E-05 / 9.5730E-05   
4790   2.000E-03   6.1775E-05   9.6122E-05   6.1491E-05 / 9.5861E-05   
4800   2.000E-03   3.2101E-04   3.6249E-04   3.2088E-04 / 3.6029E-04   
4810   2.000E-03   5.7305E-05   9.1874E-05   5.7141E-05 / 8.9731E-05   
4820   2.000E-03   5.6983E-05   9.5812E-05   5.6686E-05 / 9.3287E-05   
4830   2.000E-03   5.6748E-05   9.5650E-05   5.6423E-05 / 9.3111E-05   
4840   2.000E-03   5.6618E-05   9.5910E-05   5.6300E-05 / 9.3428E-05   
4850   2.000E-03   5.6474E-05   9.6680E-05   5.6172E-05 / 9.4352E-05   
4860   2.000E-03   5.6826E-05   9.4430E-05   5.6595E-05 / 9.2597E-05   
4870   2.000E-03   5.6847E-05   1.0002E-04   5.6428E-05 / 9.7313E-05   
4880   2.000E-03   5.6536E-05   1.0040E-04   5.6276E-05 / 9.8154E-05   
4890   2.000E-03   5.6677E-05   9.7475E-05   5.6308E-05 / 9.4674E-05   
4900   2.000E-03   5.8896E-05   1.0048E-04   5.8682E-05 / 9.9414E-05   
4910   2.000E-03   5.6423E-05   9.7904E-05   5.6020E-05 / 9.5295E-05   
4920   2.000E-03   6.0934E-05   9.8806E-05   6.0686E-05 / 9.8202E-05   
4930   2.000E-03   5.6926E-05   9.9452E-05   5.6706E-05 / 9.8101E-05   
4940   2.000E-03   5.6477E-05   1.0156E-04   5.6115E-05 / 9.8933E-05   
4950   2.000E-03   5.7963E-05   9.6061E-05   5.7743E-05 / 9.4569E-05   
4960   2.000E-03   5.6163E-05   9.9626E-05   5.5859E-05 / 9.7129E-05   
4970   2.000E-03   5.7801E-05   9.6520E-05   5.7518E-05 / 9.3995E-05   
4980   2.000E-03   5.7649E-05   1.0428E-04   5.7259E-05 / 1.0150E-04   
4990   2.000E-03   5.7097E-05   1.0135E-04   5.6873E-05 / 9.9550E-05   
5000   2.000E-03   5.6449E-05   9.6985E-05   5.6024E-05 / 9.4104E-05   
5010   2.000E-03   5.9221E-05   1.0852E-04   5.8914E-05 / 1.0650E-04   
5020   2.000E-03   5.6327E-05   9.8453E-05   5.6023E-05 / 9.6167E-05   
5030   2.000E-03   6.0476E-05   1.0736E-04   6.0181E-05 / 1.0493E-04   
5040   2.000E-03   5.7993E-05   9.0825E-05   5.7794E-05 / 8.9583E-05   
5050   2.000E-03   5.7008E-05   9.8817E-05   5.6785E-05 / 9.7138E-05   
5060   2.000E-03   6.0012E-05   9.7513E-05   5.9767E-05 / 9.6874E-05   
5070   2.000E-03   5.8036E-05   1.0548E-04   5.7052E-05 / 1.0130E-04   
5080   2.000E-03   5.7421E-05   9.8523E-05   5.7218E-05 / 9.7045E-05   
5090   2.000E-03   6.2228E-05   1.0190E-04   6.1970E-05 / 9.9631E-05   
5100   2.000E-03   5.9862E-05   1.0294E-04   5.9624E-05 / 1.0126E-04   
5110   2.000E-03   8.6833E-05   1.0865E-04   8.5379E-05 / 1.0493E-04   
5120   2.000E-03   5.6272E-05   9.0676E-05   5.6096E-05 / 8.9254E-05   
5130   2.000E-03   5.5756E-05   9.2814E-05   5.5541E-05 / 9.0993E-05   
5140   2.000E-03   5.5251E-05   9.5083E-05   5.4984E-05 / 9.2710E-05   
5150   2.000E-03   5.5586E-05   9.3783E-05   5.5362E-05 / 9.2155E-05   
5160   2.000E-03   5.5938E-05   9.6377E-05   5.5715E-05 / 9.4997E-05   
5170   2.000E-03   5.5754E-05   9.5445E-05   5.5483E-05 / 9.2945E-05   
5180   2.000E-03   5.6748E-05   9.6222E-05   5.6527E-05 / 9.4946E-05   
5190   2.000E-03   5.7129E-05   9.5694E-05   5.6889E-05 / 9.4712E-05   
5200   2.000E-03   5.6905E-05   1.0447E-04   5.6416E-05 / 1.0100E-04   
5210   2.000E-03   5.5215E-05   9.7500E-05   5.4959E-05 / 9.5081E-05   
5220   2.000E-03   5.8384E-05   1.0275E-04   5.8163E-05 / 1.0178E-04   
5230   2.000E-03   5.6039E-05   9.9760E-05   5.5787E-05 / 9.7268E-05   
5240   2.000E-03   5.5951E-05   9.6642E-05   5.5742E-05 / 9.4891E-05   
5250   2.000E-03   6.5573E-05   1.0667E-04   6.5322E-05 / 1.0631E-04   
5260   2.000E-03   5.5579E-05   9.6264E-05   5.5241E-05 / 9.3555E-05   
5270   2.000E-03   5.5667E-05   9.7212E-05   5.5438E-05 / 9.5407E-05   
5280   2.000E-03   5.5267E-05   9.8678E-05   5.5047E-05 / 9.6546E-05   
5290   2.000E-03   5.6337E-05   9.8093E-05   5.6099E-05 / 9.5681E-05   
5300   2.000E-03   5.6487E-05   9.7724E-05   5.5859E-05 / 9.3817E-05   
5310   2.000E-03   5.8417E-05   1.0131E-04   5.6741E-05 / 9.6028E-05   
5320   2.000E-03   5.5922E-05   1.0227E-04   5.5239E-05 / 9.8733E-05   
5330   2.000E-03   5.9142E-05   1.0475E-04   5.8962E-05 / 1.0382E-04   
5340   2.000E-03   5.9465E-05   9.5696E-05   5.9104E-05 / 9.2559E-05   
5350   2.000E-03   5.5472E-05   1.0018E-04   5.5279E-05 / 9.8317E-05   
5360   2.000E-03   5.5148E-05   9.7694E-05   5.4711E-05 / 9.4046E-05   
5370   2.000E-03   5.6789E-05   9.7934E-05   5.6556E-05 / 9.6617E-05   
5380   2.000E-03   5.7354E-05   1.0147E-04   5.7168E-05 / 9.9957E-05   
5390   2.000E-03   5.5852E-05   1.0178E-04   5.5604E-05 / 9.9537E-05   
5400   2.000E-03   6.1451E-05   1.0947E-04   6.1169E-05 / 1.0686E-04   
5410   2.000E-03   5.6674E-05   1.0110E-04   5.6451E-05 / 9.9208E-05   
5420   2.000E-03   5.5565E-05   1.0097E-04   5.4867E-05 / 9.6732E-05   
5430   2.000E-03   5.7639E-05   9.9547E-05   5.7449E-05 / 9.7427E-05   
5440   2.000E-03   5.5289E-05   1.0115E-04   5.4446E-05 / 9.6905E-05   
5450   2.000E-03   8.1384E-05   1.2415E-04   7.5629E-05 / 1.1699E-04   
5460   2.000E-03   2.0318E-04   2.4846E-04   2.0279E-04 / 2.4510E-04   
5470   2.000E-03   5.4340E-05   1.0014E-04   5.4018E-05 / 9.7213E-05   
5480   2.000E-03   5.4039E-05   9.8650E-05   5.3766E-05 / 9.6134E-05   
5490   2.000E-03   5.4009E-05   1.0048E-04   5.3773E-05 / 9.8149E-05   
5500   2.000E-03   5.4368E-05   9.7534E-05   5.4162E-05 / 9.5579E-05   
5510   2.000E-03   5.5425E-05   9.7831E-05   5.5117E-05 / 9.4653E-05   
5520   2.000E-03   5.4203E-05   9.8693E-05   5.3851E-05 / 9.5209E-05   
5530   2.000E-03   5.4198E-05   1.0084E-04   5.3878E-05 / 9.8172E-05   
5540   2.000E-03   5.8785E-05   1.0617E-04   5.8575E-05 / 1.0402E-04   
5550   2.000E-03   5.5607E-05   1.0107E-04   5.5364E-05 / 9.9370E-05   
5560   2.000E-03   5.4363E-05   9.6049E-05   5.4138E-05 / 9.3483E-05   
5570   2.000E-03   5.5266E-05   1.0101E-04   5.5035E-05 / 9.8489E-05   
5580   2.000E-03   5.6220E-05   1.0076E-04   5.6041E-05 / 9.9586E-05   
5590   2.000E-03   5.5322E-05   9.4844E-05   5.5061E-05 / 9.2191E-05   
5600   2.000E-03   5.4751E-05   1.0033E-04   5.4284E-05 / 9.7101E-05   
5610   2.000E-03   5.5476E-05   9.8101E-05   5.5247E-05 / 9.6361E-05   
5620   2.000E-03   5.4255E-05   1.0371E-04   5.3886E-05 / 9.9804E-05   
5630   2.000E-03   5.4710E-05   9.8475E-05   5.4509E-05 / 9.6574E-05   
5640   2.000E-03   5.4429E-05   9.7562E-05   5.4191E-05 / 9.4894E-05   
5650   2.000E-03   5.8086E-05   1.0461E-04   5.7748E-05 / 1.0157E-04   
5660   2.000E-03   5.6265E-05   9.5517E-05   5.5986E-05 / 9.2857E-05   
5670   2.000E-03   5.4609E-05   9.4299E-05   5.4393E-05 / 9.2648E-05   
5680   2.000E-03   5.3913E-05   9.6119E-05   5.3647E-05 / 9.3300E-05   
5690   2.000E-03   5.3804E-05   9.9876E-05   5.3518E-05 / 9.6835E-05   
5700   2.000E-03   5.4279E-05   9.9877E-05   5.4046E-05 / 9.7865E-05   
5710   2.000E-03   5.3752E-05   9.7697E-05   5.3526E-05 / 9.5107E-05   
5720   2.000E-03   5.3930E-05   9.7944E-05   5.3657E-05 / 9.4975E-05   
5730   2.000E-03   5.4447E-05   1.0051E-04   5.4015E-05 / 9.6548E-05   
5740   2.000E-03   5.4182E-05   1.0403E-04   5.3844E-05 / 1.0093E-04   
5750   2.000E-03   5.8233E-05   9.7848E-05   5.7988E-05 / 9.7356E-05   
5760   2.000E-03   5.3743E-05   9.7821E-05   5.3201E-05 / 9.3472E-05   
5770   2.000E-03   5.3567E-05   9.4354E-05   5.3342E-05 / 9.1815E-05   
5780   2.000E-03   5.4826E-05   1.0286E-04   5.4586E-05 / 1.0018E-04   
5790   2.000E-03   5.4697E-05   9.5683E-05   5.4491E-05 / 9.3660E-05   
5800   2.000E-03   5.3214E-05   9.5534E-05   5.2963E-05 / 9.2741E-05   
5810   2.000E-03   5.6109E-05   1.0006E-04   5.5977E-05 / 9.8695E-05   
5820   2.000E-03   7.0837E-05   1.0937E-04   7.0613E-05 / 1.0913E-04   
5830   2.000E-03   6.1114E-05   1.0472E-04   5.9347E-05 / 9.9434E-05   
5840   2.000E-03   1.3314E-04   1.6297E-04   1.1989E-04 / 1.5047E-04   
5850   2.000E-03   5.4055E-05   9.6262E-05   5.3763E-05 / 9.3147E-05   
5860   2.000E-03   6.2330E-05   1.0861E-04   5.9385E-05 / 9.9800E-05   
5870   2.000E-03   5.3649E-05   9.4851E-05   5.3416E-05 / 9.2665E-05   
5880   2.000E-03   5.3793E-05   9.4956E-05   5.3548E-05 / 9.2496E-05   
5890   2.000E-03   5.5743E-05   9.9179E-05   5.5546E-05 / 9.8529E-05   
5900   2.000E-03   5.5010E-05   9.4805E-05   5.4746E-05 / 9.2398E-05   
5910   2.000E-03   5.4453E-05   1.0169E-04   5.4252E-05 / 9.9101E-05   
5920   2.000E-03   5.4845E-05   1.0019E-04   5.4625E-05 / 9.7918E-05   
5930   2.000E-03   5.3386E-05   1.0422E-04   5.3156E-05 / 1.0160E-04   
5940   2.000E-03   6.1802E-05   9.7295E-05   6.0981E-05 / 9.3068E-05   
5950   2.000E-03   5.4455E-05   1.0276E-04   5.4225E-05 / 1.0080E-04   
5960   2.000E-03   5.3939E-05   9.9255E-05   5.3718E-05 / 9.7595E-05   
5970   2.000E-03   5.5225E-05   9.6865E-05   5.4941E-05 / 9.3955E-05   
5980   2.000E-03   5.4284E-05   9.9165E-05   5.4061E-05 / 9.6452E-05   
5990   2.000E-03   5.2602E-05   1.0053E-04   5.2199E-05 / 9.6775E-05   
6000   2.000E-03   5.3269E-05   9.8598E-05   5.2763E-05 / 9.4790E-05   
===============================================================================================================
Saved model to /home/nikki/kan/kanTBNN/models/multi_run/kan_experiment_11/kanTBNN-24Nov03_21:05:44.pickle
