========== Dataset info ==========
Dataset params: {'file': '/home/nikhila/WDC/kan/dataset/turbulence_dataset_clean.csv', 'Cases': ['squareDuctAve_Re_1100', 'squareDuctAve_Re_1150', 'squareDuctAve_Re_1250', 'squareDuctAve_Re_1300', 'squareDuctAve_Re_1350', 'squareDuctAve_Re_1400', 'squareDuctAve_Re_1500', 'squareDuctAve_Re_1600', 'squareDuctAve_Re_1800', 'squareDuctAve_Re_2000', 'squareDuctAve_Re_2205', 'squareDuctAve_Re_2400', 'squareDuctAve_Re_2600', 'squareDuctAve_Re_2900', 'squareDuctAve_Re_3200', 'squareDuctAve_Re_3500'], 'val_set': ['squareDuctAve_Re_1300', 'squareDuctAve_Re_1800', 'squareDuctAve_Re_3200'], 'test_set': ['squareDuctAve_Re_2000'], 'data_loader': <class 'tbnn.dataloaders.aDataset'>}
Train/Valid/Test points: 110592 / 27648 / 9216
Memorization?: False
Cluster training?: False
EPOCH     LR        TRAIN         VALID             MSE:T/V                  RL:T/V             %NR_t/%NR_v
===============================================================================================================
  1   5.000E-04   3.1533E-03   3.0117E-03   3.1391E-03 / 2.9930E-03   
 10   5.000E-04   6.4944E-04   6.7027E-04   6.4909E-04 / 6.6895E-04   
 20   5.000E-04   4.9109E-04   5.6609E-04   4.9051E-04 / 5.6315E-04   
 30   5.000E-04   4.5640E-04   5.7157E-04   4.5449E-04 / 5.5286E-04   
 40   5.000E-04   4.4030E-04   5.1810E-04   4.3987E-04 / 5.1379E-04   
 50   5.000E-04   4.0945E-04   5.7622E-04   4.0752E-04 / 5.3262E-04   
 60   5.000E-04   4.0500E-04   5.6938E-04   4.0445E-04 / 5.3596E-04   
 70   5.000E-04   3.9549E-04   5.7475E-04   3.9475E-04 / 5.3078E-04   
 80   5.000E-04   3.7874E-04   5.4759E-04   3.7814E-04 / 5.1334E-04   
 90   5.000E-04   3.8112E-04   5.0219E-04   3.8067E-04 / 4.7937E-04   
100   5.000E-04   3.7669E-04   5.4597E-04   3.7625E-04 / 5.2027E-04   
110   5.000E-04   3.9809E-04   4.9423E-04   3.9779E-04 / 4.8877E-04   
120   5.000E-04   3.7112E-04   5.1199E-04   3.7076E-04 / 4.8465E-04   
130   5.000E-04   3.7590E-04   4.9522E-04   3.7427E-04 / 4.7433E-04   
140   5.000E-04   3.6055E-04   4.8789E-04   3.5790E-04 / 4.7176E-04   
150   5.000E-04   3.6153E-04   5.3604E-04   3.6133E-04 / 5.1565E-04   
160   5.000E-04   3.5912E-04   5.0629E-04   3.5871E-04 / 4.8519E-04   
170   5.000E-04   3.5520E-04   5.1053E-04   3.5505E-04 / 4.8677E-04   
180   5.000E-04   3.6454E-04   4.9866E-04   3.6427E-04 / 4.9264E-04   
190   5.000E-04   3.5310E-04   4.7925E-04   3.5284E-04 / 4.6461E-04   
200   5.000E-04   3.5131E-04   4.9093E-04   3.5116E-04 / 4.8088E-04   
210   5.000E-04   3.7384E-04   5.1532E-04   3.7379E-04 / 5.1509E-04   
220   5.000E-04   3.4993E-04   4.9529E-04   3.4923E-04 / 4.6188E-04   
230   5.000E-04   3.4720E-04   4.9494E-04   3.4678E-04 / 4.7267E-04   
240   5.000E-04   3.4490E-04   5.3202E-04   3.4420E-04 / 4.9475E-04   
250   5.000E-04   3.5354E-04   5.1968E-04   3.5335E-04 / 4.9087E-04   
260   5.000E-04   3.4111E-04   4.9728E-04   3.4095E-04 / 4.8163E-04   
270   5.000E-04   3.4780E-04   5.0312E-04   3.4774E-04 / 4.8896E-04   
280   5.000E-04   3.6237E-04   5.2033E-04   3.6095E-04 / 4.9630E-04   
290   5.000E-04   3.7677E-04   5.6150E-04   3.6489E-04 / 5.0082E-04   
BEST MODEL
===============================================================================================================
243   5.000E-04   3.5362E-04   4.6661E-04   3.5277E-04 / 4.5940E-04   
===============================================================================================================
Saved model to models/duct_only_5/kanTBNN-25Jan29_10:16:14.pickle
