=====> WARNING: Training dataset length: 0, assuming memorization test!
========== Dataset info ==========
Dataset params: {'file': '/home/ryley/WDK/ML/dataset/turbulence_dataset_clean.csv', 'Cases': ['squareDuctAve_Re_2000'], 'val_set': ['squareDuctAve_Re_2000'], 'test_set': ['squareDuctAve_Re_2000'], 'data_loader': <class 'tbnn.dataloaders.aDataset'>}
Train/Valid/Test points: 9216 / 9216 / 9216
Memorization?: True
Cluster training?: False
EPOCH     LR        TRAIN         VALID             MSE:T/V                  RL:T/V             %NR_t/%NR_v
===============================================================================================================
  1   1.000E-03   4.9094E-03   4.9094E-03   4.9094E-03 / 4.9094E-03   
 10   1.000E-03   1.6680E-03   1.6680E-03   1.6680E-03 / 1.6680E-03   
 20   1.000E-03   5.7748E-04   5.7748E-04   5.7748E-04 / 5.7748E-04   
 30   1.000E-03   4.6334E-04   4.6334E-04   4.6334E-04 / 4.6334E-04   
 40   1.000E-03   4.1207E-04   4.1207E-04   4.1207E-04 / 4.1207E-04   
 50   1.000E-03   3.7779E-04   3.7779E-04   3.7779E-04 / 3.7779E-04   
 60   1.000E-03   3.8083E-04   3.8083E-04   3.8083E-04 / 3.8083E-04   
 70   1.000E-03   3.6782E-04   3.6782E-04   3.6782E-04 / 3.6782E-04   
 80   1.000E-03   3.6407E-04   3.6407E-04   3.6407E-04 / 3.6407E-04   
 90   1.000E-03   3.6116E-04   3.6116E-04   3.6116E-04 / 3.6116E-04   
100   1.000E-03   3.6329E-04   3.6329E-04   3.6329E-04 / 3.6329E-04   
110   1.000E-03   3.7026E-04   3.7026E-04   3.7026E-04 / 3.7026E-04   
120   1.000E-03   3.5626E-04   3.5626E-04   3.5626E-04 / 3.5626E-04   
130   1.000E-03   3.6510E-04   3.6510E-04   3.6510E-04 / 3.6510E-04   
140   1.000E-03   3.5770E-04   3.5770E-04   3.5770E-04 / 3.5770E-04   
150   1.000E-03   3.5634E-04   3.5634E-04   3.5634E-04 / 3.5634E-04   
160   1.000E-03   3.6269E-04   3.6269E-04   3.6269E-04 / 3.6269E-04   
170   1.000E-03   3.5282E-04   3.5282E-04   3.5282E-04 / 3.5282E-04   
180   1.000E-03   3.5388E-04   3.5388E-04   3.5388E-04 / 3.5388E-04   
190   1.000E-03   3.5257E-04   3.5257E-04   3.5257E-04 / 3.5257E-04   
200   1.000E-03   3.4886E-04   3.4886E-04   3.4886E-04 / 3.4886E-04   
210   1.000E-03   3.6258E-04   3.6258E-04   3.6258E-04 / 3.6258E-04   
220   1.000E-03   3.6198E-04   3.6198E-04   3.6198E-04 / 3.6198E-04   
230   1.000E-03   3.4825E-04   3.4825E-04   3.4825E-04 / 3.4825E-04   
240   1.000E-03   3.4848E-04   3.4848E-04   3.4848E-04 / 3.4848E-04   
250   1.000E-03   3.4778E-04   3.4778E-04   3.4778E-04 / 3.4778E-04   
260   1.000E-03   3.4249E-04   3.4249E-04   3.4249E-04 / 3.4249E-04   
270   1.000E-03   3.3860E-04   3.3860E-04   3.3860E-04 / 3.3860E-04   
280   1.000E-03   3.4251E-04   3.4251E-04   3.4251E-04 / 3.4251E-04   
290   1.000E-03   3.4432E-04   3.4432E-04   3.4432E-04 / 3.4432E-04   
300   1.000E-03   3.3991E-04   3.3991E-04   3.3991E-04 / 3.3991E-04   
310   1.000E-03   3.4508E-04   3.4508E-04   3.4508E-04 / 3.4508E-04   
320   1.000E-03   3.3508E-04   3.3508E-04   3.3508E-04 / 3.3508E-04   
330   1.000E-03   3.4117E-04   3.4117E-04   3.4117E-04 / 3.4117E-04   
340   1.000E-03   3.3336E-04   3.3336E-04   3.3336E-04 / 3.3336E-04   
350   1.000E-03   3.3079E-04   3.3079E-04   3.3079E-04 / 3.3079E-04   
360   1.000E-03   3.3290E-04   3.3290E-04   3.3290E-04 / 3.3290E-04   
370   1.000E-03   3.3650E-04   3.3650E-04   3.3650E-04 / 3.3650E-04   
380   1.000E-03   3.3775E-04   3.3775E-04   3.3775E-04 / 3.3775E-04   
390   1.000E-03   3.3346E-04   3.3346E-04   3.3346E-04 / 3.3346E-04   
400   1.000E-03   3.4006E-04   3.4006E-04   3.4006E-04 / 3.4006E-04   
403   1.000E-03   3.3448E-04   3.3448E-04   3.3448E-04 / 3.3448E-04   
BEST MODEL
===============================================================================================================
350   1.000E-03   3.3079E-04   3.3079E-04   3.3079E-04 / 3.3079E-04   
===============================================================================================================
Saved model to models/duct_memorization_norealiz/TBNNiii-24May10_09:37:44.pickle
