=====> WARNING: Training dataset length: 0, assuming memorization test!
========== Dataset info ==========
Dataset params: {'file': '/home/ryley/WDK/ML/dataset/turbulence_dataset_clean.csv', 'Cases': ['squareDuctAve_Re_2000'], 'val_set': ['squareDuctAve_Re_2000'], 'test_set': ['squareDuctAve_Re_2000'], 'data_loader': <class 'tbnn.dataloaders.aDataset'>}
Train/Valid/Test points: 9216 / 9216 / 9216
Memorization?: True
Cluster training?: False
EPOCH     LR        TRAIN         VALID             MSE:T/V                  RL:T/V             %NR_t/%NR_v
===============================================================================================================
  1   1.000E-03   4.8226E-03   4.8226E-03   4.8226E-03 / 4.8226E-03   
 10   1.000E-03   8.9334E-04   8.9334E-04   8.9334E-04 / 8.9334E-04   
 20   1.000E-03   5.3760E-04   5.3760E-04   5.3760E-04 / 5.3760E-04   
 30   1.000E-03   4.2118E-04   4.2118E-04   4.2118E-04 / 4.2118E-04   
 40   1.000E-03   3.7278E-04   3.7278E-04   3.7278E-04 / 3.7278E-04   
 50   1.000E-03   3.2736E-04   3.2736E-04   3.2736E-04 / 3.2736E-04   
 60   1.000E-03   3.0715E-04   3.0715E-04   3.0715E-04 / 3.0715E-04   
 70   1.000E-03   3.0888E-04   3.0888E-04   3.0888E-04 / 3.0888E-04   
 80   1.000E-03   3.0195E-04   3.0195E-04   3.0195E-04 / 3.0195E-04   
 90   1.000E-03   2.9722E-04   2.9722E-04   2.9722E-04 / 2.9722E-04   
100   1.000E-03   2.9425E-04   2.9425E-04   2.9425E-04 / 2.9425E-04   
110   1.000E-03   3.2378E-04   3.2378E-04   3.2378E-04 / 3.2378E-04   
120   1.000E-03   2.9440E-04   2.9440E-04   2.9440E-04 / 2.9440E-04   
130   1.000E-03   3.0322E-04   3.0322E-04   3.0322E-04 / 3.0322E-04   
140   1.000E-03   2.9467E-04   2.9467E-04   2.9467E-04 / 2.9467E-04   
150   1.000E-03   2.8215E-04   2.8215E-04   2.8215E-04 / 2.8215E-04   
160   1.000E-03   2.9619E-04   2.9619E-04   2.9619E-04 / 2.9619E-04   
170   1.000E-03   2.8395E-04   2.8395E-04   2.8395E-04 / 2.8395E-04   
180   1.000E-03   2.8398E-04   2.8398E-04   2.8398E-04 / 2.8398E-04   
190   1.000E-03   2.7939E-04   2.7939E-04   2.7939E-04 / 2.7939E-04   
200   1.000E-03   2.7926E-04   2.7926E-04   2.7926E-04 / 2.7926E-04   
210   1.000E-03   2.8375E-04   2.8375E-04   2.8375E-04 / 2.8375E-04   
220   1.000E-03   2.7895E-04   2.7895E-04   2.7895E-04 / 2.7895E-04   
230   1.000E-03   2.7670E-04   2.7670E-04   2.7670E-04 / 2.7670E-04   
240   1.000E-03   2.7840E-04   2.7840E-04   2.7840E-04 / 2.7840E-04   
250   1.000E-03   2.7647E-04   2.7647E-04   2.7647E-04 / 2.7647E-04   
260   1.000E-03   2.6941E-04   2.6941E-04   2.6941E-04 / 2.6941E-04   
270   1.000E-03   2.6389E-04   2.6389E-04   2.6389E-04 / 2.6389E-04   
280   1.000E-03   2.7302E-04   2.7302E-04   2.7302E-04 / 2.7302E-04   
290   1.000E-03   2.7843E-04   2.7843E-04   2.7843E-04 / 2.7843E-04   
300   1.000E-03   2.6607E-04   2.6607E-04   2.6607E-04 / 2.6607E-04   
310   1.000E-03   2.7036E-04   2.7036E-04   2.7036E-04 / 2.7036E-04   
320   1.000E-03   2.6088E-04   2.6088E-04   2.6088E-04 / 2.6088E-04   
330   1.000E-03   2.6999E-04   2.6999E-04   2.6999E-04 / 2.6999E-04   
340   1.000E-03   2.5930E-04   2.5930E-04   2.5930E-04 / 2.5930E-04   
350   1.000E-03   2.5973E-04   2.5973E-04   2.5973E-04 / 2.5973E-04   
360   1.000E-03   2.6041E-04   2.6041E-04   2.6041E-04 / 2.6041E-04   
370   1.000E-03   2.6070E-04   2.6070E-04   2.6070E-04 / 2.6070E-04   
380   1.000E-03   2.6609E-04   2.6609E-04   2.6609E-04 / 2.6609E-04   
390   1.000E-03   2.6608E-04   2.6608E-04   2.6608E-04 / 2.6608E-04   
400   1.000E-03   2.6509E-04   2.6509E-04   2.6509E-04 / 2.6509E-04   
410   1.000E-03   2.8365E-04   2.8365E-04   2.8365E-04 / 2.8365E-04   
BEST MODEL
===============================================================================================================
363   1.000E-03   2.5857E-04   2.5857E-04   2.5857E-04 / 2.5857E-04   
===============================================================================================================
Saved model to models/duct_memorization_norealiz/TBNNiii-24May09_10:57:43.pickle
