========== Dataset info ==========
Dataset params: {'file': '/home/nikki/kan/data/turbulence_dataset_clean.csv', 'Cases': ['fp_1000', 'fp_1410', 'fp_2000', 'fp_2540', 'fp_3030', 'fp_3270', 'fp_3630', 'fp_3970', 'fp_4060'], 'val_set': ['fp_3030', 'fp_1410', 'fp_4060'], 'test_set': ['fp_3630'], 'data_loader': <class 'tbnn.dataloaders.aDataset'>}
Train/Valid/Test points: 760 / 468 / 168
Memorization?: False
Cluster training?: False
EPOCH     LR        TRAIN         VALID             MSE:T/V                  RL:T/V             %NR_t/%NR_v
===============================================================================================================
  1   3.909E-03   1.9290E-01   1.8955E-01   1.9290E-01 / 1.8955E-01   
 10   3.909E-03   7.8007E-03   7.3029E-03   7.8007E-03 / 7.3029E-03   
 20   3.909E-03   3.4767E-03   3.2778E-03   3.4742E-03 / 3.2758E-03   
 30   3.909E-03   2.6243E-03   2.4962E-03   2.6243E-03 / 2.4962E-03   
 40   3.909E-03   2.1707E-03   2.0742E-03   2.1707E-03 / 2.0742E-03   
 50   3.909E-03   1.9045E-03   1.8237E-03   1.9045E-03 / 1.8237E-03   
 60   3.909E-03   1.7161E-03   1.6402E-03   1.7161E-03 / 1.6402E-03   
 70   3.909E-03   1.5663E-03   1.4997E-03   1.5663E-03 / 1.4997E-03   
 80   3.909E-03   1.4518E-03   1.3944E-03   1.4518E-03 / 1.3944E-03   
 90   3.909E-03   1.3527E-03   1.3023E-03   1.3527E-03 / 1.3023E-03   
100   3.909E-03   1.2574E-03   1.2112E-03   1.2574E-03 / 1.2112E-03   
110   3.909E-03   1.1718E-03   1.1292E-03   1.1718E-03 / 1.1292E-03   
120   3.909E-03   1.0952E-03   1.0586E-03   1.0952E-03 / 1.0586E-03   
130   3.909E-03   1.0277E-03   9.9768E-04   1.0277E-03 / 9.9766E-04   
140   3.909E-03   9.6317E-04   9.3386E-04   9.6317E-04 / 9.3386E-04   
150   3.909E-03   9.0143E-04   8.7363E-04   9.0141E-04 / 8.7361E-04   
160   3.909E-03   8.4551E-04   8.2040E-04   8.4545E-04 / 8.2035E-04   
170   3.909E-03   7.8916E-04   7.6451E-04   7.8902E-04 / 7.6445E-04   
180   3.909E-03   7.3939E-04   7.1416E-04   7.3932E-04 / 7.1410E-04   
190   3.909E-03   6.9170E-04   6.6901E-04   6.9165E-04 / 6.6893E-04   
200   3.909E-03   6.4187E-04   6.2392E-04   6.4179E-04 / 6.2388E-04   
210   3.909E-03   6.0789E-04   5.8765E-04   6.0773E-04 / 5.8760E-04   
220   3.909E-03   5.5611E-04   5.4065E-04   5.5604E-04 / 5.4060E-04   
230   3.909E-03   5.2553E-04   5.1152E-04   5.2543E-04 / 5.1146E-04   
240   3.909E-03   4.8775E-04   4.7728E-04   4.8772E-04 / 4.7726E-04   
250   3.909E-03   4.6026E-04   4.5106E-04   4.6023E-04 / 4.5105E-04   
260   3.909E-03   4.3761E-04   4.3112E-04   4.3759E-04 / 4.3111E-04   
270   3.909E-03   4.1789E-04   4.1211E-04   4.1785E-04 / 4.1211E-04   
280   3.909E-03   3.9439E-04   3.8957E-04   3.9429E-04 / 3.8953E-04   
290   3.909E-03   3.7310E-04   3.6735E-04   3.7293E-04 / 3.6711E-04   
300   3.909E-03   3.8317E-04   3.7360E-04   3.8218E-04 / 3.7347E-04   
310   3.909E-03   3.4585E-04   3.4277E-04   3.4583E-04 / 3.4276E-04   
320   3.909E-03   3.2896E-04   3.2300E-04   3.2881E-04 / 3.2290E-04   
330   3.909E-03   3.1452E-04   3.0971E-04   3.1430E-04 / 3.0939E-04   
340   3.909E-03   3.0192E-04   2.9818E-04   3.0188E-04 / 2.9812E-04   
350   3.909E-03   3.1314E-04   3.0943E-04   3.1298E-04 / 3.0916E-04   
360   3.909E-03   2.8386E-04   2.8045E-04   2.8380E-04 / 2.8022E-04   
370   3.909E-03   2.8817E-04   2.8535E-04   2.8790E-04 / 2.8496E-04   
380   3.909E-03   2.7002E-04   2.6841E-04   2.6980E-04 / 2.6801E-04   
390   3.909E-03   2.5554E-04   2.5459E-04   2.5545E-04 / 2.5436E-04   
400   3.909E-03   2.4757E-04   2.4849E-04   2.4745E-04 / 2.4831E-04   
410   3.909E-03   2.5097E-04   2.5353E-04   2.5083E-04 / 2.5331E-04   
420   3.909E-03   2.5105E-04   2.5010E-04   2.5097E-04 / 2.4993E-04   
430   3.909E-03   2.4763E-04   2.4620E-04   2.4723E-04 / 2.4572E-04   
440   3.909E-03   2.3322E-04   2.3596E-04   2.3315E-04 / 2.3575E-04   
450   3.909E-03   2.1518E-04   2.1724E-04   2.1503E-04 / 2.1681E-04   
460   3.909E-03   2.1708E-04   2.2021E-04   2.1692E-04 / 2.1982E-04   
470   3.909E-03   2.0611E-04   2.0735E-04   2.0550E-04 / 2.0678E-04   
480   3.909E-03   2.0315E-04   2.0531E-04   2.0304E-04 / 2.0507E-04   
490   3.909E-03   1.9789E-04   2.0002E-04   1.9757E-04 / 1.9936E-04   
500   3.909E-03   2.2080E-04   2.2156E-04   2.1994E-04 / 2.2041E-04   
510   3.909E-03   1.8460E-04   1.8633E-04   1.8450E-04 / 1.8600E-04   
520   3.909E-03   1.9659E-04   1.9392E-04   1.9649E-04 / 1.9318E-04   
530   3.909E-03   1.8154E-04   1.8095E-04   1.8143E-04 / 1.8039E-04   
540   3.909E-03   1.6976E-04   1.7288E-04   1.6964E-04 / 1.7215E-04   
550   3.909E-03   1.7188E-04   1.7360E-04   1.7182E-04 / 1.7292E-04   
560   3.909E-03   1.7088E-04   1.7284E-04   1.7064E-04 / 1.7189E-04   
570   3.909E-03   1.7050E-04   1.7386E-04   1.7037E-04 / 1.7281E-04   
580   3.909E-03   1.6190E-04   1.6505E-04   1.6148E-04 / 1.6366E-04   
590   3.909E-03   1.6044E-04   1.6597E-04   1.5969E-04 / 1.6337E-04   
600   3.909E-03   1.5403E-04   1.5873E-04   1.5301E-04 / 1.5628E-04   
610   3.909E-03   1.5232E-04   1.5834E-04   1.5190E-04 / 1.5661E-04   
620   3.909E-03   1.6280E-04   1.5913E-04   1.6130E-04 / 1.5786E-04   
630   3.909E-03   1.4464E-04   1.5129E-04   1.4397E-04 / 1.4987E-04   
640   3.909E-03   1.7669E-04   1.8693E-04   1.7627E-04 / 1.8361E-04   
650   3.909E-03   1.5535E-04   1.6242E-04   1.5525E-04 / 1.6113E-04   
660   3.909E-03   1.3555E-04   1.3962E-04   1.3542E-04 / 1.3851E-04   
670   3.909E-03   1.3114E-04   1.3688E-04   1.3100E-04 / 1.3515E-04   
680   3.909E-03   1.6625E-04   1.7541E-04   1.6614E-04 / 1.7316E-04   
690   3.909E-03   1.2855E-04   1.3799E-04   1.2830E-04 / 1.3377E-04   
700   3.909E-03   1.1843E-04   1.2461E-04   1.1828E-04 / 1.2267E-04   
710   3.909E-03   1.2371E-04   1.2432E-04   1.2168E-04 / 1.2338E-04   
720   3.909E-03   1.4915E-04   1.5317E-04   1.4859E-04 / 1.4800E-04   
730   3.909E-03   1.1805E-04   1.2595E-04   1.1792E-04 / 1.2203E-04   
740   3.909E-03   1.2036E-04   1.2696E-04   1.2022E-04 / 1.2380E-04   
750   3.909E-03   1.0691E-04   1.1999E-04   1.0659E-04 / 1.1419E-04   
760   3.909E-03   1.1001E-04   1.2326E-04   1.0974E-04 / 1.1785E-04   
770   3.909E-03   1.0612E-04   1.1903E-04   1.0605E-04 / 1.1418E-04   
780   3.909E-03   1.0069E-04   1.1519E-04   1.0050E-04 / 1.0985E-04   
790   3.909E-03   9.9159E-05   1.1614E-04   9.8986E-05 / 1.0952E-04   
800   3.909E-03   9.5303E-05   1.0634E-04   9.4601E-05 / 1.0188E-04   
810   3.909E-03   9.7067E-05   1.1341E-04   9.6123E-05 / 1.0461E-04   
820   3.909E-03   8.8508E-05   1.0804E-04   8.8288E-05 / 9.9330E-05   
830   3.909E-03   9.1082E-05   1.0927E-04   9.0477E-05 / 9.9678E-05   
840   3.909E-03   1.0807E-04   1.2815E-04   1.0796E-04 / 1.1910E-04   
850   3.909E-03   8.6321E-05   1.0539E-04   8.6033E-05 / 9.6579E-05   
860   3.909E-03   8.6517E-05   1.0599E-04   8.6478E-05 / 9.6492E-05   
870   3.909E-03   8.1854E-05   1.0561E-04   8.1725E-05 / 9.2403E-05   
880   3.909E-03   7.6138E-05   9.7455E-05   7.5788E-05 / 8.6089E-05   
890   3.909E-03   7.4314E-05   9.6315E-05   7.2960E-05 / 8.5247E-05   
900   3.909E-03   7.4144E-05   9.5714E-05   7.3966E-05 / 8.5261E-05   
910   3.909E-03   7.6922E-05   1.0076E-04   7.6372E-05 / 8.9023E-05   
920   3.909E-03   7.4650E-05   1.0066E-04   7.4567E-05 / 8.7733E-05   
930   3.909E-03   8.5759E-05   1.0668E-04   8.5429E-05 / 9.3738E-05   
940   3.909E-03   6.8459E-05   1.0058E-04   6.8150E-05 / 8.3459E-05   
950   3.909E-03   6.4911E-05   1.0141E-04   6.4833E-05 / 8.1978E-05   
960   3.909E-03   6.4461E-05   9.9532E-05   6.4026E-05 / 7.9637E-05   
970   3.909E-03   7.9414E-05   1.0852E-04   7.8685E-05 / 9.1656E-05   
980   3.909E-03   7.6041E-05   1.0444E-04   7.4879E-05 / 8.6495E-05   
990   3.909E-03   6.7936E-05   1.0757E-04   6.7928E-05 / 8.3619E-05   
1000   3.909E-03   6.4954E-05   1.0795E-04   6.4930E-05 / 8.2606E-05   
1010   3.909E-03   6.3077E-05   1.0433E-04   6.1227E-05 / 7.7476E-05   
1020   3.909E-03   6.5391E-05   1.1404E-04   6.4200E-05 / 8.2557E-05   
1030   3.909E-03   6.0562E-05   1.0299E-04   6.0528E-05 / 7.6234E-05   
1040   3.909E-03   5.5028E-05   1.0177E-04   5.4982E-05 / 7.3017E-05   
1050   3.909E-03   6.0669E-05   1.0941E-04   5.6114E-05 / 7.4607E-05   
1060   3.909E-03   5.2665E-05   9.6109E-05   5.2483E-05 / 6.9646E-05   
1070   3.909E-03   5.6497E-05   1.0813E-04   5.5283E-05 / 7.4097E-05   
1080   3.909E-03   5.4576E-05   1.0781E-04   5.3998E-05 / 7.3624E-05   
1090   3.909E-03   5.9321E-05   1.2293E-04   5.8447E-05 / 8.0105E-05   
1100   3.909E-03   5.9118E-05   1.1144E-04   5.8236E-05 / 7.7142E-05   
1110   3.909E-03   4.8280E-05   1.0253E-04   4.8100E-05 / 6.8187E-05   
1120   3.909E-03   5.3259E-05   1.1329E-04   5.3093E-05 / 7.3944E-05   
1130   3.909E-03   6.2586E-05   1.1762E-04   6.2335E-05 / 8.2668E-05   
1140   3.909E-03   5.1126E-05   1.0980E-04   5.1009E-05 / 7.1584E-05   
1150   3.909E-03   4.7477E-05   1.1260E-04   4.7392E-05 / 6.9913E-05   
1160   3.909E-03   4.7698E-05   1.1190E-04   4.7660E-05 / 6.9843E-05   
1170   3.909E-03   4.9626E-05   1.2335E-04   4.9292E-05 / 7.3719E-05   
1180   3.909E-03   4.6247E-05   1.2034E-04   4.5031E-05 / 7.0339E-05   
1190   3.909E-03   6.3290E-05   1.2199E-04   6.3031E-05 / 8.3931E-05   
1200   3.909E-03   4.5032E-05   1.0357E-04   4.3922E-05 / 6.4954E-05   
1210   3.909E-03   4.5498E-05   1.1832E-04   4.4827E-05 / 6.8300E-05   
1220   3.909E-03   4.2683E-05   1.1704E-04   4.2622E-05 / 6.8078E-05   
1230   3.909E-03   4.0886E-05   1.1565E-04   4.0667E-05 / 6.6042E-05   
1240   3.909E-03   3.8812E-05   1.1101E-04   3.8612E-05 / 6.2887E-05   
1250   3.909E-03   4.0760E-05   1.2516E-04   4.0686E-05 / 6.8303E-05   
1260   3.909E-03   4.8152E-05   1.3029E-04   4.8151E-05 / 7.4078E-05   
1270   3.909E-03   4.0803E-05   1.2400E-04   4.0742E-05 / 6.8218E-05   
1280   3.909E-03   4.6414E-05   1.3372E-04   4.6277E-05 / 7.3485E-05   
1290   3.909E-03   4.4560E-05   1.3062E-04   4.4540E-05 / 7.2383E-05   
1300   3.909E-03   3.7939E-05   1.1375E-04   3.7920E-05 / 6.3589E-05   
1310   3.909E-03   3.3057E-05   1.1339E-04   3.2794E-05 / 5.9506E-05   
1320   3.909E-03   3.3679E-05   1.1351E-04   3.3633E-05 / 6.0069E-05   
1330   3.909E-03   4.5122E-05   1.2563E-04   4.5117E-05 / 7.2429E-05   
1340   3.909E-03   3.4675E-05   1.2613E-04   3.4665E-05 / 6.3818E-05   
1350   3.909E-03   3.7575E-05   1.2188E-04   3.5848E-05 / 6.4275E-05   
1360   3.909E-03   3.5911E-05   1.4165E-04   3.5105E-05 / 6.9090E-05   
1370   3.909E-03   4.0679E-05   1.2353E-04   4.0675E-05 / 6.7602E-05   
1376   3.909E-03   3.0344E-05   1.1849E-04   3.0210E-05 / 5.9163E-05   
BEST MODEL
===============================================================================================================
1113   3.909E-03   5.1124E-05   7.2902E-05   5.1113E-05 / 6.1352E-05   
===============================================================================================================
Saved model to /home/nikki/kan/kanTBNN/models/multi_run/kan_experiment_123_opt/kanTBNN-24Nov07_20:16:32.pickle
