========== Dataset info ==========
Dataset params: {'file': '/home/nikki/kan/data/turbulence_dataset_clean.csv', 'Cases': ['fp_1000', 'fp_1410', 'fp_2000', 'fp_2540', 'fp_3030', 'fp_3270', 'fp_3630', 'fp_3970', 'fp_4060'], 'val_set': ['fp_3030', 'fp_1410', 'fp_4060'], 'test_set': ['fp_3630'], 'data_loader': <class 'tbnn.dataloaders.aDataset'>}
Train/Valid/Test points: 760 / 468 / 168
Memorization?: False
Cluster training?: False
EPOCH     LR        TRAIN         VALID             MSE:T/V                  RL:T/V             %NR_t/%NR_v
===============================================================================================================
  1   3.954E-03   1.7276E-01   1.6970E-01   1.7276E-01 / 1.6970E-01   
 10   3.954E-03   4.9473E-03   4.6640E-03   4.9473E-03 / 4.6640E-03   
 20   3.954E-03   2.8494E-03   2.7402E-03   2.8493E-03 / 2.7401E-03   
 30   3.954E-03   2.2982E-03   2.2310E-03   2.2979E-03 / 2.2308E-03   
 40   3.954E-03   1.9788E-03   1.9428E-03   1.9786E-03 / 1.9426E-03   
 50   3.954E-03   1.7524E-03   1.7372E-03   1.7524E-03 / 1.7371E-03   
 60   3.954E-03   1.5903E-03   1.5886E-03   1.5902E-03 / 1.5886E-03   
 70   3.954E-03   1.4504E-03   1.4582E-03   1.4503E-03 / 1.4582E-03   
 80   3.954E-03   1.3239E-03   1.3402E-03   1.3239E-03 / 1.3402E-03   
 90   3.954E-03   1.2097E-03   1.2357E-03   1.2095E-03 / 1.2355E-03   
100   3.954E-03   1.1084E-03   1.1453E-03   1.1082E-03 / 1.1452E-03   
110   3.954E-03   1.0136E-03   1.0602E-03   1.0136E-03 / 1.0602E-03   
120   3.954E-03   9.2452E-04   9.8094E-04   9.2451E-04 / 9.8093E-04   
130   3.954E-03   8.4161E-04   8.9938E-04   8.4160E-04 / 8.9937E-04   
140   3.954E-03   7.6872E-04   8.3702E-04   7.6871E-04 / 8.3702E-04   
150   3.954E-03   7.0072E-04   7.6962E-04   7.0072E-04 / 7.6962E-04   
160   3.954E-03   6.4220E-04   7.1199E-04   6.4220E-04 / 7.1199E-04   
170   3.954E-03   5.9157E-04   6.7137E-04   5.9156E-04 / 6.7137E-04   
180   3.954E-03   5.4906E-04   6.3344E-04   5.4906E-04 / 6.3344E-04   
190   3.954E-03   5.1397E-04   6.1121E-04   5.1396E-04 / 6.1121E-04   
200   3.954E-03   4.7167E-04   5.6524E-04   4.7166E-04 / 5.6524E-04   
210   3.954E-03   4.4128E-04   5.3930E-04   4.4128E-04 / 5.3930E-04   
220   3.954E-03   4.3203E-04   5.4808E-04   4.3201E-04 / 5.4808E-04   
230   3.954E-03   3.9562E-04   5.0784E-04   3.9562E-04 / 5.0784E-04   
240   3.954E-03   3.8267E-04   5.0558E-04   3.8266E-04 / 5.0558E-04   
250   3.954E-03   3.5680E-04   4.8071E-04   3.5679E-04 / 4.8071E-04   
260   3.954E-03   3.6899E-04   4.5336E-04   3.6898E-04 / 4.5336E-04   
270   3.954E-03   3.2661E-04   4.5158E-04   3.2660E-04 / 4.5157E-04   
280   3.954E-03   3.0789E-04   4.3337E-04   3.0788E-04 / 4.3334E-04   
290   3.954E-03   2.9294E-04   4.4178E-04   2.9287E-04 / 4.4169E-04   
300   3.954E-03   2.9360E-04   4.2329E-04   2.9334E-04 / 4.2300E-04   
310   3.954E-03   2.6552E-04   3.9483E-04   2.6549E-04 / 3.9483E-04   
320   3.954E-03   2.5551E-04   3.9019E-04   2.5550E-04 / 3.9019E-04   
330   3.954E-03   2.5341E-04   4.0273E-04   2.5339E-04 / 4.0272E-04   
340   3.954E-03   2.4153E-04   3.7548E-04   2.4152E-04 / 3.7546E-04   
350   3.954E-03   2.2521E-04   3.7066E-04   2.2519E-04 / 3.7063E-04   
360   3.954E-03   2.1635E-04   3.7203E-04   2.1631E-04 / 3.7197E-04   
370   3.954E-03   2.2762E-04   3.8049E-04   2.2729E-04 / 3.8012E-04   
380   3.954E-03   2.4471E-04   3.9145E-04   2.4471E-04 / 3.9145E-04   
390   3.954E-03   1.9299E-04   3.4837E-04   1.9294E-04 / 3.4834E-04   
400   3.954E-03   2.1693E-04   3.5562E-04   2.1693E-04 / 3.5562E-04   
410   3.954E-03   1.8041E-04   3.3498E-04   1.8030E-04 / 3.3493E-04   
420   3.954E-03   1.7212E-04   3.3570E-04   1.7205E-04 / 3.3567E-04   
430   3.954E-03   1.7846E-04   2.9506E-04   1.7832E-04 / 2.9492E-04   
440   3.954E-03   1.6875E-04   3.2071E-04   1.6875E-04 / 3.2070E-04   
450   3.954E-03   1.5968E-04   3.0069E-04   1.5959E-04 / 3.0060E-04   
460   3.954E-03   1.5017E-04   3.0521E-04   1.4999E-04 / 3.0505E-04   
470   3.954E-03   1.6554E-04   3.1461E-04   1.6552E-04 / 3.1461E-04   
480   3.954E-03   1.7347E-04   3.3564E-04   1.7336E-04 / 3.3560E-04   
490   3.954E-03   1.5160E-04   2.7155E-04   1.5144E-04 / 2.7150E-04   
500   3.954E-03   1.3354E-04   2.7082E-04   1.3345E-04 / 2.7079E-04   
510   3.954E-03   1.3853E-04   2.8484E-04   1.3851E-04 / 2.8484E-04   
520   3.954E-03   1.2822E-04   2.7225E-04   1.2822E-04 / 2.7225E-04   
530   3.954E-03   1.2198E-04   2.7521E-04   1.2197E-04 / 2.7520E-04   
540   3.954E-03   1.2339E-04   2.7878E-04   1.2265E-04 / 2.7812E-04   
550   3.954E-03   1.1319E-04   2.5485E-04   1.1318E-04 / 2.5483E-04   
560   3.954E-03   1.1154E-04   2.7777E-04   1.1146E-04 / 2.7766E-04   
570   3.954E-03   1.2040E-04   2.8005E-04   1.2039E-04 / 2.8004E-04   
580   3.954E-03   1.0971E-04   2.6362E-04   1.0970E-04 / 2.6362E-04   
590   3.954E-03   9.8866E-05   2.3238E-04   9.8770E-05 / 2.3234E-04   
600   3.954E-03   1.0428E-04   2.4102E-04   1.0428E-04 / 2.4102E-04   
610   3.954E-03   9.3837E-05   2.4204E-04   9.3060E-05 / 2.4148E-04   
620   3.954E-03   8.9734E-05   2.4408E-04   8.9730E-05 / 2.4407E-04   
630   3.954E-03   8.9409E-05   2.3744E-04   8.9330E-05 / 2.3738E-04   
640   3.954E-03   9.4197E-05   2.5085E-04   9.4197E-05 / 2.5085E-04   
650   3.954E-03   1.0166E-04   2.4716E-04   1.0166E-04 / 2.4716E-04   
660   3.954E-03   8.2226E-05   2.1074E-04   8.2182E-05 / 2.1067E-04   
670   3.954E-03   8.4961E-05   2.2136E-04   8.4942E-05 / 2.2133E-04   
680   3.954E-03   7.8864E-05   2.2364E-04   7.8594E-05 / 2.2336E-04   
690   3.954E-03   7.6887E-05   2.1713E-04   7.6887E-05 / 2.1713E-04   
700   3.954E-03   7.2092E-05   2.1215E-04   7.2083E-05 / 2.1215E-04   
710   3.954E-03   1.0176E-04   2.3000E-04   1.0167E-04 / 2.2996E-04   
720   3.954E-03   9.9371E-05   2.3341E-04   9.8948E-05 / 2.3310E-04   
730   3.954E-03   7.4821E-05   1.9532E-04   7.4674E-05 / 1.9519E-04   
740   3.954E-03   6.5457E-05   1.8934E-04   6.5454E-05 / 1.8934E-04   
750   3.954E-03   6.4669E-05   1.8995E-04   6.4623E-05 / 1.8994E-04   
760   3.954E-03   6.3781E-05   1.8042E-04   6.3772E-05 / 1.8042E-04   
770   3.954E-03   6.4140E-05   1.9923E-04   6.3797E-05 / 1.9898E-04   
780   3.954E-03   6.9824E-05   1.7772E-04   6.9800E-05 / 1.7771E-04   
790   3.954E-03   6.2526E-05   1.7303E-04   6.2499E-05 / 1.7300E-04   
800   3.954E-03   5.5935E-05   1.6937E-04   5.5933E-05 / 1.6936E-04   
810   3.954E-03   5.3764E-05   1.6992E-04   5.3761E-05 / 1.6992E-04   
820   3.954E-03   5.2463E-05   1.6715E-04   5.2451E-05 / 1.6714E-04   
830   3.954E-03   5.3442E-05   1.5572E-04   5.3440E-05 / 1.5572E-04   
840   3.954E-03   5.3737E-05   1.6376E-04   5.3734E-05 / 1.6375E-04   
850   3.954E-03   5.8771E-05   1.6386E-04   5.8359E-05 / 1.6346E-04   
860   3.954E-03   4.7779E-05   1.5825E-04   4.7771E-05 / 1.5825E-04   
870   3.954E-03   4.8337E-05   1.5331E-04   4.8302E-05 / 1.5324E-04   
880   3.954E-03   5.1040E-05   1.4950E-04   5.1039E-05 / 1.4950E-04   
890   3.954E-03   5.0942E-05   1.3874E-04   4.9593E-05 / 1.3752E-04   
900   3.954E-03   4.7296E-05   1.3461E-04   4.6900E-05 / 1.3432E-04   
910   3.954E-03   4.4222E-05   1.2857E-04   4.3728E-05 / 1.2824E-04   
920   3.954E-03   5.9517E-05   1.5984E-04   5.9510E-05 / 1.5984E-04   
930   3.954E-03   5.7572E-05   1.3185E-04   5.7440E-05 / 1.3176E-04   
940   3.954E-03   4.0159E-05   1.1902E-04   4.0143E-05 / 1.1902E-04   
950   3.954E-03   3.9058E-05   1.2458E-04   3.9058E-05 / 1.2458E-04   
960   3.954E-03   3.8950E-05   1.1991E-04   3.8604E-05 / 1.1967E-04   
970   3.954E-03   4.2642E-05   1.2279E-04   4.2635E-05 / 1.2277E-04   
980   3.954E-03   3.5634E-05   1.1426E-04   3.5630E-05 / 1.1426E-04   
990   3.954E-03   3.6942E-05   1.1060E-04   3.6932E-05 / 1.1058E-04   
1000   3.954E-03   3.7446E-05   1.1282E-04   3.7443E-05 / 1.1281E-04   
1010   3.954E-03   4.0330E-05   1.1635E-04   3.9842E-05 / 1.1593E-04   
1020   3.954E-03   3.4166E-05   1.0681E-04   3.4007E-05 / 1.0666E-04   
1030   3.954E-03   4.8125E-05   1.0209E-04   4.7953E-05 / 1.0196E-04   
1040   3.954E-03   3.4303E-05   9.1264E-05   3.4288E-05 / 9.1260E-05   
1050   3.954E-03   2.9951E-05   9.6195E-05   2.9934E-05 / 9.6193E-05   
1060   3.954E-03   3.4765E-05   1.0099E-04   3.4760E-05 / 1.0099E-04   
1070   3.954E-03   3.0402E-05   9.7754E-05   3.0402E-05 / 9.7754E-05   
1080   3.954E-03   3.9298E-05   1.0364E-04   3.9298E-05 / 1.0364E-04   
1090   3.954E-03   2.8406E-05   8.8904E-05   2.8394E-05 / 8.8904E-05   
1100   3.954E-03   2.9550E-05   9.1373E-05   2.8775E-05 / 9.0704E-05   
1110   3.954E-03   5.0534E-05   1.0536E-04   5.0468E-05 / 1.0534E-04   
1120   3.954E-03   3.5094E-05   7.8601E-05   3.4342E-05 / 7.7925E-05   
1130   3.954E-03   2.9851E-05   8.1420E-05   2.9805E-05 / 8.1375E-05   
1140   3.954E-03   3.2825E-05   8.6680E-05   3.1420E-05 / 8.5487E-05   
1150   3.954E-03   3.2108E-05   8.6605E-05   3.2024E-05 / 8.6484E-05   
1160   3.954E-03   2.5086E-05   7.8938E-05   2.4809E-05 / 7.8677E-05   
1170   3.954E-03   2.5611E-05   7.6888E-05   2.5611E-05 / 7.6888E-05   
1180   3.954E-03   3.3325E-05   8.3100E-05   3.3199E-05 / 8.2948E-05   
1190   3.954E-03   2.5281E-05   7.4383E-05   2.5281E-05 / 7.4383E-05   
1200   3.954E-03   3.0948E-05   7.9740E-05   3.0914E-05 / 7.9687E-05   
1210   3.954E-03   2.6505E-05   7.9635E-05   2.6366E-05 / 7.9491E-05   
1220   3.954E-03   2.3970E-05   7.5109E-05   2.3634E-05 / 7.4817E-05   
1230   3.954E-03   2.2138E-05   7.3828E-05   2.1868E-05 / 7.3557E-05   
1240   3.954E-03   2.3231E-05   7.3329E-05   2.2012E-05 / 7.2192E-05   
1250   3.954E-03   2.1892E-05   7.4838E-05   2.1671E-05 / 7.4528E-05   
1260   3.954E-03   2.4966E-05   7.1469E-05   2.3954E-05 / 7.0481E-05   
1270   3.954E-03   2.5393E-05   7.3894E-05   2.5341E-05 / 7.3856E-05   
1280   3.954E-03   4.2796E-05   8.3203E-05   4.1039E-05 / 8.1510E-05   
1290   3.954E-03   4.2209E-05   7.2958E-05   4.2160E-05 / 7.2936E-05   
1300   3.954E-03   2.1818E-05   6.1687E-05   2.1818E-05 / 6.1686E-05   
1310   3.954E-03   2.0127E-05   6.1420E-05   2.0107E-05 / 6.1417E-05   
1320   3.954E-03   1.9542E-05   6.0073E-05   1.9393E-05 / 5.9954E-05   
1330   3.954E-03   2.1284E-05   6.1738E-05   2.1282E-05 / 6.1738E-05   
1340   3.954E-03   2.1757E-05   6.3224E-05   2.1336E-05 / 6.2816E-05   
1350   3.954E-03   1.8966E-05   6.1858E-05   1.8914E-05 / 6.1806E-05   
1360   3.954E-03   1.9276E-05   6.0643E-05   1.8981E-05 / 6.0403E-05   
1370   3.954E-03   2.9792E-05   7.1085E-05   2.9792E-05 / 7.1085E-05   
1380   3.954E-03   2.1051E-05   5.9736E-05   2.1051E-05 / 5.9736E-05   
1390   3.954E-03   2.3195E-05   6.3594E-05   2.3134E-05 / 6.3569E-05   
1400   3.954E-03   2.2295E-05   5.8906E-05   2.1649E-05 / 5.8291E-05   
1410   3.954E-03   2.6374E-05   6.3033E-05   2.5992E-05 / 6.2673E-05   
1420   3.954E-03   1.9052E-05   5.5578E-05   1.8773E-05 / 5.5339E-05   
1430   3.954E-03   3.3200E-05   7.1590E-05   2.6370E-05 / 6.2299E-05   
1440   3.954E-03   1.8552E-05   5.6771E-05   1.8004E-05 / 5.6263E-05   
1450   3.954E-03   1.9564E-05   5.8329E-05   1.9465E-05 / 5.8264E-05   
1460   3.954E-03   2.8967E-05   6.5695E-05   2.8949E-05 / 6.5683E-05   
1470   3.954E-03   2.1262E-05   5.9555E-05   2.0706E-05 / 5.9050E-05   
1480   3.954E-03   1.8093E-05   5.4680E-05   1.8093E-05 / 5.4680E-05   
1490   3.954E-03   1.6766E-05   5.3807E-05   1.6730E-05 / 5.3795E-05   
1500   3.954E-03   1.7723E-05   5.4601E-05   1.7704E-05 / 5.4583E-05   
1510   3.954E-03   1.7862E-05   5.5670E-05   1.7813E-05 / 5.5635E-05   
1520   3.954E-03   1.9154E-05   5.7927E-05   1.8871E-05 / 5.7692E-05   
1530   3.954E-03   1.8767E-05   5.1742E-05   1.8707E-05 / 5.1717E-05   
1540   3.954E-03   2.3076E-05   5.6995E-05   2.2925E-05 / 5.6844E-05   
1550   3.954E-03   1.8518E-05   5.4964E-05   1.8130E-05 / 5.4637E-05   
1560   3.954E-03   1.9172E-05   5.2604E-05   1.9017E-05 / 5.2461E-05   
1570   3.954E-03   1.5353E-05   5.0385E-05   1.5244E-05 / 5.0275E-05   
1580   3.954E-03   1.4753E-05   5.0373E-05   1.4547E-05 / 5.0195E-05   
1590   3.954E-03   1.5083E-05   5.0972E-05   1.4951E-05 / 5.0842E-05   
1600   3.954E-03   1.5436E-05   5.0552E-05   1.5426E-05 / 5.0535E-05   
1610   3.954E-03   2.8371E-05   6.6081E-05   2.8365E-05 / 6.6081E-05   
1620   3.954E-03   2.3243E-05   5.2580E-05   2.3075E-05 / 5.2400E-05   
1630   3.954E-03   1.8015E-05   5.2283E-05   1.8010E-05 / 5.2283E-05   
1640   3.954E-03   1.4891E-05   4.9043E-05   1.4884E-05 / 4.9043E-05   
1650   3.954E-03   1.4307E-05   4.8106E-05   1.4127E-05 / 4.7949E-05   
1660   3.954E-03   1.7231E-05   4.8163E-05   1.6965E-05 / 4.7948E-05   
1670   3.954E-03   1.9037E-05   4.8021E-05   1.9014E-05 / 4.7959E-05   
1680   3.954E-03   1.6016E-05   5.0864E-05   1.5730E-05 / 5.0641E-05   
1690   3.954E-03   1.4728E-05   4.7547E-05   1.4266E-05 / 4.7185E-05   
1700   3.954E-03   1.6729E-05   4.9974E-05   1.6265E-05 / 4.9601E-05   
1710   3.954E-03   2.1001E-05   5.2569E-05   2.0747E-05 / 5.2357E-05   
1720   3.954E-03   1.4567E-05   4.7427E-05   1.4547E-05 / 4.7406E-05   
1730   3.954E-03   1.3474E-05   4.7672E-05   1.3407E-05 / 4.7604E-05   
1740   3.954E-03   1.3558E-05   4.5415E-05   1.3416E-05 / 4.5312E-05   
1750   3.954E-03   1.4371E-05   4.8205E-05   1.4332E-05 / 4.8180E-05   
1760   3.954E-03   2.7718E-05   6.5918E-05   2.7489E-05 / 6.5722E-05   
1770   3.954E-03   1.4422E-05   4.1918E-05   1.4421E-05 / 4.1918E-05   
1780   3.954E-03   1.7412E-05   4.8958E-05   1.7267E-05 / 4.8802E-05   
1790   3.954E-03   1.1975E-05   4.2730E-05   1.1932E-05 / 4.2700E-05   
1800   3.954E-03   1.1914E-05   4.3769E-05   1.1826E-05 / 4.3733E-05   
1810   3.954E-03   1.3958E-05   4.6307E-05   1.3822E-05 / 4.6208E-05   
1820   3.954E-03   1.7342E-05   4.8473E-05   1.7328E-05 / 4.8468E-05   
1830   3.954E-03   1.1959E-05   4.0422E-05   1.1706E-05 / 4.0212E-05   
1840   3.954E-03   1.1902E-05   4.1472E-05   1.1885E-05 / 4.1442E-05   
1850   3.954E-03   1.2897E-05   4.1929E-05   1.2893E-05 / 4.1928E-05   
1860   3.954E-03   1.2954E-05   4.3371E-05   1.2788E-05 / 4.3240E-05   
1870   3.954E-03   1.4134E-05   4.4020E-05   1.4101E-05 / 4.3999E-05   
1880   3.954E-03   1.5442E-05   4.5742E-05   1.3574E-05 / 4.3911E-05   
1890   3.954E-03   1.5487E-05   4.6670E-05   1.5447E-05 / 4.6655E-05   
1900   3.954E-03   2.9366E-05   5.5523E-05   2.9208E-05 / 5.5051E-05   
1910   3.954E-03   1.7428E-05   4.7790E-05   1.7307E-05 / 4.7679E-05   
1920   3.954E-03   1.0813E-05   3.9985E-05   1.0794E-05 / 3.9985E-05   
1930   3.954E-03   1.3598E-05   4.0748E-05   1.3596E-05 / 4.0748E-05   
1940   3.954E-03   1.5272E-05   4.5507E-05   1.5154E-05 / 4.5417E-05   
1950   3.954E-03   1.1685E-05   3.9936E-05   1.1670E-05 / 3.9935E-05   
1960   3.954E-03   1.0809E-05   3.8124E-05   1.0805E-05 / 3.8123E-05   
1970   3.954E-03   1.0326E-05   3.7330E-05   1.0216E-05 / 3.7229E-05   
1980   3.954E-03   1.3196E-05   3.9706E-05   1.3183E-05 / 3.9702E-05   
1990   3.954E-03   1.1551E-05   3.7430E-05   1.1514E-05 / 3.7411E-05   
2000   3.954E-03   1.1960E-05   3.8621E-05   1.1849E-05 / 3.8547E-05   
2010   3.954E-03   1.0679E-05   3.5658E-05   1.0450E-05 / 3.5417E-05   
2020   3.954E-03   1.1325E-05   3.7701E-05   1.1325E-05 / 3.7701E-05   
2030   3.954E-03   1.0163E-05   3.6990E-05   1.0101E-05 / 3.6922E-05   
2040   3.954E-03   2.5137E-05   5.1676E-05   2.5122E-05 / 5.1673E-05   
2050   3.954E-03   1.0060E-05   3.3491E-05   1.0046E-05 / 3.3490E-05   
2060   3.954E-03   9.5487E-06   3.5166E-05   9.5487E-06 / 3.5166E-05   
2070   3.954E-03   1.0671E-05   3.5998E-05   1.0652E-05 / 3.5979E-05   
2080   3.954E-03   1.5007E-05   3.5517E-05   1.4952E-05 / 3.5464E-05   
2090   3.954E-03   9.9792E-06   3.1821E-05   9.9326E-06 / 3.1801E-05   
2100   3.954E-03   1.1906E-05   3.6729E-05   1.1906E-05 / 3.6729E-05   
2110   3.954E-03   1.1039E-05   3.4610E-05   1.0010E-05 / 3.3629E-05   
2120   3.954E-03   9.5605E-06   3.1663E-05   9.5395E-06 / 3.1644E-05   
2130   3.954E-03   9.2609E-06   3.3736E-05   9.2606E-06 / 3.3736E-05   
2140   3.954E-03   9.7884E-06   3.4837E-05   9.4217E-06 / 3.4496E-05   
2150   3.954E-03   2.7197E-05   5.7684E-05   2.7161E-05 / 5.7665E-05   
2160   3.954E-03   2.8577E-05   4.2906E-05   2.7312E-05 / 4.1857E-05   
2170   3.954E-03   8.4048E-06   2.7339E-05   8.3344E-06 / 2.7280E-05   
2180   3.954E-03   8.7940E-06   2.8136E-05   8.6644E-06 / 2.8048E-05   
2190   3.954E-03   8.3362E-06   2.8513E-05   8.3284E-06 / 2.8510E-05   
2200   3.954E-03   8.5080E-06   2.8736E-05   8.5075E-06 / 2.8736E-05   
2210   3.954E-03   8.1230E-06   2.7211E-05   8.0008E-06 / 2.7107E-05   
2220   3.954E-03   8.0642E-06   2.7735E-05   7.8938E-06 / 2.7577E-05   
2230   3.954E-03   7.9838E-06   2.8883E-05   7.9838E-06 / 2.8883E-05   
2240   3.954E-03   9.4341E-06   3.2712E-05   9.3814E-06 / 3.2653E-05   
2250   3.954E-03   1.7521E-05   3.7533E-05   1.7504E-05 / 3.7525E-05   
2260   3.954E-03   9.0714E-06   3.1006E-05   8.8766E-06 / 3.0788E-05   
2270   3.954E-03   8.3070E-06   2.8479E-05   8.1236E-06 / 2.7428E-05   
2280   3.954E-03   8.8204E-06   2.9070E-05   8.8176E-06 / 2.9069E-05   
2290   3.954E-03   1.5660E-05   3.8728E-05   1.5547E-05 / 3.8585E-05   
2300   3.954E-03   9.2559E-06   2.9038E-05   9.2545E-06 / 2.9037E-05   
2310   3.954E-03   8.5263E-06   2.7000E-05   8.5216E-06 / 2.6999E-05   
2320   3.954E-03   9.9062E-06   2.6948E-05   9.8827E-06 / 2.6926E-05   
2330   3.954E-03   7.3388E-06   2.8789E-05   7.3235E-06 / 2.8775E-05   
2340   3.954E-03   7.2026E-06   2.7576E-05   7.2015E-06 / 2.7574E-05   
2350   3.954E-03   8.9614E-06   2.8872E-05   8.9223E-06 / 2.8857E-05   
2360   3.954E-03   1.3087E-05   3.7186E-05   1.2891E-05 / 3.6886E-05   
2370   3.954E-03   1.5087E-05   3.5110E-05   1.5034E-05 / 3.5050E-05   
2380   3.954E-03   8.9042E-06   2.6585E-05   8.9029E-06 / 2.6582E-05   
2390   3.954E-03   7.0862E-06   2.6807E-05   7.0618E-06 / 2.6777E-05   
2400   3.954E-03   6.8157E-06   2.6966E-05   6.7794E-06 / 2.6918E-05   
2410   3.954E-03   1.2028E-05   2.9391E-05   1.1982E-05 / 2.9331E-05   
2420   3.954E-03   7.9093E-06   2.5403E-05   7.8452E-06 / 2.5323E-05   
2430   3.954E-03   1.1371E-05   2.8881E-05   1.1267E-05 / 2.8750E-05   
2440   3.954E-03   7.0547E-06   2.7210E-05   7.0143E-06 / 2.7153E-05   
2450   3.954E-03   8.2846E-06   2.8849E-05   8.2839E-06 / 2.8849E-05   
2460   3.954E-03   8.3338E-06   2.9690E-05   8.3276E-06 / 2.9689E-05   
2470   3.954E-03   8.5872E-06   2.8988E-05   8.2676E-06 / 2.8670E-05   
2480   3.954E-03   6.8519E-06   2.5249E-05   6.8004E-06 / 2.5220E-05   
2490   3.954E-03   8.0514E-06   2.6257E-05   7.8349E-06 / 2.6036E-05   
2500   3.954E-03   1.0727E-05   2.9844E-05   9.4326E-06 / 2.8578E-05   
2510   3.954E-03   1.0013E-05   3.3600E-05   9.9964E-06 / 3.3576E-05   
2520   3.954E-03   7.2922E-06   2.7365E-05   7.2914E-06 / 2.7362E-05   
2530   3.954E-03   6.9674E-06   2.6040E-05   6.9649E-06 / 2.6015E-05   
2540   3.954E-03   9.0001E-06   3.0032E-05   8.9607E-06 / 2.9612E-05   
2550   3.954E-03   7.5386E-06   2.8241E-05   7.4577E-06 / 2.8152E-05   
2560   3.954E-03   7.7040E-06   2.6422E-05   7.6964E-06 / 2.6396E-05   
2570   3.954E-03   9.3330E-06   2.8032E-05   9.3285E-06 / 2.7989E-05   
2580   3.954E-03   7.8602E-06   2.6543E-05   7.8356E-06 / 2.6527E-05   
2590   3.954E-03   6.7930E-06   2.3327E-05   6.7330E-06 / 2.3256E-05   
2600   3.954E-03   6.9438E-06   2.5842E-05   6.9235E-06 / 2.5830E-05   
2610   3.954E-03   8.2349E-06   2.8021E-05   7.8745E-06 / 2.7685E-05   
2620   3.954E-03   6.3335E-06   2.6065E-05   6.2051E-06 / 2.5943E-05   
2630   3.954E-03   1.1080E-05   2.9920E-05   1.0902E-05 / 2.9753E-05   
2640   3.954E-03   9.5080E-06   3.0249E-05   9.1969E-06 / 2.9826E-05   
2650   3.954E-03   7.8997E-06   2.6671E-05   7.8997E-06 / 2.6671E-05   
2660   3.954E-03   6.6305E-06   2.3032E-05   6.5791E-06 / 2.3000E-05   
2670   3.954E-03   7.7045E-06   2.8533E-05   7.6926E-06 / 2.8526E-05   
2680   3.954E-03   6.5450E-06   2.2809E-05   6.5450E-06 / 2.2809E-05   
2690   3.954E-03   8.5922E-06   2.2608E-05   8.5117E-06 / 2.2548E-05   
2700   3.954E-03   7.2327E-06   2.1200E-05   7.2142E-06 / 2.1193E-05   
2710   3.954E-03   8.9557E-06   2.2030E-05   8.9452E-06 / 2.2029E-05   
2720   3.954E-03   6.6904E-06   2.2903E-05   6.6056E-06 / 2.2844E-05   
2730   3.954E-03   6.5068E-06   2.3622E-05   6.5068E-06 / 2.3609E-05   
2740   3.954E-03   6.3394E-06   2.5189E-05   6.1522E-06 / 2.5036E-05   
2750   3.954E-03   6.8789E-06   2.4209E-05   6.8139E-06 / 2.4172E-05   
2760   3.954E-03   2.1946E-05   2.6419E-05   2.1912E-05 / 2.6403E-05   
2770   3.954E-03   7.2496E-06   2.4444E-05   7.2462E-06 / 2.4444E-05   
2780   3.954E-03   5.4000E-06   2.1862E-05   5.3732E-06 / 2.1854E-05   
2790   3.954E-03   9.1586E-06   2.6647E-05   9.0458E-06 / 2.6492E-05   
2800   3.954E-03   6.2081E-06   2.2729E-05   6.1776E-06 / 2.2719E-05   
2810   3.954E-03   8.7217E-06   2.7486E-05   8.5488E-06 / 2.7358E-05   
2820   3.954E-03   9.3810E-06   3.2262E-05   9.3184E-06 / 3.2231E-05   
2830   3.954E-03   7.6673E-06   2.3011E-05   6.9083E-06 / 2.2176E-05   
2840   3.954E-03   6.2363E-06   2.3524E-05   6.2025E-06 / 2.3509E-05   
2850   3.954E-03   6.0931E-06   2.3079E-05   6.0919E-06 / 2.3055E-05   
2860   3.954E-03   5.9437E-06   2.3070E-05   5.8843E-06 / 2.3018E-05   
2870   3.954E-03   7.0403E-06   2.3765E-05   7.0220E-06 / 2.3757E-05   
2880   3.954E-03   1.7345E-05   2.8932E-05   1.7277E-05 / 2.8887E-05   
2890   3.954E-03   8.7697E-06   2.5285E-05   8.6615E-06 / 2.5229E-05   
2900   3.954E-03   5.6302E-06   2.1881E-05   5.6202E-06 / 2.1879E-05   
2910   3.954E-03   6.3132E-06   2.4657E-05   6.2217E-06 / 2.4616E-05   
2920   3.954E-03   5.2374E-06   2.2551E-05   5.2308E-06 / 2.2550E-05   
2930   3.954E-03   5.2116E-06   2.2863E-05   5.1469E-06 / 2.2832E-05   
2940   3.954E-03   5.4330E-06   2.3344E-05   5.3939E-06 / 2.3330E-05   
2950   3.954E-03   6.7414E-06   2.2993E-05   6.5265E-06 / 2.2859E-05   
2960   3.954E-03   8.5538E-06   2.8634E-05   8.5535E-06 / 2.8617E-05   
2970   3.954E-03   5.3080E-06   2.3465E-05   5.2923E-06 / 2.3460E-05   
2980   3.954E-03   5.9713E-06   2.5557E-05   5.8437E-06 / 2.5496E-05   
2990   3.954E-03   6.0370E-06   2.4820E-05   6.0040E-06 / 2.4806E-05   
3000   3.954E-03   9.4404E-06   3.0020E-05   9.2399E-06 / 2.9751E-05   
3010   3.954E-03   9.8355E-06   3.1263E-05   9.7813E-06 / 3.1237E-05   
3020   3.954E-03   5.3918E-06   2.2741E-05   5.2545E-06 / 2.2641E-05   
3030   3.954E-03   5.2831E-06   2.1620E-05   5.2806E-06 / 2.1619E-05   
3040   3.954E-03   5.4676E-06   2.2958E-05   5.4221E-06 / 2.2909E-05   
3050   3.954E-03   4.9014E-06   2.2368E-05   4.7524E-06 / 2.2240E-05   
3060   3.954E-03   8.0187E-06   2.2725E-05   8.0156E-06 / 2.2724E-05   
3070   3.954E-03   5.7817E-06   2.2930E-05   5.6874E-06 / 2.2820E-05   
3080   3.954E-03   6.8921E-06   2.3959E-05   6.8921E-06 / 2.3948E-05   
3090   3.954E-03   5.1452E-06   2.1172E-05   5.0916E-06 / 2.1135E-05   
3100   3.954E-03   5.6413E-06   2.0910E-05   5.5924E-06 / 2.0876E-05   
3110   3.954E-03   5.9894E-06   2.2029E-05   5.5864E-06 / 2.1673E-05   
3120   3.954E-03   8.2210E-06   2.1773E-05   8.1835E-06 / 2.1366E-05   
3130   3.954E-03   1.2935E-05   3.0242E-05   1.2477E-05 / 2.7915E-05   
3140   3.954E-03   8.9035E-06   2.8640E-05   8.8072E-06 / 2.8555E-05   
3150   3.954E-03   5.7979E-06   2.1262E-05   5.5572E-06 / 2.1062E-05   
3160   3.954E-03   4.9759E-06   2.2131E-05   4.8739E-06 / 2.1960E-05   
3170   3.954E-03   5.2193E-06   2.1050E-05   4.9137E-06 / 2.0781E-05   
3180   3.954E-03   4.8885E-06   2.0547E-05   4.8696E-06 / 2.0503E-05   
3190   3.954E-03   5.1336E-06   2.3248E-05   5.0402E-06 / 2.3172E-05   
3200   3.954E-03   4.7603E-06   2.2799E-05   4.7482E-06 / 2.2746E-05   
3210   3.954E-03   5.1094E-06   2.0896E-05   4.9111E-06 / 2.0728E-05   
3220   3.954E-03   4.8560E-06   2.2036E-05   4.7401E-06 / 2.1906E-05   
3230   3.954E-03   1.4310E-05   2.8186E-05   1.4300E-05 / 2.8181E-05   
3240   3.954E-03   5.3844E-06   2.2016E-05   5.3532E-06 / 2.1936E-05   
3250   3.954E-03   4.9833E-06   2.2606E-05   4.9468E-06 / 2.2580E-05   
3260   3.954E-03   5.2445E-06   2.3488E-05   5.2410E-06 / 2.3485E-05   
3270   3.954E-03   4.7087E-06   2.1771E-05   4.6508E-06 / 2.1713E-05   
3280   3.954E-03   5.5948E-06   2.2390E-05   5.5920E-06 / 2.2387E-05   
3290   3.954E-03   1.1123E-05   3.0822E-05   1.0963E-05 / 3.0675E-05   
3300   3.954E-03   5.9475E-06   2.3625E-05   5.6510E-06 / 2.3241E-05   
3310   3.954E-03   4.8637E-06   2.3290E-05   4.8550E-06 / 2.3274E-05   
3320   3.954E-03   5.1411E-06   2.2832E-05   5.1411E-06 / 2.2832E-05   
3330   3.954E-03   4.9265E-06   2.2159E-05   4.5885E-06 / 2.1827E-05   
3340   3.954E-03   6.7735E-06   2.6447E-05   6.7569E-06 / 2.6424E-05   
3350   3.954E-03   6.3233E-06   2.5256E-05   6.2276E-06 / 2.5157E-05   
3360   3.954E-03   6.3777E-06   2.3960E-05   6.3327E-06 / 2.3627E-05   
3370   3.954E-03   5.3149E-06   2.2745E-05   5.0718E-06 / 2.2511E-05   
3380   3.954E-03   5.6595E-06   2.4208E-05   5.5932E-06 / 2.4127E-05   
3386   3.954E-03   5.6356E-06   2.1158E-05   5.5381E-06 / 2.1049E-05   
BEST MODEL
===============================================================================================================
3123   3.954E-03   9.1481E-06   1.8807E-05   9.1152E-06 / 1.8789E-05   
===============================================================================================================
Saved model to /home/nikki/kan/kanTBNN/models/multi_run/kan_experiment_65_opt/kanTBNN-24Nov06_11:28:23.pickle
