========== Dataset info ==========
Dataset params: {'file': '/home/nikki/kan/data/turbulence_dataset_clean.csv', 'Cases': ['fp_1000', 'fp_1410', 'fp_2000', 'fp_2540', 'fp_3030', 'fp_3270', 'fp_3630', 'fp_3970', 'fp_4060'], 'val_set': ['fp_3030', 'fp_1410', 'fp_4060'], 'test_set': ['fp_3630'], 'data_loader': <class 'tbnn.dataloaders.aDataset'>}
Train/Valid/Test points: 760 / 468 / 168
Memorization?: False
Cluster training?: False
EPOCH     LR        TRAIN         VALID             MSE:T/V                  RL:T/V             %NR_t/%NR_v
===============================================================================================================
  1   2.633E-03   2.5807E-01   2.5286E-01   2.5807E-01 / 2.5286E-01   
 10   2.633E-03   4.4142E-02   4.2739E-02   4.4087E-02 / 4.2739E-02   
 20   2.633E-03   8.4352E-03   7.7212E-03   8.4348E-03 / 7.7212E-03   
 30   2.633E-03   3.6997E-03   3.4471E-03   3.6946E-03 / 3.4423E-03   
 40   2.633E-03   2.6527E-03   2.5320E-03   2.6511E-03 / 2.5306E-03   
 50   2.633E-03   2.2016E-03   2.1486E-03   2.2012E-03 / 2.1485E-03   
 60   2.633E-03   1.9585E-03   1.9271E-03   1.9580E-03 / 1.9269E-03   
 70   2.633E-03   1.7842E-03   1.7661E-03   1.7837E-03 / 1.7657E-03   
 80   2.633E-03   1.6433E-03   1.6416E-03   1.6429E-03 / 1.6410E-03   
 90   2.633E-03   1.5395E-03   1.5433E-03   1.5390E-03 / 1.5428E-03   
100   2.633E-03   1.4576E-03   1.4720E-03   1.4573E-03 / 1.4716E-03   
110   2.633E-03   1.3538E-03   1.3646E-03   1.3532E-03 / 1.3640E-03   
120   2.633E-03   1.2759E-03   1.2980E-03   1.2750E-03 / 1.2972E-03   
130   2.633E-03   1.2278E-03   1.2658E-03   1.2271E-03 / 1.2653E-03   
140   2.633E-03   1.1656E-03   1.2020E-03   1.1653E-03 / 1.2016E-03   
150   2.633E-03   1.1132E-03   1.1602E-03   1.1125E-03 / 1.1596E-03   
160   2.633E-03   1.0663E-03   1.1073E-03   1.0660E-03 / 1.1070E-03   
170   2.633E-03   1.0162E-03   1.0745E-03   1.0159E-03 / 1.0742E-03   
180   2.633E-03   9.4666E-04   9.9871E-04   9.4638E-04 / 9.9846E-04   
190   2.633E-03   8.6500E-04   9.2565E-04   8.6479E-04 / 9.2546E-04   
200   2.633E-03   7.9733E-04   8.3804E-04   7.9714E-04 / 8.3787E-04   
210   2.633E-03   7.3971E-04   7.9833E-04   7.3947E-04 / 7.9821E-04   
220   2.633E-03   6.7238E-04   7.3224E-04   6.7229E-04 / 7.3217E-04   
230   2.633E-03   6.3286E-04   6.8856E-04   6.3280E-04 / 6.8850E-04   
240   2.633E-03   5.8442E-04   6.3639E-04   5.8434E-04 / 6.3630E-04   
250   2.633E-03   5.4310E-04   6.1140E-04   5.4307E-04 / 6.1138E-04   
260   2.633E-03   5.0421E-04   5.7863E-04   5.0420E-04 / 5.7863E-04   
270   2.633E-03   4.7489E-04   5.4461E-04   4.7486E-04 / 5.4460E-04   
280   2.633E-03   4.5132E-04   5.1175E-04   4.5131E-04 / 5.1175E-04   
290   2.633E-03   4.2391E-04   4.8333E-04   4.2391E-04 / 4.8333E-04   
300   2.633E-03   4.0616E-04   4.7424E-04   4.0614E-04 / 4.7424E-04   
310   2.633E-03   3.8807E-04   4.6711E-04   3.8807E-04 / 4.6711E-04   
320   2.633E-03   3.7102E-04   4.3751E-04   3.7100E-04 / 4.3746E-04   
330   2.633E-03   3.6034E-04   4.2390E-04   3.6023E-04 / 4.2389E-04   
340   2.633E-03   3.4364E-04   4.0393E-04   3.4361E-04 / 4.0390E-04   
350   2.633E-03   3.4045E-04   3.9197E-04   3.4043E-04 / 3.9196E-04   
360   2.633E-03   3.2380E-04   3.9016E-04   3.2369E-04 / 3.9007E-04   
370   2.633E-03   3.0912E-04   3.6235E-04   3.0901E-04 / 3.6226E-04   
380   2.633E-03   3.1021E-04   3.7213E-04   3.1010E-04 / 3.7206E-04   
390   2.633E-03   2.8519E-04   3.3222E-04   2.8515E-04 / 3.3221E-04   
400   2.633E-03   2.7695E-04   3.2753E-04   2.7675E-04 / 3.2738E-04   
410   2.633E-03   2.8063E-04   3.3167E-04   2.8063E-04 / 3.3167E-04   
420   2.633E-03   3.1742E-04   3.6794E-04   3.1719E-04 / 3.6776E-04   
430   2.633E-03   2.4576E-04   2.8894E-04   2.4558E-04 / 2.8880E-04   
440   2.633E-03   2.4316E-04   2.8772E-04   2.4265E-04 / 2.8728E-04   
450   2.633E-03   2.4519E-04   2.8799E-04   2.4516E-04 / 2.8798E-04   
460   2.633E-03   2.3832E-04   2.7277E-04   2.3817E-04 / 2.7268E-04   
470   2.633E-03   2.2317E-04   2.6366E-04   2.2309E-04 / 2.6362E-04   
480   2.633E-03   2.1662E-04   2.5409E-04   2.1645E-04 / 2.5399E-04   
490   2.633E-03   2.1787E-04   2.5020E-04   2.1757E-04 / 2.4997E-04   
500   2.633E-03   2.0273E-04   2.2868E-04   2.0261E-04 / 2.2860E-04   
510   2.633E-03   1.9713E-04   2.2265E-04   1.9698E-04 / 2.2254E-04   
520   2.633E-03   1.9334E-04   2.1733E-04   1.9281E-04 / 2.1723E-04   
530   2.633E-03   1.8005E-04   2.0309E-04   1.7985E-04 / 2.0292E-04   
540   2.633E-03   1.7728E-04   2.0144E-04   1.7725E-04 / 2.0143E-04   
550   2.633E-03   1.7346E-04   1.9831E-04   1.7346E-04 / 1.9831E-04   
560   2.633E-03   1.7182E-04   1.9495E-04   1.7174E-04 / 1.9490E-04   
570   2.633E-03   1.6354E-04   1.8035E-04   1.6335E-04 / 1.8019E-04   
580   2.633E-03   1.6851E-04   1.9268E-04   1.6825E-04 / 1.9255E-04   
590   2.633E-03   1.5455E-04   1.7423E-04   1.5435E-04 / 1.7409E-04   
600   2.633E-03   1.5095E-04   1.7344E-04   1.5089E-04 / 1.7341E-04   
610   2.633E-03   1.6154E-04   1.8254E-04   1.6095E-04 / 1.8202E-04   
620   2.633E-03   1.5555E-04   1.7879E-04   1.5539E-04 / 1.7866E-04   
630   2.633E-03   1.4151E-04   1.6716E-04   1.4149E-04 / 1.6715E-04   
640   2.633E-03   1.4689E-04   1.6325E-04   1.4657E-04 / 1.6297E-04   
650   2.633E-03   1.3678E-04   1.6162E-04   1.3665E-04 / 1.6149E-04   
660   2.633E-03   1.3389E-04   1.5738E-04   1.3365E-04 / 1.5715E-04   
670   2.633E-03   1.3573E-04   1.6271E-04   1.3550E-04 / 1.6250E-04   
680   2.633E-03   1.2706E-04   1.5339E-04   1.2705E-04 / 1.5338E-04   
690   2.633E-03   1.2433E-04   1.4962E-04   1.2375E-04 / 1.4913E-04   
700   2.633E-03   1.2612E-04   1.5629E-04   1.2596E-04 / 1.5616E-04   
710   2.633E-03   1.2082E-04   1.5383E-04   1.2074E-04 / 1.5378E-04   
720   2.633E-03   1.2836E-04   1.5911E-04   1.2829E-04 / 1.5910E-04   
730   2.633E-03   1.1496E-04   1.4350E-04   1.1494E-04 / 1.4345E-04   
740   2.633E-03   1.1898E-04   1.4439E-04   1.1871E-04 / 1.4428E-04   
750   2.633E-03   1.1341E-04   1.4620E-04   1.1321E-04 / 1.4602E-04   
760   2.633E-03   1.1446E-04   1.5207E-04   1.1434E-04 / 1.5196E-04   
770   2.633E-03   1.0726E-04   1.3601E-04   1.0698E-04 / 1.3574E-04   
780   2.633E-03   1.0655E-04   1.4163E-04   1.0653E-04 / 1.4161E-04   
790   2.633E-03   1.0288E-04   1.4095E-04   1.0283E-04 / 1.4087E-04   
800   2.633E-03   1.0173E-04   1.3206E-04   1.0162E-04 / 1.3197E-04   
810   2.633E-03   9.8118E-05   1.2927E-04   9.7970E-05 / 1.2911E-04   
820   2.633E-03   1.1159E-04   1.4853E-04   1.1140E-04 / 1.4834E-04   
830   2.633E-03   9.8204E-05   1.3045E-04   9.7486E-05 / 1.2985E-04   
840   2.633E-03   9.3585E-05   1.2586E-04   9.3234E-05 / 1.2555E-04   
850   2.633E-03   9.1323E-05   1.2190E-04   9.1291E-05 / 1.2187E-04   
860   2.633E-03   9.8464E-05   1.3700E-04   9.8138E-05 / 1.3682E-04   
870   2.633E-03   9.3753E-05   1.2372E-04   9.3597E-05 / 1.2366E-04   
880   2.633E-03   9.5597E-05   1.3468E-04   9.5002E-05 / 1.3417E-04   
890   2.633E-03   8.9377E-05   1.2115E-04   8.9357E-05 / 1.2113E-04   
900   2.633E-03   8.4350E-05   1.1883E-04   8.4020E-05 / 1.1874E-04   
910   2.633E-03   8.9081E-05   1.1921E-04   8.8693E-05 / 1.1887E-04   
920   2.633E-03   9.1473E-05   1.3525E-04   9.1400E-05 / 1.3522E-04   
930   2.633E-03   8.7462E-05   1.1936E-04   8.7453E-05 / 1.1932E-04   
940   2.633E-03   7.9275E-05   1.1844E-04   7.9235E-05 / 1.1836E-04   
950   2.633E-03   7.6803E-05   1.1245E-04   7.6738E-05 / 1.1234E-04   
960   2.633E-03   7.9502E-05   1.1554E-04   7.9427E-05 / 1.1543E-04   
970   2.633E-03   7.5777E-05   1.1323E-04   7.5422E-05 / 1.1284E-04   
980   2.633E-03   7.5361E-05   1.1576E-04   7.5329E-05 / 1.1569E-04   
990   2.633E-03   8.1162E-05   1.2367E-04   8.0986E-05 / 1.2345E-04   
1000   2.633E-03   7.8139E-05   1.1884E-04   7.6708E-05 / 1.1744E-04   
1010   2.633E-03   7.4362E-05   1.2076E-04   7.3952E-05 / 1.2034E-04   
1020   2.633E-03   6.9699E-05   1.0714E-04   6.9262E-05 / 1.0671E-04   
1030   2.633E-03   7.1010E-05   1.1141E-04   7.0405E-05 / 1.1089E-04   
1040   2.633E-03   7.2860E-05   1.2419E-04   7.2825E-05 / 1.2417E-04   
1050   2.633E-03   8.0355E-05   1.1978E-04   8.0281E-05 / 1.1974E-04   
1060   2.633E-03   8.3755E-05   1.2287E-04   8.3430E-05 / 1.2275E-04   
1070   2.633E-03   1.1080E-04   1.4615E-04   1.1020E-04 / 1.4566E-04   
1080   2.633E-03   7.3297E-05   1.1276E-04   7.3246E-05 / 1.1274E-04   
1090   2.633E-03   6.5018E-05   1.0681E-04   6.4945E-05 / 1.0678E-04   
1100   2.633E-03   6.3484E-05   1.0232E-04   6.3289E-05 / 1.0224E-04   
1110   2.633E-03   7.8846E-05   1.2495E-04   7.8666E-05 / 1.2485E-04   
1120   2.633E-03   6.7770E-05   1.1116E-04   6.7561E-05 / 1.1111E-04   
1130   2.633E-03   6.0898E-05   1.0151E-04   6.0842E-05 / 1.0148E-04   
1140   2.633E-03   6.3318E-05   1.0612E-04   6.3304E-05 / 1.0611E-04   
1150   2.633E-03   6.4901E-05   1.0462E-04   6.4387E-05 / 1.0416E-04   
1160   2.633E-03   6.0506E-05   1.0683E-04   6.0396E-05 / 1.0673E-04   
1170   2.633E-03   5.8914E-05   1.0007E-04   5.8261E-05 / 9.9472E-05   
1180   2.633E-03   5.7139E-05   9.7960E-05   5.7025E-05 / 9.7826E-05   
1190   2.633E-03   6.4752E-05   1.0513E-04   6.4399E-05 / 1.0477E-04   
1200   2.633E-03   5.8879E-05   9.5786E-05   5.8695E-05 / 9.5566E-05   
1210   2.633E-03   5.7660E-05   9.7856E-05   5.7609E-05 / 9.7803E-05   
1220   2.633E-03   9.4493E-05   1.4319E-04   9.4375E-05 / 1.4303E-04   
1230   2.633E-03   5.2854E-05   9.4640E-05   5.2676E-05 / 9.4403E-05   
1240   2.633E-03   5.2242E-05   9.3681E-05   5.2127E-05 / 9.3521E-05   
1250   2.633E-03   7.7676E-05   1.1377E-04   7.7614E-05 / 1.1369E-04   
1260   2.633E-03   5.3329E-05   9.2378E-05   5.3299E-05 / 9.2324E-05   
1270   2.633E-03   5.1675E-05   8.9312E-05   5.1590E-05 / 8.9190E-05   
1280   2.633E-03   5.2952E-05   9.2902E-05   5.2894E-05 / 9.2817E-05   
1290   2.633E-03   5.5577E-05   9.2768E-05   5.5284E-05 / 9.2417E-05   
1300   2.633E-03   4.9211E-05   8.9453E-05   4.9072E-05 / 8.9283E-05   
1310   2.633E-03   4.9630E-05   8.8233E-05   4.9263E-05 / 8.7828E-05   
1320   2.633E-03   5.2199E-05   9.0460E-05   5.2048E-05 / 9.0307E-05   
1330   2.633E-03   5.1698E-05   9.0206E-05   5.1321E-05 / 8.9805E-05   
1340   2.633E-03   5.0809E-05   8.8267E-05   5.0776E-05 / 8.8242E-05   
1350   2.633E-03   4.7964E-05   8.3382E-05   4.7765E-05 / 8.3178E-05   
1360   2.633E-03   5.8501E-05   9.3682E-05   5.8490E-05 / 9.3678E-05   
1370   2.633E-03   4.9322E-05   8.8508E-05   4.9268E-05 / 8.8477E-05   
1380   2.633E-03   5.6422E-05   9.3409E-05   5.6391E-05 / 9.3387E-05   
1390   2.633E-03   4.7691E-05   8.2026E-05   4.7631E-05 / 8.1983E-05   
1400   2.633E-03   6.1664E-05   9.7536E-05   6.1442E-05 / 9.7451E-05   
1410   2.633E-03   7.5492E-05   1.0675E-04   7.5367E-05 / 1.0668E-04   
1420   2.633E-03   4.5724E-05   8.0166E-05   4.5439E-05 / 7.9941E-05   
1430   2.633E-03   4.4289E-05   7.9355E-05   4.4169E-05 / 7.9286E-05   
1440   2.633E-03   4.5270E-05   8.0414E-05   4.5232E-05 / 8.0401E-05   
1450   2.633E-03   4.8480E-05   8.3348E-05   4.8474E-05 / 8.3348E-05   
1460   2.633E-03   4.3193E-05   8.0136E-05   4.3028E-05 / 8.0042E-05   
1470   2.633E-03   4.6962E-05   7.9642E-05   4.6572E-05 / 7.9344E-05   
1480   2.633E-03   4.6792E-05   8.6664E-05   4.6605E-05 / 8.6559E-05   
1490   2.633E-03   4.4373E-05   7.9358E-05   4.4372E-05 / 7.9358E-05   
1500   2.633E-03   4.2633E-05   7.7585E-05   4.2452E-05 / 7.7486E-05   
1510   2.633E-03   4.3541E-05   7.7484E-05   4.3506E-05 / 7.7478E-05   
1520   2.633E-03   5.5738E-05   9.2982E-05   5.5560E-05 / 9.2916E-05   
1530   2.633E-03   4.2370E-05   7.4666E-05   4.2204E-05 / 7.4573E-05   
1540   2.633E-03   4.8881E-05   8.3854E-05   4.8777E-05 / 8.3801E-05   
1550   2.633E-03   4.1085E-05   7.6361E-05   4.0377E-05 / 7.5740E-05   
1560   2.633E-03   4.0696E-05   7.6778E-05   4.0562E-05 / 7.6695E-05   
1570   2.633E-03   4.5045E-05   8.1769E-05   4.4755E-05 / 8.1552E-05   
1580   2.633E-03   4.0405E-05   7.7276E-05   3.9373E-05 / 7.6314E-05   
1590   2.633E-03   4.2158E-05   7.9783E-05   4.2155E-05 / 7.9783E-05   
1600   2.633E-03   4.1621E-05   7.9417E-05   4.1580E-05 / 7.9390E-05   
1610   2.633E-03   4.1414E-05   7.6595E-05   4.0322E-05 / 7.5580E-05   
1620   2.633E-03   5.0350E-05   8.5579E-05   5.0222E-05 / 8.5536E-05   
1630   2.633E-03   3.9589E-05   7.7765E-05   3.9182E-05 / 7.7406E-05   
1640   2.633E-03   4.2635E-05   8.0817E-05   4.2525E-05 / 8.0721E-05   
1650   2.633E-03   4.3101E-05   7.9256E-05   4.2906E-05 / 7.9081E-05   
1660   2.633E-03   4.3458E-05   7.9538E-05   4.3303E-05 / 7.9385E-05   
1670   2.633E-03   3.8161E-05   7.4856E-05   3.8160E-05 / 7.4853E-05   
1680   2.633E-03   4.2826E-05   7.5495E-05   4.2797E-05 / 7.5455E-05   
1690   2.633E-03   3.8810E-05   7.4392E-05   3.8590E-05 / 7.4165E-05   
1700   2.633E-03   4.3893E-05   8.0487E-05   4.3486E-05 / 8.0084E-05   
1710   2.633E-03   3.8101E-05   7.6269E-05   3.7987E-05 / 7.6128E-05   
1720   2.633E-03   3.8747E-05   7.5875E-05   3.7989E-05 / 7.5141E-05   
1730   2.633E-03   4.0415E-05   7.7627E-05   4.0113E-05 / 7.7311E-05   
1740   2.633E-03   3.7296E-05   7.4200E-05   3.6622E-05 / 7.3539E-05   
1750   2.633E-03   3.9723E-05   7.3911E-05   3.9508E-05 / 7.3666E-05   
1760   2.633E-03   3.6787E-05   7.6941E-05   3.6574E-05 / 7.6693E-05   
1770   2.633E-03   3.8329E-05   7.4537E-05   3.8325E-05 / 7.4537E-05   
1780   2.633E-03   3.7634E-05   7.6604E-05   3.7179E-05 / 7.6119E-05   
1790   2.633E-03   6.2729E-05   9.8420E-05   6.2349E-05 / 9.8003E-05   
1800   2.633E-03   3.5978E-05   7.4317E-05   3.5750E-05 / 7.4040E-05   
1810   2.633E-03   3.4680E-05   7.0719E-05   3.4547E-05 / 7.0538E-05   
1820   2.633E-03   3.7921E-05   7.5834E-05   3.7647E-05 / 7.5542E-05   
1830   2.633E-03   3.5542E-05   7.2669E-05   3.5542E-05 / 7.2669E-05   
1840   2.633E-03   3.7391E-05   7.5348E-05   3.7295E-05 / 7.5220E-05   
1850   2.633E-03   3.6885E-05   7.7388E-05   3.5668E-05 / 7.6204E-05   
1860   2.633E-03   3.9539E-05   7.7956E-05   3.9267E-05 / 7.7635E-05   
1870   2.633E-03   3.2905E-05   7.0637E-05   3.2264E-05 / 6.9978E-05   
1880   2.633E-03   3.7057E-05   7.6295E-05   3.7028E-05 / 7.6250E-05   
1890   2.633E-03   4.3491E-05   7.8689E-05   4.3482E-05 / 7.8687E-05   
1900   2.633E-03   3.7238E-05   7.3445E-05   3.7236E-05 / 7.3445E-05   
1910   2.633E-03   3.3810E-05   7.1918E-05   3.3131E-05 / 7.1237E-05   
1920   2.633E-03   3.5755E-05   7.3437E-05   3.5755E-05 / 7.3437E-05   
1930   2.633E-03   3.7200E-05   7.4898E-05   3.6810E-05 / 7.4490E-05   
1940   2.633E-03   3.4237E-05   7.0780E-05   3.3703E-05 / 7.0234E-05   
1950   2.633E-03   3.2324E-05   6.9999E-05   3.2025E-05 / 6.9679E-05   
1960   2.633E-03   3.6708E-05   7.6773E-05   3.6484E-05 / 7.6527E-05   
1970   2.633E-03   3.5416E-05   7.5348E-05   3.5416E-05 / 7.5348E-05   
1980   2.633E-03   4.3229E-05   8.0236E-05   4.1742E-05 / 7.8810E-05   
1990   2.633E-03   3.2834E-05   7.0305E-05   3.2754E-05 / 7.0230E-05   
2000   2.633E-03   3.5879E-05   7.7404E-05   3.5083E-05 / 7.6637E-05   
2010   2.633E-03   3.5564E-05   7.5307E-05   3.4575E-05 / 7.4346E-05   
2020   2.633E-03   3.6284E-05   7.3895E-05   3.6275E-05 / 7.3892E-05   
2030   2.633E-03   3.9393E-05   7.7881E-05   3.9392E-05 / 7.7881E-05   
2040   2.633E-03   3.6306E-05   7.6862E-05   3.6294E-05 / 7.6859E-05   
2050   2.633E-03   3.0066E-05   6.8116E-05   2.9984E-05 / 6.8066E-05   
2060   2.633E-03   3.1831E-05   6.8576E-05   3.1822E-05 / 6.8575E-05   
2070   2.633E-03   3.3668E-05   6.9806E-05   3.3120E-05 / 6.9304E-05   
2080   2.633E-03   3.2818E-05   7.1459E-05   3.1738E-05 / 7.0448E-05   
2090   2.633E-03   3.7682E-05   7.7272E-05   3.7554E-05 / 7.7204E-05   
2100   2.633E-03   3.0878E-05   6.9762E-05   3.0531E-05 / 6.9486E-05   
2110   2.633E-03   3.2330E-05   6.7831E-05   3.2247E-05 / 6.7796E-05   
2120   2.633E-03   3.3276E-05   7.0558E-05   3.3124E-05 / 7.0475E-05   
2130   2.633E-03   3.8888E-05   7.1861E-05   3.6547E-05 / 6.9555E-05   
2140   2.633E-03   3.4959E-05   7.0749E-05   3.4841E-05 / 7.0671E-05   
2150   2.633E-03   3.1867E-05   6.7501E-05   3.1859E-05 / 6.7501E-05   
2160   2.633E-03   3.0027E-05   6.5829E-05   2.9664E-05 / 6.5549E-05   
2170   2.633E-03   3.1827E-05   6.6698E-05   3.1803E-05 / 6.6691E-05   
2180   2.633E-03   2.8957E-05   6.4798E-05   2.8870E-05 / 6.4751E-05   
2190   2.633E-03   2.8601E-05   6.2833E-05   2.8385E-05 / 6.2679E-05   
2200   2.633E-03   3.0874E-05   6.3837E-05   3.0636E-05 / 6.3660E-05   
2210   2.633E-03   2.8795E-05   6.5005E-05   2.8486E-05 / 6.4754E-05   
2220   2.633E-03   2.8291E-05   6.3354E-05   2.8247E-05 / 6.3326E-05   
2230   2.633E-03   3.2121E-05   6.9473E-05   3.1825E-05 / 6.9226E-05   
2240   2.633E-03   2.7530E-05   6.5997E-05   2.7098E-05 / 6.5620E-05   
2250   2.633E-03   2.7743E-05   6.5636E-05   2.7485E-05 / 6.5409E-05   
2260   2.633E-03   2.7557E-05   6.3593E-05   2.7431E-05 / 6.3484E-05   
2270   2.633E-03   2.8602E-05   6.6177E-05   2.8416E-05 / 6.6015E-05   
2280   2.633E-03   2.8860E-05   6.8022E-05   2.8832E-05 / 6.7985E-05   
2290   2.633E-03   2.9695E-05   6.8686E-05   2.9530E-05 / 6.8522E-05   
2300   2.633E-03   2.7839E-05   6.5107E-05   2.7812E-05 / 6.5075E-05   
2310   2.633E-03   3.0610E-05   6.6734E-05   3.0025E-05 / 6.6182E-05   
2320   2.633E-03   3.5234E-05   7.2417E-05   3.5183E-05 / 7.2378E-05   
2330   2.633E-03   2.7592E-05   6.8676E-05   2.7427E-05 / 6.8509E-05   
2340   2.633E-03   2.9921E-05   7.1574E-05   2.9610E-05 / 7.1264E-05   
2350   2.633E-03   3.8573E-05   7.9118E-05   3.8562E-05 / 7.9108E-05   
2360   2.633E-03   2.5072E-05   6.5229E-05   2.4895E-05 / 6.5032E-05   
2370   2.633E-03   2.5939E-05   6.5745E-05   2.5810E-05 / 6.5620E-05   
2380   2.633E-03   2.7173E-05   6.6929E-05   2.6142E-05 / 6.5933E-05   
2390   2.633E-03   2.8027E-05   6.9187E-05   2.8022E-05 / 6.9172E-05   
2400   2.633E-03   2.8015E-05   6.9728E-05   2.7977E-05 / 6.9660E-05   
2410   2.633E-03   2.7152E-05   6.7267E-05   2.6100E-05 / 6.6252E-05   
2420   2.633E-03   2.4657E-05   6.7651E-05   2.4465E-05 / 6.7419E-05   
2430   2.633E-03   2.8102E-05   7.1742E-05   2.8093E-05 / 7.1725E-05   
2440   2.633E-03   2.8471E-05   7.2337E-05   2.8464E-05 / 7.2318E-05   
2450   2.633E-03   2.4421E-05   6.6771E-05   2.4412E-05 / 6.6747E-05   
2454   2.633E-03   2.6782E-05   6.9606E-05   2.6764E-05 / 6.9569E-05   
BEST MODEL
===============================================================================================================
2191   2.633E-03   2.8348E-05   6.1242E-05   2.8268E-05 / 6.1198E-05   
===============================================================================================================
Saved model to /home/nikki/kan/kanTBNN/models/multi_run/kan_experiment_55_opt/kanTBNN-24Nov06_07:54:23.pickle
