========== Dataset info ==========
Dataset params: {'file': '/home/nikki/kan/data/turbulence_dataset_clean.csv', 'Cases': ['fp_1000', 'fp_1410', 'fp_2000', 'fp_2540', 'fp_3030', 'fp_3270', 'fp_3630', 'fp_3970', 'fp_4060'], 'val_set': ['fp_3030', 'fp_1410', 'fp_4060'], 'test_set': ['fp_3630'], 'data_loader': <class 'tbnn.dataloaders.aDataset'>}
Train/Valid/Test points: 760 / 468 / 168
Memorization?: False
Cluster training?: False
EPOCH     LR        TRAIN         VALID             MSE:T/V                  RL:T/V             %NR_t/%NR_v
===============================================================================================================
  1   2.000E-03   1.5631E-01   1.5257E-01   1.5631E-01 / 1.5257E-01   
 10   2.000E-03   1.7020E-02   1.5189E-02   1.6659E-02 / 1.4806E-02   
 20   2.000E-03   7.3044E-03   6.4581E-03   7.2621E-03 / 6.4126E-03   
 30   2.000E-03   4.5717E-03   3.9325E-03   4.5548E-03 / 3.9143E-03   
 40   2.000E-03   3.0489E-03   2.5787E-03   3.0467E-03 / 2.5762E-03   
 50   2.000E-03   2.4290E-03   2.0895E-03   2.4273E-03 / 2.0877E-03   
 60   2.000E-03   2.0659E-03   1.8287E-03   2.0637E-03 / 1.8265E-03   
 70   2.000E-03   1.8173E-03   1.6539E-03   1.8149E-03 / 1.6515E-03   
 80   2.000E-03   1.6341E-03   1.5169E-03   1.6321E-03 / 1.5150E-03   
 90   2.000E-03   1.4938E-03   1.4061E-03   1.4920E-03 / 1.4044E-03   
100   2.000E-03   1.3774E-03   1.3076E-03   1.3761E-03 / 1.3063E-03   
110   2.000E-03   1.2798E-03   1.2249E-03   1.2786E-03 / 1.2237E-03   
120   2.000E-03   1.1970E-03   1.1588E-03   1.1956E-03 / 1.1574E-03   
130   2.000E-03   1.1267E-03   1.0916E-03   1.1246E-03 / 1.0896E-03   
140   2.000E-03   1.0656E-03   1.0365E-03   1.0633E-03 / 1.0342E-03   
150   2.000E-03   1.0114E-03   9.8825E-04   1.0088E-03 / 9.8575E-04   
160   2.000E-03   9.6345E-04   9.4400E-04   9.6068E-04 / 9.4135E-04   
170   2.000E-03   9.2017E-04   8.9917E-04   9.1722E-04 / 8.9636E-04   
180   2.000E-03   8.8027E-04   8.6386E-04   8.7702E-04 / 8.6076E-04   
190   2.000E-03   8.4320E-04   8.2355E-04   8.4029E-04 / 8.2079E-04   
200   2.000E-03   8.0667E-04   7.9413E-04   8.0367E-04 / 7.9125E-04   
210   2.000E-03   7.7107E-04   7.5903E-04   7.6846E-04 / 7.5643E-04   
220   2.000E-03   7.3699E-04   7.2733E-04   7.3449E-04 / 7.2477E-04   
230   2.000E-03   7.0252E-04   6.9016E-04   7.0031E-04 / 6.8789E-04   
240   2.000E-03   6.7155E-04   6.6226E-04   6.6945E-04 / 6.6014E-04   
250   2.000E-03   6.4150E-04   6.2517E-04   6.3973E-04 / 6.2343E-04   
260   2.000E-03   6.1220E-04   6.0152E-04   6.1047E-04 / 5.9988E-04   
270   2.000E-03   5.8512E-04   5.7319E-04   5.8367E-04 / 5.7188E-04   
280   2.000E-03   5.5870E-04   5.4452E-04   5.5735E-04 / 5.4333E-04   
290   2.000E-03   5.3527E-04   5.2412E-04   5.3400E-04 / 5.2298E-04   
300   2.000E-03   5.1319E-04   4.9886E-04   5.1217E-04 / 4.9793E-04   
310   2.000E-03   4.8999E-04   4.7657E-04   4.8899E-04 / 4.7563E-04   
320   2.000E-03   4.6822E-04   4.5571E-04   4.6729E-04 / 4.5480E-04   
330   2.000E-03   4.4918E-04   4.3776E-04   4.4835E-04 / 4.3691E-04   
340   2.000E-03   4.2980E-04   4.2009E-04   4.2904E-04 / 4.1931E-04   
350   2.000E-03   4.1375E-04   4.0322E-04   4.1306E-04 / 4.0251E-04   
360   2.000E-03   3.9537E-04   3.8795E-04   3.9471E-04 / 3.8726E-04   
370   2.000E-03   3.7986E-04   3.7081E-04   3.7928E-04 / 3.7021E-04   
380   2.000E-03   3.6721E-04   3.6040E-04   3.6663E-04 / 3.5978E-04   
390   2.000E-03   3.5346E-04   3.4519E-04   3.5293E-04 / 3.4461E-04   
400   2.000E-03   3.3717E-04   3.3012E-04   3.3667E-04 / 3.2960E-04   
410   2.000E-03   3.2655E-04   3.2277E-04   3.2596E-04 / 3.2217E-04   
420   2.000E-03   3.1580E-04   3.1217E-04   3.1538E-04 / 3.1175E-04   
430   2.000E-03   3.0162E-04   2.9780E-04   3.0109E-04 / 2.9724E-04   
440   2.000E-03   2.9135E-04   2.8708E-04   2.9095E-04 / 2.8667E-04   
450   2.000E-03   2.8080E-04   2.7395E-04   2.8037E-04 / 2.7351E-04   
460   2.000E-03   2.7237E-04   2.6692E-04   2.7194E-04 / 2.6645E-04   
470   2.000E-03   2.6215E-04   2.5843E-04   2.6171E-04 / 2.5794E-04   
480   2.000E-03   2.5496E-04   2.5018E-04   2.5458E-04 / 2.4977E-04   
490   2.000E-03   2.4709E-04   2.4178E-04   2.4667E-04 / 2.4136E-04   
500   2.000E-03   2.3935E-04   2.3448E-04   2.3882E-04 / 2.3394E-04   
510   2.000E-03   2.3481E-04   2.3143E-04   2.3418E-04 / 2.3081E-04   
520   2.000E-03   2.2919E-04   2.2509E-04   2.2861E-04 / 2.2453E-04   
530   2.000E-03   2.2001E-04   2.1433E-04   2.1958E-04 / 2.1391E-04   
540   2.000E-03   2.1347E-04   2.0930E-04   2.1300E-04 / 2.0884E-04   
550   2.000E-03   2.1196E-04   2.0894E-04   2.1150E-04 / 2.0845E-04   
560   2.000E-03   2.0296E-04   1.9944E-04   2.0265E-04 / 1.9909E-04   
570   2.000E-03   1.9838E-04   1.9348E-04   1.9794E-04 / 1.9294E-04   
580   2.000E-03   1.9383E-04   1.8988E-04   1.9336E-04 / 1.8930E-04   
590   2.000E-03   1.8887E-04   1.8562E-04   1.8835E-04 / 1.8499E-04   
600   2.000E-03   1.8711E-04   1.8396E-04   1.8665E-04 / 1.8341E-04   
610   2.000E-03   1.8191E-04   1.8070E-04   1.8153E-04 / 1.8026E-04   
620   2.000E-03   1.7740E-04   1.7540E-04   1.7704E-04 / 1.7500E-04   
630   2.000E-03   1.7376E-04   1.7151E-04   1.7339E-04 / 1.7109E-04   
640   2.000E-03   1.7409E-04   1.7099E-04   1.7373E-04 / 1.7059E-04   
650   2.000E-03   1.6740E-04   1.6647E-04   1.6706E-04 / 1.6610E-04   
660   2.000E-03   1.6404E-04   1.6232E-04   1.6342E-04 / 1.6169E-04   
670   2.000E-03   1.6114E-04   1.6112E-04   1.6077E-04 / 1.6074E-04   
680   2.000E-03   1.5945E-04   1.5769E-04   1.5907E-04 / 1.5731E-04   
690   2.000E-03   1.5465E-04   1.5361E-04   1.5414E-04 / 1.5311E-04   
700   2.000E-03   1.5012E-04   1.5056E-04   1.4991E-04 / 1.5035E-04   
710   2.000E-03   1.4738E-04   1.4761E-04   1.4710E-04 / 1.4731E-04   
720   2.000E-03   1.4358E-04   1.4348E-04   1.4318E-04 / 1.4305E-04   
730   2.000E-03   1.4088E-04   1.4058E-04   1.4056E-04 / 1.4027E-04   
740   2.000E-03   1.4206E-04   1.4291E-04   1.4177E-04 / 1.4262E-04   
750   2.000E-03   1.3680E-04   1.3840E-04   1.3651E-04 / 1.3810E-04   
760   2.000E-03   1.3325E-04   1.3397E-04   1.3299E-04 / 1.3372E-04   
770   2.000E-03   1.3161E-04   1.3326E-04   1.3122E-04 / 1.3283E-04   
780   2.000E-03   1.2767E-04   1.2867E-04   1.2725E-04 / 1.2821E-04   
790   2.000E-03   1.2705E-04   1.2895E-04   1.2669E-04 / 1.2856E-04   
800   2.000E-03   1.2313E-04   1.2669E-04   1.2267E-04 / 1.2620E-04   
810   2.000E-03   1.2041E-04   1.2122E-04   1.2008E-04 / 1.2087E-04   
820   2.000E-03   1.2100E-04   1.2191E-04   1.2070E-04 / 1.2161E-04   
830   2.000E-03   1.1599E-04   1.1856E-04   1.1558E-04 / 1.1814E-04   
840   2.000E-03   1.1456E-04   1.1723E-04   1.1428E-04 / 1.1694E-04   
850   2.000E-03   1.1434E-04   1.1413E-04   1.1400E-04 / 1.1378E-04   
860   2.000E-03   1.1343E-04   1.1450E-04   1.1305E-04 / 1.1411E-04   
870   2.000E-03   1.0833E-04   1.1187E-04   1.0795E-04 / 1.1147E-04   
880   2.000E-03   1.0730E-04   1.1008E-04   1.0705E-04 / 1.0983E-04   
890   2.000E-03   1.0609E-04   1.0914E-04   1.0575E-04 / 1.0878E-04   
900   2.000E-03   1.0510E-04   1.0615E-04   1.0485E-04 / 1.0589E-04   
910   2.000E-03   1.0184E-04   1.0600E-04   1.0154E-04 / 1.0569E-04   
920   2.000E-03   1.0144E-04   1.0638E-04   1.0114E-04 / 1.0606E-04   
930   2.000E-03   1.0050E-04   1.0391E-04   1.0027E-04 / 1.0367E-04   
940   2.000E-03   1.0096E-04   1.0432E-04   1.0073E-04 / 1.0408E-04   
950   2.000E-03   9.6739E-05   9.8952E-05   9.6400E-05 / 9.8580E-05   
960   2.000E-03   9.4208E-05   9.7684E-05   9.4017E-05 / 9.7498E-05   
970   2.000E-03   9.2791E-05   9.6723E-05   9.2618E-05 / 9.6552E-05   
980   2.000E-03   9.2922E-05   9.6680E-05   9.2605E-05 / 9.6329E-05   
990   2.000E-03   9.0413E-05   9.2735E-05   9.0124E-05 / 9.2416E-05   
1000   2.000E-03   9.1876E-05   9.7687E-05   9.1594E-05 / 9.7377E-05   
1010   2.000E-03   8.7175E-05   9.1163E-05   8.6799E-05 / 9.0760E-05   
1020   2.000E-03   8.6906E-05   9.1392E-05   8.6588E-05 / 9.1051E-05   
1030   2.000E-03   8.6353E-05   9.1442E-05   8.6061E-05 / 9.1130E-05   
1040   2.000E-03   8.4710E-05   9.0488E-05   8.4442E-05 / 9.0203E-05   
1050   2.000E-03   8.4162E-05   8.8339E-05   8.3918E-05 / 8.8077E-05   
1060   2.000E-03   8.1912E-05   8.6113E-05   8.1605E-05 / 8.5790E-05   
1070   2.000E-03   8.2853E-05   8.7452E-05   8.2332E-05 / 8.6908E-05   
1080   2.000E-03   7.9974E-05   8.6097E-05   7.9702E-05 / 8.5811E-05   
1090   2.000E-03   8.1256E-05   8.6730E-05   8.1156E-05 / 8.6618E-05   
1100   2.000E-03   7.8164E-05   8.3257E-05   7.7905E-05 / 8.2979E-05   
1110   2.000E-03   7.9013E-05   8.5563E-05   7.8719E-05 / 8.5245E-05   
1120   2.000E-03   7.8223E-05   8.3858E-05   7.7999E-05 / 8.3609E-05   
1130   2.000E-03   7.5675E-05   8.0947E-05   7.5515E-05 / 8.0761E-05   
1140   2.000E-03   7.4622E-05   7.9710E-05   7.4399E-05 / 7.9456E-05   
1150   2.000E-03   7.4900E-05   8.0647E-05   7.4713E-05 / 8.0430E-05   
1160   2.000E-03   7.2827E-05   7.9571E-05   7.2554E-05 / 7.9254E-05   
1170   2.000E-03   7.2834E-05   7.9332E-05   7.2477E-05 / 7.8911E-05   
1180   2.000E-03   8.1708E-05   8.5693E-05   8.1466E-05 / 8.5401E-05   
1190   2.000E-03   7.0531E-05   7.7348E-05   7.0371E-05 / 7.7158E-05   
1200   2.000E-03   7.0241E-05   7.7941E-05   6.9986E-05 / 7.7632E-05   
1210   2.000E-03   6.9276E-05   7.5941E-05   6.8948E-05 / 7.5538E-05   
1220   2.000E-03   7.0398E-05   7.5433E-05   7.0222E-05 / 7.5220E-05   
1230   2.000E-03   6.8727E-05   7.6144E-05   6.8425E-05 / 7.5769E-05   
1240   2.000E-03   6.7973E-05   7.5694E-05   6.7790E-05 / 7.5468E-05   
1250   2.000E-03   6.6724E-05   7.3399E-05   6.6374E-05 / 7.2967E-05   
1260   2.000E-03   6.5272E-05   7.1728E-05   6.5041E-05 / 7.1442E-05   
1270   2.000E-03   6.5862E-05   7.1981E-05   6.5400E-05 / 7.1431E-05   
1280   2.000E-03   6.4109E-05   7.0230E-05   6.3891E-05 / 6.9960E-05   
1290   2.000E-03   6.3741E-05   6.9406E-05   6.3537E-05 / 6.9156E-05   
1300   2.000E-03   6.2251E-05   6.9389E-05   6.2114E-05 / 6.9220E-05   
1310   2.000E-03   6.2621E-05   6.8635E-05   6.2318E-05 / 6.8274E-05   
1320   2.000E-03   6.1811E-05   6.9687E-05   6.1692E-05 / 6.9540E-05   
1330   2.000E-03   6.1797E-05   6.7625E-05   6.1629E-05 / 6.7450E-05   
1340   2.000E-03   6.1030E-05   7.0142E-05   6.0850E-05 / 6.9931E-05   
1350   2.000E-03   6.0456E-05   6.9058E-05   6.0305E-05 / 6.8877E-05   
1360   2.000E-03   5.9589E-05   6.5417E-05   5.9480E-05 / 6.5282E-05   
1370   2.000E-03   5.7495E-05   6.4619E-05   5.7308E-05 / 6.4401E-05   
1380   2.000E-03   5.7877E-05   6.4276E-05   5.7753E-05 / 6.4127E-05   
1390   2.000E-03   5.6972E-05   6.3877E-05   5.6644E-05 / 6.3512E-05   
1400   2.000E-03   5.6854E-05   6.4053E-05   5.6568E-05 / 6.3734E-05   
1410   2.000E-03   5.7469E-05   6.2926E-05   5.7306E-05 / 6.2738E-05   
1420   2.000E-03   5.4962E-05   6.2804E-05   5.4744E-05 / 6.2562E-05   
1430   2.000E-03   5.3845E-05   5.9990E-05   5.3732E-05 / 5.9855E-05   
1440   2.000E-03   5.6104E-05   6.3599E-05   5.6027E-05 / 6.3505E-05   
1450   2.000E-03   5.6075E-05   6.4868E-05   5.5702E-05 / 6.4459E-05   
1460   2.000E-03   5.3692E-05   6.0630E-05   5.3536E-05 / 6.0455E-05   
1470   2.000E-03   5.2655E-05   5.8914E-05   5.2610E-05 / 5.8857E-05   
1480   2.000E-03   5.2421E-05   6.0267E-05   5.2346E-05 / 6.0176E-05   
1490   2.000E-03   5.2748E-05   6.0823E-05   5.2676E-05 / 6.0739E-05   
1500   2.000E-03   5.0467E-05   5.7158E-05   5.0356E-05 / 5.7031E-05   
1510   2.000E-03   5.0094E-05   5.6912E-05   4.9951E-05 / 5.6750E-05   
1520   2.000E-03   5.3127E-05   6.2375E-05   5.3074E-05 / 6.2309E-05   
1530   2.000E-03   4.9283E-05   5.7643E-05   4.9165E-05 / 5.7507E-05   
1540   2.000E-03   4.8710E-05   5.6219E-05   4.8663E-05 / 5.6161E-05   
1550   2.000E-03   4.8395E-05   5.6015E-05   4.8353E-05 / 5.5961E-05   
1560   2.000E-03   5.0078E-05   5.6206E-05   5.0025E-05 / 5.6141E-05   
1570   2.000E-03   4.7723E-05   5.3700E-05   4.7633E-05 / 5.3591E-05   
1580   2.000E-03   4.8567E-05   5.7326E-05   4.8535E-05 / 5.7286E-05   
1590   2.000E-03   4.8746E-05   5.7653E-05   4.8731E-05 / 5.7635E-05   
1600   2.000E-03   4.5967E-05   5.2978E-05   4.5949E-05 / 5.2956E-05   
1610   2.000E-03   4.5302E-05   5.2693E-05   4.5082E-05 / 5.2435E-05   
1620   2.000E-03   4.5717E-05   5.4141E-05   4.5560E-05 / 5.3952E-05   
1630   2.000E-03   4.5706E-05   5.3351E-05   4.5485E-05 / 5.3094E-05   
1640   2.000E-03   4.8779E-05   5.5400E-05   4.8757E-05 / 5.5372E-05   
1650   2.000E-03   4.4068E-05   5.1052E-05   4.3770E-05 / 5.0722E-05   
1660   2.000E-03   4.5053E-05   5.0577E-05   4.4980E-05 / 5.0484E-05   
1670   2.000E-03   4.3939E-05   5.1115E-05   4.3924E-05 / 5.1096E-05   
1680   2.000E-03   4.3670E-05   5.1723E-05   4.3625E-05 / 5.1665E-05   
1690   2.000E-03   4.6571E-05   5.2779E-05   4.6470E-05 / 5.2659E-05   
1700   2.000E-03   4.2622E-05   5.0837E-05   4.2556E-05 / 5.0757E-05   
1710   2.000E-03   4.2966E-05   5.1396E-05   4.2766E-05 / 5.1179E-05   
1720   2.000E-03   4.1779E-05   4.8121E-05   4.1762E-05 / 4.8100E-05   
1730   2.000E-03   4.4519E-05   5.2021E-05   4.4420E-05 / 5.1911E-05   
1740   2.000E-03   4.0866E-05   4.7349E-05   4.0797E-05 / 4.7273E-05   
1750   2.000E-03   4.6138E-05   5.2336E-05   4.6124E-05 / 5.2318E-05   
1760   2.000E-03   4.0442E-05   4.7835E-05   4.0390E-05 / 4.7778E-05   
1770   2.000E-03   4.0991E-05   4.6926E-05   4.0915E-05 / 4.6847E-05   
1780   2.000E-03   3.9550E-05   4.6607E-05   3.9496E-05 / 4.6551E-05   
1790   2.000E-03   4.1531E-05   4.9692E-05   4.1486E-05 / 4.9645E-05   
1800   2.000E-03   3.9151E-05   4.5969E-05   3.9087E-05 / 4.5905E-05   
1810   2.000E-03   3.9450E-05   4.6245E-05   3.9401E-05 / 4.6197E-05   
1820   2.000E-03   4.0339E-05   4.6203E-05   4.0193E-05 / 4.6060E-05   
1830   2.000E-03   3.7965E-05   4.5382E-05   3.7917E-05 / 4.5337E-05   
1840   2.000E-03   4.0474E-05   4.5685E-05   4.0409E-05 / 4.5625E-05   
1850   2.000E-03   3.7451E-05   4.5094E-05   3.7448E-05 / 4.5091E-05   
1860   2.000E-03   3.9481E-05   4.4584E-05   3.9480E-05 / 4.4583E-05   
1870   2.000E-03   3.7377E-05   4.3553E-05   3.7323E-05 / 4.3506E-05   
1880   2.000E-03   3.7869E-05   4.6696E-05   3.7835E-05 / 4.6666E-05   
1890   2.000E-03   3.7492E-05   4.4419E-05   3.7393E-05 / 4.4323E-05   
1900   2.000E-03   3.9191E-05   4.6906E-05   3.9162E-05 / 4.6879E-05   
1910   2.000E-03   3.6347E-05   4.2069E-05   3.6342E-05 / 4.2064E-05   
1920   2.000E-03   3.7711E-05   4.4616E-05   3.7710E-05 / 4.4615E-05   
1930   2.000E-03   3.5640E-05   4.2909E-05   3.5604E-05 / 4.2874E-05   
1940   2.000E-03   3.6097E-05   4.3980E-05   3.6097E-05 / 4.3979E-05   
1950   2.000E-03   3.5403E-05   4.2323E-05   3.5333E-05 / 4.2257E-05   
1960   2.000E-03   3.6677E-05   4.4665E-05   3.6630E-05 / 4.4614E-05   
1970   2.000E-03   3.4980E-05   4.1920E-05   3.4980E-05 / 4.1920E-05   
1980   2.000E-03   3.4839E-05   4.3583E-05   3.4759E-05 / 4.3498E-05   
1990   2.000E-03   3.5076E-05   4.3112E-05   3.4999E-05 / 4.3029E-05   
2000   2.000E-03   3.4193E-05   4.1166E-05   3.4067E-05 / 4.1035E-05   
2010   2.000E-03   3.3975E-05   4.1089E-05   3.3944E-05 / 4.1051E-05   
2020   2.000E-03   3.6801E-05   4.4044E-05   3.6792E-05 / 4.4030E-05   
2030   2.000E-03   3.3886E-05   4.1422E-05   3.3573E-05 / 4.1106E-05   
2040   2.000E-03   3.3552E-05   4.1089E-05   3.3549E-05 / 4.1082E-05   
2050   2.000E-03   3.4386E-05   4.2158E-05   3.4293E-05 / 4.2058E-05   
2060   2.000E-03   3.4175E-05   4.0767E-05   3.4081E-05 / 4.0668E-05   
2070   2.000E-03   3.4590E-05   4.2555E-05   3.4349E-05 / 4.2318E-05   
2080   2.000E-03   3.2044E-05   3.9155E-05   3.1811E-05 / 3.8924E-05   
2090   2.000E-03   3.4108E-05   3.9726E-05   3.4102E-05 / 3.9717E-05   
2100   2.000E-03   3.3056E-05   4.1187E-05   3.3048E-05 / 4.1176E-05   
2110   2.000E-03   3.2914E-05   3.9877E-05   3.2885E-05 / 3.9843E-05   
2120   2.000E-03   4.0561E-05   4.3928E-05   4.0560E-05 / 4.3927E-05   
2130   2.000E-03   3.3152E-05   3.8286E-05   3.2870E-05 / 3.8024E-05   
2140   2.000E-03   3.2489E-05   3.9987E-05   3.2489E-05 / 3.9987E-05   
2150   2.000E-03   3.3524E-05   4.1153E-05   3.3524E-05 / 4.1152E-05   
2160   2.000E-03   3.0936E-05   3.8659E-05   3.0773E-05 / 3.8511E-05   
2170   2.000E-03   3.0910E-05   3.8492E-05   3.0303E-05 / 3.7935E-05   
2180   2.000E-03   3.2182E-05   3.9193E-05   3.2167E-05 / 3.9179E-05   
2190   2.000E-03   3.1759E-05   3.8596E-05   3.1100E-05 / 3.8006E-05   
2200   2.000E-03   3.0139E-05   3.7615E-05   3.0096E-05 / 3.7577E-05   
2210   2.000E-03   3.0191E-05   3.7438E-05   3.0023E-05 / 3.7293E-05   
2220   2.000E-03   3.0099E-05   3.6507E-05   3.0079E-05 / 3.6493E-05   
2230   2.000E-03   3.0158E-05   3.7001E-05   3.0131E-05 / 3.6983E-05   
2240   2.000E-03   3.0695E-05   3.7505E-05   3.0664E-05 / 3.7484E-05   
2250   2.000E-03   3.0271E-05   3.7629E-05   2.9910E-05 / 3.7330E-05   
2260   2.000E-03   3.0764E-05   3.7110E-05   3.0736E-05 / 3.7095E-05   
2270   2.000E-03   2.9552E-05   3.5865E-05   2.9502E-05 / 3.5832E-05   
2280   2.000E-03   3.0043E-05   3.7415E-05   3.0010E-05 / 3.7397E-05   
2290   2.000E-03   3.0192E-05   3.9056E-05   3.0096E-05 / 3.8988E-05   
2300   2.000E-03   2.8694E-05   3.6310E-05   2.8413E-05 / 3.6089E-05   
2310   2.000E-03   2.8892E-05   3.6288E-05   2.8761E-05 / 3.6195E-05   
2320   2.000E-03   2.8317E-05   3.5545E-05   2.8217E-05 / 3.5481E-05   
2330   2.000E-03   2.8830E-05   3.6453E-05   2.8764E-05 / 3.6417E-05   
2340   2.000E-03   2.8331E-05   3.5896E-05   2.8077E-05 / 3.5703E-05   
2350   2.000E-03   2.7956E-05   3.3761E-05   2.7825E-05 / 3.3671E-05   
2360   2.000E-03   2.8665E-05   3.5784E-05   2.8656E-05 / 3.5783E-05   
2370   2.000E-03   2.8057E-05   3.4164E-05   2.7887E-05 / 3.4045E-05   
2380   2.000E-03   2.8219E-05   3.4556E-05   2.8205E-05 / 3.4555E-05   
2390   2.000E-03   2.7554E-05   3.5423E-05   2.7529E-05 / 3.5419E-05   
2400   2.000E-03   2.7688E-05   3.5690E-05   2.7581E-05 / 3.5632E-05   
2410   2.000E-03   2.8029E-05   3.7569E-05   2.7912E-05 / 3.7502E-05   
2420   2.000E-03   2.8509E-05   3.5022E-05   2.8443E-05 / 3.4997E-05   
2430   2.000E-03   2.7878E-05   3.5649E-05   2.7350E-05 / 3.5210E-05   
2440   2.000E-03   2.6837E-05   3.4635E-05   2.6699E-05 / 3.4550E-05   
2450   2.000E-03   2.7200E-05   3.5409E-05   2.7158E-05 / 3.5401E-05   
2460   2.000E-03   2.7380E-05   3.3465E-05   2.7251E-05 / 3.3392E-05   
2470   2.000E-03   2.6292E-05   3.4311E-05   2.6240E-05 / 3.4298E-05   
2480   2.000E-03   2.7757E-05   3.5507E-05   2.7434E-05 / 3.5257E-05   
2490   2.000E-03   3.2140E-05   3.8750E-05   3.2010E-05 / 3.8676E-05   
2500   2.000E-03   2.6349E-05   3.3132E-05   2.6330E-05 / 3.3131E-05   
2510   2.000E-03   2.5763E-05   3.2610E-05   2.5632E-05 / 3.2533E-05   
2520   2.000E-03   2.6959E-05   3.3236E-05   2.6900E-05 / 3.3219E-05   
2530   2.000E-03   2.6212E-05   3.4347E-05   2.5971E-05 / 3.4173E-05   
2540   2.000E-03   2.5791E-05   3.4535E-05   2.5677E-05 / 3.4475E-05   
2550   2.000E-03   2.7880E-05   3.4153E-05   2.7481E-05 / 3.3842E-05   
2560   2.000E-03   2.7542E-05   3.4971E-05   2.7429E-05 / 3.4913E-05   
2570   2.000E-03   2.5502E-05   3.2868E-05   2.5430E-05 / 3.2842E-05   
2580   2.000E-03   2.8798E-05   3.8023E-05   2.8684E-05 / 3.7962E-05   
2590   2.000E-03   2.6131E-05   3.2944E-05   2.6101E-05 / 3.2941E-05   
2600   2.000E-03   2.5176E-05   3.3696E-05   2.4942E-05 / 3.3534E-05   
2610   2.000E-03   2.6015E-05   3.2212E-05   2.5830E-05 / 3.2093E-05   
2620   2.000E-03   2.5005E-05   3.2906E-05   2.4680E-05 / 3.2667E-05   
2630   2.000E-03   2.5713E-05   3.2436E-05   2.5570E-05 / 3.2352E-05   
2640   2.000E-03   2.9173E-05   3.4052E-05   2.9074E-05 / 3.4002E-05   
2650   2.000E-03   2.5273E-05   3.2684E-05   2.4906E-05 / 3.2409E-05   
2660   2.000E-03   2.5324E-05   3.2042E-05   2.5281E-05 / 3.2032E-05   
2670   2.000E-03   2.4150E-05   3.2952E-05   2.3978E-05 / 3.2847E-05   
2680   2.000E-03   2.4729E-05   3.3363E-05   2.4580E-05 / 3.3278E-05   
2690   2.000E-03   2.4328E-05   3.2741E-05   2.4178E-05 / 3.2656E-05   
2700   2.000E-03   2.4610E-05   3.1515E-05   2.4468E-05 / 3.1434E-05   
2710   2.000E-03   2.8062E-05   3.0786E-05   2.7906E-05 / 3.0697E-05   
2720   2.000E-03   2.5139E-05   3.2611E-05   2.5089E-05 / 3.2598E-05   
2730   2.000E-03   3.1799E-05   3.8761E-05   3.1655E-05 / 3.8683E-05   
2740   2.000E-03   2.3570E-05   3.1046E-05   2.3447E-05 / 3.0983E-05   
2750   2.000E-03   2.3770E-05   3.0843E-05   2.3512E-05 / 3.0675E-05   
2760   2.000E-03   2.6065E-05   3.4131E-05   2.6019E-05 / 3.4118E-05   
2770   2.000E-03   2.4790E-05   3.2263E-05   2.4785E-05 / 3.2262E-05   
2780   2.000E-03   2.5132E-05   3.3421E-05   2.5065E-05 / 3.3398E-05   
2790   2.000E-03   2.3735E-05   3.1155E-05   2.3648E-05 / 3.1121E-05   
2800   2.000E-03   2.3490E-05   2.9905E-05   2.3339E-05 / 2.9824E-05   
2810   2.000E-03   2.5950E-05   3.4311E-05   2.5891E-05 / 3.4292E-05   
2820   2.000E-03   2.3701E-05   3.2647E-05   2.3430E-05 / 3.2479E-05   
2830   2.000E-03   2.4988E-05   3.2147E-05   2.4987E-05 / 3.2145E-05   
2840   2.000E-03   2.3299E-05   3.2317E-05   2.3216E-05 / 3.2286E-05   
2850   2.000E-03   2.4582E-05   3.1921E-05   2.4373E-05 / 3.1803E-05   
2860   2.000E-03   2.2419E-05   3.0610E-05   2.2335E-05 / 3.0579E-05   
2870   2.000E-03   2.3070E-05   2.9928E-05   2.3031E-05 / 2.9919E-05   
2880   2.000E-03   2.3745E-05   3.1162E-05   2.3669E-05 / 3.1136E-05   
2890   2.000E-03   2.3568E-05   2.7953E-05   2.3467E-05 / 2.7915E-05   
2900   2.000E-03   2.4815E-05   3.4607E-05   2.4648E-05 / 3.4522E-05   
2910   2.000E-03   2.2942E-05   3.1224E-05   2.2782E-05 / 3.1148E-05   
2920   2.000E-03   2.2254E-05   2.8559E-05   2.2054E-05 / 2.8457E-05   
2930   2.000E-03   2.1804E-05   2.9113E-05   2.1652E-05 / 2.9044E-05   
2940   2.000E-03   2.5385E-05   3.2065E-05   2.5357E-05 / 3.2060E-05   
2950   2.000E-03   2.2864E-05   2.9562E-05   2.2630E-05 / 2.9430E-05   
2960   2.000E-03   2.1514E-05   2.9383E-05   2.1404E-05 / 2.9341E-05   
2970   2.000E-03   2.1960E-05   2.9227E-05   2.1657E-05 / 2.9045E-05   
2980   2.000E-03   2.2786E-05   2.8730E-05   2.2206E-05 / 2.8335E-05   
2990   2.000E-03   2.5060E-05   3.1780E-05   2.5055E-05 / 3.1776E-05   
3000   2.000E-03   2.3453E-05   2.9865E-05   2.3085E-05 / 2.9639E-05   
3010   2.000E-03   2.3035E-05   2.8155E-05   2.2896E-05 / 2.8090E-05   
3020   2.000E-03   2.8045E-05   3.6806E-05   2.7780E-05 / 3.6669E-05   
3030   2.000E-03   2.1846E-05   2.8842E-05   2.1458E-05 / 2.8613E-05   
3040   2.000E-03   2.1777E-05   2.9923E-05   2.1605E-05 / 2.9850E-05   
3050   2.000E-03   2.1289E-05   2.8768E-05   2.1245E-05 / 2.8760E-05   
3060   2.000E-03   2.1939E-05   2.8437E-05   2.1803E-05 / 2.8385E-05   
3070   2.000E-03   2.0745E-05   2.8112E-05   2.0609E-05 / 2.8061E-05   
3080   2.000E-03   2.2793E-05   3.0070E-05   2.2336E-05 / 2.9781E-05   
3090   2.000E-03   2.1377E-05   3.0282E-05   2.1206E-05 / 3.0209E-05   
3100   2.000E-03   2.1054E-05   2.9559E-05   2.0965E-05 / 2.9533E-05   
3110   2.000E-03   2.1442E-05   2.9690E-05   2.1108E-05 / 2.9511E-05   
3120   2.000E-03   2.9059E-05   3.8360E-05   2.8365E-05 / 3.7880E-05   
3130   2.000E-03   2.2059E-05   2.9041E-05   2.1993E-05 / 2.9027E-05   
3140   2.000E-03   2.0173E-05   2.7623E-05   1.9974E-05 / 2.7542E-05   
3150   2.000E-03   2.1077E-05   2.9219E-05   2.0659E-05 / 2.8990E-05   
3160   2.000E-03   2.2740E-05   3.0150E-05   2.2128E-05 / 2.9750E-05   
3170   2.000E-03   2.1881E-05   2.7844E-05   2.1834E-05 / 2.7837E-05   
3180   2.000E-03   2.0297E-05   2.8255E-05   2.0140E-05 / 2.8198E-05   
3190   2.000E-03   2.1085E-05   2.6241E-05   2.1044E-05 / 2.6236E-05   
3200   2.000E-03   2.0332E-05   2.7563E-05   1.9752E-05 / 2.7213E-05   
3210   2.000E-03   2.1989E-05   2.8263E-05   2.1980E-05 / 2.8262E-05   
3220   2.000E-03   2.1277E-05   2.8281E-05   2.1203E-05 / 2.8266E-05   
3230   2.000E-03   2.2189E-05   3.2329E-05   2.2041E-05 / 3.2280E-05   
3240   2.000E-03   1.9963E-05   2.7771E-05   1.9896E-05 / 2.7759E-05   
3250   2.000E-03   2.0087E-05   2.8035E-05   1.9919E-05 / 2.7978E-05   
3260   2.000E-03   2.0202E-05   2.7703E-05   2.0043E-05 / 2.7651E-05   
3270   2.000E-03   1.9965E-05   2.7303E-05   1.9720E-05 / 2.7204E-05   
3280   2.000E-03   2.0447E-05   2.8474E-05   2.0300E-05 / 2.8427E-05   
3290   2.000E-03   1.9850E-05   2.5835E-05   1.9700E-05 / 2.5788E-05   
3300   2.000E-03   2.2182E-05   2.9590E-05   2.2019E-05 / 2.9533E-05   
3310   2.000E-03   1.9423E-05   2.6518E-05   1.9190E-05 / 2.6429E-05   
3320   2.000E-03   1.9828E-05   2.7256E-05   1.9766E-05 / 2.7248E-05   
3330   2.000E-03   1.9966E-05   2.8536E-05   1.9760E-05 / 2.8462E-05   
3340   2.000E-03   2.0181E-05   2.8022E-05   2.0112E-05 / 2.8013E-05   
3350   2.000E-03   2.0185E-05   2.8655E-05   1.9844E-05 / 2.8479E-05   
3360   2.000E-03   1.9026E-05   2.6243E-05   1.8848E-05 / 2.6185E-05   
3370   2.000E-03   1.9611E-05   2.8003E-05   1.9560E-05 / 2.7999E-05   
3380   2.000E-03   1.9129E-05   2.6866E-05   1.9001E-05 / 2.6833E-05   
3390   2.000E-03   1.9496E-05   2.6894E-05   1.9281E-05 / 2.6815E-05   
3400   2.000E-03   1.9227E-05   2.7458E-05   1.9136E-05 / 2.7442E-05   
3410   2.000E-03   2.0931E-05   2.9373E-05   2.0345E-05 / 2.8949E-05   
3420   2.000E-03   2.0283E-05   2.8730E-05   2.0214E-05 / 2.8722E-05   
3430   2.000E-03   1.8699E-05   2.6430E-05   1.8626E-05 / 2.6421E-05   
3440   2.000E-03   1.8528E-05   2.6191E-05   1.8263E-05 / 2.6072E-05   
3450   2.000E-03   2.0495E-05   2.7373E-05   2.0441E-05 / 2.7370E-05   
3460   2.000E-03   1.9985E-05   2.8035E-05   1.9301E-05 / 2.7597E-05   
3470   2.000E-03   1.9517E-05   2.8196E-05   1.9266E-05 / 2.8074E-05   
3480   2.000E-03   1.9139E-05   2.5879E-05   1.9110E-05 / 2.5879E-05   
3490   2.000E-03   2.0037E-05   2.7621E-05   1.9989E-05 / 2.7619E-05   
3500   2.000E-03   1.9842E-05   2.9374E-05   1.9557E-05 / 2.9241E-05   
3510   2.000E-03   1.8919E-05   2.8036E-05   1.8545E-05 / 2.7857E-05   
3520   2.000E-03   1.8993E-05   2.6035E-05   1.8859E-05 / 2.6002E-05   
3530   2.000E-03   1.8548E-05   2.7714E-05   1.8491E-05 / 2.7712E-05   
3540   2.000E-03   1.8941E-05   2.6400E-05   1.8793E-05 / 2.6358E-05   
3550   2.000E-03   1.8219E-05   2.6688E-05   1.8120E-05 / 2.6672E-05   
3560   2.000E-03   1.9002E-05   2.7948E-05   1.8919E-05 / 2.7939E-05   
3570   2.000E-03   1.7905E-05   2.6372E-05   1.7792E-05 / 2.6349E-05   
3580   2.000E-03   1.8167E-05   2.6560E-05   1.8050E-05 / 2.6535E-05   
3590   2.000E-03   1.7809E-05   2.6266E-05   1.7649E-05 / 2.6197E-05   
3600   2.000E-03   2.0338E-05   2.8671E-05   2.0120E-05 / 2.8588E-05   
3610   2.000E-03   1.7822E-05   2.6554E-05   1.7648E-05 / 2.6498E-05   
3620   2.000E-03   1.8322E-05   2.7900E-05   1.8142E-05 / 2.7838E-05   
3630   2.000E-03   1.9229E-05   2.6825E-05   1.9019E-05 / 2.6748E-05   
3640   2.000E-03   1.8668E-05   2.5710E-05   1.8256E-05 / 2.5473E-05   
3650   2.000E-03   1.8202E-05   2.6102E-05   1.7688E-05 / 2.5822E-05   
3660   2.000E-03   1.7677E-05   2.5792E-05   1.7476E-05 / 2.5719E-05   
3670   2.000E-03   1.7614E-05   2.6918E-05   1.7357E-05 / 2.6815E-05   
3680   2.000E-03   2.1073E-05   3.1133E-05   2.0948E-05 / 3.1104E-05   
3690   2.000E-03   1.7746E-05   2.6811E-05   1.7681E-05 / 2.6809E-05   
3700   2.000E-03   1.7943E-05   2.7788E-05   1.7909E-05 / 2.7788E-05   
3710   2.000E-03   1.8714E-05   2.8295E-05   1.7407E-05 / 2.7408E-05   
3720   2.000E-03   2.0558E-05   3.2300E-05   2.0115E-05 / 3.2067E-05   
3730   2.000E-03   1.7294E-05   2.5204E-05   1.7148E-05 / 2.5163E-05   
3740   2.000E-03   2.4716E-05   3.1311E-05   2.4706E-05 / 3.1311E-05   
3750   2.000E-03   1.7580E-05   2.7138E-05   1.7351E-05 / 2.7046E-05   
3760   2.000E-03   1.8849E-05   2.8222E-05   1.8476E-05 / 2.8035E-05   
3770   2.000E-03   1.7088E-05   2.7507E-05   1.6649E-05 / 2.7256E-05   
3780   2.000E-03   2.2413E-05   2.9085E-05   2.2413E-05 / 2.9085E-05   
3790   2.000E-03   1.9243E-05   2.9396E-05   1.9203E-05 / 2.9396E-05   
3800   2.000E-03   1.7630E-05   2.5378E-05   1.7567E-05 / 2.5377E-05   
3810   2.000E-03   1.7819E-05   2.6104E-05   1.7712E-05 / 2.6084E-05   
3820   2.000E-03   1.8834E-05   2.9262E-05   1.8655E-05 / 2.9201E-05   
3830   2.000E-03   1.6906E-05   2.6419E-05   1.6842E-05 / 2.6416E-05   
3840   2.000E-03   1.6729E-05   2.6142E-05   1.6636E-05 / 2.6129E-05   
3850   2.000E-03   1.7068E-05   2.6917E-05   1.6673E-05 / 2.6711E-05   
3860   2.000E-03   1.7676E-05   2.4680E-05   1.7518E-05 / 2.4635E-05   
3870   2.000E-03   1.7369E-05   2.7080E-05   1.7193E-05 / 2.7024E-05   
3880   2.000E-03   1.8292E-05   2.7962E-05   1.7999E-05 / 2.7833E-05   
3890   2.000E-03   1.6582E-05   2.6797E-05   1.6440E-05 / 2.6757E-05   
3900   2.000E-03   1.7899E-05   2.9589E-05   1.7713E-05 / 2.9527E-05   
3910   2.000E-03   1.8017E-05   2.8803E-05   1.7995E-05 / 2.8803E-05   
3920   2.000E-03   1.6458E-05   2.7049E-05   1.6294E-05 / 2.6996E-05   
3930   2.000E-03   1.7394E-05   2.7117E-05   1.7358E-05 / 2.7117E-05   
3940   2.000E-03   1.7468E-05   2.7249E-05   1.7421E-05 / 2.7249E-05   
3950   2.000E-03   1.7421E-05   2.7562E-05   1.7235E-05 / 2.7496E-05   
3960   2.000E-03   1.7450E-05   2.7297E-05   1.7328E-05 / 2.7269E-05   
3970   2.000E-03   1.6415E-05   2.5310E-05   1.5968E-05 / 2.5074E-05   
3980   2.000E-03   1.6400E-05   2.7359E-05   1.6275E-05 / 2.7331E-05   
3990   2.000E-03   1.6451E-05   2.6786E-05   1.5946E-05 / 2.6509E-05   
4000   2.000E-03   1.7500E-05   2.8990E-05   1.7354E-05 / 2.8950E-05   
4010   2.000E-03   1.7145E-05   2.9650E-05   1.6450E-05 / 2.9246E-05   
4020   2.000E-03   1.6429E-05   2.7883E-05   1.5809E-05 / 2.7463E-05   
4030   2.000E-03   1.6221E-05   2.5986E-05   1.6163E-05 / 2.5985E-05   
4040   2.000E-03   1.7116E-05   2.8768E-05   1.6984E-05 / 2.8738E-05   
4050   2.000E-03   1.7287E-05   2.9752E-05   1.7236E-05 / 2.9751E-05   
4060   2.000E-03   1.6564E-05   2.6046E-05   1.6341E-05 / 2.5966E-05   
4070   2.000E-03   1.5748E-05   2.5767E-05   1.5501E-05 / 2.5656E-05   
4080   2.000E-03   1.5882E-05   2.6993E-05   1.5448E-05 / 2.6785E-05   
4090   2.000E-03   1.6537E-05   2.8035E-05   1.6494E-05 / 2.8035E-05   
4100   2.000E-03   1.7111E-05   2.5076E-05   1.6678E-05 / 2.4853E-05   
4110   2.000E-03   1.7573E-05   2.6228E-05   1.6497E-05 / 2.5534E-05   
4120   2.000E-03   1.6623E-05   2.8216E-05   1.6492E-05 / 2.8188E-05   
4130   2.000E-03   1.6132E-05   2.7183E-05   1.6051E-05 / 2.7176E-05   
4140   2.000E-03   1.5991E-05   2.7601E-05   1.5638E-05 / 2.7430E-05   
4150   2.000E-03   1.6008E-05   2.9865E-05   1.5751E-05 / 2.9769E-05   
4160   2.000E-03   1.5968E-05   2.8068E-05   1.5529E-05 / 2.7752E-05   
4170   2.000E-03   1.5230E-05   2.4878E-05   1.5049E-05 / 2.4826E-05   
4180   2.000E-03   1.8334E-05   3.3264E-05   1.8094E-05 / 3.3180E-05   
4190   2.000E-03   4.9073E-05   6.0001E-05   4.8923E-05 / 5.9955E-05   
4200   2.000E-03   1.5670E-05   2.4367E-05   1.5533E-05 / 2.4338E-05   
4210   2.000E-03   1.5086E-05   2.4917E-05   1.4929E-05 / 2.4879E-05   
4220   2.000E-03   1.5148E-05   2.3944E-05   1.4941E-05 / 2.3882E-05   
4230   2.000E-03   1.5420E-05   2.7188E-05   1.4777E-05 / 2.6865E-05   
4240   2.000E-03   1.5522E-05   2.4823E-05   1.5459E-05 / 2.4820E-05   
4250   2.000E-03   1.5091E-05   2.7839E-05   1.4790E-05 / 2.7727E-05   
4260   2.000E-03   1.6527E-05   2.4608E-05   1.6436E-05 / 2.4598E-05   
4270   2.000E-03   1.5492E-05   2.5189E-05   1.5313E-05 / 2.5137E-05   
4280   2.000E-03   1.5683E-05   2.5958E-05   1.5162E-05 / 2.5711E-05   
4290   2.000E-03   1.5531E-05   2.7441E-05   1.4712E-05 / 2.6940E-05   
4300   2.000E-03   1.4985E-05   2.6215E-05   1.4812E-05 / 2.6168E-05   
4310   2.000E-03   1.5605E-05   2.5549E-05   1.5326E-05 / 2.5453E-05   
4320   2.000E-03   1.7062E-05   2.9361E-05   1.6734E-05 / 2.9231E-05   
4330   2.000E-03   1.5132E-05   2.6922E-05   1.4901E-05 / 2.6845E-05   
4340   2.000E-03   1.4963E-05   2.6642E-05   1.4739E-05 / 2.6573E-05   
4350   2.000E-03   1.4947E-05   2.5351E-05   1.4559E-05 / 2.5191E-05   
4360   2.000E-03   1.5772E-05   2.7252E-05   1.5639E-05 / 2.7227E-05   
4370   2.000E-03   1.6403E-05   2.6266E-05   1.6363E-05 / 2.6266E-05   
4380   2.000E-03   1.6009E-05   2.1641E-05   1.5840E-05 / 2.1607E-05   
4390   2.000E-03   1.4794E-05   2.5799E-05   1.4700E-05 / 2.5790E-05   
4400   2.000E-03   1.5184E-05   2.5117E-05   1.5020E-05 / 2.5080E-05   
4410   2.000E-03   1.5917E-05   2.4012E-05   1.5756E-05 / 2.3981E-05   
4420   2.000E-03   1.4638E-05   2.4969E-05   1.4236E-05 / 2.4812E-05   
4430   2.000E-03   1.5564E-05   2.7683E-05   1.5193E-05 / 2.7541E-05   
4440   2.000E-03   1.7659E-05   2.9691E-05   1.7395E-05 / 2.9600E-05   
4450   2.000E-03   1.4202E-05   2.4554E-05   1.4016E-05 / 2.4508E-05   
4460   2.000E-03   1.5435E-05   2.5765E-05   1.4857E-05 / 2.5443E-05   
4470   2.000E-03   1.4481E-05   2.5369E-05   1.4253E-05 / 2.5299E-05   
4480   2.000E-03   1.5023E-05   2.5512E-05   1.4529E-05 / 2.5301E-05   
4490   2.000E-03   1.4738E-05   2.6589E-05   1.4336E-05 / 2.6439E-05   
4500   2.000E-03   1.4780E-05   2.6200E-05   1.4704E-05 / 2.6195E-05   
4510   2.000E-03   1.5386E-05   2.7043E-05   1.4600E-05 / 2.6665E-05   
4520   2.000E-03   1.4820E-05   2.6044E-05   1.4486E-05 / 2.5935E-05   
4530   2.000E-03   1.4790E-05   2.6588E-05   1.4471E-05 / 2.6473E-05   
4540   2.000E-03   1.9612E-05   2.9729E-05   1.9390E-05 / 2.9665E-05   
4550   2.000E-03   1.4008E-05   2.4814E-05   1.3742E-05 / 2.4727E-05   
4560   2.000E-03   1.5785E-05   2.5637E-05   1.5466E-05 / 2.5504E-05   
4570   2.000E-03   1.4146E-05   2.5183E-05   1.3694E-05 / 2.4995E-05   
4580   2.000E-03   1.4533E-05   2.6431E-05   1.4455E-05 / 2.6427E-05   
4590   2.000E-03   1.4507E-05   2.6377E-05   1.4396E-05 / 2.6364E-05   
4600   2.000E-03   1.5910E-05   2.9757E-05   1.5649E-05 / 2.9674E-05   
4610   2.000E-03   1.5279E-05   2.6415E-05   1.5183E-05 / 2.6405E-05   
4620   2.000E-03   1.4842E-05   2.2767E-05   1.4665E-05 / 2.2729E-05   
4630   2.000E-03   1.4981E-05   2.5682E-05   1.4747E-05 / 2.5622E-05   
4640   2.000E-03   1.4129E-05   2.3910E-05   1.4006E-05 / 2.3893E-05   
4650   2.000E-03   1.4264E-05   2.6682E-05   1.4036E-05 / 2.6604E-05   
4660   2.000E-03   1.4044E-05   2.4552E-05   1.3740E-05 / 2.4459E-05   
4670   2.000E-03   1.5451E-05   2.7223E-05   1.4858E-05 / 2.6954E-05   
4680   2.000E-03   1.4219E-05   2.7443E-05   1.3941E-05 / 2.7360E-05   
4690   2.000E-03   1.5403E-05   2.7333E-05   1.5192E-05 / 2.7282E-05   
4700   2.000E-03   1.4626E-05   2.4767E-05   1.4373E-05 / 2.4691E-05   
4710   2.000E-03   1.4238E-05   2.4867E-05   1.3522E-05 / 2.4510E-05   
4720   2.000E-03   1.4141E-05   2.6586E-05   1.3906E-05 / 2.6522E-05   
4730   2.000E-03   1.6381E-05   2.6247E-05   1.6210E-05 / 2.6217E-05   
4740   2.000E-03   1.4276E-05   2.7684E-05   1.3974E-05 / 2.7586E-05   
4750   2.000E-03   1.5876E-05   2.4763E-05   1.5842E-05 / 2.4763E-05   
4760   2.000E-03   1.4140E-05   2.2190E-05   1.3948E-05 / 2.2151E-05   
4770   2.000E-03   1.4011E-05   2.6353E-05   1.3577E-05 / 2.6178E-05   
4780   2.000E-03   1.4005E-05   2.5318E-05   1.3773E-05 / 2.5259E-05   
4790   2.000E-03   1.4126E-05   2.4355E-05   1.3681E-05 / 2.4182E-05   
4800   2.000E-03   1.3388E-05   2.4576E-05   1.3261E-05 / 2.4560E-05   
4810   2.000E-03   1.4231E-05   2.3171E-05   1.3566E-05 / 2.2792E-05   
4820   2.000E-03   1.4505E-05   2.7085E-05   1.4270E-05 / 2.7029E-05   
4830   2.000E-03   1.4477E-05   2.4948E-05   1.4415E-05 / 2.4947E-05   
4840   2.000E-03   1.4009E-05   2.4570E-05   1.3969E-05 / 2.4570E-05   
4850   2.000E-03   1.4205E-05   2.2208E-05   1.4012E-05 / 2.2167E-05   
4860   2.000E-03   1.6747E-05   2.9534E-05   1.6558E-05 / 2.9497E-05   
4870   2.000E-03   1.4916E-05   2.4618E-05   1.4790E-05 / 2.4601E-05   
4880   2.000E-03   1.3350E-05   2.3741E-05   1.3054E-05 / 2.3643E-05   
4890   2.000E-03   1.5578E-05   2.9434E-05   1.5443E-05 / 2.9415E-05   
4900   2.000E-03   1.3678E-05   2.2669E-05   1.3568E-05 / 2.2658E-05   
4910   2.000E-03   1.3847E-05   2.1382E-05   1.3450E-05 / 2.1227E-05   
4920   2.000E-03   1.6738E-05   3.1887E-05   1.6589E-05 / 3.1864E-05   
4930   2.000E-03   1.3683E-05   2.4395E-05   1.3516E-05 / 2.4365E-05   
4940   2.000E-03   1.3180E-05   2.4860E-05   1.2766E-05 / 2.4717E-05   
4950   2.000E-03   1.4515E-05   2.4999E-05   1.3991E-05 / 2.4777E-05   
4960   2.000E-03   1.3256E-05   2.2931E-05   1.2921E-05 / 2.2828E-05   
4970   2.000E-03   1.3182E-05   2.3215E-05   1.3046E-05 / 2.3196E-05   
4980   2.000E-03   1.4013E-05   2.3532E-05   1.3876E-05 / 2.3513E-05   
4990   2.000E-03   1.4258E-05   2.6928E-05   1.3880E-05 / 2.6800E-05   
5000   2.000E-03   1.4627E-05   2.6893E-05   1.3544E-05 / 2.6033E-05   
5010   2.000E-03   1.3560E-05   2.4048E-05   1.3224E-05 / 2.3942E-05   
5020   2.000E-03   1.3583E-05   2.4595E-05   1.3324E-05 / 2.4514E-05   
5030   2.000E-03   1.2821E-05   2.3282E-05   1.2628E-05 / 2.3243E-05   
5040   2.000E-03   1.3142E-05   2.2518E-05   1.2976E-05 / 2.2490E-05   
5050   2.000E-03   1.2853E-05   2.3939E-05   1.2564E-05 / 2.3855E-05   
5060   2.000E-03   1.4261E-05   2.3901E-05   1.4220E-05 / 2.3901E-05   
5070   2.000E-03   1.2936E-05   2.2739E-05   1.2490E-05 / 2.2577E-05   
5080   2.000E-03   1.4307E-05   2.5187E-05   1.4178E-05 / 2.5172E-05   
5090   2.000E-03   1.6157E-05   2.4166E-05   1.6054E-05 / 2.4158E-05   
5100   2.000E-03   1.3787E-05   2.3694E-05   1.3594E-05 / 2.3659E-05   
5110   2.000E-03   1.2692E-05   2.3442E-05   1.2393E-05 / 2.3340E-05   
5120   2.000E-03   1.3857E-05   2.2712E-05   1.3762E-05 / 2.2706E-05   
5130   2.000E-03   1.3282E-05   2.2737E-05   1.2963E-05 / 2.2646E-05   
5140   2.000E-03   1.2826E-05   2.2560E-05   1.2473E-05 / 2.2449E-05   
5150   2.000E-03   1.2617E-05   2.1726E-05   1.2350E-05 / 2.1660E-05   
5160   2.000E-03   1.2512E-05   2.2681E-05   1.2255E-05 / 2.2619E-05   
5170   2.000E-03   1.3146E-05   2.4920E-05   1.2988E-05 / 2.4880E-05   
5180   2.000E-03   1.2511E-05   2.3293E-05   1.2084E-05 / 2.3134E-05   
5190   2.000E-03   1.2930E-05   2.1914E-05   1.2756E-05 / 2.1885E-05   
5200   2.000E-03   1.2790E-05   2.1415E-05   1.2552E-05 / 2.1359E-05   
5210   2.000E-03   1.2738E-05   2.2525E-05   1.2516E-05 / 2.2464E-05   
5220   2.000E-03   1.3392E-05   2.5006E-05   1.2676E-05 / 2.4715E-05   
5230   2.000E-03   1.2387E-05   2.3117E-05   1.2126E-05 / 2.3051E-05   
5240   2.000E-03   1.3669E-05   2.4913E-05   1.3353E-05 / 2.4830E-05   
5250   2.000E-03   1.2806E-05   2.3256E-05   1.2391E-05 / 2.3113E-05   
5260   2.000E-03   1.2717E-05   2.3284E-05   1.2410E-05 / 2.3192E-05   
5270   2.000E-03   1.2650E-05   2.2580E-05   1.2427E-05 / 2.2533E-05   
5280   2.000E-03   1.2366E-05   2.2502E-05   1.2241E-05 / 2.2479E-05   
5290   2.000E-03   1.3603E-05   2.1932E-05   1.3461E-05 / 2.1916E-05   
5300   2.000E-03   1.5269E-05   3.0111E-05   1.4789E-05 / 2.9922E-05   
5310   2.000E-03   1.3041E-05   2.2174E-05   1.3010E-05 / 2.2174E-05   
5320   2.000E-03   1.2203E-05   2.2752E-05   1.1882E-05 / 2.2660E-05   
5330   2.000E-03   1.2096E-05   2.2036E-05   1.1905E-05 / 2.2003E-05   
5340   2.000E-03   1.7709E-05   3.1190E-05   1.7365E-05 / 3.1064E-05   
5350   2.000E-03   1.2109E-05   2.1498E-05   1.1959E-05 / 2.1480E-05   
5360   2.000E-03   1.6148E-05   2.5824E-05   1.4911E-05 / 2.5204E-05   
5370   2.000E-03   1.2101E-05   2.2082E-05   1.1881E-05 / 2.2038E-05   
5380   2.000E-03   1.3610E-05   2.4054E-05   1.3571E-05 / 2.4054E-05   
5390   2.000E-03   1.2087E-05   2.1414E-05   1.1903E-05 / 2.1381E-05   
5400   2.000E-03   1.3140E-05   2.2407E-05   1.2900E-05 / 2.2348E-05   
5410   2.000E-03   1.2207E-05   2.1763E-05   1.1911E-05 / 2.1681E-05   
5420   2.000E-03   1.3712E-05   2.5315E-05   1.2252E-05 / 2.4554E-05   
5430   2.000E-03   1.2285E-05   2.2440E-05   1.2236E-05 / 2.2440E-05   
5440   2.000E-03   1.2145E-05   2.3682E-05   1.1925E-05 / 2.3634E-05   
5450   2.000E-03   1.1636E-05   2.1932E-05   1.1308E-05 / 2.1830E-05   
5460   2.000E-03   1.2026E-05   2.1771E-05   1.1873E-05 / 2.1752E-05   
5470   2.000E-03   1.2422E-05   2.4811E-05   1.2167E-05 / 2.4747E-05   
5480   2.000E-03   1.1732E-05   2.2010E-05   1.1521E-05 / 2.1965E-05   
5490   2.000E-03   1.3316E-05   2.5132E-05   1.3126E-05 / 2.5099E-05   
5500   2.000E-03   1.2829E-05   2.4075E-05   1.2552E-05 / 2.3997E-05   
5510   2.000E-03   1.3215E-05   2.6400E-05   1.2988E-05 / 2.6359E-05   
5520   2.000E-03   1.2813E-05   2.2566E-05   1.2762E-05 / 2.2566E-05   
5530   2.000E-03   1.2170E-05   2.2445E-05   1.2020E-05 / 2.2428E-05   
5540   2.000E-03   1.1579E-05   2.1875E-05   1.1151E-05 / 2.1723E-05   
5550   2.000E-03   1.1979E-05   2.2049E-05   1.1721E-05 / 2.1983E-05   
5560   2.000E-03   1.2527E-05   2.2232E-05   1.2260E-05 / 2.2164E-05   
5570   2.000E-03   1.2137E-05   2.4244E-05   1.1773E-05 / 2.4103E-05   
5580   2.000E-03   1.2622E-05   2.4004E-05   1.2436E-05 / 2.3972E-05   
5590   2.000E-03   1.3629E-05   2.2131E-05   1.3623E-05 / 2.2131E-05   
5600   2.000E-03   1.2210E-05   2.3672E-05   1.1794E-05 / 2.3527E-05   
5610   2.000E-03   1.1423E-05   2.1232E-05   1.1241E-05 / 2.1203E-05   
5620   2.000E-03   1.1969E-05   2.1354E-05   1.1775E-05 / 2.1321E-05   
5630   2.000E-03   1.1715E-05   2.2061E-05   1.1629E-05 / 2.2060E-05   
5640   2.000E-03   1.2273E-05   2.1088E-05   1.1867E-05 / 2.0910E-05   
5650   2.000E-03   1.1705E-05   2.1752E-05   1.1623E-05 / 2.1751E-05   
5660   2.000E-03   1.1376E-05   2.0882E-05   1.1178E-05 / 2.0844E-05   
5670   2.000E-03   1.2766E-05   2.3385E-05   1.2667E-05 / 2.3382E-05   
5680   2.000E-03   1.1454E-05   2.0795E-05   1.1162E-05 / 2.0713E-05   
5690   2.000E-03   1.1939E-05   2.3022E-05   1.1710E-05 / 2.2970E-05   
5700   2.000E-03   1.1483E-05   2.1977E-05   1.1203E-05 / 2.1901E-05   
5710   2.000E-03   1.1360E-05   2.1194E-05   1.1089E-05 / 2.1118E-05   
5720   2.000E-03   1.1665E-05   2.2945E-05   1.1476E-05 / 2.2898E-05   
5730   2.000E-03   1.2842E-05   1.9876E-05   1.2563E-05 / 1.9804E-05   
5740   2.000E-03   1.5551E-05   2.4989E-05   1.5024E-05 / 2.4652E-05   
5750   2.000E-03   1.4211E-05   2.2552E-05   1.4089E-05 / 2.2545E-05   
5760   2.000E-03   1.1561E-05   2.3239E-05   1.1223E-05 / 2.3127E-05   
5770   2.000E-03   1.1664E-05   2.1768E-05   1.1039E-05 / 2.1370E-05   
5780   2.000E-03   1.1795E-05   2.1975E-05   1.1522E-05 / 2.1892E-05   
5790   2.000E-03   1.2330E-05   2.4053E-05   1.1415E-05 / 2.3443E-05   
5800   2.000E-03   1.1879E-05   2.3096E-05   1.0859E-05 / 2.2578E-05   
5810   2.000E-03   1.1208E-05   2.0394E-05   1.0711E-05 / 2.0194E-05   
5820   2.000E-03   1.1592E-05   2.4914E-05   1.1346E-05 / 2.4853E-05   
5830   2.000E-03   1.1839E-05   2.3119E-05   1.1499E-05 / 2.3010E-05   
5840   2.000E-03   1.3678E-05   2.6450E-05   1.3297E-05 / 2.6313E-05   
5850   2.000E-03   1.1156E-05   2.1679E-05   1.0861E-05 / 2.1595E-05   
5860   2.000E-03   1.2282E-05   2.2581E-05   1.2084E-05 / 2.2544E-05   
5870   2.000E-03   1.1376E-05   2.0423E-05   1.0889E-05 / 2.0228E-05   
5880   2.000E-03   1.1119E-05   2.0784E-05   1.0872E-05 / 2.0725E-05   
5890   2.000E-03   1.2599E-05   1.9154E-05   1.2522E-05 / 1.9154E-05   
5900   2.000E-03   1.1686E-05   2.4221E-05   1.1428E-05 / 2.4155E-05   
5910   2.000E-03   1.1576E-05   2.3619E-05   1.1060E-05 / 2.3402E-05   
5920   2.000E-03   1.1472E-05   2.3476E-05   1.1356E-05 / 2.3468E-05   
5930   2.000E-03   1.1620E-05   2.3726E-05   1.0678E-05 / 2.3282E-05   
5940   2.000E-03   1.0912E-05   2.1578E-05   1.0693E-05 / 2.1524E-05   
5950   2.000E-03   1.1258E-05   2.2681E-05   1.0969E-05 / 2.2600E-05   
5960   2.000E-03   1.0911E-05   2.2196E-05   1.0579E-05 / 2.2096E-05   
5970   2.000E-03   1.1029E-05   1.9775E-05   1.0722E-05 / 1.9682E-05   
5980   2.000E-03   1.1709E-05   2.2489E-05   1.1324E-05 / 2.2358E-05   
5990   2.000E-03   1.1485E-05   2.1261E-05   1.1418E-05 / 2.1261E-05   
6000   2.000E-03   1.1501E-05   2.0010E-05   1.1330E-05 / 1.9987E-05   
===============================================================================================================
Saved model to /home/nikki/kan/kanTBNN/models/multi_run/kan_experiment_8/kanTBNN-24Nov03_18:54:21.pickle
