========== Dataset info ==========
Dataset params: {'file': '/home/nikki/kan/data/turbulence_dataset_clean.csv', 'Cases': ['fp_1000', 'fp_1410', 'fp_2000', 'fp_2540', 'fp_3030', 'fp_3270', 'fp_3630', 'fp_3970', 'fp_4060'], 'val_set': ['fp_3030', 'fp_1410', 'fp_4060'], 'test_set': ['fp_3630'], 'data_loader': <class 'tbnn.dataloaders.aDataset'>}
Train/Valid/Test points: 760 / 468 / 168
Memorization?: False
Cluster training?: False
EPOCH     LR        TRAIN         VALID             MSE:T/V                  RL:T/V             %NR_t/%NR_v
===============================================================================================================
  1   1.000E-03   2.2558E-01   2.2370E-01   2.2558E-01 / 2.2370E-01   
 10   1.000E-03   8.1925E-02   7.9699E-02   8.1925E-02 / 7.9699E-02   
 20   1.000E-03   2.1332E-02   2.0365E-02   2.1332E-02 / 2.0365E-02   
 30   1.000E-03   9.2422E-03   8.6878E-03   9.2422E-03 / 8.6878E-03   
 40   1.000E-03   5.8176E-03   5.4599E-03   5.8158E-03 / 5.4599E-03   
 50   1.000E-03   4.3597E-03   4.0775E-03   4.3588E-03 / 4.0775E-03   
 60   1.000E-03   3.5924E-03   3.3474E-03   3.5922E-03 / 3.3474E-03   
 70   1.000E-03   3.1231E-03   2.9056E-03   3.1231E-03 / 2.9056E-03   
 80   1.000E-03   2.7981E-03   2.6034E-03   2.7979E-03 / 2.6034E-03   
 90   1.000E-03   2.5464E-03   2.3738E-03   2.5452E-03 / 2.3731E-03   
100   1.000E-03   2.3343E-03   2.1810E-03   2.3330E-03 / 2.1801E-03   
110   1.000E-03   2.1429E-03   2.0095E-03   2.1419E-03 / 2.0088E-03   
120   1.000E-03   1.9748E-03   1.8614E-03   1.9741E-03 / 1.8609E-03   
130   1.000E-03   1.7996E-03   1.7027E-03   1.7973E-03 / 1.7006E-03   
140   1.000E-03   1.6878E-03   1.6040E-03   1.6850E-03 / 1.6014E-03   
150   1.000E-03   1.5987E-03   1.5255E-03   1.5957E-03 / 1.5225E-03   
160   1.000E-03   1.5230E-03   1.4583E-03   1.5195E-03 / 1.4550E-03   
170   1.000E-03   1.4545E-03   1.3950E-03   1.4512E-03 / 1.3918E-03   
180   1.000E-03   1.3918E-03   1.3380E-03   1.3883E-03 / 1.3346E-03   
190   1.000E-03   1.3328E-03   1.2845E-03   1.3291E-03 / 1.2810E-03   
200   1.000E-03   1.2779E-03   1.2327E-03   1.2747E-03 / 1.2297E-03   
210   1.000E-03   1.2253E-03   1.1826E-03   1.2223E-03 / 1.1798E-03   
220   1.000E-03   1.1753E-03   1.1370E-03   1.1730E-03 / 1.1348E-03   
230   1.000E-03   1.1285E-03   1.0923E-03   1.1267E-03 / 1.0907E-03   
240   1.000E-03   1.0844E-03   1.0508E-03   1.0831E-03 / 1.0495E-03   
250   1.000E-03   1.0437E-03   1.0128E-03   1.0427E-03 / 1.0118E-03   
260   1.000E-03   1.0060E-03   9.7910E-04   1.0054E-03 / 9.7851E-04   
270   1.000E-03   9.7005E-04   9.4562E-04   9.6959E-04 / 9.4520E-04   
280   1.000E-03   9.3549E-04   9.1405E-04   9.3525E-04 / 9.1382E-04   
290   1.000E-03   9.0198E-04   8.8245E-04   9.0170E-04 / 8.8219E-04   
300   1.000E-03   8.6998E-04   8.5282E-04   8.6959E-04 / 8.5243E-04   
310   1.000E-03   8.4110E-04   8.2563E-04   8.4052E-04 / 8.2506E-04   
320   1.000E-03   8.1217E-04   7.9773E-04   8.1168E-04 / 7.9728E-04   
330   1.000E-03   7.8547E-04   7.7288E-04   7.8505E-04 / 7.7252E-04   
340   1.000E-03   7.6075E-04   7.4749E-04   7.6029E-04 / 7.4710E-04   
350   1.000E-03   7.3537E-04   7.2642E-04   7.3499E-04 / 7.2609E-04   
360   1.000E-03   7.1186E-04   7.0416E-04   7.1135E-04 / 7.0371E-04   
370   1.000E-03   6.8942E-04   6.8232E-04   6.8897E-04 / 6.8191E-04   
380   1.000E-03   6.6786E-04   6.6228E-04   6.6728E-04 / 6.6173E-04   
390   1.000E-03   6.4793E-04   6.4042E-04   6.4735E-04 / 6.3985E-04   
400   1.000E-03   6.2810E-04   6.2379E-04   6.2752E-04 / 6.2324E-04   
410   1.000E-03   6.1010E-04   6.0620E-04   6.0945E-04 / 6.0559E-04   
420   1.000E-03   5.9223E-04   5.8981E-04   5.9143E-04 / 5.8907E-04   
430   1.000E-03   5.7383E-04   5.7381E-04   5.7302E-04 / 5.7308E-04   
440   1.000E-03   5.5644E-04   5.5616E-04   5.5557E-04 / 5.5538E-04   
450   1.000E-03   5.3978E-04   5.4207E-04   5.3905E-04 / 5.4141E-04   
460   1.000E-03   5.2249E-04   5.2392E-04   5.2192E-04 / 5.2342E-04   
470   1.000E-03   5.0624E-04   5.0894E-04   5.0565E-04 / 5.0839E-04   
480   1.000E-03   4.9101E-04   4.9594E-04   4.9045E-04 / 4.9542E-04   
490   1.000E-03   4.7542E-04   4.7943E-04   4.7502E-04 / 4.7907E-04   
500   1.000E-03   4.6082E-04   4.6562E-04   4.6046E-04 / 4.6530E-04   
510   1.000E-03   4.4621E-04   4.5242E-04   4.4605E-04 / 4.5227E-04   
520   1.000E-03   4.3125E-04   4.3715E-04   4.3108E-04 / 4.3700E-04   
530   1.000E-03   4.1877E-04   4.2310E-04   4.1861E-04 / 4.2294E-04   
540   1.000E-03   4.0639E-04   4.1142E-04   4.0620E-04 / 4.1126E-04   
550   1.000E-03   3.9272E-04   3.9994E-04   3.9254E-04 / 3.9978E-04   
560   1.000E-03   3.8155E-04   3.8980E-04   3.8138E-04 / 3.8966E-04   
570   1.000E-03   3.6990E-04   3.7910E-04   3.6971E-04 / 3.7895E-04   
580   1.000E-03   3.5907E-04   3.6517E-04   3.5889E-04 / 3.6503E-04   
590   1.000E-03   3.4816E-04   3.5723E-04   3.4800E-04 / 3.5709E-04   
600   1.000E-03   3.3776E-04   3.4829E-04   3.3767E-04 / 3.4822E-04   
610   1.000E-03   3.2659E-04   3.3618E-04   3.2656E-04 / 3.3617E-04   
620   1.000E-03   3.1698E-04   3.2857E-04   3.1696E-04 / 3.2856E-04   
630   1.000E-03   3.0807E-04   3.1597E-04   3.0799E-04 / 3.1591E-04   
640   1.000E-03   2.9805E-04   3.0902E-04   2.9799E-04 / 3.0898E-04   
650   1.000E-03   2.8918E-04   3.0004E-04   2.8909E-04 / 2.9998E-04   
660   1.000E-03   2.8204E-04   2.9178E-04   2.8193E-04 / 2.9169E-04   
670   1.000E-03   2.7498E-04   2.8684E-04   2.7486E-04 / 2.8673E-04   
680   1.000E-03   2.6738E-04   2.7868E-04   2.6728E-04 / 2.7859E-04   
690   1.000E-03   2.6187E-04   2.7230E-04   2.6172E-04 / 2.7216E-04   
700   1.000E-03   2.5454E-04   2.6440E-04   2.5439E-04 / 2.6426E-04   
710   1.000E-03   2.4998E-04   2.6359E-04   2.4985E-04 / 2.6347E-04   
720   1.000E-03   2.4427E-04   2.5611E-04   2.4407E-04 / 2.5591E-04   
730   1.000E-03   2.3707E-04   2.4745E-04   2.3684E-04 / 2.4723E-04   
740   1.000E-03   2.3327E-04   2.4499E-04   2.3309E-04 / 2.4483E-04   
750   1.000E-03   2.2640E-04   2.3887E-04   2.2619E-04 / 2.3867E-04   
760   1.000E-03   2.2185E-04   2.3392E-04   2.2166E-04 / 2.3376E-04   
770   1.000E-03   2.1744E-04   2.3033E-04   2.1723E-04 / 2.3015E-04   
780   1.000E-03   2.1183E-04   2.2145E-04   2.1163E-04 / 2.2129E-04   
790   1.000E-03   2.0831E-04   2.1772E-04   2.0811E-04 / 2.1756E-04   
800   1.000E-03   2.0439E-04   2.1505E-04   2.0420E-04 / 2.1491E-04   
810   1.000E-03   2.0022E-04   2.1021E-04   2.0002E-04 / 2.1007E-04   
820   1.000E-03   1.9587E-04   2.0951E-04   1.9561E-04 / 2.0932E-04   
830   1.000E-03   1.9343E-04   2.0534E-04   1.9322E-04 / 2.0519E-04   
840   1.000E-03   1.8872E-04   1.9882E-04   1.8847E-04 / 1.9865E-04   
850   1.000E-03   1.8473E-04   1.9817E-04   1.8454E-04 / 1.9804E-04   
860   1.000E-03   1.8122E-04   1.9208E-04   1.8104E-04 / 1.9195E-04   
870   1.000E-03   1.7810E-04   1.9253E-04   1.7792E-04 / 1.9241E-04   
880   1.000E-03   1.7574E-04   1.8869E-04   1.7555E-04 / 1.8856E-04   
890   1.000E-03   1.7166E-04   1.8591E-04   1.7146E-04 / 1.8577E-04   
900   1.000E-03   1.6956E-04   1.8281E-04   1.6941E-04 / 1.8270E-04   
910   1.000E-03   1.6897E-04   1.7981E-04   1.6874E-04 / 1.7964E-04   
920   1.000E-03   1.6421E-04   1.7582E-04   1.6404E-04 / 1.7570E-04   
930   1.000E-03   1.6098E-04   1.7533E-04   1.6075E-04 / 1.7515E-04   
940   1.000E-03   1.5971E-04   1.7656E-04   1.5957E-04 / 1.7646E-04   
950   1.000E-03   1.5700E-04   1.7253E-04   1.5682E-04 / 1.7240E-04   
960   1.000E-03   1.5566E-04   1.7061E-04   1.5550E-04 / 1.7048E-04   
970   1.000E-03   1.5160E-04   1.6820E-04   1.5142E-04 / 1.6804E-04   
980   1.000E-03   1.5042E-04   1.6334E-04   1.5028E-04 / 1.6323E-04   
990   1.000E-03   1.4696E-04   1.6299E-04   1.4678E-04 / 1.6283E-04   
1000   1.000E-03   1.4747E-04   1.6206E-04   1.4731E-04 / 1.6192E-04   
1010   1.000E-03   1.4360E-04   1.5871E-04   1.4344E-04 / 1.5855E-04   
1020   1.000E-03   1.4116E-04   1.5895E-04   1.4102E-04 / 1.5881E-04   
1030   1.000E-03   1.3980E-04   1.5580E-04   1.3962E-04 / 1.5561E-04   
1040   1.000E-03   1.3795E-04   1.5548E-04   1.3780E-04 / 1.5533E-04   
1050   1.000E-03   1.3698E-04   1.5194E-04   1.3681E-04 / 1.5176E-04   
1060   1.000E-03   1.3476E-04   1.5228E-04   1.3463E-04 / 1.5216E-04   
1070   1.000E-03   1.3262E-04   1.4957E-04   1.3247E-04 / 1.4940E-04   
1080   1.000E-03   1.3126E-04   1.4901E-04   1.3112E-04 / 1.4886E-04   
1090   1.000E-03   1.3063E-04   1.4805E-04   1.3052E-04 / 1.4794E-04   
1100   1.000E-03   1.2767E-04   1.4669E-04   1.2752E-04 / 1.4654E-04   
1110   1.000E-03   1.2714E-04   1.4404E-04   1.2704E-04 / 1.4393E-04   
1120   1.000E-03   1.2611E-04   1.4689E-04   1.2597E-04 / 1.4676E-04   
1130   1.000E-03   1.2371E-04   1.4126E-04   1.2362E-04 / 1.4119E-04   
1140   1.000E-03   1.2504E-04   1.4400E-04   1.2490E-04 / 1.4386E-04   
1150   1.000E-03   1.2095E-04   1.3800E-04   1.2080E-04 / 1.3786E-04   
1160   1.000E-03   1.1977E-04   1.3891E-04   1.1964E-04 / 1.3880E-04   
1170   1.000E-03   1.1926E-04   1.3732E-04   1.1913E-04 / 1.3721E-04   
1180   1.000E-03   1.1907E-04   1.3420E-04   1.1895E-04 / 1.3411E-04   
1190   1.000E-03   1.1624E-04   1.3500E-04   1.1612E-04 / 1.3490E-04   
1200   1.000E-03   1.1551E-04   1.3320E-04   1.1537E-04 / 1.3310E-04   
1210   1.000E-03   1.1389E-04   1.3184E-04   1.1376E-04 / 1.3174E-04   
1220   1.000E-03   1.1353E-04   1.3235E-04   1.1338E-04 / 1.3224E-04   
1230   1.000E-03   1.1234E-04   1.3101E-04   1.1223E-04 / 1.3093E-04   
1240   1.000E-03   1.1078E-04   1.3114E-04   1.1062E-04 / 1.3102E-04   
1250   1.000E-03   1.0906E-04   1.2745E-04   1.0895E-04 / 1.2735E-04   
1260   1.000E-03   1.0868E-04   1.2952E-04   1.0853E-04 / 1.2940E-04   
1270   1.000E-03   1.0734E-04   1.2642E-04   1.0722E-04 / 1.2632E-04   
1280   1.000E-03   1.0658E-04   1.2525E-04   1.0648E-04 / 1.2516E-04   
1290   1.000E-03   1.0630E-04   1.2491E-04   1.0613E-04 / 1.2474E-04   
1300   1.000E-03   1.0435E-04   1.2133E-04   1.0424E-04 / 1.2121E-04   
1310   1.000E-03   1.0367E-04   1.2273E-04   1.0350E-04 / 1.2255E-04   
1320   1.000E-03   1.0278E-04   1.1850E-04   1.0265E-04 / 1.1834E-04   
1330   1.000E-03   1.0183E-04   1.1948E-04   1.0170E-04 / 1.1935E-04   
1340   1.000E-03   1.0037E-04   1.1650E-04   1.0025E-04 / 1.1635E-04   
1350   1.000E-03   9.9842E-05   1.1813E-04   9.9712E-05 / 1.1797E-04   
1360   1.000E-03   9.9386E-05   1.1762E-04   9.9287E-05 / 1.1750E-04   
1370   1.000E-03   9.7942E-05   1.1512E-04   9.7837E-05 / 1.1500E-04   
1380   1.000E-03   9.7743E-05   1.1632E-04   9.7594E-05 / 1.1614E-04   
1390   1.000E-03   9.8558E-05   1.1556E-04   9.8369E-05 / 1.1534E-04   
1400   1.000E-03   9.7875E-05   1.1587E-04   9.7700E-05 / 1.1566E-04   
1410   1.000E-03   9.4964E-05   1.1238E-04   9.4815E-05 / 1.1220E-04   
1420   1.000E-03   9.5236E-05   1.1222E-04   9.5099E-05 / 1.1205E-04   
1430   1.000E-03   9.4224E-05   1.1202E-04   9.4119E-05 / 1.1189E-04   
1440   1.000E-03   9.3925E-05   1.1217E-04   9.3788E-05 / 1.1201E-04   
1450   1.000E-03   9.2894E-05   1.0744E-04   9.2766E-05 / 1.0729E-04   
1460   1.000E-03   9.5047E-05   1.1026E-04   9.4931E-05 / 1.1013E-04   
1470   1.000E-03   9.2862E-05   1.1078E-04   9.2736E-05 / 1.1065E-04   
1480   1.000E-03   9.0590E-05   1.0889E-04   9.0467E-05 / 1.0877E-04   
1490   1.000E-03   9.0598E-05   1.0641E-04   9.0437E-05 / 1.0625E-04   
1500   1.000E-03   8.8971E-05   1.0532E-04   8.8863E-05 / 1.0523E-04   
1510   1.000E-03   8.8205E-05   1.0343E-04   8.8038E-05 / 1.0328E-04   
1520   1.000E-03   8.7128E-05   1.0445E-04   8.7008E-05 / 1.0435E-04   
1530   1.000E-03   8.7254E-05   1.0378E-04   8.7108E-05 / 1.0365E-04   
1540   1.000E-03   8.6790E-05   9.8517E-05   8.6684E-05 / 9.8437E-05   
1550   1.000E-03   8.5488E-05   1.0172E-04   8.5417E-05 / 1.0167E-04   
1560   1.000E-03   8.6654E-05   1.0437E-04   8.6513E-05 / 1.0427E-04   
1570   1.000E-03   8.4456E-05   1.0054E-04   8.4273E-05 / 1.0041E-04   
1580   1.000E-03   8.3523E-05   1.0123E-04   8.3395E-05 / 1.0115E-04   
1590   1.000E-03   8.3349E-05   9.9037E-05   8.3197E-05 / 9.8944E-05   
1600   1.000E-03   8.2375E-05   9.9096E-05   8.2275E-05 / 9.9042E-05   
1610   1.000E-03   8.1720E-05   9.6805E-05   8.1557E-05 / 9.6708E-05   
1620   1.000E-03   8.2084E-05   9.8488E-05   8.1948E-05 / 9.8411E-05   
1630   1.000E-03   8.1093E-05   9.8441E-05   8.0957E-05 / 9.8363E-05   
1640   1.000E-03   8.1228E-05   9.7106E-05   8.1095E-05 / 9.7027E-05   
1650   1.000E-03   7.9537E-05   9.5052E-05   7.9395E-05 / 9.4961E-05   
1660   1.000E-03   7.9707E-05   9.4312E-05   7.9546E-05 / 9.4202E-05   
1670   1.000E-03   7.8347E-05   9.3768E-05   7.8191E-05 / 9.3657E-05   
1680   1.000E-03   7.8240E-05   9.3676E-05   7.8114E-05 / 9.3581E-05   
1690   1.000E-03   7.7425E-05   9.1143E-05   7.7192E-05 / 9.0950E-05   
1700   1.000E-03   7.8097E-05   9.1845E-05   7.8001E-05 / 9.1763E-05   
1710   1.000E-03   7.6926E-05   9.2722E-05   7.6769E-05 / 9.2579E-05   
1720   1.000E-03   7.6201E-05   8.8859E-05   7.6122E-05 / 8.8783E-05   
1730   1.000E-03   7.5228E-05   9.0721E-05   7.5089E-05 / 9.0578E-05   
1740   1.000E-03   7.7363E-05   8.7470E-05   7.7238E-05 / 8.7337E-05   
1750   1.000E-03   7.5020E-05   9.1446E-05   7.4853E-05 / 9.1263E-05   
1760   1.000E-03   7.3818E-05   8.8865E-05   7.3723E-05 / 8.8751E-05   
1770   1.000E-03   7.3117E-05   8.8071E-05   7.2998E-05 / 8.7929E-05   
1780   1.000E-03   7.2651E-05   8.6456E-05   7.2531E-05 / 8.6308E-05   
1790   1.000E-03   7.9816E-05   9.1611E-05   7.9657E-05 / 9.1419E-05   
1800   1.000E-03   7.2237E-05   8.8599E-05   7.2082E-05 / 8.8407E-05   
1810   1.000E-03   7.1461E-05   8.5115E-05   7.1317E-05 / 8.4931E-05   
1820   1.000E-03   7.2568E-05   8.6592E-05   7.2496E-05 / 8.6489E-05   
1830   1.000E-03   7.0382E-05   8.4160E-05   7.0146E-05 / 8.3870E-05   
1840   1.000E-03   7.1953E-05   8.3768E-05   7.1816E-05 / 8.3586E-05   
1850   1.000E-03   7.1370E-05   8.5963E-05   7.1205E-05 / 8.5748E-05   
1860   1.000E-03   6.8940E-05   8.3901E-05   6.8813E-05 / 8.3728E-05   
1870   1.000E-03   6.9021E-05   8.3763E-05   6.8879E-05 / 8.3573E-05   
1880   1.000E-03   6.8839E-05   8.2994E-05   6.8734E-05 / 8.2848E-05   
1890   1.000E-03   6.8451E-05   8.2196E-05   6.8333E-05 / 8.2035E-05   
1900   1.000E-03   6.8761E-05   8.4532E-05   6.8623E-05 / 8.4349E-05   
1910   1.000E-03   6.8039E-05   8.4225E-05   6.7826E-05 / 8.3959E-05   
1920   1.000E-03   6.7300E-05   8.0264E-05   6.7186E-05 / 8.0110E-05   
1930   1.000E-03   6.7173E-05   8.1829E-05   6.7018E-05 / 8.1630E-05   
1940   1.000E-03   6.6037E-05   8.1864E-05   6.5859E-05 / 8.1641E-05   
1950   1.000E-03   6.6495E-05   7.9781E-05   6.6307E-05 / 7.9550E-05   
1960   1.000E-03   6.6618E-05   7.9744E-05   6.6431E-05 / 7.9517E-05   
1970   1.000E-03   6.5092E-05   7.8970E-05   6.4841E-05 / 7.8675E-05   
1980   1.000E-03   6.5852E-05   8.2855E-05   6.5672E-05 / 8.2640E-05   
1990   1.000E-03   6.6306E-05   8.2216E-05   6.6146E-05 / 8.2026E-05   
2000   1.000E-03   6.4878E-05   8.1441E-05   6.4732E-05 / 8.1269E-05   
2010   1.000E-03   6.4592E-05   7.7356E-05   6.4360E-05 / 7.7094E-05   
2020   1.000E-03   6.3312E-05   7.7382E-05   6.3130E-05 / 7.7178E-05   
2030   1.000E-03   6.3542E-05   7.7688E-05   6.3283E-05 / 7.7406E-05   
2040   1.000E-03   6.2930E-05   7.7613E-05   6.2725E-05 / 7.7392E-05   
2050   1.000E-03   6.3177E-05   7.5681E-05   6.3040E-05 / 7.5537E-05   
2060   1.000E-03   6.4861E-05   8.0032E-05   6.4736E-05 / 7.9905E-05   
2070   1.000E-03   6.2360E-05   7.5710E-05   6.2100E-05 / 7.5447E-05   
2080   1.000E-03   6.3045E-05   7.7650E-05   6.2835E-05 / 7.7444E-05   
2090   1.000E-03   6.1566E-05   7.6264E-05   6.1247E-05 / 7.5957E-05   
2100   1.000E-03   6.2750E-05   7.7520E-05   6.2477E-05 / 7.7261E-05   
2110   1.000E-03   6.2068E-05   7.7529E-05   6.1865E-05 / 7.7342E-05   
2120   1.000E-03   6.0535E-05   7.4452E-05   6.0453E-05 / 7.4386E-05   
2130   1.000E-03   5.9838E-05   7.3288E-05   5.9617E-05 / 7.3094E-05   
2140   1.000E-03   5.9477E-05   7.3950E-05   5.9279E-05 / 7.3782E-05   
2150   1.000E-03   5.9487E-05   7.2233E-05   5.9341E-05 / 7.2118E-05   
2160   1.000E-03   5.9154E-05   7.2786E-05   5.8907E-05 / 7.2582E-05   
2170   1.000E-03   5.8744E-05   7.4471E-05   5.8588E-05 / 7.4353E-05   
2180   1.000E-03   5.9092E-05   7.6239E-05   5.8878E-05 / 7.6073E-05   
2190   1.000E-03   5.8660E-05   7.4563E-05   5.8575E-05 / 7.4510E-05   
2200   1.000E-03   5.9199E-05   7.3730E-05   5.9056E-05 / 7.3633E-05   
2210   1.000E-03   5.7985E-05   7.2213E-05   5.7855E-05 / 7.2130E-05   
2220   1.000E-03   5.7646E-05   7.0605E-05   5.7470E-05 / 7.0485E-05   
2230   1.000E-03   5.9503E-05   7.4828E-05   5.9315E-05 / 7.4700E-05   
2240   1.000E-03   5.8679E-05   7.3970E-05   5.8477E-05 / 7.3830E-05   
2250   1.000E-03   5.6491E-05   7.1942E-05   5.6300E-05 / 7.1813E-05   
2260   1.000E-03   5.7459E-05   7.5098E-05   5.7324E-05 / 7.5019E-05   
2270   1.000E-03   5.6342E-05   7.0633E-05   5.6078E-05 / 7.0434E-05   
2280   1.000E-03   5.6139E-05   6.9863E-05   5.5983E-05 / 6.9765E-05   
2290   1.000E-03   5.5853E-05   6.8589E-05   5.5638E-05 / 6.8438E-05   
2300   1.000E-03   5.5613E-05   7.1635E-05   5.5390E-05 / 7.1476E-05   
2310   1.000E-03   5.5583E-05   7.1555E-05   5.5452E-05 / 7.1474E-05   
2320   1.000E-03   5.5368E-05   6.7210E-05   5.5131E-05 / 6.7036E-05   
2330   1.000E-03   5.7283E-05   6.8011E-05   5.7031E-05 / 6.7821E-05   
2340   1.000E-03   5.4126E-05   6.9183E-05   5.3885E-05 / 6.9000E-05   
2350   1.000E-03   5.4511E-05   6.8042E-05   5.4298E-05 / 6.7884E-05   
2360   1.000E-03   5.3679E-05   6.8816E-05   5.3408E-05 / 6.8600E-05   
2370   1.000E-03   5.6863E-05   7.4402E-05   5.6642E-05 / 7.4230E-05   
2380   1.000E-03   5.3573E-05   6.9987E-05   5.3389E-05 / 6.9848E-05   
2390   1.000E-03   5.3139E-05   6.9197E-05   5.3028E-05 / 6.9116E-05   
2400   1.000E-03   5.3465E-05   7.0540E-05   5.3324E-05 / 7.0431E-05   
2410   1.000E-03   5.3887E-05   6.9093E-05   5.3703E-05 / 6.8943E-05   
2420   1.000E-03   5.5857E-05   7.0770E-05   5.5567E-05 / 7.0518E-05   
2430   1.000E-03   5.2920E-05   6.7018E-05   5.2790E-05 / 6.6908E-05   
2440   1.000E-03   5.3563E-05   6.6685E-05   5.3311E-05 / 6.6463E-05   
2450   1.000E-03   5.2016E-05   6.8762E-05   5.1878E-05 / 6.8637E-05   
2460   1.000E-03   5.1989E-05   6.4972E-05   5.1693E-05 / 6.4700E-05   
2470   1.000E-03   5.1856E-05   6.5220E-05   5.1664E-05 / 6.5040E-05   
2480   1.000E-03   5.6578E-05   7.8093E-05   5.6446E-05 / 7.7966E-05   
2490   1.000E-03   5.1592E-05   6.7360E-05   5.1487E-05 / 6.7254E-05   
2500   1.000E-03   5.0617E-05   6.5062E-05   5.0487E-05 / 6.4929E-05   
2510   1.000E-03   5.1535E-05   6.9740E-05   5.1340E-05 / 6.9542E-05   
2520   1.000E-03   5.0195E-05   6.5679E-05   4.9950E-05 / 6.5430E-05   
2530   1.000E-03   5.0053E-05   6.5794E-05   4.9990E-05 / 6.5725E-05   
2540   1.000E-03   5.0513E-05   6.6681E-05   5.0320E-05 / 6.6475E-05   
2550   1.000E-03   5.2390E-05   7.0943E-05   5.2233E-05 / 7.0769E-05   
2560   1.000E-03   4.9809E-05   6.6131E-05   4.9738E-05 / 6.6049E-05   
2570   1.000E-03   5.0779E-05   6.9114E-05   5.0611E-05 / 6.8923E-05   
2580   1.000E-03   4.9521E-05   6.4877E-05   4.9323E-05 / 6.4654E-05   
2590   1.000E-03   4.9399E-05   6.3876E-05   4.9279E-05 / 6.3730E-05   
2600   1.000E-03   4.9648E-05   6.4869E-05   4.9491E-05 / 6.4683E-05   
2610   1.000E-03   4.9229E-05   6.4677E-05   4.9009E-05 / 6.4425E-05   
2620   1.000E-03   4.9920E-05   6.7887E-05   4.9778E-05 / 6.7714E-05   
2630   1.000E-03   4.9271E-05   6.6108E-05   4.9027E-05 / 6.5827E-05   
2640   1.000E-03   4.9701E-05   6.5250E-05   4.9548E-05 / 6.5062E-05   
2650   1.000E-03   4.9962E-05   6.4180E-05   4.9753E-05 / 6.3932E-05   
2660   1.000E-03   4.8830E-05   6.6047E-05   4.8736E-05 / 6.5921E-05   
2670   1.000E-03   5.1837E-05   6.8119E-05   5.1642E-05 / 6.7884E-05   
2680   1.000E-03   4.7471E-05   6.4038E-05   4.7248E-05 / 6.3774E-05   
2690   1.000E-03   4.7444E-05   6.3773E-05   4.7323E-05 / 6.3621E-05   
2700   1.000E-03   4.6955E-05   6.2275E-05   4.6748E-05 / 6.2025E-05   
2710   1.000E-03   4.9881E-05   6.8518E-05   4.9705E-05 / 6.8301E-05   
2720   1.000E-03   4.8686E-05   6.2720E-05   4.8462E-05 / 6.2452E-05   
2730   1.000E-03   4.6634E-05   6.3631E-05   4.6491E-05 / 6.3449E-05   
2740   1.000E-03   4.6835E-05   6.1923E-05   4.6601E-05 / 6.1642E-05   
2750   1.000E-03   4.6859E-05   6.3947E-05   4.6505E-05 / 6.3546E-05   
2760   1.000E-03   5.0108E-05   6.2401E-05   4.9932E-05 / 6.2183E-05   
2770   1.000E-03   4.7225E-05   6.4207E-05   4.6874E-05 / 6.3808E-05   
2780   1.000E-03   4.7979E-05   6.8490E-05   4.7784E-05 / 6.8252E-05   
2790   1.000E-03   4.5772E-05   6.2304E-05   4.5543E-05 / 6.2032E-05   
2800   1.000E-03   4.6858E-05   6.4016E-05   4.6712E-05 / 6.3834E-05   
2810   1.000E-03   4.7084E-05   6.1243E-05   4.6813E-05 / 6.0928E-05   
2820   1.000E-03   4.6671E-05   6.2444E-05   4.6475E-05 / 6.2211E-05   
2830   1.000E-03   4.6339E-05   6.3920E-05   4.6174E-05 / 6.3722E-05   
2840   1.000E-03   4.5296E-05   6.2413E-05   4.5107E-05 / 6.2187E-05   
2850   1.000E-03   4.5167E-05   6.3550E-05   4.4971E-05 / 6.3317E-05   
2860   1.000E-03   4.5330E-05   6.2690E-05   4.5190E-05 / 6.2524E-05   
2870   1.000E-03   4.4720E-05   5.9310E-05   4.4506E-05 / 5.9061E-05   
2880   1.000E-03   4.4617E-05   5.9174E-05   4.4395E-05 / 5.8917E-05   
2890   1.000E-03   4.4489E-05   5.9994E-05   4.4275E-05 / 5.9747E-05   
2900   1.000E-03   4.4424E-05   5.9121E-05   4.4183E-05 / 5.8847E-05   
2910   1.000E-03   4.7892E-05   6.1089E-05   4.7671E-05 / 6.0840E-05   
2920   1.000E-03   4.4279E-05   5.8722E-05   4.4101E-05 / 5.8521E-05   
2930   1.000E-03   4.3752E-05   6.0055E-05   4.3458E-05 / 5.9735E-05   
2940   1.000E-03   4.4152E-05   5.9931E-05   4.3980E-05 / 5.9739E-05   
2950   1.000E-03   4.5339E-05   6.3773E-05   4.5197E-05 / 6.3612E-05   
2960   1.000E-03   4.3246E-05   5.8077E-05   4.2947E-05 / 5.7757E-05   
2970   1.000E-03   4.4255E-05   5.8788E-05   4.3983E-05 / 5.8498E-05   
2980   1.000E-03   4.3496E-05   5.7992E-05   4.3174E-05 / 5.7655E-05   
2990   1.000E-03   4.5820E-05   5.8764E-05   4.5581E-05 / 5.8510E-05   
3000   1.000E-03   4.3833E-05   5.9347E-05   4.3504E-05 / 5.9008E-05   
3010   1.000E-03   4.2719E-05   5.8575E-05   4.2519E-05 / 5.8368E-05   
3020   1.000E-03   4.3634E-05   5.9829E-05   4.3353E-05 / 5.9542E-05   
3030   1.000E-03   4.3700E-05   6.1849E-05   4.3360E-05 / 6.1508E-05   
3040   1.000E-03   4.2134E-05   5.7389E-05   4.1907E-05 / 5.7160E-05   
3050   1.000E-03   4.4064E-05   5.8853E-05   4.3824E-05 / 5.8627E-05   
3060   1.000E-03   4.3883E-05   6.2265E-05   4.3646E-05 / 6.2036E-05   
3070   1.000E-03   4.2735E-05   5.7094E-05   4.2587E-05 / 5.6950E-05   
3080   1.000E-03   4.1918E-05   5.8370E-05   4.1778E-05 / 5.8238E-05   
3090   1.000E-03   4.2977E-05   5.5951E-05   4.2697E-05 / 5.5682E-05   
3100   1.000E-03   4.1703E-05   5.6701E-05   4.1572E-05 / 5.6581E-05   
3110   1.000E-03   4.2019E-05   5.9500E-05   4.1742E-05 / 5.9239E-05   
3120   1.000E-03   4.2776E-05   5.7702E-05   4.2607E-05 / 5.7550E-05   
3130   1.000E-03   4.1910E-05   6.1117E-05   4.1753E-05 / 6.0979E-05   
3140   1.000E-03   4.1783E-05   5.9989E-05   4.1513E-05 / 5.9744E-05   
3150   1.000E-03   4.2753E-05   6.0892E-05   4.2445E-05 / 6.0611E-05   
3160   1.000E-03   4.1541E-05   5.7220E-05   4.1258E-05 / 5.6967E-05   
3170   1.000E-03   4.0604E-05   5.5455E-05   4.0326E-05 / 5.5209E-05   
3180   1.000E-03   4.4373E-05   6.2861E-05   4.4045E-05 / 6.2566E-05   
3190   1.000E-03   4.0772E-05   5.7160E-05   4.0508E-05 / 5.6930E-05   
3200   1.000E-03   4.2257E-05   5.6276E-05   4.1872E-05 / 5.5928E-05   
3210   1.000E-03   4.0918E-05   5.4862E-05   4.0690E-05 / 5.4670E-05   
3220   1.000E-03   4.0662E-05   5.6156E-05   4.0404E-05 / 5.5940E-05   
3230   1.000E-03   4.1128E-05   5.5230E-05   4.0949E-05 / 5.5096E-05   
3240   1.000E-03   4.1703E-05   5.7003E-05   4.1615E-05 / 5.6946E-05   
3250   1.000E-03   4.0236E-05   5.5886E-05   3.9821E-05 / 5.5517E-05   
3260   1.000E-03   4.0188E-05   5.3357E-05   3.9860E-05 / 5.3074E-05   
3270   1.000E-03   4.3826E-05   5.9880E-05   4.3612E-05 / 5.9719E-05   
3280   1.000E-03   3.9757E-05   5.7858E-05   3.9376E-05 / 5.7525E-05   
3290   1.000E-03   4.0283E-05   5.4698E-05   4.0019E-05 / 5.4483E-05   
3300   1.000E-03   4.0260E-05   5.7231E-05   4.0009E-05 / 5.7034E-05   
3310   1.000E-03   5.7227E-05   7.1951E-05   5.6999E-05 / 7.1773E-05   
3320   1.000E-03   4.0676E-05   5.5843E-05   4.0472E-05 / 5.5689E-05   
3330   1.000E-03   3.9465E-05   5.4499E-05   3.9225E-05 / 5.4312E-05   
3340   1.000E-03   3.9130E-05   5.4951E-05   3.8891E-05 / 5.4766E-05   
3350   1.000E-03   4.5225E-05   5.7411E-05   4.5069E-05 / 5.7304E-05   
3360   1.000E-03   3.9196E-05   5.7235E-05   3.8884E-05 / 5.6976E-05   
3370   1.000E-03   3.9274E-05   5.4312E-05   3.9082E-05 / 5.4171E-05   
3380   1.000E-03   4.1589E-05   5.5475E-05   4.1408E-05 / 5.5346E-05   
3390   1.000E-03   3.8523E-05   5.4528E-05   3.8289E-05 / 5.4354E-05   
3400   1.000E-03   3.8856E-05   5.4884E-05   3.8552E-05 / 5.4638E-05   
3410   1.000E-03   3.9447E-05   5.6220E-05   3.9158E-05 / 5.5989E-05   
3420   1.000E-03   4.0084E-05   5.4992E-05   3.9756E-05 / 5.4719E-05   
3430   1.000E-03   3.8145E-05   5.4762E-05   3.7933E-05 / 5.4608E-05   
3440   1.000E-03   3.8556E-05   5.2632E-05   3.8275E-05 / 5.2408E-05   
3450   1.000E-03   3.8142E-05   5.5069E-05   3.7695E-05 / 5.4677E-05   
3460   1.000E-03   3.8591E-05   5.2276E-05   3.8408E-05 / 5.2152E-05   
3470   1.000E-03   3.7548E-05   5.3519E-05   3.7210E-05 / 5.3239E-05   
3480   1.000E-03   4.1125E-05   5.4898E-05   4.0858E-05 / 5.4691E-05   
3490   1.000E-03   3.8266E-05   5.6167E-05   3.7974E-05 / 5.5931E-05   
3500   1.000E-03   4.2343E-05   5.8199E-05   4.2010E-05 / 5.7926E-05   
3510   1.000E-03   4.0291E-05   5.5899E-05   4.0014E-05 / 5.5678E-05   
3520   1.000E-03   3.8640E-05   5.4905E-05   3.8431E-05 / 5.4755E-05   
3530   1.000E-03   3.8162E-05   5.4131E-05   3.7984E-05 / 5.4009E-05   
3540   1.000E-03   3.8219E-05   5.3975E-05   3.8098E-05 / 5.3908E-05   
3550   1.000E-03   3.7781E-05   5.4270E-05   3.7548E-05 / 5.4094E-05   
3560   1.000E-03   3.8998E-05   5.3414E-05   3.8754E-05 / 5.3229E-05   
3570   1.000E-03   4.0943E-05   5.0067E-05   4.0680E-05 / 4.9867E-05   
3580   1.000E-03   3.6934E-05   5.3541E-05   3.6712E-05 / 5.3373E-05   
3590   1.000E-03   4.4738E-05   6.0623E-05   4.4459E-05 / 6.0395E-05   
3600   1.000E-03   3.7853E-05   5.4720E-05   3.7536E-05 / 5.4455E-05   
3610   1.000E-03   4.1880E-05   5.7818E-05   4.1592E-05 / 5.7584E-05   
3620   1.000E-03   3.6525E-05   5.4104E-05   3.6157E-05 / 5.3785E-05   
3630   1.000E-03   3.6416E-05   5.2577E-05   3.6179E-05 / 5.2392E-05   
3640   1.000E-03   3.7475E-05   5.5451E-05   3.7317E-05 / 5.5341E-05   
3650   1.000E-03   3.7087E-05   5.5459E-05   3.6818E-05 / 5.5241E-05   
3660   1.000E-03   3.6468E-05   5.3897E-05   3.6248E-05 / 5.3729E-05   
3670   1.000E-03   3.8325E-05   5.5493E-05   3.8082E-05 / 5.5306E-05   
3680   1.000E-03   3.7563E-05   5.3174E-05   3.7318E-05 / 5.2978E-05   
3690   1.000E-03   3.6238E-05   5.3201E-05   3.6114E-05 / 5.3122E-05   
3700   1.000E-03   3.6838E-05   5.3917E-05   3.6637E-05 / 5.3762E-05   
3710   1.000E-03   3.7523E-05   5.5635E-05   3.7291E-05 / 5.5458E-05   
3720   1.000E-03   3.5550E-05   5.1711E-05   3.5269E-05 / 5.1474E-05   
3730   1.000E-03   3.6827E-05   5.1510E-05   3.6511E-05 / 5.1239E-05   
3740   1.000E-03   3.9598E-05   5.4513E-05   3.9334E-05 / 5.4296E-05   
3750   1.000E-03   3.5983E-05   5.3490E-05   3.5627E-05 / 5.3180E-05   
3760   1.000E-03   3.6054E-05   5.1869E-05   3.5842E-05 / 5.1702E-05   
3770   1.000E-03   3.5864E-05   5.2726E-05   3.5718E-05 / 5.2618E-05   
3780   1.000E-03   3.5520E-05   5.2794E-05   3.5222E-05 / 5.2533E-05   
3790   1.000E-03   3.5635E-05   5.2403E-05   3.5408E-05 / 5.2214E-05   
3800   1.000E-03   3.4829E-05   5.1957E-05   3.4504E-05 / 5.1669E-05   
3810   1.000E-03   3.5612E-05   5.2055E-05   3.5190E-05 / 5.1661E-05   
3820   1.000E-03   3.5362E-05   4.8921E-05   3.5206E-05 / 4.8800E-05   
3830   1.000E-03   3.5371E-05   5.1156E-05   3.5107E-05 / 5.0928E-05   
3840   1.000E-03   3.5164E-05   5.0661E-05   3.5021E-05 / 5.0553E-05   
3850   1.000E-03   3.4565E-05   5.1385E-05   3.4372E-05 / 5.1225E-05   
3860   1.000E-03   3.5898E-05   5.4402E-05   3.5706E-05 / 5.4241E-05   
3870   1.000E-03   3.4712E-05   5.1951E-05   3.4392E-05 / 5.1663E-05   
3880   1.000E-03   3.5800E-05   5.1465E-05   3.5563E-05 / 5.1262E-05   
3890   1.000E-03   3.5006E-05   5.0245E-05   3.4922E-05 / 5.0186E-05   
3900   1.000E-03   3.4128E-05   4.9860E-05   3.3820E-05 / 4.9581E-05   
3910   1.000E-03   3.4111E-05   4.9931E-05   3.3799E-05 / 4.9647E-05   
3920   1.000E-03   3.4514E-05   5.1197E-05   3.4302E-05 / 5.1015E-05   
3930   1.000E-03   3.3843E-05   5.1295E-05   3.3744E-05 / 5.1222E-05   
3940   1.000E-03   3.4983E-05   5.1845E-05   3.4724E-05 / 5.1613E-05   
3950   1.000E-03   4.1287E-05   5.8224E-05   4.1041E-05 / 5.8013E-05   
3960   1.000E-03   3.4578E-05   5.0579E-05   3.4359E-05 / 5.0387E-05   
3970   1.000E-03   3.3679E-05   4.9155E-05   3.3545E-05 / 4.9044E-05   
3980   1.000E-03   3.3957E-05   5.1255E-05   3.3678E-05 / 5.1004E-05   
3990   1.000E-03   3.4220E-05   5.0694E-05   3.4002E-05 / 5.0501E-05   
4000   1.000E-03   3.4132E-05   5.1070E-05   3.3860E-05 / 5.0821E-05   
4010   1.000E-03   3.3139E-05   5.0713E-05   3.2958E-05 / 5.0555E-05   
4020   1.000E-03   3.3408E-05   5.0560E-05   3.3126E-05 / 5.0299E-05   
4030   1.000E-03   3.3716E-05   4.8124E-05   3.3563E-05 / 4.7989E-05   
4040   1.000E-03   3.3145E-05   4.8216E-05   3.2817E-05 / 4.7913E-05   
4050   1.000E-03   3.4242E-05   5.1403E-05   3.3982E-05 / 5.1160E-05   
4060   1.000E-03   3.2880E-05   4.9966E-05   3.2698E-05 / 4.9799E-05   
4070   1.000E-03   3.5085E-05   5.0506E-05   3.4859E-05 / 5.0296E-05   
4080   1.000E-03   3.3378E-05   5.0354E-05   3.3179E-05 / 5.0173E-05   
4090   1.000E-03   3.2723E-05   4.9936E-05   3.2545E-05 / 4.9777E-05   
4100   1.000E-03   3.4286E-05   5.3347E-05   3.4175E-05 / 5.3252E-05   
4110   1.000E-03   3.3217E-05   4.8266E-05   3.3021E-05 / 4.8086E-05   
4120   1.000E-03   3.3187E-05   4.9627E-05   3.2982E-05 / 4.9440E-05   
4130   1.000E-03   3.2718E-05   5.0470E-05   3.2537E-05 / 5.0305E-05   
4140   1.000E-03   3.2749E-05   4.9406E-05   3.2562E-05 / 4.9229E-05   
4150   1.000E-03   3.3995E-05   5.1341E-05   3.3838E-05 / 5.1194E-05   
4160   1.000E-03   3.2900E-05   5.1727E-05   3.2646E-05 / 5.1489E-05   
4170   1.000E-03   3.2092E-05   4.8278E-05   3.1993E-05 / 4.8189E-05   
4180   1.000E-03   3.2192E-05   4.7510E-05   3.1925E-05 / 4.7259E-05   
4190   1.000E-03   3.2737E-05   5.1021E-05   3.2493E-05 / 5.0788E-05   
4200   1.000E-03   3.2590E-05   4.7393E-05   3.2330E-05 / 4.7144E-05   
4210   1.000E-03   3.2650E-05   4.9161E-05   3.2452E-05 / 4.8976E-05   
4220   1.000E-03   3.7478E-05   5.3544E-05   3.7148E-05 / 5.3234E-05   
4230   1.000E-03   3.1514E-05   4.8843E-05   3.1314E-05 / 4.8649E-05   
4240   1.000E-03   3.2338E-05   4.9086E-05   3.2113E-05 / 4.8873E-05   
4250   1.000E-03   3.4835E-05   5.4983E-05   3.4514E-05 / 5.4678E-05   
4260   1.000E-03   3.1966E-05   5.0363E-05   3.1715E-05 / 5.0127E-05   
4270   1.000E-03   3.2373E-05   4.9501E-05   3.2123E-05 / 4.9262E-05   
4280   1.000E-03   3.1352E-05   4.9116E-05   3.1133E-05 / 4.8903E-05   
4290   1.000E-03   3.3738E-05   5.2403E-05   3.3478E-05 / 5.2147E-05   
4300   1.000E-03   3.3301E-05   4.9284E-05   3.3123E-05 / 4.9112E-05   
4310   1.000E-03   3.2094E-05   4.6171E-05   3.1877E-05 / 4.5956E-05   
4320   1.000E-03   3.0866E-05   4.7004E-05   3.0765E-05 / 4.6916E-05   
4330   1.000E-03   3.1385E-05   5.1441E-05   3.1257E-05 / 5.1322E-05   
4340   1.000E-03   3.0953E-05   4.6469E-05   3.0782E-05 / 4.6305E-05   
4350   1.000E-03   3.0895E-05   4.5767E-05   3.0731E-05 / 4.5606E-05   
4360   1.000E-03   3.2721E-05   5.0662E-05   3.2590E-05 / 5.0536E-05   
4370   1.000E-03   3.1575E-05   4.5477E-05   3.1362E-05 / 4.5271E-05   
4380   1.000E-03   3.1085E-05   4.9667E-05   3.0889E-05 / 4.9473E-05   
4390   1.000E-03   3.0558E-05   4.5931E-05   3.0340E-05 / 4.5715E-05   
4400   1.000E-03   3.0308E-05   4.7578E-05   3.0173E-05 / 4.7442E-05   
4410   1.000E-03   3.0529E-05   4.5724E-05   3.0418E-05 / 4.5612E-05   
4420   1.000E-03   3.0807E-05   4.7260E-05   3.0571E-05 / 4.7025E-05   
4430   1.000E-03   3.2213E-05   4.9824E-05   3.2016E-05 / 4.9626E-05   
4440   1.000E-03   3.0564E-05   4.8971E-05   3.0364E-05 / 4.8775E-05   
4450   1.000E-03   3.3575E-05   5.3192E-05   3.3334E-05 / 5.2954E-05   
4460   1.000E-03   3.0160E-05   4.6290E-05   3.0027E-05 / 4.6161E-05   
4470   1.000E-03   3.1171E-05   4.8713E-05   3.0922E-05 / 4.8470E-05   
4480   1.000E-03   3.0792E-05   4.6838E-05   3.0647E-05 / 4.6695E-05   
4490   1.000E-03   3.2580E-05   5.0750E-05   3.2473E-05 / 5.0640E-05   
4500   1.000E-03   3.0478E-05   4.8491E-05   3.0281E-05 / 4.8292E-05   
4510   1.000E-03   2.9883E-05   4.5978E-05   2.9713E-05 / 4.5810E-05   
4520   1.000E-03   2.9594E-05   4.8029E-05   2.9416E-05 / 4.7854E-05   
4530   1.000E-03   2.9150E-05   4.5213E-05   2.9010E-05 / 4.5072E-05   
4540   1.000E-03   3.0112E-05   4.4608E-05   2.9904E-05 / 4.4408E-05   
4550   1.000E-03   2.9249E-05   4.6831E-05   2.9037E-05 / 4.6626E-05   
4560   1.000E-03   2.9464E-05   4.6290E-05   2.9153E-05 / 4.5996E-05   
4570   1.000E-03   2.9495E-05   4.5407E-05   2.9313E-05 / 4.5229E-05   
4580   1.000E-03   2.9164E-05   4.5295E-05   2.8867E-05 / 4.5015E-05   
4590   1.000E-03   2.8986E-05   4.7308E-05   2.8845E-05 / 4.7170E-05   
4600   1.000E-03   6.9451E-05   9.3915E-05   6.9183E-05 / 9.3663E-05   
4610   1.000E-03   2.8467E-05   4.4775E-05   2.8305E-05 / 4.4619E-05   
4620   1.000E-03   2.8366E-05   4.4730E-05   2.8263E-05 / 4.4629E-05   
4630   1.000E-03   2.8643E-05   4.5760E-05   2.8516E-05 / 4.5632E-05   
4640   1.000E-03   2.8534E-05   4.6022E-05   2.8300E-05 / 4.5802E-05   
4650   1.000E-03   2.8776E-05   4.6679E-05   2.8556E-05 / 4.6470E-05   
4660   1.000E-03   2.8554E-05   4.4823E-05   2.8393E-05 / 4.4670E-05   
4670   1.000E-03   2.9069E-05   4.6582E-05   2.8878E-05 / 4.6404E-05   
4680   1.000E-03   2.8076E-05   4.5957E-05   2.7879E-05 / 4.5775E-05   
4690   1.000E-03   3.1453E-05   5.1212E-05   3.1282E-05 / 5.1053E-05   
4700   1.000E-03   2.8527E-05   4.6074E-05   2.8314E-05 / 4.5878E-05   
4710   1.000E-03   2.8000E-05   4.4754E-05   2.7813E-05 / 4.4581E-05   
4720   1.000E-03   2.8371E-05   4.4120E-05   2.8234E-05 / 4.3996E-05   
4730   1.000E-03   2.8986E-05   4.6454E-05   2.8889E-05 / 4.6367E-05   
4740   1.000E-03   2.7470E-05   4.4659E-05   2.7358E-05 / 4.4555E-05   
4750   1.000E-03   2.9151E-05   4.3718E-05   2.8986E-05 / 4.3568E-05   
4760   1.000E-03   2.8684E-05   4.8837E-05   2.8454E-05 / 4.8630E-05   
4770   1.000E-03   2.7911E-05   4.3985E-05   2.7741E-05 / 4.3837E-05   
4780   1.000E-03   2.7694E-05   4.5946E-05   2.7483E-05 / 4.5760E-05   
4790   1.000E-03   2.8160E-05   4.6078E-05   2.7991E-05 / 4.5927E-05   
4800   1.000E-03   2.8588E-05   4.4564E-05   2.8469E-05 / 4.4465E-05   
4810   1.000E-03   2.7852E-05   4.3035E-05   2.7812E-05 / 4.3007E-05   
4820   1.000E-03   2.8522E-05   4.4950E-05   2.8384E-05 / 4.4833E-05   
4830   1.000E-03   2.7757E-05   4.5757E-05   2.7606E-05 / 4.5628E-05   
4840   1.000E-03   2.7607E-05   4.2267E-05   2.7426E-05 / 4.2110E-05   
4850   1.000E-03   2.6930E-05   4.4392E-05   2.6781E-05 / 4.4268E-05   
4860   1.000E-03   2.7410E-05   4.4674E-05   2.7253E-05 / 4.4543E-05   
4870   1.000E-03   2.7717E-05   4.2955E-05   2.7535E-05 / 4.2800E-05   
4880   1.000E-03   2.7525E-05   4.5898E-05   2.7495E-05 / 4.5883E-05   
4890   1.000E-03   2.6459E-05   4.4138E-05   2.6312E-05 / 4.4019E-05   
4900   1.000E-03   2.7210E-05   4.4018E-05   2.7051E-05 / 4.3888E-05   
4910   1.000E-03   2.6948E-05   4.3791E-05   2.6806E-05 / 4.3677E-05   
4920   1.000E-03   2.6461E-05   4.4209E-05   2.6372E-05 / 4.4148E-05   
4930   1.000E-03   2.6036E-05   4.3467E-05   2.5966E-05 / 4.3421E-05   
4940   1.000E-03   2.8610E-05   4.8507E-05   2.8537E-05 / 4.8460E-05   
4950   1.000E-03   2.6221E-05   4.2897E-05   2.6120E-05 / 4.2826E-05   
4960   1.000E-03   2.6764E-05   4.4263E-05   2.6586E-05 / 4.4117E-05   
4970   1.000E-03   2.5809E-05   4.4116E-05   2.5736E-05 / 4.4070E-05   
4980   1.000E-03   2.6084E-05   4.1684E-05   2.6006E-05 / 4.1634E-05   
4990   1.000E-03   2.6547E-05   4.6657E-05   2.6414E-05 / 4.6555E-05   
5000   1.000E-03   2.6599E-05   4.5157E-05   2.6429E-05 / 4.5020E-05   
5010   1.000E-03   2.5786E-05   4.1600E-05   2.5619E-05 / 4.1466E-05   
5020   1.000E-03   2.7782E-05   4.6270E-05   2.7720E-05 / 4.6236E-05   
5030   1.000E-03   2.6349E-05   4.4170E-05   2.6267E-05 / 4.4117E-05   
5040   1.000E-03   2.5844E-05   4.0687E-05   2.5734E-05 / 4.0607E-05   
5050   1.000E-03   2.6008E-05   4.2377E-05   2.5882E-05 / 4.2283E-05   
5060   1.000E-03   2.5742E-05   4.4236E-05   2.5634E-05 / 4.4158E-05   
5070   1.000E-03   2.5370E-05   4.0547E-05   2.5242E-05 / 4.0451E-05   
5080   1.000E-03   2.5676E-05   4.3633E-05   2.5601E-05 / 4.3586E-05   
5090   1.000E-03   2.6344E-05   4.0995E-05   2.6246E-05 / 4.0927E-05   
5100   1.000E-03   2.5814E-05   4.2886E-05   2.5709E-05 / 4.2811E-05   
5110   1.000E-03   2.5981E-05   4.6187E-05   2.5823E-05 / 4.6060E-05   
5120   1.000E-03   2.6403E-05   4.4529E-05   2.6284E-05 / 4.4439E-05   
5130   1.000E-03   2.5313E-05   4.3692E-05   2.5193E-05 / 4.3600E-05   
5140   1.000E-03   2.4893E-05   4.3036E-05   2.4837E-05 / 4.3002E-05   
5150   1.000E-03   2.7726E-05   4.6253E-05   2.7646E-05 / 4.6197E-05   
5160   1.000E-03   2.4906E-05   4.1369E-05   2.4812E-05 / 4.1299E-05   
5170   1.000E-03   2.4919E-05   4.1759E-05   2.4828E-05 / 4.1692E-05   
5180   1.000E-03   2.6349E-05   4.3503E-05   2.6233E-05 / 4.3412E-05   
5190   1.000E-03   2.4545E-05   4.1608E-05   2.4442E-05 / 4.1527E-05   
5200   1.000E-03   2.5334E-05   4.4027E-05   2.5223E-05 / 4.3938E-05   
5210   1.000E-03   2.4772E-05   4.2342E-05   2.4719E-05 / 4.2303E-05   
5220   1.000E-03   2.5187E-05   4.5324E-05   2.5050E-05 / 4.5208E-05   
5230   1.000E-03   2.4259E-05   4.1844E-05   2.4175E-05 / 4.1776E-05   
5240   1.000E-03   2.5576E-05   4.2016E-05   2.5478E-05 / 4.1935E-05   
5250   1.000E-03   2.4664E-05   3.8815E-05   2.4514E-05 / 3.8681E-05   
5260   1.000E-03   2.9332E-05   5.1190E-05   2.9265E-05 / 5.1134E-05   
5270   1.000E-03   2.4010E-05   4.2379E-05   2.3928E-05 / 4.2309E-05   
5280   1.000E-03   2.4313E-05   4.1017E-05   2.4210E-05 / 4.0924E-05   
5290   1.000E-03   2.4615E-05   4.2656E-05   2.4520E-05 / 4.2571E-05   
5300   1.000E-03   2.4626E-05   4.0406E-05   2.4536E-05 / 4.0324E-05   
5310   1.000E-03   2.4362E-05   4.3101E-05   2.4259E-05 / 4.3004E-05   
5320   1.000E-03   2.4339E-05   4.1310E-05   2.4279E-05 / 4.1253E-05   
5330   1.000E-03   2.3799E-05   4.1341E-05   2.3716E-05 / 4.1260E-05   
5340   1.000E-03   2.4251E-05   3.9201E-05   2.4139E-05 / 3.9090E-05   
5350   1.000E-03   2.4445E-05   4.4559E-05   2.4304E-05 / 4.4418E-05   
5360   1.000E-03   2.4320E-05   4.2762E-05   2.4191E-05 / 4.2632E-05   
5370   1.000E-03   2.3964E-05   4.0578E-05   2.3884E-05 / 4.0494E-05   
5380   1.000E-03   2.5163E-05   4.1901E-05   2.5085E-05 / 4.1817E-05   
5390   1.000E-03   2.4139E-05   4.1830E-05   2.4057E-05 / 4.1741E-05   
5400   1.000E-03   2.3140E-05   4.0820E-05   2.3062E-05 / 4.0733E-05   
5410   1.000E-03   2.4475E-05   4.2296E-05   2.4339E-05 / 4.2151E-05   
5420   1.000E-03   2.5764E-05   4.5757E-05   2.5661E-05 / 4.5644E-05   
5430   1.000E-03   2.3317E-05   3.9962E-05   2.3200E-05 / 3.9834E-05   
5440   1.000E-03   2.3055E-05   4.0431E-05   2.2982E-05 / 4.0344E-05   
5450   1.000E-03   2.4235E-05   3.8813E-05   2.4163E-05 / 3.8727E-05   
5460   1.000E-03   2.3944E-05   3.8864E-05   2.3878E-05 / 3.8783E-05   
5470   1.000E-03   2.3360E-05   3.9151E-05   2.3316E-05 / 3.9092E-05   
5480   1.000E-03   2.3071E-05   4.0928E-05   2.2924E-05 / 4.0766E-05   
5490   1.000E-03   2.3526E-05   4.1320E-05   2.3462E-05 / 4.1239E-05   
5500   1.000E-03   2.4732E-05   3.8937E-05   2.4591E-05 / 3.8777E-05   
5510   1.000E-03   2.3052E-05   4.0017E-05   2.3035E-05 / 3.9988E-05   
5520   1.000E-03   2.3164E-05   4.1040E-05   2.3100E-05 / 4.0956E-05   
5530   1.000E-03   2.3400E-05   3.9625E-05   2.3377E-05 / 3.9587E-05   
5540   1.000E-03   2.3592E-05   4.2174E-05   2.3410E-05 / 4.1971E-05   
5550   1.000E-03   2.3872E-05   4.0326E-05   2.3822E-05 / 4.0254E-05   
5560   1.000E-03   2.3687E-05   4.0718E-05   2.3647E-05 / 4.0657E-05   
5570   1.000E-03   2.3068E-05   3.8338E-05   2.3012E-05 / 3.8258E-05   
5580   1.000E-03   2.3384E-05   4.2137E-05   2.3290E-05 / 4.2017E-05   
5590   1.000E-03   2.7254E-05   4.4636E-05   2.7147E-05 / 4.4502E-05   
5600   1.000E-03   2.2718E-05   4.0954E-05   2.2599E-05 / 4.0808E-05   
5610   1.000E-03   2.2952E-05   4.0620E-05   2.2881E-05 / 4.0523E-05   
5620   1.000E-03   2.3173E-05   4.3568E-05   2.3109E-05 / 4.3477E-05   
5630   1.000E-03   2.2841E-05   4.2027E-05   2.2735E-05 / 4.1894E-05   
5640   1.000E-03   2.2285E-05   3.9888E-05   2.2167E-05 / 3.9742E-05   
5650   1.000E-03   2.2934E-05   3.9915E-05   2.2864E-05 / 3.9817E-05   
5660   1.000E-03   2.3463E-05   4.5434E-05   2.3392E-05 / 4.5336E-05   
5670   1.000E-03   2.2043E-05   3.9278E-05   2.1947E-05 / 3.9152E-05   
5680   1.000E-03   2.3108E-05   3.9101E-05   2.3062E-05 / 3.9029E-05   
5690   1.000E-03   2.2391E-05   4.0368E-05   2.2292E-05 / 4.0239E-05   
5700   1.000E-03   2.2062E-05   4.0670E-05   2.2010E-05 / 4.0590E-05   
5710   1.000E-03   2.2508E-05   4.0317E-05   2.2434E-05 / 4.0215E-05   
5720   1.000E-03   2.9630E-05   4.8507E-05   2.9523E-05 / 4.8370E-05   
5730   1.000E-03   2.2454E-05   4.0125E-05   2.2375E-05 / 4.0016E-05   
5740   1.000E-03   2.4851E-05   4.3345E-05   2.4773E-05 / 4.3238E-05   
5750   1.000E-03   2.2212E-05   3.9397E-05   2.2131E-05 / 3.9285E-05   
5760   1.000E-03   2.2557E-05   4.1933E-05   2.2450E-05 / 4.1794E-05   
5770   1.000E-03   2.3481E-05   4.2891E-05   2.3452E-05 / 4.2841E-05   
5780   1.000E-03   2.2089E-05   4.0773E-05   2.2046E-05 / 4.0704E-05   
5790   1.000E-03   2.2356E-05   3.9830E-05   2.2278E-05 / 3.9722E-05   
5800   1.000E-03   2.1849E-05   3.9451E-05   2.1747E-05 / 3.9317E-05   
5810   1.000E-03   2.3322E-05   4.1575E-05   2.3275E-05 / 4.1503E-05   
5820   1.000E-03   2.5665E-05   4.2634E-05   2.5603E-05 / 4.2544E-05   
5830   1.000E-03   2.2109E-05   3.9534E-05   2.1988E-05 / 3.9381E-05   
5840   1.000E-03   2.2080E-05   4.1045E-05   2.2014E-05 / 4.0952E-05   
5850   1.000E-03   2.3958E-05   3.9657E-05   2.3913E-05 / 3.9588E-05   
5860   1.000E-03   2.2860E-05   3.9681E-05   2.2753E-05 / 3.9542E-05   
5870   1.000E-03   2.2027E-05   4.1429E-05   2.1944E-05 / 4.1315E-05   
5880   1.000E-03   2.1423E-05   4.0825E-05   2.1348E-05 / 4.0720E-05   
5890   1.000E-03   2.2009E-05   3.9715E-05   2.1953E-05 / 3.9633E-05   
5900   1.000E-03   2.2257E-05   3.7537E-05   2.2149E-05 / 3.7398E-05   
5910   1.000E-03   2.2812E-05   4.0210E-05   2.2761E-05 / 4.0136E-05   
5920   1.000E-03   2.1666E-05   3.9574E-05   2.1589E-05 / 3.9469E-05   
5930   1.000E-03   2.5341E-05   4.3079E-05   2.5260E-05 / 4.2969E-05   
5940   1.000E-03   2.3988E-05   3.9921E-05   2.3937E-05 / 3.9848E-05   
5950   1.000E-03   2.1109E-05   3.8861E-05   2.0992E-05 / 3.8714E-05   
5960   1.000E-03   2.1370E-05   4.0589E-05   2.1232E-05 / 4.0419E-05   
5970   1.000E-03   2.1096E-05   3.8164E-05   2.0997E-05 / 3.8036E-05   
5980   1.000E-03   2.1203E-05   3.9671E-05   2.1171E-05 / 3.9625E-05   
5990   1.000E-03   2.1277E-05   4.0186E-05   2.1205E-05 / 4.0090E-05   
6000   1.000E-03   2.0897E-05   3.8444E-05   2.0792E-05 / 3.8312E-05   
===============================================================================================================
Saved model to /home/nikki/kan/kanTBNN/models/multi_run/kan_experiment_13/kanTBNN-24Nov03_22:45:19.pickle
