========== Dataset info ==========
Dataset params: {'file': '/home/nikki/kan/data/turbulence_dataset_clean.csv', 'Cases': ['fp_1000', 'fp_1410', 'fp_2000', 'fp_2540', 'fp_3030', 'fp_3270', 'fp_3630', 'fp_3970', 'fp_4060'], 'val_set': ['fp_3030', 'fp_1410', 'fp_4060'], 'test_set': ['fp_3630'], 'data_loader': <class 'tbnn.dataloaders.aDataset'>}
Train/Valid/Test points: 760 / 468 / 168
Memorization?: False
Cluster training?: False
EPOCH     LR        TRAIN         VALID             MSE:T/V                  RL:T/V             %NR_t/%NR_v
===============================================================================================================
  1   4.812E-04   2.1708E-01   2.1217E-01   2.1708E-01 / 2.1217E-01   
 10   4.812E-04   1.4769E-01   1.4249E-01   1.4769E-01 / 1.4249E-01   
 20   4.812E-04   8.5519E-02   8.1473E-02   8.5519E-02 / 8.1473E-02   
 30   4.812E-04   4.7019E-02   4.4030E-02   4.7019E-02 / 4.4030E-02   
 40   4.812E-04   2.4484E-02   2.2595E-02   2.4484E-02 / 2.2595E-02   
 50   4.812E-04   1.4454E-02   1.3393E-02   1.4454E-02 / 1.3393E-02   
 60   4.812E-04   9.5488E-03   8.9051E-03   9.5488E-03 / 8.9051E-03   
 70   4.812E-04   7.0975E-03   6.7148E-03   7.0975E-03 / 6.7148E-03   
 80   4.812E-04   5.8659E-03   5.6353E-03   5.8659E-03 / 5.6353E-03   
 90   4.812E-04   5.1746E-03   5.0178E-03   5.1746E-03 / 5.0178E-03   
100   4.812E-04   4.7261E-03   4.6108E-03   4.7261E-03 / 4.6108E-03   
110   4.812E-04   4.3831E-03   4.3137E-03   4.3831E-03 / 4.3137E-03   
120   4.812E-04   4.0993E-03   4.0651E-03   4.0993E-03 / 4.0651E-03   
130   4.812E-04   3.8627E-03   3.8616E-03   3.8627E-03 / 3.8616E-03   
140   4.812E-04   3.6595E-03   3.6832E-03   3.6595E-03 / 3.6832E-03   
150   4.812E-04   3.4908E-03   3.5306E-03   3.4908E-03 / 3.5306E-03   
160   4.812E-04   3.3454E-03   3.3962E-03   3.3454E-03 / 3.3962E-03   
170   4.812E-04   3.2172E-03   3.2786E-03   3.2172E-03 / 3.2786E-03   
180   4.812E-04   3.1004E-03   3.1668E-03   3.1004E-03 / 3.1668E-03   
190   4.812E-04   2.9929E-03   3.0666E-03   2.9929E-03 / 3.0666E-03   
200   4.812E-04   2.8921E-03   2.9702E-03   2.8921E-03 / 2.9702E-03   
210   4.812E-04   2.7967E-03   2.8780E-03   2.7967E-03 / 2.8780E-03   
220   4.812E-04   2.7080E-03   2.7956E-03   2.7080E-03 / 2.7956E-03   
230   4.812E-04   2.6253E-03   2.7183E-03   2.6253E-03 / 2.7183E-03   
240   4.812E-04   2.5479E-03   2.6479E-03   2.5479E-03 / 2.6479E-03   
250   4.812E-04   2.4737E-03   2.5788E-03   2.4737E-03 / 2.5788E-03   
260   4.812E-04   2.4028E-03   2.5131E-03   2.4028E-03 / 2.5131E-03   
270   4.812E-04   2.3341E-03   2.4464E-03   2.3341E-03 / 2.4464E-03   
280   4.812E-04   2.2678E-03   2.3834E-03   2.2678E-03 / 2.3834E-03   
290   4.812E-04   2.2036E-03   2.3244E-03   2.2036E-03 / 2.3244E-03   
300   4.812E-04   2.1413E-03   2.2632E-03   2.1413E-03 / 2.2632E-03   
310   4.812E-04   2.0803E-03   2.2043E-03   2.0803E-03 / 2.2043E-03   
320   4.812E-04   2.0214E-03   2.1502E-03   2.0214E-03 / 2.1502E-03   
330   4.812E-04   1.9629E-03   2.0963E-03   1.9629E-03 / 2.0963E-03   
340   4.812E-04   1.9020E-03   2.0367E-03   1.9020E-03 / 2.0367E-03   
350   4.812E-04   1.8411E-03   1.9814E-03   1.8411E-03 / 1.9814E-03   
360   4.812E-04   1.7808E-03   1.9242E-03   1.7808E-03 / 1.9242E-03   
370   4.812E-04   1.7234E-03   1.8714E-03   1.7234E-03 / 1.8714E-03   
380   4.812E-04   1.6665E-03   1.8203E-03   1.6665E-03 / 1.8203E-03   
390   4.812E-04   1.6111E-03   1.7725E-03   1.6111E-03 / 1.7725E-03   
400   4.812E-04   1.5569E-03   1.7270E-03   1.5569E-03 / 1.7270E-03   
410   4.812E-04   1.5089E-03   1.6890E-03   1.5089E-03 / 1.6890E-03   
420   4.812E-04   1.4653E-03   1.6481E-03   1.4653E-03 / 1.6481E-03   
430   4.812E-04   1.4230E-03   1.6168E-03   1.4230E-03 / 1.6168E-03   
440   4.812E-04   1.3840E-03   1.5887E-03   1.3840E-03 / 1.5887E-03   
450   4.812E-04   1.3451E-03   1.5607E-03   1.3451E-03 / 1.5607E-03   
460   4.812E-04   1.3061E-03   1.5317E-03   1.3061E-03 / 1.5317E-03   
470   4.812E-04   1.2690E-03   1.5081E-03   1.2690E-03 / 1.5081E-03   
480   4.812E-04   1.2313E-03   1.4834E-03   1.2313E-03 / 1.4834E-03   
490   4.812E-04   1.1935E-03   1.4607E-03   1.1935E-03 / 1.4607E-03   
500   4.812E-04   1.1568E-03   1.4385E-03   1.1568E-03 / 1.4385E-03   
510   4.812E-04   1.1203E-03   1.4204E-03   1.1203E-03 / 1.4204E-03   
520   4.812E-04   1.0841E-03   1.3959E-03   1.0841E-03 / 1.3959E-03   
530   4.812E-04   1.0491E-03   1.3787E-03   1.0491E-03 / 1.3787E-03   
540   4.812E-04   1.0138E-03   1.3602E-03   1.0138E-03 / 1.3602E-03   
550   4.812E-04   9.8050E-04   1.3296E-03   9.8050E-04 / 1.3296E-03   
560   4.812E-04   9.4565E-04   1.3165E-03   9.4565E-04 / 1.3165E-03   
570   4.812E-04   9.1249E-04   1.2906E-03   9.1249E-04 / 1.2906E-03   
580   4.812E-04   8.7907E-04   1.2719E-03   8.7907E-04 / 1.2719E-03   
590   4.812E-04   8.4702E-04   1.2599E-03   8.4702E-04 / 1.2599E-03   
600   4.812E-04   8.1616E-04   1.2424E-03   8.1616E-04 / 1.2424E-03   
610   4.812E-04   7.8753E-04   1.2223E-03   7.8753E-04 / 1.2223E-03   
620   4.812E-04   7.5743E-04   1.2068E-03   7.5743E-04 / 1.2068E-03   
630   4.812E-04   7.3043E-04   1.2074E-03   7.3043E-04 / 1.2074E-03   
640   4.812E-04   7.0372E-04   1.2083E-03   7.0372E-04 / 1.2083E-03   
650   4.812E-04   6.7925E-04   1.2023E-03   6.7925E-04 / 1.2023E-03   
660   4.812E-04   6.5708E-04   1.2143E-03   6.5708E-04 / 1.2143E-03   
670   4.812E-04   6.3353E-04   1.2127E-03   6.3353E-04 / 1.2127E-03   
680   4.812E-04   6.1371E-04   1.2207E-03   6.1371E-04 / 1.2207E-03   
690   4.812E-04   5.9412E-04   1.2330E-03   5.9412E-04 / 1.2330E-03   
700   4.812E-04   5.7661E-04   1.2500E-03   5.7660E-04 / 1.2499E-03   
710   4.812E-04   5.5958E-04   1.2579E-03   5.5953E-04 / 1.2578E-03   
720   4.812E-04   5.4397E-04   1.2660E-03   5.4383E-04 / 1.2657E-03   
730   4.812E-04   5.2911E-04   1.2772E-03   5.2886E-04 / 1.2769E-03   
740   4.812E-04   5.1696E-04   1.2932E-03   5.1659E-04 / 1.2928E-03   
750   4.812E-04   5.0531E-04   1.3093E-03   5.0484E-04 / 1.3089E-03   
760   4.812E-04   4.9345E-04   1.3260E-03   4.9288E-04 / 1.3255E-03   
770   4.812E-04   4.8178E-04   1.3487E-03   4.8110E-04 / 1.3481E-03   
780   4.812E-04   4.7337E-04   1.3565E-03   4.7266E-04 / 1.3558E-03   
790   4.812E-04   4.6403E-04   1.3926E-03   4.6338E-04 / 1.3920E-03   
800   4.812E-04   4.5423E-04   1.3943E-03   4.5362E-04 / 1.3936E-03   
810   4.812E-04   4.4530E-04   1.4049E-03   4.4464E-04 / 1.4042E-03   
820   4.812E-04   4.3703E-04   1.4308E-03   4.3635E-04 / 1.4300E-03   
830   4.812E-04   4.2887E-04   1.4453E-03   4.2821E-04 / 1.4445E-03   
840   4.812E-04   4.2247E-04   1.4639E-03   4.2178E-04 / 1.4631E-03   
850   4.812E-04   4.1396E-04   1.4522E-03   4.1317E-04 / 1.4513E-03   
860   4.812E-04   4.0632E-04   1.4686E-03   4.0571E-04 / 1.4680E-03   
870   4.812E-04   4.0007E-04   1.4608E-03   3.9933E-04 / 1.4600E-03   
880   4.812E-04   3.9370E-04   1.4744E-03   3.9303E-04 / 1.4737E-03   
890   4.812E-04   3.9076E-04   1.5287E-03   3.9009E-04 / 1.5280E-03   
900   4.812E-04   3.8066E-04   1.4994E-03   3.8008E-04 / 1.4988E-03   
910   4.812E-04   3.7311E-04   1.5154E-03   3.7248E-04 / 1.5149E-03   
BEST MODEL
===============================================================================================================
648   4.812E-04   6.8514E-04   1.1940E-03   6.8514E-04 / 1.1940E-03   
===============================================================================================================
Saved model to /home/nikki/kan/kanTBNN/models/multi_run/kan_experiment_47_opt/kanTBNN-24Nov06_03:21:31.pickle
