========== Dataset info ==========
Dataset params: {'file': '/home/nikki/kan/data/turbulence_dataset_clean.csv', 'Cases': ['case_0p5', 'case_0p8', 'case_1p0', 'case_1p2', 'case_1p5'], 'val_set': ['case_0p8'], 'test_set': ['case_1p2'], 'data_loader': <class 'tbnn.dataloaders.aDataset'>}
Train/Valid/Test points: 44253 / 14751 / 14751
Memorization?: False
Cluster training?: False
EPOCH     LR        TRAIN         VALID             MSE:T/V                  RL:T/V             %NR_t/%NR_v
===============================================================================================================
  1   9.611E-06   2.9828E-01   2.6623E-01   2.9828E-01 / 2.6623E-01   
 10   9.611E-06   1.3719E-01   1.1687E-01   1.3718E-01 / 1.1687E-01   
 20   9.611E-06   9.1283E-02   7.8535E-02   9.1283E-02 / 7.8535E-02   
 30   9.611E-06   8.0233E-02   6.9254E-02   8.0232E-02 / 6.9254E-02   
 40   9.611E-06   7.3450E-02   6.3309E-02   7.3449E-02 / 6.3309E-02   
 50   9.611E-06   6.8729E-02   5.9257E-02   6.8728E-02 / 5.9257E-02   
 60   9.611E-06   6.4921E-02   5.6042E-02   6.4918E-02 / 5.6042E-02   
 70   9.611E-06   6.1573E-02   5.3210E-02   6.1571E-02 / 5.3210E-02   
 80   9.611E-06   5.8584E-02   5.0714E-02   5.8582E-02 / 5.0714E-02   
 90   9.611E-06   5.5916E-02   4.8509E-02   5.5913E-02 / 4.8509E-02   
100   9.611E-06   5.3470E-02   4.6467E-02   5.3467E-02 / 4.6465E-02   
110   9.611E-06   5.1182E-02   4.4555E-02   5.1180E-02 / 4.4555E-02   
120   9.611E-06   4.9044E-02   4.2744E-02   4.9043E-02 / 4.2744E-02   
130   9.611E-06   4.7064E-02   4.1068E-02   4.7061E-02 / 4.1068E-02   
140   9.611E-06   4.5244E-02   3.9523E-02   4.5241E-02 / 3.9522E-02   
150   9.611E-06   4.3586E-02   3.8146E-02   4.3584E-02 / 3.8146E-02   
160   9.611E-06   4.2073E-02   3.6866E-02   4.2071E-02 / 3.6865E-02   
170   9.611E-06   4.0683E-02   3.5698E-02   4.0681E-02 / 3.5697E-02   
180   9.611E-06   3.9423E-02   3.4668E-02   3.9420E-02 / 3.4650E-02   
190   9.611E-06   3.8278E-02   3.3767E-02   3.8276E-02 / 3.3678E-02   
200   9.611E-06   3.7214E-02   3.2999E-02   3.7211E-02 / 3.2792E-02   
210   9.611E-06   3.6216E-02   3.2312E-02   3.6213E-02 / 3.2004E-02   
220   9.611E-06   3.5271E-02   3.1743E-02   3.5268E-02 / 3.1255E-02   
230   9.611E-06   3.4381E-02   3.1265E-02   3.4378E-02 / 3.0587E-02   
240   9.611E-06   3.3557E-02   3.0888E-02   3.3553E-02 / 3.0004E-02   
250   9.611E-06   3.2776E-02   3.0497E-02   3.2773E-02 / 2.9439E-02   
260   9.611E-06   3.2028E-02   3.0354E-02   3.2026E-02 / 2.8915E-02   
270   9.611E-06   3.1324E-02   3.0076E-02   3.1322E-02 / 2.8422E-02   
280   9.611E-06   3.0658E-02   2.9749E-02   3.0656E-02 / 2.7954E-02   
290   9.611E-06   3.0028E-02   2.9365E-02   3.0027E-02 / 2.7501E-02   
300   9.611E-06   2.9429E-02   2.9001E-02   2.9428E-02 / 2.7059E-02   
310   9.611E-06   2.8858E-02   2.8639E-02   2.8858E-02 / 2.6640E-02   
320   9.611E-06   2.8314E-02   2.8401E-02   2.8313E-02 / 2.6229E-02   
330   9.611E-06   2.7796E-02   2.8277E-02   2.7795E-02 / 2.5833E-02   
340   9.611E-06   2.7308E-02   2.8058E-02   2.7307E-02 / 2.5480E-02   
350   9.611E-06   2.6845E-02   2.7810E-02   2.6845E-02 / 2.5115E-02   
360   9.611E-06   2.6410E-02   2.7714E-02   2.6406E-02 / 2.4759E-02   
370   9.611E-06   2.6003E-02   2.7806E-02   2.5996E-02 / 2.4444E-02   
380   9.611E-06   2.5621E-02   2.7981E-02   2.5610E-02 / 2.4111E-02   
390   9.611E-06   2.5259E-02   2.8247E-02   2.5246E-02 / 2.3811E-02   
400   9.611E-06   2.4914E-02   2.8855E-02   2.4900E-02 / 2.3532E-02   
410   9.611E-06   2.4585E-02   2.9114E-02   2.4570E-02 / 2.3268E-02   
420   9.611E-06   2.4269E-02   2.9316E-02   2.4256E-02 / 2.2985E-02   
430   9.611E-06   2.3961E-02   3.0287E-02   2.3949E-02 / 2.2756E-02   
440   9.611E-06   2.3661E-02   3.0805E-02   2.3650E-02 / 2.2498E-02   
450   9.611E-06   2.3368E-02   3.1377E-02   2.3358E-02 / 2.2262E-02   
460   9.611E-06   2.3083E-02   3.1909E-02   2.3075E-02 / 2.2018E-02   
470   9.611E-06   2.2807E-02   3.2597E-02   2.2800E-02 / 2.1795E-02   
480   9.611E-06   2.2540E-02   3.3315E-02   2.2534E-02 / 2.1572E-02   
490   9.611E-06   2.2280E-02   3.4229E-02   2.2274E-02 / 2.1366E-02   
500   9.611E-06   2.2029E-02   3.4670E-02   2.2024E-02 / 2.1175E-02   
510   9.611E-06   2.1785E-02   3.4375E-02   2.1782E-02 / 2.0973E-02   
520   9.611E-06   2.1547E-02   3.4887E-02   2.1544E-02 / 2.0778E-02   
530   9.611E-06   2.1314E-02   3.4895E-02   2.1310E-02 / 2.0607E-02   
540   9.611E-06   2.1088E-02   3.5509E-02   2.1085E-02 / 2.0382E-02   
550   9.611E-06   2.0868E-02   3.5807E-02   2.0865E-02 / 2.0224E-02   
560   9.611E-06   2.0657E-02   3.6197E-02   2.0654E-02 / 2.0021E-02   
570   9.611E-06   2.0455E-02   3.7158E-02   2.0452E-02 / 1.9861E-02   
580   9.611E-06   2.0260E-02   3.7717E-02   2.0257E-02 / 1.9692E-02   
590   9.611E-06   2.0071E-02   3.8606E-02   2.0068E-02 / 1.9551E-02   
600   9.611E-06   1.9887E-02   3.8204E-02   1.9886E-02 / 1.9387E-02   
610   9.611E-06   1.9710E-02   3.7698E-02   1.9709E-02 / 1.9242E-02   
620   9.611E-06   1.9537E-02   3.8321E-02   1.9536E-02 / 1.9088E-02   
630   9.611E-06   1.9370E-02   3.8408E-02   1.9369E-02 / 1.8957E-02   
640   9.611E-06   1.9209E-02   3.8070E-02   1.9207E-02 / 1.8833E-02   
650   9.611E-06   1.9052E-02   3.7705E-02   1.9050E-02 / 1.8700E-02   
660   9.611E-06   1.8898E-02   3.7941E-02   1.8897E-02 / 1.8572E-02   
670   9.611E-06   1.8750E-02   3.7638E-02   1.8748E-02 / 1.8462E-02   
680   9.611E-06   1.8608E-02   3.7944E-02   1.8605E-02 / 1.8330E-02   
690   9.611E-06   1.8469E-02   3.7659E-02   1.8465E-02 / 1.8284E-02   
700   9.611E-06   1.8334E-02   3.6424E-02   1.8333E-02 / 1.8141E-02   
710   9.611E-06   1.8203E-02   3.6016E-02   1.8202E-02 / 1.8030E-02   
720   9.611E-06   1.8076E-02   3.6017E-02   1.8075E-02 / 1.7928E-02   
730   9.611E-06   1.7953E-02   3.6080E-02   1.7952E-02 / 1.7835E-02   
740   9.611E-06   1.7835E-02   3.6783E-02   1.7833E-02 / 1.7740E-02   
750   9.611E-06   1.7720E-02   3.6388E-02   1.7719E-02 / 1.7651E-02   
760   9.611E-06   1.7609E-02   3.6935E-02   1.7608E-02 / 1.7571E-02   
770   9.611E-06   1.7502E-02   3.7349E-02   1.7501E-02 / 1.7480E-02   
780   9.611E-06   1.7398E-02   3.7789E-02   1.7396E-02 / 1.7422E-02   
790   9.611E-06   1.7296E-02   3.7774E-02   1.7295E-02 / 1.7312E-02   
800   9.611E-06   1.7198E-02   3.8452E-02   1.7196E-02 / 1.7248E-02   
810   9.611E-06   1.7103E-02   3.7894E-02   1.7102E-02 / 1.7164E-02   
820   9.611E-06   1.7008E-02   3.9029E-02   1.7006E-02 / 1.7112E-02   
830   9.611E-06   1.6915E-02   3.8798E-02   1.6914E-02 / 1.7028E-02   
840   9.611E-06   1.6825E-02   3.9422E-02   1.6824E-02 / 1.6974E-02   
850   9.611E-06   1.6738E-02   3.9709E-02   1.6737E-02 / 1.6876E-02   
860   9.611E-06   1.6650E-02   4.0434E-02   1.6649E-02 / 1.6839E-02   
870   9.611E-06   1.6563E-02   4.0936E-02   1.6562E-02 / 1.6759E-02   
880   9.611E-06   1.6478E-02   4.1089E-02   1.6478E-02 / 1.6666E-02   
890   9.611E-06   1.6397E-02   4.1006E-02   1.6397E-02 / 1.6607E-02   
900   9.611E-06   1.6312E-02   4.1771E-02   1.6311E-02 / 1.6558E-02   
910   9.611E-06   1.6231E-02   4.2218E-02   1.6230E-02 / 1.6474E-02   
920   9.611E-06   1.6152E-02   4.3257E-02   1.6150E-02 / 1.6440E-02   
930   9.611E-06   1.6073E-02   4.3971E-02   1.6070E-02 / 1.6390E-02   
940   9.611E-06   1.5996E-02   4.4145E-02   1.5994E-02 / 1.6321E-02   
950   9.611E-06   1.5919E-02   4.3757E-02   1.5919E-02 / 1.6260E-02   
960   9.611E-06   1.5845E-02   4.4212E-02   1.5844E-02 / 1.6206E-02   
970   9.611E-06   1.5770E-02   4.5137E-02   1.5769E-02 / 1.6151E-02   
980   9.611E-06   1.5697E-02   4.5085E-02   1.5697E-02 / 1.6119E-02   
990   9.611E-06   1.5626E-02   4.5440E-02   1.5625E-02 / 1.6063E-02   
1000   9.611E-06   1.5555E-02   4.6292E-02   1.5554E-02 / 1.6021E-02   
1010   9.611E-06   1.5487E-02   4.6725E-02   1.5486E-02 / 1.5995E-02   
1020   9.611E-06   1.5418E-02   4.7337E-02   1.5416E-02 / 1.5943E-02   
1030   9.611E-06   1.5351E-02   4.7237E-02   1.5350E-02 / 1.5884E-02   
1040   9.611E-06   1.5288E-02   4.8301E-02   1.5287E-02 / 1.5822E-02   
1050   9.611E-06   1.5222E-02   4.8015E-02   1.5221E-02 / 1.5806E-02   
1060   9.611E-06   1.5159E-02   4.9324E-02   1.5157E-02 / 1.5766E-02   
1070   9.611E-06   1.5097E-02   4.8815E-02   1.5096E-02 / 1.5716E-02   
1080   9.611E-06   1.5035E-02   4.9587E-02   1.5034E-02 / 1.5696E-02   
1090   9.611E-06   1.4976E-02   5.0055E-02   1.4975E-02 / 1.5677E-02   
1100   9.611E-06   1.4917E-02   5.0123E-02   1.4917E-02 / 1.5650E-02   
1110   9.611E-06   1.4861E-02   5.0880E-02   1.4859E-02 / 1.5606E-02   
1120   9.611E-06   1.4804E-02   5.1335E-02   1.4803E-02 / 1.5592E-02   
1130   9.611E-06   1.4749E-02   5.1788E-02   1.4747E-02 / 1.5527E-02   
1140   9.611E-06   1.4696E-02   5.1118E-02   1.4695E-02 / 1.5488E-02   
1150   9.611E-06   1.4642E-02   5.2346E-02   1.4641E-02 / 1.5476E-02   
1160   9.611E-06   1.4589E-02   5.1204E-02   1.4589E-02 / 1.5431E-02   
1170   9.611E-06   1.4537E-02   5.2406E-02   1.4536E-02 / 1.5425E-02   
1180   9.611E-06   1.4487E-02   5.1672E-02   1.4486E-02 / 1.5377E-02   
1190   9.611E-06   1.4437E-02   5.2409E-02   1.4436E-02 / 1.5378E-02   
1200   9.611E-06   1.4386E-02   5.1839E-02   1.4385E-02 / 1.5331E-02   
1210   9.611E-06   1.4337E-02   5.2304E-02   1.4336E-02 / 1.5291E-02   
1220   9.611E-06   1.4290E-02   5.2784E-02   1.4288E-02 / 1.5304E-02   
1230   9.611E-06   1.4244E-02   5.1736E-02   1.4243E-02 / 1.5250E-02   
1240   9.611E-06   1.4196E-02   5.1969E-02   1.4195E-02 / 1.5217E-02   
1250   9.611E-06   1.4152E-02   5.1493E-02   1.4151E-02 / 1.5202E-02   
1260   9.611E-06   1.4107E-02   5.1453E-02   1.4106E-02 / 1.5164E-02   
1270   9.611E-06   1.4064E-02   5.0929E-02   1.4063E-02 / 1.5125E-02   
1280   9.611E-06   1.4020E-02   5.1014E-02   1.4019E-02 / 1.5114E-02   
1290   9.611E-06   1.3977E-02   5.2571E-02   1.3975E-02 / 1.5104E-02   
1300   9.611E-06   1.3935E-02   5.1255E-02   1.3934E-02 / 1.5057E-02   
1310   9.611E-06   1.3895E-02   5.0889E-02   1.3894E-02 / 1.5035E-02   
1320   9.611E-06   1.3853E-02   5.2840E-02   1.3851E-02 / 1.5030E-02   
1330   9.611E-06   1.3813E-02   5.2380E-02   1.3813E-02 / 1.5004E-02   
1340   9.611E-06   1.3775E-02   5.3487E-02   1.3772E-02 / 1.5011E-02   
1350   9.611E-06   1.3735E-02   5.2492E-02   1.3734E-02 / 1.4947E-02   
1360   9.611E-06   1.3697E-02   5.1544E-02   1.3697E-02 / 1.4929E-02   
1370   9.611E-06   1.3659E-02   5.2054E-02   1.3658E-02 / 1.4926E-02   
1380   9.611E-06   1.3621E-02   5.2217E-02   1.3620E-02 / 1.4894E-02   
1390   9.611E-06   1.3583E-02   5.3442E-02   1.3582E-02 / 1.4859E-02   
1400   9.611E-06   1.3547E-02   5.4029E-02   1.3546E-02 / 1.4864E-02   
1410   9.611E-06   1.3510E-02   5.3133E-02   1.3509E-02 / 1.4839E-02   
1420   9.611E-06   1.3475E-02   5.3668E-02   1.3474E-02 / 1.4829E-02   
1430   9.611E-06   1.3438E-02   5.4261E-02   1.3437E-02 / 1.4801E-02   
1440   9.611E-06   1.3403E-02   5.4855E-02   1.3402E-02 / 1.4785E-02   
1450   9.611E-06   1.3369E-02   5.4703E-02   1.3368E-02 / 1.4765E-02   
1460   9.611E-06   1.3336E-02   5.4428E-02   1.3335E-02 / 1.4737E-02   
1470   9.611E-06   1.3300E-02   5.4931E-02   1.3299E-02 / 1.4731E-02   
1480   9.611E-06   1.3267E-02   5.5721E-02   1.3266E-02 / 1.4731E-02   
1490   9.611E-06   1.3235E-02   5.6977E-02   1.3232E-02 / 1.4740E-02   
1500   9.611E-06   1.3202E-02   5.6825E-02   1.3200E-02 / 1.4700E-02   
1510   9.611E-06   1.3169E-02   5.6175E-02   1.3168E-02 / 1.4683E-02   
1520   9.611E-06   1.3140E-02   5.5138E-02   1.3140E-02 / 1.4659E-02   
1530   9.611E-06   1.3107E-02   5.6142E-02   1.3107E-02 / 1.4643E-02   
1540   9.611E-06   1.3076E-02   5.7942E-02   1.3073E-02 / 1.4684E-02   
1550   9.611E-06   1.3045E-02   5.8955E-02   1.3043E-02 / 1.4643E-02   
1560   9.611E-06   1.3014E-02   5.8432E-02   1.3013E-02 / 1.4623E-02   
1570   9.611E-06   1.2986E-02   5.7390E-02   1.2986E-02 / 1.4636E-02   
1580   9.611E-06   1.2954E-02   5.9133E-02   1.2953E-02 / 1.4600E-02   
1590   9.611E-06   1.2924E-02   5.9821E-02   1.2922E-02 / 1.4642E-02   
1600   9.611E-06   1.2895E-02   5.9720E-02   1.2894E-02 / 1.4575E-02   
1610   9.611E-06   1.2866E-02   5.9434E-02   1.2865E-02 / 1.4594E-02   
1620   9.611E-06   1.2838E-02   5.8291E-02   1.2837E-02 / 1.4564E-02   
1630   9.611E-06   1.2809E-02   6.1002E-02   1.2808E-02 / 1.4586E-02   
1640   9.611E-06   1.2780E-02   6.0631E-02   1.2779E-02 / 1.4574E-02   
1650   9.611E-06   1.2751E-02   6.0906E-02   1.2750E-02 / 1.4563E-02   
1660   9.611E-06   1.2725E-02   6.0138E-02   1.2724E-02 / 1.4567E-02   
1670   9.611E-06   1.2696E-02   6.1550E-02   1.2695E-02 / 1.4552E-02   
1680   9.611E-06   1.2669E-02   6.3276E-02   1.2666E-02 / 1.4554E-02   
1690   9.611E-06   1.2643E-02   6.1508E-02   1.2642E-02 / 1.4523E-02   
1700   9.611E-06   1.2617E-02   6.0468E-02   1.2616E-02 / 1.4511E-02   
1710   9.611E-06   1.2590E-02   6.0896E-02   1.2589E-02 / 1.4524E-02   
1720   9.611E-06   1.2564E-02   6.3125E-02   1.2562E-02 / 1.4525E-02   
1730   9.611E-06   1.2541E-02   6.3480E-02   1.2538E-02 / 1.4505E-02   
1740   9.611E-06   1.2516E-02   6.3333E-02   1.2514E-02 / 1.4543E-02   
1750   9.611E-06   1.2495E-02   6.3388E-02   1.2492E-02 / 1.4513E-02   
1760   9.611E-06   1.2468E-02   6.3546E-02   1.2466E-02 / 1.4525E-02   
1770   9.611E-06   1.2447E-02   6.3173E-02   1.2444E-02 / 1.4499E-02   
1780   9.611E-06   1.2424E-02   6.4717E-02   1.2421E-02 / 1.4537E-02   
1790   9.611E-06   1.2401E-02   6.5608E-02   1.2398E-02 / 1.4529E-02   
1800   9.611E-06   1.2379E-02   6.3475E-02   1.2376E-02 / 1.4508E-02   
1810   9.611E-06   1.2355E-02   6.4262E-02   1.2353E-02 / 1.4493E-02   
1820   9.611E-06   1.2332E-02   6.6184E-02   1.2330E-02 / 1.4491E-02   
1830   9.611E-06   1.2312E-02   6.8441E-02   1.2308E-02 / 1.4562E-02   
1840   9.611E-06   1.2287E-02   6.6159E-02   1.2286E-02 / 1.4514E-02   
1850   9.611E-06   1.2265E-02   6.7683E-02   1.2263E-02 / 1.4517E-02   
1860   9.611E-06   1.2243E-02   6.6081E-02   1.2242E-02 / 1.4483E-02   
1870   9.611E-06   1.2221E-02   6.7605E-02   1.2219E-02 / 1.4476E-02   
1880   9.611E-06   1.2199E-02   6.8994E-02   1.2198E-02 / 1.4489E-02   
1890   9.611E-06   1.2177E-02   6.9797E-02   1.2176E-02 / 1.4510E-02   
1900   9.611E-06   1.2156E-02   7.0253E-02   1.2154E-02 / 1.4482E-02   
1910   9.611E-06   1.2135E-02   7.0430E-02   1.2133E-02 / 1.4496E-02   
1920   9.611E-06   1.2114E-02   7.0846E-02   1.2112E-02 / 1.4504E-02   
1930   9.611E-06   1.2095E-02   7.0783E-02   1.2093E-02 / 1.4485E-02   
1940   9.611E-06   1.2072E-02   7.2252E-02   1.2070E-02 / 1.4491E-02   
1950   9.611E-06   1.2051E-02   7.1664E-02   1.2049E-02 / 1.4485E-02   
1960   9.611E-06   1.2032E-02   7.2806E-02   1.2029E-02 / 1.4489E-02   
1970   9.611E-06   1.2010E-02   7.3601E-02   1.2008E-02 / 1.4473E-02   
1980   9.611E-06   1.1990E-02   7.3616E-02   1.1988E-02 / 1.4463E-02   
1990   9.611E-06   1.1970E-02   7.3582E-02   1.1968E-02 / 1.4456E-02   
2000   9.611E-06   1.1951E-02   7.2424E-02   1.1949E-02 / 1.4449E-02   
2010   9.611E-06   1.1930E-02   7.4514E-02   1.1929E-02 / 1.4447E-02   
2020   9.611E-06   1.1911E-02   7.3521E-02   1.1909E-02 / 1.4446E-02   
2030   9.611E-06   1.1892E-02   7.4053E-02   1.1890E-02 / 1.4455E-02   
2040   9.611E-06   1.1872E-02   7.6157E-02   1.1871E-02 / 1.4433E-02   
2050   9.611E-06   1.1852E-02   7.7108E-02   1.1850E-02 / 1.4445E-02   
2060   9.611E-06   1.1834E-02   7.6619E-02   1.1832E-02 / 1.4404E-02   
2070   9.611E-06   1.1814E-02   7.8388E-02   1.1811E-02 / 1.4450E-02   
2080   9.611E-06   1.1796E-02   7.9070E-02   1.1793E-02 / 1.4450E-02   
2090   9.611E-06   1.1774E-02   7.9868E-02   1.1772E-02 / 1.4431E-02   
2100   9.611E-06   1.1756E-02   7.8678E-02   1.1754E-02 / 1.4403E-02   
2110   9.611E-06   1.1738E-02   7.7604E-02   1.1736E-02 / 1.4377E-02   
2120   9.611E-06   1.1716E-02   8.0459E-02   1.1714E-02 / 1.4411E-02   
2130   9.611E-06   1.1698E-02   8.1933E-02   1.1696E-02 / 1.4392E-02   
2140   9.611E-06   1.1679E-02   7.9970E-02   1.1677E-02 / 1.4406E-02   
2150   9.611E-06   1.1661E-02   8.2494E-02   1.1659E-02 / 1.4405E-02   
2160   9.611E-06   1.1643E-02   8.1965E-02   1.1641E-02 / 1.4381E-02   
2170   9.611E-06   1.1623E-02   8.2202E-02   1.1622E-02 / 1.4392E-02   
2180   9.611E-06   1.1606E-02   8.2576E-02   1.1605E-02 / 1.4371E-02   
2190   9.611E-06   1.1587E-02   8.1191E-02   1.1586E-02 / 1.4370E-02   
2200   9.611E-06   1.1570E-02   8.4086E-02   1.1568E-02 / 1.4375E-02   
2210   9.611E-06   1.1552E-02   8.5037E-02   1.1550E-02 / 1.4385E-02   
2220   9.611E-06   1.1533E-02   8.4523E-02   1.1531E-02 / 1.4363E-02   
2230   9.611E-06   1.1514E-02   8.5814E-02   1.1513E-02 / 1.4365E-02   
2240   9.611E-06   1.1498E-02   8.7638E-02   1.1497E-02 / 1.4366E-02   
2250   9.611E-06   1.1482E-02   8.6502E-02   1.1480E-02 / 1.4318E-02   
2260   9.611E-06   1.1462E-02   8.6334E-02   1.1461E-02 / 1.4337E-02   
2270   9.611E-06   1.1445E-02   8.7182E-02   1.1444E-02 / 1.4335E-02   
2280   9.611E-06   1.1428E-02   8.8353E-02   1.1426E-02 / 1.4349E-02   
2290   9.611E-06   1.1412E-02   8.5490E-02   1.1411E-02 / 1.4333E-02   
2300   9.611E-06   1.1393E-02   8.7811E-02   1.1391E-02 / 1.4322E-02   
2310   9.611E-06   1.1376E-02   8.9981E-02   1.1375E-02 / 1.4332E-02   
2320   9.611E-06   1.1359E-02   8.9984E-02   1.1357E-02 / 1.4326E-02   
2330   9.611E-06   1.1342E-02   8.9330E-02   1.1341E-02 / 1.4305E-02   
2340   9.611E-06   1.1325E-02   8.9860E-02   1.1324E-02 / 1.4328E-02   
2350   9.611E-06   1.1309E-02   9.1017E-02   1.1308E-02 / 1.4320E-02   
2360   9.611E-06   1.1291E-02   9.1928E-02   1.1290E-02 / 1.4326E-02   
2370   9.611E-06   1.1276E-02   9.1396E-02   1.1275E-02 / 1.4296E-02   
2380   9.611E-06   1.1258E-02   9.1644E-02   1.1257E-02 / 1.4305E-02   
2390   9.611E-06   1.1243E-02   9.4162E-02   1.1240E-02 / 1.4331E-02   
2400   9.611E-06   1.1227E-02   9.3563E-02   1.1226E-02 / 1.4304E-02   
2410   9.611E-06   1.1210E-02   9.2088E-02   1.1209E-02 / 1.4298E-02   
2420   9.611E-06   1.1193E-02   9.3715E-02   1.1193E-02 / 1.4295E-02   
2430   9.611E-06   1.1178E-02   9.4516E-02   1.1177E-02 / 1.4299E-02   
2440   9.611E-06   1.1162E-02   9.3267E-02   1.1161E-02 / 1.4288E-02   
2450   9.611E-06   1.1146E-02   9.3053E-02   1.1145E-02 / 1.4291E-02   
2460   9.611E-06   1.1132E-02   9.4801E-02   1.1131E-02 / 1.4278E-02   
2470   9.611E-06   1.1115E-02   9.5628E-02   1.1114E-02 / 1.4265E-02   
2480   9.611E-06   1.1102E-02   9.3270E-02   1.1101E-02 / 1.4229E-02   
2490   9.611E-06   1.1085E-02   9.5449E-02   1.1084E-02 / 1.4265E-02   
2500   9.611E-06   1.1069E-02   9.6161E-02   1.1068E-02 / 1.4285E-02   
2510   9.611E-06   1.1056E-02   9.8065E-02   1.1054E-02 / 1.4282E-02   
2520   9.611E-06   1.1040E-02   9.3940E-02   1.1039E-02 / 1.4257E-02   
2530   9.611E-06   1.1024E-02   9.5355E-02   1.1024E-02 / 1.4260E-02   
2540   9.611E-06   1.1010E-02   9.9323E-02   1.1008E-02 / 1.4277E-02   
2550   9.611E-06   1.0996E-02   9.5313E-02   1.0995E-02 / 1.4249E-02   
2560   9.611E-06   1.0982E-02   9.7794E-02   1.0979E-02 / 1.4272E-02   
2570   9.611E-06   1.0968E-02   9.9791E-02   1.0967E-02 / 1.4275E-02   
2580   9.611E-06   1.0953E-02   9.8097E-02   1.0952E-02 / 1.4242E-02   
2590   9.611E-06   1.0941E-02   9.3328E-02   1.0940E-02 / 1.4243E-02   
2600   9.611E-06   1.0925E-02   1.0002E-01   1.0924E-02 / 1.4278E-02   
2610   9.611E-06   1.0911E-02   1.0008E-01   1.0910E-02 / 1.4311E-02   
2620   9.611E-06   1.0897E-02   1.0208E-01   1.0894E-02 / 1.4288E-02   
2630   9.611E-06   1.0883E-02   9.9306E-02   1.0882E-02 / 1.4280E-02   
2640   9.611E-06   1.0871E-02   1.0035E-01   1.0870E-02 / 1.4256E-02   
2650   9.611E-06   1.0856E-02   1.0164E-01   1.0854E-02 / 1.4293E-02   
2660   9.611E-06   1.0844E-02   1.0359E-01   1.0839E-02 / 1.4303E-02   
2670   9.611E-06   1.0829E-02   9.6327E-02   1.0828E-02 / 1.4263E-02   
2680   9.611E-06   1.0817E-02   1.0206E-01   1.0814E-02 / 1.4288E-02   
2690   9.611E-06   1.0802E-02   9.8128E-02   1.0801E-02 / 1.4277E-02   
2700   9.611E-06   1.0787E-02   1.0151E-01   1.0786E-02 / 1.4281E-02   
2710   9.611E-06   1.0774E-02   1.0218E-01   1.0773E-02 / 1.4323E-02   
2720   9.611E-06   1.0761E-02   1.0111E-01   1.0761E-02 / 1.4266E-02   
2730   9.611E-06   1.0748E-02   1.0231E-01   1.0747E-02 / 1.4303E-02   
2740   9.611E-06   1.0736E-02   1.0129E-01   1.0735E-02 / 1.4294E-02   
2750   9.611E-06   1.0722E-02   1.0262E-01   1.0722E-02 / 1.4301E-02   
2760   9.611E-06   1.0710E-02   1.0254E-01   1.0709E-02 / 1.4284E-02   
2770   9.611E-06   1.0696E-02   1.0266E-01   1.0695E-02 / 1.4281E-02   
2780   9.611E-06   1.0683E-02   1.0271E-01   1.0683E-02 / 1.4302E-02   
2790   9.611E-06   1.0671E-02   1.0239E-01   1.0670E-02 / 1.4317E-02   
2800   9.611E-06   1.0659E-02   9.9997E-02   1.0658E-02 / 1.4277E-02   
2810   9.611E-06   1.0647E-02   1.0227E-01   1.0645E-02 / 1.4278E-02   
2820   9.611E-06   1.0634E-02   1.0363E-01   1.0633E-02 / 1.4301E-02   
2830   9.611E-06   1.0621E-02   1.0221E-01   1.0621E-02 / 1.4277E-02   
2840   9.611E-06   1.0611E-02   1.0228E-01   1.0610E-02 / 1.4275E-02   
2850   9.611E-06   1.0599E-02   1.0159E-01   1.0598E-02 / 1.4256E-02   
2860   9.611E-06   1.0585E-02   1.0398E-01   1.0585E-02 / 1.4278E-02   
2870   9.611E-06   1.0574E-02   1.0557E-01   1.0573E-02 / 1.4317E-02   
2880   9.611E-06   1.0561E-02   1.0385E-01   1.0561E-02 / 1.4290E-02   
2890   9.611E-06   1.0550E-02   1.0275E-01   1.0549E-02 / 1.4277E-02   
2900   9.611E-06   1.0539E-02   1.0531E-01   1.0538E-02 / 1.4310E-02   
2910   9.611E-06   1.0526E-02   1.0416E-01   1.0525E-02 / 1.4270E-02   
2920   9.611E-06   1.0516E-02   1.0631E-01   1.0515E-02 / 1.4286E-02   
2930   9.611E-06   1.0504E-02   1.0407E-01   1.0504E-02 / 1.4256E-02   
2940   9.611E-06   1.0492E-02   1.0582E-01   1.0491E-02 / 1.4274E-02   
2950   9.611E-06   1.0479E-02   1.0716E-01   1.0478E-02 / 1.4311E-02   
2960   9.611E-06   1.0467E-02   1.0670E-01   1.0466E-02 / 1.4302E-02   
2970   9.611E-06   1.0456E-02   1.0567E-01   1.0456E-02 / 1.4253E-02   
2980   9.611E-06   1.0446E-02   1.0720E-01   1.0444E-02 / 1.4294E-02   
2990   9.611E-06   1.0433E-02   1.0839E-01   1.0432E-02 / 1.4282E-02   
BEST MODEL
===============================================================================================================
366   9.611E-06   2.6163E-02   2.7661E-02   2.6157E-02 / 2.4544E-02   
===============================================================================================================
Saved model to /home/nikki/kan/kanTBNN/models/multi_run_phll/phll_experiment_1/kanTBNN-25Feb02_18:17:37.pickle
