========== Dataset info ==========
Dataset params: {'file': '/home/nikki/kan/data/turbulence_dataset_clean.csv', 'Cases': ['fp_1000', 'fp_1410', 'fp_2000', 'fp_2540', 'fp_3030', 'fp_3270', 'fp_3630', 'fp_3970', 'fp_4060'], 'val_set': ['fp_3030', 'fp_1410', 'fp_4060'], 'test_set': ['fp_3630'], 'data_loader': <class 'tbnn.dataloaders.aDataset'>}
Train/Valid/Test points: 760 / 468 / 168
Memorization?: False
Cluster training?: False
EPOCH     LR        TRAIN         VALID             MSE:T/V                  RL:T/V             %NR_t/%NR_v
===============================================================================================================
  1   4.081E-03   1.8018E-01   1.7636E-01   1.8007E-01 / 1.7625E-01   
 10   4.081E-03   5.7531E-03   5.4047E-03   5.7531E-03 / 5.4047E-03   
 20   4.081E-03   2.8881E-03   2.7203E-03   2.8811E-03 / 2.7131E-03   
 30   4.081E-03   2.0327E-03   1.9305E-03   2.0309E-03 / 1.9287E-03   
 40   4.081E-03   1.6234E-03   1.5523E-03   1.6229E-03 / 1.5519E-03   
 50   4.081E-03   1.4017E-03   1.3442E-03   1.4014E-03 / 1.3440E-03   
 60   4.081E-03   1.2506E-03   1.2041E-03   1.2504E-03 / 1.2040E-03   
 70   4.081E-03   1.1343E-03   1.0961E-03   1.1339E-03 / 1.0957E-03   
 80   4.081E-03   1.0369E-03   1.0047E-03   1.0355E-03 / 1.0031E-03   
 90   4.081E-03   9.4963E-04   9.2169E-04   9.4771E-04 / 9.1972E-04   
100   4.081E-03   8.7091E-04   8.4833E-04   8.6880E-04 / 8.4641E-04   
110   4.081E-03   7.8907E-04   7.6924E-04   7.8694E-04 / 7.6722E-04   
120   4.081E-03   7.1758E-04   6.9757E-04   7.1649E-04 / 6.9652E-04   
130   4.081E-03   6.5079E-04   6.4091E-04   6.4971E-04 / 6.3928E-04   
140   4.081E-03   5.9355E-04   5.8412E-04   5.9282E-04 / 5.8361E-04   
150   4.081E-03   5.6052E-04   5.5404E-04   5.6013E-04 / 5.5352E-04   
160   4.081E-03   4.9638E-04   4.9302E-04   4.9583E-04 / 4.9227E-04   
170   4.081E-03   4.7879E-04   4.7521E-04   4.7811E-04 / 4.7491E-04   
180   4.081E-03   4.5681E-04   4.5242E-04   4.5647E-04 / 4.5222E-04   
190   4.081E-03   4.0881E-04   4.0633E-04   4.0848E-04 / 4.0605E-04   
200   4.081E-03   3.6970E-04   3.7248E-04   3.6931E-04 / 3.7185E-04   
210   4.081E-03   3.5046E-04   3.4912E-04   3.4979E-04 / 3.4844E-04   
220   4.081E-03   3.3685E-04   3.3610E-04   3.3608E-04 / 3.3546E-04   
230   4.081E-03   3.3937E-04   3.4659E-04   3.3853E-04 / 3.4581E-04   
240   4.081E-03   3.0808E-04   3.0718E-04   3.0716E-04 / 3.0626E-04   
250   4.081E-03   2.9831E-04   2.9968E-04   2.9742E-04 / 2.9868E-04   
260   4.081E-03   2.8936E-04   2.8778E-04   2.8790E-04 / 2.8619E-04   
270   4.081E-03   2.8458E-04   2.8646E-04   2.8336E-04 / 2.8521E-04   
280   4.081E-03   3.0639E-04   3.0186E-04   3.0475E-04 / 3.0032E-04   
290   4.081E-03   2.7147E-04   2.7233E-04   2.6959E-04 / 2.7073E-04   
300   4.081E-03   2.7814E-04   2.7759E-04   2.7628E-04 / 2.7610E-04   
310   4.081E-03   2.6038E-04   2.5870E-04   2.5859E-04 / 2.5735E-04   
320   4.081E-03   2.5954E-04   2.5958E-04   2.5761E-04 / 2.5812E-04   
330   4.081E-03   2.6271E-04   2.6364E-04   2.6079E-04 / 2.6213E-04   
340   4.081E-03   2.5275E-04   2.5438E-04   2.5117E-04 / 2.5329E-04   
350   4.081E-03   2.4090E-04   2.4043E-04   2.3942E-04 / 2.3928E-04   
360   4.081E-03   2.4371E-04   2.4070E-04   2.4228E-04 / 2.3959E-04   
370   4.081E-03   2.5179E-04   2.4798E-04   2.5031E-04 / 2.4668E-04   
380   4.081E-03   2.3309E-04   2.3537E-04   2.3200E-04 / 2.3429E-04   
390   4.081E-03   2.3559E-04   2.3589E-04   2.3415E-04 / 2.3448E-04   
400   4.081E-03   2.3397E-04   2.3748E-04   2.3266E-04 / 2.3617E-04   
410   4.081E-03   2.2496E-04   2.2354E-04   2.2349E-04 / 2.2209E-04   
420   4.081E-03   2.3000E-04   2.3184E-04   2.2852E-04 / 2.3032E-04   
430   4.081E-03   2.2346E-04   2.2308E-04   2.2214E-04 / 2.2167E-04   
440   4.081E-03   2.1794E-04   2.2156E-04   2.1629E-04 / 2.2009E-04   
450   4.081E-03   2.7093E-04   2.7740E-04   2.6985E-04 / 2.7616E-04   
460   4.081E-03   2.6139E-04   2.6280E-04   2.5989E-04 / 2.6116E-04   
470   4.081E-03   2.4064E-04   2.3878E-04   2.3922E-04 / 2.3738E-04   
480   4.081E-03   2.2111E-04   2.2167E-04   2.1980E-04 / 2.2017E-04   
490   4.081E-03   2.0875E-04   2.1143E-04   2.0755E-04 / 2.1005E-04   
500   4.081E-03   2.2674E-04   2.2487E-04   2.2563E-04 / 2.2345E-04   
510   4.081E-03   2.1978E-04   2.1774E-04   2.1882E-04 / 2.1656E-04   
520   4.081E-03   2.1660E-04   2.2015E-04   2.1526E-04 / 2.1844E-04   
530   4.081E-03   1.9953E-04   2.0150E-04   1.9838E-04 / 2.0009E-04   
540   4.081E-03   1.9871E-04   1.9771E-04   1.9761E-04 / 1.9638E-04   
550   4.081E-03   2.1157E-04   2.1136E-04   2.1059E-04 / 2.1023E-04   
560   4.081E-03   1.9543E-04   1.9521E-04   1.9436E-04 / 1.9398E-04   
570   4.081E-03   2.1193E-04   2.1451E-04   2.1099E-04 / 2.1343E-04   
580   4.081E-03   2.1904E-04   2.1830E-04   2.1764E-04 / 2.1643E-04   
590   4.081E-03   1.9656E-04   1.9681E-04   1.9545E-04 / 1.9551E-04   
600   4.081E-03   1.9843E-04   2.0035E-04   1.9742E-04 / 1.9905E-04   
610   4.081E-03   1.9877E-04   1.9634E-04   1.9761E-04 / 1.9475E-04   
620   4.081E-03   2.0299E-04   2.1047E-04   2.0190E-04 / 2.0917E-04   
630   4.081E-03   1.9463E-04   1.9907E-04   1.9333E-04 / 1.9736E-04   
640   4.081E-03   1.8662E-04   1.8896E-04   1.8573E-04 / 1.8783E-04   
650   4.081E-03   2.5309E-04   2.5493E-04   2.5216E-04 / 2.5383E-04   
660   4.081E-03   2.1743E-04   2.1983E-04   2.1646E-04 / 2.1871E-04   
670   4.081E-03   1.9718E-04   1.9733E-04   1.9609E-04 / 1.9600E-04   
680   4.081E-03   1.9818E-04   2.0343E-04   1.9726E-04 / 2.0223E-04   
690   4.081E-03   1.7672E-04   1.7939E-04   1.7583E-04 / 1.7832E-04   
700   4.081E-03   2.4009E-04   2.5042E-04   2.3893E-04 / 2.4896E-04   
710   4.081E-03   1.8046E-04   1.8236E-04   1.7953E-04 / 1.8119E-04   
720   4.081E-03   1.7729E-04   1.7965E-04   1.7645E-04 / 1.7871E-04   
730   4.081E-03   1.7571E-04   1.7981E-04   1.7481E-04 / 1.7878E-04   
740   4.081E-03   1.8557E-04   1.8976E-04   1.8476E-04 / 1.8871E-04   
750   4.081E-03   1.8995E-04   1.9576E-04   1.8912E-04 / 1.9463E-04   
760   4.081E-03   1.9136E-04   1.9430E-04   1.9066E-04 / 1.9355E-04   
770   4.081E-03   2.1417E-04   2.1741E-04   2.1328E-04 / 2.1636E-04   
780   4.081E-03   2.0889E-04   2.0788E-04   2.0832E-04 / 2.0730E-04   
790   4.081E-03   1.6879E-04   1.7156E-04   1.6806E-04 / 1.7081E-04   
800   4.081E-03   1.7555E-04   1.7624E-04   1.7482E-04 / 1.7550E-04   
810   4.081E-03   1.6818E-04   1.6995E-04   1.6733E-04 / 1.6910E-04   
820   4.081E-03   1.6649E-04   1.6975E-04   1.6584E-04 / 1.6910E-04   
830   4.081E-03   1.6418E-04   1.6338E-04   1.6355E-04 / 1.6278E-04   
840   4.081E-03   1.6424E-04   1.6565E-04   1.6357E-04 / 1.6502E-04   
850   4.081E-03   1.7897E-04   1.8248E-04   1.7864E-04 / 1.8216E-04   
860   4.081E-03   1.6915E-04   1.7106E-04   1.6855E-04 / 1.7049E-04   
870   4.081E-03   1.6739E-04   1.7044E-04   1.6687E-04 / 1.6995E-04   
880   4.081E-03   1.8474E-04   1.8469E-04   1.8422E-04 / 1.8420E-04   
890   4.081E-03   1.6192E-04   1.6475E-04   1.6136E-04 / 1.6423E-04   
900   4.081E-03   1.6109E-04   1.6156E-04   1.6047E-04 / 1.6100E-04   
910   4.081E-03   1.7547E-04   1.7715E-04   1.7496E-04 / 1.7668E-04   
920   4.081E-03   2.7465E-04   2.6001E-04   2.7343E-04 / 2.5903E-04   
930   4.081E-03   1.6095E-04   1.6327E-04   1.6036E-04 / 1.6273E-04   
940   4.081E-03   1.5641E-04   1.5788E-04   1.5589E-04 / 1.5741E-04   
950   4.081E-03   1.5716E-04   1.5831E-04   1.5671E-04 / 1.5791E-04   
960   4.081E-03   1.5442E-04   1.5552E-04   1.5401E-04 / 1.5516E-04   
970   4.081E-03   1.6835E-04   1.6791E-04   1.6778E-04 / 1.6740E-04   
980   4.081E-03   1.7850E-04   1.7654E-04   1.7801E-04 / 1.7613E-04   
990   4.081E-03   1.5380E-04   1.5513E-04   1.5331E-04 / 1.5473E-04   
1000   4.081E-03   1.6238E-04   1.6452E-04   1.6193E-04 / 1.6414E-04   
1010   4.081E-03   1.5385E-04   1.5510E-04   1.5343E-04 / 1.5475E-04   
1020   4.081E-03   1.8520E-04   1.8825E-04   1.8476E-04 / 1.8786E-04   
1030   4.081E-03   4.2046E-04   4.1868E-04   4.2004E-04 / 4.1829E-04   
1040   4.081E-03   1.5698E-04   1.5833E-04   1.5658E-04 / 1.5798E-04   
1050   4.081E-03   1.5329E-04   1.5551E-04   1.5281E-04 / 1.5510E-04   
1060   4.081E-03   1.4885E-04   1.4968E-04   1.4832E-04 / 1.4923E-04   
1070   4.081E-03   1.5270E-04   1.5226E-04   1.5231E-04 / 1.5194E-04   
1080   4.081E-03   1.6993E-04   1.6785E-04   1.6954E-04 / 1.6747E-04   
1090   4.081E-03   1.7795E-04   1.7816E-04   1.7750E-04 / 1.7780E-04   
1100   4.081E-03   1.5104E-04   1.5056E-04   1.5064E-04 / 1.5024E-04   
1110   4.081E-03   1.5659E-04   1.5515E-04   1.5617E-04 / 1.5482E-04   
1120   4.081E-03   1.7725E-04   1.8021E-04   1.7692E-04 / 1.7995E-04   
1130   4.081E-03   1.9969E-04   1.9532E-04   1.9920E-04 / 1.9464E-04   
1140   4.081E-03   1.4796E-04   1.4858E-04   1.4758E-04 / 1.4827E-04   
1150   4.081E-03   1.4710E-04   1.4998E-04   1.4673E-04 / 1.4968E-04   
1160   4.081E-03   1.4337E-04   1.4437E-04   1.4298E-04 / 1.4406E-04   
1170   4.081E-03   1.4474E-04   1.4392E-04   1.4439E-04 / 1.4364E-04   
1180   4.081E-03   1.4914E-04   1.4968E-04   1.4877E-04 / 1.4940E-04   
1190   4.081E-03   1.4438E-04   1.4653E-04   1.4408E-04 / 1.4630E-04   
1200   4.081E-03   1.5040E-04   1.4704E-04   1.5006E-04 / 1.4678E-04   
1210   4.081E-03   2.0771E-04   2.0644E-04   2.0747E-04 / 2.0626E-04   
1220   4.081E-03   1.5118E-04   1.5492E-04   1.5080E-04 / 1.5456E-04   
1230   4.081E-03   1.4548E-04   1.4549E-04   1.4504E-04 / 1.4511E-04   
1240   4.081E-03   1.4188E-04   1.4153E-04   1.4138E-04 / 1.4116E-04   
1250   4.081E-03   1.8057E-04   1.8720E-04   1.7567E-04 / 1.8306E-04   
1260   4.081E-03   1.4326E-04   1.4471E-04   1.4292E-04 / 1.4442E-04   
1270   4.081E-03   2.1719E-04   2.2962E-04   2.1677E-04 / 2.2919E-04   
1280   4.081E-03   1.8745E-04   1.8765E-04   1.8697E-04 / 1.8721E-04   
1290   4.081E-03   1.4426E-04   1.4345E-04   1.4393E-04 / 1.4315E-04   
1300   4.081E-03   1.4110E-04   1.4342E-04   1.4074E-04 / 1.4312E-04   
1310   4.081E-03   1.4035E-04   1.4222E-04   1.3996E-04 / 1.4190E-04   
1320   4.081E-03   1.3881E-04   1.4067E-04   1.3844E-04 / 1.4033E-04   
1330   4.081E-03   1.4042E-04   1.4079E-04   1.4011E-04 / 1.4053E-04   
1340   4.081E-03   1.4254E-04   1.4406E-04   1.4224E-04 / 1.4379E-04   
1350   4.081E-03   1.4220E-04   1.4446E-04   1.4179E-04 / 1.4409E-04   
1360   4.081E-03   1.5650E-04   1.5504E-04   1.5613E-04 / 1.5464E-04   
1370   4.081E-03   1.5809E-04   1.6503E-04   1.5783E-04 / 1.6470E-04   
1380   4.081E-03   1.3381E-04   1.3645E-04   1.3362E-04 / 1.3626E-04   
1390   4.081E-03   1.5924E-04   1.6754E-04   1.5900E-04 / 1.6732E-04   
1400   4.081E-03   1.4459E-04   1.4503E-04   1.4439E-04 / 1.4472E-04   
1410   4.081E-03   1.4387E-04   1.4722E-04   1.4373E-04 / 1.4704E-04   
1420   4.081E-03   2.5491E-04   2.7048E-04   2.5474E-04 / 2.7029E-04   
1430   4.081E-03   1.4713E-04   1.4772E-04   1.4690E-04 / 1.4750E-04   
1440   4.081E-03   1.3373E-04   1.3960E-04   1.3352E-04 / 1.3939E-04   
1450   4.081E-03   1.4828E-04   1.4812E-04   1.4807E-04 / 1.4792E-04   
1460   4.081E-03   1.3489E-04   1.3959E-04   1.3470E-04 / 1.3931E-04   
1470   4.081E-03   1.3181E-04   1.3889E-04   1.3164E-04 / 1.3864E-04   
1480   4.081E-03   1.6522E-04   1.6828E-04   1.6487E-04 / 1.6785E-04   
1490   4.081E-03   1.8066E-04   1.8348E-04   1.8045E-04 / 1.8325E-04   
1500   4.081E-03   2.0513E-04   2.0705E-04   2.0480E-04 / 2.0678E-04   
1510   4.081E-03   1.4184E-04   1.4204E-04   1.4161E-04 / 1.4178E-04   
1520   4.081E-03   1.4357E-04   1.4418E-04   1.4332E-04 / 1.4391E-04   
1530   4.081E-03   1.3669E-04   1.4015E-04   1.3643E-04 / 1.3982E-04   
1540   4.081E-03   1.3909E-04   1.4086E-04   1.3893E-04 / 1.4060E-04   
1550   4.081E-03   1.3373E-04   1.3649E-04   1.3357E-04 / 1.3627E-04   
1560   4.081E-03   1.4306E-04   1.4812E-04   1.4288E-04 / 1.4787E-04   
1570   4.081E-03   1.3624E-04   1.4052E-04   1.3593E-04 / 1.4002E-04   
1580   4.081E-03   1.4872E-04   1.5643E-04   1.4852E-04 / 1.5612E-04   
1590   4.081E-03   2.6903E-04   2.8303E-04   2.6883E-04 / 2.8275E-04   
1600   4.081E-03   4.1785E-04   4.3252E-04   4.1712E-04 / 4.3097E-04   
1610   4.081E-03   1.3288E-04   1.3730E-04   1.3262E-04 / 1.3700E-04   
1620   4.081E-03   1.3106E-04   1.3368E-04   1.3088E-04 / 1.3345E-04   
1630   4.081E-03   1.2897E-04   1.3238E-04   1.2880E-04 / 1.3213E-04   
1640   4.081E-03   1.4715E-04   1.4871E-04   1.4701E-04 / 1.4842E-04   
1650   4.081E-03   1.3003E-04   1.3511E-04   1.2988E-04 / 1.3487E-04   
1660   4.081E-03   1.3027E-04   1.3506E-04   1.3008E-04 / 1.3475E-04   
1670   4.081E-03   1.3576E-04   1.4130E-04   1.3557E-04 / 1.4101E-04   
1680   4.081E-03   1.5505E-04   1.5607E-04   1.5479E-04 / 1.5580E-04   
1690   4.081E-03   1.8211E-04   1.8351E-04   1.8175E-04 / 1.8312E-04   
1700   4.081E-03   1.4623E-04   1.4924E-04   1.4598E-04 / 1.4891E-04   
1710   4.081E-03   1.3782E-04   1.4157E-04   1.3760E-04 / 1.4128E-04   
1720   4.081E-03   1.3919E-04   1.4646E-04   1.3899E-04 / 1.4617E-04   
1730   4.081E-03   1.3519E-04   1.4305E-04   1.3497E-04 / 1.4268E-04   
1740   4.081E-03   1.3733E-04   1.3845E-04   1.3715E-04 / 1.3818E-04   
1750   4.081E-03   1.3700E-04   1.3634E-04   1.3687E-04 / 1.3617E-04   
1760   4.081E-03   1.3256E-04   1.3905E-04   1.3230E-04 / 1.3877E-04   
1770   4.081E-03   1.3378E-04   1.3435E-04   1.3359E-04 / 1.3412E-04   
1780   4.081E-03   1.3589E-04   1.4070E-04   1.3567E-04 / 1.4046E-04   
1790   4.081E-03   1.2740E-04   1.3015E-04   1.2719E-04 / 1.2991E-04   
1800   4.081E-03   1.2000E-04   1.2539E-04   1.1983E-04 / 1.2519E-04   
1810   4.081E-03   1.5646E-04   1.6015E-04   1.5589E-04 / 1.5977E-04   
1820   4.081E-03   1.4536E-04   1.4974E-04   1.4517E-04 / 1.4954E-04   
1830   4.081E-03   1.5368E-04   1.5629E-04   1.5352E-04 / 1.5613E-04   
1840   4.081E-03   1.5353E-04   1.5509E-04   1.5331E-04 / 1.5488E-04   
1850   4.081E-03   1.2189E-04   1.2734E-04   1.2168E-04 / 1.2711E-04   
1860   4.081E-03   1.4936E-04   1.5834E-04   1.4912E-04 / 1.5811E-04   
1870   4.081E-03   1.4419E-04   1.4417E-04   1.4400E-04 / 1.4400E-04   
1880   4.081E-03   1.7819E-04   1.8470E-04   1.7800E-04 / 1.8452E-04   
1890   4.081E-03   1.8103E-04   1.8589E-04   1.8081E-04 / 1.8568E-04   
1900   4.081E-03   2.3401E-04   2.3401E-04   2.3288E-04 / 2.3276E-04   
1910   4.081E-03   1.2810E-04   1.3221E-04   1.2790E-04 / 1.3200E-04   
1920   4.081E-03   1.2011E-04   1.2271E-04   1.1987E-04 / 1.2248E-04   
1930   4.081E-03   1.1836E-04   1.2279E-04   1.1818E-04 / 1.2262E-04   
1940   4.081E-03   1.1883E-04   1.2484E-04   1.1861E-04 / 1.2464E-04   
1950   4.081E-03   1.2415E-04   1.2733E-04   1.2392E-04 / 1.2711E-04   
1960   4.081E-03   1.1896E-04   1.2320E-04   1.1878E-04 / 1.2304E-04   
1970   4.081E-03   1.2618E-04   1.3253E-04   1.2600E-04 / 1.3238E-04   
1980   4.081E-03   1.1769E-04   1.2364E-04   1.1750E-04 / 1.2347E-04   
1990   4.081E-03   1.3494E-04   1.4393E-04   1.3472E-04 / 1.4375E-04   
2000   4.081E-03   1.5392E-04   1.5225E-04   1.4880E-04 / 1.4785E-04   
2010   4.081E-03   1.2199E-04   1.2557E-04   1.2184E-04 / 1.2540E-04   
2020   4.081E-03   4.0812E-04   4.1616E-04   4.0802E-04 / 4.1605E-04   
2030   4.081E-03   1.1870E-04   1.2332E-04   1.1850E-04 / 1.2315E-04   
2040   4.081E-03   1.2382E-04   1.2795E-04   1.2361E-04 / 1.2777E-04   
2050   4.081E-03   1.3731E-04   1.4407E-04   1.3710E-04 / 1.4385E-04   
2060   4.081E-03   1.3485E-04   1.4185E-04   1.3463E-04 / 1.4165E-04   
2070   4.081E-03   1.3136E-04   1.4017E-04   1.3119E-04 / 1.4002E-04   
2080   4.081E-03   1.2161E-04   1.2734E-04   1.2140E-04 / 1.2712E-04   
2090   4.081E-03   1.2901E-04   1.3262E-04   1.2881E-04 / 1.3245E-04   
2100   4.081E-03   1.2297E-04   1.2854E-04   1.2229E-04 / 1.2817E-04   
2110   4.081E-03   1.1474E-04   1.2085E-04   1.1452E-04 / 1.2066E-04   
2120   4.081E-03   1.4459E-04   1.4780E-04   1.4434E-04 / 1.4760E-04   
2130   4.081E-03   1.4373E-04   1.4649E-04   1.4187E-04 / 1.4488E-04   
2140   4.081E-03   1.5394E-04   1.6204E-04   1.5379E-04 / 1.6187E-04   
2150   4.081E-03   1.2334E-04   1.2945E-04   1.2323E-04 / 1.2928E-04   
2160   4.081E-03   1.9937E-04   2.1265E-04   1.9928E-04 / 2.1256E-04   
2170   4.081E-03   1.1584E-04   1.1963E-04   1.1565E-04 / 1.1943E-04   
2180   4.081E-03   1.1360E-04   1.1690E-04   1.1339E-04 / 1.1670E-04   
2190   4.081E-03   1.1622E-04   1.1925E-04   1.1602E-04 / 1.1906E-04   
2200   4.081E-03   1.1290E-04   1.1779E-04   1.1274E-04 / 1.1763E-04   
2210   4.081E-03   1.1200E-04   1.1825E-04   1.1182E-04 / 1.1804E-04   
2220   4.081E-03   1.1036E-04   1.1551E-04   1.1014E-04 / 1.1529E-04   
2230   4.081E-03   1.3073E-04   1.3821E-04   1.3050E-04 / 1.3800E-04   
2240   4.081E-03   1.1429E-04   1.1966E-04   1.1409E-04 / 1.1946E-04   
2250   4.081E-03   1.1759E-04   1.2178E-04   1.1733E-04 / 1.2154E-04   
2260   4.081E-03   1.2096E-04   1.2609E-04   1.2071E-04 / 1.2586E-04   
2270   4.081E-03   2.1837E-04   2.2518E-04   2.1387E-04 / 2.2114E-04   
2280   4.081E-03   1.7324E-04   1.8185E-04   1.7293E-04 / 1.8156E-04   
2290   4.081E-03   1.1294E-04   1.1478E-04   1.1273E-04 / 1.1457E-04   
2300   4.081E-03   1.1086E-04   1.1673E-04   1.1062E-04 / 1.1650E-04   
2310   4.081E-03   1.1220E-04   1.1613E-04   1.1197E-04 / 1.1587E-04   
2320   4.081E-03   1.1886E-04   1.2650E-04   1.1864E-04 / 1.2623E-04   
2330   4.081E-03   1.3225E-04   1.3469E-04   1.3197E-04 / 1.3444E-04   
2340   4.081E-03   1.8444E-04   1.8910E-04   1.8423E-04 / 1.8890E-04   
2350   4.081E-03   1.4030E-04   1.4986E-04   1.4005E-04 / 1.4962E-04   
2360   4.081E-03   1.0839E-04   1.1262E-04   1.0815E-04 / 1.1238E-04   
2370   4.081E-03   1.3629E-04   1.3663E-04   1.3603E-04 / 1.3640E-04   
2380   4.081E-03   1.2109E-04   1.3142E-04   1.2083E-04 / 1.3116E-04   
2390   4.081E-03   1.0906E-04   1.1275E-04   1.0882E-04 / 1.1251E-04   
2400   4.081E-03   1.2776E-04   1.3187E-04   1.2748E-04 / 1.3168E-04   
2410   4.081E-03   1.2050E-04   1.2761E-04   1.2024E-04 / 1.2728E-04   
2420   4.081E-03   2.4905E-04   2.5750E-04   2.4897E-04 / 2.5744E-04   
2430   4.081E-03   1.1628E-04   1.2312E-04   1.1603E-04 / 1.2288E-04   
2440   4.081E-03   1.1470E-04   1.1977E-04   1.1441E-04 / 1.1949E-04   
2450   4.081E-03   1.1256E-04   1.1766E-04   1.1234E-04 / 1.1743E-04   
2460   4.081E-03   1.1055E-04   1.1256E-04   1.1028E-04 / 1.1227E-04   
2470   4.081E-03   1.0789E-04   1.0960E-04   1.0763E-04 / 1.0935E-04   
2480   4.081E-03   1.1685E-04   1.2280E-04   1.1656E-04 / 1.2253E-04   
2490   4.081E-03   1.1202E-04   1.1460E-04   1.1174E-04 / 1.1437E-04   
2500   4.081E-03   1.4588E-04   1.5007E-04   1.4572E-04 / 1.4991E-04   
2510   4.081E-03   1.1872E-04   1.2793E-04   1.1850E-04 / 1.2773E-04   
2520   4.081E-03   1.1100E-04   1.1659E-04   1.1049E-04 / 1.1615E-04   
2530   4.081E-03   1.1789E-04   1.2676E-04   1.1758E-04 / 1.2649E-04   
2540   4.081E-03   1.2335E-04   1.2237E-04   1.2314E-04 / 1.2219E-04   
2550   4.081E-03   1.5264E-04   1.6134E-04   1.5241E-04 / 1.6108E-04   
2560   4.081E-03   2.7807E-04   2.7113E-04   2.7787E-04 / 2.7088E-04   
2570   4.081E-03   1.0778E-04   1.1158E-04   1.0757E-04 / 1.1140E-04   
2580   4.081E-03   1.0619E-04   1.1098E-04   1.0598E-04 / 1.1080E-04   
2590   4.081E-03   1.0529E-04   1.0973E-04   1.0499E-04 / 1.0933E-04   
2600   4.081E-03   1.0646E-04   1.1069E-04   1.0620E-04 / 1.1047E-04   
2610   4.081E-03   1.0596E-04   1.1394E-04   1.0569E-04 / 1.1371E-04   
2620   4.081E-03   1.0705E-04   1.1026E-04   1.0674E-04 / 1.1004E-04   
2630   4.081E-03   1.1337E-04   1.1913E-04   1.1297E-04 / 1.1879E-04   
2640   4.081E-03   1.0924E-04   1.1127E-04   1.0902E-04 / 1.1109E-04   
2650   4.081E-03   3.2071E-04   3.1568E-04   3.2033E-04 / 3.1539E-04   
2660   4.081E-03   1.4206E-04   1.5007E-04   1.4168E-04 / 1.4977E-04   
2670   4.081E-03   1.0521E-04   1.1168E-04   1.0495E-04 / 1.1147E-04   
2680   4.081E-03   1.0591E-04   1.0718E-04   1.0569E-04 / 1.0702E-04   
2690   4.081E-03   1.7607E-04   1.9062E-04   1.7578E-04 / 1.9040E-04   
2700   4.081E-03   1.0598E-04   1.1152E-04   1.0573E-04 / 1.1134E-04   
2710   4.081E-03   1.0369E-04   1.1064E-04   1.0349E-04 / 1.1049E-04   
2720   4.081E-03   1.0350E-04   1.0997E-04   1.0322E-04 / 1.0976E-04   
2730   4.081E-03   1.1336E-04   1.1484E-04   1.1291E-04 / 1.1447E-04   
2740   4.081E-03   1.1843E-04   1.2077E-04   1.1815E-04 / 1.2055E-04   
2750   4.081E-03   2.3437E-04   2.1997E-04   2.3383E-04 / 2.1947E-04   
2760   4.081E-03   1.0627E-04   1.1034E-04   1.0600E-04 / 1.1013E-04   
2770   4.081E-03   1.0325E-04   1.0826E-04   1.0301E-04 / 1.0803E-04   
2780   4.081E-03   1.0381E-04   1.0898E-04   1.0354E-04 / 1.0875E-04   
2790   4.081E-03   1.3060E-04   1.4200E-04   1.3015E-04 / 1.4163E-04   
2800   4.081E-03   1.0211E-04   1.1033E-04   1.0183E-04 / 1.1007E-04   
2810   4.081E-03   1.1948E-04   1.2757E-04   1.1919E-04 / 1.2733E-04   
2820   4.081E-03   1.2365E-04   1.3382E-04   1.2325E-04 / 1.3354E-04   
2830   4.081E-03   2.9683E-04   2.9841E-04   2.9634E-04 / 2.9814E-04   
2840   4.081E-03   1.0493E-04   1.1451E-04   1.0467E-04 / 1.1420E-04   
2850   4.081E-03   1.0152E-04   1.0579E-04   1.0122E-04 / 1.0550E-04   
2860   4.081E-03   1.1357E-04   1.2604E-04   1.1324E-04 / 1.2572E-04   
2870   4.081E-03   1.6197E-04   1.6686E-04   1.6162E-04 / 1.6645E-04   
2880   4.081E-03   1.0552E-04   1.1433E-04   1.0519E-04 / 1.1404E-04   
2890   4.081E-03   1.0549E-04   1.1247E-04   1.0519E-04 / 1.1218E-04   
2900   4.081E-03   1.0653E-04   1.1191E-04   1.0630E-04 / 1.1170E-04   
2910   4.081E-03   1.1149E-04   1.1657E-04   1.1120E-04 / 1.1631E-04   
2920   4.081E-03   1.1939E-04   1.2978E-04   1.1915E-04 / 1.2948E-04   
2930   4.081E-03   1.0260E-04   1.0699E-04   1.0238E-04 / 1.0679E-04   
2940   4.081E-03   9.7943E-05   1.0618E-04   9.7696E-05 / 1.0594E-04   
2950   4.081E-03   1.7190E-04   1.7797E-04   1.7061E-04 / 1.7708E-04   
2960   4.081E-03   1.0923E-04   1.1811E-04   1.0885E-04 / 1.1775E-04   
2970   4.081E-03   9.8979E-05   1.0646E-04   9.8719E-05 / 1.0619E-04   
2980   4.081E-03   1.0206E-04   1.1022E-04   1.0180E-04 / 1.0995E-04   
2990   4.081E-03   1.0060E-04   1.0549E-04   1.0031E-04 / 1.0517E-04   
3000   4.081E-03   1.0859E-04   1.1888E-04   1.0832E-04 / 1.1853E-04   
3010   4.081E-03   9.8623E-05   1.0180E-04   9.8333E-05 / 1.0153E-04   
3020   4.081E-03   1.1336E-04   1.1897E-04   1.1301E-04 / 1.1863E-04   
3030   4.081E-03   1.0027E-04   1.0960E-04   9.9892E-05 / 1.0924E-04   
3040   4.081E-03   9.7060E-05   1.0498E-04   9.6717E-05 / 1.0466E-04   
3050   4.081E-03   1.2460E-04   1.2896E-04   1.2436E-04 / 1.2874E-04   
3060   4.081E-03   2.6115E-04   2.6421E-04   2.6028E-04 / 2.6296E-04   
3070   4.081E-03   1.0876E-04   1.1502E-04   1.0843E-04 / 1.1472E-04   
3080   4.081E-03   9.7388E-05   1.0389E-04   9.7084E-05 / 1.0361E-04   
3090   4.081E-03   9.7380E-05   1.0186E-04   9.7060E-05 / 1.0156E-04   
3100   4.081E-03   1.0306E-04   1.0487E-04   1.0282E-04 / 1.0465E-04   
3110   4.081E-03   9.6938E-05   1.0018E-04   9.6650E-05 / 9.9873E-05   
3120   4.081E-03   1.0306E-04   1.0534E-04   1.0279E-04 / 1.0507E-04   
3130   4.081E-03   1.0379E-04   1.0820E-04   1.0348E-04 / 1.0783E-04   
3140   4.081E-03   1.2593E-04   1.3311E-04   1.2568E-04 / 1.3288E-04   
3150   4.081E-03   9.9343E-05   1.0401E-04   9.8997E-05 / 1.0351E-04   
3160   4.081E-03   1.1239E-04   1.0909E-04   1.1210E-04 / 1.0865E-04   
3170   4.081E-03   9.5522E-05   9.6878E-05   9.5198E-05 / 9.6518E-05   
3180   4.081E-03   9.6807E-05   9.9977E-05   9.6521E-05 / 9.9587E-05   
3190   4.081E-03   1.0446E-04   1.1147E-04   1.0418E-04 / 1.1105E-04   
3200   4.081E-03   1.7699E-04   1.8106E-04   1.7680E-04 / 1.8089E-04   
3210   4.081E-03   1.1784E-04   1.2397E-04   1.1761E-04 / 1.2370E-04   
3220   4.081E-03   1.1563E-04   1.1993E-04   1.1540E-04 / 1.1965E-04   
3230   4.081E-03   9.3220E-05   9.7011E-05   9.2935E-05 / 9.6695E-05   
3240   4.081E-03   9.6384E-05   1.0132E-04   9.6131E-05 / 1.0094E-04   
3250   4.081E-03   1.0023E-04   1.0160E-04   9.9996E-05 / 1.0131E-04   
3260   4.081E-03   1.8813E-04   1.9389E-04   1.8755E-04 / 1.9336E-04   
3270   4.081E-03   9.6943E-05   9.9797E-05   9.6708E-05 / 9.9475E-05   
3280   4.081E-03   9.4532E-05   9.8662E-05   9.4285E-05 / 9.8387E-05   
3290   4.081E-03   1.0965E-04   1.1139E-04   1.0947E-04 / 1.1123E-04   
3300   4.081E-03   9.8673E-05   1.0066E-04   9.8374E-05 / 1.0009E-04   
3310   4.081E-03   9.5352E-05   9.9797E-05   9.5147E-05 / 9.9510E-05   
3320   4.081E-03   9.2664E-05   9.4595E-05   9.2391E-05 / 9.4154E-05   
3330   4.081E-03   1.0255E-04   1.0842E-04   1.0231E-04 / 1.0791E-04   
3340   4.081E-03   1.0298E-04   1.0776E-04   1.0272E-04 / 1.0742E-04   
3350   4.081E-03   1.0285E-04   1.0402E-04   1.0269E-04 / 1.0361E-04   
3360   4.081E-03   1.1795E-04   1.2103E-04   1.1777E-04 / 1.2044E-04   
3370   4.081E-03   1.1996E-04   1.1793E-04   1.1984E-04 / 1.1780E-04   
3380   4.081E-03   9.6453E-05   9.6085E-05   9.6231E-05 / 9.5693E-05   
3390   4.081E-03   1.0010E-04   1.0346E-04   9.9942E-05 / 1.0303E-04   
3400   4.081E-03   9.4640E-05   9.7350E-05   9.4455E-05 / 9.6936E-05   
3410   4.081E-03   9.1125E-05   9.5635E-05   9.0942E-05 / 9.5200E-05   
3420   4.081E-03   1.1461E-04   1.1341E-04   1.1444E-04 / 1.1312E-04   
3430   4.081E-03   9.5536E-05   1.0287E-04   9.5332E-05 / 1.0224E-04   
3440   4.081E-03   9.6919E-05   1.0237E-04   9.6687E-05 / 1.0171E-04   
3450   4.081E-03   3.3243E-04   3.2767E-04   3.3189E-04 / 3.2712E-04   
3460   4.081E-03   9.2932E-05   9.5245E-05   9.2779E-05 / 9.4780E-05   
3470   4.081E-03   9.6326E-05   1.0269E-04   9.6142E-05 / 1.0200E-04   
3480   4.081E-03   9.6570E-05   9.7034E-05   9.6398E-05 / 9.6564E-05   
3490   4.081E-03   9.9824E-05   1.0403E-04   9.9594E-05 / 1.0286E-04   
3500   4.081E-03   1.0592E-04   1.1151E-04   1.0575E-04 / 1.1068E-04   
3510   4.081E-03   1.0971E-04   1.0807E-04   1.0951E-04 / 1.0677E-04   
3520   4.081E-03   9.5437E-05   1.0008E-04   9.5319E-05 / 9.9590E-05   
3530   4.081E-03   1.0120E-04   1.0653E-04   1.0071E-04 / 1.0538E-04   
3540   4.081E-03   1.3452E-04   1.3435E-04   1.3437E-04 / 1.3366E-04   
3550   4.081E-03   1.1652E-04   1.2295E-04   1.1634E-04 / 1.2243E-04   
3560   4.081E-03   1.3770E-04   1.4015E-04   1.3757E-04 / 1.3935E-04   
3570   4.081E-03   1.0091E-04   1.0224E-04   1.0071E-04 / 1.0106E-04   
3580   4.081E-03   9.2259E-05   9.3842E-05   9.2060E-05 / 9.3467E-05   
3590   4.081E-03   8.9225E-05   9.2425E-05   8.9086E-05 / 9.1754E-05   
3600   4.081E-03   9.0867E-05   9.5652E-05   9.0710E-05 / 9.4939E-05   
3610   4.081E-03   1.3999E-04   1.3962E-04   1.3979E-04 / 1.3888E-04   
3620   4.081E-03   9.1420E-05   9.5756E-05   9.1200E-05 / 9.4184E-05   
3630   4.081E-03   9.0068E-05   9.6851E-05   8.9889E-05 / 9.5477E-05   
3640   4.081E-03   1.0481E-04   1.1066E-04   1.0455E-04 / 1.0917E-04   
3650   4.081E-03   1.1381E-04   1.2091E-04   1.1363E-04 / 1.1973E-04   
3660   4.081E-03   9.4009E-05   9.8831E-05   9.3852E-05 / 9.7966E-05   
3670   4.081E-03   8.7254E-05   9.2963E-05   8.7049E-05 / 9.2055E-05   
3680   4.081E-03   8.7296E-05   9.2104E-05   8.7132E-05 / 9.1651E-05   
3690   4.081E-03   9.1569E-05   9.7085E-05   9.1353E-05 / 9.6274E-05   
3700   4.081E-03   9.4267E-05   1.0076E-04   9.4087E-05 / 9.9884E-05   
3710   4.081E-03   9.3845E-05   9.6689E-05   9.3636E-05 / 9.5379E-05   
3720   4.081E-03   8.8866E-05   9.4859E-05   8.8639E-05 / 9.4137E-05   
3730   4.081E-03   1.5375E-04   1.6587E-04   1.5334E-04 / 1.6508E-04   
3740   4.081E-03   9.8068E-05   1.0092E-04   9.7927E-05 / 9.9718E-05   
3750   4.081E-03   8.8909E-05   9.4586E-05   8.8701E-05 / 9.3809E-05   
3760   4.081E-03   1.1619E-04   1.2349E-04   1.1603E-04 / 1.2258E-04   
3770   4.081E-03   8.8158E-05   9.2803E-05   8.7922E-05 / 9.1977E-05   
3780   4.081E-03   1.1095E-04   1.1445E-04   1.1076E-04 / 1.1366E-04   
3790   4.081E-03   8.5878E-05   9.0551E-05   8.5708E-05 / 9.0199E-05   
3800   4.081E-03   1.0885E-04   1.1802E-04   1.0863E-04 / 1.1701E-04   
3810   4.081E-03   9.2216E-05   9.6715E-05   9.2053E-05 / 9.5694E-05   
3820   4.081E-03   9.2259E-05   9.5237E-05   9.2043E-05 / 9.4537E-05   
3830   4.081E-03   9.2497E-05   1.0108E-04   9.2263E-05 / 9.9954E-05   
3840   4.081E-03   8.9118E-05   9.4171E-05   8.8865E-05 / 9.2603E-05   
3850   4.081E-03   8.8791E-05   9.4834E-05   8.8565E-05 / 9.3699E-05   
3860   4.081E-03   8.8970E-05   9.4797E-05   8.8774E-05 / 9.4030E-05   
3870   4.081E-03   1.0355E-04   1.0977E-04   1.0329E-04 / 1.0898E-04   
3880   4.081E-03   1.5472E-04   1.5900E-04   1.4584E-04 / 1.5027E-04   
3890   4.081E-03   1.0756E-04   1.1166E-04   1.0735E-04 / 1.1075E-04   
3900   4.081E-03   8.8313E-05   9.2051E-05   8.8116E-05 / 9.1391E-05   
3910   4.081E-03   8.4298E-05   8.8660E-05   8.4105E-05 / 8.7830E-05   
3920   4.081E-03   8.5020E-05   9.0790E-05   8.4838E-05 / 8.9719E-05   
3930   4.081E-03   1.5951E-04   1.6813E-04   1.5941E-04 / 1.6726E-04   
3940   4.081E-03   1.2667E-04   1.2735E-04   1.2646E-04 / 1.2652E-04   
3950   4.081E-03   1.0684E-04   1.1318E-04   1.0666E-04 / 1.1283E-04   
3960   4.081E-03   8.5099E-05   9.1348E-05   8.4929E-05 / 9.0152E-05   
3970   4.081E-03   8.4819E-05   8.9153E-05   8.4642E-05 / 8.8647E-05   
3980   4.081E-03   1.1649E-04   1.2057E-04   1.1624E-04 / 1.1974E-04   
3990   4.081E-03   1.0031E-04   1.0663E-04   9.9172E-05 / 1.0359E-04   
4000   4.081E-03   9.2784E-05   9.9691E-05   9.2607E-05 / 9.9209E-05   
4010   4.081E-03   8.7085E-05   9.3447E-05   8.6866E-05 / 9.2457E-05   
4020   4.081E-03   8.7612E-05   9.4816E-05   8.7418E-05 / 9.3760E-05   
4030   4.081E-03   1.1269E-04   1.1809E-04   1.1252E-04 / 1.1710E-04   
4040   4.081E-03   1.8114E-04   1.8116E-04   1.8093E-04 / 1.8029E-04   
4050   4.081E-03   8.6475E-05   9.0661E-05   8.6283E-05 / 8.9694E-05   
4060   4.081E-03   8.6102E-05   9.3782E-05   8.5896E-05 / 9.3024E-05   
4070   4.081E-03   8.3697E-05   8.8380E-05   8.3453E-05 / 8.8069E-05   
4080   4.081E-03   8.5115E-05   9.1240E-05   8.4882E-05 / 9.0286E-05   
4090   4.081E-03   8.7694E-05   9.4221E-05   8.7462E-05 / 9.2969E-05   
4100   4.081E-03   9.8493E-05   1.0477E-04   9.7836E-05 / 1.0267E-04   
4110   4.081E-03   9.0161E-05   9.7456E-05   8.9973E-05 / 9.6514E-05   
4120   4.081E-03   9.5015E-05   1.0290E-04   9.4830E-05 / 1.0187E-04   
4130   4.081E-03   1.0149E-04   1.0488E-04   1.0129E-04 / 1.0403E-04   
4140   4.081E-03   1.0705E-04   1.1138E-04   1.0638E-04 / 1.0973E-04   
4150   4.081E-03   8.6225E-05   9.4489E-05   8.5986E-05 / 9.3410E-05   
4160   4.081E-03   1.4910E-04   1.4255E-04   1.4882E-04 / 1.4169E-04   
4170   4.081E-03   8.6962E-05   9.3458E-05   8.6777E-05 / 9.2917E-05   
4180   4.081E-03   8.8472E-05   9.5641E-05   8.8253E-05 / 9.4382E-05   
4190   4.081E-03   8.2622E-05   8.8052E-05   8.2394E-05 / 8.6898E-05   
4200   4.081E-03   1.0475E-04   1.1180E-04   1.0452E-04 / 1.1133E-04   
4210   4.081E-03   9.0191E-05   9.4969E-05   8.9958E-05 / 9.4590E-05   
4220   4.081E-03   8.5773E-05   9.4194E-05   8.5595E-05 / 9.3241E-05   
4230   4.081E-03   9.3314E-05   9.7749E-05   9.3026E-05 / 9.6539E-05   
4240   4.081E-03   8.4994E-05   9.4026E-05   8.4791E-05 / 9.2938E-05   
4250   4.081E-03   9.6198E-05   1.0053E-04   9.5921E-05 / 9.9731E-05   
4260   4.081E-03   1.4315E-04   1.4667E-04   1.4294E-04 / 1.4526E-04   
4270   4.081E-03   9.1384E-05   9.3473E-05   9.1253E-05 / 9.2969E-05   
4280   4.081E-03   8.2566E-05   8.7242E-05   8.2369E-05 / 8.6472E-05   
4290   4.081E-03   8.2077E-05   8.7711E-05   8.1847E-05 / 8.6638E-05   
4300   4.081E-03   8.2579E-05   8.6967E-05   8.2334E-05 / 8.6547E-05   
4310   4.081E-03   8.4418E-05   9.0767E-05   8.4156E-05 / 9.0117E-05   
4320   4.081E-03   8.4475E-05   9.2403E-05   8.4255E-05 / 9.1699E-05   
4330   4.081E-03   8.8615E-05   9.3776E-05   8.8452E-05 / 9.3043E-05   
4340   4.081E-03   1.4556E-04   1.4509E-04   1.4525E-04 / 1.4438E-04   
4350   4.081E-03   1.0117E-04   1.0868E-04   1.0101E-04 / 1.0786E-04   
4360   4.081E-03   9.0327E-05   9.6228E-05   8.8662E-05 / 9.2322E-05   
4370   4.081E-03   8.5827E-05   9.3240E-05   8.5671E-05 / 9.2152E-05   
4380   4.081E-03   8.5169E-05   9.1823E-05   8.4904E-05 / 9.0290E-05   
4390   4.081E-03   8.8176E-05   9.6355E-05   8.7973E-05 / 9.5491E-05   
4400   4.081E-03   1.1132E-04   1.1081E-04   1.1104E-04 / 1.1043E-04   
4410   4.081E-03   9.9640E-05   1.1112E-04   9.9423E-05 / 1.1033E-04   
4420   4.081E-03   8.3136E-05   8.9385E-05   8.2948E-05 / 8.8925E-05   
4430   4.081E-03   8.9104E-05   9.2108E-05   8.8918E-05 / 9.1221E-05   
4440   4.081E-03   1.5419E-04   1.4410E-04   1.5403E-04 / 1.4331E-04   
4450   4.081E-03   9.8095E-05   1.0125E-04   9.7329E-05 / 9.8801E-05   
4460   4.081E-03   1.0136E-04   1.0904E-04   1.0110E-04 / 1.0780E-04   
4470   4.081E-03   1.0964E-04   1.1922E-04   1.0939E-04 / 1.1895E-04   
4480   4.081E-03   2.3963E-04   2.4496E-04   2.3792E-04 / 2.4208E-04   
4490   4.081E-03   8.8796E-05   9.3659E-05   8.8613E-05 / 9.2597E-05   
4500   4.081E-03   8.5120E-05   9.3428E-05   8.4947E-05 / 9.2401E-05   
4510   4.081E-03   8.1428E-05   8.9046E-05   8.1145E-05 / 8.8032E-05   
4520   4.081E-03   8.2826E-05   8.7636E-05   8.2552E-05 / 8.6724E-05   
4530   4.081E-03   8.5307E-05   9.1019E-05   8.5022E-05 / 8.9806E-05   
4540   4.081E-03   8.8743E-05   9.5056E-05   8.8411E-05 / 9.4234E-05   
4550   4.081E-03   8.8941E-05   9.3689E-05   8.8710E-05 / 9.3011E-05   
4560   4.081E-03   8.6566E-05   9.1240E-05   8.6280E-05 / 9.0430E-05   
4570   4.081E-03   8.2558E-05   9.1151E-05   8.2335E-05 / 9.0234E-05   
4580   4.081E-03   1.0556E-04   1.0363E-04   1.0533E-04 / 1.0307E-04   
4590   4.081E-03   3.7607E-04   3.6320E-04   3.7582E-04 / 3.6298E-04   
4600   4.081E-03   8.3600E-05   9.1639E-05   8.3450E-05 / 9.1117E-05   
4610   4.081E-03   8.2193E-05   9.0652E-05   8.2005E-05 / 8.9987E-05   
4620   4.081E-03   8.1424E-05   9.0984E-05   8.1194E-05 / 9.0324E-05   
4630   4.081E-03   8.1766E-05   9.1690E-05   8.1563E-05 / 9.1041E-05   
4640   4.081E-03   8.4612E-05   9.3246E-05   8.4380E-05 / 9.2516E-05   
4650   4.081E-03   8.2214E-05   9.3697E-05   8.2049E-05 / 9.2921E-05   
4660   4.081E-03   8.8086E-05   9.6347E-05   8.7903E-05 / 9.6110E-05   
4670   4.081E-03   9.6041E-05   1.0696E-04   9.5796E-05 / 1.0663E-04   
4680   4.081E-03   8.8010E-05   1.0058E-04   8.7790E-05 / 9.9844E-05   
4690   4.081E-03   7.9847E-05   9.1876E-05   7.9649E-05 / 9.1294E-05   
4700   4.081E-03   8.8188E-05   9.7765E-05   8.7985E-05 / 9.7039E-05   
4710   4.081E-03   9.6215E-05   1.0814E-04   9.5783E-05 / 1.0686E-04   
4720   4.081E-03   1.5574E-04   1.6275E-04   1.5552E-04 / 1.6188E-04   
4730   4.081E-03   8.6278E-05   9.4081E-05   8.6090E-05 / 9.3124E-05   
4740   4.081E-03   8.2791E-05   8.9783E-05   8.2601E-05 / 8.9525E-05   
4750   4.081E-03   1.2704E-04   1.2051E-04   1.2690E-04 / 1.1977E-04   
4760   4.081E-03   1.0105E-04   1.0726E-04   1.0081E-04 / 1.0630E-04   
4770   4.081E-03   8.6094E-05   9.3154E-05   8.6006E-05 / 9.2413E-05   
4780   4.081E-03   7.9821E-05   8.9653E-05   7.9567E-05 / 8.8656E-05   
4790   4.081E-03   8.1682E-05   8.9397E-05   8.1531E-05 / 8.8749E-05   
4800   4.081E-03   1.4648E-04   1.5197E-04   1.4629E-04 / 1.5180E-04   
4810   4.081E-03   1.0395E-04   1.1613E-04   1.0384E-04 / 1.1529E-04   
BEST MODEL
===============================================================================================================
4548   4.081E-03   8.1334E-05   8.6194E-05   8.1089E-05 / 8.5394E-05   
===============================================================================================================
Saved model to /home/nikki/kan/kanTBNN/models/multi_run/kan_experiment_163_opt/kanTBNN-24Nov08_14:28:55.pickle
