========== Dataset info ==========
Dataset params: {'file': '/home/nikki/kan/data/turbulence_dataset_clean.csv', 'Cases': ['fp_1000', 'fp_1410', 'fp_2000', 'fp_2540', 'fp_3030', 'fp_3270', 'fp_3630', 'fp_3970', 'fp_4060'], 'val_set': ['fp_3030', 'fp_1410', 'fp_4060'], 'test_set': ['fp_3630'], 'data_loader': <class 'tbnn.dataloaders.aDataset'>}
Train/Valid/Test points: 760 / 468 / 168
Memorization?: False
Cluster training?: False
EPOCH     LR        TRAIN         VALID             MSE:T/V                  RL:T/V             %NR_t/%NR_v
===============================================================================================================
  1   3.136E-03   1.8342E-01   1.7829E-01   1.8342E-01 / 1.7829E-01   
 10   3.136E-03   4.8500E-03   4.4698E-03   4.8487E-03 / 4.4679E-03   
 20   3.136E-03   2.7573E-03   2.6875E-03   2.7519E-03 / 2.6825E-03   
 30   3.136E-03   2.1483E-03   2.1171E-03   2.1451E-03 / 2.1145E-03   
 40   3.136E-03   1.6739E-03   1.6642E-03   1.6737E-03 / 1.6641E-03   
 50   3.136E-03   1.3718E-03   1.3825E-03   1.3717E-03 / 1.3825E-03   
 60   3.136E-03   1.1429E-03   1.1635E-03   1.1428E-03 / 1.1634E-03   
 70   3.136E-03   9.5857E-04   9.8034E-04   9.5847E-04 / 9.8030E-04   
 80   3.136E-03   8.1838E-04   8.4666E-04   8.1831E-04 / 8.4664E-04   
 90   3.136E-03   7.1373E-04   7.4436E-04   7.1366E-04 / 7.4435E-04   
100   3.136E-03   6.2457E-04   6.5648E-04   6.2455E-04 / 6.5648E-04   
110   3.136E-03   5.5916E-04   5.9873E-04   5.5915E-04 / 5.9872E-04   
120   3.136E-03   5.0574E-04   5.5654E-04   5.0571E-04 / 5.5652E-04   
130   3.136E-03   4.6449E-04   5.2498E-04   4.6445E-04 / 5.2497E-04   
140   3.136E-03   4.3210E-04   5.0295E-04   4.3207E-04 / 5.0295E-04   
150   3.136E-03   4.0135E-04   4.8113E-04   4.0126E-04 / 4.8107E-04   
160   3.136E-03   3.7725E-04   4.5886E-04   3.7706E-04 / 4.5873E-04   
170   3.136E-03   3.6095E-04   4.4549E-04   3.6080E-04 / 4.4541E-04   
180   3.136E-03   3.4825E-04   4.4101E-04   3.4796E-04 / 4.4075E-04   
190   3.136E-03   3.2414E-04   4.2557E-04   3.2407E-04 / 4.2551E-04   
200   3.136E-03   3.0802E-04   4.0570E-04   3.0792E-04 / 4.0564E-04   
210   3.136E-03   2.9748E-04   4.0299E-04   2.9737E-04 / 4.0294E-04   
220   3.136E-03   2.8775E-04   4.0545E-04   2.8762E-04 / 4.0537E-04   
230   3.136E-03   2.7976E-04   3.9249E-04   2.7962E-04 / 3.9242E-04   
240   3.136E-03   3.5778E-04   4.5429E-04   3.5337E-04 / 4.5299E-04   
250   3.136E-03   2.6389E-04   3.9018E-04   2.6372E-04 / 3.9008E-04   
260   3.136E-03   2.5341E-04   3.7092E-04   2.5321E-04 / 3.7077E-04   
270   3.136E-03   2.4504E-04   3.6104E-04   2.4482E-04 / 3.6085E-04   
280   3.136E-03   2.7437E-04   4.0570E-04   2.7422E-04 / 4.0555E-04   
290   3.136E-03   2.3726E-04   3.6007E-04   2.3702E-04 / 3.5984E-04   
300   3.136E-03   2.3215E-04   3.5338E-04   2.3186E-04 / 3.5310E-04   
310   3.136E-03   2.2672E-04   3.4425E-04   2.2637E-04 / 3.4392E-04   
320   3.136E-03   2.2714E-04   3.4252E-04   2.2669E-04 / 3.4211E-04   
330   3.136E-03   2.2080E-04   3.3788E-04   2.2039E-04 / 3.3752E-04   
340   3.136E-03   2.1452E-04   3.3551E-04   2.1412E-04 / 3.3518E-04   
350   3.136E-03   2.4216E-04   3.5879E-04   2.4174E-04 / 3.5846E-04   
360   3.136E-03   2.0685E-04   3.2988E-04   2.0637E-04 / 3.2951E-04   
370   3.136E-03   2.2876E-04   3.5135E-04   2.2815E-04 / 3.5099E-04   
380   3.136E-03   2.0907E-04   3.3952E-04   2.0875E-04 / 3.3930E-04   
390   3.136E-03   2.0191E-04   3.5470E-04   2.0146E-04 / 3.5437E-04   
400   3.136E-03   1.9660E-04   3.4500E-04   1.9616E-04 / 3.4466E-04   
410   3.136E-03   1.9177E-04   3.5396E-04   1.9130E-04 / 3.5358E-04   
420   3.136E-03   1.9649E-04   3.6261E-04   1.9614E-04 / 3.6234E-04   
430   3.136E-03   1.9526E-04   3.6136E-04   1.9485E-04 / 3.6101E-04   
440   3.136E-03   1.8816E-04   3.7044E-04   1.8777E-04 / 3.7009E-04   
450   3.136E-03   1.8549E-04   3.8116E-04   1.8507E-04 / 3.8079E-04   
460   3.136E-03   2.0551E-04   3.9022E-04   2.0527E-04 / 3.9000E-04   
470   3.136E-03   1.7580E-04   3.8122E-04   1.7542E-04 / 3.8087E-04   
480   3.136E-03   1.9460E-04   3.7965E-04   1.9429E-04 / 3.7937E-04   
490   3.136E-03   1.7467E-04   3.9551E-04   1.7427E-04 / 3.9515E-04   
500   3.136E-03   2.4474E-04   4.4761E-04   2.3804E-04 / 4.4233E-04   
510   3.136E-03   1.7306E-04   3.7251E-04   1.7277E-04 / 3.7223E-04   
520   3.136E-03   1.7114E-04   3.8460E-04   1.7078E-04 / 3.8427E-04   
530   3.136E-03   1.6344E-04   3.9154E-04   1.6313E-04 / 3.9125E-04   
540   3.136E-03   1.6272E-04   4.0017E-04   1.6237E-04 / 3.9987E-04   
550   3.136E-03   1.6996E-04   4.2297E-04   1.6966E-04 / 4.2270E-04   
560   3.136E-03   1.5876E-04   4.2250E-04   1.5846E-04 / 4.2223E-04   
570   3.136E-03   1.5429E-04   4.3013E-04   1.5401E-04 / 4.2988E-04   
580   3.136E-03   1.6731E-04   4.5345E-04   1.6692E-04 / 4.5320E-04   
590   3.136E-03   1.6671E-04   4.5395E-04   1.6644E-04 / 4.5372E-04   
600   3.136E-03   1.5166E-04   4.4651E-04   1.5137E-04 / 4.4626E-04   
610   3.136E-03   1.5488E-04   4.5859E-04   1.5461E-04 / 4.5837E-04   
620   3.136E-03   1.6815E-04   4.6406E-04   1.6799E-04 / 4.6393E-04   
BEST MODEL
===============================================================================================================
360   3.136E-03   2.0685E-04   3.2988E-04   2.0637E-04 / 3.2951E-04   
===============================================================================================================
Saved model to /home/nikki/kan/kanTBNN/models/multi_run/kan_experiment_91_opt/kanTBNN-24Nov06_22:11:07.pickle
