========== Dataset info ==========
Dataset params: {'file': '/home/nikki/kan/data/turbulence_dataset_clean.csv', 'Cases': ['fp_1000', 'fp_1410', 'fp_2000', 'fp_2540', 'fp_3030', 'fp_3270', 'fp_3630', 'fp_3970', 'fp_4060'], 'val_set': ['fp_3030', 'fp_1410', 'fp_4060'], 'test_set': ['fp_3630'], 'data_loader': <class 'tbnn.dataloaders.aDataset'>}
Train/Valid/Test points: 760 / 468 / 168
Memorization?: False
Cluster training?: False
EPOCH     LR        TRAIN         VALID             MSE:T/V                  RL:T/V             %NR_t/%NR_v
===============================================================================================================
  1   3.730E-03   3.6395E-01   3.4761E-01   2.1397E-01 / 2.0742E-01   
 10   3.730E-03   8.2687E-03   6.6769E-03   7.5920E-03 / 6.5646E-03   
 20   3.730E-03   2.9753E-03   2.6605E-03   2.9506E-03 / 2.6503E-03   
 30   3.730E-03   2.1910E-03   2.0953E-03   2.1879E-03 / 2.0919E-03   
 40   3.730E-03   1.7542E-03   1.7323E-03   1.7507E-03 / 1.7288E-03   
 50   3.730E-03   1.5275E-03   1.5304E-03   1.5237E-03 / 1.5262E-03   
 60   3.730E-03   1.3542E-03   1.3666E-03   1.3507E-03 / 1.3626E-03   
 70   3.730E-03   1.2010E-03   1.2169E-03   1.1982E-03 / 1.2146E-03   
 80   3.730E-03   1.0638E-03   1.0828E-03   1.0614E-03 / 1.0808E-03   
 90   3.730E-03   9.4300E-04   9.7009E-04   9.4153E-04 / 9.6857E-04   
100   3.730E-03   8.3435E-04   8.6247E-04   8.3339E-04 / 8.6137E-04   
110   3.730E-03   7.3703E-04   7.6616E-04   7.3637E-04 / 7.6545E-04   
120   3.730E-03   6.5057E-04   6.8167E-04   6.4784E-04 / 6.7876E-04   
130   3.730E-03   5.5705E-04   5.8454E-04   5.5689E-04 / 5.8439E-04   
140   3.730E-03   4.6500E-04   4.9561E-04   4.6474E-04 / 4.9537E-04   
150   3.730E-03   3.9541E-04   4.2975E-04   3.9521E-04 / 4.2946E-04   
160   3.730E-03   3.5489E-04   3.8901E-04   3.5456E-04 / 3.8861E-04   
170   3.730E-03   3.2279E-04   3.5631E-04   3.2275E-04 / 3.5625E-04   
180   3.730E-03   2.9836E-04   3.3339E-04   2.9828E-04 / 3.3330E-04   
190   3.730E-03   2.7894E-04   3.1262E-04   2.7890E-04 / 3.1255E-04   
200   3.730E-03   2.6251E-04   2.9887E-04   2.6203E-04 / 2.9827E-04   
210   3.730E-03   2.4643E-04   2.8323E-04   2.4630E-04 / 2.8302E-04   
220   3.730E-03   2.3356E-04   2.6939E-04   2.3354E-04 / 2.6932E-04   
230   3.730E-03   2.2240E-04   2.6271E-04   2.2151E-04 / 2.6189E-04   
240   3.730E-03   2.0849E-04   2.4618E-04   2.0846E-04 / 2.4612E-04   
250   3.730E-03   1.9797E-04   2.3751E-04   1.9793E-04 / 2.3742E-04   
260   3.730E-03   1.8853E-04   2.2892E-04   1.8850E-04 / 2.2883E-04   
270   3.730E-03   1.8000E-04   2.1918E-04   1.7992E-04 / 2.1906E-04   
280   3.730E-03   1.7271E-04   2.1830E-04   1.7266E-04 / 2.1822E-04   
290   3.730E-03   1.6573E-04   2.0970E-04   1.6566E-04 / 2.0960E-04   
300   3.730E-03   1.5862E-04   2.0684E-04   1.5831E-04 / 2.0662E-04   
310   3.730E-03   1.5135E-04   1.9927E-04   1.5127E-04 / 1.9921E-04   
320   3.730E-03   1.4569E-04   1.9729E-04   1.4531E-04 / 1.9694E-04   
330   3.730E-03   1.4026E-04   1.9107E-04   1.4023E-04 / 1.9101E-04   
340   3.730E-03   1.3448E-04   1.9090E-04   1.3445E-04 / 1.9085E-04   
350   3.730E-03   1.3083E-04   1.8791E-04   1.3040E-04 / 1.8750E-04   
360   3.730E-03   1.2585E-04   1.8324E-04   1.2578E-04 / 1.8316E-04   
370   3.730E-03   1.1981E-04   1.7611E-04   1.1974E-04 / 1.7601E-04   
380   3.730E-03   1.1830E-04   1.7027E-04   1.1826E-04 / 1.7018E-04   
390   3.730E-03   1.1343E-04   1.7339E-04   1.1331E-04 / 1.7321E-04   
400   3.730E-03   1.0941E-04   1.6254E-04   1.0933E-04 / 1.6239E-04   
410   3.730E-03   1.0697E-04   1.5994E-04   1.0650E-04 / 1.5941E-04   
420   3.730E-03   1.0334E-04   1.5717E-04   1.0316E-04 / 1.5692E-04   
430   3.730E-03   1.0222E-04   1.5922E-04   1.0164E-04 / 1.5870E-04   
440   3.730E-03   9.8846E-05   1.4980E-04   9.8393E-05 / 1.4932E-04   
450   3.730E-03   9.7418E-05   1.4857E-04   9.7167E-05 / 1.4829E-04   
460   3.730E-03   1.0167E-04   1.5579E-04   1.0167E-04 / 1.5575E-04   
470   3.730E-03   9.0617E-05   1.4269E-04   9.0331E-05 / 1.4239E-04   
480   3.730E-03   9.8049E-05   1.4985E-04   9.4439E-05 / 1.4646E-04   
490   3.730E-03   8.7171E-05   1.3813E-04   8.6880E-05 / 1.3788E-04   
500   3.730E-03   9.7380E-05   1.5358E-04   9.7069E-05 / 1.5330E-04   
510   3.730E-03   8.3639E-05   1.3704E-04   8.3312E-05 / 1.3675E-04   
520   3.730E-03   8.1011E-05   1.3666E-04   8.0995E-05 / 1.3663E-04   
530   3.730E-03   7.7774E-05   1.3150E-04   7.7774E-05 / 1.3147E-04   
540   3.730E-03   7.7465E-05   1.2973E-04   7.6369E-05 / 1.2871E-04   
550   3.730E-03   7.4938E-05   1.1817E-04   7.4896E-05 / 1.1813E-04   
560   3.730E-03   7.1340E-05   1.2301E-04   7.1337E-05 / 1.2299E-04   
570   3.730E-03   6.9989E-05   1.2014E-04   6.9832E-05 / 1.2004E-04   
580   3.730E-03   6.7777E-05   1.1599E-04   6.7776E-05 / 1.1597E-04   
590   3.730E-03   6.8404E-05   1.1828E-04   6.8404E-05 / 1.1827E-04   
600   3.730E-03   6.5396E-05   1.1458E-04   6.5360E-05 / 1.1453E-04   
610   3.730E-03   6.4041E-05   1.1467E-04   6.3329E-05 / 1.1397E-04   
620   3.730E-03   6.3178E-05   1.0759E-04   6.3177E-05 / 1.0758E-04   
630   3.730E-03   6.3138E-05   1.1050E-04   6.3138E-05 / 1.1050E-04   
640   3.730E-03   5.8211E-05   1.0041E-04   5.8177E-05 / 1.0038E-04   
650   3.730E-03   5.9119E-05   1.0331E-04   5.9104E-05 / 1.0331E-04   
660   3.730E-03   5.6337E-05   9.4802E-05   5.6335E-05 / 9.4797E-05   
670   3.730E-03   5.5677E-05   9.8490E-05   5.5410E-05 / 9.8255E-05   
680   3.730E-03   5.3861E-05   9.3089E-05   5.3770E-05 / 9.2990E-05   
690   3.730E-03   5.4010E-05   9.3560E-05   5.4010E-05 / 9.3560E-05   
700   3.730E-03   5.0247E-05   8.9614E-05   5.0105E-05 / 8.9441E-05   
710   3.730E-03   5.4116E-05   9.4268E-05   5.3968E-05 / 9.4083E-05   
720   3.730E-03   4.9973E-05   8.7042E-05   4.9952E-05 / 8.7010E-05   
730   3.730E-03   5.2216E-05   8.6085E-05   5.0960E-05 / 8.5015E-05   
740   3.730E-03   4.7676E-05   8.3673E-05   4.7667E-05 / 8.3666E-05   
750   3.730E-03   6.1838E-05   1.0639E-04   6.1667E-05 / 1.0626E-04   
760   3.730E-03   4.7163E-05   8.2586E-05   4.6315E-05 / 8.1741E-05   
770   3.730E-03   4.5658E-05   7.9282E-05   4.4873E-05 / 7.8544E-05   
780   3.730E-03   4.5458E-05   7.8149E-05   4.5455E-05 / 7.8149E-05   
790   3.730E-03   4.6472E-05   8.1709E-05   4.6192E-05 / 8.1474E-05   
800   3.730E-03   4.3564E-05   7.5725E-05   4.3474E-05 / 7.5676E-05   
810   3.730E-03   4.5198E-05   7.6018E-05   4.5193E-05 / 7.6018E-05   
820   3.730E-03   4.3213E-05   7.8756E-05   4.3171E-05 / 7.8747E-05   
830   3.730E-03   4.1378E-05   7.4159E-05   4.1333E-05 / 7.4150E-05   
840   3.730E-03   3.8928E-05   6.9608E-05   3.8890E-05 / 6.9592E-05   
850   3.730E-03   3.8266E-05   7.0067E-05   3.8194E-05 / 7.0018E-05   
860   3.730E-03   4.7825E-05   9.0673E-05   4.7728E-05 / 9.0605E-05   
870   3.730E-03   3.9264E-05   7.3155E-05   3.9241E-05 / 7.3123E-05   
880   3.730E-03   3.8111E-05   6.5222E-05   3.8107E-05 / 6.5213E-05   
890   3.730E-03   4.1933E-05   7.5028E-05   4.1933E-05 / 7.5025E-05   
900   3.730E-03   3.6786E-05   6.4869E-05   3.6759E-05 / 6.4820E-05   
910   3.730E-03   3.4833E-05   6.3482E-05   3.4800E-05 / 6.3479E-05   
920   3.730E-03   3.6103E-05   6.2160E-05   3.6101E-05 / 6.2156E-05   
930   3.730E-03   3.7596E-05   6.8150E-05   3.7595E-05 / 6.8149E-05   
940   3.730E-03   3.6182E-05   6.5787E-05   3.6076E-05 / 6.5777E-05   
950   3.730E-03   3.5473E-05   6.8422E-05   3.5414E-05 / 6.8357E-05   
960   3.730E-03   3.6883E-05   6.9585E-05   3.6642E-05 / 6.9344E-05   
970   3.730E-03   3.2502E-05   6.3403E-05   3.2242E-05 / 6.3163E-05   
980   3.730E-03   3.3044E-05   5.9411E-05   3.3044E-05 / 5.9411E-05   
990   3.730E-03   3.2111E-05   5.6965E-05   3.2050E-05 / 5.6936E-05   
1000   3.730E-03   3.1831E-05   5.8331E-05   3.1729E-05 / 5.8279E-05   
1010   3.730E-03   3.1021E-05   6.3116E-05   3.1001E-05 / 6.3115E-05   
1020   3.730E-03   3.5425E-05   5.3879E-05   3.5191E-05 / 5.3723E-05   
1030   3.730E-03   3.6528E-05   6.0333E-05   3.5328E-05 / 5.9317E-05   
1040   3.730E-03   3.5536E-05   6.3216E-05   3.5394E-05 / 6.3150E-05   
1050   3.730E-03   3.3612E-05   5.9351E-05   3.2783E-05 / 5.8924E-05   
1060   3.730E-03   2.8370E-05   5.4592E-05   2.8370E-05 / 5.4592E-05   
1070   3.730E-03   2.9436E-05   5.6015E-05   2.8935E-05 / 5.5580E-05   
1080   3.730E-03   2.8941E-05   5.6882E-05   2.8940E-05 / 5.6881E-05   
1090   3.730E-03   2.7731E-05   5.0668E-05   2.7731E-05 / 5.0667E-05   
1100   3.730E-03   2.6749E-05   5.2174E-05   2.6665E-05 / 5.2101E-05   
1110   3.730E-03   3.4282E-05   6.0441E-05   3.4257E-05 / 6.0407E-05   
1120   3.730E-03   2.6133E-05   5.1875E-05   2.6000E-05 / 5.1739E-05   
1130   3.730E-03   3.2806E-05   5.8651E-05   3.2806E-05 / 5.8651E-05   
1140   3.730E-03   2.6872E-05   5.5994E-05   2.6810E-05 / 5.5915E-05   
1150   3.730E-03   2.6490E-05   5.0917E-05   2.6441E-05 / 5.0841E-05   
1160   3.730E-03   2.9011E-05   5.9234E-05   2.8171E-05 / 5.8454E-05   
1170   3.730E-03   2.5434E-05   5.3128E-05   2.5355E-05 / 5.3009E-05   
1180   3.730E-03   3.0211E-05   5.5874E-05   3.0211E-05 / 5.5874E-05   
1190   3.730E-03   2.7404E-05   5.4329E-05   2.7383E-05 / 5.4303E-05   
1200   3.730E-03   2.5335E-05   5.2249E-05   2.5333E-05 / 5.2242E-05   
1210   3.730E-03   2.6819E-05   5.5430E-05   2.6680E-05 / 5.5369E-05   
1220   3.730E-03   2.9586E-05   5.6313E-05   2.8967E-05 / 5.5680E-05   
1230   3.730E-03   2.2950E-05   5.0550E-05   2.2921E-05 / 5.0507E-05   
1240   3.730E-03   2.3772E-05   5.3054E-05   2.3772E-05 / 5.3054E-05   
1250   3.730E-03   2.8251E-05   5.5347E-05   2.8131E-05 / 5.5316E-05   
1260   3.730E-03   2.2841E-05   5.0350E-05   2.2832E-05 / 5.0343E-05   
1270   3.730E-03   2.2443E-05   4.8851E-05   2.2434E-05 / 4.8851E-05   
1280   3.730E-03   2.3557E-05   4.8944E-05   2.3407E-05 / 4.8793E-05   
1290   3.730E-03   2.6143E-05   5.5549E-05   2.5710E-05 / 5.5168E-05   
1300   3.730E-03   2.7458E-05   5.2026E-05   2.7141E-05 / 5.1740E-05   
1310   3.730E-03   2.1322E-05   4.9209E-05   2.1321E-05 / 4.9209E-05   
1320   3.730E-03   2.4166E-05   5.1710E-05   2.3894E-05 / 5.1675E-05   
1330   3.730E-03   2.1051E-05   4.5985E-05   2.1031E-05 / 4.5977E-05   
1340   3.730E-03   2.3098E-05   5.1895E-05   2.3035E-05 / 5.1882E-05   
1350   3.730E-03   2.0901E-05   4.8498E-05   2.0891E-05 / 4.8498E-05   
1360   3.730E-03   2.0845E-05   4.9194E-05   2.0764E-05 / 4.9155E-05   
1370   3.730E-03   2.1316E-05   5.0016E-05   2.1226E-05 / 4.9969E-05   
1380   3.730E-03   2.1534E-05   4.6569E-05   2.1532E-05 / 4.6569E-05   
1390   3.730E-03   2.3260E-05   4.8787E-05   2.3101E-05 / 4.8685E-05   
1400   3.730E-03   2.1458E-05   5.4375E-05   2.1450E-05 / 5.4375E-05   
1410   3.730E-03   2.1643E-05   4.9266E-05   2.1425E-05 / 4.9105E-05   
1420   3.730E-03   1.9136E-05   4.9307E-05   1.9133E-05 / 4.9303E-05   
1430   3.730E-03   2.8786E-05   6.0816E-05   2.8694E-05 / 6.0761E-05   
1440   3.730E-03   1.9353E-05   4.8489E-05   1.9348E-05 / 4.8488E-05   
1450   3.730E-03   2.0710E-05   5.0203E-05   2.0709E-05 / 5.0203E-05   
1460   3.730E-03   1.9540E-05   4.9212E-05   1.9497E-05 / 4.9189E-05   
1470   3.730E-03   1.9138E-05   5.1067E-05   1.9134E-05 / 5.1066E-05   
1480   3.730E-03   1.9787E-05   4.7785E-05   1.9667E-05 / 4.7693E-05   
1490   3.730E-03   2.1127E-05   5.0004E-05   2.1110E-05 / 5.0004E-05   
1500   3.730E-03   2.0688E-05   5.1797E-05   2.0686E-05 / 5.1797E-05   
1510   3.730E-03   2.1993E-05   5.1747E-05   2.1966E-05 / 5.1727E-05   
1520   3.730E-03   2.0348E-05   4.7556E-05   2.0278E-05 / 4.7490E-05   
1530   3.730E-03   1.8710E-05   4.7447E-05   1.8373E-05 / 4.7181E-05   
1540   3.730E-03   1.8252E-05   4.9759E-05   1.8215E-05 / 4.9739E-05   
1550   3.730E-03   2.0198E-05   4.9198E-05   2.0134E-05 / 4.9185E-05   
1560   3.730E-03   1.7566E-05   4.6591E-05   1.7479E-05 / 4.6509E-05   
1570   3.730E-03   2.0046E-05   4.6512E-05   2.0046E-05 / 4.6512E-05   
1580   3.730E-03   2.1846E-05   4.5691E-05   2.1846E-05 / 4.5691E-05   
1590   3.730E-03   1.8912E-05   4.7018E-05   1.8909E-05 / 4.7018E-05   
1600   3.730E-03   1.9396E-05   4.8305E-05   1.9389E-05 / 4.8305E-05   
1610   3.730E-03   1.7230E-05   4.5884E-05   1.7229E-05 / 4.5881E-05   
1620   3.730E-03   1.8811E-05   4.9186E-05   1.8769E-05 / 4.9118E-05   
1630   3.730E-03   2.1174E-05   5.0239E-05   2.1139E-05 / 5.0214E-05   
1640   3.730E-03   1.6057E-05   4.2681E-05   1.6029E-05 / 4.2644E-05   
1650   3.730E-03   2.8435E-05   5.6302E-05   2.0716E-05 / 4.8982E-05   
1660   3.730E-03   2.4789E-05   4.8410E-05   2.4508E-05 / 4.8152E-05   
1670   3.730E-03   1.9246E-05   4.5799E-05   1.9245E-05 / 4.5799E-05   
1680   3.730E-03   1.6098E-05   4.5226E-05   1.6027E-05 / 4.5137E-05   
1690   3.730E-03   1.7705E-05   4.9567E-05   1.7525E-05 / 4.9382E-05   
1700   3.730E-03   2.0237E-05   5.0927E-05   2.0237E-05 / 5.0927E-05   
1710   3.730E-03   1.5931E-05   4.5048E-05   1.5703E-05 / 4.4818E-05   
1720   3.730E-03   1.6019E-05   4.6788E-05   1.5923E-05 / 4.6684E-05   
1730   3.730E-03   1.6082E-05   4.5596E-05   1.6003E-05 / 4.5537E-05   
1740   3.730E-03   1.8922E-05   4.1736E-05   1.8856E-05 / 4.1702E-05   
1750   3.730E-03   1.6651E-05   4.6356E-05   1.6205E-05 / 4.6097E-05   
1760   3.730E-03   1.9074E-05   4.5741E-05   1.8944E-05 / 4.5605E-05   
1770   3.730E-03   2.0092E-05   4.4123E-05   2.0092E-05 / 4.4123E-05   
1780   3.730E-03   1.9358E-05   5.0387E-05   1.9356E-05 / 5.0387E-05   
1790   3.730E-03   1.6863E-05   4.6687E-05   1.6567E-05 / 4.6398E-05   
1800   3.730E-03   1.4941E-05   4.5047E-05   1.4850E-05 / 4.4985E-05   
1810   3.730E-03   1.5193E-05   4.6728E-05   1.5039E-05 / 4.6597E-05   
1820   3.730E-03   1.5641E-05   4.6738E-05   1.5641E-05 / 4.6738E-05   
1830   3.730E-03   1.6027E-05   4.4978E-05   1.5985E-05 / 4.4954E-05   
1840   3.730E-03   1.6874E-05   5.3063E-05   1.6470E-05 / 5.2768E-05   
1850   3.730E-03   1.5542E-05   7.2527E-05   1.5018E-05 / 7.2069E-05   
1860   3.730E-03   1.5848E-05   4.6089E-05   1.5790E-05 / 4.6056E-05   
1870   3.730E-03   1.4351E-05   6.1081E-05   1.4330E-05 / 6.1075E-05   
1880   3.730E-03   2.2444E-05   6.4191E-05   2.2443E-05 / 6.4191E-05   
1890   3.730E-03   1.7282E-05   5.2472E-05   1.7137E-05 / 5.2366E-05   
1900   3.730E-03   1.6515E-05   5.0572E-05   1.5586E-05 / 4.9705E-05   
1910   3.730E-03   1.3946E-05   5.1108E-05   1.3924E-05 / 5.1108E-05   
BEST MODEL
===============================================================================================================
1648   3.730E-03   1.7034E-05   4.0666E-05   1.6939E-05 / 4.0580E-05   
===============================================================================================================
Saved model to /home/nikki/kan/kanTBNN/models/multi_run/kan_experiment_56_opt/kanTBNN-24Nov06_08:12:23.pickle
