========== Dataset info ==========
Dataset params: {'file': '/home/nikki/kan/data/turbulence_dataset_clean.csv', 'Cases': ['fp_1000', 'fp_1410', 'fp_2000', 'fp_2540', 'fp_3030', 'fp_3270', 'fp_3630', 'fp_3970', 'fp_4060'], 'val_set': ['fp_3030', 'fp_1410', 'fp_4060'], 'test_set': ['fp_3630'], 'data_loader': <class 'tbnn.dataloaders.aDataset'>}
Train/Valid/Test points: 760 / 468 / 168
Memorization?: False
Cluster training?: False
EPOCH     LR        TRAIN         VALID             MSE:T/V                  RL:T/V             %NR_t/%NR_v
===============================================================================================================
  1   4.935E-03   1.6378E-01   1.6002E-01   1.6378E-01 / 1.6002E-01   
 10   4.935E-03   4.5670E-03   4.3956E-03   4.5626E-03 / 4.3904E-03   
 20   4.935E-03   2.7285E-03   2.6318E-03   2.7274E-03 / 2.6307E-03   
 30   4.935E-03   2.0844E-03   2.0229E-03   2.0837E-03 / 2.0223E-03   
 40   4.935E-03   1.7746E-03   1.7277E-03   1.7741E-03 / 1.7273E-03   
 50   4.935E-03   1.5725E-03   1.5332E-03   1.5718E-03 / 1.5323E-03   
 60   4.935E-03   1.4095E-03   1.3784E-03   1.4070E-03 / 1.3759E-03   
 70   4.935E-03   1.2567E-03   1.2365E-03   1.2535E-03 / 1.2335E-03   
 80   4.935E-03   1.1112E-03   1.1043E-03   1.1072E-03 / 1.1004E-03   
 90   4.935E-03   9.7199E-04   9.7389E-04   9.6908E-04 / 9.7076E-04   
100   4.935E-03   8.4439E-04   8.5644E-04   8.4214E-04 / 8.5405E-04   
110   4.935E-03   7.3138E-04   7.5406E-04   7.2948E-04 / 7.5221E-04   
120   4.935E-03   6.3423E-04   6.5577E-04   6.3314E-04 / 6.5459E-04   
130   4.935E-03   5.6213E-04   5.8962E-04   5.6151E-04 / 5.8883E-04   
140   4.935E-03   4.8734E-04   5.1267E-04   4.8682E-04 / 5.1185E-04   
150   4.935E-03   4.5820E-04   4.7843E-04   4.5784E-04 / 4.7761E-04   
160   4.935E-03   4.4324E-04   4.5909E-04   4.4280E-04 / 4.5818E-04   
170   4.935E-03   3.8616E-04   4.3195E-04   3.8581E-04 / 4.3139E-04   
180   4.935E-03   3.6292E-04   4.0669E-04   3.6258E-04 / 4.0629E-04   
190   4.935E-03   3.6242E-04   4.2071E-04   3.6200E-04 / 4.2015E-04   
200   4.935E-03   3.2758E-04   3.8010E-04   3.2742E-04 / 3.7991E-04   
210   4.935E-03   3.2291E-04   3.6658E-04   3.2267E-04 / 3.6615E-04   
220   4.935E-03   3.5758E-04   4.0446E-04   3.5705E-04 / 4.0372E-04   
230   4.935E-03   2.9086E-04   3.3662E-04   2.9044E-04 / 3.3587E-04   
240   4.935E-03   2.8788E-04   3.3314E-04   2.8739E-04 / 3.3224E-04   
250   4.935E-03   3.1264E-04   3.6739E-04   3.1236E-04 / 3.6661E-04   
260   4.935E-03   2.8484E-04   3.1655E-04   2.8436E-04 / 3.1559E-04   
270   4.935E-03   2.6025E-04   3.0027E-04   2.5951E-04 / 2.9918E-04   
280   4.935E-03   2.5811E-04   2.9228E-04   2.5755E-04 / 2.9134E-04   
290   4.935E-03   2.4471E-04   2.8373E-04   2.4385E-04 / 2.8275E-04   
300   4.935E-03   2.3804E-04   2.6921E-04   2.3750E-04 / 2.6839E-04   
310   4.935E-03   3.0279E-04   3.2672E-04   3.0169E-04 / 3.2527E-04   
320   4.935E-03   2.2710E-04   2.5590E-04   2.2652E-04 / 2.5509E-04   
330   4.935E-03   2.2091E-04   2.5603E-04   2.2050E-04 / 2.5527E-04   
340   4.935E-03   2.4602E-04   2.7909E-04   2.4427E-04 / 2.7728E-04   
350   4.935E-03   2.0586E-04   2.4025E-04   2.0530E-04 / 2.3952E-04   
360   4.935E-03   2.2341E-04   2.6667E-04   2.2276E-04 / 2.6580E-04   
370   4.935E-03   2.0152E-04   2.3652E-04   2.0103E-04 / 2.3573E-04   
380   4.935E-03   1.9535E-04   2.2990E-04   1.9483E-04 / 2.2908E-04   
390   4.935E-03   1.9446E-04   2.2292E-04   1.9382E-04 / 2.2196E-04   
400   4.935E-03   2.2856E-04   2.5759E-04   2.2804E-04 / 2.5672E-04   
410   4.935E-03   1.8561E-04   2.1155E-04   1.8510E-04 / 2.1073E-04   
420   4.935E-03   1.7158E-04   1.9695E-04   1.7109E-04 / 1.9616E-04   
430   4.935E-03   1.6637E-04   1.8892E-04   1.6596E-04 / 1.8826E-04   
440   4.935E-03   1.6353E-04   1.8174E-04   1.6311E-04 / 1.8114E-04   
450   4.935E-03   1.6576E-04   1.8432E-04   1.6515E-04 / 1.8370E-04   
460   4.935E-03   1.7295E-04   1.8273E-04   1.7261E-04 / 1.8222E-04   
470   4.935E-03   1.4849E-04   1.6602E-04   1.4818E-04 / 1.6570E-04   
480   4.935E-03   1.6077E-04   1.7347E-04   1.6009E-04 / 1.7282E-04   
490   4.935E-03   1.4228E-04   1.6445E-04   1.4199E-04 / 1.6419E-04   
500   4.935E-03   1.6531E-04   1.8160E-04   1.6505E-04 / 1.8133E-04   
510   4.935E-03   1.3295E-04   1.4841E-04   1.3278E-04 / 1.4827E-04   
520   4.935E-03   1.4241E-04   1.5905E-04   1.4223E-04 / 1.5887E-04   
530   4.935E-03   1.2890E-04   1.4870E-04   1.2856E-04 / 1.4850E-04   
540   4.935E-03   1.1781E-04   1.3528E-04   1.1760E-04 / 1.3510E-04   
550   4.935E-03   1.4625E-04   1.6486E-04   1.4601E-04 / 1.6460E-04   
560   4.935E-03   1.1371E-04   1.3393E-04   1.1318E-04 / 1.3346E-04   
570   4.935E-03   1.3191E-04   1.5202E-04   1.3136E-04 / 1.5151E-04   
580   4.935E-03   1.1431E-04   1.3117E-04   1.1403E-04 / 1.3082E-04   
590   4.935E-03   1.0097E-04   1.1835E-04   1.0046E-04 / 1.1772E-04   
600   4.935E-03   9.9620E-05   1.1749E-04   9.9381E-05 / 1.1710E-04   
610   4.935E-03   1.0058E-04   1.1988E-04   1.0039E-04 / 1.1962E-04   
620   4.935E-03   9.4675E-05   1.0935E-04   9.4023E-05 / 1.0858E-04   
630   4.935E-03   9.5363E-05   1.1140E-04   9.5104E-05 / 1.1095E-04   
640   4.935E-03   1.3852E-04   1.4964E-04   1.3839E-04 / 1.4936E-04   
650   4.935E-03   9.2989E-05   1.1310E-04   9.0849E-05 / 1.1083E-04   
660   4.935E-03   8.5883E-05   1.0853E-04   8.5693E-05 / 1.0802E-04   
670   4.935E-03   9.5139E-05   1.1676E-04   9.4581E-05 / 1.1570E-04   
680   4.935E-03   8.6457E-05   1.0765E-04   8.5943E-05 / 1.0700E-04   
690   4.935E-03   7.8842E-05   9.9553E-05   7.7902E-05 / 9.8504E-05   
700   4.935E-03   1.0627E-04   1.2179E-04   1.0560E-04 / 1.2097E-04   
710   4.935E-03   8.2627E-05   1.0694E-04   8.1801E-05 / 1.0539E-04   
720   4.935E-03   7.4623E-05   1.0076E-04   7.4292E-05 / 1.0023E-04   
730   4.935E-03   7.5486E-05   9.7954E-05   7.5373E-05 / 9.7589E-05   
740   4.935E-03   7.3849E-05   9.7013E-05   7.2264E-05 / 9.5195E-05   
750   4.935E-03   8.1635E-05   1.0879E-04   8.1533E-05 / 1.0844E-04   
760   4.935E-03   7.2138E-05   9.8307E-05   7.2066E-05 / 9.8033E-05   
770   4.935E-03   7.2311E-05   9.7326E-05   7.2221E-05 / 9.7044E-05   
780   4.935E-03   7.3743E-05   9.7891E-05   7.1704E-05 / 9.5814E-05   
790   4.935E-03   9.0659E-05   1.0854E-04   9.0625E-05 / 1.0835E-04   
800   4.935E-03   6.8606E-05   9.3528E-05   6.7069E-05 / 9.1883E-05   
810   4.935E-03   6.4167E-05   8.6952E-05   6.2788E-05 / 8.5471E-05   
820   4.935E-03   6.5136E-05   8.7446E-05   6.5085E-05 / 8.7119E-05   
830   4.935E-03   6.2259E-05   8.7927E-05   6.1873E-05 / 8.7401E-05   
840   4.935E-03   7.7727E-05   9.4142E-05   7.4886E-05 / 9.1355E-05   
850   4.935E-03   6.2404E-05   9.0020E-05   6.0370E-05 / 8.7815E-05   
860   4.935E-03   6.2399E-05   8.8890E-05   6.2304E-05 / 8.8560E-05   
870   4.935E-03   6.8379E-05   9.2838E-05   6.8362E-05 / 9.2665E-05   
880   4.935E-03   5.6906E-05   8.0316E-05   5.6878E-05 / 8.0103E-05   
890   4.935E-03   5.5040E-05   8.0507E-05   5.4126E-05 / 7.9448E-05   
900   4.935E-03   6.4361E-05   8.7735E-05   6.3835E-05 / 8.6753E-05   
910   4.935E-03   5.3200E-05   7.5906E-05   5.2953E-05 / 7.5547E-05   
920   4.935E-03   7.1785E-05   1.0211E-04   7.1193E-05 / 1.0139E-04   
930   4.935E-03   6.0298E-05   8.7930E-05   5.6665E-05 / 8.3994E-05   
940   4.935E-03   5.9254E-05   7.9841E-05   5.8842E-05 / 7.9069E-05   
950   4.935E-03   5.8453E-05   8.2285E-05   5.8113E-05 / 8.1627E-05   
960   4.935E-03   4.8063E-05   7.3453E-05   4.8034E-05 / 7.3330E-05   
970   4.935E-03   4.7999E-05   7.2006E-05   4.7735E-05 / 7.1637E-05   
980   4.935E-03   5.3457E-05   7.5321E-05   5.3147E-05 / 7.4793E-05   
990   4.935E-03   5.4824E-05   8.0802E-05   5.4721E-05 / 8.0651E-05   
1000   4.935E-03   5.9903E-05   8.4867E-05   5.7960E-05 / 8.2826E-05   
1010   4.935E-03   4.6986E-05   7.1642E-05   4.6615E-05 / 7.1077E-05   
1020   4.935E-03   4.5600E-05   6.8806E-05   4.4397E-05 / 6.7538E-05   
1030   4.935E-03   4.7005E-05   6.9061E-05   4.6797E-05 / 6.8744E-05   
1040   4.935E-03   9.1278E-05   1.1825E-04   9.1259E-05 / 1.1814E-04   
1050   4.935E-03   4.4454E-05   6.7279E-05   4.3391E-05 / 6.6224E-05   
1060   4.935E-03   4.6368E-05   6.8471E-05   4.6368E-05 / 6.8437E-05   
1070   4.935E-03   4.2263E-05   6.5090E-05   4.1602E-05 / 6.4417E-05   
1080   4.935E-03   4.9725E-05   6.9107E-05   4.9277E-05 / 6.8660E-05   
1090   4.935E-03   4.1280E-05   6.3411E-05   4.0480E-05 / 6.2543E-05   
1100   4.935E-03   4.6486E-05   6.7127E-05   4.6272E-05 / 6.6897E-05   
1110   4.935E-03   6.9389E-05   8.7401E-05   6.7963E-05 / 8.6610E-05   
1120   4.935E-03   4.2899E-05   6.2133E-05   4.2791E-05 / 6.2101E-05   
1130   4.935E-03   4.2012E-05   6.4914E-05   4.1522E-05 / 6.4484E-05   
1140   4.935E-03   3.9400E-05   5.9007E-05   3.9306E-05 / 5.8959E-05   
1150   4.935E-03   3.5851E-05   5.4773E-05   3.5673E-05 / 5.4652E-05   
1160   4.935E-03   4.3526E-05   6.6592E-05   4.3224E-05 / 6.6330E-05   
1170   4.935E-03   3.9945E-05   6.0515E-05   3.8040E-05 / 5.8543E-05   
1180   4.935E-03   4.1559E-05   6.4390E-05   4.1247E-05 / 6.4100E-05   
1190   4.935E-03   3.6574E-05   5.4576E-05   3.6494E-05 / 5.4551E-05   
1200   4.935E-03   3.4965E-05   5.3390E-05   3.4274E-05 / 5.2694E-05   
1210   4.935E-03   3.3154E-05   5.2567E-05   3.3093E-05 / 5.2511E-05   
1220   4.935E-03   3.5258E-05   5.4667E-05   3.5134E-05 / 5.4587E-05   
1230   4.935E-03   5.0349E-05   7.5480E-05   4.9966E-05 / 7.5152E-05   
1240   4.935E-03   3.8010E-05   5.7813E-05   3.7952E-05 / 5.7803E-05   
1250   4.935E-03   3.6632E-05   5.4922E-05   3.6518E-05 / 5.4835E-05   
1260   4.935E-03   3.2258E-05   5.1519E-05   3.2257E-05 / 5.1515E-05   
1270   4.935E-03   3.0733E-05   5.0568E-05   3.0485E-05 / 5.0303E-05   
1280   4.935E-03   3.9063E-05   5.4474E-05   3.8340E-05 / 5.3703E-05   
1290   4.935E-03   5.1595E-05   7.0894E-05   5.1427E-05 / 7.0753E-05   
1300   4.935E-03   3.1052E-05   4.8849E-05   3.0611E-05 / 4.8406E-05   
1310   4.935E-03   3.4292E-05   5.2518E-05   3.4288E-05 / 5.2486E-05   
1320   4.935E-03   3.0848E-05   5.1557E-05   3.0466E-05 / 5.1174E-05   
1330   4.935E-03   3.2236E-05   4.9955E-05   3.1961E-05 / 4.9673E-05   
1340   4.935E-03   4.1582E-05   6.5178E-05   4.0693E-05 / 6.4345E-05   
1350   4.935E-03   3.0053E-05   5.0542E-05   3.0008E-05 / 5.0515E-05   
1360   4.935E-03   2.8491E-05   4.5991E-05   2.8283E-05 / 4.5779E-05   
1370   4.935E-03   2.9695E-05   4.8699E-05   2.9546E-05 / 4.8595E-05   
1380   4.935E-03   2.9509E-05   4.8874E-05   2.9239E-05 / 4.8612E-05   
1390   4.935E-03   3.0006E-05   5.1990E-05   2.9946E-05 / 5.1941E-05   
1400   4.935E-03   2.6219E-05   4.4296E-05   2.6061E-05 / 4.4157E-05   
1410   4.935E-03   2.7728E-05   4.5617E-05   2.7430E-05 / 4.5331E-05   
1420   4.935E-03   2.8159E-05   4.5606E-05   2.8129E-05 / 4.5603E-05   
1430   4.935E-03   3.2275E-05   5.5325E-05   3.2201E-05 / 5.5280E-05   
1440   4.935E-03   3.3691E-05   5.1811E-05   3.2471E-05 / 5.0572E-05   
1450   4.935E-03   2.8980E-05   4.7286E-05   2.7271E-05 / 4.5506E-05   
1460   4.935E-03   2.5929E-05   4.4887E-05   2.5458E-05 / 4.4421E-05   
1470   4.935E-03   2.5163E-05   4.3975E-05   2.4137E-05 / 4.2927E-05   
1480   4.935E-03   5.4420E-05   7.2100E-05   5.4340E-05 / 7.2070E-05   
1490   4.935E-03   2.5752E-05   4.3653E-05   2.5751E-05 / 4.3653E-05   
1500   4.935E-03   2.8280E-05   4.3796E-05   2.8074E-05 / 4.3614E-05   
1510   4.935E-03   2.7172E-05   4.7115E-05   2.7172E-05 / 4.7115E-05   
1520   4.935E-03   2.5029E-05   4.4413E-05   2.5012E-05 / 4.4413E-05   
1530   4.935E-03   2.8622E-05   4.8177E-05   2.8532E-05 / 4.8110E-05   
1540   4.935E-03   2.4354E-05   4.3055E-05   2.4281E-05 / 4.3009E-05   
1550   4.935E-03   2.4330E-05   4.3462E-05   2.4213E-05 / 4.3359E-05   
1560   4.935E-03   2.3870E-05   4.1249E-05   2.3347E-05 / 4.0721E-05   
1570   4.935E-03   3.0948E-05   5.3411E-05   3.0901E-05 / 5.3388E-05   
1580   4.935E-03   3.3621E-05   5.4121E-05   3.3610E-05 / 5.4121E-05   
1590   4.935E-03   2.6110E-05   4.7094E-05   2.5997E-05 / 4.6984E-05   
1600   4.935E-03   2.9364E-05   4.8844E-05   2.9256E-05 / 4.8801E-05   
1610   4.935E-03   2.2743E-05   4.2997E-05   2.2507E-05 / 4.2792E-05   
1620   4.935E-03   2.2324E-05   4.0290E-05   2.2303E-05 / 4.0290E-05   
1630   4.935E-03   2.1922E-05   4.0893E-05   2.1669E-05 / 4.0732E-05   
1640   4.935E-03   2.3293E-05   4.2167E-05   2.3135E-05 / 4.2015E-05   
1650   4.935E-03   2.5935E-05   4.2848E-05   2.5918E-05 / 4.2848E-05   
1660   4.935E-03   2.5154E-05   4.6132E-05   2.5083E-05 / 4.6069E-05   
1670   4.935E-03   2.1756E-05   4.0037E-05   2.1726E-05 / 4.0037E-05   
1680   4.935E-03   2.9815E-05   4.8576E-05   2.9734E-05 / 4.8568E-05   
1690   4.935E-03   1.9760E-05   3.8836E-05   1.9755E-05 / 3.8826E-05   
1700   4.935E-03   1.9455E-05   3.7157E-05   1.9282E-05 / 3.7000E-05   
1710   4.935E-03   2.1976E-05   4.0895E-05   2.1958E-05 / 4.0871E-05   
1720   4.935E-03   2.1109E-05   3.9417E-05   2.0893E-05 / 3.9226E-05   
1730   4.935E-03   2.2051E-05   4.0625E-05   2.1638E-05 / 4.0258E-05   
1740   4.935E-03   2.1807E-05   3.6318E-05   2.1742E-05 / 3.6259E-05   
1750   4.935E-03   2.3235E-05   4.1694E-05   2.3125E-05 / 4.1677E-05   
1760   4.935E-03   2.0965E-05   3.9916E-05   2.0934E-05 / 3.9915E-05   
1770   4.935E-03   2.1746E-05   4.0110E-05   2.1428E-05 / 3.9837E-05   
1780   4.935E-03   2.7325E-05   4.5171E-05   2.4351E-05 / 4.2218E-05   
1790   4.935E-03   2.1592E-05   4.0223E-05   2.1040E-05 / 3.9720E-05   
1800   4.935E-03   1.8962E-05   3.7702E-05   1.8206E-05 / 3.7004E-05   
1810   4.935E-03   1.9874E-05   3.8282E-05   1.9847E-05 / 3.8273E-05   
1820   4.935E-03   2.2365E-05   4.2097E-05   2.2268E-05 / 4.2093E-05   
1830   4.935E-03   2.0045E-05   3.7364E-05   1.9897E-05 / 3.7347E-05   
1840   4.935E-03   2.1171E-05   3.6201E-05   2.1106E-05 / 3.6200E-05   
1850   4.935E-03   1.9541E-05   4.0083E-05   1.9238E-05 / 3.9813E-05   
1860   4.935E-03   2.3919E-05   4.3530E-05   2.3766E-05 / 4.3395E-05   
1870   4.935E-03   1.9718E-05   3.8969E-05   1.9677E-05 / 3.8969E-05   
1880   4.935E-03   1.7962E-05   3.7015E-05   1.7833E-05 / 3.6902E-05   
1890   4.935E-03   1.9819E-05   3.8890E-05   1.9812E-05 / 3.8890E-05   
1900   4.935E-03   1.7590E-05   3.5940E-05   1.7557E-05 / 3.5939E-05   
1910   4.935E-03   3.1169E-05   5.5301E-05   3.0758E-05 / 5.4919E-05   
1920   4.935E-03   1.8584E-05   3.7271E-05   1.8180E-05 / 3.6901E-05   
1930   4.935E-03   1.6971E-05   3.4918E-05   1.6756E-05 / 3.4724E-05   
1940   4.935E-03   1.7211E-05   3.5010E-05   1.7203E-05 / 3.5008E-05   
1950   4.935E-03   1.5844E-05   3.5061E-05   1.5760E-05 / 3.4989E-05   
1960   4.935E-03   1.6388E-05   3.4073E-05   1.6281E-05 / 3.3998E-05   
1970   4.935E-03   1.7418E-05   3.5333E-05   1.7146E-05 / 3.5075E-05   
1980   4.935E-03   1.7389E-05   3.4789E-05   1.7299E-05 / 3.4704E-05   
1990   4.935E-03   1.7140E-05   3.4746E-05   1.7027E-05 / 3.4643E-05   
2000   4.935E-03   2.9149E-05   4.2310E-05   2.9140E-05 / 4.2310E-05   
2010   4.935E-03   1.9410E-05   3.9443E-05   1.9404E-05 / 3.9443E-05   
2020   4.935E-03   1.7019E-05   3.4320E-05   1.6668E-05 / 3.3984E-05   
2030   4.935E-03   1.9778E-05   3.5839E-05   1.9773E-05 / 3.5832E-05   
2040   4.935E-03   1.8861E-05   3.9573E-05   1.8697E-05 / 3.9414E-05   
2050   4.935E-03   1.6059E-05   3.4532E-05   1.5887E-05 / 3.4364E-05   
2060   4.935E-03   2.8681E-05   4.5598E-05   2.8605E-05 / 4.5596E-05   
2070   4.935E-03   2.4085E-05   4.3496E-05   2.3972E-05 / 4.3384E-05   
2080   4.935E-03   1.5991E-05   3.4398E-05   1.5991E-05 / 3.4396E-05   
2090   4.935E-03   1.5545E-05   3.3813E-05   1.5531E-05 / 3.3791E-05   
2100   4.935E-03   3.6002E-05   5.1720E-05   3.5757E-05 / 5.1485E-05   
2110   4.935E-03   1.6336E-05   3.3880E-05   1.6147E-05 / 3.3693E-05   
2120   4.935E-03   2.1442E-05   3.8164E-05   2.1344E-05 / 3.8162E-05   
2130   4.935E-03   1.5113E-05   3.3374E-05   1.4776E-05 / 3.3045E-05   
2140   4.935E-03   2.3053E-05   3.8583E-05   2.3053E-05 / 3.8583E-05   
2150   4.935E-03   1.5180E-05   3.3467E-05   1.5131E-05 / 3.3407E-05   
2160   4.935E-03   1.6693E-05   3.5386E-05   1.6693E-05 / 3.5384E-05   
2170   4.935E-03   1.7061E-05   3.4744E-05   1.7054E-05 / 3.4743E-05   
2180   4.935E-03   1.8542E-05   3.5329E-05   1.8535E-05 / 3.5329E-05   
2190   4.935E-03   1.6498E-05   3.6238E-05   1.6435E-05 / 3.6162E-05   
2200   4.935E-03   1.5615E-05   3.2289E-05   1.5591E-05 / 3.2253E-05   
2210   4.935E-03   2.0321E-05   4.0494E-05   2.0045E-05 / 4.0225E-05   
2220   4.935E-03   1.7694E-05   3.4519E-05   1.7473E-05 / 3.4303E-05   
2230   4.935E-03   1.7558E-05   3.4592E-05   1.7451E-05 / 3.4475E-05   
2240   4.935E-03   1.9285E-05   3.5246E-05   1.9210E-05 / 3.5244E-05   
2250   4.935E-03   1.5935E-05   3.2629E-05   1.5329E-05 / 3.2069E-05   
2260   4.935E-03   1.9892E-05   3.5813E-05   1.9892E-05 / 3.5813E-05   
2270   4.935E-03   1.4664E-05   3.1338E-05   1.4576E-05 / 3.1236E-05   
2280   4.935E-03   1.5972E-05   3.2456E-05   1.5127E-05 / 3.1692E-05   
2290   4.935E-03   1.5170E-05   3.0161E-05   1.5153E-05 / 3.0137E-05   
2300   4.935E-03   2.2218E-05   3.8003E-05   2.2184E-05 / 3.7958E-05   
2310   4.935E-03   1.6552E-05   3.2249E-05   1.6541E-05 / 3.2249E-05   
2320   4.935E-03   1.4665E-05   3.0309E-05   1.4635E-05 / 3.0283E-05   
2330   4.935E-03   1.6318E-05   3.0580E-05   1.6315E-05 / 3.0580E-05   
2340   4.935E-03   1.7488E-05   3.2253E-05   1.7453E-05 / 3.2210E-05   
2350   4.935E-03   1.5486E-05   3.4021E-05   1.5484E-05 / 3.4018E-05   
2360   4.935E-03   1.6669E-05   3.0373E-05   1.6502E-05 / 3.0206E-05   
2370   4.935E-03   1.4906E-05   2.9591E-05   1.4680E-05 / 2.9372E-05   
2380   4.935E-03   1.4688E-05   2.8771E-05   1.4080E-05 / 2.8216E-05   
2390   4.935E-03   1.3774E-05   2.8247E-05   1.3676E-05 / 2.8145E-05   
2400   4.935E-03   1.4760E-05   2.9672E-05   1.4446E-05 / 2.9374E-05   
2410   4.935E-03   1.5568E-05   3.0100E-05   1.4456E-05 / 2.9085E-05   
2420   4.935E-03   1.5360E-05   3.0531E-05   1.4796E-05 / 2.9995E-05   
2430   4.935E-03   1.9980E-05   3.3248E-05   1.9394E-05 / 3.2705E-05   
2440   4.935E-03   1.4800E-05   2.8738E-05   1.4795E-05 / 2.8734E-05   
2450   4.935E-03   2.0393E-05   3.4734E-05   2.0393E-05 / 3.4734E-05   
2460   4.935E-03   1.4074E-05   2.7536E-05   1.3992E-05 / 2.7452E-05   
2470   4.935E-03   1.5287E-05   3.0995E-05   1.5277E-05 / 3.0987E-05   
2480   4.935E-03   1.5190E-05   2.8043E-05   1.4980E-05 / 2.7840E-05   
2490   4.935E-03   1.9336E-05   3.4581E-05   1.9306E-05 / 3.4552E-05   
2500   4.935E-03   1.4975E-05   2.9586E-05   1.4974E-05 / 2.9586E-05   
2510   4.935E-03   1.4523E-05   2.9094E-05   1.4523E-05 / 2.9094E-05   
2520   4.935E-03   2.2961E-05   3.7221E-05   1.7112E-05 / 3.1439E-05   
2530   4.935E-03   1.5547E-05   3.1711E-05   1.5431E-05 / 3.1601E-05   
2540   4.935E-03   1.4700E-05   2.6308E-05   1.3836E-05 / 2.5508E-05   
2550   4.935E-03   1.6294E-05   2.9855E-05   1.6294E-05 / 2.9855E-05   
2560   4.935E-03   1.3980E-05   2.7741E-05   1.3916E-05 / 2.7683E-05   
2570   4.935E-03   1.5458E-05   2.9213E-05   1.5324E-05 / 2.9095E-05   
2580   4.935E-03   2.0081E-05   3.5438E-05   2.0081E-05 / 3.5438E-05   
2590   4.935E-03   1.4842E-05   2.7627E-05   1.4833E-05 / 2.7622E-05   
2600   4.935E-03   1.3840E-05   2.5593E-05   1.3444E-05 / 2.5225E-05   
2610   4.935E-03   2.0065E-05   3.2958E-05   1.5270E-05 / 2.8263E-05   
2620   4.935E-03   3.4212E-05   4.3116E-05   3.4212E-05 / 4.3116E-05   
2630   4.935E-03   1.6266E-05   2.8126E-05   1.6265E-05 / 2.8126E-05   
2640   4.935E-03   1.3375E-05   2.6540E-05   1.3356E-05 / 2.6528E-05   
2650   4.935E-03   1.4389E-05   2.6709E-05   1.4389E-05 / 2.6709E-05   
2660   4.935E-03   1.4084E-05   2.5294E-05   1.4084E-05 / 2.5294E-05   
2670   4.935E-03   1.4514E-05   2.7993E-05   1.4314E-05 / 2.7810E-05   
2680   4.935E-03   1.4193E-05   2.6334E-05   1.4193E-05 / 2.6334E-05   
2690   4.935E-03   2.0890E-05   3.2314E-05   2.0890E-05 / 3.2314E-05   
2700   4.935E-03   1.3254E-05   2.4688E-05   1.3191E-05 / 2.4639E-05   
2710   4.935E-03   1.3158E-05   2.4250E-05   1.2898E-05 / 2.4009E-05   
2720   4.935E-03   1.5313E-05   2.5564E-05   1.5306E-05 / 2.5562E-05   
2730   4.935E-03   1.9587E-05   3.3446E-05   1.9520E-05 / 3.3396E-05   
2740   4.935E-03   1.6194E-05   2.6344E-05   1.5280E-05 / 2.5457E-05   
2750   4.935E-03   1.5744E-05   2.6135E-05   1.5744E-05 / 2.6135E-05   
2760   4.935E-03   2.2657E-05   3.3262E-05   1.8619E-05 / 2.9308E-05   
2770   4.935E-03   1.4283E-05   2.4766E-05   1.4215E-05 / 2.4719E-05   
2780   4.935E-03   1.2658E-05   2.5748E-05   1.2564E-05 / 2.5674E-05   
2790   4.935E-03   1.6298E-05   2.7083E-05   1.6298E-05 / 2.7083E-05   
2800   4.935E-03   1.6008E-05   2.6425E-05   1.5081E-05 / 2.5505E-05   
2810   4.935E-03   1.7848E-05   2.9420E-05   1.7848E-05 / 2.9420E-05   
2820   4.935E-03   1.2558E-05   2.3678E-05   1.2347E-05 / 2.3491E-05   
2830   4.935E-03   1.5142E-05   2.3648E-05   1.5080E-05 / 2.3609E-05   
2840   4.935E-03   1.4500E-05   2.7002E-05   1.4500E-05 / 2.7002E-05   
2850   4.935E-03   3.8497E-05   5.1959E-05   2.2989E-05 / 3.6648E-05   
2860   4.935E-03   1.5413E-05   2.4965E-05   1.5277E-05 / 2.4856E-05   
2870   4.935E-03   1.5786E-05   2.7924E-05   1.5145E-05 / 2.7298E-05   
2880   4.935E-03   1.2051E-05   2.3556E-05   1.1895E-05 / 2.3429E-05   
2890   4.935E-03   2.3483E-05   3.5530E-05   2.2869E-05 / 3.4928E-05   
2900   4.935E-03   1.7848E-05   2.8339E-05   1.7848E-05 / 2.8339E-05   
2910   4.935E-03   1.4613E-05   2.5798E-05   1.4557E-05 / 2.5767E-05   
2920   4.935E-03   1.4448E-05   2.6532E-05   1.4448E-05 / 2.6532E-05   
2930   4.935E-03   1.2856E-05   2.4288E-05   1.2837E-05 / 2.4283E-05   
2940   4.935E-03   1.6778E-05   2.6415E-05   1.6776E-05 / 2.6415E-05   
2950   4.935E-03   1.9413E-05   3.1287E-05   1.4766E-05 / 2.6684E-05   
2960   4.935E-03   1.2855E-05   2.4703E-05   1.1698E-05 / 2.3540E-05   
2970   4.935E-03   1.3991E-05   2.4855E-05   1.3641E-05 / 2.4527E-05   
2980   4.935E-03   1.4555E-05   2.3157E-05   1.4555E-05 / 2.3157E-05   
2990   4.935E-03   1.2224E-05   2.4222E-05   1.2223E-05 / 2.4222E-05   
3000   4.935E-03   1.2556E-05   2.4720E-05   1.2003E-05 / 2.4174E-05   
3010   4.935E-03   1.2371E-05   2.3204E-05   1.1888E-05 / 2.2733E-05   
3020   4.935E-03   1.2727E-05   2.5156E-05   1.2630E-05 / 2.5091E-05   
3030   4.935E-03   1.4749E-05   2.5797E-05   1.3661E-05 / 2.4699E-05   
3040   4.935E-03   1.1912E-05   2.3013E-05   1.1429E-05 / 2.2541E-05   
3050   4.935E-03   1.7220E-05   2.4768E-05   1.6466E-05 / 2.4011E-05   
3060   4.935E-03   2.0107E-05   3.2928E-05   2.0077E-05 / 3.2916E-05   
3070   4.935E-03   1.1877E-05   2.3021E-05   1.1702E-05 / 2.2873E-05   
3080   4.935E-03   1.3943E-05   2.4938E-05   1.3943E-05 / 2.4938E-05   
3090   4.935E-03   1.8510E-05   3.3501E-05   1.8350E-05 / 3.3379E-05   
3100   4.935E-03   1.2562E-05   2.5025E-05   1.2562E-05 / 2.5025E-05   
3110   4.935E-03   1.3669E-05   2.5849E-05   1.3508E-05 / 2.5713E-05   
3120   4.935E-03   1.3628E-05   2.4994E-05   1.3626E-05 / 2.4994E-05   
3130   4.935E-03   2.7289E-05   4.1723E-05   2.6391E-05 / 4.0802E-05   
3140   4.935E-03   1.8045E-05   2.7192E-05   1.7073E-05 / 2.6203E-05   
3150   4.935E-03   1.1616E-05   2.4148E-05   1.1261E-05 / 2.3813E-05   
3160   4.935E-03   1.2127E-05   2.4195E-05   1.1959E-05 / 2.4063E-05   
3170   4.935E-03   1.4429E-05   2.7020E-05   1.4393E-05 / 2.7005E-05   
3180   4.935E-03   1.4307E-05   2.5519E-05   1.4086E-05 / 2.5318E-05   
3190   4.935E-03   1.2107E-05   2.3309E-05   1.1824E-05 / 2.3054E-05   
3200   4.935E-03   1.1596E-05   2.2856E-05   1.1571E-05 / 2.2846E-05   
3210   4.935E-03   1.1646E-05   2.3577E-05   1.1432E-05 / 2.3397E-05   
3220   4.935E-03   1.3144E-05   2.3667E-05   1.3123E-05 / 2.3659E-05   
BEST MODEL
===============================================================================================================
2957   4.935E-03   1.2112E-05   2.1970E-05   1.1833E-05 / 2.1719E-05   
===============================================================================================================
Saved model to /home/nikki/kan/kanTBNN/models/multi_run/kan_experiment_148_opt/kanTBNN-24Nov08_07:54:27.pickle
