CLUSTER: 2
Dataset total: 5461, test: 1084, final_val: 1109, tv: 3268

====================================================
                SEARCH ITERATION: 0 
====================================================


=====| CV SET: 0

Training points: 2233, validation points 1035
EPOCH    LR        TRAIN     VALID         MSE:T/V              RL:T/V         %NR_t/%NR_v
=============================================================================================
  1   1.000e-05   0.03942   0.04137   0.03942 / 0.04137   0.00000 / 0.00000   0.99% / 3.38%
 10   9.135e-06   0.03939   0.04134   0.03939 / 0.04134   0.00000 / 0.00000   0.99% / 3.38%

=====| CV SET: 1

Training points: 2172, validation points 1096
EPOCH    LR        TRAIN     VALID         MSE:T/V              RL:T/V         %NR_t/%NR_v
=============================================================================================
  1   1.000e-05   0.04000   0.04020   0.03996 / 0.04015   0.00004 / 0.00005   13.95% / 12.68%
 10   9.135e-06   0.03997   0.04016   0.03994 / 0.04013   0.00003 / 0.00004   14.00% / 12.68%

=====| CV SET: 2

Training points: 2131, validation points 1137
EPOCH    LR        TRAIN     VALID         MSE:T/V              RL:T/V         %NR_t/%NR_v
=============================================================================================
  1   1.000e-05   0.04081   0.03888   0.04065 / 0.03862   0.00016 / 0.00026   10.42% / 19.44%
 10   9.135e-06   0.04077   0.03883   0.04064 / 0.03860   0.00013 / 0.00023   10.46% / 19.53%

=============> NEW BEST CV SCORE FOUND: 0.04011221354206403 <==============
PARAMS:
{'early_stopping_patience': 20, 'max_epochs': 10, 'learning_rate': 1e-05, 'learning_rate_decay': 0.99, 'batch_size': 256, 'val_set': ['case_1p5', 'fp_1410', 'fp_3030']}
{'neurons': 80, 'n_hidden': 6, 'activation_function': SiLU(), 'input_features': ['komegasst_q6', 'komegasst_q5', 'komegasst_I1_1', 'komegasst_I1_3', 'komegasst_I2_3', 'komegasst_I1_5']}

====================================================
                SEARCH ITERATION: 1 
====================================================


=====| CV SET: 0

Training points: 2233, validation points 1035
EPOCH    LR        TRAIN     VALID         MSE:T/V              RL:T/V         %NR_t/%NR_v
=============================================================================================
  1   1.000e-04   0.04005   0.04185   0.03969 / 0.04164   0.00035 / 0.00021   15.63% / 7.92%
 10   1.342e-05   0.03962   0.04153   0.03954 / 0.04149   0.00008 / 0.00005   15.63% / 7.92%

=====| CV SET: 1

Training points: 2172, validation points 1096
EPOCH    LR        TRAIN     VALID         MSE:T/V              RL:T/V         %NR_t/%NR_v
=============================================================================================
  1   1.000e-04   0.04008   0.04029   0.04008 / 0.04029   0.00000 / 0.00000   1.66% / 1.92%
 10   1.342e-05   0.03973   0.03987   0.03973 / 0.03986   0.00000 / 0.00000   2.85% / 4.11%

=====| CV SET: 2

Training points: 2131, validation points 1137
EPOCH    LR        TRAIN     VALID         MSE:T/V              RL:T/V         %NR_t/%NR_v
=============================================================================================
  1   1.000e-04   0.04064   0.03860   0.04064 / 0.03860   0.00000 / 0.00000   2.63% / 0.09%
 10   1.342e-05   0.04039   0.03839   0.04038 / 0.03839   0.00000 / 0.00000   4.93% / 0.09%

=============> NEW BEST CV SCORE FOUND: 0.03992913911739985 <==============
PARAMS:
{'early_stopping_patience': 20, 'max_epochs': 10, 'learning_rate': 0.0001, 'learning_rate_decay': 0.8, 'batch_size': 64, 'val_set': ['case_1p5', 'fp_1410', 'fp_3030']}
{'neurons': 40, 'n_hidden': 7, 'activation_function': SiLU(), 'input_features': ['komegasst_q6', 'komegasst_q5', 'komegasst_I1_1', 'komegasst_I1_3', 'komegasst_I2_3', 'komegasst_I1_5']}

====================================================
                SEARCH ITERATION: 2 
====================================================


=====| CV SET: 0

Training points: 2233, validation points 1035
EPOCH    LR        TRAIN     VALID         MSE:T/V              RL:T/V         %NR_t/%NR_v
=============================================================================================
  1   1.000e-05   0.04001   0.04196   0.04001 / 0.04196   0.00000 / 0.00000   1.03% / 3.38%
 10   8.337e-06   0.04001   0.04196   0.04001 / 0.04196   0.00000 / 0.00000   0.99% / 3.38%

=====| CV SET: 1

Training points: 2172, validation points 1096
EPOCH    LR        TRAIN     VALID         MSE:T/V              RL:T/V         %NR_t/%NR_v
=============================================================================================
  1   1.000e-05   0.04162   0.04221   0.04029 / 0.04054   0.00132 / 0.00168   13.90% / 12.68%
 10   8.337e-06   0.04161   0.04220   0.04029 / 0.04054   0.00132 / 0.00167   13.90% / 12.68%

=====| CV SET: 2

Training points: 2131, validation points 1137
EPOCH    LR        TRAIN     VALID         MSE:T/V              RL:T/V         %NR_t/%NR_v
=============================================================================================
  1   1.000e-05   0.04147   0.03931   0.04146 / 0.03931   0.00002 / 0.00000   2.63% / 0.09%
 10   8.337e-06   0.04147   0.03931   0.04145 / 0.03931   0.00002 / 0.00000   2.63% / 0.09%

====================================================
                SEARCH ITERATION: 3 
====================================================


=====| CV SET: 0

Training points: 2233, validation points 1035
EPOCH    LR        TRAIN     VALID         MSE:T/V              RL:T/V         %NR_t/%NR_v
=============================================================================================
  1   1.000e-04   0.03939   0.04133   0.03939 / 0.04133   0.00000 / 0.00000   0.99% / 3.38%
 10   6.302e-05   0.03937   0.04131   0.03937 / 0.04131   0.00000 / 0.00000   0.99% / 3.38%

=====| CV SET: 1

Training points: 2172, validation points 1096
EPOCH    LR        TRAIN     VALID         MSE:T/V              RL:T/V         %NR_t/%NR_v
=============================================================================================
  1   1.000e-04   0.04014   0.04036   0.03978 / 0.03994   0.00037 / 0.00042   14.00% / 12.68%
 10   6.302e-05   0.04009   0.04030   0.03977 / 0.03993   0.00033 / 0.00037   14.09% / 12.68%

=====| CV SET: 2

Training points: 2131, validation points 1137
EPOCH    LR        TRAIN     VALID         MSE:T/V              RL:T/V         %NR_t/%NR_v
=============================================================================================
  1   1.000e-04   0.04192   0.04031   0.04075 / 0.03871   0.00117 / 0.00160   10.32% / 19.09%
 10   6.302e-05   0.04183   0.04019   0.04074 / 0.03870   0.00109 / 0.00150   10.32% / 19.09%

====================================================
                SEARCH ITERATION: 4 
====================================================


=====| CV SET: 0

Training points: 2233, validation points 1035
EPOCH    LR        TRAIN     VALID         MSE:T/V              RL:T/V         %NR_t/%NR_v
=============================================================================================
  1   1.000e-02   0.03879   0.04075   0.03879 / 0.04074   0.00000 / 0.00001   0.99% / 3.38%
 10   1.342e-03   0.03820   0.04015   0.03820 / 0.04015   0.00000 / 0.00000   0.99% / 3.38%

=====| CV SET: 1

Training points: 2172, validation points 1096
EPOCH    LR        TRAIN     VALID         MSE:T/V              RL:T/V         %NR_t/%NR_v
=============================================================================================
  1   1.000e-02   0.04009   0.04022   0.04002 / 0.04021   0.00007 / 0.00001   1.66% / 1.92%
 10   1.342e-03   0.03921   0.03929   0.03918 / 0.03929   0.00003 / 0.00001   1.66% / 1.92%

=====| CV SET: 2

Training points: 2131, validation points 1137
EPOCH    LR        TRAIN     VALID         MSE:T/V              RL:T/V         %NR_t/%NR_v
=============================================================================================
  1   1.000e-02   0.04041   0.03838   0.04037 / 0.03838   0.00004 / 0.00000   2.67% / 0.09%
 10   1.342e-03   0.03561   0.03422   0.03561 / 0.03422   0.00000 / 0.00000   2.72% / 0.97%

=============> NEW BEST CV SCORE FOUND: 0.03788596764206886 <==============
PARAMS:
{'early_stopping_patience': 20, 'max_epochs': 10, 'learning_rate': 0.01, 'learning_rate_decay': 0.8, 'batch_size': 128, 'val_set': ['case_1p5', 'fp_1410', 'fp_3030']}
{'neurons': 70, 'n_hidden': 9, 'activation_function': SiLU(), 'input_features': ['komegasst_q6', 'komegasst_q5', 'komegasst_I1_1', 'komegasst_I1_3', 'komegasst_I2_3', 'komegasst_I1_5']}

====================================================
                SEARCH ITERATION: 5 
====================================================


=====| CV SET: 0

Training points: 2233, validation points 1035
EPOCH    LR        TRAIN     VALID         MSE:T/V              RL:T/V         %NR_t/%NR_v
=============================================================================================
  1   1.000e-05   0.03943   0.04138   0.03943 / 0.04137   0.00000 / 0.00001   0.99% / 3.38%
 10   1.000e-05   0.03942   0.04138   0.03942 / 0.04137   0.00000 / 0.00001   0.99% / 3.38%

=====| CV SET: 1

Training points: 2172, validation points 1096
EPOCH    LR        TRAIN     VALID         MSE:T/V              RL:T/V         %NR_t/%NR_v
=============================================================================================
  1   1.000e-05   0.04052   0.04087   0.04037 / 0.04063   0.00015 / 0.00024   13.63% / 12.14%
 10   1.000e-05   0.04052   0.04087   0.04037 / 0.04063   0.00014 / 0.00024   13.63% / 12.14%

=====| CV SET: 2

Training points: 2131, validation points 1137
EPOCH    LR        TRAIN     VALID         MSE:T/V              RL:T/V         %NR_t/%NR_v
=============================================================================================
  1   1.000e-05   0.04104   0.03895   0.04104 / 0.03895   0.00000 / 0.00000   2.53% / 0.09%
 10   1.000e-05   0.04104   0.03895   0.04104 / 0.03895   0.00000 / 0.00000   2.53% / 0.18%

====================================================
                SEARCH ITERATION: 6 
====================================================


=====| CV SET: 0

Training points: 2233, validation points 1035
EPOCH    LR        TRAIN     VALID         MSE:T/V              RL:T/V         %NR_t/%NR_v
=============================================================================================
  1   1.000e-04   0.03895   0.04090   0.03895 / 0.04089   0.00000 / 0.00000   1.03% / 3.38%
 10   3.874e-05   0.03878   0.04073   0.03878 / 0.04072   0.00000 / 0.00001   3.31% / 8.50%

=====| CV SET: 1

Training points: 2172, validation points 1096
EPOCH    LR        TRAIN     VALID         MSE:T/V              RL:T/V         %NR_t/%NR_v
=============================================================================================
  1   1.000e-04   0.03948   0.03958   0.03947 / 0.03958   0.00001 / 0.00000   1.66% / 1.92%
 10   3.874e-05   0.03934   0.03941   0.03933 / 0.03941   0.00001 / 0.00000   2.26% / 2.92%

=====| CV SET: 2

Training points: 2131, validation points 1137
EPOCH    LR        TRAIN     VALID         MSE:T/V              RL:T/V         %NR_t/%NR_v
=============================================================================================
  1   1.000e-04   0.04235   0.04110   0.04057 / 0.03855   0.00178 / 0.00254   10.37% / 19.35%
 10   3.874e-05   0.04173   0.04032   0.04047 / 0.03847   0.00125 / 0.00185   10.37% / 19.35%

====================================================
                SEARCH ITERATION: 7 
====================================================


=====| CV SET: 0

Training points: 2233, validation points 1035
EPOCH    LR        TRAIN     VALID         MSE:T/V              RL:T/V         %NR_t/%NR_v
=============================================================================================
  1   1.000e-03   0.03974   0.04169   0.03974 / 0.04169   0.00000 / 0.00000   0.99% / 3.38%
 10   9.910e-04   0.03772   0.03953   0.03711 / 0.03909   0.00061 / 0.00044   19.79% / 12.46%

=====| CV SET: 1

Training points: 2172, validation points 1096
EPOCH    LR        TRAIN     VALID         MSE:T/V              RL:T/V         %NR_t/%NR_v
=============================================================================================
  1   1.000e-03   0.03998   0.04017   0.03998 / 0.04017   0.00000 / 0.00000   1.66% / 1.92%
 10   9.910e-04   0.03810   0.03790   0.03809 / 0.03790   0.00001 / 0.00000   1.84% / 2.46%

=====| CV SET: 2

Training points: 2131, validation points 1137
EPOCH    LR        TRAIN     VALID         MSE:T/V              RL:T/V         %NR_t/%NR_v
=============================================================================================
  1   1.000e-03   0.04080   0.03874   0.04080 / 0.03874   0.00000 / 0.00000   2.63% / 0.09%
 10   9.910e-04   0.03873   0.03700   0.03872 / 0.03700   0.00001 / 0.00000   2.67% / 0.09%

====================================================
                SEARCH ITERATION: 8 
====================================================


=====| CV SET: 0

Training points: 2233, validation points 1035
EPOCH    LR        TRAIN     VALID         MSE:T/V              RL:T/V         %NR_t/%NR_v
=============================================================================================
  1   1.000e-05   0.03963   0.04156   0.03958 / 0.04153   0.00005 / 0.00003   15.54% / 7.92%
 10   8.337e-06   0.03950   0.04144   0.03947 / 0.04142   0.00002 / 0.00002   15.49% / 7.92%

=====| CV SET: 1

Training points: 2172, validation points 1096
EPOCH    LR        TRAIN     VALID         MSE:T/V              RL:T/V         %NR_t/%NR_v
=============================================================================================
  1   1.000e-05   0.03983   0.04000   0.03983 / 0.04000   0.00000 / 0.00000   1.66% / 1.92%
 10   8.337e-06   0.03975   0.03990   0.03974 / 0.03990   0.00000 / 0.00000   2.44% / 2.55%

=====| CV SET: 2

Training points: 2131, validation points 1137
EPOCH    LR        TRAIN     VALID         MSE:T/V              RL:T/V         %NR_t/%NR_v
=============================================================================================
  1   1.000e-05   0.04094   0.03886   0.04093 / 0.03885   0.00002 / 0.00001   10.09% / 18.73%
 10   8.337e-06   0.04082   0.03877   0.04081 / 0.03876   0.00001 / 0.00001   10.09% / 18.73%

====================================================
                SEARCH ITERATION: 9 
====================================================


=====| CV SET: 0

Training points: 2233, validation points 1035
EPOCH    LR        TRAIN     VALID         MSE:T/V              RL:T/V         %NR_t/%NR_v
=============================================================================================
  1   1.000e-03   0.03955   0.04149   0.03955 / 0.04149   0.00000 / 0.00000   1.03% / 3.38%
 10   9.135e-04   0.03903   0.04099   0.03903 / 0.04098   0.00000 / 0.00000   5.78% / 9.18%

=====| CV SET: 1

Training points: 2172, validation points 1096
EPOCH    LR        TRAIN     VALID         MSE:T/V              RL:T/V         %NR_t/%NR_v
=============================================================================================
  1   1.000e-03   0.04029   0.04054   0.04029 / 0.04054   0.00000 / 0.00000   1.66% / 1.92%
 10   9.135e-04   0.03998   0.04017   0.03998 / 0.04017   0.00000 / 0.00000   1.66% / 1.92%

=====| CV SET: 2

Training points: 2131, validation points 1137
EPOCH    LR        TRAIN     VALID         MSE:T/V              RL:T/V         %NR_t/%NR_v
=============================================================================================
  1   1.000e-03   0.04097   0.03889   0.04097 / 0.03889   0.00000 / 0.00000   3.52% / 0.09%
 10   9.135e-04   0.04042   0.03852   0.04035 / 0.03837   0.00007 / 0.00015   13.51% / 19.88%

====================================================
                SEARCH ITERATION: 10 
====================================================


=====| CV SET: 0

Training points: 2233, validation points 1035
EPOCH    LR        TRAIN     VALID         MSE:T/V              RL:T/V         %NR_t/%NR_v
=============================================================================================
  1   1.000e-03   0.03861   0.04057   0.03861 / 0.04056   0.00000 / 0.00001   0.99% / 3.38%
 10   9.135e-04   0.03534   0.03734   0.03533 / 0.03728   0.00000 / 0.00006   0.99% / 3.38%

=====| CV SET: 1

Training points: 2172, validation points 1096
EPOCH    LR        TRAIN     VALID         MSE:T/V              RL:T/V         %NR_t/%NR_v
=============================================================================================
  1   1.000e-03   0.03956   0.03963   0.03932 / 0.03940   0.00024 / 0.00023   14.13% / 12.68%
 10   9.135e-04   0.03800   0.03786   0.03799 / 0.03785   0.00001 / 0.00001   18.00% / 16.79%

=====| CV SET: 2

Training points: 2131, validation points 1137
EPOCH    LR        TRAIN     VALID         MSE:T/V              RL:T/V         %NR_t/%NR_v
=============================================================================================
  1   1.000e-03   0.04035   0.03850   0.04026 / 0.03827   0.00009 / 0.00023   13.56% / 19.70%
 10   9.135e-04   0.03532   0.03397   0.03532 / 0.03397   0.00000 / 0.00000   2.86% / 0.62%

=============> NEW BEST CV SCORE FOUND: 0.03638773784041405 <==============
PARAMS:
{'early_stopping_patience': 20, 'max_epochs': 10, 'learning_rate': 0.001, 'learning_rate_decay': 0.99, 'batch_size': 64, 'val_set': ['case_1p5', 'fp_1410', 'fp_3030']}
{'neurons': 60, 'n_hidden': 10, 'activation_function': SiLU(), 'input_features': ['komegasst_q6', 'komegasst_q5', 'komegasst_I1_1', 'komegasst_I1_3', 'komegasst_I2_3', 'komegasst_I1_5']}

====================================================
                SEARCH ITERATION: 11 
====================================================


=====| CV SET: 0

Training points: 2233, validation points 1035
EPOCH    LR        TRAIN     VALID         MSE:T/V              RL:T/V         %NR_t/%NR_v
=============================================================================================
  1   1.000e-03   0.03967   0.04158   0.03958 / 0.04152   0.00009 / 0.00006   15.49% / 7.92%
 10   9.135e-04   0.03504   0.03701   0.03504 / 0.03699   0.00000 / 0.00002   1.30% / 6.18%

=====| CV SET: 1

Training points: 2172, validation points 1096
EPOCH    LR        TRAIN     VALID         MSE:T/V              RL:T/V         %NR_t/%NR_v
=============================================================================================
  1   1.000e-03   0.04036   0.04068   0.04029 / 0.04054   0.00006 / 0.00014   13.54% / 12.14%
 10   9.135e-04   0.03679   0.03625   0.03678 / 0.03624   0.00001 / 0.00000   12.62% / 11.86%

=====| CV SET: 2

Training points: 2131, validation points 1137
EPOCH    LR        TRAIN     VALID         MSE:T/V              RL:T/V         %NR_t/%NR_v
=============================================================================================
  1   1.000e-03   0.04070   0.03865   0.04069 / 0.03865   0.00001 / 0.00000   2.63% / 0.09%
 10   9.135e-04   0.03724   0.03561   0.03703 / 0.03553   0.00020 / 0.00008   4.50% / 0.26%

=============> NEW BEST CV SCORE FOUND: 0.03629069278637568 <==============
PARAMS:
{'early_stopping_patience': 20, 'max_epochs': 10, 'learning_rate': 0.001, 'learning_rate_decay': 0.99, 'batch_size': 64, 'val_set': ['case_1p5', 'fp_1410', 'fp_3030']}
{'neurons': 10, 'n_hidden': 6, 'activation_function': SiLU(), 'input_features': ['komegasst_q6', 'komegasst_q5', 'komegasst_I1_1', 'komegasst_I1_3', 'komegasst_I2_3', 'komegasst_I1_5']}

====================================================
                SEARCH ITERATION: 12 
====================================================


=====| CV SET: 0

Training points: 2233, validation points 1035
EPOCH    LR        TRAIN     VALID         MSE:T/V              RL:T/V         %NR_t/%NR_v
=============================================================================================
  1   1.000e-04   0.03961   0.04151   0.03950 / 0.04145   0.00011 / 0.00006   15.63% / 7.92%
 10   1.342e-05   0.03943   0.04136   0.03939 / 0.04134   0.00004 / 0.00002   15.63% / 7.92%

=====| CV SET: 1

Training points: 2172, validation points 1096
EPOCH    LR        TRAIN     VALID         MSE:T/V              RL:T/V         %NR_t/%NR_v
=============================================================================================
  1   1.000e-04   0.04015   0.04037   0.04015 / 0.04037   0.00000 / 0.00000   12.06% / 11.95%
 10   1.342e-05   0.04006   0.04026   0.04006 / 0.04026   0.00000 / 0.00000   14.46% / 14.51%

=====| CV SET: 2

Training points: 2131, validation points 1137
EPOCH    LR        TRAIN     VALID         MSE:T/V              RL:T/V         %NR_t/%NR_v
=============================================================================================
  1   1.000e-04   0.04059   0.03856   0.04059 / 0.03856   0.00000 / 0.00000   5.21% / 0.26%
 10   1.342e-05   0.04050   0.03849   0.04050 / 0.03849   0.00000 / 0.00000   4.74% / 0.26%

====================================================
                SEARCH ITERATION: 13 
====================================================


=====| CV SET: 0

Training points: 2233, validation points 1035
EPOCH    LR        TRAIN     VALID         MSE:T/V              RL:T/V         %NR_t/%NR_v
=============================================================================================
  1   1.000e-05   0.03955   0.04148   0.03952 / 0.04146   0.00004 / 0.00002   15.63% / 7.92%
 10   1.342e-06   0.03953   0.04147   0.03950 / 0.04145   0.00003 / 0.00002   15.63% / 7.92%

=====| CV SET: 1

Training points: 2172, validation points 1096
EPOCH    LR        TRAIN     VALID         MSE:T/V              RL:T/V         %NR_t/%NR_v
=============================================================================================
  1   1.000e-05   0.04030   0.04055   0.03997 / 0.04016   0.00033 / 0.00039   13.95% / 12.68%
 10   1.342e-06   0.04026   0.04051   0.03996 / 0.04015   0.00030 / 0.00036   13.95% / 12.68%

=====| CV SET: 2

Training points: 2131, validation points 1137
EPOCH    LR        TRAIN     VALID         MSE:T/V              RL:T/V         %NR_t/%NR_v
=============================================================================================
  1   1.000e-05   0.04094   0.03918   0.04057 / 0.03854   0.00037 / 0.00064   10.46% / 19.53%
 10   1.342e-06   0.04090   0.03914   0.04056 / 0.03853   0.00035 / 0.00061   10.46% / 19.53%

====================================================
                SEARCH ITERATION: 14 
====================================================


=====| CV SET: 0

Training points: 2233, validation points 1035
EPOCH    LR        TRAIN     VALID         MSE:T/V              RL:T/V         %NR_t/%NR_v
=============================================================================================
  1   1.000e-05   0.03953   0.04149   0.03953 / 0.04148   0.00000 / 0.00001   0.99% / 3.38%
 10   1.000e-05   0.03944   0.04139   0.03944 / 0.04139   0.00000 / 0.00001   0.99% / 3.38%

=====| CV SET: 1

Training points: 2172, validation points 1096
EPOCH    LR        TRAIN     VALID         MSE:T/V              RL:T/V         %NR_t/%NR_v
=============================================================================================
  1   1.000e-05   0.04004   0.04023   0.04004 / 0.04023   0.00000 / 0.00000   1.66% / 1.92%
 10   1.000e-05   0.03995   0.04013   0.03995 / 0.04013   0.00000 / 0.00000   1.66% / 1.92%

=====| CV SET: 2

Training points: 2131, validation points 1137
EPOCH    LR        TRAIN     VALID         MSE:T/V              RL:T/V         %NR_t/%NR_v
=============================================================================================
  1   1.000e-05   0.04104   0.03895   0.04104 / 0.03895   0.00000 / 0.00000   2.63% / 0.09%
 10   1.000e-05   0.04096   0.03889   0.04096 / 0.03889   0.00000 / 0.00000   2.63% / 0.09%

====================================================
                SEARCH ITERATION: 15 
====================================================


=====| CV SET: 0

Training points: 2233, validation points 1035
EPOCH    LR        TRAIN     VALID         MSE:T/V              RL:T/V         %NR_t/%NR_v
=============================================================================================
  1   1.000e-03   0.03952   0.04147   0.03952 / 0.04147   0.00000 / 0.00000   0.99% / 3.38%
 10   3.874e-04   0.03668   0.03873   0.03667 / 0.03862   0.00001 / 0.00011   1.48% / 5.02%

=====| CV SET: 1

Training points: 2172, validation points 1096
EPOCH    LR        TRAIN     VALID         MSE:T/V              RL:T/V         %NR_t/%NR_v
=============================================================================================
  1   1.000e-03   0.03997   0.04017   0.03996 / 0.04015   0.00001 / 0.00001   13.90% / 12.68%
 10   3.874e-04   0.03599   0.03545   0.03598 / 0.03545   0.00000 / 0.00000   6.17% / 7.12%

=====| CV SET: 2

Training points: 2131, validation points 1137
EPOCH    LR        TRAIN     VALID         MSE:T/V              RL:T/V         %NR_t/%NR_v
=============================================================================================
  1   1.000e-03   0.04087   0.03880   0.04086 / 0.03880   0.00000 / 0.00000   10.14% / 18.91%
 10   3.874e-04   0.03837   0.03712   0.03827 / 0.03665   0.00010 / 0.00046   11.31% / 20.58%

====================================================
                SEARCH ITERATION: 16 
====================================================


=====| CV SET: 0

Training points: 2233, validation points 1035
EPOCH    LR        TRAIN     VALID         MSE:T/V              RL:T/V         %NR_t/%NR_v
=============================================================================================
  1   1.000e-05   0.03950   0.04132   0.03928 / 0.04123   0.00022 / 0.00009   16.08% / 7.92%
 10   8.337e-06   0.03946   0.04130   0.03927 / 0.04122   0.00019 / 0.00008   16.08% / 7.92%

=====| CV SET: 1

Training points: 2172, validation points 1096
EPOCH    LR        TRAIN     VALID         MSE:T/V              RL:T/V         %NR_t/%NR_v
=============================================================================================
  1   1.000e-05   0.03998   0.04017   0.03998 / 0.04017   0.00000 / 0.00000   1.66% / 1.92%
 10   8.337e-06   0.03996   0.04016   0.03996 / 0.04016   0.00000 / 0.00000   1.61% / 1.92%

=====| CV SET: 2

Training points: 2131, validation points 1137
EPOCH    LR        TRAIN     VALID         MSE:T/V              RL:T/V         %NR_t/%NR_v
=============================================================================================
  1   1.000e-05   0.04092   0.03884   0.04091 / 0.03884   0.00000 / 0.00000   2.63% / 0.09%
 10   8.337e-06   0.04090   0.03883   0.04090 / 0.03883   0.00000 / 0.00000   2.63% / 0.09%

====================================================
                SEARCH ITERATION: 17 
====================================================


=====| CV SET: 0

Training points: 2233, validation points 1035
EPOCH    LR        TRAIN     VALID         MSE:T/V              RL:T/V         %NR_t/%NR_v
=============================================================================================
  1   1.000e-05   0.03976   0.04163   0.03958 / 0.04153   0.00018 / 0.00010   15.67% / 7.92%
 10   9.135e-06   0.03972   0.04160   0.03957 / 0.04152   0.00015 / 0.00008   15.67% / 7.92%

=====| CV SET: 1

Training points: 2172, validation points 1096
EPOCH    LR        TRAIN     VALID         MSE:T/V              RL:T/V         %NR_t/%NR_v
=============================================================================================
  1   1.000e-05   0.04025   0.04053   0.04013 / 0.04035   0.00012 / 0.00017   13.67% / 12.23%
 10   9.135e-06   0.04022   0.04048   0.04012 / 0.04034   0.00010 / 0.00014   13.67% / 12.23%

=====| CV SET: 2

Training points: 2131, validation points 1137
EPOCH    LR        TRAIN     VALID         MSE:T/V              RL:T/V         %NR_t/%NR_v
=============================================================================================
  1   1.000e-05   0.04063   0.03864   0.04059 / 0.03857   0.00003 / 0.00007   15.06% / 20.49%
 10   9.135e-06   0.04061   0.03863   0.04057 / 0.03855   0.00004 / 0.00008   14.69% / 19.96%

====================================================
                SEARCH ITERATION: 18 
====================================================


=====| CV SET: 0

Training points: 2233, validation points 1035
EPOCH    LR        TRAIN     VALID         MSE:T/V              RL:T/V         %NR_t/%NR_v
=============================================================================================
  1   1.000e-02   1.12320   1.19530   0.03739 / 0.03934   1.08581 / 1.15597   10.93% / 10.34%
 10   1.000e-02   0.03950   0.04143   0.03947 / 0.04141   0.00003 / 0.00002   15.63% / 7.92%

=====| CV SET: 1

Training points: 2172, validation points 1096
EPOCH    LR        TRAIN     VALID         MSE:T/V              RL:T/V         %NR_t/%NR_v
=============================================================================================
  1   1.000e-02   0.03993   0.04010   0.03992 / 0.04010   0.00001 / 0.00000   1.66% / 1.92%
 10   1.000e-02   0.03878   0.04172   0.03806 / 0.03791   0.00071 / 0.00381   2.67% / 5.11%

=====| CV SET: 2

Training points: 2131, validation points 1137
EPOCH    LR        TRAIN     VALID         MSE:T/V              RL:T/V         %NR_t/%NR_v
=============================================================================================
  1   1.000e-02   0.03990   0.03793   0.03985 / 0.03793   0.00005 / 0.00000   2.63% / 0.09%
 10   1.000e-02   0.03979   0.03786   0.03978 / 0.03786   0.00001 / 0.00000   2.82% / 0.09%

====================================================
                SEARCH ITERATION: 19 
====================================================


=====| CV SET: 0

Training points: 2233, validation points 1035
EPOCH    LR        TRAIN     VALID         MSE:T/V              RL:T/V         %NR_t/%NR_v
=============================================================================================
  1   1.000e-03   0.03976   0.04167   0.03967 / 0.04162   0.00009 / 0.00006   15.63% / 7.92%
 10   1.342e-04   0.03962   0.04156   0.03959 / 0.04154   0.00003 / 0.00002   15.72% / 7.92%

=====| CV SET: 1

Training points: 2172, validation points 1096
EPOCH    LR        TRAIN     VALID         MSE:T/V              RL:T/V         %NR_t/%NR_v
=============================================================================================
  1   1.000e-03   0.04377   0.04581   0.03950 / 0.03962   0.00427 / 0.00619   17.73% / 21.72%
 10   1.342e-04   0.03968   0.03994   0.03954 / 0.03967   0.00013 / 0.00027   7.97% / 11.50%

=====| CV SET: 2

Training points: 2131, validation points 1137
EPOCH    LR        TRAIN     VALID         MSE:T/V              RL:T/V         %NR_t/%NR_v
=============================================================================================
  1   1.000e-03   0.04034   0.03834   0.04033 / 0.03834   0.00001 / 0.00000   2.63% / 0.09%
 10   1.342e-04   0.04025   0.03827   0.04025 / 0.03827   0.00001 / 0.00000   2.63% / 0.09%

====================================================
                SEARCH ITERATION: 20 
====================================================


=====| CV SET: 0

Training points: 2233, validation points 1035
EPOCH    LR        TRAIN     VALID         MSE:T/V              RL:T/V         %NR_t/%NR_v
=============================================================================================
  1   1.000e-02   0.03958   0.04153   0.03958 / 0.04153   0.00000 / 0.00001   0.99% / 3.38%
 10   9.135e-03   0.03934   0.04129   0.03934 / 0.04128   0.00000 / 0.00001   0.99% / 3.38%

=====| CV SET: 1

Training points: 2172, validation points 1096
EPOCH    LR        TRAIN     VALID         MSE:T/V              RL:T/V         %NR_t/%NR_v
=============================================================================================
  1   1.000e-02   0.04004   0.04025   0.04004 / 0.04025   0.00000 / 0.00000   1.66% / 1.92%
 10   9.135e-03   0.03958   0.03970   0.03957 / 0.03970   0.00001 / 0.00000   1.66% / 1.92%

=====| CV SET: 2

Training points: 2131, validation points 1137
EPOCH    LR        TRAIN     VALID         MSE:T/V              RL:T/V         %NR_t/%NR_v
=============================================================================================
  1   1.000e-02   0.04051   0.03852   0.04049 / 0.03847   0.00002 / 0.00005   10.37% / 19.44%
 10   9.135e-03   0.03850   0.03680   0.03850 / 0.03678   0.00000 / 0.00002   8.40% / 8.80%

====================================================
                SEARCH ITERATION: 21 
====================================================


=====| CV SET: 0

Training points: 2233, validation points 1035
EPOCH    LR        TRAIN     VALID         MSE:T/V              RL:T/V         %NR_t/%NR_v
=============================================================================================
  1   1.000e-02   0.03935   0.04131   0.03935 / 0.04130   0.00000 / 0.00001   0.99% / 3.38%
 10   8.337e-03   0.04397   0.04541   0.04192 / 0.04354   0.00205 / 0.00187   1.97% / 4.15%

=====| CV SET: 1

Training points: 2172, validation points 1096
EPOCH    LR        TRAIN     VALID         MSE:T/V              RL:T/V         %NR_t/%NR_v
=============================================================================================
  1   1.000e-02   0.04024   0.04047   0.04024 / 0.04047   0.00000 / 0.00000   1.66% / 1.92%
 10   8.337e-03   0.04017   0.04076   0.04010 / 0.04031   0.00007 / 0.00044   1.84% / 7.12%

=====| CV SET: 2

Training points: 2131, validation points 1137
EPOCH    LR        TRAIN     VALID         MSE:T/V              RL:T/V         %NR_t/%NR_v
=============================================================================================
  1   1.000e-02   0.04070   0.03865   0.04069 / 0.03865   0.00001 / 0.00000   2.63% / 0.09%
 10   8.337e-03   0.04015   0.03877   0.04005 / 0.03801   0.00010 / 0.00076   3.80% / 6.86%

====================================================
                SEARCH ITERATION: 22 
====================================================


=====| CV SET: 0

Training points: 2233, validation points 1035
EPOCH    LR        TRAIN     VALID         MSE:T/V              RL:T/V         %NR_t/%NR_v
=============================================================================================
NaNs: 4732416
