CLUSTER: 7
Dataset total: 7258, test: 1427, final_val: 1450, tv: 4381

====================================================
                SEARCH ITERATION: 0 
====================================================


=====| CV SET: 0

Training points: 2868, validation points 1513
EPOCH    LR        TRAIN     VALID         MSE:T/V              RL:T/V         %NR_t/%NR_v
=============================================================================================
  1   1.000e-05   0.00468   0.00684   0.00400 / 0.00669   0.00068 / 0.00015   24.76% / 20.36%
 10   9.135e-06   0.00426   0.00675   0.00399 / 0.00668   0.00027 / 0.00007   23.64% / 18.90%

=====| CV SET: 1

Training points: 2906, validation points 1475
EPOCH    LR        TRAIN     VALID         MSE:T/V              RL:T/V         %NR_t/%NR_v
=============================================================================================
  1   1.000e-05   0.00500   0.00532   0.00474 / 0.00515   0.00025 / 0.00016   30.08% / 27.46%
 10   9.135e-06   0.00488   0.00524   0.00475 / 0.00516   0.00013 / 0.00008   30.11% / 27.59%

=====| CV SET: 2

Training points: 2988, validation points 1393
EPOCH    LR        TRAIN     VALID         MSE:T/V              RL:T/V         %NR_t/%NR_v
=============================================================================================
  1   1.000e-05   0.00642   0.00457   0.00588 / 0.00265   0.00054 / 0.00192   26.51% / 41.49%
 10   9.135e-06   0.00629   0.00412   0.00589 / 0.00265   0.00041 / 0.00146   26.81% / 41.78%

=============> NEW BEST CV SCORE FOUND: 0.0053689439470569296 <==============
PARAMS:
{'early_stopping_patience': 20, 'max_epochs': 10, 'learning_rate': 1e-05, 'learning_rate_decay': 0.99, 'batch_size': 256, 'val_set': ['case_1p5', 'fp_1410', 'fp_3030']}
{'neurons': 80, 'n_hidden': 6, 'activation_function': SiLU(), 'input_features': ['komegasst_q6', 'komegasst_q5', 'komegasst_I1_1', 'komegasst_I1_3', 'komegasst_I2_3', 'komegasst_I1_5']}

====================================================
                SEARCH ITERATION: 1 
====================================================


=====| CV SET: 0

Training points: 2868, validation points 1513
EPOCH    LR        TRAIN     VALID         MSE:T/V              RL:T/V         %NR_t/%NR_v
=============================================================================================
  1   1.000e-04   0.00543   0.00713   0.00397 / 0.00668   0.00147 / 0.00045   24.58% / 17.18%
 10   1.342e-05   0.00403   0.00673   0.00401 / 0.00672   0.00002 / 0.00000   14.23% / 8.92%

=====| CV SET: 1

Training points: 2906, validation points 1475
EPOCH    LR        TRAIN     VALID         MSE:T/V              RL:T/V         %NR_t/%NR_v
=============================================================================================
  1   1.000e-04   0.00503   0.00528   0.00480 / 0.00521   0.00023 / 0.00007   20.68% / 20.47%
 10   1.342e-05   0.00479   0.00520   0.00479 / 0.00520   0.00000 / 0.00000   17.17% / 13.90%

=====| CV SET: 2

Training points: 2988, validation points 1393
EPOCH    LR        TRAIN     VALID         MSE:T/V              RL:T/V         %NR_t/%NR_v
=============================================================================================
  1   1.000e-04   0.00843   0.01504   0.00597 / 0.00276   0.00246 / 0.01228   28.25% / 29.43%
 10   1.342e-05   0.00599   0.00293   0.00594 / 0.00270   0.00006 / 0.00022   38.32% / 46.45%

=============> NEW BEST CV SCORE FOUND: 0.004950948680440585 <==============
PARAMS:
{'early_stopping_patience': 20, 'max_epochs': 10, 'learning_rate': 0.0001, 'learning_rate_decay': 0.8, 'batch_size': 64, 'val_set': ['case_1p5', 'fp_1410', 'fp_3030']}
{'neurons': 40, 'n_hidden': 7, 'activation_function': SiLU(), 'input_features': ['komegasst_q6', 'komegasst_q5', 'komegasst_I1_1', 'komegasst_I1_3', 'komegasst_I2_3', 'komegasst_I1_5']}

====================================================
                SEARCH ITERATION: 2 
====================================================


=====| CV SET: 0

Training points: 2868, validation points 1513
EPOCH    LR        TRAIN     VALID         MSE:T/V              RL:T/V         %NR_t/%NR_v
=============================================================================================
  1   1.000e-05   0.00425   0.00680   0.00405 / 0.00677   0.00020 / 0.00003   16.35% / 12.23%
 10   8.337e-06   0.00423   0.00680   0.00405 / 0.00677   0.00018 / 0.00003   16.07% / 12.16%

=====| CV SET: 1

Training points: 2906, validation points 1475
EPOCH    LR        TRAIN     VALID         MSE:T/V              RL:T/V         %NR_t/%NR_v
=============================================================================================
  1   1.000e-05   0.01212   0.01004   0.00474 / 0.00516   0.00739 / 0.00489   27.80% / 25.02%
 10   8.337e-06   0.01207   0.01001   0.00474 / 0.00516   0.00733 / 0.00485   27.80% / 25.02%

=====| CV SET: 2

Training points: 2988, validation points 1393
EPOCH    LR        TRAIN     VALID         MSE:T/V              RL:T/V         %NR_t/%NR_v
=============================================================================================
  1   1.000e-05   0.02363   0.08883   0.00623 / 0.00309   0.01740 / 0.08574   23.63% / 26.42%
 10   8.337e-06   0.02353   0.08836   0.00623 / 0.00309   0.01730 / 0.08527   23.59% / 26.42%

====================================================
                SEARCH ITERATION: 3 
====================================================


=====| CV SET: 0

Training points: 2868, validation points 1513
EPOCH    LR        TRAIN     VALID         MSE:T/V              RL:T/V         %NR_t/%NR_v
=============================================================================================
  1   1.000e-04   0.00415   0.00670   0.00398 / 0.00667   0.00017 / 0.00003   25.77% / 21.81%
 10   6.302e-05   0.00402   0.00668   0.00398 / 0.00667   0.00004 / 0.00001   23.43% / 18.24%

=====| CV SET: 1

Training points: 2906, validation points 1475
EPOCH    LR        TRAIN     VALID         MSE:T/V              RL:T/V         %NR_t/%NR_v
=============================================================================================
  1   1.000e-04   0.00682   0.00651   0.00469 / 0.00510   0.00213 / 0.00141   31.90% / 30.17%
 10   6.302e-05   0.00654   0.00633   0.00469 / 0.00510   0.00185 / 0.00123   31.76% / 30.10%

=====| CV SET: 2

Training points: 2988, validation points 1393
EPOCH    LR        TRAIN     VALID         MSE:T/V              RL:T/V         %NR_t/%NR_v
=============================================================================================
  1   1.000e-04   0.00934   0.01396   0.00586 / 0.00263   0.00348 / 0.01133   21.85% / 34.96%
 10   6.302e-05   0.00906   0.01302   0.00586 / 0.00263   0.00320 / 0.01039   21.65% / 34.39%

====================================================
                SEARCH ITERATION: 4 
====================================================


=====| CV SET: 0

Training points: 2868, validation points 1513
EPOCH    LR        TRAIN     VALID         MSE:T/V              RL:T/V         %NR_t/%NR_v
=============================================================================================
  1   1.000e-02   0.00401   0.00669   0.00391 / 0.00663   0.00010 / 0.00006   17.33% / 13.09%
 10   1.342e-03   0.00368   0.00632   0.00368 / 0.00630   0.00001 / 0.00001   9.52% / 15.14%

=====| CV SET: 1

Training points: 2906, validation points 1475
EPOCH    LR        TRAIN     VALID         MSE:T/V              RL:T/V         %NR_t/%NR_v
=============================================================================================
  1   1.000e-02   0.00686   0.00540   0.00476 / 0.00509   0.00210 / 0.00031   7.85% / 9.22%
 10   1.342e-03   0.00356   0.00386   0.00349 / 0.00386   0.00007 / 0.00000   3.37% / 2.10%

=====| CV SET: 2

Training points: 2988, validation points 1393
EPOCH    LR        TRAIN     VALID         MSE:T/V              RL:T/V         %NR_t/%NR_v
=============================================================================================
  1   1.000e-02   0.00561   0.00253   0.00561 / 0.00253   0.00000 / 0.00000   1.27% / 0.00%
 10   1.342e-03   0.00454   0.00197   0.00454 / 0.00197   0.00000 / 0.00000   3.38% / 0.00%

=============> NEW BEST CV SCORE FOUND: 0.0040489913274844485 <==============
PARAMS:
{'early_stopping_patience': 20, 'max_epochs': 10, 'learning_rate': 0.01, 'learning_rate_decay': 0.8, 'batch_size': 128, 'val_set': ['case_1p5', 'fp_1410', 'fp_3030']}
{'neurons': 70, 'n_hidden': 9, 'activation_function': SiLU(), 'input_features': ['komegasst_q6', 'komegasst_q5', 'komegasst_I1_1', 'komegasst_I1_3', 'komegasst_I2_3', 'komegasst_I1_5']}

====================================================
                SEARCH ITERATION: 5 
====================================================


=====| CV SET: 0

Training points: 2868, validation points 1513
EPOCH    LR        TRAIN     VALID         MSE:T/V              RL:T/V         %NR_t/%NR_v
=============================================================================================

Intel MKL ERROR: Parameter 3 was incorrect on entry to SGEBAL.
