CLUSTER: 0
Dataset total: 9109, test: 1798, final_val: 1842, tv: 5469

====================================================
                SEARCH ITERATION: 0 
====================================================


=====| CV SET: 0

Training points: 3799, validation points 1670
EPOCH    LR        TRAIN     VALID         MSE:T/V              RL:T/V         %NR_t/%NR_v
=============================================================================================
  1   1.000e-05   0.03048   0.03209   0.03048 / 0.03209   0.00000 / 0.00000   0.00% / 0.00%
 10   9.135e-06   0.03024   0.03185   0.03024 / 0.03185   0.00000 / 0.00000   0.00% / 0.00%

=====| CV SET: 1

Training points: 3663, validation points 1806
EPOCH    LR        TRAIN     VALID         MSE:T/V              RL:T/V         %NR_t/%NR_v
=============================================================================================
  1   1.000e-05   0.03111   0.02972   0.03111 / 0.02972   0.00000 / 0.00000   0.00% / 0.00%
 10   9.135e-06   0.03090   0.02952   0.03090 / 0.02952   0.00000 / 0.00000   0.00% / 0.00%

=====| CV SET: 2

Training points: 3476, validation points 1993
EPOCH    LR        TRAIN     VALID         MSE:T/V              RL:T/V         %NR_t/%NR_v
=============================================================================================
  1   1.000e-05   0.03024   0.03009   0.03024 / 0.03009   0.00000 / 0.00000   0.00% / 0.00%
 10   9.135e-06   0.03007   0.02992   0.03007 / 0.02992   0.00000 / 0.00000   0.00% / 0.00%

=============> NEW BEST CV SCORE FOUND: 0.030428323273857433 <==============
PARAMS:
{'early_stopping_patience': 20, 'max_epochs': 10, 'learning_rate': 1e-05, 'learning_rate_decay': 0.99, 'batch_size': 256, 'val_set': ['case_1p5', 'fp_1410', 'fp_3030']}
{'neurons': 80, 'n_hidden': 6, 'activation_function': SiLU(), 'input_features': ['komegasst_q6', 'komegasst_q5', 'komegasst_I1_1', 'komegasst_I1_3', 'komegasst_I2_3', 'komegasst_I1_5']}

====================================================
                SEARCH ITERATION: 1 
====================================================


=====| CV SET: 0

Training points: 3799, validation points 1670
EPOCH    LR        TRAIN     VALID         MSE:T/V              RL:T/V         %NR_t/%NR_v
=============================================================================================
  1   1.000e-04   0.03071   0.03237   0.03071 / 0.03237   0.00000 / 0.00000   0.00% / 0.00%
 10   1.342e-05   0.02547   0.02696   0.02546 / 0.02696   0.00002 / 0.00000   0.05% / 0.00%

=====| CV SET: 1

Training points: 3663, validation points 1806
EPOCH    LR        TRAIN     VALID         MSE:T/V              RL:T/V         %NR_t/%NR_v
=============================================================================================
  1   1.000e-04   0.03169   0.03030   0.03169 / 0.03030   0.00000 / 0.00000   0.00% / 0.06%
 10   1.342e-05   0.02882   0.02790   0.02865 / 0.02739   0.00017 / 0.00051   3.93% / 1.55%

=====| CV SET: 2

Training points: 3476, validation points 1993
EPOCH    LR        TRAIN     VALID         MSE:T/V              RL:T/V         %NR_t/%NR_v
=============================================================================================
  1   1.000e-04   0.03063   0.03045   0.03057 / 0.03042   0.00006 / 0.00003   0.17% / 2.26%
 10   1.342e-05   0.02940   0.02956   0.02922 / 0.02908   0.00018 / 0.00049   6.07% / 16.01%

=============> NEW BEST CV SCORE FOUND: 0.028137965127825737 <==============
PARAMS:
{'early_stopping_patience': 20, 'max_epochs': 10, 'learning_rate': 0.0001, 'learning_rate_decay': 0.8, 'batch_size': 64, 'val_set': ['case_1p5', 'fp_1410', 'fp_3030']}
{'neurons': 40, 'n_hidden': 7, 'activation_function': SiLU(), 'input_features': ['komegasst_q6', 'komegasst_q5', 'komegasst_I1_1', 'komegasst_I1_3', 'komegasst_I2_3', 'komegasst_I1_5']}

====================================================
                SEARCH ITERATION: 2 
====================================================


=====| CV SET: 0

Training points: 3799, validation points 1670
EPOCH    LR        TRAIN     VALID         MSE:T/V              RL:T/V         %NR_t/%NR_v
=============================================================================================
  1   1.000e-05   0.03320   0.03492   0.03320 / 0.03492   0.00000 / 0.00000   0.00% / 0.00%
 10   8.337e-06   0.03319   0.03490   0.03319 / 0.03490   0.00000 / 0.00000   0.00% / 0.00%

=====| CV SET: 1

Training points: 3663, validation points 1806
EPOCH    LR        TRAIN     VALID         MSE:T/V              RL:T/V         %NR_t/%NR_v
=============================================================================================
  1   1.000e-05   0.03235   0.03092   0.03235 / 0.03092   0.00000 / 0.00000   0.00% / 0.00%
 10   8.337e-06   0.03234   0.03090   0.03234 / 0.03090   0.00000 / 0.00000   0.00% / 0.00%

=====| CV SET: 2

Training points: 3476, validation points 1993
EPOCH    LR        TRAIN     VALID         MSE:T/V              RL:T/V         %NR_t/%NR_v
=============================================================================================
  1   1.000e-05   0.03518   0.03500   0.03518 / 0.03500   0.00000 / 0.00000   0.00% / 0.00%
 10   8.337e-06   0.03516   0.03499   0.03516 / 0.03499   0.00000 / 0.00000   0.00% / 0.00%

====================================================
                SEARCH ITERATION: 3 
====================================================


=====| CV SET: 0

Training points: 3799, validation points 1670
EPOCH    LR        TRAIN     VALID         MSE:T/V              RL:T/V         %NR_t/%NR_v
=============================================================================================
  1   1.000e-04   0.03029   0.03190   0.03029 / 0.03190   0.00000 / 0.00000   0.00% / 0.00%
 10   6.302e-05   0.03021   0.03181   0.03021 / 0.03181   0.00000 / 0.00000   0.00% / 0.00%

=====| CV SET: 1

Training points: 3663, validation points 1806
EPOCH    LR        TRAIN     VALID         MSE:T/V              RL:T/V         %NR_t/%NR_v
=============================================================================================
  1   1.000e-04   0.03005   0.02869   0.03005 / 0.02869   0.00000 / 0.00000   0.00% / 0.00%
 10   6.302e-05   0.02996   0.02860   0.02996 / 0.02860   0.00000 / 0.00000   0.00% / 0.00%

=====| CV SET: 2

Training points: 3476, validation points 1993
EPOCH    LR        TRAIN     VALID         MSE:T/V              RL:T/V         %NR_t/%NR_v
=============================================================================================
  1   1.000e-04   0.03035   0.03019   0.03035 / 0.03019   0.00000 / 0.00000   0.00% / 0.00%
 10   6.302e-05   0.03027   0.03011   0.03027 / 0.03011   0.00000 / 0.00000   0.00% / 0.00%

====================================================
                SEARCH ITERATION: 4 
====================================================


=====| CV SET: 0

Training points: 3799, validation points 1670
EPOCH    LR        TRAIN     VALID         MSE:T/V              RL:T/V         %NR_t/%NR_v
=============================================================================================
  1   1.000e-02   0.03129   0.03287   0.03129 / 0.03287   0.00000 / 0.00000   0.00% / 0.00%
 10   1.342e-03   0.01989   0.02077   0.01987 / 0.02077   0.00002 / 0.00000   1.63% / 0.00%

=====| CV SET: 1

Training points: 3663, validation points 1806
EPOCH    LR        TRAIN     VALID         MSE:T/V              RL:T/V         %NR_t/%NR_v
=============================================================================================
  1   1.000e-02   0.03066   0.02928   0.03066 / 0.02928   0.00000 / 0.00000   0.00% / 0.00%
 10   1.342e-03   0.03139   0.02997   0.03139 / 0.02997   0.00000 / 0.00000   0.00% / 0.00%

=====| CV SET: 2

Training points: 3476, validation points 1993
EPOCH    LR        TRAIN     VALID         MSE:T/V              RL:T/V         %NR_t/%NR_v
=============================================================================================
  1   1.000e-02   0.03145   0.03129   0.03145 / 0.03129   0.00000 / 0.00000   0.00% / 0.00%
 10   1.342e-03   0.02216   0.02219   0.02216 / 0.02219   0.00000 / 0.00000   0.00% / 0.00%

=============> NEW BEST CV SCORE FOUND: 0.02431436690191428 <==============
PARAMS:
{'early_stopping_patience': 20, 'max_epochs': 10, 'learning_rate': 0.01, 'learning_rate_decay': 0.8, 'batch_size': 128, 'val_set': ['case_1p5', 'fp_1410', 'fp_3030']}
{'neurons': 70, 'n_hidden': 9, 'activation_function': SiLU(), 'input_features': ['komegasst_q6', 'komegasst_q5', 'komegasst_I1_1', 'komegasst_I1_3', 'komegasst_I2_3', 'komegasst_I1_5']}

====================================================
                SEARCH ITERATION: 5 
====================================================


=====| CV SET: 0

Training points: 3799, validation points 1670
EPOCH    LR        TRAIN     VALID         MSE:T/V              RL:T/V         %NR_t/%NR_v
=============================================================================================
  1   1.000e-05   0.03083   0.03244   0.03083 / 0.03244   0.00000 / 0.00000   0.00% / 0.00%
 10   1.000e-05   0.03081   0.03241   0.03081 / 0.03241   0.00000 / 0.00000   0.00% / 0.00%

=====| CV SET: 1

Training points: 3663, validation points 1806
EPOCH    LR        TRAIN     VALID         MSE:T/V              RL:T/V         %NR_t/%NR_v
=============================================================================================
  1   1.000e-05   0.03304   0.03160   0.03304 / 0.03160   0.00000 / 0.00000   0.00% / 0.00%
 10   1.000e-05   0.03302   0.03158   0.03302 / 0.03158   0.00000 / 0.00000   0.00% / 0.00%

=====| CV SET: 2

Training points: 3476, validation points 1993
EPOCH    LR        TRAIN     VALID         MSE:T/V              RL:T/V         %NR_t/%NR_v
=============================================================================================
  1   1.000e-05   0.03221   0.03204   0.03221 / 0.03204   0.00000 / 0.00000   0.12% / 0.00%
 10   1.000e-05   0.03218   0.03202   0.03218 / 0.03202   0.00000 / 0.00000   0.00% / 0.05%

====================================================
                SEARCH ITERATION: 6 
====================================================


=====| CV SET: 0

Training points: 3799, validation points 1670
EPOCH    LR        TRAIN     VALID         MSE:T/V              RL:T/V         %NR_t/%NR_v
=============================================================================================
  1   1.000e-04   0.02883   0.03028   0.02875 / 0.03028   0.00008 / 0.00000   3.40% / 0.06%
 10   3.874e-05   0.02832   0.02973   0.02823 / 0.02973   0.00010 / 0.00000   2.82% / 0.06%

=====| CV SET: 1

Training points: 3663, validation points 1806
EPOCH    LR        TRAIN     VALID         MSE:T/V              RL:T/V         %NR_t/%NR_v
=============================================================================================
  1   1.000e-04   0.02964   0.02843   0.02964 / 0.02833   0.00000 / 0.00009   0.00% / 0.28%
 10   3.874e-05   0.02866   0.02759   0.02858 / 0.02730   0.00008 / 0.00029   2.40% / 0.39%

=====| CV SET: 2

Training points: 3476, validation points 1993
EPOCH    LR        TRAIN     VALID         MSE:T/V              RL:T/V         %NR_t/%NR_v
=============================================================================================
  1   1.000e-04   0.02934   0.02919   0.02934 / 0.02919   0.00000 / 0.00000   0.00% / 0.00%
 10   3.874e-05   0.02795   0.02782   0.02795 / 0.02782   0.00000 / 0.00000   0.00% / 0.00%

====================================================
                SEARCH ITERATION: 7 
====================================================


=====| CV SET: 0

Training points: 3799, validation points 1670
EPOCH    LR        TRAIN     VALID         MSE:T/V              RL:T/V         %NR_t/%NR_v
=============================================================================================
  1   1.000e-03   0.03165   0.03331   0.03165 / 0.03331   0.00000 / 0.00000   0.00% / 0.00%
 10   9.910e-04   0.01906   0.01980   0.01867 / 0.01980   0.00039 / 0.00000   0.66% / 0.06%

=====| CV SET: 1

Training points: 3663, validation points 1806
EPOCH    LR        TRAIN     VALID         MSE:T/V              RL:T/V         %NR_t/%NR_v
=============================================================================================
  1   1.000e-03   0.03126   0.02989   0.03126 / 0.02988   0.00000 / 0.00001   0.00% / 0.17%
 10   9.910e-04   0.02534   0.02517   0.02512 / 0.02399   0.00022 / 0.00118   1.50% / 0.28%

=====| CV SET: 2

Training points: 3476, validation points 1993
EPOCH    LR        TRAIN     VALID         MSE:T/V              RL:T/V         %NR_t/%NR_v
=============================================================================================
  1   1.000e-03   0.03129   0.03113   0.03129 / 0.03113   0.00000 / 0.00000   0.00% / 0.00%
 10   9.910e-04   0.02357   0.02590   0.02277 / 0.02267   0.00080 / 0.00323   18.84% / 25.09%

=============> NEW BEST CV SCORE FOUND: 0.023620208104451496 <==============
PARAMS:
{'early_stopping_patience': 20, 'max_epochs': 10, 'learning_rate': 0.001, 'learning_rate_decay': 0.999, 'batch_size': 512, 'val_set': ['case_1p5', 'fp_1410', 'fp_3030']}
{'neurons': 40, 'n_hidden': 7, 'activation_function': SiLU(), 'input_features': ['komegasst_q6', 'komegasst_q5', 'komegasst_I1_1', 'komegasst_I1_3', 'komegasst_I2_3', 'komegasst_I1_5']}

====================================================
                SEARCH ITERATION: 8 
====================================================


=====| CV SET: 0

Training points: 3799, validation points 1670
EPOCH    LR        TRAIN     VALID         MSE:T/V              RL:T/V         %NR_t/%NR_v
=============================================================================================
  1   1.000e-05   0.03109   0.03274   0.03109 / 0.03274   0.00000 / 0.00000   0.00% / 0.00%
 10   8.337e-06   0.03051   0.03215   0.03051 / 0.03215   0.00000 / 0.00000   0.00% / 0.00%

=====| CV SET: 1

Training points: 3663, validation points 1806
EPOCH    LR        TRAIN     VALID         MSE:T/V              RL:T/V         %NR_t/%NR_v
=============================================================================================
  1   1.000e-05   0.03097   0.02970   0.03093 / 0.02956   0.00004 / 0.00014   2.38% / 0.61%
 10   8.337e-06   0.03074   0.02954   0.03068 / 0.02933   0.00005 / 0.00021   2.59% / 0.39%

=====| CV SET: 2

Training points: 3476, validation points 1993
EPOCH    LR        TRAIN     VALID         MSE:T/V              RL:T/V         %NR_t/%NR_v
=============================================================================================
  1   1.000e-05   0.03155   0.03139   0.03155 / 0.03139   0.00000 / 0.00000   0.00% / 0.00%
 10   8.337e-06   0.03092   0.03076   0.03092 / 0.03076   0.00000 / 0.00000   0.00% / 0.00%

====================================================
                SEARCH ITERATION: 9 
====================================================


=====| CV SET: 0

Training points: 3799, validation points 1670
EPOCH    LR        TRAIN     VALID         MSE:T/V              RL:T/V         %NR_t/%NR_v
=============================================================================================
  1   1.000e-03   0.03085   0.03248   0.03085 / 0.03248   0.00000 / 0.00000   0.00% / 0.00%
 10   9.135e-04   0.02663   0.02782   0.02638 / 0.02780   0.00025 / 0.00002   5.29% / 0.12%

=====| CV SET: 1

Training points: 3663, validation points 1806
EPOCH    LR        TRAIN     VALID         MSE:T/V              RL:T/V         %NR_t/%NR_v
=============================================================================================
  1   1.000e-03   0.03291   0.03149   0.03291 / 0.03149   0.00000 / 0.00000   0.00% / 0.00%
 10   9.135e-04   0.03089   0.02951   0.03089 / 0.02951   0.00000 / 0.00000   0.00% / 0.00%

=====| CV SET: 2

Training points: 3476, validation points 1993
EPOCH    LR        TRAIN     VALID         MSE:T/V              RL:T/V         %NR_t/%NR_v
=============================================================================================
  1   1.000e-03   0.03169   0.03153   0.03169 / 0.03153   0.00000 / 0.00000   0.00% / 0.00%
 10   9.135e-04   0.02100   0.02097   0.02100 / 0.02097   0.00000 / 0.00000   0.00% / 0.00%

====================================================
                SEARCH ITERATION: 10 
====================================================


=====| CV SET: 0

Training points: 3799, validation points 1670
EPOCH    LR        TRAIN     VALID         MSE:T/V              RL:T/V         %NR_t/%NR_v
=============================================================================================
  1   1.000e-03   0.02576   0.02639   0.02502 / 0.02634   0.00074 / 0.00005   12.35% / 4.55%
 10   9.135e-04   0.01230   0.01301   0.01228 / 0.01301   0.00002 / 0.00000   5.00% / 0.24%

=====| CV SET: 1

Training points: 3663, validation points 1806
EPOCH    LR        TRAIN     VALID         MSE:T/V              RL:T/V         %NR_t/%NR_v
=============================================================================================
  1   1.000e-03   0.02474   0.02351   0.02473 / 0.02351   0.00000 / 0.00000   0.05% / 0.00%
 10   9.135e-04   0.01386   0.01300   0.01381 / 0.01300   0.00005 / 0.00000   3.22% / 1.22%

=====| CV SET: 2

Training points: 3476, validation points 1993
EPOCH    LR        TRAIN     VALID         MSE:T/V              RL:T/V         %NR_t/%NR_v
=============================================================================================
  1   1.000e-03   0.01667   0.01715   0.01667 / 0.01660   0.00000 / 0.00055   0.00% / 6.02%
 10   9.135e-04   0.01286   0.01298   0.01286 / 0.01283   0.00001 / 0.00015   3.14% / 13.95%

=============> NEW BEST CV SCORE FOUND: 0.0129989143460989 <==============
PARAMS:
{'early_stopping_patience': 20, 'max_epochs': 10, 'learning_rate': 0.001, 'learning_rate_decay': 0.99, 'batch_size': 64, 'val_set': ['case_1p5', 'fp_1410', 'fp_3030']}
{'neurons': 60, 'n_hidden': 10, 'activation_function': SiLU(), 'input_features': ['komegasst_q6', 'komegasst_q5', 'komegasst_I1_1', 'komegasst_I1_3', 'komegasst_I2_3', 'komegasst_I1_5']}

====================================================
                SEARCH ITERATION: 11 
====================================================


=====| CV SET: 0

Training points: 3799, validation points 1670
EPOCH    LR        TRAIN     VALID         MSE:T/V              RL:T/V         %NR_t/%NR_v
=============================================================================================
  1   1.000e-03   0.02771   0.02925   0.02771 / 0.02925   0.00000 / 0.00000   0.00% / 0.00%
 10   9.135e-04   0.01172   0.01238   0.01171 / 0.01238   0.00001 / 0.00000   1.37% / 0.00%

=====| CV SET: 1

Training points: 3663, validation points 1806
EPOCH    LR        TRAIN     VALID         MSE:T/V              RL:T/V         %NR_t/%NR_v
=============================================================================================
  1   1.000e-03   0.02990   0.02852   0.02990 / 0.02852   0.00000 / 0.00000   0.00% / 0.00%
 10   9.135e-04   0.01243   0.01175   0.01242 / 0.01175   0.00001 / 0.00000   1.31% / 0.22%

=====| CV SET: 2

Training points: 3476, validation points 1993
EPOCH    LR        TRAIN     VALID         MSE:T/V              RL:T/V         %NR_t/%NR_v
=============================================================================================
  1   1.000e-03   0.02981   0.02966   0.02981 / 0.02966   0.00000 / 0.00000   0.03% / 0.00%
 10   9.135e-04   0.01195   0.01215   0.01194 / 0.01195   0.00001 / 0.00020   2.79% / 17.91%

=============> NEW BEST CV SCORE FOUND: 0.012093123669425646 <==============
PARAMS:
{'early_stopping_patience': 20, 'max_epochs': 10, 'learning_rate': 0.001, 'learning_rate_decay': 0.99, 'batch_size': 64, 'val_set': ['case_1p5', 'fp_1410', 'fp_3030']}
{'neurons': 10, 'n_hidden': 6, 'activation_function': SiLU(), 'input_features': ['komegasst_q6', 'komegasst_q5', 'komegasst_I1_1', 'komegasst_I1_3', 'komegasst_I2_3', 'komegasst_I1_5']}

====================================================
                SEARCH ITERATION: 12 
====================================================


=====| CV SET: 0

Training points: 3799, validation points 1670
EPOCH    LR        TRAIN     VALID         MSE:T/V              RL:T/V         %NR_t/%NR_v
=============================================================================================
  1   1.000e-04   0.03045   0.03208   0.03045 / 0.03208   0.00000 / 0.00000   0.00% / 0.00%
 10   1.342e-05   0.02951   0.03110   0.02951 / 0.03110   0.00000 / 0.00000   0.00% / 0.00%

=====| CV SET: 1

Training points: 3663, validation points 1806
EPOCH    LR        TRAIN     VALID         MSE:T/V              RL:T/V         %NR_t/%NR_v
=============================================================================================
  1   1.000e-04   0.03212   0.03071   0.03212 / 0.03071   0.00000 / 0.00000   0.00% / 0.00%
 10   1.342e-05   0.03135   0.02996   0.03135 / 0.02996   0.00000 / 0.00000   0.00% / 0.00%

=====| CV SET: 2

Training points: 3476, validation points 1993
EPOCH    LR        TRAIN     VALID         MSE:T/V              RL:T/V         %NR_t/%NR_v
=============================================================================================
  1   1.000e-04   0.03052   0.03044   0.03047 / 0.03032   0.00005 / 0.00011   5.90% / 11.24%
 10   1.342e-05   0.03017   0.03014   0.03009 / 0.02995   0.00008 / 0.00019   6.96% / 14.60%

====================================================
                SEARCH ITERATION: 13 
====================================================


=====| CV SET: 0

Training points: 3799, validation points 1670
EPOCH    LR        TRAIN     VALID         MSE:T/V              RL:T/V         %NR_t/%NR_v
=============================================================================================
  1   1.000e-05   0.03065   0.03228   0.03065 / 0.03228   0.00000 / 0.00000   0.00% / 0.00%
 10   1.342e-06   0.03048   0.03211   0.03048 / 0.03211   0.00000 / 0.00000   0.00% / 0.00%

=====| CV SET: 1

Training points: 3663, validation points 1806
EPOCH    LR        TRAIN     VALID         MSE:T/V              RL:T/V         %NR_t/%NR_v
=============================================================================================
  1   1.000e-05   0.03095   0.02956   0.03095 / 0.02956   0.00000 / 0.00000   0.00% / 0.00%
 10   1.342e-06   0.03079   0.02941   0.03079 / 0.02941   0.00000 / 0.00000   0.00% / 0.00%

=====| CV SET: 2

Training points: 3476, validation points 1993
EPOCH    LR        TRAIN     VALID         MSE:T/V              RL:T/V         %NR_t/%NR_v
=============================================================================================
  1   1.000e-05   0.02970   0.02955   0.02970 / 0.02955   0.00000 / 0.00000   0.00% / 0.00%
 10   1.342e-06   0.02955   0.02940   0.02955 / 0.02940   0.00000 / 0.00000   0.00% / 0.00%

====================================================
                SEARCH ITERATION: 14 
====================================================


=====| CV SET: 0

Training points: 3799, validation points 1670
EPOCH    LR        TRAIN     VALID         MSE:T/V              RL:T/V         %NR_t/%NR_v
=============================================================================================
  1   1.000e-05   0.03145   0.03312   0.03145 / 0.03312   0.00000 / 0.00000   0.00% / 0.00%
 10   1.000e-05   0.03115   0.03282   0.03115 / 0.03282   0.00000 / 0.00000   0.00% / 0.00%

=====| CV SET: 1

Training points: 3663, validation points 1806
EPOCH    LR        TRAIN     VALID         MSE:T/V              RL:T/V         %NR_t/%NR_v
=============================================================================================
  1   1.000e-05   0.03221   0.03069   0.03221 / 0.03069   0.00000 / 0.00000   0.00% / 0.00%
 10   1.000e-05   0.03197   0.03046   0.03197 / 0.03046   0.00000 / 0.00000   0.00% / 0.00%

=====| CV SET: 2

Training points: 3476, validation points 1993
EPOCH    LR        TRAIN     VALID         MSE:T/V              RL:T/V         %NR_t/%NR_v
=============================================================================================
  1   1.000e-05   0.03232   0.03249   0.03206 / 0.03174   0.00026 / 0.00076   5.67% / 8.38%
 10   1.000e-05   0.03196   0.03186   0.03194 / 0.03163   0.00002 / 0.00022   2.10% / 4.72%

====================================================
                SEARCH ITERATION: 15 
====================================================


=====| CV SET: 0

Training points: 3799, validation points 1670
EPOCH    LR        TRAIN     VALID         MSE:T/V              RL:T/V         %NR_t/%NR_v
=============================================================================================
  1   1.000e-03   0.03037   0.03198   0.03036 / 0.03198   0.00001 / 0.00000   7.32% / 3.71%
 10   3.874e-04   0.01830   0.01896   0.01812 / 0.01896   0.00018 / 0.00000   3.40% / 0.12%

=====| CV SET: 1

Training points: 3663, validation points 1806
EPOCH    LR        TRAIN     VALID         MSE:T/V              RL:T/V         %NR_t/%NR_v
=============================================================================================
  1   1.000e-03   0.02967   0.02831   0.02967 / 0.02831   0.00000 / 0.00000   0.00% / 0.00%
 10   3.874e-04   0.01957   0.01850   0.01950 / 0.01850   0.00007 / 0.00000   2.48% / 0.00%

=====| CV SET: 2

Training points: 3476, validation points 1993
EPOCH    LR        TRAIN     VALID         MSE:T/V              RL:T/V         %NR_t/%NR_v
=============================================================================================
  1   1.000e-03   0.03042   0.03026   0.03042 / 0.03026   0.00000 / 0.00000   0.00% / 0.00%
 10   3.874e-04   0.01612   0.01861   0.01608 / 0.01606   0.00004 / 0.00255   1.67% / 13.75%

====================================================
                SEARCH ITERATION: 16 
====================================================


=====| CV SET: 0

Training points: 3799, validation points 1670
EPOCH    LR        TRAIN     VALID         MSE:T/V              RL:T/V         %NR_t/%NR_v
=============================================================================================
  1   1.000e-05   0.02942   0.03102   0.02942 / 0.03102   0.00000 / 0.00000   0.00% / 0.00%
 10   8.337e-06   0.02931   0.03090   0.02931 / 0.03090   0.00000 / 0.00000   0.00% / 0.00%

=====| CV SET: 1

Training points: 3663, validation points 1806
EPOCH    LR        TRAIN     VALID         MSE:T/V              RL:T/V         %NR_t/%NR_v
=============================================================================================
  1   1.000e-05   0.03130   0.02992   0.03130 / 0.02992   0.00000 / 0.00000   0.00% / 0.00%
 10   8.337e-06   0.03118   0.02980   0.03118 / 0.02980   0.00000 / 0.00000   0.00% / 0.00%

=====| CV SET: 2

Training points: 3476, validation points 1993
EPOCH    LR        TRAIN     VALID         MSE:T/V              RL:T/V         %NR_t/%NR_v
=============================================================================================
  1   1.000e-05   0.03194   0.03178   0.03194 / 0.03178   0.00000 / 0.00000   0.00% / 0.00%
 10   8.337e-06   0.03182   0.03167   0.03182 / 0.03167   0.00000 / 0.00000   0.00% / 0.00%

====================================================
                SEARCH ITERATION: 17 
====================================================


=====| CV SET: 0

Training points: 3799, validation points 1670
EPOCH    LR        TRAIN     VALID         MSE:T/V              RL:T/V         %NR_t/%NR_v
=============================================================================================
  1   1.000e-05   0.03086   0.03251   0.03086 / 0.03251   0.00000 / 0.00000   0.00% / 0.00%
 10   9.135e-06   0.03068   0.03232   0.03068 / 0.03232   0.00000 / 0.00000   0.00% / 0.00%

=====| CV SET: 1

Training points: 3663, validation points 1806
EPOCH    LR        TRAIN     VALID         MSE:T/V              RL:T/V         %NR_t/%NR_v
=============================================================================================
  1   1.000e-05   0.03189   0.03048   0.03189 / 0.03048   0.00000 / 0.00000   0.00% / 0.00%
 10   9.135e-06   0.03168   0.03027   0.03168 / 0.03027   0.00000 / 0.00000   0.00% / 0.00%

=====| CV SET: 2

Training points: 3476, validation points 1993
EPOCH    LR        TRAIN     VALID         MSE:T/V              RL:T/V         %NR_t/%NR_v
=============================================================================================
  1   1.000e-05   0.03027   0.03023   0.03013 / 0.02998   0.00014 / 0.00025   82.31% / 76.12%
 10   9.135e-06   0.03007   0.02995   0.03007 / 0.02992   0.00000 / 0.00003   11.02% / 24.08%

====================================================
                SEARCH ITERATION: 18 
====================================================


=====| CV SET: 0

Training points: 3799, validation points 1670
EPOCH    LR        TRAIN     VALID         MSE:T/V              RL:T/V         %NR_t/%NR_v
=============================================================================================
  1   1.000e-02   0.02367   0.02505   0.02367 / 0.02505   0.00000 / 0.00000   0.00% / 0.00%
 10   1.000e-02   0.02776   0.02929   0.02775 / 0.02929   0.00001 / 0.00000   2.82% / 0.00%

=====| CV SET: 1

Training points: 3663, validation points 1806
EPOCH    LR        TRAIN     VALID         MSE:T/V              RL:T/V         %NR_t/%NR_v
=============================================================================================
  1   1.000e-02   0.03201   0.03064   0.03201 / 0.03064   0.00000 / 0.00000   0.00% / 0.00%
 10   1.000e-02   0.03104   0.02966   0.03104 / 0.02966   0.00000 / 0.00000   0.00% / 0.06%

=====| CV SET: 2

Training points: 3476, validation points 1993
EPOCH    LR        TRAIN     VALID         MSE:T/V              RL:T/V         %NR_t/%NR_v
=============================================================================================
  1   1.000e-02   0.03148   0.03133   0.03148 / 0.03133   0.00000 / 0.00000   0.00% / 0.00%
 10   1.000e-02   0.01815   0.01822   0.01746 / 0.01745   0.00068 / 0.00077   0.69% / 5.02%

====================================================
                SEARCH ITERATION: 19 
====================================================


=====| CV SET: 0

Training points: 3799, validation points 1670
EPOCH    LR        TRAIN     VALID         MSE:T/V              RL:T/V         %NR_t/%NR_v
=============================================================================================
  1   1.000e-03   0.03122   0.03288   0.03122 / 0.03288   0.00000 / 0.00000   0.00% / 0.00%
 10   1.342e-04   0.03053   0.03216   0.03053 / 0.03216   0.00000 / 0.00000   0.00% / 0.00%

=====| CV SET: 1

Training points: 3663, validation points 1806
EPOCH    LR        TRAIN     VALID         MSE:T/V              RL:T/V         %NR_t/%NR_v
=============================================================================================
  1   1.000e-03   0.11947   0.11984   0.02935 / 0.02804   0.09012 / 0.09180   100.00% / 100.00%
 10   1.342e-04   0.03226   0.03097   0.02977 / 0.02845   0.00249 / 0.00253   62.11% / 64.06%

=====| CV SET: 2

Training points: 3476, validation points 1993
EPOCH    LR        TRAIN     VALID         MSE:T/V              RL:T/V         %NR_t/%NR_v
=============================================================================================
  1   1.000e-03   0.02980   0.02959   0.02973 / 0.02959   0.00008 / 0.00000   0.17% / 0.05%
 10   1.342e-04   0.02928   0.02904   0.02912 / 0.02899   0.00015 / 0.00005   0.17% / 1.35%

====================================================
                SEARCH ITERATION: 20 
====================================================


=====| CV SET: 0

Training points: 3799, validation points 1670
EPOCH    LR        TRAIN     VALID         MSE:T/V              RL:T/V         %NR_t/%NR_v
=============================================================================================
  1   1.000e-02   0.02238   0.02359   0.02231 / 0.02359   0.00007 / 0.00000   0.13% / 0.00%
 10   9.135e-03   0.01743   0.01847   0.01743 / 0.01847   0.00000 / 0.00000   0.00% / 0.00%

=====| CV SET: 1

Training points: 3663, validation points 1806
EPOCH    LR        TRAIN     VALID         MSE:T/V              RL:T/V         %NR_t/%NR_v
=============================================================================================
  1   1.000e-02   0.03108   0.02968   0.03108 / 0.02968   0.00000 / 0.00000   0.00% / 0.00%
 10   9.135e-03   0.02809   0.02675   0.02807 / 0.02675   0.00002 / 0.00000   4.34% / 1.50%

=====| CV SET: 2

Training points: 3476, validation points 1993
EPOCH    LR        TRAIN     VALID         MSE:T/V              RL:T/V         %NR_t/%NR_v
=============================================================================================
  1   1.000e-02   0.01998   0.02081   0.01997 / 0.01994   0.00000 / 0.00087   1.18% / 12.09%
 10   9.135e-03   0.02182   0.02173   0.02182 / 0.02173   0.00000 / 0.00000   0.00% / 0.00%

====================================================
                SEARCH ITERATION: 21 
====================================================


=====| CV SET: 0

Training points: 3799, validation points 1670
EPOCH    LR        TRAIN     VALID         MSE:T/V              RL:T/V         %NR_t/%NR_v
=============================================================================================
  1   1.000e-02   0.02770   0.02923   0.02770 / 0.02923   0.00000 / 0.00000   0.00% / 0.00%
 10   8.337e-03   0.02638   0.02725   0.02605 / 0.02725   0.00033 / 0.00000   1.66% / 0.12%

=====| CV SET: 1

Training points: 3663, validation points 1806
EPOCH    LR        TRAIN     VALID         MSE:T/V              RL:T/V         %NR_t/%NR_v
=============================================================================================
  1   1.000e-02   0.02720   0.02588   0.02720 / 0.02588   0.00000 / 0.00000   0.00% / 0.00%
 10   8.337e-03   0.01858   0.01752   0.01854 / 0.01752   0.00004 / 0.00000   0.11% / 0.00%

=====| CV SET: 2

Training points: 3476, validation points 1993
EPOCH    LR        TRAIN     VALID         MSE:T/V              RL:T/V         %NR_t/%NR_v
=============================================================================================
  1   1.000e-02   0.02999   0.02985   0.02999 / 0.02985   0.00000 / 0.00000   0.00% / 0.00%
 10   8.337e-03   0.01183   0.01193   0.01183 / 0.01182   0.00000 / 0.00010   1.52% / 11.89%

====================================================
                SEARCH ITERATION: 22 
====================================================


=====| CV SET: 0

Training points: 3799, validation points 1670
EPOCH    LR        TRAIN     VALID         MSE:T/V              RL:T/V         %NR_t/%NR_v
=============================================================================================
  1   1.000e-03   0.02924   0.03083   0.02924 / 0.03083   0.00000 / 0.00000   0.00% / 0.00%
 10   9.910e-04   0.02612   0.02761   0.02612 / 0.02761   0.00000 / 0.00000   0.00% / 0.00%

=====| CV SET: 1

Training points: 3663, validation points 1806
EPOCH    LR        TRAIN     VALID         MSE:T/V              RL:T/V         %NR_t/%NR_v
=============================================================================================
  1   1.000e-03   0.03135   0.02998   0.03135 / 0.02998   0.00000 / 0.00000   0.00% / 0.11%
 10   9.910e-04   0.02934   0.02832   0.02925 / 0.02796   0.00009 / 0.00036   3.90% / 1.11%

=====| CV SET: 2

Training points: 3476, validation points 1993
EPOCH    LR        TRAIN     VALID         MSE:T/V              RL:T/V         %NR_t/%NR_v
=============================================================================================
  1   1.000e-03   0.02911   0.02897   0.02911 / 0.02897   0.00000 / 0.00000   0.00% / 0.00%
 10   9.910e-04   0.02491   0.02470   0.02491 / 0.02470   0.00000 / 0.00000   0.00% / 0.00%

====================================================
                SEARCH ITERATION: 23 
====================================================


=====| CV SET: 0

Training points: 3799, validation points 1670
EPOCH    LR        TRAIN     VALID         MSE:T/V              RL:T/V         %NR_t/%NR_v
=============================================================================================
  1   1.000e-04   0.03091   0.03253   0.03091 / 0.03253   0.00000 / 0.00000   0.00% / 0.00%
 10   1.342e-05   0.03043   0.03204   0.03043 / 0.03204   0.00001 / 0.00000   1.66% / 0.96%

=====| CV SET: 1

Training points: 3663, validation points 1806
EPOCH    LR        TRAIN     VALID         MSE:T/V              RL:T/V         %NR_t/%NR_v
=============================================================================================
  1   1.000e-04   0.03150   0.03010   0.03150 / 0.03010   0.00000 / 0.00000   0.00% / 0.00%
 10   1.342e-05   0.03102   0.02962   0.03102 / 0.02962   0.00000 / 0.00000   0.14% / 0.00%

=====| CV SET: 2

Training points: 3476, validation points 1993
EPOCH    LR        TRAIN     VALID         MSE:T/V              RL:T/V         %NR_t/%NR_v
=============================================================================================
  1   1.000e-04   0.03154   0.03136   0.03154 / 0.03136   0.00000 / 0.00001   0.95% / 1.35%
 10   1.342e-05   0.03122   0.03110   0.03121 / 0.03105   0.00001 / 0.00006   2.19% / 8.83%

====================================================
                SEARCH ITERATION: 24 
====================================================


=====| CV SET: 0

Training points: 3799, validation points 1670
EPOCH    LR        TRAIN     VALID         MSE:T/V              RL:T/V         %NR_t/%NR_v
=============================================================================================
  1   1.000e-02   0.02101   0.02218   0.02101 / 0.02218   0.00000 / 0.00000   0.00% / 0.00%
 10   3.874e-03   0.01277   0.01350   0.01275 / 0.01350   0.00002 / 0.00000   4.00% / 0.00%

=====| CV SET: 1

Training points: 3663, validation points 1806
EPOCH    LR        TRAIN     VALID         MSE:T/V              RL:T/V         %NR_t/%NR_v
=============================================================================================
  1   1.000e-02   0.02362   0.02248   0.02362 / 0.02248   0.00000 / 0.00000   0.00% / 0.00%
 10   3.874e-03   0.01247   0.01194   0.01244 / 0.01173   0.00003 / 0.00021   3.28% / 0.22%

=====| CV SET: 2

Training points: 3476, validation points 1993
EPOCH    LR        TRAIN     VALID         MSE:T/V              RL:T/V         %NR_t/%NR_v
=============================================================================================
  1   1.000e-02   0.02816   0.08294   0.02033 / 0.02013   0.00783 / 0.06281   0.72% / 2.01%
 10   3.874e-03   0.01385   0.01673   0.01379 / 0.01398   0.00006 / 0.00275   6.42% / 26.24%

====================================================
                SEARCH ITERATION: 25 
====================================================


=====| CV SET: 0

Training points: 3799, validation points 1670
EPOCH    LR        TRAIN     VALID         MSE:T/V              RL:T/V         %NR_t/%NR_v
=============================================================================================
  1   1.000e-02   0.02192   0.02305   0.02192 / 0.02305   0.00000 / 0.00000   0.00% / 0.00%
 10   1.000e-02   0.02453   0.02565   0.02435 / 0.02565   0.00017 / 0.00000   1.45% / 0.06%

=====| CV SET: 1

Training points: 3663, validation points 1806
EPOCH    LR        TRAIN     VALID         MSE:T/V              RL:T/V         %NR_t/%NR_v
=============================================================================================
  1   1.000e-02   0.03089   0.02951   0.03089 / 0.02951   0.00000 / 0.00000   0.00% / 0.00%
 10   1.000e-02   0.02544   0.02420   0.02540 / 0.02420   0.00004 / 0.00000   4.34% / 2.10%

=====| CV SET: 2

Training points: 3476, validation points 1993
EPOCH    LR        TRAIN     VALID         MSE:T/V              RL:T/V         %NR_t/%NR_v
=============================================================================================
  1   1.000e-02   0.02978   0.02962   0.02978 / 0.02962   0.00000 / 0.00000   0.00% / 0.00%
 10   1.000e-02   0.09202   0.52065   0.04097 / 0.04120   0.05104 / 0.47945   3.16% / 6.12%

====================================================
                SEARCH ITERATION: 26 
====================================================


=====| CV SET: 0

Training points: 3799, validation points 1670
EPOCH    LR        TRAIN     VALID         MSE:T/V              RL:T/V         %NR_t/%NR_v
=============================================================================================
  1   1.000e-05   0.03043   0.03203   0.03043 / 0.03203   0.00000 / 0.00000   0.08% / 0.00%
 10   3.874e-06   0.03033   0.03192   0.03032 / 0.03192   0.00000 / 0.00000   0.11% / 0.00%

=====| CV SET: 1

Training points: 3663, validation points 1806
EPOCH    LR        TRAIN     VALID         MSE:T/V              RL:T/V         %NR_t/%NR_v
=============================================================================================
  1   1.000e-05   0.03113   0.02978   0.03113 / 0.02977   0.00000 / 0.00001   0.00% / 0.11%
 10   3.874e-06   0.03104   0.02968   0.03104 / 0.02967   0.00000 / 0.00001   0.00% / 0.17%

=====| CV SET: 2

Training points: 3476, validation points 1993
EPOCH    LR        TRAIN     VALID         MSE:T/V              RL:T/V         %NR_t/%NR_v
=============================================================================================
  1   1.000e-05   0.03222   0.03206   0.03222 / 0.03206   0.00000 / 0.00000   0.00% / 0.00%
 10   3.874e-06   0.03212   0.03196   0.03212 / 0.03196   0.00000 / 0.00000   0.00% / 0.00%

====================================================
                SEARCH ITERATION: 27 
====================================================


=====| CV SET: 0

Training points: 3799, validation points 1670
EPOCH    LR        TRAIN     VALID         MSE:T/V              RL:T/V         %NR_t/%NR_v
=============================================================================================
  1   1.000e-02   0.03042   0.03197   0.03042 / 0.03197   0.00000 / 0.00000   0.03% / 0.00%
 10   3.874e-03   0.02562   0.02625   0.02482 / 0.02608   0.00080 / 0.00018   8.77% / 4.01%

=====| CV SET: 1

Training points: 3663, validation points 1806
EPOCH    LR        TRAIN     VALID         MSE:T/V              RL:T/V         %NR_t/%NR_v
=============================================================================================
  1   1.000e-02   0.02491   0.02369   0.02491 / 0.02369   0.00000 / 0.00000   0.00% / 0.00%
 10   3.874e-03   0.02223   0.02115   0.02223 / 0.02114   0.00000 / 0.00001   3.90% / 3.65%

=====| CV SET: 2

Training points: 3476, validation points 1993
EPOCH    LR        TRAIN     VALID         MSE:T/V              RL:T/V         %NR_t/%NR_v
=============================================================================================
  1   1.000e-02   0.02655   0.02643   0.02655 / 0.02643   0.00000 / 0.00000   0.00% / 0.00%
 10   3.874e-03   0.02656   0.02644   0.02656 / 0.02644   0.00000 / 0.00001   0.00% / 2.16%

====================================================
                SEARCH ITERATION: 28 
====================================================


=====| CV SET: 0

Training points: 3799, validation points 1670
EPOCH    LR        TRAIN     VALID         MSE:T/V              RL:T/V         %NR_t/%NR_v
=============================================================================================
  1   1.000e-04   0.02921   0.03078   0.02921 / 0.03078   0.00000 / 0.00000   0.13% / 0.00%
 10   8.337e-05   0.02128   0.02232   0.02119 / 0.02232   0.00009 / 0.00000   10.32% / 0.00%

=====| CV SET: 1

Training points: 3663, validation points 1806
EPOCH    LR        TRAIN     VALID         MSE:T/V              RL:T/V         %NR_t/%NR_v
=============================================================================================
  1   1.000e-04   0.03156   0.03020   0.03151 / 0.03009   0.00004 / 0.00011   4.78% / 8.47%
 10   8.337e-05   0.02605   0.02487   0.02600 / 0.02486   0.00005 / 0.00001   3.79% / 2.66%

=====| CV SET: 2

Training points: 3476, validation points 1993
EPOCH    LR        TRAIN     VALID         MSE:T/V              RL:T/V         %NR_t/%NR_v
=============================================================================================
  1   1.000e-04   0.02957   0.02958   0.02954 / 0.02947   0.00003 / 0.00012   13.29% / 20.27%
 10   8.337e-05   0.01813   0.02363   0.01808 / 0.01832   0.00005 / 0.00532   4.89% / 15.86%

====================================================
                SEARCH ITERATION: 29 
====================================================


=====| CV SET: 0

Training points: 3799, validation points 1670
EPOCH    LR        TRAIN     VALID         MSE:T/V              RL:T/V         %NR_t/%NR_v
=============================================================================================
  1   1.000e-02   0.02880   0.03009   0.02842 / 0.02990   0.00038 / 0.00018   10.08% / 9.76%
 10   8.337e-03   0.01666   0.01768   0.01666 / 0.01768   0.00000 / 0.00000   0.21% / 0.00%

=====| CV SET: 1

Training points: 3663, validation points 1806
EPOCH    LR        TRAIN     VALID         MSE:T/V              RL:T/V         %NR_t/%NR_v
=============================================================================================
  1   1.000e-02   0.02601   0.02497   0.02601 / 0.02497   0.00000 / 0.00000   0.00% / 0.00%
 10   8.337e-03   0.01686   0.01600   0.01686 / 0.01600   0.00000 / 0.00000   0.00% / 0.00%

=====| CV SET: 2

Training points: 3476, validation points 1993
EPOCH    LR        TRAIN     VALID         MSE:T/V              RL:T/V         %NR_t/%NR_v
=============================================================================================
  1   1.000e-02   0.03130   0.03129   0.03130 / 0.03129   0.00000 / 0.00000   0.00% / 0.00%
 10   8.337e-03   0.01786   0.02529   0.01597 / 0.01622   0.00189 / 0.00908   2.04% / 3.96%

====================================================
                SEARCH ITERATION: 30 
====================================================


=====| CV SET: 0

Training points: 3799, validation points 1670
EPOCH    LR        TRAIN     VALID         MSE:T/V              RL:T/V         %NR_t/%NR_v
=============================================================================================
  1   1.000e-05   0.03113   0.03279   0.03113 / 0.03279   0.00000 / 0.00000   0.00% / 0.00%
 10   9.135e-06   0.03099   0.03264   0.03099 / 0.03264   0.00000 / 0.00000   0.00% / 0.00%

=====| CV SET: 1

Training points: 3663, validation points 1806
EPOCH    LR        TRAIN     VALID         MSE:T/V              RL:T/V         %NR_t/%NR_v
=============================================================================================
  1   1.000e-05   0.02990   0.02855   0.02990 / 0.02855   0.00000 / 0.00000   0.00% / 0.00%
 10   9.135e-06   0.02979   0.02844   0.02979 / 0.02844   0.00000 / 0.00000   0.00% / 0.00%

=====| CV SET: 2

Training points: 3476, validation points 1993
EPOCH    LR        TRAIN     VALID         MSE:T/V              RL:T/V         %NR_t/%NR_v
=============================================================================================
  1   1.000e-05   0.03204   0.03188   0.03204 / 0.03188   0.00000 / 0.00000   0.00% / 0.00%
 10   9.135e-06   0.03193   0.03176   0.03193 / 0.03176   0.00000 / 0.00000   0.03% / 0.05%

====================================================
                SEARCH ITERATION: 31 
====================================================


=====| CV SET: 0

Training points: 3799, validation points 1670
EPOCH    LR        TRAIN     VALID         MSE:T/V              RL:T/V         %NR_t/%NR_v
=============================================================================================
  1   1.000e-03   0.03136   0.03300   0.03136 / 0.03300   0.00000 / 0.00000   0.00% / 0.00%
 10   1.000e-03   0.02954   0.03102   0.02944 / 0.03099   0.00010 / 0.00003   25.35% / 28.98%

=====| CV SET: 1

Training points: 3663, validation points 1806
EPOCH    LR        TRAIN     VALID         MSE:T/V              RL:T/V         %NR_t/%NR_v
=============================================================================================
  1   1.000e-03   0.02986   0.02850   0.02986 / 0.02850   0.00000 / 0.00000   0.00% / 0.00%
 10   1.000e-03   0.01640   0.01548   0.01632 / 0.01542   0.00009 / 0.00007   0.30% / 0.11%

=====| CV SET: 2

Training points: 3476, validation points 1993
EPOCH    LR        TRAIN     VALID         MSE:T/V              RL:T/V         %NR_t/%NR_v
=============================================================================================
  1   1.000e-03   0.02999   0.02983   0.02999 / 0.02983   0.00000 / 0.00000   0.00% / 0.00%
 10   1.000e-03   0.01747   0.01818   0.01747 / 0.01748   0.00000 / 0.00070   0.40% / 9.48%

====================================================
                SEARCH ITERATION: 32 
====================================================


=====| CV SET: 0

Training points: 3799, validation points 1670
EPOCH    LR        TRAIN     VALID         MSE:T/V              RL:T/V         %NR_t/%NR_v
=============================================================================================

Intel MKL ERROR: Parameter 3 was incorrect on entry to SGEBAL.
