CLUSTER: 3
Dataset total: 12065, test: 2290, final_val: 2392, tv: 7383

====================================================
                SEARCH ITERATION: 0 
====================================================


=====| CV SET: 0

Training points: 4660, validation points 2723
EPOCH    LR        TRAIN     VALID         MSE:T/V              RL:T/V         %NR_t/%NR_v
=============================================================================================
  1   1.000e-05   0.00857   0.00858   0.00857 / 0.00858   0.00000 / 0.00000   0.04% / 0.00%
 10   9.135e-06   0.00833   0.00834   0.00833 / 0.00834   0.00000 / 0.00000   0.00% / 0.00%

=====| CV SET: 1

Training points: 4875, validation points 2508
EPOCH    LR        TRAIN     VALID         MSE:T/V              RL:T/V         %NR_t/%NR_v
=============================================================================================
  1   1.000e-05   0.00804   0.00758   0.00804 / 0.00758   0.00000 / 0.00000   0.00% / 0.00%
 10   9.135e-06   0.00783   0.00737   0.00783 / 0.00737   0.00000 / 0.00000   0.00% / 0.00%

=====| CV SET: 2

Training points: 5231, validation points 2152
EPOCH    LR        TRAIN     VALID         MSE:T/V              RL:T/V         %NR_t/%NR_v
=============================================================================================
  1   1.000e-05   0.00733   0.00776   0.00733 / 0.00776   0.00000 / 0.00000   0.00% / 0.00%
 10   9.135e-06   0.00714   0.00756   0.00714 / 0.00756   0.00000 / 0.00000   0.00% / 0.00%

=============> NEW BEST CV SCORE FOUND: 0.007757094378272693 <==============
PARAMS:
{'early_stopping_patience': 20, 'max_epochs': 10, 'learning_rate': 1e-05, 'learning_rate_decay': 0.99, 'batch_size': 256, 'val_set': ['case_1p5', 'fp_1410', 'fp_3030']}
{'neurons': 80, 'n_hidden': 6, 'activation_function': SiLU(), 'input_features': ['komegasst_q6', 'komegasst_q5', 'komegasst_I1_1', 'komegasst_I1_3', 'komegasst_I2_3', 'komegasst_I1_5']}

====================================================
                SEARCH ITERATION: 1 
====================================================


=====| CV SET: 0

Training points: 4660, validation points 2723
EPOCH    LR        TRAIN     VALID         MSE:T/V              RL:T/V         %NR_t/%NR_v
=============================================================================================
  1   1.000e-04   0.00718   0.00729   0.00718 / 0.00729   0.00000 / 0.00000   0.00% / 0.00%
 10   1.342e-05   0.00287   0.00297   0.00284 / 0.00296   0.00002 / 0.00000   0.06% / 0.04%

=====| CV SET: 1

Training points: 4875, validation points 2508
EPOCH    LR        TRAIN     VALID         MSE:T/V              RL:T/V         %NR_t/%NR_v
=============================================================================================
  1   1.000e-04   0.00848   0.00802   0.00848 / 0.00802   0.00000 / 0.00000   0.00% / 0.00%
 10   1.342e-05   0.00496   0.00553   0.00494 / 0.00452   0.00002 / 0.00101   0.06% / 0.16%

=====| CV SET: 2

Training points: 5231, validation points 2152
EPOCH    LR        TRAIN     VALID         MSE:T/V              RL:T/V         %NR_t/%NR_v
=============================================================================================
  1   1.000e-04   0.00936   0.01040   0.00890 / 0.00939   0.00046 / 0.00100   3.52% / 3.90%
 10   1.342e-05   0.00730   0.00773   0.00730 / 0.00773   0.00000 / 0.00000   0.00% / 0.00%

=============> NEW BEST CV SCORE FOUND: 0.005407467872525255 <==============
PARAMS:
{'early_stopping_patience': 20, 'max_epochs': 10, 'learning_rate': 0.0001, 'learning_rate_decay': 0.8, 'batch_size': 64, 'val_set': ['case_1p5', 'fp_1410', 'fp_3030']}
{'neurons': 40, 'n_hidden': 7, 'activation_function': SiLU(), 'input_features': ['komegasst_q6', 'komegasst_q5', 'komegasst_I1_1', 'komegasst_I1_3', 'komegasst_I2_3', 'komegasst_I1_5']}

====================================================
                SEARCH ITERATION: 2 
====================================================


=====| CV SET: 0

Training points: 4660, validation points 2723
EPOCH    LR        TRAIN     VALID         MSE:T/V              RL:T/V         %NR_t/%NR_v
=============================================================================================
  1   1.000e-05   0.00956   0.00960   0.00956 / 0.00960   0.00000 / 0.00000   0.00% / 0.00%
 10   8.337e-06   0.00954   0.00959   0.00954 / 0.00959   0.00000 / 0.00000   0.00% / 0.00%

=====| CV SET: 1

Training points: 4875, validation points 2508
EPOCH    LR        TRAIN     VALID         MSE:T/V              RL:T/V         %NR_t/%NR_v
=============================================================================================
  1   1.000e-05   0.00755   0.00705   0.00755 / 0.00705   0.00000 / 0.00000   0.00% / 0.00%
 10   8.337e-06   0.00754   0.00703   0.00754 / 0.00703   0.00000 / 0.00000   0.00% / 0.00%

=====| CV SET: 2

Training points: 5231, validation points 2152
EPOCH    LR        TRAIN     VALID         MSE:T/V              RL:T/V         %NR_t/%NR_v
=============================================================================================
  1   1.000e-05   0.01244   0.01321   0.01217 / 0.01278   0.00028 / 0.00043   0.40% / 1.67%
 10   8.337e-06   0.01242   0.01318   0.01215 / 0.01276   0.00027 / 0.00042   0.40% / 1.67%

====================================================
                SEARCH ITERATION: 3 
====================================================


=====| CV SET: 0

Training points: 4660, validation points 2723
EPOCH    LR        TRAIN     VALID         MSE:T/V              RL:T/V         %NR_t/%NR_v
=============================================================================================
  1   1.000e-04   0.00837   0.00838   0.00837 / 0.00838   0.00000 / 0.00000   0.00% / 0.00%
 10   6.302e-05   0.00822   0.00823   0.00822 / 0.00823   0.00000 / 0.00000   0.00% / 0.00%

=====| CV SET: 1

Training points: 4875, validation points 2508
EPOCH    LR        TRAIN     VALID         MSE:T/V              RL:T/V         %NR_t/%NR_v
=============================================================================================
  1   1.000e-04   0.00718   0.00673   0.00718 / 0.00673   0.00000 / 0.00000   0.00% / 0.00%
 10   6.302e-05   0.00704   0.00660   0.00704 / 0.00660   0.00000 / 0.00000   0.00% / 0.00%

=====| CV SET: 2

Training points: 5231, validation points 2152
EPOCH    LR        TRAIN     VALID         MSE:T/V              RL:T/V         %NR_t/%NR_v
=============================================================================================
  1   1.000e-04   0.00648   0.00687   0.00648 / 0.00687   0.00000 / 0.00000   0.00% / 0.00%
 10   6.302e-05   0.00634   0.00672   0.00634 / 0.00672   0.00000 / 0.00000   0.00% / 0.00%

====================================================
                SEARCH ITERATION: 4 
====================================================


=====| CV SET: 0

Training points: 4660, validation points 2723
EPOCH    LR        TRAIN     VALID         MSE:T/V              RL:T/V         %NR_t/%NR_v
=============================================================================================
  1   1.000e-02   0.00809   0.00801   0.00797 / 0.00801   0.00012 / 0.00001   2.10% / 0.51%
 10   1.342e-03   0.00472   0.00446   0.00471 / 0.00446   0.00001 / 0.00000   0.84% / 0.07%

=====| CV SET: 1

Training points: 4875, validation points 2508
EPOCH    LR        TRAIN     VALID         MSE:T/V              RL:T/V         %NR_t/%NR_v
=============================================================================================
  1   1.000e-02   0.00770   0.00724   0.00770 / 0.00724   0.00000 / 0.00000   0.00% / 0.00%
 10   1.342e-03   0.00665   0.00621   0.00665 / 0.00621   0.00001 / 0.00000   1.44% / 0.00%

=====| CV SET: 2

Training points: 5231, validation points 2152
EPOCH    LR        TRAIN     VALID         MSE:T/V              RL:T/V         %NR_t/%NR_v
=============================================================================================
  1   1.000e-02   0.00771   0.00816   0.00771 / 0.00816   0.00000 / 0.00000   0.00% / 0.00%
 10   1.342e-03   0.00743   0.00785   0.00743 / 0.00785   0.00000 / 0.00000   0.00% / 0.00%

====================================================
                SEARCH ITERATION: 5 
====================================================


=====| CV SET: 0

Training points: 4660, validation points 2723
EPOCH    LR        TRAIN     VALID         MSE:T/V              RL:T/V         %NR_t/%NR_v
=============================================================================================
  1   1.000e-05   0.01019   0.00962   0.00942 / 0.00938   0.00077 / 0.00024   3.13% / 1.21%
 10   1.000e-05   0.01014   0.00960   0.00941 / 0.00937   0.00073 / 0.00023   3.11% / 1.14%

=====| CV SET: 1

Training points: 4875, validation points 2508
EPOCH    LR        TRAIN     VALID         MSE:T/V              RL:T/V         %NR_t/%NR_v
=============================================================================================
  1   1.000e-05   0.00855   0.00805   0.00855 / 0.00805   0.00000 / 0.00000   0.00% / 0.00%
 10   1.000e-05   0.00853   0.00803   0.00853 / 0.00803   0.00000 / 0.00000   0.00% / 0.00%

=====| CV SET: 2

Training points: 5231, validation points 2152
EPOCH    LR        TRAIN     VALID         MSE:T/V              RL:T/V         %NR_t/%NR_v
=============================================================================================
  1   1.000e-05   0.00865   0.00912   0.00865 / 0.00912   0.00000 / 0.00000   0.02% / 0.00%
 10   1.000e-05   0.00862   0.00909   0.00862 / 0.00909   0.00000 / 0.00000   0.00% / 0.05%

====================================================
                SEARCH ITERATION: 6 
====================================================


=====| CV SET: 0

Training points: 4660, validation points 2723
EPOCH    LR        TRAIN     VALID         MSE:T/V              RL:T/V         %NR_t/%NR_v
=============================================================================================
  1   1.000e-04   0.01206   0.01077   0.00849 / 0.00844   0.00357 / 0.00233   25.54% / 21.56%
 10   3.874e-05   0.00883   0.00864   0.00839 / 0.00836   0.00044 / 0.00028   3.73% / 3.49%

=====| CV SET: 1

Training points: 4875, validation points 2508
EPOCH    LR        TRAIN     VALID         MSE:T/V              RL:T/V         %NR_t/%NR_v
=============================================================================================
  1   1.000e-04   0.01461   0.01479   0.00959 / 0.00922   0.00502 / 0.00558   4.80% / 4.94%
 10   3.874e-05   0.00972   0.00938   0.00890 / 0.00850   0.00082 / 0.00088   3.34% / 4.27%

=====| CV SET: 2

Training points: 5231, validation points 2152
EPOCH    LR        TRAIN     VALID         MSE:T/V              RL:T/V         %NR_t/%NR_v
=============================================================================================
  1   1.000e-04   0.00568   0.00603   0.00568 / 0.00603   0.00000 / 0.00000   0.00% / 0.00%
 10   3.874e-05   0.00424   0.00451   0.00423 / 0.00451   0.00001 / 0.00000   0.06% / 0.00%

====================================================
                SEARCH ITERATION: 7 
====================================================


=====| CV SET: 0

Training points: 4660, validation points 2723
EPOCH    LR        TRAIN     VALID         MSE:T/V              RL:T/V         %NR_t/%NR_v
=============================================================================================
  1   1.000e-03   0.00889   0.00893   0.00889 / 0.00893   0.00000 / 0.00000   0.04% / 0.07%
 10   9.910e-04   0.00315   0.00332   0.00315 / 0.00332   0.00000 / 0.00000   0.00% / 0.00%

=====| CV SET: 1

Training points: 4875, validation points 2508
EPOCH    LR        TRAIN     VALID         MSE:T/V              RL:T/V         %NR_t/%NR_v
=============================================================================================
  1   1.000e-03   0.00903   0.00858   0.00901 / 0.00856   0.00003 / 0.00003   1.33% / 0.96%
 10   9.910e-04   0.00348   0.00309   0.00348 / 0.00309   0.00000 / 0.00000   0.02% / 0.00%

=====| CV SET: 2

Training points: 5231, validation points 2152
EPOCH    LR        TRAIN     VALID         MSE:T/V              RL:T/V         %NR_t/%NR_v
=============================================================================================
  1   1.000e-03   0.00904   0.00956   0.00900 / 0.00950   0.00003 / 0.00006   0.57% / 2.00%
 10   9.910e-04   0.00282   0.00307   0.00282 / 0.00307   0.00000 / 0.00000   0.00% / 0.05%

=============> NEW BEST CV SCORE FOUND: 0.0031593761717279754 <==============
PARAMS:
{'early_stopping_patience': 20, 'max_epochs': 10, 'learning_rate': 0.001, 'learning_rate_decay': 0.999, 'batch_size': 512, 'val_set': ['case_1p5', 'fp_1410', 'fp_3030']}
{'neurons': 40, 'n_hidden': 7, 'activation_function': SiLU(), 'input_features': ['komegasst_q6', 'komegasst_q5', 'komegasst_I1_1', 'komegasst_I1_3', 'komegasst_I2_3', 'komegasst_I1_5']}

====================================================
                SEARCH ITERATION: 8 
====================================================


=====| CV SET: 0

Training points: 4660, validation points 2723
EPOCH    LR        TRAIN     VALID         MSE:T/V              RL:T/V         %NR_t/%NR_v
=============================================================================================
  1   1.000e-05   0.00822   0.00827   0.00822 / 0.00827   0.00000 / 0.00000   0.00% / 0.00%
 10   8.337e-06   0.00762   0.00770   0.00762 / 0.00770   0.00000 / 0.00000   0.00% / 0.00%

=====| CV SET: 1

Training points: 4875, validation points 2508
EPOCH    LR        TRAIN     VALID         MSE:T/V              RL:T/V         %NR_t/%NR_v
=============================================================================================
  1   1.000e-05   0.01393   0.01390   0.00911 / 0.00869   0.00482 / 0.00521   23.61% / 24.48%
 10   8.337e-06   0.01059   0.01029   0.00918 / 0.00876   0.00141 / 0.00153   5.39% / 5.06%

=====| CV SET: 2

Training points: 5231, validation points 2152
EPOCH    LR        TRAIN     VALID         MSE:T/V              RL:T/V         %NR_t/%NR_v
=============================================================================================
  1   1.000e-05   0.00811   0.00858   0.00811 / 0.00858   0.00000 / 0.00000   0.00% / 0.00%
 10   8.337e-06   0.00730   0.00771   0.00730 / 0.00771   0.00000 / 0.00000   0.00% / 0.00%

====================================================
                SEARCH ITERATION: 9 
====================================================


=====| CV SET: 0

Training points: 4660, validation points 2723
EPOCH    LR        TRAIN     VALID         MSE:T/V              RL:T/V         %NR_t/%NR_v
=============================================================================================
  1   1.000e-03   0.00848   0.00850   0.00848 / 0.00850   0.00000 / 0.00000   0.00% / 0.00%
 10   9.135e-04   0.00285   0.00296   0.00285 / 0.00296   0.00000 / 0.00000   0.13% / 0.00%

=====| CV SET: 1

Training points: 4875, validation points 2508
EPOCH    LR        TRAIN     VALID         MSE:T/V              RL:T/V         %NR_t/%NR_v
=============================================================================================
  1   1.000e-03   0.00930   0.00883   0.00930 / 0.00883   0.00000 / 0.00000   0.00% / 0.00%
 10   9.135e-04   0.00242   0.00202   0.00239 / 0.00202   0.00003 / 0.00000   0.43% / 0.00%

=====| CV SET: 2

Training points: 5231, validation points 2152
EPOCH    LR        TRAIN     VALID         MSE:T/V              RL:T/V         %NR_t/%NR_v
=============================================================================================
  1   1.000e-03   0.00801   0.00846   0.00801 / 0.00846   0.00000 / 0.00000   0.00% / 0.00%
 10   9.135e-04   0.00266   0.00289   0.00266 / 0.00289   0.00000 / 0.00000   0.00% / 0.00%

=============> NEW BEST CV SCORE FOUND: 0.002625131824364265 <==============
PARAMS:
{'early_stopping_patience': 20, 'max_epochs': 10, 'learning_rate': 0.001, 'learning_rate_decay': 0.99, 'batch_size': 512, 'val_set': ['case_1p5', 'fp_1410', 'fp_3030']}
{'neurons': 20, 'n_hidden': 8, 'activation_function': SiLU(), 'input_features': ['komegasst_q6', 'komegasst_q5', 'komegasst_I1_1', 'komegasst_I1_3', 'komegasst_I2_3', 'komegasst_I1_5']}

====================================================
                SEARCH ITERATION: 10 
====================================================


=====| CV SET: 0

Training points: 4660, validation points 2723
EPOCH    LR        TRAIN     VALID         MSE:T/V              RL:T/V         %NR_t/%NR_v
=============================================================================================
  1   1.000e-03   0.00415   0.00426   0.00415 / 0.00426   0.00000 / 0.00000   0.15% / 0.00%
 10   9.135e-04   0.00100   0.00096   0.00098 / 0.00096   0.00002 / 0.00000   0.41% / 0.00%

=====| CV SET: 1

Training points: 4875, validation points 2508
EPOCH    LR        TRAIN     VALID         MSE:T/V              RL:T/V         %NR_t/%NR_v
=============================================================================================
