========== Dataset info ==========
Dataset params: {'file': '/home/nikki/kan/data/turbulence_dataset_clean.csv', 'Cases': ['fp_1000', 'fp_1410', 'fp_2000', 'fp_2540', 'fp_3030', 'fp_3270', 'fp_3630', 'fp_3970', 'fp_4060'], 'val_set': ['fp_3030', 'fp_1410', 'fp_4060'], 'test_set': ['fp_3630'], 'data_loader': <class 'tbnn.dataloaders.aDataset'>}
Train/Valid/Test points: 760 / 468 / 168
Memorization?: False
Cluster training?: False
EPOCH     LR        TRAIN         VALID             MSE:T/V                  RL:T/V             %NR_t/%NR_v
===============================================================================================================
  1   4.991E-03   1.5439E-01   1.5029E-01   1.5439E-01 / 1.5029E-01   
 10   4.991E-03   4.5310E-03   4.2649E-03   4.5307E-03 / 4.2646E-03   
 20   4.991E-03   2.1639E-03   2.0995E-03   2.1639E-03 / 2.0992E-03   
 30   4.991E-03   1.5875E-03   1.5686E-03   1.5871E-03 / 1.5682E-03   
 40   4.991E-03   1.2930E-03   1.2845E-03   1.2928E-03 / 1.2843E-03   
 50   4.991E-03   1.1098E-03   1.1029E-03   1.1087E-03 / 1.1019E-03   
 60   4.991E-03   9.7685E-04   9.7303E-04   9.7478E-04 / 9.7096E-04   
 70   4.991E-03   8.6634E-04   8.7122E-04   8.6407E-04 / 8.6901E-04   
 80   4.991E-03   7.6677E-04   7.8196E-04   7.6486E-04 / 7.8019E-04   
 90   4.991E-03   6.7683E-04   7.0828E-04   6.7502E-04 / 7.0660E-04   
100   4.991E-03   5.9920E-04   6.5873E-04   5.9757E-04 / 6.5729E-04   
110   4.991E-03   5.3249E-04   6.0836E-04   5.3097E-04 / 6.0706E-04   
120   4.991E-03   4.8125E-04   5.8153E-04   4.7956E-04 / 5.7998E-04   
130   4.991E-03   4.4297E-04   5.6295E-04   4.4171E-04 / 5.6181E-04   
140   4.991E-03   4.0697E-04   5.2952E-04   4.0580E-04 / 5.2847E-04   
150   4.991E-03   3.9044E-04   5.3567E-04   3.8960E-04 / 5.3495E-04   
160   4.991E-03   3.5763E-04   4.9868E-04   3.5672E-04 / 4.9795E-04   
170   4.991E-03   3.4059E-04   4.7286E-04   3.3966E-04 / 4.7208E-04   
180   4.991E-03   3.2588E-04   4.3891E-04   3.2473E-04 / 4.3785E-04   
190   4.991E-03   3.1445E-04   3.7557E-04   3.1335E-04 / 3.7458E-04   
200   4.991E-03   3.3227E-04   3.9953E-04   3.3117E-04 / 3.9855E-04   
210   4.991E-03   3.0041E-04   3.4070E-04   2.9935E-04 / 3.3977E-04   
220   4.991E-03   2.7803E-04   3.3511E-04   2.7690E-04 / 3.3411E-04   
230   4.991E-03   2.6491E-04   3.1939E-04   2.6377E-04 / 3.1838E-04   
240   4.991E-03   2.6068E-04   3.0892E-04   2.5946E-04 / 3.0783E-04   
250   4.991E-03   2.5203E-04   3.1202E-04   2.5081E-04 / 3.1083E-04   
260   4.991E-03   2.4223E-04   3.0175E-04   2.4104E-04 / 3.0066E-04   
270   4.991E-03   2.3682E-04   2.9651E-04   2.3574E-04 / 2.9553E-04   
280   4.991E-03   2.3071E-04   2.9211E-04   2.2962E-04 / 2.9111E-04   
290   4.991E-03   2.2366E-04   2.8267E-04   2.2257E-04 / 2.8164E-04   
300   4.991E-03   2.2075E-04   2.9814E-04   2.1970E-04 / 2.9715E-04   
310   4.991E-03   2.1575E-04   2.9693E-04   2.1480E-04 / 2.9605E-04   
320   4.991E-03   2.0582E-04   3.0457E-04   2.0462E-04 / 3.0346E-04   
330   4.991E-03   2.0266E-04   3.0334E-04   2.0162E-04 / 3.0229E-04   
340   4.991E-03   1.9989E-04   2.8997E-04   1.9891E-04 / 2.8899E-04   
350   4.991E-03   1.9492E-04   3.1777E-04   1.9395E-04 / 3.1688E-04   
360   4.991E-03   2.1009E-04   3.0252E-04   2.0921E-04 / 3.0173E-04   
370   4.991E-03   1.9098E-04   2.7851E-04   1.9008E-04 / 2.7738E-04   
380   4.991E-03   1.7977E-04   2.9757E-04   1.7892E-04 / 2.9675E-04   
390   4.991E-03   1.8041E-04   3.2278E-04   1.7935E-04 / 3.2160E-04   
400   4.991E-03   1.8917E-04   3.3687E-04   1.8820E-04 / 3.3590E-04   
410   4.991E-03   1.7938E-04   3.2587E-04   1.7845E-04 / 3.2478E-04   
420   4.991E-03   1.8244E-04   3.2014E-04   1.8152E-04 / 3.1908E-04   
430   4.991E-03   1.7860E-04   3.2989E-04   1.7739E-04 / 3.2798E-04   
440   4.991E-03   1.6503E-04   2.8780E-04   1.6402E-04 / 2.8658E-04   
450   4.991E-03   1.7560E-04   2.6784E-04   1.7459E-04 / 2.6675E-04   
460   4.991E-03   1.6723E-04   3.2701E-04   1.6615E-04 / 3.2573E-04   
470   4.991E-03   1.6142E-04   3.3591E-04   1.6041E-04 / 3.3466E-04   
480   4.991E-03   2.1343E-04   3.6323E-04   2.1233E-04 / 3.6128E-04   
490   4.991E-03   1.5943E-04   3.2669E-04   1.5849E-04 / 3.2579E-04   
500   4.991E-03   1.4926E-04   3.6082E-04   1.4808E-04 / 3.5855E-04   
510   4.991E-03   1.4912E-04   4.2395E-04   1.4820E-04 / 4.2313E-04   
520   4.991E-03   1.4760E-04   4.5133E-04   1.4664E-04 / 4.5024E-04   
530   4.991E-03   1.5104E-04   4.6743E-04   1.4986E-04 / 4.6604E-04   
540   4.991E-03   1.4967E-04   5.0377E-04   1.4857E-04 / 5.0256E-04   
550   4.991E-03   1.4264E-04   5.6115E-04   1.4160E-04 / 5.5994E-04   
560   4.991E-03   1.5944E-04   5.0195E-04   1.5846E-04 / 5.0103E-04   
570   4.991E-03   1.4146E-04   5.6973E-04   1.4051E-04 / 5.6794E-04   
580   4.991E-03   1.5378E-04   5.2924E-04   1.5288E-04 / 5.2832E-04   
590   4.991E-03   1.4267E-04   5.5050E-04   1.4163E-04 / 5.4941E-04   
600   4.991E-03   1.3630E-04   5.6687E-04   1.3528E-04 / 5.6540E-04   
610   4.991E-03   1.9232E-04   7.0676E-04   1.9136E-04 / 7.0554E-04   
620   4.991E-03   1.3439E-04   6.2254E-04   1.3331E-04 / 6.2097E-04   
630   4.991E-03   1.5781E-04   6.4844E-04   1.5672E-04 / 6.4678E-04   
640   4.991E-03   1.3325E-04   5.6913E-04   1.3205E-04 / 5.6654E-04   
650   4.991E-03   1.2787E-04   6.4854E-04   1.2665E-04 / 6.4539E-04   
660   4.991E-03   1.3175E-04   8.0811E-04   1.3054E-04 / 8.0174E-04   
670   4.991E-03   1.5933E-04   7.6614E-04   1.5829E-04 / 7.6286E-04   
680   4.991E-03   1.2571E-04   7.6714E-04   1.2455E-04 / 7.6243E-04   
690   4.991E-03   1.3186E-04   7.2912E-04   1.3074E-04 / 7.2519E-04   
700   4.991E-03   1.3149E-04   8.9735E-04   1.3041E-04 / 8.8603E-04   
710   4.991E-03   1.2587E-04   9.0712E-04   1.2482E-04 / 8.9515E-04   
714   4.991E-03   1.2253E-04   8.7525E-04   1.2155E-04 / 8.6477E-04   
BEST MODEL
===============================================================================================================
451   4.991E-03   1.7805E-04   2.5545E-04   1.7721E-04 / 2.5466E-04   
===============================================================================================================
Saved model to /home/nikki/kan/kanTBNN/models/multi_run/kan_experiment_171_opt/kanTBNN-24Nov08_18:39:18.pickle
