========== Dataset info ==========
Dataset params: {'file': '/home/nikki/kan/data/turbulence_dataset_clean.csv', 'Cases': ['fp_1000', 'fp_1410', 'fp_2000', 'fp_2540', 'fp_3030', 'fp_3270', 'fp_3630', 'fp_3970', 'fp_4060'], 'val_set': ['fp_3030', 'fp_1410', 'fp_4060'], 'test_set': ['fp_3630'], 'data_loader': <class 'tbnn.dataloaders.aDataset'>}
Train/Valid/Test points: 760 / 468 / 168
Memorization?: False
Cluster training?: False
EPOCH     LR        TRAIN         VALID             MSE:T/V                  RL:T/V             %NR_t/%NR_v
===============================================================================================================
  1   4.512E-03   1.8821E-01   1.8282E-01   1.8821E-01 / 1.8282E-01   
 10   4.512E-03   4.7224E-03   4.3555E-03   4.6659E-03 / 4.2992E-03   
 20   4.512E-03   2.1585E-03   2.0579E-03   2.1465E-03 / 2.0465E-03   
 30   4.512E-03   1.6244E-03   1.5705E-03   1.6200E-03 / 1.5663E-03   
 40   4.512E-03   1.3355E-03   1.3175E-03   1.3314E-03 / 1.3135E-03   
 50   4.512E-03   1.1533E-03   1.1618E-03   1.1480E-03 / 1.1567E-03   
 60   4.512E-03   1.0016E-03   1.0294E-03   9.9647E-04 / 1.0245E-03   
 70   4.512E-03   8.7377E-04   9.1995E-04   8.6894E-04 / 9.1531E-04   
 80   4.512E-03   7.6247E-04   8.1536E-04   7.5969E-04 / 8.1272E-04   
 90   4.512E-03   6.7159E-04   7.3438E-04   6.6874E-04 / 7.3159E-04   
100   4.512E-03   6.0426E-04   6.7427E-04   6.0190E-04 / 6.7200E-04   
110   4.512E-03   5.4471E-04   6.2412E-04   5.4296E-04 / 6.2237E-04   
120   4.512E-03   5.0070E-04   5.8011E-04   4.9905E-04 / 5.7864E-04   
130   4.512E-03   4.5967E-04   5.2934E-04   4.5874E-04 / 5.2842E-04   
140   4.512E-03   4.2715E-04   5.0774E-04   4.2649E-04 / 5.0710E-04   
150   4.512E-03   3.9892E-04   4.7707E-04   3.9838E-04 / 4.7655E-04   
160   4.512E-03   3.7723E-04   4.5661E-04   3.7663E-04 / 4.5595E-04   
170   4.512E-03   3.6054E-04   4.3712E-04   3.6013E-04 / 4.3663E-04   
180   4.512E-03   3.4218E-04   4.2180E-04   3.4151E-04 / 4.2110E-04   
190   4.512E-03   3.2781E-04   3.8519E-04   3.2713E-04 / 3.8453E-04   
200   4.512E-03   3.1267E-04   3.6903E-04   3.1223E-04 / 3.6860E-04   
210   4.512E-03   2.9783E-04   3.5246E-04   2.9730E-04 / 3.5194E-04   
220   4.512E-03   2.8472E-04   3.4007E-04   2.8421E-04 / 3.3959E-04   
230   4.512E-03   2.8102E-04   3.4070E-04   2.8046E-04 / 3.4020E-04   
240   4.512E-03   2.7150E-04   3.1944E-04   2.7103E-04 / 3.1905E-04   
250   4.512E-03   2.5694E-04   3.0419E-04   2.5652E-04 / 3.0378E-04   
260   4.512E-03   2.4410E-04   2.8295E-04   2.4372E-04 / 2.8255E-04   
270   4.512E-03   2.4009E-04   2.7380E-04   2.3976E-04 / 2.7343E-04   
280   4.512E-03   2.3091E-04   2.7917E-04   2.3065E-04 / 2.7886E-04   
290   4.512E-03   2.3479E-04   2.8597E-04   2.3445E-04 / 2.8558E-04   
300   4.512E-03   2.1584E-04   2.5319E-04   2.1556E-04 / 2.5286E-04   
310   4.512E-03   2.1145E-04   2.4653E-04   2.1092E-04 / 2.4591E-04   
320   4.512E-03   1.9828E-04   2.3265E-04   1.9801E-04 / 2.3234E-04   
330   4.512E-03   1.9715E-04   2.2608E-04   1.9687E-04 / 2.2576E-04   
340   4.512E-03   1.8749E-04   2.1828E-04   1.8716E-04 / 2.1791E-04   
350   4.512E-03   1.8481E-04   2.1482E-04   1.8465E-04 / 2.1466E-04   
360   4.512E-03   1.7366E-04   2.0336E-04   1.7345E-04 / 2.0316E-04   
370   4.512E-03   1.6872E-04   1.9882E-04   1.6778E-04 / 1.9798E-04   
380   4.512E-03   1.6169E-04   1.9146E-04   1.6156E-04 / 1.9133E-04   
390   4.512E-03   1.6642E-04   1.9156E-04   1.6574E-04 / 1.9088E-04   
400   4.512E-03   1.5288E-04   1.7900E-04   1.5273E-04 / 1.7882E-04   
410   4.512E-03   1.5119E-04   1.8045E-04   1.5106E-04 / 1.8030E-04   
420   4.512E-03   1.5061E-04   1.7200E-04   1.5042E-04 / 1.7177E-04   
430   4.512E-03   1.5707E-04   1.7822E-04   1.5699E-04 / 1.7813E-04   
440   4.512E-03   1.3722E-04   1.6100E-04   1.3688E-04 / 1.6062E-04   
450   4.512E-03   1.3889E-04   1.6277E-04   1.3856E-04 / 1.6243E-04   
460   4.512E-03   1.3599E-04   1.5979E-04   1.3545E-04 / 1.5929E-04   
470   4.512E-03   1.3194E-04   1.4838E-04   1.3148E-04 / 1.4799E-04   
480   4.512E-03   1.2450E-04   1.4362E-04   1.2444E-04 / 1.4357E-04   
490   4.512E-03   1.2122E-04   1.3902E-04   1.2009E-04 / 1.3792E-04   
500   4.512E-03   1.2770E-04   1.4874E-04   1.2734E-04 / 1.4839E-04   
510   4.512E-03   1.1335E-04   1.3084E-04   1.1293E-04 / 1.3036E-04   
520   4.512E-03   1.1160E-04   1.2950E-04   1.1070E-04 / 1.2853E-04   
530   4.512E-03   1.0941E-04   1.2854E-04   1.0803E-04 / 1.2707E-04   
540   4.512E-03   1.1024E-04   1.2204E-04   1.0785E-04 / 1.1953E-04   
550   4.512E-03   1.0429E-04   1.2254E-04   1.0427E-04 / 1.2251E-04   
560   4.512E-03   1.0332E-04   1.2091E-04   1.0158E-04 / 1.1912E-04   
570   4.512E-03   1.0083E-04   1.1508E-04   1.0081E-04 / 1.1507E-04   
580   4.512E-03   9.9475E-05   1.1629E-04   9.8764E-05 / 1.1558E-04   
590   4.512E-03   9.7653E-05   1.1408E-04   9.7643E-05 / 1.1407E-04   
600   4.512E-03   1.0061E-04   1.1771E-04   9.9804E-05 / 1.1673E-04   
610   4.512E-03   9.2161E-05   1.0620E-04   9.1575E-05 / 1.0569E-04   
620   4.512E-03   9.0935E-05   1.0976E-04   9.0788E-05 / 1.0965E-04   
630   4.512E-03   9.7723E-05   1.0977E-04   9.7632E-05 / 1.0969E-04   
640   4.512E-03   8.5386E-05   1.0213E-04   8.5276E-05 / 1.0203E-04   
650   4.512E-03   8.9449E-05   1.0426E-04   8.5200E-05 / 9.9963E-05   
660   4.512E-03   8.3281E-05   9.9524E-05   8.2401E-05 / 9.8616E-05   
670   4.512E-03   8.7096E-05   1.0837E-04   8.7061E-05 / 1.0834E-04   
680   4.512E-03   8.0987E-05   9.8516E-05   8.0940E-05 / 9.8471E-05   
690   4.512E-03   8.4576E-05   1.0457E-04   8.4550E-05 / 1.0453E-04   
700   4.512E-03   1.8462E-04   1.9800E-04   1.8422E-04 / 1.9751E-04   
710   4.512E-03   8.7227E-05   1.0503E-04   8.7107E-05 / 1.0486E-04   
720   4.512E-03   7.5123E-05   9.7732E-05   7.4948E-05 / 9.7496E-05   
730   4.512E-03   7.4356E-05   9.4758E-05   7.3672E-05 / 9.4096E-05   
740   4.512E-03   7.2710E-05   9.5302E-05   7.2614E-05 / 9.5172E-05   
750   4.512E-03   7.2476E-05   9.1643E-05   7.2201E-05 / 9.1313E-05   
760   4.512E-03   7.0378E-05   9.1940E-05   7.0300E-05 / 9.1848E-05   
770   4.512E-03   7.1256E-05   8.9792E-05   7.0950E-05 / 8.9448E-05   
780   4.512E-03   6.9170E-05   9.5998E-05   6.8711E-05 / 9.5522E-05   
790   4.512E-03   7.7593E-05   9.4227E-05   7.7472E-05 / 9.4086E-05   
800   4.512E-03   6.9442E-05   8.8180E-05   6.9102E-05 / 8.7859E-05   
810   4.512E-03   7.7605E-05   9.8201E-05   7.7269E-05 / 9.7905E-05   
820   4.512E-03   7.3209E-05   9.4665E-05   7.3191E-05 / 9.4641E-05   
830   4.512E-03   6.4200E-05   8.5529E-05   6.4156E-05 / 8.5484E-05   
840   4.512E-03   7.2875E-05   9.9729E-05   7.2570E-05 / 9.9479E-05   
850   4.512E-03   6.6128E-05   8.5608E-05   6.6119E-05 / 8.5599E-05   
860   4.512E-03   7.0267E-05   9.7654E-05   7.0240E-05 / 9.7640E-05   
870   4.512E-03   6.0581E-05   7.9991E-05   6.0365E-05 / 7.9804E-05   
880   4.512E-03   6.3631E-05   8.2369E-05   6.3624E-05 / 8.2362E-05   
890   4.512E-03   6.5522E-05   8.4832E-05   6.5519E-05 / 8.4829E-05   
900   4.512E-03   6.0746E-05   8.7581E-05   6.0230E-05 / 8.7058E-05   
910   4.512E-03   6.8538E-05   8.4904E-05   6.8162E-05 / 8.4497E-05   
920   4.512E-03   5.6107E-05   7.9686E-05   5.6056E-05 / 7.9626E-05   
930   4.512E-03   5.4863E-05   8.0002E-05   5.4825E-05 / 7.9953E-05   
940   4.512E-03   5.6286E-05   8.1905E-05   5.5830E-05 / 8.1371E-05   
950   4.512E-03   6.1404E-05   8.1572E-05   6.1269E-05 / 8.1386E-05   
960   4.512E-03   6.3487E-05   8.4640E-05   6.3360E-05 / 8.4502E-05   
970   4.512E-03   5.4184E-05   7.8123E-05   5.4128E-05 / 7.8044E-05   
980   4.512E-03   5.5603E-05   7.7167E-05   5.5234E-05 / 7.6720E-05   
990   4.512E-03   5.1901E-05   7.9191E-05   5.1871E-05 / 7.9149E-05   
1000   4.512E-03   5.3179E-05   8.1151E-05   5.2591E-05 / 8.0473E-05   
1010   4.512E-03   5.2932E-05   8.4239E-05   5.2779E-05 / 8.4034E-05   
1020   4.512E-03   5.5526E-05   8.2028E-05   5.5513E-05 / 8.2007E-05   
1030   4.512E-03   6.7287E-05   9.1580E-05   6.7287E-05 / 9.1580E-05   
1040   4.512E-03   5.8048E-05   8.2865E-05   5.7969E-05 / 8.2764E-05   
1050   4.512E-03   4.8727E-05   7.7034E-05   4.8681E-05 / 7.6976E-05   
1060   4.512E-03   6.7752E-05   8.6137E-05   6.7199E-05 / 8.5563E-05   
1070   4.512E-03   4.7280E-05   7.2039E-05   4.6824E-05 / 7.1567E-05   
1080   4.512E-03   4.6995E-05   7.3027E-05   4.6908E-05 / 7.2938E-05   
1090   4.512E-03   5.0544E-05   7.7524E-05   5.0532E-05 / 7.7499E-05   
1100   4.512E-03   5.2025E-05   7.2034E-05   5.0716E-05 / 7.0772E-05   
1110   4.512E-03   4.5758E-05   6.9349E-05   4.5698E-05 / 6.9300E-05   
1120   4.512E-03   4.7568E-05   6.9552E-05   4.7568E-05 / 6.9552E-05   
1130   4.512E-03   5.2709E-05   7.2281E-05   5.2641E-05 / 7.2215E-05   
1140   4.512E-03   5.6781E-05   7.4369E-05   5.6744E-05 / 7.4331E-05   
1150   4.512E-03   5.0105E-05   7.4435E-05   4.8964E-05 / 7.3383E-05   
1160   4.512E-03   4.3899E-05   6.9874E-05   4.3756E-05 / 6.9754E-05   
1170   4.512E-03   4.2337E-05   6.7038E-05   4.2301E-05 / 6.7013E-05   
1180   4.512E-03   5.1859E-05   7.4385E-05   5.1859E-05 / 7.4384E-05   
1190   4.512E-03   4.3987E-05   6.7515E-05   4.3949E-05 / 6.7472E-05   
1200   4.512E-03   4.1360E-05   6.6322E-05   4.1058E-05 / 6.6086E-05   
1210   4.512E-03   4.3162E-05   7.0054E-05   4.3114E-05 / 6.9973E-05   
1220   4.512E-03   4.2669E-05   7.2810E-05   4.2025E-05 / 7.2215E-05   
1230   4.512E-03   4.6419E-05   6.6104E-05   4.6256E-05 / 6.5972E-05   
1240   4.512E-03   4.1110E-05   6.9700E-05   4.1084E-05 / 6.9638E-05   
1250   4.512E-03   4.0556E-05   7.0333E-05   4.0487E-05 / 7.0272E-05   
1260   4.512E-03   4.2382E-05   6.9196E-05   4.2335E-05 / 6.9136E-05   
1270   4.512E-03   6.1123E-05   9.1479E-05   6.1061E-05 / 9.1428E-05   
1280   4.512E-03   4.0177E-05   7.2022E-05   3.9824E-05 / 7.1664E-05   
1290   4.512E-03   3.8747E-05   7.0921E-05   3.8154E-05 / 7.0321E-05   
1300   4.512E-03   5.1100E-05   7.9597E-05   5.0506E-05 / 7.8884E-05   
1310   4.512E-03   4.5519E-05   8.6636E-05   4.5512E-05 / 8.6634E-05   
1320   4.512E-03   4.0918E-05   8.3863E-05   3.7254E-05 / 8.0149E-05   
1330   4.512E-03   4.6580E-05   7.8953E-05   4.6055E-05 / 7.8365E-05   
1340   4.512E-03   3.9607E-05   7.6215E-05   3.8639E-05 / 7.5198E-05   
1350   4.512E-03   4.6758E-05   8.6714E-05   4.2536E-05 / 8.2501E-05   
1360   4.512E-03   3.7212E-05   8.2278E-05   3.6934E-05 / 8.1920E-05   
1370   4.512E-03   3.8539E-05   7.5484E-05   3.8539E-05 / 7.5484E-05   
1380   4.512E-03   3.5196E-05   9.2044E-05   3.5016E-05 / 9.1795E-05   
1390   4.512E-03   5.8480E-05   9.5945E-05   5.8276E-05 / 9.5662E-05   
1400   4.512E-03   3.7728E-05   8.1024E-05   3.6853E-05 / 8.0076E-05   
1410   4.512E-03   3.4323E-05   8.7229E-05   3.4059E-05 / 8.6865E-05   
1420   4.512E-03   3.5625E-05   8.2724E-05   3.5579E-05 / 8.2651E-05   
1430   4.512E-03   4.2229E-05   1.0016E-04   4.2090E-05 / 9.9931E-05   
1440   4.512E-03   3.4157E-05   8.6447E-05   3.4120E-05 / 8.6387E-05   
1450   4.512E-03   5.4001E-05   1.0511E-04   5.0716E-05 / 1.0181E-04   
1460   4.512E-03   3.4141E-05   1.0298E-04   3.4115E-05 / 1.0295E-04   
1470   4.512E-03   3.4376E-05   1.0283E-04   3.4343E-05 / 1.0277E-04   
1480   4.512E-03   4.1519E-05   1.4035E-04   4.1265E-05 / 1.4007E-04   
1490   4.512E-03   3.8117E-05   1.0863E-04   3.5147E-05 / 1.0569E-04   
1495   4.512E-03   3.8550E-05   9.8255E-05   3.8491E-05 / 9.8177E-05   
BEST MODEL
===============================================================================================================
1232   4.512E-03   4.6523E-05   6.3111E-05   4.6506E-05 / 6.3089E-05   
===============================================================================================================
Saved model to /home/nikki/kan/kanTBNN/models/multi_run/kan_experiment_135_opt/kanTBNN-24Nov08_02:32:42.pickle
