========== Dataset info ==========
Dataset params: {'file': '/home/nikki/kan/data/turbulence_dataset_clean.csv', 'Cases': ['fp_1000', 'fp_1410', 'fp_2000', 'fp_2540', 'fp_3030', 'fp_3270', 'fp_3630', 'fp_3970', 'fp_4060'], 'val_set': ['fp_3030', 'fp_1410', 'fp_4060'], 'test_set': ['fp_3630'], 'data_loader': <class 'tbnn.dataloaders.aDataset'>}
Train/Valid/Test points: 760 / 468 / 168
Memorization?: False
Cluster training?: False
EPOCH     LR        TRAIN         VALID             MSE:T/V                  RL:T/V             %NR_t/%NR_v
===============================================================================================================
  1   4.555E-03   1.5813E-01   1.5240E-01   1.5733E-01 / 1.5202E-01   
 10   4.555E-03   4.5925E-03   4.1623E-03   4.5925E-03 / 4.1623E-03   
 20   4.555E-03   2.5017E-03   2.3888E-03   2.5015E-03 / 2.3887E-03   
 30   4.555E-03   1.8572E-03   1.8244E-03   1.8571E-03 / 1.8244E-03   
 40   4.555E-03   1.4372E-03   1.4312E-03   1.4371E-03 / 1.4312E-03   
 50   4.555E-03   1.1674E-03   1.1763E-03   1.1674E-03 / 1.1763E-03   
 60   4.555E-03   9.7902E-04   9.9972E-04   9.7898E-04 / 9.9971E-04   
 70   4.555E-03   8.4972E-04   8.8730E-04   8.4967E-04 / 8.8730E-04   
 80   4.555E-03   7.5513E-04   8.0917E-04   7.5507E-04 / 8.0917E-04   
 90   4.555E-03   6.8046E-04   7.3883E-04   6.8041E-04 / 7.3883E-04   
100   4.555E-03   6.1820E-04   6.8075E-04   6.1814E-04 / 6.8075E-04   
110   4.555E-03   5.6736E-04   6.2999E-04   5.6729E-04 / 6.2999E-04   
120   4.555E-03   5.2492E-04   5.9877E-04   5.2486E-04 / 5.9877E-04   
130   4.555E-03   4.9317E-04   5.6554E-04   4.9311E-04 / 5.6554E-04   
140   4.555E-03   4.6274E-04   5.4782E-04   4.6271E-04 / 5.4782E-04   
150   4.555E-03   4.2761E-04   5.1498E-04   4.2757E-04 / 5.1497E-04   
160   4.555E-03   4.0401E-04   4.9307E-04   4.0397E-04 / 4.9306E-04   
170   4.555E-03   3.9247E-04   4.9325E-04   3.9203E-04 / 4.9293E-04   
180   4.555E-03   3.6685E-04   4.6529E-04   3.6679E-04 / 4.6528E-04   
190   4.555E-03   3.4227E-04   4.4607E-04   3.4222E-04 / 4.4606E-04   
200   4.555E-03   3.2975E-04   4.3884E-04   3.2969E-04 / 4.3883E-04   
210   4.555E-03   3.1410E-04   4.1996E-04   3.1405E-04 / 4.1995E-04   
220   4.555E-03   2.9961E-04   3.8239E-04   2.9955E-04 / 3.8237E-04   
230   4.555E-03   2.9275E-04   3.7598E-04   2.9269E-04 / 3.7596E-04   
240   4.555E-03   2.7716E-04   3.8218E-04   2.7710E-04 / 3.8216E-04   
250   4.555E-03   2.6690E-04   3.6928E-04   2.6681E-04 / 3.6924E-04   
260   4.555E-03   2.5412E-04   3.5327E-04   2.5406E-04 / 3.5325E-04   
270   4.555E-03   2.4766E-04   3.5514E-04   2.4759E-04 / 3.5512E-04   
280   4.555E-03   2.4069E-04   3.3167E-04   2.4063E-04 / 3.3165E-04   
290   4.555E-03   2.3500E-04   3.3476E-04   2.3488E-04 / 3.3470E-04   
300   4.555E-03   2.2678E-04   3.0680E-04   2.2672E-04 / 3.0678E-04   
310   4.555E-03   2.1512E-04   3.3076E-04   2.1508E-04 / 3.3076E-04   
320   4.555E-03   2.3845E-04   3.1072E-04   2.3840E-04 / 3.1070E-04   
330   4.555E-03   1.9797E-04   2.8670E-04   1.9782E-04 / 2.8655E-04   
340   4.555E-03   1.9697E-04   2.8574E-04   1.9690E-04 / 2.8569E-04   
350   4.555E-03   2.0024E-04   3.2554E-04   2.0020E-04 / 3.2551E-04   
360   4.555E-03   1.8846E-04   2.7207E-04   1.8838E-04 / 2.7200E-04   
370   4.555E-03   1.8184E-04   2.8512E-04   1.8182E-04 / 2.8512E-04   
380   4.555E-03   1.8604E-04   2.9887E-04   1.8594E-04 / 2.9882E-04   
390   4.555E-03   1.7352E-04   2.7274E-04   1.7347E-04 / 2.7271E-04   
400   4.555E-03   1.6645E-04   2.5641E-04   1.6644E-04 / 2.5641E-04   
410   4.555E-03   1.7258E-04   2.6536E-04   1.7257E-04 / 2.6536E-04   
420   4.555E-03   1.7011E-04   2.6676E-04   1.7005E-04 / 2.6672E-04   
430   4.555E-03   1.5616E-04   2.5674E-04   1.5559E-04 / 2.5621E-04   
440   4.555E-03   1.4880E-04   2.4168E-04   1.4879E-04 / 2.4168E-04   
450   4.555E-03   1.3951E-04   2.3837E-04   1.3945E-04 / 2.3828E-04   
460   4.555E-03   1.4301E-04   2.5512E-04   1.4294E-04 / 2.5502E-04   
470   4.555E-03   2.0385E-04   2.9620E-04   2.0374E-04 / 2.9616E-04   
480   4.555E-03   1.3004E-04   2.1850E-04   1.2983E-04 / 2.1825E-04   
490   4.555E-03   1.2629E-04   2.1550E-04   1.2629E-04 / 2.1550E-04   
500   4.555E-03   1.2280E-04   2.1331E-04   1.2267E-04 / 2.1317E-04   
510   4.555E-03   1.2094E-04   2.1377E-04   1.2090E-04 / 2.1373E-04   
520   4.555E-03   1.1603E-04   2.0877E-04   1.1510E-04 / 2.0787E-04   
530   4.555E-03   1.1663E-04   2.0614E-04   1.1663E-04 / 2.0614E-04   
540   4.555E-03   1.1514E-04   2.1097E-04   1.1502E-04 / 2.1089E-04   
550   4.555E-03   1.0741E-04   2.0247E-04   1.0739E-04 / 2.0246E-04   
560   4.555E-03   1.4692E-04   2.1929E-04   1.4691E-04 / 2.1928E-04   
570   4.555E-03   1.2426E-04   2.2397E-04   1.2385E-04 / 2.2355E-04   
580   4.555E-03   9.9131E-05   1.8855E-04   9.9131E-05 / 1.8855E-04   
590   4.555E-03   9.3253E-05   1.8812E-04   9.3009E-05 / 1.8784E-04   
600   4.555E-03   9.3556E-05   1.8809E-04   9.2420E-05 / 1.8696E-04   
610   4.555E-03   8.9062E-05   1.8441E-04   8.8688E-05 / 1.8403E-04   
620   4.555E-03   1.0601E-04   2.0601E-04   1.0577E-04 / 2.0576E-04   
630   4.555E-03   9.5855E-05   1.9465E-04   9.5340E-05 / 1.9416E-04   
640   4.555E-03   9.0799E-05   1.7328E-04   8.9065E-05 / 1.7156E-04   
650   4.555E-03   8.3795E-05   1.7764E-04   8.3795E-05 / 1.7764E-04   
660   4.555E-03   8.4798E-05   1.7665E-04   8.3941E-05 / 1.7580E-04   
670   4.555E-03   9.9052E-05   2.1005E-04   9.9052E-05 / 2.1005E-04   
680   4.555E-03   8.5873E-05   1.7641E-04   8.5828E-05 / 1.7637E-04   
690   4.555E-03   7.8801E-05   1.6970E-04   7.8688E-05 / 1.6959E-04   
700   4.555E-03   7.4987E-05   1.7426E-04   7.4983E-05 / 1.7426E-04   
710   4.555E-03   9.1078E-05   1.8873E-04   9.0082E-05 / 1.8770E-04   
720   4.555E-03   8.4524E-05   1.6705E-04   8.4424E-05 / 1.6692E-04   
730   4.555E-03   7.2826E-05   1.6962E-04   7.2699E-05 / 1.6946E-04   
740   4.555E-03   8.3735E-05   1.6868E-04   8.2882E-05 / 1.6780E-04   
750   4.555E-03   6.9870E-05   1.6111E-04   6.8765E-05 / 1.6001E-04   
760   4.555E-03   1.0133E-04   1.8323E-04   1.0053E-04 / 1.8243E-04   
770   4.555E-03   7.4960E-05   1.4669E-04   7.2205E-05 / 1.4402E-04   
780   4.555E-03   6.9294E-05   1.5511E-04   6.5739E-05 / 1.5166E-04   
790   4.555E-03   7.2527E-05   1.6346E-04   7.2516E-05 / 1.6345E-04   
800   4.555E-03   7.1021E-05   1.5323E-04   7.0845E-05 / 1.5307E-04   
810   4.555E-03   8.0044E-05   1.7603E-04   7.8416E-05 / 1.7442E-04   
820   4.555E-03   6.7235E-05   1.5650E-04   6.7235E-05 / 1.5650E-04   
830   4.555E-03   5.7948E-05   1.4641E-04   5.7098E-05 / 1.4557E-04   
840   4.555E-03   5.7047E-05   1.4444E-04   5.5874E-05 / 1.4325E-04   
850   4.555E-03   6.0145E-05   1.5885E-04   5.7827E-05 / 1.5647E-04   
860   4.555E-03   5.7932E-05   1.4486E-04   5.7932E-05 / 1.4486E-04   
870   4.555E-03   7.7891E-05   1.2671E-04   7.7891E-05 / 1.2671E-04   
880   4.555E-03   6.4819E-05   1.2876E-04   6.4815E-05 / 1.2875E-04   
890   4.555E-03   5.3004E-05   1.3153E-04   5.1748E-05 / 1.3020E-04   
900   4.555E-03   5.1363E-05   1.2344E-04   5.1344E-05 / 1.2342E-04   
910   4.555E-03   6.3769E-05   1.4797E-04   6.3769E-05 / 1.4797E-04   
920   4.555E-03   4.9430E-05   1.3197E-04   4.9274E-05 / 1.3177E-04   
930   4.555E-03   6.1589E-05   1.3352E-04   6.1589E-05 / 1.3352E-04   
940   4.555E-03   5.6469E-05   1.2444E-04   5.6469E-05 / 1.2444E-04   
950   4.555E-03   5.3827E-05   1.3235E-04   5.3645E-05 / 1.3214E-04   
960   4.555E-03   4.7175E-05   1.1704E-04   4.6961E-05 / 1.1682E-04   
970   4.555E-03   5.5250E-05   1.3076E-04   5.1359E-05 / 1.2690E-04   
980   4.555E-03   4.5897E-05   1.2221E-04   4.5129E-05 / 1.2147E-04   
990   4.555E-03   4.3264E-05   1.1693E-04   4.3080E-05 / 1.1677E-04   
1000   4.555E-03   5.1921E-05   1.1686E-04   5.1920E-05 / 1.1686E-04   
1010   4.555E-03   4.6582E-05   1.1157E-04   4.6356E-05 / 1.1138E-04   
1020   4.555E-03   4.1732E-05   1.1684E-04   4.1692E-05 / 1.1681E-04   
1030   4.555E-03   5.1574E-05   1.1348E-04   5.1574E-05 / 1.1348E-04   
1040   4.555E-03   4.8771E-05   1.1129E-04   4.8511E-05 / 1.1104E-04   
1050   4.555E-03   1.0783E-04   1.3596E-04   1.0763E-04 / 1.3577E-04   
1060   4.555E-03   4.7764E-05   1.0611E-04   4.7763E-05 / 1.0611E-04   
1070   4.555E-03   3.7844E-05   9.4523E-05   3.7797E-05 / 9.4473E-05   
1080   4.555E-03   3.9008E-05   9.6556E-05   3.9008E-05 / 9.6556E-05   
1090   4.555E-03   3.7562E-05   9.4001E-05   3.7063E-05 / 9.3445E-05   
1100   4.555E-03   3.7390E-05   9.2823E-05   3.7349E-05 / 9.2765E-05   
1110   4.555E-03   3.5118E-05   9.4037E-05   3.5037E-05 / 9.3920E-05   
1120   4.555E-03   5.7737E-05   1.1821E-04   5.6554E-05 / 1.1692E-04   
1130   4.555E-03   3.9544E-05   9.1486E-05   3.9498E-05 / 9.1416E-05   
1140   4.555E-03   3.6252E-05   8.3669E-05   3.6212E-05 / 8.3609E-05   
1150   4.555E-03   3.6133E-05   8.7589E-05   3.6133E-05 / 8.7589E-05   
1160   4.555E-03   3.5274E-05   8.8085E-05   3.4571E-05 / 8.7301E-05   
1170   4.555E-03   4.8114E-05   1.0242E-04   4.8114E-05 / 1.0242E-04   
1180   4.555E-03   3.6673E-05   8.2369E-05   3.6268E-05 / 8.1921E-05   
1190   4.555E-03   4.0685E-05   8.6305E-05   4.0295E-05 / 8.5882E-05   
1200   4.555E-03   4.1528E-05   9.1611E-05   4.1528E-05 / 9.1611E-05   
1210   4.555E-03   3.1992E-05   8.1339E-05   3.1987E-05 / 8.1332E-05   
1220   4.555E-03   3.0705E-05   8.0199E-05   3.0660E-05 / 8.0158E-05   
1230   4.555E-03   3.8022E-05   8.7683E-05   3.6259E-05 / 8.5918E-05   
1240   4.555E-03   4.0972E-05   9.1606E-05   4.0972E-05 / 9.1606E-05   
1250   4.555E-03   3.0915E-05   7.5124E-05   3.0626E-05 / 7.4877E-05   
1260   4.555E-03   3.2486E-05   8.0716E-05   3.2266E-05 / 8.0533E-05   
1270   4.555E-03   3.1731E-05   7.6791E-05   3.1731E-05 / 7.6791E-05   
1280   4.555E-03   3.9045E-05   9.1627E-05   3.9045E-05 / 9.1627E-05   
1290   4.555E-03   3.1289E-05   7.8801E-05   3.1182E-05 / 7.8735E-05   
1300   4.555E-03   3.5035E-05   7.7157E-05   3.4598E-05 / 7.6784E-05   
1310   4.555E-03   2.9986E-05   7.2392E-05   2.8603E-05 / 7.1028E-05   
1320   4.555E-03   2.9360E-05   7.3209E-05   2.9295E-05 / 7.3168E-05   
1330   4.555E-03   2.8827E-05   7.2391E-05   2.8220E-05 / 7.1845E-05   
1340   4.555E-03   2.8122E-05   7.3620E-05   2.7851E-05 / 7.3400E-05   
1350   4.555E-03   3.6739E-05   8.7407E-05   3.6739E-05 / 8.7407E-05   
1360   4.555E-03   4.7660E-05   9.4444E-05   4.7289E-05 / 9.4112E-05   
1370   4.555E-03   2.8537E-05   7.1899E-05   2.7300E-05 / 7.0692E-05   
1380   4.555E-03   2.9716E-05   7.2735E-05   2.9716E-05 / 7.2735E-05   
1390   4.555E-03   2.7015E-05   7.0261E-05   2.7015E-05 / 7.0260E-05   
1400   4.555E-03   4.5443E-05   8.4337E-05   4.5443E-05 / 8.4337E-05   
1410   4.555E-03   3.3173E-05   7.0098E-05   3.3170E-05 / 7.0094E-05   
1420   4.555E-03   3.0062E-05   7.1730E-05   3.0062E-05 / 7.1730E-05   
1430   4.555E-03   2.4483E-05   6.6032E-05   2.4470E-05 / 6.6011E-05   
1440   4.555E-03   2.5668E-05   6.6057E-05   2.5646E-05 / 6.6021E-05   
1450   4.555E-03   2.4253E-05   6.4522E-05   2.4136E-05 / 6.4381E-05   
1460   4.555E-03   3.0326E-05   7.1268E-05   3.0313E-05 / 7.1244E-05   
1470   4.555E-03   3.5126E-05   7.3788E-05   3.5125E-05 / 7.3787E-05   
1480   4.555E-03   3.9434E-05   8.6025E-05   3.9009E-05 / 8.5584E-05   
1490   4.555E-03   2.5021E-05   6.4317E-05   2.4780E-05 / 6.4027E-05   
1500   4.555E-03   2.3051E-05   6.3157E-05   2.3051E-05 / 6.3157E-05   
1510   4.555E-03   2.2285E-05   6.1702E-05   2.2149E-05 / 6.1530E-05   
1520   4.555E-03   2.6304E-05   6.8185E-05   2.5396E-05 / 6.7304E-05   
1530   4.555E-03   3.2379E-05   7.5047E-05   3.1826E-05 / 7.4494E-05   
1540   4.555E-03   2.2936E-05   6.3697E-05   2.2419E-05 / 6.3179E-05   
1550   4.555E-03   2.8819E-05   6.9159E-05   2.8672E-05 / 6.8995E-05   
1560   4.555E-03   2.8612E-05   6.9310E-05   2.8612E-05 / 6.9310E-05   
1570   4.555E-03   3.1537E-05   7.5155E-05   3.1534E-05 / 7.5155E-05   
1580   4.555E-03   2.4357E-05   6.5047E-05   2.4357E-05 / 6.5047E-05   
1590   4.555E-03   2.2061E-05   6.0805E-05   2.1894E-05 / 6.0634E-05   
1600   4.555E-03   2.7588E-05   7.2252E-05   2.7587E-05 / 7.2252E-05   
1610   4.555E-03   2.7069E-05   7.0874E-05   2.2985E-05 / 6.6952E-05   
1620   4.555E-03   2.1843E-05   6.1536E-05   2.1840E-05 / 6.1536E-05   
1630   4.555E-03   2.2676E-05   5.9884E-05   2.2628E-05 / 5.9855E-05   
1640   4.555E-03   2.2113E-05   6.2692E-05   2.2113E-05 / 6.2692E-05   
1650   4.555E-03   2.4087E-05   6.0485E-05   2.4086E-05 / 6.0485E-05   
1660   4.555E-03   2.4623E-05   6.8415E-05   2.4610E-05 / 6.8414E-05   
1670   4.555E-03   3.1034E-05   7.3554E-05   3.1034E-05 / 7.3554E-05   
1680   4.555E-03   3.0254E-05   6.8569E-05   2.6162E-05 / 6.4612E-05   
1690   4.555E-03   3.6231E-05   7.6018E-05   3.6231E-05 / 7.6018E-05   
1700   4.555E-03   2.0066E-05   6.0664E-05   2.0064E-05 / 6.0664E-05   
1710   4.555E-03   2.1784E-05   6.2501E-05   2.1772E-05 / 6.2501E-05   
1720   4.555E-03   2.0738E-05   5.8438E-05   2.0607E-05 / 5.8364E-05   
1730   4.555E-03   3.0954E-05   6.7295E-05   3.0954E-05 / 6.7295E-05   
1740   4.555E-03   2.4915E-05   6.4005E-05   2.4879E-05 / 6.3999E-05   
1750   4.555E-03   2.0654E-05   6.1604E-05   2.0610E-05 / 6.1596E-05   
1760   4.555E-03   1.9333E-05   5.9410E-05   1.9333E-05 / 5.9410E-05   
1770   4.555E-03   2.2253E-05   6.2631E-05   2.2250E-05 / 6.2631E-05   
1780   4.555E-03   2.0207E-05   5.9842E-05   2.0207E-05 / 5.9842E-05   
1790   4.555E-03   2.1614E-05   6.2155E-05   2.1614E-05 / 6.2155E-05   
1800   4.555E-03   1.8274E-05   6.0060E-05   1.7914E-05 / 5.9771E-05   
1810   4.555E-03   1.7326E-05   5.7910E-05   1.7274E-05 / 5.7887E-05   
1820   4.555E-03   1.9153E-05   5.9653E-05   1.9151E-05 / 5.9653E-05   
1830   4.555E-03   2.2918E-05   6.5729E-05   2.1463E-05 / 6.4355E-05   
1840   4.555E-03   2.3000E-05   6.0623E-05   2.2700E-05 / 6.0384E-05   
1850   4.555E-03   1.8458E-05   5.8441E-05   1.8400E-05 / 5.8409E-05   
1860   4.555E-03   1.6664E-05   5.6808E-05   1.6485E-05 / 5.6671E-05   
1870   4.555E-03   1.8714E-05   5.8303E-05   1.8489E-05 / 5.8119E-05   
1880   4.555E-03   1.9983E-05   5.9306E-05   1.9983E-05 / 5.9306E-05   
1890   4.555E-03   1.9006E-05   6.1178E-05   1.9005E-05 / 6.1178E-05   
1900   4.555E-03   2.7338E-05   6.6553E-05   2.7333E-05 / 6.6551E-05   
1910   4.555E-03   2.9582E-05   6.2566E-05   2.9502E-05 / 6.2501E-05   
1920   4.555E-03   1.9197E-05   6.0607E-05   1.8609E-05 / 6.0077E-05   
1930   4.555E-03   1.8230E-05   5.7715E-05   1.8229E-05 / 5.7714E-05   
1940   4.555E-03   1.5904E-05   5.6734E-05   1.5903E-05 / 5.6733E-05   
1950   4.555E-03   1.8289E-05   5.8246E-05   1.7168E-05 / 5.7241E-05   
1960   4.555E-03   1.9490E-05   6.3714E-05   1.9441E-05 / 6.3661E-05   
1970   4.555E-03   1.7900E-05   5.9460E-05   1.7900E-05 / 5.9460E-05   
1980   4.555E-03   1.6984E-05   5.3864E-05   1.6523E-05 / 5.3462E-05   
1990   4.555E-03   1.5333E-05   5.4426E-05   1.5094E-05 / 5.4208E-05   
2000   4.555E-03   2.0876E-05   5.9515E-05   1.7801E-05 / 5.6694E-05   
2010   4.555E-03   1.9115E-05   5.4855E-05   1.9043E-05 / 5.4778E-05   
2020   4.555E-03   2.3048E-05   5.9621E-05   2.3047E-05 / 5.9621E-05   
2030   4.555E-03   2.5123E-05   5.7899E-05   2.4326E-05 / 5.7203E-05   
2040   4.555E-03   2.2033E-05   5.8729E-05   2.2033E-05 / 5.8729E-05   
2050   4.555E-03   1.6014E-05   5.3728E-05   1.5778E-05 / 5.3523E-05   
2060   4.555E-03   1.5261E-05   5.2620E-05   1.4630E-05 / 5.2081E-05   
2070   4.555E-03   1.8829E-05   5.6073E-05   1.8721E-05 / 5.5971E-05   
2080   4.555E-03   1.5153E-05   5.4016E-05   1.5105E-05 / 5.3965E-05   
2090   4.555E-03   1.5503E-05   5.3046E-05   1.5503E-05 / 5.3046E-05   
2100   4.555E-03   1.7905E-05   5.4825E-05   1.7905E-05 / 5.4825E-05   
2110   4.555E-03   1.6109E-05   5.2492E-05   1.6074E-05 / 5.2457E-05   
2120   4.555E-03   2.0661E-05   6.3005E-05   2.0545E-05 / 6.2905E-05   
2130   4.555E-03   1.6875E-05   5.4910E-05   1.6328E-05 / 5.4471E-05   
2140   4.555E-03   1.4343E-05   5.2907E-05   1.4305E-05 / 5.2871E-05   
2150   4.555E-03   1.4281E-05   5.1102E-05   1.3900E-05 / 5.0798E-05   
2160   4.555E-03   1.4826E-05   5.1873E-05   1.4823E-05 / 5.1873E-05   
2170   4.555E-03   1.7212E-05   5.4486E-05   1.7100E-05 / 5.4393E-05   
2180   4.555E-03   1.4752E-05   4.9402E-05   1.4493E-05 / 4.9204E-05   
2190   4.555E-03   2.7719E-05   6.3479E-05   2.7686E-05 / 6.3459E-05   
2200   4.555E-03   3.0109E-05   6.5232E-05   3.0108E-05 / 6.5232E-05   
2210   4.555E-03   1.3781E-05   5.1623E-05   1.3225E-05 / 5.1187E-05   
2220   4.555E-03   1.3716E-05   5.2478E-05   1.3495E-05 / 5.2312E-05   
2230   4.555E-03   1.4273E-05   5.2389E-05   1.4218E-05 / 5.2358E-05   
2240   4.555E-03   1.6462E-05   5.4526E-05   1.4411E-05 / 5.2760E-05   
2250   4.555E-03   1.4399E-05   4.9462E-05   1.4388E-05 / 4.9462E-05   
2260   4.555E-03   1.5572E-05   5.4097E-05   1.5572E-05 / 5.4097E-05   
2270   4.555E-03   1.5984E-05   5.0477E-05   1.5875E-05 / 5.0420E-05   
2280   4.555E-03   2.1727E-05   5.3705E-05   2.1484E-05 / 5.3549E-05   
2290   4.555E-03   1.5987E-05   5.2444E-05   1.5499E-05 / 5.2077E-05   
2300   4.555E-03   1.3565E-05   4.6749E-05   1.3560E-05 / 4.6749E-05   
2310   4.555E-03   1.5018E-05   4.9830E-05   1.4358E-05 / 4.9322E-05   
2320   4.555E-03   1.5503E-05   5.3873E-05   1.5503E-05 / 5.3873E-05   
2330   4.555E-03   1.6757E-05   5.1557E-05   1.6727E-05 / 5.1555E-05   
2340   4.555E-03   1.4866E-05   5.1721E-05   1.4836E-05 / 5.1720E-05   
2350   4.555E-03   1.3265E-05   4.9680E-05   1.3114E-05 / 4.9606E-05   
2360   4.555E-03   1.3659E-05   4.6293E-05   1.3656E-05 / 4.6293E-05   
2370   4.555E-03   1.5137E-05   4.9815E-05   1.3696E-05 / 4.8605E-05   
2380   4.555E-03   1.5769E-05   5.2380E-05   1.5727E-05 / 5.2378E-05   
2390   4.555E-03   1.3022E-05   5.1201E-05   1.2834E-05 / 5.1104E-05   
2400   4.555E-03   1.3350E-05   4.9014E-05   1.3323E-05 / 4.9014E-05   
2410   4.555E-03   2.1028E-05   5.5246E-05   2.1028E-05 / 5.5246E-05   
2420   4.555E-03   1.2395E-05   4.7544E-05   1.2276E-05 / 4.7503E-05   
2430   4.555E-03   1.7244E-05   5.2795E-05   1.7244E-05 / 5.2795E-05   
2440   4.555E-03   2.4877E-05   5.3775E-05   2.3646E-05 / 5.2765E-05   
2450   4.555E-03   1.3590E-05   4.5973E-05   1.3579E-05 / 4.5973E-05   
2460   4.555E-03   1.3212E-05   4.6168E-05   1.1703E-05 / 4.4861E-05   
2470   4.555E-03   1.2041E-05   4.6214E-05   1.2013E-05 / 4.6213E-05   
2480   4.555E-03   1.5815E-05   4.9142E-05   1.5547E-05 / 4.8986E-05   
2490   4.555E-03   1.2698E-05   4.7810E-05   1.2698E-05 / 4.7810E-05   
2500   4.555E-03   1.1817E-05   4.5791E-05   1.1711E-05 / 4.5755E-05   
2510   4.555E-03   1.1381E-05   4.4271E-05   1.1334E-05 / 4.4263E-05   
2520   4.555E-03   1.3581E-05   5.0167E-05   1.3376E-05 / 5.0060E-05   
2530   4.555E-03   1.3988E-05   4.6867E-05   1.3565E-05 / 4.6566E-05   
2540   4.555E-03   1.7674E-05   5.3705E-05   1.7317E-05 / 5.3479E-05   
2550   4.555E-03   1.6330E-05   4.8352E-05   1.6192E-05 / 4.8301E-05   
2560   4.555E-03   1.2177E-05   4.6812E-05   1.2100E-05 / 4.6791E-05   
2570   4.555E-03   1.0918E-05   4.3268E-05   1.0717E-05 / 4.3153E-05   
2580   4.555E-03   1.1931E-05   4.3191E-05   1.1807E-05 / 4.3132E-05   
2590   4.555E-03   1.1468E-05   4.5704E-05   1.1379E-05 / 4.5672E-05   
2600   4.555E-03   1.1455E-05   4.3458E-05   1.1339E-05 / 4.3409E-05   
2610   4.555E-03   1.1919E-05   4.2202E-05   1.1621E-05 / 4.2008E-05   
2620   4.555E-03   5.8773E-05   7.7585E-05   5.8683E-05 / 7.7552E-05   
2630   4.555E-03   1.1295E-05   4.2416E-05   1.1046E-05 / 4.2257E-05   
2640   4.555E-03   1.0615E-05   4.1435E-05   1.0498E-05 / 4.1383E-05   
2650   4.555E-03   1.1063E-05   4.3936E-05   1.1027E-05 / 4.3933E-05   
2660   4.555E-03   1.0907E-05   4.5813E-05   1.0814E-05 / 4.5777E-05   
2670   4.555E-03   1.1193E-05   4.4057E-05   1.1183E-05 / 4.4057E-05   
2680   4.555E-03   3.6193E-05   7.5825E-05   3.4808E-05 / 7.4697E-05   
2690   4.555E-03   1.0557E-05   4.2493E-05   1.0472E-05 / 4.2462E-05   
2700   4.555E-03   1.0180E-05   4.0968E-05   1.0046E-05 / 4.0908E-05   
2710   4.555E-03   1.2352E-05   4.7545E-05   1.2235E-05 / 4.7493E-05   
2720   4.555E-03   1.0325E-05   4.3140E-05   1.0263E-05 / 4.3123E-05   
2730   4.555E-03   1.2209E-05   4.5794E-05   1.2209E-05 / 4.5794E-05   
2740   4.555E-03   1.1058E-05   4.4307E-05   1.0908E-05 / 4.4232E-05   
2750   4.555E-03   1.1321E-05   4.3369E-05   1.1172E-05 / 4.3293E-05   
2760   4.555E-03   1.3708E-05   4.6186E-05   1.3699E-05 / 4.6186E-05   
2770   4.555E-03   1.2381E-05   4.5501E-05   1.2369E-05 / 4.5501E-05   
2780   4.555E-03   1.4602E-05   4.8318E-05   1.4556E-05 / 4.8304E-05   
2790   4.555E-03   1.4183E-05   4.5505E-05   1.4183E-05 / 4.5505E-05   
2800   4.555E-03   1.7653E-05   4.9301E-05   1.7639E-05 / 4.9300E-05   
2810   4.555E-03   2.1939E-05   5.2707E-05   2.1836E-05 / 5.2661E-05   
2820   4.555E-03   1.1522E-05   4.4385E-05   1.1522E-05 / 4.4385E-05   
2830   4.555E-03   1.1501E-05   4.4556E-05   1.0573E-05 / 4.3873E-05   
2840   4.555E-03   1.0686E-05   4.3801E-05   1.0614E-05 / 4.3773E-05   
2850   4.555E-03   1.4019E-05   4.5071E-05   1.4014E-05 / 4.5071E-05   
2860   4.555E-03   1.0002E-05   4.1983E-05   9.9479E-06 / 4.1964E-05   
2870   4.555E-03   1.1342E-05   4.4318E-05   1.1195E-05 / 4.4243E-05   
2880   4.555E-03   1.1180E-05   4.3125E-05   1.0735E-05 / 4.2829E-05   
2890   4.555E-03   1.0123E-05   4.2302E-05   1.0014E-05 / 4.2254E-05   
2900   4.555E-03   9.3133E-06   4.1893E-05   9.2239E-06 / 4.1853E-05   
2910   4.555E-03   1.2904E-05   4.2352E-05   1.1994E-05 / 4.1696E-05   
2920   4.555E-03   1.1433E-05   4.9359E-05   1.1433E-05 / 4.9359E-05   
2930   4.555E-03   1.3502E-05   4.1102E-05   1.3416E-05 / 4.1071E-05   
2940   4.555E-03   2.1585E-05   5.4201E-05   2.1391E-05 / 5.4110E-05   
2950   4.555E-03   1.2925E-05   4.3931E-05   1.2911E-05 / 4.3930E-05   
2960   4.555E-03   9.7734E-06   4.0717E-05   9.6823E-06 / 4.0679E-05   
2970   4.555E-03   1.0111E-05   4.2401E-05   8.9774E-06 / 4.1580E-05   
2980   4.555E-03   1.0478E-05   4.3435E-05   1.0478E-05 / 4.3435E-05   
2990   4.555E-03   1.1200E-05   4.2630E-05   1.1193E-05 / 4.2630E-05   
3000   4.555E-03   9.3747E-06   4.0811E-05   9.3594E-06 / 4.0810E-05   
3010   4.555E-03   9.0861E-06   4.2880E-05   9.0525E-06 / 4.2870E-05   
3020   4.555E-03   9.4886E-06   4.3124E-05   9.0093E-06 / 4.2847E-05   
3030   4.555E-03   8.8923E-06   4.1036E-05   8.7692E-06 / 4.0980E-05   
3040   4.555E-03   1.0401E-05   4.2557E-05   1.0337E-05 / 4.2532E-05   
3050   4.555E-03   1.2158E-05   4.2574E-05   1.2150E-05 / 4.2574E-05   
3060   4.555E-03   1.1933E-05   4.7591E-05   1.1916E-05 / 4.7590E-05   
3070   4.555E-03   1.0234E-05   4.6103E-05   1.0233E-05 / 4.6103E-05   
3080   4.555E-03   1.0203E-05   4.2553E-05   9.3528E-06 / 4.2004E-05   
3090   4.555E-03   8.8733E-06   4.1018E-05   8.8156E-06 / 4.0998E-05   
3100   4.555E-03   1.4730E-05   4.4167E-05   1.3731E-05 / 4.3516E-05   
3110   4.555E-03   9.3235E-06   4.0709E-05   9.0226E-06 / 4.0563E-05   
3120   4.555E-03   1.0994E-05   4.2081E-05   1.0918E-05 / 4.2051E-05   
3130   4.555E-03   1.2350E-05   4.7877E-05   1.2287E-05 / 4.7855E-05   
3140   4.555E-03   8.7565E-06   4.0399E-05   8.7142E-06 / 4.0388E-05   
3150   4.555E-03   8.7856E-06   4.1293E-05   8.3858E-06 / 4.1084E-05   
3160   4.555E-03   8.5030E-06   4.2475E-05   8.4533E-06 / 4.2462E-05   
3170   4.555E-03   9.7384E-06   4.3504E-05   9.7256E-06 / 4.3504E-05   
3180   4.555E-03   1.0032E-05   4.5111E-05   9.9806E-06 / 4.5098E-05   
3190   4.555E-03   1.1403E-05   4.2041E-05   1.1397E-05 / 4.2041E-05   
3200   4.555E-03   1.3490E-05   4.9487E-05   1.3490E-05 / 4.9487E-05   
3210   4.555E-03   1.0056E-05   3.9926E-05   1.0055E-05 / 3.9926E-05   
3220   4.555E-03   8.4307E-06   4.1409E-05   7.9290E-06 / 4.1141E-05   
3230   4.555E-03   8.2330E-06   4.0562E-05   7.9764E-06 / 4.0446E-05   
3240   4.555E-03   1.1031E-05   4.0794E-05   1.0988E-05 / 4.0787E-05   
3250   4.555E-03   1.0494E-05   4.0765E-05   1.0406E-05 / 4.0738E-05   
3260   4.555E-03   2.5156E-05   5.4911E-05   2.5156E-05 / 5.4911E-05   
3270   4.555E-03   8.0857E-06   3.9326E-05   8.0091E-06 / 3.9307E-05   
3280   4.555E-03   8.7618E-06   3.8101E-05   8.7598E-06 / 3.8101E-05   
3290   4.555E-03   7.8041E-06   3.7196E-05   7.6865E-06 / 3.7158E-05   
3300   4.555E-03   9.6366E-06   3.6989E-05   9.6186E-06 / 3.6989E-05   
3310   4.555E-03   7.8700E-06   3.7378E-05   7.8482E-06 / 3.7378E-05   
3320   4.555E-03   1.0783E-05   4.4605E-05   1.0783E-05 / 4.4605E-05   
3330   4.555E-03   1.2448E-05   4.6747E-05   1.2245E-05 / 4.6666E-05   
3340   4.555E-03   1.9681E-05   5.3979E-05   1.9656E-05 / 5.3979E-05   
3350   4.555E-03   1.0174E-05   3.8758E-05   9.7495E-06 / 3.8543E-05   
3360   4.555E-03   8.8765E-06   4.0891E-05   8.5142E-06 / 4.0731E-05   
3370   4.555E-03   9.5494E-06   3.9096E-05   9.5491E-06 / 3.9096E-05   
3380   4.555E-03   8.9632E-06   3.7787E-05   8.9201E-06 / 3.7785E-05   
3390   4.555E-03   8.1538E-06   3.6314E-05   8.0911E-06 / 3.6309E-05   
3400   4.555E-03   8.2149E-06   3.8504E-05   8.1170E-06 / 3.8486E-05   
3410   4.555E-03   9.1300E-06   3.9138E-05   9.1248E-06 / 3.9138E-05   
3420   4.555E-03   9.8236E-06   4.0262E-05   9.8236E-06 / 4.0262E-05   
3430   4.555E-03   9.5049E-06   4.5704E-05   9.4559E-06 / 4.5703E-05   
3440   4.555E-03   7.9082E-06   4.0043E-05   7.7447E-06 / 3.9991E-05   
3450   4.555E-03   1.2490E-05   4.9474E-05   1.2442E-05 / 4.9472E-05   
3460   4.555E-03   1.0372E-05   4.0573E-05   1.0372E-05 / 4.0573E-05   
3470   4.555E-03   7.7933E-06   3.7956E-05   7.4686E-06 / 3.7813E-05   
3480   4.555E-03   9.7735E-06   4.2334E-05   9.7544E-06 / 4.2334E-05   
3490   4.555E-03   1.1827E-05   4.5397E-05   1.1542E-05 / 4.5281E-05   
3500   4.555E-03   8.4822E-06   3.8311E-05   8.3346E-06 / 3.8273E-05   
3510   4.555E-03   7.6109E-06   4.0066E-05   7.5405E-06 / 4.0063E-05   
3520   4.555E-03   7.7496E-06   3.9237E-05   7.1550E-06 / 3.8922E-05   
3530   4.555E-03   1.2997E-05   4.1828E-05   9.4996E-06 / 3.9099E-05   
3540   4.555E-03   8.7503E-06   3.9055E-05   8.3623E-06 / 3.8895E-05   
3550   4.555E-03   8.9638E-06   4.1423E-05   8.8824E-06 / 4.1415E-05   
3560   4.555E-03   9.0238E-06   3.6894E-05   9.0073E-06 / 3.6894E-05   
3570   4.555E-03   8.9076E-06   3.8843E-05   8.8220E-06 / 3.8835E-05   
3580   4.555E-03   7.3522E-06   3.6593E-05   7.3255E-06 / 3.6593E-05   
3590   4.555E-03   9.7978E-06   3.9384E-05   9.7441E-06 / 3.9384E-05   
3600   4.555E-03   9.5764E-06   3.5791E-05   9.4394E-06 / 3.5762E-05   
3610   4.555E-03   6.9146E-06   3.7056E-05   6.7763E-06 / 3.7026E-05   
3620   4.555E-03   7.3375E-06   4.1049E-05   7.0259E-06 / 4.0917E-05   
3630   4.555E-03   7.3118E-06   3.7065E-05   7.2758E-06 / 3.7065E-05   
3640   4.555E-03   7.2965E-06   3.8536E-05   7.0656E-06 / 3.8477E-05   
3650   4.555E-03   1.6326E-05   4.9476E-05   1.4854E-05 / 4.8450E-05   
3660   4.555E-03   8.3046E-06   3.4222E-05   7.7686E-06 / 3.3956E-05   
3670   4.555E-03   6.7670E-06   3.6384E-05   6.6981E-06 / 3.6380E-05   
3680   4.555E-03   9.1146E-06   3.9857E-05   8.9915E-06 / 3.9833E-05   
3690   4.555E-03   1.1517E-05   4.0941E-05   1.1517E-05 / 4.0941E-05   
3700   4.555E-03   7.6285E-06   3.8536E-05   7.6085E-06 / 3.8536E-05   
3710   4.555E-03   7.6242E-06   3.7770E-05   7.6226E-06 / 3.7770E-05   
3720   4.555E-03   1.0347E-05   4.0177E-05   1.0347E-05 / 4.0177E-05   
3730   4.555E-03   8.5224E-06   3.6348E-05   8.5224E-06 / 3.6348E-05   
3740   4.555E-03   7.9117E-06   4.1816E-05   7.8411E-06 / 4.1810E-05   
3750   4.555E-03   1.3803E-05   3.9880E-05   1.2388E-05 / 3.8934E-05   
3760   4.555E-03   8.9314E-06   3.7964E-05   8.8525E-06 / 3.7954E-05   
3770   4.555E-03   1.1375E-05   3.9097E-05   1.1066E-05 / 3.8987E-05   
3780   4.555E-03   1.1494E-05   3.8233E-05   8.3657E-06 / 3.5891E-05   
3790   4.555E-03   7.3451E-06   3.6782E-05   7.3449E-06 / 3.6782E-05   
3800   4.555E-03   7.0816E-06   3.6326E-05   6.5769E-06 / 3.6083E-05   
3810   4.555E-03   7.0790E-06   3.6110E-05   6.9970E-06 / 3.6104E-05   
3820   4.555E-03   9.0992E-06   4.1595E-05   9.0673E-06 / 4.1595E-05   
3830   4.555E-03   6.3053E-06   3.6554E-05   6.2315E-06 / 3.6545E-05   
3840   4.555E-03   6.9678E-06   3.4493E-05   6.3476E-06 / 3.4160E-05   
3850   4.555E-03   6.4179E-06   3.6623E-05   6.1742E-06 / 3.6522E-05   
3860   4.555E-03   1.0514E-05   4.0938E-05   1.0432E-05 / 4.0922E-05   
3870   4.555E-03   8.0622E-06   3.7338E-05   8.0622E-06 / 3.7338E-05   
3880   4.555E-03   8.1716E-06   4.0693E-05   8.1486E-06 / 4.0693E-05   
3890   4.555E-03   7.9545E-06   3.4911E-05   7.9458E-06 / 3.4911E-05   
3900   4.555E-03   6.8806E-06   3.5794E-05   6.3713E-06 / 3.5548E-05   
3910   4.555E-03   7.5159E-06   3.9445E-05   7.4880E-06 / 3.9445E-05   
3920   4.555E-03   7.4402E-06   3.6566E-05   7.4318E-06 / 3.6566E-05   
3925   4.555E-03   1.1398E-05   3.9408E-05   9.2592E-06 / 3.7917E-05   
BEST MODEL
===============================================================================================================
3662   4.555E-03   7.8171E-06   3.3936E-05   7.1438E-06 / 3.3565E-05   
===============================================================================================================
Saved model to /home/nikki/kan/kanTBNN/models/multi_run/kan_experiment_87_opt/kanTBNN-24Nov06_20:36:03.pickle
