========== Dataset info ==========
Dataset params: {'file': '/home/nikhila/WDC/kan/dataset/turbulence_dataset_clean.csv', 'Cases': ['case_0p5', 'case_0p8', 'case_1p0', 'case_1p2', 'case_1p5'], 'val_set': ['case_0p8'], 'test_set': ['case_1p2'], 'data_loader': <class 'tbnn.dataloaders.aDataset'>}
Train/Valid/Test points: 44253 / 14751 / 14751
Memorization?: False
Cluster training?: False
EPOCH     LR        TRAIN         VALID             MSE:T/V                  RL:T/V             %NR_t/%NR_v
===============================================================================================================
  1   1.000E-05   2.2030E-01   1.9810E-01   2.2030E-01 / 1.9809E-01   
 10   1.000E-05   1.1647E-01   1.0349E-01   1.1646E-01 / 1.0349E-01   
 20   1.000E-05   9.7391E-02   8.6513E-02   9.7388E-02 / 8.6512E-02   
 30   1.000E-05   8.7506E-02   7.7023E-02   8.7505E-02 / 7.7022E-02   
 40   1.000E-05   8.2207E-02   7.2266E-02   8.2186E-02 / 7.2258E-02   
 50   1.000E-05   7.8486E-02   6.9207E-02   7.8470E-02 / 6.9201E-02   
 60   1.000E-05   7.5519E-02   6.6696E-02   7.5499E-02 / 6.6694E-02   
 70   1.000E-05   7.2985E-02   6.4549E-02   7.2965E-02 / 6.4546E-02   
 80   1.000E-05   7.0614E-02   6.2548E-02   7.0601E-02 / 6.2547E-02   
 90   1.000E-05   6.8299E-02   6.0567E-02   6.8279E-02 / 6.0556E-02   
100   1.000E-05   6.6097E-02   5.8630E-02   6.6068E-02 / 5.8595E-02   
110   1.000E-05   6.3990E-02   5.6744E-02   6.3972E-02 / 5.6713E-02   
120   1.000E-05   6.1957E-02   5.4956E-02   6.1941E-02 / 5.4927E-02   
130   1.000E-05   6.0011E-02   5.3251E-02   5.9999E-02 / 5.3230E-02   
140   1.000E-05   5.8171E-02   5.1619E-02   5.8160E-02 / 5.1601E-02   
150   1.000E-05   5.6411E-02   5.0099E-02   5.6401E-02 / 5.0082E-02   
160   1.000E-05   5.4721E-02   4.8610E-02   5.4712E-02 / 4.8590E-02   
170   1.000E-05   5.3081E-02   4.7211E-02   5.3071E-02 / 4.7188E-02   
180   1.000E-05   5.1498E-02   4.5869E-02   5.1489E-02 / 4.5852E-02   
190   1.000E-05   4.9994E-02   4.4553E-02   4.9986E-02 / 4.4542E-02   
200   1.000E-05   4.8563E-02   4.3337E-02   4.8554E-02 / 4.3328E-02   
210   1.000E-05   4.7197E-02   4.2164E-02   4.7188E-02 / 4.2154E-02   
220   1.000E-05   4.5887E-02   4.1041E-02   4.5878E-02 / 4.1034E-02   
230   1.000E-05   4.4632E-02   3.9950E-02   4.4623E-02 / 3.9944E-02   
240   1.000E-05   4.3440E-02   3.8893E-02   4.3428E-02 / 3.8890E-02   
250   1.000E-05   4.2317E-02   3.7930E-02   4.2304E-02 / 3.7929E-02   
260   1.000E-05   4.1263E-02   3.7012E-02   4.1247E-02 / 3.7011E-02   
270   1.000E-05   4.0269E-02   3.6180E-02   4.0255E-02 / 3.6180E-02   
280   1.000E-05   3.9325E-02   3.5331E-02   3.9310E-02 / 3.5331E-02   
290   1.000E-05   3.8438E-02   3.4567E-02   3.8420E-02 / 3.4565E-02   
300   1.000E-05   3.7611E-02   3.3861E-02   3.7591E-02 / 3.3859E-02   
310   1.000E-05   3.6825E-02   3.3169E-02   3.6805E-02 / 3.3166E-02   
320   1.000E-05   3.6079E-02   3.2497E-02   3.6061E-02 / 3.2494E-02   
330   1.000E-05   3.5366E-02   3.1875E-02   3.5350E-02 / 3.1872E-02   
340   1.000E-05   3.4685E-02   3.1299E-02   3.4670E-02 / 3.1294E-02   
350   1.000E-05   3.4039E-02   3.0701E-02   3.4023E-02 / 3.0697E-02   
360   1.000E-05   3.3425E-02   3.0177E-02   3.3405E-02 / 3.0170E-02   
370   1.000E-05   3.2843E-02   2.9671E-02   3.2824E-02 / 2.9663E-02   
380   1.000E-05   3.2287E-02   2.9153E-02   3.2267E-02 / 2.9144E-02   
390   1.000E-05   3.1753E-02   2.8689E-02   3.1735E-02 / 2.8677E-02   
400   1.000E-05   3.1228E-02   2.8210E-02   3.1211E-02 / 2.8196E-02   
410   1.000E-05   3.0712E-02   2.7763E-02   3.0695E-02 / 2.7747E-02   
420   1.000E-05   3.0205E-02   2.7317E-02   3.0190E-02 / 2.7293E-02   
430   1.000E-05   2.9711E-02   2.6873E-02   2.9696E-02 / 2.6837E-02   
440   1.000E-05   2.9235E-02   2.6448E-02   2.9219E-02 / 2.6404E-02   
450   1.000E-05   2.8775E-02   2.6008E-02   2.8760E-02 / 2.5960E-02   
460   1.000E-05   2.8333E-02   2.5603E-02   2.8320E-02 / 2.5558E-02   
470   1.000E-05   2.7912E-02   2.5193E-02   2.7900E-02 / 2.5150E-02   
480   1.000E-05   2.7506E-02   2.4826E-02   2.7494E-02 / 2.4788E-02   
490   1.000E-05   2.7113E-02   2.4465E-02   2.7099E-02 / 2.4420E-02   
500   1.000E-05   2.6734E-02   2.4084E-02   2.6723E-02 / 2.4044E-02   
510   1.000E-05   2.6368E-02   2.3716E-02   2.6357E-02 / 2.3676E-02   
520   1.000E-05   2.6010E-02   2.3430E-02   2.5999E-02 / 2.3386E-02   
530   1.000E-05   2.5665E-02   2.3105E-02   2.5654E-02 / 2.3055E-02   
540   1.000E-05   2.5331E-02   2.2799E-02   2.5323E-02 / 2.2747E-02   
550   1.000E-05   2.5007E-02   2.2477E-02   2.4999E-02 / 2.2421E-02   
560   1.000E-05   2.4692E-02   2.2172E-02   2.4685E-02 / 2.2115E-02   
570   1.000E-05   2.4384E-02   2.1892E-02   2.4377E-02 / 2.1827E-02   
580   1.000E-05   2.4085E-02   2.1605E-02   2.4079E-02 / 2.1536E-02   
590   1.000E-05   2.3798E-02   2.1322E-02   2.3792E-02 / 2.1246E-02   
600   1.000E-05   2.3520E-02   2.1098E-02   2.3514E-02 / 2.1012E-02   
610   1.000E-05   2.3250E-02   2.0836E-02   2.3246E-02 / 2.0746E-02   
620   1.000E-05   2.2993E-02   2.0591E-02   2.2990E-02 / 2.0495E-02   
630   1.000E-05   2.2744E-02   2.0386E-02   2.2740E-02 / 2.0282E-02   
640   1.000E-05   2.2505E-02   2.0165E-02   2.2501E-02 / 2.0051E-02   
650   1.000E-05   2.2277E-02   1.9967E-02   2.2275E-02 / 1.9851E-02   
660   1.000E-05   2.2056E-02   1.9744E-02   2.2054E-02 / 1.9621E-02   
670   1.000E-05   2.1845E-02   1.9526E-02   2.1842E-02 / 1.9398E-02   
680   1.000E-05   2.1641E-02   1.9340E-02   2.1639E-02 / 1.9218E-02   
690   1.000E-05   2.1444E-02   1.9150E-02   2.1442E-02 / 1.9021E-02   
700   1.000E-05   2.1254E-02   1.8961E-02   2.1253E-02 / 1.8833E-02   
710   1.000E-05   2.1068E-02   1.8831E-02   2.1066E-02 / 1.8691E-02   
720   1.000E-05   2.0890E-02   1.8653E-02   2.0889E-02 / 1.8517E-02   
730   1.000E-05   2.0717E-02   1.8479E-02   2.0716E-02 / 1.8342E-02   
740   1.000E-05   2.0549E-02   1.8308E-02   2.0548E-02 / 1.8169E-02   
750   1.000E-05   2.0388E-02   1.8149E-02   2.0386E-02 / 1.8010E-02   
760   1.000E-05   2.0229E-02   1.7993E-02   2.0227E-02 / 1.7854E-02   
770   1.000E-05   2.0076E-02   1.7853E-02   2.0074E-02 / 1.7708E-02   
780   1.000E-05   1.9928E-02   1.7733E-02   1.9926E-02 / 1.7590E-02   
790   1.000E-05   1.9784E-02   1.7618E-02   1.9782E-02 / 1.7459E-02   
800   1.000E-05   1.9642E-02   1.7475E-02   1.9640E-02 / 1.7307E-02   
810   1.000E-05   1.9504E-02   1.7360E-02   1.9502E-02 / 1.7188E-02   
820   1.000E-05   1.9370E-02   1.7237E-02   1.9367E-02 / 1.7061E-02   
830   1.000E-05   1.9239E-02   1.7122E-02   1.9235E-02 / 1.6940E-02   
840   1.000E-05   1.9110E-02   1.6996E-02   1.9108E-02 / 1.6845E-02   
850   1.000E-05   1.8984E-02   1.6890E-02   1.8981E-02 / 1.6722E-02   
860   1.000E-05   1.8860E-02   1.6756E-02   1.8858E-02 / 1.6603E-02   
870   1.000E-05   1.8738E-02   1.6647E-02   1.8737E-02 / 1.6501E-02   
880   1.000E-05   1.8620E-02   1.6542E-02   1.8618E-02 / 1.6399E-02   
890   1.000E-05   1.8504E-02   1.6408E-02   1.8502E-02 / 1.6283E-02   
900   1.000E-05   1.8388E-02   1.6366E-02   1.8385E-02 / 1.6203E-02   
910   1.000E-05   1.8276E-02   1.6261E-02   1.8273E-02 / 1.6110E-02   
920   1.000E-05   1.8166E-02   1.6141E-02   1.8163E-02 / 1.6002E-02   
930   1.000E-05   1.8059E-02   1.6032E-02   1.8058E-02 / 1.5905E-02   
940   1.000E-05   1.7954E-02   1.5898E-02   1.7953E-02 / 1.5777E-02   
950   1.000E-05   1.7851E-02   1.5869E-02   1.7849E-02 / 1.5745E-02   
960   1.000E-05   1.7750E-02   1.5714E-02   1.7749E-02 / 1.5589E-02   
970   1.000E-05   1.7652E-02   1.5673E-02   1.7651E-02 / 1.5548E-02   
980   1.000E-05   1.7554E-02   1.5571E-02   1.7552E-02 / 1.5448E-02   
990   1.000E-05   1.7459E-02   1.5499E-02   1.7457E-02 / 1.5368E-02   
1000   1.000E-05   1.7368E-02   1.5404E-02   1.7367E-02 / 1.5282E-02   
1010   1.000E-05   1.7278E-02   1.5357E-02   1.7277E-02 / 1.5226E-02   
1020   1.000E-05   1.7189E-02   1.5258E-02   1.7188E-02 / 1.5120E-02   
1030   1.000E-05   1.7103E-02   1.5173E-02   1.7102E-02 / 1.5043E-02   
1040   1.000E-05   1.7020E-02   1.5047E-02   1.7019E-02 / 1.4918E-02   
1050   1.000E-05   1.6935E-02   1.5018E-02   1.6933E-02 / 1.4888E-02   
1060   1.000E-05   1.6854E-02   1.4957E-02   1.6852E-02 / 1.4823E-02   
1070   1.000E-05   1.6775E-02   1.4881E-02   1.6773E-02 / 1.4746E-02   
1080   1.000E-05   1.6702E-02   1.4794E-02   1.6701E-02 / 1.4657E-02   
1090   1.000E-05   1.6622E-02   1.4736E-02   1.6621E-02 / 1.4602E-02   
1100   1.000E-05   1.6548E-02   1.4678E-02   1.6547E-02 / 1.4536E-02   
1110   1.000E-05   1.6476E-02   1.4645E-02   1.6474E-02 / 1.4479E-02   
1120   1.000E-05   1.6408E-02   1.4619E-02   1.6406E-02 / 1.4435E-02   
1130   1.000E-05   1.6341E-02   1.4536E-02   1.6340E-02 / 1.4358E-02   
1140   1.000E-05   1.6273E-02   1.4451E-02   1.6273E-02 / 1.4282E-02   
1150   1.000E-05   1.6209E-02   1.4387E-02   1.6208E-02 / 1.4219E-02   
1160   1.000E-05   1.6143E-02   1.4374E-02   1.6142E-02 / 1.4185E-02   
1170   1.000E-05   1.6078E-02   1.4301E-02   1.6078E-02 / 1.4099E-02   
1180   1.000E-05   1.6016E-02   1.4259E-02   1.6016E-02 / 1.4053E-02   
1190   1.000E-05   1.5954E-02   1.4186E-02   1.5954E-02 / 1.3970E-02   
1200   1.000E-05   1.5894E-02   1.4229E-02   1.5893E-02 / 1.3985E-02   
1210   1.000E-05   1.5831E-02   1.4125E-02   1.5830E-02 / 1.3888E-02   
1220   1.000E-05   1.5771E-02   1.4093E-02   1.5771E-02 / 1.3836E-02   
1230   1.000E-05   1.5712E-02   1.4048E-02   1.5710E-02 / 1.3780E-02   
1240   1.000E-05   1.5653E-02   1.4041E-02   1.5652E-02 / 1.3750E-02   
1250   1.000E-05   1.5594E-02   1.3944E-02   1.5594E-02 / 1.3675E-02   
1260   1.000E-05   1.5538E-02   1.3942E-02   1.5538E-02 / 1.3658E-02   
1270   1.000E-05   1.5479E-02   1.3882E-02   1.5478E-02 / 1.3592E-02   
1280   1.000E-05   1.5424E-02   1.3842E-02   1.5424E-02 / 1.3536E-02   
1290   1.000E-05   1.5367E-02   1.3832E-02   1.5366E-02 / 1.3499E-02   
1300   1.000E-05   1.5311E-02   1.3775E-02   1.5310E-02 / 1.3445E-02   
1310   1.000E-05   1.5258E-02   1.3777E-02   1.5256E-02 / 1.3433E-02   
1320   1.000E-05   1.5202E-02   1.3681E-02   1.5201E-02 / 1.3366E-02   
1330   1.000E-05   1.5148E-02   1.3659E-02   1.5147E-02 / 1.3336E-02   
1340   1.000E-05   1.5093E-02   1.3605E-02   1.5091E-02 / 1.3275E-02   
1350   1.000E-05   1.5041E-02   1.3528E-02   1.5039E-02 / 1.3187E-02   
1360   1.000E-05   1.4985E-02   1.3512E-02   1.4984E-02 / 1.3156E-02   
1370   1.000E-05   1.4932E-02   1.3447E-02   1.4930E-02 / 1.3110E-02   
1380   1.000E-05   1.4882E-02   1.3479E-02   1.4881E-02 / 1.3135E-02   
1390   1.000E-05   1.4828E-02   1.3405E-02   1.4826E-02 / 1.3057E-02   
1400   1.000E-05   1.4777E-02   1.3321E-02   1.4775E-02 / 1.3005E-02   
1410   1.000E-05   1.4725E-02   1.3287E-02   1.4723E-02 / 1.2954E-02   
1420   1.000E-05   1.4676E-02   1.3284E-02   1.4674E-02 / 1.2943E-02   
1430   1.000E-05   1.4627E-02   1.3214E-02   1.4625E-02 / 1.2864E-02   
1440   1.000E-05   1.4577E-02   1.3171E-02   1.4575E-02 / 1.2822E-02   
1450   1.000E-05   1.4527E-02   1.3149E-02   1.4525E-02 / 1.2794E-02   
1460   1.000E-05   1.4480E-02   1.3078E-02   1.4478E-02 / 1.2734E-02   
1470   1.000E-05   1.4434E-02   1.3101E-02   1.4430E-02 / 1.2749E-02   
1480   1.000E-05   1.4384E-02   1.3008E-02   1.4381E-02 / 1.2676E-02   
1490   1.000E-05   1.4336E-02   1.2987E-02   1.4333E-02 / 1.2646E-02   
1500   1.000E-05   1.4291E-02   1.2926E-02   1.4287E-02 / 1.2594E-02   
1510   1.000E-05   1.4246E-02   1.2918E-02   1.4243E-02 / 1.2592E-02   
1520   1.000E-05   1.4201E-02   1.2876E-02   1.4197E-02 / 1.2527E-02   
1530   1.000E-05   1.4156E-02   1.2788E-02   1.4154E-02 / 1.2498E-02   
1540   1.000E-05   1.4111E-02   1.2773E-02   1.4107E-02 / 1.2469E-02   
1550   1.000E-05   1.4067E-02   1.2741E-02   1.4064E-02 / 1.2445E-02   
1560   1.000E-05   1.4024E-02   1.2713E-02   1.4020E-02 / 1.2413E-02   
1570   1.000E-05   1.3982E-02   1.2671E-02   1.3975E-02 / 1.2351E-02   
1580   1.000E-05   1.3936E-02   1.2603E-02   1.3932E-02 / 1.2336E-02   
1590   1.000E-05   1.3896E-02   1.2597E-02   1.3892E-02 / 1.2337E-02   
1600   1.000E-05   1.3853E-02   1.2485E-02   1.3850E-02 / 1.2243E-02   
1610   1.000E-05   1.3810E-02   1.2460E-02   1.3807E-02 / 1.2232E-02   
1620   1.000E-05   1.3770E-02   1.2423E-02   1.3767E-02 / 1.2199E-02   
1630   1.000E-05   1.3727E-02   1.2409E-02   1.3722E-02 / 1.2150E-02   
1640   1.000E-05   1.3686E-02   1.2333E-02   1.3683E-02 / 1.2123E-02   
1650   1.000E-05   1.3647E-02   1.2298E-02   1.3644E-02 / 1.2102E-02   
1660   1.000E-05   1.3603E-02   1.2292E-02   1.3599E-02 / 1.2071E-02   
1670   1.000E-05   1.3564E-02   1.2248E-02   1.3561E-02 / 1.2058E-02   
1680   1.000E-05   1.3522E-02   1.2206E-02   1.3519E-02 / 1.2017E-02   
1690   1.000E-05   1.3481E-02   1.2206E-02   1.3476E-02 / 1.1978E-02   
1700   1.000E-05   1.3441E-02   1.2124E-02   1.3438E-02 / 1.1932E-02   
1710   1.000E-05   1.3400E-02   1.2150E-02   1.3396E-02 / 1.1939E-02   
1720   1.000E-05   1.3361E-02   1.2114E-02   1.3357E-02 / 1.1910E-02   
1730   1.000E-05   1.3322E-02   1.2039E-02   1.3319E-02 / 1.1855E-02   
1740   1.000E-05   1.3281E-02   1.2043E-02   1.3276E-02 / 1.1817E-02   
1750   1.000E-05   1.3240E-02   1.2010E-02   1.3236E-02 / 1.1796E-02   
1760   1.000E-05   1.3201E-02   1.1981E-02   1.3197E-02 / 1.1767E-02   
1770   1.000E-05   1.3162E-02   1.1973E-02   1.3158E-02 / 1.1749E-02   
1780   1.000E-05   1.3126E-02   1.1881E-02   1.3123E-02 / 1.1688E-02   
1790   1.000E-05   1.3088E-02   1.1847E-02   1.3085E-02 / 1.1675E-02   
1800   1.000E-05   1.3048E-02   1.1872E-02   1.3044E-02 / 1.1653E-02   
1810   1.000E-05   1.3010E-02   1.1867E-02   1.3006E-02 / 1.1651E-02   
1820   1.000E-05   1.2975E-02   1.1847E-02   1.2972E-02 / 1.1640E-02   
1830   1.000E-05   1.2936E-02   1.1807E-02   1.2932E-02 / 1.1591E-02   
1840   1.000E-05   1.2899E-02   1.1763E-02   1.2896E-02 / 1.1547E-02   
1850   1.000E-05   1.2863E-02   1.1753E-02   1.2858E-02 / 1.1539E-02   
1860   1.000E-05   1.2827E-02   1.1704E-02   1.2822E-02 / 1.1501E-02   
1870   1.000E-05   1.2792E-02   1.1656E-02   1.2788E-02 / 1.1479E-02   
1880   1.000E-05   1.2758E-02   1.1620E-02   1.2753E-02 / 1.1433E-02   
1890   1.000E-05   1.2722E-02   1.1598E-02   1.2718E-02 / 1.1414E-02   
1900   1.000E-05   1.2688E-02   1.1593E-02   1.2683E-02 / 1.1397E-02   
1910   1.000E-05   1.2656E-02   1.1513E-02   1.2652E-02 / 1.1343E-02   
1920   1.000E-05   1.2621E-02   1.1531E-02   1.2618E-02 / 1.1367E-02   
1930   1.000E-05   1.2590E-02   1.1534E-02   1.2582E-02 / 1.1309E-02   
1940   1.000E-05   1.2555E-02   1.1536E-02   1.2548E-02 / 1.1320E-02   
1950   1.000E-05   1.2522E-02   1.1491E-02   1.2518E-02 / 1.1303E-02   
1960   1.000E-05   1.2490E-02   1.1419E-02   1.2485E-02 / 1.1236E-02   
1970   1.000E-05   1.2458E-02   1.1447E-02   1.2451E-02 / 1.1223E-02   
1980   1.000E-05   1.2428E-02   1.1417E-02   1.2424E-02 / 1.1243E-02   
1990   1.000E-05   1.2396E-02   1.1345E-02   1.2391E-02 / 1.1153E-02   
2000   1.000E-05   1.2365E-02   1.1421E-02   1.2360E-02 / 1.1208E-02   
2010   1.000E-05   1.2333E-02   1.1356E-02   1.2329E-02 / 1.1158E-02   
2020   1.000E-05   1.2302E-02   1.1388E-02   1.2295E-02 / 1.1146E-02   
2030   1.000E-05   1.2270E-02   1.1338E-02   1.2265E-02 / 1.1117E-02   
2040   1.000E-05   1.2240E-02   1.1319E-02   1.2235E-02 / 1.1096E-02   
2050   1.000E-05   1.2211E-02   1.1332E-02   1.2204E-02 / 1.1068E-02   
2060   1.000E-05   1.2180E-02   1.1291E-02   1.2175E-02 / 1.1054E-02   
2070   1.000E-05   1.2151E-02   1.1263E-02   1.2147E-02 / 1.1017E-02   
2080   1.000E-05   1.2120E-02   1.1297E-02   1.2114E-02 / 1.1004E-02   
2090   1.000E-05   1.2092E-02   1.1309E-02   1.2086E-02 / 1.1001E-02   
2100   1.000E-05   1.2062E-02   1.1261E-02   1.2057E-02 / 1.0954E-02   
2110   1.000E-05   1.2034E-02   1.1249E-02   1.2030E-02 / 1.0951E-02   
2120   1.000E-05   1.2010E-02   1.1279E-02   1.2006E-02 / 1.0971E-02   
2130   1.000E-05   1.1977E-02   1.1210E-02   1.1972E-02 / 1.0887E-02   
2140   1.000E-05   1.1949E-02   1.1256E-02   1.1943E-02 / 1.0875E-02   
2150   1.000E-05   1.1924E-02   1.1325E-02   1.1915E-02 / 1.0892E-02   
2160   1.000E-05   1.1894E-02   1.1234E-02   1.1889E-02 / 1.0825E-02   
2170   1.000E-05   1.1867E-02   1.1206E-02   1.1862E-02 / 1.0820E-02   
2180   1.000E-05   1.1841E-02   1.1151E-02   1.1837E-02 / 1.0789E-02   
2190   1.000E-05   1.1814E-02   1.1232E-02   1.1808E-02 / 1.0785E-02   
2200   1.000E-05   1.1788E-02   1.1254E-02   1.1779E-02 / 1.0755E-02   
2210   1.000E-05   1.1762E-02   1.1198E-02   1.1757E-02 / 1.0761E-02   
2220   1.000E-05   1.1735E-02   1.1195E-02   1.1730E-02 / 1.0753E-02   
2230   1.000E-05   1.1710E-02   1.1109E-02   1.1707E-02 / 1.0700E-02   
2240   1.000E-05   1.1686E-02   1.1104E-02   1.1682E-02 / 1.0653E-02   
2250   1.000E-05   1.1660E-02   1.1157E-02   1.1655E-02 / 1.0680E-02   
2260   1.000E-05   1.1635E-02   1.1160E-02   1.1630E-02 / 1.0662E-02   
2270   1.000E-05   1.1610E-02   1.1142E-02   1.1603E-02 / 1.0612E-02   
2280   1.000E-05   1.1586E-02   1.1146E-02   1.1578E-02 / 1.0610E-02   
2290   1.000E-05   1.1562E-02   1.1103E-02   1.1558E-02 / 1.0610E-02   
2300   1.000E-05   1.1538E-02   1.1141E-02   1.1533E-02 / 1.0622E-02   
2310   1.000E-05   1.1513E-02   1.1064E-02   1.1509E-02 / 1.0561E-02   
2320   1.000E-05   1.1490E-02   1.1044E-02   1.1485E-02 / 1.0513E-02   
2330   1.000E-05   1.1466E-02   1.1084E-02   1.1460E-02 / 1.0512E-02   
2340   1.000E-05   1.1442E-02   1.1063E-02   1.1437E-02 / 1.0498E-02   
2350   1.000E-05   1.1422E-02   1.1043E-02   1.1418E-02 / 1.0530E-02   
2360   1.000E-05   1.1397E-02   1.1074E-02   1.1390E-02 / 1.0473E-02   
2370   1.000E-05   1.1374E-02   1.0962E-02   1.1370E-02 / 1.0427E-02   
2380   1.000E-05   1.1353E-02   1.0958E-02   1.1349E-02 / 1.0424E-02   
2390   1.000E-05   1.1330E-02   1.0925E-02   1.1326E-02 / 1.0436E-02   
2400   1.000E-05   1.1306E-02   1.0953E-02   1.1301E-02 / 1.0383E-02   
2410   1.000E-05   1.1284E-02   1.0915E-02   1.1280E-02 / 1.0390E-02   
2420   1.000E-05   1.1263E-02   1.0948E-02   1.1258E-02 / 1.0399E-02   
2430   1.000E-05   1.1240E-02   1.0896E-02   1.1236E-02 / 1.0357E-02   
2440   1.000E-05   1.1218E-02   1.0960E-02   1.1211E-02 / 1.0334E-02   
2450   1.000E-05   1.1195E-02   1.0884E-02   1.1191E-02 / 1.0322E-02   
2460   1.000E-05   1.1174E-02   1.0836E-02   1.1169E-02 / 1.0290E-02   
2470   1.000E-05   1.1154E-02   1.0783E-02   1.1151E-02 / 1.0279E-02   
2480   1.000E-05   1.1133E-02   1.0836E-02   1.1129E-02 / 1.0298E-02   
2490   1.000E-05   1.1111E-02   1.0782E-02   1.1107E-02 / 1.0247E-02   
2500   1.000E-05   1.1090E-02   1.0839E-02   1.1085E-02 / 1.0265E-02   
2510   1.000E-05   1.1071E-02   1.0704E-02   1.1068E-02 / 1.0194E-02   
2520   1.000E-05   1.1048E-02   1.0724E-02   1.1044E-02 / 1.0183E-02   
2530   1.000E-05   1.1027E-02   1.0795E-02   1.1022E-02 / 1.0200E-02   
2540   1.000E-05   1.1007E-02   1.0704E-02   1.1004E-02 / 1.0172E-02   
2550   1.000E-05   1.0988E-02   1.0718E-02   1.0983E-02 / 1.0152E-02   
2560   1.000E-05   1.0969E-02   1.0762E-02   1.0964E-02 / 1.0177E-02   
2570   1.000E-05   1.0947E-02   1.0729E-02   1.0941E-02 / 1.0123E-02   
2580   1.000E-05   1.0928E-02   1.0691E-02   1.0923E-02 / 1.0122E-02   
2590   1.000E-05   1.0909E-02   1.0641E-02   1.0904E-02 / 1.0086E-02   
2600   1.000E-05   1.0888E-02   1.0606E-02   1.0884E-02 / 1.0053E-02   
2610   1.000E-05   1.0871E-02   1.0565E-02   1.0867E-02 / 1.0053E-02   
2620   1.000E-05   1.0850E-02   1.0537E-02   1.0847E-02 / 1.0037E-02   
2630   1.000E-05   1.0829E-02   1.0634E-02   1.0824E-02 / 1.0024E-02   
2640   1.000E-05   1.0810E-02   1.0608E-02   1.0805E-02 / 9.9955E-03   
2650   1.000E-05   1.0791E-02   1.0571E-02   1.0787E-02 / 9.9994E-03   
2660   1.000E-05   1.0776E-02   1.0522E-02   1.0772E-02 / 9.9997E-03   
2670   1.000E-05   1.0754E-02   1.0513E-02   1.0750E-02 / 9.9391E-03   
2680   1.000E-05   1.0736E-02   1.0565E-02   1.0731E-02 / 9.9622E-03   
2690   1.000E-05   1.0716E-02   1.0554E-02   1.0711E-02 / 9.9256E-03   
2700   1.000E-05   1.0698E-02   1.0490E-02   1.0694E-02 / 9.8987E-03   
2710   1.000E-05   1.0680E-02   1.0434E-02   1.0677E-02 / 9.8992E-03   
2720   1.000E-05   1.0661E-02   1.0607E-02   1.0654E-02 / 9.9169E-03   
2730   1.000E-05   1.0642E-02   1.0588E-02   1.0634E-02 / 9.8672E-03   
2740   1.000E-05   1.0623E-02   1.0469E-02   1.0618E-02 / 9.8533E-03   
2750   1.000E-05   1.0605E-02   1.0400E-02   1.0602E-02 / 9.8304E-03   
2760   1.000E-05   1.0586E-02   1.0501E-02   1.0582E-02 / 9.8458E-03   
2770   1.000E-05   1.0568E-02   1.0444E-02   1.0563E-02 / 9.7972E-03   
2780   1.000E-05   1.0550E-02   1.0485E-02   1.0544E-02 / 9.7690E-03   
2790   1.000E-05   1.0535E-02   1.0455E-02   1.0530E-02 / 9.7992E-03   
2800   1.000E-05   1.0514E-02   1.0432E-02   1.0510E-02 / 9.7519E-03   
2810   1.000E-05   1.0496E-02   1.0345E-02   1.0493E-02 / 9.7330E-03   
2820   1.000E-05   1.0477E-02   1.0412E-02   1.0472E-02 / 9.7309E-03   
2830   1.000E-05   1.0461E-02   1.0342E-02   1.0457E-02 / 9.7142E-03   
2840   1.000E-05   1.0442E-02   1.0401E-02   1.0438E-02 / 9.6747E-03   
2850   1.000E-05   1.0424E-02   1.0412E-02   1.0419E-02 / 9.6819E-03   
2860   1.000E-05   1.0407E-02   1.0388E-02   1.0402E-02 / 9.6694E-03   
2870   1.000E-05   1.0389E-02   1.0402E-02   1.0383E-02 / 9.6458E-03   
2880   1.000E-05   1.0372E-02   1.0361E-02   1.0367E-02 / 9.6153E-03   
2890   1.000E-05   1.0354E-02   1.0402E-02   1.0349E-02 / 9.6083E-03   
2900   1.000E-05   1.0337E-02   1.0321E-02   1.0333E-02 / 9.6080E-03   
2910   1.000E-05   1.0324E-02   1.0265E-02   1.0320E-02 / 9.5436E-03   
2920   1.000E-05   1.0303E-02   1.0297E-02   1.0300E-02 / 9.5834E-03   
2930   1.000E-05   1.0289E-02   1.0165E-02   1.0287E-02 / 9.5419E-03   
2940   1.000E-05   1.0271E-02   1.0233E-02   1.0268E-02 / 9.5758E-03   
2950   1.000E-05   1.0251E-02   1.0299E-02   1.0248E-02 / 9.5315E-03   
2960   1.000E-05   1.0234E-02   1.0240E-02   1.0231E-02 / 9.5025E-03   
2970   1.000E-05   1.0218E-02   1.0271E-02   1.0215E-02 / 9.5086E-03   
2980   1.000E-05   1.0203E-02   1.0280E-02   1.0199E-02 / 9.4924E-03   
2990   1.000E-05   1.0185E-02   1.0393E-02   1.0178E-02 / 9.4724E-03   
3000   1.000E-05   1.0169E-02   1.0178E-02   1.0166E-02 / 9.4595E-03   
3010   1.000E-05   1.0152E-02   1.0234E-02   1.0148E-02 / 9.4422E-03   
3020   1.000E-05   1.0135E-02   1.0254E-02   1.0131E-02 / 9.4347E-03   
3030   1.000E-05   1.0120E-02   1.0272E-02   1.0116E-02 / 9.4335E-03   
3040   1.000E-05   1.0103E-02   1.0298E-02   1.0098E-02 / 9.3814E-03   
3050   1.000E-05   1.0087E-02   1.0198E-02   1.0083E-02 / 9.3685E-03   
3060   1.000E-05   1.0070E-02   1.0162E-02   1.0067E-02 / 9.3666E-03   
3070   1.000E-05   1.0057E-02   1.0125E-02   1.0053E-02 / 9.3164E-03   
3080   1.000E-05   1.0040E-02   1.0213E-02   1.0035E-02 / 9.3586E-03   
3090   1.000E-05   1.0023E-02   1.0121E-02   1.0019E-02 / 9.3252E-03   
3100   1.000E-05   1.0008E-02   1.0136E-02   1.0004E-02 / 9.3187E-03   
3110   1.000E-05   9.9917E-03   1.0229E-02   9.9849E-03 / 9.3125E-03   
3120   1.000E-05   9.9755E-03   1.0090E-02   9.9721E-03 / 9.2880E-03   
3130   1.000E-05   9.9633E-03   1.0177E-02   9.9575E-03 / 9.3026E-03   
3140   1.000E-05   9.9461E-03   9.9994E-03   9.9428E-03 / 9.2364E-03   
3150   1.000E-05   9.9286E-03   1.0109E-02   9.9239E-03 / 9.2747E-03   
3160   1.000E-05   9.9125E-03   1.0021E-02   9.9085E-03 / 9.2304E-03   
3170   1.000E-05   9.8975E-03   9.9534E-03   9.8941E-03 / 9.2262E-03   
3180   1.000E-05   9.8816E-03   9.9193E-03   9.8787E-03 / 9.1925E-03   
3190   1.000E-05   9.8681E-03   1.0007E-02   9.8636E-03 / 9.1982E-03   
3200   1.000E-05   9.8513E-03   1.0009E-02   9.8464E-03 / 9.1809E-03   
3210   1.000E-05   9.8365E-03   9.9631E-03   9.8322E-03 / 9.1711E-03   
3220   1.000E-05   9.8239E-03   9.8405E-03   9.8216E-03 / 9.1844E-03   
3230   1.000E-05   9.8095E-03   9.7833E-03   9.8070E-03 / 9.0987E-03   
3240   1.000E-05   9.7939E-03   9.9654E-03   9.7870E-03 / 9.1183E-03   
3250   1.000E-05   9.7770E-03   9.8805E-03   9.7718E-03 / 9.0801E-03   
3260   1.000E-05   9.7615E-03   9.8292E-03   9.7566E-03 / 9.0902E-03   
3270   1.000E-05   9.7478E-03   9.6320E-03   9.7461E-03 / 9.0983E-03   
3280   1.000E-05   9.7314E-03   9.6317E-03   9.7294E-03 / 9.0685E-03   
3290   1.000E-05   9.7157E-03   9.6601E-03   9.7133E-03 / 9.0454E-03   
3300   1.000E-05   9.7014E-03   9.6503E-03   9.6989E-03 / 9.0359E-03   
3310   1.000E-05   9.6867E-03   9.6926E-03   9.6839E-03 / 9.0691E-03   
3320   1.000E-05   9.6719E-03   9.7277E-03   9.6676E-03 / 9.0277E-03   
3330   1.000E-05   9.6568E-03   9.6852E-03   9.6528E-03 / 8.9960E-03   
3340   1.000E-05   9.6428E-03   9.5792E-03   9.6402E-03 / 9.0007E-03   
3350   1.000E-05   9.6287E-03   9.6549E-03   9.6239E-03 / 8.9815E-03   
3360   1.000E-05   9.6134E-03   9.5932E-03   9.6100E-03 / 8.9945E-03   
3370   1.000E-05   9.5990E-03   9.6249E-03   9.5947E-03 / 8.9658E-03   
3380   1.000E-05   9.5851E-03   9.5424E-03   9.5818E-03 / 8.9337E-03   
3390   1.000E-05   9.5707E-03   9.5363E-03   9.5674E-03 / 8.9403E-03   
3400   1.000E-05   9.5577E-03   9.4335E-03   9.5557E-03 / 8.9128E-03   
3410   1.000E-05   9.5451E-03   9.6259E-03   9.5372E-03 / 8.9004E-03   
3420   1.000E-05   9.5283E-03   9.4412E-03   9.5260E-03 / 8.9148E-03   
3430   1.000E-05   9.5147E-03   9.4400E-03   9.5114E-03 / 8.8943E-03   
3440   1.000E-05   9.5020E-03   9.5167E-03   9.4962E-03 / 8.8623E-03   
3450   1.000E-05   9.4904E-03   9.3155E-03   9.4885E-03 / 8.9137E-03   
3460   1.000E-05   9.4743E-03   9.3686E-03   9.4718E-03 / 8.8530E-03   
3470   1.000E-05   9.4597E-03   9.3322E-03   9.4571E-03 / 8.8416E-03   
3480   1.000E-05   9.4470E-03   9.3443E-03   9.4443E-03 / 8.8444E-03   
3490   1.000E-05   9.4339E-03   9.2641E-03   9.4315E-03 / 8.7959E-03   
3500   1.000E-05   9.4207E-03   9.2676E-03   9.4181E-03 / 8.7875E-03   
3510   1.000E-05   9.4080E-03   9.4406E-03   9.4019E-03 / 8.8482E-03   
3520   1.000E-05   9.3930E-03   9.2432E-03   9.3908E-03 / 8.7886E-03   
3530   1.000E-05   9.3792E-03   9.2804E-03   9.3759E-03 / 8.7684E-03   
3540   1.000E-05   9.3664E-03   9.2070E-03   9.3641E-03 / 8.7917E-03   
3550   1.000E-05   9.3530E-03   9.1872E-03   9.3511E-03 / 8.7722E-03   
3560   1.000E-05   9.3415E-03   9.2494E-03   9.3383E-03 / 8.8027E-03   
3570   1.000E-05   9.3262E-03   9.2577E-03   9.3229E-03 / 8.7711E-03   
3580   1.000E-05   9.3152E-03   9.3055E-03   9.3071E-03 / 8.7185E-03   
3590   1.000E-05   9.3018E-03   9.1090E-03   9.2999E-03 / 8.7494E-03   
3600   1.000E-05   9.2884E-03   9.1301E-03   9.2860E-03 / 8.7331E-03   
3610   1.000E-05   9.2768E-03   9.2757E-03   9.2709E-03 / 8.7409E-03   
3620   1.000E-05   9.2647E-03   9.1970E-03   9.2594E-03 / 8.6673E-03   
3630   1.000E-05   9.2484E-03   9.0897E-03   9.2455E-03 / 8.6795E-03   
3640   1.000E-05   9.2372E-03   9.0498E-03   9.2351E-03 / 8.6683E-03   
3650   1.000E-05   9.2246E-03   9.0446E-03   9.2220E-03 / 8.6518E-03   
3660   1.000E-05   9.2134E-03   8.9954E-03   9.2115E-03 / 8.6448E-03   
3670   1.000E-05   9.2009E-03   9.1253E-03   9.1970E-03 / 8.6846E-03   
3680   1.000E-05   9.1876E-03   9.1305E-03   9.1829E-03 / 8.6512E-03   
3690   1.000E-05   9.1769E-03   8.9831E-03   9.1745E-03 / 8.6141E-03   
3700   1.000E-05   9.1642E-03   8.9548E-03   9.1618E-03 / 8.6048E-03   
3710   1.000E-05   9.1535E-03   8.9791E-03   9.1514E-03 / 8.6226E-03   
3720   1.000E-05   9.1436E-03   8.9747E-03   9.1413E-03 / 8.5912E-03   
3730   1.000E-05   9.1282E-03   8.9833E-03   9.1257E-03 / 8.6032E-03   
3740   1.000E-05   9.1176E-03   8.9893E-03   9.1141E-03 / 8.5898E-03   
3750   1.000E-05   9.1058E-03   8.9376E-03   9.1035E-03 / 8.5659E-03   
3760   1.000E-05   9.0969E-03   8.9924E-03   9.0927E-03 / 8.5447E-03   
3770   1.000E-05   9.0829E-03   8.9643E-03   9.0801E-03 / 8.5615E-03   
3780   1.000E-05   9.0716E-03   9.0195E-03   9.0662E-03 / 8.5572E-03   
3790   1.000E-05   9.0612E-03   8.8763E-03   9.0588E-03 / 8.5107E-03   
3800   1.000E-05   9.0518E-03   8.8876E-03   9.0497E-03 / 8.5382E-03   
3810   1.000E-05   9.0373E-03   8.9039E-03   9.0346E-03 / 8.5130E-03   
3820   1.000E-05   9.0276E-03   8.8582E-03   9.0261E-03 / 8.5235E-03   
3830   1.000E-05   9.0156E-03   8.8953E-03   9.0126E-03 / 8.4966E-03   
3840   1.000E-05   9.0083E-03   9.0533E-03   8.9975E-03 / 8.4908E-03   
3850   1.000E-05   8.9942E-03   8.8383E-03   8.9925E-03 / 8.4948E-03   
3860   1.000E-05   8.9835E-03   8.9525E-03   8.9789E-03 / 8.4832E-03   
3870   1.000E-05   8.9772E-03   8.9105E-03   8.9736E-03 / 8.4794E-03   
3880   1.000E-05   8.9633E-03   8.9545E-03   8.9584E-03 / 8.4738E-03   
3890   1.000E-05   8.9515E-03   8.9826E-03   8.9450E-03 / 8.4735E-03   
3900   1.000E-05   8.9404E-03   8.8977E-03   8.9375E-03 / 8.4640E-03   
3910   1.000E-05   8.9298E-03   8.9068E-03   8.9264E-03 / 8.4592E-03   
3920   1.000E-05   8.9212E-03   8.8066E-03   8.9189E-03 / 8.4005E-03   
3930   1.000E-05   8.9089E-03   8.8834E-03   8.9063E-03 / 8.4537E-03   
3940   1.000E-05   8.9003E-03   8.8212E-03   8.8977E-03 / 8.3938E-03   
3950   1.000E-05   8.8914E-03   8.9253E-03   8.8878E-03 / 8.4527E-03   
3960   1.000E-05   8.8794E-03   8.8563E-03   8.8754E-03 / 8.3800E-03   
3970   1.000E-05   8.8687E-03   8.8309E-03   8.8666E-03 / 8.4215E-03   
3980   1.000E-05   8.8571E-03   8.8324E-03   8.8548E-03 / 8.4049E-03   
3990   1.000E-05   8.8486E-03   8.7922E-03   8.8467E-03 / 8.3919E-03   
4000   1.000E-05   8.8388E-03   8.8093E-03   8.8363E-03 / 8.3686E-03   
4010   1.000E-05   8.8271E-03   8.8724E-03   8.8237E-03 / 8.3846E-03   
4020   1.000E-05   8.8168E-03   8.8553E-03   8.8139E-03 / 8.3691E-03   
4030   1.000E-05   8.8089E-03   8.8588E-03   8.8060E-03 / 8.3823E-03   
4040   1.000E-05   8.7977E-03   8.8480E-03   8.7935E-03 / 8.3392E-03   
4050   1.000E-05   8.7868E-03   8.8667E-03   8.7823E-03 / 8.3452E-03   
4060   1.000E-05   8.7783E-03   8.7918E-03   8.7756E-03 / 8.3277E-03   
4070   1.000E-05   8.7686E-03   8.7943E-03   8.7664E-03 / 8.3317E-03   
4080   1.000E-05   8.7596E-03   8.7564E-03   8.7580E-03 / 8.3300E-03   
4090   1.000E-05   8.7493E-03   8.8696E-03   8.7454E-03 / 8.3380E-03   
4100   1.000E-05   8.7386E-03   8.7998E-03   8.7363E-03 / 8.3128E-03   
4110   1.000E-05   8.7301E-03   8.8514E-03   8.7257E-03 / 8.3069E-03   
4120   1.000E-05   8.7216E-03   8.7900E-03   8.7195E-03 / 8.3177E-03   
4130   1.000E-05   8.7135E-03   8.8057E-03   8.7087E-03 / 8.2444E-03   
4140   1.000E-05   8.7024E-03   8.7893E-03   8.7000E-03 / 8.3010E-03   
4150   1.000E-05   8.6929E-03   8.7539E-03   8.6912E-03 / 8.2825E-03   
4160   1.000E-05   8.6853E-03   8.6862E-03   8.6841E-03 / 8.2558E-03   
4170   1.000E-05   8.6740E-03   8.7382E-03   8.6716E-03 / 8.2604E-03   
4180   1.000E-05   8.6640E-03   8.8106E-03   8.6610E-03 / 8.2915E-03   
4190   1.000E-05   8.6560E-03   8.7660E-03   8.6532E-03 / 8.2659E-03   
4200   1.000E-05   8.6511E-03   8.8072E-03   8.6490E-03 / 8.3115E-03   
4210   1.000E-05   8.6371E-03   8.7482E-03   8.6352E-03 / 8.2552E-03   
4220   1.000E-05   8.6279E-03   8.7230E-03   8.6257E-03 / 8.2188E-03   
4230   1.000E-05   8.6198E-03   8.7426E-03   8.6177E-03 / 8.2365E-03   
4240   1.000E-05   8.6126E-03   8.6768E-03   8.6112E-03 / 8.2236E-03   
4250   1.000E-05   8.6013E-03   8.6735E-03   8.5994E-03 / 8.1846E-03   
4260   1.000E-05   8.5900E-03   8.7542E-03   8.5860E-03 / 8.2029E-03   
4270   1.000E-05   8.5857E-03   8.8302E-03   8.5815E-03 / 8.2477E-03   
4280   1.000E-05   8.5732E-03   8.7458E-03   8.5702E-03 / 8.2190E-03   
4290   1.000E-05   8.5667E-03   8.6602E-03   8.5654E-03 / 8.2168E-03   
4300   1.000E-05   8.5548E-03   8.6937E-03   8.5528E-03 / 8.1789E-03   
4310   1.000E-05   8.5449E-03   8.6980E-03   8.5424E-03 / 8.1681E-03   
4320   1.000E-05   8.5377E-03   8.8085E-03   8.5322E-03 / 8.2031E-03   
4330   1.000E-05   8.5281E-03   8.6755E-03   8.5258E-03 / 8.1689E-03   
4340   1.000E-05   8.5193E-03   8.7144E-03   8.5170E-03 / 8.1852E-03   
4350   1.000E-05   8.5091E-03   8.7487E-03   8.5050E-03 / 8.1691E-03   
4360   1.000E-05   8.5015E-03   8.6562E-03   8.4990E-03 / 8.1469E-03   
4370   1.000E-05   8.4934E-03   8.6038E-03   8.4920E-03 / 8.1305E-03   
4380   1.000E-05   8.4831E-03   8.7080E-03   8.4799E-03 / 8.1583E-03   
4390   1.000E-05   8.4755E-03   8.7279E-03   8.4717E-03 / 8.1698E-03   
4400   1.000E-05   8.4658E-03   8.7412E-03   8.4596E-03 / 8.1288E-03   
4410   1.000E-05   8.4570E-03   8.6333E-03   8.4551E-03 / 8.1333E-03   
4420   1.000E-05   8.4519E-03   8.5706E-03   8.4505E-03 / 8.1126E-03   
4430   1.000E-05   8.4404E-03   8.6475E-03   8.4379E-03 / 8.1271E-03   
4440   1.000E-05   8.4310E-03   8.6167E-03   8.4284E-03 / 8.1188E-03   
4450   1.000E-05   8.4229E-03   8.6370E-03   8.4204E-03 / 8.1206E-03   
4460   1.000E-05   8.4169E-03   8.6794E-03   8.4120E-03 / 8.1195E-03   
4470   1.000E-05   8.4065E-03   8.6030E-03   8.4030E-03 / 8.0628E-03   
4480   1.000E-05   8.3993E-03   8.6066E-03   8.3972E-03 / 8.1202E-03   
4490   1.000E-05   8.3879E-03   8.6004E-03   8.3850E-03 / 8.0846E-03   
4500   1.000E-05   8.3800E-03   8.6030E-03   8.3772E-03 / 8.0915E-03   
4510   1.000E-05   8.3731E-03   8.6568E-03   8.3686E-03 / 8.1167E-03   
4520   1.000E-05   8.3625E-03   8.5932E-03   8.3593E-03 / 8.0857E-03   
4530   1.000E-05   8.3547E-03   8.5804E-03   8.3523E-03 / 8.0840E-03   
4540   1.000E-05   8.3453E-03   8.5887E-03   8.3415E-03 / 8.0612E-03   
4550   1.000E-05   8.3382E-03   8.5508E-03   8.3358E-03 / 8.0670E-03   
4560   1.000E-05   8.3316E-03   8.5551E-03   8.3295E-03 / 8.0880E-03   
4570   1.000E-05   8.3213E-03   8.5120E-03   8.3191E-03 / 8.0288E-03   
4580   1.000E-05   8.3123E-03   8.5252E-03   8.3099E-03 / 8.0436E-03   
4590   1.000E-05   8.3049E-03   8.4844E-03   8.3027E-03 / 8.0091E-03   
4600   1.000E-05   8.2959E-03   8.5051E-03   8.2931E-03 / 8.0165E-03   
4610   1.000E-05   8.2870E-03   8.4530E-03   8.2852E-03 / 8.0017E-03   
4620   1.000E-05   8.2796E-03   8.5399E-03   8.2750E-03 / 8.0153E-03   
4630   1.000E-05   8.2718E-03   8.4729E-03   8.2703E-03 / 8.0461E-03   
4640   1.000E-05   8.2634E-03   8.4559E-03   8.2613E-03 / 7.9960E-03   
4650   1.000E-05   8.2566E-03   8.4138E-03   8.2549E-03 / 7.9766E-03   
4660   1.000E-05   8.2458E-03   8.4648E-03   8.2433E-03 / 7.9907E-03   
4670   1.000E-05   8.2380E-03   8.4428E-03   8.2358E-03 / 7.9878E-03   
4680   1.000E-05   8.2294E-03   8.5167E-03   8.2248E-03 / 8.0076E-03   
4690   1.000E-05   8.2226E-03   8.4853E-03   8.2178E-03 / 7.9778E-03   
4700   1.000E-05   8.2141E-03   8.3987E-03   8.2125E-03 / 7.9732E-03   
4710   1.000E-05   8.2100E-03   8.4635E-03   8.2044E-03 / 7.9843E-03   
4720   1.000E-05   8.1971E-03   8.4293E-03   8.1943E-03 / 7.9559E-03   
4730   1.000E-05   8.1890E-03   8.4356E-03   8.1862E-03 / 7.9666E-03   
4740   1.000E-05   8.1821E-03   8.4133E-03   8.1792E-03 / 7.9539E-03   
4750   1.000E-05   8.1738E-03   8.3684E-03   8.1723E-03 / 7.9406E-03   
4760   1.000E-05   8.1666E-03   8.3274E-03   8.1653E-03 / 7.9197E-03   
4770   1.000E-05   8.1578E-03   8.3577E-03   8.1561E-03 / 7.9390E-03   
4780   1.000E-05   8.1504E-03   8.4537E-03   8.1465E-03 / 7.9633E-03   
4790   1.000E-05   8.1412E-03   8.3931E-03   8.1387E-03 / 7.9294E-03   
4800   1.000E-05   8.1356E-03   8.3779E-03   8.1331E-03 / 7.9320E-03   
4810   1.000E-05   8.1289E-03   8.3031E-03   8.1276E-03 / 7.9117E-03   
4820   1.000E-05   8.1190E-03   8.3316E-03   8.1175E-03 / 7.9182E-03   
4830   1.000E-05   8.1163E-03   8.3999E-03   8.1147E-03 / 7.9903E-03   
4840   1.000E-05   8.1032E-03   8.3572E-03   8.1014E-03 / 7.9302E-03   
4850   1.000E-05   8.0949E-03   8.3259E-03   8.0927E-03 / 7.8982E-03   
4860   1.000E-05   8.0935E-03   8.2835E-03   8.0924E-03 / 7.9026E-03   
4870   1.000E-05   8.0804E-03   8.2805E-03   8.0789E-03 / 7.8688E-03   
4880   1.000E-05   8.0721E-03   8.3050E-03   8.0699E-03 / 7.8690E-03   
4890   1.000E-05   8.0648E-03   8.3811E-03   8.0610E-03 / 7.9059E-03   
4900   1.000E-05   8.0568E-03   8.3172E-03   8.0547E-03 / 7.8847E-03   
4910   1.000E-05   8.0508E-03   8.3472E-03   8.0478E-03 / 7.8878E-03   
4920   1.000E-05   8.0454E-03   8.3971E-03   8.0389E-03 / 7.8920E-03   
4930   1.000E-05   8.0341E-03   8.3483E-03   8.0306E-03 / 7.8772E-03   
4940   1.000E-05   8.0270E-03   8.3530E-03   8.0236E-03 / 7.8915E-03   
4950   1.000E-05   8.0198E-03   8.3669E-03   8.0149E-03 / 7.8811E-03   
4960   1.000E-05   8.0142E-03   8.2490E-03   8.0120E-03 / 7.8099E-03   
4970   1.000E-05   8.0037E-03   8.3332E-03   8.0003E-03 / 7.8617E-03   
4980   1.000E-05   7.9974E-03   8.3204E-03   7.9931E-03 / 7.8401E-03   
4990   1.000E-05   7.9900E-03   8.2633E-03   7.9875E-03 / 7.8117E-03   
5000   1.000E-05   7.9878E-03   8.2254E-03   7.9866E-03 / 7.8266E-03   
5010   1.000E-05   7.9757E-03   8.2485E-03   7.9741E-03 / 7.8193E-03   
5020   1.000E-05   7.9699E-03   8.2370E-03   7.9682E-03 / 7.8163E-03   
5030   1.000E-05   7.9615E-03   8.2769E-03   7.9588E-03 / 7.8096E-03   
5040   1.000E-05   7.9560E-03   8.2740E-03   7.9521E-03 / 7.7874E-03   
5050   1.000E-05   7.9477E-03   8.2740E-03   7.9439E-03 / 7.7801E-03   
5060   1.000E-05   7.9406E-03   8.2525E-03   7.9391E-03 / 7.8330E-03   
5070   1.000E-05   7.9323E-03   8.3077E-03   7.9273E-03 / 7.7915E-03   
5080   1.000E-05   7.9255E-03   8.3222E-03   7.9215E-03 / 7.8117E-03   
5090   1.000E-05   7.9198E-03   8.2150E-03   7.9185E-03 / 7.7988E-03   
5100   1.000E-05   7.9113E-03   8.2457E-03   7.9093E-03 / 7.7994E-03   
5110   1.000E-05   7.9039E-03   8.2656E-03   7.9009E-03 / 7.7757E-03   
5120   1.000E-05   7.8991E-03   8.3103E-03   7.8953E-03 / 7.7929E-03   
5130   1.000E-05   7.8896E-03   8.2723E-03   7.8868E-03 / 7.7806E-03   
5140   1.000E-05   7.8882E-03   8.2190E-03   7.8862E-03 / 7.7482E-03   
5150   1.000E-05   7.8793E-03   8.2719E-03   7.8754E-03 / 7.7719E-03   
5160   1.000E-05   7.8704E-03   8.3153E-03   7.8660E-03 / 7.7832E-03   
5170   1.000E-05   7.8638E-03   8.2819E-03   7.8597E-03 / 7.7544E-03   
5180   1.000E-05   7.8566E-03   8.2742E-03   7.8533E-03 / 7.7537E-03   
5190   1.000E-05   7.8486E-03   8.2784E-03   7.8455E-03 / 7.7542E-03   
5200   1.000E-05   7.8457E-03   8.3238E-03   7.8381E-03 / 7.7331E-03   
5210   1.000E-05   7.8371E-03   8.2045E-03   7.8357E-03 / 7.7352E-03   
5220   1.000E-05   7.8327E-03   8.3094E-03   7.8253E-03 / 7.7160E-03   
5230   1.000E-05   7.8240E-03   8.2580E-03   7.8223E-03 / 7.7587E-03   
5240   1.000E-05   7.8163E-03   8.2443E-03   7.8147E-03 / 7.7470E-03   
5250   1.000E-05   7.8119E-03   8.2722E-03   7.8103E-03 / 7.7754E-03   
5260   1.000E-05   7.8044E-03   8.2434E-03   7.8030E-03 / 7.7508E-03   
5270   1.000E-05   7.7980E-03   8.2427E-03   7.7964E-03 / 7.7464E-03   
5280   1.000E-05   7.7907E-03   8.2898E-03   7.7873E-03 / 7.7427E-03   
5290   1.000E-05   7.7861E-03   8.2567E-03   7.7834E-03 / 7.7093E-03   
5300   1.000E-05   7.7765E-03   8.2682E-03   7.7727E-03 / 7.7054E-03   
5310   1.000E-05   7.7701E-03   8.2870E-03   7.7663E-03 / 7.7035E-03   
5320   1.000E-05   7.7638E-03   8.2753E-03   7.7610E-03 / 7.7153E-03   
5330   1.000E-05   7.7563E-03   8.2488E-03   7.7541E-03 / 7.6979E-03   
5340   1.000E-05   7.7521E-03   8.3486E-03   7.7470E-03 / 7.7216E-03   
5350   1.000E-05   7.7451E-03   8.2338E-03   7.7422E-03 / 7.6718E-03   
5360   1.000E-05   7.7402E-03   8.2150E-03   7.7386E-03 / 7.6910E-03   
5370   1.000E-05   7.7340E-03   8.2620E-03   7.7323E-03 / 7.7081E-03   
5380   1.000E-05   7.7252E-03   8.2934E-03   7.7228E-03 / 7.6838E-03   
5390   1.000E-05   7.7200E-03   8.3437E-03   7.7168E-03 / 7.7198E-03   
5400   1.000E-05   7.7144E-03   8.2300E-03   7.7129E-03 / 7.6722E-03   
5410   1.000E-05   7.7084E-03   8.3012E-03   7.7059E-03 / 7.6676E-03   
5420   1.000E-05   7.7021E-03   8.2872E-03   7.6996E-03 / 7.6539E-03   
5430   1.000E-05   7.6984E-03   8.2749E-03   7.6971E-03 / 7.7070E-03   
5440   1.000E-05   7.6900E-03   8.3923E-03   7.6837E-03 / 7.6773E-03   
5450   1.000E-05   7.6832E-03   8.3285E-03   7.6807E-03 / 7.6410E-03   
5460   1.000E-05   7.6809E-03   8.2639E-03   7.6795E-03 / 7.6408E-03   
5470   1.000E-05   7.6731E-03   8.2786E-03   7.6718E-03 / 7.6525E-03   
5480   1.000E-05   7.6647E-03   8.3658E-03   7.6615E-03 / 7.6380E-03   
5490   1.000E-05   7.6642E-03   8.2469E-03   7.6630E-03 / 7.6019E-03   
5500   1.000E-05   7.6536E-03   8.3497E-03   7.6522E-03 / 7.6691E-03   
5510   1.000E-05   7.6478E-03   8.3680E-03   7.6440E-03 / 7.6212E-03   
5520   1.000E-05   7.6419E-03   8.2880E-03   7.6404E-03 / 7.6273E-03   
5530   1.000E-05   7.6379E-03   8.3333E-03   7.6364E-03 / 7.6488E-03   
5540   1.000E-05   7.6300E-03   8.4479E-03   7.6247E-03 / 7.6392E-03   
5550   1.000E-05   7.6238E-03   8.3568E-03   7.6219E-03 / 7.5823E-03   
5560   1.000E-05   7.6171E-03   8.3424E-03   7.6154E-03 / 7.6125E-03   
5570   1.000E-05   7.6117E-03   8.3695E-03   7.6097E-03 / 7.6024E-03   
5580   1.000E-05   7.6056E-03   8.3506E-03   7.6029E-03 / 7.5880E-03   
5590   1.000E-05   7.6012E-03   8.4430E-03   7.5993E-03 / 7.6159E-03   
5600   1.000E-05   7.5943E-03   8.4414E-03   7.5922E-03 / 7.6079E-03   
5610   1.000E-05   7.5910E-03   8.5779E-03   7.5829E-03 / 7.6128E-03   
5620   1.000E-05   7.5816E-03   8.4766E-03   7.5783E-03 / 7.5989E-03   
5630   1.000E-05   7.5778E-03   8.4009E-03   7.5764E-03 / 7.5799E-03   
5640   1.000E-05   7.5751E-03   8.2712E-03   7.5740E-03 / 7.5374E-03   
5650   1.000E-05   7.5659E-03   8.4580E-03   7.5612E-03 / 7.5426E-03   
5660   1.000E-05   7.5595E-03   8.4357E-03   7.5579E-03 / 7.5880E-03   
5670   1.000E-05   7.5545E-03   8.4851E-03   7.5529E-03 / 7.5613E-03   
5680   1.000E-05   7.5472E-03   8.5525E-03   7.5436E-03 / 7.5674E-03   
5690   1.000E-05   7.5429E-03   8.4701E-03   7.5413E-03 / 7.5639E-03   
5700   1.000E-05   7.5366E-03   8.5135E-03   7.5354E-03 / 7.5520E-03   
5710   1.000E-05   7.5315E-03   8.5022E-03   7.5292E-03 / 7.5270E-03   
5720   1.000E-05   7.5297E-03   8.5166E-03   7.5286E-03 / 7.6062E-03   
5730   1.000E-05   7.5203E-03   8.4986E-03   7.5185E-03 / 7.5657E-03   
5740   1.000E-05   7.5165E-03   8.4674E-03   7.5152E-03 / 7.5575E-03   
5750   1.000E-05   7.5106E-03   8.5292E-03   7.5087E-03 / 7.5613E-03   
5760   1.000E-05   7.5039E-03   8.7017E-03   7.4992E-03 / 7.5595E-03   
5770   1.000E-05   7.4986E-03   8.7358E-03   7.4952E-03 / 7.5659E-03   
5780   1.000E-05   7.4931E-03   8.6494E-03   7.4896E-03 / 7.5179E-03   
5790   1.000E-05   7.4868E-03   8.5788E-03   7.4843E-03 / 7.5114E-03   
5800   1.000E-05   7.4825E-03   8.6555E-03   7.4789E-03 / 7.5407E-03   
5810   1.000E-05   7.4772E-03   8.4979E-03   7.4762E-03 / 7.5308E-03   
5820   1.000E-05   7.4727E-03   8.6619E-03   7.4710E-03 / 7.5001E-03   
5830   1.000E-05   7.4640E-03   8.7334E-03   7.4609E-03 / 7.5232E-03   
5840   1.000E-05   7.4597E-03   8.6091E-03   7.4576E-03 / 7.5156E-03   
5850   1.000E-05   7.4558E-03   8.5982E-03   7.4543E-03 / 7.4840E-03   
5860   1.000E-05   7.4511E-03   8.6379E-03   7.4494E-03 / 7.4931E-03   
5870   1.000E-05   7.4440E-03   8.6779E-03   7.4425E-03 / 7.4865E-03   
5880   1.000E-05   7.4388E-03   8.6416E-03   7.4378E-03 / 7.5121E-03   
5890   1.000E-05   7.4320E-03   8.7032E-03   7.4301E-03 / 7.4971E-03   
5900   1.000E-05   7.4272E-03   8.6844E-03   7.4257E-03 / 7.4825E-03   
5910   1.000E-05   7.4227E-03   8.8546E-03   7.4185E-03 / 7.4758E-03   
5920   1.000E-05   7.4195E-03   8.8729E-03   7.4132E-03 / 7.5182E-03   
5930   1.000E-05   7.4117E-03   8.7837E-03   7.4101E-03 / 7.4940E-03   
5940   1.000E-05   7.4076E-03   8.7820E-03   7.4057E-03 / 7.4946E-03   
5950   1.000E-05   7.4027E-03   8.7553E-03   7.4016E-03 / 7.4877E-03   
5960   1.000E-05   7.3973E-03   8.5950E-03   7.3963E-03 / 7.4627E-03   
5970   1.000E-05   7.3913E-03   8.8031E-03   7.3892E-03 / 7.4810E-03   
5980   1.000E-05   7.3860E-03   8.6875E-03   7.3839E-03 / 7.4723E-03   
5990   1.000E-05   7.3799E-03   8.8974E-03   7.3776E-03 / 7.4633E-03   
6000   1.000E-05   7.3776E-03   8.6432E-03   7.3766E-03 / 7.4838E-03   
6010   1.000E-05   7.3699E-03   8.8416E-03   7.3673E-03 / 7.4662E-03   
6020   1.000E-05   7.3679E-03   9.0212E-03   7.3600E-03 / 7.4351E-03   
6030   1.000E-05   7.3608E-03   8.7331E-03   7.3586E-03 / 7.4436E-03   
6040   1.000E-05   7.3557E-03   8.8747E-03   7.3525E-03 / 7.4293E-03   
6050   1.000E-05   7.3518E-03   8.8563E-03   7.3496E-03 / 7.4305E-03   
6060   1.000E-05   7.3470E-03   8.9266E-03   7.3443E-03 / 7.4192E-03   
6070   1.000E-05   7.3401E-03   8.8479E-03   7.3379E-03 / 7.4223E-03   
6080   1.000E-05   7.3379E-03   8.8566E-03   7.3363E-03 / 7.4369E-03   
6090   1.000E-05   7.3317E-03   8.7790E-03   7.3303E-03 / 7.4382E-03   
6100   1.000E-05   7.3251E-03   8.8038E-03   7.3234E-03 / 7.4333E-03   
6110   1.000E-05   7.3212E-03   8.7942E-03   7.3192E-03 / 7.4395E-03   
6120   1.000E-05   7.3157E-03   8.8875E-03   7.3138E-03 / 7.4178E-03   
6130   1.000E-05   7.3108E-03   8.9196E-03   7.3087E-03 / 7.4235E-03   
6140   1.000E-05   7.3076E-03   8.7631E-03   7.3066E-03 / 7.3967E-03   
6150   1.000E-05   7.3039E-03   8.7321E-03   7.3027E-03 / 7.4132E-03   
6160   1.000E-05   7.2951E-03   8.8700E-03   7.2928E-03 / 7.3944E-03   
6170   1.000E-05   7.2917E-03   8.7442E-03   7.2906E-03 / 7.3829E-03   
6180   1.000E-05   7.2866E-03   8.8588E-03   7.2843E-03 / 7.3897E-03   
6190   1.000E-05   7.2825E-03   8.7970E-03   7.2806E-03 / 7.3744E-03   
6200   1.000E-05   7.2758E-03   8.8408E-03   7.2740E-03 / 7.3945E-03   
6210   1.000E-05   7.2728E-03   8.7187E-03   7.2713E-03 / 7.3605E-03   
6220   1.000E-05   7.2670E-03   8.8172E-03   7.2658E-03 / 7.3603E-03   
6230   1.000E-05   7.2635E-03   8.7435E-03   7.2625E-03 / 7.3512E-03   
6240   1.000E-05   7.2562E-03   8.8537E-03   7.2538E-03 / 7.3697E-03   
6250   1.000E-05   7.2531E-03   8.7578E-03   7.2517E-03 / 7.3954E-03   
6260   1.000E-05   7.2474E-03   8.8966E-03   7.2460E-03 / 7.3787E-03   
6270   1.000E-05   7.2440E-03   8.7975E-03   7.2427E-03 / 7.3586E-03   
6280   1.000E-05   7.2389E-03   8.7516E-03   7.2369E-03 / 7.3499E-03   
6290   1.000E-05   7.2342E-03   8.7977E-03   7.2331E-03 / 7.3544E-03   
6300   1.000E-05   7.2297E-03   8.7946E-03   7.2285E-03 / 7.3763E-03   
6310   1.000E-05   7.2234E-03   8.8564E-03   7.2219E-03 / 7.3686E-03   
6320   1.000E-05   7.2185E-03   8.8321E-03   7.2171E-03 / 7.3396E-03   
6330   1.000E-05   7.2145E-03   8.7438E-03   7.2128E-03 / 7.3298E-03   
6340   1.000E-05   7.2099E-03   8.8457E-03   7.2083E-03 / 7.3281E-03   
6350   1.000E-05   7.2066E-03   8.7538E-03   7.2043E-03 / 7.3711E-03   
6360   1.000E-05   7.2026E-03   8.9146E-03   7.2011E-03 / 7.3803E-03   
6370   1.000E-05   7.1978E-03   8.8914E-03   7.1926E-03 / 7.3444E-03   
6380   1.000E-05   7.1929E-03   8.6584E-03   7.1914E-03 / 7.3055E-03   
6390   1.000E-05   7.1869E-03   8.8664E-03   7.1838E-03 / 7.2936E-03   
6400   1.000E-05   7.1830E-03   8.8765E-03   7.1787E-03 / 7.3542E-03   
6410   1.000E-05   7.1785E-03   8.7312E-03   7.1769E-03 / 7.3091E-03   
6420   1.000E-05   7.1751E-03   8.9406E-03   7.1703E-03 / 7.2997E-03   
6430   1.000E-05   7.1709E-03   8.8492E-03   7.1685E-03 / 7.3542E-03   
6440   1.000E-05   7.1652E-03   8.8682E-03   7.1603E-03 / 7.3288E-03   
6450   1.000E-05   7.1602E-03   8.7714E-03   7.1580E-03 / 7.3022E-03   
6460   1.000E-05   7.1561E-03   8.7186E-03   7.1537E-03 / 7.3081E-03   
6470   1.000E-05   7.1509E-03   8.7217E-03   7.1485E-03 / 7.3089E-03   
6480   1.000E-05   7.1535E-03   8.8797E-03   7.1425E-03 / 7.3255E-03   
6490   1.000E-05   7.1454E-03   8.6920E-03   7.1434E-03 / 7.3414E-03   
6500   1.000E-05   7.1419E-03   8.5594E-03   7.1408E-03 / 7.3113E-03   
6510   1.000E-05   7.1339E-03   8.6611E-03   7.1317E-03 / 7.2715E-03   
6520   1.000E-05   7.1312E-03   8.6239E-03   7.1290E-03 / 7.2823E-03   
6530   1.000E-05   7.1268E-03   8.6445E-03   7.1247E-03 / 7.2717E-03   
6540   1.000E-05   7.1213E-03   8.5593E-03   7.1184E-03 / 7.2588E-03   
6550   1.000E-05   7.1206E-03   8.6701E-03   7.1185E-03 / 7.2807E-03   
6560   1.000E-05   7.1148E-03   8.6113E-03   7.1106E-03 / 7.2472E-03   
6570   1.000E-05   7.1104E-03   8.6957E-03   7.1079E-03 / 7.3076E-03   
6580   1.000E-05   7.1065E-03   8.6515E-03   7.1016E-03 / 7.2556E-03   
6590   1.000E-05   7.1007E-03   8.6134E-03   7.0976E-03 / 7.2691E-03   
6600   1.000E-05   7.0997E-03   8.5905E-03   7.0953E-03 / 7.2417E-03   
6610   1.000E-05   7.0928E-03   8.5704E-03   7.0898E-03 / 7.2353E-03   
6620   1.000E-05   7.0942E-03   8.4329E-03   7.0928E-03 / 7.2245E-03   
6630   1.000E-05   7.0861E-03   8.5148E-03   7.0833E-03 / 7.2177E-03   
6640   1.000E-05   7.0808E-03   8.4812E-03   7.0781E-03 / 7.2157E-03   
6650   1.000E-05   7.0781E-03   8.4620E-03   7.0765E-03 / 7.2231E-03   
6660   1.000E-05   7.0716E-03   8.5516E-03   7.0689E-03 / 7.2538E-03   
6670   1.000E-05   7.0727E-03   8.4872E-03   7.0667E-03 / 7.2639E-03   
6680   1.000E-05   7.0669E-03   8.5536E-03   7.0643E-03 / 7.2684E-03   
6690   1.000E-05   7.0628E-03   8.3727E-03   7.0605E-03 / 7.1887E-03   
6700   1.000E-05   7.0554E-03   8.4549E-03   7.0526E-03 / 7.2271E-03   
6710   1.000E-05   7.0549E-03   8.5507E-03   7.0525E-03 / 7.2626E-03   
6720   1.000E-05   7.0496E-03   8.4345E-03   7.0474E-03 / 7.1877E-03   
6730   1.000E-05   7.0437E-03   8.4380E-03   7.0414E-03 / 7.2413E-03   
6740   1.000E-05   7.0407E-03   8.5901E-03   7.0344E-03 / 7.2234E-03   
6750   1.000E-05   7.0373E-03   8.4329E-03   7.0350E-03 / 7.2112E-03   
6760   1.000E-05   7.0333E-03   8.3891E-03   7.0313E-03 / 7.2036E-03   
6770   1.000E-05   7.0295E-03   8.5050E-03   7.0246E-03 / 7.1952E-03   
6780   1.000E-05   7.0247E-03   8.3616E-03   7.0229E-03 / 7.2045E-03   
6790   1.000E-05   7.0212E-03   8.4926E-03   7.0181E-03 / 7.2186E-03   
6800   1.000E-05   7.0170E-03   8.3300E-03   7.0147E-03 / 7.1719E-03   
6810   1.000E-05   7.0143E-03   8.3705E-03   7.0093E-03 / 7.2034E-03   
6820   1.000E-05   7.0083E-03   8.5707E-03   7.0022E-03 / 7.2025E-03   
6830   1.000E-05   7.0052E-03   8.4899E-03   7.0023E-03 / 7.2133E-03   
6840   1.000E-05   7.0009E-03   8.4455E-03   6.9975E-03 / 7.1691E-03   
6850   1.000E-05   6.9992E-03   8.3675E-03   6.9971E-03 / 7.1847E-03   
6860   1.000E-05   6.9967E-03   8.3022E-03   6.9954E-03 / 7.1724E-03   
6870   1.000E-05   6.9901E-03   8.3802E-03   6.9876E-03 / 7.1679E-03   
6880   1.000E-05   6.9878E-03   8.4534E-03   6.9848E-03 / 7.2023E-03   
6890   1.000E-05   6.9814E-03   8.4647E-03   6.9765E-03 / 7.1790E-03   
6900   1.000E-05   6.9787E-03   8.2647E-03   6.9767E-03 / 7.1563E-03   
6910   1.000E-05   6.9777E-03   8.2883E-03   6.9763E-03 / 7.1996E-03   
6920   1.000E-05   6.9703E-03   8.3847E-03   6.9664E-03 / 7.1540E-03   
6930   1.000E-05   6.9640E-03   8.4443E-03   6.9610E-03 / 7.1605E-03   
6940   1.000E-05   6.9616E-03   8.4336E-03   6.9564E-03 / 7.1259E-03   
6950   1.000E-05   6.9599E-03   8.2901E-03   6.9579E-03 / 7.1661E-03   
6960   1.000E-05   6.9547E-03   8.4779E-03   6.9519E-03 / 7.1600E-03   
6970   1.000E-05   6.9506E-03   8.2778E-03   6.9487E-03 / 7.1402E-03   
6980   1.000E-05   6.9457E-03   8.4321E-03   6.9431E-03 / 7.1467E-03   
6990   1.000E-05   6.9427E-03   8.4091E-03   6.9397E-03 / 7.1346E-03   
7000   1.000E-05   6.9372E-03   8.3327E-03   6.9343E-03 / 7.1356E-03   
7010   1.000E-05   6.9336E-03   8.3119E-03   6.9311E-03 / 7.1345E-03   
7020   1.000E-05   6.9306E-03   8.3517E-03   6.9281E-03 / 7.1257E-03   
7030   1.000E-05   6.9306E-03   8.5110E-03   6.9225E-03 / 7.1267E-03   
7040   1.000E-05   6.9234E-03   8.4089E-03   6.9210E-03 / 7.1167E-03   
7050   1.000E-05   6.9187E-03   8.4082E-03   6.9154E-03 / 7.1474E-03   
7060   1.000E-05   6.9162E-03   8.5103E-03   6.9110E-03 / 7.0818E-03   
7070   1.000E-05   6.9125E-03   8.4471E-03   6.9099E-03 / 7.0953E-03   
7080   1.000E-05   6.9121E-03   8.6929E-03   6.9003E-03 / 7.1340E-03   
7090   1.000E-05   6.9042E-03   8.3874E-03   6.9012E-03 / 7.0814E-03   
7100   1.000E-05   6.8989E-03   8.4662E-03   6.8954E-03 / 7.0984E-03   
7110   1.000E-05   6.8989E-03   8.6375E-03   6.8912E-03 / 7.1475E-03   
7120   1.000E-05   6.8909E-03   8.4803E-03   6.8859E-03 / 7.0915E-03   
7130   1.000E-05   6.8889E-03   8.4778E-03   6.8855E-03 / 7.1175E-03   
7140   1.000E-05   6.8847E-03   8.4241E-03   6.8821E-03 / 7.1044E-03   
7150   1.000E-05   6.8819E-03   8.3352E-03   6.8799E-03 / 7.0803E-03   
7160   1.000E-05   6.8775E-03   8.6307E-03   6.8733E-03 / 7.1389E-03   
7170   1.000E-05   6.8741E-03   8.5217E-03   6.8702E-03 / 7.1157E-03   
7180   1.000E-05   6.8707E-03   8.4917E-03   6.8677E-03 / 7.0616E-03   
7190   1.000E-05   6.8663E-03   8.5672E-03   6.8636E-03 / 7.1225E-03   
7200   1.000E-05   6.8613E-03   8.5775E-03   6.8570E-03 / 7.0827E-03   
7210   1.000E-05   6.8578E-03   8.5126E-03   6.8546E-03 / 7.1128E-03   
7220   1.000E-05   6.8557E-03   8.4573E-03   6.8517E-03 / 7.0369E-03   
7230   1.000E-05   6.8513E-03   8.4134E-03   6.8487E-03 / 7.0618E-03   
7240   1.000E-05   6.8460E-03   8.4190E-03   6.8427E-03 / 7.0784E-03   
7250   1.000E-05   6.8425E-03   8.5526E-03   6.8393E-03 / 7.0531E-03   
7260   1.000E-05   6.8413E-03   8.4216E-03   6.8393E-03 / 7.0635E-03   
7270   1.000E-05   6.8375E-03   8.4978E-03   6.8350E-03 / 7.0788E-03   
7280   1.000E-05   6.8328E-03   8.6403E-03   6.8289E-03 / 7.0853E-03   
7290   1.000E-05   6.8279E-03   8.6421E-03   6.8238E-03 / 7.0609E-03   
7300   1.000E-05   6.8290E-03   8.6655E-03   6.8184E-03 / 7.0223E-03   
7310   1.000E-05   6.8212E-03   8.4136E-03   6.8184E-03 / 7.0447E-03   
7320   1.000E-05   6.8174E-03   8.6097E-03   6.8122E-03 / 7.0629E-03   
7330   1.000E-05   6.8141E-03   8.5586E-03   6.8120E-03 / 7.0540E-03   
7340   1.000E-05   6.8099E-03   8.5556E-03   6.8070E-03 / 7.0464E-03   
7350   1.000E-05   6.8076E-03   8.5668E-03   6.8044E-03 / 7.0105E-03   
7360   1.000E-05   6.8031E-03   8.5730E-03   6.7998E-03 / 7.0196E-03   
7370   1.000E-05   6.7994E-03   8.6464E-03   6.7952E-03 / 7.0615E-03   
7380   1.000E-05   6.7977E-03   8.5492E-03   6.7951E-03 / 7.0835E-03   
7390   1.000E-05   6.7922E-03   8.5761E-03   6.7876E-03 / 7.0481E-03   
7400   1.000E-05   6.7904E-03   8.6301E-03   6.7868E-03 / 7.0076E-03   
7410   1.000E-05   6.7843E-03   8.6658E-03   6.7798E-03 / 7.0300E-03   
7420   1.000E-05   6.7833E-03   8.7234E-03   6.7750E-03 / 7.0180E-03   
7430   1.000E-05   6.7784E-03   8.6012E-03   6.7750E-03 / 6.9977E-03   
7440   1.000E-05   6.7744E-03   8.6375E-03   6.7711E-03 / 7.0278E-03   
7450   1.000E-05   6.7728E-03   8.5449E-03   6.7697E-03 / 6.9810E-03   
7460   1.000E-05   6.7659E-03   8.7482E-03   6.7619E-03 / 7.0221E-03   
7470   1.000E-05   6.7661E-03   8.6189E-03   6.7639E-03 / 7.0215E-03   
7480   1.000E-05   6.7620E-03   8.6972E-03   6.7559E-03 / 6.9669E-03   
7490   1.000E-05   6.7579E-03   8.6619E-03   6.7547E-03 / 6.9854E-03   
7500   1.000E-05   6.7555E-03   8.6115E-03   6.7528E-03 / 7.0258E-03   
7510   1.000E-05   6.7485E-03   8.7031E-03   6.7447E-03 / 7.0017E-03   
7520   1.000E-05   6.7465E-03   8.5921E-03   6.7428E-03 / 6.9897E-03   
7530   1.000E-05   6.7437E-03   8.7368E-03   6.7407E-03 / 7.0070E-03   
7540   1.000E-05   6.7416E-03   8.7235E-03   6.7363E-03 / 6.9579E-03   
7550   1.000E-05   6.7360E-03   8.8357E-03   6.7313E-03 / 7.0273E-03   
7560   1.000E-05   6.7316E-03   8.7742E-03   6.7269E-03 / 6.9727E-03   
7570   1.000E-05   6.7292E-03   8.6933E-03   6.7262E-03 / 7.0086E-03   
7580   1.000E-05   6.7258E-03   8.7742E-03   6.7228E-03 / 6.9966E-03   
7590   1.000E-05   6.7217E-03   8.8415E-03   6.7171E-03 / 7.0120E-03   
7600   1.000E-05   6.7192E-03   8.7394E-03   6.7157E-03 / 6.9878E-03   
7610   1.000E-05   6.7152E-03   8.7840E-03   6.7121E-03 / 6.9983E-03   
7620   1.000E-05   6.7124E-03   8.6242E-03   6.7098E-03 / 6.9869E-03   
7630   1.000E-05   6.7103E-03   8.8542E-03   6.7068E-03 / 7.0074E-03   
7640   1.000E-05   6.7064E-03   8.9540E-03   6.6981E-03 / 6.9790E-03   
7650   1.000E-05   6.7022E-03   8.6752E-03   6.6995E-03 / 6.9415E-03   
7660   1.000E-05   6.6981E-03   8.8914E-03   6.6940E-03 / 6.9761E-03   
7670   1.000E-05   6.6934E-03   8.7984E-03   6.6894E-03 / 6.9567E-03   
7680   1.000E-05   6.6904E-03   8.8601E-03   6.6857E-03 / 6.9676E-03   
7690   1.000E-05   6.6881E-03   8.9158E-03   6.6815E-03 / 6.9586E-03   
7700   1.000E-05   6.6851E-03   8.8334E-03   6.6812E-03 / 6.9510E-03   
7710   1.000E-05   6.6804E-03   8.9405E-03   6.6758E-03 / 6.9674E-03   
7720   1.000E-05   6.6783E-03   8.8348E-03   6.6742E-03 / 6.9236E-03   
7730   1.000E-05   6.6797E-03   8.6856E-03   6.6777E-03 / 6.9138E-03   
7740   1.000E-05   6.6747E-03   8.9356E-03   6.6711E-03 / 7.0111E-03   
7750   1.000E-05   6.6691E-03   8.8669E-03   6.6649E-03 / 6.9620E-03   
7760   1.000E-05   6.6715E-03   8.9350E-03   6.6649E-03 / 6.9916E-03   
7770   1.000E-05   6.6632E-03   9.0358E-03   6.6555E-03 / 6.9268E-03   
7780   1.000E-05   6.6577E-03   8.8329E-03   6.6551E-03 / 6.9375E-03   
BEST MODEL
===============================================================================================================
5153   1.000E-05   7.8785E-03   8.1556E-03   7.8773E-03 / 7.7452E-03   
===============================================================================================================
Saved model to models/phll_only_1/kanTBNN-25Feb17_11:21:04.pickle
