Dataset: 73755, test: 14751, tv: 59004
Training points: 44253, validation points 14751
EPOCH    LR        TRAIN     VALID         MSE:T/V              RL:T/V         %NR_t/%NR_v
=============================================================================================
  1   1.000E-04   4.7279E-03   4.2637E-03   4.7279E-03 / 4.2637E-03   1.4070E-05 / 4.3715E-05   0.15% / 0.16%
 10   1.000E-04   1.9006E-03   1.5900E-03   1.9006E-03 / 1.5900E-03   3.1776E-05 / 2.6055E-05   3.56% / 3.24%
 20   1.000E-04   1.3541E-03   1.0967E-03   1.3541E-03 / 1.0967E-03   1.1501E-05 / 2.7507E-05   2.57% / 2.25%
 30   1.000E-04   1.1850E-03   9.5387E-04   1.1850E-03 / 9.5387E-04   1.3312E-05 / 4.0564E-05   1.33% / 1.15%
 40   1.000E-04   1.0505E-03   8.4998E-04   1.0505E-03 / 8.4998E-04   5.5088E-06 / 3.0334E-05   1.98% / 1.97%
 50   1.000E-04   9.5958E-04   7.7180E-04   9.5958E-04 / 7.7180E-04   3.2868E-06 / 2.3937E-05   0.30% / 0.38%
 60   1.000E-04   8.8903E-04   7.1160E-04   8.8903E-04 / 7.1160E-04   5.0474E-06 / 2.6972E-05   0.72% / 0.63%
 70   1.000E-04   8.3003E-04   6.6290E-04   8.3003E-04 / 6.6290E-04   3.6477E-06 / 2.4633E-05   0.92% / 0.89%
 80   1.000E-04   7.8676E-04   6.0887E-04   7.8676E-04 / 6.0887E-04   1.7364E-05 / 4.0725E-05   2.49% / 2.54%
 90   1.000E-04   7.5321E-04   5.8209E-04   7.5321E-04 / 5.8209E-04   4.3850E-06 / 2.6091E-05   1.32% / 1.13%
100   1.000E-04   7.3441E-04   5.7856E-04   7.3441E-04 / 5.7856E-04   3.5511E-05 / 5.3479E-05   2.00% / 1.90%
110   1.000E-04   6.9770E-04   5.3796E-04   6.9770E-04 / 5.3796E-04   3.3176E-06 / 2.5335E-05   0.73% / 0.61%
120   1.000E-04   6.7504E-04   5.2290E-04   6.7504E-04 / 5.2290E-04   2.4051E-06 / 2.5090E-05   0.89% / 0.66%
130   1.000E-04   6.6056E-04   5.2528E-04   6.6056E-04 / 5.2528E-04   2.0765E-06 / 2.5009E-05   0.95% / 0.88%
140   1.000E-04   6.3173E-04   4.7734E-04   6.3173E-04 / 4.7734E-04   7.5743E-06 / 3.0136E-05   0.75% / 0.73%
150   1.000E-04   6.2035E-04   4.7887E-04   6.2035E-04 / 4.7887E-04   2.0116E-05 / 4.1950E-05   1.46% / 1.29%
160   1.000E-04   6.0703E-04   4.9024E-04   6.0703E-04 / 4.9024E-04   1.2549E-06 / 2.3120E-05   0.39% / 0.21%
170   1.000E-04   5.6098E-04   4.3831E-04   5.6098E-04 / 4.3831E-04   3.2972E-06 / 2.6805E-05   1.64% / 1.72%
180   1.000E-04   5.7086E-04   4.6071E-04   5.7086E-04 / 4.6071E-04   2.9412E-06 / 2.4538E-05   2.18% / 2.05%
190   1.000E-04   5.3416E-04   4.2786E-04   5.3416E-04 / 4.2786E-04   1.4279E-06 / 2.3038E-05   0.24% / 0.35%
200   1.000E-04   5.0114E-04   3.9051E-04   5.0114E-04 / 3.9051E-04   2.9962E-06 / 2.4984E-05   0.82% / 0.81%
210   1.000E-04   4.8723E-04   3.8934E-04   4.8723E-04 / 3.8934E-04   3.9606E-06 / 2.5192E-05   1.13% / 0.99%
220   1.000E-04   4.7129E-04   3.8652E-04   4.7129E-04 / 3.8652E-04   3.7509E-06 / 2.5110E-05   0.99% / 1.00%
230   1.000E-04   4.6390E-04   3.8793E-04   4.6390E-04 / 3.8793E-04   3.5566E-06 / 2.5363E-05   0.62% / 0.65%
240   1.000E-04   4.5009E-04   3.8032E-04   4.5009E-04 / 3.8032E-04   1.3461E-06 / 2.2054E-05   0.46% / 0.39%
250   1.000E-04   4.3780E-04   3.5547E-04   4.3780E-04 / 3.5547E-04   1.3850E-06 / 2.2623E-05   0.24% / 0.27%
260   1.000E-04   4.2558E-04   3.4258E-04   4.2558E-04 / 3.4258E-04   9.5174E-07 / 2.1650E-05   0.27% / 0.18%
270   1.000E-04   4.0836E-04   3.5235E-04   4.0836E-04 / 3.5235E-04   3.1248E-06 / 2.3861E-05   1.07% / 0.83%
280   1.000E-04   4.1777E-04   3.5654E-04   4.1777E-04 / 3.5654E-04   2.7073E-06 / 2.3873E-05   0.60% / 0.53%
290   1.000E-04   3.8504E-04   3.3741E-04   3.8504E-04 / 3.3741E-04   8.1466E-06 / 3.0590E-05   1.46% / 1.32%
300   1.000E-04   3.8448E-04   3.5010E-04   3.8448E-04 / 3.5010E-04   2.8237E-05 / 5.3260E-05   1.87% / 1.94%
310   1.000E-04   3.7742E-04   3.2281E-04   3.7742E-04 / 3.2281E-04   9.8266E-07 / 2.2005E-05   0.47% / 0.37%
320   1.000E-04   3.5361E-04   3.3033E-04   3.5361E-04 / 3.3033E-04   6.4550E-06 / 2.9144E-05   1.35% / 1.04%
330   1.000E-04   3.5388E-04   3.2381E-04   3.5388E-04 / 3.2381E-04   1.4700E-05 / 3.8203E-05   0.88% / 0.85%
340   1.000E-04   3.4349E-04   3.3200E-04   3.4349E-04 / 3.3200E-04   6.7310E-06 / 2.9172E-05   0.84% / 0.73%
350   1.000E-04   3.4815E-04   3.3118E-04   3.4815E-04 / 3.3118E-04   2.6777E-05 / 5.2666E-05   1.55% / 1.58%
360   1.000E-04   3.3051E-04   3.0690E-04   3.3051E-04 / 3.0690E-04   2.1735E-05 / 4.6127E-05   1.40% / 1.42%
370   1.000E-04   3.2564E-04   3.0822E-04   3.2564E-04 / 3.0822E-04   1.7230E-05 / 4.2500E-05   1.40% / 1.44%
380   1.000E-04   3.1603E-04   3.1386E-04   3.1603E-04 / 3.1386E-04   8.8093E-06 / 3.1024E-05   1.31% / 0.85%
390   1.000E-04   3.2621E-04   3.2620E-04   3.2621E-04 / 3.2620E-04   1.9220E-05 / 4.4519E-05   1.00% / 0.95%
400   1.000E-04   3.0988E-04   3.0167E-04   3.0988E-04 / 3.0167E-04   1.7865E-05 / 4.1879E-05   1.53% / 1.40%
410   1.000E-04   2.9845E-04   2.8563E-04   2.9845E-04 / 2.8563E-04   6.1192E-06 / 2.8064E-05   0.62% / 0.69%
420   1.000E-04   3.1053E-04   3.0361E-04   3.1053E-04 / 3.0361E-04   6.9088E-06 / 2.9262E-05   0.85% / 0.77%
430   1.000E-04   2.8449E-04   2.8907E-04   2.8449E-04 / 2.8907E-04   4.7223E-06 / 2.6851E-05   0.52% / 0.69%
440   1.000E-04   2.7483E-04   2.7328E-04   2.7483E-04 / 2.7328E-04   1.7200E-05 / 4.0657E-05   1.24% / 0.96%
450   1.000E-04   2.8318E-04   2.8999E-04   2.8318E-04 / 2.8999E-04   1.6370E-05 / 4.0959E-05   0.94% / 1.02%
460   1.000E-04   2.6558E-04   2.8492E-04   2.6558E-04 / 2.8492E-04   7.7535E-07 / 2.1763E-05   0.25% / 0.26%
470   1.000E-04   2.6458E-04   2.7587E-04   2.6458E-04 / 2.7587E-04   1.2237E-04 / 1.6830E-04   2.42% / 2.59%
480   1.000E-04   2.7935E-04   2.8565E-04   2.7935E-04 / 2.8565E-04   4.8726E-07 / 2.1247E-05   0.12% / 0.12%
490   1.000E-04   2.5109E-04   2.6394E-04   2.5109E-04 / 2.6394E-04   2.4715E-06 / 2.3820E-05   0.61% / 0.62%
500   1.000E-04   2.5133E-04   2.7174E-04   2.5133E-04 / 2.7174E-04   2.4278E-05 / 5.0215E-05   1.25% / 1.34%
510   1.000E-04   2.4262E-04   2.7536E-04   2.4262E-04 / 2.7536E-04   2.0771E-05 / 4.6507E-05   1.39% / 1.33%
520   1.000E-04   2.5926E-04   3.1104E-04   2.5926E-04 / 3.1104E-04   1.2410E-05 / 3.5901E-05   1.15% / 1.03%
530   1.000E-04   2.3048E-04   2.5767E-04   2.3048E-04 / 2.5767E-04   3.1431E-05 / 6.0715E-05   1.27% / 1.35%
540   1.000E-04   2.3781E-04   2.8468E-04   2.3781E-04 / 2.8468E-04   9.2433E-07 / 2.2220E-05   0.79% / 0.33%
550   1.000E-04   2.2911E-04   2.6738E-04   2.2911E-04 / 2.6738E-04   1.3289E-05 / 3.6578E-05   0.91% / 0.83%
560   1.000E-04   2.3589E-04   2.9795E-04   2.3589E-04 / 2.9795E-04   2.2904E-05 / 4.9732E-05   1.81% / 1.48%
570   1.000E-04   2.5505E-04   3.1427E-04   2.5505E-04 / 3.1427E-04   1.7920E-06 / 2.4101E-05   1.10% / 1.21%
580   1.000E-04   2.1309E-04   2.5724E-04   2.1309E-04 / 2.5724E-04   5.0557E-06 / 2.7077E-05   0.76% / 0.80%
590   1.000E-04   2.1610E-04   2.7453E-04   2.1610E-04 / 2.7453E-04   1.1612E-06 / 2.2972E-05   0.54% / 0.48%
600   1.000E-04   2.2551E-04   2.8655E-04   2.2551E-04 / 2.8655E-04   1.8220E-06 / 2.3533E-05   1.31% / 1.04%
610   1.000E-04   2.3192E-04   2.7685E-04   2.3192E-04 / 2.7685E-04   4.0366E-07 / 2.1531E-05   0.48% / 0.35%
620   1.000E-04   2.0797E-04   2.5263E-04   2.0797E-04 / 2.5263E-04   3.2551E-05 / 6.1411E-05   1.00% / 1.17%
630   1.000E-04   1.9922E-04   2.4743E-04   1.9922E-04 / 2.4743E-04   2.9271E-06 / 2.4734E-05   0.59% / 0.63%
640   1.000E-04   2.0173E-04   2.6509E-04   2.0173E-04 / 2.6509E-04   8.7300E-05 / 1.2823E-04   1.90% / 1.93%
650   1.000E-04   2.0149E-04   2.6609E-04   2.0149E-04 / 2.6609E-04   4.6140E-07 / 2.2492E-05   0.96% / 0.68%
651   1.000E-04   2.0569E-04   2.7833E-04   2.0569E-04 / 2.7833E-04   8.0276E-06 / 3.2533E-05   1.71% / 1.67%
Training losses: 0.00022380409063771367
Validation losses: 0.00022380409063771367
Test losses: 0.00021988710795994848
[dataFoam] Writing aperp to file /home/ryley/WDK/ML/scratch/injection/case_1p2_testing_models/0/aperp
