========== Dataset info ==========
Dataset params: {'file': '/home/nikhila/WDC/kan/dataset/turbulence_dataset_clean.csv', 'Cases': ['squareDuctAve_Re_1100', 'squareDuctAve_Re_1150', 'squareDuctAve_Re_1250', 'squareDuctAve_Re_1300', 'squareDuctAve_Re_1350', 'squareDuctAve_Re_1400', 'squareDuctAve_Re_1500', 'squareDuctAve_Re_1600', 'squareDuctAve_Re_1800', 'squareDuctAve_Re_2000', 'squareDuctAve_Re_2205', 'squareDuctAve_Re_2400', 'squareDuctAve_Re_2600', 'squareDuctAve_Re_2900', 'squareDuctAve_Re_3200', 'squareDuctAve_Re_3500'], 'val_set': ['squareDuctAve_Re_1300', 'squareDuctAve_Re_1800', 'squareDuctAve_Re_3200'], 'test_set': ['squareDuctAve_Re_2000'], 'data_loader': <class 'tbnn.dataloaders.aDataset'>}
Train/Valid/Test points: 110592 / 27648 / 9216
Memorization?: False
Cluster training?: False
EPOCH     LR        TRAIN         VALID             MSE:T/V                  RL:T/V             %NR_t/%NR_v
===============================================================================================================
  1   2.000E-03   1.7912E-03   1.7820E-03   1.7841E-03 / 1.7659E-03   
 10   2.000E-03   7.0871E-04   7.1786E-04   7.0460E-04 / 7.1367E-04   
 20   2.000E-03   5.2130E-04   6.4746E-04   5.1870E-04 / 6.3467E-04   
 30   2.000E-03   5.4480E-04   6.1162E-04   5.4363E-04 / 6.0748E-04   
 40   2.000E-03   5.7703E-04   6.3732E-04   5.7461E-04 / 6.3093E-04   
 50   2.000E-03   5.2377E-04   6.3423E-04   5.2215E-04 / 5.9802E-04   
 60   2.000E-03   6.1374E-04   6.7462E-04   6.1148E-04 / 6.7122E-04   
 70   2.000E-03   8.7880E-03   9.2225E-03   8.6513E-03 / 8.8257E-03   
 80   2.000E-03   1.8334E-03   1.9520E-03   1.8324E-03 / 1.9518E-03   
 90   2.000E-03   1.2459E-03   1.3469E-03   1.2379E-03 / 1.3356E-03   
100   2.000E-03   9.1486E-04   1.0084E-03   9.0876E-04 / 9.5288E-04   
110   2.000E-03   7.5614E-04   7.0004E-04   7.5143E-04 / 6.9418E-04   
120   2.000E-03   6.6588E-04   7.9452E-04   6.6483E-04 / 7.9352E-04   
130   2.000E-03   2.2121E-03   2.2447E-03   2.2063E-03 / 2.2376E-03   
140   2.000E-03   8.8680E-04   8.8586E-04   8.8496E-04 / 8.7058E-04   
150   2.000E-03   6.7970E-04   6.9264E-04   6.7551E-04 / 6.9022E-04   
160   2.000E-03   7.5347E-04   7.8110E-04   7.5204E-04 / 7.7742E-04   
170   2.000E-03   7.3293E-04   6.8814E-04   7.2573E-04 / 6.7887E-04   
180   2.000E-03   6.4847E-03   6.8898E-03   6.4715E-03 / 6.8547E-03   
190   2.000E-03   2.1841E-03   2.5243E-03   2.1744E-03 / 2.4512E-03   
200   2.000E-03   5.6910E-01   2.7194E-01   2.8194E-01 / 2.7194E-01   
210   2.000E-03   2.8043E-01   2.7147E-01   2.8043E-01 / 2.7147E-01   
220   2.000E-03   2.7663E-01   2.6855E-01   2.7649E-01 / 2.6810E-01   
230   2.000E-03   2.2462E-01   2.1572E-01   2.2453E-01 / 2.1538E-01   
240   2.000E-03   1.0529E-02   9.6089E-03   1.0487E-02 / 9.5720E-03   
250   2.000E-03   1.7222E-02   1.6072E-02   1.7164E-02 / 1.6069E-02   
260   2.000E-03   1.0469E-02   9.3915E-03   1.0444E-02 / 9.2541E-03   
270   2.000E-03   2.9888E-02   2.7262E-02   2.8168E-02 / 2.6295E-02   
280   2.000E-03   3.8766E-03   3.8652E-03   3.8720E-03 / 3.8626E-03   
290   2.000E-03   3.5889E-03   3.5272E-03   3.5706E-03 / 3.5188E-03   
300   2.000E-03   3.6132E-03   3.6066E-03   3.6114E-03 / 3.6047E-03   
BEST MODEL
===============================================================================================================
 39   2.000E-03   5.8972E-04   6.0632E-04   5.8834E-04 / 5.9920E-04   
===============================================================================================================
Saved model to /home/nikhila/WDC/kan/kanTBNN/models/multi_run/duct_experiment_5/kanTBNN-25Jan22_11:22:25.pickle
