========== Dataset info ==========
Dataset params: {'file': '/home/ryley/WDK/ML/dataset/turbulence_dataset_clean_split.csv', 'Cases': ['fp_1000', 'fp_1410', 'fp_2000', 'fp_2540', 'fp_3030', 'fp_3270', 'fp_3630', 'fp_3970', 'fp_4060'], 'val_set': ['fp_3030', 'fp_1410', 'fp_4060'], 'test_set': ['fp_3630'], 'cluster': 1, 'data_loader': <class 'tbnn.dataloaders.aDataset'>}
Train/Valid/Test points: 200 / 121 / 41
Memorization?: False
Cluster training?: True
Cluster: 1
EPOCH     LR        TRAIN         VALID             MSE:T/V                  RL:T/V             %NR_t/%NR_v
===============================================================================================================
  1   2.000E-03   1.8925E-02   1.8532E-02   1.8925E-02 / 1.8532E-02   0.0000E+00 / 0.0000E+00   0.00% / 0.00%
===============================================================================================================
Saved model to models/fp_only_cluster1/model_TBNNiii_5x20.pickle
===================================
=======FLAT PLATE EVALUATION=======
===================================
========== Dataset info ==========
Dataset params: {'file': '/home/ryley/WDK/ML/dataset/turbulence_dataset_clean_split.csv', 'Cases': ['fp_1000', 'fp_1410', 'fp_2000', 'fp_2540', 'fp_3030', 'fp_3270', 'fp_3630', 'fp_3970', 'fp_4060'], 'val_set': ['fp_3030', 'fp_1410', 'fp_4060'], 'test_set': ['fp_3630'], 'cluster': 1, 'data_loader': <class 'tbnn.dataloaders.aDataset'>}
Train/Valid/Test points: 200 / 121 / 41
Memorization?: False
Cluster training?: True
Cluster: 1
Final model performance:
======= Training =======
aLoss:   1.8783E-02
mse_b:   5.4827E-02
realzLoss: 0.0000E+00
%unrealiz: 0.0000%
mse_a (khat):   1.8783E-02
======= Validation =======
aLoss:   1.8392E-02
mse_b:   5.4469E-02
realzLoss: 0.0000E+00
%unrealiz: 0.0000%
mse_a (khat):   1.8392E-02
======= Testing =======
aLoss:   3.5697E-02
mse_b:   3.0761E-02
realzLoss: 0.0000E+00
%unrealiz: 0.0000%
mse_a (khat):   3.5697E-02
