========== Dataset info ==========
Dataset params: {'file': '/home/nikhila/WDC/kan/dataset/turbulence_dataset_clean.csv', 'Cases': ['squareDuctAve_Re_1100', 'squareDuctAve_Re_1150', 'squareDuctAve_Re_1250', 'squareDuctAve_Re_1300', 'squareDuctAve_Re_1350', 'squareDuctAve_Re_1400', 'squareDuctAve_Re_1500', 'squareDuctAve_Re_1600', 'squareDuctAve_Re_1800', 'squareDuctAve_Re_2000', 'squareDuctAve_Re_2205', 'squareDuctAve_Re_2400', 'squareDuctAve_Re_2600', 'squareDuctAve_Re_2900', 'squareDuctAve_Re_3200', 'squareDuctAve_Re_3500'], 'val_set': ['squareDuctAve_Re_1300', 'squareDuctAve_Re_1800', 'squareDuctAve_Re_3200'], 'test_set': ['squareDuctAve_Re_2000'], 'data_loader': <class 'tbnn.dataloaders.aDataset'>}
Train/Valid/Test points: 110592 / 27648 / 9216
Memorization?: False
Cluster training?: False
EPOCH     LR        TRAIN         VALID             MSE:T/V                  RL:T/V             %NR_t/%NR_v
===============================================================================================================
  1   1.029E-04   5.5066E-02   5.1325E-02   5.4765E-02 / 5.1050E-02   
 10   1.029E-04   1.5243E-03   1.4657E-03   1.5238E-03 / 1.4530E-03   
 20   1.029E-04   9.1115E-04   9.5384E-04   9.1074E-04 / 9.4811E-04   
 30   1.029E-04   7.1480E-04   7.6456E-04   7.1390E-04 / 7.5865E-04   
 40   1.029E-04   6.0199E-04   6.5073E-04   6.0049E-04 / 6.4602E-04   
 50   1.029E-04   5.3697E-04   6.2398E-04   5.2945E-04 / 6.0207E-04   
 60   1.029E-04   5.0296E-04   6.0385E-04   5.0264E-04 / 5.9226E-04   
 70   1.029E-04   4.8025E-04   5.7923E-04   4.7990E-04 / 5.6655E-04   
 80   1.029E-04   4.6063E-04   5.8175E-04   4.5965E-04 / 5.6363E-04   
 90   1.029E-04   4.5562E-04   5.9298E-04   4.5500E-04 / 5.6811E-04   
100   1.029E-04   4.5088E-04   6.1684E-04   4.4945E-04 / 5.8595E-04   
110   1.029E-04   4.3568E-04   5.3638E-04   4.3531E-04 / 5.2182E-04   
120   1.029E-04   4.2763E-04   5.6022E-04   4.2739E-04 / 5.5133E-04   
130   1.029E-04   4.2135E-04   5.6548E-04   4.2110E-04 / 5.5207E-04   
140   1.029E-04   4.2326E-04   5.9877E-04   4.2188E-04 / 5.6262E-04   
150   1.029E-04   4.0895E-04   5.5429E-04   4.0784E-04 / 5.1715E-04   
160   1.029E-04   4.1224E-04   5.6219E-04   4.0900E-04 / 5.1228E-04   
170   1.029E-04   4.0531E-04   5.7644E-04   4.0427E-04 / 5.1460E-04   
180   1.029E-04   4.0557E-04   5.3222E-04   4.0509E-04 / 5.0874E-04   
190   1.029E-04   3.9797E-04   5.5355E-04   3.9724E-04 / 5.1485E-04   
200   1.029E-04   3.9871E-04   5.5845E-04   3.9777E-04 / 5.0725E-04   
210   1.029E-04   3.9907E-04   5.6888E-04   3.9661E-04 / 5.2073E-04   
220   1.029E-04   3.9262E-04   5.6552E-04   3.9217E-04 / 5.1807E-04   
230   1.029E-04   3.9150E-04   5.4395E-04   3.9096E-04 / 5.2004E-04   
240   1.029E-04   3.8687E-04   5.5447E-04   3.8645E-04 / 5.1298E-04   
250   1.029E-04   3.8475E-04   5.6041E-04   3.8430E-04 / 5.1902E-04   
260   1.029E-04   3.8611E-04   5.3249E-04   3.8586E-04 / 5.1177E-04   
270   1.029E-04   3.8595E-04   5.3462E-04   3.8552E-04 / 5.0494E-04   
280   1.029E-04   3.8972E-04   5.4340E-04   3.8915E-04 / 5.2377E-04   
290   1.029E-04   3.8014E-04   5.3629E-04   3.7971E-04 / 4.9250E-04   
300   1.029E-04   3.8185E-04   5.7043E-04   3.8112E-04 / 5.0964E-04   
310   1.029E-04   3.8194E-04   6.0042E-04   3.8066E-04 / 4.9809E-04   
320   1.029E-04   3.7719E-04   5.2954E-04   3.7675E-04 / 5.1033E-04   
330   1.029E-04   3.9442E-04   6.5064E-04   3.9183E-04 / 5.2288E-04   
340   1.029E-04   3.8185E-04   5.7307E-04   3.8111E-04 / 5.2956E-04   
350   1.029E-04   3.8884E-04   5.4611E-04   3.8819E-04 / 5.0550E-04   
360   1.029E-04   3.7624E-04   5.5152E-04   3.7504E-04 / 5.0185E-04   
370   1.029E-04   3.7834E-04   5.6960E-04   3.7769E-04 / 5.0338E-04   
380   1.029E-04   3.9423E-04   5.3297E-04   3.9309E-04 / 5.0107E-04   
390   1.029E-04   3.7358E-04   5.5371E-04   3.7196E-04 / 5.0289E-04   
400   1.029E-04   3.8222E-04   5.3251E-04   3.8166E-04 / 4.9927E-04   
410   1.029E-04   3.7606E-04   5.6355E-04   3.7546E-04 / 5.0933E-04   
420   1.029E-04   3.8189E-04   5.1713E-04   3.8111E-04 / 4.9466E-04   
430   1.029E-04   3.7180E-04   5.2949E-04   3.7150E-04 / 5.0081E-04   
440   1.029E-04   3.6602E-04   5.3541E-04   3.6538E-04 / 4.8759E-04   
450   1.029E-04   3.6647E-04   5.3650E-04   3.6595E-04 / 4.8821E-04   
460   1.029E-04   3.7272E-04   5.4524E-04   3.7225E-04 / 5.0509E-04   
470   1.029E-04   3.6518E-04   5.3020E-04   3.6472E-04 / 4.8987E-04   
480   1.029E-04   3.6918E-04   5.5888E-04   3.6813E-04 / 4.9371E-04   
490   1.029E-04   3.7595E-04   5.2885E-04   3.7537E-04 / 4.9263E-04   
500   1.029E-04   3.8371E-04   5.3042E-04   3.8296E-04 / 4.8651E-04   
===============================================================================================================
Saved model to /home/nikhila/WDC/kan/kanTBNN/models/multi_run/kan_experiment_12_opt/kanTBNN-25Jan23_19:40:51.pickle
