========== Dataset info ==========
Dataset params: {'file': '/home/nikki/kan/data/turbulence_dataset_clean.csv', 'Cases': ['fp_1000', 'fp_1410', 'fp_2000', 'fp_2540', 'fp_3030', 'fp_3270', 'fp_3630', 'fp_3970', 'fp_4060'], 'val_set': ['fp_3030', 'fp_1410', 'fp_4060'], 'test_set': ['fp_3630'], 'data_loader': <class 'tbnn.dataloaders.aDataset'>}
Train/Valid/Test points: 760 / 468 / 168
Memorization?: False
Cluster training?: False
EPOCH     LR        TRAIN         VALID             MSE:T/V                  RL:T/V             %NR_t/%NR_v
===============================================================================================================
  1   3.948E-03   2.1655E-01   2.1293E-01   2.1229E-01 / 2.0860E-01   
 10   3.948E-03   1.2063E-02   1.1471E-02   1.2063E-02 / 1.1471E-02   
 20   3.948E-03   3.4244E-03   3.2544E-03   3.4244E-03 / 3.2544E-03   
 30   3.948E-03   2.4014E-03   2.2929E-03   2.3919E-03 / 2.2839E-03   
 40   3.948E-03   1.9009E-03   1.8336E-03   1.8959E-03 / 1.8288E-03   
 50   3.948E-03   1.5729E-03   1.5142E-03   1.5679E-03 / 1.5095E-03   
 60   3.948E-03   1.3604E-03   1.3168E-03   1.3569E-03 / 1.3134E-03   
 70   3.948E-03   1.2038E-03   1.1760E-03   1.2006E-03 / 1.1730E-03   
 80   3.948E-03   1.0678E-03   1.0430E-03   1.0647E-03 / 1.0399E-03   
 90   3.948E-03   9.5286E-04   9.3277E-04   9.5060E-04 / 9.3045E-04   
100   3.948E-03   8.7521E-04   8.5315E-04   8.7319E-04 / 8.5102E-04   
110   3.948E-03   7.9735E-04   7.8779E-04   7.9607E-04 / 7.8662E-04   
120   3.948E-03   7.3063E-04   7.2230E-04   7.3002E-04 / 7.2174E-04   
130   3.948E-03   6.7130E-04   6.6638E-04   6.7074E-04 / 6.6581E-04   
140   3.948E-03   6.1989E-04   6.1453E-04   6.1964E-04 / 6.1431E-04   
150   3.948E-03   5.6981E-04   5.6557E-04   5.6962E-04 / 5.6546E-04   
160   3.948E-03   5.3087E-04   5.3339E-04   5.3071E-04 / 5.3325E-04   
170   3.948E-03   4.8934E-04   4.8477E-04   4.8914E-04 / 4.8461E-04   
180   3.948E-03   4.5481E-04   4.5318E-04   4.5461E-04 / 4.5302E-04   
190   3.948E-03   4.2721E-04   4.2375E-04   4.2703E-04 / 4.2360E-04   
200   3.948E-03   4.0297E-04   4.0734E-04   4.0282E-04 / 4.0722E-04   
210   3.948E-03   3.8177E-04   3.8370E-04   3.8146E-04 / 3.8345E-04   
220   3.948E-03   3.6378E-04   3.5920E-04   3.6354E-04 / 3.5897E-04   
230   3.948E-03   3.4996E-04   3.4542E-04   3.4976E-04 / 3.4522E-04   
240   3.948E-03   3.3226E-04   3.3896E-04   3.3212E-04 / 3.3883E-04   
250   3.948E-03   3.1249E-04   3.1274E-04   3.1230E-04 / 3.1258E-04   
260   3.948E-03   2.9861E-04   2.9691E-04   2.9850E-04 / 2.9681E-04   
270   3.948E-03   2.8730E-04   2.9294E-04   2.8723E-04 / 2.9288E-04   
280   3.948E-03   2.7615E-04   2.7547E-04   2.7609E-04 / 2.7542E-04   
290   3.948E-03   2.6377E-04   2.6905E-04   2.6371E-04 / 2.6902E-04   
300   3.948E-03   2.5105E-04   2.5028E-04   2.5102E-04 / 2.5025E-04   
310   3.948E-03   2.4198E-04   2.5008E-04   2.4191E-04 / 2.4994E-04   
320   3.948E-03   2.3338E-04   2.3579E-04   2.3336E-04 / 2.3573E-04   
330   3.948E-03   2.2244E-04   2.2621E-04   2.2240E-04 / 2.2613E-04   
340   3.948E-03   2.1489E-04   2.2259E-04   2.1481E-04 / 2.2252E-04   
350   3.948E-03   2.1043E-04   2.0954E-04   2.1039E-04 / 2.0953E-04   
360   3.948E-03   2.0484E-04   2.1365E-04   2.0476E-04 / 2.1360E-04   
370   3.948E-03   1.9451E-04   1.9986E-04   1.9445E-04 / 1.9980E-04   
380   3.948E-03   1.8911E-04   1.9390E-04   1.8891E-04 / 1.9380E-04   
390   3.948E-03   1.8493E-04   1.8497E-04   1.8485E-04 / 1.8487E-04   
400   3.948E-03   1.7908E-04   1.8874E-04   1.7873E-04 / 1.8838E-04   
410   3.948E-03   1.7776E-04   1.7622E-04   1.7769E-04 / 1.7618E-04   
420   3.948E-03   1.7432E-04   1.7373E-04   1.7393E-04 / 1.7341E-04   
430   3.948E-03   1.6728E-04   1.6460E-04   1.6721E-04 / 1.6458E-04   
440   3.948E-03   1.5757E-04   1.6338E-04   1.5696E-04 / 1.6290E-04   
450   3.948E-03   1.5742E-04   1.5765E-04   1.5675E-04 / 1.5707E-04   
460   3.948E-03   1.5133E-04   1.5768E-04   1.5080E-04 / 1.5723E-04   
470   3.948E-03   1.4611E-04   1.5170E-04   1.4562E-04 / 1.5121E-04   
480   3.948E-03   1.4506E-04   1.5119E-04   1.4470E-04 / 1.5079E-04   
490   3.948E-03   1.5227E-04   1.6519E-04   1.5211E-04 / 1.6506E-04   
500   3.948E-03   1.3745E-04   1.4314E-04   1.3727E-04 / 1.4299E-04   
510   3.948E-03   1.3117E-04   1.3742E-04   1.3088E-04 / 1.3730E-04   
520   3.948E-03   1.3000E-04   1.3233E-04   1.2965E-04 / 1.3223E-04   
530   3.948E-03   1.3804E-04   1.3800E-04   1.3536E-04 / 1.3659E-04   
540   3.948E-03   1.2724E-04   1.3221E-04   1.2686E-04 / 1.3184E-04   
550   3.948E-03   1.1967E-04   1.2460E-04   1.1940E-04 / 1.2438E-04   
560   3.948E-03   1.2387E-04   1.2742E-04   1.2206E-04 / 1.2592E-04   
570   3.948E-03   1.1510E-04   1.2248E-04   1.1422E-04 / 1.2167E-04   
580   3.948E-03   1.1528E-04   1.2080E-04   1.1461E-04 / 1.2022E-04   
590   3.948E-03   1.1740E-04   1.2747E-04   1.1580E-04 / 1.2601E-04   
600   3.948E-03   1.1654E-04   1.2570E-04   1.1612E-04 / 1.2547E-04   
610   3.948E-03   1.0936E-04   1.1543E-04   1.0900E-04 / 1.1515E-04   
620   3.948E-03   1.0799E-04   1.1402E-04   1.0713E-04 / 1.1332E-04   
630   3.948E-03   1.0805E-04   1.1262E-04   1.0727E-04 / 1.1226E-04   
640   3.948E-03   1.1286E-04   1.1918E-04   1.1276E-04 / 1.1909E-04   
650   3.948E-03   9.8933E-05   1.0557E-04   9.8582E-05 / 1.0528E-04   
660   3.948E-03   9.9499E-05   1.0634E-04   9.9389E-05 / 1.0622E-04   
670   3.948E-03   1.1280E-04   1.1955E-04   1.1240E-04 / 1.1913E-04   
680   3.948E-03   9.3810E-05   9.9198E-05   9.3379E-05 / 9.8750E-05   
690   3.948E-03   1.1532E-04   1.2539E-04   1.1525E-04 / 1.2533E-04   
700   3.948E-03   9.2701E-05   9.9432E-05   9.2619E-05 / 9.9396E-05   
710   3.948E-03   8.9243E-05   9.5872E-05   8.9018E-05 / 9.5666E-05   
720   3.948E-03   8.7029E-05   9.3121E-05   8.6772E-05 / 9.2875E-05   
730   3.948E-03   8.9510E-05   1.0036E-04   8.8641E-05 / 9.9521E-05   
740   3.948E-03   8.9711E-05   9.4579E-05   8.8309E-05 / 9.3222E-05   
750   3.948E-03   9.1112E-05   9.9860E-05   9.0365E-05 / 9.9137E-05   
760   3.948E-03   8.3754E-05   9.0361E-05   8.2633E-05 / 8.9726E-05   
770   3.948E-03   1.2499E-04   1.2731E-04   1.1455E-04 / 1.1946E-04   
780   3.948E-03   8.2604E-05   8.8415E-05   8.2573E-05 / 8.8400E-05   
790   3.948E-03   8.0242E-05   8.4989E-05   8.0071E-05 / 8.4976E-05   
800   3.948E-03   7.9282E-05   8.7457E-05   7.6824E-05 / 8.5006E-05   
810   3.948E-03   7.6505E-05   8.3804E-05   7.5166E-05 / 8.2477E-05   
820   3.948E-03   7.7935E-05   8.7497E-05   7.7394E-05 / 8.7300E-05   
830   3.948E-03   7.9513E-05   8.0658E-05   7.8703E-05 / 7.9870E-05   
840   3.948E-03   7.5118E-05   8.0541E-05   7.4563E-05 / 8.0471E-05   
850   3.948E-03   8.3496E-05   9.1020E-05   8.3496E-05 / 9.1020E-05   
860   3.948E-03   7.3416E-05   8.1055E-05   7.3395E-05 / 8.1054E-05   
870   3.948E-03   6.8648E-05   7.7432E-05   6.7476E-05 / 7.6277E-05   
880   3.948E-03   6.9947E-05   7.7519E-05   6.9606E-05 / 7.7232E-05   
890   3.948E-03   6.9158E-05   7.8948E-05   6.8805E-05 / 7.8614E-05   
900   3.948E-03   6.6986E-05   7.2901E-05   6.6810E-05 / 7.2869E-05   
910   3.948E-03   6.8635E-05   7.7987E-05   6.7866E-05 / 7.7244E-05   
920   3.948E-03   6.3480E-05   7.1442E-05   6.2993E-05 / 7.0967E-05   
930   3.948E-03   6.6428E-05   7.5064E-05   6.4576E-05 / 7.3324E-05   
940   3.948E-03   6.8159E-05   7.4786E-05   6.8153E-05 / 7.4785E-05   
950   3.948E-03   6.6435E-05   7.1880E-05   6.4815E-05 / 7.0896E-05   
960   3.948E-03   6.1779E-05   6.9610E-05   6.1532E-05 / 6.9343E-05   
970   3.948E-03   6.6722E-05   7.3893E-05   6.6711E-05 / 7.3878E-05   
980   3.948E-03   7.3643E-05   8.0667E-05   7.3020E-05 / 8.0072E-05   
990   3.948E-03   6.3816E-05   7.1024E-05   6.3669E-05 / 7.0867E-05   
1000   3.948E-03   5.7426E-05   6.5324E-05   5.7210E-05 / 6.5114E-05   
1010   3.948E-03   1.2224E-04   1.3166E-04   1.1842E-04 / 1.2795E-04   
1020   3.948E-03   5.7400E-05   6.1418E-05   5.7357E-05 / 6.1387E-05   
1030   3.948E-03   5.8052E-05   6.3316E-05   5.7985E-05 / 6.3256E-05   
1040   3.948E-03   6.9035E-05   7.7624E-05   6.8825E-05 / 7.7435E-05   
1050   3.948E-03   6.4203E-05   6.9764E-05   6.4203E-05 / 6.9764E-05   
1060   3.948E-03   6.3596E-05   7.2954E-05   6.2998E-05 / 7.2367E-05   
1070   3.948E-03   5.8416E-05   6.5409E-05   5.6776E-05 / 6.3793E-05   
1080   3.948E-03   6.4055E-05   6.7875E-05   6.1577E-05 / 6.5424E-05   
1090   3.948E-03   6.6454E-05   7.3707E-05   6.6400E-05 / 7.3707E-05   
1100   3.948E-03   5.4412E-05   6.3819E-05   5.2582E-05 / 6.1991E-05   
1110   3.948E-03   5.6630E-05   6.2315E-05   5.6057E-05 / 6.1953E-05   
1120   3.948E-03   5.5447E-05   6.7236E-05   5.4748E-05 / 6.6576E-05   
1130   3.948E-03   5.4122E-05   5.6381E-05   5.3951E-05 / 5.6381E-05   
1140   3.948E-03   7.7074E-05   8.2583E-05   6.7220E-05 / 7.4754E-05   
1150   3.948E-03   5.5526E-05   6.3605E-05   5.4150E-05 / 6.2223E-05   
1160   3.948E-03   5.1630E-05   5.8858E-05   5.0335E-05 / 5.7548E-05   
1170   3.948E-03   5.4544E-05   6.1663E-05   5.4518E-05 / 6.1651E-05   
1180   3.948E-03   9.1205E-05   9.5582E-05   8.2970E-05 / 8.5518E-05   
1190   3.948E-03   5.6051E-05   6.0851E-05   5.4620E-05 / 5.9431E-05   
1200   3.948E-03   5.3046E-05   5.8685E-05   5.2759E-05 / 5.8413E-05   
1210   3.948E-03   4.7556E-05   5.2850E-05   4.7453E-05 / 5.2763E-05   
1220   3.948E-03   4.6381E-05   5.2983E-05   4.5866E-05 / 5.2482E-05   
1230   3.948E-03   4.5154E-05   5.3665E-05   4.4997E-05 / 5.3530E-05   
1240   3.948E-03   4.4936E-05   5.3913E-05   4.4531E-05 / 5.3528E-05   
1250   3.948E-03   5.3453E-05   5.9623E-05   5.3083E-05 / 5.9271E-05   
1260   3.948E-03   4.8917E-05   5.6457E-05   4.8810E-05 / 5.6348E-05   
1270   3.948E-03   4.5772E-05   5.1655E-05   4.3981E-05 / 4.9938E-05   
1280   3.948E-03   6.7008E-05   7.2769E-05   6.6562E-05 / 7.2302E-05   
1290   3.948E-03   4.2960E-05   5.0334E-05   4.2953E-05 / 5.0330E-05   
1300   3.948E-03   4.3943E-05   5.1067E-05   4.3729E-05 / 5.1050E-05   
1310   3.948E-03   4.3574E-05   4.9164E-05   4.3366E-05 / 4.8958E-05   
1320   3.948E-03   4.4361E-05   5.4588E-05   4.2577E-05 / 5.2919E-05   
1330   3.948E-03   5.4132E-05   6.1759E-05   5.4038E-05 / 6.1759E-05   
1340   3.948E-03   4.4026E-05   5.3313E-05   4.3749E-05 / 5.3053E-05   
1350   3.948E-03   4.2453E-05   5.0607E-05   4.2297E-05 / 5.0598E-05   
1360   3.948E-03   4.7089E-05   4.9708E-05   4.6202E-05 / 4.9073E-05   
1370   3.948E-03   4.1489E-05   4.8226E-05   4.1472E-05 / 4.8220E-05   
1380   3.948E-03   4.4211E-05   4.8640E-05   4.1449E-05 / 4.5979E-05   
1390   3.948E-03   4.1867E-05   5.0826E-05   4.1825E-05 / 5.0776E-05   
1400   3.948E-03   4.0692E-05   5.1291E-05   4.0618E-05 / 5.1209E-05   
1410   3.948E-03   4.1555E-05   4.9479E-05   4.0109E-05 / 4.8103E-05   
1420   3.948E-03   4.0522E-05   4.9117E-05   3.9819E-05 / 4.8560E-05   
1430   3.948E-03   4.3893E-05   5.5107E-05   4.3889E-05 / 5.5107E-05   
1440   3.948E-03   4.0845E-05   4.7322E-05   3.8756E-05 / 4.5486E-05   
1450   3.948E-03   3.9597E-05   4.8214E-05   3.9240E-05 / 4.7900E-05   
1460   3.948E-03   4.5035E-05   4.9627E-05   4.5002E-05 / 4.9624E-05   
1470   3.948E-03   3.8967E-05   4.8800E-05   3.8913E-05 / 4.8755E-05   
1480   3.948E-03   4.0296E-05   4.8366E-05   4.0296E-05 / 4.8366E-05   
1490   3.948E-03   3.9387E-05   4.5119E-05   3.9311E-05 / 4.5060E-05   
1500   3.948E-03   3.6485E-05   4.2312E-05   3.6024E-05 / 4.1898E-05   
1510   3.948E-03   4.3109E-05   5.3882E-05   4.2572E-05 / 5.3349E-05   
1520   3.948E-03   3.6215E-05   4.4966E-05   3.6209E-05 / 4.4964E-05   
1530   3.948E-03   4.3458E-05   4.7707E-05   4.3186E-05 / 4.7441E-05   
1540   3.948E-03   4.3678E-05   4.8721E-05   4.3190E-05 / 4.8341E-05   
1550   3.948E-03   3.3537E-05   4.1131E-05   3.3500E-05 / 4.1108E-05   
1560   3.948E-03   3.5698E-05   4.3573E-05   3.5670E-05 / 4.3571E-05   
1570   3.948E-03   4.4589E-05   5.3569E-05   4.4589E-05 / 5.3569E-05   
1580   3.948E-03   3.6636E-05   4.6990E-05   3.6108E-05 / 4.6466E-05   
1590   3.948E-03   4.1160E-05   5.0125E-05   4.1040E-05 / 4.9982E-05   
1600   3.948E-03   3.4740E-05   4.0884E-05   3.2943E-05 / 3.9126E-05   
1610   3.948E-03   3.1534E-05   4.0316E-05   3.0982E-05 / 3.9769E-05   
1620   3.948E-03   3.3476E-05   4.4477E-05   3.3039E-05 / 4.4045E-05   
1630   3.948E-03   3.4834E-05   4.0641E-05   3.4834E-05 / 4.0641E-05   
1640   3.948E-03   3.6645E-05   4.2823E-05   3.6636E-05 / 4.2823E-05   
1650   3.948E-03   3.8138E-05   4.1703E-05   3.8121E-05 / 4.1703E-05   
1660   3.948E-03   4.1670E-05   4.9216E-05   4.0780E-05 / 4.8373E-05   
1670   3.948E-03   3.0425E-05   3.9458E-05   3.0367E-05 / 3.9458E-05   
1680   3.948E-03   2.9343E-05   3.9422E-05   2.9158E-05 / 3.9254E-05   
1690   3.948E-03   3.0608E-05   3.9024E-05   3.0598E-05 / 3.9011E-05   
1700   3.948E-03   3.7981E-05   4.8168E-05   3.7919E-05 / 4.8118E-05   
1710   3.948E-03   3.1825E-05   3.9766E-05   3.1721E-05 / 3.9743E-05   
1720   3.948E-03   2.9894E-05   3.7698E-05   2.9837E-05 / 3.7642E-05   
1730   3.948E-03   4.5796E-05   4.8278E-05   4.5737E-05 / 4.8194E-05   
1740   3.948E-03   2.9035E-05   3.5010E-05   2.9009E-05 / 3.4993E-05   
1750   3.948E-03   3.2426E-05   3.8974E-05   3.2246E-05 / 3.8812E-05   
1760   3.948E-03   2.6963E-05   3.5725E-05   2.6676E-05 / 3.5458E-05   
1770   3.948E-03   2.7036E-05   3.6887E-05   2.6315E-05 / 3.6183E-05   
1780   3.948E-03   2.6438E-05   3.4860E-05   2.6435E-05 / 3.4860E-05   
1790   3.948E-03   2.9292E-05   4.0477E-05   2.8962E-05 / 4.0154E-05   
1800   3.948E-03   2.7591E-05   3.8548E-05   2.7569E-05 / 3.8544E-05   
1810   3.948E-03   2.9283E-05   3.9025E-05   2.9153E-05 / 3.8948E-05   
1820   3.948E-03   2.5497E-05   3.3720E-05   2.5106E-05 / 3.3322E-05   
1830   3.948E-03   2.6089E-05   3.3337E-05   2.6086E-05 / 3.3337E-05   
1840   3.948E-03   3.5325E-05   4.4058E-05   3.4897E-05 / 4.3617E-05   
1850   3.948E-03   2.7826E-05   3.4771E-05   2.7826E-05 / 3.4771E-05   
1860   3.948E-03   3.1272E-05   4.2065E-05   3.1272E-05 / 4.2065E-05   
1870   3.948E-03   3.0570E-05   3.9113E-05   3.0570E-05 / 3.9113E-05   
1880   3.948E-03   2.6612E-05   3.3936E-05   2.6442E-05 / 3.3768E-05   
1890   3.948E-03   2.5467E-05   3.3707E-05   2.5452E-05 / 3.3694E-05   
1900   3.948E-03   2.3967E-05   3.4042E-05   2.3581E-05 / 3.3648E-05   
1910   3.948E-03   2.5537E-05   3.4073E-05   2.4740E-05 / 3.3271E-05   
1920   3.948E-03   2.4250E-05   3.2029E-05   2.4247E-05 / 3.2021E-05   
1930   3.948E-03   2.7422E-05   3.7623E-05   2.7398E-05 / 3.7594E-05   
1940   3.948E-03   2.3479E-05   3.0634E-05   2.3429E-05 / 3.0580E-05   
1950   3.948E-03   2.9626E-05   3.4189E-05   2.9576E-05 / 3.4189E-05   
1960   3.948E-03   5.7547E-05   6.3276E-05   5.7520E-05 / 6.3275E-05   
1970   3.948E-03   2.5916E-05   3.2501E-05   2.5916E-05 / 3.2501E-05   
1980   3.948E-03   2.4014E-05   3.4070E-05   2.2940E-05 / 3.2989E-05   
1990   3.948E-03   2.4329E-05   3.3422E-05   2.4329E-05 / 3.3422E-05   
2000   3.948E-03   2.3006E-05   3.2420E-05   2.2887E-05 / 3.2288E-05   
2010   3.948E-03   2.3243E-05   3.3652E-05   2.3045E-05 / 3.3449E-05   
2020   3.948E-03   2.3006E-05   3.1098E-05   2.2879E-05 / 3.0959E-05   
2030   3.948E-03   2.3075E-05   3.4576E-05   2.2926E-05 / 3.4415E-05   
2040   3.948E-03   2.5257E-05   3.3754E-05   2.5237E-05 / 3.3724E-05   
2050   3.948E-03   2.3766E-05   3.0074E-05   2.3765E-05 / 3.0074E-05   
2060   3.948E-03   2.2395E-05   2.9283E-05   2.2388E-05 / 2.9283E-05   
2070   3.948E-03   2.2918E-05   3.2587E-05   2.2714E-05 / 3.2385E-05   
2080   3.948E-03   2.4052E-05   3.2537E-05   2.3659E-05 / 3.2160E-05   
2090   3.948E-03   2.3036E-05   3.1596E-05   2.2938E-05 / 3.1483E-05   
2100   3.948E-03   2.2063E-05   2.9948E-05   2.2049E-05 / 2.9933E-05   
2110   3.948E-03   2.0743E-05   2.8855E-05   2.0634E-05 / 2.8742E-05   
2120   3.948E-03   2.0559E-05   2.9847E-05   2.0462E-05 / 2.9748E-05   
2130   3.948E-03   2.4730E-05   3.1038E-05   2.4717E-05 / 3.1038E-05   
2140   3.948E-03   2.2441E-05   2.9521E-05   2.2347E-05 / 2.9427E-05   
2150   3.948E-03   3.2382E-05   3.8463E-05   3.1274E-05 / 3.7294E-05   
2160   3.948E-03   2.2123E-05   2.9225E-05   2.2074E-05 / 2.9193E-05   
2170   3.948E-03   2.1236E-05   2.9645E-05   2.0523E-05 / 2.8987E-05   
2180   3.948E-03   2.1117E-05   2.9492E-05   2.0933E-05 / 2.9325E-05   
2190   3.948E-03   4.4873E-05   5.5663E-05   4.4701E-05 / 5.5654E-05   
2200   3.948E-03   1.9687E-05   2.7154E-05   1.9502E-05 / 2.6988E-05   
2210   3.948E-03   2.1003E-05   2.8676E-05   2.0842E-05 / 2.8548E-05   
2220   3.948E-03   2.2582E-05   3.2420E-05   2.2364E-05 / 3.2229E-05   
2230   3.948E-03   2.4862E-05   3.1717E-05   2.4790E-05 / 3.1692E-05   
2240   3.948E-03   2.0100E-05   2.9374E-05   1.9674E-05 / 2.8983E-05   
2250   3.948E-03   2.1893E-05   2.9288E-05   2.1749E-05 / 2.9171E-05   
2260   3.948E-03   2.4495E-05   2.9707E-05   2.4494E-05 / 2.9707E-05   
2270   3.948E-03   1.9732E-05   2.7956E-05   1.9686E-05 / 2.7931E-05   
2280   3.948E-03   2.1586E-05   3.0298E-05   2.1584E-05 / 3.0268E-05   
2290   3.948E-03   2.2976E-05   3.2870E-05   2.2901E-05 / 3.2823E-05   
2300   3.948E-03   1.9028E-05   2.6808E-05   1.8865E-05 / 2.6679E-05   
2310   3.948E-03   2.5943E-05   3.8011E-05   2.5889E-05 / 3.7986E-05   
2320   3.948E-03   2.2380E-05   3.1319E-05   2.2325E-05 / 3.1292E-05   
2330   3.948E-03   1.9258E-05   2.7544E-05   1.8735E-05 / 2.7054E-05   
2340   3.948E-03   2.0445E-05   2.7598E-05   2.0013E-05 / 2.7198E-05   
2350   3.948E-03   1.9995E-05   2.7457E-05   1.9952E-05 / 2.7440E-05   
2360   3.948E-03   2.1426E-05   2.9208E-05   2.1386E-05 / 2.9180E-05   
2370   3.948E-03   1.8612E-05   2.5945E-05   1.8485E-05 / 2.5850E-05   
2380   3.948E-03   6.6831E-05   6.7436E-05   6.2073E-05 / 6.2578E-05   
2390   3.948E-03   2.0919E-05   2.9365E-05   1.9730E-05 / 2.8151E-05   
2400   3.948E-03   1.9060E-05   2.5506E-05   1.8699E-05 / 2.5180E-05   
2410   3.948E-03   1.9621E-05   2.6956E-05   1.9621E-05 / 2.6956E-05   
2420   3.948E-03   1.8755E-05   2.5423E-05   1.8755E-05 / 2.5423E-05   
2430   3.948E-03   2.5350E-05   3.1968E-05   2.5350E-05 / 3.1968E-05   
2440   3.948E-03   1.9759E-05   2.8346E-05   1.8730E-05 / 2.7312E-05   
2450   3.948E-03   2.1124E-05   2.6941E-05   2.1124E-05 / 2.6941E-05   
2460   3.948E-03   1.9687E-05   2.5656E-05   1.9647E-05 / 2.5639E-05   
2470   3.948E-03   2.7017E-05   3.6995E-05   2.6998E-05 / 3.6991E-05   
2480   3.948E-03   1.9294E-05   2.5744E-05   1.9294E-05 / 2.5744E-05   
2490   3.948E-03   1.9457E-05   2.6215E-05   1.9444E-05 / 2.6215E-05   
2500   3.948E-03   2.2631E-05   2.8244E-05   2.2627E-05 / 2.8244E-05   
2510   3.948E-03   2.6425E-05   3.1738E-05   2.6395E-05 / 3.1737E-05   
2520   3.948E-03   2.1083E-05   3.0400E-05   2.1008E-05 / 3.0353E-05   
2530   3.948E-03   1.9068E-05   2.6582E-05   1.8236E-05 / 2.5736E-05   
2540   3.948E-03   1.7681E-05   2.5985E-05   1.7563E-05 / 2.5908E-05   
2550   3.948E-03   1.8772E-05   2.6202E-05   1.8771E-05 / 2.6202E-05   
2560   3.948E-03   1.8038E-05   2.4805E-05   1.8023E-05 / 2.4800E-05   
2570   3.948E-03   2.1846E-05   3.0359E-05   2.1605E-05 / 3.0151E-05   
2580   3.948E-03   2.0812E-05   2.8628E-05   2.0799E-05 / 2.8628E-05   
2590   3.948E-03   1.8900E-05   2.6933E-05   1.8548E-05 / 2.6585E-05   
2600   3.948E-03   1.8820E-05   2.7703E-05   1.8820E-05 / 2.7703E-05   
2610   3.948E-03   1.8889E-05   2.4075E-05   1.8863E-05 / 2.4061E-05   
2620   3.948E-03   2.2729E-05   3.1100E-05   2.2712E-05 / 3.1096E-05   
2630   3.948E-03   1.9306E-05   2.6469E-05   1.9277E-05 / 2.6469E-05   
2640   3.948E-03   1.9433E-05   2.6608E-05   1.9395E-05 / 2.6584E-05   
2650   3.948E-03   1.8733E-05   2.5910E-05   1.8733E-05 / 2.5910E-05   
2660   3.948E-03   1.7987E-05   2.5922E-05   1.7975E-05 / 2.5916E-05   
2670   3.948E-03   1.8215E-05   2.6690E-05   1.7941E-05 / 2.6437E-05   
2680   3.948E-03   2.0155E-05   2.6261E-05   2.0155E-05 / 2.6261E-05   
2690   3.948E-03   1.9558E-05   2.6942E-05   1.9556E-05 / 2.6942E-05   
2700   3.948E-03   1.8686E-05   2.5727E-05   1.8671E-05 / 2.5727E-05   
2710   3.948E-03   1.8895E-05   2.4214E-05   1.8832E-05 / 2.4198E-05   
2720   3.948E-03   1.7975E-05   2.5306E-05   1.7345E-05 / 2.4680E-05   
2730   3.948E-03   1.8883E-05   2.7246E-05   1.8803E-05 / 2.7181E-05   
2740   3.948E-03   1.7630E-05   2.3390E-05   1.7310E-05 / 2.3070E-05   
2750   3.948E-03   1.8075E-05   2.3351E-05   1.8065E-05 / 2.3344E-05   
2760   3.948E-03   2.0740E-05   2.2826E-05   2.0579E-05 / 2.2678E-05   
2770   3.948E-03   1.7125E-05   2.4448E-05   1.6571E-05 / 2.3902E-05   
2780   3.948E-03   1.7224E-05   2.4245E-05   1.7154E-05 / 2.4183E-05   
2790   3.948E-03   2.2659E-05   2.5121E-05   2.2369E-05 / 2.4841E-05   
2800   3.948E-03   1.7348E-05   2.6838E-05   1.7246E-05 / 2.6742E-05   
2810   3.948E-03   1.7027E-05   2.5079E-05   1.6926E-05 / 2.4983E-05   
2820   3.948E-03   1.8080E-05   2.3018E-05   1.7884E-05 / 2.2830E-05   
2830   3.948E-03   1.9822E-05   2.6990E-05   1.9822E-05 / 2.6990E-05   
2840   3.948E-03   1.9077E-05   2.3748E-05   1.9055E-05 / 2.3726E-05   
2850   3.948E-03   1.7097E-05   2.4070E-05   1.7041E-05 / 2.4015E-05   
2860   3.948E-03   1.7000E-05   2.3307E-05   1.7000E-05 / 2.3307E-05   
2870   3.948E-03   2.2790E-05   2.7222E-05   2.2476E-05 / 2.6906E-05   
2880   3.948E-03   1.7264E-05   2.3594E-05   1.6528E-05 / 2.2851E-05   
2890   3.948E-03   2.5832E-05   3.0195E-05   2.5660E-05 / 3.0088E-05   
2900   3.948E-03   1.7632E-05   2.2322E-05   1.7537E-05 / 2.2217E-05   
2910   3.948E-03   1.8822E-05   2.6893E-05   1.8155E-05 / 2.6220E-05   
2920   3.948E-03   1.6684E-05   2.4141E-05   1.5860E-05 / 2.3314E-05   
2930   3.948E-03   1.6221E-05   2.1493E-05   1.6140E-05 / 2.1409E-05   
2940   3.948E-03   1.7538E-05   2.4423E-05   1.6875E-05 / 2.3764E-05   
2950   3.948E-03   1.7635E-05   2.5938E-05   1.7480E-05 / 2.5781E-05   
2960   3.948E-03   2.0941E-05   2.5533E-05   2.0059E-05 / 2.4659E-05   
2970   3.948E-03   1.6892E-05   2.4610E-05   1.5961E-05 / 2.3701E-05   
2980   3.948E-03   1.7006E-05   2.6252E-05   1.6961E-05 / 2.6202E-05   
2990   3.948E-03   1.7473E-05   2.3438E-05   1.7472E-05 / 2.3436E-05   
3000   3.948E-03   1.8516E-05   2.5583E-05   1.7370E-05 / 2.4422E-05   
3010   3.948E-03   1.8887E-05   2.4801E-05   1.8449E-05 / 2.4377E-05   
3020   3.948E-03   1.7406E-05   2.6095E-05   1.6212E-05 / 2.4920E-05   
3030   3.948E-03   1.8372E-05   2.7313E-05   1.6912E-05 / 2.5885E-05   
3040   3.948E-03   2.3785E-05   2.4849E-05   2.3544E-05 / 2.4722E-05   
3050   3.948E-03   1.6928E-05   2.5535E-05   1.5983E-05 / 2.4621E-05   
3060   3.948E-03   2.0328E-05   2.7950E-05   2.0328E-05 / 2.7950E-05   
3070   3.948E-03   1.8512E-05   2.6661E-05   1.7909E-05 / 2.6070E-05   
3080   3.948E-03   1.7565E-05   2.1763E-05   1.7440E-05 / 2.1633E-05   
3090   3.948E-03   1.6747E-05   2.5520E-05   1.6538E-05 / 2.5309E-05   
3100   3.948E-03   1.6370E-05   2.5221E-05   1.5669E-05 / 2.4555E-05   
3110   3.948E-03   2.2917E-05   2.8067E-05   2.1113E-05 / 2.6220E-05   
3120   3.948E-03   2.4388E-05   3.1146E-05   1.9694E-05 / 2.6523E-05   
3130   3.948E-03   1.5408E-05   2.0886E-05   1.4988E-05 / 2.0482E-05   
3140   3.948E-03   1.8588E-05   2.7162E-05   1.7973E-05 / 2.6556E-05   
3150   3.948E-03   1.6684E-05   2.4205E-05   1.6600E-05 / 2.4110E-05   
3160   3.948E-03   1.5149E-05   2.2266E-05   1.4902E-05 / 2.2018E-05   
3170   3.948E-03   1.5150E-05   2.3160E-05   1.5116E-05 / 2.3116E-05   
3180   3.948E-03   1.9050E-05   2.3698E-05   1.7914E-05 / 2.2587E-05   
3190   3.948E-03   1.7688E-05   2.4421E-05   1.7685E-05 / 2.4415E-05   
3200   3.948E-03   2.0149E-05   2.2871E-05   1.9178E-05 / 2.1948E-05   
3210   3.948E-03   1.6767E-05   2.3008E-05   1.6714E-05 / 2.2956E-05   
3220   3.948E-03   1.5230E-05   2.2733E-05   1.5140E-05 / 2.2631E-05   
3230   3.948E-03   1.5688E-05   2.3114E-05   1.5678E-05 / 2.3097E-05   
3240   3.948E-03   1.4991E-05   2.1690E-05   1.4849E-05 / 2.1538E-05   
3250   3.948E-03   1.5717E-05   2.2307E-05   1.5717E-05 / 2.2306E-05   
3260   3.948E-03   2.0809E-05   2.6356E-05   2.0745E-05 / 2.6278E-05   
3270   3.948E-03   1.5852E-05   1.9700E-05   1.5712E-05 / 1.9550E-05   
3280   3.948E-03   1.5470E-05   2.1744E-05   1.5467E-05 / 2.1736E-05   
3290   3.948E-03   2.1401E-05   2.4251E-05   2.1287E-05 / 2.4226E-05   
3300   3.948E-03   1.6125E-05   2.4435E-05   1.5910E-05 / 2.4213E-05   
3310   3.948E-03   3.6741E-05   4.4570E-05   3.6297E-05 / 4.4115E-05   
3320   3.948E-03   1.4832E-05   2.0984E-05   1.4499E-05 / 2.0661E-05   
3330   3.948E-03   1.5389E-05   2.2534E-05   1.4668E-05 / 2.1857E-05   
3340   3.948E-03   1.4961E-05   2.3133E-05   1.4569E-05 / 2.2753E-05   
3350   3.948E-03   1.5437E-05   2.3561E-05   1.4806E-05 / 2.2955E-05   
3360   3.948E-03   3.1018E-05   3.7589E-05   2.2672E-05 / 2.9255E-05   
3370   3.948E-03   1.4982E-05   2.2582E-05   1.4978E-05 / 2.2573E-05   
3380   3.948E-03   1.5469E-05   2.3284E-05   1.4931E-05 / 2.2758E-05   
3390   3.948E-03   1.8234E-05   2.3868E-05   1.8234E-05 / 2.3868E-05   
3400   3.948E-03   1.6302E-05   2.3846E-05   1.6236E-05 / 2.3765E-05   
3410   3.948E-03   1.5083E-05   2.4627E-05   1.5004E-05 / 2.4533E-05   
3420   3.948E-03   1.6457E-05   2.2035E-05   1.6318E-05 / 2.1883E-05   
3430   3.948E-03   1.7260E-05   2.7169E-05   1.7043E-05 / 2.7017E-05   
3440   3.948E-03   1.6286E-05   2.1473E-05   1.6285E-05 / 2.1472E-05   
3450   3.948E-03   1.4427E-05   2.0949E-05   1.4320E-05 / 2.0828E-05   
3460   3.948E-03   1.4422E-05   2.1196E-05   1.4417E-05 / 2.1183E-05   
3470   3.948E-03   1.5973E-05   2.4342E-05   1.5621E-05 / 2.3945E-05   
3480   3.948E-03   1.6729E-05   2.4471E-05   1.6585E-05 / 2.4313E-05   
3490   3.948E-03   1.6243E-05   2.3689E-05   1.5419E-05 / 2.2913E-05   
3500   3.948E-03   1.7752E-05   2.3012E-05   1.7752E-05 / 2.3012E-05   
3510   3.948E-03   1.4637E-05   1.9908E-05   1.4457E-05 / 1.9716E-05   
3520   3.948E-03   1.6910E-05   2.0766E-05   1.6820E-05 / 2.0660E-05   
3530   3.948E-03   2.0356E-05   2.6411E-05   2.0356E-05 / 2.6411E-05   
BEST MODEL
===============================================================================================================
3270   3.948E-03   1.5852E-05   1.9700E-05   1.5712E-05 / 1.9550E-05   
===============================================================================================================
Saved model to /home/nikki/kan/kanTBNN/models/multi_run/kan_experiment_122_opt/kanTBNN-24Nov07_19:46:42.pickle
