========== Dataset info ==========
Dataset params: {'file': '/home/nikki/kan/data/turbulence_dataset_clean.csv', 'Cases': ['fp_1000', 'fp_1410', 'fp_2000', 'fp_2540', 'fp_3030', 'fp_3270', 'fp_3630', 'fp_3970', 'fp_4060'], 'val_set': ['fp_3030', 'fp_1410', 'fp_4060'], 'test_set': ['fp_3630'], 'data_loader': <class 'tbnn.dataloaders.aDataset'>}
Train/Valid/Test points: 760 / 468 / 168
Memorization?: False
Cluster training?: False
EPOCH     LR        TRAIN         VALID             MSE:T/V                  RL:T/V             %NR_t/%NR_v
===============================================================================================================
  1   4.562E-03   3.8017E-01   3.7007E-01   2.3310E-01 / 2.2689E-01   
 10   4.562E-03   6.2747E-03   5.2213E-03   5.9675E-03 / 5.1526E-03   
 20   4.562E-03   2.3111E-03   2.0011E-03   2.2868E-03 / 1.9963E-03   
 30   4.562E-03   1.6530E-03   1.5045E-03   1.6465E-03 / 1.4984E-03   
 40   4.562E-03   1.3785E-03   1.2955E-03   1.3756E-03 / 1.2920E-03   
 50   4.562E-03   1.2173E-03   1.1659E-03   1.2140E-03 / 1.1622E-03   
 60   4.562E-03   1.1049E-03   1.0698E-03   1.1021E-03 / 1.0671E-03   
 70   4.562E-03   1.0170E-03   9.9176E-04   1.0124E-03 / 9.8740E-04   
 80   4.562E-03   9.4208E-04   9.2158E-04   9.3929E-04 / 9.1900E-04   
 90   4.562E-03   8.6815E-04   8.5437E-04   8.6542E-04 / 8.5181E-04   
100   4.562E-03   8.0176E-04   7.9104E-04   8.0029E-04 / 7.8965E-04   
110   4.562E-03   7.3956E-04   7.3258E-04   7.3803E-04 / 7.3115E-04   
120   4.562E-03   6.8288E-04   6.8004E-04   6.8148E-04 / 6.7880E-04   
130   4.562E-03   6.3327E-04   6.3490E-04   6.3268E-04 / 6.3443E-04   
140   4.562E-03   5.8376E-04   5.8368E-04   5.8328E-04 / 5.8335E-04   
150   4.562E-03   5.4072E-04   5.4378E-04   5.4044E-04 / 5.4359E-04   
160   4.562E-03   5.0365E-04   5.1125E-04   5.0348E-04 / 5.1118E-04   
170   4.562E-03   4.7083E-04   4.7987E-04   4.7068E-04 / 4.7980E-04   
180   4.562E-03   4.4149E-04   4.5179E-04   4.4127E-04 / 4.5170E-04   
190   4.562E-03   4.2556E-04   4.3584E-04   4.2535E-04 / 4.3571E-04   
200   4.562E-03   4.0246E-04   4.2591E-04   4.0148E-04 / 4.2507E-04   
210   4.562E-03   3.7375E-04   3.8274E-04   3.7342E-04 / 3.8251E-04   
220   4.562E-03   3.5493E-04   3.6383E-04   3.5457E-04 / 3.6368E-04   
230   4.562E-03   3.3787E-04   3.5319E-04   3.3767E-04 / 3.5312E-04   
240   4.562E-03   3.2184E-04   3.3293E-04   3.2173E-04 / 3.3290E-04   
250   4.562E-03   3.0198E-04   3.1831E-04   3.0134E-04 / 3.1795E-04   
260   4.562E-03   2.9923E-04   3.0923E-04   2.9917E-04 / 3.0918E-04   
270   4.562E-03   2.7983E-04   2.9382E-04   2.7960E-04 / 2.9363E-04   
280   4.562E-03   2.7259E-04   2.8812E-04   2.7252E-04 / 2.8809E-04   
290   4.562E-03   2.6371E-04   2.7861E-04   2.6345E-04 / 2.7838E-04   
300   4.562E-03   2.4835E-04   2.5882E-04   2.4819E-04 / 2.5870E-04   
310   4.562E-03   2.3515E-04   2.5093E-04   2.3499E-04 / 2.5085E-04   
320   4.562E-03   2.4341E-04   2.5498E-04   2.4337E-04 / 2.5497E-04   
330   4.562E-03   2.2512E-04   2.3937E-04   2.2501E-04 / 2.3933E-04   
340   4.562E-03   2.2192E-04   2.3487E-04   2.2183E-04 / 2.3479E-04   
350   4.562E-03   2.0944E-04   2.1975E-04   2.0922E-04 / 2.1953E-04   
360   4.562E-03   2.0023E-04   2.1646E-04   2.0006E-04 / 2.1630E-04   
370   4.562E-03   1.9978E-04   2.0589E-04   1.9945E-04 / 2.0560E-04   
380   4.562E-03   1.9149E-04   2.0988E-04   1.9139E-04 / 2.0982E-04   
390   4.562E-03   1.8355E-04   1.9658E-04   1.8311E-04 / 1.9627E-04   
400   4.562E-03   1.9895E-04   2.0913E-04   1.9783E-04 / 2.0855E-04   
410   4.562E-03   1.7680E-04   1.9467E-04   1.7669E-04 / 1.9463E-04   
420   4.562E-03   1.7368E-04   1.9042E-04   1.7361E-04 / 1.9038E-04   
430   4.562E-03   1.6603E-04   1.7733E-04   1.6564E-04 / 1.7697E-04   
440   4.562E-03   1.6187E-04   1.8040E-04   1.6165E-04 / 1.8013E-04   
450   4.562E-03   1.5922E-04   1.7665E-04   1.5907E-04 / 1.7645E-04   
460   4.562E-03   1.9681E-04   2.1144E-04   1.9640E-04 / 2.1103E-04   
470   4.562E-03   1.8910E-04   2.0806E-04   1.8877E-04 / 2.0769E-04   
480   4.562E-03   1.4532E-04   1.6148E-04   1.4510E-04 / 1.6125E-04   
490   4.562E-03   1.4225E-04   1.6050E-04   1.4186E-04 / 1.6011E-04   
500   4.562E-03   1.4534E-04   1.5311E-04   1.4454E-04 / 1.5236E-04   
510   4.562E-03   1.5400E-04   1.6659E-04   1.5377E-04 / 1.6641E-04   
520   4.562E-03   1.4067E-04   1.5740E-04   1.4022E-04 / 1.5700E-04   
530   4.562E-03   1.5100E-04   1.6180E-04   1.5090E-04 / 1.6176E-04   
540   4.562E-03   1.3007E-04   1.4561E-04   1.3003E-04 / 1.4561E-04   
550   4.562E-03   1.3611E-04   1.4791E-04   1.3594E-04 / 1.4782E-04   
560   4.562E-03   1.2207E-04   1.3883E-04   1.2179E-04 / 1.3868E-04   
570   4.562E-03   1.2107E-04   1.3665E-04   1.2065E-04 / 1.3638E-04   
580   4.562E-03   1.1701E-04   1.3193E-04   1.1688E-04 / 1.3188E-04   
590   4.562E-03   1.2375E-04   1.3808E-04   1.2353E-04 / 1.3795E-04   
600   4.562E-03   1.2929E-04   1.3731E-04   1.2927E-04 / 1.3730E-04   
610   4.562E-03   1.1391E-04   1.2577E-04   1.1391E-04 / 1.2577E-04   
620   4.562E-03   2.3088E-04   2.4823E-04   2.3081E-04 / 2.4817E-04   
630   4.562E-03   1.1245E-04   1.3041E-04   1.1244E-04 / 1.3041E-04   
640   4.562E-03   1.0310E-04   1.1877E-04   1.0302E-04 / 1.1869E-04   
650   4.562E-03   1.0180E-04   1.2155E-04   1.0165E-04 / 1.2140E-04   
660   4.562E-03   1.0249E-04   1.1943E-04   1.0224E-04 / 1.1918E-04   
670   4.562E-03   1.3026E-04   1.5025E-04   1.3023E-04 / 1.5021E-04   
680   4.562E-03   1.2203E-04   1.3920E-04   1.2201E-04 / 1.3917E-04   
690   4.562E-03   9.6435E-05   1.1812E-04   9.6420E-05 / 1.1812E-04   
700   4.562E-03   9.1717E-05   1.0985E-04   9.1687E-05 / 1.0984E-04   
710   4.562E-03   9.0313E-05   1.0924E-04   9.0294E-05 / 1.0924E-04   
720   4.562E-03   1.0193E-04   1.1904E-04   1.0183E-04 / 1.1897E-04   
730   4.562E-03   9.4328E-05   1.1119E-04   9.4278E-05 / 1.1117E-04   
740   4.562E-03   9.2751E-05   1.0929E-04   9.2272E-05 / 1.0891E-04   
750   4.562E-03   9.7971E-05   1.1261E-04   9.7872E-05 / 1.1258E-04   
760   4.562E-03   8.4045E-05   1.0005E-04   8.3980E-05 / 1.0003E-04   
770   4.562E-03   9.6039E-05   1.1175E-04   9.5962E-05 / 1.1173E-04   
780   4.562E-03   7.9251E-05   9.7619E-05   7.9190E-05 / 9.7593E-05   
790   4.562E-03   9.4046E-05   1.1877E-04   9.4043E-05 / 1.1877E-04   
800   4.562E-03   8.4177E-05   1.0618E-04   8.4142E-05 / 1.0614E-04   
810   4.562E-03   8.8050E-05   1.0167E-04   8.8042E-05 / 1.0166E-04   
820   4.562E-03   7.9281E-05   9.9636E-05   7.9004E-05 / 9.9391E-05   
830   4.562E-03   7.2438E-05   8.8528E-05   7.2257E-05 / 8.8335E-05   
840   4.562E-03   7.6323E-05   9.1665E-05   7.5765E-05 / 9.1144E-05   
850   4.562E-03   9.8460E-05   1.2393E-04   9.8455E-05 / 1.2392E-04   
860   4.562E-03   7.9602E-05   9.9839E-05   7.9300E-05 / 9.9514E-05   
870   4.562E-03   7.7260E-05   9.4210E-05   7.7045E-05 / 9.3964E-05   
880   4.562E-03   8.1907E-05   9.3971E-05   8.1548E-05 / 9.3598E-05   
890   4.562E-03   6.8034E-05   8.5780E-05   6.7917E-05 / 8.5648E-05   
900   4.562E-03   6.7127E-05   8.5266E-05   6.6343E-05 / 8.4479E-05   
910   4.562E-03   6.7011E-05   8.4268E-05   6.6963E-05 / 8.4268E-05   
920   4.562E-03   6.7007E-05   8.4583E-05   6.6887E-05 / 8.4506E-05   
930   4.562E-03   6.9696E-05   8.9747E-05   6.9447E-05 / 8.9506E-05   
940   4.562E-03   1.0405E-04   1.1850E-04   1.0342E-04 / 1.1791E-04   
950   4.562E-03   6.4702E-05   7.8698E-05   6.4373E-05 / 7.8397E-05   
960   4.562E-03   6.2070E-05   7.8964E-05   6.2039E-05 / 7.8957E-05   
970   4.562E-03   6.2407E-05   7.9189E-05   6.2182E-05 / 7.9014E-05   
980   4.562E-03   6.6230E-05   8.6070E-05   6.6192E-05 / 8.6062E-05   
990   4.562E-03   6.5205E-05   8.0075E-05   6.5194E-05 / 8.0075E-05   
1000   4.562E-03   6.5661E-05   8.8120E-05   6.5463E-05 / 8.7987E-05   
1010   4.562E-03   5.9856E-05   7.4113E-05   5.9788E-05 / 7.4093E-05   
1020   4.562E-03   8.0298E-05   9.9099E-05   8.0272E-05 / 9.9096E-05   
1030   4.562E-03   7.5761E-05   9.4154E-05   7.5676E-05 / 9.4134E-05   
1040   4.562E-03   6.1523E-05   7.7435E-05   6.1290E-05 / 7.7276E-05   
1050   4.562E-03   5.6993E-05   7.2998E-05   5.6978E-05 / 7.2998E-05   
1060   4.562E-03   5.7528E-05   7.3670E-05   5.6601E-05 / 7.2801E-05   
1070   4.562E-03   5.7327E-05   7.3417E-05   5.7280E-05 / 7.3402E-05   
1080   4.562E-03   6.8043E-05   8.2104E-05   6.8034E-05 / 8.2104E-05   
1090   4.562E-03   5.4597E-05   7.1158E-05   5.4574E-05 / 7.1156E-05   
1100   4.562E-03   5.4418E-05   6.9278E-05   5.4350E-05 / 6.9241E-05   
1110   4.562E-03   5.2909E-05   6.8233E-05   5.2813E-05 / 6.8172E-05   
1120   4.562E-03   5.2227E-05   7.0210E-05   5.2216E-05 / 7.0201E-05   
1130   4.562E-03   5.6426E-05   7.2767E-05   5.6183E-05 / 7.2570E-05   
1140   4.562E-03   5.5887E-05   7.4886E-05   5.5867E-05 / 7.4865E-05   
1150   4.562E-03   8.3141E-05   8.8273E-05   8.2954E-05 / 8.8122E-05   
1160   4.562E-03   4.8331E-05   6.6826E-05   4.8299E-05 / 6.6790E-05   
1170   4.562E-03   4.8098E-05   6.5355E-05   4.7722E-05 / 6.5039E-05   
1180   4.562E-03   5.6660E-05   7.2427E-05   5.6324E-05 / 7.2160E-05   
1190   4.562E-03   5.0750E-05   6.7195E-05   5.0486E-05 / 6.6993E-05   
1200   4.562E-03   4.7941E-05   6.4773E-05   4.7635E-05 / 6.4524E-05   
1210   4.562E-03   4.9118E-05   6.4949E-05   4.7918E-05 / 6.3897E-05   
1220   4.562E-03   5.0332E-05   6.7425E-05   5.0034E-05 / 6.7176E-05   
1230   4.562E-03   4.8678E-05   6.7236E-05   4.7300E-05 / 6.6025E-05   
1240   4.562E-03   4.3520E-05   6.1106E-05   4.3483E-05 / 6.1073E-05   
1250   4.562E-03   4.7357E-05   6.3164E-05   4.7356E-05 / 6.3164E-05   
1260   4.562E-03   4.5836E-05   6.1107E-05   4.5781E-05 / 6.1049E-05   
1270   4.562E-03   5.2529E-05   7.0486E-05   5.2529E-05 / 7.0486E-05   
1280   4.562E-03   5.4685E-05   6.9356E-05   5.4660E-05 / 6.9340E-05   
1290   4.562E-03   4.8752E-05   6.9006E-05   4.8581E-05 / 6.8885E-05   
1300   4.562E-03   4.0792E-05   5.7763E-05   4.0791E-05 / 5.7763E-05   
1310   4.562E-03   4.1120E-05   5.7544E-05   4.1079E-05 / 5.7519E-05   
1320   4.562E-03   4.2970E-05   5.9817E-05   4.2944E-05 / 5.9806E-05   
1330   4.562E-03   4.7347E-05   6.4866E-05   4.7171E-05 / 6.4751E-05   
1340   4.562E-03   6.8640E-05   7.2731E-05   6.8612E-05 / 7.2725E-05   
1350   4.562E-03   4.0744E-05   5.5957E-05   4.0513E-05 / 5.5797E-05   
1360   4.562E-03   3.8010E-05   5.4399E-05   3.7998E-05 / 5.4399E-05   
1370   4.562E-03   3.8479E-05   5.2861E-05   3.8478E-05 / 5.2861E-05   
1380   4.562E-03   3.9072E-05   5.2719E-05   3.9028E-05 / 5.2709E-05   
1390   4.562E-03   3.9077E-05   5.5969E-05   3.9077E-05 / 5.5969E-05   
1400   4.562E-03   3.7238E-05   5.2397E-05   3.7230E-05 / 5.2397E-05   
1410   4.562E-03   3.6148E-05   5.1416E-05   3.6133E-05 / 5.1414E-05   
1420   4.562E-03   3.6986E-05   5.1516E-05   3.6826E-05 / 5.1399E-05   
1430   4.562E-03   6.2880E-05   7.6560E-05   6.2550E-05 / 7.6289E-05   
1440   4.562E-03   3.5712E-05   5.1821E-05   3.5638E-05 / 5.1778E-05   
1450   4.562E-03   3.7649E-05   5.1870E-05   3.7649E-05 / 5.1870E-05   
1460   4.562E-03   3.4427E-05   4.8894E-05   3.4143E-05 / 4.8648E-05   
1470   4.562E-03   4.4169E-05   5.6816E-05   4.4134E-05 / 5.6795E-05   
1480   4.562E-03   3.9570E-05   5.8851E-05   3.9075E-05 / 5.8406E-05   
1490   4.562E-03   3.4957E-05   4.9637E-05   3.4852E-05 / 4.9557E-05   
1500   4.562E-03   3.8088E-05   5.2746E-05   3.8088E-05 / 5.2746E-05   
1510   4.562E-03   4.0788E-05   5.3986E-05   4.0684E-05 / 5.3901E-05   
1520   4.562E-03   3.7690E-05   5.4641E-05   3.7675E-05 / 5.4640E-05   
1530   4.562E-03   3.3154E-05   4.8447E-05   3.3148E-05 / 4.8441E-05   
1540   4.562E-03   3.4876E-05   4.7681E-05   3.3577E-05 / 4.6517E-05   
1550   4.562E-03   3.4483E-05   4.9181E-05   3.4384E-05 / 4.9093E-05   
1560   4.562E-03   3.3061E-05   4.6938E-05   3.2919E-05 / 4.6834E-05   
1570   4.562E-03   5.0015E-05   6.2147E-05   4.9935E-05 / 6.2077E-05   
1580   4.562E-03   3.4561E-05   4.8542E-05   3.4560E-05 / 4.8542E-05   
1590   4.562E-03   3.4286E-05   4.8518E-05   3.4286E-05 / 4.8518E-05   
1600   4.562E-03   3.0360E-05   4.7274E-05   3.0340E-05 / 4.7260E-05   
1610   4.562E-03   3.6499E-05   5.0921E-05   3.6445E-05 / 5.0911E-05   
1620   4.562E-03   3.3899E-05   4.7698E-05   3.2139E-05 / 4.6170E-05   
1630   4.562E-03   3.1372E-05   4.3444E-05   3.1307E-05 / 4.3390E-05   
1640   4.562E-03   3.2463E-05   4.5611E-05   3.2463E-05 / 4.5611E-05   
1650   4.562E-03   3.6368E-05   4.7456E-05   3.6069E-05 / 4.7195E-05   
1660   4.562E-03   4.5493E-05   6.0697E-05   4.5365E-05 / 6.0598E-05   
1670   4.562E-03   3.0119E-05   4.2852E-05   3.0118E-05 / 4.2852E-05   
1680   4.562E-03   3.0910E-05   4.6306E-05   3.0681E-05 / 4.6135E-05   
1690   4.562E-03   2.9557E-05   4.5240E-05   2.9397E-05 / 4.5121E-05   
1700   4.562E-03   3.4197E-05   4.8344E-05   3.4117E-05 / 4.8293E-05   
1710   4.562E-03   2.9091E-05   4.4136E-05   2.8764E-05 / 4.3867E-05   
1720   4.562E-03   2.8614E-05   4.2186E-05   2.8503E-05 / 4.2118E-05   
1730   4.562E-03   3.3112E-05   4.5671E-05   3.3112E-05 / 4.5671E-05   
1740   4.562E-03   2.7621E-05   4.0205E-05   2.7428E-05 / 4.0071E-05   
1750   4.562E-03   3.1035E-05   4.0792E-05   3.1034E-05 / 4.0792E-05   
1760   4.562E-03   3.9052E-05   5.3876E-05   3.9052E-05 / 5.3876E-05   
1770   4.562E-03   5.3707E-05   6.4240E-05   5.3706E-05 / 6.4240E-05   
1780   4.562E-03   3.1498E-05   4.6893E-05   3.1454E-05 / 4.6880E-05   
1790   4.562E-03   2.9003E-05   3.8802E-05   2.8717E-05 / 3.8580E-05   
1800   4.562E-03   2.9598E-05   4.2431E-05   2.9544E-05 / 4.2410E-05   
1810   4.562E-03   2.9514E-05   4.5615E-05   2.9502E-05 / 4.5615E-05   
1820   4.562E-03   3.0114E-05   4.2866E-05   3.0100E-05 / 4.2865E-05   
1830   4.562E-03   2.6635E-05   3.9116E-05   2.6627E-05 / 3.9116E-05   
1840   4.562E-03   3.0044E-05   4.5068E-05   3.0020E-05 / 4.5057E-05   
1850   4.562E-03   2.7738E-05   4.3112E-05   2.6083E-05 / 4.1516E-05   
1860   4.562E-03   2.8464E-05   4.0673E-05   2.8432E-05 / 4.0658E-05   
1870   4.562E-03   3.5120E-05   4.8310E-05   3.4859E-05 / 4.8076E-05   
1880   4.562E-03   3.0817E-05   4.3836E-05   3.0706E-05 / 4.3755E-05   
1890   4.562E-03   2.7739E-05   4.5354E-05   2.7249E-05 / 4.4869E-05   
1900   4.562E-03   2.6140E-05   4.0802E-05   2.6128E-05 / 4.0797E-05   
1910   4.562E-03   2.6162E-05   3.9800E-05   2.5754E-05 / 3.9400E-05   
1920   4.562E-03   2.5319E-05   3.8159E-05   2.5300E-05 / 3.8148E-05   
1930   4.562E-03   2.6508E-05   4.1380E-05   2.6506E-05 / 4.1379E-05   
1940   4.562E-03   2.6346E-05   3.9615E-05   2.6193E-05 / 3.9468E-05   
1950   4.562E-03   3.4560E-05   4.3111E-05   3.4555E-05 / 4.3107E-05   
1960   4.562E-03   3.7252E-05   4.9938E-05   3.7246E-05 / 4.9935E-05   
1970   4.562E-03   2.3978E-05   3.7739E-05   2.3939E-05 / 3.7706E-05   
1980   4.562E-03   2.9494E-05   4.5074E-05   2.8367E-05 / 4.3967E-05   
1990   4.562E-03   2.3678E-05   3.6936E-05   2.3640E-05 / 3.6898E-05   
2000   4.562E-03   3.2494E-05   4.8312E-05   3.2278E-05 / 4.8107E-05   
2010   4.562E-03   2.3640E-05   3.7592E-05   2.2831E-05 / 3.6780E-05   
2020   4.562E-03   2.3951E-05   3.8379E-05   2.3772E-05 / 3.8238E-05   
2030   4.562E-03   3.0392E-05   4.5189E-05   3.0392E-05 / 4.5188E-05   
2040   4.562E-03   2.7691E-05   4.1792E-05   2.7688E-05 / 4.1787E-05   
2050   4.562E-03   4.1010E-05   5.3835E-05   4.0968E-05 / 5.3786E-05   
2060   4.562E-03   2.7467E-05   3.9555E-05   2.7296E-05 / 3.9388E-05   
2070   4.562E-03   2.8861E-05   4.2702E-05   2.5594E-05 / 3.9560E-05   
2080   4.562E-03   2.3458E-05   3.8274E-05   2.3245E-05 / 3.8061E-05   
2090   4.562E-03   2.4718E-05   3.8839E-05   2.4716E-05 / 3.8837E-05   
2100   4.562E-03   2.4695E-05   3.7918E-05   2.4695E-05 / 3.7917E-05   
2110   4.562E-03   2.2576E-05   3.7038E-05   2.2357E-05 / 3.6826E-05   
2120   4.562E-03   3.2960E-05   4.6516E-05   3.2960E-05 / 4.6516E-05   
2130   4.562E-03   3.1660E-05   4.7675E-05   3.0723E-05 / 4.6780E-05   
2140   4.562E-03   2.3564E-05   3.6850E-05   2.2464E-05 / 3.5797E-05   
2150   4.562E-03   2.6834E-05   4.1062E-05   2.6790E-05 / 4.1020E-05   
2160   4.562E-03   2.1129E-05   3.5960E-05   2.1045E-05 / 3.5866E-05   
2170   4.562E-03   2.5784E-05   3.9000E-05   2.5778E-05 / 3.8998E-05   
2180   4.562E-03   2.2437E-05   3.8497E-05   2.2080E-05 / 3.8160E-05   
2190   4.562E-03   2.3836E-05   3.7328E-05   2.3810E-05 / 3.7327E-05   
2200   4.562E-03   2.3277E-05   3.7324E-05   2.2473E-05 / 3.6597E-05   
2210   4.562E-03   2.4392E-05   3.9317E-05   2.4197E-05 / 3.9123E-05   
2220   4.562E-03   2.2450E-05   3.5445E-05   2.2404E-05 / 3.5389E-05   
2230   4.562E-03   2.1731E-05   3.5199E-05   2.1456E-05 / 3.4940E-05   
2240   4.562E-03   2.5537E-05   3.9024E-05   2.5432E-05 / 3.8908E-05   
2250   4.562E-03   2.0588E-05   3.3446E-05   2.0515E-05 / 3.3363E-05   
2260   4.562E-03   2.3724E-05   3.8222E-05   2.3724E-05 / 3.8222E-05   
2270   4.562E-03   2.1153E-05   3.6398E-05   2.0877E-05 / 3.6162E-05   
2280   4.562E-03   2.6569E-05   3.7684E-05   2.6569E-05 / 3.7684E-05   
2290   4.562E-03   2.2136E-05   3.4347E-05   2.2119E-05 / 3.4345E-05   
2300   4.562E-03   2.3174E-05   3.4678E-05   2.3079E-05 / 3.4610E-05   
2310   4.562E-03   2.9993E-05   4.5808E-05   2.9693E-05 / 4.5537E-05   
2320   4.562E-03   2.1687E-05   3.5961E-05   2.1685E-05 / 3.5961E-05   
2330   4.562E-03   2.0893E-05   3.6056E-05   2.0889E-05 / 3.6054E-05   
2340   4.562E-03   1.9923E-05   3.3581E-05   1.9889E-05 / 3.3559E-05   
2350   4.562E-03   2.5624E-05   3.7520E-05   2.5584E-05 / 3.7512E-05   
2360   4.562E-03   2.3581E-05   3.3851E-05   2.3333E-05 / 3.3631E-05   
2370   4.562E-03   2.3243E-05   3.3658E-05   2.2515E-05 / 3.3068E-05   
2380   4.562E-03   2.3707E-05   3.8079E-05   2.3705E-05 / 3.8079E-05   
2390   4.562E-03   1.9858E-05   3.2678E-05   1.9768E-05 / 3.2634E-05   
2400   4.562E-03   2.4133E-05   3.6139E-05   2.4126E-05 / 3.6139E-05   
2410   4.562E-03   1.8838E-05   3.3148E-05   1.8813E-05 / 3.3132E-05   
2420   4.562E-03   2.0770E-05   3.4832E-05   1.9750E-05 / 3.3954E-05   
2430   4.562E-03   2.2365E-05   3.6633E-05   2.2273E-05 / 3.6566E-05   
2440   4.562E-03   2.6488E-05   3.9820E-05   2.6460E-05 / 3.9818E-05   
2450   4.562E-03   3.4092E-05   4.9075E-05   3.3264E-05 / 4.8429E-05   
2460   4.562E-03   1.9485E-05   3.1672E-05   1.9372E-05 / 3.1575E-05   
2470   4.562E-03   1.9068E-05   3.2981E-05   1.9058E-05 / 3.2981E-05   
2480   4.562E-03   2.0772E-05   3.3751E-05   2.0671E-05 / 3.3684E-05   
2490   4.562E-03   1.9020E-05   3.2015E-05   1.9014E-05 / 3.2015E-05   
2500   4.562E-03   2.0447E-05   3.2194E-05   2.0397E-05 / 3.2164E-05   
2510   4.562E-03   1.8999E-05   3.1995E-05   1.8556E-05 / 3.1633E-05   
2520   4.562E-03   2.1399E-05   3.3916E-05   1.9744E-05 / 3.2513E-05   
2530   4.562E-03   2.2626E-05   3.4420E-05   2.2525E-05 / 3.4360E-05   
2540   4.562E-03   2.1408E-05   3.4183E-05   2.1407E-05 / 3.4183E-05   
2550   4.562E-03   2.0730E-05   3.3452E-05   2.0729E-05 / 3.3452E-05   
2560   4.562E-03   1.8402E-05   3.2340E-05   1.8296E-05 / 3.2317E-05   
2570   4.562E-03   3.2143E-05   5.0258E-05   3.2134E-05 / 5.0258E-05   
2580   4.562E-03   2.2181E-05   3.4812E-05   2.0774E-05 / 3.3569E-05   
2590   4.562E-03   1.8244E-05   2.9376E-05   1.8172E-05 / 2.9344E-05   
2600   4.562E-03   2.2569E-05   3.2661E-05   2.2433E-05 / 3.2570E-05   
2610   4.562E-03   1.8487E-05   3.1359E-05   1.8364E-05 / 3.1273E-05   
2620   4.562E-03   1.7282E-05   3.0500E-05   1.7126E-05 / 3.0401E-05   
2630   4.562E-03   1.8382E-05   3.1319E-05   1.8379E-05 / 3.1319E-05   
2640   4.562E-03   1.9876E-05   3.1424E-05   1.9070E-05 / 3.0758E-05   
2650   4.562E-03   1.9392E-05   3.1235E-05   1.8751E-05 / 3.0781E-05   
2660   4.562E-03   1.9084E-05   3.1768E-05   1.8548E-05 / 3.1341E-05   
2670   4.562E-03   7.0064E-05   7.9847E-05   7.0064E-05 / 7.9847E-05   
2680   4.562E-03   1.9775E-05   3.2117E-05   1.9774E-05 / 3.2117E-05   
2690   4.562E-03   1.8764E-05   3.1126E-05   1.7823E-05 / 3.0315E-05   
2700   4.562E-03   1.7372E-05   3.0575E-05   1.7327E-05 / 3.0571E-05   
2710   4.562E-03   1.8083E-05   3.0837E-05   1.8079E-05 / 3.0837E-05   
2720   4.562E-03   1.7352E-05   3.0634E-05   1.7004E-05 / 3.0387E-05   
2730   4.562E-03   1.9389E-05   3.1358E-05   1.9389E-05 / 3.1358E-05   
2740   4.562E-03   1.7829E-05   2.9079E-05   1.7628E-05 / 2.8926E-05   
2750   4.562E-03   1.7200E-05   3.0445E-05   1.7185E-05 / 3.0442E-05   
2760   4.562E-03   4.7366E-05   5.3438E-05   4.7237E-05 / 5.3352E-05   
2770   4.562E-03   1.9657E-05   3.0265E-05   1.9628E-05 / 3.0264E-05   
2780   4.562E-03   1.6787E-05   2.8507E-05   1.6142E-05 / 2.7887E-05   
2790   4.562E-03   1.6179E-05   2.7533E-05   1.6091E-05 / 2.7480E-05   
2800   4.562E-03   1.5973E-05   2.8069E-05   1.5930E-05 / 2.8057E-05   
2810   4.562E-03   1.6257E-05   2.7825E-05   1.6226E-05 / 2.7812E-05   
2820   4.562E-03   1.6926E-05   2.9175E-05   1.6926E-05 / 2.9175E-05   
2830   4.562E-03   1.6936E-05   2.9495E-05   1.6531E-05 / 2.9153E-05   
2840   4.562E-03   2.2407E-05   3.6268E-05   2.2407E-05 / 3.6268E-05   
2850   4.562E-03   1.7342E-05   2.9405E-05   1.7342E-05 / 2.9405E-05   
2860   4.562E-03   1.8637E-05   3.1104E-05   1.6718E-05 / 2.9315E-05   
2870   4.562E-03   1.8580E-05   3.0318E-05   1.8577E-05 / 3.0317E-05   
2880   4.562E-03   3.7683E-05   5.0632E-05   3.7678E-05 / 5.0632E-05   
2890   4.562E-03   2.3032E-05   3.4356E-05   2.2956E-05 / 3.4319E-05   
2900   4.562E-03   1.7430E-05   2.9515E-05   1.6210E-05 / 2.8379E-05   
2910   4.562E-03   1.7151E-05   2.8628E-05   1.6737E-05 / 2.8245E-05   
2920   4.562E-03   1.5234E-05   2.7228E-05   1.5199E-05 / 2.7205E-05   
2930   4.562E-03   1.6332E-05   2.8552E-05   1.6162E-05 / 2.8404E-05   
2940   4.562E-03   2.4243E-05   3.4141E-05   2.0609E-05 / 3.0671E-05   
2950   4.562E-03   1.6557E-05   2.7397E-05   1.6482E-05 / 2.7341E-05   
2960   4.562E-03   1.6529E-05   2.7990E-05   1.6527E-05 / 2.7986E-05   
2970   4.562E-03   1.5978E-05   2.7209E-05   1.5911E-05 / 2.7158E-05   
2980   4.562E-03   1.8378E-05   2.9352E-05   1.7271E-05 / 2.8306E-05   
2990   4.562E-03   1.9179E-05   3.1107E-05   1.8841E-05 / 3.0788E-05   
3000   4.562E-03   1.5189E-05   2.6527E-05   1.5114E-05 / 2.6478E-05   
3010   4.562E-03   1.9584E-05   3.1939E-05   1.9499E-05 / 3.1864E-05   
3020   4.562E-03   1.6806E-05   2.9656E-05   1.6635E-05 / 2.9511E-05   
3030   4.562E-03   1.8200E-05   2.8330E-05   1.7879E-05 / 2.8025E-05   
3040   4.562E-03   1.6725E-05   2.8417E-05   1.6637E-05 / 2.8339E-05   
3050   4.562E-03   1.4771E-05   2.6129E-05   1.4746E-05 / 2.6104E-05   
3060   4.562E-03   1.5439E-05   2.7111E-05   1.5439E-05 / 2.7111E-05   
3070   4.562E-03   1.5951E-05   2.7079E-05   1.5728E-05 / 2.6864E-05   
3080   4.562E-03   1.9981E-05   3.0199E-05   1.9981E-05 / 3.0199E-05   
3090   4.562E-03   2.0369E-05   3.2126E-05   2.0369E-05 / 3.2124E-05   
3100   4.562E-03   1.6505E-05   2.7862E-05   1.6287E-05 / 2.7652E-05   
3110   4.562E-03   1.5442E-05   2.6424E-05   1.5437E-05 / 2.6415E-05   
3120   4.562E-03   1.5820E-05   2.9369E-05   1.5564E-05 / 2.9121E-05   
3130   4.562E-03   1.7906E-05   2.8983E-05   1.7785E-05 / 2.8863E-05   
3140   4.562E-03   1.5145E-05   2.7825E-05   1.4794E-05 / 2.7481E-05   
3150   4.562E-03   3.7855E-05   4.8441E-05   3.7399E-05 / 4.8013E-05   
3160   4.562E-03   1.5131E-05   2.7464E-05   1.5127E-05 / 2.7456E-05   
3170   4.562E-03   1.4651E-05   2.5786E-05   1.4598E-05 / 2.5732E-05   
3180   4.562E-03   1.5447E-05   2.7988E-05   1.5446E-05 / 2.7983E-05   
3190   4.562E-03   1.4298E-05   2.5332E-05   1.4204E-05 / 2.5228E-05   
3200   4.562E-03   1.7203E-05   2.7955E-05   1.7203E-05 / 2.7955E-05   
3210   4.562E-03   1.4264E-05   2.5220E-05   1.4211E-05 / 2.5159E-05   
3220   4.562E-03   1.4386E-05   2.6517E-05   1.4336E-05 / 2.6456E-05   
3230   4.562E-03   1.6185E-05   2.7357E-05   1.6026E-05 / 2.7195E-05   
3240   4.562E-03   2.0305E-05   3.0153E-05   1.9819E-05 / 2.9667E-05   
3250   4.562E-03   1.6850E-05   2.7907E-05   1.5109E-05 / 2.6236E-05   
3260   4.562E-03   1.8633E-05   3.2426E-05   1.8633E-05 / 3.2426E-05   
3270   4.562E-03   1.5062E-05   2.6647E-05   1.4596E-05 / 2.6191E-05   
3280   4.562E-03   1.6615E-05   2.9323E-05   1.6591E-05 / 2.9302E-05   
3290   4.562E-03   1.6477E-05   2.6522E-05   1.6475E-05 / 2.6515E-05   
3300   4.562E-03   2.0456E-05   3.2623E-05   2.0443E-05 / 3.2598E-05   
3310   4.562E-03   1.9163E-05   3.1261E-05   1.9163E-05 / 3.1261E-05   
3320   4.562E-03   1.4990E-05   2.6587E-05   1.4984E-05 / 2.6578E-05   
3330   4.562E-03   1.4780E-05   2.6636E-05   1.4643E-05 / 2.6493E-05   
3340   4.562E-03   1.5986E-05   2.7239E-05   1.5792E-05 / 2.7033E-05   
3350   4.562E-03   1.8711E-05   2.8277E-05   1.8573E-05 / 2.8147E-05   
3360   4.562E-03   2.6333E-05   3.5226E-05   2.5903E-05 / 3.4858E-05   
3370   4.562E-03   1.6838E-05   2.8780E-05   1.5938E-05 / 2.7919E-05   
3380   4.562E-03   1.8123E-05   2.9465E-05   1.6431E-05 / 2.7852E-05   
3390   4.562E-03   1.4353E-05   2.6921E-05   1.4162E-05 / 2.6733E-05   
3400   4.562E-03   1.4310E-05   2.6198E-05   1.4238E-05 / 2.6115E-05   
3410   4.562E-03   1.4655E-05   2.6695E-05   1.4655E-05 / 2.6695E-05   
3420   4.562E-03   1.4575E-05   2.5883E-05   1.4563E-05 / 2.5862E-05   
3430   4.562E-03   1.7410E-05   3.0177E-05   1.6151E-05 / 2.8996E-05   
3440   4.562E-03   1.3332E-05   2.5281E-05   1.3299E-05 / 2.5237E-05   
3450   4.562E-03   1.7047E-05   2.8360E-05   1.6795E-05 / 2.8108E-05   
3460   4.562E-03   1.6375E-05   2.7624E-05   1.5702E-05 / 2.7013E-05   
3470   4.562E-03   2.0191E-05   3.0838E-05   2.0191E-05 / 3.0838E-05   
3480   4.562E-03   1.3280E-05   2.6341E-05   1.3185E-05 / 2.6235E-05   
3490   4.562E-03   1.4521E-05   2.6842E-05   1.4521E-05 / 2.6842E-05   
3500   4.562E-03   1.5030E-05   2.6377E-05   1.5030E-05 / 2.6377E-05   
3510   4.562E-03   1.7730E-05   2.9128E-05   1.6520E-05 / 2.7990E-05   
3520   4.562E-03   1.7244E-05   2.9554E-05   1.7244E-05 / 2.9554E-05   
3530   4.562E-03   1.3494E-05   2.5455E-05   1.3140E-05 / 2.5133E-05   
3540   4.562E-03   1.3227E-05   2.5350E-05   1.3219E-05 / 2.5340E-05   
3550   4.562E-03   1.3174E-05   2.5322E-05   1.3118E-05 / 2.5289E-05   
3560   4.562E-03   1.8685E-05   3.0037E-05   1.5032E-05 / 2.6609E-05   
3570   4.562E-03   1.7900E-05   2.9298E-05   1.7839E-05 / 2.9217E-05   
3580   4.562E-03   1.4168E-05   2.6523E-05   1.4018E-05 / 2.6377E-05   
3590   4.562E-03   1.3589E-05   2.5658E-05   1.3305E-05 / 2.5402E-05   
3600   4.562E-03   1.6579E-05   2.7192E-05   1.6553E-05 / 2.7162E-05   
3610   4.562E-03   1.3080E-05   2.6021E-05   1.3046E-05 / 2.5984E-05   
3620   4.562E-03   1.3507E-05   2.5923E-05   1.3024E-05 / 2.5466E-05   
3630   4.562E-03   1.7611E-05   2.8290E-05   1.6967E-05 / 2.7717E-05   
3640   4.562E-03   1.4259E-05   2.6400E-05   1.4133E-05 / 2.6274E-05   
3650   4.562E-03   1.7448E-05   2.8338E-05   1.7448E-05 / 2.8338E-05   
3660   4.562E-03   1.3004E-05   2.5441E-05   1.2810E-05 / 2.5259E-05   
3670   4.562E-03   1.3574E-05   2.5951E-05   1.3418E-05 / 2.5840E-05   
3680   4.562E-03   1.6519E-05   2.9238E-05   1.6519E-05 / 2.9238E-05   
3690   4.562E-03   1.3563E-05   2.6794E-05   1.3436E-05 / 2.6673E-05   
3700   4.562E-03   1.2977E-05   2.6276E-05   1.2885E-05 / 2.6177E-05   
3710   4.562E-03   1.3285E-05   2.6202E-05   1.2535E-05 / 2.5519E-05   
3720   4.562E-03   1.3043E-05   2.5301E-05   1.2718E-05 / 2.5009E-05   
3730   4.562E-03   1.2646E-05   2.5061E-05   1.2639E-05 / 2.5059E-05   
3740   4.562E-03   1.3487E-05   2.7094E-05   1.3295E-05 / 2.6916E-05   
3750   4.562E-03   1.8788E-05   2.9904E-05   1.8785E-05 / 2.9904E-05   
3760   4.562E-03   1.4283E-05   2.6886E-05   1.3520E-05 / 2.6189E-05   
3770   4.562E-03   1.4240E-05   2.7722E-05   1.4240E-05 / 2.7722E-05   
3780   4.562E-03   1.3791E-05   2.7842E-05   1.3734E-05 / 2.7794E-05   
3790   4.562E-03   1.3393E-05   2.6903E-05   1.3309E-05 / 2.6851E-05   
3799   4.562E-03   1.3489E-05   2.5735E-05   1.3489E-05 / 2.5735E-05   
BEST MODEL
===============================================================================================================
3536   4.562E-03   1.3101E-05   2.4121E-05   1.3070E-05 / 2.4083E-05   
===============================================================================================================
Saved model to /home/nikki/kan/kanTBNN/models/multi_run/kan_experiment_164_opt/kanTBNN-24Nov08_15:15:10.pickle
