========== Dataset info ==========
Dataset params: {'file': '/home/nikki/kan/data/turbulence_dataset_clean.csv', 'Cases': ['fp_1000', 'fp_1410', 'fp_2000', 'fp_2540', 'fp_3030', 'fp_3270', 'fp_3630', 'fp_3970', 'fp_4060'], 'val_set': ['fp_3030', 'fp_1410', 'fp_4060'], 'test_set': ['fp_3630'], 'data_loader': <class 'tbnn.dataloaders.aDataset'>}
Train/Valid/Test points: 760 / 468 / 168
Memorization?: False
Cluster training?: False
EPOCH     LR        TRAIN         VALID             MSE:T/V                  RL:T/V             %NR_t/%NR_v
===============================================================================================================
  1   3.263E-03   1.2665E-01   1.2243E-01   1.2665E-01 / 1.2243E-01   
 10   3.263E-03   1.1205E-02   1.0624E-02   1.1205E-02 / 1.0624E-02   
 20   3.263E-03   5.2473E-03   5.0445E-03   5.2465E-03 / 5.0439E-03   
 30   3.263E-03   3.6954E-03   3.5581E-03   3.6934E-03 / 3.5565E-03   
 40   3.263E-03   2.9302E-03   2.8283E-03   2.9291E-03 / 2.8274E-03   
 50   3.263E-03   2.4117E-03   2.3498E-03   2.4105E-03 / 2.3492E-03   
 60   3.263E-03   2.0826E-03   2.0538E-03   2.0820E-03 / 2.0536E-03   
 70   3.263E-03   1.8609E-03   1.8633E-03   1.8602E-03 / 1.8626E-03   
 80   3.263E-03   1.6899E-03   1.7136E-03   1.6893E-03 / 1.7122E-03   
 90   3.263E-03   1.5294E-03   1.5763E-03   1.5289E-03 / 1.5745E-03   
100   3.263E-03   1.3730E-03   1.4274E-03   1.3723E-03 / 1.4252E-03   
110   3.263E-03   1.2241E-03   1.2933E-03   1.2235E-03 / 1.2904E-03   
120   3.263E-03   1.0968E-03   1.2055E-03   1.0959E-03 / 1.2009E-03   
130   3.263E-03   9.9126E-04   1.1193E-03   9.9041E-04 / 1.1122E-03   
140   3.263E-03   9.0117E-04   1.0545E-03   9.0048E-04 / 1.0465E-03   
150   3.263E-03   8.2641E-04   9.9011E-04   8.2567E-04 / 9.8227E-04   
160   3.263E-03   7.5189E-04   9.0156E-04   7.5126E-04 / 8.9768E-04   
170   3.263E-03   6.9610E-04   8.3443E-04   6.9542E-04 / 8.3134E-04   
180   3.263E-03   6.4738E-04   7.9534E-04   6.4654E-04 / 7.9317E-04   
190   3.263E-03   6.0891E-04   7.3197E-04   6.0845E-04 / 7.2942E-04   
200   3.263E-03   5.7623E-04   6.9971E-04   5.7595E-04 / 6.9846E-04   
210   3.263E-03   5.3373E-04   6.6083E-04   5.3370E-04 / 6.5969E-04   
220   3.263E-03   5.3739E-04   6.6422E-04   5.3685E-04 / 6.6397E-04   
230   3.263E-03   4.8956E-04   6.2916E-04   4.8953E-04 / 6.2900E-04   
240   3.263E-03   5.1610E-04   6.6102E-04   5.1576E-04 / 6.6072E-04   
250   3.263E-03   4.3895E-04   5.8901E-04   4.3885E-04 / 5.8833E-04   
260   3.263E-03   4.2958E-04   5.8987E-04   4.2954E-04 / 5.8950E-04   
270   3.263E-03   4.2173E-04   5.7467E-04   4.2153E-04 / 5.7430E-04   
280   3.263E-03   4.0613E-04   5.3906E-04   4.0545E-04 / 5.3852E-04   
290   3.263E-03   3.7427E-04   5.6068E-04   3.7370E-04 / 5.5993E-04   
300   3.263E-03   3.6843E-04   5.2691E-04   3.6802E-04 / 5.2612E-04   
310   3.263E-03   3.8900E-04   5.3372E-04   3.8849E-04 / 5.3294E-04   
320   3.263E-03   3.5797E-04   5.3971E-04   3.5689E-04 / 5.3793E-04   
330   3.263E-03   3.9770E-04   5.4909E-04   3.9688E-04 / 5.4799E-04   
340   3.263E-03   3.3788E-04   5.9177E-04   3.3695E-04 / 5.9094E-04   
350   3.263E-03   3.5517E-04   5.6020E-04   3.5409E-04 / 5.5900E-04   
360   3.263E-03   3.2116E-04   5.3583E-04   3.2044E-04 / 5.3526E-04   
370   3.263E-03   3.1638E-04   5.3437E-04   3.1556E-04 / 5.3366E-04   
380   3.263E-03   3.1508E-04   5.3323E-04   3.1416E-04 / 5.3244E-04   
390   3.263E-03   3.1110E-04   5.9574E-04   3.1066E-04 / 5.9525E-04   
400   3.263E-03   3.2001E-04   5.4016E-04   3.1939E-04 / 5.3964E-04   
410   3.263E-03   2.9977E-04   5.5120E-04   2.9940E-04 / 5.5091E-04   
420   3.263E-03   3.0215E-04   6.1285E-04   3.0171E-04 / 6.1243E-04   
430   3.263E-03   2.9300E-04   5.9655E-04   2.9231E-04 / 5.9587E-04   
440   3.263E-03   3.0779E-04   6.8011E-04   3.0732E-04 / 6.7965E-04   
450   3.263E-03   3.1900E-04   7.2915E-04   3.1885E-04 / 7.2895E-04   
460   3.263E-03   2.8204E-04   6.0420E-04   2.8152E-04 / 6.0372E-04   
470   3.263E-03   2.7031E-04   6.3500E-04   2.6984E-04 / 6.3415E-04   
480   3.263E-03   2.7025E-04   6.9190E-04   2.6987E-04 / 6.9131E-04   
490   3.263E-03   2.6678E-04   6.8994E-04   2.6644E-04 / 6.8908E-04   
500   3.263E-03   3.5523E-04   8.3657E-04   3.5495E-04 / 8.3647E-04   
510   3.263E-03   2.6311E-04   6.4329E-04   2.6284E-04 / 6.4277E-04   
520   3.263E-03   2.7911E-04   7.2686E-04   2.7883E-04 / 7.2643E-04   
530   3.263E-03   2.8566E-04   6.7559E-04   2.8525E-04 / 6.7495E-04   
540   3.263E-03   2.5090E-04   6.7688E-04   2.5053E-04 / 6.7621E-04   
550   3.263E-03   2.4755E-04   7.1827E-04   2.4733E-04 / 7.1777E-04   
554   3.263E-03   2.5292E-04   7.1564E-04   2.5260E-04 / 7.1517E-04   
BEST MODEL
===============================================================================================================
291   3.263E-03   3.8244E-04   5.1539E-04   3.8230E-04 / 5.1505E-04   
===============================================================================================================
Saved model to /home/nikki/kan/kanTBNN/models/multi_run/kan_experiment_40_opt/kanTBNN-24Nov05_05:05:59.pickle
