========== Dataset info ==========
Dataset params: {'file': '/home/nikki/kan/data/turbulence_dataset_clean.csv', 'Cases': ['fp_1000', 'fp_1410', 'fp_2000', 'fp_2540', 'fp_3030', 'fp_3270', 'fp_3630', 'fp_3970', 'fp_4060'], 'val_set': ['fp_3030', 'fp_1410', 'fp_4060'], 'test_set': ['fp_3630'], 'data_loader': <class 'tbnn.dataloaders.aDataset'>}
Train/Valid/Test points: 760 / 468 / 168
Memorization?: False
Cluster training?: False
EPOCH     LR        TRAIN         VALID             MSE:T/V                  RL:T/V             %NR_t/%NR_v
===============================================================================================================
  1   3.016E-03   1.7016E-01   1.6737E-01   1.7016E-01 / 1.6737E-01   
 10   3.016E-03   4.1641E-03   3.9432E-03   4.1634E-03 / 3.9425E-03   
 20   3.016E-03   2.4887E-03   2.3864E-03   2.4882E-03 / 2.3859E-03   
 30   3.016E-03   1.9140E-03   1.8485E-03   1.9137E-03 / 1.8481E-03   
 40   3.016E-03   1.5872E-03   1.5320E-03   1.5871E-03 / 1.5319E-03   
 50   3.016E-03   1.3503E-03   1.3043E-03   1.3500E-03 / 1.3041E-03   
 60   3.016E-03   1.1694E-03   1.1318E-03   1.1686E-03 / 1.1311E-03   
 70   3.016E-03   1.0246E-03   9.9504E-04   1.0240E-03 / 9.9450E-04   
 80   3.016E-03   9.0462E-04   8.7794E-04   9.0446E-04 / 8.7780E-04   
 90   3.016E-03   8.0635E-04   7.8192E-04   8.0617E-04 / 7.8172E-04   
100   3.016E-03   7.2716E-04   7.0579E-04   7.2637E-04 / 7.0509E-04   
110   3.016E-03   6.5244E-04   6.3333E-04   6.5220E-04 / 6.3311E-04   
120   3.016E-03   5.9169E-04   5.7420E-04   5.9142E-04 / 5.7388E-04   
130   3.016E-03   5.4296E-04   5.2958E-04   5.4266E-04 / 5.2919E-04   
140   3.016E-03   4.9361E-04   4.8205E-04   4.9346E-04 / 4.8176E-04   
150   3.016E-03   4.5706E-04   4.4897E-04   4.5697E-04 / 4.4875E-04   
160   3.016E-03   4.4134E-04   4.3312E-04   4.4081E-04 / 4.3210E-04   
170   3.016E-03   3.9774E-04   3.8843E-04   3.9762E-04 / 3.8791E-04   
180   3.016E-03   3.7636E-04   3.6871E-04   3.7611E-04 / 3.6798E-04   
190   3.016E-03   3.5858E-04   3.5787E-04   3.5847E-04 / 3.5698E-04   
200   3.016E-03   3.3325E-04   3.3589E-04   3.3307E-04 / 3.3453E-04   
210   3.016E-03   3.1455E-04   3.1336E-04   3.1435E-04 / 3.1186E-04   
220   3.016E-03   2.9779E-04   2.9905E-04   2.9767E-04 / 2.9740E-04   
230   3.016E-03   2.8397E-04   2.8857E-04   2.8377E-04 / 2.8665E-04   
240   3.016E-03   2.7075E-04   2.7324E-04   2.7066E-04 / 2.7102E-04   
250   3.016E-03   2.6113E-04   2.6394E-04   2.6103E-04 / 2.6175E-04   
260   3.016E-03   2.4948E-04   2.5706E-04   2.4933E-04 / 2.5378E-04   
270   3.016E-03   2.7555E-04   2.8104E-04   2.7526E-04 / 2.7732E-04   
280   3.016E-03   2.3146E-04   2.3827E-04   2.3130E-04 / 2.3425E-04   
290   3.016E-03   2.2277E-04   2.3371E-04   2.2273E-04 / 2.2925E-04   
300   3.016E-03   2.2335E-04   2.3420E-04   2.2329E-04 / 2.2938E-04   
310   3.016E-03   2.0692E-04   2.1885E-04   2.0659E-04 / 2.1314E-04   
320   3.016E-03   1.9949E-04   2.1412E-04   1.9948E-04 / 2.0764E-04   
330   3.016E-03   1.9083E-04   2.0874E-04   1.9080E-04 / 2.0218E-04   
340   3.016E-03   1.8938E-04   2.0769E-04   1.8914E-04 / 1.9948E-04   
350   3.016E-03   1.8063E-04   1.9823E-04   1.8043E-04 / 1.9141E-04   
360   3.016E-03   1.7757E-04   1.9879E-04   1.7724E-04 / 1.9074E-04   
370   3.016E-03   1.6783E-04   1.9134E-04   1.6766E-04 / 1.8187E-04   
380   3.016E-03   1.7969E-04   2.0588E-04   1.7969E-04 / 1.9589E-04   
390   3.016E-03   1.5766E-04   1.8179E-04   1.5765E-04 / 1.7028E-04   
400   3.016E-03   1.5118E-04   1.8018E-04   1.5113E-04 / 1.6613E-04   
410   3.016E-03   1.4931E-04   1.7588E-04   1.4878E-04 / 1.6344E-04   
420   3.016E-03   3.2181E-04   3.4123E-04   3.1926E-04 / 3.3140E-04   
430   3.016E-03   1.4134E-04   1.7374E-04   1.4127E-04 / 1.5807E-04   
440   3.016E-03   1.3736E-04   1.7294E-04   1.3668E-04 / 1.5506E-04   
450   3.016E-03   1.3323E-04   1.6833E-04   1.3316E-04 / 1.5030E-04   
460   3.016E-03   1.2842E-04   1.6605E-04   1.2824E-04 / 1.4683E-04   
470   3.016E-03   1.2533E-04   1.6261E-04   1.2531E-04 / 1.4402E-04   
480   3.016E-03   1.2170E-04   1.5911E-04   1.2159E-04 / 1.3818E-04   
490   3.016E-03   1.1679E-04   1.5595E-04   1.1671E-04 / 1.3571E-04   
500   3.016E-03   1.1326E-04   1.5315E-04   1.1281E-04 / 1.3102E-04   
510   3.016E-03   1.3064E-04   1.6722E-04   1.3003E-04 / 1.4760E-04   
520   3.016E-03   1.0652E-04   1.5160E-04   1.0645E-04 / 1.2716E-04   
530   3.016E-03   1.0414E-04   1.5030E-04   1.0412E-04 / 1.2523E-04   
540   3.016E-03   1.0627E-04   1.5305E-04   1.0618E-04 / 1.2743E-04   
550   3.016E-03   1.0133E-04   1.5246E-04   1.0126E-04 / 1.2469E-04   
560   3.016E-03   9.4865E-05   1.4339E-04   9.4837E-05 / 1.1632E-04   
570   3.016E-03   9.3749E-05   1.4256E-04   9.3732E-05 / 1.1543E-04   
580   3.016E-03   9.7096E-05   1.4838E-04   9.7096E-05 / 1.1901E-04   
590   3.016E-03   8.8456E-05   1.4042E-04   8.8456E-05 / 1.1056E-04   
600   3.016E-03   8.5796E-05   1.3920E-04   8.5795E-05 / 1.0887E-04   
610   3.016E-03   8.3807E-05   1.3718E-04   8.3688E-05 / 1.0649E-04   
620   3.016E-03   8.3539E-05   1.3939E-04   8.3401E-05 / 1.0673E-04   
630   3.016E-03   8.0800E-05   1.3696E-04   8.0794E-05 / 1.0471E-04   
640   3.016E-03   1.0621E-04   1.5653E-04   1.0490E-04 / 1.2668E-04   
650   3.016E-03   7.9529E-05   1.3584E-04   7.9529E-05 / 1.0330E-04   
660   3.016E-03   7.5276E-05   1.2824E-04   7.5142E-05 / 9.5652E-05   
670   3.016E-03   7.3049E-05   1.2644E-04   7.3038E-05 / 9.3939E-05   
680   3.016E-03   7.1109E-05   1.3050E-04   7.1047E-05 / 9.5543E-05   
690   3.016E-03   8.4745E-05   1.4405E-04   8.4710E-05 / 1.0764E-04   
700   3.016E-03   6.9181E-05   1.2917E-04   6.9181E-05 / 9.1843E-05   
710   3.016E-03   6.6946E-05   1.3099E-04   6.6870E-05 / 9.1921E-05   
720   3.016E-03   6.5179E-05   1.2806E-04   6.5141E-05 / 8.9608E-05   
730   3.016E-03   6.9953E-05   1.4044E-04   6.9820E-05 / 9.4853E-05   
740   3.016E-03   6.1922E-05   1.2819E-04   6.1915E-05 / 8.7825E-05   
750   3.016E-03   6.0662E-05   1.2797E-04   6.0286E-05 / 8.6025E-05   
760   3.016E-03   6.4452E-05   1.2246E-04   6.4197E-05 / 8.2938E-05   
770   3.016E-03   5.7369E-05   1.2466E-04   5.7359E-05 / 8.2350E-05   
780   3.016E-03   6.0081E-05   1.2752E-04   6.0081E-05 / 8.6236E-05   
790   3.016E-03   5.8872E-05   1.3220E-04   5.8872E-05 / 8.4557E-05   
800   3.016E-03   5.4566E-05   1.3641E-04   5.3919E-05 / 8.4448E-05   
810   3.016E-03   5.8104E-05   1.3166E-04   5.7757E-05 / 8.5757E-05   
820   3.016E-03   5.8320E-05   1.3756E-04   5.7803E-05 / 8.6558E-05   
830   3.016E-03   7.3780E-05   1.0159E-04   7.2748E-05 / 8.1050E-05   
840   3.016E-03   5.2168E-05   1.3029E-04   5.2168E-05 / 7.9741E-05   
850   3.016E-03   5.0093E-05   1.3018E-04   5.0093E-05 / 7.8302E-05   
860   3.016E-03   4.9218E-05   1.2502E-04   4.9150E-05 / 7.6663E-05   
870   3.016E-03   4.8582E-05   1.3157E-04   4.8452E-05 / 7.7590E-05   
880   3.016E-03   4.7806E-05   1.3248E-04   4.7580E-05 / 7.7081E-05   
890   3.016E-03   4.9478E-05   1.3672E-04   4.9478E-05 / 8.0229E-05   
900   3.016E-03   4.5654E-05   1.4154E-04   4.5621E-05 / 7.9556E-05   
910   3.016E-03   4.4259E-05   1.3327E-04   4.4250E-05 / 7.5706E-05   
920   3.016E-03   4.3952E-05   1.3214E-04   4.3952E-05 / 7.5049E-05   
930   3.016E-03   4.4748E-05   1.3708E-04   4.4715E-05 / 7.7065E-05   
940   3.016E-03   4.4238E-05   1.3222E-04   4.4116E-05 / 7.4788E-05   
950   3.016E-03   4.2169E-05   1.3333E-04   4.1407E-05 / 7.3705E-05   
960   3.016E-03   4.2105E-05   1.4407E-04   4.1896E-05 / 7.6981E-05   
970   3.016E-03   4.4969E-05   1.4614E-04   4.4737E-05 / 7.7638E-05   
980   3.016E-03   3.9163E-05   1.3711E-04   3.9122E-05 / 7.3672E-05   
990   3.016E-03   4.2224E-05   1.5549E-04   4.2189E-05 / 8.1231E-05   
1000   3.016E-03   3.9309E-05   1.4747E-04   3.9258E-05 / 7.6064E-05   
1010   3.016E-03   3.8977E-05   1.5595E-04   3.8843E-05 / 7.8158E-05   
1020   3.016E-03   3.7429E-05   1.3777E-04   3.7115E-05 / 7.1347E-05   
1030   3.016E-03   3.7657E-05   1.3078E-04   3.7169E-05 / 6.9701E-05   
1040   3.016E-03   3.6725E-05   1.4003E-04   3.6725E-05 / 7.2153E-05   
1050   3.016E-03   3.6471E-05   1.5266E-04   3.6470E-05 / 7.5407E-05   
1060   3.016E-03   3.6868E-05   1.4644E-04   3.6436E-05 / 7.3899E-05   
1070   3.016E-03   4.9108E-05   1.5525E-04   4.9015E-05 / 8.3685E-05   
1080   3.016E-03   3.4610E-05   1.5797E-04   3.4550E-05 / 7.5439E-05   
1090   3.016E-03   3.3969E-05   1.6020E-04   3.3939E-05 / 7.5284E-05   
BEST MODEL
===============================================================================================================
830   3.016E-03   7.3780E-05   1.0159E-04   7.2748E-05 / 8.1050E-05   
===============================================================================================================
Saved model to /home/nikki/kan/kanTBNN/models/multi_run/kan_experiment_168_opt/kanTBNN-24Nov08_17:31:07.pickle
