========== Dataset info ==========
Dataset params: {'file': '/home/nikki/kan/data/turbulence_dataset_clean.csv', 'Cases': ['fp_1000', 'fp_1410', 'fp_2000', 'fp_2540', 'fp_3030', 'fp_3270', 'fp_3630', 'fp_3970', 'fp_4060'], 'val_set': ['fp_3030', 'fp_1410', 'fp_4060'], 'test_set': ['fp_3630'], 'data_loader': <class 'tbnn.dataloaders.aDataset'>}
Train/Valid/Test points: 760 / 468 / 168
Memorization?: False
Cluster training?: False
EPOCH     LR        TRAIN         VALID             MSE:T/V                  RL:T/V             %NR_t/%NR_v
===============================================================================================================
  1   3.042E-03   1.9523E-01   1.8888E-01   1.9523E-01 / 1.8888E-01   
 10   3.042E-03   1.0210E-02   9.6906E-03   1.0210E-02 / 9.6906E-03   
 20   3.042E-03   3.3647E-03   3.1377E-03   3.3608E-03 / 3.1344E-03   
 30   3.042E-03   2.4260E-03   2.2944E-03   2.4241E-03 / 2.2929E-03   
 40   3.042E-03   1.9505E-03   1.8527E-03   1.9477E-03 / 1.8504E-03   
 50   3.042E-03   1.6395E-03   1.5653E-03   1.6377E-03 / 1.5638E-03   
 60   3.042E-03   1.4250E-03   1.3817E-03   1.4233E-03 / 1.3801E-03   
 70   3.042E-03   1.2680E-03   1.2509E-03   1.2676E-03 / 1.2506E-03   
 80   3.042E-03   1.1494E-03   1.1457E-03   1.1492E-03 / 1.1454E-03   
 90   3.042E-03   1.0557E-03   1.0457E-03   1.0553E-03 / 1.0453E-03   
100   3.042E-03   9.8339E-04   9.7746E-04   9.8227E-04 / 9.7635E-04   
110   3.042E-03   9.2265E-04   9.1840E-04   9.2114E-04 / 9.1684E-04   
120   3.042E-03   8.6324E-04   8.6171E-04   8.6172E-04 / 8.6026E-04   
130   3.042E-03   8.0937E-04   8.1161E-04   8.0750E-04 / 8.0972E-04   
140   3.042E-03   7.5786E-04   7.6836E-04   7.5611E-04 / 7.6662E-04   
150   3.042E-03   7.1029E-04   7.3281E-04   7.0855E-04 / 7.3127E-04   
160   3.042E-03   6.6656E-04   6.9798E-04   6.6535E-04 / 6.9695E-04   
170   3.042E-03   6.3185E-04   6.6574E-04   6.3102E-04 / 6.6495E-04   
180   3.042E-03   5.9663E-04   6.3829E-04   5.9561E-04 / 6.3747E-04   
190   3.042E-03   5.7206E-04   6.2005E-04   5.7117E-04 / 6.1940E-04   
200   3.042E-03   5.4188E-04   5.8564E-04   5.4095E-04 / 5.8486E-04   
210   3.042E-03   5.1432E-04   5.6480E-04   5.1347E-04 / 5.6408E-04   
220   3.042E-03   4.9268E-04   5.3458E-04   4.9184E-04 / 5.3382E-04   
230   3.042E-03   4.7125E-04   5.1772E-04   4.7066E-04 / 5.1721E-04   
240   3.042E-03   4.4886E-04   5.0348E-04   4.4836E-04 / 5.0309E-04   
250   3.042E-03   4.3441E-04   4.9518E-04   4.3400E-04 / 4.9484E-04   
260   3.042E-03   4.1482E-04   4.8072E-04   4.1441E-04 / 4.8039E-04   
270   3.042E-03   4.0326E-04   4.6118E-04   4.0276E-04 / 4.6091E-04   
280   3.042E-03   3.8920E-04   4.4349E-04   3.8877E-04 / 4.4318E-04   
290   3.042E-03   3.7578E-04   4.3678E-04   3.7512E-04 / 4.3629E-04   
300   3.042E-03   3.8176E-04   4.5597E-04   3.8108E-04 / 4.5538E-04   
310   3.042E-03   3.5579E-04   4.1233E-04   3.5506E-04 / 4.1165E-04   
320   3.042E-03   3.5252E-04   4.0861E-04   3.5175E-04 / 4.0787E-04   
330   3.042E-03   3.4063E-04   3.9707E-04   3.3975E-04 / 3.9619E-04   
340   3.042E-03   3.3088E-04   3.8319E-04   3.2988E-04 / 3.8221E-04   
350   3.042E-03   3.2874E-04   3.8752E-04   3.2780E-04 / 3.8662E-04   
360   3.042E-03   3.2856E-04   3.8073E-04   3.2753E-04 / 3.7976E-04   
370   3.042E-03   3.2578E-04   3.7306E-04   3.2474E-04 / 3.7212E-04   
380   3.042E-03   3.0765E-04   3.4286E-04   3.0656E-04 / 3.4188E-04   
390   3.042E-03   2.9299E-04   3.2791E-04   2.9195E-04 / 3.2704E-04   
400   3.042E-03   2.9564E-04   3.4160E-04   2.9456E-04 / 3.4070E-04   
410   3.042E-03   3.4441E-04   3.7946E-04   3.4338E-04 / 3.7860E-04   
420   3.042E-03   2.7401E-04   3.1367E-04   2.7297E-04 / 3.1283E-04   
430   3.042E-03   2.6819E-04   3.1138E-04   2.6727E-04 / 3.1065E-04   
440   3.042E-03   2.6035E-04   3.0453E-04   2.5954E-04 / 3.0387E-04   
450   3.042E-03   2.5689E-04   2.9892E-04   2.5608E-04 / 2.9825E-04   
460   3.042E-03   2.5518E-04   3.0769E-04   2.5459E-04 / 3.0721E-04   
470   3.042E-03   2.4758E-04   2.9502E-04   2.4709E-04 / 2.9463E-04   
480   3.042E-03   2.3982E-04   2.7988E-04   2.3933E-04 / 2.7948E-04   
490   3.042E-03   2.4987E-04   2.8829E-04   2.4943E-04 / 2.8794E-04   
500   3.042E-03   2.2892E-04   2.7982E-04   2.2856E-04 / 2.7954E-04   
510   3.042E-03   2.2162E-04   2.7392E-04   2.2133E-04 / 2.7370E-04   
520   3.042E-03   2.2240E-04   2.7151E-04   2.2211E-04 / 2.7129E-04   
530   3.042E-03   2.0625E-04   2.5221E-04   2.0596E-04 / 2.5200E-04   
540   3.042E-03   2.0063E-04   2.5381E-04   2.0034E-04 / 2.5356E-04   
550   3.042E-03   1.9595E-04   2.4579E-04   1.9577E-04 / 2.4567E-04   
560   3.042E-03   1.9288E-04   2.4312E-04   1.9273E-04 / 2.4303E-04   
570   3.042E-03   2.0304E-04   2.7171E-04   2.0285E-04 / 2.7164E-04   
580   3.042E-03   2.0906E-04   2.4972E-04   2.0894E-04 / 2.4966E-04   
590   3.042E-03   1.7142E-04   2.1318E-04   1.7129E-04 / 2.1311E-04   
600   3.042E-03   1.6631E-04   2.1794E-04   1.6608E-04 / 2.1778E-04   
610   3.042E-03   1.6648E-04   2.1162E-04   1.6635E-04 / 2.1152E-04   
620   3.042E-03   1.5783E-04   2.1085E-04   1.5770E-04 / 2.1071E-04   
630   3.042E-03   1.5348E-04   2.0602E-04   1.5303E-04 / 2.0550E-04   
640   3.042E-03   1.5750E-04   2.0372E-04   1.5702E-04 / 2.0319E-04   
650   3.042E-03   1.6144E-04   2.0185E-04   1.6136E-04 / 2.0176E-04   
660   3.042E-03   1.3819E-04   1.8771E-04   1.3756E-04 / 1.8715E-04   
670   3.042E-03   1.4537E-04   1.9175E-04   1.4499E-04 / 1.9149E-04   
680   3.042E-03   1.3125E-04   1.7866E-04   1.3120E-04 / 1.7861E-04   
690   3.042E-03   1.3353E-04   1.8065E-04   1.3348E-04 / 1.8061E-04   
700   3.042E-03   1.2338E-04   1.6829E-04   1.2333E-04 / 1.6824E-04   
710   3.042E-03   1.2695E-04   1.7559E-04   1.2683E-04 / 1.7546E-04   
720   3.042E-03   1.1656E-04   1.6479E-04   1.1644E-04 / 1.6468E-04   
730   3.042E-03   1.1624E-04   1.6953E-04   1.1601E-04 / 1.6923E-04   
740   3.042E-03   1.1276E-04   1.5914E-04   1.1272E-04 / 1.5911E-04   
750   3.042E-03   1.1651E-04   1.5952E-04   1.1630E-04 / 1.5928E-04   
760   3.042E-03   1.0488E-04   1.5331E-04   1.0451E-04 / 1.5287E-04   
770   3.042E-03   1.0838E-04   1.6496E-04   1.0816E-04 / 1.6475E-04   
780   3.042E-03   1.0299E-04   1.5186E-04   1.0296E-04 / 1.5184E-04   
790   3.042E-03   1.1580E-04   1.6902E-04   1.1579E-04 / 1.6901E-04   
800   3.042E-03   1.0518E-04   1.4707E-04   1.0199E-04 / 1.4401E-04   
810   3.042E-03   9.8461E-05   1.4001E-04   9.8412E-05 / 1.3999E-04   
820   3.042E-03   9.0516E-05   1.3442E-04   9.0437E-05 / 1.3439E-04   
830   3.042E-03   1.0804E-04   1.5334E-04   1.0803E-04 / 1.5334E-04   
840   3.042E-03   8.8073E-05   1.3968E-04   8.7606E-05 / 1.3938E-04   
850   3.042E-03   8.9310E-05   1.3077E-04   8.8655E-05 / 1.3027E-04   
860   3.042E-03   9.2273E-05   1.4559E-04   9.1269E-05 / 1.4474E-04   
870   3.042E-03   8.3967E-05   1.3160E-04   8.3904E-05 / 1.3152E-04   
880   3.042E-03   8.0946E-05   1.2955E-04   8.0905E-05 / 1.2955E-04   
890   3.042E-03   8.1673E-05   1.3452E-04   8.1406E-05 / 1.3422E-04   
900   3.042E-03   7.8807E-05   1.2734E-04   7.8791E-05 / 1.2731E-04   
910   3.042E-03   8.4624E-05   1.3701E-04   8.4486E-05 / 1.3681E-04   
920   3.042E-03   8.0727E-05   1.2387E-04   7.9933E-05 / 1.2328E-04   
930   3.042E-03   7.2483E-05   1.2362E-04   7.2403E-05 / 1.2352E-04   
940   3.042E-03   7.3571E-05   1.1832E-04   7.3532E-05 / 1.1828E-04   
950   3.042E-03   7.5079E-05   1.2716E-04   7.4524E-05 / 1.2663E-04   
960   3.042E-03   7.7103E-05   1.2728E-04   7.6926E-05 / 1.2714E-04   
970   3.042E-03   7.0690E-05   1.2739E-04   7.0477E-05 / 1.2721E-04   
980   3.042E-03   6.8933E-05   1.1491E-04   6.8922E-05 / 1.1491E-04   
990   3.042E-03   6.7843E-05   1.0918E-04   6.7821E-05 / 1.0917E-04   
1000   3.042E-03   1.0780E-04   1.4015E-04   1.0642E-04 / 1.3886E-04   
1010   3.042E-03   6.3836E-05   1.0765E-04   6.3833E-05 / 1.0765E-04   
1020   3.042E-03   6.1459E-05   1.0912E-04   6.1382E-05 / 1.0911E-04   
1030   3.042E-03   6.1194E-05   1.0400E-04   6.1190E-05 / 1.0400E-04   
1040   3.042E-03   6.4557E-05   1.1113E-04   6.2042E-05 / 1.0875E-04   
1050   3.042E-03   5.9693E-05   1.0180E-04   5.9616E-05 / 1.0176E-04   
1060   3.042E-03   5.8376E-05   9.8687E-05   5.7871E-05 / 9.8319E-05   
1070   3.042E-03   5.9446E-05   1.0023E-04   5.9276E-05 / 1.0010E-04   
1080   3.042E-03   6.6045E-05   1.0410E-04   6.5832E-05 / 1.0391E-04   
1090   3.042E-03   5.7817E-05   9.7525E-05   5.7768E-05 / 9.7459E-05   
1100   3.042E-03   5.6446E-05   9.9589E-05   5.6443E-05 / 9.9589E-05   
1110   3.042E-03   5.4226E-05   9.8621E-05   5.3537E-05 / 9.7935E-05   
1120   3.042E-03   5.6662E-05   9.2338E-05   5.6445E-05 / 9.2080E-05   
1130   3.042E-03   5.5328E-05   9.4914E-05   5.4210E-05 / 9.3805E-05   
1140   3.042E-03   5.2943E-05   9.5074E-05   5.2882E-05 / 9.4982E-05   
1150   3.042E-03   5.1689E-05   8.9559E-05   5.0907E-05 / 8.8737E-05   
1160   3.042E-03   5.2186E-05   9.3923E-05   5.1840E-05 / 9.3519E-05   
1170   3.042E-03   5.0917E-05   8.9621E-05   5.0258E-05 / 8.8938E-05   
1180   3.042E-03   5.3313E-05   9.1222E-05   5.3310E-05 / 9.1221E-05   
1190   3.042E-03   6.0187E-05   1.0873E-04   6.0152E-05 / 1.0873E-04   
1200   3.042E-03   4.9392E-05   9.2740E-05   4.9186E-05 / 9.2547E-05   
1210   3.042E-03   5.0226E-05   8.6924E-05   5.0095E-05 / 8.6818E-05   
1220   3.042E-03   4.7523E-05   8.6292E-05   4.7519E-05 / 8.6291E-05   
1230   3.042E-03   5.6958E-05   9.9099E-05   5.6437E-05 / 9.8635E-05   
1240   3.042E-03   4.7745E-05   8.5661E-05   4.7744E-05 / 8.5660E-05   
1250   3.042E-03   4.7362E-05   8.2623E-05   4.7312E-05 / 8.2584E-05   
1260   3.042E-03   7.7225E-05   1.0787E-04   7.6962E-05 / 1.0768E-04   
1270   3.042E-03   4.7692E-05   8.4829E-05   4.5996E-05 / 8.3092E-05   
1280   3.042E-03   4.3005E-05   7.7788E-05   4.2998E-05 / 7.7774E-05   
1290   3.042E-03   5.2988E-05   9.1008E-05   5.2905E-05 / 9.0955E-05   
1300   3.042E-03   6.3634E-05   9.4242E-05   6.3488E-05 / 9.4157E-05   
1310   3.042E-03   4.8434E-05   8.4059E-05   4.5123E-05 / 8.0589E-05   
1320   3.042E-03   4.2024E-05   7.9564E-05   4.2019E-05 / 7.9549E-05   
1330   3.042E-03   4.9255E-05   8.1353E-05   4.9231E-05 / 8.1352E-05   
1340   3.042E-03   4.0463E-05   7.6747E-05   4.0055E-05 / 7.6363E-05   
1350   3.042E-03   4.0451E-05   7.5541E-05   4.0273E-05 / 7.5407E-05   
1360   3.042E-03   4.2774E-05   7.2430E-05   4.2761E-05 / 7.2410E-05   
1370   3.042E-03   3.9611E-05   7.1649E-05   3.9283E-05 / 7.1336E-05   
1380   3.042E-03   4.1393E-05   7.3768E-05   4.0920E-05 / 7.3317E-05   
1390   3.042E-03   4.3194E-05   8.1022E-05   4.2615E-05 / 8.0441E-05   
1400   3.042E-03   6.2154E-05   8.6388E-05   6.1673E-05 / 8.5960E-05   
1410   3.042E-03   4.4756E-05   7.4232E-05   4.1830E-05 / 7.1212E-05   
1420   3.042E-03   3.8778E-05   6.9460E-05   3.8186E-05 / 6.8847E-05   
1430   3.042E-03   3.7331E-05   7.1107E-05   3.7253E-05 / 7.1018E-05   
1440   3.042E-03   4.0688E-05   7.6039E-05   4.0594E-05 / 7.5930E-05   
1450   3.042E-03   3.8909E-05   6.9862E-05   3.7240E-05 / 6.8213E-05   
1460   3.042E-03   3.7517E-05   6.5064E-05   3.7296E-05 / 6.4825E-05   
1470   3.042E-03   4.0014E-05   7.1881E-05   3.9525E-05 / 7.1383E-05   
1480   3.042E-03   4.1943E-05   7.0741E-05   4.1540E-05 / 7.0321E-05   
1490   3.042E-03   3.8549E-05   7.2480E-05   3.8538E-05 / 7.2465E-05   
1500   3.042E-03   3.7314E-05   7.1857E-05   3.5744E-05 / 7.0364E-05   
1510   3.042E-03   3.5636E-05   6.3364E-05   3.5600E-05 / 6.3325E-05   
1520   3.042E-03   3.9367E-05   6.6839E-05   3.8959E-05 / 6.6424E-05   
1530   3.042E-03   3.6174E-05   5.9244E-05   3.5789E-05 / 5.8852E-05   
1540   3.042E-03   3.7019E-05   6.6468E-05   3.6770E-05 / 6.6198E-05   
1550   3.042E-03   3.4436E-05   6.6133E-05   3.3339E-05 / 6.5113E-05   
1560   3.042E-03   3.7972E-05   6.3895E-05   3.7470E-05 / 6.3401E-05   
1570   3.042E-03   3.5564E-05   6.3602E-05   3.5564E-05 / 6.3602E-05   
1580   3.042E-03   3.9510E-05   7.1566E-05   3.9123E-05 / 7.1214E-05   
1590   3.042E-03   3.8146E-05   6.1458E-05   3.8146E-05 / 6.1458E-05   
1600   3.042E-03   3.4475E-05   6.5658E-05   3.4469E-05 / 6.5655E-05   
1610   3.042E-03   3.7053E-05   6.3512E-05   3.7052E-05 / 6.3512E-05   
1620   3.042E-03   3.9516E-05   6.5407E-05   3.9516E-05 / 6.5407E-05   
1630   3.042E-03   3.3113E-05   5.9451E-05   3.3040E-05 / 5.9383E-05   
1640   3.042E-03   3.4120E-05   6.0989E-05   3.2518E-05 / 5.9559E-05   
1650   3.042E-03   3.7775E-05   5.7617E-05   3.7287E-05 / 5.7157E-05   
1660   3.042E-03   4.0818E-05   6.4223E-05   4.0422E-05 / 6.3864E-05   
1670   3.042E-03   3.6683E-05   5.9426E-05   3.6679E-05 / 5.9426E-05   
1680   3.042E-03   3.0731E-05   5.6777E-05   3.0638E-05 / 5.6703E-05   
1690   3.042E-03   3.1056E-05   5.2462E-05   3.0969E-05 / 5.2402E-05   
1700   3.042E-03   3.2093E-05   5.5443E-05   3.1901E-05 / 5.5291E-05   
1710   3.042E-03   3.0158E-05   5.7589E-05   2.9993E-05 / 5.7460E-05   
1720   3.042E-03   3.7710E-05   6.3524E-05   3.6183E-05 / 6.2144E-05   
1730   3.042E-03   3.3877E-05   5.9598E-05   3.3447E-05 / 5.9239E-05   
1740   3.042E-03   3.6111E-05   6.2070E-05   3.5624E-05 / 6.1646E-05   
1750   3.042E-03   3.1220E-05   5.4334E-05   3.0928E-05 / 5.4110E-05   
1760   3.042E-03   3.6051E-05   5.7256E-05   3.6051E-05 / 5.7256E-05   
1770   3.042E-03   3.2546E-05   5.9271E-05   2.9489E-05 / 5.6510E-05   
1780   3.042E-03   2.9087E-05   5.6421E-05   2.8942E-05 / 5.6346E-05   
1790   3.042E-03   3.1414E-05   5.5777E-05   3.0837E-05 / 5.5309E-05   
1800   3.042E-03   3.2838E-05   6.5976E-05   3.2582E-05 / 6.5800E-05   
1810   3.042E-03   3.1160E-05   5.2161E-05   3.1052E-05 / 5.2119E-05   
1820   3.042E-03   2.8022E-05   5.4166E-05   2.7660E-05 / 5.3908E-05   
1830   3.042E-03   3.0646E-05   5.2887E-05   3.0618E-05 / 5.2882E-05   
1840   3.042E-03   4.8007E-05   7.3305E-05   4.7988E-05 / 7.3299E-05   
1850   3.042E-03   4.2414E-05   6.7573E-05   4.2410E-05 / 6.7573E-05   
1860   3.042E-03   3.0858E-05   5.7940E-05   3.0362E-05 / 5.7518E-05   
1870   3.042E-03   2.8705E-05   5.5273E-05   2.8683E-05 / 5.5267E-05   
1880   3.042E-03   2.6926E-05   5.2171E-05   2.6918E-05 / 5.2171E-05   
1890   3.042E-03   3.1809E-05   5.4024E-05   3.1781E-05 / 5.4022E-05   
1900   3.042E-03   3.0233E-05   5.3187E-05   2.8586E-05 / 5.1643E-05   
1910   3.042E-03   2.9655E-05   5.3344E-05   2.9203E-05 / 5.2977E-05   
1920   3.042E-03   2.7404E-05   5.0694E-05   2.7400E-05 / 5.0694E-05   
1930   3.042E-03   3.1183E-05   5.3774E-05   2.9253E-05 / 5.1902E-05   
1940   3.042E-03   2.9499E-05   5.2799E-05   2.9380E-05 / 5.2730E-05   
1950   3.042E-03   2.9161E-05   5.4550E-05   2.8171E-05 / 5.3619E-05   
1960   3.042E-03   3.1244E-05   4.9730E-05   3.0451E-05 / 4.9047E-05   
1970   3.042E-03   2.6565E-05   4.9404E-05   2.6201E-05 / 4.9089E-05   
1980   3.042E-03   3.0096E-05   5.2392E-05   2.9736E-05 / 5.2088E-05   
1990   3.042E-03   3.0761E-05   6.0712E-05   3.0230E-05 / 6.0229E-05   
2000   3.042E-03   2.6876E-05   5.0768E-05   2.5476E-05 / 4.9432E-05   
2010   3.042E-03   2.8090E-05   5.0948E-05   2.8090E-05 / 5.0948E-05   
2020   3.042E-03   3.1632E-05   5.3914E-05   3.1626E-05 / 5.3914E-05   
2030   3.042E-03   2.7637E-05   4.5444E-05   2.7006E-05 / 4.4826E-05   
2040   3.042E-03   2.6154E-05   4.7504E-05   2.5184E-05 / 4.6570E-05   
2050   3.042E-03   2.4765E-05   4.8369E-05   2.3973E-05 / 4.7594E-05   
2060   3.042E-03   3.4597E-05   5.7780E-05   3.4192E-05 / 5.7394E-05   
2070   3.042E-03   2.5092E-05   4.6509E-05   2.4385E-05 / 4.5799E-05   
2080   3.042E-03   3.1125E-05   5.3308E-05   3.1125E-05 / 5.3308E-05   
2090   3.042E-03   3.3060E-05   5.1315E-05   3.3046E-05 / 5.1315E-05   
2100   3.042E-03   2.3175E-05   4.4666E-05   2.3046E-05 / 4.4497E-05   
2110   3.042E-03   2.5333E-05   4.8641E-05   2.5318E-05 / 4.8594E-05   
2120   3.042E-03   2.3787E-05   4.7551E-05   2.3515E-05 / 4.7218E-05   
2130   3.042E-03   2.4650E-05   4.6035E-05   2.4117E-05 / 4.5466E-05   
2140   3.042E-03   2.6903E-05   4.9640E-05   2.6903E-05 / 4.9638E-05   
2150   3.042E-03   2.6843E-05   5.1957E-05   2.6066E-05 / 5.1167E-05   
2160   3.042E-03   2.7312E-05   4.9147E-05   2.7312E-05 / 4.9147E-05   
2170   3.042E-03   2.4780E-05   4.7402E-05   2.4511E-05 / 4.7088E-05   
2180   3.042E-03   2.8248E-05   5.1756E-05   2.8219E-05 / 5.1685E-05   
2190   3.042E-03   2.6014E-05   5.1507E-05   2.5710E-05 / 5.1159E-05   
2200   3.042E-03   2.6337E-05   4.7552E-05   2.6139E-05 / 4.7296E-05   
2210   3.042E-03   3.7964E-05   5.6934E-05   3.7962E-05 / 5.6934E-05   
2220   3.042E-03   2.3543E-05   4.1808E-05   2.3422E-05 / 4.1692E-05   
2230   3.042E-03   2.4475E-05   4.5127E-05   2.3467E-05 / 4.4088E-05   
2240   3.042E-03   3.2627E-05   5.0359E-05   3.1467E-05 / 4.9248E-05   
2250   3.042E-03   2.1530E-05   4.0727E-05   2.1502E-05 / 4.0669E-05   
2260   3.042E-03   2.4359E-05   4.4491E-05   2.3861E-05 / 4.3944E-05   
2270   3.042E-03   2.2600E-05   4.2284E-05   2.2586E-05 / 4.2244E-05   
2280   3.042E-03   2.4308E-05   4.5374E-05   2.4304E-05 / 4.5374E-05   
2290   3.042E-03   2.6230E-05   4.9879E-05   2.6035E-05 / 4.9658E-05   
2300   3.042E-03   2.3183E-05   4.0278E-05   2.2996E-05 / 4.0043E-05   
2310   3.042E-03   2.2593E-05   4.4066E-05   2.2192E-05 / 4.3645E-05   
2320   3.042E-03   2.2567E-05   4.1010E-05   2.1981E-05 / 4.0401E-05   
2330   3.042E-03   2.4048E-05   4.3940E-05   2.4027E-05 / 4.3903E-05   
2340   3.042E-03   3.8765E-05   6.5022E-05   3.8613E-05 / 6.4882E-05   
2350   3.042E-03   2.3649E-05   4.6552E-05   2.3526E-05 / 4.6379E-05   
2360   3.042E-03   2.2385E-05   4.5233E-05   2.2344E-05 / 4.5195E-05   
2370   3.042E-03   2.3336E-05   4.1741E-05   2.3297E-05 / 4.1686E-05   
2380   3.042E-03   2.4150E-05   4.4804E-05   2.4135E-05 / 4.4804E-05   
2390   3.042E-03   2.1055E-05   4.2021E-05   2.1005E-05 / 4.1960E-05   
2400   3.042E-03   3.2024E-05   4.9303E-05   3.2024E-05 / 4.9303E-05   
2410   3.042E-03   2.2786E-05   4.2996E-05   2.2781E-05 / 4.2991E-05   
2420   3.042E-03   2.5442E-05   4.8581E-05   2.5374E-05 / 4.8555E-05   
2430   3.042E-03   2.1832E-05   3.9413E-05   2.1727E-05 / 3.9288E-05   
2440   3.042E-03   2.3283E-05   4.3947E-05   2.1812E-05 / 4.2500E-05   
2450   3.042E-03   2.8280E-05   5.4946E-05   2.8262E-05 / 5.4930E-05   
2460   3.042E-03   2.4694E-05   4.6252E-05   2.4680E-05 / 4.6252E-05   
2470   3.042E-03   2.2131E-05   4.3428E-05   2.1968E-05 / 4.3258E-05   
2480   3.042E-03   2.4745E-05   4.3863E-05   2.3911E-05 / 4.3089E-05   
2490   3.042E-03   2.2697E-05   4.5450E-05   2.2405E-05 / 4.5244E-05   
2500   3.042E-03   2.2676E-05   4.2119E-05   2.2417E-05 / 4.1870E-05   
2510   3.042E-03   2.6280E-05   4.6526E-05   2.6234E-05 / 4.6506E-05   
2520   3.042E-03   2.4558E-05   4.7760E-05   2.4550E-05 / 4.7759E-05   
2530   3.042E-03   2.2319E-05   4.1119E-05   2.2310E-05 / 4.1119E-05   
2540   3.042E-03   2.1403E-05   4.0177E-05   2.1089E-05 / 3.9868E-05   
2550   3.042E-03   2.5544E-05   4.2803E-05   2.4548E-05 / 4.1823E-05   
2560   3.042E-03   2.8370E-05   4.3145E-05   2.8230E-05 / 4.3025E-05   
2570   3.042E-03   2.7488E-05   4.8808E-05   2.7484E-05 / 4.8808E-05   
2580   3.042E-03   2.3492E-05   4.1247E-05   2.3451E-05 / 4.1232E-05   
2590   3.042E-03   2.4472E-05   4.4704E-05   2.4256E-05 / 4.4538E-05   
2600   3.042E-03   2.0036E-05   4.0463E-05   2.0032E-05 / 4.0463E-05   
2610   3.042E-03   2.5158E-05   4.4124E-05   2.5158E-05 / 4.4124E-05   
2620   3.042E-03   2.8720E-05   5.3295E-05   2.8705E-05 / 5.3291E-05   
2630   3.042E-03   2.5556E-05   4.3403E-05   2.5326E-05 / 4.3244E-05   
2640   3.042E-03   3.0436E-05   4.9157E-05   3.0436E-05 / 4.9157E-05   
2650   3.042E-03   2.7393E-05   4.7980E-05   2.7365E-05 / 4.7979E-05   
2660   3.042E-03   2.4295E-05   4.2044E-05   2.1156E-05 / 3.8943E-05   
2670   3.042E-03   3.3695E-05   5.4336E-05   3.3695E-05 / 5.4336E-05   
2680   3.042E-03   1.9241E-05   3.9859E-05   1.8787E-05 / 3.9440E-05   
2690   3.042E-03   1.8769E-05   3.7708E-05   1.8713E-05 / 3.7683E-05   
2700   3.042E-03   2.2160E-05   4.6307E-05   2.2005E-05 / 4.6219E-05   
2710   3.042E-03   2.1387E-05   4.0646E-05   2.1369E-05 / 4.0643E-05   
2720   3.042E-03   1.9833E-05   3.8628E-05   1.8968E-05 / 3.7786E-05   
2730   3.042E-03   2.0251E-05   4.1830E-05   2.0251E-05 / 4.1830E-05   
2740   3.042E-03   2.0320E-05   4.1474E-05   2.0319E-05 / 4.1474E-05   
2750   3.042E-03   2.2508E-05   4.0859E-05   2.1935E-05 / 4.0316E-05   
2760   3.042E-03   2.2549E-05   3.9331E-05   2.2346E-05 / 3.9181E-05   
2770   3.042E-03   1.8027E-05   3.7064E-05   1.7823E-05 / 3.6905E-05   
2780   3.042E-03   2.0436E-05   3.8132E-05   2.0415E-05 / 3.8126E-05   
2790   3.042E-03   2.8264E-05   5.0566E-05   2.7713E-05 / 5.0223E-05   
2800   3.042E-03   2.5909E-05   4.6562E-05   2.5232E-05 / 4.5906E-05   
2810   3.042E-03   1.8742E-05   3.8861E-05   1.8732E-05 / 3.8861E-05   
2820   3.042E-03   2.2279E-05   3.9956E-05   2.1748E-05 / 3.9453E-05   
2830   3.042E-03   1.9725E-05   4.1821E-05   1.9725E-05 / 4.1821E-05   
2840   3.042E-03   1.7737E-05   3.9251E-05   1.7734E-05 / 3.9251E-05   
2850   3.042E-03   2.0294E-05   4.0307E-05   1.9228E-05 / 3.9248E-05   
2860   3.042E-03   1.8295E-05   4.0695E-05   1.8077E-05 / 4.0545E-05   
2870   3.042E-03   2.4591E-05   4.4556E-05   2.4280E-05 / 4.4288E-05   
2880   3.042E-03   2.1755E-05   4.1513E-05   2.1281E-05 / 4.1073E-05   
2890   3.042E-03   2.4525E-05   4.0914E-05   2.4525E-05 / 4.0914E-05   
2900   3.042E-03   1.7179E-05   3.8582E-05   1.6537E-05 / 3.7966E-05   
2910   3.042E-03   1.8854E-05   3.7565E-05   1.8792E-05 / 3.7531E-05   
2920   3.042E-03   1.8394E-05   3.9813E-05   1.8322E-05 / 3.9777E-05   
2930   3.042E-03   1.7918E-05   3.8303E-05   1.7876E-05 / 3.8283E-05   
2940   3.042E-03   1.7868E-05   4.1465E-05   1.7868E-05 / 4.1465E-05   
2950   3.042E-03   1.8265E-05   3.8854E-05   1.8253E-05 / 3.8853E-05   
2960   3.042E-03   1.8411E-05   4.0301E-05   1.8411E-05 / 4.0301E-05   
2970   3.042E-03   1.8149E-05   4.0942E-05   1.7783E-05 / 4.0620E-05   
2980   3.042E-03   1.9750E-05   4.0796E-05   1.7424E-05 / 3.8546E-05   
2990   3.042E-03   1.9619E-05   4.0902E-05   1.9619E-05 / 4.0902E-05   
3000   3.042E-03   1.7685E-05   3.6716E-05   1.7644E-05 / 3.6692E-05   
3010   3.042E-03   1.7847E-05   4.2232E-05   1.7767E-05 / 4.2175E-05   
3020   3.042E-03   2.7941E-05   5.4829E-05   2.7934E-05 / 5.4829E-05   
3030   3.042E-03   1.6898E-05   3.6006E-05   1.6880E-05 / 3.5996E-05   
3040   3.042E-03   1.6620E-05   3.9796E-05   1.6301E-05 / 3.9516E-05   
3050   3.042E-03   1.6323E-05   3.6400E-05   1.6287E-05 / 3.6372E-05   
3060   3.042E-03   1.5618E-05   3.6990E-05   1.5564E-05 / 3.6950E-05   
3070   3.042E-03   1.7221E-05   3.9320E-05   1.6556E-05 / 3.8717E-05   
3080   3.042E-03   2.0578E-05   4.2630E-05   1.9924E-05 / 4.2015E-05   
3090   3.042E-03   2.3987E-05   4.9180E-05   2.3987E-05 / 4.9180E-05   
3100   3.042E-03   1.8010E-05   3.8749E-05   1.6881E-05 / 3.7683E-05   
3110   3.042E-03   4.7802E-05   6.4604E-05   4.7802E-05 / 6.4603E-05   
3120   3.042E-03   1.7457E-05   3.8253E-05   1.7331E-05 / 3.8137E-05   
3130   3.042E-03   1.6289E-05   3.9033E-05   1.6277E-05 / 3.9022E-05   
3140   3.042E-03   1.7624E-05   3.8559E-05   1.6948E-05 / 3.7940E-05   
3150   3.042E-03   1.6080E-05   4.1150E-05   1.5938E-05 / 4.1031E-05   
3160   3.042E-03   2.1499E-05   4.9750E-05   2.1499E-05 / 4.9750E-05   
3170   3.042E-03   1.7614E-05   4.0110E-05   1.6722E-05 / 3.9291E-05   
3180   3.042E-03   1.6303E-05   3.8028E-05   1.6301E-05 / 3.8023E-05   
3190   3.042E-03   1.6910E-05   3.7783E-05   1.6243E-05 / 3.7180E-05   
3200   3.042E-03   1.6815E-05   3.8450E-05   1.6226E-05 / 3.7903E-05   
3210   3.042E-03   1.8885E-05   4.3575E-05   1.8885E-05 / 4.3575E-05   
3220   3.042E-03   2.1350E-05   4.0899E-05   2.0732E-05 / 4.0343E-05   
3230   3.042E-03   1.5462E-05   3.5748E-05   1.5461E-05 / 3.5748E-05   
3240   3.042E-03   1.5610E-05   3.5952E-05   1.5610E-05 / 3.5952E-05   
3250   3.042E-03   3.0757E-05   4.8102E-05   3.0616E-05 / 4.7966E-05   
3260   3.042E-03   1.7727E-05   3.7765E-05   1.7574E-05 / 3.7613E-05   
3270   3.042E-03   1.4670E-05   3.6714E-05   1.4613E-05 / 3.6649E-05   
3280   3.042E-03   1.5354E-05   3.7264E-05   1.5080E-05 / 3.7031E-05   
3290   3.042E-03   1.5714E-05   3.5712E-05   1.5384E-05 / 3.5417E-05   
3300   3.042E-03   1.5896E-05   3.9056E-05   1.5487E-05 / 3.8703E-05   
3310   3.042E-03   1.5373E-05   3.6143E-05   1.5373E-05 / 3.6143E-05   
3320   3.042E-03   1.5326E-05   3.9808E-05   1.5233E-05 / 3.9710E-05   
3330   3.042E-03   1.4898E-05   3.7865E-05   1.4565E-05 / 3.7572E-05   
3340   3.042E-03   1.7208E-05   3.9136E-05   1.7208E-05 / 3.9136E-05   
3350   3.042E-03   2.0239E-05   3.7018E-05   2.0239E-05 / 3.7018E-05   
3360   3.042E-03   1.8244E-05   3.7850E-05   1.8244E-05 / 3.7850E-05   
3370   3.042E-03   1.8145E-05   3.9386E-05   1.8145E-05 / 3.9386E-05   
3380   3.042E-03   1.6194E-05   3.7376E-05   1.6129E-05 / 3.7330E-05   
3390   3.042E-03   1.7243E-05   3.9438E-05   1.7059E-05 / 3.9268E-05   
3400   3.042E-03   1.5985E-05   4.0498E-05   1.5985E-05 / 4.0498E-05   
3410   3.042E-03   1.5275E-05   3.9799E-05   1.5219E-05 / 3.9736E-05   
3420   3.042E-03   1.4612E-05   3.4761E-05   1.4413E-05 / 3.4575E-05   
3430   3.042E-03   1.8660E-05   3.9420E-05   1.8660E-05 / 3.9420E-05   
3440   3.042E-03   1.9117E-05   4.0058E-05   1.8800E-05 / 3.9773E-05   
3450   3.042E-03   1.4845E-05   3.6733E-05   1.4817E-05 / 3.6703E-05   
3460   3.042E-03   1.7107E-05   3.8530E-05   1.7107E-05 / 3.8530E-05   
3470   3.042E-03   1.4756E-05   3.6501E-05   1.4755E-05 / 3.6500E-05   
3480   3.042E-03   1.4139E-05   3.6067E-05   1.3989E-05 / 3.5932E-05   
3490   3.042E-03   1.4968E-05   3.7282E-05   1.4052E-05 / 3.6443E-05   
3500   3.042E-03   1.6483E-05   3.7892E-05   1.5724E-05 / 3.7208E-05   
3510   3.042E-03   1.6253E-05   4.0996E-05   1.6253E-05 / 4.0996E-05   
3520   3.042E-03   1.5187E-05   3.3884E-05   1.5156E-05 / 3.3862E-05   
3530   3.042E-03   1.4052E-05   3.6076E-05   1.3789E-05 / 3.5863E-05   
3540   3.042E-03   1.5495E-05   3.7265E-05   1.3470E-05 / 3.5319E-05   
3550   3.042E-03   1.3695E-05   3.6733E-05   1.2942E-05 / 3.6031E-05   
3560   3.042E-03   1.6124E-05   3.7190E-05   1.5664E-05 / 3.6785E-05   
3570   3.042E-03   1.4737E-05   3.4269E-05   1.4608E-05 / 3.4165E-05   
3580   3.042E-03   1.5693E-05   3.5008E-05   1.5693E-05 / 3.5008E-05   
3590   3.042E-03   1.5716E-05   3.3934E-05   1.5641E-05 / 3.3883E-05   
3600   3.042E-03   1.2978E-05   3.5255E-05   1.2973E-05 / 3.5255E-05   
3610   3.042E-03   1.3996E-05   3.3145E-05   1.3878E-05 / 3.3059E-05   
3620   3.042E-03   1.6766E-05   3.8221E-05   1.6675E-05 / 3.8169E-05   
3630   3.042E-03   1.8085E-05   3.6991E-05   1.7998E-05 / 3.6935E-05   
3640   3.042E-03   1.3406E-05   3.5087E-05   1.3367E-05 / 3.5071E-05   
3650   3.042E-03   1.5876E-05   3.4404E-05   1.5876E-05 / 3.4404E-05   
3660   3.042E-03   1.5392E-05   3.5302E-05   1.5274E-05 / 3.5223E-05   
3670   3.042E-03   2.0770E-05   4.1244E-05   1.9770E-05 / 4.0257E-05   
3680   3.042E-03   1.3230E-05   3.2904E-05   1.3230E-05 / 3.2904E-05   
3690   3.042E-03   1.8486E-05   4.1138E-05   1.8479E-05 / 4.1138E-05   
3700   3.042E-03   1.3621E-05   3.6902E-05   1.3615E-05 / 3.6902E-05   
3710   3.042E-03   1.4327E-05   3.4443E-05   1.4327E-05 / 3.4430E-05   
3720   3.042E-03   1.3498E-05   3.4649E-05   1.3351E-05 / 3.4541E-05   
3730   3.042E-03   2.0704E-05   4.3220E-05   1.8579E-05 / 4.1180E-05   
3740   3.042E-03   1.4839E-05   3.7952E-05   1.4839E-05 / 3.7952E-05   
3750   3.042E-03   1.5176E-05   4.1044E-05   1.3997E-05 / 3.9905E-05   
3760   3.042E-03   1.3517E-05   3.4572E-05   1.3517E-05 / 3.4572E-05   
3770   3.042E-03   1.4600E-05   3.5579E-05   1.4512E-05 / 3.5522E-05   
3780   3.042E-03   1.5184E-05   3.7563E-05   1.5184E-05 / 3.7563E-05   
3790   3.042E-03   1.3780E-05   3.4496E-05   1.3775E-05 / 3.4494E-05   
3800   3.042E-03   2.0557E-05   4.4350E-05   2.0370E-05 / 4.4212E-05   
3810   3.042E-03   1.6182E-05   3.4009E-05   1.5831E-05 / 3.3734E-05   
3820   3.042E-03   1.1922E-05   3.4118E-05   1.1747E-05 / 3.3984E-05   
3830   3.042E-03   1.6276E-05   3.4369E-05   1.6257E-05 / 3.4364E-05   
3840   3.042E-03   1.2241E-05   3.4307E-05   1.2230E-05 / 3.4305E-05   
3850   3.042E-03   1.5086E-05   3.5959E-05   1.5086E-05 / 3.5959E-05   
3860   3.042E-03   1.4160E-05   3.5009E-05   1.4144E-05 / 3.4968E-05   
3870   3.042E-03   1.2497E-05   3.4699E-05   1.2386E-05 / 3.4611E-05   
3880   3.042E-03   1.5935E-05   3.9199E-05   1.5935E-05 / 3.9199E-05   
3890   3.042E-03   1.5841E-05   3.7630E-05   1.5841E-05 / 3.7630E-05   
3900   3.042E-03   1.3265E-05   3.6099E-05   1.2932E-05 / 3.5797E-05   
3910   3.042E-03   1.1789E-05   3.3233E-05   1.1743E-05 / 3.3202E-05   
3920   3.042E-03   1.3967E-05   3.4587E-05   1.3967E-05 / 3.4587E-05   
3930   3.042E-03   1.2205E-05   3.3369E-05   1.2205E-05 / 3.3368E-05   
3940   3.042E-03   1.2081E-05   3.4463E-05   1.2081E-05 / 3.4463E-05   
3950   3.042E-03   1.2180E-05   3.4814E-05   1.2159E-05 / 3.4793E-05   
3960   3.042E-03   1.4081E-05   3.5748E-05   1.3915E-05 / 3.5593E-05   
3970   3.042E-03   1.6691E-05   3.7765E-05   1.6671E-05 / 3.7749E-05   
3980   3.042E-03   1.7247E-05   3.7923E-05   1.7247E-05 / 3.7923E-05   
3990   3.042E-03   1.3168E-05   3.3783E-05   1.2916E-05 / 3.3527E-05   
4000   3.042E-03   1.5411E-05   3.4194E-05   1.5362E-05 / 3.4142E-05   
4010   3.042E-03   1.6556E-05   3.8152E-05   1.6136E-05 / 3.7733E-05   
4020   3.042E-03   1.8618E-05   4.2135E-05   1.8479E-05 / 4.1999E-05   
4030   3.042E-03   1.2226E-05   3.4063E-05   1.1373E-05 / 3.3202E-05   
4040   3.042E-03   1.5139E-05   3.6381E-05   1.4764E-05 / 3.6004E-05   
4050   3.042E-03   1.3329E-05   3.5395E-05   1.2751E-05 / 3.4806E-05   
4060   3.042E-03   1.2071E-05   3.6373E-05   1.1658E-05 / 3.5941E-05   
4070   3.042E-03   1.5079E-05   3.9176E-05   1.4436E-05 / 3.8521E-05   
4080   3.042E-03   1.2696E-05   3.5618E-05   1.2543E-05 / 3.5441E-05   
4090   3.042E-03   1.5936E-05   4.0324E-05   1.5936E-05 / 4.0324E-05   
4100   3.042E-03   1.2919E-05   3.5164E-05   1.2916E-05 / 3.5161E-05   
4110   3.042E-03   1.4034E-05   3.6050E-05   1.4034E-05 / 3.6050E-05   
4120   3.042E-03   1.4563E-05   3.1754E-05   1.4236E-05 / 3.1420E-05   
4130   3.042E-03   1.3041E-05   3.3828E-05   1.2999E-05 / 3.3782E-05   
4140   3.042E-03   1.6011E-05   3.6801E-05   1.5627E-05 / 3.6397E-05   
4150   3.042E-03   1.8108E-05   3.4608E-05   1.8108E-05 / 3.4606E-05   
4160   3.042E-03   1.1861E-05   3.2508E-05   1.1771E-05 / 3.2410E-05   
4170   3.042E-03   1.4061E-05   3.6435E-05   1.2113E-05 / 3.4471E-05   
4180   3.042E-03   1.1572E-05   3.2962E-05   1.1010E-05 / 3.2409E-05   
4190   3.042E-03   1.1167E-05   3.3320E-05   1.1143E-05 / 3.3289E-05   
4200   3.042E-03   1.2422E-05   3.2289E-05   1.2379E-05 / 3.2244E-05   
4210   3.042E-03   1.1342E-05   3.2578E-05   1.1342E-05 / 3.2575E-05   
4220   3.042E-03   1.1505E-05   3.2919E-05   1.1449E-05 / 3.2838E-05   
4230   3.042E-03   1.5063E-05   3.7260E-05   1.5063E-05 / 3.7260E-05   
4240   3.042E-03   1.2241E-05   3.3211E-05   1.1710E-05 / 3.2680E-05   
4250   3.042E-03   1.4529E-05   3.3648E-05   1.4344E-05 / 3.3481E-05   
4260   3.042E-03   1.2620E-05   3.7658E-05   1.2378E-05 / 3.7387E-05   
4270   3.042E-03   1.5814E-05   3.3978E-05   1.5810E-05 / 3.3969E-05   
4280   3.042E-03   1.3744E-05   3.4457E-05   1.3526E-05 / 3.4211E-05   
4290   3.042E-03   1.4101E-05   3.3397E-05   1.4005E-05 / 3.3279E-05   
4300   3.042E-03   1.2599E-05   3.5881E-05   1.2599E-05 / 3.5881E-05   
4310   3.042E-03   1.0659E-05   3.2734E-05   1.0577E-05 / 3.2629E-05   
4320   3.042E-03   1.1829E-05   3.1999E-05   1.1463E-05 / 3.1634E-05   
4330   3.042E-03   1.2472E-05   3.3176E-05   1.2471E-05 / 3.3171E-05   
4340   3.042E-03   1.2929E-05   3.4082E-05   1.2929E-05 / 3.4078E-05   
4350   3.042E-03   1.3408E-05   3.6156E-05   1.3041E-05 / 3.5782E-05   
4360   3.042E-03   1.3712E-05   3.4487E-05   1.1880E-05 / 3.2725E-05   
4370   3.042E-03   1.0589E-05   3.1258E-05   1.0577E-05 / 3.1233E-05   
4380   3.042E-03   1.7587E-05   4.0328E-05   1.3635E-05 / 3.6502E-05   
4390   3.042E-03   1.3031E-05   3.2775E-05   1.3031E-05 / 3.2775E-05   
4400   3.042E-03   1.1043E-05   3.2777E-05   1.1025E-05 / 3.2743E-05   
4410   3.042E-03   1.5232E-05   3.6136E-05   1.5231E-05 / 3.6136E-05   
4420   3.042E-03   1.2523E-05   3.3151E-05   1.2523E-05 / 3.3151E-05   
4430   3.042E-03   1.2616E-05   3.1809E-05   1.2616E-05 / 3.1809E-05   
4440   3.042E-03   1.3392E-05   3.3334E-05   1.3379E-05 / 3.3321E-05   
4450   3.042E-03   1.1039E-05   3.0505E-05   1.0698E-05 / 3.0163E-05   
4460   3.042E-03   1.0836E-05   3.2190E-05   1.0790E-05 / 3.2129E-05   
4470   3.042E-03   1.2420E-05   3.4092E-05   1.2373E-05 / 3.4054E-05   
4480   3.042E-03   1.4227E-05   3.4243E-05   1.4133E-05 / 3.4125E-05   
4490   3.042E-03   1.3675E-05   3.3817E-05   1.3674E-05 / 3.3814E-05   
4500   3.042E-03   1.4525E-05   3.7800E-05   1.4520E-05 / 3.7787E-05   
4510   3.042E-03   1.0379E-05   3.1994E-05   1.0221E-05 / 3.1816E-05   
4520   3.042E-03   1.2340E-05   3.4298E-05   1.1556E-05 / 3.3557E-05   
4530   3.042E-03   1.0647E-05   3.3016E-05   1.0499E-05 / 3.2850E-05   
4540   3.042E-03   1.3187E-05   3.3021E-05   1.3187E-05 / 3.3021E-05   
4550   3.042E-03   1.2639E-05   3.3502E-05   1.2628E-05 / 3.3480E-05   
4560   3.042E-03   1.3439E-05   3.1896E-05   1.3439E-05 / 3.1896E-05   
4570   3.042E-03   1.0745E-05   3.1544E-05   1.0349E-05 / 3.1158E-05   
4580   3.042E-03   1.1397E-05   3.3286E-05   1.1397E-05 / 3.3285E-05   
4590   3.042E-03   1.0718E-05   3.1480E-05   1.0717E-05 / 3.1478E-05   
4600   3.042E-03   1.0685E-05   3.2117E-05   1.0510E-05 / 3.1926E-05   
4610   3.042E-03   1.5880E-05   4.1842E-05   1.5880E-05 / 4.1842E-05   
4620   3.042E-03   1.2258E-05   3.2471E-05   1.2182E-05 / 3.2376E-05   
4630   3.042E-03   1.2262E-05   3.1553E-05   1.1404E-05 / 3.0759E-05   
4640   3.042E-03   1.2099E-05   3.2757E-05   1.1891E-05 / 3.2540E-05   
4650   3.042E-03   1.3567E-05   3.3207E-05   1.1815E-05 / 3.1595E-05   
4660   3.042E-03   1.5430E-05   3.5581E-05   1.5430E-05 / 3.5581E-05   
4670   3.042E-03   1.1044E-05   3.2857E-05   1.0993E-05 / 3.2791E-05   
4680   3.042E-03   1.2896E-05   3.4324E-05   1.2485E-05 / 3.3932E-05   
4690   3.042E-03   1.0548E-05   3.1602E-05   1.0531E-05 / 3.1575E-05   
4700   3.042E-03   1.3095E-05   3.3791E-05   1.3095E-05 / 3.3791E-05   
4710   3.042E-03   1.3788E-05   3.3318E-05   1.3788E-05 / 3.3317E-05   
4720   3.042E-03   1.0238E-05   3.3127E-05   1.0218E-05 / 3.3100E-05   
4730   3.042E-03   1.1560E-05   3.0951E-05   1.1431E-05 / 3.0841E-05   
4740   3.042E-03   1.1949E-05   3.1898E-05   1.1350E-05 / 3.1336E-05   
4750   3.042E-03   1.1517E-05   3.2037E-05   1.1517E-05 / 3.2037E-05   
4760   3.042E-03   1.1761E-05   3.4653E-05   1.1760E-05 / 3.4649E-05   
4770   3.042E-03   1.1290E-05   3.1179E-05   1.1280E-05 / 3.1167E-05   
4780   3.042E-03   1.2072E-05   3.3324E-05   1.1775E-05 / 3.3084E-05   
4790   3.042E-03   1.2811E-05   3.2439E-05   1.2561E-05 / 3.2187E-05   
4800   3.042E-03   1.1027E-05   3.3117E-05   1.0989E-05 / 3.3084E-05   
4810   3.042E-03   1.0728E-05   3.1042E-05   1.0093E-05 / 3.0459E-05   
4820   3.042E-03   1.0227E-05   3.2393E-05   1.0226E-05 / 3.2390E-05   
4830   3.042E-03   9.4723E-06   3.1488E-05   9.3948E-06 / 3.1405E-05   
4840   3.042E-03   1.4461E-05   3.4223E-05   1.0814E-05 / 3.0722E-05   
4850   3.042E-03   1.0198E-05   3.4938E-05   1.0185E-05 / 3.4925E-05   
4860   3.042E-03   1.0523E-05   3.1765E-05   1.0495E-05 / 3.1737E-05   
4870   3.042E-03   1.4026E-05   3.5365E-05   1.2984E-05 / 3.4394E-05   
4880   3.042E-03   1.0633E-05   3.2667E-05   1.0618E-05 / 3.2653E-05   
4890   3.042E-03   1.2528E-05   3.3520E-05   1.2499E-05 / 3.3494E-05   
4900   3.042E-03   1.2462E-05   3.4730E-05   1.2456E-05 / 3.4724E-05   
BEST MODEL
===============================================================================================================
4639   3.042E-03   1.0339E-05   2.9020E-05   1.0270E-05 / 2.8933E-05   
===============================================================================================================
Saved model to /home/nikki/kan/kanTBNN/models/multi_run/kan_experiment_166_opt/kanTBNN-24Nov08_16:09:12.pickle
