========== Dataset info ==========
Dataset params: {'file': '/home/nikki/kan/data/turbulence_dataset_clean.csv', 'Cases': ['fp_1000', 'fp_1410', 'fp_2000', 'fp_2540', 'fp_3030', 'fp_3270', 'fp_3630', 'fp_3970', 'fp_4060'], 'val_set': ['fp_3030', 'fp_1410', 'fp_4060'], 'test_set': ['fp_3630'], 'data_loader': <class 'tbnn.dataloaders.aDataset'>}
Train/Valid/Test points: 760 / 468 / 168
Memorization?: False
Cluster training?: False
EPOCH     LR        TRAIN         VALID             MSE:T/V                  RL:T/V             %NR_t/%NR_v
===============================================================================================================
  1   5.000E-03   1.7361E-01   1.6909E-01   1.7361E-01 / 1.6909E-01   
 10   5.000E-03   3.1089E-03   2.7641E-03   3.1089E-03 / 2.7641E-03   
 20   5.000E-03   1.5316E-03   1.4139E-03   1.5308E-03 / 1.4132E-03   
 30   5.000E-03   1.1743E-03   1.1230E-03   1.1742E-03 / 1.1230E-03   
 40   5.000E-03   9.8724E-04   9.6311E-04   9.8712E-04 / 9.6299E-04   
 50   5.000E-03   8.8348E-04   8.6912E-04   8.8275E-04 / 8.6842E-04   
 60   5.000E-03   8.2064E-04   8.0647E-04   8.1877E-04 / 8.0465E-04   
 70   5.000E-03   7.7896E-04   7.6648E-04   7.7660E-04 / 7.6418E-04   
 80   5.000E-03   7.4440E-04   7.3172E-04   7.4219E-04 / 7.2957E-04   
 90   5.000E-03   7.1299E-04   7.0182E-04   7.1069E-04 / 6.9954E-04   
100   5.000E-03   6.8042E-04   6.6764E-04   6.7912E-04 / 6.6638E-04   
110   5.000E-03   6.4796E-04   6.3618E-04   6.4652E-04 / 6.3480E-04   
120   5.000E-03   6.2114E-04   6.0880E-04   6.1979E-04 / 6.0751E-04   
130   5.000E-03   5.9097E-04   5.8123E-04   5.8965E-04 / 5.7996E-04   
140   5.000E-03   5.6656E-04   5.5615E-04   5.6538E-04 / 5.5500E-04   
150   5.000E-03   5.4214E-04   5.3116E-04   5.4121E-04 / 5.3025E-04   
160   5.000E-03   5.1640E-04   5.0930E-04   5.1546E-04 / 5.0836E-04   
170   5.000E-03   4.9337E-04   4.8764E-04   4.9269E-04 / 4.8690E-04   
180   5.000E-03   4.6982E-04   4.6341E-04   4.6917E-04 / 4.6269E-04   
190   5.000E-03   4.4952E-04   4.4932E-04   4.4904E-04 / 4.4883E-04   
200   5.000E-03   4.2835E-04   4.2745E-04   4.2749E-04 / 4.2663E-04   
210   5.000E-03   4.1119E-04   4.0831E-04   4.1074E-04 / 4.0783E-04   
220   5.000E-03   3.8706E-04   3.8522E-04   3.8665E-04 / 3.8482E-04   
230   5.000E-03   3.7030E-04   3.7226E-04   3.6969E-04 / 3.7156E-04   
240   5.000E-03   3.5638E-04   3.5916E-04   3.5574E-04 / 3.5852E-04   
250   5.000E-03   3.3904E-04   3.4278E-04   3.3839E-04 / 3.4223E-04   
260   5.000E-03   3.2699E-04   3.3212E-04   3.2632E-04 / 3.3168E-04   
270   5.000E-03   3.1361E-04   3.2068E-04   3.1276E-04 / 3.2011E-04   
280   5.000E-03   3.0341E-04   3.1149E-04   3.0241E-04 / 3.1083E-04   
290   5.000E-03   2.9745E-04   2.9809E-04   2.9690E-04 / 2.9766E-04   
300   5.000E-03   2.8750E-04   2.9545E-04   2.8680E-04 / 2.9481E-04   
310   5.000E-03   2.8703E-04   2.8998E-04   2.8641E-04 / 2.8937E-04   
320   5.000E-03   2.6356E-04   2.7224E-04   2.6298E-04 / 2.7151E-04   
330   5.000E-03   2.9107E-04   2.9158E-04   2.9067E-04 / 2.9109E-04   
340   5.000E-03   2.5354E-04   2.6517E-04   2.5301E-04 / 2.6454E-04   
350   5.000E-03   2.4213E-04   2.4888E-04   2.4174E-04 / 2.4849E-04   
360   5.000E-03   2.3810E-04   2.4919E-04   2.3711E-04 / 2.4857E-04   
370   5.000E-03   2.3617E-04   2.4828E-04   2.3422E-04 / 2.4680E-04   
380   5.000E-03   2.2481E-04   2.3526E-04   2.2387E-04 / 2.3468E-04   
390   5.000E-03   2.2139E-04   2.3116E-04   2.2115E-04 / 2.3101E-04   
400   5.000E-03   2.1456E-04   2.2146E-04   2.1424E-04 / 2.2125E-04   
410   5.000E-03   2.3058E-04   2.4621E-04   2.2874E-04 / 2.4543E-04   
420   5.000E-03   2.0398E-04   2.1575E-04   2.0370E-04 / 2.1556E-04   
430   5.000E-03   2.0593E-04   2.1943E-04   2.0561E-04 / 2.1935E-04   
440   5.000E-03   1.9967E-04   2.1131E-04   1.9951E-04 / 2.1115E-04   
450   5.000E-03   2.0069E-04   2.1423E-04   2.0056E-04 / 2.1407E-04   
460   5.000E-03   1.9546E-04   2.0040E-04   1.9524E-04 / 2.0019E-04   
470   5.000E-03   1.8377E-04   1.9069E-04   1.8353E-04 / 1.9045E-04   
480   5.000E-03   2.0488E-04   2.2320E-04   2.0461E-04 / 2.2297E-04   
490   5.000E-03   1.7978E-04   1.8862E-04   1.7970E-04 / 1.8855E-04   
500   5.000E-03   1.7357E-04   1.8535E-04   1.7332E-04 / 1.8513E-04   
510   5.000E-03   1.7090E-04   1.8483E-04   1.7073E-04 / 1.8469E-04   
520   5.000E-03   1.6784E-04   1.7644E-04   1.6765E-04 / 1.7628E-04   
530   5.000E-03   1.7601E-04   1.9231E-04   1.7583E-04 / 1.9220E-04   
540   5.000E-03   1.6118E-04   1.7392E-04   1.6104E-04 / 1.7383E-04   
550   5.000E-03   1.6217E-04   1.7198E-04   1.6158E-04 / 1.7185E-04   
560   5.000E-03   2.3108E-04   2.5975E-04   2.2831E-04 / 2.5921E-04   
570   5.000E-03   1.5370E-04   1.6786E-04   1.5336E-04 / 1.6765E-04   
580   5.000E-03   1.5097E-04   1.6914E-04   1.5081E-04 / 1.6903E-04   
590   5.000E-03   1.5166E-04   1.6610E-04   1.5125E-04 / 1.6594E-04   
600   5.000E-03   1.5919E-04   1.7846E-04   1.5901E-04 / 1.7837E-04   
610   5.000E-03   1.4355E-04   1.6156E-04   1.4339E-04 / 1.6139E-04   
620   5.000E-03   1.5220E-04   1.6308E-04   1.5216E-04 / 1.6303E-04   
630   5.000E-03   1.3989E-04   1.5829E-04   1.3967E-04 / 1.5807E-04   
640   5.000E-03   1.9590E-04   2.1623E-04   1.6813E-04 / 1.9114E-04   
650   5.000E-03   1.4036E-04   1.6340E-04   1.3949E-04 / 1.6263E-04   
660   5.000E-03   1.4444E-04   1.6901E-04   1.4305E-04 / 1.6774E-04   
670   5.000E-03   1.4360E-04   1.5595E-04   1.4346E-04 / 1.5581E-04   
680   5.000E-03   1.3422E-04   1.5420E-04   1.3400E-04 / 1.5399E-04   
690   5.000E-03   1.3214E-04   1.5633E-04   1.3180E-04 / 1.5608E-04   
700   5.000E-03   2.1016E-04   2.4810E-04   2.0872E-04 / 2.4746E-04   
710   5.000E-03   1.3360E-04   1.6301E-04   1.3325E-04 / 1.6270E-04   
720   5.000E-03   1.2983E-04   1.5912E-04   1.2908E-04 / 1.5841E-04   
730   5.000E-03   2.9031E-04   3.4107E-04   2.8949E-04 / 3.4056E-04   
740   5.000E-03   1.2701E-04   1.5127E-04   1.2682E-04 / 1.5110E-04   
750   5.000E-03   1.2741E-04   1.5130E-04   1.2700E-04 / 1.5117E-04   
760   5.000E-03   1.2350E-04   1.4772E-04   1.2327E-04 / 1.4749E-04   
770   5.000E-03   1.3018E-04   1.5389E-04   1.2945E-04 / 1.5330E-04   
780   5.000E-03   1.2119E-04   1.4851E-04   1.2096E-04 / 1.4829E-04   
790   5.000E-03   1.2177E-04   1.4685E-04   1.2050E-04 / 1.4572E-04   
800   5.000E-03   1.9922E-04   2.1427E-04   1.9885E-04 / 2.1392E-04   
810   5.000E-03   1.2764E-04   1.5624E-04   1.2751E-04 / 1.5616E-04   
820   5.000E-03   1.2290E-04   1.5040E-04   1.2269E-04 / 1.5022E-04   
830   5.000E-03   1.2007E-04   1.5132E-04   1.1972E-04 / 1.5098E-04   
840   5.000E-03   1.2219E-04   1.4381E-04   1.2144E-04 / 1.4356E-04   
850   5.000E-03   1.1748E-04   1.4678E-04   1.1733E-04 / 1.4662E-04   
860   5.000E-03   1.1906E-04   1.4309E-04   1.1865E-04 / 1.4268E-04   
870   5.000E-03   1.1721E-04   1.4008E-04   1.1675E-04 / 1.3988E-04   
880   5.000E-03   1.2625E-04   1.5305E-04   1.2615E-04 / 1.5295E-04   
890   5.000E-03   1.1427E-04   1.4079E-04   1.1384E-04 / 1.4041E-04   
900   5.000E-03   1.1635E-04   1.4689E-04   1.1317E-04 / 1.4374E-04   
910   5.000E-03   1.6022E-04   1.8723E-04   1.5954E-04 / 1.8663E-04   
920   5.000E-03   1.1342E-04   1.4031E-04   1.1319E-04 / 1.4008E-04   
930   5.000E-03   1.4258E-04   1.6524E-04   1.4248E-04 / 1.6514E-04   
940   5.000E-03   1.1183E-04   1.4031E-04   1.1155E-04 / 1.4007E-04   
950   5.000E-03   1.0900E-04   1.3710E-04   1.0810E-04 / 1.3628E-04   
960   5.000E-03   1.1051E-04   1.3912E-04   1.0948E-04 / 1.3820E-04   
970   5.000E-03   1.1312E-04   1.4148E-04   1.1278E-04 / 1.4114E-04   
980   5.000E-03   1.2154E-04   1.5310E-04   1.2146E-04 / 1.5301E-04   
990   5.000E-03   1.1239E-04   1.4426E-04   1.0892E-04 / 1.4098E-04   
1000   5.000E-03   1.1264E-04   1.4481E-04   1.1248E-04 / 1.4465E-04   
1010   5.000E-03   1.2349E-04   1.5265E-04   1.1806E-04 / 1.4740E-04   
1020   5.000E-03   1.3206E-04   1.6325E-04   1.3163E-04 / 1.6295E-04   
1030   5.000E-03   1.0541E-04   1.3808E-04   1.0499E-04 / 1.3780E-04   
1040   5.000E-03   1.7605E-04   2.1848E-04   1.7599E-04 / 2.1842E-04   
1050   5.000E-03   1.0898E-04   1.3131E-04   1.0867E-04 / 1.3099E-04   
1060   5.000E-03   1.0584E-04   1.3950E-04   1.0567E-04 / 1.3933E-04   
1070   5.000E-03   1.1158E-04   1.4307E-04   1.1151E-04 / 1.4302E-04   
1080   5.000E-03   1.0752E-04   1.4251E-04   1.0729E-04 / 1.4229E-04   
1090   5.000E-03   1.0817E-04   1.4256E-04   1.0763E-04 / 1.4215E-04   
1100   5.000E-03   1.0061E-04   1.3475E-04   9.9535E-05 / 1.3336E-04   
1110   5.000E-03   1.0087E-04   1.3400E-04   1.0061E-04 / 1.3377E-04   
1120   5.000E-03   1.0559E-04   1.4689E-04   1.0547E-04 / 1.4677E-04   
1130   5.000E-03   1.2609E-04   1.6502E-04   1.2564E-04 / 1.6498E-04   
1140   5.000E-03   9.7493E-05   1.3160E-04   9.7168E-05 / 1.3132E-04   
1150   5.000E-03   9.5738E-05   1.3305E-04   9.5266E-05 / 1.3261E-04   
1160   5.000E-03   1.0025E-04   1.3059E-04   1.0016E-04 / 1.3051E-04   
1170   5.000E-03   1.0518E-04   1.4351E-04   1.0505E-04 / 1.4342E-04   
1180   5.000E-03   9.9541E-05   1.3892E-04   9.9430E-05 / 1.3888E-04   
1190   5.000E-03   9.3013E-05   1.3077E-04   9.2695E-05 / 1.3055E-04   
1200   5.000E-03   1.1777E-04   1.5880E-04   1.1727E-04 / 1.5838E-04   
1210   5.000E-03   1.0618E-04   1.3815E-04   1.0611E-04 / 1.3809E-04   
1220   5.000E-03   1.0077E-04   1.3417E-04   9.5339E-05 / 1.2869E-04   
1230   5.000E-03   1.0099E-04   1.3962E-04   1.0095E-04 / 1.3961E-04   
1240   5.000E-03   1.1602E-04   1.5138E-04   1.1602E-04 / 1.5138E-04   
1250   5.000E-03   9.0152E-05   1.2589E-04   8.9599E-05 / 1.2542E-04   
1260   5.000E-03   8.9601E-05   1.3419E-04   8.9431E-05 / 1.3408E-04   
1270   5.000E-03   8.7367E-05   1.2448E-04   8.7079E-05 / 1.2419E-04   
1280   5.000E-03   8.8796E-05   1.2061E-04   8.8757E-05 / 1.2058E-04   
1290   5.000E-03   9.2823E-05   1.2629E-04   9.2721E-05 / 1.2619E-04   
1300   5.000E-03   1.0867E-04   1.4196E-04   1.0855E-04 / 1.4185E-04   
1310   5.000E-03   8.1498E-05   1.1623E-04   8.1366E-05 / 1.1611E-04   
1320   5.000E-03   8.4402E-05   1.2538E-04   8.4338E-05 / 1.2533E-04   
1330   5.000E-03   7.9311E-05   1.1995E-04   7.9225E-05 / 1.1987E-04   
1340   5.000E-03   7.6573E-05   1.1141E-04   7.6511E-05 / 1.1136E-04   
1350   5.000E-03   7.7137E-05   1.2088E-04   7.7092E-05 / 1.2085E-04   
1360   5.000E-03   7.9600E-05   1.1770E-04   7.9137E-05 / 1.1735E-04   
1370   5.000E-03   9.5402E-05   1.3292E-04   9.4677E-05 / 1.3228E-04   
1380   5.000E-03   7.2836E-05   1.0700E-04   7.2429E-05 / 1.0662E-04   
1390   5.000E-03   7.5729E-05   1.0609E-04   7.5648E-05 / 1.0605E-04   
1400   5.000E-03   6.8476E-05   1.0312E-04   6.8402E-05 / 1.0306E-04   
1410   5.000E-03   9.6578E-05   1.3891E-04   8.0583E-05 / 1.2222E-04   
1420   5.000E-03   6.7062E-05   1.0692E-04   6.6977E-05 / 1.0687E-04   
1430   5.000E-03   6.5852E-05   1.0146E-04   6.5836E-05 / 1.0145E-04   
1440   5.000E-03   6.2629E-05   9.6411E-05   6.2386E-05 / 9.6178E-05   
1450   5.000E-03   6.9945E-05   1.0853E-04   6.9836E-05 / 1.0842E-04   
1460   5.000E-03   6.1547E-05   9.5490E-05   6.1469E-05 / 9.5421E-05   
1470   5.000E-03   6.4939E-05   9.7587E-05   6.4597E-05 / 9.7439E-05   
1480   5.000E-03   5.9568E-05   8.9968E-05   5.9427E-05 / 8.9755E-05   
1490   5.000E-03   1.1056E-04   1.3373E-04   1.1056E-04 / 1.3373E-04   
1500   5.000E-03   5.5673E-05   8.7925E-05   5.5227E-05 / 8.7448E-05   
1510   5.000E-03   5.6711E-05   8.9226E-05   5.6140E-05 / 8.8620E-05   
1520   5.000E-03   5.3472E-05   8.0671E-05   5.3412E-05 / 8.0632E-05   
1530   5.000E-03   5.0865E-05   7.9870E-05   5.0817E-05 / 7.9843E-05   
1540   5.000E-03   4.9715E-05   8.1347E-05   4.9469E-05 / 8.1286E-05   
1550   5.000E-03   4.7961E-05   7.7250E-05   4.7884E-05 / 7.7212E-05   
1560   5.000E-03   6.0124E-05   9.2699E-05   6.0061E-05 / 9.2667E-05   
1570   5.000E-03   4.9153E-05   7.8942E-05   4.9138E-05 / 7.8936E-05   
1580   5.000E-03   5.7651E-05   8.8139E-05   5.7339E-05 / 8.7786E-05   
1590   5.000E-03   4.9207E-05   8.5739E-05   4.7199E-05 / 8.3615E-05   
1600   5.000E-03   4.3053E-05   7.4183E-05   4.2682E-05 / 7.3703E-05   
1610   5.000E-03   4.0199E-05   6.8989E-05   4.0096E-05 / 6.8831E-05   
1620   5.000E-03   4.1624E-05   7.2119E-05   4.1587E-05 / 7.2061E-05   
1630   5.000E-03   3.8865E-05   6.8374E-05   3.8744E-05 / 6.8213E-05   
1640   5.000E-03   3.9198E-05   7.0600E-05   3.9001E-05 / 7.0411E-05   
1650   5.000E-03   4.5651E-05   7.7479E-05   4.5623E-05 / 7.7470E-05   
1660   5.000E-03   3.6339E-05   6.4825E-05   3.6266E-05 / 6.4782E-05   
1670   5.000E-03   3.8789E-05   6.6187E-05   3.8770E-05 / 6.6187E-05   
1680   5.000E-03   3.6890E-05   6.5238E-05   3.6777E-05 / 6.5228E-05   
1690   5.000E-03   3.5223E-05   6.2330E-05   3.5142E-05 / 6.2292E-05   
1700   5.000E-03   3.3984E-05   6.2961E-05   3.3975E-05 / 6.2961E-05   
1710   5.000E-03   3.5239E-05   6.1000E-05   3.5230E-05 / 6.0999E-05   
1720   5.000E-03   4.9555E-05   7.5048E-05   4.9491E-05 / 7.5012E-05   
1730   5.000E-03   4.2480E-05   7.9014E-05   4.2300E-05 / 7.8927E-05   
1740   5.000E-03   3.2069E-05   5.8046E-05   3.1640E-05 / 5.7660E-05   
1750   5.000E-03   4.7183E-05   7.2999E-05   4.7099E-05 / 7.2901E-05   
1760   5.000E-03   3.4020E-05   5.7529E-05   3.2976E-05 / 5.6332E-05   
1770   5.000E-03   4.6599E-05   6.9932E-05   4.6411E-05 / 6.9695E-05   
1780   5.000E-03   3.0361E-05   5.4056E-05   2.9597E-05 / 5.3274E-05   
1790   5.000E-03   2.8481E-05   5.2464E-05   2.8270E-05 / 5.2183E-05   
1800   5.000E-03   2.8541E-05   5.6387E-05   2.8386E-05 / 5.6162E-05   
1810   5.000E-03   3.1723E-05   5.6874E-05   3.1214E-05 / 5.6258E-05   
1820   5.000E-03   2.8267E-05   5.2677E-05   2.8252E-05 / 5.2672E-05   
1830   5.000E-03   3.1977E-05   5.8358E-05   3.1650E-05 / 5.7965E-05   
1840   5.000E-03   2.9846E-05   5.3797E-05   2.9247E-05 / 5.3081E-05   
1850   5.000E-03   3.4889E-05   5.9187E-05   3.4607E-05 / 5.8807E-05   
1860   5.000E-03   2.6554E-05   5.2513E-05   2.6141E-05 / 5.1998E-05   
1870   5.000E-03   2.9752E-05   5.4127E-05   2.8942E-05 / 5.3262E-05   
1880   5.000E-03   2.6461E-05   5.0530E-05   2.6134E-05 / 5.0130E-05   
1890   5.000E-03   2.5413E-05   4.8963E-05   2.5281E-05 / 4.8794E-05   
1900   5.000E-03   2.7601E-05   5.0645E-05   2.7285E-05 / 5.0287E-05   
1910   5.000E-03   2.7605E-05   5.0317E-05   2.7257E-05 / 4.9936E-05   
1920   5.000E-03   2.7621E-05   5.4342E-05   2.6960E-05 / 5.3602E-05   
1930   5.000E-03   5.5032E-05   8.1642E-05   4.4764E-05 / 7.0971E-05   
1940   5.000E-03   2.4895E-05   5.0038E-05   2.4590E-05 / 4.9784E-05   
1950   5.000E-03   2.4656E-05   4.8855E-05   2.4287E-05 / 4.8495E-05   
1960   5.000E-03   2.9427E-05   5.2280E-05   2.8187E-05 / 5.0927E-05   
1970   5.000E-03   2.3490E-05   4.7158E-05   2.3417E-05 / 4.7126E-05   
1980   5.000E-03   2.4867E-05   4.9137E-05   2.4407E-05 / 4.8695E-05   
1990   5.000E-03   2.5129E-05   4.8453E-05   2.4773E-05 / 4.8229E-05   
2000   5.000E-03   2.4199E-05   4.7174E-05   2.3983E-05 / 4.7024E-05   
2010   5.000E-03   2.7521E-05   4.8704E-05   2.7399E-05 / 4.8650E-05   
2020   5.000E-03   2.9004E-05   5.3222E-05   2.5391E-05 / 4.9462E-05   
2030   5.000E-03   3.2108E-05   5.3581E-05   3.1794E-05 / 5.3334E-05   
2040   5.000E-03   2.3845E-05   5.0919E-05   2.3203E-05 / 5.0315E-05   
2050   5.000E-03   2.3826E-05   4.9245E-05   2.3503E-05 / 4.8993E-05   
2060   5.000E-03   2.3472E-05   4.5811E-05   2.2465E-05 / 4.4836E-05   
2070   5.000E-03   2.5180E-05   5.4752E-05   2.4841E-05 / 5.4502E-05   
2080   5.000E-03   3.6271E-05   5.0479E-05   3.5817E-05 / 5.0063E-05   
2090   5.000E-03   2.4567E-05   4.6106E-05   2.4467E-05 / 4.6059E-05   
2100   5.000E-03   2.2600E-05   4.3544E-05   2.2423E-05 / 4.3429E-05   
2110   5.000E-03   2.3592E-05   4.5199E-05   2.3393E-05 / 4.5005E-05   
2120   5.000E-03   4.6394E-05   7.5201E-05   3.3335E-05 / 6.1469E-05   
2130   5.000E-03   2.8637E-05   5.5844E-05   2.6048E-05 / 5.3211E-05   
2140   5.000E-03   2.1364E-05   4.5248E-05   2.1229E-05 / 4.5103E-05   
2150   5.000E-03   3.2109E-05   4.9059E-05   3.1909E-05 / 4.8825E-05   
2160   5.000E-03   2.5023E-05   5.0584E-05   2.5009E-05 / 5.0582E-05   
2170   5.000E-03   2.5655E-05   4.8339E-05   2.5644E-05 / 4.8339E-05   
2180   5.000E-03   2.1946E-05   4.2287E-05   2.1477E-05 / 4.1887E-05   
2190   5.000E-03   2.4908E-05   4.7900E-05   2.4756E-05 / 4.7806E-05   
2200   5.000E-03   3.3583E-05   5.9546E-05   3.2330E-05 / 5.8322E-05   
2210   5.000E-03   2.1236E-05   4.3397E-05   2.1005E-05 / 4.3236E-05   
2220   5.000E-03   2.1666E-05   4.5818E-05   2.1381E-05 / 4.5607E-05   
2230   5.000E-03   3.0753E-05   5.3019E-05   2.9585E-05 / 5.1887E-05   
2240   5.000E-03   2.1496E-05   4.7417E-05   2.0323E-05 / 4.6258E-05   
2250   5.000E-03   2.0883E-05   4.5568E-05   1.9344E-05 / 4.4036E-05   
2260   5.000E-03   2.5274E-05   4.9032E-05   2.5049E-05 / 4.8863E-05   
2270   5.000E-03   2.1292E-05   4.5336E-05   2.1159E-05 / 4.5243E-05   
2280   5.000E-03   1.9393E-05   4.1827E-05   1.9352E-05 / 4.1803E-05   
2290   5.000E-03   3.3912E-05   5.4284E-05   3.3912E-05 / 5.4284E-05   
2300   5.000E-03   1.9266E-05   4.3624E-05   1.8950E-05 / 4.3336E-05   
2310   5.000E-03   2.8838E-05   6.1361E-05   2.8798E-05 / 6.1345E-05   
2320   5.000E-03   2.7236E-05   4.9678E-05   2.7029E-05 / 4.9483E-05   
2330   5.000E-03   1.8747E-05   4.0955E-05   1.8743E-05 / 4.0951E-05   
2340   5.000E-03   1.9385E-05   4.1208E-05   1.9095E-05 / 4.0952E-05   
2350   5.000E-03   1.9134E-05   4.5443E-05   1.8842E-05 / 4.5186E-05   
2360   5.000E-03   4.0272E-05   6.0242E-05   4.0147E-05 / 6.0138E-05   
2370   5.000E-03   1.8369E-05   4.2170E-05   1.8057E-05 / 4.1906E-05   
2380   5.000E-03   2.2173E-05   5.5559E-05   2.2040E-05 / 5.5442E-05   
2390   5.000E-03   1.8878E-05   3.9743E-05   1.8421E-05 / 3.9324E-05   
2400   5.000E-03   1.9731E-05   4.3651E-05   1.9678E-05 / 4.3602E-05   
2410   5.000E-03   1.9970E-05   4.6414E-05   1.9926E-05 / 4.6389E-05   
2420   5.000E-03   2.1428E-05   4.3640E-05   2.1340E-05 / 4.3553E-05   
2430   5.000E-03   2.2553E-05   4.9020E-05   1.9377E-05 / 4.5693E-05   
2440   5.000E-03   2.0753E-05   4.2092E-05   2.0610E-05 / 4.1946E-05   
2450   5.000E-03   1.8234E-05   4.2581E-05   1.8184E-05 / 4.2551E-05   
2460   5.000E-03   1.8304E-05   4.1466E-05   1.6999E-05 / 4.0224E-05   
2470   5.000E-03   1.9816E-05   4.0922E-05   1.9724E-05 / 4.0827E-05   
2480   5.000E-03   2.2711E-05   4.5262E-05   2.1987E-05 / 4.4581E-05   
2490   5.000E-03   1.8239E-05   3.7103E-05   1.8183E-05 / 3.7058E-05   
2500   5.000E-03   1.7847E-05   4.1063E-05   1.7181E-05 / 4.0439E-05   
2510   5.000E-03   2.0109E-05   3.8850E-05   1.8252E-05 / 3.7040E-05   
2520   5.000E-03   1.8605E-05   4.3394E-05   1.8331E-05 / 4.3124E-05   
2530   5.000E-03   2.2641E-05   4.2173E-05   2.2278E-05 / 4.1819E-05   
2540   5.000E-03   2.5363E-05   4.6904E-05   2.4177E-05 / 4.5786E-05   
2550   5.000E-03   3.3070E-05   4.7974E-05   3.2518E-05 / 4.7441E-05   
2560   5.000E-03   1.7289E-05   4.2052E-05   1.7187E-05 / 4.1969E-05   
2570   5.000E-03   1.7999E-05   4.2408E-05   1.7829E-05 / 4.2219E-05   
2580   5.000E-03   1.8014E-05   4.2071E-05   1.6546E-05 / 4.0677E-05   
2590   5.000E-03   1.6279E-05   3.9909E-05   1.6188E-05 / 3.9819E-05   
2600   5.000E-03   2.0216E-05   4.7993E-05   1.9682E-05 / 4.7458E-05   
2610   5.000E-03   1.7095E-05   3.9371E-05   1.7063E-05 / 3.9323E-05   
2620   5.000E-03   2.3787E-05   3.9586E-05   2.3539E-05 / 3.9335E-05   
2630   5.000E-03   2.5241E-05   4.8721E-05   2.2390E-05 / 4.5978E-05   
2640   5.000E-03   1.9604E-05   4.4958E-05   1.9298E-05 / 4.4647E-05   
2650   5.000E-03   1.9064E-05   3.9065E-05   1.8107E-05 / 3.8154E-05   
2660   5.000E-03   1.6401E-05   3.7200E-05   1.6307E-05 / 3.7131E-05   
2670   5.000E-03   1.5974E-05   3.8242E-05   1.5382E-05 / 3.7636E-05   
2680   5.000E-03   1.6057E-05   3.8883E-05   1.5850E-05 / 3.8675E-05   
2690   5.000E-03   1.7928E-05   4.2403E-05   1.7908E-05 / 4.2375E-05   
2700   5.000E-03   1.6565E-05   3.7978E-05   1.6551E-05 / 3.7949E-05   
2710   5.000E-03   1.6438E-05   3.7770E-05   1.6104E-05 / 3.7400E-05   
2720   5.000E-03   1.9503E-05   3.9665E-05   1.9496E-05 / 3.9663E-05   
2730   5.000E-03   2.9759E-05   5.1361E-05   2.8406E-05 / 5.0025E-05   
2740   5.000E-03   2.4187E-05   4.3809E-05   2.3964E-05 / 4.3574E-05   
2750   5.000E-03   1.7269E-05   3.6063E-05   1.7013E-05 / 3.5794E-05   
2760   5.000E-03   1.6450E-05   3.9014E-05   1.6073E-05 / 3.8710E-05   
2770   5.000E-03   1.5532E-05   3.6129E-05   1.5449E-05 / 3.6029E-05   
2780   5.000E-03   1.6042E-05   3.6597E-05   1.5891E-05 / 3.6498E-05   
2790   5.000E-03   1.7574E-05   4.2598E-05   1.7568E-05 / 4.2590E-05   
2800   5.000E-03   1.4987E-05   3.4396E-05   1.4493E-05 / 3.3913E-05   
2810   5.000E-03   2.0058E-05   3.8497E-05   1.9780E-05 / 3.8201E-05   
2820   5.000E-03   1.6065E-05   3.5745E-05   1.5857E-05 / 3.5523E-05   
2830   5.000E-03   1.7072E-05   3.6657E-05   1.6886E-05 / 3.6611E-05   
2840   5.000E-03   1.5775E-05   3.7949E-05   1.5763E-05 / 3.7932E-05   
2850   5.000E-03   1.4600E-05   3.4248E-05   1.4044E-05 / 3.3718E-05   
2860   5.000E-03   1.4674E-05   3.6809E-05   1.4546E-05 / 3.6658E-05   
2870   5.000E-03   2.2568E-05   4.1411E-05   2.2559E-05 / 4.1408E-05   
2880   5.000E-03   1.7395E-05   3.6869E-05   1.6167E-05 / 3.5712E-05   
2890   5.000E-03   1.4554E-05   3.2719E-05   1.4253E-05 / 3.2408E-05   
2900   5.000E-03   1.5004E-05   3.5296E-05   1.4978E-05 / 3.5294E-05   
2910   5.000E-03   2.2838E-05   4.0486E-05   2.2815E-05 / 4.0486E-05   
2920   5.000E-03   1.3290E-05   3.4131E-05   1.3168E-05 / 3.4018E-05   
2930   5.000E-03   1.5086E-05   3.2493E-05   1.4710E-05 / 3.2141E-05   
2940   5.000E-03   1.4812E-05   3.4834E-05   1.4800E-05 / 3.4830E-05   
2950   5.000E-03   1.3063E-05   3.1987E-05   1.2520E-05 / 3.1448E-05   
2960   5.000E-03   1.8203E-05   4.0215E-05   1.8156E-05 / 4.0188E-05   
2970   5.000E-03   1.3914E-05   3.5776E-05   1.2884E-05 / 3.4739E-05   
2980   5.000E-03   1.4691E-05   2.9696E-05   1.4619E-05 / 2.9657E-05   
2990   5.000E-03   1.5638E-05   3.2633E-05   1.5511E-05 / 3.2542E-05   
3000   5.000E-03   1.2553E-05   3.2190E-05   1.2549E-05 / 3.2190E-05   
3010   5.000E-03   2.3274E-05   4.4315E-05   1.6114E-05 / 3.6808E-05   
3020   5.000E-03   1.2118E-05   2.9640E-05   1.2084E-05 / 2.9634E-05   
3030   5.000E-03   1.3120E-05   3.3653E-05   1.2632E-05 / 3.3178E-05   
3040   5.000E-03   1.2499E-05   3.2015E-05   1.1811E-05 / 3.1330E-05   
3050   5.000E-03   1.2812E-05   3.0076E-05   1.2563E-05 / 2.9849E-05   
3060   5.000E-03   1.2189E-05   3.0663E-05   1.2167E-05 / 3.0654E-05   
3070   5.000E-03   1.5446E-05   3.3837E-05   1.5321E-05 / 3.3721E-05   
3080   5.000E-03   1.1505E-05   3.1702E-05   1.1210E-05 / 3.1393E-05   
3090   5.000E-03   1.2418E-05   3.1783E-05   1.2362E-05 / 3.1718E-05   
3100   5.000E-03   1.2895E-05   3.2709E-05   1.2894E-05 / 3.2709E-05   
3110   5.000E-03   1.3217E-05   3.3046E-05   1.2031E-05 / 3.1843E-05   
3120   5.000E-03   1.1615E-05   3.0632E-05   1.1595E-05 / 3.0600E-05   
3130   5.000E-03   1.3631E-05   3.3555E-05   1.3202E-05 / 3.3106E-05   
3140   5.000E-03   1.6547E-05   3.1689E-05   1.6526E-05 / 3.1668E-05   
3150   5.000E-03   1.2434E-05   3.3459E-05   1.1879E-05 / 3.2869E-05   
3160   5.000E-03   1.1928E-05   3.1800E-05   1.1379E-05 / 3.1206E-05   
3170   5.000E-03   2.2652E-05   3.8445E-05   2.2093E-05 / 3.7862E-05   
3180   5.000E-03   1.2321E-05   2.7160E-05   1.2321E-05 / 2.7159E-05   
3190   5.000E-03   1.2762E-05   3.2159E-05   1.2549E-05 / 3.1908E-05   
3200   5.000E-03   1.0970E-05   3.1724E-05   1.0840E-05 / 3.1550E-05   
3210   5.000E-03   1.1261E-05   3.1482E-05   1.0935E-05 / 3.1112E-05   
3220   5.000E-03   1.0147E-05   2.8896E-05   1.0004E-05 / 2.8715E-05   
3230   5.000E-03   1.1809E-05   3.2038E-05   1.1809E-05 / 3.2038E-05   
3240   5.000E-03   1.3222E-05   3.6398E-05   1.3100E-05 / 3.6239E-05   
3250   5.000E-03   1.0505E-05   2.7419E-05   1.0224E-05 / 2.7091E-05   
3260   5.000E-03   1.0543E-05   2.9468E-05   1.0507E-05 / 2.9399E-05   
3270   5.000E-03   1.7469E-05   3.2463E-05   1.6601E-05 / 3.1680E-05   
3280   5.000E-03   1.0415E-05   2.9159E-05   1.0141E-05 / 2.8853E-05   
3290   5.000E-03   1.3584E-05   3.3226E-05   1.3158E-05 / 3.2819E-05   
3300   5.000E-03   1.1967E-05   3.4456E-05   1.1962E-05 / 3.4451E-05   
3310   5.000E-03   1.0558E-05   3.0135E-05   1.0368E-05 / 2.9887E-05   
3320   5.000E-03   1.2616E-05   3.0472E-05   1.2183E-05 / 3.0030E-05   
3330   5.000E-03   1.0279E-05   2.6428E-05   1.0116E-05 / 2.6229E-05   
3340   5.000E-03   1.1060E-05   3.0329E-05   1.0782E-05 / 3.0020E-05   
3350   5.000E-03   1.2547E-05   3.2126E-05   1.0645E-05 / 3.0177E-05   
3360   5.000E-03   1.2321E-05   2.8823E-05   1.1944E-05 / 2.8411E-05   
3370   5.000E-03   1.2347E-05   2.9950E-05   1.1455E-05 / 2.8978E-05   
3380   5.000E-03   1.2646E-05   2.9280E-05   1.1501E-05 / 2.8112E-05   
3390   5.000E-03   1.2188E-05   2.8599E-05   1.2188E-05 / 2.8599E-05   
3400   5.000E-03   1.2223E-05   3.0464E-05   1.2072E-05 / 3.0382E-05   
3410   5.000E-03   1.2971E-05   3.2768E-05   1.2847E-05 / 3.2617E-05   
3420   5.000E-03   1.5513E-05   3.0336E-05   1.5504E-05 / 3.0336E-05   
3430   5.000E-03   1.2970E-05   2.9470E-05   1.2880E-05 / 2.9370E-05   
3440   5.000E-03   1.0115E-05   2.7714E-05   9.9750E-06 / 2.7567E-05   
3450   5.000E-03   1.1253E-05   2.9859E-05   1.0810E-05 / 2.9384E-05   
3460   5.000E-03   1.2274E-05   2.7336E-05   1.0291E-05 / 2.5268E-05   
3470   5.000E-03   1.8974E-05   3.9680E-05   1.8607E-05 / 3.9346E-05   
3480   5.000E-03   9.5357E-06   2.4795E-05   9.5170E-06 / 2.4773E-05   
3490   5.000E-03   9.0249E-06   2.7538E-05   9.0073E-06 / 2.7520E-05   
3500   5.000E-03   1.0025E-05   2.6542E-05   9.9898E-06 / 2.6501E-05   
3510   5.000E-03   1.0461E-05   2.8581E-05   1.0384E-05 / 2.8494E-05   
3520   5.000E-03   9.7154E-06   2.7698E-05   9.2831E-06 / 2.7248E-05   
3530   5.000E-03   1.0135E-05   2.8986E-05   1.0030E-05 / 2.8862E-05   
3540   5.000E-03   1.7964E-05   3.6884E-05   1.7913E-05 / 3.6884E-05   
3550   5.000E-03   1.1776E-05   3.0123E-05   1.1076E-05 / 2.9355E-05   
3560   5.000E-03   1.0242E-05   2.9208E-05   9.9844E-06 / 2.8943E-05   
3570   5.000E-03   1.3074E-05   2.9959E-05   1.2945E-05 / 2.9822E-05   
3580   5.000E-03   9.1996E-06   2.4034E-05   9.0455E-06 / 2.3867E-05   
3590   5.000E-03   1.2975E-05   2.9679E-05   1.2968E-05 / 2.9679E-05   
3600   5.000E-03   9.0751E-06   2.4736E-05   9.0455E-06 / 2.4703E-05   
3610   5.000E-03   9.5450E-06   2.7364E-05   9.5450E-06 / 2.7364E-05   
3620   5.000E-03   9.4313E-06   2.5212E-05   9.4144E-06 / 2.5200E-05   
3630   5.000E-03   1.1621E-05   2.8411E-05   1.1621E-05 / 2.8411E-05   
3640   5.000E-03   1.4427E-05   2.8184E-05   1.4423E-05 / 2.8184E-05   
3650   5.000E-03   9.0139E-06   2.7187E-05   8.6849E-06 / 2.6848E-05   
3660   5.000E-03   1.0646E-05   3.0353E-05   1.0555E-05 / 3.0269E-05   
3670   5.000E-03   1.1522E-05   2.8298E-05   1.1469E-05 / 2.8248E-05   
3680   5.000E-03   1.1723E-05   2.8947E-05   1.1698E-05 / 2.8924E-05   
3690   5.000E-03   9.2335E-06   2.6449E-05   9.2215E-06 / 2.6449E-05   
3700   5.000E-03   1.0376E-05   2.6335E-05   1.0376E-05 / 2.6335E-05   
3710   5.000E-03   9.8166E-06   2.8354E-05   9.4888E-06 / 2.8055E-05   
3720   5.000E-03   1.1600E-05   2.7497E-05   1.0046E-05 / 2.5915E-05   
3730   5.000E-03   9.4331E-06   2.7637E-05   8.9366E-06 / 2.7120E-05   
3740   5.000E-03   9.2396E-06   2.5811E-05   9.2210E-06 / 2.5810E-05   
3750   5.000E-03   9.9943E-06   2.7883E-05   9.9627E-06 / 2.7865E-05   
3760   5.000E-03   2.8818E-05   3.6379E-05   2.8288E-05 / 3.5828E-05   
3770   5.000E-03   8.8156E-06   2.5743E-05   8.8092E-06 / 2.5742E-05   
3780   5.000E-03   8.4731E-06   2.6625E-05   8.4293E-06 / 2.6597E-05   
3790   5.000E-03   9.8241E-06   3.0464E-05   9.4917E-06 / 3.0139E-05   
3800   5.000E-03   8.0706E-06   2.4945E-05   8.0484E-06 / 2.4936E-05   
3810   5.000E-03   1.0048E-05   2.4191E-05   9.6406E-06 / 2.3765E-05   
3820   5.000E-03   1.3184E-05   2.6741E-05   1.3184E-05 / 2.6741E-05   
3830   5.000E-03   8.7123E-06   2.5862E-05   8.7123E-06 / 2.5862E-05   
3840   5.000E-03   8.1970E-06   2.5168E-05   7.9524E-06 / 2.4925E-05   
3850   5.000E-03   9.9843E-06   2.8842E-05   9.9767E-06 / 2.8842E-05   
3860   5.000E-03   1.0814E-05   2.9986E-05   9.6513E-06 / 2.8824E-05   
3870   5.000E-03   9.7566E-06   2.6826E-05   9.2899E-06 / 2.6353E-05   
3880   5.000E-03   1.4785E-05   3.3481E-05   1.3956E-05 / 3.2616E-05   
3890   5.000E-03   1.0202E-05   2.5088E-05   9.2013E-06 / 2.4039E-05   
3900   5.000E-03   1.0596E-05   2.9203E-05   1.0594E-05 / 2.9202E-05   
3910   5.000E-03   1.0084E-05   2.6716E-05   9.4230E-06 / 2.6018E-05   
3920   5.000E-03   9.7331E-06   2.5577E-05   9.7282E-06 / 2.5576E-05   
3930   5.000E-03   9.7471E-06   2.6077E-05   8.7794E-06 / 2.5115E-05   
3940   5.000E-03   1.0015E-05   2.4591E-05   9.8144E-06 / 2.4406E-05   
3950   5.000E-03   1.0854E-05   2.3106E-05   1.0790E-05 / 2.3060E-05   
3960   5.000E-03   9.3732E-06   2.6243E-05   9.3732E-06 / 2.6243E-05   
3970   5.000E-03   8.4840E-06   2.6652E-05   8.4027E-06 / 2.6561E-05   
3980   5.000E-03   1.2850E-05   2.7388E-05   1.2364E-05 / 2.6921E-05   
3990   5.000E-03   8.3482E-06   2.4918E-05   8.2519E-06 / 2.4840E-05   
4000   5.000E-03   8.5897E-06   2.6688E-05   8.5880E-06 / 2.6688E-05   
4010   5.000E-03   8.0297E-06   2.1863E-05   7.9668E-06 / 2.1814E-05   
4020   5.000E-03   8.3660E-06   2.3328E-05   8.3046E-06 / 2.3282E-05   
4030   5.000E-03   8.3468E-06   2.2747E-05   8.2406E-06 / 2.2659E-05   
4040   5.000E-03   9.4182E-06   2.4633E-05   9.2061E-06 / 2.4437E-05   
4050   5.000E-03   8.1595E-06   2.5323E-05   8.1590E-06 / 2.5323E-05   
4060   5.000E-03   9.3260E-06   2.8500E-05   8.4858E-06 / 2.7628E-05   
4070   5.000E-03   8.1990E-06   2.0952E-05   8.1989E-06 / 2.0952E-05   
4080   5.000E-03   9.0277E-06   2.7101E-05   8.9558E-06 / 2.7014E-05   
4090   5.000E-03   8.2495E-06   2.4120E-05   8.0111E-06 / 2.3897E-05   
4100   5.000E-03   9.5828E-06   2.4213E-05   9.2094E-06 / 2.3868E-05   
4110   5.000E-03   8.7044E-06   2.6174E-05   8.6929E-06 / 2.6169E-05   
4120   5.000E-03   1.5877E-05   2.7238E-05   1.5642E-05 / 2.7027E-05   
4130   5.000E-03   8.1491E-06   2.5310E-05   7.5048E-06 / 2.4702E-05   
4140   5.000E-03   1.1258E-05   2.6480E-05   1.1162E-05 / 2.6382E-05   
4150   5.000E-03   1.0717E-05   2.6426E-05   1.0343E-05 / 2.6085E-05   
4160   5.000E-03   8.0576E-06   2.3371E-05   8.0429E-06 / 2.3360E-05   
4170   5.000E-03   8.7194E-06   2.5468E-05   8.3595E-06 / 2.5152E-05   
4180   5.000E-03   1.1422E-05   2.3016E-05   1.1351E-05 / 2.2952E-05   
4190   5.000E-03   8.8309E-06   2.4352E-05   8.8072E-06 / 2.4347E-05   
4200   5.000E-03   7.2960E-06   2.4892E-05   7.2900E-06 / 2.4891E-05   
4210   5.000E-03   7.0002E-06   2.3145E-05   6.9249E-06 / 2.3076E-05   
4220   5.000E-03   1.0902E-05   2.4902E-05   1.0857E-05 / 2.4853E-05   
4230   5.000E-03   1.0137E-05   2.5123E-05   1.0088E-05 / 2.5074E-05   
4240   5.000E-03   1.3143E-05   3.0855E-05   1.2887E-05 / 3.0630E-05   
4250   5.000E-03   8.0469E-06   2.3976E-05   7.6118E-06 / 2.3572E-05   
4260   5.000E-03   1.0339E-05   2.9818E-05   9.7283E-06 / 2.9258E-05   
4270   5.000E-03   8.4424E-06   2.2728E-05   8.1752E-06 / 2.2492E-05   
4280   5.000E-03   1.0467E-05   2.6679E-05   9.6968E-06 / 2.5971E-05   
4290   5.000E-03   8.5759E-06   2.5564E-05   8.4402E-06 / 2.5448E-05   
4300   5.000E-03   8.4054E-06   2.3917E-05   7.4861E-06 / 2.3054E-05   
4310   5.000E-03   7.7913E-06   2.4390E-05   7.7913E-06 / 2.4390E-05   
4320   5.000E-03   1.3868E-05   2.9584E-05   1.3707E-05 / 2.9460E-05   
4330   5.000E-03   7.6426E-06   2.5147E-05   7.6426E-06 / 2.5147E-05   
4340   5.000E-03   7.4199E-06   2.2151E-05   7.3189E-06 / 2.2057E-05   
4350   5.000E-03   7.9728E-06   2.3955E-05   7.9257E-06 / 2.3916E-05   
4360   5.000E-03   8.1403E-06   2.3527E-05   8.0933E-06 / 2.3483E-05   
4370   5.000E-03   8.4792E-06   2.4909E-05   8.4458E-06 / 2.4873E-05   
4380   5.000E-03   7.9422E-06   2.5722E-05   7.9415E-06 / 2.5721E-05   
4390   5.000E-03   7.5550E-06   2.1417E-05   7.3599E-06 / 2.1226E-05   
4400   5.000E-03   7.0055E-06   2.2341E-05   6.7365E-06 / 2.2110E-05   
4410   5.000E-03   9.2968E-06   2.5042E-05   9.2968E-06 / 2.5042E-05   
4420   5.000E-03   8.9315E-06   2.4681E-05   8.7531E-06 / 2.4649E-05   
4430   5.000E-03   8.3008E-06   2.5005E-05   8.3008E-06 / 2.5005E-05   
4440   5.000E-03   7.4291E-06   2.4723E-05   7.0528E-06 / 2.4329E-05   
4450   5.000E-03   1.1400E-05   3.0963E-05   1.1395E-05 / 3.0963E-05   
4460   5.000E-03   7.6427E-06   2.5025E-05   7.6301E-06 / 2.5009E-05   
4470   5.000E-03   8.1691E-06   2.1537E-05   7.9225E-06 / 2.1277E-05   
4480   5.000E-03   8.0414E-06   2.4516E-05   8.0269E-06 / 2.4503E-05   
4490   5.000E-03   1.6745E-05   3.2438E-05   1.6367E-05 / 3.2107E-05   
4500   5.000E-03   8.1909E-06   2.6219E-05   8.1053E-06 / 2.6137E-05   
4510   5.000E-03   8.6452E-06   2.7933E-05   8.6449E-06 / 2.7933E-05   
4520   5.000E-03   7.7871E-06   2.5158E-05   7.7870E-06 / 2.5158E-05   
4530   5.000E-03   7.0366E-06   2.3952E-05   6.8508E-06 / 2.3788E-05   
4540   5.000E-03   7.9043E-06   2.3411E-05   7.3423E-06 / 2.2916E-05   
4550   5.000E-03   8.6336E-06   2.2680E-05   8.6336E-06 / 2.2680E-05   
4560   5.000E-03   7.7686E-06   2.3004E-05   7.7672E-06 / 2.3004E-05   
4570   5.000E-03   7.1918E-06   2.3861E-05   7.1793E-06 / 2.3847E-05   
4580   5.000E-03   7.9631E-06   2.3270E-05   7.4271E-06 / 2.2777E-05   
4590   5.000E-03   7.6508E-06   2.4882E-05   7.5968E-06 / 2.4823E-05   
4600   5.000E-03   8.2887E-06   2.7323E-05   8.2887E-06 / 2.7323E-05   
4610   5.000E-03   7.7086E-06   2.4530E-05   7.4221E-06 / 2.4278E-05   
4620   5.000E-03   8.1630E-06   2.3499E-05   8.1269E-06 / 2.3463E-05   
4630   5.000E-03   8.4661E-06   2.7276E-05   8.4661E-06 / 2.7276E-05   
4640   5.000E-03   2.3018E-05   3.9070E-05   2.2893E-05 / 3.9067E-05   
4650   5.000E-03   7.5090E-06   2.1616E-05   7.1949E-06 / 2.1342E-05   
4660   5.000E-03   7.7563E-06   2.4363E-05   7.4193E-06 / 2.4068E-05   
4670   5.000E-03   6.6004E-06   2.3149E-05   6.4760E-06 / 2.3036E-05   
4680   5.000E-03   7.7557E-06   2.2906E-05   7.7548E-06 / 2.2906E-05   
4690   5.000E-03   7.8639E-06   2.4947E-05   7.8476E-06 / 2.4927E-05   
4700   5.000E-03   7.1292E-06   2.3653E-05   7.1287E-06 / 2.3652E-05   
4710   5.000E-03   7.7124E-06   2.4475E-05   7.2731E-06 / 2.4043E-05   
4720   5.000E-03   8.3654E-06   2.6898E-05   8.0835E-06 / 2.6650E-05   
4730   5.000E-03   8.6064E-06   2.4709E-05   7.0297E-06 / 2.3213E-05   
4740   5.000E-03   8.3361E-06   2.1488E-05   8.3361E-06 / 2.1488E-05   
4750   5.000E-03   8.1774E-06   2.5687E-05   8.1774E-06 / 2.5687E-05   
4760   5.000E-03   7.7366E-06   2.8213E-05   7.1416E-06 / 2.7669E-05   
4770   5.000E-03   1.1304E-05   3.0125E-05   1.1304E-05 / 3.0125E-05   
4780   5.000E-03   6.9912E-06   2.4606E-05   6.7982E-06 / 2.4432E-05   
4790   5.000E-03   7.3420E-06   2.3186E-05   7.3411E-06 / 2.3184E-05   
4800   5.000E-03   7.8628E-06   2.4937E-05   7.8628E-06 / 2.4937E-05   
4810   5.000E-03   7.5014E-06   2.4601E-05   7.1338E-06 / 2.4270E-05   
4820   5.000E-03   7.0713E-06   2.4639E-05   6.8734E-06 / 2.4465E-05   
4830   5.000E-03   7.0035E-06   2.3428E-05   6.9878E-06 / 2.3414E-05   
4840   5.000E-03   7.8371E-06   2.2919E-05   7.7821E-06 / 2.2867E-05   
4850   5.000E-03   7.1377E-06   2.2713E-05   7.1376E-06 / 2.2713E-05   
4860   5.000E-03   8.4065E-06   2.6659E-05   7.5915E-06 / 2.5908E-05   
4870   5.000E-03   8.7215E-06   2.2850E-05   7.7423E-06 / 2.1941E-05   
4880   5.000E-03   8.2812E-06   2.3721E-05   8.1450E-06 / 2.3603E-05   
4890   5.000E-03   6.8413E-06   2.4384E-05   6.7145E-06 / 2.4271E-05   
4900   5.000E-03   6.8587E-06   2.5282E-05   6.7636E-06 / 2.5199E-05   
4910   5.000E-03   6.9319E-06   2.5037E-05   6.4336E-06 / 2.4569E-05   
4920   5.000E-03   7.2464E-06   2.4458E-05   7.1028E-06 / 2.4330E-05   
4930   5.000E-03   2.1463E-05   3.6894E-05   1.9390E-05 / 3.5154E-05   
4940   5.000E-03   1.0089E-05   2.6092E-05   9.9114E-06 / 2.5935E-05   
4950   5.000E-03   6.2154E-06   2.2666E-05   6.1103E-06 / 2.2576E-05   
4960   5.000E-03   8.2520E-06   2.5834E-05   6.5076E-06 / 2.4171E-05   
4970   5.000E-03   6.8445E-06   2.3737E-05   6.8284E-06 / 2.3725E-05   
4980   5.000E-03   6.7864E-06   2.3411E-05   6.7557E-06 / 2.3386E-05   
4990   5.000E-03   7.3467E-06   2.3027E-05   7.3467E-06 / 2.3027E-05   
5000   5.000E-03   7.3200E-06   2.5099E-05   7.3200E-06 / 2.5099E-05   
5010   5.000E-03   7.4133E-06   2.5755E-05   7.3508E-06 / 2.5699E-05   
5020   5.000E-03   8.7752E-06   2.4456E-05   8.6788E-06 / 2.4371E-05   
5030   5.000E-03   1.3386E-05   2.9298E-05   1.1775E-05 / 2.7762E-05   
5040   5.000E-03   6.7870E-06   2.4210E-05   6.3753E-06 / 2.3833E-05   
5050   5.000E-03   8.7717E-06   2.5946E-05   8.7716E-06 / 2.5946E-05   
5060   5.000E-03   6.6075E-06   2.2526E-05   6.4193E-06 / 2.2359E-05   
5070   5.000E-03   8.3131E-06   2.2357E-05   7.9424E-06 / 2.2014E-05   
5080   5.000E-03   7.6215E-06   2.5974E-05   7.6148E-06 / 2.5973E-05   
5090   5.000E-03   6.8726E-06   2.4628E-05   6.5798E-06 / 2.4338E-05   
5100   5.000E-03   7.3035E-06   2.3760E-05   7.3035E-06 / 2.3760E-05   
5110   5.000E-03   9.1158E-06   2.6886E-05   9.0344E-06 / 2.6817E-05   
5120   5.000E-03   7.2956E-06   2.3889E-05   7.2495E-06 / 2.3853E-05   
5130   5.000E-03   7.5992E-06   2.6630E-05   7.5237E-06 / 2.6565E-05   
5140   5.000E-03   7.0013E-06   2.2301E-05   7.0013E-06 / 2.2301E-05   
5150   5.000E-03   7.0123E-06   2.1997E-05   7.0123E-06 / 2.1997E-05   
5160   5.000E-03   6.8782E-06   2.3862E-05   6.8782E-06 / 2.3862E-05   
5170   5.000E-03   9.1301E-06   2.3628E-05   8.6410E-06 / 2.3163E-05   
5180   5.000E-03   6.8293E-06   2.3766E-05   6.6876E-06 / 2.3641E-05   
5190   5.000E-03   6.5438E-06   2.4061E-05   6.3778E-06 / 2.3916E-05   
5200   5.000E-03   8.9726E-06   2.6388E-05   8.3159E-06 / 2.5724E-05   
5210   5.000E-03   6.2382E-06   2.3390E-05   6.2238E-06 / 2.3380E-05   
5220   5.000E-03   6.9088E-06   2.4669E-05   6.8964E-06 / 2.4656E-05   
5230   5.000E-03   7.1263E-06   2.5497E-05   7.0006E-06 / 2.5354E-05   
5240   5.000E-03   6.9527E-06   2.3022E-05   6.9079E-06 / 2.2990E-05   
5250   5.000E-03   1.0794E-05   2.6883E-05   1.0619E-05 / 2.6683E-05   
5260   5.000E-03   8.4389E-06   2.7166E-05   8.3424E-06 / 2.7071E-05   
5270   5.000E-03   5.9431E-06   2.3599E-05   5.8895E-06 / 2.3559E-05   
5280   5.000E-03   1.3059E-05   2.4820E-05   1.2110E-05 / 2.3907E-05   
5290   5.000E-03   6.5560E-06   2.3660E-05   6.1420E-06 / 2.3272E-05   
5300   5.000E-03   6.3765E-06   2.3429E-05   5.8902E-06 / 2.2968E-05   
5310   5.000E-03   7.1437E-06   2.3480E-05   7.1437E-06 / 2.3480E-05   
5320   5.000E-03   8.0735E-06   2.5384E-05   7.3191E-06 / 2.4639E-05   
5330   5.000E-03   6.3642E-06   2.3557E-05   6.3442E-06 / 2.3555E-05   
5340   5.000E-03   6.5876E-06   2.3525E-05   6.5876E-06 / 2.3525E-05   
5350   5.000E-03   7.1590E-06   2.6885E-05   7.0920E-06 / 2.6830E-05   
5360   5.000E-03   7.8478E-06   2.3797E-05   7.2744E-06 / 2.3243E-05   
5370   5.000E-03   7.8127E-06   2.4984E-05   7.8086E-06 / 2.4984E-05   
5380   5.000E-03   7.4406E-06   2.4920E-05   7.4126E-06 / 2.4895E-05   
5390   5.000E-03   7.0007E-06   2.2970E-05   6.9997E-06 / 2.2970E-05   
5400   5.000E-03   7.9784E-06   2.4224E-05   7.9784E-06 / 2.4224E-05   
5410   5.000E-03   7.1575E-06   2.3824E-05   7.1254E-06 / 2.3806E-05   
5420   5.000E-03   6.4931E-06   2.3791E-05   6.4555E-06 / 2.3770E-05   
5430   5.000E-03   7.3294E-06   2.4348E-05   7.2508E-06 / 2.4291E-05   
5440   5.000E-03   6.8662E-06   2.3514E-05   6.8662E-06 / 2.3514E-05   
5450   5.000E-03   6.5827E-06   2.4029E-05   6.5827E-06 / 2.4029E-05   
5460   5.000E-03   8.4416E-06   2.3972E-05   8.4416E-06 / 2.3972E-05   
5470   5.000E-03   8.8100E-06   2.5896E-05   8.7814E-06 / 2.5870E-05   
5480   5.000E-03   6.9361E-06   2.4917E-05   6.8970E-06 / 2.4885E-05   
5490   5.000E-03   6.4575E-06   2.3945E-05   6.4575E-06 / 2.3945E-05   
5500   5.000E-03   6.9766E-06   2.4145E-05   6.6114E-06 / 2.3800E-05   
5510   5.000E-03   6.3081E-06   2.5017E-05   6.3031E-06 / 2.5017E-05   
5520   5.000E-03   8.5792E-06   2.6496E-05   8.4988E-06 / 2.6401E-05   
5530   5.000E-03   6.2197E-06   2.4137E-05   6.1293E-06 / 2.4068E-05   
5540   5.000E-03   5.7948E-06   2.3139E-05   5.7729E-06 / 2.3129E-05   
5550   5.000E-03   6.0212E-06   2.3210E-05   6.0139E-06 / 2.3208E-05   
5560   5.000E-03   7.9705E-06   2.7359E-05   7.9552E-06 / 2.7347E-05   
5570   5.000E-03   1.0205E-05   2.2799E-05   1.0156E-05 / 2.2742E-05   
5580   5.000E-03   6.2505E-06   2.1411E-05   6.2462E-06 / 2.1410E-05   
5590   5.000E-03   6.3415E-06   2.2154E-05   6.3307E-06 / 2.2151E-05   
5600   5.000E-03   5.8910E-06   2.2731E-05   5.8537E-06 / 2.2710E-05   
5610   5.000E-03   5.8013E-06   2.3242E-05   5.8013E-06 / 2.3242E-05   
5620   5.000E-03   2.1989E-05   3.5406E-05   1.7777E-05 / 3.1189E-05   
5630   5.000E-03   5.5742E-06   2.2543E-05   5.5009E-06 / 2.2493E-05   
5640   5.000E-03   7.5628E-06   2.4136E-05   7.5628E-06 / 2.4136E-05   
5650   5.000E-03   6.5436E-06   2.1778E-05   6.5062E-06 / 2.1759E-05   
5660   5.000E-03   6.3270E-06   2.2857E-05   6.2064E-06 / 2.2755E-05   
5670   5.000E-03   6.4362E-06   2.3064E-05   6.3415E-06 / 2.2996E-05   
5680   5.000E-03   5.6981E-06   2.2615E-05   5.5398E-06 / 2.2476E-05   
5690   5.000E-03   6.0659E-06   2.2009E-05   6.0639E-06 / 2.2007E-05   
5700   5.000E-03   9.3984E-06   2.6549E-05   9.3977E-06 / 2.6548E-05   
5710   5.000E-03   6.5205E-06   2.3565E-05   6.5170E-06 / 2.3565E-05   
5720   5.000E-03   6.6791E-06   2.0861E-05   6.5495E-06 / 2.0757E-05   
5730   5.000E-03   6.3259E-06   2.1899E-05   5.8499E-06 / 2.1441E-05   
5740   5.000E-03   6.6683E-06   2.2346E-05   6.5792E-06 / 2.2278E-05   
5750   5.000E-03   6.5164E-06   2.5515E-05   6.5109E-06 / 2.5515E-05   
5760   5.000E-03   6.8932E-06   2.4940E-05   6.8842E-06 / 2.4931E-05   
5770   5.000E-03   6.3743E-06   2.3658E-05   6.0915E-06 / 2.3395E-05   
5780   5.000E-03   6.6532E-06   2.1719E-05   6.5763E-06 / 2.1664E-05   
5790   5.000E-03   8.4901E-06   2.2185E-05   8.4643E-06 / 2.2174E-05   
5800   5.000E-03   6.7062E-06   2.3751E-05   6.5748E-06 / 2.3621E-05   
5810   5.000E-03   5.5133E-06   2.2054E-05   5.4727E-06 / 2.2031E-05   
5820   5.000E-03   6.1217E-06   2.2606E-05   6.1215E-06 / 2.2606E-05   
5830   5.000E-03   7.1753E-06   2.4886E-05   7.1740E-06 / 2.4886E-05   
5840   5.000E-03   6.6430E-06   2.2542E-05   6.6404E-06 / 2.2542E-05   
5850   5.000E-03   1.4066E-05   2.8300E-05   1.3080E-05 / 2.7338E-05   
5860   5.000E-03   6.6757E-06   2.0091E-05   6.6721E-06 / 2.0090E-05   
5870   5.000E-03   5.8174E-06   2.1689E-05   5.7318E-06 / 2.1627E-05   
5880   5.000E-03   6.5447E-06   2.4435E-05   6.5375E-06 / 2.4434E-05   
5890   5.000E-03   6.4864E-06   2.4025E-05   6.4758E-06 / 2.4023E-05   
5900   5.000E-03   7.1761E-06   2.3091E-05   5.9599E-06 / 2.1892E-05   
5910   5.000E-03   6.8550E-06   2.1940E-05   6.2853E-06 / 2.1385E-05   
5920   5.000E-03   7.3919E-06   2.2642E-05   7.2500E-06 / 2.2604E-05   
5930   5.000E-03   6.6522E-06   2.2382E-05   6.5659E-06 / 2.2333E-05   
5940   5.000E-03   7.2591E-06   2.2816E-05   6.9838E-06 / 2.2569E-05   
5950   5.000E-03   6.0930E-06   2.3460E-05   6.0055E-06 / 2.3395E-05   
5960   5.000E-03   7.5041E-06   2.3906E-05   7.4254E-06 / 2.3850E-05   
5970   5.000E-03   5.8711E-06   2.2712E-05   5.7421E-06 / 2.2607E-05   
5980   5.000E-03   5.6440E-06   2.2249E-05   5.6337E-06 / 2.2247E-05   
5990   5.000E-03   7.1287E-06   2.2904E-05   6.2239E-06 / 2.2011E-05   
6000   5.000E-03   5.5455E-06   2.3089E-05   5.5003E-06 / 2.3062E-05   
===============================================================================================================
Saved model to /home/nikki/kan/kanTBNN/models/multi_run/kan_experiment_24/kanTBNN-24Nov04_08:11:37.pickle
