========== Dataset info ==========
Dataset params: {'file': '/home/nikki/kan/data/turbulence_dataset_clean.csv', 'Cases': ['fp_1000', 'fp_1410', 'fp_2000', 'fp_2540', 'fp_3030', 'fp_3270', 'fp_3630', 'fp_3970', 'fp_4060'], 'val_set': ['fp_3030', 'fp_1410', 'fp_4060'], 'test_set': ['fp_3630'], 'data_loader': <class 'tbnn.dataloaders.aDataset'>}
Train/Valid/Test points: 760 / 468 / 168
Memorization?: False
Cluster training?: False
EPOCH     LR        TRAIN         VALID             MSE:T/V                  RL:T/V             %NR_t/%NR_v
===============================================================================================================
  1   1.331E-04   2.8725E-01   2.7665E-01   2.3090E-01 / 2.2521E-01   
 10   1.331E-04   2.4632E-01   2.3625E-01   2.0244E-01 / 1.9679E-01   
 20   1.331E-04   2.0663E-01   1.9724E-01   1.7462E-01 / 1.6912E-01   
 30   1.331E-04   1.7483E-01   1.6598E-01   1.5059E-01 / 1.4528E-01   
 40   1.331E-04   1.4804E-01   1.3969E-01   1.2907E-01 / 1.2399E-01   
 50   1.331E-04   1.2452E-01   1.1662E-01   1.0951E-01 / 1.0466E-01   
 60   1.331E-04   1.0363E-01   9.6158E-02   9.1654E-02 / 8.7047E-02   
 70   1.331E-04   8.5561E-02   7.8547E-02   7.6042E-02 / 7.1711E-02   
 80   1.331E-04   7.0042E-02   6.3559E-02   6.2468E-02 / 5.8472E-02   
 90   1.331E-04   5.6684E-02   5.0830E-02   5.0683E-02 / 4.7083E-02   
100   1.331E-04   4.5578E-02   4.0312E-02   4.0803E-02 / 3.7572E-02   
110   1.331E-04   3.6606E-02   3.1856E-02   3.2848E-02 / 2.9915E-02   
120   1.331E-04   2.9847E-02   2.5536E-02   2.6851E-02 / 2.4170E-02   
130   1.331E-04   2.4715E-02   2.0841E-02   2.2342E-02 / 1.9908E-02   
140   1.331E-04   2.0635E-02   1.7165E-02   1.8743E-02 / 1.6535E-02   
150   1.331E-04   1.7312E-02   1.4210E-02   1.5792E-02 / 1.3788E-02   
160   1.331E-04   1.4682E-02   1.1913E-02   1.3457E-02 / 1.1634E-02   
170   1.331E-04   1.2676E-02   1.0213E-02   1.1696E-02 / 1.0036E-02   
180   1.331E-04   1.1186E-02   8.9892E-03   1.0396E-02 / 8.8732E-03   
190   1.331E-04   1.0038E-02   8.0901E-03   9.4143E-03 / 8.0158E-03   
200   1.331E-04   9.1082E-03   7.3927E-03   8.6330E-03 / 7.3507E-03   
210   1.331E-04   8.3572E-03   6.8419E-03   8.0002E-03 / 6.8206E-03   
220   1.331E-04   7.7356E-03   6.3911E-03   7.4722E-03 / 6.3829E-03   
230   1.331E-04   7.2225E-03   6.0184E-03   7.0284E-03 / 6.0170E-03   
240   1.331E-04   6.8009E-03   5.7106E-03   6.6550E-03 / 5.7106E-03   
250   1.331E-04   6.4432E-03   5.4474E-03   6.3326E-03 / 5.4474E-03   
260   1.331E-04   6.1350E-03   5.2194E-03   6.0507E-03 / 5.2194E-03   
270   1.331E-04   5.8654E-03   5.0182E-03   5.8004E-03 / 5.0182E-03   
280   1.331E-04   5.6248E-03   4.8385E-03   5.5749E-03 / 4.8385E-03   
290   1.331E-04   5.4075E-03   4.6762E-03   5.3693E-03 / 4.6762E-03   
300   1.331E-04   5.2091E-03   4.5281E-03   5.1804E-03 / 4.5281E-03   
310   1.331E-04   5.0292E-03   4.3934E-03   5.0076E-03 / 4.3934E-03   
320   1.331E-04   4.8644E-03   4.2702E-03   4.8485E-03 / 4.2702E-03   
330   1.331E-04   4.7139E-03   4.1574E-03   4.7024E-03 / 4.1574E-03   
340   1.331E-04   4.5739E-03   4.0521E-03   4.5657E-03 / 4.0521E-03   
350   1.331E-04   4.4449E-03   3.9548E-03   4.4390E-03 / 3.9548E-03   
360   1.331E-04   4.3227E-03   3.8627E-03   4.3188E-03 / 3.8627E-03   
370   1.331E-04   4.2079E-03   3.7758E-03   4.2055E-03 / 3.7758E-03   
380   1.331E-04   4.0979E-03   3.6919E-03   4.0966E-03 / 3.6919E-03   
390   1.331E-04   3.9923E-03   3.6115E-03   3.9918E-03 / 3.6115E-03   
400   1.331E-04   3.8902E-03   3.5325E-03   3.8900E-03 / 3.5325E-03   
410   1.331E-04   3.7906E-03   3.4555E-03   3.7906E-03 / 3.4555E-03   
420   1.331E-04   3.6924E-03   3.3794E-03   3.6924E-03 / 3.3794E-03   
430   1.331E-04   3.5986E-03   3.3071E-03   3.5986E-03 / 3.3071E-03   
440   1.331E-04   3.5080E-03   3.2373E-03   3.5080E-03 / 3.2373E-03   
450   1.331E-04   3.4211E-03   3.1698E-03   3.4211E-03 / 3.1698E-03   
460   1.331E-04   3.3361E-03   3.1049E-03   3.3361E-03 / 3.1049E-03   
470   1.331E-04   3.2546E-03   3.0423E-03   3.2546E-03 / 3.0423E-03   
480   1.331E-04   3.1755E-03   2.9808E-03   3.1755E-03 / 2.9808E-03   
490   1.331E-04   3.0988E-03   2.9202E-03   3.0988E-03 / 2.9202E-03   
500   1.331E-04   3.0252E-03   2.8615E-03   3.0252E-03 / 2.8615E-03   
510   1.331E-04   2.9547E-03   2.8030E-03   2.9547E-03 / 2.8030E-03   
520   1.331E-04   2.8866E-03   2.7461E-03   2.8866E-03 / 2.7461E-03   
530   1.331E-04   2.8223E-03   2.6913E-03   2.8223E-03 / 2.6913E-03   
540   1.331E-04   2.7604E-03   2.6378E-03   2.7604E-03 / 2.6378E-03   
550   1.331E-04   2.7005E-03   2.5858E-03   2.7005E-03 / 2.5858E-03   
560   1.331E-04   2.6420E-03   2.5343E-03   2.6420E-03 / 2.5343E-03   
570   1.331E-04   2.5854E-03   2.4848E-03   2.5854E-03 / 2.4848E-03   
580   1.331E-04   2.5294E-03   2.4339E-03   2.5294E-03 / 2.4339E-03   
590   1.331E-04   2.4744E-03   2.3842E-03   2.4744E-03 / 2.3842E-03   
600   1.331E-04   2.4197E-03   2.3341E-03   2.4197E-03 / 2.3341E-03   
610   1.331E-04   2.3651E-03   2.2842E-03   2.3651E-03 / 2.2842E-03   
620   1.331E-04   2.3101E-03   2.2330E-03   2.3101E-03 / 2.2330E-03   
630   1.331E-04   2.2544E-03   2.1815E-03   2.2544E-03 / 2.1815E-03   
640   1.331E-04   2.1999E-03   2.1321E-03   2.1999E-03 / 2.1321E-03   
650   1.331E-04   2.1459E-03   2.0824E-03   2.1459E-03 / 2.0824E-03   
660   1.331E-04   2.0942E-03   2.0353E-03   2.0942E-03 / 2.0353E-03   
670   1.331E-04   2.0440E-03   1.9881E-03   2.0440E-03 / 1.9881E-03   
680   1.331E-04   1.9959E-03   1.9440E-03   1.9959E-03 / 1.9440E-03   
690   1.331E-04   1.9496E-03   1.9010E-03   1.9496E-03 / 1.9010E-03   
700   1.331E-04   1.9052E-03   1.8580E-03   1.9052E-03 / 1.8580E-03   
710   1.331E-04   1.8614E-03   1.8179E-03   1.8613E-03 / 1.8179E-03   
720   1.331E-04   1.8202E-03   1.7782E-03   1.8202E-03 / 1.7782E-03   
730   1.331E-04   1.7796E-03   1.7414E-03   1.7796E-03 / 1.7414E-03   
740   1.331E-04   1.7404E-03   1.7047E-03   1.7404E-03 / 1.7047E-03   
750   1.331E-04   1.7023E-03   1.6679E-03   1.7023E-03 / 1.6679E-03   
760   1.331E-04   1.6651E-03   1.6328E-03   1.6651E-03 / 1.6328E-03   
770   1.331E-04   1.6285E-03   1.5987E-03   1.6285E-03 / 1.5987E-03   
780   1.331E-04   1.5920E-03   1.5632E-03   1.5920E-03 / 1.5632E-03   
790   1.331E-04   1.5563E-03   1.5281E-03   1.5563E-03 / 1.5281E-03   
800   1.331E-04   1.5219E-03   1.4951E-03   1.5219E-03 / 1.4951E-03   
810   1.331E-04   1.4887E-03   1.4641E-03   1.4887E-03 / 1.4641E-03   
820   1.331E-04   1.4563E-03   1.4325E-03   1.4563E-03 / 1.4325E-03   
830   1.331E-04   1.4256E-03   1.4025E-03   1.4256E-03 / 1.4025E-03   
840   1.331E-04   1.3956E-03   1.3736E-03   1.3956E-03 / 1.3736E-03   
850   1.331E-04   1.3659E-03   1.3465E-03   1.3659E-03 / 1.3465E-03   
860   1.331E-04   1.3366E-03   1.3184E-03   1.3366E-03 / 1.3184E-03   
870   1.331E-04   1.3080E-03   1.2911E-03   1.3080E-03 / 1.2911E-03   
880   1.331E-04   1.2798E-03   1.2636E-03   1.2798E-03 / 1.2636E-03   
890   1.331E-04   1.2520E-03   1.2368E-03   1.2520E-03 / 1.2368E-03   
900   1.331E-04   1.2250E-03   1.2120E-03   1.2250E-03 / 1.2120E-03   
910   1.331E-04   1.1983E-03   1.1866E-03   1.1983E-03 / 1.1866E-03   
920   1.331E-04   1.1726E-03   1.1615E-03   1.1726E-03 / 1.1615E-03   
930   1.331E-04   1.1472E-03   1.1385E-03   1.1472E-03 / 1.1385E-03   
940   1.331E-04   1.1224E-03   1.1142E-03   1.1224E-03 / 1.1142E-03   
950   1.331E-04   1.0983E-03   1.0913E-03   1.0983E-03 / 1.0913E-03   
960   1.331E-04   1.0751E-03   1.0686E-03   1.0751E-03 / 1.0686E-03   
970   1.331E-04   1.0534E-03   1.0479E-03   1.0534E-03 / 1.0479E-03   
980   1.331E-04   1.0325E-03   1.0277E-03   1.0325E-03 / 1.0277E-03   
990   1.331E-04   1.0127E-03   1.0090E-03   1.0127E-03 / 1.0090E-03   
1000   1.331E-04   9.9406E-04   9.9116E-04   9.9406E-04 / 9.9116E-04   
1010   1.331E-04   9.7570E-04   9.7315E-04   9.7570E-04 / 9.7315E-04   
1020   1.331E-04   9.5799E-04   9.5617E-04   9.5799E-04 / 9.5617E-04   
1030   1.331E-04   9.4032E-04   9.3964E-04   9.4032E-04 / 9.3964E-04   
1040   1.331E-04   9.2256E-04   9.2259E-04   9.2256E-04 / 9.2259E-04   
1050   1.331E-04   9.0456E-04   9.0572E-04   9.0456E-04 / 9.0572E-04   
1060   1.331E-04   8.8703E-04   8.8950E-04   8.8703E-04 / 8.8950E-04   
1070   1.331E-04   8.6930E-04   8.7171E-04   8.6929E-04 / 8.7171E-04   
1080   1.331E-04   8.5232E-04   8.5644E-04   8.5230E-04 / 8.5643E-04   
1090   1.331E-04   8.3605E-04   8.3890E-04   8.3602E-04 / 8.3889E-04   
1100   1.331E-04   8.2002E-04   8.2551E-04   8.1998E-04 / 8.2550E-04   
1110   1.331E-04   8.0455E-04   8.1007E-04   8.0450E-04 / 8.1004E-04   
1120   1.331E-04   7.8947E-04   7.9670E-04   7.8938E-04 / 7.9662E-04   
1130   1.331E-04   7.7485E-04   7.8327E-04   7.7478E-04 / 7.8319E-04   
1140   1.331E-04   7.6061E-04   7.6936E-04   7.6051E-04 / 7.6926E-04   
1150   1.331E-04   7.4648E-04   7.5571E-04   7.4640E-04 / 7.5562E-04   
1160   1.331E-04   7.3287E-04   7.4388E-04   7.3275E-04 / 7.4374E-04   
1170   1.331E-04   7.1944E-04   7.3089E-04   7.1934E-04 / 7.3078E-04   
1180   1.331E-04   7.0644E-04   7.1972E-04   7.0635E-04 / 7.1962E-04   
1190   1.331E-04   6.9384E-04   7.0704E-04   6.9375E-04 / 7.0694E-04   
1200   1.331E-04   6.8136E-04   6.9601E-04   6.8125E-04 / 6.9589E-04   
1210   1.331E-04   6.6930E-04   6.8535E-04   6.6920E-04 / 6.8525E-04   
1220   1.331E-04   6.5746E-04   6.7485E-04   6.5737E-04 / 6.7477E-04   
1230   1.331E-04   6.4601E-04   6.6484E-04   6.4592E-04 / 6.6476E-04   
1240   1.331E-04   6.3491E-04   6.5466E-04   6.3483E-04 / 6.5459E-04   
1250   1.331E-04   6.2396E-04   6.4465E-04   6.2386E-04 / 6.4456E-04   
1260   1.331E-04   6.1369E-04   6.3510E-04   6.1356E-04 / 6.3498E-04   
1270   1.331E-04   6.0339E-04   6.2707E-04   6.0332E-04 / 6.2701E-04   
1280   1.331E-04   5.9332E-04   6.1754E-04   5.9323E-04 / 6.1746E-04   
1290   1.331E-04   5.8364E-04   6.0940E-04   5.8355E-04 / 6.0933E-04   
1300   1.331E-04   5.7413E-04   6.0001E-04   5.7403E-04 / 5.9992E-04   
1310   1.331E-04   5.6491E-04   5.9243E-04   5.6481E-04 / 5.9233E-04   
1320   1.331E-04   5.5599E-04   5.8452E-04   5.5587E-04 / 5.8440E-04   
1330   1.331E-04   5.4736E-04   5.7591E-04   5.4726E-04 / 5.7581E-04   
1340   1.331E-04   5.3898E-04   5.6822E-04   5.3884E-04 / 5.6810E-04   
1350   1.331E-04   5.3085E-04   5.6154E-04   5.3073E-04 / 5.6146E-04   
1360   1.331E-04   5.2275E-04   5.5464E-04   5.2258E-04 / 5.5454E-04   
1370   1.331E-04   5.1498E-04   5.4699E-04   5.1479E-04 / 5.4687E-04   
1380   1.331E-04   5.0736E-04   5.4059E-04   5.0716E-04 / 5.4045E-04   
1390   1.331E-04   4.9992E-04   5.3320E-04   4.9970E-04 / 5.3305E-04   
1400   1.331E-04   4.9278E-04   5.2736E-04   4.9253E-04 / 5.2717E-04   
1410   1.331E-04   4.8580E-04   5.2145E-04   4.8553E-04 / 5.2122E-04   
1420   1.331E-04   4.7887E-04   5.1560E-04   4.7860E-04 / 5.1533E-04   
1430   1.331E-04   4.7231E-04   5.1033E-04   4.7203E-04 / 5.1003E-04   
1440   1.331E-04   4.6543E-04   5.0224E-04   4.6511E-04 / 5.0188E-04   
1450   1.331E-04   4.5903E-04   4.9675E-04   4.5868E-04 / 4.9636E-04   
1460   1.331E-04   4.5305E-04   4.9110E-04   4.5266E-04 / 4.9065E-04   
1470   1.331E-04   4.4689E-04   4.8532E-04   4.4647E-04 / 4.8483E-04   
1480   1.331E-04   4.4082E-04   4.8013E-04   4.4036E-04 / 4.7959E-04   
1490   1.331E-04   4.3501E-04   4.7553E-04   4.3456E-04 / 4.7498E-04   
1500   1.331E-04   4.2968E-04   4.7199E-04   4.2919E-04 / 4.7138E-04   
1510   1.331E-04   4.2369E-04   4.6502E-04   4.2316E-04 / 4.6438E-04   
1520   1.331E-04   4.1840E-04   4.6054E-04   4.1791E-04 / 4.5995E-04   
1530   1.331E-04   4.1320E-04   4.5485E-04   4.1270E-04 / 4.5426E-04   
1540   1.331E-04   4.0802E-04   4.4964E-04   4.0750E-04 / 4.4903E-04   
1550   1.331E-04   4.0256E-04   4.4581E-04   4.0206E-04 / 4.4524E-04   
1560   1.331E-04   3.9768E-04   4.4125E-04   3.9712E-04 / 4.4064E-04   
1570   1.331E-04   3.9306E-04   4.3641E-04   3.9243E-04 / 4.3575E-04   
1580   1.331E-04   3.8811E-04   4.3165E-04   3.8757E-04 / 4.3112E-04   
1590   1.331E-04   3.8346E-04   4.2813E-04   3.8291E-04 / 4.2760E-04   
1600   1.331E-04   3.7898E-04   4.2352E-04   3.7843E-04 / 4.2301E-04   
1610   1.331E-04   3.7464E-04   4.1889E-04   3.7412E-04 / 4.1842E-04   
1620   1.331E-04   3.7018E-04   4.1554E-04   3.6964E-04 / 4.1506E-04   
1630   1.331E-04   3.6593E-04   4.1143E-04   3.6539E-04 / 4.1096E-04   
1640   1.331E-04   3.6185E-04   4.0574E-04   3.6134E-04 / 4.0529E-04   
1650   1.331E-04   3.5782E-04   4.0259E-04   3.5731E-04 / 4.0214E-04   
1660   1.331E-04   3.5405E-04   3.9845E-04   3.5350E-04 / 3.9796E-04   
1670   1.331E-04   3.5005E-04   3.9616E-04   3.4956E-04 / 3.9572E-04   
1680   1.331E-04   3.4629E-04   3.9169E-04   3.4577E-04 / 3.9122E-04   
1690   1.331E-04   3.4259E-04   3.8749E-04   3.4208E-04 / 3.8702E-04   
1700   1.331E-04   3.3925E-04   3.8320E-04   3.3873E-04 / 3.8271E-04   
1710   1.331E-04   3.3564E-04   3.8184E-04   3.3510E-04 / 3.8132E-04   
1720   1.331E-04   3.3214E-04   3.7740E-04   3.3161E-04 / 3.7687E-04   
1730   1.331E-04   3.2884E-04   3.7422E-04   3.2833E-04 / 3.7371E-04   
1740   1.331E-04   3.2558E-04   3.7129E-04   3.2499E-04 / 3.7068E-04   
1750   1.331E-04   3.2241E-04   3.6727E-04   3.2186E-04 / 3.6669E-04   
1760   1.331E-04   3.1932E-04   3.6517E-04   3.1880E-04 / 3.6461E-04   
1770   1.331E-04   3.1608E-04   3.6186E-04   3.1557E-04 / 3.6131E-04   
1780   1.331E-04   3.1318E-04   3.5845E-04   3.1264E-04 / 3.5787E-04   
1790   1.331E-04   3.1010E-04   3.5630E-04   3.0955E-04 / 3.5570E-04   
1800   1.331E-04   3.0721E-04   3.5311E-04   3.0674E-04 / 3.5258E-04   
1810   1.331E-04   3.0449E-04   3.4990E-04   3.0399E-04 / 3.4935E-04   
1820   1.331E-04   3.0153E-04   3.4725E-04   3.0102E-04 / 3.4669E-04   
1830   1.331E-04   2.9875E-04   3.4395E-04   2.9827E-04 / 3.4343E-04   
1840   1.331E-04   2.9607E-04   3.4160E-04   2.9554E-04 / 3.4103E-04   
1850   1.331E-04   2.9344E-04   3.3810E-04   2.9290E-04 / 3.3753E-04   
1860   1.331E-04   2.9106E-04   3.3616E-04   2.9056E-04 / 3.3565E-04   
1870   1.331E-04   2.8822E-04   3.3326E-04   2.8768E-04 / 3.3274E-04   
1880   1.331E-04   2.8576E-04   3.3123E-04   2.8530E-04 / 3.3079E-04   
1890   1.331E-04   2.8326E-04   3.2872E-04   2.8270E-04 / 3.2819E-04   
1900   1.331E-04   2.8087E-04   3.2588E-04   2.8036E-04 / 3.2542E-04   
1910   1.331E-04   2.7840E-04   3.2411E-04   2.7790E-04 / 3.2368E-04   
1920   1.331E-04   2.7603E-04   3.2086E-04   2.7547E-04 / 3.2038E-04   
1930   1.331E-04   2.7369E-04   3.1855E-04   2.7321E-04 / 3.1816E-04   
1940   1.331E-04   2.7150E-04   3.1771E-04   2.7101E-04 / 3.1732E-04   
1950   1.331E-04   2.6933E-04   3.1397E-04   2.6880E-04 / 3.1355E-04   
1960   1.331E-04   2.6694E-04   3.1255E-04   2.6640E-04 / 3.1213E-04   
1970   1.331E-04   2.6471E-04   3.0963E-04   2.6424E-04 / 3.0928E-04   
1980   1.331E-04   2.6267E-04   3.0799E-04   2.6222E-04 / 3.0766E-04   
1990   1.331E-04   2.6056E-04   3.0624E-04   2.6009E-04 / 3.0589E-04   
2000   1.331E-04   2.5870E-04   3.0441E-04   2.5823E-04 / 3.0408E-04   
2010   1.331E-04   2.5663E-04   3.0147E-04   2.5614E-04 / 3.0111E-04   
2020   1.331E-04   2.5452E-04   3.0023E-04   2.5403E-04 / 2.9988E-04   
2030   1.331E-04   2.5253E-04   2.9753E-04   2.5202E-04 / 2.9715E-04   
2040   1.331E-04   2.5079E-04   2.9627E-04   2.5031E-04 / 2.9591E-04   
2050   1.331E-04   2.4894E-04   2.9529E-04   2.4845E-04 / 2.9492E-04   
2060   1.331E-04   2.4698E-04   2.9290E-04   2.4647E-04 / 2.9251E-04   
2070   1.331E-04   2.4517E-04   2.8987E-04   2.4469E-04 / 2.8949E-04   
2080   1.331E-04   2.4341E-04   2.8704E-04   2.4295E-04 / 2.8667E-04   
2090   1.331E-04   2.4155E-04   2.8684E-04   2.4115E-04 / 2.8652E-04   
2100   1.331E-04   2.3981E-04   2.8497E-04   2.3937E-04 / 2.8460E-04   
2110   1.331E-04   2.3813E-04   2.8360E-04   2.3771E-04 / 2.8324E-04   
2120   1.331E-04   2.3655E-04   2.8125E-04   2.3609E-04 / 2.8084E-04   
2130   1.331E-04   2.3477E-04   2.8014E-04   2.3436E-04 / 2.7976E-04   
2140   1.331E-04   2.3332E-04   2.7826E-04   2.3294E-04 / 2.7791E-04   
2150   1.331E-04   2.3152E-04   2.7698E-04   2.3107E-04 / 2.7657E-04   
2160   1.331E-04   2.3025E-04   2.7532E-04   2.2977E-04 / 2.7486E-04   
2170   1.331E-04   2.2832E-04   2.7399E-04   2.2792E-04 / 2.7360E-04   
2180   1.331E-04   2.2680E-04   2.7151E-04   2.2642E-04 / 2.7112E-04   
2190   1.331E-04   2.2529E-04   2.6992E-04   2.2489E-04 / 2.6950E-04   
2200   1.331E-04   2.2395E-04   2.6803E-04   2.2355E-04 / 2.6760E-04   
2210   1.331E-04   2.2237E-04   2.6783E-04   2.2199E-04 / 2.6743E-04   
2220   1.331E-04   2.2101E-04   2.6564E-04   2.2057E-04 / 2.6517E-04   
2230   1.331E-04   2.1939E-04   2.6400E-04   2.1902E-04 / 2.6359E-04   
2240   1.331E-04   2.1804E-04   2.6229E-04   2.1769E-04 / 2.6190E-04   
2250   1.331E-04   2.1675E-04   2.6167E-04   2.1640E-04 / 2.6129E-04   
2260   1.331E-04   2.1534E-04   2.5951E-04   2.1497E-04 / 2.5911E-04   
2270   1.331E-04   2.1393E-04   2.5945E-04   2.1355E-04 / 2.5904E-04   
2280   1.331E-04   2.1286E-04   2.5771E-04   2.1256E-04 / 2.5738E-04   
2290   1.331E-04   2.1134E-04   2.5569E-04   2.1103E-04 / 2.5536E-04   
2300   1.331E-04   2.0993E-04   2.5409E-04   2.0962E-04 / 2.5376E-04   
2310   1.331E-04   2.0905E-04   2.5240E-04   2.0866E-04 / 2.5200E-04   
2320   1.331E-04   2.0751E-04   2.5203E-04   2.0717E-04 / 2.5168E-04   
2330   1.331E-04   2.0631E-04   2.5035E-04   2.0597E-04 / 2.5000E-04   
2340   1.331E-04   2.0515E-04   2.4946E-04   2.0482E-04 / 2.4913E-04   
2350   1.331E-04   2.0366E-04   2.4812E-04   2.0330E-04 / 2.4778E-04   
2360   1.331E-04   2.0249E-04   2.4731E-04   2.0217E-04 / 2.4701E-04   
2370   1.331E-04   2.0131E-04   2.4530E-04   2.0097E-04 / 2.4497E-04   
2380   1.331E-04   2.0014E-04   2.4455E-04   1.9978E-04 / 2.4422E-04   
2390   1.331E-04   1.9890E-04   2.4401E-04   1.9853E-04 / 2.4368E-04   
2400   1.331E-04   1.9779E-04   2.4239E-04   1.9745E-04 / 2.4209E-04   
2410   1.331E-04   1.9675E-04   2.4075E-04   1.9638E-04 / 2.4043E-04   
2420   1.331E-04   1.9559E-04   2.3965E-04   1.9529E-04 / 2.3939E-04   
2430   1.331E-04   1.9437E-04   2.3909E-04   1.9399E-04 / 2.3877E-04   
2440   1.331E-04   1.9327E-04   2.3818E-04   1.9295E-04 / 2.3792E-04   
2450   1.331E-04   1.9216E-04   2.3576E-04   1.9182E-04 / 2.3548E-04   
2460   1.331E-04   1.9119E-04   2.3670E-04   1.9088E-04 / 2.3645E-04   
2470   1.331E-04   1.9011E-04   2.3476E-04   1.8977E-04 / 2.3449E-04   
2480   1.331E-04   1.8893E-04   2.3376E-04   1.8860E-04 / 2.3350E-04   
2490   1.331E-04   1.8790E-04   2.3272E-04   1.8758E-04 / 2.3247E-04   
2500   1.331E-04   1.8693E-04   2.3204E-04   1.8659E-04 / 2.3177E-04   
2510   1.331E-04   1.8599E-04   2.3083E-04   1.8569E-04 / 2.3060E-04   
2520   1.331E-04   1.8488E-04   2.2897E-04   1.8455E-04 / 2.2870E-04   
2530   1.331E-04   1.8387E-04   2.2889E-04   1.8355E-04 / 2.2864E-04   
2540   1.331E-04   1.8279E-04   2.2757E-04   1.8250E-04 / 2.2735E-04   
2550   1.331E-04   1.8205E-04   2.2681E-04   1.8176E-04 / 2.2658E-04   
2560   1.331E-04   1.8093E-04   2.2622E-04   1.8064E-04 / 2.2599E-04   
2570   1.331E-04   1.8009E-04   2.2492E-04   1.7975E-04 / 2.2464E-04   
2580   1.331E-04   1.7918E-04   2.2521E-04   1.7888E-04 / 2.2495E-04   
2590   1.331E-04   1.7829E-04   2.2296E-04   1.7801E-04 / 2.2273E-04   
2600   1.331E-04   1.7715E-04   2.2202E-04   1.7685E-04 / 2.2176E-04   
2610   1.331E-04   1.7636E-04   2.2212E-04   1.7605E-04 / 2.2185E-04   
2620   1.331E-04   1.7541E-04   2.2146E-04   1.7513E-04 / 2.2121E-04   
2630   1.331E-04   1.7468E-04   2.2089E-04   1.7445E-04 / 2.2069E-04   
2640   1.331E-04   1.7385E-04   2.1884E-04   1.7354E-04 / 2.1856E-04   
2650   1.331E-04   1.7345E-04   2.1969E-04   1.7315E-04 / 2.1941E-04   
2660   1.331E-04   1.7195E-04   2.1826E-04   1.7166E-04 / 2.1799E-04   
2670   1.331E-04   1.7124E-04   2.1655E-04   1.7095E-04 / 2.1627E-04   
2680   1.331E-04   1.7037E-04   2.1688E-04   1.7011E-04 / 2.1662E-04   
2690   1.331E-04   1.6948E-04   2.1571E-04   1.6917E-04 / 2.1540E-04   
2700   1.331E-04   1.6862E-04   2.1493E-04   1.6837E-04 / 2.1467E-04   
2710   1.331E-04   1.6790E-04   2.1353E-04   1.6765E-04 / 2.1328E-04   
2720   1.331E-04   1.6717E-04   2.1405E-04   1.6691E-04 / 2.1378E-04   
2730   1.331E-04   1.6645E-04   2.1290E-04   1.6620E-04 / 2.1264E-04   
2740   1.331E-04   1.6551E-04   2.1140E-04   1.6526E-04 / 2.1112E-04   
2750   1.331E-04   1.6496E-04   2.1087E-04   1.6472E-04 / 2.1061E-04   
2760   1.331E-04   1.6406E-04   2.0991E-04   1.6379E-04 / 2.0962E-04   
2770   1.331E-04   1.6332E-04   2.0986E-04   1.6309E-04 / 2.0960E-04   
2780   1.331E-04   1.6251E-04   2.0886E-04   1.6225E-04 / 2.0857E-04   
2790   1.331E-04   1.6182E-04   2.0811E-04   1.6156E-04 / 2.0782E-04   
2800   1.331E-04   1.6107E-04   2.0775E-04   1.6082E-04 / 2.0746E-04   
2810   1.331E-04   1.6038E-04   2.0689E-04   1.6009E-04 / 2.0657E-04   
2820   1.331E-04   1.5966E-04   2.0630E-04   1.5940E-04 / 2.0600E-04   
2830   1.331E-04   1.5937E-04   2.0569E-04   1.5914E-04 / 2.0542E-04   
2840   1.331E-04   1.5842E-04   2.0496E-04   1.5817E-04 / 2.0468E-04   
2850   1.331E-04   1.5776E-04   2.0393E-04   1.5751E-04 / 2.0365E-04   
2860   1.331E-04   1.5699E-04   2.0357E-04   1.5674E-04 / 2.0330E-04   
2870   1.331E-04   1.5629E-04   2.0342E-04   1.5604E-04 / 2.0314E-04   
2880   1.331E-04   1.5565E-04   2.0145E-04   1.5538E-04 / 2.0115E-04   
2890   1.331E-04   1.5504E-04   2.0132E-04   1.5480E-04 / 2.0106E-04   
2900   1.331E-04   1.5440E-04   2.0091E-04   1.5417E-04 / 2.0066E-04   
2910   1.331E-04   1.5384E-04   2.0058E-04   1.5362E-04 / 2.0034E-04   
2920   1.331E-04   1.5302E-04   2.0042E-04   1.5277E-04 / 2.0015E-04   
2930   1.331E-04   1.5244E-04   1.9948E-04   1.5222E-04 / 1.9924E-04   
2940   1.331E-04   1.5186E-04   2.0014E-04   1.5162E-04 / 1.9990E-04   
2950   1.331E-04   1.5136E-04   1.9927E-04   1.5112E-04 / 1.9903E-04   
2960   1.331E-04   1.5070E-04   1.9845E-04   1.5043E-04 / 1.9817E-04   
2970   1.331E-04   1.4992E-04   1.9722E-04   1.4969E-04 / 1.9698E-04   
2980   1.331E-04   1.4952E-04   1.9751E-04   1.4928E-04 / 1.9727E-04   
2990   1.331E-04   1.4875E-04   1.9555E-04   1.4850E-04 / 1.9529E-04   
3000   1.331E-04   1.4818E-04   1.9487E-04   1.4793E-04 / 1.9464E-04   
3010   1.331E-04   1.4765E-04   1.9509E-04   1.4742E-04 / 1.9485E-04   
3020   1.331E-04   1.4703E-04   1.9547E-04   1.4679E-04 / 1.9524E-04   
3030   1.331E-04   1.4646E-04   1.9429E-04   1.4625E-04 / 1.9408E-04   
3040   1.331E-04   1.4592E-04   1.9366E-04   1.4571E-04 / 1.9346E-04   
3050   1.331E-04   1.4524E-04   1.9282E-04   1.4499E-04 / 1.9259E-04   
3060   1.331E-04   1.4482E-04   1.9251E-04   1.4456E-04 / 1.9226E-04   
3070   1.331E-04   1.4423E-04   1.9159E-04   1.4396E-04 / 1.9134E-04   
3080   1.331E-04   1.4383E-04   1.9205E-04   1.4359E-04 / 1.9184E-04   
3090   1.331E-04   1.4306E-04   1.8980E-04   1.4280E-04 / 1.8957E-04   
3100   1.331E-04   1.4243E-04   1.9000E-04   1.4223E-04 / 1.8983E-04   
3110   1.331E-04   1.4222E-04   1.9025E-04   1.4197E-04 / 1.9002E-04   
3120   1.331E-04   1.4138E-04   1.8916E-04   1.4116E-04 / 1.8896E-04   
3130   1.331E-04   1.4090E-04   1.8827E-04   1.4068E-04 / 1.8809E-04   
3140   1.331E-04   1.4079E-04   1.8733E-04   1.4054E-04 / 1.8712E-04   
3150   1.331E-04   1.3981E-04   1.8882E-04   1.3957E-04 / 1.8861E-04   
3160   1.331E-04   1.3934E-04   1.8689E-04   1.3910E-04 / 1.8670E-04   
3170   1.331E-04   1.3875E-04   1.8742E-04   1.3853E-04 / 1.8724E-04   
3180   1.331E-04   1.3851E-04   1.8760E-04   1.3831E-04 / 1.8744E-04   
3190   1.331E-04   1.3780E-04   1.8531E-04   1.3759E-04 / 1.8514E-04   
3200   1.331E-04   1.3740E-04   1.8475E-04   1.3718E-04 / 1.8458E-04   
3210   1.331E-04   1.3689E-04   1.8521E-04   1.3665E-04 / 1.8502E-04   
3220   1.331E-04   1.3643E-04   1.8562E-04   1.3622E-04 / 1.8545E-04   
3230   1.331E-04   1.3612E-04   1.8368E-04   1.3590E-04 / 1.8352E-04   
3240   1.331E-04   1.3530E-04   1.8284E-04   1.3508E-04 / 1.8267E-04   
3250   1.331E-04   1.3501E-04   1.8476E-04   1.3479E-04 / 1.8459E-04   
3260   1.331E-04   1.3438E-04   1.8417E-04   1.3416E-04 / 1.8400E-04   
3270   1.331E-04   1.3422E-04   1.8300E-04   1.3400E-04 / 1.8283E-04   
3280   1.331E-04   1.3345E-04   1.8285E-04   1.3325E-04 / 1.8270E-04   
3290   1.331E-04   1.3295E-04   1.8184E-04   1.3277E-04 / 1.8171E-04   
3300   1.331E-04   1.3273E-04   1.8128E-04   1.3254E-04 / 1.8114E-04   
3310   1.331E-04   1.3205E-04   1.8124E-04   1.3185E-04 / 1.8110E-04   
3320   1.331E-04   1.3146E-04   1.8071E-04   1.3128E-04 / 1.8058E-04   
3330   1.331E-04   1.3118E-04   1.8032E-04   1.3099E-04 / 1.8018E-04   
3340   1.331E-04   1.3057E-04   1.7916E-04   1.3037E-04 / 1.7901E-04   
3350   1.331E-04   1.3030E-04   1.7852E-04   1.3009E-04 / 1.7836E-04   
3360   1.331E-04   1.2980E-04   1.7940E-04   1.2960E-04 / 1.7925E-04   
3370   1.331E-04   1.2933E-04   1.7910E-04   1.2915E-04 / 1.7896E-04   
3380   1.331E-04   1.2886E-04   1.7766E-04   1.2867E-04 / 1.7751E-04   
3390   1.331E-04   1.2847E-04   1.7715E-04   1.2833E-04 / 1.7705E-04   
3400   1.331E-04   1.2803E-04   1.7757E-04   1.2785E-04 / 1.7742E-04   
3410   1.331E-04   1.2761E-04   1.7623E-04   1.2744E-04 / 1.7609E-04   
3420   1.331E-04   1.2711E-04   1.7673E-04   1.2692E-04 / 1.7657E-04   
3430   1.331E-04   1.2690E-04   1.7686E-04   1.2675E-04 / 1.7673E-04   
3440   1.331E-04   1.2640E-04   1.7566E-04   1.2623E-04 / 1.7553E-04   
3450   1.331E-04   1.2579E-04   1.7633E-04   1.2564E-04 / 1.7621E-04   
3460   1.331E-04   1.2544E-04   1.7512E-04   1.2526E-04 / 1.7496E-04   
3470   1.331E-04   1.2503E-04   1.7549E-04   1.2488E-04 / 1.7537E-04   
3480   1.331E-04   1.2474E-04   1.7422E-04   1.2459E-04 / 1.7409E-04   
3490   1.331E-04   1.2423E-04   1.7434E-04   1.2406E-04 / 1.7419E-04   
3500   1.331E-04   1.2392E-04   1.7334E-04   1.2377E-04 / 1.7320E-04   
3510   1.331E-04   1.2366E-04   1.7422E-04   1.2350E-04 / 1.7408E-04   
3520   1.331E-04   1.2316E-04   1.7304E-04   1.2303E-04 / 1.7292E-04   
3530   1.331E-04   1.2297E-04   1.7369E-04   1.2282E-04 / 1.7354E-04   
3540   1.331E-04   1.2233E-04   1.7292E-04   1.2217E-04 / 1.7277E-04   
3550   1.331E-04   1.2188E-04   1.7210E-04   1.2172E-04 / 1.7194E-04   
3560   1.331E-04   1.2150E-04   1.7123E-04   1.2137E-04 / 1.7110E-04   
3570   1.331E-04   1.2122E-04   1.7212E-04   1.2103E-04 / 1.7194E-04   
3580   1.331E-04   1.2083E-04   1.7083E-04   1.2067E-04 / 1.7068E-04   
3590   1.331E-04   1.2042E-04   1.6950E-04   1.2028E-04 / 1.6936E-04   
3600   1.331E-04   1.2005E-04   1.7076E-04   1.1991E-04 / 1.7062E-04   
3610   1.331E-04   1.1980E-04   1.6981E-04   1.1963E-04 / 1.6964E-04   
3620   1.331E-04   1.1932E-04   1.7025E-04   1.1917E-04 / 1.7010E-04   
3630   1.331E-04   1.1895E-04   1.6964E-04   1.1880E-04 / 1.6949E-04   
3640   1.331E-04   1.1859E-04   1.6915E-04   1.1845E-04 / 1.6900E-04   
3650   1.331E-04   1.1822E-04   1.6898E-04   1.1810E-04 / 1.6885E-04   
3660   1.331E-04   1.1794E-04   1.6811E-04   1.1781E-04 / 1.6797E-04   
3670   1.331E-04   1.1768E-04   1.6706E-04   1.1752E-04 / 1.6689E-04   
3680   1.331E-04   1.1710E-04   1.6686E-04   1.1696E-04 / 1.6670E-04   
3690   1.331E-04   1.1682E-04   1.6723E-04   1.1669E-04 / 1.6709E-04   
3700   1.331E-04   1.1646E-04   1.6727E-04   1.1631E-04 / 1.6711E-04   
3710   1.331E-04   1.1617E-04   1.6671E-04   1.1600E-04 / 1.6654E-04   
3720   1.331E-04   1.1591E-04   1.6736E-04   1.1574E-04 / 1.6718E-04   
3730   1.331E-04   1.1558E-04   1.6535E-04   1.1543E-04 / 1.6519E-04   
3740   1.331E-04   1.1530E-04   1.6509E-04   1.1512E-04 / 1.6490E-04   
3750   1.331E-04   1.1487E-04   1.6567E-04   1.1474E-04 / 1.6553E-04   
3760   1.331E-04   1.1465E-04   1.6423E-04   1.1449E-04 / 1.6407E-04   
3770   1.331E-04   1.1429E-04   1.6471E-04   1.1414E-04 / 1.6455E-04   
3780   1.331E-04   1.1408E-04   1.6492E-04   1.1393E-04 / 1.6476E-04   
3790   1.331E-04   1.1362E-04   1.6455E-04   1.1350E-04 / 1.6442E-04   
3800   1.331E-04   1.1335E-04   1.6265E-04   1.1320E-04 / 1.6249E-04   
3810   1.331E-04   1.1290E-04   1.6329E-04   1.1275E-04 / 1.6313E-04   
3820   1.331E-04   1.1265E-04   1.6268E-04   1.1252E-04 / 1.6254E-04   
3830   1.331E-04   1.1238E-04   1.6282E-04   1.1224E-04 / 1.6267E-04   
3840   1.331E-04   1.1202E-04   1.6374E-04   1.1184E-04 / 1.6355E-04   
3850   1.331E-04   1.1184E-04   1.6259E-04   1.1167E-04 / 1.6241E-04   
3860   1.331E-04   1.1139E-04   1.6314E-04   1.1127E-04 / 1.6300E-04   
3870   1.331E-04   1.1110E-04   1.6090E-04   1.1094E-04 / 1.6074E-04   
3880   1.331E-04   1.1077E-04   1.6080E-04   1.1061E-04 / 1.6064E-04   
3890   1.331E-04   1.1065E-04   1.6197E-04   1.1049E-04 / 1.6180E-04   
3900   1.331E-04   1.1032E-04   1.6078E-04   1.1015E-04 / 1.6061E-04   
3910   1.331E-04   1.1008E-04   1.5979E-04   1.0990E-04 / 1.5961E-04   
3920   1.331E-04   1.0958E-04   1.6084E-04   1.0941E-04 / 1.6067E-04   
3930   1.331E-04   1.0943E-04   1.5950E-04   1.0927E-04 / 1.5934E-04   
3940   1.331E-04   1.0905E-04   1.5896E-04   1.0892E-04 / 1.5883E-04   
3950   1.331E-04   1.0893E-04   1.5971E-04   1.0878E-04 / 1.5956E-04   
3960   1.331E-04   1.0844E-04   1.5903E-04   1.0827E-04 / 1.5887E-04   
3970   1.331E-04   1.0838E-04   1.5830E-04   1.0824E-04 / 1.5816E-04   
3980   1.331E-04   1.0792E-04   1.5917E-04   1.0776E-04 / 1.5902E-04   
3990   1.331E-04   1.0763E-04   1.5794E-04   1.0747E-04 / 1.5779E-04   
4000   1.331E-04   1.0743E-04   1.5762E-04   1.0726E-04 / 1.5746E-04   
4010   1.331E-04   1.0708E-04   1.5692E-04   1.0693E-04 / 1.5678E-04   
4020   1.331E-04   1.0696E-04   1.5713E-04   1.0679E-04 / 1.5697E-04   
4030   1.331E-04   1.0659E-04   1.5746E-04   1.0643E-04 / 1.5731E-04   
4040   1.331E-04   1.0626E-04   1.5596E-04   1.0610E-04 / 1.5581E-04   
4050   1.331E-04   1.0598E-04   1.5616E-04   1.0581E-04 / 1.5601E-04   
4060   1.331E-04   1.0567E-04   1.5623E-04   1.0549E-04 / 1.5606E-04   
4070   1.331E-04   1.0540E-04   1.5551E-04   1.0521E-04 / 1.5535E-04   
4080   1.331E-04   1.0521E-04   1.5584E-04   1.0503E-04 / 1.5567E-04   
4090   1.331E-04   1.0500E-04   1.5495E-04   1.0483E-04 / 1.5480E-04   
4100   1.331E-04   1.0474E-04   1.5536E-04   1.0457E-04 / 1.5522E-04   
4110   1.331E-04   1.0436E-04   1.5526E-04   1.0420E-04 / 1.5512E-04   
4120   1.331E-04   1.0414E-04   1.5452E-04   1.0393E-04 / 1.5434E-04   
4130   1.331E-04   1.0388E-04   1.5393E-04   1.0369E-04 / 1.5377E-04   
4140   1.331E-04   1.0377E-04   1.5251E-04   1.0361E-04 / 1.5238E-04   
4150   1.331E-04   1.0353E-04   1.5192E-04   1.0336E-04 / 1.5179E-04   
4160   1.331E-04   1.0309E-04   1.5266E-04   1.0290E-04 / 1.5251E-04   
4170   1.331E-04   1.0283E-04   1.5263E-04   1.0265E-04 / 1.5248E-04   
4180   1.331E-04   1.0268E-04   1.5240E-04   1.0250E-04 / 1.5226E-04   
4190   1.331E-04   1.0240E-04   1.5258E-04   1.0223E-04 / 1.5245E-04   
4200   1.331E-04   1.0209E-04   1.5255E-04   1.0195E-04 / 1.5245E-04   
4210   1.331E-04   1.0193E-04   1.5186E-04   1.0175E-04 / 1.5172E-04   
4220   1.331E-04   1.0155E-04   1.5110E-04   1.0136E-04 / 1.5096E-04   
4230   1.331E-04   1.0138E-04   1.5097E-04   1.0119E-04 / 1.5083E-04   
4240   1.331E-04   1.0118E-04   1.5082E-04   1.0098E-04 / 1.5068E-04   
4250   1.331E-04   1.0088E-04   1.5036E-04   1.0071E-04 / 1.5024E-04   
4260   1.331E-04   1.0090E-04   1.5058E-04   1.0076E-04 / 1.5048E-04   
4270   1.331E-04   1.0071E-04   1.5098E-04   1.0054E-04 / 1.5086E-04   
4280   1.331E-04   1.0031E-04   1.4980E-04   1.0011E-04 / 1.4966E-04   
4290   1.331E-04   1.0016E-04   1.5043E-04   9.9954E-05 / 1.5028E-04   
4300   1.331E-04   9.9654E-05   1.5013E-04   9.9457E-05 / 1.4998E-04   
4310   1.331E-04   9.9561E-05   1.5015E-04   9.9399E-05 / 1.5004E-04   
4320   1.331E-04   9.9545E-05   1.4908E-04   9.9378E-05 / 1.4896E-04   
4330   1.331E-04   9.9016E-05   1.4875E-04   9.8842E-05 / 1.4863E-04   
4340   1.331E-04   9.8848E-05   1.4803E-04   9.8669E-05 / 1.4791E-04   
4350   1.331E-04   9.8532E-05   1.4769E-04   9.8344E-05 / 1.4756E-04   
4360   1.331E-04   9.8250E-05   1.4834E-04   9.8082E-05 / 1.4823E-04   
4370   1.331E-04   9.8173E-05   1.4718E-04   9.7990E-05 / 1.4705E-04   
4380   1.331E-04   9.7916E-05   1.4724E-04   9.7749E-05 / 1.4713E-04   
4390   1.331E-04   9.7701E-05   1.4722E-04   9.7510E-05 / 1.4708E-04   
4400   1.331E-04   9.7441E-05   1.4693E-04   9.7262E-05 / 1.4680E-04   
4410   1.331E-04   9.7177E-05   1.4627E-04   9.7015E-05 / 1.4616E-04   
4420   1.331E-04   9.7005E-05   1.4703E-04   9.6810E-05 / 1.4689E-04   
4430   1.331E-04   9.6794E-05   1.4702E-04   9.6645E-05 / 1.4692E-04   
4440   1.331E-04   9.6571E-05   1.4570E-04   9.6385E-05 / 1.4557E-04   
4450   1.331E-04   9.6557E-05   1.4432E-04   9.6369E-05 / 1.4418E-04   
4460   1.331E-04   9.6338E-05   1.4514E-04   9.6180E-05 / 1.4504E-04   
4470   1.331E-04   9.5973E-05   1.4528E-04   9.5793E-05 / 1.4516E-04   
4480   1.331E-04   9.5738E-05   1.4501E-04   9.5540E-05 / 1.4487E-04   
4490   1.331E-04   9.5494E-05   1.4346E-04   9.5313E-05 / 1.4332E-04   
4500   1.331E-04   9.5614E-05   1.4518E-04   9.5434E-05 / 1.4505E-04   
4510   1.331E-04   9.5139E-05   1.4488E-04   9.4936E-05 / 1.4472E-04   
4520   1.331E-04   9.4911E-05   1.4331E-04   9.4721E-05 / 1.4316E-04   
4530   1.331E-04   9.4743E-05   1.4212E-04   9.4574E-05 / 1.4199E-04   
4540   1.331E-04   9.4521E-05   1.4215E-04   9.4375E-05 / 1.4205E-04   
4550   1.331E-04   9.4224E-05   1.4246E-04   9.4043E-05 / 1.4232E-04   
4560   1.331E-04   9.3964E-05   1.4297E-04   9.3788E-05 / 1.4283E-04   
4570   1.331E-04   9.3789E-05   1.4182E-04   9.3605E-05 / 1.4167E-04   
4580   1.331E-04   9.3656E-05   1.4226E-04   9.3478E-05 / 1.4212E-04   
4590   1.331E-04   9.3352E-05   1.4049E-04   9.3187E-05 / 1.4036E-04   
4600   1.331E-04   9.3361E-05   1.4123E-04   9.3204E-05 / 1.4111E-04   
4610   1.331E-04   9.2994E-05   1.4135E-04   9.2827E-05 / 1.4122E-04   
4620   1.331E-04   9.2908E-05   1.4106E-04   9.2740E-05 / 1.4092E-04   
4630   1.331E-04   9.2974E-05   1.4158E-04   9.2832E-05 / 1.4146E-04   
4640   1.331E-04   9.2467E-05   1.4066E-04   9.2312E-05 / 1.4053E-04   
4650   1.331E-04   9.2239E-05   1.4020E-04   9.2067E-05 / 1.4005E-04   
4660   1.331E-04   9.2204E-05   1.4135E-04   9.2037E-05 / 1.4120E-04   
4670   1.331E-04   9.1954E-05   1.4110E-04   9.1803E-05 / 1.4097E-04   
4680   1.331E-04   9.1724E-05   1.4004E-04   9.1554E-05 / 1.3989E-04   
4690   1.331E-04   9.1380E-05   1.3942E-04   9.1219E-05 / 1.3928E-04   
4700   1.331E-04   9.1413E-05   1.3829E-04   9.1239E-05 / 1.3813E-04   
4710   1.331E-04   9.1162E-05   1.3848E-04   9.1008E-05 / 1.3834E-04   
4720   1.331E-04   9.1048E-05   1.3847E-04   9.0883E-05 / 1.3832E-04   
4730   1.331E-04   9.0650E-05   1.3853E-04   9.0464E-05 / 1.3836E-04   
4740   1.331E-04   9.0529E-05   1.3774E-04   9.0394E-05 / 1.3761E-04   
4750   1.331E-04   9.0609E-05   1.3806E-04   9.0422E-05 / 1.3788E-04   
4760   1.331E-04   9.0346E-05   1.3738E-04   9.0186E-05 / 1.3722E-04   
4770   1.331E-04   9.0133E-05   1.3689E-04   8.9996E-05 / 1.3675E-04   
4780   1.331E-04   8.9823E-05   1.3779E-04   8.9662E-05 / 1.3763E-04   
4790   1.331E-04   8.9583E-05   1.3742E-04   8.9424E-05 / 1.3726E-04   
4800   1.331E-04   8.9593E-05   1.3678E-04   8.9447E-05 / 1.3663E-04   
4810   1.331E-04   8.9338E-05   1.3555E-04   8.9180E-05 / 1.3539E-04   
4820   1.331E-04   8.9301E-05   1.3631E-04   8.9136E-05 / 1.3615E-04   
4830   1.331E-04   8.9229E-05   1.3478E-04   8.9090E-05 / 1.3464E-04   
4840   1.331E-04   8.8693E-05   1.3547E-04   8.8519E-05 / 1.3529E-04   
4850   1.331E-04   8.8558E-05   1.3498E-04   8.8406E-05 / 1.3482E-04   
4860   1.331E-04   8.8510E-05   1.3523E-04   8.8357E-05 / 1.3507E-04   
4870   1.331E-04   8.8330E-05   1.3513E-04   8.8148E-05 / 1.3494E-04   
4880   1.331E-04   8.7980E-05   1.3500E-04   8.7812E-05 / 1.3482E-04   
4890   1.331E-04   8.7847E-05   1.3474E-04   8.7662E-05 / 1.3455E-04   
4900   1.331E-04   8.7811E-05   1.3386E-04   8.7666E-05 / 1.3370E-04   
4910   1.331E-04   8.7599E-05   1.3353E-04   8.7441E-05 / 1.3335E-04   
4920   1.331E-04   8.7442E-05   1.3341E-04   8.7266E-05 / 1.3321E-04   
4930   1.331E-04   8.7167E-05   1.3365E-04   8.6999E-05 / 1.3347E-04   
4940   1.331E-04   8.6938E-05   1.3274E-04   8.6767E-05 / 1.3255E-04   
4950   1.331E-04   8.6961E-05   1.3297E-04   8.6805E-05 / 1.3279E-04   
4960   1.331E-04   8.6930E-05   1.3227E-04   8.6776E-05 / 1.3210E-04   
4970   1.331E-04   8.6516E-05   1.3240E-04   8.6346E-05 / 1.3221E-04   
4980   1.331E-04   8.6323E-05   1.3215E-04   8.6142E-05 / 1.3195E-04   
4990   1.331E-04   8.6274E-05   1.3329E-04   8.6082E-05 / 1.3308E-04   
5000   1.331E-04   8.6034E-05   1.3203E-04   8.5854E-05 / 1.3183E-04   
5010   1.331E-04   8.5916E-05   1.3158E-04   8.5738E-05 / 1.3138E-04   
5020   1.331E-04   8.5781E-05   1.3237E-04   8.5603E-05 / 1.3217E-04   
5030   1.331E-04   8.5593E-05   1.3149E-04   8.5438E-05 / 1.3131E-04   
5040   1.331E-04   8.5513E-05   1.3162E-04   8.5357E-05 / 1.3144E-04   
5050   1.331E-04   8.6097E-05   1.3115E-04   8.5893E-05 / 1.3093E-04   
5060   1.331E-04   8.5100E-05   1.3106E-04   8.4960E-05 / 1.3090E-04   
5070   1.331E-04   8.4915E-05   1.3129E-04   8.4742E-05 / 1.3110E-04   
5080   1.331E-04   8.4832E-05   1.2908E-04   8.4659E-05 / 1.2888E-04   
5090   1.331E-04   8.4896E-05   1.2995E-04   8.4727E-05 / 1.2976E-04   
5100   1.331E-04   8.4535E-05   1.3044E-04   8.4355E-05 / 1.3024E-04   
5110   1.331E-04   8.4557E-05   1.2968E-04   8.4390E-05 / 1.2949E-04   
5120   1.331E-04   8.4400E-05   1.2983E-04   8.4210E-05 / 1.2962E-04   
5130   1.331E-04   8.4300E-05   1.3101E-04   8.4161E-05 / 1.3085E-04   
5140   1.331E-04   8.4088E-05   1.2816E-04   8.3926E-05 / 1.2797E-04   
5150   1.331E-04   8.3723E-05   1.2847E-04   8.3531E-05 / 1.2825E-04   
5160   1.331E-04   8.3625E-05   1.2815E-04   8.3477E-05 / 1.2798E-04   
5170   1.331E-04   8.3533E-05   1.2913E-04   8.3348E-05 / 1.2892E-04   
5180   1.331E-04   8.3509E-05   1.2859E-04   8.3325E-05 / 1.2839E-04   
5190   1.331E-04   8.3358E-05   1.2756E-04   8.3153E-05 / 1.2733E-04   
5200   1.331E-04   8.3754E-05   1.2868E-04   8.3519E-05 / 1.2843E-04   
5210   1.331E-04   8.3018E-05   1.2711E-04   8.2814E-05 / 1.2689E-04   
5220   1.331E-04   8.2838E-05   1.2794E-04   8.2636E-05 / 1.2771E-04   
5230   1.331E-04   8.2683E-05   1.2706E-04   8.2510E-05 / 1.2687E-04   
5240   1.331E-04   8.2626E-05   1.2645E-04   8.2450E-05 / 1.2625E-04   
5250   1.331E-04   8.2311E-05   1.2740E-04   8.2118E-05 / 1.2719E-04   
5260   1.331E-04   8.2086E-05   1.2660E-04   8.1878E-05 / 1.2637E-04   
5270   1.331E-04   8.2114E-05   1.2637E-04   8.1926E-05 / 1.2616E-04   
5280   1.331E-04   8.2085E-05   1.2630E-04   8.1912E-05 / 1.2611E-04   
5290   1.331E-04   8.1972E-05   1.2698E-04   8.1747E-05 / 1.2674E-04   
5300   1.331E-04   8.1684E-05   1.2592E-04   8.1505E-05 / 1.2572E-04   
5310   1.331E-04   8.1452E-05   1.2482E-04   8.1274E-05 / 1.2462E-04   
5320   1.331E-04   8.1794E-05   1.2481E-04   8.1591E-05 / 1.2459E-04   
5330   1.331E-04   8.1194E-05   1.2462E-04   8.0961E-05 / 1.2437E-04   
5340   1.331E-04   8.1089E-05   1.2433E-04   8.0863E-05 / 1.2409E-04   
5350   1.331E-04   8.0990E-05   1.2531E-04   8.0819E-05 / 1.2513E-04   
5360   1.331E-04   8.0784E-05   1.2417E-04   8.0603E-05 / 1.2398E-04   
5370   1.331E-04   8.0733E-05   1.2418E-04   8.0526E-05 / 1.2396E-04   
5380   1.331E-04   8.0707E-05   1.2444E-04   8.0465E-05 / 1.2418E-04   
5390   1.331E-04   8.0388E-05   1.2476E-04   8.0185E-05 / 1.2455E-04   
5400   1.331E-04   8.0457E-05   1.2413E-04   8.0253E-05 / 1.2392E-04   
5410   1.331E-04   8.0203E-05   1.2343E-04   7.9997E-05 / 1.2322E-04   
5420   1.331E-04   8.0187E-05   1.2427E-04   7.9998E-05 / 1.2407E-04   
5430   1.331E-04   7.9990E-05   1.2378E-04   7.9811E-05 / 1.2360E-04   
5440   1.331E-04   8.0013E-05   1.2435E-04   7.9848E-05 / 1.2418E-04   
5450   1.331E-04   7.9667E-05   1.2413E-04   7.9459E-05 / 1.2391E-04   
5460   1.331E-04   7.9570E-05   1.2267E-04   7.9365E-05 / 1.2246E-04   
5470   1.331E-04   7.9416E-05   1.2326E-04   7.9210E-05 / 1.2305E-04   
5480   1.331E-04   7.9423E-05   1.2205E-04   7.9196E-05 / 1.2182E-04   
5490   1.331E-04   7.9420E-05   1.2137E-04   7.9231E-05 / 1.2118E-04   
5500   1.331E-04   7.9090E-05   1.2185E-04   7.8851E-05 / 1.2161E-04   
5510   1.331E-04   7.9015E-05   1.2251E-04   7.8781E-05 / 1.2228E-04   
5520   1.331E-04   7.9037E-05   1.2193E-04   7.8805E-05 / 1.2169E-04   
5530   1.331E-04   7.8569E-05   1.2137E-04   7.8338E-05 / 1.2114E-04   
5540   1.331E-04   7.8524E-05   1.2137E-04   7.8295E-05 / 1.2114E-04   
5550   1.331E-04   7.8400E-05   1.2082E-04   7.8155E-05 / 1.2058E-04   
5560   1.331E-04   7.8229E-05   1.2147E-04   7.7973E-05 / 1.2122E-04   
5570   1.331E-04   7.8097E-05   1.2140E-04   7.7879E-05 / 1.2118E-04   
5580   1.331E-04   7.8119E-05   1.2213E-04   7.7932E-05 / 1.2195E-04   
5590   1.331E-04   7.7944E-05   1.2081E-04   7.7709E-05 / 1.2058E-04   
5600   1.331E-04   7.7742E-05   1.2039E-04   7.7504E-05 / 1.2016E-04   
5610   1.331E-04   7.8095E-05   1.2114E-04   7.7844E-05 / 1.2090E-04   
5620   1.331E-04   7.7766E-05   1.2052E-04   7.7534E-05 / 1.2030E-04   
5630   1.331E-04   7.7861E-05   1.2029E-04   7.7603E-05 / 1.2004E-04   
5640   1.331E-04   7.7488E-05   1.2065E-04   7.7261E-05 / 1.2044E-04   
5650   1.331E-04   7.7258E-05   1.1917E-04   7.7007E-05 / 1.1893E-04   
5660   1.331E-04   7.7119E-05   1.1981E-04   7.6871E-05 / 1.1957E-04   
5670   1.331E-04   7.7025E-05   1.1916E-04   7.6784E-05 / 1.1894E-04   
5680   1.331E-04   7.6911E-05   1.1997E-04   7.6690E-05 / 1.1976E-04   
5690   1.331E-04   7.7025E-05   1.1944E-04   7.6767E-05 / 1.1921E-04   
5700   1.331E-04   7.6976E-05   1.1892E-04   7.6774E-05 / 1.1874E-04   
5710   1.331E-04   7.6635E-05   1.1920E-04   7.6413E-05 / 1.1900E-04   
5720   1.331E-04   7.6465E-05   1.1955E-04   7.6259E-05 / 1.1936E-04   
5730   1.331E-04   7.6408E-05   1.1860E-04   7.6189E-05 / 1.1841E-04   
5740   1.331E-04   7.6194E-05   1.1770E-04   7.5967E-05 / 1.1750E-04   
5750   1.331E-04   7.5990E-05   1.1762E-04   7.5775E-05 / 1.1743E-04   
5760   1.331E-04   7.5983E-05   1.1891E-04   7.5754E-05 / 1.1871E-04   
5770   1.331E-04   7.5820E-05   1.1748E-04   7.5593E-05 / 1.1728E-04   
5780   1.331E-04   7.5998E-05   1.1807E-04   7.5762E-05 / 1.1787E-04   
5790   1.331E-04   7.5586E-05   1.1735E-04   7.5345E-05 / 1.1714E-04   
5800   1.331E-04   7.5504E-05   1.1642E-04   7.5258E-05 / 1.1621E-04   
5810   1.331E-04   7.5456E-05   1.1860E-04   7.5219E-05 / 1.1840E-04   
5820   1.331E-04   7.5393E-05   1.1617E-04   7.5147E-05 / 1.1597E-04   
5830   1.331E-04   7.5229E-05   1.1742E-04   7.4969E-05 / 1.1720E-04   
5840   1.331E-04   7.5029E-05   1.1677E-04   7.4773E-05 / 1.1655E-04   
5850   1.331E-04   7.4958E-05   1.1679E-04   7.4735E-05 / 1.1660E-04   
5860   1.331E-04   7.4900E-05   1.1650E-04   7.4670E-05 / 1.1631E-04   
5870   1.331E-04   7.4922E-05   1.1678E-04   7.4688E-05 / 1.1659E-04   
5880   1.331E-04   7.4708E-05   1.1654E-04   7.4442E-05 / 1.1632E-04   
5890   1.331E-04   7.4662E-05   1.1598E-04   7.4386E-05 / 1.1576E-04   
5900   1.331E-04   7.4740E-05   1.1785E-04   7.4540E-05 / 1.1770E-04   
5910   1.331E-04   7.4411E-05   1.1632E-04   7.4171E-05 / 1.1613E-04   
5920   1.331E-04   7.4770E-05   1.1698E-04   7.4532E-05 / 1.1680E-04   
5930   1.331E-04   7.4243E-05   1.1633E-04   7.4025E-05 / 1.1616E-04   
5940   1.331E-04   7.4187E-05   1.1448E-04   7.3921E-05 / 1.1427E-04   
5950   1.331E-04   7.4086E-05   1.1556E-04   7.3835E-05 / 1.1537E-04   
5960   1.331E-04   7.3754E-05   1.1519E-04   7.3534E-05 / 1.1503E-04   
5970   1.331E-04   7.3725E-05   1.1454E-04   7.3426E-05 / 1.1431E-04   
5980   1.331E-04   7.3743E-05   1.1579E-04   7.3506E-05 / 1.1561E-04   
5990   1.331E-04   7.3575E-05   1.1471E-04   7.3308E-05 / 1.1450E-04   
6000   1.331E-04   7.3546E-05   1.1458E-04   7.3273E-05 / 1.1437E-04   
6010   1.331E-04   7.3457E-05   1.1439E-04   7.3239E-05 / 1.1423E-04   
6020   1.331E-04   7.3332E-05   1.1443E-04   7.3070E-05 / 1.1423E-04   
6030   1.331E-04   7.3270E-05   1.1490E-04   7.3042E-05 / 1.1473E-04   
6040   1.331E-04   7.3168E-05   1.1504E-04   7.2925E-05 / 1.1486E-04   
6050   1.331E-04   7.2972E-05   1.1391E-04   7.2726E-05 / 1.1373E-04   
6060   1.331E-04   7.2991E-05   1.1393E-04   7.2751E-05 / 1.1375E-04   
6070   1.331E-04   7.2720E-05   1.1353E-04   7.2453E-05 / 1.1333E-04   
6080   1.331E-04   7.2604E-05   1.1423E-04   7.2377E-05 / 1.1406E-04   
6090   1.331E-04   7.2746E-05   1.1413E-04   7.2517E-05 / 1.1397E-04   
6100   1.331E-04   7.2443E-05   1.1338E-04   7.2217E-05 / 1.1322E-04   
6110   1.331E-04   7.2278E-05   1.1311E-04   7.2006E-05 / 1.1291E-04   
6120   1.331E-04   7.2256E-05   1.1363E-04   7.2001E-05 / 1.1345E-04   
6130   1.331E-04   7.2232E-05   1.1377E-04   7.2010E-05 / 1.1362E-04   
6140   1.331E-04   7.1985E-05   1.1347E-04   7.1745E-05 / 1.1330E-04   
6150   1.331E-04   7.1927E-05   1.1303E-04   7.1679E-05 / 1.1285E-04   
6160   1.331E-04   7.2002E-05   1.1380E-04   7.1748E-05 / 1.1362E-04   
6170   1.331E-04   7.1861E-05   1.1217E-04   7.1650E-05 / 1.1203E-04   
6180   1.331E-04   7.1845E-05   1.1193E-04   7.1564E-05 / 1.1172E-04   
6190   1.331E-04   7.1761E-05   1.1162E-04   7.1517E-05 / 1.1144E-04   
6200   1.331E-04   7.1451E-05   1.1208E-04   7.1226E-05 / 1.1192E-04   
6210   1.331E-04   7.1645E-05   1.1278E-04   7.1388E-05 / 1.1259E-04   
6220   1.331E-04   7.1321E-05   1.1228E-04   7.1072E-05 / 1.1211E-04   
6230   1.331E-04   7.1347E-05   1.1171E-04   7.1109E-05 / 1.1155E-04   
6240   1.331E-04   7.1048E-05   1.1189E-04   7.0806E-05 / 1.1172E-04   
6250   1.331E-04   7.1085E-05   1.1175E-04   7.0832E-05 / 1.1157E-04   
6260   1.331E-04   7.0958E-05   1.1265E-04   7.0742E-05 / 1.1250E-04   
6270   1.331E-04   7.0759E-05   1.1192E-04   7.0510E-05 / 1.1174E-04   
6280   1.331E-04   7.1154E-05   1.1204E-04   7.0912E-05 / 1.1187E-04   
6290   1.331E-04   7.0639E-05   1.1120E-04   7.0392E-05 / 1.1102E-04   
6300   1.331E-04   7.0610E-05   1.1164E-04   7.0364E-05 / 1.1146E-04   
6310   1.331E-04   7.0619E-05   1.1100E-04   7.0395E-05 / 1.1085E-04   
6320   1.331E-04   7.0459E-05   1.1068E-04   7.0229E-05 / 1.1052E-04   
6330   1.331E-04   7.0482E-05   1.1169E-04   7.0225E-05 / 1.1151E-04   
6340   1.331E-04   7.0286E-05   1.0935E-04   7.0052E-05 / 1.0919E-04   
6350   1.331E-04   7.0070E-05   1.1158E-04   6.9832E-05 / 1.1142E-04   
6360   1.331E-04   7.0071E-05   1.1180E-04   6.9798E-05 / 1.1160E-04   
6370   1.331E-04   6.9874E-05   1.1042E-04   6.9617E-05 / 1.1024E-04   
6380   1.331E-04   7.0194E-05   1.1093E-04   6.9917E-05 / 1.1073E-04   
6390   1.331E-04   6.9768E-05   1.1019E-04   6.9516E-05 / 1.1001E-04   
6400   1.331E-04   6.9750E-05   1.0984E-04   6.9521E-05 / 1.0968E-04   
6410   1.331E-04   6.9638E-05   1.1085E-04   6.9401E-05 / 1.1068E-04   
6420   1.331E-04   6.9395E-05   1.1019E-04   6.9157E-05 / 1.1002E-04   
6430   1.331E-04   6.9317E-05   1.0978E-04   6.9057E-05 / 1.0959E-04   
6440   1.331E-04   6.9304E-05   1.0977E-04   6.9028E-05 / 1.0956E-04   
6450   1.331E-04   6.9147E-05   1.0982E-04   6.8881E-05 / 1.0962E-04   
6460   1.331E-04   6.9020E-05   1.0971E-04   6.8776E-05 / 1.0953E-04   
6470   1.331E-04   6.9057E-05   1.0914E-04   6.8797E-05 / 1.0895E-04   
6480   1.331E-04   6.8942E-05   1.0981E-04   6.8718E-05 / 1.0965E-04   
6490   1.331E-04   6.8957E-05   1.0905E-04   6.8692E-05 / 1.0886E-04   
6500   1.331E-04   6.8883E-05   1.0982E-04   6.8640E-05 / 1.0964E-04   
6510   1.331E-04   6.8757E-05   1.0967E-04   6.8558E-05 / 1.0953E-04   
6520   1.331E-04   6.8667E-05   1.0948E-04   6.8430E-05 / 1.0931E-04   
6530   1.331E-04   6.8518E-05   1.0905E-04   6.8303E-05 / 1.0890E-04   
6540   1.331E-04   6.8658E-05   1.0980E-04   6.8434E-05 / 1.0964E-04   
6550   1.331E-04   6.8329E-05   1.0803E-04   6.8088E-05 / 1.0785E-04   
6560   1.331E-04   6.8287E-05   1.0753E-04   6.8070E-05 / 1.0738E-04   
6570   1.331E-04   6.8209E-05   1.0878E-04   6.7993E-05 / 1.0862E-04   
6580   1.331E-04   6.8085E-05   1.0804E-04   6.7830E-05 / 1.0785E-04   
6590   1.331E-04   6.8039E-05   1.0845E-04   6.7806E-05 / 1.0828E-04   
6600   1.331E-04   6.7893E-05   1.0872E-04   6.7609E-05 / 1.0850E-04   
6610   1.331E-04   6.7787E-05   1.0867E-04   6.7537E-05 / 1.0848E-04   
6620   1.331E-04   6.7818E-05   1.0899E-04   6.7569E-05 / 1.0880E-04   
6630   1.331E-04   6.7745E-05   1.0793E-04   6.7529E-05 / 1.0777E-04   
6640   1.331E-04   6.7873E-05   1.0891E-04   6.7641E-05 / 1.0873E-04   
6650   1.331E-04   6.7800E-05   1.0922E-04   6.7538E-05 / 1.0902E-04   
6660   1.331E-04   6.7695E-05   1.0831E-04   6.7440E-05 / 1.0811E-04   
6670   1.331E-04   6.7309E-05   1.0770E-04   6.7039E-05 / 1.0749E-04   
6680   1.331E-04   6.7190E-05   1.0727E-04   6.6948E-05 / 1.0708E-04   
6690   1.331E-04   6.7205E-05   1.0694E-04   6.6953E-05 / 1.0675E-04   
6700   1.331E-04   6.7095E-05   1.0746E-04   6.6847E-05 / 1.0727E-04   
6710   1.331E-04   6.7401E-05   1.0809E-04   6.7141E-05 / 1.0788E-04   
6720   1.331E-04   6.7340E-05   1.0738E-04   6.7114E-05 / 1.0720E-04   
6730   1.331E-04   6.7035E-05   1.0786E-04   6.6811E-05 / 1.0769E-04   
6740   1.331E-04   6.7447E-05   1.0566E-04   6.7196E-05 / 1.0546E-04   
6750   1.331E-04   6.6675E-05   1.0752E-04   6.6457E-05 / 1.0735E-04   
6760   1.331E-04   6.6791E-05   1.0733E-04   6.6546E-05 / 1.0713E-04   
6770   1.331E-04   6.6595E-05   1.0737E-04   6.6394E-05 / 1.0721E-04   
6780   1.331E-04   6.6477E-05   1.0693E-04   6.6245E-05 / 1.0674E-04   
6790   1.331E-04   6.6445E-05   1.0657E-04   6.6190E-05 / 1.0637E-04   
6800   1.331E-04   6.6452E-05   1.0749E-04   6.6209E-05 / 1.0730E-04   
6810   1.331E-04   6.6300E-05   1.0667E-04   6.6033E-05 / 1.0645E-04   
6820   1.331E-04   6.6272E-05   1.0611E-04   6.6064E-05 / 1.0594E-04   
6830   1.331E-04   6.6058E-05   1.0584E-04   6.5840E-05 / 1.0566E-04   
6840   1.331E-04   6.6216E-05   1.0778E-04   6.6017E-05 / 1.0762E-04   
6850   1.331E-04   6.5986E-05   1.0585E-04   6.5746E-05 / 1.0565E-04   
6860   1.331E-04   6.5926E-05   1.0647E-04   6.5678E-05 / 1.0627E-04   
6870   1.331E-04   6.5823E-05   1.0597E-04   6.5603E-05 / 1.0579E-04   
6880   1.331E-04   6.5752E-05   1.0561E-04   6.5507E-05 / 1.0540E-04   
6890   1.331E-04   6.5665E-05   1.0604E-04   6.5418E-05 / 1.0583E-04   
6900   1.331E-04   6.5605E-05   1.0631E-04   6.5382E-05 / 1.0612E-04   
6910   1.331E-04   6.5601E-05   1.0555E-04   6.5397E-05 / 1.0538E-04   
6920   1.331E-04   6.5416E-05   1.0584E-04   6.5168E-05 / 1.0563E-04   
6930   1.331E-04   6.5675E-05   1.0643E-04   6.5431E-05 / 1.0622E-04   
6940   1.331E-04   6.5228E-05   1.0501E-04   6.4987E-05 / 1.0480E-04   
6950   1.331E-04   6.5180E-05   1.0582E-04   6.4962E-05 / 1.0564E-04   
6960   1.331E-04   6.5193E-05   1.0439E-04   6.4977E-05 / 1.0421E-04   
6970   1.331E-04   6.5222E-05   1.0597E-04   6.5005E-05 / 1.0578E-04   
6980   1.331E-04   6.5094E-05   1.0543E-04   6.4872E-05 / 1.0524E-04   
6990   1.331E-04   6.4954E-05   1.0417E-04   6.4736E-05 / 1.0398E-04   
7000   1.331E-04   6.4877E-05   1.0504E-04   6.4675E-05 / 1.0486E-04   
7010   1.331E-04   6.4766E-05   1.0478E-04   6.4569E-05 / 1.0461E-04   
7020   1.331E-04   6.4732E-05   1.0455E-04   6.4535E-05 / 1.0437E-04   
7030   1.331E-04   6.4628E-05   1.0440E-04   6.4408E-05 / 1.0421E-04   
7040   1.331E-04   6.4979E-05   1.0410E-04   6.4763E-05 / 1.0391E-04   
7050   1.331E-04   6.4610E-05   1.0394E-04   6.4412E-05 / 1.0376E-04   
7060   1.331E-04   6.4586E-05   1.0452E-04   6.4354E-05 / 1.0431E-04   
7070   1.331E-04   6.4576E-05   1.0482E-04   6.4348E-05 / 1.0461E-04   
7080   1.331E-04   6.4442E-05   1.0578E-04   6.4176E-05 / 1.0554E-04   
7090   1.331E-04   6.4500E-05   1.0495E-04   6.4247E-05 / 1.0471E-04   
7100   1.331E-04   6.4186E-05   1.0470E-04   6.3978E-05 / 1.0450E-04   
7110   1.331E-04   6.4508E-05   1.0487E-04   6.4300E-05 / 1.0467E-04   
7120   1.331E-04   6.3968E-05   1.0413E-04   6.3728E-05 / 1.0390E-04   
7130   1.331E-04   6.3954E-05   1.0410E-04   6.3725E-05 / 1.0388E-04   
7140   1.331E-04   6.3930E-05   1.0402E-04   6.3719E-05 / 1.0382E-04   
7150   1.331E-04   6.3981E-05   1.0369E-04   6.3767E-05 / 1.0349E-04   
7160   1.331E-04   6.3719E-05   1.0348E-04   6.3500E-05 / 1.0327E-04   
7170   1.331E-04   6.3609E-05   1.0502E-04   6.3402E-05 / 1.0481E-04   
7180   1.331E-04   6.3569E-05   1.0386E-04   6.3348E-05 / 1.0365E-04   
7190   1.331E-04   6.3455E-05   1.0441E-04   6.3234E-05 / 1.0420E-04   
7200   1.331E-04   6.3820E-05   1.0472E-04   6.3586E-05 / 1.0449E-04   
7210   1.331E-04   6.3615E-05   1.0403E-04   6.3411E-05 / 1.0383E-04   
7220   1.331E-04   6.3477E-05   1.0339E-04   6.3215E-05 / 1.0313E-04   
7230   1.331E-04   6.3300E-05   1.0401E-04   6.3039E-05 / 1.0375E-04   
7240   1.331E-04   6.3189E-05   1.0330E-04   6.2943E-05 / 1.0306E-04   
7250   1.331E-04   6.3200E-05   1.0345E-04   6.2976E-05 / 1.0322E-04   
7260   1.331E-04   6.3068E-05   1.0261E-04   6.2834E-05 / 1.0237E-04   
7270   1.331E-04   6.3422E-05   1.0391E-04   6.3243E-05 / 1.0372E-04   
7280   1.331E-04   6.2911E-05   1.0272E-04   6.2668E-05 / 1.0248E-04   
7290   1.331E-04   6.2920E-05   1.0338E-04   6.2694E-05 / 1.0315E-04   
7300   1.331E-04   6.3116E-05   1.0346E-04   6.2860E-05 / 1.0321E-04   
7310   1.331E-04   6.2649E-05   1.0258E-04   6.2435E-05 / 1.0236E-04   
7320   1.331E-04   6.2586E-05   1.0315E-04   6.2395E-05 / 1.0295E-04   
7330   1.331E-04   6.2735E-05   1.0324E-04   6.2505E-05 / 1.0300E-04   
7340   1.331E-04   6.2765E-05   1.0253E-04   6.2536E-05 / 1.0230E-04   
7350   1.331E-04   6.2430E-05   1.0328E-04   6.2209E-05 / 1.0305E-04   
7360   1.331E-04   6.2409E-05   1.0217E-04   6.2173E-05 / 1.0192E-04   
7370   1.331E-04   6.2282E-05   1.0230E-04   6.2067E-05 / 1.0207E-04   
7380   1.331E-04   6.2264E-05   1.0284E-04   6.2043E-05 / 1.0261E-04   
7390   1.331E-04   6.2298E-05   1.0310E-04   6.2057E-05 / 1.0285E-04   
7400   1.331E-04   6.2167E-05   1.0287E-04   6.1948E-05 / 1.0264E-04   
7410   1.331E-04   6.2030E-05   1.0231E-04   6.1822E-05 / 1.0209E-04   
7420   1.331E-04   6.2231E-05   1.0229E-04   6.1994E-05 / 1.0204E-04   
7430   1.331E-04   6.2550E-05   1.0207E-04   6.2290E-05 / 1.0180E-04   
7440   1.331E-04   6.1954E-05   1.0265E-04   6.1718E-05 / 1.0240E-04   
7450   1.331E-04   6.1836E-05   1.0153E-04   6.1611E-05 / 1.0129E-04   
7460   1.331E-04   6.1752E-05   1.0268E-04   6.1526E-05 / 1.0244E-04   
7470   1.331E-04   6.1637E-05   1.0262E-04   6.1390E-05 / 1.0236E-04   
7480   1.331E-04   6.1557E-05   1.0150E-04   6.1330E-05 / 1.0125E-04   
7490   1.331E-04   6.1637E-05   1.0127E-04   6.1399E-05 / 1.0102E-04   
7500   1.331E-04   6.1529E-05   1.0087E-04   6.1319E-05 / 1.0064E-04   
7510   1.331E-04   6.1608E-05   1.0283E-04   6.1390E-05 / 1.0259E-04   
7520   1.331E-04   6.1301E-05   1.0217E-04   6.1058E-05 / 1.0190E-04   
7530   1.331E-04   6.1335E-05   1.0090E-04   6.1093E-05 / 1.0064E-04   
7540   1.331E-04   6.1471E-05   1.0034E-04   6.1243E-05 / 1.0009E-04   
7550   1.331E-04   6.1078E-05   1.0101E-04   6.0898E-05 / 1.0081E-04   
7560   1.331E-04   6.1389E-05   1.0167E-04   6.1162E-05 / 1.0142E-04   
7570   1.331E-04   6.1143E-05   1.0185E-04   6.0922E-05 / 1.0161E-04   
7580   1.331E-04   6.1183E-05   1.0060E-04   6.0969E-05 / 1.0036E-04   
7590   1.331E-04   6.0895E-05   1.0118E-04   6.0674E-05 / 1.0094E-04   
7600   1.331E-04   6.1000E-05   1.0056E-04   6.0770E-05 / 1.0031E-04   
7610   1.331E-04   6.0916E-05   1.0142E-04   6.0666E-05 / 1.0115E-04   
7620   1.331E-04   6.0835E-05   1.0031E-04   6.0585E-05 / 1.0004E-04   
7630   1.331E-04   6.0718E-05   1.0059E-04   6.0452E-05 / 1.0030E-04   
7640   1.331E-04   6.0715E-05   1.0107E-04   6.0483E-05 / 1.0082E-04   
7650   1.331E-04   6.0614E-05   1.0119E-04   6.0378E-05 / 1.0093E-04   
7660   1.331E-04   6.0639E-05   1.0105E-04   6.0410E-05 / 1.0079E-04   
7670   1.331E-04   6.0463E-05   1.0066E-04   6.0216E-05 / 1.0039E-04   
7680   1.331E-04   6.0376E-05   1.0033E-04   6.0126E-05 / 1.0005E-04   
7690   1.331E-04   6.0463E-05   1.0087E-04   6.0235E-05 / 1.0061E-04   
7700   1.331E-04   6.0276E-05   9.9870E-05   6.0064E-05 / 9.9629E-05   
7710   1.331E-04   6.0291E-05   1.0079E-04   6.0093E-05 / 1.0057E-04   
7720   1.331E-04   6.0264E-05   9.9735E-05   6.0056E-05 / 9.9498E-05   
7730   1.331E-04   6.0097E-05   1.0133E-04   5.9881E-05 / 1.0109E-04   
7740   1.331E-04   6.0406E-05   1.0089E-04   6.0172E-05 / 1.0062E-04   
7750   1.331E-04   6.0067E-05   9.9955E-05   5.9863E-05 / 9.9722E-05   
7760   1.331E-04   6.0172E-05   9.9517E-05   5.9972E-05 / 9.9287E-05   
7770   1.331E-04   5.9841E-05   9.9731E-05   5.9607E-05 / 9.9468E-05   
7780   1.331E-04   5.9820E-05   1.0043E-04   5.9593E-05 / 1.0017E-04   
7790   1.331E-04   6.0048E-05   9.8748E-05   5.9789E-05 / 9.8460E-05   
7800   1.331E-04   5.9919E-05   1.0126E-04   5.9676E-05 / 1.0099E-04   
7810   1.331E-04   5.9736E-05   1.0072E-04   5.9513E-05 / 1.0047E-04   
7820   1.331E-04   5.9737E-05   1.0064E-04   5.9529E-05 / 1.0040E-04   
7830   1.331E-04   5.9791E-05   1.0094E-04   5.9540E-05 / 1.0066E-04   
7840   1.331E-04   5.9784E-05   1.0015E-04   5.9531E-05 / 9.9867E-05   
7850   1.331E-04   5.9604E-05   1.0128E-04   5.9352E-05 / 1.0100E-04   
7860   1.331E-04   5.9665E-05   9.9661E-05   5.9445E-05 / 9.9410E-05   
7870   1.331E-04   5.9385E-05   9.9876E-05   5.9126E-05 / 9.9587E-05   
7880   1.331E-04   5.9461E-05   1.0045E-04   5.9164E-05 / 1.0013E-04   
7890   1.331E-04   5.9298E-05   1.0038E-04   5.9065E-05 / 1.0012E-04   
7900   1.331E-04   5.9116E-05   9.9581E-05   5.8872E-05 / 9.9306E-05   
7910   1.331E-04   5.9218E-05   1.0086E-04   5.8942E-05 / 1.0055E-04   
7920   1.331E-04   5.9041E-05   9.8380E-05   5.8806E-05 / 9.8114E-05   
7930   1.331E-04   5.9084E-05   9.9057E-05   5.8839E-05 / 9.8781E-05   
7940   1.331E-04   5.8928E-05   9.9687E-05   5.8664E-05 / 9.9392E-05   
7950   1.331E-04   5.8944E-05   9.8816E-05   5.8717E-05 / 9.8557E-05   
7960   1.331E-04   5.8791E-05   9.9686E-05   5.8526E-05 / 9.9390E-05   
7970   1.331E-04   5.9382E-05   1.0231E-04   5.9139E-05 / 1.0203E-04   
7980   1.331E-04   5.8712E-05   9.9849E-05   5.8488E-05 / 9.9593E-05   
7990   1.331E-04   5.8747E-05   9.7809E-05   5.8518E-05 / 9.7547E-05   
8000   1.331E-04   5.8551E-05   9.8954E-05   5.8326E-05 / 9.8697E-05   
===============================================================================================================
Saved model to /home/nikki/kan/kanTBNN/models/multi_run/kan_experiment_49_opt/kanTBNN-24Nov06_03:51:26.pickle
