========== Dataset info ==========
Dataset params: {'file': '/home/nikhila/WDC/kan/dataset/turbulence_dataset_clean.csv', 'Cases': ['squareDuctAve_Re_1100', 'squareDuctAve_Re_1150', 'squareDuctAve_Re_1250', 'squareDuctAve_Re_1300', 'squareDuctAve_Re_1350', 'squareDuctAve_Re_1400', 'squareDuctAve_Re_1500', 'squareDuctAve_Re_1600', 'squareDuctAve_Re_1800', 'squareDuctAve_Re_2000', 'squareDuctAve_Re_2205', 'squareDuctAve_Re_2400', 'squareDuctAve_Re_2600', 'squareDuctAve_Re_2900', 'squareDuctAve_Re_3200', 'squareDuctAve_Re_3500'], 'val_set': ['squareDuctAve_Re_1300', 'squareDuctAve_Re_1800', 'squareDuctAve_Re_3200'], 'test_set': ['squareDuctAve_Re_2000'], 'data_loader': <class 'tbnn.dataloaders.aDataset'>}
Train/Valid/Test points: 110592 / 27648 / 9216
Memorization?: False
Cluster training?: False
EPOCH     LR        TRAIN         VALID             MSE:T/V                  RL:T/V             %NR_t/%NR_v
===============================================================================================================
  1   1.885E-04   1.5825E-02   1.3857E-02   1.5780E-02 / 1.3836E-02   
 10   1.885E-04   9.2286E-04   9.1362E-04   9.2209E-04 / 9.1239E-04   
 20   1.885E-04   7.1664E-04   7.0044E-04   7.1529E-04 / 6.9597E-04   
 30   1.885E-04   6.5341E-04   6.9275E-04   6.5021E-04 / 6.8232E-04   
 40   1.885E-04   6.1285E-04   5.7530E-04   6.0833E-04 / 5.7243E-04   
 50   1.885E-04   5.4816E-04   6.0670E-04   5.4771E-04 / 5.9409E-04   
 60   1.885E-04   5.3719E-04   6.0783E-04   5.3436E-04 / 5.8800E-04   
 70   1.885E-04   5.0779E-04   5.5319E-04   5.0477E-04 / 5.3817E-04   
 80   1.885E-04   4.9374E-04   5.4514E-04   4.9196E-04 / 5.3652E-04   
 90   1.885E-04   4.8614E-04   5.6066E-04   4.8445E-04 / 5.5066E-04   
100   1.885E-04   4.8479E-04   5.2951E-04   4.8369E-04 / 5.2726E-04   
110   1.885E-04   4.8098E-04   5.1888E-04   4.8004E-04 / 5.1527E-04   
120   1.885E-04   4.6984E-04   5.5718E-04   4.6889E-04 / 5.4821E-04   
130   1.885E-04   4.6453E-04   5.6814E-04   4.6352E-04 / 5.5513E-04   
140   1.885E-04   4.5995E-04   5.0901E-04   4.5868E-04 / 5.0052E-04   
150   1.885E-04   4.6961E-04   5.2066E-04   4.6795E-04 / 5.0653E-04   
160   1.885E-04   4.5174E-04   5.1271E-04   4.5116E-04 / 5.0565E-04   
170   1.885E-04   4.4648E-04   5.4489E-04   4.4538E-04 / 5.2506E-04   
180   1.885E-04   4.4708E-04   5.4869E-04   4.4460E-04 / 5.2640E-04   
190   1.885E-04   4.4382E-04   5.2427E-04   4.4339E-04 / 5.1760E-04   
200   1.885E-04   4.3898E-04   5.0432E-04   4.3815E-04 / 4.9078E-04   
210   1.885E-04   4.4654E-04   5.2565E-04   4.4504E-04 / 5.1616E-04   
220   1.885E-04   4.3573E-04   5.0216E-04   4.3507E-04 / 4.8876E-04   
230   1.885E-04   4.3295E-04   5.2157E-04   4.3228E-04 / 5.0565E-04   
240   1.885E-04   4.3399E-04   5.0772E-04   4.3365E-04 / 4.9884E-04   
250   1.885E-04   4.2356E-04   5.2176E-04   4.2285E-04 / 4.9959E-04   
260   1.885E-04   4.9383E-04   5.8597E-04   4.9125E-04 / 5.7842E-04   
270   1.885E-04   4.2128E-04   5.2840E-04   4.2070E-04 / 5.0712E-04   
280   1.885E-04   4.2428E-04   5.5275E-04   4.2296E-04 / 5.1701E-04   
290   1.885E-04   4.2333E-04   5.7713E-04   4.2121E-04 / 5.2646E-04   
300   1.885E-04   4.1282E-04   5.5497E-04   4.1194E-04 / 5.2616E-04   
310   1.885E-04   4.2144E-04   6.0048E-04   4.1809E-04 / 5.4237E-04   
320   1.885E-04   4.1679E-04   5.3969E-04   4.1511E-04 / 4.9054E-04   
330   1.885E-04   4.1662E-04   5.6670E-04   4.1414E-04 / 4.9158E-04   
340   1.885E-04   4.0879E-04   5.6384E-04   4.0841E-04 / 5.2478E-04   
350   1.885E-04   4.2349E-04   5.2623E-04   4.2313E-04 / 5.2054E-04   
360   1.885E-04   4.1060E-04   5.9768E-04   4.1015E-04 / 5.6159E-04   
370   1.885E-04   4.0404E-04   5.1438E-04   4.0354E-04 / 4.8947E-04   
380   1.885E-04   4.1260E-04   5.3450E-04   4.1221E-04 / 5.2678E-04   
390   1.885E-04   4.0007E-04   5.3258E-04   3.9967E-04 / 5.1085E-04   
400   1.885E-04   4.0081E-04   5.3745E-04   4.0040E-04 / 5.2285E-04   
410   1.885E-04   3.9892E-04   5.5138E-04   3.9833E-04 / 5.1286E-04   
420   1.885E-04   4.0350E-04   5.4154E-04   4.0299E-04 / 5.0652E-04   
430   1.885E-04   4.0314E-04   5.6883E-04   4.0112E-04 / 5.0574E-04   
440   1.885E-04   3.9485E-04   5.3966E-04   3.9435E-04 / 5.1373E-04   
450   1.885E-04   3.9440E-04   5.3185E-04   3.9356E-04 / 5.1485E-04   
460   1.885E-04   4.0125E-04   5.9552E-04   4.0076E-04 / 5.6560E-04   
469   1.885E-04   3.9712E-04   5.5574E-04   3.9605E-04 / 4.9910E-04   
BEST MODEL
===============================================================================================================
206   1.885E-04   4.5030E-04   4.8354E-04   4.4960E-04 / 4.7529E-04   
===============================================================================================================
Saved model to /home/nikhila/WDC/kan/kanTBNN/models/multi_run/kan_experiment_15_opt/kanTBNN-25Jan24_08:06:02.pickle
