========== Dataset info ==========
Dataset params: {'file': '/home/nikki/kan/data/turbulence_dataset_clean.csv', 'Cases': ['fp_1000', 'fp_1410', 'fp_2000', 'fp_2540', 'fp_3030', 'fp_3270', 'fp_3630', 'fp_3970', 'fp_4060'], 'val_set': ['fp_3030', 'fp_1410', 'fp_4060'], 'test_set': ['fp_3630'], 'data_loader': <class 'tbnn.dataloaders.aDataset'>}
Train/Valid/Test points: 760 / 468 / 168
Memorization?: False
Cluster training?: False
EPOCH     LR        TRAIN         VALID             MSE:T/V                  RL:T/V             %NR_t/%NR_v
===============================================================================================================
  1   5.000E-03   1.7324E-01   1.7156E-01   1.7324E-01 / 1.7156E-01   
 10   5.000E-03   2.9273E-03   2.8170E-03   2.9270E-03 / 2.8167E-03   
 20   5.000E-03   1.9568E-03   1.8970E-03   1.9559E-03 / 1.8961E-03   
 30   5.000E-03   1.5374E-03   1.4951E-03   1.5356E-03 / 1.4933E-03   
 40   5.000E-03   1.3149E-03   1.2824E-03   1.3140E-03 / 1.2815E-03   
 50   5.000E-03   1.1786E-03   1.1506E-03   1.1772E-03 / 1.1492E-03   
 60   5.000E-03   1.0831E-03   1.0572E-03   1.0818E-03 / 1.0559E-03   
 70   5.000E-03   1.0088E-03   9.8507E-04   1.0068E-03 / 9.8300E-04   
 80   5.000E-03   9.4616E-04   9.2575E-04   9.4362E-04 / 9.2320E-04   
 90   5.000E-03   8.9343E-04   8.7596E-04   8.9073E-04 / 8.7330E-04   
100   5.000E-03   8.4663E-04   8.3037E-04   8.4394E-04 / 8.2775E-04   
110   5.000E-03   8.0410E-04   7.8920E-04   8.0176E-04 / 7.8692E-04   
120   5.000E-03   7.6407E-04   7.5292E-04   7.6176E-04 / 7.5067E-04   
130   5.000E-03   7.2588E-04   7.1596E-04   7.2341E-04 / 7.1353E-04   
140   5.000E-03   6.8753E-04   6.8003E-04   6.8532E-04 / 6.7780E-04   
150   5.000E-03   6.5060E-04   6.4570E-04   6.4859E-04 / 6.4361E-04   
160   5.000E-03   6.1482E-04   6.1163E-04   6.1303E-04 / 6.0977E-04   
170   5.000E-03   5.8070E-04   5.7959E-04   5.7926E-04 / 5.7808E-04   
180   5.000E-03   5.4721E-04   5.4785E-04   5.4575E-04 / 5.4630E-04   
190   5.000E-03   5.1500E-04   5.1811E-04   5.1387E-04 / 5.1690E-04   
200   5.000E-03   4.8415E-04   4.8964E-04   4.8305E-04 / 4.8848E-04   
210   5.000E-03   4.5612E-04   4.6273E-04   4.5548E-04 / 4.6208E-04   
220   5.000E-03   4.2786E-04   4.3623E-04   4.2729E-04 / 4.3565E-04   
230   5.000E-03   4.0059E-04   4.1285E-04   4.0009E-04 / 4.1235E-04   
240   5.000E-03   3.7659E-04   3.8886E-04   3.7606E-04 / 3.8833E-04   
250   5.000E-03   3.5385E-04   3.7040E-04   3.5333E-04 / 3.6986E-04   
260   5.000E-03   3.3602E-04   3.5757E-04   3.3550E-04 / 3.5703E-04   
270   5.000E-03   3.1619E-04   3.3945E-04   3.1565E-04 / 3.3889E-04   
280   5.000E-03   2.9996E-04   3.2476E-04   2.9943E-04 / 3.2418E-04   
290   5.000E-03   2.8739E-04   3.0934E-04   2.8695E-04 / 3.0888E-04   
300   5.000E-03   2.7131E-04   2.9523E-04   2.7092E-04 / 2.9483E-04   
310   5.000E-03   2.6222E-04   2.9290E-04   2.6153E-04 / 2.9239E-04   
320   5.000E-03   2.4883E-04   2.7883E-04   2.4860E-04 / 2.7857E-04   
330   5.000E-03   2.3515E-04   2.6953E-04   2.3463E-04 / 2.6894E-04   
340   5.000E-03   2.2603E-04   2.5479E-04   2.2580E-04 / 2.5453E-04   
350   5.000E-03   2.2547E-04   2.5679E-04   2.2463E-04 / 2.5641E-04   
360   5.000E-03   2.0743E-04   2.4086E-04   2.0721E-04 / 2.4063E-04   
370   5.000E-03   2.0360E-04   2.4003E-04   2.0347E-04 / 2.3991E-04   
380   5.000E-03   1.9715E-04   2.3413E-04   1.9686E-04 / 2.3383E-04   
390   5.000E-03   1.8558E-04   2.2414E-04   1.8508E-04 / 2.2362E-04   
400   5.000E-03   1.8447E-04   2.2571E-04   1.8405E-04 / 2.2524E-04   
410   5.000E-03   1.7519E-04   2.1415E-04   1.7449E-04 / 2.1337E-04   
420   5.000E-03   1.7247E-04   2.1078E-04   1.7189E-04 / 2.1014E-04   
430   5.000E-03   1.6423E-04   1.9680E-04   1.6384E-04 / 1.9636E-04   
440   5.000E-03   1.7018E-04   1.9881E-04   1.6992E-04 / 1.9852E-04   
450   5.000E-03   1.6046E-04   1.8914E-04   1.6023E-04 / 1.8887E-04   
460   5.000E-03   1.5351E-04   1.8386E-04   1.5299E-04 / 1.8328E-04   
470   5.000E-03   1.5747E-04   1.8512E-04   1.5695E-04 / 1.8457E-04   
480   5.000E-03   1.4427E-04   1.7338E-04   1.4399E-04 / 1.7307E-04   
490   5.000E-03   1.4687E-04   1.7417E-04   1.4660E-04 / 1.7390E-04   
500   5.000E-03   1.4092E-04   1.6522E-04   1.4067E-04 / 1.6494E-04   
510   5.000E-03   1.7899E-04   2.0216E-04   1.7867E-04 / 2.0182E-04   
520   5.000E-03   1.3908E-04   1.6376E-04   1.3880E-04 / 1.6347E-04   
530   5.000E-03   1.3860E-04   1.6240E-04   1.3789E-04 / 1.6164E-04   
540   5.000E-03   1.2625E-04   1.5116E-04   1.2597E-04 / 1.5085E-04   
550   5.000E-03   1.2424E-04   1.5104E-04   1.2386E-04 / 1.5062E-04   
560   5.000E-03   1.2465E-04   1.4566E-04   1.2436E-04 / 1.4535E-04   
570   5.000E-03   1.2510E-04   1.4076E-04   1.2460E-04 / 1.4024E-04   
580   5.000E-03   1.1918E-04   1.4348E-04   1.1897E-04 / 1.4327E-04   
590   5.000E-03   1.1630E-04   1.3731E-04   1.1610E-04 / 1.3713E-04   
600   5.000E-03   1.2621E-04   1.4964E-04   1.2593E-04 / 1.4944E-04   
610   5.000E-03   1.1943E-04   1.4256E-04   1.1852E-04 / 1.4171E-04   
620   5.000E-03   1.0845E-04   1.3115E-04   1.0804E-04 / 1.3078E-04   
630   5.000E-03   1.0504E-04   1.2499E-04   1.0474E-04 / 1.2472E-04   
640   5.000E-03   1.0622E-04   1.2772E-04   1.0586E-04 / 1.2738E-04   
650   5.000E-03   1.0323E-04   1.2459E-04   1.0279E-04 / 1.2416E-04   
660   5.000E-03   1.0331E-04   1.1920E-04   1.0274E-04 / 1.1860E-04   
670   5.000E-03   1.0272E-04   1.1955E-04   1.0256E-04 / 1.1938E-04   
680   5.000E-03   1.0413E-04   1.2254E-04   1.0399E-04 / 1.2241E-04   
690   5.000E-03   8.8951E-05   1.0879E-04   8.8569E-05 / 1.0836E-04   
700   5.000E-03   8.9726E-05   1.0847E-04   8.9530E-05 / 1.0829E-04   
710   5.000E-03   9.3004E-05   1.1350E-04   9.2885E-05 / 1.1337E-04   
720   5.000E-03   8.7896E-05   1.0383E-04   8.7750E-05 / 1.0367E-04   
730   5.000E-03   8.3107E-05   1.0110E-04   8.2903E-05 / 1.0091E-04   
740   5.000E-03   8.0048E-05   9.7451E-05   7.9926E-05 / 9.7336E-05   
750   5.000E-03   8.3116E-05   1.0719E-04   8.2146E-05 / 1.0626E-04   
760   5.000E-03   7.6965E-05   9.5213E-05   7.6909E-05 / 9.5159E-05   
770   5.000E-03   7.6244E-05   9.3751E-05   7.6145E-05 / 9.3657E-05   
780   5.000E-03   7.3729E-05   9.3839E-05   7.3614E-05 / 9.3736E-05   
790   5.000E-03   7.4185E-05   9.1576E-05   7.4038E-05 / 9.1436E-05   
800   5.000E-03   7.0251E-05   8.7334E-05   7.0214E-05 / 8.7294E-05   
810   5.000E-03   6.7887E-05   8.4729E-05   6.7713E-05 / 8.4555E-05   
820   5.000E-03   6.7261E-05   8.2370E-05   6.7150E-05 / 8.2251E-05   
830   5.000E-03   6.7246E-05   8.1319E-05   6.6596E-05 / 8.0652E-05   
840   5.000E-03   8.2204E-05   1.0060E-04   8.1944E-05 / 1.0053E-04   
850   5.000E-03   6.3402E-05   8.2418E-05   6.3358E-05 / 8.2358E-05   
860   5.000E-03   6.0901E-05   7.9287E-05   6.0859E-05 / 7.9229E-05   
870   5.000E-03   6.0208E-05   7.7708E-05   6.0009E-05 / 7.7500E-05   
880   5.000E-03   5.8438E-05   7.6273E-05   5.8118E-05 / 7.5976E-05   
890   5.000E-03   5.8632E-05   7.6723E-05   5.7975E-05 / 7.6130E-05   
900   5.000E-03   5.5876E-05   7.3399E-05   5.5837E-05 / 7.3363E-05   
910   5.000E-03   5.8143E-05   7.4793E-05   5.7396E-05 / 7.4140E-05   
920   5.000E-03   5.7003E-05   7.4238E-05   5.6572E-05 / 7.3778E-05   
930   5.000E-03   5.3062E-05   7.0017E-05   5.3032E-05 / 7.0005E-05   
940   5.000E-03   5.2235E-05   6.8529E-05   5.1799E-05 / 6.8185E-05   
950   5.000E-03   5.0886E-05   6.7330E-05   5.0835E-05 / 6.7270E-05   
960   5.000E-03   4.9402E-05   6.5969E-05   4.9342E-05 / 6.5896E-05   
970   5.000E-03   4.8623E-05   6.6666E-05   4.8588E-05 / 6.6624E-05   
980   5.000E-03   5.1706E-05   6.8319E-05   5.1692E-05 / 6.8299E-05   
990   5.000E-03   4.9470E-05   6.5119E-05   4.9461E-05 / 6.5107E-05   
1000   5.000E-03   4.8112E-05   6.5423E-05   4.8078E-05 / 6.5380E-05   
1010   5.000E-03   4.5309E-05   6.2836E-05   4.4978E-05 / 6.2516E-05   
1020   5.000E-03   4.4546E-05   6.1579E-05   4.3763E-05 / 6.0844E-05   
1030   5.000E-03   4.3913E-05   6.3066E-05   4.3691E-05 / 6.2845E-05   
1040   5.000E-03   4.4695E-05   6.2681E-05   4.4688E-05 / 6.2671E-05   
1050   5.000E-03   4.2895E-05   6.1190E-05   4.2768E-05 / 6.1086E-05   
1060   5.000E-03   4.3172E-05   6.1840E-05   4.3110E-05 / 6.1757E-05   
1070   5.000E-03   4.0533E-05   5.9805E-05   3.9937E-05 / 5.9275E-05   
1080   5.000E-03   3.8967E-05   5.8096E-05   3.8748E-05 / 5.7908E-05   
1090   5.000E-03   3.9839E-05   5.9046E-05   3.9807E-05 / 5.9001E-05   
1100   5.000E-03   3.8679E-05   5.9027E-05   3.8501E-05 / 5.8871E-05   
1110   5.000E-03   3.9848E-05   5.7538E-05   3.9745E-05 / 5.7404E-05   
1120   5.000E-03   3.7018E-05   5.6706E-05   3.6791E-05 / 5.6461E-05   
1130   5.000E-03   3.5533E-05   5.5120E-05   3.5394E-05 / 5.4971E-05   
1140   5.000E-03   3.9771E-05   5.9625E-05   3.8886E-05 / 5.8796E-05   
1150   5.000E-03   4.9944E-05   6.9955E-05   4.9742E-05 / 6.9718E-05   
1160   5.000E-03   3.7178E-05   5.5847E-05   3.7167E-05 / 5.5831E-05   
1170   5.000E-03   3.5605E-05   5.4924E-05   3.5586E-05 / 5.4921E-05   
1180   5.000E-03   3.4504E-05   5.2577E-05   3.4488E-05 / 5.2563E-05   
1190   5.000E-03   3.6388E-05   5.6097E-05   3.6120E-05 / 5.5806E-05   
1200   5.000E-03   3.3879E-05   5.3654E-05   3.3872E-05 / 5.3652E-05   
1210   5.000E-03   3.9872E-05   5.9841E-05   3.9843E-05 / 5.9835E-05   
1220   5.000E-03   6.5556E-05   8.2654E-05   6.5511E-05 / 8.2631E-05   
1230   5.000E-03   3.1175E-05   5.0416E-05   3.0992E-05 / 5.0258E-05   
1240   5.000E-03   3.1670E-05   5.1132E-05   3.1661E-05 / 5.1118E-05   
1250   5.000E-03   3.1000E-05   5.1136E-05   3.0986E-05 / 5.1113E-05   
1260   5.000E-03   2.9979E-05   4.9980E-05   2.9737E-05 / 4.9808E-05   
1270   5.000E-03   3.3905E-05   5.0966E-05   3.3783E-05 / 5.0889E-05   
1280   5.000E-03   3.1453E-05   5.2843E-05   3.1022E-05 / 5.2470E-05   
1290   5.000E-03   2.9831E-05   5.1005E-05   2.9755E-05 / 5.0982E-05   
1300   5.000E-03   3.0398E-05   5.0546E-05   2.9911E-05 / 5.0112E-05   
1310   5.000E-03   2.8836E-05   4.9985E-05   2.8667E-05 / 4.9865E-05   
1320   5.000E-03   2.7812E-05   4.6294E-05   2.7634E-05 / 4.6209E-05   
1330   5.000E-03   2.8200E-05   4.6162E-05   2.8003E-05 / 4.6052E-05   
1340   5.000E-03   2.7698E-05   4.8455E-05   2.7535E-05 / 4.8380E-05   
1350   5.000E-03   2.7657E-05   4.8405E-05   2.7594E-05 / 4.8370E-05   
1360   5.000E-03   2.6623E-05   4.8317E-05   2.6561E-05 / 4.8282E-05   
1370   5.000E-03   2.6871E-05   4.7499E-05   2.6622E-05 / 4.7332E-05   
1380   5.000E-03   2.8539E-05   5.1231E-05   2.8028E-05 / 5.0740E-05   
1390   5.000E-03   3.0380E-05   5.0386E-05   3.0329E-05 / 5.0314E-05   
1400   5.000E-03   2.8419E-05   4.6820E-05   2.8387E-05 / 4.6820E-05   
1410   5.000E-03   2.8669E-05   4.7619E-05   2.8271E-05 / 4.7260E-05   
1420   5.000E-03   2.5478E-05   4.7779E-05   2.5413E-05 / 4.7728E-05   
1430   5.000E-03   2.4209E-05   4.5997E-05   2.3966E-05 / 4.5798E-05   
1440   5.000E-03   2.6734E-05   4.6833E-05   2.6226E-05 / 4.6432E-05   
1450   5.000E-03   2.7449E-05   4.4699E-05   2.7082E-05 / 4.4486E-05   
1460   5.000E-03   2.3617E-05   4.2177E-05   2.3450E-05 / 4.2049E-05   
1470   5.000E-03   2.3463E-05   4.0854E-05   2.3457E-05 / 4.0851E-05   
1480   5.000E-03   2.4308E-05   4.5991E-05   2.4241E-05 / 4.5935E-05   
1490   5.000E-03   2.9805E-05   4.6319E-05   2.9683E-05 / 4.6202E-05   
1500   5.000E-03   2.1910E-05   4.0553E-05   2.1870E-05 / 4.0551E-05   
1510   5.000E-03   3.0916E-05   5.1058E-05   3.0916E-05 / 5.1058E-05   
1520   5.000E-03   2.1469E-05   4.0501E-05   2.1276E-05 / 4.0341E-05   
1530   5.000E-03   2.5699E-05   4.3736E-05   2.5686E-05 / 4.3723E-05   
1540   5.000E-03   2.8156E-05   4.8348E-05   2.8137E-05 / 4.8329E-05   
1550   5.000E-03   2.2274E-05   3.9891E-05   2.2100E-05 / 3.9810E-05   
1560   5.000E-03   2.0510E-05   3.8662E-05   2.0478E-05 / 3.8631E-05   
1570   5.000E-03   2.1410E-05   3.8830E-05   2.1410E-05 / 3.8830E-05   
1580   5.000E-03   2.2454E-05   4.0187E-05   2.2399E-05 / 4.0185E-05   
1590   5.000E-03   2.3332E-05   4.1240E-05   2.3263E-05 / 4.1186E-05   
1600   5.000E-03   2.1566E-05   4.1907E-05   2.1519E-05 / 4.1870E-05   
1610   5.000E-03   1.9727E-05   3.7540E-05   1.9727E-05 / 3.7540E-05   
1620   5.000E-03   2.0851E-05   4.1413E-05   2.0750E-05 / 4.1375E-05   
1630   5.000E-03   2.1273E-05   4.1950E-05   2.1055E-05 / 4.1797E-05   
1640   5.000E-03   1.9766E-05   3.8911E-05   1.9651E-05 / 3.8889E-05   
1650   5.000E-03   1.9834E-05   3.9307E-05   1.9344E-05 / 3.9022E-05   
1660   5.000E-03   2.0779E-05   3.7959E-05   2.0604E-05 / 3.7909E-05   
1670   5.000E-03   2.4235E-05   4.4314E-05   2.4194E-05 / 4.4291E-05   
1680   5.000E-03   2.0599E-05   3.9517E-05   1.9726E-05 / 3.8845E-05   
1690   5.000E-03   1.8169E-05   3.7779E-05   1.7796E-05 / 3.7510E-05   
1700   5.000E-03   1.8419E-05   3.6930E-05   1.8192E-05 / 3.6791E-05   
1710   5.000E-03   1.9967E-05   3.8949E-05   1.9923E-05 / 3.8948E-05   
1720   5.000E-03   1.7901E-05   3.8266E-05   1.7856E-05 / 3.8240E-05   
1730   5.000E-03   1.8604E-05   4.0086E-05   1.8538E-05 / 4.0078E-05   
1740   5.000E-03   1.9158E-05   3.7896E-05   1.9085E-05 / 3.7883E-05   
1750   5.000E-03   1.7729E-05   3.7910E-05   1.7693E-05 / 3.7889E-05   
1760   5.000E-03   1.8158E-05   4.0415E-05   1.8050E-05 / 4.0363E-05   
1770   5.000E-03   3.4038E-05   5.7471E-05   3.3802E-05 / 5.7265E-05   
1780   5.000E-03   1.8464E-05   3.8461E-05   1.8377E-05 / 3.8453E-05   
1790   5.000E-03   1.7099E-05   3.7174E-05   1.6885E-05 / 3.7109E-05   
1800   5.000E-03   1.8930E-05   4.0353E-05   1.8801E-05 / 4.0332E-05   
1810   5.000E-03   1.7360E-05   3.8159E-05   1.7348E-05 / 3.8143E-05   
1820   5.000E-03   1.6265E-05   3.6193E-05   1.6245E-05 / 3.6174E-05   
1830   5.000E-03   1.7582E-05   3.4681E-05   1.7493E-05 / 3.4656E-05   
1840   5.000E-03   1.6832E-05   3.5903E-05   1.6533E-05 / 3.5681E-05   
1850   5.000E-03   1.6936E-05   3.8428E-05   1.6668E-05 / 3.8253E-05   
1860   5.000E-03   1.6242E-05   3.6085E-05   1.5822E-05 / 3.5843E-05   
1870   5.000E-03   1.7585E-05   3.9057E-05   1.7458E-05 / 3.8948E-05   
1880   5.000E-03   1.7247E-05   3.6624E-05   1.7196E-05 / 3.6580E-05   
1890   5.000E-03   2.1971E-05   4.0560E-05   2.1540E-05 / 4.0212E-05   
1900   5.000E-03   1.6336E-05   3.6824E-05   1.6230E-05 / 3.6762E-05   
1910   5.000E-03   1.9815E-05   3.8739E-05   1.9642E-05 / 3.8706E-05   
1920   5.000E-03   1.4962E-05   3.7978E-05   1.4905E-05 / 3.7958E-05   
1930   5.000E-03   1.7156E-05   3.6360E-05   1.7068E-05 / 3.6343E-05   
1940   5.000E-03   1.6150E-05   3.5767E-05   1.6141E-05 / 3.5762E-05   
1950   5.000E-03   1.4846E-05   3.8745E-05   1.4777E-05 / 3.8740E-05   
1960   5.000E-03   1.9576E-05   3.9161E-05   1.9561E-05 / 3.9159E-05   
1970   5.000E-03   1.5563E-05   3.7016E-05   1.5384E-05 / 3.6876E-05   
1980   5.000E-03   1.6571E-05   3.6803E-05   1.6571E-05 / 3.6803E-05   
1990   5.000E-03   1.4399E-05   3.6560E-05   1.4330E-05 / 3.6536E-05   
2000   5.000E-03   1.4948E-05   3.6844E-05   1.4704E-05 / 3.6775E-05   
2010   5.000E-03   2.1644E-05   3.9877E-05   2.1401E-05 / 3.9821E-05   
2020   5.000E-03   1.7268E-05   3.7443E-05   1.6462E-05 / 3.7015E-05   
2030   5.000E-03   1.5598E-05   3.7495E-05   1.5589E-05 / 3.7495E-05   
2040   5.000E-03   1.4599E-05   3.6922E-05   1.4593E-05 / 3.6922E-05   
2050   5.000E-03   1.4064E-05   3.3763E-05   1.3935E-05 / 3.3726E-05   
2060   5.000E-03   1.9570E-05   3.9165E-05   1.9053E-05 / 3.8919E-05   
2070   5.000E-03   1.6081E-05   3.7487E-05   1.5955E-05 / 3.7466E-05   
2080   5.000E-03   1.4643E-05   3.5826E-05   1.4531E-05 / 3.5747E-05   
2090   5.000E-03   1.5565E-05   3.6280E-05   1.5562E-05 / 3.6280E-05   
2100   5.000E-03   1.6170E-05   3.7371E-05   1.6169E-05 / 3.7371E-05   
2110   5.000E-03   1.4610E-05   3.3525E-05   1.4610E-05 / 3.3525E-05   
2120   5.000E-03   1.5353E-05   4.0620E-05   1.5205E-05 / 4.0521E-05   
2130   5.000E-03   1.4918E-05   3.4908E-05   1.4917E-05 / 3.4908E-05   
2140   5.000E-03   1.4498E-05   3.7166E-05   1.4419E-05 / 3.7136E-05   
2150   5.000E-03   1.3062E-05   3.5825E-05   1.2774E-05 / 3.5737E-05   
2160   5.000E-03   1.2690E-05   3.5822E-05   1.2648E-05 / 3.5806E-05   
2170   5.000E-03   1.3641E-05   3.6008E-05   1.3515E-05 / 3.5981E-05   
2180   5.000E-03   1.3151E-05   3.4797E-05   1.3137E-05 / 3.4797E-05   
2190   5.000E-03   1.4827E-05   3.8180E-05   1.4792E-05 / 3.8161E-05   
2200   5.000E-03   1.2860E-05   3.3468E-05   1.2585E-05 / 3.3399E-05   
2210   5.000E-03   1.4147E-05   3.8476E-05   1.3349E-05 / 3.7964E-05   
2220   5.000E-03   1.2845E-05   3.2434E-05   1.2730E-05 / 3.2425E-05   
2230   5.000E-03   1.3649E-05   3.4929E-05   1.3612E-05 / 3.4929E-05   
2240   5.000E-03   1.3270E-05   3.5238E-05   1.3214E-05 / 3.5238E-05   
2250   5.000E-03   1.7278E-05   3.7755E-05   1.7065E-05 / 3.7719E-05   
2260   5.000E-03   1.2178E-05   3.4503E-05   1.1896E-05 / 3.4241E-05   
2270   5.000E-03   1.4235E-05   3.4945E-05   1.3293E-05 / 3.4240E-05   
2280   5.000E-03   1.2276E-05   3.3079E-05   1.2214E-05 / 3.3018E-05   
2290   5.000E-03   1.2068E-05   3.3151E-05   1.2068E-05 / 3.3151E-05   
2300   5.000E-03   1.2411E-05   3.2546E-05   1.2170E-05 / 3.2442E-05   
2310   5.000E-03   1.3274E-05   3.1479E-05   1.3270E-05 / 3.1474E-05   
2320   5.000E-03   1.2039E-05   3.3940E-05   1.2030E-05 / 3.3940E-05   
2330   5.000E-03   2.1914E-05   3.9593E-05   2.1760E-05 / 3.9434E-05   
2340   5.000E-03   1.4841E-05   3.6643E-05   1.3830E-05 / 3.6084E-05   
2350   5.000E-03   1.2430E-05   3.2378E-05   1.2307E-05 / 3.2274E-05   
2360   5.000E-03   1.2927E-05   3.4545E-05   1.2927E-05 / 3.4545E-05   
2370   5.000E-03   1.4844E-05   3.5536E-05   1.4844E-05 / 3.5536E-05   
2380   5.000E-03   1.1760E-05   3.4167E-05   1.1760E-05 / 3.4166E-05   
2390   5.000E-03   1.0667E-05   3.2676E-05   1.0614E-05 / 3.2641E-05   
2400   5.000E-03   1.6655E-05   3.7297E-05   1.6655E-05 / 3.7297E-05   
2410   5.000E-03   1.1404E-05   3.3109E-05   1.1152E-05 / 3.3027E-05   
2420   5.000E-03   1.2942E-05   3.3100E-05   1.2931E-05 / 3.3097E-05   
2430   5.000E-03   1.1634E-05   3.3264E-05   1.1563E-05 / 3.3237E-05   
2440   5.000E-03   1.2342E-05   3.3688E-05   1.2203E-05 / 3.3580E-05   
2450   5.000E-03   1.1212E-05   3.4663E-05   1.1201E-05 / 3.4663E-05   
2460   5.000E-03   1.3545E-05   3.5366E-05   1.3515E-05 / 3.5366E-05   
2470   5.000E-03   1.0444E-05   3.3265E-05   1.0154E-05 / 3.3116E-05   
2480   5.000E-03   1.2753E-05   3.3688E-05   1.2540E-05 / 3.3645E-05   
2490   5.000E-03   1.2637E-05   3.1898E-05   1.2527E-05 / 3.1892E-05   
2500   5.000E-03   1.0251E-05   3.1903E-05   1.0097E-05 / 3.1817E-05   
2510   5.000E-03   1.0892E-05   2.9435E-05   1.0751E-05 / 2.9418E-05   
2520   5.000E-03   1.2735E-05   3.4479E-05   1.2490E-05 / 3.4271E-05   
2530   5.000E-03   1.1304E-05   3.3895E-05   1.1238E-05 / 3.3842E-05   
2540   5.000E-03   1.1239E-05   3.2731E-05   1.1222E-05 / 3.2730E-05   
2550   5.000E-03   1.1192E-05   3.4493E-05   1.0933E-05 / 3.4396E-05   
2560   5.000E-03   1.3216E-05   3.6937E-05   1.2383E-05 / 3.6521E-05   
2570   5.000E-03   2.6187E-05   4.6438E-05   2.6097E-05 / 4.6373E-05   
2580   5.000E-03   1.1289E-05   3.2696E-05   1.1282E-05 / 3.2696E-05   
2590   5.000E-03   1.0455E-05   3.2550E-05   1.0284E-05 / 3.2438E-05   
2600   5.000E-03   1.2703E-05   3.4524E-05   1.2703E-05 / 3.4524E-05   
2610   5.000E-03   1.0311E-05   3.2408E-05   9.8331E-06 / 3.2110E-05   
2620   5.000E-03   1.0513E-05   3.3101E-05   1.0493E-05 / 3.3101E-05   
2630   5.000E-03   1.0356E-05   3.3884E-05   1.0248E-05 / 3.3877E-05   
2640   5.000E-03   9.6968E-06   3.3426E-05   9.6337E-06 / 3.3426E-05   
2650   5.000E-03   1.7182E-05   3.6726E-05   1.7171E-05 / 3.6724E-05   
2660   5.000E-03   1.1368E-05   3.3417E-05   1.1342E-05 / 3.3416E-05   
2670   5.000E-03   9.5063E-06   3.2884E-05   9.4273E-06 / 3.2874E-05   
2680   5.000E-03   1.2495E-05   3.6426E-05   1.0687E-05 / 3.4937E-05   
2690   5.000E-03   1.2389E-05   3.3641E-05   1.2356E-05 / 3.3630E-05   
2700   5.000E-03   1.2818E-05   3.2380E-05   1.2818E-05 / 3.2380E-05   
2710   5.000E-03   1.3033E-05   3.5975E-05   1.2956E-05 / 3.5941E-05   
2720   5.000E-03   9.8217E-06   3.2444E-05   9.5718E-06 / 3.2329E-05   
2730   5.000E-03   1.0354E-05   3.1964E-05   1.0354E-05 / 3.1964E-05   
2740   5.000E-03   1.0940E-05   3.5725E-05   1.0898E-05 / 3.5725E-05   
2750   5.000E-03   1.0245E-05   3.2395E-05   9.8139E-06 / 3.2235E-05   
2760   5.000E-03   1.4595E-05   3.7507E-05   1.4541E-05 / 3.7502E-05   
2770   5.000E-03   1.2632E-05   3.2624E-05   1.2625E-05 / 3.2624E-05   
2780   5.000E-03   9.3570E-06   3.0991E-05   9.0679E-06 / 3.0889E-05   
2790   5.000E-03   9.3418E-06   3.2032E-05   9.1083E-06 / 3.1972E-05   
2800   5.000E-03   1.2390E-05   3.3684E-05   1.2325E-05 / 3.3660E-05   
2810   5.000E-03   1.5242E-05   3.6896E-05   1.5242E-05 / 3.6896E-05   
2820   5.000E-03   9.2694E-06   3.3445E-05   9.0843E-06 / 3.3417E-05   
2830   5.000E-03   1.0247E-05   3.2633E-05   9.4960E-06 / 3.2182E-05   
2840   5.000E-03   1.0564E-05   3.3865E-05   9.8769E-06 / 3.3427E-05   
2850   5.000E-03   1.0794E-05   3.1832E-05   1.0770E-05 / 3.1831E-05   
2860   5.000E-03   1.1649E-05   3.5238E-05   1.1648E-05 / 3.5238E-05   
2870   5.000E-03   1.0049E-05   3.3915E-05   9.7488E-06 / 3.3818E-05   
2880   5.000E-03   9.2016E-06   3.1667E-05   9.1259E-06 / 3.1656E-05   
2890   5.000E-03   9.7488E-06   3.1658E-05   9.7225E-06 / 3.1658E-05   
2900   5.000E-03   8.9240E-06   2.9934E-05   8.8034E-06 / 2.9908E-05   
2910   5.000E-03   9.1820E-06   3.1575E-05   9.1381E-06 / 3.1564E-05   
2920   5.000E-03   9.3518E-06   3.3865E-05   9.1103E-06 / 3.3794E-05   
2930   5.000E-03   1.1857E-05   3.5145E-05   1.1857E-05 / 3.5145E-05   
2940   5.000E-03   1.2406E-05   3.5341E-05   1.1482E-05 / 3.4843E-05   
2950   5.000E-03   8.5464E-06   3.0749E-05   8.4668E-06 / 3.0741E-05   
2960   5.000E-03   1.1589E-05   3.1412E-05   1.1576E-05 / 3.1412E-05   
2970   5.000E-03   1.0764E-05   3.2585E-05   1.0187E-05 / 3.2335E-05   
2980   5.000E-03   8.9918E-06   3.1688E-05   8.7510E-06 / 3.1555E-05   
2990   5.000E-03   8.8963E-06   3.1655E-05   8.7191E-06 / 3.1579E-05   
3000   5.000E-03   1.4124E-05   3.4532E-05   1.4122E-05 / 3.4532E-05   
3010   5.000E-03   1.0990E-05   3.3201E-05   1.0984E-05 / 3.3201E-05   
3020   5.000E-03   1.0301E-05   3.0965E-05   1.0299E-05 / 3.0965E-05   
3030   5.000E-03   1.0652E-05   3.3709E-05   1.0594E-05 / 3.3708E-05   
3040   5.000E-03   1.0175E-05   3.1715E-05   9.6878E-06 / 3.1523E-05   
3050   5.000E-03   9.5056E-06   3.3739E-05   9.4705E-06 / 3.3739E-05   
3060   5.000E-03   8.7093E-06   2.9751E-05   8.3378E-06 / 2.9586E-05   
3070   5.000E-03   9.1251E-06   3.1811E-05   9.0994E-06 / 3.1811E-05   
3080   5.000E-03   8.3958E-06   3.0921E-05   8.1582E-06 / 3.0861E-05   
3090   5.000E-03   1.0331E-05   2.8682E-05   1.0040E-05 / 2.8493E-05   
3100   5.000E-03   1.2301E-05   3.4493E-05   1.2301E-05 / 3.4493E-05   
3110   5.000E-03   1.3705E-05   3.5631E-05   1.3705E-05 / 3.5631E-05   
3120   5.000E-03   1.3292E-05   3.4610E-05   1.2912E-05 / 3.4443E-05   
3130   5.000E-03   8.6404E-06   2.9560E-05   8.6242E-06 / 2.9560E-05   
3140   5.000E-03   8.1941E-06   3.1018E-05   8.1603E-06 / 3.1015E-05   
3150   5.000E-03   8.6968E-06   3.1165E-05   8.6067E-06 / 3.1113E-05   
3160   5.000E-03   9.9834E-06   3.2826E-05   9.8530E-06 / 3.2810E-05   
3170   5.000E-03   8.4728E-06   3.1716E-05   8.4603E-06 / 3.1713E-05   
3180   5.000E-03   9.7123E-06   3.1219E-05   9.6541E-06 / 3.1216E-05   
3190   5.000E-03   1.1286E-05   3.1351E-05   1.0606E-05 / 3.1015E-05   
3200   5.000E-03   8.8132E-06   3.0372E-05   8.7861E-06 / 3.0369E-05   
3210   5.000E-03   1.0438E-05   3.1764E-05   9.9647E-06 / 3.1378E-05   
3220   5.000E-03   8.9440E-06   2.9684E-05   8.9278E-06 / 2.9680E-05   
3230   5.000E-03   9.7102E-06   2.9755E-05   9.6240E-06 / 2.9732E-05   
3240   5.000E-03   8.6787E-06   3.1594E-05   8.1703E-06 / 3.1353E-05   
3250   5.000E-03   8.4461E-06   3.0564E-05   8.1481E-06 / 3.0465E-05   
3260   5.000E-03   1.2675E-05   3.6381E-05   1.2100E-05 / 3.6042E-05   
3270   5.000E-03   1.1400E-05   3.3195E-05   1.0497E-05 / 3.2529E-05   
3280   5.000E-03   9.1123E-06   3.0328E-05   8.9308E-06 / 3.0287E-05   
3290   5.000E-03   9.5772E-06   2.9355E-05   9.3173E-06 / 2.9227E-05   
3300   5.000E-03   8.5537E-06   3.0836E-05   8.5363E-06 / 3.0828E-05   
3310   5.000E-03   9.0891E-06   3.1368E-05   9.0891E-06 / 3.1368E-05   
3320   5.000E-03   1.0163E-05   3.1741E-05   1.0149E-05 / 3.1735E-05   
3330   5.000E-03   9.2822E-06   3.2763E-05   9.1857E-06 / 3.2693E-05   
3340   5.000E-03   8.8567E-06   3.3143E-05   8.8162E-06 / 3.3118E-05   
3350   5.000E-03   1.5295E-05   3.4371E-05   1.5216E-05 / 3.4310E-05   
3360   5.000E-03   9.5446E-06   3.1538E-05   9.5204E-06 / 3.1530E-05   
3370   5.000E-03   9.0012E-06   2.8657E-05   8.8615E-06 / 2.8632E-05   
3380   5.000E-03   9.4261E-06   3.2091E-05   9.2287E-06 / 3.1942E-05   
3390   5.000E-03   8.7135E-06   3.0049E-05   8.6536E-06 / 3.0005E-05   
3400   5.000E-03   8.1493E-06   3.1057E-05   8.0580E-06 / 3.1009E-05   
3410   5.000E-03   1.2859E-05   3.3912E-05   1.2795E-05 / 3.3908E-05   
3420   5.000E-03   1.1050E-05   2.9624E-05   1.1029E-05 / 2.9610E-05   
3430   5.000E-03   8.9258E-06   3.2837E-05   8.7560E-06 / 3.2755E-05   
3440   5.000E-03   9.5848E-06   3.1897E-05   9.2863E-06 / 3.1682E-05   
3450   5.000E-03   8.0554E-06   2.6656E-05   7.9442E-06 / 2.6577E-05   
3460   5.000E-03   7.7141E-06   2.9408E-05   7.5066E-06 / 2.9274E-05   
3470   5.000E-03   7.7312E-06   2.8863E-05   7.6131E-06 / 2.8843E-05   
3480   5.000E-03   1.0699E-05   3.0624E-05   1.0216E-05 / 3.0378E-05   
3490   5.000E-03   8.0066E-06   2.7755E-05   7.8392E-06 / 2.7647E-05   
3500   5.000E-03   8.9532E-06   3.0828E-05   8.8646E-06 / 3.0795E-05   
3510   5.000E-03   8.2614E-06   3.0660E-05   8.0095E-06 / 3.0552E-05   
3520   5.000E-03   8.8191E-06   3.1754E-05   8.7354E-06 / 3.1746E-05   
3530   5.000E-03   8.2660E-06   2.8723E-05   8.2375E-06 / 2.8723E-05   
3540   5.000E-03   9.6276E-06   3.1413E-05   9.5950E-06 / 3.1393E-05   
3550   5.000E-03   7.3582E-06   2.7254E-05   7.2194E-06 / 2.7223E-05   
3560   5.000E-03   7.6453E-06   2.6563E-05   7.5514E-06 / 2.6540E-05   
3570   5.000E-03   6.8543E-06   2.8085E-05   6.7260E-06 / 2.8048E-05   
3580   5.000E-03   8.7113E-06   3.0432E-05   8.6068E-06 / 3.0411E-05   
3590   5.000E-03   8.8584E-06   2.8773E-05   8.4612E-06 / 2.8602E-05   
3600   5.000E-03   7.4786E-06   2.7373E-05   7.4106E-06 / 2.7367E-05   
3610   5.000E-03   8.4489E-06   2.7322E-05   8.4078E-06 / 2.7316E-05   
3620   5.000E-03   7.0215E-06   2.5447E-05   6.9681E-06 / 2.5434E-05   
3630   5.000E-03   7.4383E-06   2.7580E-05   7.0571E-06 / 2.7401E-05   
3640   5.000E-03   8.5170E-06   2.6101E-05   8.3422E-06 / 2.6053E-05   
3650   5.000E-03   8.4883E-06   2.6550E-05   8.3397E-06 / 2.6511E-05   
3660   5.000E-03   1.3285E-05   3.1038E-05   1.2309E-05 / 3.0463E-05   
3670   5.000E-03   1.7078E-05   3.6722E-05   1.6014E-05 / 3.6015E-05   
3680   5.000E-03   6.8384E-06   2.5897E-05   6.6015E-06 / 2.5786E-05   
3690   5.000E-03   8.3170E-06   2.8995E-05   7.3671E-06 / 2.8366E-05   
3700   5.000E-03   7.5835E-06   2.6833E-05   7.5644E-06 / 2.6828E-05   
3710   5.000E-03   8.5914E-06   2.7915E-05   8.5914E-06 / 2.7915E-05   
3720   5.000E-03   1.0819E-05   3.1248E-05   1.0548E-05 / 3.1142E-05   
3730   5.000E-03   1.9051E-05   3.7400E-05   1.8900E-05 / 3.7368E-05   
3740   5.000E-03   9.0417E-06   2.8883E-05   8.7815E-06 / 2.8794E-05   
3750   5.000E-03   1.1915E-05   3.3273E-05   1.1752E-05 / 3.3222E-05   
3760   5.000E-03   6.5053E-06   2.4567E-05   6.2863E-06 / 2.4444E-05   
3770   5.000E-03   7.0905E-06   2.6641E-05   6.9434E-06 / 2.6553E-05   
3780   5.000E-03   1.5746E-05   3.7025E-05   1.5701E-05 / 3.7000E-05   
3790   5.000E-03   7.1724E-06   2.4624E-05   6.9154E-06 / 2.4531E-05   
3800   5.000E-03   7.2509E-06   2.6721E-05   7.2239E-06 / 2.6708E-05   
3810   5.000E-03   6.9341E-06   2.4950E-05   6.8742E-06 / 2.4946E-05   
3820   5.000E-03   6.9433E-06   2.5260E-05   6.8028E-06 / 2.5179E-05   
3830   5.000E-03   7.6607E-06   2.5492E-05   7.6003E-06 / 2.5484E-05   
3840   5.000E-03   7.1910E-06   2.5140E-05   7.1843E-06 / 2.5140E-05   
3850   5.000E-03   7.2276E-06   2.5029E-05   7.1756E-06 / 2.5025E-05   
3860   5.000E-03   8.7758E-06   2.5350E-05   8.2044E-06 / 2.4928E-05   
3870   5.000E-03   9.0509E-06   2.7034E-05   8.3692E-06 / 2.6608E-05   
3880   5.000E-03   9.2966E-06   2.7673E-05   9.1408E-06 / 2.7587E-05   
3890   5.000E-03   7.7131E-06   2.7387E-05   7.5629E-06 / 2.7306E-05   
3900   5.000E-03   7.1006E-06   2.7090E-05   6.8160E-06 / 2.6954E-05   
3910   5.000E-03   7.8244E-06   2.4581E-05   7.7979E-06 / 2.4572E-05   
3920   5.000E-03   6.3851E-06   2.3938E-05   6.3526E-06 / 2.3933E-05   
3930   5.000E-03   1.1064E-05   3.1835E-05   1.0618E-05 / 3.1618E-05   
3940   5.000E-03   7.0701E-06   2.4225E-05   6.8890E-06 / 2.4158E-05   
3950   5.000E-03   8.0725E-06   2.4688E-05   7.9564E-06 / 2.4666E-05   
3960   5.000E-03   6.4852E-06   2.4545E-05   6.3472E-06 / 2.4485E-05   
3970   5.000E-03   6.7487E-06   2.4530E-05   6.3826E-06 / 2.4378E-05   
3980   5.000E-03   7.1340E-06   2.5843E-05   7.1132E-06 / 2.5843E-05   
3990   5.000E-03   6.8408E-06   2.5283E-05   6.7780E-06 / 2.5272E-05   
4000   5.000E-03   6.7249E-06   2.4527E-05   6.6979E-06 / 2.4526E-05   
4010   5.000E-03   7.0716E-06   2.3528E-05   6.8890E-06 / 2.3426E-05   
4020   5.000E-03   6.2885E-06   2.4007E-05   6.1218E-06 / 2.3929E-05   
4030   5.000E-03   6.9660E-06   2.4617E-05   6.5828E-06 / 2.4377E-05   
4040   5.000E-03   9.5257E-06   2.7869E-05   9.4797E-06 / 2.7852E-05   
4050   5.000E-03   6.6033E-06   2.6097E-05   6.3972E-06 / 2.6033E-05   
4060   5.000E-03   6.6201E-06   2.3603E-05   6.5533E-06 / 2.3599E-05   
4070   5.000E-03   6.8154E-06   2.4200E-05   6.7921E-06 / 2.4195E-05   
4080   5.000E-03   6.7859E-06   2.5859E-05   6.7684E-06 / 2.5859E-05   
4090   5.000E-03   6.6069E-06   2.4976E-05   6.5786E-06 / 2.4969E-05   
4100   5.000E-03   8.8277E-06   2.8412E-05   8.7473E-06 / 2.8399E-05   
4110   5.000E-03   6.6692E-06   2.4432E-05   6.5947E-06 / 2.4426E-05   
4120   5.000E-03   8.8184E-06   2.6612E-05   8.8057E-06 / 2.6612E-05   
4130   5.000E-03   8.2719E-06   2.2692E-05   8.1572E-06 / 2.2674E-05   
4140   5.000E-03   6.7239E-06   2.4901E-05   6.6499E-06 / 2.4885E-05   
4150   5.000E-03   7.2156E-06   2.5319E-05   6.9871E-06 / 2.5250E-05   
4160   5.000E-03   1.1708E-05   2.9941E-05   1.1656E-05 / 2.9924E-05   
4170   5.000E-03   6.9417E-06   2.5314E-05   6.8073E-06 / 2.5267E-05   
4180   5.000E-03   6.3727E-06   2.4274E-05   6.2465E-06 / 2.4247E-05   
4190   5.000E-03   1.1204E-05   3.0090E-05   1.0972E-05 / 2.9991E-05   
4200   5.000E-03   7.6759E-06   2.5721E-05   7.5144E-06 / 2.5687E-05   
4210   5.000E-03   6.1687E-06   2.3832E-05   6.0742E-06 / 2.3810E-05   
4220   5.000E-03   6.0593E-06   2.5329E-05   5.9257E-06 / 2.5290E-05   
4230   5.000E-03   8.6694E-06   2.6226E-05   8.3163E-06 / 2.6061E-05   
4240   5.000E-03   7.3112E-06   2.4190E-05   7.2458E-06 / 2.4175E-05   
4250   5.000E-03   6.7341E-06   2.5664E-05   6.3978E-06 / 2.5527E-05   
4260   5.000E-03   7.4444E-06   2.4085E-05   7.3224E-06 / 2.4066E-05   
4270   5.000E-03   6.9163E-06   2.3912E-05   6.9061E-06 / 2.3912E-05   
4280   5.000E-03   8.7494E-06   2.6563E-05   8.5624E-06 / 2.6481E-05   
4290   5.000E-03   7.4003E-06   2.5005E-05   6.4180E-06 / 2.4310E-05   
4300   5.000E-03   6.7494E-06   2.4167E-05   6.7437E-06 / 2.4167E-05   
4310   5.000E-03   9.3754E-06   2.7263E-05   9.3631E-06 / 2.7263E-05   
4320   5.000E-03   5.7879E-06   2.2790E-05   5.7460E-06 / 2.2790E-05   
4330   5.000E-03   8.8035E-06   2.6051E-05   8.7069E-06 / 2.6013E-05   
4340   5.000E-03   7.8307E-06   2.4148E-05   7.7998E-06 / 2.4145E-05   
4350   5.000E-03   9.6240E-06   2.7687E-05   9.5590E-06 / 2.7672E-05   
4360   5.000E-03   7.7138E-06   2.5106E-05   7.7101E-06 / 2.5106E-05   
4370   5.000E-03   8.3280E-06   2.4561E-05   7.2059E-06 / 2.3748E-05   
4380   5.000E-03   6.8049E-06   2.3946E-05   6.7580E-06 / 2.3945E-05   
4390   5.000E-03   8.8845E-06   2.4401E-05   8.8414E-06 / 2.4398E-05   
4400   5.000E-03   6.5911E-06   2.5078E-05   6.5822E-06 / 2.5078E-05   
4410   5.000E-03   6.4191E-06   2.1329E-05   6.3449E-06 / 2.1316E-05   
4420   5.000E-03   6.5967E-06   2.2608E-05   6.4828E-06 / 2.2598E-05   
4430   5.000E-03   5.6534E-06   2.3219E-05   5.3742E-06 / 2.3099E-05   
4440   5.000E-03   6.6628E-06   2.2061E-05   6.6243E-06 / 2.2061E-05   
4450   5.000E-03   1.0951E-05   2.8522E-05   1.0772E-05 / 2.8463E-05   
4460   5.000E-03   8.7699E-06   2.7364E-05   8.7696E-06 / 2.7364E-05   
4470   5.000E-03   6.8485E-06   2.3306E-05   6.8455E-06 / 2.3306E-05   
4480   5.000E-03   7.4508E-06   2.4584E-05   7.4508E-06 / 2.4584E-05   
4490   5.000E-03   6.6284E-06   2.3566E-05   6.6005E-06 / 2.3566E-05   
4500   5.000E-03   7.6149E-06   2.5018E-05   7.4648E-06 / 2.4993E-05   
4510   5.000E-03   8.9209E-06   2.5020E-05   8.8815E-06 / 2.5019E-05   
4520   5.000E-03   6.3611E-06   2.4980E-05   6.2922E-06 / 2.4972E-05   
4530   5.000E-03   7.3115E-06   2.6787E-05   7.1819E-06 / 2.6751E-05   
4540   5.000E-03   7.2377E-06   2.2866E-05   6.9434E-06 / 2.2701E-05   
4550   5.000E-03   6.8296E-06   2.4270E-05   6.7484E-06 / 2.4247E-05   
4560   5.000E-03   6.9695E-06   2.6421E-05   6.4135E-06 / 2.6124E-05   
4570   5.000E-03   1.3209E-05   3.1684E-05   1.3184E-05 / 3.1683E-05   
4580   5.000E-03   9.1525E-06   2.3830E-05   8.7786E-06 / 2.3658E-05   
4590   5.000E-03   5.9069E-06   2.3172E-05   5.6079E-06 / 2.3057E-05   
4600   5.000E-03   8.7415E-06   2.4900E-05   8.2913E-06 / 2.4691E-05   
4610   5.000E-03   6.5326E-06   2.0824E-05   6.5078E-06 / 2.0824E-05   
4620   5.000E-03   5.6534E-06   2.1413E-05   5.5399E-06 / 2.1387E-05   
4630   5.000E-03   7.7694E-06   2.2659E-05   7.6782E-06 / 2.2631E-05   
4640   5.000E-03   7.2749E-06   2.4780E-05   7.2245E-06 / 2.4775E-05   
4650   5.000E-03   7.2586E-06   2.3418E-05   6.8936E-06 / 2.3202E-05   
4660   5.000E-03   6.2493E-06   2.4713E-05   6.1795E-06 / 2.4711E-05   
4670   5.000E-03   5.5459E-06   2.1919E-05   5.4590E-06 / 2.1917E-05   
4680   5.000E-03   7.0048E-06   2.4499E-05   6.7821E-06 / 2.4407E-05   
4690   5.000E-03   6.3970E-06   2.3856E-05   6.3253E-06 / 2.3838E-05   
4700   5.000E-03   5.9077E-06   2.3624E-05   5.7447E-06 / 2.3586E-05   
4710   5.000E-03   5.8498E-06   2.4232E-05   5.6103E-06 / 2.4132E-05   
4720   5.000E-03   5.9201E-06   2.2280E-05   5.6212E-06 / 2.2144E-05   
4730   5.000E-03   8.2382E-06   2.6229E-05   7.9445E-06 / 2.6056E-05   
4740   5.000E-03   7.1729E-06   2.3371E-05   7.1629E-06 / 2.3371E-05   
4750   5.000E-03   2.9076E-05   4.3656E-05   2.9076E-05 / 4.3656E-05   
4760   5.000E-03   5.6609E-06   2.2754E-05   5.6458E-06 / 2.2754E-05   
4770   5.000E-03   7.4057E-06   2.6142E-05   7.3990E-06 / 2.6142E-05   
4780   5.000E-03   9.4176E-06   2.5466E-05   9.4176E-06 / 2.5466E-05   
4790   5.000E-03   6.3265E-06   2.3119E-05   6.2287E-06 / 2.3095E-05   
4800   5.000E-03   7.1409E-06   2.5715E-05   6.9619E-06 / 2.5677E-05   
4810   5.000E-03   5.3807E-06   2.2728E-05   5.2745E-06 / 2.2717E-05   
4820   5.000E-03   5.4156E-06   2.2028E-05   5.3261E-06 / 2.2014E-05   
4830   5.000E-03   7.9299E-06   2.3360E-05   7.4780E-06 / 2.3136E-05   
4840   5.000E-03   6.0336E-06   2.3988E-05   5.8923E-06 / 2.3958E-05   
4850   5.000E-03   8.0310E-06   2.5306E-05   7.9812E-06 / 2.5292E-05   
4860   5.000E-03   5.0499E-06   2.1547E-05   4.9250E-06 / 2.1529E-05   
4870   5.000E-03   5.4828E-06   2.2583E-05   5.3865E-06 / 2.2574E-05   
4880   5.000E-03   7.1276E-06   2.2515E-05   6.3488E-06 / 2.2038E-05   
4890   5.000E-03   8.2562E-06   2.4402E-05   8.1479E-06 / 2.4362E-05   
4900   5.000E-03   6.5191E-06   2.2050E-05   6.2267E-06 / 2.1866E-05   
4910   5.000E-03   6.9078E-06   2.3959E-05   6.7199E-06 / 2.3911E-05   
4920   5.000E-03   1.7557E-05   3.4821E-05   1.7501E-05 / 3.4811E-05   
4930   5.000E-03   5.3172E-06   2.1985E-05   5.3042E-06 / 2.1985E-05   
4940   5.000E-03   5.7542E-06   2.2449E-05   5.6679E-06 / 2.2435E-05   
4950   5.000E-03   5.7612E-06   2.2738E-05   5.5413E-06 / 2.2658E-05   
4960   5.000E-03   5.2712E-06   2.2535E-05   5.1100E-06 / 2.2489E-05   
4970   5.000E-03   6.0251E-06   2.2822E-05   5.9234E-06 / 2.2769E-05   
4980   5.000E-03   1.0408E-05   2.9338E-05   9.7345E-06 / 2.8922E-05   
4990   5.000E-03   4.9651E-06   2.1389E-05   4.9292E-06 / 2.1387E-05   
5000   5.000E-03   5.5298E-06   2.1769E-05   5.5139E-06 / 2.1768E-05   
5010   5.000E-03   5.8036E-06   2.3147E-05   5.7814E-06 / 2.3147E-05   
5020   5.000E-03   6.2704E-06   2.2172E-05   6.2391E-06 / 2.2172E-05   
5030   5.000E-03   6.5105E-06   2.4079E-05   6.4250E-06 / 2.4067E-05   
5040   5.000E-03   1.2570E-05   2.8706E-05   1.1556E-05 / 2.7929E-05   
5050   5.000E-03   6.0362E-06   1.9993E-05   5.4400E-06 / 1.9625E-05   
5060   5.000E-03   5.8037E-06   2.2320E-05   5.5830E-06 / 2.2248E-05   
5070   5.000E-03   4.9155E-06   2.1262E-05   4.8412E-06 / 2.1248E-05   
5080   5.000E-03   6.0325E-06   2.3118E-05   5.9655E-06 / 2.3087E-05   
5090   5.000E-03   5.6350E-06   2.2989E-05   5.4151E-06 / 2.2893E-05   
5100   5.000E-03   7.0762E-06   2.2233E-05   7.0237E-06 / 2.2215E-05   
5110   5.000E-03   5.9449E-06   2.2712E-05   5.9332E-06 / 2.2712E-05   
5120   5.000E-03   5.5958E-06   2.1130E-05   5.4553E-06 / 2.1098E-05   
5130   5.000E-03   5.4098E-06   2.3596E-05   5.3714E-06 / 2.3595E-05   
5140   5.000E-03   8.9503E-06   2.2923E-05   8.9282E-06 / 2.2922E-05   
5150   5.000E-03   4.8505E-06   2.1810E-05   4.7903E-06 / 2.1802E-05   
5160   5.000E-03   7.4389E-06   2.3284E-05   7.3476E-06 / 2.3255E-05   
5170   5.000E-03   5.2454E-06   2.1303E-05   5.2165E-06 / 2.1302E-05   
5180   5.000E-03   5.3866E-06   2.1862E-05   5.1489E-06 / 2.1704E-05   
5190   5.000E-03   9.2005E-06   2.6448E-05   9.1945E-06 / 2.6448E-05   
5200   5.000E-03   5.9926E-06   2.0092E-05   5.9015E-06 / 2.0042E-05   
5210   5.000E-03   5.8052E-06   2.2085E-05   5.8023E-06 / 2.2085E-05   
5220   5.000E-03   7.2945E-06   2.2910E-05   7.0967E-06 / 2.2834E-05   
5230   5.000E-03   6.0010E-06   2.2197E-05   5.9180E-06 / 2.2154E-05   
5240   5.000E-03   4.9512E-06   2.1704E-05   4.8601E-06 / 2.1677E-05   
5250   5.000E-03   6.9232E-06   2.1380E-05   6.5962E-06 / 2.1236E-05   
5260   5.000E-03   7.8188E-06   2.5640E-05   7.8133E-06 / 2.5640E-05   
5270   5.000E-03   6.6539E-06   2.2307E-05   6.6465E-06 / 2.2307E-05   
5280   5.000E-03   5.1414E-06   2.0343E-05   5.0275E-06 / 2.0314E-05   
5290   5.000E-03   5.1840E-06   2.0700E-05   5.1189E-06 / 2.0669E-05   
5300   5.000E-03   8.1330E-06   2.3804E-05   7.9278E-06 / 2.3705E-05   
5310   5.000E-03   7.2222E-06   2.2816E-05   7.2102E-06 / 2.2815E-05   
5320   5.000E-03   8.4962E-06   2.2063E-05   8.4609E-06 / 2.2053E-05   
5330   5.000E-03   6.2777E-06   2.2747E-05   6.1069E-06 / 2.2692E-05   
5340   5.000E-03   4.9092E-06   2.1727E-05   4.7535E-06 / 2.1656E-05   
5350   5.000E-03   6.0309E-06   2.1210E-05   6.0309E-06 / 2.1210E-05   
5360   5.000E-03   7.9388E-06   2.2460E-05   7.8958E-06 / 2.2458E-05   
5370   5.000E-03   5.3065E-06   2.0580E-05   5.3018E-06 / 2.0580E-05   
5380   5.000E-03   5.6945E-06   2.1286E-05   5.6779E-06 / 2.1286E-05   
5390   5.000E-03   4.6799E-06   2.0838E-05   4.5494E-06 / 2.0772E-05   
5400   5.000E-03   6.2060E-06   2.2321E-05   5.8372E-06 / 2.2057E-05   
5410   5.000E-03   5.6904E-06   2.2338E-05   5.5337E-06 / 2.2241E-05   
5420   5.000E-03   7.9944E-06   2.3814E-05   7.8890E-06 / 2.3753E-05   
5430   5.000E-03   5.4014E-06   2.1584E-05   5.2930E-06 / 2.1522E-05   
5440   5.000E-03   6.4572E-06   2.1680E-05   6.3429E-06 / 2.1624E-05   
5450   5.000E-03   1.1639E-05   2.5788E-05   1.1605E-05 / 2.5773E-05   
5460   5.000E-03   5.1150E-06   2.1588E-05   4.8277E-06 / 2.1467E-05   
5470   5.000E-03   4.3771E-06   2.0785E-05   4.3070E-06 / 2.0760E-05   
5480   5.000E-03   7.2764E-06   2.2714E-05   7.2764E-06 / 2.2714E-05   
5490   5.000E-03   7.2464E-06   2.1071E-05   6.9841E-06 / 2.0952E-05   
5500   5.000E-03   4.6100E-06   2.0969E-05   4.5914E-06 / 2.0965E-05   
5510   5.000E-03   1.1502E-05   2.5643E-05   1.1414E-05 / 2.5592E-05   
5520   5.000E-03   5.4949E-06   2.2293E-05   5.3552E-06 / 2.2248E-05   
5530   5.000E-03   6.6875E-06   2.3358E-05   6.5460E-06 / 2.3308E-05   
5540   5.000E-03   6.7068E-06   2.3924E-05   6.6464E-06 / 2.3915E-05   
5550   5.000E-03   5.4733E-06   2.0907E-05   5.2911E-06 / 2.0793E-05   
5560   5.000E-03   5.9353E-06   2.1323E-05   5.3154E-06 / 2.0926E-05   
5570   5.000E-03   4.6358E-06   2.0362E-05   4.3134E-06 / 2.0172E-05   
5580   5.000E-03   4.8677E-06   2.1154E-05   4.7201E-06 / 2.1082E-05   
5590   5.000E-03   5.6481E-06   2.0930E-05   5.5687E-06 / 2.0898E-05   
5600   5.000E-03   4.9935E-06   2.0688E-05   4.9682E-06 / 2.0680E-05   
5610   5.000E-03   5.3270E-06   2.1495E-05   5.3068E-06 / 2.1488E-05   
5620   5.000E-03   5.5035E-06   2.1512E-05   5.4574E-06 / 2.1491E-05   
5630   5.000E-03   6.9344E-06   2.1655E-05   6.8388E-06 / 2.1602E-05   
5640   5.000E-03   6.7466E-06   2.4493E-05   6.7323E-06 / 2.4490E-05   
5650   5.000E-03   6.1680E-06   2.2282E-05   6.1677E-06 / 2.2282E-05   
5660   5.000E-03   4.5086E-06   2.0192E-05   4.4307E-06 / 2.0156E-05   
5670   5.000E-03   6.0509E-06   2.0995E-05   5.7765E-06 / 2.0811E-05   
5680   5.000E-03   7.8061E-06   2.4689E-05   7.1923E-06 / 2.4278E-05   
5690   5.000E-03   4.8627E-06   2.1858E-05   4.8431E-06 / 2.1858E-05   
5700   5.000E-03   5.5892E-06   2.0965E-05   5.5038E-06 / 2.0947E-05   
5710   5.000E-03   6.5511E-06   2.0950E-05   5.9410E-06 / 2.0618E-05   
5720   5.000E-03   6.8562E-06   2.2703E-05   6.8510E-06 / 2.2703E-05   
5730   5.000E-03   8.2373E-06   2.4103E-05   8.0024E-06 / 2.3970E-05   
5740   5.000E-03   5.1678E-06   1.9997E-05   5.0669E-06 / 1.9970E-05   
5750   5.000E-03   5.5650E-06   2.1637E-05   5.5145E-06 / 2.1633E-05   
5760   5.000E-03   6.0449E-06   1.9478E-05   6.0226E-06 / 1.9471E-05   
5770   5.000E-03   4.6133E-06   2.1264E-05   4.4755E-06 / 2.1221E-05   
5780   5.000E-03   5.6300E-06   2.1362E-05   5.6185E-06 / 2.1360E-05   
5790   5.000E-03   4.7509E-06   2.0420E-05   4.4670E-06 / 2.0273E-05   
5800   5.000E-03   5.6135E-06   2.1862E-05   5.0474E-06 / 2.1503E-05   
5810   5.000E-03   4.7532E-06   2.0172E-05   4.6774E-06 / 2.0157E-05   
5820   5.000E-03   6.4753E-06   2.1000E-05   6.4720E-06 / 2.1000E-05   
5830   5.000E-03   4.7676E-06   2.0839E-05   4.7010E-06 / 2.0808E-05   
5840   5.000E-03   5.5479E-06   2.1553E-05   5.1925E-06 / 2.1378E-05   
5850   5.000E-03   6.2906E-06   2.0789E-05   5.0553E-06 / 1.9978E-05   
5860   5.000E-03   5.4574E-06   1.9885E-05   5.1081E-06 / 1.9681E-05   
5870   5.000E-03   4.5715E-06   2.0332E-05   4.4037E-06 / 2.0249E-05   
5880   5.000E-03   5.4022E-06   2.0772E-05   5.1398E-06 / 2.0642E-05   
5890   5.000E-03   5.0638E-06   2.0966E-05   4.8779E-06 / 2.0899E-05   
5900   5.000E-03   4.9141E-06   2.0445E-05   4.6842E-06 / 2.0333E-05   
5910   5.000E-03   4.5274E-06   1.8424E-05   4.4617E-06 / 1.8408E-05   
5920   5.000E-03   8.8231E-06   2.6267E-05   8.7880E-06 / 2.6258E-05   
5930   5.000E-03   4.9575E-06   2.1231E-05   4.9336E-06 / 2.1231E-05   
5940   5.000E-03   4.6850E-06   2.1044E-05   4.6404E-06 / 2.1024E-05   
5950   5.000E-03   7.5454E-06   2.2883E-05   7.4253E-06 / 2.2815E-05   
5960   5.000E-03   4.6845E-06   2.1201E-05   4.5960E-06 / 2.1156E-05   
5970   5.000E-03   1.1731E-05   2.7232E-05   1.1650E-05 / 2.7216E-05   
5980   5.000E-03   6.5144E-06   2.2209E-05   6.2932E-06 / 2.2077E-05   
5990   5.000E-03   5.1981E-06   2.0246E-05   5.1484E-06 / 2.0224E-05   
6000   5.000E-03   4.5607E-06   1.8990E-05   4.3160E-06 / 1.8847E-05   
===============================================================================================================
Saved model to /home/nikki/kan/kanTBNN/models/multi_run/kan_experiment_9/kanTBNN-24Nov03_19:34:14.pickle
