========== Dataset info ==========
Dataset params: {'file': '/home/nikki/kan/data/turbulence_dataset_clean.csv', 'Cases': ['fp_1000', 'fp_1410', 'fp_2000', 'fp_2540', 'fp_3030', 'fp_3270', 'fp_3630', 'fp_3970', 'fp_4060'], 'val_set': ['fp_3030', 'fp_1410', 'fp_4060'], 'test_set': ['fp_3630'], 'data_loader': <class 'tbnn.dataloaders.aDataset'>}
Train/Valid/Test points: 760 / 468 / 168
Memorization?: False
Cluster training?: False
EPOCH     LR        TRAIN         VALID             MSE:T/V                  RL:T/V             %NR_t/%NR_v
===============================================================================================================
  1   1.171E-03   2.0072E-01   1.9833E-01   1.9080E-01 / 1.8816E-01   
 10   1.171E-03   3.1914E-02   3.0465E-02   3.1540E-02 / 3.0142E-02   
 20   1.171E-03   8.5196E-03   8.0642E-03   8.4845E-03 / 8.0589E-03   
 30   1.171E-03   4.5935E-03   4.3083E-03   4.5887E-03 / 4.3043E-03   
 40   1.171E-03   3.5260E-03   3.2897E-03   3.5147E-03 / 3.2779E-03   
 50   1.171E-03   2.9436E-03   2.7699E-03   2.9338E-03 / 2.7600E-03   
 60   1.171E-03   2.5426E-03   2.4239E-03   2.5355E-03 / 2.4168E-03   
 70   1.171E-03   2.2692E-03   2.1974E-03   2.2633E-03 / 2.1914E-03   
 80   1.171E-03   2.0654E-03   2.0308E-03   2.0615E-03 / 2.0269E-03   
 90   1.171E-03   1.9050E-03   1.8945E-03   1.9026E-03 / 1.8920E-03   
100   1.171E-03   1.7740E-03   1.7818E-03   1.7724E-03 / 1.7803E-03   
110   1.171E-03   1.6625E-03   1.6811E-03   1.6616E-03 / 1.6802E-03   
120   1.171E-03   1.5680E-03   1.5950E-03   1.5673E-03 / 1.5945E-03   
130   1.171E-03   1.4883E-03   1.5220E-03   1.4878E-03 / 1.5215E-03   
140   1.171E-03   1.4186E-03   1.4551E-03   1.4181E-03 / 1.4547E-03   
150   1.171E-03   1.3547E-03   1.3950E-03   1.3542E-03 / 1.3946E-03   
160   1.171E-03   1.2941E-03   1.3374E-03   1.2935E-03 / 1.3368E-03   
170   1.171E-03   1.2394E-03   1.2840E-03   1.2385E-03 / 1.2831E-03   
180   1.171E-03   1.1895E-03   1.2375E-03   1.1883E-03 / 1.2363E-03   
190   1.171E-03   1.1432E-03   1.1940E-03   1.1418E-03 / 1.1926E-03   
200   1.171E-03   1.0993E-03   1.1507E-03   1.0978E-03 / 1.1494E-03   
210   1.171E-03   1.0578E-03   1.1086E-03   1.0564E-03 / 1.1073E-03   
220   1.171E-03   1.0186E-03   1.0734E-03   1.0172E-03 / 1.0721E-03   
230   1.171E-03   9.8012E-04   1.0333E-03   9.7855E-04 / 1.0318E-03   
240   1.171E-03   9.4507E-04   9.9604E-04   9.4367E-04 / 9.9464E-04   
250   1.171E-03   9.1127E-04   9.6639E-04   9.0954E-04 / 9.6465E-04   
260   1.171E-03   8.7810E-04   9.2886E-04   8.7641E-04 / 9.2713E-04   
270   1.171E-03   8.4489E-04   8.9743E-04   8.4316E-04 / 8.9565E-04   
280   1.171E-03   8.1100E-04   8.6368E-04   8.0945E-04 / 8.6203E-04   
290   1.171E-03   7.7614E-04   8.2827E-04   7.7482E-04 / 8.2678E-04   
300   1.171E-03   7.4193E-04   7.9487E-04   7.4082E-04 / 7.9358E-04   
310   1.171E-03   7.1093E-04   7.6327E-04   7.0956E-04 / 7.6175E-04   
320   1.171E-03   6.8197E-04   7.3795E-04   6.8066E-04 / 7.3652E-04   
330   1.171E-03   6.5499E-04   7.1035E-04   6.5373E-04 / 7.0902E-04   
340   1.171E-03   6.2846E-04   6.8205E-04   6.2721E-04 / 6.8076E-04   
350   1.171E-03   6.0527E-04   6.5773E-04   6.0405E-04 / 6.5650E-04   
360   1.171E-03   5.8155E-04   6.3736E-04   5.8037E-04 / 6.3618E-04   
370   1.171E-03   5.5980E-04   6.1903E-04   5.5889E-04 / 6.1815E-04   
380   1.171E-03   5.3879E-04   5.9381E-04   5.3765E-04 / 5.9268E-04   
390   1.171E-03   5.1729E-04   5.7568E-04   5.1638E-04 / 5.7484E-04   
400   1.171E-03   4.9610E-04   5.5559E-04   4.9514E-04 / 5.5473E-04   
410   1.171E-03   4.7786E-04   5.3567E-04   4.7697E-04 / 5.3492E-04   
420   1.171E-03   4.5931E-04   5.1877E-04   4.5855E-04 / 5.1809E-04   
430   1.171E-03   4.4318E-04   5.0567E-04   4.4238E-04 / 5.0490E-04   
440   1.171E-03   4.2623E-04   4.8495E-04   4.2557E-04 / 4.8430E-04   
450   1.171E-03   4.1058E-04   4.7329E-04   4.1004E-04 / 4.7271E-04   
460   1.171E-03   3.9586E-04   4.5600E-04   3.9548E-04 / 4.5554E-04   
470   1.171E-03   3.8187E-04   4.4240E-04   3.8158E-04 / 4.4202E-04   
480   1.171E-03   3.6924E-04   4.2228E-04   3.6908E-04 / 4.2203E-04   
490   1.171E-03   3.5647E-04   4.2034E-04   3.5635E-04 / 4.2016E-04   
500   1.171E-03   3.4376E-04   4.0007E-04   3.4366E-04 / 3.9989E-04   
510   1.171E-03   3.3486E-04   3.9651E-04   3.3474E-04 / 3.9628E-04   
520   1.171E-03   3.2477E-04   3.8288E-04   3.2465E-04 / 3.8267E-04   
530   1.171E-03   3.1385E-04   3.7650E-04   3.1363E-04 / 3.7624E-04   
540   1.171E-03   3.0667E-04   3.6395E-04   3.0626E-04 / 3.6357E-04   
550   1.171E-03   3.0075E-04   3.6993E-04   3.0039E-04 / 3.6957E-04   
560   1.171E-03   2.9240E-04   3.5228E-04   2.9190E-04 / 3.5181E-04   
570   1.171E-03   2.8374E-04   3.4341E-04   2.8326E-04 / 3.4296E-04   
580   1.171E-03   2.7969E-04   3.4247E-04   2.7908E-04 / 3.4190E-04   
590   1.171E-03   2.7607E-04   3.4308E-04   2.7545E-04 / 3.4245E-04   
600   1.171E-03   2.6496E-04   3.3105E-04   2.6451E-04 / 3.3057E-04   
610   1.171E-03   2.6076E-04   3.2479E-04   2.5984E-04 / 3.2376E-04   
620   1.171E-03   2.5932E-04   3.2700E-04   2.5853E-04 / 3.2606E-04   
630   1.171E-03   2.4960E-04   3.1914E-04   2.4903E-04 / 3.1841E-04   
640   1.171E-03   2.4468E-04   3.1550E-04   2.4415E-04 / 3.1480E-04   
650   1.171E-03   2.4108E-04   3.1286E-04   2.4051E-04 / 3.1215E-04   
660   1.171E-03   2.3846E-04   3.0659E-04   2.3800E-04 / 3.0601E-04   
670   1.171E-03   2.3335E-04   3.0466E-04   2.3248E-04 / 3.0367E-04   
680   1.171E-03   2.2974E-04   3.0225E-04   2.2895E-04 / 3.0135E-04   
690   1.171E-03   2.2573E-04   2.9801E-04   2.2506E-04 / 2.9728E-04   
700   1.171E-03   2.2142E-04   2.9467E-04   2.2072E-04 / 2.9390E-04   
710   1.171E-03   2.1694E-04   2.9105E-04   2.1627E-04 / 2.9034E-04   
720   1.171E-03   2.1418E-04   2.8936E-04   2.1340E-04 / 2.8856E-04   
730   1.171E-03   2.1240E-04   2.9450E-04   2.1156E-04 / 2.9366E-04   
740   1.171E-03   2.1028E-04   2.8629E-04   2.0962E-04 / 2.8565E-04   
750   1.171E-03   2.0753E-04   2.8922E-04   2.0660E-04 / 2.8838E-04   
760   1.171E-03   2.0567E-04   2.7720E-04   2.0520E-04 / 2.7676E-04   
770   1.171E-03   1.9778E-04   2.7334E-04   1.9716E-04 / 2.7277E-04   
780   1.171E-03   1.9803E-04   2.7668E-04   1.9736E-04 / 2.7607E-04   
790   1.171E-03   1.9514E-04   2.7520E-04   1.9460E-04 / 2.7471E-04   
800   1.171E-03   1.8934E-04   2.7213E-04   1.8868E-04 / 2.7150E-04   
810   1.171E-03   1.8663E-04   2.6697E-04   1.8617E-04 / 2.6652E-04   
820   1.171E-03   1.8327E-04   2.6433E-04   1.8269E-04 / 2.6376E-04   
830   1.171E-03   1.8017E-04   2.6329E-04   1.7952E-04 / 2.6262E-04   
840   1.171E-03   1.7771E-04   2.5560E-04   1.7709E-04 / 2.5495E-04   
850   1.171E-03   1.7673E-04   2.5767E-04   1.7616E-04 / 2.5706E-04   
860   1.171E-03   1.7293E-04   2.5292E-04   1.7249E-04 / 2.5243E-04   
870   1.171E-03   1.7722E-04   2.5135E-04   1.7684E-04 / 2.5093E-04   
880   1.171E-03   1.7224E-04   2.5925E-04   1.7161E-04 / 2.5855E-04   
890   1.171E-03   1.8129E-04   2.6131E-04   1.8087E-04 / 2.6083E-04   
900   1.171E-03   1.6786E-04   2.5516E-04   1.6753E-04 / 2.5475E-04   
910   1.171E-03   1.6462E-04   2.4607E-04   1.6434E-04 / 2.4571E-04   
920   1.171E-03   1.6461E-04   2.5312E-04   1.6445E-04 / 2.5291E-04   
930   1.171E-03   1.5914E-04   2.4439E-04   1.5888E-04 / 2.4406E-04   
940   1.171E-03   1.6962E-04   2.4511E-04   1.6930E-04 / 2.4474E-04   
950   1.171E-03   1.5364E-04   2.3995E-04   1.5343E-04 / 2.3970E-04   
960   1.171E-03   1.6188E-04   2.4827E-04   1.6148E-04 / 2.4781E-04   
970   1.171E-03   1.5714E-04   2.3659E-04   1.5671E-04 / 2.3613E-04   
980   1.171E-03   1.4893E-04   2.3488E-04   1.4870E-04 / 2.3464E-04   
990   1.171E-03   1.4674E-04   2.2445E-04   1.4635E-04 / 2.2405E-04   
1000   1.171E-03   1.4488E-04   2.2810E-04   1.4463E-04 / 2.2788E-04   
1010   1.171E-03   1.4477E-04   2.3085E-04   1.4441E-04 / 2.3050E-04   
1020   1.171E-03   1.4343E-04   2.3060E-04   1.4302E-04 / 2.3022E-04   
1030   1.171E-03   1.4588E-04   2.2807E-04   1.4562E-04 / 2.2783E-04   
1040   1.171E-03   1.3812E-04   2.2397E-04   1.3773E-04 / 2.2361E-04   
1050   1.171E-03   1.3841E-04   2.2746E-04   1.3807E-04 / 2.2716E-04   
1060   1.171E-03   1.3608E-04   2.2320E-04   1.3580E-04 / 2.2302E-04   
1070   1.171E-03   1.3796E-04   2.2633E-04   1.3766E-04 / 2.2607E-04   
1080   1.171E-03   1.3734E-04   2.2997E-04   1.3706E-04 / 2.2973E-04   
1090   1.171E-03   1.3151E-04   2.2248E-04   1.3125E-04 / 2.2217E-04   
1100   1.171E-03   1.3015E-04   2.2140E-04   1.2991E-04 / 2.2103E-04   
1110   1.171E-03   1.3139E-04   2.1809E-04   1.3109E-04 / 2.1768E-04   
1120   1.171E-03   1.2662E-04   2.1785E-04   1.2642E-04 / 2.1742E-04   
1130   1.171E-03   1.2597E-04   2.1432E-04   1.2569E-04 / 2.1383E-04   
1140   1.171E-03   1.2691E-04   2.1148E-04   1.2660E-04 / 2.1097E-04   
1150   1.171E-03   1.2434E-04   2.1031E-04   1.2409E-04 / 2.0994E-04   
1160   1.171E-03   1.3067E-04   2.1365E-04   1.3026E-04 / 2.1304E-04   
1170   1.171E-03   1.2295E-04   2.1185E-04   1.2258E-04 / 2.1137E-04   
1180   1.171E-03   1.2731E-04   2.2174E-04   1.2698E-04 / 2.2116E-04   
1190   1.171E-03   1.1947E-04   2.0957E-04   1.1907E-04 / 2.0909E-04   
1200   1.171E-03   1.2257E-04   2.0522E-04   1.2224E-04 / 2.0468E-04   
1210   1.171E-03   1.1934E-04   2.1068E-04   1.1913E-04 / 2.1034E-04   
1220   1.171E-03   1.2059E-04   2.1169E-04   1.2034E-04 / 2.1124E-04   
1230   1.171E-03   1.2345E-04   2.1419E-04   1.2310E-04 / 2.1370E-04   
1240   1.171E-03   1.1609E-04   2.1011E-04   1.1578E-04 / 2.0968E-04   
1250   1.171E-03   1.1953E-04   2.1484E-04   1.1918E-04 / 2.1437E-04   
1260   1.171E-03   1.2202E-04   2.0772E-04   1.2174E-04 / 2.0725E-04   
1270   1.171E-03   1.1228E-04   2.0909E-04   1.1198E-04 / 2.0869E-04   
1280   1.171E-03   1.1066E-04   2.0241E-04   1.1036E-04 / 2.0197E-04   
1290   1.171E-03   1.0999E-04   2.0165E-04   1.0975E-04 / 2.0127E-04   
1300   1.171E-03   1.1287E-04   2.0313E-04   1.1254E-04 / 2.0269E-04   
1310   1.171E-03   1.1429E-04   2.1269E-04   1.1406E-04 / 2.1232E-04   
1320   1.171E-03   1.0695E-04   2.0012E-04   1.0656E-04 / 1.9962E-04   
1330   1.171E-03   1.0721E-04   1.9969E-04   1.0691E-04 / 1.9927E-04   
1340   1.171E-03   1.1570E-04   2.0463E-04   1.1537E-04 / 2.0418E-04   
1350   1.171E-03   1.0572E-04   1.9755E-04   1.0553E-04 / 1.9723E-04   
1360   1.171E-03   1.0466E-04   2.0052E-04   1.0447E-04 / 2.0022E-04   
1370   1.171E-03   1.0693E-04   2.0436E-04   1.0660E-04 / 2.0394E-04   
1380   1.171E-03   1.0482E-04   1.9108E-04   1.0459E-04 / 1.9071E-04   
1390   1.171E-03   1.0516E-04   2.0178E-04   1.0471E-04 / 2.0128E-04   
1400   1.171E-03   1.0452E-04   1.9945E-04   1.0419E-04 / 1.9905E-04   
1410   1.171E-03   1.0308E-04   1.9254E-04   1.0268E-04 / 1.9200E-04   
1420   1.171E-03   1.0127E-04   1.9133E-04   1.0101E-04 / 1.9096E-04   
1430   1.171E-03   9.9082E-05   1.8900E-04   9.8745E-05 / 1.8855E-04   
1440   1.171E-03   9.8761E-05   1.9553E-04   9.8530E-05 / 1.9518E-04   
1450   1.171E-03   9.9343E-05   1.9130E-04   9.9162E-05 / 1.9104E-04   
1460   1.171E-03   9.6529E-05   1.8919E-04   9.6176E-05 / 1.8873E-04   
1470   1.171E-03   9.8554E-05   1.8742E-04   9.8298E-05 / 1.8706E-04   
1480   1.171E-03   1.1240E-04   2.1047E-04   1.1209E-04 / 2.1007E-04   
1490   1.171E-03   9.9892E-05   1.9110E-04   9.9534E-05 / 1.9062E-04   
1500   1.171E-03   9.7131E-05   1.8905E-04   9.6954E-05 / 1.8874E-04   
1510   1.171E-03   9.7172E-05   1.8625E-04   9.6973E-05 / 1.8592E-04   
1520   1.171E-03   9.3118E-05   1.8617E-04   9.2809E-05 / 1.8571E-04   
1530   1.171E-03   9.4503E-05   1.8999E-04   9.4216E-05 / 1.8956E-04   
1540   1.171E-03   9.2348E-05   1.8588E-04   9.2072E-05 / 1.8545E-04   
1550   1.171E-03   9.9024E-05   1.9367E-04   9.8636E-05 / 1.9320E-04   
1560   1.171E-03   9.0169E-05   1.8428E-04   8.9919E-05 / 1.8389E-04   
1570   1.171E-03   9.5966E-05   1.9250E-04   9.5667E-05 / 1.9200E-04   
1580   1.171E-03   9.6303E-05   1.8287E-04   9.5847E-05 / 1.8230E-04   
1590   1.171E-03   9.4863E-05   1.8848E-04   9.4584E-05 / 1.8804E-04   
1600   1.171E-03   9.6896E-05   1.9052E-04   9.6478E-05 / 1.8995E-04   
1610   1.171E-03   9.4095E-05   1.8740E-04   9.3535E-05 / 1.8671E-04   
1620   1.171E-03   9.1450E-05   1.8229E-04   9.1103E-05 / 1.8180E-04   
1630   1.171E-03   8.8090E-05   1.8155E-04   8.7728E-05 / 1.8105E-04   
1640   1.171E-03   8.7581E-05   1.8175E-04   8.7324E-05 / 1.8134E-04   
1650   1.171E-03   9.4832E-05   1.8979E-04   9.4618E-05 / 1.8943E-04   
1660   1.171E-03   9.2227E-05   1.7798E-04   9.1996E-05 / 1.7762E-04   
1670   1.171E-03   9.1926E-05   1.8775E-04   9.1741E-05 / 1.8747E-04   
1680   1.171E-03   8.7858E-05   1.8397E-04   8.7674E-05 / 1.8369E-04   
1690   1.171E-03   8.8412E-05   1.8483E-04   8.8142E-05 / 1.8442E-04   
1700   1.171E-03   8.3432E-05   1.7851E-04   8.3153E-05 / 1.7810E-04   
1710   1.171E-03   1.0724E-04   1.9201E-04   1.0696E-04 / 1.9158E-04   
1720   1.171E-03   8.3901E-05   1.7877E-04   8.3669E-05 / 1.7840E-04   
1730   1.171E-03   8.4466E-05   1.8115E-04   8.4155E-05 / 1.8071E-04   
1740   1.171E-03   8.4249E-05   1.7645E-04   8.3941E-05 / 1.7601E-04   
1750   1.171E-03   8.2852E-05   1.7587E-04   8.2652E-05 / 1.7557E-04   
1760   1.171E-03   8.3018E-05   1.7659E-04   8.2739E-05 / 1.7616E-04   
1770   1.171E-03   8.2168E-05   1.7117E-04   8.1820E-05 / 1.7073E-04   
1780   1.171E-03   8.1156E-05   1.7584E-04   8.0804E-05 / 1.7538E-04   
1790   1.171E-03   8.9551E-05   1.7857E-04   8.9080E-05 / 1.7803E-04   
1800   1.171E-03   1.2478E-04   1.8628E-04   1.2456E-04 / 1.8597E-04   
1810   1.171E-03   7.9655E-05   1.7152E-04   7.9356E-05 / 1.7114E-04   
1820   1.171E-03   9.3129E-05   1.9227E-04   9.2583E-05 / 1.9177E-04   
1830   1.171E-03   7.7254E-05   1.6793E-04   7.7081E-05 / 1.6766E-04   
1840   1.171E-03   7.7743E-05   1.7012E-04   7.7409E-05 / 1.6970E-04   
1850   1.171E-03   7.7686E-05   1.7027E-04   7.7484E-05 / 1.6999E-04   
1860   1.171E-03   7.7362E-05   1.6900E-04   7.7165E-05 / 1.6872E-04   
1870   1.171E-03   7.9193E-05   1.7202E-04   7.8920E-05 / 1.7171E-04   
1880   1.171E-03   9.0537E-05   1.8594E-04   9.0204E-05 / 1.8557E-04   
1890   1.171E-03   7.7494E-05   1.6892E-04   7.7233E-05 / 1.6858E-04   
1900   1.171E-03   7.6604E-05   1.7004E-04   7.6347E-05 / 1.6972E-04   
1910   1.171E-03   8.1617E-05   1.7574E-04   8.1393E-05 / 1.7544E-04   
1920   1.171E-03   7.6455E-05   1.6497E-04   7.6225E-05 / 1.6470E-04   
1930   1.171E-03   7.7213E-05   1.6295E-04   7.6931E-05 / 1.6264E-04   
1940   1.171E-03   7.7191E-05   1.6329E-04   7.6922E-05 / 1.6294E-04   
1950   1.171E-03   7.6305E-05   1.6781E-04   7.6105E-05 / 1.6752E-04   
1960   1.171E-03   7.4489E-05   1.6822E-04   7.4085E-05 / 1.6777E-04   
1970   1.171E-03   7.8479E-05   1.6210E-04   7.8068E-05 / 1.6162E-04   
1980   1.171E-03   7.6317E-05   1.6354E-04   7.5868E-05 / 1.6309E-04   
1990   1.171E-03   7.4160E-05   1.6757E-04   7.3731E-05 / 1.6711E-04   
2000   1.171E-03   7.5950E-05   1.7033E-04   7.5828E-05 / 1.7011E-04   
2010   1.171E-03   7.4465E-05   1.6509E-04   7.4206E-05 / 1.6472E-04   
2020   1.171E-03   7.7721E-05   1.6402E-04   7.7480E-05 / 1.6366E-04   
2030   1.171E-03   7.5542E-05   1.6136E-04   7.5034E-05 / 1.6078E-04   
2040   1.171E-03   7.7108E-05   1.5886E-04   7.6769E-05 / 1.5843E-04   
2050   1.171E-03   6.9477E-05   1.5898E-04   6.9314E-05 / 1.5873E-04   
2060   1.171E-03   7.1601E-05   1.5672E-04   7.1390E-05 / 1.5642E-04   
2070   1.171E-03   7.1673E-05   1.6556E-04   7.1266E-05 / 1.6507E-04   
2080   1.171E-03   7.0247E-05   1.6097E-04   7.0032E-05 / 1.6068E-04   
2090   1.171E-03   7.8296E-05   1.6899E-04   7.8091E-05 / 1.6867E-04   
2100   1.171E-03   6.8846E-05   1.5724E-04   6.8584E-05 / 1.5684E-04   
2110   1.171E-03   6.9032E-05   1.5835E-04   6.8843E-05 / 1.5807E-04   
2120   1.171E-03   7.1245E-05   1.6098E-04   7.1038E-05 / 1.6065E-04   
2130   1.171E-03   7.0771E-05   1.5935E-04   7.0552E-05 / 1.5901E-04   
2140   1.171E-03   6.8778E-05   1.5756E-04   6.8445E-05 / 1.5712E-04   
2150   1.171E-03   6.9756E-05   1.6007E-04   6.9531E-05 / 1.5971E-04   
2160   1.171E-03   7.6178E-05   1.6206E-04   7.6047E-05 / 1.6182E-04   
2170   1.171E-03   6.8079E-05   1.5905E-04   6.7801E-05 / 1.5864E-04   
2180   1.171E-03   6.9071E-05   1.5514E-04   6.8737E-05 / 1.5465E-04   
2190   1.171E-03   6.7169E-05   1.6378E-04   6.6913E-05 / 1.6341E-04   
2200   1.171E-03   8.6280E-05   1.7418E-04   8.6085E-05 / 1.7382E-04   
2210   1.171E-03   1.1643E-04   2.1286E-04   1.1613E-04 / 2.1238E-04   
2220   1.171E-03   6.5555E-05   1.5253E-04   6.5226E-05 / 1.5205E-04   
2230   1.171E-03   6.3452E-05   1.5254E-04   6.3292E-05 / 1.5225E-04   
2240   1.171E-03   6.3146E-05   1.5377E-04   6.2852E-05 / 1.5334E-04   
2250   1.171E-03   6.3247E-05   1.4941E-04   6.3072E-05 / 1.4913E-04   
2260   1.171E-03   6.2723E-05   1.4959E-04   6.2464E-05 / 1.4922E-04   
2270   1.171E-03   6.3445E-05   1.5200E-04   6.3242E-05 / 1.5166E-04   
2280   1.171E-03   7.1959E-05   1.5548E-04   7.1753E-05 / 1.5516E-04   
2290   1.171E-03   6.2755E-05   1.5120E-04   6.2534E-05 / 1.5086E-04   
2300   1.171E-03   6.4456E-05   1.4612E-04   6.4168E-05 / 1.4570E-04   
2310   1.171E-03   6.9452E-05   1.5540E-04   6.9192E-05 / 1.5501E-04   
2320   1.171E-03   6.8809E-05   1.5396E-04   6.8636E-05 / 1.5365E-04   
2330   1.171E-03   6.3469E-05   1.5424E-04   6.3334E-05 / 1.5398E-04   
2340   1.171E-03   6.2004E-05   1.4806E-04   6.1818E-05 / 1.4778E-04   
2350   1.171E-03   6.4582E-05   1.5487E-04   6.4156E-05 / 1.5436E-04   
2360   1.171E-03   6.0658E-05   1.4925E-04   6.0464E-05 / 1.4894E-04   
2370   1.171E-03   7.2667E-05   1.6625E-04   7.2483E-05 / 1.6608E-04   
2380   1.171E-03   6.4674E-05   1.4807E-04   6.4354E-05 / 1.4765E-04   
2390   1.171E-03   1.0207E-04   1.8573E-04   1.0188E-04 / 1.8544E-04   
2400   1.171E-03   6.0558E-05   1.4436E-04   6.0092E-05 / 1.4377E-04   
2410   1.171E-03   6.1311E-05   1.4548E-04   6.1149E-05 / 1.4522E-04   
2420   1.171E-03   5.8720E-05   1.4506E-04   5.8566E-05 / 1.4480E-04   
2430   1.171E-03   5.8348E-05   1.4233E-04   5.8149E-05 / 1.4205E-04   
2440   1.171E-03   5.8793E-05   1.4630E-04   5.8403E-05 / 1.4584E-04   
2450   1.171E-03   6.8546E-05   1.6455E-04   6.8423E-05 / 1.6437E-04   
2460   1.171E-03   5.8939E-05   1.4455E-04   5.8858E-05 / 1.4438E-04   
2470   1.171E-03   6.2463E-05   1.4957E-04   6.2064E-05 / 1.4910E-04   
2480   1.171E-03   5.9018E-05   1.5224E-04   5.8738E-05 / 1.5191E-04   
2490   1.171E-03   6.6903E-05   1.5863E-04   6.6667E-05 / 1.5838E-04   
2500   1.171E-03   5.9241E-05   1.4029E-04   5.9022E-05 / 1.4002E-04   
2510   1.171E-03   5.8656E-05   1.4659E-04   5.8364E-05 / 1.4625E-04   
2520   1.171E-03   5.7011E-05   1.4151E-04   5.6868E-05 / 1.4130E-04   
2530   1.171E-03   5.6129E-05   1.4280E-04   5.5966E-05 / 1.4258E-04   
2540   1.171E-03   5.6709E-05   1.4142E-04   5.6547E-05 / 1.4119E-04   
2550   1.171E-03   5.8074E-05   1.4333E-04   5.7981E-05 / 1.4316E-04   
2560   1.171E-03   5.8174E-05   1.4417E-04   5.7928E-05 / 1.4387E-04   
2570   1.171E-03   5.6385E-05   1.3663E-04   5.6206E-05 / 1.3634E-04   
2580   1.171E-03   5.6047E-05   1.3805E-04   5.5966E-05 / 1.3793E-04   
2590   1.171E-03   6.4216E-05   1.5505E-04   6.4172E-05 / 1.5496E-04   
2600   1.171E-03   5.4823E-05   1.4017E-04   5.4658E-05 / 1.3995E-04   
2610   1.171E-03   5.7383E-05   1.4041E-04   5.7069E-05 / 1.4006E-04   
2620   1.171E-03   5.4273E-05   1.4046E-04   5.4085E-05 / 1.4019E-04   
2630   1.171E-03   6.8645E-05   1.4812E-04   6.8281E-05 / 1.4773E-04   
2640   1.171E-03   5.6884E-05   1.3672E-04   5.6728E-05 / 1.3649E-04   
2650   1.171E-03   5.5772E-05   1.3862E-04   5.5622E-05 / 1.3839E-04   
2660   1.171E-03   5.5373E-05   1.3977E-04   5.5181E-05 / 1.3951E-04   
2670   1.171E-03   6.6557E-05   1.4368E-04   6.6417E-05 / 1.4351E-04   
2680   1.171E-03   5.3273E-05   1.3412E-04   5.3063E-05 / 1.3383E-04   
2690   1.171E-03   5.4456E-05   1.3424E-04   5.4007E-05 / 1.3382E-04   
2700   1.171E-03   5.5803E-05   1.4387E-04   5.5620E-05 / 1.4363E-04   
2710   1.171E-03   5.8436E-05   1.4118E-04   5.8088E-05 / 1.4078E-04   
2720   1.171E-03   5.3414E-05   1.3623E-04   5.3170E-05 / 1.3592E-04   
2730   1.171E-03   5.3831E-05   1.3225E-04   5.3740E-05 / 1.3211E-04   
2740   1.171E-03   5.3945E-05   1.3498E-04   5.3901E-05 / 1.3488E-04   
2750   1.171E-03   5.2289E-05   1.3615E-04   5.2237E-05 / 1.3603E-04   
2760   1.171E-03   5.3503E-05   1.3130E-04   5.3189E-05 / 1.3091E-04   
2770   1.171E-03   5.6777E-05   1.3998E-04   5.6688E-05 / 1.3981E-04   
2780   1.171E-03   5.1688E-05   1.3043E-04   5.1476E-05 / 1.3013E-04   
2790   1.171E-03   5.3880E-05   1.3402E-04   5.3576E-05 / 1.3363E-04   
2800   1.171E-03   5.2502E-05   1.3622E-04   5.2148E-05 / 1.3580E-04   
2810   1.171E-03   5.0545E-05   1.3238E-04   5.0390E-05 / 1.3212E-04   
2820   1.171E-03   5.3009E-05   1.4053E-04   5.2749E-05 / 1.4021E-04   
2830   1.171E-03   5.0507E-05   1.2770E-04   5.0367E-05 / 1.2746E-04   
2840   1.171E-03   5.3834E-05   1.3239E-04   5.3732E-05 / 1.3221E-04   
2850   1.171E-03   5.6011E-05   1.3760E-04   5.5676E-05 / 1.3721E-04   
2860   1.171E-03   5.9284E-05   1.3804E-04   5.9239E-05 / 1.3790E-04   
2870   1.171E-03   5.0140E-05   1.3092E-04   5.0031E-05 / 1.3073E-04   
2880   1.171E-03   5.1018E-05   1.3286E-04   5.0910E-05 / 1.3268E-04   
2890   1.171E-03   5.0057E-05   1.3309E-04   4.9829E-05 / 1.3277E-04   
2900   1.171E-03   4.9183E-05   1.2799E-04   4.8856E-05 / 1.2756E-04   
2910   1.171E-03   4.7920E-05   1.2709E-04   4.7821E-05 / 1.2690E-04   
2920   1.171E-03   5.6193E-05   1.3571E-04   5.6124E-05 / 1.3559E-04   
2930   1.171E-03   5.2043E-05   1.2647E-04   5.1731E-05 / 1.2605E-04   
2940   1.171E-03   4.7635E-05   1.2957E-04   4.7485E-05 / 1.2931E-04   
2950   1.171E-03   4.7064E-05   1.2786E-04   4.6977E-05 / 1.2766E-04   
2960   1.171E-03   5.2940E-05   1.2429E-04   5.2786E-05 / 1.2403E-04   
2970   1.171E-03   4.9447E-05   1.2559E-04   4.9352E-05 / 1.2537E-04   
2980   1.171E-03   5.1187E-05   1.2699E-04   5.0990E-05 / 1.2669E-04   
2990   1.171E-03   4.9867E-05   1.2877E-04   4.9759E-05 / 1.2857E-04   
3000   1.171E-03   6.6507E-05   1.6067E-04   6.6443E-05 / 1.6052E-04   
3010   1.171E-03   4.6299E-05   1.2396E-04   4.6150E-05 / 1.2373E-04   
3020   1.171E-03   4.8028E-05   1.2896E-04   4.7906E-05 / 1.2873E-04   
3030   1.171E-03   4.6615E-05   1.2668E-04   4.6546E-05 / 1.2650E-04   
3040   1.171E-03   4.9236E-05   1.3058E-04   4.9129E-05 / 1.3036E-04   
3050   1.171E-03   4.7322E-05   1.3072E-04   4.7164E-05 / 1.3049E-04   
3060   1.171E-03   4.5921E-05   1.2494E-04   4.5724E-05 / 1.2463E-04   
3070   1.171E-03   4.5107E-05   1.2297E-04   4.4954E-05 / 1.2268E-04   
3080   1.171E-03   4.5136E-05   1.1825E-04   4.5013E-05 / 1.1806E-04   
3090   1.171E-03   4.8482E-05   1.2086E-04   4.8231E-05 / 1.2054E-04   
3100   1.171E-03   4.3662E-05   1.2055E-04   4.3498E-05 / 1.2026E-04   
3110   1.171E-03   5.3499E-05   1.2771E-04   5.3320E-05 / 1.2747E-04   
3120   1.171E-03   4.8250E-05   1.2807E-04   4.8090E-05 / 1.2783E-04   
3130   1.171E-03   4.4496E-05   1.1973E-04   4.4364E-05 / 1.1950E-04   
3140   1.171E-03   4.3397E-05   1.1986E-04   4.3283E-05 / 1.1967E-04   
3150   1.171E-03   4.5013E-05   1.2413E-04   4.4852E-05 / 1.2391E-04   
3160   1.171E-03   4.3102E-05   1.1887E-04   4.2999E-05 / 1.1872E-04   
3170   1.171E-03   4.2987E-05   1.1640E-04   4.2784E-05 / 1.1614E-04   
3180   1.171E-03   4.4811E-05   1.1614E-04   4.4634E-05 / 1.1586E-04   
3190   1.171E-03   6.8233E-05   1.3350E-04   6.7930E-05 / 1.3315E-04   
3200   1.171E-03   4.6222E-05   1.2285E-04   4.6188E-05 / 1.2279E-04   
3210   1.171E-03   4.6766E-05   1.2427E-04   4.6559E-05 / 1.2405E-04   
3220   1.171E-03   4.4935E-05   1.1748E-04   4.4829E-05 / 1.1732E-04   
3230   1.171E-03   5.9873E-05   1.3512E-04   5.9786E-05 / 1.3498E-04   
3240   1.171E-03   4.2103E-05   1.1707E-04   4.2028E-05 / 1.1697E-04   
3250   1.171E-03   4.1483E-05   1.1592E-04   4.1375E-05 / 1.1580E-04   
3260   1.171E-03   4.1523E-05   1.1492E-04   4.1500E-05 / 1.1485E-04   
3270   1.171E-03   4.3374E-05   1.1869E-04   4.3126E-05 / 1.1844E-04   
3280   1.171E-03   4.0788E-05   1.1445E-04   4.0747E-05 / 1.1439E-04   
3290   1.171E-03   4.3638E-05   1.1421E-04   4.3486E-05 / 1.1406E-04   
3300   1.171E-03   4.4863E-05   1.1742E-04   4.4734E-05 / 1.1730E-04   
3310   1.171E-03   4.9829E-05   1.1962E-04   4.9799E-05 / 1.1958E-04   
3320   1.171E-03   5.3327E-05   1.2138E-04   5.3047E-05 / 1.2112E-04   
3330   1.171E-03   4.0149E-05   1.1206E-04   3.9748E-05 / 1.1168E-04   
3340   1.171E-03   3.9770E-05   1.1111E-04   3.9663E-05 / 1.1101E-04   
3350   1.171E-03   4.0919E-05   1.1120E-04   4.0917E-05 / 1.1119E-04   
3360   1.171E-03   4.2625E-05   1.1506E-04   4.2508E-05 / 1.1495E-04   
3370   1.171E-03   4.0326E-05   1.1355E-04   4.0092E-05 / 1.1334E-04   
3380   1.171E-03   3.9335E-05   1.1113E-04   3.9297E-05 / 1.1110E-04   
3390   1.171E-03   4.1988E-05   1.1283E-04   4.1968E-05 / 1.1279E-04   
3400   1.171E-03   4.5454E-05   1.1695E-04   4.5354E-05 / 1.1687E-04   
3410   1.171E-03   3.9208E-05   1.1186E-04   3.9045E-05 / 1.1173E-04   
3420   1.171E-03   3.9604E-05   1.1510E-04   3.9343E-05 / 1.1488E-04   
3430   1.171E-03   4.0226E-05   1.1142E-04   4.0208E-05 / 1.1140E-04   
3440   1.171E-03   4.1859E-05   1.1551E-04   4.1668E-05 / 1.1535E-04   
3450   1.171E-03   4.6322E-05   1.1210E-04   4.6229E-05 / 1.1202E-04   
3460   1.171E-03   4.2494E-05   1.1062E-04   4.2442E-05 / 1.1057E-04   
3470   1.171E-03   4.6887E-05   1.2246E-04   4.6836E-05 / 1.2241E-04   
3480   1.171E-03   3.8178E-05   1.0574E-04   3.8042E-05 / 1.0565E-04   
3490   1.171E-03   3.8714E-05   1.0650E-04   3.8610E-05 / 1.0642E-04   
3500   1.171E-03   3.9843E-05   1.1443E-04   3.9644E-05 / 1.1428E-04   
3510   1.171E-03   4.0115E-05   1.1422E-04   4.0035E-05 / 1.1416E-04   
3520   1.171E-03   4.0166E-05   1.0609E-04   4.0100E-05 / 1.0605E-04   
3530   1.171E-03   3.8166E-05   1.0998E-04   3.8100E-05 / 1.0993E-04   
3540   1.171E-03   4.5261E-05   1.1716E-04   4.5230E-05 / 1.1715E-04   
3550   1.171E-03   4.5918E-05   1.1770E-04   4.5902E-05 / 1.1769E-04   
3560   1.171E-03   4.7092E-05   1.1809E-04   4.6821E-05 / 1.1786E-04   
3570   1.171E-03   3.6595E-05   1.0406E-04   3.6403E-05 / 1.0392E-04   
3580   1.171E-03   3.7537E-05   1.0499E-04   3.7483E-05 / 1.0495E-04   
3590   1.171E-03   4.5712E-05   1.1199E-04   4.5711E-05 / 1.1198E-04   
3600   1.171E-03   3.6508E-05   1.0541E-04   3.6476E-05 / 1.0538E-04   
3610   1.171E-03   3.5890E-05   1.0236E-04   3.5790E-05 / 1.0228E-04   
3620   1.171E-03   4.0860E-05   1.0546E-04   4.0757E-05 / 1.0538E-04   
3630   1.171E-03   4.8313E-05   1.2447E-04   4.8067E-05 / 1.2439E-04   
3640   1.171E-03   3.9199E-05   1.0824E-04   3.9198E-05 / 1.0824E-04   
3650   1.171E-03   3.4931E-05   1.0259E-04   3.4887E-05 / 1.0255E-04   
3660   1.171E-03   3.5667E-05   1.0389E-04   3.5444E-05 / 1.0368E-04   
3670   1.171E-03   3.7556E-05   1.0314E-04   3.7501E-05 / 1.0309E-04   
3680   1.171E-03   3.8140E-05   1.0128E-04   3.7987E-05 / 1.0114E-04   
3690   1.171E-03   3.7546E-05   1.0105E-04   3.7428E-05 / 1.0094E-04   
3700   1.171E-03   4.3377E-05   1.1237E-04   4.3343E-05 / 1.1235E-04   
3710   1.171E-03   3.5078E-05   1.0283E-04   3.4967E-05 / 1.0272E-04   
3720   1.171E-03   3.5775E-05   1.0273E-04   3.5404E-05 / 1.0239E-04   
3730   1.171E-03   3.5388E-05   1.0059E-04   3.5273E-05 / 1.0047E-04   
3740   1.171E-03   3.5735E-05   1.0174E-04   3.5567E-05 / 1.0156E-04   
3750   1.171E-03   3.4706E-05   1.0150E-04   3.4644E-05 / 1.0143E-04   
3760   1.171E-03   3.9409E-05   1.0469E-04   3.9356E-05 / 1.0462E-04   
3770   1.171E-03   3.9764E-05   1.0457E-04   3.9600E-05 / 1.0439E-04   
3780   1.171E-03   3.5029E-05   1.0304E-04   3.4874E-05 / 1.0287E-04   
3790   1.171E-03   3.4712E-05   1.0224E-04   3.4565E-05 / 1.0207E-04   
3800   1.171E-03   3.5092E-05   1.0280E-04   3.5058E-05 / 1.0275E-04   
3810   1.171E-03   5.4329E-05   1.2139E-04   5.4316E-05 / 1.2137E-04   
3820   1.171E-03   3.6879E-05   1.0421E-04   3.6679E-05 / 1.0399E-04   
3830   1.171E-03   3.9760E-05   1.0473E-04   3.9249E-05 / 1.0423E-04   
3840   1.171E-03   3.2949E-05   9.6578E-05   3.2842E-05 / 9.6450E-05   
3850   1.171E-03   3.9301E-05   9.9204E-05   3.9113E-05 / 9.8993E-05   
3860   1.171E-03   3.3849E-05   1.0107E-04   3.3828E-05 / 1.0104E-04   
3870   1.171E-03   3.5118E-05   1.0059E-04   3.5113E-05 / 1.0058E-04   
3880   1.171E-03   3.5573E-05   9.9978E-05   3.5460E-05 / 9.9834E-05   
3890   1.171E-03   3.3410E-05   9.8473E-05   3.3402E-05 / 9.8453E-05   
3900   1.171E-03   3.3725E-05   9.8347E-05   3.3631E-05 / 9.8226E-05   
3910   1.171E-03   3.7882E-05   1.0197E-04   3.7817E-05 / 1.0189E-04   
3920   1.171E-03   3.9079E-05   1.0016E-04   3.9017E-05 / 1.0007E-04   
3930   1.171E-03   3.3041E-05   9.7716E-05   3.2927E-05 / 9.7571E-05   
3940   1.171E-03   3.8652E-05   1.0649E-04   3.8449E-05 / 1.0627E-04   
3950   1.171E-03   3.2138E-05   9.4993E-05   3.2024E-05 / 9.4845E-05   
3960   1.171E-03   3.6092E-05   1.0130E-04   3.5973E-05 / 1.0115E-04   
3970   1.171E-03   3.6094E-05   9.8184E-05   3.6060E-05 / 9.8124E-05   
3980   1.171E-03   3.2190E-05   9.3320E-05   3.2107E-05 / 9.3208E-05   
3990   1.171E-03   3.0828E-05   9.3458E-05   3.0771E-05 / 9.3370E-05   
4000   1.171E-03   3.2433E-05   9.4349E-05   3.2271E-05 / 9.4146E-05   
4010   1.171E-03   3.1238E-05   9.2687E-05   3.1035E-05 / 9.2456E-05   
4020   1.171E-03   3.4831E-05   9.5196E-05   3.4816E-05 / 9.5174E-05   
4030   1.171E-03   4.0225E-05   1.0285E-04   4.0224E-05 / 1.0285E-04   
4040   1.171E-03   3.0845E-05   9.0904E-05   3.0770E-05 / 9.0801E-05   
4050   1.171E-03   3.3705E-05   9.2766E-05   3.3539E-05 / 9.2559E-05   
4060   1.171E-03   3.0505E-05   9.1720E-05   3.0461E-05 / 9.1659E-05   
4070   1.171E-03   3.5971E-05   9.1351E-05   3.5945E-05 / 9.1314E-05   
4080   1.171E-03   3.6367E-05   9.2755E-05   3.6239E-05 / 9.2597E-05   
4090   1.171E-03   3.0608E-05   9.1985E-05   3.0319E-05 / 9.1671E-05   
4100   1.171E-03   3.0307E-05   9.4386E-05   3.0298E-05 / 9.4378E-05   
4110   1.171E-03   4.1222E-05   1.0867E-04   4.1171E-05 / 1.0863E-04   
4120   1.171E-03   3.4004E-05   9.3808E-05   3.3863E-05 / 9.3645E-05   
4130   1.171E-03   3.2824E-05   9.1973E-05   3.2744E-05 / 9.1877E-05   
4140   1.171E-03   3.2846E-05   8.9342E-05   3.2819E-05 / 8.9314E-05   
4150   1.171E-03   3.0579E-05   8.9193E-05   3.0538E-05 / 8.9147E-05   
4160   1.171E-03   3.4994E-05   9.6049E-05   3.4966E-05 / 9.6022E-05   
4170   1.171E-03   4.9026E-05   1.0627E-04   4.8886E-05 / 1.0612E-04   
4180   1.171E-03   4.0232E-05   9.8681E-05   4.0116E-05 / 9.8556E-05   
4190   1.171E-03   2.9837E-05   8.9428E-05   2.9677E-05 / 8.9260E-05   
4200   1.171E-03   2.9221E-05   8.9360E-05   2.8959E-05 / 8.9096E-05   
4210   1.171E-03   3.4169E-05   9.4512E-05   3.4146E-05 / 9.4497E-05   
4220   1.171E-03   5.4155E-05   1.1956E-04   5.4133E-05 / 1.1955E-04   
4230   1.171E-03   3.1501E-05   9.1351E-05   3.1294E-05 / 9.1149E-05   
4240   1.171E-03   3.0084E-05   8.9218E-05   2.9930E-05 / 8.9073E-05   
4250   1.171E-03   2.9831E-05   8.6705E-05   2.9711E-05 / 8.6597E-05   
4260   1.171E-03   2.8926E-05   8.4877E-05   2.8856E-05 / 8.4824E-05   
4270   1.171E-03   2.8654E-05   8.7317E-05   2.8340E-05 / 8.7030E-05   
4280   1.171E-03   2.9474E-05   9.1065E-05   2.9237E-05 / 9.0853E-05   
4290   1.171E-03   3.1557E-05   8.9655E-05   3.1313E-05 / 8.9442E-05   
4300   1.171E-03   3.2932E-05   8.5104E-05   3.2891E-05 / 8.5084E-05   
4310   1.171E-03   3.3453E-05   9.6542E-05   3.3146E-05 / 9.6275E-05   
4320   1.171E-03   3.0140E-05   8.6091E-05   2.9979E-05 / 8.5966E-05   
4330   1.171E-03   3.0140E-05   8.8434E-05   3.0009E-05 / 8.8340E-05   
4340   1.171E-03   2.8165E-05   8.5113E-05   2.8013E-05 / 8.5003E-05   
4350   1.171E-03   2.7958E-05   8.4591E-05   2.7931E-05 / 8.4586E-05   
4360   1.171E-03   2.8073E-05   8.3244E-05   2.7994E-05 / 8.3204E-05   
4370   1.171E-03   2.8556E-05   8.5803E-05   2.8525E-05 / 8.5798E-05   
4380   1.171E-03   2.9891E-05   8.6543E-05   2.9632E-05 / 8.6342E-05   
4390   1.171E-03   2.8717E-05   8.2202E-05   2.8570E-05 / 8.2119E-05   
4400   1.171E-03   2.9460E-05   8.9770E-05   2.9183E-05 / 8.9557E-05   
4410   1.171E-03   4.1498E-05   8.3237E-05   4.1324E-05 / 8.3145E-05   
4420   1.171E-03   4.8910E-05   9.9814E-05   4.8898E-05 / 9.9814E-05   
4430   1.171E-03   2.7275E-05   8.2272E-05   2.7130E-05 / 8.2192E-05   
4440   1.171E-03   2.7222E-05   8.1783E-05   2.7189E-05 / 8.1780E-05   
4450   1.171E-03   2.7175E-05   8.3354E-05   2.7116E-05 / 8.3342E-05   
4460   1.171E-03   3.0812E-05   8.4439E-05   3.0764E-05 / 8.4432E-05   
4470   1.171E-03   2.7801E-05   8.2885E-05   2.7755E-05 / 8.2879E-05   
4480   1.171E-03   2.8002E-05   7.8732E-05   2.7899E-05 / 7.8697E-05   
4490   1.171E-03   3.2846E-05   8.1289E-05   3.2735E-05 / 8.1249E-05   
4500   1.171E-03   2.9009E-05   8.0613E-05   2.8933E-05 / 8.0596E-05   
4510   1.171E-03   2.6354E-05   7.8944E-05   2.6338E-05 / 7.8944E-05   
4520   1.171E-03   2.6332E-05   8.1775E-05   2.6291E-05 / 8.1774E-05   
4530   1.171E-03   2.6630E-05   8.1968E-05   2.6368E-05 / 8.1799E-05   
4540   1.171E-03   2.6506E-05   8.1250E-05   2.6349E-05 / 8.1179E-05   
4550   1.171E-03   2.9981E-05   8.1741E-05   2.9776E-05 / 8.1659E-05   
4560   1.171E-03   2.8947E-05   8.2338E-05   2.8838E-05 / 8.2304E-05   
4570   1.171E-03   2.8230E-05   8.3045E-05   2.7841E-05 / 8.2758E-05   
4580   1.171E-03   2.8131E-05   8.2083E-05   2.8090E-05 / 8.2082E-05   
4590   1.171E-03   3.1834E-05   8.4379E-05   3.1685E-05 / 8.4317E-05   
4600   1.171E-03   2.6472E-05   8.0061E-05   2.6373E-05 / 8.0036E-05   
4610   1.171E-03   2.8006E-05   8.2510E-05   2.7816E-05 / 8.2415E-05   
4620   1.171E-03   4.7758E-05   1.0438E-04   4.7714E-05 / 1.0438E-04   
4630   1.171E-03   2.8173E-05   8.0261E-05   2.7978E-05 / 8.0163E-05   
4640   1.171E-03   2.5912E-05   7.9047E-05   2.5822E-05 / 7.9026E-05   
4650   1.171E-03   2.8141E-05   8.4867E-05   2.7922E-05 / 8.4747E-05   
4660   1.171E-03   2.6478E-05   7.9360E-05   2.5846E-05 / 7.8842E-05   
4670   1.171E-03   2.9722E-05   8.5182E-05   2.9610E-05 / 8.5148E-05   
4680   1.171E-03   2.6067E-05   8.0043E-05   2.5936E-05 / 7.9994E-05   
4690   1.171E-03   2.8538E-05   7.8853E-05   2.8341E-05 / 7.8754E-05   
4700   1.171E-03   2.9036E-05   7.7245E-05   2.8921E-05 / 7.7207E-05   
4710   1.171E-03   3.0188E-05   8.2330E-05   3.0118E-05 / 8.2317E-05   
4720   1.171E-03   2.6155E-05   7.6722E-05   2.6152E-05 / 7.6722E-05   
4730   1.171E-03   2.7299E-05   7.7410E-05   2.7001E-05 / 7.7222E-05   
4740   1.171E-03   2.5513E-05   7.7785E-05   2.5483E-05 / 7.7784E-05   
4750   1.171E-03   2.6036E-05   7.5468E-05   2.5853E-05 / 7.5376E-05   
4760   1.171E-03   2.5213E-05   7.6907E-05   2.5179E-05 / 7.6905E-05   
4770   1.171E-03   2.6465E-05   7.4539E-05   2.6160E-05 / 7.4346E-05   
4780   1.171E-03   2.5435E-05   7.8682E-05   2.5319E-05 / 7.8638E-05   
4790   1.171E-03   2.6191E-05   7.7450E-05   2.6095E-05 / 7.7419E-05   
4800   1.171E-03   2.5509E-05   7.7043E-05   2.5492E-05 / 7.7042E-05   
4810   1.171E-03   2.5736E-05   7.8703E-05   2.5620E-05 / 7.8655E-05   
4820   1.171E-03   2.4444E-05   7.6492E-05   2.4221E-05 / 7.6363E-05   
4830   1.171E-03   2.6309E-05   7.7151E-05   2.6264E-05 / 7.7143E-05   
4840   1.171E-03   2.7433E-05   8.0741E-05   2.7401E-05 / 8.0737E-05   
4850   1.171E-03   3.2073E-05   8.2904E-05   3.1993E-05 / 8.2879E-05   
4860   1.171E-03   2.6472E-05   7.7115E-05   2.6313E-05 / 7.7036E-05   
4870   1.171E-03   2.4586E-05   7.5312E-05   2.4434E-05 / 7.5239E-05   
4880   1.171E-03   2.5373E-05   7.6324E-05   2.5293E-05 / 7.6295E-05   
4890   1.171E-03   2.8024E-05   7.7777E-05   2.7866E-05 / 7.7698E-05   
4900   1.171E-03   2.5435E-05   7.6532E-05   2.5267E-05 / 7.6442E-05   
4910   1.171E-03   2.4427E-05   7.5478E-05   2.4387E-05 / 7.5465E-05   
4920   1.171E-03   2.3469E-05   7.4491E-05   2.3222E-05 / 7.4346E-05   
4930   1.171E-03   2.4175E-05   7.1925E-05   2.4056E-05 / 7.1864E-05   
4940   1.171E-03   2.9244E-05   7.6416E-05   2.9225E-05 / 7.6413E-05   
4950   1.171E-03   2.4381E-05   7.5399E-05   2.4332E-05 / 7.5380E-05   
4960   1.171E-03   3.3421E-05   9.0431E-05   3.3333E-05 / 9.0387E-05   
4970   1.171E-03   3.2199E-05   7.7442E-05   3.2160E-05 / 7.7425E-05   
4980   1.171E-03   2.3350E-05   7.0699E-05   2.2893E-05 / 7.0366E-05   
4990   1.171E-03   2.4280E-05   7.3869E-05   2.4209E-05 / 7.3833E-05   
5000   1.171E-03   2.3322E-05   7.2055E-05   2.2914E-05 / 7.1764E-05   
5010   1.171E-03   2.3065E-05   7.1838E-05   2.2775E-05 / 7.1642E-05   
5020   1.171E-03   2.3006E-05   7.4986E-05   2.2982E-05 / 7.4976E-05   
5030   1.171E-03   2.3890E-05   7.4915E-05   2.3803E-05 / 7.4865E-05   
5040   1.171E-03   2.3484E-05   7.2992E-05   2.3483E-05 / 7.2992E-05   
5050   1.171E-03   2.6233E-05   7.2553E-05   2.6233E-05 / 7.2553E-05   
5060   1.171E-03   2.7874E-05   7.5579E-05   2.7560E-05 / 7.5366E-05   
5070   1.171E-03   2.4026E-05   7.3649E-05   2.3851E-05 / 7.3541E-05   
5080   1.171E-03   2.2278E-05   7.0644E-05   2.2189E-05 / 7.0591E-05   
5090   1.171E-03   2.4462E-05   6.8025E-05   2.4304E-05 / 6.7928E-05   
5100   1.171E-03   3.4050E-05   7.8086E-05   3.4015E-05 / 7.8068E-05   
5110   1.171E-03   2.8128E-05   7.2107E-05   2.8125E-05 / 7.2107E-05   
5120   1.171E-03   6.5781E-05   1.2011E-04   6.5640E-05 / 1.2002E-04   
5130   1.171E-03   2.2382E-05   6.9287E-05   2.2252E-05 / 6.9205E-05   
5140   1.171E-03   2.2582E-05   7.0637E-05   2.2571E-05 / 7.0631E-05   
5150   1.171E-03   2.2534E-05   7.2927E-05   2.2395E-05 / 7.2837E-05   
5160   1.171E-03   2.2563E-05   7.0693E-05   2.2561E-05 / 7.0692E-05   
5170   1.171E-03   2.2406E-05   7.2636E-05   2.2305E-05 / 7.2571E-05   
5180   1.171E-03   2.3578E-05   7.3854E-05   2.2841E-05 / 7.3285E-05   
5190   1.171E-03   2.2589E-05   7.2117E-05   2.2184E-05 / 7.1830E-05   
5200   1.171E-03   6.6345E-05   1.0831E-04   6.6129E-05 / 1.0816E-04   
5210   1.171E-03   2.2739E-05   7.0929E-05   2.2662E-05 / 7.0879E-05   
5220   1.171E-03   2.1790E-05   6.7504E-05   2.1519E-05 / 6.7319E-05   
5230   1.171E-03   2.2664E-05   7.1062E-05   2.2660E-05 / 7.1061E-05   
5240   1.171E-03   2.1513E-05   6.9416E-05   2.1436E-05 / 6.9365E-05   
5250   1.171E-03   2.1868E-05   6.9534E-05   2.1830E-05 / 6.9510E-05   
5260   1.171E-03   2.2427E-05   6.9314E-05   2.2262E-05 / 6.9203E-05   
5270   1.171E-03   2.2004E-05   6.8425E-05   2.1911E-05 / 6.8362E-05   
5280   1.171E-03   2.2224E-05   7.0877E-05   2.2201E-05 / 7.0863E-05   
5290   1.171E-03   2.7117E-05   7.2544E-05   2.7053E-05 / 7.2500E-05   
5300   1.171E-03   2.1622E-05   6.8354E-05   2.1337E-05 / 6.8153E-05   
5310   1.171E-03   2.2130E-05   6.9104E-05   2.2011E-05 / 6.9020E-05   
5320   1.171E-03   2.4468E-05   6.8559E-05   2.4239E-05 / 6.8397E-05   
5330   1.171E-03   2.1699E-05   6.9455E-05   2.1668E-05 / 6.9436E-05   
5340   1.171E-03   3.1253E-05   8.7255E-05   3.1024E-05 / 8.7093E-05   
5350   1.171E-03   3.1088E-05   7.3439E-05   3.1018E-05 / 7.3391E-05   
5360   1.171E-03   2.1912E-05   6.9906E-05   2.1884E-05 / 6.9888E-05   
5370   1.171E-03   2.2386E-05   6.6266E-05   2.2349E-05 / 6.6242E-05   
5380   1.171E-03   2.8069E-05   7.5426E-05   2.8013E-05 / 7.5388E-05   
5390   1.171E-03   2.3190E-05   7.0483E-05   2.2984E-05 / 7.0334E-05   
5400   1.171E-03   2.1201E-05   6.6640E-05   2.1087E-05 / 6.6559E-05   
5410   1.171E-03   2.0936E-05   6.9167E-05   2.0887E-05 / 6.9132E-05   
5420   1.171E-03   2.1243E-05   6.9721E-05   2.1056E-05 / 6.9585E-05   
5430   1.171E-03   3.4217E-05   8.1662E-05   3.4211E-05 / 8.1659E-05   
5440   1.171E-03   2.4486E-05   6.8715E-05   2.4386E-05 / 6.8643E-05   
5450   1.171E-03   2.2940E-05   6.5902E-05   2.2860E-05 / 6.5844E-05   
5460   1.171E-03   2.0617E-05   6.5072E-05   2.0555E-05 / 6.5030E-05   
5470   1.171E-03   2.1546E-05   6.5330E-05   2.1326E-05 / 6.5168E-05   
5480   1.171E-03   2.3115E-05   6.5459E-05   2.2800E-05 / 6.5227E-05   
5490   1.171E-03   2.0787E-05   6.6203E-05   2.0746E-05 / 6.6176E-05   
5500   1.171E-03   2.0445E-05   6.6466E-05   2.0347E-05 / 6.6395E-05   
5510   1.171E-03   3.9720E-05   8.4377E-05   3.9691E-05 / 8.4363E-05   
5520   1.171E-03   2.2682E-05   6.9929E-05   2.2553E-05 / 6.9835E-05   
5530   1.171E-03   2.0337E-05   6.4786E-05   2.0063E-05 / 6.4580E-05   
5540   1.171E-03   2.0143E-05   6.4067E-05   2.0065E-05 / 6.4011E-05   
5550   1.171E-03   2.0213E-05   6.3881E-05   1.9961E-05 / 6.3692E-05   
5560   1.171E-03   2.0420E-05   6.4365E-05   2.0386E-05 / 6.4344E-05   
5570   1.171E-03   2.1372E-05   6.6268E-05   2.1232E-05 / 6.6165E-05   
5580   1.171E-03   2.0721E-05   6.5703E-05   2.0712E-05 / 6.5701E-05   
5590   1.171E-03   2.0076E-05   6.4925E-05   2.0008E-05 / 6.4880E-05   
5600   1.171E-03   2.1464E-05   6.6951E-05   2.1374E-05 / 6.6889E-05   
5610   1.171E-03   2.0101E-05   6.5915E-05   1.9872E-05 / 6.5746E-05   
5620   1.171E-03   2.9145E-05   7.0356E-05   2.8756E-05 / 7.0067E-05   
5630   1.171E-03   2.0857E-05   6.4430E-05   2.0470E-05 / 6.4146E-05   
5640   1.171E-03   1.9898E-05   6.4640E-05   1.9709E-05 / 6.4502E-05   
5650   1.171E-03   1.9865E-05   6.5051E-05   1.9682E-05 / 6.4917E-05   
5660   1.171E-03   2.5038E-05   6.9005E-05   2.4631E-05 / 6.8705E-05   
5670   1.171E-03   2.1362E-05   6.5093E-05   2.1298E-05 / 6.5053E-05   
5680   1.171E-03   2.1245E-05   6.7064E-05   2.1198E-05 / 6.7035E-05   
5690   1.171E-03   1.9991E-05   6.3976E-05   1.9828E-05 / 6.3857E-05   
5700   1.171E-03   2.2114E-05   6.7215E-05   2.2078E-05 / 6.7198E-05   
5710   1.171E-03   1.9821E-05   6.5851E-05   1.9553E-05 / 6.5655E-05   
5720   1.171E-03   5.7247E-05   9.5099E-05   5.6977E-05 / 9.4902E-05   
5730   1.171E-03   2.2305E-05   6.8639E-05   2.1862E-05 / 6.8318E-05   
5740   1.171E-03   2.0792E-05   6.2989E-05   2.0632E-05 / 6.2879E-05   
5750   1.171E-03   1.9820E-05   6.3281E-05   1.9567E-05 / 6.3101E-05   
5760   1.171E-03   2.0266E-05   6.0307E-05   2.0154E-05 / 6.0236E-05   
5770   1.171E-03   2.1297E-05   6.5150E-05   2.1221E-05 / 6.5101E-05   
5780   1.171E-03   2.1954E-05   6.8721E-05   2.1738E-05 / 6.8571E-05   
5790   1.171E-03   2.0901E-05   6.1466E-05   2.0828E-05 / 6.1421E-05   
5800   1.171E-03   2.0052E-05   6.2092E-05   1.9961E-05 / 6.2037E-05   
5810   1.171E-03   2.1793E-05   6.7379E-05   2.1786E-05 / 6.7373E-05   
5820   1.171E-03   2.0428E-05   6.5863E-05   2.0404E-05 / 6.5858E-05   
5830   1.171E-03   2.8906E-05   7.1099E-05   2.8874E-05 / 7.1087E-05   
5840   1.171E-03   6.2938E-05   9.4021E-05   6.2923E-05 / 9.4014E-05   
5850   1.171E-03   1.9054E-05   6.0934E-05   1.8932E-05 / 6.0860E-05   
5860   1.171E-03   1.9078E-05   6.1751E-05   1.8863E-05 / 6.1606E-05   
5870   1.171E-03   1.8712E-05   6.0627E-05   1.8644E-05 / 6.0588E-05   
5880   1.171E-03   1.9097E-05   6.0211E-05   1.9072E-05 / 6.0204E-05   
5890   1.171E-03   2.1356E-05   6.5721E-05   2.1104E-05 / 6.5550E-05   
5900   1.171E-03   3.7900E-05   7.5553E-05   3.7849E-05 / 7.5546E-05   
5910   1.171E-03   2.0742E-05   6.1150E-05   2.0475E-05 / 6.0967E-05   
5920   1.171E-03   2.1203E-05   6.5647E-05   2.1175E-05 / 6.5642E-05   
5930   1.171E-03   1.9406E-05   6.0474E-05   1.9213E-05 / 6.0350E-05   
5940   1.171E-03   1.9157E-05   6.1880E-05   1.8844E-05 / 6.1665E-05   
5950   1.171E-03   1.9189E-05   6.0604E-05   1.8858E-05 / 6.0375E-05   
5960   1.171E-03   1.9154E-05   6.3100E-05   1.9092E-05 / 6.3073E-05   
5970   1.171E-03   1.9798E-05   6.0023E-05   1.9754E-05 / 6.0009E-05   
5980   1.171E-03   6.7306E-05   1.0158E-04   6.7232E-05 / 1.0155E-04   
5990   1.171E-03   2.0107E-05   5.9774E-05   1.9918E-05 / 5.9656E-05   
6000   1.171E-03   1.8382E-05   5.9958E-05   1.8239E-05 / 5.9874E-05   
6010   1.171E-03   1.8629E-05   5.9827E-05   1.8431E-05 / 5.9705E-05   
6020   1.171E-03   1.8956E-05   6.1000E-05   1.8764E-05 / 6.0884E-05   
6030   1.171E-03   3.2459E-05   6.9287E-05   3.2297E-05 / 6.9195E-05   
6040   1.171E-03   1.9254E-05   6.1112E-05   1.8942E-05 / 6.0903E-05   
6050   1.171E-03   2.2197E-05   6.1893E-05   2.1811E-05 / 6.1625E-05   
6060   1.171E-03   1.9385E-05   6.3106E-05   1.8996E-05 / 6.2838E-05   
6070   1.171E-03   1.8525E-05   5.8678E-05   1.8379E-05 / 5.8600E-05   
6080   1.171E-03   1.9316E-05   6.0919E-05   1.9237E-05 / 6.0883E-05   
6090   1.171E-03   2.2454E-05   6.5675E-05   2.2411E-05 / 6.5666E-05   
6100   1.171E-03   2.4173E-05   5.9302E-05   2.3983E-05 / 5.9192E-05   
6110   1.171E-03   2.5923E-05   7.3773E-05   2.5749E-05 / 7.3675E-05   
6120   1.171E-03   2.0610E-05   6.1015E-05   2.0568E-05 / 6.1004E-05   
6130   1.171E-03   1.9181E-05   5.9363E-05   1.9127E-05 / 5.9349E-05   
6140   1.171E-03   1.7751E-05   5.8037E-05   1.7552E-05 / 5.7920E-05   
6150   1.171E-03   2.8977E-05   6.8507E-05   2.8746E-05 / 6.8366E-05   
6160   1.171E-03   2.0252E-05   5.6843E-05   2.0046E-05 / 5.6725E-05   
6170   1.171E-03   1.8102E-05   5.7245E-05   1.8028E-05 / 5.7217E-05   
6180   1.171E-03   1.7770E-05   5.6553E-05   1.7697E-05 / 5.6527E-05   
6190   1.171E-03   1.7923E-05   5.7871E-05   1.7765E-05 / 5.7788E-05   
6200   1.171E-03   1.7823E-05   5.7777E-05   1.7692E-05 / 5.7715E-05   
6210   1.171E-03   1.7893E-05   5.7779E-05   1.7739E-05 / 5.7700E-05   
6220   1.171E-03   2.1768E-05   6.5101E-05   2.1228E-05 / 6.4711E-05   
6230   1.171E-03   2.0111E-05   6.1082E-05   2.0086E-05 / 6.1081E-05   
6240   1.171E-03   2.9880E-05   7.8077E-05   2.9693E-05 / 7.7979E-05   
6250   1.171E-03   2.0641E-05   6.0538E-05   1.9651E-05 / 5.9780E-05   
6260   1.171E-03   1.8054E-05   5.6780E-05   1.7899E-05 / 5.6704E-05   
6270   1.171E-03   1.8092E-05   5.8741E-05   1.7981E-05 / 5.8695E-05   
6280   1.171E-03   2.5767E-05   6.2436E-05   2.5463E-05 / 6.2243E-05   
6290   1.171E-03   1.9618E-05   5.7524E-05   1.9572E-05 / 5.7504E-05   
6300   1.171E-03   1.9012E-05   5.7349E-05   1.8901E-05 / 5.7307E-05   
6310   1.171E-03   1.7771E-05   5.6218E-05   1.7183E-05 / 5.5792E-05   
6320   1.171E-03   1.8284E-05   5.7666E-05   1.7783E-05 / 5.7312E-05   
6330   1.171E-03   1.7871E-05   5.6321E-05   1.7760E-05 / 5.6280E-05   
6340   1.171E-03   3.1940E-05   7.4105E-05   3.1841E-05 / 7.4067E-05   
6350   1.171E-03   1.9290E-05   5.6856E-05   1.8979E-05 / 5.6661E-05   
6360   1.171E-03   1.8297E-05   5.8212E-05   1.8074E-05 / 5.8087E-05   
6370   1.171E-03   2.0683E-05   5.8482E-05   2.0503E-05 / 5.8391E-05   
6380   1.171E-03   1.9234E-05   5.7490E-05   1.9075E-05 / 5.7414E-05   
6390   1.171E-03   1.7930E-05   5.7421E-05   1.7622E-05 / 5.7227E-05   
6400   1.171E-03   2.0329E-05   6.1557E-05   2.0286E-05 / 6.1551E-05   
6410   1.171E-03   1.8810E-05   5.7426E-05   1.8688E-05 / 5.7378E-05   
6420   1.171E-03   1.9628E-05   5.5693E-05   1.9324E-05 / 5.5506E-05   
6430   1.171E-03   1.7407E-05   5.4674E-05   1.7210E-05 / 5.4575E-05   
6440   1.171E-03   2.0537E-05   5.9785E-05   2.0477E-05 / 5.9775E-05   
6450   1.171E-03   1.9608E-05   5.6947E-05   1.9439E-05 / 5.6869E-05   
6460   1.171E-03   2.2428E-05   6.3021E-05   2.2254E-05 / 6.2938E-05   
6470   1.171E-03   1.8692E-05   5.8078E-05   1.8591E-05 / 5.8044E-05   
6480   1.171E-03   1.7079E-05   5.5246E-05   1.6745E-05 / 5.5037E-05   
6490   1.171E-03   1.8057E-05   5.6424E-05   1.7999E-05 / 5.6414E-05   
6500   1.171E-03   1.7373E-05   5.5630E-05   1.7161E-05 / 5.5522E-05   
6510   1.171E-03   1.9103E-05   5.5049E-05   1.9078E-05 / 5.5045E-05   
6520   1.171E-03   1.7113E-05   5.4215E-05   1.6958E-05 / 5.4149E-05   
6530   1.171E-03   2.3126E-05   5.5800E-05   2.3060E-05 / 5.5781E-05   
6540   1.171E-03   3.4311E-05   7.6636E-05   3.4085E-05 / 7.6518E-05   
6550   1.171E-03   1.6624E-05   5.5201E-05   1.6436E-05 / 5.5108E-05   
6560   1.171E-03   2.4648E-05   6.8716E-05   2.4476E-05 / 6.8639E-05   
6570   1.171E-03   1.8000E-05   5.3261E-05   1.7942E-05 / 5.3255E-05   
6580   1.171E-03   1.9442E-05   5.6409E-05   1.9162E-05 / 5.6250E-05   
6590   1.171E-03   1.8554E-05   5.4414E-05   1.8365E-05 / 5.4322E-05   
6600   1.171E-03   2.2571E-05   5.4013E-05   2.2421E-05 / 5.3951E-05   
6610   1.171E-03   1.7744E-05   5.2352E-05   1.7587E-05 / 5.2282E-05   
6620   1.171E-03   1.7345E-05   5.2114E-05   1.7101E-05 / 5.1984E-05   
6630   1.171E-03   1.7657E-05   5.5373E-05   1.7489E-05 / 5.5295E-05   
6640   1.171E-03   1.8089E-05   5.6178E-05   1.7962E-05 / 5.6133E-05   
6650   1.171E-03   1.7012E-05   5.3264E-05   1.6628E-05 / 5.3023E-05   
6660   1.171E-03   1.7029E-05   5.3415E-05   1.6897E-05 / 5.3366E-05   
6670   1.171E-03   2.2198E-05   6.0555E-05   2.1759E-05 / 6.0272E-05   
6680   1.171E-03   1.8369E-05   5.6361E-05   1.8298E-05 / 5.6350E-05   
6690   1.171E-03   1.7420E-05   5.2435E-05   1.7225E-05 / 5.2338E-05   
6700   1.171E-03   2.1676E-05   5.5374E-05   2.1659E-05 / 5.5365E-05   
6710   1.171E-03   1.9848E-05   5.7286E-05   1.9031E-05 / 5.6696E-05   
6720   1.171E-03   1.6631E-05   5.5696E-05   1.6493E-05 / 5.5646E-05   
6730   1.171E-03   1.8366E-05   5.5783E-05   1.8335E-05 / 5.5778E-05   
6740   1.171E-03   2.1132E-05   5.8382E-05   2.1113E-05 / 5.8379E-05   
6750   1.171E-03   4.5230E-05   8.1058E-05   4.4704E-05 / 8.0707E-05   
6760   1.171E-03   1.6396E-05   5.1287E-05   1.6240E-05 / 5.1227E-05   
6770   1.171E-03   1.6705E-05   5.1320E-05   1.6634E-05 / 5.1311E-05   
6780   1.171E-03   1.7163E-05   5.0979E-05   1.7009E-05 / 5.0918E-05   
6790   1.171E-03   1.6473E-05   5.3219E-05   1.6369E-05 / 5.3190E-05   
6800   1.171E-03   1.7248E-05   5.4161E-05   1.6915E-05 / 5.3969E-05   
6810   1.171E-03   1.6985E-05   5.3197E-05   1.6139E-05 / 5.2587E-05   
6820   1.171E-03   1.8938E-05   5.6217E-05   1.8858E-05 / 5.6206E-05   
6830   1.171E-03   1.7243E-05   5.2523E-05   1.7020E-05 / 5.2416E-05   
6840   1.171E-03   2.9878E-05   6.1098E-05   2.9797E-05 / 6.1085E-05   
6850   1.171E-03   1.9595E-05   5.1510E-05   1.9361E-05 / 5.1395E-05   
6860   1.171E-03   1.6770E-05   5.1003E-05   1.6706E-05 / 5.0995E-05   
6870   1.171E-03   2.5848E-05   5.8848E-05   2.5614E-05 / 5.8729E-05   
6880   1.171E-03   1.6315E-05   5.3993E-05   1.6157E-05 / 5.3928E-05   
6890   1.171E-03   1.8204E-05   5.5821E-05   1.8114E-05 / 5.5800E-05   
6900   1.171E-03   1.8097E-05   5.1150E-05   1.7906E-05 / 5.1068E-05   
6910   1.171E-03   1.7627E-05   5.3656E-05   1.7420E-05 / 5.3562E-05   
6920   1.171E-03   1.7597E-05   5.3033E-05   1.7210E-05 / 5.2801E-05   
6930   1.171E-03   1.6594E-05   4.9598E-05   1.6480E-05 / 4.9563E-05   
6940   1.171E-03   1.6218E-05   5.1436E-05   1.5809E-05 / 5.1188E-05   
6950   1.171E-03   1.6141E-05   5.3385E-05   1.5932E-05 / 5.3289E-05   
6960   1.171E-03   1.6654E-05   5.0796E-05   1.6403E-05 / 5.0671E-05   
6970   1.171E-03   1.6676E-05   5.0930E-05   1.6512E-05 / 5.0864E-05   
6980   1.171E-03   1.6990E-05   5.0603E-05   1.6810E-05 / 5.0526E-05   
6990   1.171E-03   2.1366E-05   5.2165E-05   2.1047E-05 / 5.1989E-05   
7000   1.171E-03   1.7559E-05   5.1607E-05   1.7447E-05 / 5.1579E-05   
7010   1.171E-03   1.8342E-05   5.4373E-05   1.8074E-05 / 5.4236E-05   
7020   1.171E-03   1.6101E-05   5.1922E-05   1.5947E-05 / 5.1861E-05   
7030   1.171E-03   1.6487E-05   5.4530E-05   1.6044E-05 / 5.4260E-05   
7040   1.171E-03   1.6751E-05   5.4242E-05   1.6642E-05 / 5.4217E-05   
7050   1.171E-03   1.7033E-05   5.1057E-05   1.6458E-05 / 5.0682E-05   
7060   1.171E-03   1.6327E-05   4.9837E-05   1.6215E-05 / 4.9808E-05   
7070   1.171E-03   1.9945E-05   5.7650E-05   1.9843E-05 / 5.7625E-05   
7080   1.171E-03   1.6924E-05   5.4073E-05   1.6835E-05 / 5.4058E-05   
7090   1.171E-03   1.5845E-05   5.1000E-05   1.5755E-05 / 5.0985E-05   
7100   1.171E-03   2.0912E-05   5.4440E-05   2.0261E-05 / 5.4004E-05   
7110   1.171E-03   1.6311E-05   4.8935E-05   1.6229E-05 / 4.8924E-05   
7120   1.171E-03   1.5942E-05   4.9613E-05   1.5799E-05 / 4.9567E-05   
7130   1.171E-03   1.5511E-05   4.9456E-05   1.5061E-05 / 4.9190E-05   
7140   1.171E-03   1.7149E-05   5.4910E-05   1.6855E-05 / 5.4761E-05   
7150   1.171E-03   1.6259E-05   5.0375E-05   1.6129E-05 / 5.0339E-05   
7160   1.171E-03   2.1583E-05   5.6491E-05   2.1355E-05 / 5.6389E-05   
7170   1.171E-03   1.7032E-05   5.4390E-05   1.6836E-05 / 5.4310E-05   
7180   1.171E-03   1.6397E-05   4.9155E-05   1.6249E-05 / 4.9107E-05   
7190   1.171E-03   1.5679E-05   4.8541E-05   1.5553E-05 / 4.8507E-05   
7200   1.171E-03   1.7148E-05   5.0228E-05   1.7093E-05 / 5.0220E-05   
7210   1.171E-03   2.4342E-05   5.9212E-05   2.3825E-05 / 5.8893E-05   
7220   1.171E-03   1.6282E-05   4.9826E-05   1.5704E-05 / 4.9458E-05   
7230   1.171E-03   1.5828E-05   4.6518E-05   1.5538E-05 / 4.6373E-05   
7240   1.171E-03   1.6164E-05   4.9747E-05   1.6050E-05 / 4.9721E-05   
7250   1.171E-03   1.5527E-05   4.9251E-05   1.5491E-05 / 4.9249E-05   
7260   1.171E-03   1.6415E-05   5.0799E-05   1.6152E-05 / 5.0673E-05   
7270   1.171E-03   1.5435E-05   4.7976E-05   1.5375E-05 / 4.7970E-05   
7280   1.171E-03   1.4918E-05   4.8617E-05   1.4595E-05 / 4.8447E-05   
7290   1.171E-03   1.7064E-05   5.0575E-05   1.6954E-05 / 5.0553E-05   
7300   1.171E-03   1.9170E-05   5.4949E-05   1.8895E-05 / 5.4818E-05   
7310   1.171E-03   1.6236E-05   4.8426E-05   1.5988E-05 / 4.8318E-05   
7320   1.171E-03   1.5399E-05   4.8361E-05   1.5071E-05 / 4.8191E-05   
7330   1.171E-03   1.5100E-05   4.8355E-05   1.4934E-05 / 4.8296E-05   
7340   1.171E-03   1.5103E-05   4.8964E-05   1.4994E-05 / 4.8942E-05   
7350   1.171E-03   1.6779E-05   5.0277E-05   1.6755E-05 / 5.0277E-05   
7360   1.171E-03   1.6679E-05   4.8782E-05   1.6468E-05 / 4.8697E-05   
7370   1.171E-03   4.1080E-05   6.7174E-05   4.0594E-05 / 6.6890E-05   
7380   1.171E-03   1.4821E-05   4.5856E-05   1.4654E-05 / 4.5802E-05   
7390   1.171E-03   1.4856E-05   4.7431E-05   1.4809E-05 / 4.7430E-05   
7400   1.171E-03   1.4925E-05   4.8141E-05   1.4824E-05 / 4.8126E-05   
7410   1.171E-03   1.5569E-05   4.9012E-05   1.5433E-05 / 4.8977E-05   
7420   1.171E-03   1.4642E-05   4.8389E-05   1.4363E-05 / 4.8260E-05   
7430   1.171E-03   1.5185E-05   4.8417E-05   1.4989E-05 / 4.8343E-05   
7440   1.171E-03   1.5497E-05   4.6520E-05   1.5108E-05 / 4.6310E-05   
7450   1.171E-03   1.7189E-05   4.8820E-05   1.7020E-05 / 4.8764E-05   
7460   1.171E-03   1.6474E-05   5.0918E-05   1.6099E-05 / 5.0720E-05   
7470   1.171E-03   1.6826E-05   4.5999E-05   1.6405E-05 / 4.5767E-05   
7480   1.171E-03   1.5901E-05   4.8603E-05   1.5692E-05 / 4.8523E-05   
7490   1.171E-03   1.5501E-05   4.8393E-05   1.5209E-05 / 4.8258E-05   
7500   1.171E-03   1.5195E-05   4.9195E-05   1.5085E-05 / 4.9175E-05   
7510   1.171E-03   1.4509E-05   4.6796E-05   1.4241E-05 / 4.6676E-05   
7520   1.171E-03   2.0813E-05   5.3584E-05   2.0377E-05 / 5.3344E-05   
7530   1.171E-03   1.6681E-05   5.0758E-05   1.6463E-05 / 5.0675E-05   
7540   1.171E-03   1.5480E-05   5.0527E-05   1.5260E-05 / 5.0443E-05   
7550   1.171E-03   1.5819E-05   4.8469E-05   1.5681E-05 / 4.8436E-05   
7560   1.171E-03   1.6453E-05   4.6869E-05   1.6339E-05 / 4.6849E-05   
7570   1.171E-03   1.4367E-05   4.6071E-05   1.3911E-05 / 4.5822E-05   
7580   1.171E-03   1.6708E-05   4.8292E-05   1.6707E-05 / 4.8292E-05   
7590   1.171E-03   1.4856E-05   4.6560E-05   1.4655E-05 / 4.6488E-05   
7600   1.171E-03   1.8228E-05   5.1129E-05   1.7874E-05 / 5.0954E-05   
7610   1.171E-03   1.5398E-05   4.7199E-05   1.5142E-05 / 4.7092E-05   
7620   1.171E-03   1.7652E-05   4.7437E-05   1.7234E-05 / 4.7217E-05   
7630   1.171E-03   1.6665E-05   5.0333E-05   1.6586E-05 / 5.0326E-05   
7640   1.171E-03   2.4810E-05   5.2713E-05   2.4624E-05 / 5.2653E-05   
7650   1.171E-03   1.5399E-05   4.5556E-05   1.5126E-05 / 4.5442E-05   
7660   1.171E-03   1.5074E-05   4.3902E-05   1.4629E-05 / 4.3666E-05   
7670   1.171E-03   1.4388E-05   4.5715E-05   1.4320E-05 / 4.5711E-05   
7680   1.171E-03   1.6357E-05   4.7594E-05   1.6335E-05 / 4.7594E-05   
7690   1.171E-03   1.5013E-05   4.4990E-05   1.4561E-05 / 4.4749E-05   
7700   1.171E-03   1.6333E-05   4.7678E-05   1.6253E-05 / 4.7671E-05   
7710   1.171E-03   4.3284E-05   5.5195E-05   4.3233E-05 / 5.5192E-05   
7720   1.171E-03   1.7368E-05   4.8924E-05   1.7365E-05 / 4.8924E-05   
7730   1.171E-03   1.3800E-05   4.4095E-05   1.3577E-05 / 4.4012E-05   
7740   1.171E-03   1.4252E-05   4.5114E-05   1.4173E-05 / 4.5108E-05   
7750   1.171E-03   1.4200E-05   4.4563E-05   1.4013E-05 / 4.4506E-05   
7760   1.171E-03   1.4200E-05   4.3731E-05   1.3977E-05 / 4.3652E-05   
7770   1.171E-03   1.5121E-05   4.6227E-05   1.4915E-05 / 4.6157E-05   
7780   1.171E-03   2.2104E-05   5.0442E-05   2.1974E-05 / 5.0418E-05   
7790   1.171E-03   1.6071E-05   5.1379E-05   1.5801E-05 / 5.1271E-05   
7800   1.171E-03   1.5709E-05   4.6287E-05   1.5440E-05 / 4.6180E-05   
7810   1.171E-03   1.5111E-05   4.7598E-05   1.4997E-05 / 4.7581E-05   
7820   1.171E-03   1.4606E-05   4.5823E-05   1.4416E-05 / 4.5766E-05   
7830   1.171E-03   1.4598E-05   4.5925E-05   1.4256E-05 / 4.5770E-05   
7840   1.171E-03   1.4028E-05   4.4981E-05   1.3753E-05 / 4.4872E-05   
7850   1.171E-03   1.4409E-05   4.5115E-05   1.4268E-05 / 4.5086E-05   
7860   1.171E-03   1.6641E-05   4.4002E-05   1.6516E-05 / 4.3979E-05   
7870   1.171E-03   1.6641E-05   4.7741E-05   1.6641E-05 / 4.7741E-05   
7880   1.171E-03   1.4140E-05   4.5086E-05   1.3608E-05 / 4.4803E-05   
7890   1.171E-03   1.3760E-05   4.3430E-05   1.3426E-05 / 4.3284E-05   
7900   1.171E-03   1.5337E-05   4.4263E-05   1.5129E-05 / 4.4198E-05   
7910   1.171E-03   1.5088E-05   4.3438E-05   1.4954E-05 / 4.3414E-05   
7920   1.171E-03   1.5209E-05   4.3874E-05   1.5074E-05 / 4.3849E-05   
7930   1.171E-03   1.4440E-05   4.4257E-05   1.4198E-05 / 4.4175E-05   
7940   1.171E-03   1.8732E-05   5.2431E-05   1.8361E-05 / 5.2261E-05   
7950   1.171E-03   1.4095E-05   4.2983E-05   1.4020E-05 / 4.2978E-05   
7960   1.171E-03   1.5110E-05   4.4030E-05   1.5028E-05 / 4.4024E-05   
7970   1.171E-03   1.4341E-05   4.2837E-05   1.4266E-05 / 4.2833E-05   
7980   1.171E-03   1.4842E-05   4.6572E-05   1.4761E-05 / 4.6566E-05   
7990   1.171E-03   1.4560E-05   4.4563E-05   1.4210E-05 / 4.4411E-05   
8000   1.171E-03   1.5665E-05   4.7311E-05   1.5308E-05 / 4.7155E-05   
===============================================================================================================
Saved model to /home/nikki/kan/kanTBNN/models/multi_run/kan_experiment_46_opt/kanTBNN-24Nov06_02:03:42.pickle
