========== Dataset info ==========
Dataset params: {'file': '/home/nikki/kan/data/turbulence_dataset_clean.csv', 'Cases': ['fp_1000', 'fp_1410', 'fp_2000', 'fp_2540', 'fp_3030', 'fp_3270', 'fp_3630', 'fp_3970', 'fp_4060'], 'val_set': ['fp_3030', 'fp_1410', 'fp_4060'], 'test_set': ['fp_3630'], 'data_loader': <class 'tbnn.dataloaders.aDataset'>}
Train/Valid/Test points: 760 / 468 / 168
Memorization?: False
Cluster training?: False
EPOCH     LR        TRAIN         VALID             MSE:T/V                  RL:T/V             %NR_t/%NR_v
===============================================================================================================
  1   1.165E-04   1.8232E-01   1.7515E-01   1.8232E-01 / 1.7515E-01   
 10   1.165E-04   1.6669E-01   1.5978E-01   1.6669E-01 / 1.5978E-01   
 20   1.165E-04   1.5091E-01   1.4430E-01   1.5091E-01 / 1.4430E-01   
 30   1.165E-04   1.3626E-01   1.3000E-01   1.3626E-01 / 1.3000E-01   
 40   1.165E-04   1.2246E-01   1.1658E-01   1.2246E-01 / 1.1658E-01   
 50   1.165E-04   1.0918E-01   1.0369E-01   1.0918E-01 / 1.0369E-01   
 60   1.165E-04   9.6439E-02   9.1378E-02   9.6439E-02 / 9.1378E-02   
 70   1.165E-04   8.4919E-02   8.0307E-02   8.4919E-02 / 8.0307E-02   
 80   1.165E-04   7.5365E-02   7.1176E-02   7.5365E-02 / 7.1176E-02   
 90   1.165E-04   6.7489E-02   6.3686E-02   6.7489E-02 / 6.3686E-02   
100   1.165E-04   6.0563E-02   5.7123E-02   6.0563E-02 / 5.7123E-02   
110   1.165E-04   5.4379E-02   5.1267E-02   5.4379E-02 / 5.1267E-02   
120   1.165E-04   4.8848E-02   4.6018E-02   4.8848E-02 / 4.6018E-02   
130   1.165E-04   4.3817E-02   4.1239E-02   4.3817E-02 / 4.1239E-02   
140   1.165E-04   3.9162E-02   3.6823E-02   3.9162E-02 / 3.6822E-02   
150   1.165E-04   3.4884E-02   3.2782E-02   3.4878E-02 / 3.2771E-02   
160   1.165E-04   3.1213E-02   2.9333E-02   3.1184E-02 / 2.9298E-02   
170   1.165E-04   2.8231E-02   2.6550E-02   2.8185E-02 / 2.6497E-02   
180   1.165E-04   2.5827E-02   2.4312E-02   2.5775E-02 / 2.4253E-02   
190   1.165E-04   2.3827E-02   2.2446E-02   2.3778E-02 / 2.2392E-02   
200   1.165E-04   2.2111E-02   2.0838E-02   2.2066E-02 / 2.0788E-02   
210   1.165E-04   2.0607E-02   1.9422E-02   2.0562E-02 / 1.9373E-02   
220   1.165E-04   1.9190E-02   1.8087E-02   1.9144E-02 / 1.8036E-02   
230   1.165E-04   1.7889E-02   1.6864E-02   1.7843E-02 / 1.6813E-02   
240   1.165E-04   1.6671E-02   1.5720E-02   1.6624E-02 / 1.5669E-02   
250   1.165E-04   1.5503E-02   1.4620E-02   1.5458E-02 / 1.4571E-02   
260   1.165E-04   1.4356E-02   1.3536E-02   1.4313E-02 / 1.3490E-02   
270   1.165E-04   1.3247E-02   1.2489E-02   1.3208E-02 / 1.2447E-02   
280   1.165E-04   1.2214E-02   1.1514E-02   1.2180E-02 / 1.1479E-02   
290   1.165E-04   1.1250E-02   1.0609E-02   1.1222E-02 / 1.0580E-02   
300   1.165E-04   1.0369E-02   9.7836E-03   1.0346E-02 / 9.7603E-03   
310   1.165E-04   9.5592E-03   9.0261E-03   9.5413E-03 / 9.0080E-03   
320   1.165E-04   8.8293E-03   8.3424E-03   8.8156E-03 / 8.3288E-03   
330   1.165E-04   8.1746E-03   7.7285E-03   8.1642E-03 / 7.7184E-03   
340   1.165E-04   7.5917E-03   7.1819E-03   7.5842E-03 / 7.1748E-03   
350   1.165E-04   7.0787E-03   6.7014E-03   7.0733E-03 / 6.6965E-03   
360   1.165E-04   6.6297E-03   6.2817E-03   6.6242E-03 / 6.2764E-03   
370   1.165E-04   6.2317E-03   5.9099E-03   6.2247E-03 / 5.9029E-03   
380   1.165E-04   5.8773E-03   5.5792E-03   5.8687E-03 / 5.5704E-03   
390   1.165E-04   5.5617E-03   5.2848E-03   5.5517E-03 / 5.2745E-03   
400   1.165E-04   5.2742E-03   5.0167E-03   5.2638E-03 / 5.0058E-03   
410   1.165E-04   5.0132E-03   4.7733E-03   5.0030E-03 / 4.7625E-03   
420   1.165E-04   4.7764E-03   4.5525E-03   4.7667E-03 / 4.5422E-03   
430   1.165E-04   4.5602E-03   4.3510E-03   4.5509E-03 / 4.3413E-03   
440   1.165E-04   4.3628E-03   4.1673E-03   4.3543E-03 / 4.1583E-03   
450   1.165E-04   4.1808E-03   3.9974E-03   4.1733E-03 / 3.9893E-03   
460   1.165E-04   4.0152E-03   3.8426E-03   4.0085E-03 / 3.8355E-03   
470   1.165E-04   3.8634E-03   3.7005E-03   3.8576E-03 / 3.6942E-03   
480   1.165E-04   3.7276E-03   3.5730E-03   3.7220E-03 / 3.5671E-03   
490   1.165E-04   3.6061E-03   3.4596E-03   3.5989E-03 / 3.4521E-03   
500   1.165E-04   3.4982E-03   3.3589E-03   3.4884E-03 / 3.3488E-03   
510   1.165E-04   3.4011E-03   3.2682E-03   3.3884E-03 / 3.2554E-03   
520   1.165E-04   3.3116E-03   3.1843E-03   3.2967E-03 / 3.1695E-03   
530   1.165E-04   3.2280E-03   3.1059E-03   3.2108E-03 / 3.0892E-03   
540   1.165E-04   3.1498E-03   3.0325E-03   3.1312E-03 / 3.0147E-03   
550   1.165E-04   3.0758E-03   2.9630E-03   3.0564E-03 / 2.9443E-03   
560   1.165E-04   3.0051E-03   2.8964E-03   2.9852E-03 / 2.8773E-03   
570   1.165E-04   2.9372E-03   2.8323E-03   2.9173E-03 / 2.8133E-03   
580   1.165E-04   2.8720E-03   2.7708E-03   2.8523E-03 / 2.7521E-03   
590   1.165E-04   2.8091E-03   2.7114E-03   2.7902E-03 / 2.6934E-03   
600   1.165E-04   2.7488E-03   2.6544E-03   2.7311E-03 / 2.6375E-03   
610   1.165E-04   2.6896E-03   2.5987E-03   2.6733E-03 / 2.5831E-03   
620   1.165E-04   2.6327E-03   2.5446E-03   2.6180E-03 / 2.5304E-03   
630   1.165E-04   2.5773E-03   2.4921E-03   2.5644E-03 / 2.4797E-03   
640   1.165E-04   2.5239E-03   2.4415E-03   2.5129E-03 / 2.4307E-03   
650   1.165E-04   2.4713E-03   2.3917E-03   2.4615E-03 / 2.3821E-03   
660   1.165E-04   2.4207E-03   2.3436E-03   2.4122E-03 / 2.3352E-03   
670   1.165E-04   2.3710E-03   2.2964E-03   2.3635E-03 / 2.2890E-03   
680   1.165E-04   2.3224E-03   2.2501E-03   2.3158E-03 / 2.2436E-03   
690   1.165E-04   2.2745E-03   2.2043E-03   2.2687E-03 / 2.1986E-03   
700   1.165E-04   2.2287E-03   2.1610E-03   2.2235E-03 / 2.1560E-03   
710   1.165E-04   2.1836E-03   2.1172E-03   2.1787E-03 / 2.1126E-03   
720   1.165E-04   2.1403E-03   2.0758E-03   2.1357E-03 / 2.0715E-03   
730   1.165E-04   2.0979E-03   2.0351E-03   2.0932E-03 / 2.0310E-03   
740   1.165E-04   2.0566E-03   1.9955E-03   2.0522E-03 / 1.9917E-03   
750   1.165E-04   2.0166E-03   1.9567E-03   2.0122E-03 / 1.9529E-03   
760   1.165E-04   1.9777E-03   1.9196E-03   1.9733E-03 / 1.9158E-03   
770   1.165E-04   1.9401E-03   1.8834E-03   1.9357E-03 / 1.8796E-03   
780   1.165E-04   1.9038E-03   1.8488E-03   1.8993E-03 / 1.8449E-03   
790   1.165E-04   1.8687E-03   1.8149E-03   1.8641E-03 / 1.8110E-03   
800   1.165E-04   1.8346E-03   1.7820E-03   1.8298E-03 / 1.7779E-03   
810   1.165E-04   1.8013E-03   1.7495E-03   1.7963E-03 / 1.7454E-03   
820   1.165E-04   1.7687E-03   1.7185E-03   1.7636E-03 / 1.7141E-03   
830   1.165E-04   1.7368E-03   1.6880E-03   1.7314E-03 / 1.6834E-03   
840   1.165E-04   1.7056E-03   1.6577E-03   1.7006E-03 / 1.6534E-03   
850   1.165E-04   1.6752E-03   1.6289E-03   1.6703E-03 / 1.6246E-03   
860   1.165E-04   1.6450E-03   1.5997E-03   1.6401E-03 / 1.5954E-03   
870   1.165E-04   1.6159E-03   1.5717E-03   1.6113E-03 / 1.5676E-03   
880   1.165E-04   1.5874E-03   1.5443E-03   1.5829E-03 / 1.5404E-03   
890   1.165E-04   1.5593E-03   1.5170E-03   1.5550E-03 / 1.5132E-03   
900   1.165E-04   1.5324E-03   1.4914E-03   1.5284E-03 / 1.4879E-03   
910   1.165E-04   1.5060E-03   1.4657E-03   1.5022E-03 / 1.4624E-03   
920   1.165E-04   1.4803E-03   1.4411E-03   1.4766E-03 / 1.4379E-03   
930   1.165E-04   1.4554E-03   1.4169E-03   1.4520E-03 / 1.4139E-03   
940   1.165E-04   1.4310E-03   1.3938E-03   1.4276E-03 / 1.3909E-03   
950   1.165E-04   1.4073E-03   1.3711E-03   1.4041E-03 / 1.3683E-03   
960   1.165E-04   1.3840E-03   1.3485E-03   1.3809E-03 / 1.3458E-03   
970   1.165E-04   1.3615E-03   1.3268E-03   1.3586E-03 / 1.3243E-03   
980   1.165E-04   1.3393E-03   1.3052E-03   1.3365E-03 / 1.3028E-03   
990   1.165E-04   1.3178E-03   1.2848E-03   1.3152E-03 / 1.2825E-03   
1000   1.165E-04   1.2968E-03   1.2645E-03   1.2943E-03 / 1.2624E-03   
1010   1.165E-04   1.2762E-03   1.2443E-03   1.2737E-03 / 1.2422E-03   
1020   1.165E-04   1.2562E-03   1.2251E-03   1.2538E-03 / 1.2232E-03   
1030   1.165E-04   1.2367E-03   1.2063E-03   1.2343E-03 / 1.2044E-03   
1040   1.165E-04   1.2177E-03   1.1882E-03   1.2154E-03 / 1.1863E-03   
1050   1.165E-04   1.1990E-03   1.1703E-03   1.1969E-03 / 1.1686E-03   
1060   1.165E-04   1.1811E-03   1.1533E-03   1.1790E-03 / 1.1516E-03   
1070   1.165E-04   1.1633E-03   1.1359E-03   1.1612E-03 / 1.1342E-03   
1080   1.165E-04   1.1459E-03   1.1194E-03   1.1439E-03 / 1.1178E-03   
1090   1.165E-04   1.1292E-03   1.1034E-03   1.1271E-03 / 1.1017E-03   
1100   1.165E-04   1.1126E-03   1.0874E-03   1.1107E-03 / 1.0857E-03   
1110   1.165E-04   1.0967E-03   1.0720E-03   1.0948E-03 / 1.0704E-03   
1120   1.165E-04   1.0808E-03   1.0574E-03   1.0790E-03 / 1.0558E-03   
1130   1.165E-04   1.0654E-03   1.0428E-03   1.0635E-03 / 1.0411E-03   
1140   1.165E-04   1.0504E-03   1.0280E-03   1.0485E-03 / 1.0263E-03   
1150   1.165E-04   1.0358E-03   1.0144E-03   1.0340E-03 / 1.0128E-03   
1160   1.165E-04   1.0218E-03   1.0010E-03   1.0201E-03 / 9.9949E-04   
1170   1.165E-04   1.0080E-03   9.8753E-04   1.0063E-03 / 9.8609E-04   
1180   1.165E-04   9.9434E-04   9.7437E-04   9.9261E-04 / 9.7290E-04   
1190   1.165E-04   9.8129E-04   9.6232E-04   9.7956E-04 / 9.6086E-04   
1200   1.165E-04   9.6856E-04   9.4994E-04   9.6688E-04 / 9.4852E-04   
1210   1.165E-04   9.5603E-04   9.3817E-04   9.5430E-04 / 9.3669E-04   
1220   1.165E-04   9.4395E-04   9.2638E-04   9.4216E-04 / 9.2483E-04   
1230   1.165E-04   9.3219E-04   9.1548E-04   9.3045E-04 / 9.1397E-04   
1240   1.165E-04   9.2065E-04   9.0394E-04   9.1892E-04 / 9.0244E-04   
1250   1.165E-04   9.0932E-04   8.9291E-04   9.0758E-04 / 8.9139E-04   
1260   1.165E-04   8.9826E-04   8.8242E-04   8.9649E-04 / 8.8088E-04   
1270   1.165E-04   8.8757E-04   8.7242E-04   8.8577E-04 / 8.7086E-04   
1280   1.165E-04   8.7688E-04   8.6157E-04   8.7507E-04 / 8.5997E-04   
1290   1.165E-04   8.6654E-04   8.5160E-04   8.6474E-04 / 8.5000E-04   
1300   1.165E-04   8.5632E-04   8.4186E-04   8.5458E-04 / 8.4030E-04   
1310   1.165E-04   8.4642E-04   8.3217E-04   8.4484E-04 / 8.3073E-04   
1320   1.165E-04   8.3670E-04   8.2267E-04   8.3501E-04 / 8.2110E-04   
1330   1.165E-04   8.2710E-04   8.1304E-04   8.2545E-04 / 8.1150E-04   
1340   1.165E-04   8.1771E-04   8.0345E-04   8.1610E-04 / 8.0193E-04   
1350   1.165E-04   8.0850E-04   7.9478E-04   8.0690E-04 / 7.9327E-04   
1360   1.165E-04   7.9948E-04   7.8580E-04   7.9791E-04 / 7.8431E-04   
1370   1.165E-04   7.9053E-04   7.7712E-04   7.8894E-04 / 7.7562E-04   
1380   1.165E-04   7.8188E-04   7.6895E-04   7.8032E-04 / 7.6749E-04   
1390   1.165E-04   7.7336E-04   7.6014E-04   7.7181E-04 / 7.5871E-04   
1400   1.165E-04   7.6503E-04   7.5207E-04   7.6345E-04 / 7.5063E-04   
1410   1.165E-04   7.5684E-04   7.4404E-04   7.5536E-04 / 7.4271E-04   
1420   1.165E-04   7.4881E-04   7.3607E-04   7.4736E-04 / 7.3477E-04   
1430   1.165E-04   7.4083E-04   7.2830E-04   7.3939E-04 / 7.2703E-04   
1440   1.165E-04   7.3305E-04   7.2044E-04   7.3161E-04 / 7.1918E-04   
1450   1.165E-04   7.2553E-04   7.1285E-04   7.2409E-04 / 7.1158E-04   
1460   1.165E-04   7.1805E-04   7.0567E-04   7.1669E-04 / 7.0446E-04   
1470   1.165E-04   7.1068E-04   6.9795E-04   7.0926E-04 / 6.9667E-04   
1480   1.165E-04   7.0336E-04   6.9085E-04   7.0198E-04 / 6.8960E-04   
1490   1.165E-04   6.9620E-04   6.8396E-04   6.9480E-04 / 6.8268E-04   
1500   1.165E-04   6.8924E-04   6.7707E-04   6.8794E-04 / 6.7585E-04   
1510   1.165E-04   6.8225E-04   6.6991E-04   6.8092E-04 / 6.6866E-04   
1520   1.165E-04   6.7566E-04   6.6325E-04   6.7441E-04 / 6.6207E-04   
1530   1.165E-04   6.6909E-04   6.5671E-04   6.6784E-04 / 6.5551E-04   
1540   1.165E-04   6.6212E-04   6.5014E-04   6.6084E-04 / 6.4891E-04   
1550   1.165E-04   6.5580E-04   6.4401E-04   6.5458E-04 / 6.4283E-04   
1560   1.165E-04   6.4943E-04   6.3739E-04   6.4816E-04 / 6.3618E-04   
1570   1.165E-04   6.4292E-04   6.3072E-04   6.4174E-04 / 6.2958E-04   
1580   1.165E-04   6.3672E-04   6.2467E-04   6.3555E-04 / 6.2356E-04   
1590   1.165E-04   6.3049E-04   6.1848E-04   6.2934E-04 / 6.1740E-04   
1600   1.165E-04   6.2454E-04   6.1248E-04   6.2337E-04 / 6.1137E-04   
1610   1.165E-04   6.1854E-04   6.0648E-04   6.1738E-04 / 6.0540E-04   
1620   1.165E-04   6.1266E-04   6.0077E-04   6.1153E-04 / 5.9971E-04   
1630   1.165E-04   6.0684E-04   5.9474E-04   6.0572E-04 / 5.9370E-04   
1640   1.165E-04   6.0114E-04   5.8924E-04   6.0005E-04 / 5.8823E-04   
1650   1.165E-04   5.9555E-04   5.8350E-04   5.9445E-04 / 5.8247E-04   
1660   1.165E-04   5.9008E-04   5.7839E-04   5.8899E-04 / 5.7738E-04   
1670   1.165E-04   5.8462E-04   5.7297E-04   5.8353E-04 / 5.7195E-04   
1680   1.165E-04   5.7933E-04   5.6758E-04   5.7824E-04 / 5.6656E-04   
1690   1.165E-04   5.7407E-04   5.6232E-04   5.7297E-04 / 5.6130E-04   
1700   1.165E-04   5.6893E-04   5.5713E-04   5.6783E-04 / 5.5612E-04   
1710   1.165E-04   5.6379E-04   5.5193E-04   5.6270E-04 / 5.5093E-04   
1720   1.165E-04   5.5881E-04   5.4707E-04   5.5770E-04 / 5.4605E-04   
1730   1.165E-04   5.5426E-04   5.4265E-04   5.5321E-04 / 5.4168E-04   
1740   1.165E-04   5.4907E-04   5.3784E-04   5.4799E-04 / 5.3685E-04   
1750   1.165E-04   5.4431E-04   5.3301E-04   5.4325E-04 / 5.3206E-04   
1760   1.165E-04   5.3960E-04   5.2818E-04   5.3850E-04 / 5.2719E-04   
1770   1.165E-04   5.3495E-04   5.2393E-04   5.3389E-04 / 5.2298E-04   
1780   1.165E-04   5.3042E-04   5.1915E-04   5.2931E-04 / 5.1816E-04   
1790   1.165E-04   5.2607E-04   5.1542E-04   5.2499E-04 / 5.1448E-04   
1800   1.165E-04   5.2151E-04   5.1079E-04   5.2043E-04 / 5.0985E-04   
1810   1.165E-04   5.1724E-04   5.0654E-04   5.1615E-04 / 5.0560E-04   
1820   1.165E-04   5.1304E-04   5.0254E-04   5.1195E-04 / 5.0160E-04   
1830   1.165E-04   5.0877E-04   4.9858E-04   5.0767E-04 / 4.9764E-04   
1840   1.165E-04   5.0476E-04   4.9416E-04   5.0368E-04 / 4.9324E-04   
1850   1.165E-04   5.0068E-04   4.9100E-04   4.9963E-04 / 4.9010E-04   
1860   1.165E-04   4.9668E-04   4.8687E-04   4.9561E-04 / 4.8594E-04   
1870   1.165E-04   4.9285E-04   4.8361E-04   4.9181E-04 / 4.8270E-04   
1880   1.165E-04   4.8896E-04   4.7983E-04   4.8797E-04 / 4.7895E-04   
1890   1.165E-04   4.8528E-04   4.7615E-04   4.8430E-04 / 4.7526E-04   
1900   1.165E-04   4.8137E-04   4.7273E-04   4.8044E-04 / 4.7186E-04   
1910   1.165E-04   4.7765E-04   4.6929E-04   4.7674E-04 / 4.6842E-04   
1920   1.165E-04   4.7405E-04   4.6573E-04   4.7319E-04 / 4.6487E-04   
1930   1.165E-04   4.7051E-04   4.6265E-04   4.6966E-04 / 4.6179E-04   
1940   1.165E-04   4.6704E-04   4.5937E-04   4.6622E-04 / 4.5851E-04   
1950   1.165E-04   4.6333E-04   4.5587E-04   4.6256E-04 / 4.5504E-04   
1960   1.165E-04   4.5989E-04   4.5259E-04   4.5913E-04 / 4.5177E-04   
1970   1.165E-04   4.5658E-04   4.4979E-04   4.5587E-04 / 4.4901E-04   
1980   1.165E-04   4.5318E-04   4.4617E-04   4.5250E-04 / 4.4542E-04   
1990   1.165E-04   4.4992E-04   4.4335E-04   4.4926E-04 / 4.4263E-04   
2000   1.165E-04   4.4672E-04   4.4054E-04   4.4610E-04 / 4.3986E-04   
2010   1.165E-04   4.4351E-04   4.3735E-04   4.4290E-04 / 4.3668E-04   
2020   1.165E-04   4.4035E-04   4.3477E-04   4.3976E-04 / 4.3412E-04   
2030   1.165E-04   4.3722E-04   4.3168E-04   4.3665E-04 / 4.3105E-04   
2040   1.165E-04   4.3433E-04   4.2893E-04   4.3380E-04 / 4.2835E-04   
2050   1.165E-04   4.3118E-04   4.2647E-04   4.3066E-04 / 4.2590E-04   
2060   1.165E-04   4.2840E-04   4.2361E-04   4.2790E-04 / 4.2308E-04   
2070   1.165E-04   4.2537E-04   4.2124E-04   4.2489E-04 / 4.2073E-04   
2080   1.165E-04   4.2255E-04   4.1875E-04   4.2205E-04 / 4.1822E-04   
2090   1.165E-04   4.1972E-04   4.1571E-04   4.1924E-04 / 4.1521E-04   
2100   1.165E-04   4.1693E-04   4.1370E-04   4.1645E-04 / 4.1322E-04   
2110   1.165E-04   4.1421E-04   4.1114E-04   4.1373E-04 / 4.1067E-04   
2120   1.165E-04   4.1157E-04   4.0844E-04   4.1110E-04 / 4.0798E-04   
2130   1.165E-04   4.0883E-04   4.0641E-04   4.0834E-04 / 4.0594E-04   
2140   1.165E-04   4.0617E-04   4.0403E-04   4.0572E-04 / 4.0362E-04   
2150   1.165E-04   4.0365E-04   4.0173E-04   4.0319E-04 / 4.0132E-04   
2160   1.165E-04   4.0129E-04   3.9933E-04   4.0085E-04 / 3.9895E-04   
2170   1.165E-04   3.9868E-04   3.9707E-04   3.9826E-04 / 3.9672E-04   
2180   1.165E-04   3.9614E-04   3.9488E-04   3.9569E-04 / 3.9451E-04   
2190   1.165E-04   3.9401E-04   3.9345E-04   3.9358E-04 / 3.9310E-04   
2200   1.165E-04   3.9133E-04   3.9052E-04   3.9092E-04 / 3.9018E-04   
2210   1.165E-04   3.8905E-04   3.8866E-04   3.8861E-04 / 3.8830E-04   
2220   1.165E-04   3.8673E-04   3.8638E-04   3.8630E-04 / 3.8602E-04   
2230   1.165E-04   3.8443E-04   3.8457E-04   3.8398E-04 / 3.8420E-04   
2240   1.165E-04   3.8222E-04   3.8275E-04   3.8179E-04 / 3.8240E-04   
2250   1.165E-04   3.7995E-04   3.8063E-04   3.7952E-04 / 3.8027E-04   
2260   1.165E-04   3.7785E-04   3.7854E-04   3.7743E-04 / 3.7819E-04   
2270   1.165E-04   3.7560E-04   3.7667E-04   3.7518E-04 / 3.7633E-04   
2280   1.165E-04   3.7366E-04   3.7547E-04   3.7322E-04 / 3.7510E-04   
2290   1.165E-04   3.7142E-04   3.7303E-04   3.7098E-04 / 3.7266E-04   
2300   1.165E-04   3.6946E-04   3.7183E-04   3.6902E-04 / 3.7145E-04   
2310   1.165E-04   3.6760E-04   3.6985E-04   3.6714E-04 / 3.6944E-04   
2320   1.165E-04   3.6545E-04   3.6818E-04   3.6503E-04 / 3.6779E-04   
2330   1.165E-04   3.6356E-04   3.6602E-04   3.6310E-04 / 3.6559E-04   
2340   1.165E-04   3.6176E-04   3.6486E-04   3.6128E-04 / 3.6441E-04   
2350   1.165E-04   3.5989E-04   3.6279E-04   3.5941E-04 / 3.6234E-04   
2360   1.165E-04   3.5814E-04   3.6118E-04   3.5765E-04 / 3.6071E-04   
2370   1.165E-04   3.5621E-04   3.5921E-04   3.5571E-04 / 3.5872E-04   
2380   1.165E-04   3.5442E-04   3.5778E-04   3.5390E-04 / 3.5726E-04   
2390   1.165E-04   3.5266E-04   3.5638E-04   3.5217E-04 / 3.5588E-04   
2400   1.165E-04   3.5101E-04   3.5461E-04   3.5048E-04 / 3.5408E-04   
2410   1.165E-04   3.4939E-04   3.5359E-04   3.4887E-04 / 3.5305E-04   
2420   1.165E-04   3.4771E-04   3.5178E-04   3.4717E-04 / 3.5121E-04   
2430   1.165E-04   3.4608E-04   3.5096E-04   3.4557E-04 / 3.5040E-04   
2440   1.165E-04   3.4445E-04   3.4890E-04   3.4389E-04 / 3.4829E-04   
2450   1.165E-04   3.4304E-04   3.4814E-04   3.4249E-04 / 3.4754E-04   
2460   1.165E-04   3.4134E-04   3.4598E-04   3.4076E-04 / 3.4534E-04   
2470   1.165E-04   3.4004E-04   3.4534E-04   3.3946E-04 / 3.4469E-04   
2480   1.165E-04   3.3851E-04   3.4399E-04   3.3794E-04 / 3.4336E-04   
2490   1.165E-04   3.3706E-04   3.4230E-04   3.3645E-04 / 3.4163E-04   
2500   1.165E-04   3.3563E-04   3.4074E-04   3.3505E-04 / 3.4008E-04   
2510   1.165E-04   3.3411E-04   3.3901E-04   3.3347E-04 / 3.3829E-04   
2520   1.165E-04   3.3267E-04   3.3789E-04   3.3204E-04 / 3.3718E-04   
2530   1.165E-04   3.3148E-04   3.3755E-04   3.3083E-04 / 3.3682E-04   
2540   1.165E-04   3.3006E-04   3.3626E-04   3.2937E-04 / 3.3548E-04   
2550   1.165E-04   3.2861E-04   3.3431E-04   3.2796E-04 / 3.3358E-04   
2560   1.165E-04   3.2748E-04   3.3335E-04   3.2681E-04 / 3.3260E-04   
2570   1.165E-04   3.2612E-04   3.3176E-04   3.2544E-04 / 3.3100E-04   
2580   1.165E-04   3.2483E-04   3.3093E-04   3.2413E-04 / 3.3015E-04   
2590   1.165E-04   3.2363E-04   3.2972E-04   3.2295E-04 / 3.2897E-04   
2600   1.165E-04   3.2236E-04   3.2859E-04   3.2168E-04 / 3.2784E-04   
2610   1.165E-04   3.2116E-04   3.2733E-04   3.2043E-04 / 3.2654E-04   
2620   1.165E-04   3.2014E-04   3.2595E-04   3.1947E-04 / 3.2522E-04   
2630   1.165E-04   3.1882E-04   3.2472E-04   3.1810E-04 / 3.2395E-04   
2640   1.165E-04   3.1775E-04   3.2361E-04   3.1702E-04 / 3.2283E-04   
2650   1.165E-04   3.1661E-04   3.2248E-04   3.1584E-04 / 3.2168E-04   
2660   1.165E-04   3.1541E-04   3.2145E-04   3.1466E-04 / 3.2067E-04   
2670   1.165E-04   3.1450E-04   3.1996E-04   3.1374E-04 / 3.1917E-04   
2680   1.165E-04   3.1332E-04   3.1985E-04   3.1256E-04 / 3.1907E-04   
2690   1.165E-04   3.1226E-04   3.1859E-04   3.1147E-04 / 3.1778E-04   
2700   1.165E-04   3.1128E-04   3.1722E-04   3.1050E-04 / 3.1643E-04   
2710   1.165E-04   3.1035E-04   3.1638E-04   3.0957E-04 / 3.1560E-04   
2720   1.165E-04   3.0918E-04   3.1535E-04   3.0839E-04 / 3.1458E-04   
2730   1.165E-04   3.0813E-04   3.1429E-04   3.0732E-04 / 3.1349E-04   
2740   1.165E-04   3.0723E-04   3.1328E-04   3.0640E-04 / 3.1247E-04   
2750   1.165E-04   3.0617E-04   3.1218E-04   3.0532E-04 / 3.1136E-04   
2760   1.165E-04   3.0520E-04   3.1125E-04   3.0434E-04 / 3.1042E-04   
2770   1.165E-04   3.0423E-04   3.1023E-04   3.0335E-04 / 3.0938E-04   
2780   1.165E-04   3.0335E-04   3.0939E-04   3.0251E-04 / 3.0858E-04   
2790   1.165E-04   3.0249E-04   3.0888E-04   3.0165E-04 / 3.0808E-04   
2800   1.165E-04   3.0153E-04   3.0796E-04   3.0065E-04 / 3.0713E-04   
2810   1.165E-04   3.0066E-04   3.0630E-04   2.9976E-04 / 3.0545E-04   
2820   1.165E-04   2.9967E-04   3.0590E-04   2.9883E-04 / 3.0511E-04   
2830   1.165E-04   2.9883E-04   3.0481E-04   2.9793E-04 / 3.0397E-04   
2840   1.165E-04   2.9795E-04   3.0372E-04   2.9708E-04 / 3.0291E-04   
2850   1.165E-04   2.9715E-04   3.0253E-04   2.9624E-04 / 3.0168E-04   
2860   1.165E-04   2.9647E-04   3.0260E-04   2.9560E-04 / 3.0180E-04   
2870   1.165E-04   2.9546E-04   3.0065E-04   2.9458E-04 / 2.9984E-04   
2880   1.165E-04   2.9463E-04   3.0092E-04   2.9371E-04 / 3.0008E-04   
2890   1.165E-04   2.9379E-04   2.9915E-04   2.9290E-04 / 2.9834E-04   
2900   1.165E-04   2.9291E-04   2.9841E-04   2.9205E-04 / 2.9763E-04   
2910   1.165E-04   2.9250E-04   2.9825E-04   2.9164E-04 / 2.9746E-04   
2920   1.165E-04   2.9132E-04   2.9680E-04   2.9039E-04 / 2.9594E-04   
2930   1.165E-04   2.9064E-04   2.9631E-04   2.8974E-04 / 2.9549E-04   
2940   1.165E-04   2.8980E-04   2.9546E-04   2.8890E-04 / 2.9464E-04   
2950   1.165E-04   2.8917E-04   2.9488E-04   2.8825E-04 / 2.9403E-04   
2960   1.165E-04   2.8829E-04   2.9381E-04   2.8734E-04 / 2.9293E-04   
2970   1.165E-04   2.8762E-04   2.9362E-04   2.8670E-04 / 2.9277E-04   
2980   1.165E-04   2.8693E-04   2.9197E-04   2.8600E-04 / 2.9111E-04   
2990   1.165E-04   2.8618E-04   2.9188E-04   2.8522E-04 / 2.9099E-04   
3000   1.165E-04   2.8526E-04   2.9043E-04   2.8434E-04 / 2.8958E-04   
3010   1.165E-04   2.8468E-04   2.9022E-04   2.8371E-04 / 2.8930E-04   
3020   1.165E-04   2.8383E-04   2.8911E-04   2.8291E-04 / 2.8825E-04   
3030   1.165E-04   2.8317E-04   2.8880E-04   2.8225E-04 / 2.8794E-04   
3040   1.165E-04   2.8241E-04   2.8783E-04   2.8148E-04 / 2.8695E-04   
3050   1.165E-04   2.8225E-04   2.8782E-04   2.8129E-04 / 2.8691E-04   
3060   1.165E-04   2.8124E-04   2.8663E-04   2.8028E-04 / 2.8571E-04   
3070   1.165E-04   2.8037E-04   2.8561E-04   2.7938E-04 / 2.8465E-04   
3080   1.165E-04   2.7960E-04   2.8494E-04   2.7866E-04 / 2.8402E-04   
3090   1.165E-04   2.7895E-04   2.8430E-04   2.7800E-04 / 2.8336E-04   
3100   1.165E-04   2.7845E-04   2.8373E-04   2.7753E-04 / 2.8282E-04   
3110   1.165E-04   2.7771E-04   2.8283E-04   2.7676E-04 / 2.8188E-04   
3120   1.165E-04   2.7689E-04   2.8250E-04   2.7596E-04 / 2.8156E-04   
3130   1.165E-04   2.7629E-04   2.8200E-04   2.7535E-04 / 2.8105E-04   
3140   1.165E-04   2.7564E-04   2.8092E-04   2.7470E-04 / 2.7997E-04   
3150   1.165E-04   2.7526E-04   2.8032E-04   2.7433E-04 / 2.7937E-04   
3160   1.165E-04   2.7430E-04   2.7970E-04   2.7332E-04 / 2.7869E-04   
3170   1.165E-04   2.7368E-04   2.7898E-04   2.7271E-04 / 2.7797E-04   
3180   1.165E-04   2.7306E-04   2.7842E-04   2.7210E-04 / 2.7742E-04   
3190   1.165E-04   2.7241E-04   2.7792E-04   2.7143E-04 / 2.7689E-04   
3200   1.165E-04   2.7176E-04   2.7710E-04   2.7080E-04 / 2.7608E-04   
3210   1.165E-04   2.7117E-04   2.7671E-04   2.7017E-04 / 2.7565E-04   
3220   1.165E-04   2.7051E-04   2.7580E-04   2.6953E-04 / 2.7475E-04   
3230   1.165E-04   2.7000E-04   2.7557E-04   2.6901E-04 / 2.7450E-04   
3240   1.165E-04   2.6939E-04   2.7470E-04   2.6845E-04 / 2.7369E-04   
3250   1.165E-04   2.6867E-04   2.7421E-04   2.6767E-04 / 2.7312E-04   
3260   1.165E-04   2.6802E-04   2.7338E-04   2.6704E-04 / 2.7231E-04   
3270   1.165E-04   2.6774E-04   2.7280E-04   2.6680E-04 / 2.7177E-04   
3280   1.165E-04   2.6680E-04   2.7221E-04   2.6585E-04 / 2.7116E-04   
3290   1.165E-04   2.6621E-04   2.7159E-04   2.6529E-04 / 2.7057E-04   
3300   1.165E-04   2.6561E-04   2.7060E-04   2.6463E-04 / 2.6952E-04   
3310   1.165E-04   2.6506E-04   2.7041E-04   2.6411E-04 / 2.6934E-04   
3320   1.165E-04   2.6446E-04   2.6990E-04   2.6353E-04 / 2.6886E-04   
3330   1.165E-04   2.6373E-04   2.6930E-04   2.6275E-04 / 2.6820E-04   
3340   1.165E-04   2.6312E-04   2.6841E-04   2.6217E-04 / 2.6734E-04   
3350   1.165E-04   2.6281E-04   2.6856E-04   2.6189E-04 / 2.6752E-04   
3360   1.165E-04   2.6204E-04   2.6725E-04   2.6110E-04 / 2.6620E-04   
3370   1.165E-04   2.6125E-04   2.6650E-04   2.6031E-04 / 2.6543E-04   
3380   1.165E-04   2.6071E-04   2.6601E-04   2.5979E-04 / 2.6497E-04   
3390   1.165E-04   2.6013E-04   2.6556E-04   2.5918E-04 / 2.6449E-04   
3400   1.165E-04   2.5948E-04   2.6482E-04   2.5849E-04 / 2.6371E-04   
3410   1.165E-04   2.5891E-04   2.6460E-04   2.5798E-04 / 2.6356E-04   
3420   1.165E-04   2.5824E-04   2.6354E-04   2.5733E-04 / 2.6253E-04   
3430   1.165E-04   2.5759E-04   2.6269E-04   2.5670E-04 / 2.6169E-04   
3440   1.165E-04   2.5730E-04   2.6272E-04   2.5642E-04 / 2.6173E-04   
3450   1.165E-04   2.5661E-04   2.6188E-04   2.5569E-04 / 2.6084E-04   
3460   1.165E-04   2.5586E-04   2.6129E-04   2.5499E-04 / 2.6031E-04   
3470   1.165E-04   2.5517E-04   2.6040E-04   2.5426E-04 / 2.5938E-04   
3480   1.165E-04   2.5450E-04   2.6002E-04   2.5361E-04 / 2.5901E-04   
3490   1.165E-04   2.5396E-04   2.5950E-04   2.5304E-04 / 2.5846E-04   
3500   1.165E-04   2.5358E-04   2.5872E-04   2.5275E-04 / 2.5778E-04   
3510   1.165E-04   2.5273E-04   2.5807E-04   2.5186E-04 / 2.5709E-04   
3520   1.165E-04   2.5223E-04   2.5767E-04   2.5138E-04 / 2.5671E-04   
3530   1.165E-04   2.5158E-04   2.5695E-04   2.5069E-04 / 2.5596E-04   
3540   1.165E-04   2.5099E-04   2.5630E-04   2.5012E-04 / 2.5533E-04   
3550   1.165E-04   2.5045E-04   2.5612E-04   2.4957E-04 / 2.5513E-04   
3560   1.165E-04   2.5001E-04   2.5550E-04   2.4912E-04 / 2.5451E-04   
3570   1.165E-04   2.4937E-04   2.5505E-04   2.4854E-04 / 2.5412E-04   
3580   1.165E-04   2.4883E-04   2.5454E-04   2.4796E-04 / 2.5358E-04   
3590   1.165E-04   2.4837E-04   2.5444E-04   2.4754E-04 / 2.5351E-04   
3600   1.165E-04   2.4774E-04   2.5362E-04   2.4694E-04 / 2.5273E-04   
3610   1.165E-04   2.4725E-04   2.5286E-04   2.4642E-04 / 2.5194E-04   
3620   1.165E-04   2.4662E-04   2.5224E-04   2.4578E-04 / 2.5131E-04   
3630   1.165E-04   2.4614E-04   2.5166E-04   2.4528E-04 / 2.5071E-04   
3640   1.165E-04   2.4557E-04   2.5134E-04   2.4476E-04 / 2.5046E-04   
3650   1.165E-04   2.4503E-04   2.5076E-04   2.4421E-04 / 2.4986E-04   
3660   1.165E-04   2.4464E-04   2.5031E-04   2.4377E-04 / 2.4937E-04   
3670   1.165E-04   2.4422E-04   2.5013E-04   2.4338E-04 / 2.4921E-04   
3680   1.165E-04   2.4356E-04   2.4929E-04   2.4279E-04 / 2.4844E-04   
3690   1.165E-04   2.4321E-04   2.4904E-04   2.4243E-04 / 2.4819E-04   
3700   1.165E-04   2.4260E-04   2.4827E-04   2.4179E-04 / 2.4739E-04   
3710   1.165E-04   2.4204E-04   2.4768E-04   2.4124E-04 / 2.4682E-04   
3720   1.165E-04   2.4166E-04   2.4731E-04   2.4082E-04 / 2.4641E-04   
3730   1.165E-04   2.4109E-04   2.4684E-04   2.4029E-04 / 2.4598E-04   
3740   1.165E-04   2.4063E-04   2.4652E-04   2.3983E-04 / 2.4567E-04   
3750   1.165E-04   2.4014E-04   2.4615E-04   2.3932E-04 / 2.4528E-04   
3760   1.165E-04   2.3999E-04   2.4606E-04   2.3927E-04 / 2.4529E-04   
3770   1.165E-04   2.3912E-04   2.4558E-04   2.3833E-04 / 2.4474E-04   
3780   1.165E-04   2.3872E-04   2.4494E-04   2.3793E-04 / 2.4412E-04   
3790   1.165E-04   2.3816E-04   2.4443E-04   2.3738E-04 / 2.4362E-04   
3800   1.165E-04   2.3775E-04   2.4415E-04   2.3692E-04 / 2.4329E-04   
3810   1.165E-04   2.3730E-04   2.4360E-04   2.3648E-04 / 2.4275E-04   
3820   1.165E-04   2.3671E-04   2.4283E-04   2.3590E-04 / 2.4200E-04   
3830   1.165E-04   2.3642E-04   2.4319E-04   2.3560E-04 / 2.4235E-04   
3840   1.165E-04   2.3587E-04   2.4172E-04   2.3506E-04 / 2.4089E-04   
3850   1.165E-04   2.3568E-04   2.4227E-04   2.3486E-04 / 2.4143E-04   
3860   1.165E-04   2.3488E-04   2.4155E-04   2.3409E-04 / 2.4074E-04   
3870   1.165E-04   2.3481E-04   2.4154E-04   2.3399E-04 / 2.4070E-04   
3880   1.165E-04   2.3392E-04   2.4049E-04   2.3306E-04 / 2.3963E-04   
3890   1.165E-04   2.3361E-04   2.3989E-04   2.3284E-04 / 2.3912E-04   
3900   1.165E-04   2.3317E-04   2.3948E-04   2.3237E-04 / 2.3868E-04   
3910   1.165E-04   2.3262E-04   2.3918E-04   2.3181E-04 / 2.3837E-04   
3920   1.165E-04   2.3223E-04   2.3849E-04   2.3140E-04 / 2.3767E-04   
3930   1.165E-04   2.3190E-04   2.3850E-04   2.3106E-04 / 2.3767E-04   
3940   1.165E-04   2.3132E-04   2.3818E-04   2.3047E-04 / 2.3735E-04   
3950   1.165E-04   2.3103E-04   2.3786E-04   2.3019E-04 / 2.3704E-04   
3960   1.165E-04   2.3030E-04   2.3708E-04   2.2945E-04 / 2.3624E-04   
3970   1.165E-04   2.2994E-04   2.3674E-04   2.2911E-04 / 2.3594E-04   
3980   1.165E-04   2.2968E-04   2.3638E-04   2.2886E-04 / 2.3559E-04   
3990   1.165E-04   2.2920E-04   2.3628E-04   2.2839E-04 / 2.3549E-04   
4000   1.165E-04   2.2882E-04   2.3607E-04   2.2802E-04 / 2.3529E-04   
4010   1.165E-04   2.2837E-04   2.3571E-04   2.2755E-04 / 2.3493E-04   
4020   1.165E-04   2.2788E-04   2.3465E-04   2.2703E-04 / 2.3383E-04   
4030   1.165E-04   2.2730E-04   2.3424E-04   2.2646E-04 / 2.3344E-04   
4040   1.165E-04   2.2724E-04   2.3394E-04   2.2644E-04 / 2.3318E-04   
4050   1.165E-04   2.2666E-04   2.3397E-04   2.2588E-04 / 2.3323E-04   
4060   1.165E-04   2.2611E-04   2.3372E-04   2.2525E-04 / 2.3290E-04   
4070   1.165E-04   2.2564E-04   2.3290E-04   2.2488E-04 / 2.3218E-04   
4080   1.165E-04   2.2530E-04   2.3299E-04   2.2447E-04 / 2.3220E-04   
4090   1.165E-04   2.2494E-04   2.3193E-04   2.2412E-04 / 2.3116E-04   
4100   1.165E-04   2.2439E-04   2.3193E-04   2.2358E-04 / 2.3117E-04   
4110   1.165E-04   2.2411E-04   2.3145E-04   2.2331E-04 / 2.3071E-04   
4120   1.165E-04   2.2357E-04   2.3093E-04   2.2275E-04 / 2.3017E-04   
4130   1.165E-04   2.2333E-04   2.3078E-04   2.2254E-04 / 2.3005E-04   
4140   1.165E-04   2.2295E-04   2.3058E-04   2.2211E-04 / 2.2981E-04   
4150   1.165E-04   2.2239E-04   2.2979E-04   2.2153E-04 / 2.2901E-04   
4160   1.165E-04   2.2212E-04   2.2940E-04   2.2129E-04 / 2.2864E-04   
4170   1.165E-04   2.2166E-04   2.2916E-04   2.2091E-04 / 2.2847E-04   
4180   1.165E-04   2.2126E-04   2.2880E-04   2.2041E-04 / 2.2803E-04   
4190   1.165E-04   2.2076E-04   2.2833E-04   2.1998E-04 / 2.2762E-04   
4200   1.165E-04   2.2031E-04   2.2807E-04   2.1951E-04 / 2.2734E-04   
4210   1.165E-04   2.2019E-04   2.2763E-04   2.1941E-04 / 2.2692E-04   
4220   1.165E-04   2.1992E-04   2.2794E-04   2.1911E-04 / 2.2721E-04   
4230   1.165E-04   2.1922E-04   2.2689E-04   2.1840E-04 / 2.2615E-04   
4240   1.165E-04   2.1876E-04   2.2651E-04   2.1790E-04 / 2.2574E-04   
4250   1.165E-04   2.1863E-04   2.2689E-04   2.1778E-04 / 2.2612E-04   
4260   1.165E-04   2.1807E-04   2.2640E-04   2.1720E-04 / 2.2563E-04   
4270   1.165E-04   2.1771E-04   2.2568E-04   2.1686E-04 / 2.2492E-04   
4280   1.165E-04   2.1739E-04   2.2557E-04   2.1663E-04 / 2.2490E-04   
4290   1.165E-04   2.1697E-04   2.2485E-04   2.1616E-04 / 2.2413E-04   
4300   1.165E-04   2.1653E-04   2.2452E-04   2.1573E-04 / 2.2381E-04   
4310   1.165E-04   2.1625E-04   2.2490E-04   2.1540E-04 / 2.2415E-04   
4320   1.165E-04   2.1588E-04   2.2435E-04   2.1504E-04 / 2.2360E-04   
4330   1.165E-04   2.1549E-04   2.2398E-04   2.1470E-04 / 2.2327E-04   
4340   1.165E-04   2.1527E-04   2.2333E-04   2.1443E-04 / 2.2258E-04   
4350   1.165E-04   2.1475E-04   2.2298E-04   2.1396E-04 / 2.2228E-04   
4360   1.165E-04   2.1436E-04   2.2282E-04   2.1353E-04 / 2.2208E-04   
4370   1.165E-04   2.1413E-04   2.2237E-04   2.1332E-04 / 2.2165E-04   
4380   1.165E-04   2.1382E-04   2.2193E-04   2.1302E-04 / 2.2123E-04   
4390   1.165E-04   2.1359E-04   2.2223E-04   2.1280E-04 / 2.2152E-04   
4400   1.165E-04   2.1289E-04   2.2129E-04   2.1208E-04 / 2.2057E-04   
4410   1.165E-04   2.1300E-04   2.2191E-04   2.1220E-04 / 2.2120E-04   
4420   1.165E-04   2.1235E-04   2.2037E-04   2.1151E-04 / 2.1962E-04   
4430   1.165E-04   2.1185E-04   2.2017E-04   2.1095E-04 / 2.1936E-04   
4440   1.165E-04   2.1151E-04   2.2014E-04   2.1071E-04 / 2.1942E-04   
4450   1.165E-04   2.1175E-04   2.1945E-04   2.1097E-04 / 2.1874E-04   
4460   1.165E-04   2.1092E-04   2.1909E-04   2.1010E-04 / 2.1835E-04   
4470   1.165E-04   2.1047E-04   2.1922E-04   2.0964E-04 / 2.1847E-04   
4480   1.165E-04   2.1012E-04   2.1877E-04   2.0929E-04 / 2.1802E-04   
4490   1.165E-04   2.0983E-04   2.1899E-04   2.0904E-04 / 2.1827E-04   
4500   1.165E-04   2.0946E-04   2.1804E-04   2.0858E-04 / 2.1724E-04   
4510   1.165E-04   2.0907E-04   2.1786E-04   2.0823E-04 / 2.1709E-04   
4520   1.165E-04   2.0886E-04   2.1724E-04   2.0798E-04 / 2.1643E-04   
4530   1.165E-04   2.0857E-04   2.1731E-04   2.0776E-04 / 2.1656E-04   
4540   1.165E-04   2.0810E-04   2.1705E-04   2.0727E-04 / 2.1628E-04   
4550   1.165E-04   2.0789E-04   2.1680E-04   2.0710E-04 / 2.1606E-04   
4560   1.165E-04   2.0750E-04   2.1616E-04   2.0664E-04 / 2.1535E-04   
4570   1.165E-04   2.0743E-04   2.1673E-04   2.0660E-04 / 2.1595E-04   
4580   1.165E-04   2.0679E-04   2.1548E-04   2.0595E-04 / 2.1468E-04   
4590   1.165E-04   2.0648E-04   2.1527E-04   2.0567E-04 / 2.1450E-04   
4600   1.165E-04   2.0617E-04   2.1530E-04   2.0537E-04 / 2.1454E-04   
4610   1.165E-04   2.0594E-04   2.1538E-04   2.0516E-04 / 2.1462E-04   
4620   1.165E-04   2.0551E-04   2.1459E-04   2.0472E-04 / 2.1382E-04   
4630   1.165E-04   2.0526E-04   2.1474E-04   2.0446E-04 / 2.1397E-04   
4640   1.165E-04   2.0488E-04   2.1371E-04   2.0409E-04 / 2.1294E-04   
4650   1.165E-04   2.0453E-04   2.1366E-04   2.0371E-04 / 2.1285E-04   
4660   1.165E-04   2.0433E-04   2.1331E-04   2.0351E-04 / 2.1250E-04   
4670   1.165E-04   2.0444E-04   2.1338E-04   2.0368E-04 / 2.1263E-04   
4680   1.165E-04   2.0410E-04   2.1366E-04   2.0332E-04 / 2.1288E-04   
4690   1.165E-04   2.0338E-04   2.1268E-04   2.0257E-04 / 2.1186E-04   
4700   1.165E-04   2.0307E-04   2.1222E-04   2.0228E-04 / 2.1141E-04   
4710   1.165E-04   2.0274E-04   2.1231E-04   2.0198E-04 / 2.1154E-04   
4720   1.165E-04   2.0247E-04   2.1215E-04   2.0171E-04 / 2.1137E-04   
4730   1.165E-04   2.0224E-04   2.1134E-04   2.0145E-04 / 2.1053E-04   
4740   1.165E-04   2.0202E-04   2.1136E-04   2.0122E-04 / 2.1053E-04   
4750   1.165E-04   2.0160E-04   2.1066E-04   2.0085E-04 / 2.0988E-04   
4760   1.165E-04   2.0133E-04   2.1120E-04   2.0055E-04 / 2.1039E-04   
4770   1.165E-04   2.0110E-04   2.1049E-04   2.0033E-04 / 2.0969E-04   
4780   1.165E-04   2.0080E-04   2.1085E-04   1.9999E-04 / 2.1000E-04   
4790   1.165E-04   2.0059E-04   2.1047E-04   1.9982E-04 / 2.0965E-04   
4800   1.165E-04   2.0020E-04   2.0958E-04   1.9942E-04 / 2.0875E-04   
4810   1.165E-04   1.9996E-04   2.0937E-04   1.9916E-04 / 2.0851E-04   
4820   1.165E-04   1.9950E-04   2.0934E-04   1.9874E-04 / 2.0852E-04   
4830   1.165E-04   1.9945E-04   2.0883E-04   1.9866E-04 / 2.0798E-04   
4840   1.165E-04   1.9900E-04   2.0848E-04   1.9825E-04 / 2.0767E-04   
4850   1.165E-04   1.9883E-04   2.0886E-04   1.9802E-04 / 2.0797E-04   
4860   1.165E-04   1.9842E-04   2.0828E-04   1.9765E-04 / 2.0744E-04   
4870   1.165E-04   1.9825E-04   2.0760E-04   1.9752E-04 / 2.0679E-04   
4880   1.165E-04   1.9798E-04   2.0795E-04   1.9716E-04 / 2.0705E-04   
4890   1.165E-04   1.9770E-04   2.0716E-04   1.9692E-04 / 2.0630E-04   
4900   1.165E-04   1.9737E-04   2.0716E-04   1.9657E-04 / 2.0627E-04   
4910   1.165E-04   1.9712E-04   2.0737E-04   1.9634E-04 / 2.0650E-04   
4920   1.165E-04   1.9683E-04   2.0692E-04   1.9605E-04 / 2.0605E-04   
4930   1.165E-04   1.9689E-04   2.0724E-04   1.9607E-04 / 2.0632E-04   
4940   1.165E-04   1.9625E-04   2.0648E-04   1.9550E-04 / 2.0564E-04   
4950   1.165E-04   1.9607E-04   2.0657E-04   1.9535E-04 / 2.0574E-04   
4960   1.165E-04   1.9570E-04   2.0579E-04   1.9493E-04 / 2.0490E-04   
4970   1.165E-04   1.9563E-04   2.0636E-04   1.9487E-04 / 2.0550E-04   
4980   1.165E-04   1.9523E-04   2.0540E-04   1.9442E-04 / 2.0447E-04   
4990   1.165E-04   1.9499E-04   2.0550E-04   1.9422E-04 / 2.0462E-04   
5000   1.165E-04   1.9543E-04   2.0558E-04   1.9465E-04 / 2.0468E-04   
5010   1.165E-04   1.9449E-04   2.0496E-04   1.9370E-04 / 2.0404E-04   
5020   1.165E-04   1.9416E-04   2.0416E-04   1.9336E-04 / 2.0324E-04   
5030   1.165E-04   1.9409E-04   2.0479E-04   1.9335E-04 / 2.0392E-04   
5040   1.165E-04   1.9371E-04   2.0389E-04   1.9298E-04 / 2.0303E-04   
5050   1.165E-04   1.9354E-04   2.0385E-04   1.9274E-04 / 2.0292E-04   
5060   1.165E-04   1.9324E-04   2.0394E-04   1.9243E-04 / 2.0299E-04   
5070   1.165E-04   1.9300E-04   2.0339E-04   1.9221E-04 / 2.0247E-04   
5080   1.165E-04   1.9286E-04   2.0316E-04   1.9210E-04 / 2.0226E-04   
5090   1.165E-04   1.9247E-04   2.0308E-04   1.9171E-04 / 2.0217E-04   
5100   1.165E-04   1.9214E-04   2.0251E-04   1.9140E-04 / 2.0163E-04   
5110   1.165E-04   1.9201E-04   2.0239E-04   1.9124E-04 / 2.0147E-04   
5120   1.165E-04   1.9169E-04   2.0237E-04   1.9090E-04 / 2.0143E-04   
5130   1.165E-04   1.9150E-04   2.0181E-04   1.9074E-04 / 2.0090E-04   
5140   1.165E-04   1.9125E-04   2.0129E-04   1.9049E-04 / 2.0038E-04   
5150   1.165E-04   1.9097E-04   2.0126E-04   1.9022E-04 / 2.0036E-04   
5160   1.165E-04   1.9078E-04   2.0140E-04   1.8997E-04 / 2.0043E-04   
5170   1.165E-04   1.9046E-04   2.0090E-04   1.8965E-04 / 1.9994E-04   
5180   1.165E-04   1.9027E-04   2.0109E-04   1.8952E-04 / 2.0020E-04   
5190   1.165E-04   1.9029E-04   2.0125E-04   1.8951E-04 / 2.0032E-04   
5200   1.165E-04   1.8984E-04   2.0028E-04   1.8901E-04 / 1.9929E-04   
5210   1.165E-04   1.8971E-04   2.0013E-04   1.8897E-04 / 1.9923E-04   
5220   1.165E-04   1.8937E-04   1.9984E-04   1.8855E-04 / 1.9887E-04   
5230   1.165E-04   1.8921E-04   2.0058E-04   1.8846E-04 / 1.9966E-04   
5240   1.165E-04   1.8900E-04   1.9979E-04   1.8822E-04 / 1.9885E-04   
5250   1.165E-04   1.8884E-04   1.9903E-04   1.8807E-04 / 1.9811E-04   
5260   1.165E-04   1.8867E-04   1.9980E-04   1.8786E-04 / 1.9883E-04   
5270   1.165E-04   1.8831E-04   1.9954E-04   1.8752E-04 / 1.9859E-04   
5280   1.165E-04   1.8805E-04   1.9876E-04   1.8722E-04 / 1.9776E-04   
5290   1.165E-04   1.8779E-04   1.9898E-04   1.8704E-04 / 1.9807E-04   
5300   1.165E-04   1.8778E-04   1.9797E-04   1.8697E-04 / 1.9700E-04   
5310   1.165E-04   1.8739E-04   1.9816E-04   1.8659E-04 / 1.9719E-04   
5320   1.165E-04   1.8712E-04   1.9776E-04   1.8631E-04 / 1.9678E-04   
5330   1.165E-04   1.8689E-04   1.9802E-04   1.8611E-04 / 1.9707E-04   
5340   1.165E-04   1.8697E-04   1.9782E-04   1.8618E-04 / 1.9687E-04   
5350   1.165E-04   1.8646E-04   1.9775E-04   1.8567E-04 / 1.9679E-04   
5360   1.165E-04   1.8649E-04   1.9759E-04   1.8570E-04 / 1.9664E-04   
5370   1.165E-04   1.8604E-04   1.9721E-04   1.8523E-04 / 1.9623E-04   
5380   1.165E-04   1.8614E-04   1.9711E-04   1.8537E-04 / 1.9618E-04   
5390   1.165E-04   1.8570E-04   1.9690E-04   1.8497E-04 / 1.9602E-04   
5400   1.165E-04   1.8559E-04   1.9670E-04   1.8478E-04 / 1.9572E-04   
5410   1.165E-04   1.8527E-04   1.9635E-04   1.8445E-04 / 1.9537E-04   
5420   1.165E-04   1.8515E-04   1.9622E-04   1.8434E-04 / 1.9525E-04   
5430   1.165E-04   1.8490E-04   1.9612E-04   1.8409E-04 / 1.9515E-04   
5440   1.165E-04   1.8481E-04   1.9640E-04   1.8399E-04 / 1.9542E-04   
5450   1.165E-04   1.8441E-04   1.9575E-04   1.8361E-04 / 1.9479E-04   
5460   1.165E-04   1.8428E-04   1.9554E-04   1.8348E-04 / 1.9457E-04   
5470   1.165E-04   1.8406E-04   1.9570E-04   1.8325E-04 / 1.9472E-04   
5480   1.165E-04   1.8394E-04   1.9476E-04   1.8314E-04 / 1.9380E-04   
5490   1.165E-04   1.8354E-04   1.9486E-04   1.8275E-04 / 1.9392E-04   
5500   1.165E-04   1.8349E-04   1.9505E-04   1.8272E-04 / 1.9412E-04   
5510   1.165E-04   1.8321E-04   1.9455E-04   1.8245E-04 / 1.9363E-04   
5520   1.165E-04   1.8297E-04   1.9468E-04   1.8219E-04 / 1.9374E-04   
5530   1.165E-04   1.8306E-04   1.9451E-04   1.8223E-04 / 1.9352E-04   
5540   1.165E-04   1.8264E-04   1.9421E-04   1.8186E-04 / 1.9329E-04   
5550   1.165E-04   1.8250E-04   1.9358E-04   1.8173E-04 / 1.9267E-04   
5560   1.165E-04   1.8224E-04   1.9382E-04   1.8147E-04 / 1.9290E-04   
5570   1.165E-04   1.8197E-04   1.9313E-04   1.8120E-04 / 1.9220E-04   
5580   1.165E-04   1.8215E-04   1.9432E-04   1.8129E-04 / 1.9331E-04   
5590   1.165E-04   1.8184E-04   1.9319E-04   1.8105E-04 / 1.9226E-04   
5600   1.165E-04   1.8164E-04   1.9323E-04   1.8083E-04 / 1.9227E-04   
5610   1.165E-04   1.8132E-04   1.9310E-04   1.8054E-04 / 1.9217E-04   
5620   1.165E-04   1.8152E-04   1.9238E-04   1.8066E-04 / 1.9137E-04   
5630   1.165E-04   1.8097E-04   1.9250E-04   1.8017E-04 / 1.9156E-04   
5640   1.165E-04   1.8076E-04   1.9222E-04   1.7997E-04 / 1.9129E-04   
5650   1.165E-04   1.8047E-04   1.9195E-04   1.7963E-04 / 1.9097E-04   
5660   1.165E-04   1.8044E-04   1.9194E-04   1.7961E-04 / 1.9097E-04   
5670   1.165E-04   1.8014E-04   1.9145E-04   1.7933E-04 / 1.9051E-04   
5680   1.165E-04   1.7994E-04   1.9171E-04   1.7910E-04 / 1.9073E-04   
5690   1.165E-04   1.8017E-04   1.9120E-04   1.7934E-04 / 1.9023E-04   
5700   1.165E-04   1.7984E-04   1.9221E-04   1.7906E-04 / 1.9129E-04   
5710   1.165E-04   1.7952E-04   1.9090E-04   1.7873E-04 / 1.8998E-04   
5720   1.165E-04   1.7921E-04   1.9083E-04   1.7839E-04 / 1.8989E-04   
5730   1.165E-04   1.7895E-04   1.9043E-04   1.7811E-04 / 1.8946E-04   
5740   1.165E-04   1.7898E-04   1.9041E-04   1.7819E-04 / 1.8949E-04   
5750   1.165E-04   1.7876E-04   1.9058E-04   1.7796E-04 / 1.8967E-04   
5760   1.165E-04   1.7850E-04   1.8985E-04   1.7768E-04 / 1.8891E-04   
5770   1.165E-04   1.7846E-04   1.9056E-04   1.7765E-04 / 1.8963E-04   
5780   1.165E-04   1.7816E-04   1.8979E-04   1.7728E-04 / 1.8878E-04   
5790   1.165E-04   1.7798E-04   1.8967E-04   1.7714E-04 / 1.8872E-04   
5800   1.165E-04   1.7781E-04   1.8948E-04   1.7700E-04 / 1.8855E-04   
5810   1.165E-04   1.7780E-04   1.8902E-04   1.7697E-04 / 1.8807E-04   
5820   1.165E-04   1.7769E-04   1.8880E-04   1.7683E-04 / 1.8783E-04   
5830   1.165E-04   1.7743E-04   1.8929E-04   1.7658E-04 / 1.8832E-04   
5840   1.165E-04   1.7708E-04   1.8881E-04   1.7619E-04 / 1.8781E-04   
5850   1.165E-04   1.7737E-04   1.8941E-04   1.7651E-04 / 1.8844E-04   
5860   1.165E-04   1.7687E-04   1.8840E-04   1.7600E-04 / 1.8743E-04   
5870   1.165E-04   1.7670E-04   1.8868E-04   1.7587E-04 / 1.8775E-04   
5880   1.165E-04   1.7640E-04   1.8789E-04   1.7557E-04 / 1.8695E-04   
5890   1.165E-04   1.7624E-04   1.8795E-04   1.7535E-04 / 1.8697E-04   
5900   1.165E-04   1.7623E-04   1.8800E-04   1.7538E-04 / 1.8706E-04   
5910   1.165E-04   1.7592E-04   1.8789E-04   1.7503E-04 / 1.8690E-04   
5920   1.165E-04   1.7587E-04   1.8800E-04   1.7505E-04 / 1.8709E-04   
5930   1.165E-04   1.7569E-04   1.8800E-04   1.7481E-04 / 1.8704E-04   
5940   1.165E-04   1.7533E-04   1.8735E-04   1.7451E-04 / 1.8645E-04   
5950   1.165E-04   1.7567E-04   1.8739E-04   1.7482E-04 / 1.8646E-04   
5960   1.165E-04   1.7526E-04   1.8710E-04   1.7433E-04 / 1.8608E-04   
5970   1.165E-04   1.7487E-04   1.8684E-04   1.7400E-04 / 1.8589E-04   
5980   1.165E-04   1.7486E-04   1.8688E-04   1.7396E-04 / 1.8590E-04   
5990   1.165E-04   1.7456E-04   1.8635E-04   1.7369E-04 / 1.8540E-04   
6000   1.165E-04   1.7478E-04   1.8711E-04   1.7389E-04 / 1.8613E-04   
6010   1.165E-04   1.7422E-04   1.8631E-04   1.7333E-04 / 1.8534E-04   
6020   1.165E-04   1.7407E-04   1.8615E-04   1.7325E-04 / 1.8527E-04   
6030   1.165E-04   1.7399E-04   1.8558E-04   1.7311E-04 / 1.8463E-04   
6040   1.165E-04   1.7388E-04   1.8595E-04   1.7301E-04 / 1.8501E-04   
6050   1.165E-04   1.7375E-04   1.8621E-04   1.7283E-04 / 1.8521E-04   
6060   1.165E-04   1.7374E-04   1.8622E-04   1.7283E-04 / 1.8524E-04   
6070   1.165E-04   1.7322E-04   1.8499E-04   1.7233E-04 / 1.8403E-04   
6080   1.165E-04   1.7346E-04   1.8567E-04   1.7256E-04 / 1.8471E-04   
6090   1.165E-04   1.7361E-04   1.8519E-04   1.7272E-04 / 1.8424E-04   
6100   1.165E-04   1.7282E-04   1.8482E-04   1.7189E-04 / 1.8383E-04   
6110   1.165E-04   1.7265E-04   1.8446E-04   1.7177E-04 / 1.8353E-04   
6120   1.165E-04   1.7275E-04   1.8484E-04   1.7186E-04 / 1.8390E-04   
6130   1.165E-04   1.7259E-04   1.8432E-04   1.7165E-04 / 1.8334E-04   
6140   1.165E-04   1.7220E-04   1.8436E-04   1.7130E-04 / 1.8342E-04   
6150   1.165E-04   1.7210E-04   1.8436E-04   1.7122E-04 / 1.8344E-04   
6160   1.165E-04   1.7217E-04   1.8440E-04   1.7126E-04 / 1.8346E-04   
6170   1.165E-04   1.7176E-04   1.8409E-04   1.7085E-04 / 1.8314E-04   
6180   1.165E-04   1.7189E-04   1.8390E-04   1.7094E-04 / 1.8292E-04   
6190   1.165E-04   1.7140E-04   1.8399E-04   1.7049E-04 / 1.8305E-04   
6200   1.165E-04   1.7135E-04   1.8326E-04   1.7048E-04 / 1.8236E-04   
6210   1.165E-04   1.7122E-04   1.8396E-04   1.7028E-04 / 1.8300E-04   
6220   1.165E-04   1.7128E-04   1.8273E-04   1.7038E-04 / 1.8180E-04   
6230   1.165E-04   1.7092E-04   1.8228E-04   1.7005E-04 / 1.8138E-04   
6240   1.165E-04   1.7068E-04   1.8301E-04   1.6977E-04 / 1.8207E-04   
6250   1.165E-04   1.7074E-04   1.8258E-04   1.6984E-04 / 1.8165E-04   
6260   1.165E-04   1.7044E-04   1.8291E-04   1.6954E-04 / 1.8199E-04   
6270   1.165E-04   1.7017E-04   1.8233E-04   1.6928E-04 / 1.8142E-04   
6280   1.165E-04   1.7019E-04   1.8190E-04   1.6934E-04 / 1.8104E-04   
6290   1.165E-04   1.6985E-04   1.8236E-04   1.6893E-04 / 1.8143E-04   
6300   1.165E-04   1.6998E-04   1.8219E-04   1.6907E-04 / 1.8128E-04   
6310   1.165E-04   1.6964E-04   1.8215E-04   1.6871E-04 / 1.8121E-04   
6320   1.165E-04   1.6947E-04   1.8187E-04   1.6851E-04 / 1.8090E-04   
6330   1.165E-04   1.6948E-04   1.8127E-04   1.6857E-04 / 1.8036E-04   
6340   1.165E-04   1.6919E-04   1.8124E-04   1.6826E-04 / 1.8031E-04   
6350   1.165E-04   1.6897E-04   1.8082E-04   1.6809E-04 / 1.7994E-04   
6360   1.165E-04   1.6908E-04   1.8153E-04   1.6820E-04 / 1.8066E-04   
6370   1.165E-04   1.6880E-04   1.8056E-04   1.6785E-04 / 1.7963E-04   
6380   1.165E-04   1.6856E-04   1.8086E-04   1.6763E-04 / 1.7994E-04   
6390   1.165E-04   1.6847E-04   1.8053E-04   1.6754E-04 / 1.7962E-04   
6400   1.165E-04   1.6861E-04   1.8100E-04   1.6768E-04 / 1.8010E-04   
6410   1.165E-04   1.6871E-04   1.8000E-04   1.6778E-04 / 1.7910E-04   
6420   1.165E-04   1.6803E-04   1.8048E-04   1.6709E-04 / 1.7957E-04   
6430   1.165E-04   1.6796E-04   1.7981E-04   1.6701E-04 / 1.7889E-04   
6440   1.165E-04   1.6806E-04   1.8018E-04   1.6713E-04 / 1.7927E-04   
6450   1.165E-04   1.6754E-04   1.8008E-04   1.6656E-04 / 1.7913E-04   
6460   1.165E-04   1.6752E-04   1.7971E-04   1.6655E-04 / 1.7879E-04   
6470   1.165E-04   1.6730E-04   1.7981E-04   1.6631E-04 / 1.7886E-04   
6480   1.165E-04   1.6718E-04   1.7929E-04   1.6621E-04 / 1.7837E-04   
6490   1.165E-04   1.6703E-04   1.7907E-04   1.6613E-04 / 1.7822E-04   
6500   1.165E-04   1.6688E-04   1.7885E-04   1.6594E-04 / 1.7796E-04   
6510   1.165E-04   1.6689E-04   1.7988E-04   1.6594E-04 / 1.7898E-04   
6520   1.165E-04   1.6659E-04   1.7904E-04   1.6564E-04 / 1.7814E-04   
6530   1.165E-04   1.6687E-04   1.7951E-04   1.6597E-04 / 1.7866E-04   
6540   1.165E-04   1.6648E-04   1.7848E-04   1.6555E-04 / 1.7761E-04   
6550   1.165E-04   1.6663E-04   1.7921E-04   1.6567E-04 / 1.7831E-04   
6560   1.165E-04   1.6607E-04   1.7818E-04   1.6510E-04 / 1.7729E-04   
6570   1.165E-04   1.6593E-04   1.7819E-04   1.6496E-04 / 1.7729E-04   
6580   1.165E-04   1.6597E-04   1.7787E-04   1.6507E-04 / 1.7704E-04   
6590   1.165E-04   1.6572E-04   1.7778E-04   1.6477E-04 / 1.7690E-04   
6600   1.165E-04   1.6551E-04   1.7780E-04   1.6455E-04 / 1.7691E-04   
6610   1.165E-04   1.6540E-04   1.7764E-04   1.6447E-04 / 1.7678E-04   
6620   1.165E-04   1.6546E-04   1.7822E-04   1.6451E-04 / 1.7735E-04   
6630   1.165E-04   1.6506E-04   1.7714E-04   1.6408E-04 / 1.7625E-04   
6640   1.165E-04   1.6523E-04   1.7786E-04   1.6428E-04 / 1.7700E-04   
6650   1.165E-04   1.6481E-04   1.7758E-04   1.6384E-04 / 1.7670E-04   
6660   1.165E-04   1.6475E-04   1.7684E-04   1.6378E-04 / 1.7596E-04   
6670   1.165E-04   1.6491E-04   1.7737E-04   1.6391E-04 / 1.7646E-04   
6680   1.165E-04   1.6453E-04   1.7710E-04   1.6357E-04 / 1.7624E-04   
6690   1.165E-04   1.6425E-04   1.7651E-04   1.6330E-04 / 1.7566E-04   
6700   1.165E-04   1.6420E-04   1.7650E-04   1.6327E-04 / 1.7567E-04   
6710   1.165E-04   1.6407E-04   1.7623E-04   1.6314E-04 / 1.7540E-04   
6720   1.165E-04   1.6421E-04   1.7650E-04   1.6323E-04 / 1.7562E-04   
6730   1.165E-04   1.6377E-04   1.7629E-04   1.6281E-04 / 1.7544E-04   
6740   1.165E-04   1.6370E-04   1.7603E-04   1.6278E-04 / 1.7521E-04   
6750   1.165E-04   1.6368E-04   1.7600E-04   1.6268E-04 / 1.7512E-04   
6760   1.165E-04   1.6347E-04   1.7568E-04   1.6248E-04 / 1.7481E-04   
6770   1.165E-04   1.6324E-04   1.7529E-04   1.6224E-04 / 1.7442E-04   
6780   1.165E-04   1.6345E-04   1.7650E-04   1.6251E-04 / 1.7567E-04   
6790   1.165E-04   1.6313E-04   1.7558E-04   1.6218E-04 / 1.7475E-04   
6800   1.165E-04   1.6289E-04   1.7502E-04   1.6192E-04 / 1.7418E-04   
6810   1.165E-04   1.6307E-04   1.7583E-04   1.6207E-04 / 1.7496E-04   
6820   1.165E-04   1.6317E-04   1.7554E-04   1.6218E-04 / 1.7468E-04   
6830   1.165E-04   1.6259E-04   1.7521E-04   1.6165E-04 / 1.7440E-04   
6840   1.165E-04   1.6234E-04   1.7434E-04   1.6132E-04 / 1.7346E-04   
6850   1.165E-04   1.6293E-04   1.7583E-04   1.6197E-04 / 1.7500E-04   
6860   1.165E-04   1.6213E-04   1.7515E-04   1.6112E-04 / 1.7428E-04   
6870   1.165E-04   1.6250E-04   1.7473E-04   1.6155E-04 / 1.7391E-04   
6880   1.165E-04   1.6203E-04   1.7432E-04   1.6102E-04 / 1.7346E-04   
6890   1.165E-04   1.6209E-04   1.7391E-04   1.6112E-04 / 1.7308E-04   
6900   1.165E-04   1.6162E-04   1.7396E-04   1.6064E-04 / 1.7313E-04   
6910   1.165E-04   1.6155E-04   1.7350E-04   1.6061E-04 / 1.7270E-04   
6920   1.165E-04   1.6150E-04   1.7377E-04   1.6054E-04 / 1.7296E-04   
6930   1.165E-04   1.6132E-04   1.7365E-04   1.6036E-04 / 1.7284E-04   
6940   1.165E-04   1.6122E-04   1.7344E-04   1.6024E-04 / 1.7261E-04   
6950   1.165E-04   1.6104E-04   1.7388E-04   1.6002E-04 / 1.7302E-04   
6960   1.165E-04   1.6090E-04   1.7348E-04   1.5992E-04 / 1.7265E-04   
6970   1.165E-04   1.6129E-04   1.7355E-04   1.6029E-04 / 1.7271E-04   
6980   1.165E-04   1.6082E-04   1.7309E-04   1.5990E-04 / 1.7232E-04   
6990   1.165E-04   1.6085E-04   1.7367E-04   1.5991E-04 / 1.7288E-04   
7000   1.165E-04   1.6072E-04   1.7330E-04   1.5973E-04 / 1.7247E-04   
7010   1.165E-04   1.6056E-04   1.7314E-04   1.5963E-04 / 1.7236E-04   
7020   1.165E-04   1.6030E-04   1.7287E-04   1.5936E-04 / 1.7209E-04   
7030   1.165E-04   1.5993E-04   1.7250E-04   1.5894E-04 / 1.7166E-04   
7040   1.165E-04   1.5995E-04   1.7203E-04   1.5896E-04 / 1.7120E-04   
7050   1.165E-04   1.5970E-04   1.7233E-04   1.5872E-04 / 1.7151E-04   
7060   1.165E-04   1.5986E-04   1.7239E-04   1.5890E-04 / 1.7158E-04   
7070   1.165E-04   1.6003E-04   1.7256E-04   1.5902E-04 / 1.7171E-04   
7080   1.165E-04   1.5939E-04   1.7204E-04   1.5842E-04 / 1.7123E-04   
7090   1.165E-04   1.5934E-04   1.7171E-04   1.5832E-04 / 1.7085E-04   
7100   1.165E-04   1.5935E-04   1.7168E-04   1.5837E-04 / 1.7087E-04   
7110   1.165E-04   1.5927E-04   1.7193E-04   1.5834E-04 / 1.7116E-04   
7120   1.165E-04   1.5897E-04   1.7188E-04   1.5799E-04 / 1.7106E-04   
7130   1.165E-04   1.5891E-04   1.7138E-04   1.5794E-04 / 1.7058E-04   
7140   1.165E-04   1.5886E-04   1.7081E-04   1.5791E-04 / 1.7002E-04   
7150   1.165E-04   1.5860E-04   1.7052E-04   1.5767E-04 / 1.6975E-04   
7160   1.165E-04   1.5858E-04   1.7116E-04   1.5762E-04 / 1.7036E-04   
7170   1.165E-04   1.5845E-04   1.7074E-04   1.5743E-04 / 1.6989E-04   
7180   1.165E-04   1.5838E-04   1.7112E-04   1.5745E-04 / 1.7035E-04   
7190   1.165E-04   1.5816E-04   1.7039E-04   1.5716E-04 / 1.6955E-04   
7200   1.165E-04   1.5790E-04   1.7045E-04   1.5693E-04 / 1.6964E-04   
7210   1.165E-04   1.5785E-04   1.7037E-04   1.5689E-04 / 1.6958E-04   
7220   1.165E-04   1.5781E-04   1.7064E-04   1.5682E-04 / 1.6981E-04   
7230   1.165E-04   1.5766E-04   1.7040E-04   1.5667E-04 / 1.6958E-04   
7240   1.165E-04   1.5767E-04   1.7039E-04   1.5674E-04 / 1.6961E-04   
7250   1.165E-04   1.5758E-04   1.7001E-04   1.5662E-04 / 1.6920E-04   
7260   1.165E-04   1.5737E-04   1.6982E-04   1.5637E-04 / 1.6898E-04   
7270   1.165E-04   1.5731E-04   1.6979E-04   1.5638E-04 / 1.6902E-04   
7280   1.165E-04   1.5745E-04   1.6958E-04   1.5644E-04 / 1.6873E-04   
7290   1.165E-04   1.5704E-04   1.7003E-04   1.5608E-04 / 1.6923E-04   
7300   1.165E-04   1.5674E-04   1.6909E-04   1.5579E-04 / 1.6829E-04   
7310   1.165E-04   1.5697E-04   1.6926E-04   1.5600E-04 / 1.6844E-04   
7320   1.165E-04   1.5705E-04   1.6933E-04   1.5605E-04 / 1.6849E-04   
7330   1.165E-04   1.5655E-04   1.6844E-04   1.5557E-04 / 1.6762E-04   
7340   1.165E-04   1.5641E-04   1.6867E-04   1.5538E-04 / 1.6780E-04   
7350   1.165E-04   1.5623E-04   1.6852E-04   1.5530E-04 / 1.6775E-04   
7360   1.165E-04   1.5611E-04   1.6869E-04   1.5515E-04 / 1.6788E-04   
7370   1.165E-04   1.5649E-04   1.6915E-04   1.5551E-04 / 1.6831E-04   
7380   1.165E-04   1.5583E-04   1.6871E-04   1.5487E-04 / 1.6790E-04   
7390   1.165E-04   1.5601E-04   1.6848E-04   1.5498E-04 / 1.6759E-04   
7400   1.165E-04   1.5586E-04   1.6815E-04   1.5495E-04 / 1.6738E-04   
7410   1.165E-04   1.5562E-04   1.6852E-04   1.5465E-04 / 1.6769E-04   
7420   1.165E-04   1.5576E-04   1.6770E-04   1.5477E-04 / 1.6685E-04   
7430   1.165E-04   1.5526E-04   1.6759E-04   1.5430E-04 / 1.6676E-04   
7440   1.165E-04   1.5537E-04   1.6812E-04   1.5442E-04 / 1.6730E-04   
7450   1.165E-04   1.5523E-04   1.6803E-04   1.5424E-04 / 1.6718E-04   
7460   1.165E-04   1.5512E-04   1.6784E-04   1.5418E-04 / 1.6704E-04   
7470   1.165E-04   1.5490E-04   1.6780E-04   1.5394E-04 / 1.6697E-04   
7480   1.165E-04   1.5480E-04   1.6762E-04   1.5385E-04 / 1.6681E-04   
7490   1.165E-04   1.5471E-04   1.6713E-04   1.5376E-04 / 1.6632E-04   
7500   1.165E-04   1.5468E-04   1.6698E-04   1.5373E-04 / 1.6615E-04   
7510   1.165E-04   1.5439E-04   1.6706E-04   1.5341E-04 / 1.6621E-04   
7520   1.165E-04   1.5427E-04   1.6659E-04   1.5332E-04 / 1.6577E-04   
7530   1.165E-04   1.5456E-04   1.6670E-04   1.5360E-04 / 1.6587E-04   
7540   1.165E-04   1.5404E-04   1.6642E-04   1.5310E-04 / 1.6560E-04   
7550   1.165E-04   1.5415E-04   1.6636E-04   1.5319E-04 / 1.6553E-04   
7560   1.165E-04   1.5413E-04   1.6701E-04   1.5321E-04 / 1.6620E-04   
7570   1.165E-04   1.5396E-04   1.6685E-04   1.5297E-04 / 1.6598E-04   
7580   1.165E-04   1.5376E-04   1.6649E-04   1.5277E-04 / 1.6561E-04   
7590   1.165E-04   1.5363E-04   1.6583E-04   1.5270E-04 / 1.6501E-04   
7600   1.165E-04   1.5364E-04   1.6655E-04   1.5266E-04 / 1.6568E-04   
7610   1.165E-04   1.5357E-04   1.6567E-04   1.5266E-04 / 1.6486E-04   
7620   1.165E-04   1.5382E-04   1.6696E-04   1.5288E-04 / 1.6613E-04   
7630   1.165E-04   1.5317E-04   1.6573E-04   1.5222E-04 / 1.6488E-04   
7640   1.165E-04   1.5307E-04   1.6617E-04   1.5218E-04 / 1.6538E-04   
7650   1.165E-04   1.5301E-04   1.6550E-04   1.5202E-04 / 1.6462E-04   
7660   1.165E-04   1.5284E-04   1.6537E-04   1.5185E-04 / 1.6448E-04   
7670   1.165E-04   1.5300E-04   1.6596E-04   1.5200E-04 / 1.6506E-04   
7680   1.165E-04   1.5269E-04   1.6552E-04   1.5177E-04 / 1.6469E-04   
7690   1.165E-04   1.5254E-04   1.6542E-04   1.5158E-04 / 1.6455E-04   
7700   1.165E-04   1.5232E-04   1.6494E-04   1.5140E-04 / 1.6411E-04   
7710   1.165E-04   1.5229E-04   1.6475E-04   1.5134E-04 / 1.6388E-04   
7720   1.165E-04   1.5237E-04   1.6507E-04   1.5138E-04 / 1.6417E-04   
7730   1.165E-04   1.5211E-04   1.6475E-04   1.5117E-04 / 1.6390E-04   
7740   1.165E-04   1.5244E-04   1.6502E-04   1.5147E-04 / 1.6411E-04   
7750   1.165E-04   1.5227E-04   1.6559E-04   1.5134E-04 / 1.6474E-04   
7760   1.165E-04   1.5173E-04   1.6443E-04   1.5072E-04 / 1.6350E-04   
7770   1.165E-04   1.5175E-04   1.6422E-04   1.5084E-04 / 1.6339E-04   
7780   1.165E-04   1.5150E-04   1.6479E-04   1.5059E-04 / 1.6395E-04   
7790   1.165E-04   1.5137E-04   1.6405E-04   1.5042E-04 / 1.6318E-04   
7800   1.165E-04   1.5170E-04   1.6474E-04   1.5069E-04 / 1.6380E-04   
7810   1.165E-04   1.5145E-04   1.6402E-04   1.5049E-04 / 1.6313E-04   
7820   1.165E-04   1.5116E-04   1.6401E-04   1.5023E-04 / 1.6316E-04   
7830   1.165E-04   1.5095E-04   1.6334E-04   1.4997E-04 / 1.6243E-04   
7840   1.165E-04   1.5096E-04   1.6382E-04   1.5003E-04 / 1.6295E-04   
7850   1.165E-04   1.5099E-04   1.6365E-04   1.5006E-04 / 1.6277E-04   
7860   1.165E-04   1.5081E-04   1.6392E-04   1.4986E-04 / 1.6304E-04   
7870   1.165E-04   1.5112E-04   1.6420E-04   1.5014E-04 / 1.6328E-04   
7880   1.165E-04   1.5055E-04   1.6333E-04   1.4964E-04 / 1.6247E-04   
7890   1.165E-04   1.5052E-04   1.6298E-04   1.4957E-04 / 1.6208E-04   
7900   1.165E-04   1.5032E-04   1.6312E-04   1.4938E-04 / 1.6223E-04   
7910   1.165E-04   1.5025E-04   1.6295E-04   1.4929E-04 / 1.6204E-04   
7920   1.165E-04   1.5039E-04   1.6366E-04   1.4943E-04 / 1.6274E-04   
7930   1.165E-04   1.5007E-04   1.6255E-04   1.4913E-04 / 1.6165E-04   
7940   1.165E-04   1.4995E-04   1.6249E-04   1.4902E-04 / 1.6159E-04   
7950   1.165E-04   1.5027E-04   1.6324E-04   1.4937E-04 / 1.6238E-04   
7960   1.165E-04   1.4988E-04   1.6173E-04   1.4890E-04 / 1.6079E-04   
7970   1.165E-04   1.4976E-04   1.6259E-04   1.4884E-04 / 1.6171E-04   
7980   1.165E-04   1.4950E-04   1.6244E-04   1.4859E-04 / 1.6156E-04   
7990   1.165E-04   1.4932E-04   1.6244E-04   1.4846E-04 / 1.6161E-04   
8000   1.165E-04   1.4977E-04   1.6297E-04   1.4883E-04 / 1.6205E-04   
===============================================================================================================
Saved model to /home/nikki/kan/kanTBNN/models/multi_run/kan_experiment_37_opt/kanTBNN-24Nov05_03:37:19.pickle
