========== Dataset info ==========
Dataset params: {'file': '/home/ryley/WDK/ML/dataset/turbulence_dataset_clean.csv', 'Cases': ['squareDuctAve_Re_1100', 'squareDuctAve_Re_1150', 'squareDuctAve_Re_1250', 'squareDuctAve_Re_1300', 'squareDuctAve_Re_1350', 'squareDuctAve_Re_1400', 'squareDuctAve_Re_1500', 'squareDuctAve_Re_1600', 'squareDuctAve_Re_1800', 'squareDuctAve_Re_2000', 'squareDuctAve_Re_2205', 'squareDuctAve_Re_2400', 'squareDuctAve_Re_2600', 'squareDuctAve_Re_2900', 'squareDuctAve_Re_3200', 'squareDuctAve_Re_3500'], 'val_set': ['squareDuctAve_Re_1300', 'squareDuctAve_Re_1800', 'squareDuctAve_Re_3200'], 'test_set': ['squareDuctAve_Re_2000'], 'data_loader': <class 'tbnn.dataloaders.DeltaDataset'>}
Train/Valid/Test points: 11059 / 27648 / 9216
Memorization?: False
Cluster training?: False
EPOCH     LR        TRAIN         VALID             MSE:T/V                  RL:T/V             %NR_t/%NR_v
===============================================================================================================
  1   1.000E-03   1.5109E-01   1.1189E-01   1.5109E-01 / 1.1189E-01   
 10   1.000E-03   1.0152E-01   7.8738E-02   1.0152E-01 / 7.8738E-02   
 20   1.000E-03   8.2138E-02   6.1540E-02   8.2138E-02 / 6.1540E-02   
 30   1.000E-03   8.3656E-02   6.0460E-02   8.3656E-02 / 6.0460E-02   
 40   1.000E-03   8.3363E-02   5.9598E-02   8.3363E-02 / 5.9598E-02   
 50   1.000E-03   7.6082E-02   5.6579E-02   7.6082E-02 / 5.6579E-02   
 60   1.000E-03   6.5675E-02   5.1484E-02   6.5675E-02 / 5.1484E-02   
 70   1.000E-03   6.6537E-02   5.1368E-02   6.6537E-02 / 5.1368E-02   
 80   1.000E-03   7.3831E-02   5.9330E-02   7.3831E-02 / 5.9330E-02   
 90   1.000E-03   6.4732E-02   5.4464E-02   6.4732E-02 / 5.4464E-02   
100   1.000E-03   6.2244E-02   4.8094E-02   6.2244E-02 / 4.8094E-02   
110   1.000E-03   5.8860E-02   4.7528E-02   5.8860E-02 / 4.7528E-02   
120   1.000E-03   5.5816E-02   4.8294E-02   5.5816E-02 / 4.8294E-02   
130   1.000E-03   5.7602E-02   4.5604E-02   5.7602E-02 / 4.5604E-02   
140   1.000E-03   5.3303E-02   4.4007E-02   5.3303E-02 / 4.4007E-02   
150   1.000E-03   5.1112E-02   4.4338E-02   5.1112E-02 / 4.4338E-02   
160   1.000E-03   4.8264E-02   4.1410E-02   4.8264E-02 / 4.1410E-02   
170   1.000E-03   4.9367E-02   4.0596E-02   4.9367E-02 / 4.0596E-02   
180   1.000E-03   4.7067E-02   4.1221E-02   4.7067E-02 / 4.1221E-02   
190   1.000E-03   4.6199E-02   4.2672E-02   4.6199E-02 / 4.2672E-02   
200   1.000E-03   5.4483E-02   4.7586E-02   5.4483E-02 / 4.7586E-02   
210   1.000E-03   5.1310E-02   4.5075E-02   5.1310E-02 / 4.5075E-02   
220   1.000E-03   4.5700E-02   3.8749E-02   4.5700E-02 / 3.8749E-02   
230   1.000E-03   4.6481E-02   4.1904E-02   4.6481E-02 / 4.1904E-02   
240   1.000E-03   4.9716E-02   4.2987E-02   4.9716E-02 / 4.2987E-02   
250   1.000E-03   4.7178E-02   4.2417E-02   4.7178E-02 / 4.2417E-02   
260   1.000E-03   4.8812E-02   4.0525E-02   4.8812E-02 / 4.0525E-02   
270   1.000E-03   5.9118E-02   4.6457E-02   5.9118E-02 / 4.6457E-02   
280   1.000E-03   6.4304E-02   5.4361E-02   6.4304E-02 / 5.4361E-02   
290   1.000E-03   4.8121E-02   4.6614E-02   4.8121E-02 / 4.6614E-02   
300   1.000E-03   4.4229E-02   4.1177E-02   4.4229E-02 / 4.1177E-02   
310   1.000E-03   4.4588E-02   4.1795E-02   4.4588E-02 / 4.1795E-02   
320   1.000E-03   5.1968E-02   4.4442E-02   5.1968E-02 / 4.4442E-02   
330   1.000E-03   5.3686E-02   4.7088E-02   5.3686E-02 / 4.7088E-02   
340   1.000E-03   3.8852E-02   3.4053E-02   3.8852E-02 / 3.4053E-02   
350   1.000E-03   4.0810E-02   4.1900E-02   4.0810E-02 / 4.1900E-02   
360   1.000E-03   4.4815E-02   4.0075E-02   4.4815E-02 / 4.0075E-02   
370   1.000E-03   4.7292E-02   4.3149E-02   4.7292E-02 / 4.3149E-02   
380   1.000E-03   4.5154E-02   4.1082E-02   4.5154E-02 / 4.1082E-02   
390   1.000E-03   3.9772E-02   3.8600E-02   3.9772E-02 / 3.8600E-02   
400   1.000E-03   4.2051E-02   3.7666E-02   4.2051E-02 / 3.7666E-02   
410   1.000E-03   4.2586E-02   4.2923E-02   4.2586E-02 / 4.2923E-02   
420   1.000E-03   4.0665E-02   3.5661E-02   4.0665E-02 / 3.5661E-02   
430   1.000E-03   4.0952E-02   3.9341E-02   4.0952E-02 / 3.9341E-02   
440   1.000E-03   4.2342E-02   4.0404E-02   4.2342E-02 / 4.0404E-02   
450   1.000E-03   4.3230E-02   3.9688E-02   4.3230E-02 / 3.9688E-02   
460   1.000E-03   4.2623E-02   3.8309E-02   4.2623E-02 / 3.8309E-02   
470   1.000E-03   4.3001E-02   4.1951E-02   4.3001E-02 / 4.1951E-02   
480   1.000E-03   3.9057E-02   3.5406E-02   3.9057E-02 / 3.5406E-02   
490   1.000E-03   4.1005E-02   3.5945E-02   4.1005E-02 / 3.5945E-02   
500   1.000E-03   4.5510E-02   4.2485E-02   4.5510E-02 / 4.2485E-02   
510   1.000E-03   5.0853E-02   4.4644E-02   5.0853E-02 / 4.4644E-02   
520   1.000E-03   4.1594E-02   3.6868E-02   4.1594E-02 / 3.6868E-02   
530   1.000E-03   4.4469E-02   4.2082E-02   4.4469E-02 / 4.2082E-02   
540   1.000E-03   4.3304E-02   4.3631E-02   4.3304E-02 / 4.3631E-02   
550   1.000E-03   3.5684E-02   3.5651E-02   3.5684E-02 / 3.5651E-02   
560   1.000E-03   3.8886E-02   4.0815E-02   3.8886E-02 / 4.0815E-02   
570   1.000E-03   3.9396E-02   3.9784E-02   3.9396E-02 / 3.9784E-02   
580   1.000E-03   3.6879E-02   3.5325E-02   3.6879E-02 / 3.5325E-02   
