========== Dataset info ==========
Dataset params: {'file': '/home/ryley/WDK/ML/dataset/turbulence_dataset_clean.csv', 'Cases': ['squareDuctAve_Re_1100', 'squareDuctAve_Re_1150', 'squareDuctAve_Re_1250', 'squareDuctAve_Re_1300', 'squareDuctAve_Re_1350', 'squareDuctAve_Re_1400', 'squareDuctAve_Re_1500', 'squareDuctAve_Re_1600', 'squareDuctAve_Re_1800', 'squareDuctAve_Re_2000', 'squareDuctAve_Re_2205', 'squareDuctAve_Re_2400', 'squareDuctAve_Re_2600', 'squareDuctAve_Re_2900', 'squareDuctAve_Re_3200', 'squareDuctAve_Re_3500'], 'val_set': ['squareDuctAve_Re_1300', 'squareDuctAve_Re_1800', 'squareDuctAve_Re_3200'], 'test_set': ['squareDuctAve_Re_2000'], 'data_loader': <class 'tbnn.dataloaders.aDataset'>}
Train/Valid/Test points: 110592 / 27648 / 9216
Memorization?: False
Cluster training?: False
EPOCH     LR        TRAIN         VALID             MSE:T/V                  RL:T/V             %NR_t/%NR_v
===============================================================================================================
  1   5.000E-04   1.0661E-02   8.8519E-03   9.2718E-03 / 8.8519E-03   
 10   5.000E-04   1.5182E-03   1.0891E-03   1.4546E-03 / 1.0867E-03   
 20   5.000E-04   9.8135E-04   8.1944E-04   9.7073E-04 / 8.1922E-04   
 30   5.000E-04   1.7614E-03   1.4798E-03   1.7489E-03 / 1.4797E-03   
 40   5.000E-04   7.4773E-04   7.9881E-04   7.4097E-04 / 7.9270E-04   
 50   5.000E-04   7.4883E-04   7.9965E-04   7.4668E-04 / 7.9946E-04   
 60   5.000E-04   7.6614E-04   6.6969E-04   7.6251E-04 / 6.6903E-04   
 70   5.000E-04   5.7450E-04   6.8285E-04   5.7282E-04 / 6.7952E-04   
 80   5.000E-04   5.6202E-04   7.1337E-04   5.5402E-04 / 6.9979E-04   
 90   5.000E-04   5.7356E-04   7.1028E-04   5.7249E-04 / 7.0596E-04   
BEST MODEL
===============================================================================================================
 45   5.000E-04   8.7456E-04   6.5829E-04   8.4399E-04 / 6.5794E-04   
===============================================================================================================
Saved model to models/duct_only/TBNNiii-24May29_11:52:01.pickle
