========== Dataset info ==========
Dataset params: {'file': '/home/ryley/WDK/ML/dataset/turbulence_dataset_clean.csv', 'Cases': ['squareDuctAve_Re_1100', 'squareDuctAve_Re_1150', 'squareDuctAve_Re_1250', 'squareDuctAve_Re_1300', 'squareDuctAve_Re_1350', 'squareDuctAve_Re_1400', 'squareDuctAve_Re_1500', 'squareDuctAve_Re_1600', 'squareDuctAve_Re_1800', 'squareDuctAve_Re_2000', 'squareDuctAve_Re_2205', 'squareDuctAve_Re_2400', 'squareDuctAve_Re_2600', 'squareDuctAve_Re_2900', 'squareDuctAve_Re_3200', 'squareDuctAve_Re_3500'], 'val_set': ['squareDuctAve_Re_1300', 'squareDuctAve_Re_1800', 'squareDuctAve_Re_3200'], 'test_set': ['squareDuctAve_Re_2000'], 'data_loader': <class 'tbnn.dataloaders.aDataset'>}
Train/Valid/Test points: 110592 / 27648 / 9216
Memorization?: False
Cluster training?: False
EPOCH     LR        TRAIN         VALID             MSE:T/V                  RL:T/V             %NR_t/%NR_v
===============================================================================================================
  1   1.000E-04   4.3199E-03   3.5322E-03   4.1535E-03 / 3.4932E-03   1.0667E-04 / 2.5893E-05   12.93% / 9.68%
 10   1.000E-04   7.0645E-04   4.9149E-04   6.8715E-04 / 4.8914E-04   1.2374E-05 / 1.5543E-06   11.11% / 4.97%
 20   1.000E-04   5.1070E-04   3.5796E-04   5.0248E-04 / 3.5701E-04   5.2715E-06 / 6.2551E-07   7.82% / 3.15%
 30   1.000E-04   4.5967E-04   3.0387E-04   4.5511E-04 / 3.0361E-04   2.9262E-06 / 1.6803E-07   4.98% / 1.61%
 40   1.000E-04   4.3298E-04   2.9189E-04   4.2870E-04 / 2.9165E-04   2.7438E-06 / 1.6060E-07   4.23% / 1.12%
 50   1.000E-04   4.2579E-04   2.8286E-04   4.2076E-04 / 2.8233E-04   3.2224E-06 / 3.4915E-07   8.48% / 5.14%
 60   1.000E-04   4.0768E-04   2.8634E-04   4.0461E-04 / 2.8626E-04   1.9675E-06 / 4.8971E-08   3.19% / 0.58%
 70   1.000E-04   4.0863E-04   3.0258E-04   4.0582E-04 / 3.0231E-04   1.8057E-06 / 1.8003E-07   4.04% / 1.31%
 80   1.000E-04   3.9554E-04   2.7204E-04   3.9107E-04 / 2.7181E-04   2.8682E-06 / 1.5560E-07   7.05% / 2.75%
 90   1.000E-04   3.7877E-04   2.5128E-04   3.7541E-04 / 2.5118E-04   2.1539E-06 / 6.6627E-08   4.03% / 1.02%
100   1.000E-04   3.7842E-04   2.7047E-04   3.7546E-04 / 2.7040E-04   1.8966E-06 / 4.8231E-08   2.76% / 0.49%
110   1.000E-04   3.7010E-04   2.5153E-04   3.6611E-04 / 2.5124E-04   2.5578E-06 / 1.9450E-07   6.45% / 2.84%
120   1.000E-04   3.5775E-04   2.5391E-04   3.5431E-04 / 2.5346E-04   2.2105E-06 / 3.0326E-07   7.12% / 3.57%
130   1.000E-04   3.5547E-04   2.6073E-04   3.5271E-04 / 2.6047E-04   1.7690E-06 / 1.7705E-07   5.68% / 2.35%
140   1.000E-04   3.4391E-04   2.8398E-04   3.4211E-04 / 2.8373E-04   1.1560E-06 / 1.6790E-07   4.48% / 1.80%
150   1.000E-04   3.3954E-04   3.0046E-04   3.3838E-04 / 2.9992E-04   7.4022E-07 / 3.5837E-07   3.69% / 1.79%
BEST MODEL
===============================================================================================================
104   1.000E-04   3.8405E-04   2.4515E-04   3.8069E-04 / 2.4481E-04   2.1560E-06 / 2.2440E-07   5.17% / 2.38%
===============================================================================================================
Saved model to models/duct_only/TBNNiii-23Aug20_00:04:46.pickle
===================================
======SQUARE DUCT EVALUATION=======
===================================
========== Dataset info ==========
Dataset params: {'file': '/home/ryley/WDK/ML/dataset/turbulence_dataset_clean.csv', 'Cases': ['squareDuctAve_Re_1100', 'squareDuctAve_Re_1150', 'squareDuctAve_Re_1250', 'squareDuctAve_Re_1300', 'squareDuctAve_Re_1350', 'squareDuctAve_Re_1400', 'squareDuctAve_Re_1500', 'squareDuctAve_Re_1600', 'squareDuctAve_Re_1800', 'squareDuctAve_Re_2000', 'squareDuctAve_Re_2205', 'squareDuctAve_Re_2400', 'squareDuctAve_Re_2600', 'squareDuctAve_Re_2900', 'squareDuctAve_Re_3200', 'squareDuctAve_Re_3500'], 'val_set': ['squareDuctAve_Re_1300', 'squareDuctAve_Re_1800', 'squareDuctAve_Re_3200'], 'test_set': ['squareDuctAve_Re_2000'], 'data_loader': <class 'tbnn.dataloaders.aDataset'>}
Train/Valid/Test points: 110592 / 27648 / 9216
Memorization?: False
Cluster training?: False
Final model performance:
======= Training =======
aLoss:   3.8405E-04
mse_b:   9.3328E-03
realzLoss: 2.1560E-06
%unrealiz: 5.1713%
mse_a (khat):   3.8069E-04
======= Validation =======
aLoss:   2.4515E-04
mse_b:   8.4526E-03
realzLoss: 2.2440E-07
%unrealiz: 2.3835%
mse_a (khat):   2.4481E-04
======= Testing =======
aLoss:   1.5126E-04
mse_b:   7.4419E-03
realzLoss: 1.6157E-07
%unrealiz: 2.8103%
mse_a (khat):   1.5102E-04
[dataFoam] Writing nut_L to file /home/ryley/WDK/ML/scratch/injection/squareDuct_Re_2000_duct_only/0/nut_L
[dataFoam] Writing aperp to file /home/ryley/WDK/ML/scratch/injection/squareDuct_Re_2000_duct_only/0/aperp
