========== Dataset info ==========
Dataset params: {'file': '/home/nikki/kan/data/turbulence_dataset_clean.csv', 'Cases': ['fp_1000', 'fp_1410', 'fp_2000', 'fp_2540', 'fp_3030', 'fp_3270', 'fp_3630', 'fp_3970', 'fp_4060'], 'val_set': ['fp_3030', 'fp_1410', 'fp_4060'], 'test_set': ['fp_3630'], 'data_loader': <class 'tbnn.dataloaders.aDataset'>}
Train/Valid/Test points: 760 / 468 / 168
Memorization?: False
Cluster training?: False
EPOCH     LR        TRAIN         VALID             MSE:T/V                  RL:T/V             %NR_t/%NR_v
===============================================================================================================
  1   2.098E-03   2.7777E-01   2.6972E-01   2.3169E-01 / 2.2637E-01   
 10   2.098E-03   3.3967E-02   3.1436E-02   3.2964E-02 / 3.0846E-02   
 20   2.098E-03   5.6519E-03   5.1495E-03   5.5932E-03 / 5.1389E-03   
 30   2.098E-03   3.2055E-03   2.9855E-03   3.2020E-03 / 2.9843E-03   
 40   2.098E-03   2.5277E-03   2.4019E-03   2.5277E-03 / 2.4019E-03   
 50   2.098E-03   2.1506E-03   2.0665E-03   2.1503E-03 / 2.0661E-03   
 60   2.098E-03   1.8658E-03   1.8089E-03   1.8654E-03 / 1.8086E-03   
 70   2.098E-03   1.6406E-03   1.5999E-03   1.6406E-03 / 1.5998E-03   
 80   2.098E-03   1.4391E-03   1.4115E-03   1.4388E-03 / 1.4112E-03   
 90   2.098E-03   1.2682E-03   1.2473E-03   1.2680E-03 / 1.2471E-03   
100   2.098E-03   1.1326E-03   1.1235E-03   1.1323E-03 / 1.1233E-03   
110   2.098E-03   1.0181E-03   1.0136E-03   1.0177E-03 / 1.0133E-03   
120   2.098E-03   9.1837E-04   9.1849E-04   9.1806E-04 / 9.1822E-04   
130   2.098E-03   8.3111E-04   8.3761E-04   8.3102E-04 / 8.3755E-04   
140   2.098E-03   7.5817E-04   7.6610E-04   7.5816E-04 / 7.6609E-04   
150   2.098E-03   6.9559E-04   7.1141E-04   6.9558E-04 / 7.1140E-04   
160   2.098E-03   6.4368E-04   6.6134E-04   6.4362E-04 / 6.6125E-04   
170   2.098E-03   5.9766E-04   6.1708E-04   5.9757E-04 / 6.1701E-04   
180   2.098E-03   5.5992E-04   5.8086E-04   5.5965E-04 / 5.8053E-04   
190   2.098E-03   5.2609E-04   5.4575E-04   5.2606E-04 / 5.4574E-04   
200   2.098E-03   4.9740E-04   5.2104E-04   4.9740E-04 / 5.2104E-04   
210   2.098E-03   4.6798E-04   4.9160E-04   4.6774E-04 / 4.9133E-04   
220   2.098E-03   4.4269E-04   4.6362E-04   4.4268E-04 / 4.6358E-04   
230   2.098E-03   4.2031E-04   4.4301E-04   4.2023E-04 / 4.4289E-04   
240   2.098E-03   3.9845E-04   4.1803E-04   3.9845E-04 / 4.1799E-04   
250   2.098E-03   3.7994E-04   4.0205E-04   3.7993E-04 / 4.0203E-04   
260   2.098E-03   3.6188E-04   3.8346E-04   3.6187E-04 / 3.8344E-04   
270   2.098E-03   3.4549E-04   3.6771E-04   3.4548E-04 / 3.6771E-04   
280   2.098E-03   3.3215E-04   3.5439E-04   3.3215E-04 / 3.5439E-04   
290   2.098E-03   3.1889E-04   3.3853E-04   3.1867E-04 / 3.3844E-04   
300   2.098E-03   3.0530E-04   3.2717E-04   3.0521E-04 / 3.2713E-04   
310   2.098E-03   2.9389E-04   3.1440E-04   2.9388E-04 / 3.1439E-04   
320   2.098E-03   2.8318E-04   3.0438E-04   2.8310E-04 / 3.0433E-04   
330   2.098E-03   2.7523E-04   2.9485E-04   2.7513E-04 / 2.9475E-04   
340   2.098E-03   2.6408E-04   2.8636E-04   2.6386E-04 / 2.8617E-04   
350   2.098E-03   2.5463E-04   2.7508E-04   2.5443E-04 / 2.7502E-04   
360   2.098E-03   2.4717E-04   2.6772E-04   2.4703E-04 / 2.6765E-04   
370   2.098E-03   2.3595E-04   2.5305E-04   2.3593E-04 / 2.5305E-04   
380   2.098E-03   2.3424E-04   2.4891E-04   2.3325E-04 / 2.4822E-04   
390   2.098E-03   2.1915E-04   2.3807E-04   2.1907E-04 / 2.3806E-04   
400   2.098E-03   2.1287E-04   2.2963E-04   2.1253E-04 / 2.2950E-04   
410   2.098E-03   2.0651E-04   2.2327E-04   2.0626E-04 / 2.2312E-04   
420   2.098E-03   2.0128E-04   2.1565E-04   2.0128E-04 / 2.1565E-04   
430   2.098E-03   1.9418E-04   2.1033E-04   1.9386E-04 / 2.1011E-04   
440   2.098E-03   1.8940E-04   2.0891E-04   1.8932E-04 / 2.0884E-04   
450   2.098E-03   1.8428E-04   2.0013E-04   1.8354E-04 / 1.9959E-04   
460   2.098E-03   1.7694E-04   1.9149E-04   1.7675E-04 / 1.9142E-04   
470   2.098E-03   1.7837E-04   1.9139E-04   1.7722E-04 / 1.9081E-04   
480   2.098E-03   1.6956E-04   1.8475E-04   1.6954E-04 / 1.8475E-04   
490   2.098E-03   1.6495E-04   1.8242E-04   1.6473E-04 / 1.8236E-04   
500   2.098E-03   1.5925E-04   1.7665E-04   1.5911E-04 / 1.7662E-04   
510   2.098E-03   1.5501E-04   1.7074E-04   1.5484E-04 / 1.7065E-04   
520   2.098E-03   1.5090E-04   1.6615E-04   1.5059E-04 / 1.6594E-04   
530   2.098E-03   1.4842E-04   1.6691E-04   1.4839E-04 / 1.6687E-04   
540   2.098E-03   1.4344E-04   1.6256E-04   1.4329E-04 / 1.6243E-04   
550   2.098E-03   1.4637E-04   1.6530E-04   1.4629E-04 / 1.6520E-04   
560   2.098E-03   1.3646E-04   1.5398E-04   1.3631E-04 / 1.5384E-04   
570   2.098E-03   1.3421E-04   1.5360E-04   1.3409E-04 / 1.5348E-04   
580   2.098E-03   1.3250E-04   1.5287E-04   1.3238E-04 / 1.5283E-04   
590   2.098E-03   1.2865E-04   1.4718E-04   1.2847E-04 / 1.4708E-04   
600   2.098E-03   1.2521E-04   1.4363E-04   1.2492E-04 / 1.4339E-04   
610   2.098E-03   1.2158E-04   1.3948E-04   1.2104E-04 / 1.3910E-04   
620   2.098E-03   1.2222E-04   1.4556E-04   1.2209E-04 / 1.4549E-04   
630   2.098E-03   1.1506E-04   1.3348E-04   1.1487E-04 / 1.3336E-04   
640   2.098E-03   1.1673E-04   1.3593E-04   1.1661E-04 / 1.3588E-04   
650   2.098E-03   1.1168E-04   1.3136E-04   1.1167E-04 / 1.3136E-04   
660   2.098E-03   1.1055E-04   1.3023E-04   1.1036E-04 / 1.3016E-04   
670   2.098E-03   1.0553E-04   1.2577E-04   1.0532E-04 / 1.2568E-04   
680   2.098E-03   1.0320E-04   1.2508E-04   1.0310E-04 / 1.2508E-04   
690   2.098E-03   1.0326E-04   1.2170E-04   1.0262E-04 / 1.2115E-04   
700   2.098E-03   1.0120E-04   1.2208E-04   1.0048E-04 / 1.2162E-04   
710   2.098E-03   9.7505E-05   1.1688E-04   9.7397E-05 / 1.1677E-04   
720   2.098E-03   9.5344E-05   1.1798E-04   9.5199E-05 / 1.1789E-04   
730   2.098E-03   9.3011E-05   1.1642E-04   9.2876E-05 / 1.1632E-04   
740   2.098E-03   1.0841E-04   1.2801E-04   1.0791E-04 / 1.2780E-04   
750   2.098E-03   8.9482E-05   1.1040E-04   8.8921E-05 / 1.0990E-04   
760   2.098E-03   8.8403E-05   1.1023E-04   8.8246E-05 / 1.1013E-04   
770   2.098E-03   9.2642E-05   1.1445E-04   9.2593E-05 / 1.1442E-04   
780   2.098E-03   9.0275E-05   1.0964E-04   9.0025E-05 / 1.0932E-04   
790   2.098E-03   8.3764E-05   1.0436E-04   8.3726E-05 / 1.0435E-04   
800   2.098E-03   8.1790E-05   1.0118E-04   8.1638E-05 / 1.0107E-04   
810   2.098E-03   8.0077E-05   9.9411E-05   8.0076E-05 / 9.9411E-05   
820   2.098E-03   7.7693E-05   9.9487E-05   7.7570E-05 / 9.9442E-05   
830   2.098E-03   7.6966E-05   9.6731E-05   7.6960E-05 / 9.6731E-05   
840   2.098E-03   7.6191E-05   9.5422E-05   7.5313E-05 / 9.4772E-05   
850   2.098E-03   8.0954E-05   1.0201E-04   8.0870E-05 / 1.0195E-04   
860   2.098E-03   7.2572E-05   9.4006E-05   7.2439E-05 / 9.3918E-05   
870   2.098E-03   7.1618E-05   9.3802E-05   7.1618E-05 / 9.3802E-05   
880   2.098E-03   7.1731E-05   9.4087E-05   7.1713E-05 / 9.4064E-05   
890   2.098E-03   6.9269E-05   9.0730E-05   6.8986E-05 / 9.0503E-05   
900   2.098E-03   7.7427E-05   9.9976E-05   7.7411E-05 / 9.9976E-05   
910   2.098E-03   6.6951E-05   8.8603E-05   6.6777E-05 / 8.8423E-05   
920   2.098E-03   6.8319E-05   9.0797E-05   6.8282E-05 / 9.0789E-05   
930   2.098E-03   6.4054E-05   8.6062E-05   6.3866E-05 / 8.5916E-05   
940   2.098E-03   6.5573E-05   8.4886E-05   6.4383E-05 / 8.4012E-05   
950   2.098E-03   7.3297E-05   9.4323E-05   7.3279E-05 / 9.4323E-05   
960   2.098E-03   6.6946E-05   8.5274E-05   6.6859E-05 / 8.5206E-05   
970   2.098E-03   6.2009E-05   8.1737E-05   6.1409E-05 / 8.1282E-05   
980   2.098E-03   6.5542E-05   8.5969E-05   6.5481E-05 / 8.5950E-05   
990   2.098E-03   6.0805E-05   8.1725E-05   6.0624E-05 / 8.1635E-05   
1000   2.098E-03   6.2005E-05   8.1198E-05   6.1977E-05 / 8.1195E-05   
1010   2.098E-03   6.3269E-05   8.7088E-05   6.2487E-05 / 8.6457E-05   
1020   2.098E-03   6.0665E-05   7.6191E-05   5.9953E-05 / 7.5710E-05   
1030   2.098E-03   5.6478E-05   7.6204E-05   5.6374E-05 / 7.6174E-05   
1040   2.098E-03   5.7053E-05   7.8282E-05   5.6938E-05 / 7.8244E-05   
1050   2.098E-03   5.7297E-05   7.8280E-05   5.7016E-05 / 7.8098E-05   
1060   2.098E-03   5.4548E-05   7.5592E-05   5.3724E-05 / 7.5113E-05   
1070   2.098E-03   5.5711E-05   7.5300E-05   5.5076E-05 / 7.4893E-05   
1080   2.098E-03   5.6924E-05   7.8671E-05   5.5962E-05 / 7.8072E-05   
1090   2.098E-03   5.3178E-05   7.3506E-05   5.2679E-05 / 7.3157E-05   
1100   2.098E-03   5.6010E-05   7.6866E-05   5.5729E-05 / 7.6788E-05   
1110   2.098E-03   5.9411E-05   7.6972E-05   5.8069E-05 / 7.5774E-05   
1120   2.098E-03   6.1281E-05   7.9256E-05   6.1280E-05 / 7.9251E-05   
1130   2.098E-03   5.2074E-05   7.1026E-05   5.1798E-05 / 7.0823E-05   
1140   2.098E-03   5.2667E-05   7.1083E-05   5.2552E-05 / 7.0987E-05   
1150   2.098E-03   5.0683E-05   6.8895E-05   5.0666E-05 / 6.8879E-05   
1160   2.098E-03   5.0768E-05   6.9346E-05   5.0381E-05 / 6.9034E-05   
1170   2.098E-03   5.3559E-05   7.1974E-05   5.3548E-05 / 7.1955E-05   
1180   2.098E-03   4.9287E-05   6.7553E-05   4.9060E-05 / 6.7348E-05   
1190   2.098E-03   6.4427E-05   8.2273E-05   6.4420E-05 / 8.2273E-05   
1200   2.098E-03   4.8015E-05   6.5801E-05   4.7648E-05 / 6.5579E-05   
1210   2.098E-03   5.2320E-05   7.1706E-05   5.0963E-05 / 7.0683E-05   
1220   2.098E-03   5.5523E-05   7.2894E-05   5.2416E-05 / 7.0793E-05   
1230   2.098E-03   5.3051E-05   7.1169E-05   5.2810E-05 / 7.0898E-05   
1240   2.098E-03   4.7467E-05   6.4519E-05   4.7356E-05 / 6.4407E-05   
1250   2.098E-03   4.6373E-05   6.5602E-05   4.6253E-05 / 6.5473E-05   
1260   2.098E-03   4.6682E-05   6.5401E-05   4.6036E-05 / 6.4970E-05   
1270   2.098E-03   4.6344E-05   6.3765E-05   4.6037E-05 / 6.3478E-05   
1280   2.098E-03   4.9093E-05   6.5640E-05   4.9066E-05 / 6.5603E-05   
1290   2.098E-03   4.9016E-05   6.7511E-05   4.8854E-05 / 6.7335E-05   
1300   2.098E-03   4.4831E-05   6.2879E-05   4.4573E-05 / 6.2610E-05   
1310   2.098E-03   4.9438E-05   6.6598E-05   4.9198E-05 / 6.6256E-05   
1320   2.098E-03   4.6959E-05   6.4322E-05   4.6682E-05 / 6.4028E-05   
1330   2.098E-03   4.4912E-05   6.3334E-05   4.4714E-05 / 6.3137E-05   
1340   2.098E-03   4.4613E-05   6.0905E-05   4.4571E-05 / 6.0846E-05   
1350   2.098E-03   4.3334E-05   6.0943E-05   4.3182E-05 / 6.0815E-05   
1360   2.098E-03   4.4186E-05   6.1167E-05   4.4116E-05 / 6.1080E-05   
1370   2.098E-03   4.2093E-05   5.9557E-05   4.1548E-05 / 5.9065E-05   
1380   2.098E-03   4.3676E-05   6.2042E-05   4.3233E-05 / 6.1669E-05   
1390   2.098E-03   4.2386E-05   5.8940E-05   4.1959E-05 / 5.8549E-05   
1400   2.098E-03   4.6392E-05   6.3857E-05   4.6337E-05 / 6.3801E-05   
1410   2.098E-03   4.3556E-05   5.9818E-05   4.3439E-05 / 5.9707E-05   
1420   2.098E-03   4.6624E-05   6.4911E-05   4.6154E-05 / 6.4496E-05   
1430   2.098E-03   4.1902E-05   5.9640E-05   4.1886E-05 / 5.9631E-05   
1440   2.098E-03   4.6758E-05   6.1179E-05   4.6222E-05 / 6.0929E-05   
1450   2.098E-03   4.1533E-05   6.0200E-05   4.0834E-05 / 5.9605E-05   
1460   2.098E-03   4.0315E-05   5.8922E-05   4.0154E-05 / 5.8766E-05   
1470   2.098E-03   4.0782E-05   5.6395E-05   4.0700E-05 / 5.6317E-05   
1480   2.098E-03   4.0157E-05   5.7626E-05   3.9833E-05 / 5.7389E-05   
1490   2.098E-03   4.2233E-05   5.8580E-05   4.2075E-05 / 5.8436E-05   
1500   2.098E-03   3.8394E-05   5.6359E-05   3.7741E-05 / 5.5786E-05   
1510   2.098E-03   4.1445E-05   5.7534E-05   4.0849E-05 / 5.7081E-05   
1520   2.098E-03   3.9846E-05   5.9868E-05   3.9118E-05 / 5.9338E-05   
1530   2.098E-03   3.8475E-05   5.6139E-05   3.8374E-05 / 5.6066E-05   
1540   2.098E-03   3.9844E-05   5.8329E-05   3.9833E-05 / 5.8318E-05   
1550   2.098E-03   3.9615E-05   5.6039E-05   3.9516E-05 / 5.5961E-05   
1560   2.098E-03   5.4322E-05   7.1215E-05   5.3507E-05 / 7.0583E-05   
1570   2.098E-03   3.8688E-05   5.1988E-05   3.8568E-05 / 5.1900E-05   
1580   2.098E-03   3.8478E-05   5.8741E-05   3.8375E-05 / 5.8682E-05   
1590   2.098E-03   3.6575E-05   5.3777E-05   3.6317E-05 / 5.3593E-05   
1600   2.098E-03   4.0711E-05   5.9530E-05   3.9103E-05 / 5.8138E-05   
1610   2.098E-03   3.5605E-05   5.2820E-05   3.5248E-05 / 5.2489E-05   
1620   2.098E-03   3.6969E-05   5.5563E-05   3.6043E-05 / 5.4733E-05   
1630   2.098E-03   4.2195E-05   5.9484E-05   4.2071E-05 / 5.9435E-05   
1640   2.098E-03   3.4609E-05   5.1819E-05   3.4512E-05 / 5.1757E-05   
1650   2.098E-03   3.6407E-05   5.4945E-05   3.5205E-05 / 5.4026E-05   
1660   2.098E-03   3.4684E-05   5.2578E-05   3.4374E-05 / 5.2308E-05   
1670   2.098E-03   3.5099E-05   5.1035E-05   3.4976E-05 / 5.0962E-05   
1680   2.098E-03   3.3661E-05   5.2058E-05   3.3087E-05 / 5.1556E-05   
1690   2.098E-03   3.7228E-05   5.5876E-05   3.7104E-05 / 5.5775E-05   
1700   2.098E-03   3.8830E-05   5.6051E-05   3.8815E-05 / 5.6051E-05   
1710   2.098E-03   3.5438E-05   5.2064E-05   3.4803E-05 / 5.1575E-05   
1720   2.098E-03   3.3545E-05   5.1103E-05   3.2894E-05 / 5.0591E-05   
1730   2.098E-03   3.5385E-05   5.2526E-05   3.5145E-05 / 5.2307E-05   
1740   2.098E-03   3.3696E-05   5.0885E-05   3.3563E-05 / 5.0775E-05   
1750   2.098E-03   3.2175E-05   4.8668E-05   3.2002E-05 / 4.8495E-05   
1760   2.098E-03   3.2688E-05   4.9692E-05   3.2303E-05 / 4.9394E-05   
1770   2.098E-03   3.9390E-05   5.6936E-05   3.9346E-05 / 5.6904E-05   
1780   2.098E-03   3.8258E-05   5.9093E-05   3.8159E-05 / 5.9014E-05   
1790   2.098E-03   3.1971E-05   5.0944E-05   3.1817E-05 / 5.0846E-05   
1800   2.098E-03   3.9100E-05   5.5011E-05   3.9099E-05 / 5.5011E-05   
1810   2.098E-03   3.1352E-05   4.8827E-05   3.1183E-05 / 4.8679E-05   
1820   2.098E-03   5.4178E-05   7.5160E-05   5.4113E-05 / 7.5103E-05   
1830   2.098E-03   3.1699E-05   4.9095E-05   3.1568E-05 / 4.8981E-05   
1840   2.098E-03   3.3401E-05   5.0509E-05   3.3382E-05 / 5.0490E-05   
1850   2.098E-03   3.0830E-05   4.7361E-05   3.0784E-05 / 4.7355E-05   
1860   2.098E-03   3.3626E-05   5.1421E-05   3.3136E-05 / 5.1019E-05   
1870   2.098E-03   3.2423E-05   4.9016E-05   3.2420E-05 / 4.9014E-05   
1880   2.098E-03   4.3484E-05   5.7197E-05   4.3484E-05 / 5.7197E-05   
1890   2.098E-03   2.9308E-05   4.5916E-05   2.9122E-05 / 4.5763E-05   
1900   2.098E-03   2.8814E-05   4.6103E-05   2.8774E-05 / 4.6075E-05   
1910   2.098E-03   2.9003E-05   4.4138E-05   2.8709E-05 / 4.3913E-05   
1920   2.098E-03   2.7883E-05   4.5332E-05   2.7810E-05 / 4.5271E-05   
1930   2.098E-03   2.9337E-05   4.7561E-05   2.9180E-05 / 4.7437E-05   
1940   2.098E-03   3.0055E-05   4.5391E-05   2.9773E-05 / 4.5348E-05   
1950   2.098E-03   3.6640E-05   5.6757E-05   3.6348E-05 / 5.6513E-05   
1960   2.098E-03   2.8191E-05   4.4102E-05   2.8116E-05 / 4.4017E-05   
1970   2.098E-03   2.8124E-05   4.5202E-05   2.7949E-05 / 4.5046E-05   
1980   2.098E-03   2.9797E-05   4.7946E-05   2.9476E-05 / 4.7689E-05   
1990   2.098E-03   2.6909E-05   4.4053E-05   2.6655E-05 / 4.3871E-05   
2000   2.098E-03   2.7108E-05   4.3066E-05   2.7090E-05 / 4.3058E-05   
2010   2.098E-03   2.9006E-05   4.7513E-05   2.8952E-05 / 4.7475E-05   
2020   2.098E-03   2.7915E-05   4.4009E-05   2.7910E-05 / 4.4009E-05   
2030   2.098E-03   2.8593E-05   4.4145E-05   2.8468E-05 / 4.4117E-05   
2040   2.098E-03   3.6032E-05   5.2481E-05   3.5909E-05 / 5.2392E-05   
2050   2.098E-03   2.6717E-05   4.3198E-05   2.6350E-05 / 4.2879E-05   
2060   2.098E-03   2.7962E-05   4.7285E-05   2.7802E-05 / 4.7165E-05   
2070   2.098E-03   2.7026E-05   4.4945E-05   2.6818E-05 / 4.4780E-05   
2080   2.098E-03   2.6647E-05   4.4338E-05   2.6495E-05 / 4.4227E-05   
2090   2.098E-03   2.6872E-05   4.3665E-05   2.6858E-05 / 4.3663E-05   
2100   2.098E-03   2.5293E-05   4.1860E-05   2.5107E-05 / 4.1715E-05   
2110   2.098E-03   2.7230E-05   4.5883E-05   2.7117E-05 / 4.5813E-05   
2120   2.098E-03   3.0760E-05   4.8704E-05   3.0750E-05 / 4.8702E-05   
2130   2.098E-03   4.9164E-05   6.1591E-05   4.9113E-05 / 6.1589E-05   
2140   2.098E-03   2.5047E-05   4.3137E-05   2.5017E-05 / 4.3098E-05   
2150   2.098E-03   2.5213E-05   4.2950E-05   2.5017E-05 / 4.2761E-05   
2160   2.098E-03   2.6626E-05   4.2985E-05   2.6362E-05 / 4.2798E-05   
2170   2.098E-03   2.5037E-05   4.2980E-05   2.4937E-05 / 4.2893E-05   
2180   2.098E-03   2.5400E-05   4.3772E-05   2.5133E-05 / 4.3538E-05   
2190   2.098E-03   2.7100E-05   4.6326E-05   2.6838E-05 / 4.6070E-05   
2200   2.098E-03   2.5953E-05   4.3534E-05   2.5910E-05 / 4.3496E-05   
2210   2.098E-03   3.2799E-05   5.1949E-05   3.2684E-05 / 5.1854E-05   
2220   2.098E-03   2.3828E-05   4.2325E-05   2.3745E-05 / 4.2240E-05   
2230   2.098E-03   2.4017E-05   4.2487E-05   2.3911E-05 / 4.2382E-05   
2240   2.098E-03   2.4722E-05   4.3523E-05   2.4205E-05 / 4.3088E-05   
2250   2.098E-03   2.7757E-05   4.4246E-05   2.7547E-05 / 4.4031E-05   
2260   2.098E-03   2.4066E-05   4.2331E-05   2.3585E-05 / 4.1863E-05   
2270   2.098E-03   2.3813E-05   4.3358E-05   2.3593E-05 / 4.3137E-05   
2280   2.098E-03   2.4007E-05   4.1387E-05   2.3928E-05 / 4.1288E-05   
2290   2.098E-03   2.6314E-05   4.6987E-05   2.6299E-05 / 4.6963E-05   
2300   2.098E-03   2.3668E-05   4.2391E-05   2.3567E-05 / 4.2259E-05   
2310   2.098E-03   2.4031E-05   4.2120E-05   2.4016E-05 / 4.2057E-05   
2320   2.098E-03   2.8433E-05   4.7057E-05   2.8427E-05 / 4.7042E-05   
2330   2.098E-03   2.4524E-05   4.3172E-05   2.4358E-05 / 4.2939E-05   
2340   2.098E-03   2.4923E-05   4.2706E-05   2.4922E-05 / 4.2697E-05   
2350   2.098E-03   2.5306E-05   4.3925E-05   2.4978E-05 / 4.3611E-05   
2360   2.098E-03   2.4309E-05   4.1620E-05   2.4307E-05 / 4.1608E-05   
2370   2.098E-03   2.3196E-05   4.2050E-05   2.3017E-05 / 4.1800E-05   
2380   2.098E-03   2.7604E-05   4.5714E-05   2.7539E-05 / 4.5622E-05   
2390   2.098E-03   2.4902E-05   4.2285E-05   2.4793E-05 / 4.2142E-05   
2400   2.098E-03   2.4990E-05   4.5541E-05   2.4908E-05 / 4.5484E-05   
2410   2.098E-03   2.2711E-05   4.2135E-05   2.2480E-05 / 4.1884E-05   
2420   2.098E-03   2.4987E-05   4.3196E-05   2.4953E-05 / 4.3194E-05   
2430   2.098E-03   2.6398E-05   4.6460E-05   2.3851E-05 / 4.4203E-05   
2440   2.098E-03   2.4174E-05   4.5229E-05   2.4004E-05 / 4.4975E-05   
2450   2.098E-03   2.4549E-05   4.0387E-05   2.4380E-05 / 4.0181E-05   
2460   2.098E-03   4.4117E-05   6.3217E-05   4.4112E-05 / 6.2982E-05   
2470   2.098E-03   2.1516E-05   4.1454E-05   2.1345E-05 / 4.1242E-05   
2480   2.098E-03   2.2018E-05   4.1559E-05   2.2015E-05 / 4.1544E-05   
2490   2.098E-03   2.5908E-05   4.6240E-05   2.5867E-05 / 4.6188E-05   
2500   2.098E-03   2.2090E-05   4.1759E-05   2.1909E-05 / 4.1520E-05   
2510   2.098E-03   2.2610E-05   3.9959E-05   2.2382E-05 / 3.9694E-05   
2520   2.098E-03   2.1779E-05   4.2955E-05   2.1583E-05 / 4.2722E-05   
2530   2.098E-03   2.4077E-05   4.4558E-05   2.2878E-05 / 4.3463E-05   
2540   2.098E-03   2.4035E-05   4.0310E-05   2.4035E-05 / 4.0298E-05   
2550   2.098E-03   2.3166E-05   4.1094E-05   2.3152E-05 / 4.1067E-05   
2560   2.098E-03   3.6281E-05   5.5272E-05   3.6254E-05 / 5.5231E-05   
2570   2.098E-03   3.0705E-05   5.2543E-05   2.8394E-05 / 4.9900E-05   
2580   2.098E-03   2.1902E-05   3.9585E-05   2.1853E-05 / 3.9517E-05   
2590   2.098E-03   2.1725E-05   4.2244E-05   2.1579E-05 / 4.2140E-05   
2600   2.098E-03   2.3636E-05   4.0906E-05   2.3618E-05 / 4.0882E-05   
2610   2.098E-03   2.2036E-05   4.3044E-05   2.1663E-05 / 4.2692E-05   
2620   2.098E-03   2.0781E-05   4.0833E-05   2.0706E-05 / 4.0741E-05   
2630   2.098E-03   2.3649E-05   4.2181E-05   2.3274E-05 / 4.1781E-05   
2640   2.098E-03   2.1793E-05   4.3893E-05   2.1742E-05 / 4.3829E-05   
2650   2.098E-03   2.5770E-05   4.5789E-05   2.5770E-05 / 4.5756E-05   
2660   2.098E-03   2.1915E-05   4.4431E-05   2.1797E-05 / 4.4286E-05   
2670   2.098E-03   2.0896E-05   4.2418E-05   2.0727E-05 / 4.2236E-05   
2680   2.098E-03   2.3269E-05   4.1623E-05   2.3259E-05 / 4.1537E-05   
2690   2.098E-03   2.4499E-05   4.3896E-05   2.4499E-05 / 4.3823E-05   
2700   2.098E-03   2.1886E-05   4.2740E-05   2.1801E-05 / 4.2638E-05   
2710   2.098E-03   2.0947E-05   4.1841E-05   2.0783E-05 / 4.1657E-05   
2720   2.098E-03   2.1711E-05   4.1924E-05   2.1673E-05 / 4.1880E-05   
2730   2.098E-03   2.6981E-05   4.9611E-05   2.6632E-05 / 4.9245E-05   
2740   2.098E-03   2.1427E-05   4.2439E-05   2.1372E-05 / 4.2378E-05   
2750   2.098E-03   2.5012E-05   4.2624E-05   2.4892E-05 / 4.2505E-05   
2760   2.098E-03   2.0578E-05   4.1166E-05   2.0494E-05 / 4.1040E-05   
2770   2.098E-03   2.0673E-05   4.3082E-05   2.0519E-05 / 4.2887E-05   
2780   2.098E-03   2.2165E-05   4.4186E-05   2.2078E-05 / 4.4061E-05   
2790   2.098E-03   2.4992E-05   4.4257E-05   2.4927E-05 / 4.4174E-05   
2800   2.098E-03   2.0685E-05   4.1352E-05   2.0445E-05 / 4.1105E-05   
2810   2.098E-03   2.1903E-05   4.2210E-05   2.1894E-05 / 4.2202E-05   
2820   2.098E-03   2.0373E-05   4.1335E-05   2.0203E-05 / 4.1160E-05   
2830   2.098E-03   1.9635E-05   3.9786E-05   1.9484E-05 / 3.9629E-05   
2840   2.098E-03   2.4190E-05   4.2134E-05   2.4150E-05 / 4.1888E-05   
2850   2.098E-03   1.9985E-05   4.0487E-05   1.9923E-05 / 4.0403E-05   
2860   2.098E-03   2.3308E-05   4.3327E-05   2.2148E-05 / 4.2263E-05   
2870   2.098E-03   1.9733E-05   3.9274E-05   1.9638E-05 / 3.9132E-05   
2880   2.098E-03   2.3909E-05   4.1689E-05   2.3901E-05 / 4.1684E-05   
2890   2.098E-03   2.0015E-05   4.0758E-05   2.0003E-05 / 4.0710E-05   
2900   2.098E-03   2.3855E-05   4.5830E-05   2.1450E-05 / 4.3514E-05   
2910   2.098E-03   2.3319E-05   4.2327E-05   2.2845E-05 / 4.1877E-05   
2920   2.098E-03   2.1079E-05   4.2378E-05   1.9971E-05 / 4.1332E-05   
2930   2.098E-03   1.9725E-05   3.9140E-05   1.9637E-05 / 3.9059E-05   
2940   2.098E-03   2.0007E-05   4.0999E-05   1.9643E-05 / 4.0667E-05   
2950   2.098E-03   2.0128E-05   3.9212E-05   1.9954E-05 / 3.9034E-05   
2960   2.098E-03   2.0828E-05   4.1376E-05   2.0318E-05 / 4.0952E-05   
2970   2.098E-03   1.9727E-05   4.1266E-05   1.9464E-05 / 4.1031E-05   
2980   2.098E-03   2.0897E-05   4.0205E-05   2.0864E-05 / 4.0142E-05   
2990   2.098E-03   2.0273E-05   4.0385E-05   2.0266E-05 / 4.0374E-05   
3000   2.098E-03   2.3827E-05   4.4274E-05   2.3827E-05 / 4.4274E-05   
3010   2.098E-03   2.0980E-05   4.0582E-05   2.0934E-05 / 4.0398E-05   
3020   2.098E-03   2.1574E-05   4.0090E-05   2.1449E-05 / 3.9979E-05   
3030   2.098E-03   1.9954E-05   4.1100E-05   1.9889E-05 / 4.1053E-05   
3040   2.098E-03   1.9555E-05   3.9935E-05   1.9459E-05 / 3.9829E-05   
3050   2.098E-03   3.5413E-05   5.4872E-05   3.5138E-05 / 5.4631E-05   
3060   2.098E-03   2.0824E-05   4.1743E-05   2.0812E-05 / 4.1727E-05   
3070   2.098E-03   1.9200E-05   4.1554E-05   1.9121E-05 / 4.1499E-05   
3080   2.098E-03   1.9048E-05   4.0003E-05   1.8881E-05 / 3.9864E-05   
3090   2.098E-03   1.9033E-05   3.9656E-05   1.8922E-05 / 3.9553E-05   
3100   2.098E-03   2.7550E-05   4.8950E-05   2.7526E-05 / 4.8738E-05   
3110   2.098E-03   1.8905E-05   3.9663E-05   1.8791E-05 / 3.9573E-05   
3120   2.098E-03   1.9044E-05   4.0544E-05   1.8882E-05 / 4.0411E-05   
3130   2.098E-03   1.9120E-05   4.1532E-05   1.8840E-05 / 4.1284E-05   
3140   2.098E-03   2.0125E-05   4.3293E-05   1.9293E-05 / 4.2622E-05   
3150   2.098E-03   2.4633E-05   4.9187E-05   2.4631E-05 / 4.9187E-05   
3160   2.098E-03   2.1625E-05   4.5981E-05   2.0587E-05 / 4.5076E-05   
3170   2.098E-03   2.0761E-05   4.3930E-05   2.0725E-05 / 4.3899E-05   
3178   2.098E-03   2.1692E-05   4.2797E-05   2.1544E-05 / 4.2691E-05   
BEST MODEL
===============================================================================================================
2915   2.098E-03   2.0816E-05   3.7864E-05   2.0694E-05 / 3.7757E-05   
===============================================================================================================
Saved model to /home/nikki/kan/kanTBNN/models/multi_run/kan_experiment_139_opt/kanTBNN-24Nov08_04:03:25.pickle
