========== Dataset info ==========
Dataset params: {'file': '/home/nikki/kan/data/turbulence_dataset_clean.csv', 'Cases': ['fp_1000', 'fp_1410', 'fp_2000', 'fp_2540', 'fp_3030', 'fp_3270', 'fp_3630', 'fp_3970', 'fp_4060'], 'val_set': ['fp_3030', 'fp_1410', 'fp_4060'], 'test_set': ['fp_3630'], 'data_loader': <class 'tbnn.dataloaders.aDataset'>}
Train/Valid/Test points: 760 / 468 / 168
Memorization?: False
Cluster training?: False
EPOCH     LR        TRAIN         VALID             MSE:T/V                  RL:T/V             %NR_t/%NR_v
===============================================================================================================
  1   1.348E-03   1.4673E-01   1.4111E-01   1.4673E-01 / 1.4111E-01   
 10   1.348E-03   3.7066E-02   3.4522E-02   3.7066E-02 / 3.4522E-02   
 20   1.348E-03   1.2658E-02   1.1840E-02   1.2658E-02 / 1.1840E-02   
 30   1.348E-03   7.3246E-03   6.9678E-03   7.3140E-03 / 6.9568E-03   
 40   1.348E-03   5.3294E-03   5.1345E-03   5.3212E-03 / 5.1259E-03   
 50   1.348E-03   4.2556E-03   4.1298E-03   4.2494E-03 / 4.1233E-03   
 60   1.348E-03   3.5938E-03   3.5003E-03   3.5901E-03 / 3.4963E-03   
 70   1.348E-03   3.1615E-03   3.0884E-03   3.1581E-03 / 3.0851E-03   
 80   1.348E-03   2.8118E-03   2.7571E-03   2.8089E-03 / 2.7542E-03   
 90   1.348E-03   2.5006E-03   2.4633E-03   2.4983E-03 / 2.4610E-03   
100   1.348E-03   2.2845E-03   2.2594E-03   2.2829E-03 / 2.2579E-03   
110   1.348E-03   2.1177E-03   2.1051E-03   2.1162E-03 / 2.1037E-03   
120   1.348E-03   1.9761E-03   1.9745E-03   1.9748E-03 / 1.9733E-03   
130   1.348E-03   1.8533E-03   1.8598E-03   1.8522E-03 / 1.8589E-03   
140   1.348E-03   1.7450E-03   1.7594E-03   1.7443E-03 / 1.7588E-03   
150   1.348E-03   1.6496E-03   1.6717E-03   1.6490E-03 / 1.6712E-03   
160   1.348E-03   1.5668E-03   1.5959E-03   1.5662E-03 / 1.5955E-03   
170   1.348E-03   1.4925E-03   1.5271E-03   1.4918E-03 / 1.5266E-03   
180   1.348E-03   1.4264E-03   1.4671E-03   1.4256E-03 / 1.4665E-03   
190   1.348E-03   1.3646E-03   1.4104E-03   1.3634E-03 / 1.4096E-03   
200   1.348E-03   1.3070E-03   1.3585E-03   1.3059E-03 / 1.3578E-03   
210   1.348E-03   1.2475E-03   1.3028E-03   1.2461E-03 / 1.3017E-03   
220   1.348E-03   1.1938E-03   1.2559E-03   1.1922E-03 / 1.2547E-03   
230   1.348E-03   1.1387E-03   1.2008E-03   1.1372E-03 / 1.1996E-03   
240   1.348E-03   1.0872E-03   1.1514E-03   1.0857E-03 / 1.1501E-03   
250   1.348E-03   1.0390E-03   1.1063E-03   1.0375E-03 / 1.1049E-03   
260   1.348E-03   9.9154E-04   1.0586E-03   9.8982E-04 / 1.0568E-03   
270   1.348E-03   9.5094E-04   1.0246E-03   9.4913E-04 / 1.0226E-03   
280   1.348E-03   9.0911E-04   9.8443E-04   9.0729E-04 / 9.8228E-04   
290   1.348E-03   8.7171E-04   9.5031E-04   8.6996E-04 / 9.4809E-04   
300   1.348E-03   8.3457E-04   9.1915E-04   8.3275E-04 / 9.1665E-04   
310   1.348E-03   8.0083E-04   8.8699E-04   7.9912E-04 / 8.8442E-04   
320   1.348E-03   7.7068E-04   8.5701E-04   7.6896E-04 / 8.5422E-04   
330   1.348E-03   7.4100E-04   8.3030E-04   7.3921E-04 / 8.2722E-04   
340   1.348E-03   7.1270E-04   8.0581E-04   7.1083E-04 / 8.0235E-04   
350   1.348E-03   6.8722E-04   7.8352E-04   6.8531E-04 / 7.7977E-04   
360   1.348E-03   6.6350E-04   7.6734E-04   6.6165E-04 / 7.6333E-04   
370   1.348E-03   6.4754E-04   7.6919E-04   6.4570E-04 / 7.6479E-04   
380   1.348E-03   6.2035E-04   7.3771E-04   6.1854E-04 / 7.3311E-04   
390   1.348E-03   6.0105E-04   7.1853E-04   5.9910E-04 / 7.1333E-04   
400   1.348E-03   5.8299E-04   7.1010E-04   5.8130E-04 / 7.0488E-04   
410   1.348E-03   5.6504E-04   6.9363E-04   5.6329E-04 / 6.8785E-04   
420   1.348E-03   5.5058E-04   6.7550E-04   5.4904E-04 / 6.6961E-04   
430   1.348E-03   5.3544E-04   6.6222E-04   5.3386E-04 / 6.5576E-04   
440   1.348E-03   5.1959E-04   6.6332E-04   5.1819E-04 / 6.5663E-04   
450   1.348E-03   5.0838E-04   6.4981E-04   5.0707E-04 / 6.4277E-04   
460   1.348E-03   4.9644E-04   6.4077E-04   4.9521E-04 / 6.3337E-04   
470   1.348E-03   4.8246E-04   6.2759E-04   4.8128E-04 / 6.1980E-04   
480   1.348E-03   4.7045E-04   6.1361E-04   4.6920E-04 / 6.0556E-04   
490   1.348E-03   4.5978E-04   5.9259E-04   4.5868E-04 / 5.8426E-04   
500   1.348E-03   4.5104E-04   5.8017E-04   4.4985E-04 / 5.7123E-04   
510   1.348E-03   4.4185E-04   5.6435E-04   4.4067E-04 / 5.5452E-04   
520   1.348E-03   4.3449E-04   5.5409E-04   4.3350E-04 / 5.4473E-04   
530   1.348E-03   4.2343E-04   5.3776E-04   4.2241E-04 / 5.2747E-04   
540   1.348E-03   4.1496E-04   5.2646E-04   4.1409E-04 / 5.1607E-04   
550   1.348E-03   4.0699E-04   5.0718E-04   4.0604E-04 / 4.9577E-04   
560   1.348E-03   3.9955E-04   5.0220E-04   3.9860E-04 / 4.9018E-04   
570   1.348E-03   3.9191E-04   4.8731E-04   3.9097E-04 / 4.7492E-04   
580   1.348E-03   3.8648E-04   4.7856E-04   3.8548E-04 / 4.6531E-04   
590   1.348E-03   3.8089E-04   4.6776E-04   3.7996E-04 / 4.5402E-04   
600   1.348E-03   3.7268E-04   4.6369E-04   3.7176E-04 / 4.4933E-04   
610   1.348E-03   3.6618E-04   4.4389E-04   3.6539E-04 / 4.2944E-04   
620   1.348E-03   3.6131E-04   4.4532E-04   3.6033E-04 / 4.3029E-04   
630   1.348E-03   3.5601E-04   4.3643E-04   3.5510E-04 / 4.2085E-04   
640   1.348E-03   3.4797E-04   4.3433E-04   3.4688E-04 / 4.1788E-04   
650   1.348E-03   3.5288E-04   4.2017E-04   3.5199E-04 / 4.0429E-04   
660   1.348E-03   3.4556E-04   4.3201E-04   3.4459E-04 / 4.1663E-04   
670   1.348E-03   3.3372E-04   4.1521E-04   3.3263E-04 / 3.9922E-04   
680   1.348E-03   3.2837E-04   4.1324E-04   3.2713E-04 / 3.9659E-04   
690   1.348E-03   3.2415E-04   4.0419E-04   3.2302E-04 / 3.8891E-04   
700   1.348E-03   3.2117E-04   3.9331E-04   3.1986E-04 / 3.7839E-04   
710   1.348E-03   3.1503E-04   3.8827E-04   3.1386E-04 / 3.7417E-04   
720   1.348E-03   3.1342E-04   3.8216E-04   3.1237E-04 / 3.6962E-04   
730   1.348E-03   3.1260E-04   3.8727E-04   3.1154E-04 / 3.7555E-04   
740   1.348E-03   3.1075E-04   3.7695E-04   3.0962E-04 / 3.6527E-04   
750   1.348E-03   3.0105E-04   3.7193E-04   3.0000E-04 / 3.6147E-04   
760   1.348E-03   3.0284E-04   3.7850E-04   3.0177E-04 / 3.6825E-04   
770   1.348E-03   2.9416E-04   3.5951E-04   2.9306E-04 / 3.4910E-04   
780   1.348E-03   3.0624E-04   3.8767E-04   3.0517E-04 / 3.7698E-04   
790   1.348E-03   2.8900E-04   3.6021E-04   2.8791E-04 / 3.4917E-04   
800   1.348E-03   2.9116E-04   3.6782E-04   2.9006E-04 / 3.5765E-04   
810   1.348E-03   2.9140E-04   3.5409E-04   2.9034E-04 / 3.4307E-04   
820   1.348E-03   2.8402E-04   3.4765E-04   2.8297E-04 / 3.3737E-04   
830   1.348E-03   2.7981E-04   3.4441E-04   2.7871E-04 / 3.3367E-04   
840   1.348E-03   2.7704E-04   3.5602E-04   2.7604E-04 / 3.4551E-04   
850   1.348E-03   2.7502E-04   3.5150E-04   2.7403E-04 / 3.4086E-04   
860   1.348E-03   2.7323E-04   3.5083E-04   2.7209E-04 / 3.3931E-04   
870   1.348E-03   2.7379E-04   3.4750E-04   2.7283E-04 / 3.3643E-04   
880   1.348E-03   2.7124E-04   3.6338E-04   2.7028E-04 / 3.5258E-04   
890   1.348E-03   2.6753E-04   3.6033E-04   2.6662E-04 / 3.4988E-04   
900   1.348E-03   2.6853E-04   3.5220E-04   2.6758E-04 / 3.4204E-04   
910   1.348E-03   2.6516E-04   3.5818E-04   2.6418E-04 / 3.4705E-04   
920   1.348E-03   2.5914E-04   3.5679E-04   2.5828E-04 / 3.4556E-04   
930   1.348E-03   2.5804E-04   3.6146E-04   2.5718E-04 / 3.5094E-04   
940   1.348E-03   2.5386E-04   3.5039E-04   2.5296E-04 / 3.3875E-04   
950   1.348E-03   2.5409E-04   3.5475E-04   2.5338E-04 / 3.4397E-04   
960   1.348E-03   2.5180E-04   3.5861E-04   2.5096E-04 / 3.4692E-04   
970   1.348E-03   2.5115E-04   3.6496E-04   2.5037E-04 / 3.5220E-04   
980   1.348E-03   2.7294E-04   4.0625E-04   2.7214E-04 / 3.9414E-04   
990   1.348E-03   2.4620E-04   3.5890E-04   2.4547E-04 / 3.4690E-04   
1000   1.348E-03   2.5065E-04   3.8104E-04   2.4989E-04 / 3.6792E-04   
1010   1.348E-03   2.4255E-04   3.6383E-04   2.4176E-04 / 3.5235E-04   
1020   1.348E-03   2.4425E-04   3.7043E-04   2.4359E-04 / 3.5836E-04   
1030   1.348E-03   2.4276E-04   3.7536E-04   2.4198E-04 / 3.6078E-04   
1040   1.348E-03   2.4027E-04   3.7267E-04   2.3957E-04 / 3.6001E-04   
1050   1.348E-03   2.4319E-04   3.9378E-04   2.4252E-04 / 3.8100E-04   
1060   1.348E-03   2.3643E-04   3.8481E-04   2.3573E-04 / 3.7132E-04   
1070   1.348E-03   2.4314E-04   3.7920E-04   2.4250E-04 / 3.6448E-04   
1080   1.348E-03   2.3236E-04   3.8368E-04   2.3162E-04 / 3.6904E-04   
1090   1.348E-03   2.3018E-04   3.8888E-04   2.2944E-04 / 3.7443E-04   
1100   1.348E-03   2.2938E-04   3.9440E-04   2.2886E-04 / 3.8173E-04   
1110   1.348E-03   2.3597E-04   4.0557E-04   2.3542E-04 / 3.8943E-04   
1120   1.348E-03   2.3052E-04   3.9854E-04   2.2993E-04 / 3.8347E-04   
1130   1.348E-03   2.2534E-04   3.8896E-04   2.2472E-04 / 3.7284E-04   
1140   1.348E-03   2.2379E-04   3.9011E-04   2.2322E-04 / 3.7464E-04   
1146   1.348E-03   2.2420E-04   3.9535E-04   2.2352E-04 / 3.7971E-04   
BEST MODEL
===============================================================================================================
883   1.348E-03   2.7159E-04   3.3883E-04   2.7059E-04 / 3.2787E-04   
===============================================================================================================
Saved model to /home/nikki/kan/kanTBNN/models/multi_run/kan_experiment_44_opt/kanTBNN-24Nov06_01:43:26.pickle
