========== Dataset info ==========
Dataset params: {'file': '/home/nikki/kan/data/turbulence_dataset_clean.csv', 'Cases': ['fp_1000', 'fp_1410', 'fp_2000', 'fp_2540', 'fp_3030', 'fp_3270', 'fp_3630', 'fp_3970', 'fp_4060'], 'val_set': ['fp_3030', 'fp_1410', 'fp_4060'], 'test_set': ['fp_3630'], 'data_loader': <class 'tbnn.dataloaders.aDataset'>}
Train/Valid/Test points: 760 / 468 / 168
Memorization?: False
Cluster training?: False
EPOCH     LR        TRAIN         VALID             MSE:T/V                  RL:T/V             %NR_t/%NR_v
===============================================================================================================
  1   7.071E-03   9.4741E-02   9.1595E-02   9.4741E-02 / 9.1595E-02   
 10   7.071E-03   2.4581E-03   2.3437E-03   2.4560E-03 / 2.3416E-03   
 20   7.071E-03   1.7145E-03   1.6712E-03   1.7126E-03 / 1.6691E-03   
 30   7.071E-03   1.3836E-03   1.3665E-03   1.3820E-03 / 1.3651E-03   
 40   7.071E-03   1.0951E-03   1.0895E-03   1.0930E-03 / 1.0873E-03   
 50   7.071E-03   8.3636E-04   8.3446E-04   8.3534E-04 / 8.3396E-04   
 60   7.071E-03   5.9235E-04   6.0335E-04   5.9088E-04 / 6.0202E-04   
 70   7.071E-03   4.7764E-04   4.9112E-04   4.7661E-04 / 4.8971E-04   
 80   7.071E-03   4.1218E-04   4.2638E-04   4.1114E-04 / 4.2517E-04   
 90   7.071E-03   3.6511E-04   3.7943E-04   3.6395E-04 / 3.7798E-04   
100   7.071E-03   3.2798E-04   3.4231E-04   3.2731E-04 / 3.4134E-04   
110   7.071E-03   3.0788E-04   3.2553E-04   3.0785E-04 / 3.2543E-04   
120   7.071E-03   2.7713E-04   2.9752E-04   2.7659E-04 / 2.9668E-04   
130   7.071E-03   2.5317E-04   2.7550E-04   2.5307E-04 / 2.7536E-04   
140   7.071E-03   2.3435E-04   2.5697E-04   2.3381E-04 / 2.5635E-04   
150   7.071E-03   2.1858E-04   2.4435E-04   2.1833E-04 / 2.4406E-04   
160   7.071E-03   2.0670E-04   2.3456E-04   2.0442E-04 / 2.3227E-04   
170   7.071E-03   7.0958E-04   7.1908E-04   7.0831E-04 / 7.1822E-04   
180   7.071E-03   1.9564E-04   2.1891E-04   1.9199E-04 / 2.1528E-04   
190   7.071E-03   1.8074E-04   2.1104E-04   1.8060E-04 / 2.1085E-04   
200   7.071E-03   1.6973E-04   1.9775E-04   1.6811E-04 / 1.9603E-04   
210   7.071E-03   1.6439E-04   1.9770E-04   1.6436E-04 / 1.9760E-04   
220   7.071E-03   1.4905E-04   1.8320E-04   1.4896E-04 / 1.8300E-04   
230   7.071E-03   1.4147E-04   1.7518E-04   1.4124E-04 / 1.7484E-04   
240   7.071E-03   1.3465E-04   1.7231E-04   1.3403E-04 / 1.7161E-04   
250   7.071E-03   1.2930E-04   1.6618E-04   1.2919E-04 / 1.6599E-04   
260   7.071E-03   1.2342E-04   1.6044E-04   1.2299E-04 / 1.5997E-04   
270   7.071E-03   1.2030E-04   1.5805E-04   1.2026E-04 / 1.5799E-04   
280   7.071E-03   1.1294E-04   1.5018E-04   1.1269E-04 / 1.4985E-04   
290   7.071E-03   1.0973E-04   1.4958E-04   1.0963E-04 / 1.4944E-04   
300   7.071E-03   1.0805E-04   1.4399E-04   1.0755E-04 / 1.4340E-04   
310   7.071E-03   1.0921E-04   1.4132E-04   1.0900E-04 / 1.4099E-04   
320   7.071E-03   9.9787E-05   1.3653E-04   9.9721E-05 / 1.3646E-04   
330   7.071E-03   1.0660E-04   1.4012E-04   1.0582E-04 / 1.3924E-04   
340   7.071E-03   9.1976E-05   1.2448E-04   9.1542E-05 / 1.2411E-04   
350   7.071E-03   9.0616E-05   1.2470E-04   9.0596E-05 / 1.2467E-04   
360   7.071E-03   9.2082E-05   1.2507E-04   9.2014E-05 / 1.2502E-04   
370   7.071E-03   8.3423E-05   1.2279E-04   8.3076E-05 / 1.2241E-04   
380   7.071E-03   8.0295E-05   1.1668E-04   8.0272E-05 / 1.1662E-04   
390   7.071E-03   8.0400E-05   1.1536E-04   8.0309E-05 / 1.1523E-04   
400   7.071E-03   9.0840E-05   1.3003E-04   8.7278E-05 / 1.2650E-04   
410   7.071E-03   7.2304E-05   1.0626E-04   7.2300E-05 / 1.0622E-04   
420   7.071E-03   7.0029E-05   1.0895E-04   6.9997E-05 / 1.0889E-04   
430   7.071E-03   6.7244E-05   1.0600E-04   6.7242E-05 / 1.0595E-04   
440   7.071E-03   7.1815E-05   1.1333E-04   7.1781E-05 / 1.1326E-04   
450   7.071E-03   6.2795E-05   9.8242E-05   6.2566E-05 / 9.7996E-05   
460   7.071E-03   6.8179E-05   1.0229E-04   6.8115E-05 / 1.0223E-04   
470   7.071E-03   6.6559E-05   1.0929E-04   6.6043E-05 / 1.0878E-04   
480   7.071E-03   6.6849E-05   1.0224E-04   6.4166E-05 / 9.9445E-05   
490   7.071E-03   5.7919E-05   9.6373E-05   5.7912E-05 / 9.6362E-05   
500   7.071E-03   8.0577E-05   1.1158E-04   8.0577E-05 / 1.1155E-04   
510   7.071E-03   5.4555E-05   8.9301E-05   5.4435E-05 / 8.9133E-05   
520   7.071E-03   5.9312E-05   9.8976E-05   5.8453E-05 / 9.8005E-05   
530   7.071E-03   5.3787E-05   8.7040E-05   5.3588E-05 / 8.6810E-05   
540   7.071E-03   5.0666E-05   9.3027E-05   5.0268E-05 / 9.2605E-05   
550   7.071E-03   4.8243E-05   8.3766E-05   4.8219E-05 / 8.3730E-05   
560   7.071E-03   1.4034E-04   1.6982E-04   1.3998E-04 / 1.6924E-04   
570   7.071E-03   4.5719E-05   7.8059E-05   4.5654E-05 / 7.8003E-05   
580   7.071E-03   4.4354E-05   8.0659E-05   4.4155E-05 / 8.0479E-05   
590   7.071E-03   4.7186E-05   8.2518E-05   4.6593E-05 / 8.1934E-05   
600   7.071E-03   4.2028E-05   8.0166E-05   4.1601E-05 / 7.9742E-05   
610   7.071E-03   4.4352E-05   7.9428E-05   4.4352E-05 / 7.9427E-05   
620   7.071E-03   4.1801E-05   7.8375E-05   4.1775E-05 / 7.8347E-05   
630   7.071E-03   4.9316E-05   7.9275E-05   4.9311E-05 / 7.9259E-05   
640   7.071E-03   4.6773E-05   7.3104E-05   4.6417E-05 / 7.2693E-05   
650   7.071E-03   4.0788E-05   7.6442E-05   4.0781E-05 / 7.6429E-05   
660   7.071E-03   4.6370E-05   7.9300E-05   4.6370E-05 / 7.9300E-05   
670   7.071E-03   3.8316E-05   7.2861E-05   3.8105E-05 / 7.2626E-05   
680   7.071E-03   3.6878E-05   7.3949E-05   3.6859E-05 / 7.3920E-05   
690   7.071E-03   3.5928E-05   7.2377E-05   3.5741E-05 / 7.2173E-05   
700   7.071E-03   3.5048E-05   7.3695E-05   3.5004E-05 / 7.3642E-05   
710   7.071E-03   3.4720E-05   7.3426E-05   3.4637E-05 / 7.3331E-05   
720   7.071E-03   3.5142E-05   7.3583E-05   3.4893E-05 / 7.3338E-05   
730   7.071E-03   3.8601E-05   7.6475E-05   3.8601E-05 / 7.6475E-05   
740   7.071E-03   3.2421E-05   7.0076E-05   3.2421E-05 / 7.0074E-05   
750   7.071E-03   4.0699E-05   8.2014E-05   4.0630E-05 / 8.1961E-05   
760   7.071E-03   5.4364E-05   8.9939E-05   5.3815E-05 / 8.9370E-05   
770   7.071E-03   3.0637E-05   6.4901E-05   3.0462E-05 / 6.4734E-05   
780   7.071E-03   4.5655E-05   8.0192E-05   4.5595E-05 / 8.0088E-05   
790   7.071E-03   2.9468E-05   6.3512E-05   2.9430E-05 / 6.3471E-05   
800   7.071E-03   3.0230E-05   6.8538E-05   3.0230E-05 / 6.8535E-05   
810   7.071E-03   3.0562E-05   6.6569E-05   3.0242E-05 / 6.6217E-05   
820   7.071E-03   3.2735E-05   7.2876E-05   3.2607E-05 / 7.2726E-05   
830   7.071E-03   3.2304E-05   7.6800E-05   3.2200E-05 / 7.6694E-05   
840   7.071E-03   2.6129E-05   6.4983E-05   2.6105E-05 / 6.4963E-05   
850   7.071E-03   2.5901E-05   6.3877E-05   2.5838E-05 / 6.3816E-05   
860   7.071E-03   5.2646E-05   8.9408E-05   5.2615E-05 / 8.9394E-05   
870   7.071E-03   2.8234E-05   6.5899E-05   2.8204E-05 / 6.5861E-05   
880   7.071E-03   2.5758E-05   6.3629E-05   2.5758E-05 / 6.3629E-05   
890   7.071E-03   3.1463E-05   6.7393E-05   3.1060E-05 / 6.7010E-05   
900   7.071E-03   2.5829E-05   6.5663E-05   2.5826E-05 / 6.5660E-05   
910   7.071E-03   2.4791E-05   6.4036E-05   2.4785E-05 / 6.4030E-05   
920   7.071E-03   2.4952E-05   6.6105E-05   2.4792E-05 / 6.5956E-05   
930   7.071E-03   5.7024E-05   8.6184E-05   5.6760E-05 / 8.5801E-05   
940   7.071E-03   2.3979E-05   5.9937E-05   2.3940E-05 / 5.9903E-05   
950   7.071E-03   2.2843E-05   6.1770E-05   2.2359E-05 / 6.1319E-05   
960   7.071E-03   2.3303E-05   6.2558E-05   2.3106E-05 / 6.2376E-05   
970   7.071E-03   2.1021E-05   5.8576E-05   2.0778E-05 / 5.8358E-05   
980   7.071E-03   2.3156E-05   6.0644E-05   2.2865E-05 / 6.0364E-05   
990   7.071E-03   2.7384E-05   6.1809E-05   2.6802E-05 / 6.1231E-05   
1000   7.071E-03   2.2127E-05   5.7439E-05   2.2127E-05 / 5.7439E-05   
1010   7.071E-03   2.3555E-05   5.8266E-05   2.3461E-05 / 5.8183E-05   
1020   7.071E-03   2.5439E-05   6.2004E-05   2.5438E-05 / 6.2001E-05   
1030   7.071E-03   2.1607E-05   5.3115E-05   2.1296E-05 / 5.2885E-05   
1040   7.071E-03   2.0823E-05   5.6923E-05   2.0708E-05 / 5.6804E-05   
1050   7.071E-03   2.0734E-05   5.8217E-05   2.0517E-05 / 5.8066E-05   
1060   7.071E-03   3.2367E-05   6.8743E-05   3.2263E-05 / 6.8661E-05   
1070   7.071E-03   2.1079E-05   5.6609E-05   2.0879E-05 / 5.6386E-05   
1080   7.071E-03   2.0484E-05   5.3369E-05   2.0443E-05 / 5.3310E-05   
1090   7.071E-03   2.3172E-05   6.0955E-05   2.3120E-05 / 6.0878E-05   
1100   7.071E-03   3.1998E-05   5.8364E-05   3.1995E-05 / 5.8361E-05   
1110   7.071E-03   1.9578E-05   5.0479E-05   1.9577E-05 / 5.0478E-05   
1120   7.071E-03   2.9201E-05   6.1282E-05   2.9201E-05 / 6.1282E-05   
1130   7.071E-03   2.2228E-05   5.6474E-05   2.2219E-05 / 5.6460E-05   
1140   7.071E-03   1.8745E-05   5.3995E-05   1.8384E-05 / 5.3634E-05   
1150   7.071E-03   1.9997E-05   5.5060E-05   1.9923E-05 / 5.4966E-05   
1160   7.071E-03   2.1255E-05   5.4902E-05   2.0755E-05 / 5.4500E-05   
1170   7.071E-03   1.7202E-05   5.1395E-05   1.6894E-05 / 5.1100E-05   
1180   7.071E-03   2.3884E-05   5.5170E-05   2.3876E-05 / 5.5161E-05   
1190   7.071E-03   1.9036E-05   5.2691E-05   1.8901E-05 / 5.2614E-05   
1200   7.071E-03   1.8901E-05   5.3051E-05   1.8425E-05 / 5.2603E-05   
1210   7.071E-03   2.4037E-05   5.6041E-05   2.3813E-05 / 5.5876E-05   
1220   7.071E-03   2.6889E-05   4.9311E-05   2.6889E-05 / 4.9311E-05   
1230   7.071E-03   1.7276E-05   5.0385E-05   1.7227E-05 / 5.0371E-05   
1240   7.071E-03   1.7376E-05   4.7965E-05   1.7370E-05 / 4.7963E-05   
1250   7.071E-03   1.8228E-05   5.2874E-05   1.7644E-05 / 5.2422E-05   
1260   7.071E-03   1.6256E-05   5.1931E-05   1.6149E-05 / 5.1875E-05   
1270   7.071E-03   1.6803E-05   5.5062E-05   1.6754E-05 / 5.5037E-05   
1280   7.071E-03   2.0775E-05   5.4293E-05   2.0574E-05 / 5.4162E-05   
1290   7.071E-03   2.8583E-05   6.7308E-05   2.7468E-05 / 6.6382E-05   
1300   7.071E-03   1.5590E-05   5.2479E-05   1.5119E-05 / 5.2096E-05   
1310   7.071E-03   1.5862E-05   5.2898E-05   1.5862E-05 / 5.2898E-05   
1320   7.071E-03   1.7703E-05   4.8226E-05   1.7556E-05 / 4.8131E-05   
1330   7.071E-03   2.4200E-05   5.7289E-05   2.4200E-05 / 5.7289E-05   
1340   7.071E-03   1.5086E-05   4.4574E-05   1.5052E-05 / 4.4559E-05   
1350   7.071E-03   1.5637E-05   4.8333E-05   1.5627E-05 / 4.8333E-05   
1360   7.071E-03   2.3300E-05   5.6540E-05   1.6980E-05 / 5.0291E-05   
1370   7.071E-03   1.6241E-05   5.0317E-05   1.6168E-05 / 5.0292E-05   
1380   7.071E-03   1.7840E-05   4.7436E-05   1.7840E-05 / 4.7436E-05   
1390   7.071E-03   1.3993E-05   4.8535E-05   1.3991E-05 / 4.8535E-05   
1400   7.071E-03   1.5202E-05   4.7831E-05   1.4817E-05 / 4.7560E-05   
1410   7.071E-03   1.7791E-05   5.5025E-05   1.7459E-05 / 5.4790E-05   
1420   7.071E-03   1.3524E-05   4.5851E-05   1.3144E-05 / 4.5490E-05   
1430   7.071E-03   1.3496E-05   4.6734E-05   1.3338E-05 / 4.6580E-05   
1440   7.071E-03   1.4050E-05   4.7898E-05   1.3972E-05 / 4.7822E-05   
1450   7.071E-03   1.3530E-05   4.6454E-05   1.3361E-05 / 4.6278E-05   
1460   7.071E-03   1.8095E-05   5.5987E-05   1.8095E-05 / 5.5987E-05   
1470   7.071E-03   1.9264E-05   5.3217E-05   1.9264E-05 / 5.3217E-05   
1480   7.071E-03   1.5798E-05   4.8064E-05   1.5798E-05 / 4.8064E-05   
1490   7.071E-03   1.4321E-05   4.0362E-05   1.4321E-05 / 4.0362E-05   
1500   7.071E-03   1.5539E-05   4.4348E-05   1.5426E-05 / 4.4205E-05   
1510   7.071E-03   1.1986E-05   4.1684E-05   1.1973E-05 / 4.1672E-05   
1520   7.071E-03   1.6237E-05   4.7991E-05   1.6206E-05 / 4.7946E-05   
1530   7.071E-03   1.3856E-05   4.1126E-05   1.3852E-05 / 4.1126E-05   
1540   7.071E-03   1.5910E-05   4.4704E-05   1.5433E-05 / 4.4379E-05   
1550   7.071E-03   1.4917E-05   4.3610E-05   1.4806E-05 / 4.3476E-05   
1560   7.071E-03   1.5759E-05   4.5981E-05   1.4987E-05 / 4.5301E-05   
1570   7.071E-03   1.4508E-05   4.2642E-05   1.4447E-05 / 4.2550E-05   
1580   7.071E-03   1.2660E-05   4.1950E-05   1.2660E-05 / 4.1950E-05   
1590   7.071E-03   1.3579E-05   4.2842E-05   1.3579E-05 / 4.2842E-05   
1600   7.071E-03   1.3217E-05   4.3215E-05   1.3193E-05 / 4.3170E-05   
1610   7.071E-03   1.3045E-05   4.2391E-05   1.3034E-05 / 4.2380E-05   
1620   7.071E-03   1.1415E-05   3.8350E-05   1.1415E-05 / 3.8350E-05   
1630   7.071E-03   1.1004E-05   3.8146E-05   1.0952E-05 / 3.8093E-05   
1640   7.071E-03   1.1646E-05   3.6459E-05   1.1337E-05 / 3.6147E-05   
1650   7.071E-03   1.8419E-05   4.5032E-05   1.7952E-05 / 4.4655E-05   
1660   7.071E-03   1.3255E-05   3.8389E-05   1.3239E-05 / 3.8366E-05   
1670   7.071E-03   1.4311E-05   3.8848E-05   1.4121E-05 / 3.8643E-05   
1680   7.071E-03   1.0379E-05   3.4384E-05   1.0367E-05 / 3.4374E-05   
1690   7.071E-03   1.0991E-05   3.4252E-05   1.0721E-05 / 3.4087E-05   
1700   7.071E-03   2.0235E-05   4.3696E-05   2.0235E-05 / 4.3696E-05   
1710   7.071E-03   1.1965E-05   3.5729E-05   1.1950E-05 / 3.5716E-05   
1720   7.071E-03   1.1304E-05   3.1739E-05   1.1255E-05 / 3.1695E-05   
1730   7.071E-03   1.0146E-05   3.1685E-05   1.0097E-05 / 3.1667E-05   
1740   7.071E-03   1.1005E-05   3.4261E-05   1.0596E-05 / 3.3927E-05   
1750   7.071E-03   1.6266E-05   4.4314E-05   1.6249E-05 / 4.4311E-05   
1760   7.071E-03   1.1798E-05   3.2901E-05   1.1792E-05 / 3.2900E-05   
1770   7.071E-03   1.0930E-05   3.1296E-05   1.0918E-05 / 3.1295E-05   
1780   7.071E-03   1.1151E-05   2.8753E-05   1.0940E-05 / 2.8602E-05   
1790   7.071E-03   1.0092E-05   2.8056E-05   1.0011E-05 / 2.8031E-05   
1800   7.071E-03   1.4486E-05   3.3861E-05   1.4329E-05 / 3.3779E-05   
1810   7.071E-03   1.2134E-05   3.2515E-05   1.2134E-05 / 3.2515E-05   
1820   7.071E-03   1.4277E-05   2.8958E-05   1.4180E-05 / 2.8907E-05   
1830   7.071E-03   1.1395E-05   2.8447E-05   1.1339E-05 / 2.8426E-05   
1840   7.071E-03   1.0253E-05   2.8228E-05   1.0253E-05 / 2.8228E-05   
1850   7.071E-03   1.1617E-05   2.6585E-05   1.1366E-05 / 2.6388E-05   
1860   7.071E-03   1.0338E-05   2.5316E-05   1.0199E-05 / 2.5247E-05   
1870   7.071E-03   1.1453E-05   2.5048E-05   1.1425E-05 / 2.5042E-05   
1880   7.071E-03   1.2697E-05   2.5586E-05   1.2696E-05 / 2.5586E-05   
1890   7.071E-03   1.0131E-05   2.2961E-05   9.9953E-06 / 2.2885E-05   
1900   7.071E-03   1.3455E-05   2.8209E-05   1.3455E-05 / 2.8209E-05   
1910   7.071E-03   1.0251E-05   2.5249E-05   9.9878E-06 / 2.5093E-05   
1920   7.071E-03   1.2997E-05   2.5662E-05   1.2893E-05 / 2.5623E-05   
1930   7.071E-03   1.1315E-05   2.5628E-05   1.1307E-05 / 2.5628E-05   
1940   7.071E-03   1.0857E-05   2.3374E-05   1.0634E-05 / 2.3253E-05   
1950   7.071E-03   1.1565E-05   2.5067E-05   1.1460E-05 / 2.5030E-05   
1960   7.071E-03   2.1891E-05   4.0812E-05   2.1795E-05 / 4.0782E-05   
1970   7.071E-03   2.0787E-05   3.6900E-05   1.9056E-05 / 3.5260E-05   
1980   7.071E-03   1.4329E-05   2.5878E-05   1.4329E-05 / 2.5878E-05   
1990   7.071E-03   9.5507E-06   1.9931E-05   9.5380E-06 / 1.9930E-05   
2000   7.071E-03   1.6960E-05   2.5147E-05   1.6731E-05 / 2.5018E-05   
2010   7.071E-03   9.8054E-06   2.1164E-05   9.7939E-06 / 2.1164E-05   
2020   7.071E-03   1.1027E-05   2.1142E-05   1.1011E-05 / 2.1140E-05   
2030   7.071E-03   9.4792E-06   1.9750E-05   9.4380E-06 / 1.9745E-05   
2040   7.071E-03   1.5420E-05   2.7498E-05   1.5204E-05 / 2.7381E-05   
2050   7.071E-03   2.2539E-05   3.0968E-05   2.2539E-05 / 3.0968E-05   
2060   7.071E-03   1.1239E-05   2.1515E-05   1.1018E-05 / 2.1381E-05   
2070   7.071E-03   8.9292E-06   1.6900E-05   8.8997E-06 / 1.6896E-05   
2080   7.071E-03   1.8165E-05   2.3024E-05   1.7331E-05 / 2.2385E-05   
2090   7.071E-03   9.6422E-06   1.8882E-05   9.4351E-06 / 1.8780E-05   
2100   7.071E-03   1.2727E-05   2.0808E-05   1.2661E-05 / 2.0787E-05   
2110   7.071E-03   9.5002E-06   1.7554E-05   9.3392E-06 / 1.7446E-05   
2120   7.071E-03   1.0700E-05   1.9134E-05   1.0562E-05 / 1.9045E-05   
2130   7.071E-03   1.0715E-05   1.9608E-05   1.0278E-05 / 1.9242E-05   
2140   7.071E-03   9.0763E-06   1.8883E-05   8.8969E-06 / 1.8754E-05   
2150   7.071E-03   9.7328E-06   1.9156E-05   9.4859E-06 / 1.8982E-05   
2160   7.071E-03   1.3095E-05   2.2171E-05   1.3043E-05 / 2.2147E-05   
2170   7.071E-03   9.5845E-06   1.9211E-05   9.5768E-06 / 1.9211E-05   
2180   7.071E-03   9.2086E-06   1.7680E-05   9.2063E-06 / 1.7680E-05   
2190   7.071E-03   1.1737E-05   2.0755E-05   1.1040E-05 / 2.0116E-05   
2200   7.071E-03   9.3523E-06   1.7658E-05   9.3523E-06 / 1.7658E-05   
2210   7.071E-03   1.1275E-05   1.7576E-05   1.1041E-05 / 1.7447E-05   
2220   7.071E-03   1.0009E-05   1.8192E-05   9.1392E-06 / 1.7422E-05   
2230   7.071E-03   8.4075E-06   1.6284E-05   8.4009E-06 / 1.6284E-05   
2240   7.071E-03   9.8231E-06   1.7798E-05   9.4309E-06 / 1.7476E-05   
2250   7.071E-03   8.5427E-06   1.6999E-05   8.5151E-06 / 1.6994E-05   
2260   7.071E-03   1.2893E-05   1.8769E-05   1.2830E-05 / 1.8752E-05   
2270   7.071E-03   8.9870E-06   1.5780E-05   8.8677E-06 / 1.5689E-05   
2280   7.071E-03   1.0218E-05   1.5378E-05   1.0114E-05 / 1.5296E-05   
2290   7.071E-03   9.1357E-06   1.5589E-05   9.1350E-06 / 1.5589E-05   
2300   7.071E-03   8.1804E-06   1.5322E-05   8.0200E-06 / 1.5188E-05   
2310   7.071E-03   9.7920E-06   1.9304E-05   9.7803E-06 / 1.9298E-05   
2320   7.071E-03   8.2215E-06   1.6385E-05   8.0382E-06 / 1.6288E-05   
2330   7.071E-03   8.6462E-06   1.6973E-05   8.6447E-06 / 1.6973E-05   
2340   7.071E-03   9.1297E-06   1.8010E-05   9.1181E-06 / 1.8009E-05   
2350   7.071E-03   2.2658E-05   2.7550E-05   2.2438E-05 / 2.7360E-05   
2360   7.071E-03   1.6541E-05   2.6095E-05   1.6487E-05 / 2.6084E-05   
2370   7.071E-03   8.1902E-06   1.7774E-05   8.1724E-06 / 1.7759E-05   
2380   7.071E-03   8.8494E-06   1.7112E-05   8.7087E-06 / 1.7052E-05   
2390   7.071E-03   9.8437E-06   1.7116E-05   9.8437E-06 / 1.7116E-05   
2400   7.071E-03   7.8507E-06   1.5252E-05   7.8148E-06 / 1.5230E-05   
2410   7.071E-03   8.4291E-06   1.6003E-05   8.3264E-06 / 1.5972E-05   
2420   7.071E-03   1.0117E-05   1.6490E-05   9.9911E-06 / 1.6387E-05   
2430   7.071E-03   8.1958E-06   1.7627E-05   7.7199E-06 / 1.7192E-05   
2440   7.071E-03   1.1708E-05   1.7870E-05   1.1644E-05 / 1.7819E-05   
2450   7.071E-03   1.0001E-05   1.8228E-05   9.9872E-06 / 1.8228E-05   
2460   7.071E-03   8.0670E-06   1.6894E-05   8.0484E-06 / 1.6892E-05   
2470   7.071E-03   7.5843E-06   1.7177E-05   7.5641E-06 / 1.7162E-05   
2480   7.071E-03   9.1360E-06   1.9394E-05   9.0792E-06 / 1.9374E-05   
2490   7.071E-03   3.7940E-05   4.5877E-05   2.7652E-05 / 3.6379E-05   
2500   7.071E-03   9.0172E-06   1.9919E-05   8.9951E-06 / 1.9919E-05   
2510   7.071E-03   7.6058E-06   1.7482E-05   7.5974E-06 / 1.7475E-05   
2520   7.071E-03   7.7821E-06   1.6363E-05   7.7541E-06 / 1.6334E-05   
2530   7.071E-03   1.1049E-05   2.4298E-05   1.1037E-05 / 2.4298E-05   
2540   7.071E-03   1.0744E-05   2.2102E-05   1.0352E-05 / 2.1755E-05   
2550   7.071E-03   3.5470E-05   4.5586E-05   2.1798E-05 / 3.2715E-05   
2560   7.071E-03   9.3861E-06   1.8429E-05   9.3845E-06 / 1.8429E-05   
2570   7.071E-03   8.0762E-06   1.6925E-05   8.0701E-06 / 1.6918E-05   
2580   7.071E-03   1.0394E-05   1.9905E-05   1.0376E-05 / 1.9883E-05   
2590   7.071E-03   1.3500E-05   2.9784E-05   1.3195E-05 / 2.9590E-05   
2600   7.071E-03   1.1136E-05   1.7893E-05   1.0949E-05 / 1.7805E-05   
2610   7.071E-03   9.2968E-06   1.7999E-05   9.2968E-06 / 1.7999E-05   
2620   7.071E-03   9.4296E-06   2.1378E-05   9.4296E-06 / 2.1378E-05   
2630   7.071E-03   1.1649E-05   2.1502E-05   1.1600E-05 / 2.1496E-05   
2640   7.071E-03   8.7939E-06   1.8649E-05   8.7570E-06 / 1.8644E-05   
2650   7.071E-03   8.3853E-06   1.8256E-05   8.3820E-06 / 1.8253E-05   
2660   7.071E-03   9.1113E-06   2.2839E-05   8.9876E-06 / 2.2789E-05   
2670   7.071E-03   8.1100E-06   1.9067E-05   8.0685E-06 / 1.9059E-05   
2680   7.071E-03   1.2733E-05   3.0563E-05   1.2705E-05 / 3.0557E-05   
2690   7.071E-03   9.3576E-06   2.3164E-05   8.9335E-06 / 2.2843E-05   
2700   7.071E-03   7.1779E-06   1.7169E-05   7.1035E-06 / 1.7137E-05   
2710   7.071E-03   7.8988E-06   1.7303E-05   7.8575E-06 / 1.7293E-05   
2720   7.071E-03   1.1271E-05   2.2342E-05   1.1271E-05 / 2.2342E-05   
2730   7.071E-03   1.1175E-05   2.5750E-05   1.1126E-05 / 2.5728E-05   
2740   7.071E-03   7.3665E-06   1.7984E-05   7.3210E-06 / 1.7944E-05   
BEST MODEL
===============================================================================================================
2477   7.071E-03   8.7483E-06   1.4536E-05   8.4179E-06 / 1.4282E-05   
===============================================================================================================
Saved model to /home/nikki/kan/kanTBNN/models/multi_run/kan_experiment_84_opt/kanTBNN-24Nov06_19:41:13.pickle
