========== Dataset info ==========
Dataset params: {'file': '/home/ryley/WDK/ML/dataset/turbulence_dataset_clean_split.csv', 'Cases': ['fp_1000', 'fp_1410', 'fp_2000', 'fp_2540', 'fp_3030', 'fp_3270', 'fp_3630', 'fp_3970', 'fp_4060'], 'val_set': ['fp_3030', 'fp_1410', 'fp_4060'], 'test_set': ['fp_3630'], 'data_loader': <class 'tbnn.dataloaders.aDataset'>}
Train/Valid/Test points: 760 / 468 / 168
Memorization?: False
Cluster training?: False
===================================
=======FLAT PLATE EVALUATION=======
===================================
========== Dataset info ==========
Dataset params: {'file': '/home/ryley/WDK/ML/dataset/turbulence_dataset_clean_split.csv', 'Cases': ['fp_1000', 'fp_1410', 'fp_2000', 'fp_2540', 'fp_3030', 'fp_3270', 'fp_3630', 'fp_3970', 'fp_4060'], 'val_set': ['fp_3030', 'fp_1410', 'fp_4060'], 'test_set': ['fp_3630'], 'data_loader': <class 'tbnn.dataloaders.aDataset'>}
Train/Valid/Test points: 760 / 468 / 168
Memorization?: False
Cluster training?: False
Final model performance:
======= Training =======
aLoss:   3.8547E-06
mse_b:   2.5105E-03
realzLoss: 1.2119E-08
%unrealiz: 0.5263%
mse_a (khat):   3.8402E-06
======= Validation =======
aLoss:   5.1243E-06
mse_b:   2.4570E-03
realzLoss: 2.8543E-09
%unrealiz: 0.4274%
mse_a (khat):   5.1209E-06
======= Testing =======
aLoss:   3.2488E-06
mse_b:   2.3195E-03
realzLoss: 0.0000E+00
%unrealiz: 0.0000%
mse_a (khat):   3.2488E-06
