========== Dataset info ==========
Dataset params: {'file': '/home/nikki/kan/data/turbulence_dataset_clean.csv', 'Cases': ['fp_1000', 'fp_1410', 'fp_2000', 'fp_2540', 'fp_3030', 'fp_3270', 'fp_3630', 'fp_3970', 'fp_4060'], 'val_set': ['fp_3030', 'fp_1410', 'fp_4060'], 'test_set': ['fp_3630'], 'data_loader': <class 'tbnn.dataloaders.aDataset'>}
Train/Valid/Test points: 760 / 468 / 168
Memorization?: False
Cluster training?: False
EPOCH     LR        TRAIN         VALID             MSE:T/V                  RL:T/V             %NR_t/%NR_v
===============================================================================================================
  1   2.622E-03   1.6147E-01   1.5742E-01   1.6147E-01 / 1.5742E-01   
 10   2.622E-03   8.1557E-03   7.5478E-03   8.1401E-03 / 7.5294E-03   
 20   2.622E-03   3.8263E-03   3.6350E-03   3.8263E-03 / 3.6350E-03   
 30   2.622E-03   2.9010E-03   2.8050E-03   2.9010E-03 / 2.8050E-03   
 40   2.622E-03   2.4095E-03   2.3443E-03   2.4092E-03 / 2.3441E-03   
 50   2.622E-03   2.0987E-03   2.0435E-03   2.0984E-03 / 2.0433E-03   
 60   2.622E-03   1.8724E-03   1.8253E-03   1.8722E-03 / 1.8251E-03   
 70   2.622E-03   1.6895E-03   1.6489E-03   1.6894E-03 / 1.6487E-03   
 80   2.622E-03   1.5426E-03   1.5077E-03   1.5424E-03 / 1.5075E-03   
 90   2.622E-03   1.4205E-03   1.3917E-03   1.4200E-03 / 1.3913E-03   
100   2.622E-03   1.3168E-03   1.2916E-03   1.3162E-03 / 1.2910E-03   
110   2.622E-03   1.2214E-03   1.2014E-03   1.2207E-03 / 1.2007E-03   
120   2.622E-03   1.1307E-03   1.1182E-03   1.1301E-03 / 1.1177E-03   
130   2.622E-03   1.0383E-03   1.0371E-03   1.0377E-03 / 1.0366E-03   
140   2.622E-03   9.5652E-04   9.6363E-04   9.5584E-04 / 9.6310E-04   
150   2.622E-03   8.8099E-04   8.9176E-04   8.8028E-04 / 8.9125E-04   
160   2.622E-03   8.1233E-04   8.2595E-04   8.1141E-04 / 8.2525E-04   
170   2.622E-03   7.5247E-04   7.7143E-04   7.5159E-04 / 7.7071E-04   
180   2.622E-03   7.0113E-04   7.1251E-04   7.0034E-04 / 7.1183E-04   
190   2.622E-03   6.5556E-04   6.6653E-04   6.5492E-04 / 6.6598E-04   
200   2.622E-03   6.0549E-04   6.2888E-04   6.0510E-04 / 6.2850E-04   
210   2.622E-03   5.6701E-04   5.8289E-04   5.6666E-04 / 5.8252E-04   
220   2.622E-03   5.4333E-04   5.5644E-04   5.4300E-04 / 5.5604E-04   
230   2.622E-03   5.0818E-04   5.2793E-04   5.0793E-04 / 5.2753E-04   
240   2.622E-03   5.4292E-04   5.4751E-04   5.4277E-04 / 5.4717E-04   
250   2.622E-03   4.6705E-04   4.8311E-04   4.6691E-04 / 4.8278E-04   
260   2.622E-03   4.5198E-04   4.6382E-04   4.5185E-04 / 4.6346E-04   
270   2.622E-03   4.2596E-04   4.4520E-04   4.2583E-04 / 4.4482E-04   
280   2.622E-03   4.1517E-04   4.3081E-04   4.1504E-04 / 4.3033E-04   
290   2.622E-03   3.9981E-04   4.1767E-04   3.9971E-04 / 4.1720E-04   
300   2.622E-03   3.8527E-04   4.0508E-04   3.8518E-04 / 4.0460E-04   
310   2.622E-03   3.6826E-04   3.8469E-04   3.6818E-04 / 3.8417E-04   
320   2.622E-03   3.6253E-04   3.8617E-04   3.6241E-04 / 3.8561E-04   
330   2.622E-03   3.4563E-04   3.6356E-04   3.4552E-04 / 3.6303E-04   
340   2.622E-03   4.2053E-04   4.3849E-04   4.2042E-04 / 4.3806E-04   
350   2.622E-03   3.3113E-04   3.5523E-04   3.3104E-04 / 3.5457E-04   
360   2.622E-03   3.1197E-04   3.4036E-04   3.1187E-04 / 3.3968E-04   
370   2.622E-03   3.0601E-04   3.2791E-04   3.0590E-04 / 3.2722E-04   
380   2.622E-03   2.9941E-04   3.2282E-04   2.9929E-04 / 3.2207E-04   
390   2.622E-03   3.0799E-04   3.3467E-04   3.0790E-04 / 3.3398E-04   
400   2.622E-03   3.0162E-04   3.2385E-04   3.0146E-04 / 3.2305E-04   
410   2.622E-03   2.9550E-04   3.4390E-04   2.9540E-04 / 3.4324E-04   
420   2.622E-03   2.6513E-04   3.0119E-04   2.6504E-04 / 3.0059E-04   
430   2.622E-03   2.6282E-04   3.0310E-04   2.6270E-04 / 3.0241E-04   
440   2.622E-03   2.5464E-04   2.9606E-04   2.5448E-04 / 2.9536E-04   
450   2.622E-03   2.5309E-04   2.8855E-04   2.5295E-04 / 2.8777E-04   
460   2.622E-03   2.4025E-04   2.7970E-04   2.4010E-04 / 2.7907E-04   
470   2.622E-03   2.4144E-04   2.7691E-04   2.4131E-04 / 2.7635E-04   
480   2.622E-03   2.7188E-04   2.9749E-04   2.7155E-04 / 2.9683E-04   
490   2.622E-03   2.3464E-04   2.6551E-04   2.3451E-04 / 2.6498E-04   
500   2.622E-03   2.3367E-04   2.7904E-04   2.3353E-04 / 2.7856E-04   
510   2.622E-03   2.2977E-04   2.5470E-04   2.2955E-04 / 2.5401E-04   
520   2.622E-03   2.1253E-04   2.5308E-04   2.1235E-04 / 2.5231E-04   
530   2.622E-03   2.9869E-04   3.0876E-04   2.9849E-04 / 3.0788E-04   
540   2.622E-03   2.0810E-04   2.4030E-04   2.0792E-04 / 2.3966E-04   
550   2.622E-03   2.1919E-04   2.6535E-04   2.1904E-04 / 2.6479E-04   
560   2.622E-03   2.0538E-04   2.4006E-04   2.0520E-04 / 2.3951E-04   
570   2.622E-03   1.9663E-04   2.4012E-04   1.9641E-04 / 2.3967E-04   
580   2.622E-03   1.8696E-04   2.2748E-04   1.8680E-04 / 2.2700E-04   
590   2.622E-03   2.0855E-04   2.5277E-04   2.0650E-04 / 2.5052E-04   
600   2.622E-03   2.0312E-04   2.3931E-04   2.0292E-04 / 2.3845E-04   
610   2.622E-03   1.7739E-04   2.1282E-04   1.7726E-04 / 2.1231E-04   
620   2.622E-03   1.7396E-04   2.0906E-04   1.7382E-04 / 2.0852E-04   
630   2.622E-03   1.7429E-04   2.1439E-04   1.7411E-04 / 2.1383E-04   
640   2.622E-03   1.7179E-04   2.1255E-04   1.7168E-04 / 2.1201E-04   
650   2.622E-03   2.0175E-04   2.2937E-04   2.0155E-04 / 2.2839E-04   
660   2.622E-03   2.1036E-04   2.3543E-04   2.1018E-04 / 2.3423E-04   
670   2.622E-03   1.7669E-04   1.9553E-04   1.7653E-04 / 1.9461E-04   
680   2.622E-03   1.6118E-04   2.0000E-04   1.6105E-04 / 1.9926E-04   
690   2.622E-03   1.5958E-04   1.9727E-04   1.5945E-04 / 1.9650E-04   
700   2.622E-03   1.5119E-04   1.8656E-04   1.5109E-04 / 1.8595E-04   
710   2.622E-03   1.5254E-04   1.8368E-04   1.5242E-04 / 1.8281E-04   
720   2.622E-03   1.4878E-04   1.8140E-04   1.4870E-04 / 1.8066E-04   
730   2.622E-03   1.6347E-04   1.9816E-04   1.6336E-04 / 1.9725E-04   
740   2.622E-03   1.5696E-04   1.8778E-04   1.5672E-04 / 1.8724E-04   
750   2.622E-03   1.4526E-04   1.8037E-04   1.4519E-04 / 1.7956E-04   
760   2.622E-03   1.4374E-04   1.8182E-04   1.4364E-04 / 1.8088E-04   
770   2.622E-03   1.4307E-04   1.8095E-04   1.4297E-04 / 1.8009E-04   
780   2.622E-03   1.4092E-04   1.8457E-04   1.4084E-04 / 1.8351E-04   
790   2.622E-03   1.3555E-04   1.7444E-04   1.3548E-04 / 1.7348E-04   
800   2.622E-03   1.3065E-04   1.6596E-04   1.3056E-04 / 1.6486E-04   
810   2.622E-03   3.1620E-04   2.8006E-04   3.1577E-04 / 2.7924E-04   
820   2.622E-03   1.3001E-04   1.7324E-04   1.2995E-04 / 1.7201E-04   
830   2.622E-03   1.2317E-04   1.6030E-04   1.2308E-04 / 1.5927E-04   
840   2.622E-03   1.2071E-04   1.5693E-04   1.2064E-04 / 1.5574E-04   
850   2.622E-03   1.2181E-04   1.5492E-04   1.2174E-04 / 1.5367E-04   
860   2.622E-03   1.1924E-04   1.5456E-04   1.1912E-04 / 1.5345E-04   
870   2.622E-03   1.2673E-04   1.6110E-04   1.2656E-04 / 1.5965E-04   
880   2.622E-03   1.2005E-04   1.5717E-04   1.1998E-04 / 1.5610E-04   
890   2.622E-03   1.4457E-04   1.7772E-04   1.4448E-04 / 1.7632E-04   
900   2.622E-03   1.1713E-04   1.5261E-04   1.1706E-04 / 1.5149E-04   
910   2.622E-03   1.1491E-04   1.4771E-04   1.1485E-04 / 1.4671E-04   
920   2.622E-03   1.1859E-04   1.5003E-04   1.1854E-04 / 1.4868E-04   
930   2.622E-03   1.1581E-04   1.5200E-04   1.1574E-04 / 1.5084E-04   
940   2.622E-03   1.3588E-04   1.6863E-04   1.3583E-04 / 1.6729E-04   
950   2.622E-03   1.2249E-04   1.5012E-04   1.2242E-04 / 1.4880E-04   
960   2.622E-03   1.1802E-04   1.4539E-04   1.1780E-04 / 1.4403E-04   
970   2.622E-03   1.0281E-04   1.3441E-04   1.0278E-04 / 1.3282E-04   
980   2.622E-03   1.0341E-04   1.3895E-04   1.0338E-04 / 1.3758E-04   
990   2.622E-03   9.8176E-05   1.3442E-04   9.7972E-05 / 1.3305E-04   
1000   2.622E-03   1.4812E-04   1.6958E-04   1.4810E-04 / 1.6794E-04   
1010   2.622E-03   1.2020E-04   1.5084E-04   1.2019E-04 / 1.4931E-04   
1020   2.622E-03   9.3425E-05   1.2570E-04   9.3377E-05 / 1.2432E-04   
1030   2.622E-03   9.0946E-05   1.2423E-04   9.0883E-05 / 1.2273E-04   
1040   2.622E-03   9.4039E-05   1.2715E-04   9.3988E-05 / 1.2567E-04   
1050   2.622E-03   8.9181E-05   1.2180E-04   8.9165E-05 / 1.2019E-04   
1060   2.622E-03   2.4694E-04   1.5605E-04   2.4320E-04 / 1.5176E-04   
1070   2.622E-03   1.0484E-04   1.4359E-04   1.0473E-04 / 1.4067E-04   
1080   2.622E-03   8.8348E-05   1.1933E-04   8.8304E-05 / 1.1685E-04   
1090   2.622E-03   9.9364E-05   1.2785E-04   9.9202E-05 / 1.2577E-04   
1100   2.622E-03   9.4065E-05   1.1671E-04   9.3822E-05 / 1.1442E-04   
1110   2.622E-03   8.4927E-05   1.1355E-04   8.4896E-05 / 1.1140E-04   
1120   2.622E-03   8.3142E-05   1.0777E-04   8.3112E-05 / 1.0584E-04   
1130   2.622E-03   9.3932E-05   1.2243E-04   9.3847E-05 / 1.2048E-04   
1140   2.622E-03   8.4563E-05   1.1116E-04   8.4541E-05 / 1.0936E-04   
1150   2.622E-03   8.0689E-05   1.0665E-04   8.0632E-05 / 1.0467E-04   
1160   2.622E-03   8.7704E-05   1.1233E-04   8.7645E-05 / 1.1047E-04   
1170   2.622E-03   7.9607E-05   1.0707E-04   7.9459E-05 / 1.0469E-04   
1180   2.622E-03   8.1251E-05   1.0167E-04   8.1206E-05 / 9.9643E-05   
1190   2.622E-03   1.0203E-04   1.3517E-04   1.0196E-04 / 1.3323E-04   
1200   2.622E-03   1.1856E-04   1.3861E-04   1.1817E-04 / 1.3612E-04   
1210   2.622E-03   8.1012E-05   1.0733E-04   8.0861E-05 / 1.0544E-04   
1220   2.622E-03   7.2252E-05   9.6854E-05   7.2074E-05 / 9.4847E-05   
1230   2.622E-03   7.4619E-05   9.8542E-05   7.4482E-05 / 9.6451E-05   
1240   2.622E-03   7.9413E-05   1.0124E-04   7.9224E-05 / 9.9071E-05   
1250   2.622E-03   7.2748E-05   9.3939E-05   7.2557E-05 / 9.1808E-05   
1260   2.622E-03   7.6421E-05   1.0087E-04   7.6335E-05 / 9.8711E-05   
1270   2.622E-03   8.5636E-05   1.1673E-04   8.5443E-05 / 1.1509E-04   
1280   2.622E-03   7.6432E-05   1.0268E-04   7.6338E-05 / 9.9987E-05   
1290   2.622E-03   7.3911E-05   9.7201E-05   7.3675E-05 / 9.4811E-05   
1300   2.622E-03   7.0016E-05   9.9361E-05   6.9947E-05 / 9.7335E-05   
1310   2.622E-03   7.0870E-05   9.6238E-05   7.0820E-05 / 9.4134E-05   
1320   2.622E-03   7.3458E-05   9.7808E-05   7.3361E-05 / 9.5364E-05   
1330   2.622E-03   7.9680E-05   9.8791E-05   7.9542E-05 / 9.6355E-05   
1340   2.622E-03   7.2343E-05   1.0051E-04   7.2292E-05 / 9.8343E-05   
1350   2.622E-03   6.5991E-05   9.1739E-05   6.5620E-05 / 8.9298E-05   
1360   2.622E-03   6.1293E-05   8.8945E-05   6.1132E-05 / 8.6393E-05   
1370   2.622E-03   8.0584E-05   9.6646E-05   8.0452E-05 / 9.3577E-05   
1380   2.622E-03   7.2705E-05   9.9863E-05   7.2553E-05 / 9.7230E-05   
1390   2.622E-03   6.2183E-05   8.7135E-05   6.2041E-05 / 8.4814E-05   
1400   2.622E-03   6.2860E-05   9.1460E-05   6.2855E-05 / 8.8906E-05   
1410   2.622E-03   6.1590E-05   8.5183E-05   6.1536E-05 / 8.2948E-05   
1420   2.622E-03   7.9663E-05   9.8943E-05   7.9641E-05 / 9.6524E-05   
1430   2.622E-03   7.2914E-05   9.9522E-05   7.2689E-05 / 9.6816E-05   
1440   2.622E-03   6.1343E-05   8.9067E-05   6.1026E-05 / 8.6449E-05   
1450   2.622E-03   5.9405E-05   8.7663E-05   5.9322E-05 / 8.5151E-05   
1460   2.622E-03   5.7210E-05   8.0577E-05   5.6732E-05 / 7.7574E-05   
1470   2.622E-03   5.7070E-05   8.2859E-05   5.6580E-05 / 8.0070E-05   
1480   2.622E-03   5.7988E-05   8.1741E-05   5.7587E-05 / 7.8683E-05   
1490   2.622E-03   6.6459E-05   9.2399E-05   6.6430E-05 / 9.0033E-05   
1500   2.622E-03   6.5542E-05   8.7830E-05   6.5172E-05 / 8.4906E-05   
1510   2.622E-03   5.8935E-05   8.5331E-05   5.8763E-05 / 8.2773E-05   
1520   2.622E-03   6.0364E-05   8.8527E-05   5.9647E-05 / 8.5448E-05   
1530   2.622E-03   6.3668E-05   7.9762E-05   6.3617E-05 / 7.7852E-05   
1540   2.622E-03   9.5405E-05   1.0033E-04   9.5360E-05 / 9.7705E-05   
1550   2.622E-03   8.6495E-05   1.0915E-04   8.6492E-05 / 1.0693E-04   
1560   2.622E-03   5.9498E-05   8.0197E-05   5.9358E-05 / 7.7837E-05   
1570   2.622E-03   4.9881E-05   7.4340E-05   4.9681E-05 / 7.1887E-05   
1580   2.622E-03   5.2958E-05   7.7997E-05   5.2928E-05 / 7.5161E-05   
1590   2.622E-03   5.4455E-05   7.9297E-05   5.4440E-05 / 7.6857E-05   
1600   2.622E-03   5.0344E-05   7.2651E-05   5.0319E-05 / 7.0424E-05   
1610   2.622E-03   5.4086E-05   7.4138E-05   5.4051E-05 / 7.1808E-05   
1620   2.622E-03   9.1095E-05   1.0385E-04   9.0572E-05 / 1.0102E-04   
1630   2.622E-03   1.0361E-04   1.2116E-04   1.0354E-04 / 1.1864E-04   
1640   2.622E-03   5.2174E-05   7.4402E-05   5.1295E-05 / 7.1470E-05   
1650   2.622E-03   5.0676E-05   7.5408E-05   5.0653E-05 / 7.3129E-05   
1660   2.622E-03   7.9394E-05   9.7522E-05   7.7956E-05 / 9.4177E-05   
1670   2.622E-03   4.6871E-05   7.1000E-05   4.6856E-05 / 6.8558E-05   
1680   2.622E-03   4.6998E-05   7.2599E-05   4.6292E-05 / 6.9716E-05   
1690   2.622E-03   4.6774E-05   7.0537E-05   4.6735E-05 / 6.8181E-05   
1700   2.622E-03   4.7110E-05   7.3680E-05   4.7096E-05 / 7.1339E-05   
1710   2.622E-03   4.5187E-05   6.7580E-05   4.5152E-05 / 6.5217E-05   
1720   2.622E-03   4.7887E-05   7.0012E-05   4.7499E-05 / 6.7324E-05   
1730   2.622E-03   5.5774E-05   7.4347E-05   5.5516E-05 / 7.1915E-05   
1740   2.622E-03   5.1724E-05   7.7880E-05   5.1623E-05 / 7.5151E-05   
1750   2.622E-03   4.8854E-05   7.1344E-05   4.8489E-05 / 6.8826E-05   
1760   2.622E-03   4.5193E-05   7.0621E-05   4.5085E-05 / 6.8239E-05   
1770   2.622E-03   4.9354E-05   7.0245E-05   4.9349E-05 / 6.8158E-05   
1780   2.622E-03   5.2989E-05   7.7860E-05   5.2914E-05 / 7.5489E-05   
1790   2.622E-03   4.3290E-05   6.6319E-05   4.3059E-05 / 6.3679E-05   
1800   2.622E-03   4.2151E-05   6.2261E-05   4.2089E-05 / 6.0239E-05   
1810   2.622E-03   4.6986E-05   6.8142E-05   4.6954E-05 / 6.5968E-05   
1820   2.622E-03   7.1087E-05   8.8510E-05   7.1052E-05 / 8.5225E-05   
1830   2.622E-03   4.1118E-05   6.4662E-05   4.0969E-05 / 6.2573E-05   
1840   2.622E-03   4.0232E-05   6.1848E-05   3.9722E-05 / 5.9449E-05   
1850   2.622E-03   3.9014E-05   6.2642E-05   3.9011E-05 / 6.0617E-05   
1860   2.622E-03   3.9988E-05   6.3539E-05   3.9971E-05 / 6.1508E-05   
1870   2.622E-03   3.9067E-05   6.1398E-05   3.8525E-05 / 5.8924E-05   
1880   2.622E-03   4.3600E-05   6.9423E-05   4.3583E-05 / 6.7265E-05   
1890   2.622E-03   3.8270E-05   6.0656E-05   3.8224E-05 / 5.8625E-05   
1900   2.622E-03   4.1021E-05   6.2424E-05   4.0950E-05 / 6.0496E-05   
1910   2.622E-03   3.8085E-05   6.1751E-05   3.8058E-05 / 5.9312E-05   
1920   2.622E-03   1.8728E-04   2.0950E-04   1.8726E-04 / 2.0724E-04   
1930   2.622E-03   4.1530E-05   6.8218E-05   4.1432E-05 / 6.5694E-05   
1940   2.622E-03   3.5401E-05   5.9830E-05   3.5355E-05 / 5.7567E-05   
1950   2.622E-03   3.7024E-05   6.1456E-05   3.6691E-05 / 5.9127E-05   
1960   2.622E-03   3.5418E-05   5.6627E-05   3.5374E-05 / 5.4235E-05   
1970   2.622E-03   3.4886E-05   5.8171E-05   3.4839E-05 / 5.6008E-05   
1980   2.622E-03   4.1009E-05   6.1228E-05   4.0444E-05 / 5.8269E-05   
1990   2.622E-03   3.6883E-05   6.2310E-05   3.6785E-05 / 5.9820E-05   
2000   2.622E-03   3.4302E-05   5.9748E-05   3.4215E-05 / 5.7737E-05   
2010   2.622E-03   5.8268E-05   7.7056E-05   5.8268E-05 / 7.4898E-05   
2020   2.622E-03   4.3823E-05   6.9649E-05   4.2962E-05 / 6.6547E-05   
2030   2.622E-03   4.9195E-05   7.0429E-05   4.9195E-05 / 6.8433E-05   
2040   2.622E-03   2.2240E-04   2.3501E-04   2.2123E-04 / 2.3117E-04   
2050   2.622E-03   3.3867E-05   6.0462E-05   3.3856E-05 / 5.8142E-05   
2060   2.622E-03   3.2013E-05   5.6190E-05   3.1966E-05 / 5.3911E-05   
2070   2.622E-03   3.2823E-05   5.6097E-05   3.2518E-05 / 5.3436E-05   
2080   2.622E-03   3.2581E-05   5.5058E-05   3.2540E-05 / 5.2836E-05   
2090   2.622E-03   3.2393E-05   5.7625E-05   3.2080E-05 / 5.4870E-05   
2100   2.622E-03   3.2363E-05   5.3563E-05   3.2324E-05 / 5.1411E-05   
2110   2.622E-03   5.8233E-05   7.9800E-05   5.7938E-05 / 7.7222E-05   
2120   2.622E-03   3.7643E-05   5.9181E-05   3.7586E-05 / 5.6844E-05   
2130   2.622E-03   3.2025E-05   5.5743E-05   3.1830E-05 / 5.3343E-05   
2140   2.622E-03   3.3497E-05   5.7840E-05   3.3497E-05 / 5.5635E-05   
2150   2.622E-03   3.2570E-05   5.5533E-05   3.2568E-05 / 5.2893E-05   
2160   2.622E-03   3.0884E-05   5.2690E-05   3.0787E-05 / 5.0182E-05   
2170   2.622E-03   2.9480E-05   5.2607E-05   2.9424E-05 / 5.0206E-05   
2180   2.622E-03   4.5405E-05   7.1574E-05   4.5405E-05 / 6.8675E-05   
2190   2.622E-03   3.5031E-05   5.6909E-05   3.4952E-05 / 5.4402E-05   
2200   2.622E-03   4.8725E-05   6.3236E-05   4.8495E-05 / 6.0576E-05   
2210   2.622E-03   3.0650E-05   5.2980E-05   3.0640E-05 / 5.0816E-05   
2220   2.622E-03   3.1117E-05   5.4787E-05   3.1117E-05 / 5.2719E-05   
2230   2.622E-03   3.4634E-05   5.4148E-05   3.4622E-05 / 5.1795E-05   
2240   2.622E-03   3.0030E-05   5.2070E-05   2.9835E-05 / 4.9733E-05   
2250   2.622E-03   3.4976E-05   5.6694E-05   3.4766E-05 / 5.4536E-05   
2260   2.622E-03   2.7259E-05   5.0249E-05   2.7217E-05 / 4.8060E-05   
2270   2.622E-03   5.2109E-05   6.3226E-05   5.1970E-05 / 6.0712E-05   
2280   2.622E-03   4.1984E-05   6.2063E-05   4.1804E-05 / 5.9646E-05   
2290   2.622E-03   2.8409E-05   5.0886E-05   2.8351E-05 / 4.8596E-05   
2300   2.622E-03   3.0499E-05   5.8568E-05   3.0496E-05 / 5.6048E-05   
2310   2.622E-03   2.9779E-05   5.4911E-05   2.9712E-05 / 5.2178E-05   
2320   2.622E-03   3.2426E-05   6.2551E-05   3.2368E-05 / 6.0287E-05   
2330   2.622E-03   2.6889E-05   5.0427E-05   2.6865E-05 / 4.7904E-05   
2340   2.622E-03   3.1185E-05   5.6479E-05   3.1145E-05 / 5.3576E-05   
2350   2.622E-03   2.8517E-05   4.9059E-05   2.8262E-05 / 4.6465E-05   
2360   2.622E-03   2.9725E-05   5.2662E-05   2.9725E-05 / 5.0178E-05   
2370   2.622E-03   3.1401E-05   4.9073E-05   3.1390E-05 / 4.6761E-05   
2380   2.622E-03   2.8637E-05   5.2633E-05   2.8637E-05 / 5.0183E-05   
2390   2.622E-03   3.2063E-05   5.7487E-05   2.9762E-05 / 5.2272E-05   
2400   2.622E-03   4.0968E-05   6.7336E-05   4.0962E-05 / 6.4174E-05   
2410   2.622E-03   4.5637E-05   6.9251E-05   4.5564E-05 / 6.6691E-05   
2420   2.622E-03   2.5984E-05   5.1181E-05   2.5807E-05 / 4.8345E-05   
2430   2.622E-03   2.6187E-05   5.0482E-05   2.6142E-05 / 4.7826E-05   
2440   2.622E-03   2.7279E-05   4.9557E-05   2.7172E-05 / 4.6632E-05   
2450   2.622E-03   3.4227E-05   5.2806E-05   3.4058E-05 / 5.0114E-05   
2460   2.622E-03   3.0471E-05   5.5350E-05   3.0083E-05 / 5.2029E-05   
2470   2.622E-03   2.6444E-05   5.1644E-05   2.6297E-05 / 4.8873E-05   
2480   2.622E-03   2.6320E-05   4.6070E-05   2.6319E-05 / 4.3745E-05   
2490   2.622E-03   2.7030E-05   5.1558E-05   2.6920E-05 / 4.9084E-05   
2500   2.622E-03   2.7682E-05   5.0837E-05   2.7423E-05 / 4.7792E-05   
2510   2.622E-03   2.5590E-05   4.5421E-05   2.5228E-05 / 4.2784E-05   
2520   2.622E-03   2.6859E-05   4.7303E-05   2.6484E-05 / 4.4550E-05   
2530   2.622E-03   3.0133E-05   5.3470E-05   2.9905E-05 / 5.1038E-05   
2540   2.622E-03   2.5647E-05   4.9815E-05   2.5627E-05 / 4.7038E-05   
2550   2.622E-03   2.4228E-05   4.8457E-05   2.4228E-05 / 4.6111E-05   
2560   2.622E-03   3.1110E-05   5.2192E-05   2.7413E-05 / 4.5717E-05   
2570   2.622E-03   3.1112E-05   5.3826E-05   3.0763E-05 / 5.0772E-05   
2580   2.622E-03   2.7677E-05   4.7635E-05   2.7674E-05 / 4.5436E-05   
2590   2.622E-03   2.5723E-05   4.7727E-05   2.5558E-05 / 4.4957E-05   
2600   2.622E-03   2.4442E-05   4.7073E-05   2.4039E-05 / 4.3922E-05   
2610   2.622E-03   2.5836E-05   4.6310E-05   2.5824E-05 / 4.3778E-05   
2620   2.622E-03   2.8594E-05   5.0704E-05   2.8468E-05 / 4.8357E-05   
2630   2.622E-03   2.6209E-05   4.7419E-05   2.6098E-05 / 4.4530E-05   
2640   2.622E-03   2.6133E-05   5.1487E-05   2.6124E-05 / 4.8879E-05   
2650   2.622E-03   2.5055E-05   4.7568E-05   2.4042E-05 / 4.4007E-05   
2660   2.622E-03   2.4696E-05   4.7065E-05   2.3635E-05 / 4.3472E-05   
2670   2.622E-03   2.5095E-05   4.9193E-05   2.5095E-05 / 4.6828E-05   
2680   2.622E-03   2.6003E-05   4.4568E-05   2.5481E-05 / 4.1672E-05   
2690   2.622E-03   3.8342E-05   6.3224E-05   3.6298E-05 / 5.8266E-05   
2700   2.622E-03   2.4030E-05   4.7436E-05   2.3969E-05 / 4.4881E-05   
2710   2.622E-03   2.5119E-05   4.6967E-05   2.5119E-05 / 4.4752E-05   
2720   2.622E-03   2.4566E-05   4.6571E-05   2.3510E-05 / 4.3054E-05   
2730   2.622E-03   3.5498E-05   5.9894E-05   3.5498E-05 / 5.7417E-05   
2740   2.622E-03   2.6858E-05   4.7787E-05   2.6400E-05 / 4.4851E-05   
2750   2.622E-03   2.4743E-05   4.4034E-05   2.4368E-05 / 4.1553E-05   
2760   2.622E-03   2.4740E-05   4.7521E-05   2.4640E-05 / 4.4739E-05   
2770   2.622E-03   3.0318E-05   5.4186E-05   3.0307E-05 / 5.1347E-05   
2780   2.622E-03   2.7867E-05   4.5706E-05   2.7382E-05 / 4.2502E-05   
2790   2.622E-03   2.7513E-05   5.3788E-05   2.7156E-05 / 5.0696E-05   
2800   2.622E-03   2.1471E-05   4.3436E-05   2.1204E-05 / 4.0702E-05   
2810   2.622E-03   2.2208E-05   4.4003E-05   2.1785E-05 / 4.0954E-05   
2820   2.622E-03   2.3286E-05   4.6063E-05   2.3274E-05 / 4.3708E-05   
2830   2.622E-03   2.9512E-05   5.3316E-05   2.5697E-05 / 4.6896E-05   
2840   2.622E-03   2.9754E-05   5.2480E-05   2.9670E-05 / 4.9977E-05   
2850   2.622E-03   3.0548E-05   5.3318E-05   2.9782E-05 / 5.0211E-05   
2860   2.622E-03   2.3075E-05   4.4565E-05   2.2888E-05 / 4.1872E-05   
2870   2.622E-03   2.1979E-05   4.3555E-05   2.1964E-05 / 4.1320E-05   
2880   2.622E-03   2.1739E-05   4.3298E-05   2.1418E-05 / 4.0728E-05   
2890   2.622E-03   2.0345E-05   4.2068E-05   2.0114E-05 / 3.9440E-05   
2900   2.622E-03   2.7980E-05   5.0083E-05   2.7980E-05 / 4.7666E-05   
2910   2.622E-03   2.6929E-05   4.7538E-05   2.5304E-05 / 4.3366E-05   
2920   2.622E-03   2.2001E-05   4.3922E-05   2.1307E-05 / 4.0747E-05   
2930   2.622E-03   2.1135E-05   4.3086E-05   2.1089E-05 / 4.0735E-05   
2940   2.622E-03   2.2088E-05   4.5482E-05   2.1324E-05 / 4.2441E-05   
2950   2.622E-03   2.6364E-05   4.5851E-05   2.6256E-05 / 4.3161E-05   
2960   2.622E-03   2.9873E-05   4.9642E-05   2.9405E-05 / 4.6716E-05   
2970   2.622E-03   2.1520E-05   4.4251E-05   2.1386E-05 / 4.1584E-05   
2980   2.622E-03   2.2517E-05   4.5143E-05   2.2356E-05 / 4.2851E-05   
2990   2.622E-03   2.2000E-05   4.4047E-05   2.1995E-05 / 4.1522E-05   
3000   2.622E-03   4.9982E-05   6.5624E-05   4.9887E-05 / 6.3627E-05   
3010   2.622E-03   3.2745E-05   5.6586E-05   3.2744E-05 / 5.4027E-05   
3020   2.622E-03   1.9650E-05   4.1513E-05   1.9077E-05 / 3.8576E-05   
3030   2.622E-03   2.1476E-05   4.3543E-05   1.9901E-05 / 3.9537E-05   
3040   2.622E-03   2.0860E-05   4.2844E-05   2.0645E-05 / 3.9986E-05   
3050   2.622E-03   3.2750E-05   5.3564E-05   3.2240E-05 / 5.0503E-05   
3060   2.622E-03   2.1848E-05   4.5261E-05   2.1786E-05 / 4.2253E-05   
3070   2.622E-03   2.1148E-05   4.1565E-05   2.1133E-05 / 3.9229E-05   
3080   2.622E-03   2.2105E-05   4.5387E-05   2.1516E-05 / 4.2282E-05   
3090   2.622E-03   2.2233E-05   4.2280E-05   2.2130E-05 / 3.9759E-05   
3100   2.622E-03   3.2416E-05   5.0211E-05   3.2053E-05 / 4.6928E-05   
3110   2.622E-03   2.0816E-05   4.2348E-05   2.0816E-05 / 4.0488E-05   
3120   2.622E-03   1.9558E-05   4.1021E-05   1.9494E-05 / 3.8704E-05   
3130   2.622E-03   1.9267E-05   4.1433E-05   1.9061E-05 / 3.9151E-05   
3140   2.622E-03   2.3072E-05   4.4062E-05   2.3061E-05 / 4.1874E-05   
3150   2.622E-03   2.8995E-05   4.8162E-05   2.8507E-05 / 4.5284E-05   
3160   2.622E-03   2.3783E-05   4.7973E-05   2.3144E-05 / 4.4811E-05   
3170   2.622E-03   2.0385E-05   4.0603E-05   1.9388E-05 / 3.7380E-05   
3180   2.622E-03   1.9567E-05   4.0116E-05   1.9039E-05 / 3.7405E-05   
3190   2.622E-03   2.1443E-05   4.3591E-05   1.9985E-05 / 3.9895E-05   
3200   2.622E-03   1.9585E-05   4.0314E-05   1.9272E-05 / 3.7938E-05   
3210   2.622E-03   3.3237E-05   4.4643E-05   3.3214E-05 / 4.2504E-05   
3220   2.622E-03   3.5228E-05   6.4719E-05   3.4843E-05 / 6.1654E-05   
3230   2.622E-03   2.0636E-05   4.2895E-05   2.0462E-05 / 4.0481E-05   
3240   2.622E-03   1.9298E-05   4.2495E-05   1.8633E-05 / 3.9724E-05   
3250   2.622E-03   1.9078E-05   4.0701E-05   1.9035E-05 / 3.8652E-05   
3260   2.622E-03   3.3942E-05   5.6298E-05   3.2835E-05 / 5.2889E-05   
3270   2.622E-03   2.2240E-05   4.3961E-05   2.1649E-05 / 4.1381E-05   
3280   2.622E-03   1.8785E-05   4.1500E-05   1.7903E-05 / 3.8316E-05   
3290   2.622E-03   1.9280E-05   4.2406E-05   1.9253E-05 / 4.0160E-05   
3300   2.622E-03   1.8701E-05   4.1649E-05   1.8211E-05 / 3.8407E-05   
3310   2.622E-03   1.9074E-05   4.1503E-05   1.8392E-05 / 3.8531E-05   
3320   2.622E-03   2.1248E-05   4.2845E-05   2.0898E-05 / 3.9861E-05   
3330   2.622E-03   1.9484E-05   4.1277E-05   1.9381E-05 / 3.9076E-05   
3340   2.622E-03   2.4119E-05   4.6426E-05   2.4118E-05 / 4.4408E-05   
3350   2.622E-03   1.9718E-05   4.3111E-05   1.9701E-05 / 4.0797E-05   
3360   2.622E-03   1.9938E-05   4.1365E-05   1.9758E-05 / 3.8676E-05   
3370   2.622E-03   2.1177E-05   4.0474E-05   2.1177E-05 / 3.8405E-05   
3380   2.622E-03   2.3330E-05   4.4302E-05   2.3240E-05 / 4.1658E-05   
3390   2.622E-03   1.9903E-05   3.9858E-05   1.9763E-05 / 3.7752E-05   
3400   2.622E-03   2.0971E-05   4.2653E-05   2.0672E-05 / 4.0056E-05   
3410   2.622E-03   3.4386E-05   5.2049E-05   3.4386E-05 / 4.9765E-05   
3420   2.622E-03   1.9645E-05   4.2210E-05   1.9267E-05 / 3.9757E-05   
3430   2.622E-03   1.7952E-05   3.9559E-05   1.7850E-05 / 3.7363E-05   
3440   2.622E-03   1.8438E-05   4.0666E-05   1.7613E-05 / 3.7661E-05   
3450   2.622E-03   1.9253E-05   3.9626E-05   1.8319E-05 / 3.6331E-05   
3460   2.622E-03   2.1641E-05   4.2619E-05   2.1249E-05 / 4.0117E-05   
3470   2.622E-03   6.5054E-05   5.8696E-05   6.4967E-05 / 5.6871E-05   
3480   2.622E-03   1.9267E-05   4.0465E-05   1.9267E-05 / 3.8158E-05   
3490   2.622E-03   1.7582E-05   4.0133E-05   1.7520E-05 / 3.7879E-05   
3500   2.622E-03   1.8606E-05   4.0559E-05   1.8606E-05 / 3.8387E-05   
3510   2.622E-03   1.7861E-05   4.0211E-05   1.7035E-05 / 3.7110E-05   
3520   2.622E-03   1.8425E-05   4.0206E-05   1.8370E-05 / 3.7901E-05   
3530   2.622E-03   1.7389E-05   3.9375E-05   1.7273E-05 / 3.6889E-05   
3540   2.622E-03   1.7370E-05   3.9743E-05   1.7180E-05 / 3.7337E-05   
3550   2.622E-03   1.8166E-05   3.8771E-05   1.7163E-05 / 3.5274E-05   
3560   2.622E-03   1.8696E-05   3.9127E-05   1.8422E-05 / 3.6587E-05   
3570   2.622E-03   2.3332E-05   3.9161E-05   2.3331E-05 / 3.7352E-05   
3580   2.622E-03   1.8417E-05   3.8264E-05   1.8361E-05 / 3.6124E-05   
3590   2.622E-03   1.9613E-05   3.9308E-05   1.9221E-05 / 3.6634E-05   
3600   2.622E-03   2.0251E-05   4.1217E-05   2.0247E-05 / 3.8933E-05   
3610   2.622E-03   2.0576E-05   4.0364E-05   1.9927E-05 / 3.7682E-05   
3620   2.622E-03   2.0910E-05   3.9798E-05   2.0724E-05 / 3.7585E-05   
3630   2.622E-03   2.3303E-05   4.4351E-05   2.1885E-05 / 4.1045E-05   
3640   2.622E-03   1.8163E-05   4.0942E-05   1.7601E-05 / 3.8110E-05   
3650   2.622E-03   1.7432E-05   4.0620E-05   1.6976E-05 / 3.8046E-05   
3660   2.622E-03   1.7365E-05   3.8267E-05   1.7342E-05 / 3.6215E-05   
3670   2.622E-03   1.9230E-05   3.9200E-05   1.8714E-05 / 3.6780E-05   
3680   2.622E-03   1.8729E-05   3.8747E-05   1.8729E-05 / 3.6700E-05   
3690   2.622E-03   1.6811E-05   3.7885E-05   1.6514E-05 / 3.5676E-05   
3700   2.622E-03   1.7130E-05   3.6554E-05   1.7047E-05 / 3.4533E-05   
3710   2.622E-03   1.7481E-05   3.8571E-05   1.7421E-05 / 3.6411E-05   
3720   2.622E-03   2.2398E-05   4.4662E-05   2.0713E-05 / 4.1013E-05   
3730   2.622E-03   2.0894E-05   4.1891E-05   2.0894E-05 / 3.9974E-05   
3740   2.622E-03   2.6189E-05   3.9138E-05   2.6187E-05 / 3.6961E-05   
3750   2.622E-03   1.7929E-05   3.8678E-05   1.7823E-05 / 3.6728E-05   
3760   2.622E-03   1.8185E-05   3.9157E-05   1.8055E-05 / 3.7002E-05   
3770   2.622E-03   1.8024E-05   3.7980E-05   1.7984E-05 / 3.5721E-05   
3780   2.622E-03   3.0176E-05   4.2639E-05   2.9977E-05 / 4.0378E-05   
3790   2.622E-03   1.7948E-05   3.8768E-05   1.7705E-05 / 3.6616E-05   
3800   2.622E-03   1.7881E-05   3.7430E-05   1.6522E-05 / 3.4265E-05   
3810   2.622E-03   1.9302E-05   3.8475E-05   1.9302E-05 / 3.6436E-05   
3820   2.622E-03   1.6518E-05   3.6605E-05   1.6473E-05 / 3.4667E-05   
3830   2.622E-03   1.7982E-05   3.8481E-05   1.7541E-05 / 3.6077E-05   
3840   2.622E-03   1.9548E-05   4.1731E-05   1.8727E-05 / 3.8836E-05   
3850   2.622E-03   2.6066E-05   4.2030E-05   2.5794E-05 / 3.9609E-05   
3860   2.622E-03   1.8161E-05   4.1589E-05   1.8059E-05 / 3.9519E-05   
3870   2.622E-03   2.1623E-05   4.3052E-05   2.0970E-05 / 4.0033E-05   
3880   2.622E-03   1.7233E-05   3.6082E-05   1.7201E-05 / 3.4216E-05   
3890   2.622E-03   1.8285E-05   3.6713E-05   1.8149E-05 / 3.4569E-05   
3900   2.622E-03   1.8494E-05   3.6797E-05   1.8169E-05 / 3.4750E-05   
3910   2.622E-03   2.0288E-05   4.1002E-05   1.9885E-05 / 3.9008E-05   
3920   2.622E-03   1.6302E-05   3.8611E-05   1.6180E-05 / 3.6670E-05   
3930   2.622E-03   1.9897E-05   3.8747E-05   1.9711E-05 / 3.6664E-05   
3940   2.622E-03   1.6810E-05   3.8022E-05   1.6810E-05 / 3.6314E-05   
3950   2.622E-03   1.6302E-05   3.6732E-05   1.5726E-05 / 3.4318E-05   
3960   2.622E-03   2.4879E-05   3.9097E-05   2.4865E-05 / 3.7329E-05   
3970   2.622E-03   2.3240E-05   4.6372E-05   2.2466E-05 / 4.4050E-05   
3980   2.622E-03   2.0280E-05   4.0769E-05   1.7096E-05 / 3.5858E-05   
3990   2.622E-03   1.6577E-05   3.6687E-05   1.6571E-05 / 3.4818E-05   
4000   2.622E-03   1.9808E-05   3.9721E-05   1.9808E-05 / 3.7775E-05   
4010   2.622E-03   1.6738E-05   3.8521E-05   1.6627E-05 / 3.6783E-05   
4020   2.622E-03   1.7901E-05   3.9029E-05   1.7901E-05 / 3.7309E-05   
4030   2.622E-03   2.0242E-05   4.2047E-05   1.9782E-05 / 3.9722E-05   
4040   2.622E-03   2.0894E-05   3.8712E-05   2.0892E-05 / 3.6663E-05   
4050   2.622E-03   1.9965E-05   4.5142E-05   1.9310E-05 / 4.2440E-05   
4060   2.622E-03   2.0022E-05   4.1604E-05   2.0021E-05 / 3.9901E-05   
4070   2.622E-03   2.0420E-05   3.9910E-05   2.0351E-05 / 3.8085E-05   
4080   2.622E-03   1.5790E-05   3.7892E-05   1.5776E-05 / 3.6017E-05   
4090   2.622E-03   1.5114E-05   3.6974E-05   1.5057E-05 / 3.5028E-05   
4100   2.622E-03   1.7712E-05   3.8688E-05   1.7677E-05 / 3.6671E-05   
4110   2.622E-03   1.5683E-05   3.6924E-05   1.5362E-05 / 3.4746E-05   
4120   2.622E-03   1.6772E-05   3.9929E-05   1.6575E-05 / 3.7581E-05   
4130   2.622E-03   1.6436E-05   3.8635E-05   1.6400E-05 / 3.6834E-05   
4140   2.622E-03   2.1145E-05   4.3500E-05   2.1145E-05 / 4.1611E-05   
4150   2.622E-03   1.8045E-05   3.9575E-05   1.8045E-05 / 3.8068E-05   
4160   2.622E-03   1.5576E-05   3.6701E-05   1.5561E-05 / 3.4954E-05   
4170   2.622E-03   1.5952E-05   3.7893E-05   1.5354E-05 / 3.5526E-05   
4180   2.622E-03   1.9070E-05   4.2760E-05   1.7764E-05 / 3.9274E-05   
4190   2.622E-03   1.9935E-05   4.0040E-05   1.9935E-05 / 3.8227E-05   
4200   2.622E-03   2.4890E-05   4.5491E-05   2.4890E-05 / 4.3474E-05   
4210   2.622E-03   1.6683E-05   3.8281E-05   1.6480E-05 / 3.6467E-05   
4220   2.622E-03   1.5476E-05   3.8534E-05   1.5466E-05 / 3.6871E-05   
4230   2.622E-03   1.6544E-05   3.8258E-05   1.6416E-05 / 3.6339E-05   
4240   2.622E-03   1.5798E-05   3.7404E-05   1.5560E-05 / 3.5473E-05   
4250   2.622E-03   1.5338E-05   3.7310E-05   1.4782E-05 / 3.4920E-05   
4260   2.622E-03   1.5730E-05   3.8265E-05   1.5310E-05 / 3.5909E-05   
4270   2.622E-03   1.9109E-05   3.9464E-05   1.9109E-05 / 3.7712E-05   
4280   2.622E-03   3.5881E-05   6.3069E-05   3.5578E-05 / 6.1297E-05   
4290   2.622E-03   1.5043E-05   3.6513E-05   1.4904E-05 / 3.4488E-05   
4300   2.622E-03   1.7013E-05   3.8802E-05   1.6234E-05 / 3.6477E-05   
4310   2.622E-03   1.8758E-05   4.1288E-05   1.8758E-05 / 3.9703E-05   
4320   2.622E-03   2.9536E-05   4.9288E-05   2.9466E-05 / 4.7443E-05   
4330   2.622E-03   3.3093E-05   5.2909E-05   3.3054E-05 / 5.1370E-05   
4340   2.622E-03   1.4216E-05   3.7458E-05   1.3930E-05 / 3.5268E-05   
4350   2.622E-03   1.4465E-05   3.8673E-05   1.4411E-05 / 3.6962E-05   
4360   2.622E-03   1.4834E-05   3.8038E-05   1.3968E-05 / 3.5410E-05   
4370   2.622E-03   1.4724E-05   3.7088E-05   1.4722E-05 / 3.5404E-05   
4380   2.622E-03   1.5139E-05   3.8103E-05   1.5139E-05 / 3.6570E-05   
4390   2.622E-03   1.4403E-05   3.6497E-05   1.4352E-05 / 3.4749E-05   
4400   2.622E-03   1.5107E-05   3.8599E-05   1.5043E-05 / 3.6825E-05   
4410   2.622E-03   1.4056E-05   3.7085E-05   1.3771E-05 / 3.5076E-05   
4420   2.622E-03   2.7577E-05   4.9071E-05   2.7575E-05 / 4.7432E-05   
4430   2.622E-03   1.9383E-05   4.2917E-05   1.7940E-05 / 3.9414E-05   
4440   2.622E-03   2.2010E-05   4.5733E-05   2.2010E-05 / 4.4014E-05   
4450   2.622E-03   1.8859E-05   4.3050E-05   1.8858E-05 / 4.1641E-05   
4460   2.622E-03   1.4174E-05   3.6470E-05   1.4102E-05 / 3.4944E-05   
4470   2.622E-03   1.5361E-05   3.7106E-05   1.5328E-05 / 3.5174E-05   
BEST MODEL
===============================================================================================================
4209   2.622E-03   1.7272E-05   3.4480E-05   1.6425E-05 / 3.2049E-05   
===============================================================================================================
Saved model to /home/nikki/kan/kanTBNN/models/multi_run/kan_experiment_130_opt/kanTBNN-24Nov08_00:14:17.pickle
