=====> WARNING: Training dataset length: 0, assuming memorization test!
========== Dataset info ==========
Dataset params: {'file': '/home/ryley/WDK/ML/dataset/turbulence_dataset_clean.csv', 'Cases': ['fp_3630'], 'val_set': ['fp_3630'], 'test_set': ['fp_3630'], 'data_loader': <class 'tbnn.dataloaders.aDataset'>}
Train/Valid/Test points: 168 / 168 / 168
Memorization?: True
Cluster training?: False
EPOCH     LR        TRAIN         VALID             MSE:T/V                  RL:T/V             %NR_t/%NR_v
===============================================================================================================
  1   1.000E-03   2.9045E+04   2.9045E+04   2.9045E+04 / 2.9045E+04   0.0000E+00 / 0.0000E+00   0.00% / 0.00%
 10   1.000E-03   2.8585E+04   2.8585E+04   2.8585E+04 / 2.8585E+04   0.0000E+00 / 0.0000E+00   0.00% / 0.00%
 20   1.000E-03   2.7682E+04   2.7682E+04   2.7682E+04 / 2.7682E+04   0.0000E+00 / 0.0000E+00   0.00% / 0.00%
 30   1.000E-03   2.5490E+04   2.5490E+04   2.5490E+04 / 2.5490E+04   0.0000E+00 / 0.0000E+00   0.00% / 0.00%
 40   1.000E-03   1.8625E+04   1.8625E+04   1.8625E+04 / 1.8625E+04   0.0000E+00 / 0.0000E+00   0.00% / 0.00%
 50   1.000E-03   5.2950E+03   5.2950E+03   5.2950E+03 / 5.2950E+03   0.0000E+00 / 0.0000E+00   0.00% / 0.00%
 60   1.000E-03   3.1205E+03   3.1205E+03   3.1205E+03 / 3.1205E+03   4.7192E-05 / 4.7192E-05   8.93% / 8.93%
 70   1.000E-03   2.4816E+03   2.4816E+03   2.4816E+03 / 2.4816E+03   3.3928E-04 / 3.3928E-04   14.29% / 14.29%
 80   1.000E-03   1.7229E+03   1.7229E+03   1.7229E+03 / 1.7229E+03   6.7283E-04 / 6.7283E-04   16.67% / 16.67%
 90   1.000E-03   2.8162E+03   2.8162E+03   2.8162E+03 / 2.8162E+03   6.3020E-04 / 6.3020E-04   16.07% / 16.07%
100   1.000E-03   3.4553E+03   3.4553E+03   3.4553E+03 / 3.4553E+03   2.9661E-04 / 2.9661E-04   14.29% / 14.29%
110   1.000E-03   1.5372E+03   1.5372E+03   1.5372E+03 / 1.5372E+03   7.3217E-04 / 7.3217E-04   17.26% / 17.26%
120   1.000E-03   1.3675E+03   1.3675E+03   1.3675E+03 / 1.3675E+03   6.9609E-04 / 6.9609E-04   16.67% / 16.67%
130   1.000E-03   1.2909E+03   1.2909E+03   1.2909E+03 / 1.2909E+03   9.4881E-04 / 9.4881E-04   17.86% / 17.86%
140   1.000E-03   1.2392E+03   1.2392E+03   1.2392E+03 / 1.2392E+03   1.1417E-03 / 1.1417E-03   18.45% / 18.45%
150   1.000E-03   1.2171E+03   1.2171E+03   1.2171E+03 / 1.2171E+03   1.6727E-03 / 1.6727E-03   20.24% / 20.24%
160   1.000E-03   1.2625E+03   1.2625E+03   1.2625E+03 / 1.2625E+03   1.8574E-03 / 1.8574E-03   20.24% / 20.24%
170   1.000E-03   1.1355E+03   1.1355E+03   1.1355E+03 / 1.1355E+03   2.2528E-03 / 2.2528E-03   20.83% / 20.83%
180   1.000E-03   1.1192E+03   1.1192E+03   1.1192E+03 / 1.1192E+03   2.4904E-03 / 2.4904E-03   21.43% / 21.43%
190   1.000E-03   1.0981E+03   1.0981E+03   1.0981E+03 / 1.0981E+03   2.7096E-03 / 2.7096E-03   21.43% / 21.43%
200   1.000E-03   1.0857E+03   1.0857E+03   1.0857E+03 / 1.0857E+03   2.8987E-03 / 2.8987E-03   21.43% / 21.43%
210   1.000E-03   1.0736E+03   1.0736E+03   1.0736E+03 / 1.0736E+03   3.0837E-03 / 3.0837E-03   21.43% / 21.43%
220   1.000E-03   1.1130E+03   1.1130E+03   1.1130E+03 / 1.1130E+03   3.0297E-03 / 3.0297E-03   20.83% / 20.83%
230   1.000E-03   1.2034E+03   1.2034E+03   1.2034E+03 / 1.2034E+03   3.0679E-03 / 3.0679E-03   21.43% / 21.43%
240   1.000E-03   1.6967E+03   1.6967E+03   1.6967E+03 / 1.6967E+03   2.7684E-03 / 2.7684E-03   20.83% / 20.83%
250   1.000E-03   1.3452E+03   1.3452E+03   1.3452E+03 / 1.3452E+03   3.3512E-03 / 3.3512E-03   22.02% / 22.02%
260   1.000E-03   2.6411E+03   2.6411E+03   2.6411E+03 / 2.6411E+03   1.7455E-03 / 1.7455E-03   20.24% / 20.24%
270   1.000E-03   1.1195E+03   1.1195E+03   1.1195E+03 / 1.1195E+03   2.1348E-03 / 2.1348E-03   19.64% / 19.64%
280   1.000E-03   6.0956E+03   6.0956E+03   6.0956E+03 / 6.0956E+03   6.0583E-04 / 6.0583E-04   16.07% / 16.07%
290   1.000E-03   7.7787E+03   7.7787E+03   7.7787E+03 / 7.7787E+03   3.1553E-06 / 3.1553E-06   4.76% / 4.76%
300   1.000E-03   1.0498E+04   1.0498E+04   1.0498E+04 / 1.0498E+04   0.0000E+00 / 0.0000E+00   0.00% / 0.00%
310   1.000E-03   4.4238E+03   4.4238E+03   4.4238E+03 / 4.4238E+03   1.7904E-05 / 1.7904E-05   8.33% / 8.33%
320   1.000E-03   1.3178E+03   1.3178E+03   1.3178E+03 / 1.3178E+03   4.4721E-04 / 4.4721E-04   16.07% / 16.07%
330   1.000E-03   1.7223E+03   1.7223E+03   1.7223E+03 / 1.7223E+03   6.0974E-04 / 6.0974E-04   15.48% / 15.48%
340   1.000E-03   1.0646E+03   1.0646E+03   1.0646E+03 / 1.0646E+03   6.3305E-04 / 6.3305E-04   16.67% / 16.67%
350   1.000E-03   1.2016E+03   1.2016E+03   1.2016E+03 / 1.2016E+03   8.8618E-04 / 8.8618E-04   17.26% / 17.26%
360   1.000E-03   2.1188E+03   2.1188E+03   2.1188E+03 / 2.1188E+03   3.9510E-04 / 3.9510E-04   14.29% / 14.29%
370   1.000E-03   1.6850E+03   1.6850E+03   1.6850E+03 / 1.6850E+03   5.6499E-04 / 5.6499E-04   14.88% / 14.88%
380   1.000E-03   2.2419E+03   2.2419E+03   2.2419E+03 / 2.2419E+03   1.7488E-03 / 1.7488E-03   19.05% / 19.05%
390   1.000E-03   1.0188E+03   1.0188E+03   1.0188E+03 / 1.0188E+03   9.4142E-04 / 9.4142E-04   16.67% / 16.67%
400   1.000E-03   1.0203E+03   1.0203E+03   1.0203E+03 / 1.0203E+03   1.3719E-03 / 1.3719E-03   18.45% / 18.45%
410   1.000E-03   9.0834E+02   9.0834E+02   9.0834E+02 / 9.0834E+02   1.2499E-03 / 1.2499E-03   17.86% / 17.86%
420   1.000E-03   9.2613E+02   9.2613E+02   9.2613E+02 / 9.2613E+02   1.2665E-03 / 1.2665E-03   17.86% / 17.86%
430   1.000E-03   9.0282E+02   9.0282E+02   9.0282E+02 / 9.0282E+02   1.5157E-03 / 1.5157E-03   18.45% / 18.45%
440   1.000E-03   8.8509E+02   8.8509E+02   8.8509E+02 / 8.8509E+02   1.5704E-03 / 1.5704E-03   18.45% / 18.45%
450   1.000E-03   2.9958E+03   2.9958E+03   2.9958E+03 / 2.9958E+03   6.1265E-04 / 6.1265E-04   14.88% / 14.88%
460   1.000E-03   1.0500E+03   1.0500E+03   1.0500E+03 / 1.0500E+03   1.1536E-03 / 1.1536E-03   17.86% / 17.86%
470   1.000E-03   9.6677E+02   9.6677E+02   9.6677E+02 / 9.6677E+02   1.5407E-03 / 1.5407E-03   19.05% / 19.05%
480   1.000E-03   8.9266E+02   8.9266E+02   8.9266E+02 / 8.9266E+02   1.4789E-03 / 1.4789E-03   18.45% / 18.45%
490   1.000E-03   8.5977E+02   8.5977E+02   8.5977E+02 / 8.5977E+02   1.4223E-03 / 1.4223E-03   18.45% / 18.45%
500   1.000E-03   8.5674E+02   8.5674E+02   8.5674E+02 / 8.5674E+02   1.4359E-03 / 1.4359E-03   18.45% / 18.45%
510   1.000E-03   8.5542E+02   8.5542E+02   8.5542E+02 / 8.5542E+02   1.5364E-03 / 1.5364E-03   18.45% / 18.45%
520   1.000E-03   8.5138E+02   8.5138E+02   8.5138E+02 / 8.5138E+02   1.5398E-03 / 1.5398E-03   18.45% / 18.45%
530   1.000E-03   8.4658E+02   8.4658E+02   8.4658E+02 / 8.4658E+02   1.6231E-03 / 1.6231E-03   18.45% / 18.45%
540   1.000E-03   8.4330E+02   8.4330E+02   8.4330E+02 / 8.4330E+02   1.6372E-03 / 1.6372E-03   18.45% / 18.45%
550   1.000E-03   8.4037E+02   8.4037E+02   8.4037E+02 / 8.4037E+02   1.6656E-03 / 1.6656E-03   18.45% / 18.45%
560   1.000E-03   8.4326E+02   8.4326E+02   8.4326E+02 / 8.4326E+02   1.7559E-03 / 1.7559E-03   18.45% / 18.45%
570   1.000E-03   8.3369E+02   8.3369E+02   8.3369E+02 / 8.3369E+02   1.7946E-03 / 1.7946E-03   19.05% / 19.05%
580   1.000E-03   8.6624E+02   8.6624E+02   8.6624E+02 / 8.6624E+02   1.6710E-03 / 1.6710E-03   18.45% / 18.45%
590   1.000E-03   8.3225E+02   8.3225E+02   8.3225E+02 / 8.3225E+02   1.8785E-03 / 1.8785E-03   19.05% / 19.05%
600   1.000E-03   8.3474E+02   8.3474E+02   8.3474E+02 / 8.3474E+02   1.9242E-03 / 1.9242E-03   19.05% / 19.05%
610   1.000E-03   8.1913E+02   8.1913E+02   8.1913E+02 / 8.1913E+02   1.8607E-03 / 1.8607E-03   18.45% / 18.45%
620   1.000E-03   8.1804E+02   8.1804E+02   8.1804E+02 / 8.1804E+02   1.9514E-03 / 1.9514E-03   19.05% / 19.05%
630   1.000E-03   8.7045E+02   8.7045E+02   8.7045E+02 / 8.7045E+02   2.1164E-03 / 2.1164E-03   19.05% / 19.05%
640   1.000E-03   8.0785E+02   8.0785E+02   8.0785E+02 / 8.0785E+02   1.9259E-03 / 1.9259E-03   18.45% / 18.45%
650   1.000E-03   7.9948E+02   7.9948E+02   7.9948E+02 / 7.9948E+02   1.9629E-03 / 1.9629E-03   18.45% / 18.45%
660   1.000E-03   1.0027E+03   1.0027E+03   1.0027E+03 / 1.0027E+03   2.3971E-03 / 2.3971E-03   19.64% / 19.64%
670   1.000E-03   8.1850E+02   8.1850E+02   8.1850E+02 / 8.1850E+02   1.8795E-03 / 1.8795E-03   18.45% / 18.45%
680   1.000E-03   8.5320E+02   8.5320E+02   8.5320E+02 / 8.5320E+02   2.2656E-03 / 2.2656E-03   19.05% / 19.05%
690   1.000E-03   7.9593E+02   7.9593E+02   7.9593E+02 / 7.9593E+02   1.9418E-03 / 1.9418E-03   18.45% / 18.45%
700   1.000E-03   7.8122E+02   7.8122E+02   7.8122E+02 / 7.8122E+02   2.0953E-03 / 2.0953E-03   19.05% / 19.05%
710   1.000E-03   7.9795E+02   7.9795E+02   7.9795E+02 / 7.9795E+02   2.2737E-03 / 2.2737E-03   19.64% / 19.64%
720   1.000E-03   7.6919E+02   7.6919E+02   7.6919E+02 / 7.6919E+02   2.1158E-03 / 2.1158E-03   19.05% / 19.05%
730   1.000E-03   7.6455E+02   7.6455E+02   7.6455E+02 / 7.6455E+02   2.1737E-03 / 2.1737E-03   19.64% / 19.64%
740   1.000E-03   7.6026E+02   7.6026E+02   7.6026E+02 / 7.6026E+02   2.2007E-03 / 2.2007E-03   19.64% / 19.64%
750   1.000E-03   1.0272E+03   1.0272E+03   1.0272E+03 / 1.0272E+03   1.6573E-03 / 1.6573E-03   17.86% / 17.86%
760   1.000E-03   8.2425E+02   8.2425E+02   8.2425E+02 / 8.2425E+02   1.6250E-03 / 1.6250E-03   17.86% / 17.86%
770   1.000E-03   4.3258E+03   4.3258E+03   4.3258E+03 / 4.3258E+03   1.5180E-04 / 1.5180E-04   11.31% / 11.31%
780   1.000E-03   1.0537E+03   1.0537E+03   1.0537E+03 / 1.0537E+03   7.2770E-04 / 7.2770E-04   16.67% / 16.67%
790   1.000E-03   7.7900E+02   7.7900E+02   7.7900E+02 / 7.7900E+02   7.6939E-04 / 7.6939E-04   16.67% / 16.67%
800   1.000E-03   7.6420E+02   7.6420E+02   7.6420E+02 / 7.6420E+02   8.1244E-04 / 8.1244E-04   16.07% / 16.07%
810   1.000E-03   7.4047E+02   7.4047E+02   7.4047E+02 / 7.4047E+02   8.6810E-04 / 8.6810E-04   16.67% / 16.67%
820   1.000E-03   7.3002E+02   7.3002E+02   7.3002E+02 / 7.3002E+02   9.2581E-04 / 9.2581E-04   16.67% / 16.67%
830   1.000E-03   7.2491E+02   7.2491E+02   7.2491E+02 / 7.2491E+02   9.6416E-04 / 9.6416E-04   16.67% / 16.67%
840   1.000E-03   7.5310E+02   7.5310E+02   7.5310E+02 / 7.5310E+02   1.0977E-03 / 1.0977E-03   17.26% / 17.26%
850   1.000E-03   5.2465E+03   5.2465E+03   5.2465E+03 / 5.2465E+03   4.6350E-05 / 4.6350E-05   7.74% / 7.74%
860   1.000E-03   8.8100E+02   8.8100E+02   8.8100E+02 / 8.8100E+02   7.0017E-04 / 7.0017E-04   15.48% / 15.48%
870   1.000E-03   7.7820E+02   7.7820E+02   7.7820E+02 / 7.7820E+02   5.6187E-04 / 5.6187E-04   14.88% / 14.88%
880   1.000E-03   7.6285E+02   7.6285E+02   7.6285E+02 / 7.6285E+02   6.2534E-04 / 6.2534E-04   15.48% / 15.48%
890   1.000E-03   7.0095E+02   7.0095E+02   7.0095E+02 / 7.0095E+02   8.0102E-04 / 8.0102E-04   16.07% / 16.07%
900   1.000E-03   6.8830E+02   6.8830E+02   6.8830E+02 / 6.8830E+02   8.1962E-04 / 8.1962E-04   16.07% / 16.07%
910   1.000E-03   7.2748E+02   7.2748E+02   7.2748E+02 / 7.2748E+02   8.1528E-04 / 8.1528E-04   16.07% / 16.07%
920   1.000E-03   8.9411E+02   8.9411E+02   8.9411E+02 / 8.9411E+02   7.1057E-04 / 7.1057E-04   15.48% / 15.48%
930   1.000E-03   8.6934E+02   8.6934E+02   8.6934E+02 / 8.6934E+02   1.1982E-03 / 1.1982E-03   18.45% / 18.45%
940   1.000E-03   6.9371E+02   6.9371E+02   6.9371E+02 / 6.9371E+02   8.9369E-04 / 8.9369E-04   16.67% / 16.67%
950   1.000E-03   6.6894E+02   6.6894E+02   6.6894E+02 / 6.6894E+02   9.9597E-04 / 9.9597E-04   16.67% / 16.67%
960   1.000E-03   6.6341E+02   6.6341E+02   6.6341E+02 / 6.6341E+02   9.7180E-04 / 9.7180E-04   16.67% / 16.67%
970   1.000E-03   6.9008E+02   6.9008E+02   6.9008E+02 / 6.9008E+02   8.5856E-04 / 8.5856E-04   16.07% / 16.07%
980   1.000E-03   6.5581E+02   6.5581E+02   6.5581E+02 / 6.5581E+02   1.0067E-03 / 1.0067E-03   17.26% / 17.26%
990   1.000E-03   6.4528E+02   6.4528E+02   6.4528E+02 / 6.4528E+02   9.8788E-04 / 9.8788E-04   17.26% / 17.26%
1000   1.000E-03   6.4061E+02   6.4061E+02   6.4061E+02 / 6.4061E+02   1.0014E-03 / 1.0014E-03   17.26% / 17.26%
1010   1.000E-03   6.3634E+02   6.3634E+02   6.3634E+02 / 6.3634E+02   1.0123E-03 / 1.0123E-03   17.26% / 17.26%
1020   1.000E-03   6.3225E+02   6.3225E+02   6.3225E+02 / 6.3225E+02   1.0106E-03 / 1.0106E-03   17.26% / 17.26%
1030   1.000E-03   6.4199E+02   6.4199E+02   6.4199E+02 / 6.4199E+02   1.0123E-03 / 1.0123E-03   17.86% / 17.86%
1040   1.000E-03   9.0735E+02   9.0735E+02   9.0735E+02 / 9.0735E+02   7.3809E-04 / 7.3809E-04   16.07% / 16.07%
1050   1.000E-03   6.4302E+02   6.4302E+02   6.4302E+02 / 6.4302E+02   1.0732E-03 / 1.0732E-03   17.86% / 17.86%
1060   1.000E-03   6.2893E+02   6.2893E+02   6.2893E+02 / 6.2893E+02   9.6209E-04 / 9.6209E-04   17.26% / 17.26%
1070   1.000E-03   1.1673E+03   1.1673E+03   1.1673E+03 / 1.1673E+03   5.6536E-04 / 5.6536E-04   14.88% / 14.88%
1080   1.000E-03   6.5088E+02   6.5088E+02   6.5088E+02 / 6.5088E+02   1.1108E-03 / 1.1108E-03   17.86% / 17.86%
1090   1.000E-03   6.2407E+02   6.2407E+02   6.2407E+02 / 6.2407E+02   1.0001E-03 / 1.0001E-03   16.67% / 16.67%
1100   1.000E-03   5.9039E+02   5.9039E+02   5.9039E+02 / 5.9039E+02   9.6468E-04 / 9.6468E-04   16.07% / 16.07%
1110   1.000E-03   5.8564E+02   5.8564E+02   5.8564E+02 / 5.8564E+02   1.1207E-03 / 1.1207E-03   16.67% / 16.67%
1120   1.000E-03   5.5181E+02   5.5181E+02   5.5181E+02 / 5.5181E+02   9.6797E-04 / 9.6797E-04   16.67% / 16.67%
1130   1.000E-03   5.3607E+02   5.3607E+02   5.3607E+02 / 5.3607E+02   9.4426E-04 / 9.4426E-04   16.67% / 16.67%
1140   1.000E-03   5.2652E+02   5.2652E+02   5.2652E+02 / 5.2652E+02   9.3767E-04 / 9.3767E-04   17.26% / 17.26%
