=====> WARNING: Training dataset length: 0, assuming memorization test!
========== Dataset info ==========
Dataset params: {'file': '/home/ryley/WDK/ML/dataset/turbulence_dataset_clean.csv', 'Cases': ['fp_3630'], 'val_set': ['fp_3630'], 'test_set': ['fp_3630'], 'data_loader': <class 'tbnn.dataloaders.aDataset'>}
Train/Valid/Test points: 168 / 168 / 168
Memorization?: True
Cluster training?: False
EPOCH     LR        TRAIN         VALID             MSE:T/V                  RL:T/V             %NR_t/%NR_v
===============================================================================================================
  1   5.000E-04   4.4334E+00   4.4334E+00   4.4334E+00 / 4.4334E+00   0.0000E+00 / 0.0000E+00   0.00% / 0.00%
 10   5.000E-04   4.1845E+00   4.1845E+00   4.1845E+00 / 4.1845E+00   0.0000E+00 / 0.0000E+00   0.00% / 0.00%
 20   5.000E-04   6.2612E-01   6.2612E-01   6.2612E-01 / 6.2612E-01   0.0000E+00 / 0.0000E+00   0.00% / 0.00%
 30   5.000E-04   2.0998E-01   2.0998E-01   2.0998E-01 / 2.0998E-01   2.8133E-03 / 2.8133E-03   22.62% / 22.62%
 40   5.000E-04   1.8012E-01   1.8012E-01   1.8012E-01 / 1.8012E-01   6.0750E-03 / 6.0750E-03   24.40% / 24.40%
 50   5.000E-04   1.6308E-01   1.6308E-01   1.6308E-01 / 1.6308E-01   9.1130E-03 / 9.1130E-03   25.60% / 25.60%
 60   5.000E-04   1.5544E-01   1.5544E-01   1.5544E-01 / 1.5544E-01   1.0442E-02 / 1.0442E-02   25.00% / 25.00%
 70   5.000E-04   1.4693E-01   1.4693E-01   1.4693E-01 / 1.4693E-01   1.2333E-02 / 1.2333E-02   25.60% / 25.60%
 80   5.000E-04   1.3792E-01   1.3792E-01   1.3792E-01 / 1.3792E-01   1.3595E-02 / 1.3595E-02   25.60% / 25.60%
 90   5.000E-04   1.2952E-01   1.2952E-01   1.2952E-01 / 1.2952E-01   1.4876E-02 / 1.4876E-02   25.60% / 25.60%
100   5.000E-04   1.2425E-01   1.2425E-01   1.2425E-01 / 1.2425E-01   1.4638E-02 / 1.4638E-02   25.60% / 25.60%
110   5.000E-04   1.1664E-01   1.1664E-01   1.1664E-01 / 1.1664E-01   1.5424E-02 / 1.5424E-02   25.60% / 25.60%
120   5.000E-04   1.1472E-01   1.1472E-01   1.1472E-01 / 1.1472E-01   1.4253E-02 / 1.4253E-02   25.60% / 25.60%
130   5.000E-04   1.0413E-01   1.0413E-01   1.0413E-01 / 1.0413E-01   1.5824E-02 / 1.5824E-02   26.19% / 26.19%
140   5.000E-04   9.7734E-02   9.7734E-02   9.7734E-02 / 9.7734E-02   1.5704E-02 / 1.5704E-02   26.19% / 26.19%
150   5.000E-04   8.7854E-02   8.7854E-02   8.7854E-02 / 8.7854E-02   1.5257E-02 / 1.5257E-02   26.19% / 26.19%
160   5.000E-04   7.9116E-02   7.9116E-02   7.9116E-02 / 7.9116E-02   1.4289E-02 / 1.4289E-02   26.79% / 26.79%
170   5.000E-04   6.8455E-02   6.8455E-02   6.8455E-02 / 6.8455E-02   1.1709E-02 / 1.1709E-02   26.19% / 26.19%
180   5.000E-04   5.2185E-02   5.2185E-02   5.2185E-02 / 5.2185E-02   1.0229E-02 / 1.0229E-02   26.79% / 26.79%
190   5.000E-04   4.1146E-02   4.1146E-02   4.1146E-02 / 4.1146E-02   8.0319E-03 / 8.0319E-03   26.19% / 26.19%
200   5.000E-04   3.1410E-02   3.1410E-02   3.1410E-02 / 3.1410E-02   6.8410E-03 / 6.8410E-03   27.38% / 27.38%
210   5.000E-04   2.6425E-02   2.6425E-02   2.6425E-02 / 2.6425E-02   5.9542E-03 / 5.9542E-03   26.79% / 26.79%
220   5.000E-04   2.3988E-02   2.3988E-02   2.3988E-02 / 2.3988E-02   5.8482E-03 / 5.8482E-03   27.38% / 27.38%
230   5.000E-04   2.2316E-02   2.2316E-02   2.2316E-02 / 2.2316E-02   5.6062E-03 / 5.6062E-03   27.38% / 27.38%
240   5.000E-04   2.1024E-02   2.1024E-02   2.1024E-02 / 2.1024E-02   5.3861E-03 / 5.3861E-03   27.38% / 27.38%
250   5.000E-04   2.0118E-02   2.0118E-02   2.0118E-02 / 2.0118E-02   5.3422E-03 / 5.3422E-03   27.38% / 27.38%
260   5.000E-04   1.9470E-02   1.9470E-02   1.9470E-02 / 1.9470E-02   4.9748E-03 / 4.9748E-03   26.79% / 26.79%
270   5.000E-04   1.8826E-02   1.8826E-02   1.8826E-02 / 1.8826E-02   4.9534E-03 / 4.9534E-03   27.38% / 27.38%
280   5.000E-04   1.8099E-02   1.8099E-02   1.8099E-02 / 1.8099E-02   4.9100E-03 / 4.9100E-03   27.38% / 27.38%
290   5.000E-04   1.7385E-02   1.7385E-02   1.7385E-02 / 1.7385E-02   4.7871E-03 / 4.7871E-03   26.79% / 26.79%
300   5.000E-04   1.6882E-02   1.6882E-02   1.6882E-02 / 1.6882E-02   4.6507E-03 / 4.6507E-03   26.79% / 26.79%
310   5.000E-04   1.6605E-02   1.6605E-02   1.6605E-02 / 1.6605E-02   4.6410E-03 / 4.6410E-03   26.79% / 26.79%
320   5.000E-04   1.6657E-02   1.6657E-02   1.6657E-02 / 1.6657E-02   4.4357E-03 / 4.4357E-03   26.79% / 26.79%
330   5.000E-04   1.5556E-02   1.5556E-02   1.5556E-02 / 1.5556E-02   4.4908E-03 / 4.4908E-03   26.79% / 26.79%
340   5.000E-04   1.5081E-02   1.5081E-02   1.5081E-02 / 1.5081E-02   4.4603E-03 / 4.4603E-03   26.79% / 26.79%
350   5.000E-04   1.4909E-02   1.4909E-02   1.4909E-02 / 1.4909E-02   4.4274E-03 / 4.4274E-03   26.79% / 26.79%
360   5.000E-04   1.4966E-02   1.4966E-02   1.4966E-02 / 1.4966E-02   4.2766E-03 / 4.2766E-03   26.79% / 26.79%
370   5.000E-04   1.3820E-02   1.3820E-02   1.3820E-02 / 1.3820E-02   4.2702E-03 / 4.2702E-03   26.79% / 26.79%
380   5.000E-04   1.3412E-02   1.3412E-02   1.3412E-02 / 1.3412E-02   4.3087E-03 / 4.3087E-03   26.79% / 26.79%
390   5.000E-04   1.2998E-02   1.2998E-02   1.2998E-02 / 1.2998E-02   4.3376E-03 / 4.3376E-03   26.79% / 26.79%
400   5.000E-04   1.2789E-02   1.2789E-02   1.2789E-02 / 1.2789E-02   4.2469E-03 / 4.2469E-03   26.79% / 26.79%
410   5.000E-04   1.2111E-02   1.2111E-02   1.2111E-02 / 1.2111E-02   4.2418E-03 / 4.2418E-03   26.79% / 26.79%
420   5.000E-04   1.1786E-02   1.1786E-02   1.1786E-02 / 1.1786E-02   4.1422E-03 / 4.1422E-03   26.79% / 26.79%
430   5.000E-04   1.1133E-02   1.1133E-02   1.1133E-02 / 1.1133E-02   4.0705E-03 / 4.0705E-03   26.79% / 26.79%
440   5.000E-04   1.0815E-02   1.0815E-02   1.0815E-02 / 1.0815E-02   3.9962E-03 / 3.9962E-03   26.79% / 26.79%
450   5.000E-04   1.1308E-02   1.1308E-02   1.1308E-02 / 1.1308E-02   3.9186E-03 / 3.9186E-03   26.79% / 26.79%
460   5.000E-04   9.3000E-03   9.3000E-03   9.3000E-03 / 9.3000E-03   3.9968E-03 / 3.9968E-03   26.79% / 26.79%
470   5.000E-04   8.6170E-03   8.6170E-03   8.6170E-03 / 8.6170E-03   3.9502E-03 / 3.9502E-03   26.79% / 26.79%
480   5.000E-04   7.9384E-03   7.9384E-03   7.9384E-03 / 7.9384E-03   3.8515E-03 / 3.8515E-03   26.79% / 26.79%
490   5.000E-04   8.7109E-03   8.7109E-03   8.7109E-03 / 8.7109E-03   3.7636E-03 / 3.7636E-03   26.79% / 26.79%
500   5.000E-04   6.8253E-03   6.8253E-03   6.8253E-03 / 6.8253E-03   3.7988E-03 / 3.7988E-03   26.79% / 26.79%
510   5.000E-04   6.4991E-03   6.4991E-03   6.4991E-03 / 6.4991E-03   3.7515E-03 / 3.7515E-03   26.79% / 26.79%
520   5.000E-04   6.3446E-03   6.3446E-03   6.3446E-03 / 6.3446E-03   3.6709E-03 / 3.6709E-03   26.79% / 26.79%
530   5.000E-04   5.9553E-03   5.9553E-03   5.9553E-03 / 5.9553E-03   3.7114E-03 / 3.7114E-03   26.79% / 26.79%
540   5.000E-04   5.6472E-03   5.6472E-03   5.6472E-03 / 5.6472E-03   3.6267E-03 / 3.6267E-03   26.79% / 26.79%
550   5.000E-04   5.4498E-03   5.4498E-03   5.4498E-03 / 5.4498E-03   3.6039E-03 / 3.6039E-03   26.79% / 26.79%
560   5.000E-04   5.3234E-03   5.3234E-03   5.3234E-03 / 5.3234E-03   3.5256E-03 / 3.5256E-03   26.79% / 26.79%
570   5.000E-04   5.4050E-03   5.4050E-03   5.4050E-03 / 5.4050E-03   3.5162E-03 / 3.5162E-03   26.79% / 26.79%
580   5.000E-04   5.0557E-03   5.0557E-03   5.0557E-03 / 5.0557E-03   3.3983E-03 / 3.3983E-03   26.79% / 26.79%
590   5.000E-04   4.9206E-03   4.9206E-03   4.9206E-03 / 4.9206E-03   3.3544E-03 / 3.3544E-03   26.79% / 26.79%
600   5.000E-04   4.7990E-03   4.7990E-03   4.7990E-03 / 4.7990E-03   3.3781E-03 / 3.3781E-03   26.19% / 26.19%
610   5.000E-04   4.6967E-03   4.6967E-03   4.6967E-03 / 4.6967E-03   3.2885E-03 / 3.2885E-03   26.19% / 26.19%
620   5.000E-04   4.6257E-03   4.6257E-03   4.6257E-03 / 4.6257E-03   3.2579E-03 / 3.2579E-03   26.19% / 26.19%
630   5.000E-04   4.5878E-03   4.5878E-03   4.5878E-03 / 4.5878E-03   3.1722E-03 / 3.1722E-03   26.19% / 26.19%
640   5.000E-04   4.7351E-03   4.7351E-03   4.7351E-03 / 4.7351E-03   3.2392E-03 / 3.2392E-03   26.19% / 26.19%
650   5.000E-04   4.4694E-03   4.4694E-03   4.4694E-03 / 4.4694E-03   3.1464E-03 / 3.1464E-03   26.19% / 26.19%
660   5.000E-04   4.4990E-03   4.4990E-03   4.4990E-03 / 4.4990E-03   3.1556E-03 / 3.1556E-03   26.19% / 26.19%
670   5.000E-04   4.5561E-03   4.5561E-03   4.5561E-03 / 4.5561E-03   3.1544E-03 / 3.1544E-03   26.19% / 26.19%
680   5.000E-04   4.2719E-03   4.2719E-03   4.2719E-03 / 4.2719E-03   3.0706E-03 / 3.0706E-03   26.19% / 26.19%
690   5.000E-04   4.1287E-03   4.1287E-03   4.1287E-03 / 4.1287E-03   3.0323E-03 / 3.0323E-03   26.19% / 26.19%
700   5.000E-04   4.2057E-03   4.2057E-03   4.2057E-03 / 4.2057E-03   3.0014E-03 / 3.0014E-03   26.19% / 26.19%
710   5.000E-04   4.1422E-03   4.1422E-03   4.1422E-03 / 4.1422E-03   2.9744E-03 / 2.9744E-03   26.19% / 26.19%
720   5.000E-04   4.1670E-03   4.1670E-03   4.1670E-03 / 4.1670E-03   2.9278E-03 / 2.9278E-03   26.19% / 26.19%
730   5.000E-04   4.3619E-03   4.3619E-03   4.3619E-03 / 4.3619E-03   3.0212E-03 / 3.0212E-03   26.19% / 26.19%
740   5.000E-04   3.8891E-03   3.8891E-03   3.8891E-03 / 3.8891E-03   2.9064E-03 / 2.9064E-03   26.19% / 26.19%
750   5.000E-04   3.8458E-03   3.8458E-03   3.8458E-03 / 3.8458E-03   2.8997E-03 / 2.8997E-03   26.19% / 26.19%
760   5.000E-04   3.8624E-03   3.8624E-03   3.8624E-03 / 3.8624E-03   2.8997E-03 / 2.8997E-03   26.19% / 26.19%
770   5.000E-04   4.2784E-03   4.2784E-03   4.2784E-03 / 4.2784E-03   2.8947E-03 / 2.8947E-03   26.19% / 26.19%
780   5.000E-04   3.7293E-03   3.7293E-03   3.7293E-03 / 3.7293E-03   2.8450E-03 / 2.8450E-03   26.19% / 26.19%
790   5.000E-04   3.7039E-03   3.7039E-03   3.7039E-03 / 3.7039E-03   2.8021E-03 / 2.8021E-03   26.19% / 26.19%
800   5.000E-04   3.6916E-03   3.6916E-03   3.6916E-03 / 3.6916E-03   2.7900E-03 / 2.7900E-03   26.19% / 26.19%
810   5.000E-04   3.8264E-03   3.8264E-03   3.8264E-03 / 3.8264E-03   2.7374E-03 / 2.7374E-03   26.19% / 26.19%
820   5.000E-04   3.7917E-03   3.7917E-03   3.7917E-03 / 3.7917E-03   2.8022E-03 / 2.8022E-03   26.19% / 26.19%
830   5.000E-04   3.6110E-03   3.6110E-03   3.6110E-03 / 3.6110E-03   2.7049E-03 / 2.7049E-03   26.19% / 26.19%
840   5.000E-04   3.5373E-03   3.5373E-03   3.5373E-03 / 3.5373E-03   2.7111E-03 / 2.7111E-03   26.19% / 26.19%
850   5.000E-04   3.7140E-03   3.7140E-03   3.7140E-03 / 3.7140E-03   2.7450E-03 / 2.7450E-03   26.19% / 26.19%
860   5.000E-04   3.5696E-03   3.5696E-03   3.5696E-03 / 3.5696E-03   2.6581E-03 / 2.6581E-03   26.19% / 26.19%
870   5.000E-04   3.4002E-03   3.4002E-03   3.4002E-03 / 3.4002E-03   2.6892E-03 / 2.6892E-03   26.19% / 26.19%
880   5.000E-04   3.4245E-03   3.4245E-03   3.4245E-03 / 3.4245E-03   2.6935E-03 / 2.6935E-03   26.19% / 26.19%
890   5.000E-04   3.4019E-03   3.4019E-03   3.4019E-03 / 3.4019E-03   2.6576E-03 / 2.6576E-03   26.19% / 26.19%
900   5.000E-04   3.4745E-03   3.4745E-03   3.4745E-03 / 3.4745E-03   2.6559E-03 / 2.6559E-03   25.60% / 25.60%
910   5.000E-04   3.6404E-03   3.6404E-03   3.6404E-03 / 3.6404E-03   2.6574E-03 / 2.6574E-03   25.60% / 25.60%
920   5.000E-04   3.3201E-03   3.3201E-03   3.3201E-03 / 3.3201E-03   2.6331E-03 / 2.6331E-03   25.60% / 25.60%
930   5.000E-04   3.4609E-03   3.4609E-03   3.4609E-03 / 3.4609E-03   2.6029E-03 / 2.6029E-03   25.60% / 25.60%
940   5.000E-04   3.3191E-03   3.3191E-03   3.3191E-03 / 3.3191E-03   2.6017E-03 / 2.6017E-03   25.60% / 25.60%
950   5.000E-04   3.5543E-03   3.5543E-03   3.5543E-03 / 3.5543E-03   2.6368E-03 / 2.6368E-03   25.60% / 25.60%
960   5.000E-04   3.3339E-03   3.3339E-03   3.3339E-03 / 3.3339E-03   2.6070E-03 / 2.6070E-03   25.60% / 25.60%
970   5.000E-04   3.3817E-03   3.3817E-03   3.3817E-03 / 3.3817E-03   2.6292E-03 / 2.6292E-03   25.60% / 25.60%
980   5.000E-04   3.1503E-03   3.1503E-03   3.1503E-03 / 3.1503E-03   2.5706E-03 / 2.5706E-03   25.60% / 25.60%
990   5.000E-04   3.1108E-03   3.1108E-03   3.1108E-03 / 3.1108E-03   2.5896E-03 / 2.5896E-03   25.60% / 25.60%
1000   5.000E-04   3.0982E-03   3.0982E-03   3.0982E-03 / 3.0982E-03   2.5825E-03 / 2.5825E-03   25.60% / 25.60%
1010   5.000E-04   3.0836E-03   3.0836E-03   3.0836E-03 / 3.0836E-03   2.5219E-03 / 2.5219E-03   25.60% / 25.60%
1020   5.000E-04   3.2370E-03   3.2370E-03   3.2370E-03 / 3.2370E-03   2.5341E-03 / 2.5341E-03   25.60% / 25.60%
1030   5.000E-04   3.1308E-03   3.1308E-03   3.1308E-03 / 3.1308E-03   2.5765E-03 / 2.5765E-03   25.60% / 25.60%
1040   5.000E-04   3.1167E-03   3.1167E-03   3.1167E-03 / 3.1167E-03   2.4948E-03 / 2.4948E-03   25.60% / 25.60%
1050   5.000E-04   2.9496E-03   2.9496E-03   2.9496E-03 / 2.9496E-03   2.5122E-03 / 2.5122E-03   25.60% / 25.60%
1060   5.000E-04   2.9318E-03   2.9318E-03   2.9318E-03 / 2.9318E-03   2.5597E-03 / 2.5597E-03   25.60% / 25.60%
1070   5.000E-04   2.9061E-03   2.9061E-03   2.9061E-03 / 2.9061E-03   2.5338E-03 / 2.5338E-03   25.60% / 25.60%
1080   5.000E-04   2.9019E-03   2.9019E-03   2.9019E-03 / 2.9019E-03   2.5059E-03 / 2.5059E-03   25.60% / 25.60%
1090   5.000E-04   2.8610E-03   2.8610E-03   2.8610E-03 / 2.8610E-03   2.5137E-03 / 2.5137E-03   25.60% / 25.60%
1100   5.000E-04   2.8259E-03   2.8259E-03   2.8259E-03 / 2.8259E-03   2.4839E-03 / 2.4839E-03   25.60% / 25.60%
1110   5.000E-04   3.2657E-03   3.2657E-03   3.2657E-03 / 3.2657E-03   2.4797E-03 / 2.4797E-03   25.60% / 25.60%
1120   5.000E-04   2.8383E-03   2.8383E-03   2.8383E-03 / 2.8383E-03   2.4840E-03 / 2.4840E-03   25.60% / 25.60%
1130   5.000E-04   2.8902E-03   2.8902E-03   2.8902E-03 / 2.8902E-03   2.4605E-03 / 2.4605E-03   25.60% / 25.60%
1140   5.000E-04   3.1002E-03   3.1002E-03   3.1002E-03 / 3.1002E-03   2.4364E-03 / 2.4364E-03   25.60% / 25.60%
1150   5.000E-04   2.8386E-03   2.8386E-03   2.8386E-03 / 2.8386E-03   2.4800E-03 / 2.4800E-03   25.60% / 25.60%
1160   5.000E-04   2.7035E-03   2.7035E-03   2.7035E-03 / 2.7035E-03   2.4796E-03 / 2.4796E-03   25.60% / 25.60%
1170   5.000E-04   2.6917E-03   2.6917E-03   2.6917E-03 / 2.6917E-03   2.4496E-03 / 2.4496E-03   25.60% / 25.60%
1180   5.000E-04   2.8488E-03   2.8488E-03   2.8488E-03 / 2.8488E-03   2.5122E-03 / 2.5122E-03   25.60% / 25.60%
1190   5.000E-04   2.6267E-03   2.6267E-03   2.6267E-03 / 2.6267E-03   2.4713E-03 / 2.4713E-03   25.60% / 25.60%
1200   5.000E-04   2.8295E-03   2.8295E-03   2.8295E-03 / 2.8295E-03   2.4919E-03 / 2.4919E-03   25.60% / 25.60%
1210   5.000E-04   2.9338E-03   2.9338E-03   2.9338E-03 / 2.9338E-03   2.4102E-03 / 2.4102E-03   25.60% / 25.60%
1220   5.000E-04   2.9597E-03   2.9597E-03   2.9597E-03 / 2.9597E-03   2.5029E-03 / 2.5029E-03   25.60% / 25.60%
1230   5.000E-04   2.5562E-03   2.5562E-03   2.5562E-03 / 2.5562E-03   2.4544E-03 / 2.4544E-03   25.60% / 25.60%
1240   5.000E-04   2.5810E-03   2.5810E-03   2.5810E-03 / 2.5810E-03   2.4724E-03 / 2.4724E-03   25.60% / 25.60%
1250   5.000E-04   2.5087E-03   2.5087E-03   2.5087E-03 / 2.5087E-03   2.4489E-03 / 2.4489E-03   25.60% / 25.60%
1260   5.000E-04   3.1729E-03   3.1729E-03   3.1729E-03 / 3.1729E-03   2.3806E-03 / 2.3806E-03   25.60% / 25.60%
1270   5.000E-04   2.4869E-03   2.4869E-03   2.4869E-03 / 2.4869E-03   2.4741E-03 / 2.4741E-03   25.60% / 25.60%
1280   5.000E-04   2.5536E-03   2.5536E-03   2.5536E-03 / 2.5536E-03   2.4788E-03 / 2.4788E-03   25.60% / 25.60%
1290   5.000E-04   2.4685E-03   2.4685E-03   2.4685E-03 / 2.4685E-03   2.4279E-03 / 2.4279E-03   25.60% / 25.60%
1300   5.000E-04   2.4015E-03   2.4015E-03   2.4015E-03 / 2.4015E-03   2.4504E-03 / 2.4504E-03   25.60% / 25.60%
1310   5.000E-04   2.5860E-03   2.5860E-03   2.5860E-03 / 2.5860E-03   2.4354E-03 / 2.4354E-03   25.60% / 25.60%
1320   5.000E-04   2.4029E-03   2.4029E-03   2.4029E-03 / 2.4029E-03   2.4729E-03 / 2.4729E-03   25.60% / 25.60%
1330   5.000E-04   2.3808E-03   2.3808E-03   2.3808E-03 / 2.3808E-03   2.4772E-03 / 2.4772E-03   25.60% / 25.60%
1340   5.000E-04   2.3316E-03   2.3316E-03   2.3316E-03 / 2.3316E-03   2.4750E-03 / 2.4750E-03   25.60% / 25.60%
1350   5.000E-04   2.5583E-03   2.5583E-03   2.5583E-03 / 2.5583E-03   2.4328E-03 / 2.4328E-03   25.60% / 25.60%
1360   5.000E-04   2.3095E-03   2.3095E-03   2.3095E-03 / 2.3095E-03   2.4358E-03 / 2.4358E-03   25.60% / 25.60%
1370   5.000E-04   2.3884E-03   2.3884E-03   2.3884E-03 / 2.3884E-03   2.4347E-03 / 2.4347E-03   25.60% / 25.60%
1380   5.000E-04   2.3602E-03   2.3602E-03   2.3602E-03 / 2.3602E-03   2.4739E-03 / 2.4739E-03   25.60% / 25.60%
1390   5.000E-04   2.3153E-03   2.3153E-03   2.3153E-03 / 2.3153E-03   2.4540E-03 / 2.4540E-03   25.60% / 25.60%
1400   5.000E-04   2.3658E-03   2.3658E-03   2.3658E-03 / 2.3658E-03   2.4259E-03 / 2.4259E-03   25.60% / 25.60%
1410   5.000E-04   2.2299E-03   2.2299E-03   2.2299E-03 / 2.2299E-03   2.4276E-03 / 2.4276E-03   25.60% / 25.60%
1420   5.000E-04   2.1904E-03   2.1904E-03   2.1904E-03 / 2.1904E-03   2.4472E-03 / 2.4472E-03   25.60% / 25.60%
1430   5.000E-04   2.6224E-03   2.6224E-03   2.6224E-03 / 2.6224E-03   2.4338E-03 / 2.4338E-03   25.60% / 25.60%
1440   5.000E-04   2.1627E-03   2.1627E-03   2.1627E-03 / 2.1627E-03   2.4776E-03 / 2.4776E-03   25.60% / 25.60%
1450   5.000E-04   2.1393E-03   2.1393E-03   2.1393E-03 / 2.1393E-03   2.5054E-03 / 2.5054E-03   25.60% / 25.60%
1460   5.000E-04   2.1222E-03   2.1222E-03   2.1222E-03 / 2.1222E-03   2.4797E-03 / 2.4797E-03   25.60% / 25.60%
1470   5.000E-04   2.1854E-03   2.1854E-03   2.1854E-03 / 2.1854E-03   2.4859E-03 / 2.4859E-03   25.60% / 25.60%
1480   5.000E-04   2.1288E-03   2.1288E-03   2.1288E-03 / 2.1288E-03   2.4457E-03 / 2.4457E-03   25.60% / 25.60%
1490   5.000E-04   2.0696E-03   2.0696E-03   2.0696E-03 / 2.0696E-03   2.4602E-03 / 2.4602E-03   25.60% / 25.60%
1500   5.000E-04   2.1580E-03   2.1580E-03   2.1580E-03 / 2.1580E-03   2.4630E-03 / 2.4630E-03   25.60% / 25.60%
1510   5.000E-04   2.0413E-03   2.0413E-03   2.0413E-03 / 2.0413E-03   2.5246E-03 / 2.5246E-03   26.19% / 26.19%
1520   5.000E-04   2.0197E-03   2.0197E-03   2.0197E-03 / 2.0197E-03   2.4824E-03 / 2.4824E-03   25.60% / 25.60%
1530   5.000E-04   2.0143E-03   2.0143E-03   2.0143E-03 / 2.0143E-03   2.4880E-03 / 2.4880E-03   26.19% / 26.19%
1540   5.000E-04   2.0974E-03   2.0974E-03   2.0974E-03 / 2.0974E-03   2.5115E-03 / 2.5115E-03   26.19% / 26.19%
1550   5.000E-04   1.9993E-03   1.9993E-03   1.9993E-03 / 1.9993E-03   2.5346E-03 / 2.5346E-03   26.19% / 26.19%
1560   5.000E-04   2.0074E-03   2.0074E-03   2.0074E-03 / 2.0074E-03   2.4918E-03 / 2.4918E-03   26.19% / 26.19%
1570   5.000E-04   1.9753E-03   1.9753E-03   1.9753E-03 / 1.9753E-03   2.5325E-03 / 2.5325E-03   26.19% / 26.19%
1580   5.000E-04   1.9225E-03   1.9225E-03   1.9225E-03 / 1.9225E-03   2.4933E-03 / 2.4933E-03   26.19% / 26.19%
1590   5.000E-04   2.0528E-03   2.0528E-03   2.0528E-03 / 2.0528E-03   2.5116E-03 / 2.5116E-03   26.19% / 26.19%
1600   5.000E-04   1.8994E-03   1.8994E-03   1.8994E-03 / 1.8994E-03   2.5334E-03 / 2.5334E-03   26.19% / 26.19%
1610   5.000E-04   1.9151E-03   1.9151E-03   1.9151E-03 / 1.9151E-03   2.5515E-03 / 2.5515E-03   26.19% / 26.19%
1620   5.000E-04   1.8628E-03   1.8628E-03   1.8628E-03 / 1.8628E-03   2.5224E-03 / 2.5224E-03   26.19% / 26.19%
1630   5.000E-04   1.8637E-03   1.8637E-03   1.8637E-03 / 1.8637E-03   2.5231E-03 / 2.5231E-03   26.19% / 26.19%
1640   5.000E-04   1.8459E-03   1.8459E-03   1.8459E-03 / 1.8459E-03   2.5330E-03 / 2.5330E-03   26.19% / 26.19%
1650   5.000E-04   1.9556E-03   1.9556E-03   1.9556E-03 / 1.9556E-03   2.5155E-03 / 2.5155E-03   26.19% / 26.19%
1660   5.000E-04   1.8086E-03   1.8086E-03   1.8086E-03 / 1.8086E-03   2.5440E-03 / 2.5440E-03   26.19% / 26.19%
1670   5.000E-04   1.8130E-03   1.8130E-03   1.8130E-03 / 1.8130E-03   2.5541E-03 / 2.5541E-03   26.19% / 26.19%
1680   5.000E-04   1.8191E-03   1.8191E-03   1.8191E-03 / 1.8191E-03   2.5976E-03 / 2.5976E-03   26.79% / 26.79%
1690   5.000E-04   1.9384E-03   1.9384E-03   1.9384E-03 / 1.9384E-03   2.6176E-03 / 2.6176E-03   26.79% / 26.79%
1700   5.000E-04   1.7581E-03   1.7581E-03   1.7581E-03 / 1.7581E-03   2.5582E-03 / 2.5582E-03   26.19% / 26.19%
1710   5.000E-04   1.7547E-03   1.7547E-03   1.7547E-03 / 1.7547E-03   2.5668E-03 / 2.5668E-03   26.19% / 26.19%
1720   5.000E-04   1.7361E-03   1.7361E-03   1.7361E-03 / 1.7361E-03   2.5741E-03 / 2.5741E-03   26.19% / 26.19%
1730   5.000E-04   1.7257E-03   1.7257E-03   1.7257E-03 / 1.7257E-03   2.5662E-03 / 2.5662E-03   26.19% / 26.19%
1740   5.000E-04   1.7547E-03   1.7547E-03   1.7547E-03 / 1.7547E-03   2.5856E-03 / 2.5856E-03   26.19% / 26.19%
1750   5.000E-04   1.8251E-03   1.8251E-03   1.8251E-03 / 1.8251E-03   2.5648E-03 / 2.5648E-03   26.19% / 26.19%
1760   5.000E-04   1.7077E-03   1.7077E-03   1.7077E-03 / 1.7077E-03   2.5654E-03 / 2.5654E-03   26.79% / 26.79%
1770   5.000E-04   1.7342E-03   1.7342E-03   1.7342E-03 / 1.7342E-03   2.6324E-03 / 2.6324E-03   26.79% / 26.79%
1780   5.000E-04   1.6883E-03   1.6883E-03   1.6883E-03 / 1.6883E-03   2.5967E-03 / 2.5967E-03   26.79% / 26.79%
1790   5.000E-04   1.7816E-03   1.7816E-03   1.7816E-03 / 1.7816E-03   2.6230E-03 / 2.6230E-03   26.79% / 26.79%
1800   5.000E-04   1.6379E-03   1.6379E-03   1.6379E-03 / 1.6379E-03   2.6404E-03 / 2.6404E-03   26.79% / 26.79%
1810   5.000E-04   1.6248E-03   1.6248E-03   1.6248E-03 / 1.6248E-03   2.6274E-03 / 2.6274E-03   26.79% / 26.79%
1820   5.000E-04   1.6445E-03   1.6445E-03   1.6445E-03 / 1.6445E-03   2.6230E-03 / 2.6230E-03   26.79% / 26.79%
1830   5.000E-04   1.6122E-03   1.6122E-03   1.6122E-03 / 1.6122E-03   2.6294E-03 / 2.6294E-03   26.79% / 26.79%
1840   5.000E-04   1.6190E-03   1.6190E-03   1.6190E-03 / 1.6190E-03   2.6466E-03 / 2.6466E-03   26.79% / 26.79%
1850   5.000E-04   1.5861E-03   1.5861E-03   1.5861E-03 / 1.5861E-03   2.6524E-03 / 2.6524E-03   26.79% / 26.79%
1860   5.000E-04   1.7725E-03   1.7725E-03   1.7725E-03 / 1.7725E-03   2.7031E-03 / 2.7031E-03   26.79% / 26.79%
1870   5.000E-04   1.5883E-03   1.5883E-03   1.5883E-03 / 1.5883E-03   2.6649E-03 / 2.6649E-03   26.79% / 26.79%
1880   5.000E-04   1.6025E-03   1.6025E-03   1.6025E-03 / 1.6025E-03   2.6668E-03 / 2.6668E-03   26.79% / 26.79%
1890   5.000E-04   1.5386E-03   1.5386E-03   1.5386E-03 / 1.5386E-03   2.6825E-03 / 2.6825E-03   26.79% / 26.79%
1900   5.000E-04   1.8271E-03   1.8271E-03   1.8271E-03 / 1.8271E-03   2.6142E-03 / 2.6142E-03   26.79% / 26.79%
1910   5.000E-04   1.5191E-03   1.5191E-03   1.5191E-03 / 1.5191E-03   2.7111E-03 / 2.7111E-03   26.79% / 26.79%
1920   5.000E-04   1.6186E-03   1.6186E-03   1.6186E-03 / 1.6186E-03   2.7315E-03 / 2.7315E-03   26.79% / 26.79%
1930   5.000E-04   1.6342E-03   1.6342E-03   1.6342E-03 / 1.6342E-03   2.7337E-03 / 2.7337E-03   26.79% / 26.79%
1940   5.000E-04   1.5109E-03   1.5109E-03   1.5109E-03 / 1.5109E-03   2.7134E-03 / 2.7134E-03   26.79% / 26.79%
1950   5.000E-04   1.4947E-03   1.4947E-03   1.4947E-03 / 1.4947E-03   2.7553E-03 / 2.7553E-03   26.79% / 26.79%
1960   5.000E-04   1.4785E-03   1.4785E-03   1.4785E-03 / 1.4785E-03   2.7499E-03 / 2.7499E-03   26.79% / 26.79%
1970   5.000E-04   1.4677E-03   1.4677E-03   1.4677E-03 / 1.4677E-03   2.7636E-03 / 2.7636E-03   26.79% / 26.79%
1980   5.000E-04   1.4642E-03   1.4642E-03   1.4642E-03 / 1.4642E-03   2.7634E-03 / 2.7634E-03   26.79% / 26.79%
1990   5.000E-04   1.4864E-03   1.4864E-03   1.4864E-03 / 1.4864E-03   2.7279E-03 / 2.7279E-03   26.79% / 26.79%
2000   5.000E-04   1.4511E-03   1.4511E-03   1.4511E-03 / 1.4511E-03   2.7595E-03 / 2.7595E-03   26.79% / 26.79%
2010   5.000E-04   1.4614E-03   1.4614E-03   1.4614E-03 / 1.4614E-03   2.7611E-03 / 2.7611E-03   26.79% / 26.79%
2020   5.000E-04   1.4415E-03   1.4415E-03   1.4415E-03 / 1.4415E-03   2.7865E-03 / 2.7865E-03   26.79% / 26.79%
2030   5.000E-04   1.4133E-03   1.4133E-03   1.4133E-03 / 1.4133E-03   2.7915E-03 / 2.7915E-03   26.79% / 26.79%
2040   5.000E-04   1.5192E-03   1.5192E-03   1.5192E-03 / 1.5192E-03   2.8266E-03 / 2.8266E-03   26.79% / 26.79%
2050   5.000E-04   1.4245E-03   1.4245E-03   1.4245E-03 / 1.4245E-03   2.8442E-03 / 2.8442E-03   26.79% / 26.79%
2060   5.000E-04   1.4027E-03   1.4027E-03   1.4027E-03 / 1.4027E-03   2.8238E-03 / 2.8238E-03   26.79% / 26.79%
2070   5.000E-04   1.4436E-03   1.4436E-03   1.4436E-03 / 1.4436E-03   2.7862E-03 / 2.7862E-03   26.79% / 26.79%
2080   5.000E-04   1.3790E-03   1.3790E-03   1.3790E-03 / 1.3790E-03   2.8404E-03 / 2.8404E-03   26.79% / 26.79%
2090   5.000E-04   1.3686E-03   1.3686E-03   1.3686E-03 / 1.3686E-03   2.8537E-03 / 2.8537E-03   26.79% / 26.79%
2100   5.000E-04   1.3809E-03   1.3809E-03   1.3809E-03 / 1.3809E-03   2.8783E-03 / 2.8783E-03   26.79% / 26.79%
2110   5.000E-04   1.3618E-03   1.3618E-03   1.3618E-03 / 1.3618E-03   2.8535E-03 / 2.8535E-03   26.79% / 26.79%
2120   5.000E-04   1.3978E-03   1.3978E-03   1.3978E-03 / 1.3978E-03   2.9123E-03 / 2.9123E-03   26.79% / 26.79%
2130   5.000E-04   1.3508E-03   1.3508E-03   1.3508E-03 / 1.3508E-03   2.9012E-03 / 2.9012E-03   26.79% / 26.79%
2140   5.000E-04   1.3684E-03   1.3684E-03   1.3684E-03 / 1.3684E-03   2.8990E-03 / 2.8990E-03   26.79% / 26.79%
2150   5.000E-04   1.3279E-03   1.3279E-03   1.3279E-03 / 1.3279E-03   2.9161E-03 / 2.9161E-03   26.79% / 26.79%
2160   5.000E-04   1.3238E-03   1.3238E-03   1.3238E-03 / 1.3238E-03   2.9443E-03 / 2.9443E-03   26.79% / 26.79%
2170   5.000E-04   1.3173E-03   1.3173E-03   1.3173E-03 / 1.3173E-03   2.9555E-03 / 2.9555E-03   26.79% / 26.79%
2180   5.000E-04   1.3092E-03   1.3092E-03   1.3092E-03 / 1.3092E-03   2.9854E-03 / 2.9854E-03   26.79% / 26.79%
2190   5.000E-04   1.3151E-03   1.3151E-03   1.3151E-03 / 1.3151E-03   2.9720E-03 / 2.9720E-03   26.79% / 26.79%
2200   5.000E-04   1.3058E-03   1.3058E-03   1.3058E-03 / 1.3058E-03   2.9636E-03 / 2.9636E-03   26.79% / 26.79%
2210   5.000E-04   1.2924E-03   1.2924E-03   1.2924E-03 / 1.2924E-03   2.9805E-03 / 2.9805E-03   26.79% / 26.79%
2220   5.000E-04   1.2811E-03   1.2811E-03   1.2811E-03 / 1.2811E-03   2.9710E-03 / 2.9710E-03   26.79% / 26.79%
2230   5.000E-04   1.2710E-03   1.2710E-03   1.2710E-03 / 1.2710E-03   3.0088E-03 / 3.0088E-03   26.79% / 26.79%
2240   5.000E-04   1.3464E-03   1.3464E-03   1.3464E-03 / 1.3464E-03   3.0157E-03 / 3.0157E-03   26.79% / 26.79%
2250   5.000E-04   1.2548E-03   1.2548E-03   1.2548E-03 / 1.2548E-03   3.0256E-03 / 3.0256E-03   26.79% / 26.79%
2260   5.000E-04   1.3210E-03   1.3210E-03   1.3210E-03 / 1.3210E-03   3.0644E-03 / 3.0644E-03   26.79% / 26.79%
2270   5.000E-04   1.3012E-03   1.3012E-03   1.3012E-03 / 1.3012E-03   3.0550E-03 / 3.0550E-03   26.79% / 26.79%
2280   5.000E-04   1.2930E-03   1.2930E-03   1.2930E-03 / 1.2930E-03   3.0566E-03 / 3.0566E-03   26.79% / 26.79%
2290   5.000E-04   1.2363E-03   1.2363E-03   1.2363E-03 / 1.2363E-03   3.0569E-03 / 3.0569E-03   26.79% / 26.79%
2300   5.000E-04   1.2327E-03   1.2327E-03   1.2327E-03 / 1.2327E-03   3.0846E-03 / 3.0846E-03   26.79% / 26.79%
2310   5.000E-04   1.2611E-03   1.2611E-03   1.2611E-03 / 1.2611E-03   3.1020E-03 / 3.1020E-03   26.79% / 26.79%
2320   5.000E-04   1.2344E-03   1.2344E-03   1.2344E-03 / 1.2344E-03   3.1003E-03 / 3.1003E-03   26.79% / 26.79%
2330   5.000E-04   1.2404E-03   1.2404E-03   1.2404E-03 / 1.2404E-03   3.1210E-03 / 3.1210E-03   26.79% / 26.79%
2340   5.000E-04   1.2409E-03   1.2409E-03   1.2409E-03 / 1.2409E-03   3.1441E-03 / 3.1441E-03   26.79% / 26.79%
2350   5.000E-04   1.2146E-03   1.2146E-03   1.2146E-03 / 1.2146E-03   3.1205E-03 / 3.1205E-03   26.79% / 26.79%
2360   5.000E-04   1.2058E-03   1.2058E-03   1.2058E-03 / 1.2058E-03   3.1471E-03 / 3.1471E-03   26.79% / 26.79%
2370   5.000E-04   1.2041E-03   1.2041E-03   1.2041E-03 / 1.2041E-03   3.1809E-03 / 3.1809E-03   26.79% / 26.79%
2380   5.000E-04   1.1828E-03   1.1828E-03   1.1828E-03 / 1.1828E-03   3.1672E-03 / 3.1672E-03   26.79% / 26.79%
2390   5.000E-04   1.1989E-03   1.1989E-03   1.1989E-03 / 1.1989E-03   3.2026E-03 / 3.2026E-03   26.79% / 26.79%
2400   5.000E-04   1.1716E-03   1.1716E-03   1.1716E-03 / 1.1716E-03   3.1972E-03 / 3.1972E-03   26.79% / 26.79%
2410   5.000E-04   1.3953E-03   1.3953E-03   1.3953E-03 / 1.3953E-03   3.2223E-03 / 3.2223E-03   26.79% / 26.79%
2420   5.000E-04   1.1828E-03   1.1828E-03   1.1828E-03 / 1.1828E-03   3.2296E-03 / 3.2296E-03   26.79% / 26.79%
2430   5.000E-04   1.1665E-03   1.1665E-03   1.1665E-03 / 1.1665E-03   3.2212E-03 / 3.2212E-03   26.79% / 26.79%
2440   5.000E-04   1.1877E-03   1.1877E-03   1.1877E-03 / 1.1877E-03   3.2289E-03 / 3.2289E-03   26.79% / 26.79%
2450   5.000E-04   1.1667E-03   1.1667E-03   1.1667E-03 / 1.1667E-03   3.2533E-03 / 3.2533E-03   26.79% / 26.79%
2460   5.000E-04   1.1504E-03   1.1504E-03   1.1504E-03 / 1.1504E-03   3.2874E-03 / 3.2874E-03   26.79% / 26.79%
2470   5.000E-04   1.1451E-03   1.1451E-03   1.1451E-03 / 1.1451E-03   3.2667E-03 / 3.2667E-03   26.79% / 26.79%
2480   5.000E-04   1.1425E-03   1.1425E-03   1.1425E-03 / 1.1425E-03   3.2610E-03 / 3.2610E-03   26.79% / 26.79%
2490   5.000E-04   1.1573E-03   1.1573E-03   1.1573E-03 / 1.1573E-03   3.3059E-03 / 3.3059E-03   26.79% / 26.79%
2500   5.000E-04   1.1301E-03   1.1301E-03   1.1301E-03 / 1.1301E-03   3.3223E-03 / 3.3223E-03   26.79% / 26.79%
2510   5.000E-04   1.1353E-03   1.1353E-03   1.1353E-03 / 1.1353E-03   3.3161E-03 / 3.3161E-03   26.79% / 26.79%
2520   5.000E-04   1.1417E-03   1.1417E-03   1.1417E-03 / 1.1417E-03   3.3723E-03 / 3.3723E-03   26.79% / 26.79%
2530   5.000E-04   1.1762E-03   1.1762E-03   1.1762E-03 / 1.1762E-03   3.3112E-03 / 3.3112E-03   26.79% / 26.79%
2540   5.000E-04   1.1041E-03   1.1041E-03   1.1041E-03 / 1.1041E-03   3.3537E-03 / 3.3537E-03   26.79% / 26.79%
2550   5.000E-04   1.1528E-03   1.1528E-03   1.1528E-03 / 1.1528E-03   3.3678E-03 / 3.3678E-03   26.79% / 26.79%
2560   5.000E-04   1.1136E-03   1.1136E-03   1.1136E-03 / 1.1136E-03   3.3999E-03 / 3.3999E-03   26.79% / 26.79%
2570   5.000E-04   1.0858E-03   1.0858E-03   1.0858E-03 / 1.0858E-03   3.3847E-03 / 3.3847E-03   26.79% / 26.79%
2580   5.000E-04   1.1293E-03   1.1293E-03   1.1293E-03 / 1.1293E-03   3.4186E-03 / 3.4186E-03   26.79% / 26.79%
2590   5.000E-04   1.0937E-03   1.0937E-03   1.0937E-03 / 1.0937E-03   3.4085E-03 / 3.4085E-03   26.79% / 26.79%
2600   5.000E-04   1.0859E-03   1.0859E-03   1.0859E-03 / 1.0859E-03   3.4401E-03 / 3.4401E-03   26.79% / 26.79%
2610   5.000E-04   1.2512E-03   1.2512E-03   1.2512E-03 / 1.2512E-03   3.4340E-03 / 3.4340E-03   26.79% / 26.79%
2620   5.000E-04   1.0668E-03   1.0668E-03   1.0668E-03 / 1.0668E-03   3.4351E-03 / 3.4351E-03   26.79% / 26.79%
2630   5.000E-04   1.0628E-03   1.0628E-03   1.0628E-03 / 1.0628E-03   3.4527E-03 / 3.4527E-03   26.79% / 26.79%
2640   5.000E-04   1.0866E-03   1.0866E-03   1.0866E-03 / 1.0866E-03   3.4818E-03 / 3.4818E-03   27.38% / 27.38%
2650   5.000E-04   1.0510E-03   1.0510E-03   1.0510E-03 / 1.0510E-03   3.5005E-03 / 3.5005E-03   27.38% / 27.38%
2660   5.000E-04   1.0655E-03   1.0655E-03   1.0655E-03 / 1.0655E-03   3.5177E-03 / 3.5177E-03   27.38% / 27.38%
2670   5.000E-04   1.0530E-03   1.0530E-03   1.0530E-03 / 1.0530E-03   3.5371E-03 / 3.5371E-03   27.38% / 27.38%
2680   5.000E-04   1.0487E-03   1.0487E-03   1.0487E-03 / 1.0487E-03   3.5526E-03 / 3.5526E-03   27.38% / 27.38%
2690   5.000E-04   1.0430E-03   1.0430E-03   1.0430E-03 / 1.0430E-03   3.6078E-03 / 3.6078E-03   27.38% / 27.38%
2700   5.000E-04   1.0803E-03   1.0803E-03   1.0803E-03 / 1.0803E-03   3.5958E-03 / 3.5958E-03   27.38% / 27.38%
2710   5.000E-04   1.0641E-03   1.0641E-03   1.0641E-03 / 1.0641E-03   3.5852E-03 / 3.5852E-03   27.38% / 27.38%
2720   5.000E-04   1.0271E-03   1.0271E-03   1.0271E-03 / 1.0271E-03   3.5889E-03 / 3.5889E-03   27.38% / 27.38%
2730   5.000E-04   1.0239E-03   1.0239E-03   1.0239E-03 / 1.0239E-03   3.6102E-03 / 3.6102E-03   27.38% / 27.38%
2740   5.000E-04   1.0247E-03   1.0247E-03   1.0247E-03 / 1.0247E-03   3.6205E-03 / 3.6205E-03   27.38% / 27.38%
2750   5.000E-04   1.0296E-03   1.0296E-03   1.0296E-03 / 1.0296E-03   3.6367E-03 / 3.6367E-03   27.38% / 27.38%
2760   5.000E-04   1.0121E-03   1.0121E-03   1.0121E-03 / 1.0121E-03   3.6359E-03 / 3.6359E-03   27.38% / 27.38%
2770   5.000E-04   1.0154E-03   1.0154E-03   1.0154E-03 / 1.0154E-03   3.6664E-03 / 3.6664E-03   27.38% / 27.38%
2780   5.000E-04   1.0814E-03   1.0814E-03   1.0814E-03 / 1.0814E-03   3.6827E-03 / 3.6827E-03   27.38% / 27.38%
2790   5.000E-04   1.0557E-03   1.0557E-03   1.0557E-03 / 1.0557E-03   3.7202E-03 / 3.7202E-03   27.38% / 27.38%
2800   5.000E-04   1.0049E-03   1.0049E-03   1.0049E-03 / 1.0049E-03   3.7041E-03 / 3.7041E-03   27.98% / 27.98%
2810   5.000E-04   1.0879E-03   1.0879E-03   1.0879E-03 / 1.0879E-03   3.7000E-03 / 3.7000E-03   27.98% / 27.98%
2820   5.000E-04   9.8722E-04   9.8722E-04   9.8722E-04 / 9.8722E-04   3.7490E-03 / 3.7490E-03   27.98% / 27.98%
2830   5.000E-04   1.0285E-03   1.0285E-03   1.0285E-03 / 1.0285E-03   3.7621E-03 / 3.7621E-03   27.98% / 27.98%
2840   5.000E-04   1.0483E-03   1.0483E-03   1.0483E-03 / 1.0483E-03   3.7504E-03 / 3.7504E-03   27.98% / 27.98%
2850   5.000E-04   9.8344E-04   9.8344E-04   9.8344E-04 / 9.8344E-04   3.7955E-03 / 3.7955E-03   27.98% / 27.98%
2860   5.000E-04   9.7522E-04   9.7522E-04   9.7522E-04 / 9.7522E-04   3.7718E-03 / 3.7718E-03   27.98% / 27.98%
2870   5.000E-04   9.8469E-04   9.8469E-04   9.8469E-04 / 9.8469E-04   3.8168E-03 / 3.8168E-03   27.98% / 27.98%
2880   5.000E-04   9.6977E-04   9.6977E-04   9.6977E-04 / 9.6977E-04   3.8196E-03 / 3.8196E-03   27.98% / 27.98%
2890   5.000E-04   9.6245E-04   9.6245E-04   9.6245E-04 / 9.6245E-04   3.8300E-03 / 3.8300E-03   27.98% / 27.98%
2900   5.000E-04   9.8872E-04   9.8872E-04   9.8872E-04 / 9.8872E-04   3.8208E-03 / 3.8208E-03   27.98% / 27.98%
2910   5.000E-04   9.6229E-04   9.6229E-04   9.6229E-04 / 9.6229E-04   3.8502E-03 / 3.8502E-03   27.98% / 27.98%
2920   5.000E-04   9.4819E-04   9.4819E-04   9.4819E-04 / 9.4819E-04   3.8682E-03 / 3.8682E-03   27.98% / 27.98%
2930   5.000E-04   9.7936E-04   9.7936E-04   9.7936E-04 / 9.7936E-04   3.8903E-03 / 3.8903E-03   27.98% / 27.98%
2940   5.000E-04   9.4515E-04   9.4515E-04   9.4515E-04 / 9.4515E-04   3.8801E-03 / 3.8801E-03   27.98% / 27.98%
2950   5.000E-04   9.4942E-04   9.4942E-04   9.4942E-04 / 9.4942E-04   3.8984E-03 / 3.8984E-03   27.98% / 27.98%
2960   5.000E-04   9.3629E-04   9.3629E-04   9.3629E-04 / 9.3629E-04   3.9127E-03 / 3.9127E-03   27.98% / 27.98%
2970   5.000E-04   1.2942E-03   1.2942E-03   1.2942E-03 / 1.2942E-03   3.9712E-03 / 3.9712E-03   27.98% / 27.98%
2980   5.000E-04   9.3206E-04   9.3206E-04   9.3206E-04 / 9.3206E-04   3.9439E-03 / 3.9439E-03   27.98% / 27.98%
2990   5.000E-04   9.4998E-04   9.4998E-04   9.4998E-04 / 9.4998E-04   3.9670E-03 / 3.9670E-03   27.98% / 27.98%
3000   5.000E-04   9.7422E-04   9.7422E-04   9.7422E-04 / 9.7422E-04   3.9929E-03 / 3.9929E-03   27.98% / 27.98%
3010   5.000E-04   9.3069E-04   9.3069E-04   9.3069E-04 / 9.3069E-04   4.0346E-03 / 4.0346E-03   27.98% / 27.98%
3020   5.000E-04   9.5436E-04   9.5436E-04   9.5436E-04 / 9.5436E-04   4.0366E-03 / 4.0366E-03   27.98% / 27.98%
3030   5.000E-04   9.6614E-04   9.6614E-04   9.6614E-04 / 9.6614E-04   4.0575E-03 / 4.0575E-03   27.98% / 27.98%
3040   5.000E-04   9.4866E-04   9.4866E-04   9.4866E-04 / 9.4866E-04   4.0391E-03 / 4.0391E-03   27.98% / 27.98%
3050   5.000E-04   9.1415E-04   9.1415E-04   9.1415E-04 / 9.1415E-04   4.0533E-03 / 4.0533E-03   27.98% / 27.98%
3060   5.000E-04   9.4648E-04   9.4648E-04   9.4648E-04 / 9.4648E-04   4.0911E-03 / 4.0911E-03   27.98% / 27.98%
3070   5.000E-04   9.2807E-04   9.2807E-04   9.2807E-04 / 9.2807E-04   4.0774E-03 / 4.0774E-03   27.98% / 27.98%
3080   5.000E-04   9.0569E-04   9.0569E-04   9.0569E-04 / 9.0569E-04   4.1316E-03 / 4.1316E-03   27.98% / 27.98%
3090   5.000E-04   9.6212E-04   9.6212E-04   9.6212E-04 / 9.6212E-04   4.1717E-03 / 4.1717E-03   27.98% / 27.98%
3100   5.000E-04   9.0219E-04   9.0219E-04   9.0219E-04 / 9.0219E-04   4.1450E-03 / 4.1450E-03   27.98% / 27.98%
3110   5.000E-04   9.0697E-04   9.0697E-04   9.0697E-04 / 9.0697E-04   4.1593E-03 / 4.1593E-03   27.98% / 27.98%
3120   5.000E-04   9.0516E-04   9.0516E-04   9.0516E-04 / 9.0516E-04   4.1491E-03 / 4.1491E-03   27.98% / 27.98%
3130   5.000E-04   8.9880E-04   8.9880E-04   8.9880E-04 / 8.9880E-04   4.1562E-03 / 4.1562E-03   27.98% / 27.98%
3140   5.000E-04   8.8205E-04   8.8205E-04   8.8205E-04 / 8.8205E-04   4.2009E-03 / 4.2009E-03   27.98% / 27.98%
3150   5.000E-04   9.4266E-04   9.4266E-04   9.4266E-04 / 9.4266E-04   4.2406E-03 / 4.2406E-03   27.98% / 27.98%
3160   5.000E-04   9.4198E-04   9.4198E-04   9.4198E-04 / 9.4198E-04   4.1875E-03 / 4.1875E-03   27.98% / 27.98%
3170   5.000E-04   9.1519E-04   9.1519E-04   9.1519E-04 / 9.1519E-04   4.2105E-03 / 4.2105E-03   27.98% / 27.98%
3180   5.000E-04   9.3805E-04   9.3805E-04   9.3805E-04 / 9.3805E-04   4.2856E-03 / 4.2856E-03   27.98% / 27.98%
3190   5.000E-04   8.9101E-04   8.9101E-04   8.9101E-04 / 8.9101E-04   4.2953E-03 / 4.2953E-03   27.98% / 27.98%
3200   5.000E-04   8.7941E-04   8.7941E-04   8.7941E-04 / 8.7941E-04   4.2831E-03 / 4.2831E-03   27.98% / 27.98%
3210   5.000E-04   8.7368E-04   8.7368E-04   8.7368E-04 / 8.7368E-04   4.2998E-03 / 4.2998E-03   27.98% / 27.98%
3220   5.000E-04   8.6938E-04   8.6938E-04   8.6938E-04 / 8.6938E-04   4.2686E-03 / 4.2686E-03   27.98% / 27.98%
3230   5.000E-04   8.6461E-04   8.6461E-04   8.6461E-04 / 8.6461E-04   4.2993E-03 / 4.2993E-03   27.98% / 27.98%
3240   5.000E-04   8.5630E-04   8.5630E-04   8.5630E-04 / 8.5630E-04   4.3328E-03 / 4.3328E-03   27.98% / 27.98%
3250   5.000E-04   8.5068E-04   8.5068E-04   8.5068E-04 / 8.5068E-04   4.3312E-03 / 4.3312E-03   27.98% / 27.98%
3260   5.000E-04   8.9948E-04   8.9948E-04   8.9948E-04 / 8.9948E-04   4.3627E-03 / 4.3627E-03   28.57% / 28.57%
3270   5.000E-04   8.8135E-04   8.8135E-04   8.8135E-04 / 8.8135E-04   4.3725E-03 / 4.3725E-03   28.57% / 28.57%
3280   5.000E-04   8.5664E-04   8.5664E-04   8.5664E-04 / 8.5664E-04   4.4143E-03 / 4.4143E-03   28.57% / 28.57%
3290   5.000E-04   9.0031E-04   9.0031E-04   9.0031E-04 / 9.0031E-04   4.4125E-03 / 4.4125E-03   28.57% / 28.57%
3300   5.000E-04   8.5019E-04   8.5019E-04   8.5019E-04 / 8.5019E-04   4.4244E-03 / 4.4244E-03   28.57% / 28.57%
3310   5.000E-04   8.6223E-04   8.6223E-04   8.6223E-04 / 8.6223E-04   4.3959E-03 / 4.3959E-03   28.57% / 28.57%
3320   5.000E-04   8.4767E-04   8.4767E-04   8.4767E-04 / 8.4767E-04   4.4428E-03 / 4.4428E-03   28.57% / 28.57%
3330   5.000E-04   8.4986E-04   8.4986E-04   8.4986E-04 / 8.4986E-04   4.4568E-03 / 4.4568E-03   28.57% / 28.57%
3340   5.000E-04   8.2856E-04   8.2856E-04   8.2856E-04 / 8.2856E-04   4.4928E-03 / 4.4928E-03   28.57% / 28.57%
3350   5.000E-04   8.4180E-04   8.4180E-04   8.4180E-04 / 8.4180E-04   4.5296E-03 / 4.5296E-03   28.57% / 28.57%
3360   5.000E-04   8.2625E-04   8.2625E-04   8.2625E-04 / 8.2625E-04   4.5127E-03 / 4.5127E-03   28.57% / 28.57%
3370   5.000E-04   8.1885E-04   8.1885E-04   8.1885E-04 / 8.1885E-04   4.5457E-03 / 4.5457E-03   28.57% / 28.57%
3380   5.000E-04   8.1498E-04   8.1498E-04   8.1498E-04 / 8.1498E-04   4.5266E-03 / 4.5266E-03   28.57% / 28.57%
3390   5.000E-04   8.1362E-04   8.1362E-04   8.1362E-04 / 8.1362E-04   4.5758E-03 / 4.5758E-03   28.57% / 28.57%
3400   5.000E-04   8.1692E-04   8.1692E-04   8.1692E-04 / 8.1692E-04   4.5751E-03 / 4.5751E-03   28.57% / 28.57%
3410   5.000E-04   8.1356E-04   8.1356E-04   8.1356E-04 / 8.1356E-04   4.6091E-03 / 4.6091E-03   28.57% / 28.57%
3420   5.000E-04   8.0892E-04   8.0892E-04   8.0892E-04 / 8.0892E-04   4.5844E-03 / 4.5844E-03   28.57% / 28.57%
3430   5.000E-04   8.2136E-04   8.2136E-04   8.2136E-04 / 8.2136E-04   4.6772E-03 / 4.6772E-03   28.57% / 28.57%
3440   5.000E-04   8.0022E-04   8.0022E-04   8.0022E-04 / 8.0022E-04   4.6694E-03 / 4.6694E-03   28.57% / 28.57%
3450   5.000E-04   9.0421E-04   9.0421E-04   9.0421E-04 / 9.0421E-04   4.6758E-03 / 4.6758E-03   28.57% / 28.57%
3460   5.000E-04   8.0579E-04   8.0579E-04   8.0579E-04 / 8.0579E-04   4.7134E-03 / 4.7134E-03   28.57% / 28.57%
3470   5.000E-04   1.1188E-03   1.1188E-03   1.1188E-03 / 1.1188E-03   4.7021E-03 / 4.7021E-03   28.57% / 28.57%
3480   5.000E-04   8.0740E-04   8.0740E-04   8.0740E-04 / 8.0740E-04   4.6998E-03 / 4.6998E-03   28.57% / 28.57%
3490   5.000E-04   7.9595E-04   7.9595E-04   7.9595E-04 / 7.9595E-04   4.7097E-03 / 4.7097E-03   28.57% / 28.57%
3500   5.000E-04   9.2258E-04   9.2258E-04   9.2258E-04 / 9.2258E-04   4.7920E-03 / 4.7920E-03   28.57% / 28.57%
3510   5.000E-04   8.0344E-04   8.0344E-04   8.0344E-04 / 8.0344E-04   4.7800E-03 / 4.7800E-03   28.57% / 28.57%
3520   5.000E-04   8.1938E-04   8.1938E-04   8.1938E-04 / 8.1938E-04   4.7952E-03 / 4.7952E-03   28.57% / 28.57%
3530   5.000E-04   7.8671E-04   7.8671E-04   7.8671E-04 / 7.8671E-04   4.8346E-03 / 4.8346E-03   28.57% / 28.57%
3540   5.000E-04   7.7832E-04   7.7832E-04   7.7832E-04 / 7.7832E-04   4.8371E-03 / 4.8371E-03   28.57% / 28.57%
3550   5.000E-04   7.8296E-04   7.8296E-04   7.8296E-04 / 7.8296E-04   4.8606E-03 / 4.8606E-03   28.57% / 28.57%
3560   5.000E-04   7.9465E-04   7.9465E-04   7.9465E-04 / 7.9465E-04   4.8408E-03 / 4.8408E-03   28.57% / 28.57%
3570   5.000E-04   8.6221E-04   8.6221E-04   8.6221E-04 / 8.6221E-04   4.8464E-03 / 4.8464E-03   28.57% / 28.57%
3580   5.000E-04   7.7426E-04   7.7426E-04   7.7426E-04 / 7.7426E-04   4.8804E-03 / 4.8804E-03   28.57% / 28.57%
3590   5.000E-04   8.1624E-04   8.1624E-04   8.1624E-04 / 8.1624E-04   4.8906E-03 / 4.8906E-03   28.57% / 28.57%
3600   5.000E-04   7.6818E-04   7.6818E-04   7.6818E-04 / 7.6818E-04   4.9023E-03 / 4.9023E-03   28.57% / 28.57%
3610   5.000E-04   7.6905E-04   7.6905E-04   7.6905E-04 / 7.6905E-04   4.9125E-03 / 4.9125E-03   28.57% / 28.57%
3620   5.000E-04   7.7992E-04   7.7992E-04   7.7992E-04 / 7.7992E-04   4.9389E-03 / 4.9389E-03   28.57% / 28.57%
3630   5.000E-04   7.6435E-04   7.6435E-04   7.6435E-04 / 7.6435E-04   4.9562E-03 / 4.9562E-03   28.57% / 28.57%
3640   5.000E-04   7.7579E-04   7.7579E-04   7.7579E-04 / 7.7579E-04   4.9822E-03 / 4.9822E-03   28.57% / 28.57%
3650   5.000E-04   7.9297E-04   7.9297E-04   7.9297E-04 / 7.9297E-04   4.9905E-03 / 4.9905E-03   28.57% / 28.57%
3660   5.000E-04   7.6254E-04   7.6254E-04   7.6254E-04 / 7.6254E-04   4.9689E-03 / 4.9689E-03   28.57% / 28.57%
3670   5.000E-04   7.7677E-04   7.7677E-04   7.7677E-04 / 7.7677E-04   5.0224E-03 / 5.0224E-03   28.57% / 28.57%
3680   5.000E-04   7.6184E-04   7.6184E-04   7.6184E-04 / 7.6184E-04   5.0458E-03 / 5.0458E-03   28.57% / 28.57%
3690   5.000E-04   7.9917E-04   7.9917E-04   7.9917E-04 / 7.9917E-04   5.0379E-03 / 5.0379E-03   28.57% / 28.57%
3700   5.000E-04   7.4750E-04   7.4750E-04   7.4750E-04 / 7.4750E-04   5.0746E-03 / 5.0746E-03   28.57% / 28.57%
3710   5.000E-04   7.5584E-04   7.5584E-04   7.5584E-04 / 7.5584E-04   5.0789E-03 / 5.0789E-03   28.57% / 28.57%
3720   5.000E-04   7.7639E-04   7.7639E-04   7.7639E-04 / 7.7639E-04   5.1081E-03 / 5.1081E-03   28.57% / 28.57%
3730   5.000E-04   7.6674E-04   7.6674E-04   7.6674E-04 / 7.6674E-04   5.1277E-03 / 5.1277E-03   28.57% / 28.57%
3740   5.000E-04   7.3790E-04   7.3790E-04   7.3790E-04 / 7.3790E-04   5.1810E-03 / 5.1810E-03   28.57% / 28.57%
3750   5.000E-04   7.4500E-04   7.4500E-04   7.4500E-04 / 7.4500E-04   5.1706E-03 / 5.1706E-03   28.57% / 28.57%
3760   5.000E-04   7.3235E-04   7.3235E-04   7.3235E-04 / 7.3235E-04   5.1530E-03 / 5.1530E-03   28.57% / 28.57%
3770   5.000E-04   7.5123E-04   7.5123E-04   7.5123E-04 / 7.5123E-04   5.2162E-03 / 5.2162E-03   28.57% / 28.57%
3780   5.000E-04   7.2570E-04   7.2570E-04   7.2570E-04 / 7.2570E-04   5.2389E-03 / 5.2389E-03   28.57% / 28.57%
3790   5.000E-04   7.3220E-04   7.3220E-04   7.3220E-04 / 7.3220E-04   5.2044E-03 / 5.2044E-03   28.57% / 28.57%
3800   5.000E-04   7.2977E-04   7.2977E-04   7.2977E-04 / 7.2977E-04   5.2559E-03 / 5.2559E-03   28.57% / 28.57%
3810   5.000E-04   7.6659E-04   7.6659E-04   7.6659E-04 / 7.6659E-04   5.2221E-03 / 5.2221E-03   28.57% / 28.57%
3820   5.000E-04   7.4385E-04   7.4385E-04   7.4385E-04 / 7.4385E-04   5.2669E-03 / 5.2669E-03   28.57% / 28.57%
3830   5.000E-04   7.4324E-04   7.4324E-04   7.4324E-04 / 7.4324E-04   5.2801E-03 / 5.2801E-03   28.57% / 28.57%
3840   5.000E-04   7.1020E-04   7.1020E-04   7.1020E-04 / 7.1020E-04   5.2967E-03 / 5.2967E-03   28.57% / 28.57%
3850   5.000E-04   7.1715E-04   7.1715E-04   7.1715E-04 / 7.1715E-04   5.3143E-03 / 5.3143E-03   28.57% / 28.57%
3860   5.000E-04   7.0831E-04   7.0831E-04   7.0831E-04 / 7.0831E-04   5.3239E-03 / 5.3239E-03   28.57% / 28.57%
3870   5.000E-04   7.1229E-04   7.1229E-04   7.1229E-04 / 7.1229E-04   5.3606E-03 / 5.3606E-03   28.57% / 28.57%
3880   5.000E-04   7.7761E-04   7.7761E-04   7.7761E-04 / 7.7761E-04   5.4665E-03 / 5.4665E-03   28.57% / 28.57%
3890   5.000E-04   7.0351E-04   7.0351E-04   7.0351E-04 / 7.0351E-04   5.3951E-03 / 5.3951E-03   28.57% / 28.57%
3900   5.000E-04   7.4184E-04   7.4184E-04   7.4184E-04 / 7.4184E-04   5.4095E-03 / 5.4095E-03   28.57% / 28.57%
3910   5.000E-04   7.4294E-04   7.4294E-04   7.4294E-04 / 7.4294E-04   5.3855E-03 / 5.3855E-03   28.57% / 28.57%
3920   5.000E-04   7.3305E-04   7.3305E-04   7.3305E-04 / 7.3305E-04   5.4608E-03 / 5.4608E-03   29.17% / 29.17%
3930   5.000E-04   6.9644E-04   6.9644E-04   6.9644E-04 / 6.9644E-04   5.4151E-03 / 5.4151E-03   28.57% / 28.57%
3940   5.000E-04   6.9105E-04   6.9105E-04   6.9105E-04 / 6.9105E-04   5.4436E-03 / 5.4436E-03   29.17% / 29.17%
3950   5.000E-04   6.9888E-04   6.9888E-04   6.9888E-04 / 6.9888E-04   5.4876E-03 / 5.4876E-03   29.17% / 29.17%
3960   5.000E-04   6.9094E-04   6.9094E-04   6.9094E-04 / 6.9094E-04   5.4972E-03 / 5.4972E-03   29.17% / 29.17%
3970   5.000E-04   7.5805E-04   7.5805E-04   7.5805E-04 / 7.5805E-04   5.4411E-03 / 5.4411E-03   29.17% / 29.17%
3980   5.000E-04   6.9310E-04   6.9310E-04   6.9310E-04 / 6.9310E-04   5.4944E-03 / 5.4944E-03   29.76% / 29.76%
3990   5.000E-04   7.5426E-04   7.5426E-04   7.5426E-04 / 7.5426E-04   5.5570E-03 / 5.5570E-03   29.76% / 29.76%
4000   5.000E-04   7.0482E-04   7.0482E-04   7.0482E-04 / 7.0482E-04   5.5644E-03 / 5.5644E-03   29.76% / 29.76%
4010   5.000E-04   7.0888E-04   7.0888E-04   7.0888E-04 / 7.0888E-04   5.5865E-03 / 5.5865E-03   29.76% / 29.76%
4020   5.000E-04   7.8235E-04   7.8235E-04   7.8235E-04 / 7.8235E-04   5.6011E-03 / 5.6011E-03   29.76% / 29.76%
4030   5.000E-04   7.0990E-04   7.0990E-04   7.0990E-04 / 7.0990E-04   5.5748E-03 / 5.5748E-03   29.76% / 29.76%
4040   5.000E-04   6.8232E-04   6.8232E-04   6.8232E-04 / 6.8232E-04   5.6656E-03 / 5.6656E-03   29.76% / 29.76%
4050   5.000E-04   6.7072E-04   6.7072E-04   6.7072E-04 / 6.7072E-04   5.6318E-03 / 5.6318E-03   29.76% / 29.76%
4060   5.000E-04   8.0648E-04   8.0648E-04   8.0648E-04 / 8.0648E-04   5.6762E-03 / 5.6762E-03   29.76% / 29.76%
4070   5.000E-04   6.7556E-04   6.7556E-04   6.7556E-04 / 6.7556E-04   5.6887E-03 / 5.6887E-03   29.76% / 29.76%
4080   5.000E-04   7.1195E-04   7.1195E-04   7.1195E-04 / 7.1195E-04   5.6551E-03 / 5.6551E-03   29.76% / 29.76%
4090   5.000E-04   6.6150E-04   6.6150E-04   6.6150E-04 / 6.6150E-04   5.7062E-03 / 5.7062E-03   29.76% / 29.76%
4100   5.000E-04   7.0373E-04   7.0373E-04   7.0373E-04 / 7.0373E-04   5.7076E-03 / 5.7076E-03   29.76% / 29.76%
4110   5.000E-04   7.3536E-04   7.3536E-04   7.3536E-04 / 7.3536E-04   5.7506E-03 / 5.7506E-03   29.76% / 29.76%
4120   5.000E-04   6.5222E-04   6.5222E-04   6.5222E-04 / 6.5222E-04   5.7658E-03 / 5.7658E-03   29.76% / 29.76%
4130   5.000E-04   6.6827E-04   6.6827E-04   6.6827E-04 / 6.6827E-04   5.7758E-03 / 5.7758E-03   29.76% / 29.76%
4140   5.000E-04   7.8110E-04   7.8110E-04   7.8110E-04 / 7.8110E-04   5.7454E-03 / 5.7454E-03   29.76% / 29.76%
4150   5.000E-04   6.6115E-04   6.6115E-04   6.6115E-04 / 6.6115E-04   5.8225E-03 / 5.8225E-03   29.76% / 29.76%
4160   5.000E-04   6.5436E-04   6.5436E-04   6.5436E-04 / 6.5436E-04   5.8109E-03 / 5.8109E-03   29.76% / 29.76%
4170   5.000E-04   6.4962E-04   6.4962E-04   6.4962E-04 / 6.4962E-04   5.8082E-03 / 5.8082E-03   29.76% / 29.76%
4180   5.000E-04   6.5054E-04   6.5054E-04   6.5054E-04 / 6.5054E-04   5.8951E-03 / 5.8951E-03   29.76% / 29.76%
4190   5.000E-04   7.5197E-04   7.5197E-04   7.5197E-04 / 7.5197E-04   5.9211E-03 / 5.9211E-03   29.76% / 29.76%
4200   5.000E-04   6.4963E-04   6.4963E-04   6.4963E-04 / 6.4963E-04   5.9352E-03 / 5.9352E-03   29.76% / 29.76%
4210   5.000E-04   6.4181E-04   6.4181E-04   6.4181E-04 / 6.4181E-04   5.9038E-03 / 5.9038E-03   29.76% / 29.76%
4220   5.000E-04   6.4815E-04   6.4815E-04   6.4815E-04 / 6.4815E-04   5.9518E-03 / 5.9518E-03   29.76% / 29.76%
4230   5.000E-04   6.3507E-04   6.3507E-04   6.3507E-04 / 6.3507E-04   5.9590E-03 / 5.9590E-03   29.76% / 29.76%
4240   5.000E-04   6.7194E-04   6.7194E-04   6.7194E-04 / 6.7194E-04   5.9792E-03 / 5.9792E-03   29.76% / 29.76%
4250   5.000E-04   6.4161E-04   6.4161E-04   6.4161E-04 / 6.4161E-04   5.9697E-03 / 5.9697E-03   29.76% / 29.76%
4260   5.000E-04   6.3489E-04   6.3489E-04   6.3489E-04 / 6.3489E-04   5.9878E-03 / 5.9878E-03   29.76% / 29.76%
4270   5.000E-04   6.3420E-04   6.3420E-04   6.3420E-04 / 6.3420E-04   6.0551E-03 / 6.0551E-03   29.76% / 29.76%
4280   5.000E-04   6.3222E-04   6.3222E-04   6.3222E-04 / 6.3222E-04   6.0494E-03 / 6.0494E-03   29.76% / 29.76%
4290   5.000E-04   6.3232E-04   6.3232E-04   6.3232E-04 / 6.3232E-04   6.0392E-03 / 6.0392E-03   29.76% / 29.76%
4300   5.000E-04   6.2948E-04   6.2948E-04   6.2948E-04 / 6.2948E-04   6.0533E-03 / 6.0533E-03   29.76% / 29.76%
4310   5.000E-04   6.5361E-04   6.5361E-04   6.5361E-04 / 6.5361E-04   6.0878E-03 / 6.0878E-03   29.76% / 29.76%
4320   5.000E-04   6.2371E-04   6.2371E-04   6.2371E-04 / 6.2371E-04   6.1109E-03 / 6.1109E-03   29.76% / 29.76%
4330   5.000E-04   7.8433E-04   7.8433E-04   7.8433E-04 / 7.8433E-04   6.1330E-03 / 6.1330E-03   29.76% / 29.76%
4340   5.000E-04   6.2391E-04   6.2391E-04   6.2391E-04 / 6.2391E-04   6.1733E-03 / 6.1733E-03   29.76% / 29.76%
4350   5.000E-04   7.1058E-04   7.1058E-04   7.1058E-04 / 7.1058E-04   6.2078E-03 / 6.2078E-03   29.76% / 29.76%
4360   5.000E-04   6.5068E-04   6.5068E-04   6.5068E-04 / 6.5068E-04   6.2333E-03 / 6.2333E-03   29.76% / 29.76%
4370   5.000E-04   6.5275E-04   6.5275E-04   6.5275E-04 / 6.5275E-04   6.1844E-03 / 6.1844E-03   29.76% / 29.76%
4380   5.000E-04   6.0886E-04   6.0886E-04   6.0886E-04 / 6.0886E-04   6.2419E-03 / 6.2419E-03   29.76% / 29.76%
4390   5.000E-04   7.0897E-04   7.0897E-04   7.0897E-04 / 7.0897E-04   6.2585E-03 / 6.2585E-03   29.76% / 29.76%
4400   5.000E-04   6.2236E-04   6.2236E-04   6.2236E-04 / 6.2236E-04   6.2339E-03 / 6.2339E-03   29.76% / 29.76%
4410   5.000E-04   6.0480E-04   6.0480E-04   6.0480E-04 / 6.0480E-04   6.2800E-03 / 6.2800E-03   29.76% / 29.76%
4420   5.000E-04   6.3647E-04   6.3647E-04   6.3647E-04 / 6.3647E-04   6.2664E-03 / 6.2664E-03   29.76% / 29.76%
4430   5.000E-04   7.6407E-04   7.6407E-04   7.6407E-04 / 7.6407E-04   6.2612E-03 / 6.2612E-03   29.76% / 29.76%
4440   5.000E-04   6.0297E-04   6.0297E-04   6.0297E-04 / 6.0297E-04   6.3402E-03 / 6.3402E-03   29.76% / 29.76%
4450   5.000E-04   6.1235E-04   6.1235E-04   6.1235E-04 / 6.1235E-04   6.3467E-03 / 6.3467E-03   29.76% / 29.76%
4460   5.000E-04   6.8840E-04   6.8840E-04   6.8840E-04 / 6.8840E-04   6.4205E-03 / 6.4205E-03   29.76% / 29.76%
4470   5.000E-04   6.4858E-04   6.4858E-04   6.4858E-04 / 6.4858E-04   6.3520E-03 / 6.3520E-03   29.76% / 29.76%
4480   5.000E-04   6.1183E-04   6.1183E-04   6.1183E-04 / 6.1183E-04   6.4035E-03 / 6.4035E-03   29.76% / 29.76%
4490   5.000E-04   5.9812E-04   5.9812E-04   5.9812E-04 / 5.9812E-04   6.4301E-03 / 6.4301E-03   29.76% / 29.76%
4500   5.000E-04   5.9613E-04   5.9613E-04   5.9613E-04 / 5.9613E-04   6.4350E-03 / 6.4350E-03   29.76% / 29.76%
4510   5.000E-04   5.9260E-04   5.9260E-04   5.9260E-04 / 5.9260E-04   6.4979E-03 / 6.4979E-03   29.76% / 29.76%
4520   5.000E-04   5.9789E-04   5.9789E-04   5.9789E-04 / 5.9789E-04   6.5549E-03 / 6.5549E-03   29.76% / 29.76%
4530   5.000E-04   5.9577E-04   5.9577E-04   5.9577E-04 / 5.9577E-04   6.5270E-03 / 6.5270E-03   29.76% / 29.76%
4540   5.000E-04   6.0872E-04   6.0872E-04   6.0872E-04 / 6.0872E-04   6.5305E-03 / 6.5305E-03   29.76% / 29.76%
4550   5.000E-04   6.1677E-04   6.1677E-04   6.1677E-04 / 6.1677E-04   6.5457E-03 / 6.5457E-03   29.76% / 29.76%
4560   5.000E-04   6.2721E-04   6.2721E-04   6.2721E-04 / 6.2721E-04   6.5455E-03 / 6.5455E-03   29.76% / 29.76%
4570   5.000E-04   6.2440E-04   6.2440E-04   6.2440E-04 / 6.2440E-04   6.5578E-03 / 6.5578E-03   29.76% / 29.76%
4580   5.000E-04   6.6734E-04   6.6734E-04   6.6734E-04 / 6.6734E-04   6.5953E-03 / 6.5953E-03   29.76% / 29.76%
4590   5.000E-04   6.2297E-04   6.2297E-04   6.2297E-04 / 6.2297E-04   6.6488E-03 / 6.6488E-03   29.76% / 29.76%
4600   5.000E-04   7.2198E-04   7.2198E-04   7.2198E-04 / 7.2198E-04   6.5904E-03 / 6.5904E-03   29.76% / 29.76%
4610   5.000E-04   5.8711E-04   5.8711E-04   5.8711E-04 / 5.8711E-04   6.6730E-03 / 6.6730E-03   29.76% / 29.76%
4620   5.000E-04   8.2836E-04   8.2836E-04   8.2836E-04 / 8.2836E-04   6.6990E-03 / 6.6990E-03   29.76% / 29.76%
4630   5.000E-04   5.9114E-04   5.9114E-04   5.9114E-04 / 5.9114E-04   6.6532E-03 / 6.6532E-03   29.76% / 29.76%
4640   5.000E-04   5.6911E-04   5.6911E-04   5.6911E-04 / 5.6911E-04   6.7010E-03 / 6.7010E-03   29.76% / 29.76%
4650   5.000E-04   6.1600E-04   6.1600E-04   6.1600E-04 / 6.1600E-04   6.7116E-03 / 6.7116E-03   29.76% / 29.76%
4660   5.000E-04   6.2326E-04   6.2326E-04   6.2326E-04 / 6.2326E-04   6.7599E-03 / 6.7599E-03   29.76% / 29.76%
4670   5.000E-04   5.6220E-04   5.6220E-04   5.6220E-04 / 5.6220E-04   6.7801E-03 / 6.7801E-03   29.76% / 29.76%
4680   5.000E-04   6.0364E-04   6.0364E-04   6.0364E-04 / 6.0364E-04   6.7960E-03 / 6.7960E-03   29.76% / 29.76%
4690   5.000E-04   5.9838E-04   5.9838E-04   5.9838E-04 / 5.9838E-04   6.7917E-03 / 6.7917E-03   29.76% / 29.76%
4700   5.000E-04   5.7085E-04   5.7085E-04   5.7085E-04 / 5.7085E-04   6.8111E-03 / 6.8111E-03   29.76% / 29.76%
4710   5.000E-04   5.7272E-04   5.7272E-04   5.7272E-04 / 5.7272E-04   6.8234E-03 / 6.8234E-03   29.76% / 29.76%
4720   5.000E-04   5.5711E-04   5.5711E-04   5.5711E-04 / 5.5711E-04   6.8061E-03 / 6.8061E-03   29.76% / 29.76%
4730   5.000E-04   6.2934E-04   6.2934E-04   6.2934E-04 / 6.2934E-04   6.8786E-03 / 6.8786E-03   29.76% / 29.76%
4740   5.000E-04   5.5819E-04   5.5819E-04   5.5819E-04 / 5.5819E-04   6.8256E-03 / 6.8256E-03   30.36% / 30.36%
4750   5.000E-04   5.6022E-04   5.6022E-04   5.6022E-04 / 5.6022E-04   6.9114E-03 / 6.9114E-03   30.36% / 30.36%
4760   5.000E-04   5.8214E-04   5.8214E-04   5.8214E-04 / 5.8214E-04   6.8960E-03 / 6.8960E-03   30.36% / 30.36%
4770   5.000E-04   6.1169E-04   6.1169E-04   6.1169E-04 / 6.1169E-04   6.9318E-03 / 6.9318E-03   30.36% / 30.36%
4780   5.000E-04   5.4730E-04   5.4730E-04   5.4730E-04 / 5.4730E-04   6.9851E-03 / 6.9851E-03   30.36% / 30.36%
4790   5.000E-04   5.5545E-04   5.5545E-04   5.5545E-04 / 5.5545E-04   6.9860E-03 / 6.9860E-03   30.36% / 30.36%
4800   5.000E-04   5.5695E-04   5.5695E-04   5.5695E-04 / 5.5695E-04   7.0093E-03 / 7.0093E-03   30.36% / 30.36%
4810   5.000E-04   6.2625E-04   6.2625E-04   6.2625E-04 / 6.2625E-04   6.9596E-03 / 6.9596E-03   30.36% / 30.36%
4820   5.000E-04   5.8806E-04   5.8806E-04   5.8806E-04 / 5.8806E-04   7.0393E-03 / 7.0393E-03   30.36% / 30.36%
4830   5.000E-04   5.9552E-04   5.9552E-04   5.9552E-04 / 5.9552E-04   6.9941E-03 / 6.9941E-03   30.36% / 30.36%
4840   5.000E-04   5.6626E-04   5.6626E-04   5.6626E-04 / 5.6626E-04   7.0491E-03 / 7.0491E-03   30.36% / 30.36%
4850   5.000E-04   5.6067E-04   5.6067E-04   5.6067E-04 / 5.6067E-04   7.1053E-03 / 7.1053E-03   30.36% / 30.36%
4860   5.000E-04   5.3762E-04   5.3762E-04   5.3762E-04 / 5.3762E-04   7.0997E-03 / 7.0997E-03   30.36% / 30.36%
4870   5.000E-04   5.7773E-04   5.7773E-04   5.7773E-04 / 5.7773E-04   7.0878E-03 / 7.0878E-03   30.36% / 30.36%
4880   5.000E-04   5.4857E-04   5.4857E-04   5.4857E-04 / 5.4857E-04   7.1324E-03 / 7.1324E-03   30.36% / 30.36%
4890   5.000E-04   5.3923E-04   5.3923E-04   5.3923E-04 / 5.3923E-04   7.1980E-03 / 7.1980E-03   30.36% / 30.36%
4900   5.000E-04   5.6794E-04   5.6794E-04   5.6794E-04 / 5.6794E-04   7.1761E-03 / 7.1761E-03   30.36% / 30.36%
4910   5.000E-04   5.4084E-04   5.4084E-04   5.4084E-04 / 5.4084E-04   7.2065E-03 / 7.2065E-03   30.36% / 30.36%
4920   5.000E-04   5.6461E-04   5.6461E-04   5.6461E-04 / 5.6461E-04   7.2439E-03 / 7.2439E-03   30.36% / 30.36%
4930   5.000E-04   5.8566E-04   5.8566E-04   5.8566E-04 / 5.8566E-04   7.2685E-03 / 7.2685E-03   30.36% / 30.36%
4940   5.000E-04   5.2694E-04   5.2694E-04   5.2694E-04 / 5.2694E-04   7.2460E-03 / 7.2460E-03   30.36% / 30.36%
4950   5.000E-04   5.3262E-04   5.3262E-04   5.3262E-04 / 5.3262E-04   7.2942E-03 / 7.2942E-03   30.36% / 30.36%
4960   5.000E-04   6.1522E-04   6.1522E-04   6.1522E-04 / 6.1522E-04   7.3467E-03 / 7.3467E-03   30.36% / 30.36%
4970   5.000E-04   5.2098E-04   5.2098E-04   5.2098E-04 / 5.2098E-04   7.3502E-03 / 7.3502E-03   30.36% / 30.36%
4980   5.000E-04   5.8784E-04   5.8784E-04   5.8784E-04 / 5.8784E-04   7.3407E-03 / 7.3407E-03   30.36% / 30.36%
4990   5.000E-04   5.9759E-04   5.9759E-04   5.9759E-04 / 5.9759E-04   7.3896E-03 / 7.3896E-03   30.36% / 30.36%
5000   5.000E-04   5.4242E-04   5.4242E-04   5.4242E-04 / 5.4242E-04   7.4164E-03 / 7.4164E-03   30.36% / 30.36%
===============================================================================================================
Saved model to models/fp_memorization_norealiz/TBNNiii-24May06_14:35:30.pickle
