=====> WARNING: Training dataset length: 0, assuming memorization test!
========== Dataset info ==========
Dataset params: {'file': '/home/ryley/WDK/ML/dataset/turbulence_dataset_clean.csv', 'Cases': ['fp_2540'], 'val_set': ['fp_2540'], 'test_set': ['fp_2540'], 'data_loader': <class 'tbnn.dataloaders.aDataset'>}
Train/Valid/Test points: 155 / 155 / 155
Memorization?: True
Cluster training?: False
EPOCH     LR        TRAIN         VALID             MSE:T/V                  RL:T/V             %NR_t/%NR_v
===============================================================================================================
  1   1.000E-03   2.7751E+04   2.7751E+04   2.7751E+04 / 2.7751E+04   0.0000E+00 / 0.0000E+00   0.00% / 0.00%
 10   1.000E-03   2.7465E+04   2.7465E+04   2.7465E+04 / 2.7465E+04   0.0000E+00 / 0.0000E+00   0.00% / 0.00%
 20   1.000E-03   2.7071E+04   2.7071E+04   2.7071E+04 / 2.7071E+04   0.0000E+00 / 0.0000E+00   0.00% / 0.00%
 30   1.000E-03   2.6421E+04   2.6421E+04   2.6421E+04 / 2.6421E+04   0.0000E+00 / 0.0000E+00   0.00% / 0.00%
 40   1.000E-03   2.4879E+04   2.4879E+04   2.4879E+04 / 2.4879E+04   0.0000E+00 / 0.0000E+00   0.00% / 0.00%
 50   1.000E-03   1.9661E+04   1.9661E+04   1.9661E+04 / 1.9661E+04   0.0000E+00 / 0.0000E+00   0.00% / 0.00%
 60   1.000E-03   1.0982E+04   1.0982E+04   1.0982E+04 / 1.0982E+04   0.0000E+00 / 0.0000E+00   0.00% / 0.00%
 70   1.000E-03   4.1176E+03   4.1176E+03   4.1176E+03 / 4.1176E+03   0.0000E+00 / 0.0000E+00   0.00% / 0.00%
 80   1.000E-03   2.3655E+03   2.3655E+03   2.3655E+03 / 2.3655E+03   3.7980E-04 / 3.7980E-04   15.48% / 15.48%
 90   1.000E-03   1.6258E+03   1.6258E+03   1.6258E+03 / 1.6258E+03   2.2859E-03 / 2.2859E-03   21.94% / 21.94%
100   1.000E-03   1.3691E+03   1.3691E+03   1.3691E+03 / 1.3691E+03   4.9226E-03 / 4.9226E-03   25.16% / 25.16%
110   1.000E-03   1.2634E+03   1.2634E+03   1.2634E+03 / 1.2634E+03   6.6624E-03 / 6.6624E-03   25.81% / 25.81%
120   1.000E-03   1.2025E+03   1.2025E+03   1.2025E+03 / 1.2025E+03   7.7257E-03 / 7.7257E-03   25.81% / 25.81%
130   1.000E-03   1.1562E+03   1.1562E+03   1.1562E+03 / 1.1562E+03   9.1707E-03 / 9.1707E-03   26.45% / 26.45%
140   1.000E-03   1.1181E+03   1.1181E+03   1.1181E+03 / 1.1181E+03   1.0656E-02 / 1.0656E-02   26.45% / 26.45%
150   1.000E-03   1.0870E+03   1.0870E+03   1.0870E+03 / 1.0870E+03   1.1941E-02 / 1.1941E-02   26.45% / 26.45%
160   1.000E-03   1.0605E+03   1.0605E+03   1.0605E+03 / 1.0605E+03   1.2912E-02 / 1.2912E-02   26.45% / 26.45%
170   1.000E-03   1.0371E+03   1.0371E+03   1.0371E+03 / 1.0371E+03   1.3815E-02 / 1.3815E-02   27.10% / 27.10%
180   1.000E-03   1.0155E+03   1.0155E+03   1.0155E+03 / 1.0155E+03   1.4589E-02 / 1.4589E-02   27.10% / 27.10%
190   1.000E-03   9.9513E+02   9.9513E+02   9.9513E+02 / 9.9513E+02   1.5250E-02 / 1.5250E-02   27.10% / 27.10%
200   1.000E-03   9.7550E+02   9.7550E+02   9.7550E+02 / 9.7550E+02   1.5900E-02 / 1.5900E-02   27.10% / 27.10%
210   1.000E-03   9.5639E+02   9.5639E+02   9.5639E+02 / 9.5639E+02   1.6554E-02 / 1.6554E-02   27.10% / 27.10%
220   1.000E-03   9.3768E+02   9.3768E+02   9.3768E+02 / 9.3768E+02   1.7190E-02 / 1.7190E-02   26.45% / 26.45%
230   1.000E-03   9.1930E+02   9.1930E+02   9.1930E+02 / 9.1930E+02   1.7816E-02 / 1.7816E-02   27.10% / 27.10%
240   1.000E-03   9.0120E+02   9.0120E+02   9.0120E+02 / 9.0120E+02   1.8438E-02 / 1.8438E-02   27.10% / 27.10%
250   1.000E-03   8.8331E+02   8.8331E+02   8.8331E+02 / 8.8331E+02   1.9049E-02 / 1.9049E-02   27.10% / 27.10%
260   1.000E-03   8.6557E+02   8.6557E+02   8.6557E+02 / 8.6557E+02   1.9651E-02 / 1.9651E-02   27.10% / 27.10%
270   1.000E-03   8.4794E+02   8.4794E+02   8.4794E+02 / 8.4794E+02   2.0238E-02 / 2.0238E-02   27.10% / 27.10%
280   1.000E-03   8.3033E+02   8.3033E+02   8.3033E+02 / 8.3033E+02   2.0805E-02 / 2.0805E-02   27.10% / 27.10%
290   1.000E-03   8.1267E+02   8.1267E+02   8.1267E+02 / 8.1267E+02   2.1349E-02 / 2.1349E-02   27.74% / 27.74%
300   1.000E-03   7.9485E+02   7.9485E+02   7.9485E+02 / 7.9485E+02   2.1868E-02 / 2.1868E-02   27.74% / 27.74%
310   1.000E-03   7.7674E+02   7.7674E+02   7.7674E+02 / 7.7674E+02   2.2357E-02 / 2.2357E-02   27.74% / 27.74%
320   1.000E-03   7.5814E+02   7.5814E+02   7.5814E+02 / 7.5814E+02   2.2811E-02 / 2.2811E-02   27.74% / 27.74%
330   1.000E-03   7.3881E+02   7.3881E+02   7.3881E+02 / 7.3881E+02   2.3225E-02 / 2.3225E-02   27.74% / 27.74%
340   1.000E-03   7.1834E+02   7.1834E+02   7.1834E+02 / 7.1834E+02   2.3587E-02 / 2.3587E-02   28.39% / 28.39%
350   1.000E-03   6.9600E+02   6.9600E+02   6.9600E+02 / 6.9600E+02   2.3887E-02 / 2.3887E-02   28.39% / 28.39%
360   1.000E-03   6.7008E+02   6.7008E+02   6.7008E+02 / 6.7008E+02   2.4110E-02 / 2.4110E-02   27.74% / 27.74%
370   1.000E-03   6.3746E+02   6.3746E+02   6.3746E+02 / 6.3746E+02   2.4272E-02 / 2.4272E-02   28.39% / 28.39%
380   1.000E-03   5.9569E+02   5.9569E+02   5.9569E+02 / 5.9569E+02   2.4460E-02 / 2.4460E-02   28.39% / 28.39%
390   1.000E-03   5.3948E+02   5.3948E+02   5.3948E+02 / 5.3948E+02   2.4519E-02 / 2.4519E-02   29.03% / 29.03%
400   1.000E-03   4.5813E+02   4.5813E+02   4.5813E+02 / 4.5813E+02   2.4236E-02 / 2.4236E-02   29.03% / 29.03%
410   1.000E-03   3.4190E+02   3.4190E+02   3.4190E+02 / 3.4190E+02   2.3535E-02 / 2.3535E-02   29.03% / 29.03%
420   1.000E-03   2.1614E+02   2.1614E+02   2.1614E+02 / 2.1614E+02   2.2194E-02 / 2.2194E-02   29.68% / 29.68%
430   1.000E-03   1.4900E+02   1.4900E+02   1.4900E+02 / 1.4900E+02   2.0222E-02 / 2.0222E-02   29.03% / 29.03%
440   1.000E-03   1.2547E+02   1.2547E+02   1.2547E+02 / 1.2547E+02   1.9471E-02 / 1.9471E-02   29.03% / 29.03%
450   1.000E-03   1.1808E+02   1.1808E+02   1.1808E+02 / 1.1808E+02   2.0264E-02 / 2.0264E-02   29.68% / 29.68%
460   1.000E-03   1.1311E+02   1.1311E+02   1.1311E+02 / 1.1311E+02   2.1195E-02 / 2.1195E-02   29.68% / 29.68%
470   1.000E-03   1.0840E+02   1.0840E+02   1.0840E+02 / 1.0840E+02   2.1504E-02 / 2.1504E-02   29.68% / 29.68%
480   1.000E-03   1.0441E+02   1.0441E+02   1.0441E+02 / 1.0441E+02   2.1811E-02 / 2.1811E-02   29.68% / 29.68%
490   1.000E-03   1.0020E+02   1.0020E+02   1.0020E+02 / 1.0020E+02   2.2201E-02 / 2.2201E-02   29.68% / 29.68%
500   1.000E-03   9.5299E+01   9.5299E+01   9.5299E+01 / 9.5299E+01   2.2574E-02 / 2.2574E-02   29.68% / 29.68%
510   1.000E-03   8.9971E+01   8.9971E+01   8.9971E+01 / 8.9971E+01   2.2940E-02 / 2.2940E-02   29.68% / 29.68%
520   1.000E-03   9.2263E+01   9.2263E+01   9.2263E+01 / 9.2263E+01   2.3099E-02 / 2.3099E-02   29.68% / 29.68%
530   1.000E-03   8.5492E+01   8.5492E+01   8.5492E+01 / 8.5492E+01   2.2990E-02 / 2.2990E-02   29.68% / 29.68%
540   1.000E-03   7.9903E+01   7.9903E+01   7.9903E+01 / 7.9903E+01   2.3215E-02 / 2.3215E-02   29.68% / 29.68%
550   1.000E-03   7.6680E+01   7.6680E+01   7.6680E+01 / 7.6680E+01   2.3398E-02 / 2.3398E-02   30.32% / 30.32%
560   1.000E-03   7.3910E+01   7.3910E+01   7.3910E+01 / 7.3910E+01   2.3654E-02 / 2.3654E-02   30.97% / 30.97%
570   1.000E-03   7.1557E+01   7.1557E+01   7.1557E+01 / 7.1557E+01   2.3890E-02 / 2.3890E-02   30.97% / 30.97%
580   1.000E-03   6.9531E+01   6.9531E+01   6.9531E+01 / 6.9531E+01   2.4144E-02 / 2.4144E-02   30.97% / 30.97%
590   1.000E-03   6.7577E+01   6.7577E+01   6.7577E+01 / 6.7577E+01   2.4395E-02 / 2.4395E-02   30.97% / 30.97%
600   1.000E-03   6.5743E+01   6.5743E+01   6.5743E+01 / 6.5743E+01   2.4638E-02 / 2.4638E-02   30.97% / 30.97%
610   1.000E-03   6.4014E+01   6.4014E+01   6.4014E+01 / 6.4014E+01   2.4882E-02 / 2.4882E-02   30.97% / 30.97%
620   1.000E-03   6.2379E+01   6.2379E+01   6.2379E+01 / 6.2379E+01   2.5129E-02 / 2.5129E-02   30.97% / 30.97%
630   1.000E-03   6.0840E+01   6.0840E+01   6.0840E+01 / 6.0840E+01   2.5376E-02 / 2.5376E-02   30.97% / 30.97%
640   1.000E-03   5.9393E+01   5.9393E+01   5.9393E+01 / 5.9393E+01   2.5622E-02 / 2.5622E-02   30.97% / 30.97%
650   1.000E-03   5.8039E+01   5.8039E+01   5.8039E+01 / 5.8039E+01   2.5870E-02 / 2.5870E-02   30.97% / 30.97%
660   1.000E-03   5.6922E+01   5.6922E+01   5.6922E+01 / 5.6922E+01   2.6112E-02 / 2.6112E-02   30.97% / 30.97%
670   1.000E-03   6.6965E+01   6.6965E+01   6.6965E+01 / 6.6965E+01   2.6167E-02 / 2.6167E-02   30.97% / 30.97%
680   1.000E-03   5.4727E+01   5.4727E+01   5.4727E+01 / 5.4727E+01   2.6122E-02 / 2.6122E-02   30.97% / 30.97%
690   1.000E-03   5.5594E+01   5.5594E+01   5.5594E+01 / 5.5594E+01   2.6346E-02 / 2.6346E-02   30.97% / 30.97%
700   1.000E-03   5.3456E+01   5.3456E+01   5.3456E+01 / 5.3456E+01   2.6633E-02 / 2.6633E-02   30.97% / 30.97%
710   1.000E-03   5.1913E+01   5.1913E+01   5.1913E+01 / 5.1913E+01   2.6980E-02 / 2.6980E-02   30.97% / 30.97%
720   1.000E-03   5.1041E+01   5.1041E+01   5.1041E+01 / 5.1041E+01   2.7338E-02 / 2.7338E-02   31.61% / 31.61%
730   1.000E-03   5.0261E+01   5.0261E+01   5.0261E+01 / 5.0261E+01   2.7673E-02 / 2.7673E-02   31.61% / 31.61%
740   1.000E-03   4.9519E+01   4.9519E+01   4.9519E+01 / 4.9519E+01   2.7985E-02 / 2.7985E-02   31.61% / 31.61%
750   1.000E-03   4.8780E+01   4.8780E+01   4.8780E+01 / 4.8780E+01   2.8295E-02 / 2.8295E-02   31.61% / 31.61%
760   1.000E-03   4.8092E+01   4.8092E+01   4.8092E+01 / 4.8092E+01   2.8610E-02 / 2.8610E-02   31.61% / 31.61%
770   1.000E-03   4.7424E+01   4.7424E+01   4.7424E+01 / 4.7424E+01   2.8940E-02 / 2.8940E-02   31.61% / 31.61%
780   1.000E-03   4.6778E+01   4.6778E+01   4.6778E+01 / 4.6778E+01   2.9278E-02 / 2.9278E-02   31.61% / 31.61%
790   1.000E-03   4.6151E+01   4.6151E+01   4.6151E+01 / 4.6151E+01   2.9627E-02 / 2.9627E-02   31.61% / 31.61%
800   1.000E-03   4.5567E+01   4.5567E+01   4.5567E+01 / 4.5567E+01   2.9980E-02 / 2.9980E-02   31.61% / 31.61%
810   1.000E-03   6.6196E+01   6.6196E+01   6.6196E+01 / 6.6196E+01   3.0190E-02 / 3.0190E-02   31.61% / 31.61%
820   1.000E-03   4.4649E+01   4.4649E+01   4.4649E+01 / 4.4649E+01   3.0064E-02 / 3.0064E-02   31.61% / 31.61%
830   1.000E-03   4.6017E+01   4.6017E+01   4.6017E+01 / 4.6017E+01   3.0075E-02 / 3.0075E-02   31.61% / 31.61%
840   1.000E-03   4.5362E+01   4.5362E+01   4.5362E+01 / 4.5362E+01   3.0417E-02 / 3.0417E-02   31.61% / 31.61%
850   1.000E-03   4.3354E+01   4.3354E+01   4.3354E+01 / 4.3354E+01   3.0946E-02 / 3.0946E-02   31.61% / 31.61%
860   1.000E-03   4.2465E+01   4.2465E+01   4.2465E+01 / 4.2465E+01   3.1459E-02 / 3.1459E-02   31.61% / 31.61%
870   1.000E-03   4.1881E+01   4.1881E+01   4.1881E+01 / 4.1881E+01   3.1914E-02 / 3.1914E-02   31.61% / 31.61%
880   1.000E-03   4.1312E+01   4.1312E+01   4.1312E+01 / 4.1312E+01   3.2336E-02 / 3.2336E-02   31.61% / 31.61%
890   1.000E-03   4.0750E+01   4.0750E+01   4.0750E+01 / 4.0750E+01   3.2753E-02 / 3.2753E-02   31.61% / 31.61%
900   1.000E-03   4.0232E+01   4.0232E+01   4.0232E+01 / 4.0232E+01   3.3163E-02 / 3.3163E-02   31.61% / 31.61%
910   1.000E-03   3.9711E+01   3.9711E+01   3.9711E+01 / 3.9711E+01   3.3580E-02 / 3.3580E-02   32.26% / 32.26%
920   1.000E-03   3.9193E+01   3.9193E+01   3.9193E+01 / 3.9193E+01   3.4014E-02 / 3.4014E-02   32.26% / 32.26%
930   1.000E-03   3.8681E+01   3.8681E+01   3.8681E+01 / 3.8681E+01   3.4453E-02 / 3.4453E-02   32.26% / 32.26%
940   1.000E-03   3.8209E+01   3.8209E+01   3.8209E+01 / 3.8209E+01   3.4901E-02 / 3.4901E-02   32.26% / 32.26%
950   1.000E-03   4.6838E+01   4.6838E+01   4.6838E+01 / 4.6838E+01   3.5430E-02 / 3.5430E-02   32.26% / 32.26%
960   1.000E-03   5.7098E+01   5.7098E+01   5.7098E+01 / 5.7098E+01   3.4913E-02 / 3.4913E-02   32.26% / 32.26%
970   1.000E-03   4.3048E+01   4.3048E+01   4.3048E+01 / 4.3048E+01   3.4981E-02 / 3.4981E-02   32.90% / 32.90%
980   1.000E-03   3.8540E+01   3.8540E+01   3.8540E+01 / 3.8540E+01   3.5372E-02 / 3.5372E-02   32.90% / 32.90%
990   1.000E-03   3.6548E+01   3.6548E+01   3.6548E+01 / 3.6548E+01   3.5962E-02 / 3.5962E-02   32.90% / 32.90%
1000   1.000E-03   3.5436E+01   3.5436E+01   3.5436E+01 / 3.5436E+01   3.6559E-02 / 3.6559E-02   32.90% / 32.90%
1010   1.000E-03   3.5003E+01   3.5003E+01   3.5003E+01 / 3.5003E+01   3.7097E-02 / 3.7097E-02   32.90% / 32.90%
1020   1.000E-03   3.4435E+01   3.4435E+01   3.4435E+01 / 3.4435E+01   3.7569E-02 / 3.7569E-02   32.90% / 32.90%
1030   1.000E-03   3.3958E+01   3.3958E+01   3.3958E+01 / 3.3958E+01   3.8033E-02 / 3.8033E-02   32.90% / 32.90%
1040   1.000E-03   3.3468E+01   3.3468E+01   3.3468E+01 / 3.3468E+01   3.8508E-02 / 3.8508E-02   32.90% / 32.90%
1050   1.000E-03   3.2999E+01   3.2999E+01   3.2999E+01 / 3.2999E+01   3.8994E-02 / 3.8994E-02   32.90% / 32.90%
1060   1.000E-03   3.2652E+01   3.2652E+01   3.2652E+01 / 3.2652E+01   3.9493E-02 / 3.9493E-02   32.90% / 32.90%
1070   1.000E-03   4.7847E+01   4.7847E+01   4.7847E+01 / 4.7847E+01   4.0086E-02 / 4.0086E-02   32.90% / 32.90%
1080   1.000E-03   4.6322E+01   4.6322E+01   4.6322E+01 / 4.6322E+01   3.9464E-02 / 3.9464E-02   32.90% / 32.90%
1090   1.000E-03   3.3855E+01   3.3855E+01   3.3855E+01 / 3.3855E+01   3.9634E-02 / 3.9634E-02   32.90% / 32.90%
1100   1.000E-03   3.0766E+01   3.0766E+01   3.0766E+01 / 3.0766E+01   4.0131E-02 / 4.0131E-02   32.90% / 32.90%
1110   1.000E-03   3.0911E+01   3.0911E+01   3.0911E+01 / 3.0911E+01   4.0752E-02 / 4.0752E-02   32.90% / 32.90%
1120   1.000E-03   2.9800E+01   2.9800E+01   2.9800E+01 / 2.9800E+01   4.1313E-02 / 4.1313E-02   33.55% / 33.55%
1130   1.000E-03   2.9357E+01   2.9357E+01   2.9357E+01 / 2.9357E+01   4.1856E-02 / 4.1856E-02   33.55% / 33.55%
1140   1.000E-03   2.8842E+01   2.8842E+01   2.8842E+01 / 2.8842E+01   4.2388E-02 / 4.2388E-02   33.55% / 33.55%
1150   1.000E-03   2.8374E+01   2.8374E+01   2.8374E+01 / 2.8374E+01   4.2898E-02 / 4.2898E-02   33.55% / 33.55%
1160   1.000E-03   2.7882E+01   2.7882E+01   2.7882E+01 / 2.7882E+01   4.3410E-02 / 4.3410E-02   33.55% / 33.55%
1170   1.000E-03   2.8839E+01   2.8839E+01   2.8839E+01 / 2.8839E+01   4.3974E-02 / 4.3974E-02   33.55% / 33.55%
1180   1.000E-03   3.6347E+01   3.6347E+01   3.6347E+01 / 3.6347E+01   4.4138E-02 / 4.4138E-02   33.55% / 33.55%
1190   1.000E-03   3.4609E+01   3.4609E+01   3.4609E+01 / 3.4609E+01   4.3731E-02 / 4.3731E-02   33.55% / 33.55%
1200   1.000E-03   2.7193E+01   2.7193E+01   2.7193E+01 / 2.7193E+01   4.3830E-02 / 4.3830E-02   33.55% / 33.55%
1210   1.000E-03   2.5643E+01   2.5643E+01   2.5643E+01 / 2.5643E+01   4.4349E-02 / 4.4349E-02   33.55% / 33.55%
1220   1.000E-03   2.5545E+01   2.5545E+01   2.5545E+01 / 2.5545E+01   4.4991E-02 / 4.4991E-02   33.55% / 33.55%
1230   1.000E-03   2.4577E+01   2.4577E+01   2.4577E+01 / 2.4577E+01   4.5637E-02 / 4.5637E-02   33.55% / 33.55%
1240   1.000E-03   2.4045E+01   2.4045E+01   2.4045E+01 / 2.4045E+01   4.6186E-02 / 4.6186E-02   33.55% / 33.55%
1250   1.000E-03   2.3525E+01   2.3525E+01   2.3525E+01 / 2.3525E+01   4.6711E-02 / 4.6711E-02   33.55% / 33.55%
1260   1.000E-03   2.3028E+01   2.3028E+01   2.3028E+01 / 2.3028E+01   4.7233E-02 / 4.7233E-02   33.55% / 33.55%
1270   1.000E-03   2.2503E+01   2.2503E+01   2.2503E+01 / 2.2503E+01   4.7765E-02 / 4.7765E-02   33.55% / 33.55%
1280   1.000E-03   2.2873E+01   2.2873E+01   2.2873E+01 / 2.2873E+01   4.8256E-02 / 4.8256E-02   33.55% / 33.55%
1290   1.000E-03   5.3749E+01   5.3749E+01   5.3749E+01 / 5.3749E+01   4.8200E-02 / 4.8200E-02   33.55% / 33.55%
1300   1.000E-03   2.2666E+01   2.2666E+01   2.2666E+01 / 2.2666E+01   4.7855E-02 / 4.7855E-02   33.55% / 33.55%
1310   1.000E-03   2.1520E+01   2.1520E+01   2.1520E+01 / 2.1520E+01   4.8039E-02 / 4.8039E-02   33.55% / 33.55%
1320   1.000E-03   2.1374E+01   2.1374E+01   2.1374E+01 / 2.1374E+01   4.8595E-02 / 4.8595E-02   33.55% / 33.55%
1330   1.000E-03   1.9470E+01   1.9470E+01   1.9470E+01 / 1.9470E+01   4.9200E-02 / 4.9200E-02   33.55% / 33.55%
1340   1.000E-03   1.9123E+01   1.9123E+01   1.9123E+01 / 1.9123E+01   4.9782E-02 / 4.9782E-02   33.55% / 33.55%
1350   1.000E-03   1.8490E+01   1.8490E+01   1.8490E+01 / 1.8490E+01   5.0369E-02 / 5.0369E-02   33.55% / 33.55%
1360   1.000E-03   1.7914E+01   1.7914E+01   1.7914E+01 / 1.7914E+01   5.0862E-02 / 5.0862E-02   33.55% / 33.55%
1370   1.000E-03   1.7350E+01   1.7350E+01   1.7350E+01 / 1.7350E+01   5.1390E-02 / 5.1390E-02   33.55% / 33.55%
1380   1.000E-03   1.6871E+01   1.6871E+01   1.6871E+01 / 1.6871E+01   5.1910E-02 / 5.1910E-02   33.55% / 33.55%
1390   1.000E-03   1.7418E+01   1.7418E+01   1.7418E+01 / 1.7418E+01   5.2459E-02 / 5.2459E-02   33.55% / 33.55%
1400   1.000E-03   3.8504E+01   3.8504E+01   3.8504E+01 / 3.8504E+01   5.2845E-02 / 5.2845E-02   34.19% / 34.19%
1410   1.000E-03   1.6133E+01   1.6133E+01   1.6133E+01 / 1.6133E+01   5.1977E-02 / 5.1977E-02   33.55% / 33.55%
1420   1.000E-03   1.8215E+01   1.8215E+01   1.8215E+01 / 1.8215E+01   5.1956E-02 / 5.1956E-02   33.55% / 33.55%
1430   1.000E-03   1.4811E+01   1.4811E+01   1.4811E+01 / 1.4811E+01   5.2579E-02 / 5.2579E-02   34.19% / 34.19%
1440   1.000E-03   1.4209E+01   1.4209E+01   1.4209E+01 / 1.4209E+01   5.3151E-02 / 5.3151E-02   34.19% / 34.19%
1450   1.000E-03   1.3806E+01   1.3806E+01   1.3806E+01 / 1.3806E+01   5.3645E-02 / 5.3645E-02   34.19% / 34.19%
1460   1.000E-03   1.3313E+01   1.3313E+01   1.3313E+01 / 1.3313E+01   5.4155E-02 / 5.4155E-02   34.19% / 34.19%
1470   1.000E-03   1.2895E+01   1.2895E+01   1.2895E+01 / 1.2895E+01   5.4597E-02 / 5.4597E-02   34.19% / 34.19%
1480   1.000E-03   1.2568E+01   1.2568E+01   1.2568E+01 / 1.2568E+01   5.5017E-02 / 5.5017E-02   34.84% / 34.84%
1490   1.000E-03   1.2554E+01   1.2554E+01   1.2554E+01 / 1.2554E+01   5.5415E-02 / 5.5415E-02   34.84% / 34.84%
1500   1.000E-03   2.7802E+01   2.7802E+01   2.7802E+01 / 2.7802E+01   5.5535E-02 / 5.5535E-02   34.84% / 34.84%
1510   1.000E-03   1.8057E+01   1.8057E+01   1.8057E+01 / 1.8057E+01   5.5367E-02 / 5.5367E-02   34.84% / 34.84%
1520   1.000E-03   1.5042E+01   1.5042E+01   1.5042E+01 / 1.5042E+01   5.4954E-02 / 5.4954E-02   34.84% / 34.84%
1530   1.000E-03   1.1200E+01   1.1200E+01   1.1200E+01 / 1.1200E+01   5.5359E-02 / 5.5359E-02   34.84% / 34.84%
1540   1.000E-03   1.1122E+01   1.1122E+01   1.1122E+01 / 1.1122E+01   5.5815E-02 / 5.5815E-02   34.84% / 34.84%
1550   1.000E-03   1.0864E+01   1.0864E+01   1.0864E+01 / 1.0864E+01   5.6211E-02 / 5.6211E-02   34.84% / 34.84%
1560   1.000E-03   1.0544E+01   1.0544E+01   1.0544E+01 / 1.0544E+01   5.6630E-02 / 5.6630E-02   34.84% / 34.84%
1570   1.000E-03   1.0349E+01   1.0349E+01   1.0349E+01 / 1.0349E+01   5.6980E-02 / 5.6980E-02   34.84% / 34.84%
1580   1.000E-03   1.0184E+01   1.0184E+01   1.0184E+01 / 1.0184E+01   5.7306E-02 / 5.7306E-02   34.84% / 34.84%
1590   1.000E-03   1.0160E+01   1.0160E+01   1.0160E+01 / 1.0160E+01   5.7624E-02 / 5.7624E-02   34.84% / 34.84%
1600   1.000E-03   1.4265E+01   1.4265E+01   1.4265E+01 / 1.4265E+01   5.7813E-02 / 5.7813E-02   34.84% / 34.84%
1610   1.000E-03   1.2938E+01   1.2938E+01   1.2938E+01 / 1.2938E+01   5.7506E-02 / 5.7506E-02   34.84% / 34.84%
1620   1.000E-03   9.6480E+00   9.6480E+00   9.6480E+00 / 9.6480E+00   5.7219E-02 / 5.7219E-02   34.84% / 34.84%
1630   1.000E-03   1.0380E+01   1.0380E+01   1.0380E+01 / 1.0380E+01   5.7391E-02 / 5.7391E-02   34.84% / 34.84%
1640   1.000E-03   1.0024E+01   1.0024E+01   1.0024E+01 / 1.0024E+01   5.7640E-02 / 5.7640E-02   34.84% / 34.84%
1650   1.000E-03   9.5321E+00   9.5321E+00   9.5321E+00 / 9.5321E+00   5.8101E-02 / 5.8101E-02   34.84% / 34.84%
1660   1.000E-03   9.2409E+00   9.2409E+00   9.2409E+00 / 9.2409E+00   5.8386E-02 / 5.8386E-02   34.84% / 34.84%
1670   1.000E-03   9.0669E+00   9.0669E+00   9.0669E+00 / 9.0669E+00   5.8713E-02 / 5.8713E-02   34.84% / 34.84%
1680   1.000E-03   8.9980E+00   8.9980E+00   8.9980E+00 / 8.9980E+00   5.9028E-02 / 5.9028E-02   34.84% / 34.84%
1690   1.000E-03   9.0312E+00   9.0312E+00   9.0312E+00 / 9.0312E+00   5.9339E-02 / 5.9339E-02   35.48% / 35.48%
1700   1.000E-03   1.2071E+01   1.2071E+01   1.2071E+01 / 1.2071E+01   5.9702E-02 / 5.9702E-02   35.48% / 35.48%
1710   1.000E-03   1.4914E+01   1.4914E+01   1.4914E+01 / 1.4914E+01   5.9485E-02 / 5.9485E-02   35.48% / 35.48%
1720   1.000E-03   9.7304E+00   9.7304E+00   9.7304E+00 / 9.7304E+00   5.8819E-02 / 5.8819E-02   35.48% / 35.48%
1730   1.000E-03   8.5525E+00   8.5525E+00   8.5525E+00 / 8.5525E+00   5.8966E-02 / 5.8966E-02   35.48% / 35.48%
1740   1.000E-03   8.4775E+00   8.4775E+00   8.4775E+00 / 8.4775E+00   5.9308E-02 / 5.9308E-02   35.48% / 35.48%
1750   1.000E-03   8.3800E+00   8.3800E+00   8.3800E+00 / 8.3800E+00   5.9663E-02 / 5.9663E-02   35.48% / 35.48%
1760   1.000E-03   8.3654E+00   8.3654E+00   8.3654E+00 / 8.3654E+00   5.9966E-02 / 5.9966E-02   35.48% / 35.48%
1770   1.000E-03   8.2570E+00   8.2570E+00   8.2570E+00 / 8.2570E+00   6.0300E-02 / 6.0300E-02   35.48% / 35.48%
1780   1.000E-03   8.2311E+00   8.2311E+00   8.2311E+00 / 8.2311E+00   6.0602E-02 / 6.0602E-02   35.48% / 35.48%
1790   1.000E-03   8.6756E+00   8.6756E+00   8.6756E+00 / 8.6756E+00   6.0923E-02 / 6.0923E-02   35.48% / 35.48%
1800   1.000E-03   1.9213E+01   1.9213E+01   1.9213E+01 / 1.9213E+01   6.1271E-02 / 6.1271E-02   35.48% / 35.48%
1810   1.000E-03   9.6747E+00   9.6747E+00   9.6747E+00 / 9.6747E+00   6.0363E-02 / 6.0363E-02   35.48% / 35.48%
1820   1.000E-03   8.9738E+00   8.9738E+00   8.9738E+00 / 8.9738E+00   6.0412E-02 / 6.0412E-02   35.48% / 35.48%
1830   1.000E-03   8.3712E+00   8.3712E+00   8.3712E+00 / 8.3712E+00   6.0524E-02 / 6.0524E-02   35.48% / 35.48%
1840   1.000E-03   7.8774E+00   7.8774E+00   7.8774E+00 / 7.8774E+00   6.0958E-02 / 6.0958E-02   35.48% / 35.48%
1850   1.000E-03   7.6727E+00   7.6727E+00   7.6727E+00 / 7.6727E+00   6.1276E-02 / 6.1276E-02   35.48% / 35.48%
1860   1.000E-03   7.7062E+00   7.7062E+00   7.7062E+00 / 7.7062E+00   6.1566E-02 / 6.1566E-02   35.48% / 35.48%
1870   1.000E-03   7.5843E+00   7.5843E+00   7.5843E+00 / 7.5843E+00   6.1872E-02 / 6.1872E-02   35.48% / 35.48%
1880   1.000E-03   7.6451E+00   7.6451E+00   7.6451E+00 / 7.6451E+00   6.2151E-02 / 6.2151E-02   35.48% / 35.48%
1890   1.000E-03   1.2215E+01   1.2215E+01   1.2215E+01 / 1.2215E+01   6.2282E-02 / 6.2282E-02   35.48% / 35.48%
1900   1.000E-03   1.0265E+01   1.0265E+01   1.0265E+01 / 1.0265E+01   6.1870E-02 / 6.1870E-02   35.48% / 35.48%
1910   1.000E-03   7.3604E+00   7.3604E+00   7.3604E+00 / 7.3604E+00   6.1545E-02 / 6.1545E-02   35.48% / 35.48%
1920   1.000E-03   7.6018E+00   7.6018E+00   7.6018E+00 / 7.6018E+00   6.1664E-02 / 6.1664E-02   35.48% / 35.48%
1930   1.000E-03   7.5338E+00   7.5338E+00   7.5338E+00 / 7.5338E+00   6.1914E-02 / 6.1914E-02   35.48% / 35.48%
1940   1.000E-03   7.2564E+00   7.2564E+00   7.2564E+00 / 7.2564E+00   6.2354E-02 / 6.2354E-02   35.48% / 35.48%
1950   1.000E-03   7.0800E+00   7.0800E+00   7.0800E+00 / 7.0800E+00   6.2651E-02 / 6.2651E-02   35.48% / 35.48%
1960   1.000E-03   7.0476E+00   7.0476E+00   7.0476E+00 / 7.0476E+00   6.2952E-02 / 6.2952E-02   35.48% / 35.48%
1970   1.000E-03   6.9619E+00   6.9619E+00   6.9619E+00 / 6.9619E+00   6.3274E-02 / 6.3274E-02   35.48% / 35.48%
1980   1.000E-03   6.9456E+00   6.9456E+00   6.9456E+00 / 6.9456E+00   6.3592E-02 / 6.3592E-02   35.48% / 35.48%
1990   1.000E-03   7.6584E+00   7.6584E+00   7.6584E+00 / 7.6584E+00   6.3945E-02 / 6.3945E-02   35.48% / 35.48%
2000   1.000E-03   2.4576E+01   2.4576E+01   2.4576E+01 / 2.4576E+01   6.4265E-02 / 6.4265E-02   35.48% / 35.48%
2010   1.000E-03   1.4283E+01   1.4283E+01   1.4283E+01 / 1.4283E+01   6.2878E-02 / 6.2878E-02   35.48% / 35.48%
2020   1.000E-03   8.6345E+00   8.6345E+00   8.6345E+00 / 8.6345E+00   6.3013E-02 / 6.3013E-02   35.48% / 35.48%
2030   1.000E-03   6.8585E+00   6.8585E+00   6.8585E+00 / 6.8585E+00   6.3140E-02 / 6.3140E-02   35.48% / 35.48%
2040   1.000E-03   6.6241E+00   6.6241E+00   6.6241E+00 / 6.6241E+00   6.3564E-02 / 6.3564E-02   35.48% / 35.48%
2050   1.000E-03   6.5751E+00   6.5751E+00   6.5751E+00 / 6.5751E+00   6.3889E-02 / 6.3889E-02   35.48% / 35.48%
2060   1.000E-03   6.5549E+00   6.5549E+00   6.5549E+00 / 6.5549E+00   6.4236E-02 / 6.4236E-02   35.48% / 35.48%
2070   1.000E-03   6.4801E+00   6.4801E+00   6.4801E+00 / 6.4801E+00   6.4518E-02 / 6.4518E-02   35.48% / 35.48%
2080   1.000E-03   6.4366E+00   6.4366E+00   6.4366E+00 / 6.4366E+00   6.4827E-02 / 6.4827E-02   35.48% / 35.48%
2090   1.000E-03   6.4326E+00   6.4326E+00   6.4326E+00 / 6.4326E+00   6.5128E-02 / 6.5128E-02   35.48% / 35.48%
2100   1.000E-03   7.7816E+00   7.7816E+00   7.7816E+00 / 7.7816E+00   6.5345E-02 / 6.5345E-02   35.48% / 35.48%
2110   1.000E-03   2.6338E+01   2.6338E+01   2.6338E+01 / 2.6338E+01   6.4976E-02 / 6.4976E-02   35.48% / 35.48%
2120   1.000E-03   1.1549E+01   1.1549E+01   1.1549E+01 / 1.1549E+01   6.4735E-02 / 6.4735E-02   35.48% / 35.48%
2130   1.000E-03   7.0703E+00   7.0703E+00   7.0703E+00 / 7.0703E+00   6.4346E-02 / 6.4346E-02   35.48% / 35.48%
2140   1.000E-03   6.1932E+00   6.1932E+00   6.1932E+00 / 6.1932E+00   6.4744E-02 / 6.4744E-02   35.48% / 35.48%
2150   1.000E-03   6.1156E+00   6.1156E+00   6.1156E+00 / 6.1156E+00   6.5102E-02 / 6.5102E-02   35.48% / 35.48%
2160   1.000E-03   6.0888E+00   6.0888E+00   6.0888E+00 / 6.0888E+00   6.5460E-02 / 6.5460E-02   35.48% / 35.48%
2170   1.000E-03   6.0820E+00   6.0820E+00   6.0820E+00 / 6.0820E+00   6.5747E-02 / 6.5747E-02   35.48% / 35.48%
2180   1.000E-03   5.9880E+00   5.9880E+00   5.9880E+00 / 5.9880E+00   6.6085E-02 / 6.6085E-02   35.48% / 35.48%
2190   1.000E-03   5.9775E+00   5.9775E+00   5.9775E+00 / 5.9775E+00   6.6410E-02 / 6.6410E-02   35.48% / 35.48%
2200   1.000E-03   6.1673E+00   6.1673E+00   6.1673E+00 / 6.1673E+00   6.6748E-02 / 6.6748E-02   35.48% / 35.48%
2210   1.000E-03   1.2403E+01   1.2403E+01   1.2403E+01 / 1.2403E+01   6.7161E-02 / 6.7161E-02   35.48% / 35.48%
2220   1.000E-03   6.1410E+00   6.1410E+00   6.1410E+00 / 6.1410E+00   6.6335E-02 / 6.6335E-02   35.48% / 35.48%
2230   1.000E-03   5.8336E+00   5.8336E+00   5.8336E+00 / 5.8336E+00   6.5912E-02 / 6.5912E-02   35.48% / 35.48%
2240   1.000E-03   5.9538E+00   5.9538E+00   5.9538E+00 / 5.9538E+00   6.6015E-02 / 6.6015E-02   35.48% / 35.48%
2250   1.000E-03   5.8177E+00   5.8177E+00   5.8177E+00 / 5.8177E+00   6.6432E-02 / 6.6432E-02   36.13% / 36.13%
2260   1.000E-03   5.6848E+00   5.6848E+00   5.6848E+00 / 5.6848E+00   6.6754E-02 / 6.6754E-02   36.13% / 36.13%
2270   1.000E-03   5.6997E+00   5.6997E+00   5.6997E+00 / 5.6997E+00   6.7070E-02 / 6.7070E-02   36.13% / 36.13%
2280   1.000E-03   5.6307E+00   5.6307E+00   5.6307E+00 / 5.6307E+00   6.7424E-02 / 6.7424E-02   36.13% / 36.13%
2290   1.000E-03   5.6456E+00   5.6456E+00   5.6456E+00 / 5.6456E+00   6.7754E-02 / 6.7754E-02   36.13% / 36.13%
2300   1.000E-03   6.1132E+00   6.1132E+00   6.1132E+00 / 6.1132E+00   6.8105E-02 / 6.8105E-02   36.77% / 36.77%
2310   1.000E-03   1.6052E+01   1.6052E+01   1.6052E+01 / 1.6052E+01   6.8486E-02 / 6.8486E-02   36.77% / 36.77%
2320   1.000E-03   6.3698E+00   6.3698E+00   6.3698E+00 / 6.3698E+00   6.7363E-02 / 6.7363E-02   36.13% / 36.13%
2330   1.000E-03   5.9354E+00   5.9354E+00   5.9354E+00 / 5.9354E+00   6.7313E-02 / 6.7313E-02   36.13% / 36.13%
2340   1.000E-03   5.6056E+00   5.6056E+00   5.6056E+00 / 5.6056E+00   6.7461E-02 / 6.7461E-02   36.77% / 36.77%
2350   1.000E-03   5.3826E+00   5.3826E+00   5.3826E+00 / 5.3826E+00   6.7871E-02 / 6.7871E-02   36.77% / 36.77%
2360   1.000E-03   5.4286E+00   5.4286E+00   5.4286E+00 / 5.4286E+00   6.8237E-02 / 6.8237E-02   36.77% / 36.77%
2370   1.000E-03   5.3719E+00   5.3719E+00   5.3719E+00 / 5.3719E+00   6.8513E-02 / 6.8513E-02   36.77% / 36.77%
2380   1.000E-03   5.3928E+00   5.3928E+00   5.3928E+00 / 5.3928E+00   6.8823E-02 / 6.8823E-02   36.77% / 36.77%
2390   1.000E-03   5.8531E+00   5.8531E+00   5.8531E+00 / 5.8531E+00   6.9088E-02 / 6.9088E-02   36.77% / 36.77%
2400   1.000E-03   1.5218E+01   1.5218E+01   1.5218E+01 / 1.5218E+01   6.9042E-02 / 6.9042E-02   36.77% / 36.77%
2410   1.000E-03   5.2696E+00   5.2696E+00   5.2696E+00 / 5.2696E+00   6.8680E-02 / 6.8680E-02   36.77% / 36.77%
2420   1.000E-03   5.1699E+00   5.1699E+00   5.1699E+00 / 5.1699E+00   6.8483E-02 / 6.8483E-02   36.77% / 36.77%
2430   1.000E-03   5.2040E+00   5.2040E+00   5.2040E+00 / 5.2040E+00   6.8707E-02 / 6.8707E-02   36.77% / 36.77%
2440   1.000E-03   5.3601E+00   5.3601E+00   5.3601E+00 / 5.3601E+00   6.9139E-02 / 6.9139E-02   36.77% / 36.77%
2450   1.000E-03   5.2284E+00   5.2284E+00   5.2284E+00 / 5.2284E+00   6.9396E-02 / 6.9396E-02   36.77% / 36.77%
2460   1.000E-03   5.1366E+00   5.1366E+00   5.1366E+00 / 5.1366E+00   6.9725E-02 / 6.9725E-02   36.77% / 36.77%
2470   1.000E-03   5.0978E+00   5.0978E+00   5.0978E+00 / 5.0978E+00   7.0042E-02 / 7.0042E-02   36.77% / 36.77%
2480   1.000E-03   6.0444E+00   6.0444E+00   6.0444E+00 / 6.0444E+00   7.0282E-02 / 7.0282E-02   36.77% / 36.77%
2490   1.000E-03   2.3145E+01   2.3145E+01   2.3145E+01 / 2.3145E+01   6.9978E-02 / 6.9978E-02   36.77% / 36.77%
2500   1.000E-03   9.7017E+00   9.7017E+00   9.7017E+00 / 9.7017E+00   6.9707E-02 / 6.9707E-02   36.77% / 36.77%
2510   1.000E-03   7.1558E+00   7.1558E+00   7.1558E+00 / 7.1558E+00   6.9206E-02 / 6.9206E-02   36.77% / 36.77%
2520   1.000E-03   5.7267E+00   5.7267E+00   5.7267E+00 / 5.7267E+00   6.9725E-02 / 6.9725E-02   36.77% / 36.77%
2530   1.000E-03   5.1908E+00   5.1908E+00   5.1908E+00 / 5.1908E+00   6.9948E-02 / 6.9948E-02   36.77% / 36.77%
2540   1.000E-03   4.8786E+00   4.8786E+00   4.8786E+00 / 4.8786E+00   7.0367E-02 / 7.0367E-02   36.77% / 36.77%
2550   1.000E-03   4.8450E+00   4.8450E+00   4.8450E+00 / 4.8450E+00   7.0699E-02 / 7.0699E-02   36.77% / 36.77%
2560   1.000E-03   4.7813E+00   4.7813E+00   4.7813E+00 / 4.7813E+00   7.1002E-02 / 7.1002E-02   36.77% / 36.77%
2570   1.000E-03   4.8079E+00   4.8079E+00   4.8079E+00 / 4.8079E+00   7.1316E-02 / 7.1316E-02   36.77% / 36.77%
2580   1.000E-03   6.0895E+00   6.0895E+00   6.0895E+00 / 6.0895E+00   7.1540E-02 / 7.1540E-02   36.77% / 36.77%
2590   1.000E-03   2.5163E+01   2.5163E+01   2.5163E+01 / 2.5163E+01   7.1067E-02 / 7.1067E-02   36.77% / 36.77%
2600   1.000E-03   1.0235E+01   1.0235E+01   1.0235E+01 / 1.0235E+01   7.0740E-02 / 7.0740E-02   36.77% / 36.77%
2610   1.000E-03   5.9894E+00   5.9894E+00   5.9894E+00 / 5.9894E+00   7.0226E-02 / 7.0226E-02   36.77% / 36.77%
2620   1.000E-03   4.8195E+00   4.8195E+00   4.8195E+00 / 4.8195E+00   7.0674E-02 / 7.0674E-02   36.77% / 36.77%
2630   1.000E-03   4.6766E+00   4.6766E+00   4.6766E+00 / 4.6766E+00   7.0979E-02 / 7.0979E-02   36.77% / 36.77%
2640   1.000E-03   4.6687E+00   4.6687E+00   4.6687E+00 / 4.6687E+00   7.1379E-02 / 7.1379E-02   36.77% / 36.77%
2650   1.000E-03   4.6334E+00   4.6334E+00   4.6334E+00 / 4.6334E+00   7.1664E-02 / 7.1664E-02   36.77% / 36.77%
2660   1.000E-03   4.5480E+00   4.5480E+00   4.5480E+00 / 4.5480E+00   7.2016E-02 / 7.2016E-02   36.77% / 36.77%
2670   1.000E-03   4.5321E+00   4.5321E+00   4.5321E+00 / 4.5321E+00   7.2365E-02 / 7.2365E-02   36.77% / 36.77%
2680   1.000E-03   4.6161E+00   4.6161E+00   4.6161E+00 / 4.6161E+00   7.2721E-02 / 7.2721E-02   36.77% / 36.77%
2690   1.000E-03   8.3736E+00   8.3736E+00   8.3736E+00 / 8.3736E+00   7.3176E-02 / 7.3176E-02   36.77% / 36.77%
2700   1.000E-03   8.4756E+00   8.4756E+00   8.4756E+00 / 8.4756E+00   7.2488E-02 / 7.2488E-02   36.77% / 36.77%
2710   1.000E-03   4.6528E+00   4.6528E+00   4.6528E+00 / 4.6528E+00   7.1459E-02 / 7.1459E-02   36.77% / 36.77%
2720   1.000E-03   4.6334E+00   4.6334E+00   4.6334E+00 / 4.6334E+00   7.1493E-02 / 7.1493E-02   36.77% / 36.77%
2730   1.000E-03   4.6772E+00   4.6772E+00   4.6772E+00 / 4.6772E+00   7.1946E-02 / 7.1946E-02   36.77% / 36.77%
2740   1.000E-03   4.4916E+00   4.4916E+00   4.4916E+00 / 4.4916E+00   7.2222E-02 / 7.2222E-02   36.77% / 36.77%
2750   1.000E-03   4.3678E+00   4.3678E+00   4.3678E+00 / 4.3678E+00   7.2603E-02 / 7.2603E-02   36.77% / 36.77%
2760   1.000E-03   4.3665E+00   4.3665E+00   4.3665E+00 / 4.3665E+00   7.2945E-02 / 7.2945E-02   36.77% / 36.77%
2770   1.000E-03   4.3277E+00   4.3277E+00   4.3277E+00 / 4.3277E+00   7.3254E-02 / 7.3254E-02   36.77% / 36.77%
2780   1.000E-03   4.3417E+00   4.3417E+00   4.3417E+00 / 4.3417E+00   7.3581E-02 / 7.3581E-02   36.77% / 36.77%
2790   1.000E-03   4.7875E+00   4.7875E+00   4.7875E+00 / 4.7875E+00   7.3857E-02 / 7.3857E-02   36.77% / 36.77%
2800   1.000E-03   1.7795E+01   1.7795E+01   1.7795E+01 / 1.7795E+01   7.3704E-02 / 7.3704E-02   36.77% / 36.77%
2810   1.000E-03   5.8029E+00   5.8029E+00   5.8029E+00 / 5.8029E+00   7.3187E-02 / 7.3187E-02   36.77% / 36.77%
2820   1.000E-03   5.3963E+00   5.3963E+00   5.3963E+00 / 5.3963E+00   7.2638E-02 / 7.2638E-02   36.77% / 36.77%
2830   1.000E-03   4.7942E+00   4.7942E+00   4.7942E+00 / 4.7942E+00   7.3082E-02 / 7.3082E-02   36.77% / 36.77%
2840   1.000E-03   4.3512E+00   4.3512E+00   4.3512E+00 / 4.3512E+00   7.3324E-02 / 7.3324E-02   36.77% / 36.77%
2850   1.000E-03   4.1715E+00   4.1715E+00   4.1715E+00 / 4.1715E+00   7.3713E-02 / 7.3713E-02   36.77% / 36.77%
2860   1.000E-03   4.2370E+00   4.2370E+00   4.2370E+00 / 4.2370E+00   7.4087E-02 / 7.4087E-02   36.77% / 36.77%
2870   1.000E-03   4.1312E+00   4.1312E+00   4.1312E+00 / 4.1312E+00   7.4396E-02 / 7.4396E-02   36.77% / 36.77%
2880   1.000E-03   4.1156E+00   4.1156E+00   4.1156E+00 / 4.1156E+00   7.4727E-02 / 7.4727E-02   36.77% / 36.77%
2890   1.000E-03   4.2488E+00   4.2488E+00   4.2488E+00 / 4.2488E+00   7.5037E-02 / 7.5037E-02   36.77% / 36.77%
2900   1.000E-03   1.3410E+01   1.3410E+01   1.3410E+01 / 1.3410E+01   7.5018E-02 / 7.5018E-02   36.77% / 36.77%
2910   1.000E-03   4.6052E+00   4.6052E+00   4.6052E+00 / 4.6052E+00   7.4162E-02 / 7.4162E-02   36.77% / 36.77%
2920   1.000E-03   7.1143E+00   7.1143E+00   7.1143E+00 / 7.1143E+00   7.3172E-02 / 7.3172E-02   36.77% / 36.77%
2930   1.000E-03   5.4820E+00   5.4820E+00   5.4820E+00 / 5.4820E+00   7.3610E-02 / 7.3610E-02   36.77% / 36.77%
2940   1.000E-03   4.2430E+00   4.2430E+00   4.2430E+00 / 4.2430E+00   7.3788E-02 / 7.3788E-02   36.77% / 36.77%
2950   1.000E-03   4.0295E+00   4.0295E+00   4.0295E+00 / 4.0295E+00   7.4213E-02 / 7.4213E-02   36.77% / 36.77%
2960   1.000E-03   4.0013E+00   4.0013E+00   4.0013E+00 / 4.0013E+00   7.4530E-02 / 7.4530E-02   36.77% / 36.77%
2970   1.000E-03   3.9945E+00   3.9945E+00   3.9945E+00 / 3.9945E+00   7.4903E-02 / 7.4903E-02   36.77% / 36.77%
2980   1.000E-03   3.9608E+00   3.9608E+00   3.9608E+00 / 3.9608E+00   7.5217E-02 / 7.5217E-02   36.77% / 36.77%
2990   1.000E-03   3.9373E+00   3.9373E+00   3.9373E+00 / 3.9373E+00   7.5570E-02 / 7.5570E-02   36.77% / 36.77%
3000   1.000E-03   3.9188E+00   3.9188E+00   3.9188E+00 / 3.9188E+00   7.5919E-02 / 7.5919E-02   36.77% / 36.77%
3010   1.000E-03   4.0398E+00   4.0398E+00   4.0398E+00 / 4.0398E+00   7.6238E-02 / 7.6238E-02   36.77% / 36.77%
3020   1.000E-03   1.1897E+01   1.1897E+01   1.1897E+01 / 1.1897E+01   7.6249E-02 / 7.6249E-02   36.77% / 36.77%
3030   1.000E-03   3.9181E+00   3.9181E+00   3.9181E+00 / 3.9181E+00   7.5362E-02 / 7.5362E-02   36.77% / 36.77%
3040   1.000E-03   5.7434E+00   5.7434E+00   5.7434E+00 / 5.7434E+00   7.4428E-02 / 7.4428E-02   36.77% / 36.77%
3050   1.000E-03   5.3854E+00   5.3854E+00   5.3854E+00 / 5.3854E+00   7.4832E-02 / 7.4832E-02   36.77% / 36.77%
3060   1.000E-03   4.3239E+00   4.3239E+00   4.3239E+00 / 4.3239E+00   7.4969E-02 / 7.4969E-02   36.77% / 36.77%
3070   1.000E-03   3.9600E+00   3.9600E+00   3.9600E+00 / 3.9600E+00   7.5447E-02 / 7.5447E-02   36.77% / 36.77%
3080   1.000E-03   3.8760E+00   3.8760E+00   3.8760E+00 / 3.8760E+00   7.5720E-02 / 7.5720E-02   36.77% / 36.77%
3090   1.000E-03   3.8181E+00   3.8181E+00   3.8181E+00 / 3.8181E+00   7.6115E-02 / 7.6115E-02   36.77% / 36.77%
3100   1.000E-03   3.7612E+00   3.7612E+00   3.7612E+00 / 3.7612E+00   7.6446E-02 / 7.6446E-02   36.77% / 36.77%
3110   1.000E-03   3.7566E+00   3.7566E+00   3.7566E+00 / 3.7566E+00   7.6789E-02 / 7.6789E-02   36.77% / 36.77%
3120   1.000E-03   3.7981E+00   3.7981E+00   3.7981E+00 / 3.7981E+00   7.7128E-02 / 7.7128E-02   36.77% / 36.77%
3130   1.000E-03   5.4212E+00   5.4212E+00   5.4212E+00 / 5.4212E+00   7.7347E-02 / 7.7347E-02   36.77% / 36.77%
3140   1.000E-03   2.1088E+01   2.1088E+01   2.1088E+01 / 2.1088E+01   7.6722E-02 / 7.6722E-02   36.77% / 36.77%
3150   1.000E-03   8.3311E+00   8.3311E+00   8.3311E+00 / 8.3311E+00   7.6352E-02 / 7.6352E-02   36.77% / 36.77%
3160   1.000E-03   4.9984E+00   4.9984E+00   4.9984E+00 / 4.9984E+00   7.5857E-02 / 7.5857E-02   36.77% / 36.77%
3170   1.000E-03   4.0393E+00   4.0393E+00   4.0393E+00 / 4.0393E+00   7.6374E-02 / 7.6374E-02   36.77% / 36.77%
3180   1.000E-03   3.8762E+00   3.8762E+00   3.8762E+00 / 3.8762E+00   7.6601E-02 / 7.6601E-02   36.77% / 36.77%
3190   1.000E-03   3.7783E+00   3.7783E+00   3.7783E+00 / 3.7783E+00   7.7039E-02 / 7.7039E-02   36.77% / 36.77%
3200   1.000E-03   3.6239E+00   3.6239E+00   3.6239E+00 / 3.6239E+00   7.7328E-02 / 7.7328E-02   36.77% / 36.77%
3210   1.000E-03   3.6595E+00   3.6595E+00   3.6595E+00 / 3.6595E+00   7.7662E-02 / 7.7662E-02   36.77% / 36.77%
3220   1.000E-03   3.7790E+00   3.7790E+00   3.7790E+00 / 3.7790E+00   7.7992E-02 / 7.7992E-02   36.77% / 36.77%
3230   1.000E-03   6.7744E+00   6.7744E+00   6.7744E+00 / 6.7744E+00   7.8142E-02 / 7.8142E-02   36.77% / 36.77%
3240   1.000E-03   1.1780E+01   1.1780E+01   1.1780E+01 / 1.1780E+01   7.7514E-02 / 7.7514E-02   36.77% / 36.77%
3250   1.000E-03   6.5841E+00   6.5841E+00   6.5841E+00 / 6.5841E+00   7.7358E-02 / 7.7358E-02   36.77% / 36.77%
3260   1.000E-03   4.9196E+00   4.9196E+00   4.9196E+00 / 4.9196E+00   7.7101E-02 / 7.7101E-02   36.77% / 36.77%
3270   1.000E-03   4.0806E+00   4.0806E+00   4.0806E+00 / 4.0806E+00   7.7664E-02 / 7.7664E-02   36.77% / 36.77%
3280   1.000E-03   3.5554E+00   3.5554E+00   3.5554E+00 / 3.5554E+00   7.7891E-02 / 7.7891E-02   36.77% / 36.77%
3290   1.000E-03   3.6365E+00   3.6365E+00   3.6365E+00 / 3.6365E+00   7.8213E-02 / 7.8213E-02   36.77% / 36.77%
3300   1.000E-03   3.5248E+00   3.5248E+00   3.5248E+00 / 3.5248E+00   7.8572E-02 / 7.8572E-02   36.77% / 36.77%
3310   1.000E-03   3.6333E+00   3.6333E+00   3.6333E+00 / 3.6333E+00   7.8905E-02 / 7.8905E-02   36.77% / 36.77%
3320   1.000E-03   8.2933E+00   8.2933E+00   8.2933E+00 / 8.2933E+00   7.8999E-02 / 7.8999E-02   36.77% / 36.77%
3330   1.000E-03   6.4202E+00   6.4202E+00   6.4202E+00 / 6.4202E+00   7.8181E-02 / 7.8181E-02   36.77% / 36.77%
3340   1.000E-03   3.9540E+00   3.9540E+00   3.9540E+00 / 3.9540E+00   7.7721E-02 / 7.7721E-02   36.77% / 36.77%
3350   1.000E-03   3.4653E+00   3.4653E+00   3.4653E+00 / 3.4653E+00   7.7723E-02 / 7.7723E-02   36.77% / 36.77%
3360   1.000E-03   3.4393E+00   3.4393E+00   3.4393E+00 / 3.4393E+00   7.8106E-02 / 7.8106E-02   36.77% / 36.77%
3370   1.000E-03   3.4947E+00   3.4947E+00   3.4947E+00 / 3.4947E+00   7.8400E-02 / 7.8400E-02   36.77% / 36.77%
3380   1.000E-03   3.5065E+00   3.5065E+00   3.5065E+00 / 3.5065E+00   7.8818E-02 / 7.8818E-02   36.77% / 36.77%
3390   1.000E-03   3.3752E+00   3.3752E+00   3.3752E+00 / 3.3752E+00   7.9131E-02 / 7.9131E-02   37.42% / 37.42%
3400   1.000E-03   3.3838E+00   3.3838E+00   3.3838E+00 / 3.3838E+00   7.9477E-02 / 7.9477E-02   37.42% / 37.42%
3410   1.000E-03   3.6438E+00   3.6438E+00   3.6438E+00 / 3.6438E+00   7.9798E-02 / 7.9798E-02   37.42% / 37.42%
3420   1.000E-03   1.2611E+01   1.2611E+01   1.2611E+01 / 1.2611E+01   7.9742E-02 / 7.9742E-02   37.42% / 37.42%
3430   1.000E-03   3.3620E+00   3.3620E+00   3.3620E+00 / 3.3620E+00   7.8951E-02 / 7.8951E-02   37.42% / 37.42%
3440   1.000E-03   3.4767E+00   3.4767E+00   3.4767E+00 / 3.4767E+00   7.8388E-02 / 7.8388E-02   37.42% / 37.42%
3450   1.000E-03   3.4598E+00   3.4598E+00   3.4598E+00 / 3.4598E+00   7.8698E-02 / 7.8698E-02   37.42% / 37.42%
3460   1.000E-03   3.3139E+00   3.3139E+00   3.3139E+00 / 3.3139E+00   7.8993E-02 / 7.8993E-02   37.42% / 37.42%
3470   1.000E-03   3.3289E+00   3.3289E+00   3.3289E+00 / 3.3289E+00   7.9325E-02 / 7.9325E-02   37.42% / 37.42%
3480   1.000E-03   3.3749E+00   3.3749E+00   3.3749E+00 / 3.3749E+00   7.9736E-02 / 7.9736E-02   37.42% / 37.42%
3490   1.000E-03   3.2726E+00   3.2726E+00   3.2726E+00 / 3.2726E+00   8.0068E-02 / 8.0068E-02   37.42% / 37.42%
3500   1.000E-03   3.2435E+00   3.2435E+00   3.2435E+00 / 3.2435E+00   8.0429E-02 / 8.0429E-02   37.42% / 37.42%
3510   1.000E-03   3.2453E+00   3.2453E+00   3.2453E+00 / 3.2453E+00   8.0818E-02 / 8.0818E-02   37.42% / 37.42%
3520   1.000E-03   4.3651E+00   4.3651E+00   4.3651E+00 / 4.3651E+00   8.1302E-02 / 8.1302E-02   37.42% / 37.42%
3530   1.000E-03   2.3147E+01   2.3147E+01   2.3147E+01 / 2.3147E+01   8.1306E-02 / 8.1306E-02   37.42% / 37.42%
3540   1.000E-03   5.3914E+00   5.3914E+00   5.3914E+00 / 5.3914E+00   7.8694E-02 / 7.8694E-02   37.42% / 37.42%
3550   1.000E-03   4.1573E+00   4.1573E+00   4.1573E+00 / 4.1573E+00   7.8397E-02 / 7.8397E-02   37.42% / 37.42%
3560   1.000E-03   4.1745E+00   4.1745E+00   4.1745E+00 / 4.1745E+00   7.8923E-02 / 7.8923E-02   37.42% / 37.42%
3570   1.000E-03   3.3236E+00   3.3236E+00   3.3236E+00 / 3.3236E+00   7.9083E-02 / 7.9083E-02   37.42% / 37.42%
3580   1.000E-03   3.1760E+00   3.1760E+00   3.1760E+00 / 3.1760E+00   7.9469E-02 / 7.9469E-02   37.42% / 37.42%
3590   1.000E-03   3.1580E+00   3.1580E+00   3.1580E+00 / 3.1580E+00   7.9804E-02 / 7.9804E-02   37.42% / 37.42%
3600   1.000E-03   3.1474E+00   3.1474E+00   3.1474E+00 / 3.1474E+00   8.0185E-02 / 8.0185E-02   37.42% / 37.42%
3610   1.000E-03   3.1400E+00   3.1400E+00   3.1400E+00 / 3.1400E+00   8.0547E-02 / 8.0547E-02   37.42% / 37.42%
3620   1.000E-03   3.1163E+00   3.1163E+00   3.1163E+00 / 3.1163E+00   8.0946E-02 / 8.0946E-02   37.42% / 37.42%
3630   1.000E-03   3.1080E+00   3.1080E+00   3.1080E+00 / 3.1080E+00   8.1338E-02 / 8.1338E-02   37.42% / 37.42%
3640   1.000E-03   3.1446E+00   3.1446E+00   3.1446E+00 / 3.1446E+00   8.1740E-02 / 8.1740E-02   37.42% / 37.42%
3650   1.000E-03   5.1489E+00   5.1489E+00   5.1489E+00 / 5.1489E+00   8.2245E-02 / 8.2245E-02   37.42% / 37.42%
3660   1.000E-03   1.4342E+01   1.4342E+01   1.4342E+01 / 1.4342E+01   8.1866E-02 / 8.1866E-02   37.42% / 37.42%
3670   1.000E-03   5.3407E+00   5.3407E+00   5.3407E+00 / 5.3407E+00   7.9932E-02 / 7.9932E-02   37.42% / 37.42%
3680   1.000E-03   3.1029E+00   3.1029E+00   3.1029E+00 / 3.1029E+00   8.0039E-02 / 8.0039E-02   37.42% / 37.42%
3690   1.000E-03   3.1158E+00   3.1158E+00   3.1158E+00 / 3.1158E+00   8.0359E-02 / 8.0359E-02   37.42% / 37.42%
3700   1.000E-03   3.0776E+00   3.0776E+00   3.0776E+00 / 3.0776E+00   8.0632E-02 / 8.0632E-02   37.42% / 37.42%
3710   1.000E-03   3.0309E+00   3.0309E+00   3.0309E+00 / 3.0309E+00   8.0986E-02 / 8.0986E-02   37.42% / 37.42%
3720   1.000E-03   3.0525E+00   3.0525E+00   3.0525E+00 / 3.0525E+00   8.1367E-02 / 8.1367E-02   37.42% / 37.42%
3730   1.000E-03   3.0186E+00   3.0186E+00   3.0186E+00 / 3.0186E+00   8.1706E-02 / 8.1706E-02   37.42% / 37.42%
3740   1.000E-03   3.0311E+00   3.0311E+00   3.0311E+00 / 3.0311E+00   8.2079E-02 / 8.2079E-02   37.42% / 37.42%
3750   1.000E-03   3.2482E+00   3.2482E+00   3.2482E+00 / 3.2482E+00   8.2417E-02 / 8.2417E-02   37.42% / 37.42%
3760   1.000E-03   1.0087E+01   1.0087E+01   1.0087E+01 / 1.0087E+01   8.2414E-02 / 8.2414E-02   37.42% / 37.42%
3770   1.000E-03   3.4221E+00   3.4221E+00   3.4221E+00 / 3.4221E+00   8.1559E-02 / 8.1559E-02   37.42% / 37.42%
3780   1.000E-03   3.1200E+00   3.1200E+00   3.1200E+00 / 3.1200E+00   8.1147E-02 / 8.1147E-02   37.42% / 37.42%
3790   1.000E-03   3.0311E+00   3.0311E+00   3.0311E+00 / 3.0311E+00   8.1270E-02 / 8.1270E-02   37.42% / 37.42%
3800   1.000E-03   3.1108E+00   3.1108E+00   3.1108E+00 / 3.1108E+00   8.1701E-02 / 8.1701E-02   37.42% / 37.42%
3810   1.000E-03   3.1484E+00   3.1484E+00   3.1484E+00 / 3.1484E+00   8.1918E-02 / 8.1918E-02   37.42% / 37.42%
3820   1.000E-03   2.9224E+00   2.9224E+00   2.9224E+00 / 2.9224E+00   8.2324E-02 / 8.2324E-02   37.42% / 37.42%
3830   1.000E-03   2.9979E+00   2.9979E+00   2.9979E+00 / 2.9979E+00   8.2727E-02 / 8.2727E-02   37.42% / 37.42%
3840   1.000E-03   3.4107E+00   3.4107E+00   3.4107E+00 / 3.4107E+00   8.3148E-02 / 8.3148E-02   37.42% / 37.42%
3850   1.000E-03   1.0379E+01   1.0379E+01   1.0379E+01 / 1.0379E+01   8.3610E-02 / 8.3610E-02   37.42% / 37.42%
3860   1.000E-03   2.9611E+00   2.9611E+00   2.9611E+00 / 2.9611E+00   8.2283E-02 / 8.2283E-02   37.42% / 37.42%
3870   1.000E-03   3.3611E+00   3.3611E+00   3.3611E+00 / 3.3611E+00   8.1906E-02 / 8.1906E-02   37.42% / 37.42%
3880   1.000E-03   3.5237E+00   3.5237E+00   3.5237E+00 / 3.5237E+00   8.2390E-02 / 8.2390E-02   37.42% / 37.42%
3890   1.000E-03   3.1701E+00   3.1701E+00   3.1701E+00 / 3.1701E+00   8.2540E-02 / 8.2540E-02   37.42% / 37.42%
3900   1.000E-03   2.9176E+00   2.9176E+00   2.9176E+00 / 2.9176E+00   8.2898E-02 / 8.2898E-02   37.42% / 37.42%
3910   1.000E-03   2.8341E+00   2.8341E+00   2.8341E+00 / 2.8341E+00   8.3292E-02 / 8.3292E-02   37.42% / 37.42%
3920   1.000E-03   2.9196E+00   2.9196E+00   2.9196E+00 / 2.9196E+00   8.3711E-02 / 8.3711E-02   37.42% / 37.42%
3930   1.000E-03   6.0914E+00   6.0914E+00   6.0914E+00 / 6.0914E+00   8.4253E-02 / 8.4253E-02   37.42% / 37.42%
3940   1.000E-03   8.0900E+00   8.0900E+00   8.0900E+00 / 8.0900E+00   8.3411E-02 / 8.3411E-02   37.42% / 37.42%
3950   1.000E-03   3.9074E+00   3.9074E+00   3.9074E+00 / 3.9074E+00   8.1950E-02 / 8.1950E-02   37.42% / 37.42%
3960   1.000E-03   2.8796E+00   2.8796E+00   2.8796E+00 / 2.8796E+00   8.2172E-02 / 8.2172E-02   37.42% / 37.42%
3970   1.000E-03   2.8070E+00   2.8070E+00   2.8070E+00 / 2.8070E+00   8.2434E-02 / 8.2434E-02   37.42% / 37.42%
3980   1.000E-03   2.8348E+00   2.8348E+00   2.8348E+00 / 2.8348E+00   8.2796E-02 / 8.2796E-02   37.42% / 37.42%
3990   1.000E-03   2.8750E+00   2.8750E+00   2.8750E+00 / 2.8750E+00   8.3053E-02 / 8.3053E-02   37.42% / 37.42%
4000   1.000E-03   2.7685E+00   2.7685E+00   2.7685E+00 / 2.7685E+00   8.3476E-02 / 8.3476E-02   37.42% / 37.42%
4010   1.000E-03   2.8026E+00   2.8026E+00   2.8026E+00 / 2.8026E+00   8.3882E-02 / 8.3882E-02   37.42% / 37.42%
4020   1.000E-03   3.0114E+00   3.0114E+00   3.0114E+00 / 3.0114E+00   8.4305E-02 / 8.4305E-02   37.42% / 37.42%
4030   1.000E-03   7.8769E+00   7.8769E+00   7.8769E+00 / 7.8769E+00   8.4826E-02 / 8.4826E-02   37.42% / 37.42%
4040   1.000E-03   4.3652E+00   4.3652E+00   4.3652E+00 / 4.3652E+00   8.3711E-02 / 8.3711E-02   37.42% / 37.42%
4050   1.000E-03   3.8787E+00   3.8787E+00   3.8787E+00 / 3.8787E+00   8.2866E-02 / 8.2866E-02   37.42% / 37.42%
4060   1.000E-03   3.4420E+00   3.4420E+00   3.4420E+00 / 3.4420E+00   8.3335E-02 / 8.3335E-02   37.42% / 37.42%
4070   1.000E-03   3.1764E+00   3.1764E+00   3.1764E+00 / 3.1764E+00   8.3447E-02 / 8.3447E-02   37.42% / 37.42%
4080   1.000E-03   2.7142E+00   2.7142E+00   2.7142E+00 / 2.7142E+00   8.3871E-02 / 8.3871E-02   37.42% / 37.42%
4090   1.000E-03   2.8300E+00   2.8300E+00   2.8300E+00 / 2.8300E+00   8.4249E-02 / 8.4249E-02   37.42% / 37.42%
4100   1.000E-03   2.8941E+00   2.8941E+00   2.8941E+00 / 2.8941E+00   8.4620E-02 / 8.4620E-02   37.42% / 37.42%
4110   1.000E-03   4.7056E+00   4.7056E+00   4.7056E+00 / 4.7056E+00   8.5078E-02 / 8.5078E-02   37.42% / 37.42%
4120   1.000E-03   1.1526E+01   1.1526E+01   1.1526E+01 / 1.1526E+01   8.4960E-02 / 8.4960E-02   37.42% / 37.42%
4130   1.000E-03   5.4849E+00   5.4849E+00   5.4849E+00 / 5.4849E+00   8.3522E-02 / 8.3522E-02   37.42% / 37.42%
4140   1.000E-03   3.0500E+00   3.0500E+00   3.0500E+00 / 3.0500E+00   8.3919E-02 / 8.3919E-02   37.42% / 37.42%
4150   1.000E-03   2.6920E+00   2.6920E+00   2.6920E+00 / 2.6920E+00   8.4179E-02 / 8.4179E-02   37.42% / 37.42%
4160   1.000E-03   2.9145E+00   2.9145E+00   2.9145E+00 / 2.9145E+00   8.4398E-02 / 8.4398E-02   37.42% / 37.42%
4170   1.000E-03   2.8104E+00   2.8104E+00   2.8104E+00 / 2.8104E+00   8.4729E-02 / 8.4729E-02   37.42% / 37.42%
4180   1.000E-03   3.1147E+00   3.1147E+00   3.1147E+00 / 3.1147E+00   8.5031E-02 / 8.5031E-02   37.42% / 37.42%
4190   1.000E-03   9.1950E+00   9.1950E+00   9.1950E+00 / 9.1950E+00   8.4991E-02 / 8.4991E-02   37.42% / 37.42%
4200   1.000E-03   3.4999E+00   3.4999E+00   3.4999E+00 / 3.4999E+00   8.4307E-02 / 8.4307E-02   37.42% / 37.42%
4210   1.000E-03   3.9819E+00   3.9819E+00   3.9819E+00 / 3.9819E+00   8.4341E-02 / 8.4341E-02   37.42% / 37.42%
4220   1.000E-03   3.4694E+00   3.4694E+00   3.4694E+00 / 3.4694E+00   8.4305E-02 / 8.4305E-02   37.42% / 37.42%
4230   1.000E-03   2.5834E+00   2.5834E+00   2.5834E+00 / 2.5834E+00   8.4748E-02 / 8.4748E-02   37.42% / 37.42%
4240   1.000E-03   2.8434E+00   2.8434E+00   2.8434E+00 / 2.8434E+00   8.5135E-02 / 8.5135E-02   37.42% / 37.42%
4250   1.000E-03   3.0271E+00   3.0271E+00   3.0271E+00 / 3.0271E+00   8.5476E-02 / 8.5476E-02   37.42% / 37.42%
4260   1.000E-03   5.6408E+00   5.6408E+00   5.6408E+00 / 5.6408E+00   8.5880E-02 / 8.5880E-02   37.42% / 37.42%
4270   1.000E-03   7.2923E+00   7.2923E+00   7.2923E+00 / 7.2923E+00   8.5482E-02 / 8.5482E-02   37.42% / 37.42%
4280   1.000E-03   4.2425E+00   4.2425E+00   4.2425E+00 / 4.2425E+00   8.4595E-02 / 8.4595E-02   37.42% / 37.42%
4290   1.000E-03   2.5286E+00   2.5286E+00   2.5286E+00 / 2.5286E+00   8.4966E-02 / 8.4966E-02   37.42% / 37.42%
4300   1.000E-03   3.0619E+00   3.0619E+00   3.0619E+00 / 3.0619E+00   8.5420E-02 / 8.5420E-02   37.42% / 37.42%
4310   1.000E-03   2.9570E+00   2.9570E+00   2.9570E+00 / 2.9570E+00   8.5680E-02 / 8.5680E-02   37.42% / 37.42%
4320   1.000E-03   3.7216E+00   3.7216E+00   3.7216E+00 / 3.7216E+00   8.6004E-02 / 8.6004E-02   37.42% / 37.42%
4330   1.000E-03   8.9210E+00   8.9210E+00   8.9210E+00 / 8.9210E+00   8.6220E-02 / 8.6220E-02   37.42% / 37.42%
4340   1.000E-03   2.5259E+00   2.5259E+00   2.5259E+00 / 2.5259E+00   8.5208E-02 / 8.5208E-02   37.42% / 37.42%
4350   1.000E-03   3.7467E+00   3.7467E+00   3.7467E+00 / 3.7467E+00   8.5135E-02 / 8.5135E-02   37.42% / 37.42%
4360   1.000E-03   2.5072E+00   2.5072E+00   2.5072E+00 / 2.5072E+00   8.5599E-02 / 8.5599E-02   37.42% / 37.42%
4370   1.000E-03   3.0205E+00   3.0205E+00   3.0205E+00 / 3.0205E+00   8.6015E-02 / 8.6015E-02   37.42% / 37.42%
4380   1.000E-03   4.7294E+00   4.7294E+00   4.7294E+00 / 4.7294E+00   8.6350E-02 / 8.6350E-02   37.42% / 37.42%
4390   1.000E-03   7.1371E+00   7.1371E+00   7.1371E+00 / 7.1371E+00   8.6223E-02 / 8.6223E-02   37.42% / 37.42%
4400   1.000E-03   2.5431E+00   2.5431E+00   2.5431E+00 / 2.5431E+00   8.5518E-02 / 8.5518E-02   37.42% / 37.42%
4410   1.000E-03   3.5193E+00   3.5193E+00   3.5193E+00 / 3.5193E+00   8.5698E-02 / 8.5698E-02   37.42% / 37.42%
4420   1.000E-03   2.7292E+00   2.7292E+00   2.7292E+00 / 2.7292E+00   8.6006E-02 / 8.6006E-02   37.42% / 37.42%
4430   1.000E-03   2.7333E+00   2.7333E+00   2.7333E+00 / 2.7333E+00   8.6298E-02 / 8.6298E-02   37.42% / 37.42%
4440   1.000E-03   5.9207E+00   5.9207E+00   5.9207E+00 / 5.9207E+00   8.6385E-02 / 8.6385E-02   37.42% / 37.42%
4450   1.000E-03   8.1624E+00   8.1624E+00   8.1624E+00 / 8.1624E+00   8.5657E-02 / 8.5657E-02   37.42% / 37.42%
4460   1.000E-03   4.9496E+00   4.9496E+00   4.9496E+00 / 4.9496E+00   8.5659E-02 / 8.5659E-02   37.42% / 37.42%
4470   1.000E-03   3.0965E+00   3.0965E+00   3.0965E+00 / 3.0965E+00   8.5469E-02 / 8.5469E-02   37.42% / 37.42%
4480   1.000E-03   2.3985E+00   2.3985E+00   2.3985E+00 / 2.3985E+00   8.5860E-02 / 8.5860E-02   37.42% / 37.42%
4490   1.000E-03   2.6446E+00   2.6446E+00   2.6446E+00 / 2.6446E+00   8.6266E-02 / 8.6266E-02   37.42% / 37.42%
4500   1.000E-03   2.6538E+00   2.6538E+00   2.6538E+00 / 2.6538E+00   8.6588E-02 / 8.6588E-02   37.42% / 37.42%
4510   1.000E-03   3.6012E+00   3.6012E+00   3.6012E+00 / 3.6012E+00   8.6991E-02 / 8.6991E-02   37.42% / 37.42%
4520   1.000E-03   1.0553E+01   1.0553E+01   1.0553E+01 / 1.0553E+01   8.7200E-02 / 8.7200E-02   37.42% / 37.42%
4530   1.000E-03   2.6461E+00   2.6461E+00   2.6461E+00 / 2.6461E+00   8.5836E-02 / 8.5836E-02   37.42% / 37.42%
4540   1.000E-03   2.7370E+00   2.7370E+00   2.7370E+00 / 2.7370E+00   8.5887E-02 / 8.5887E-02   37.42% / 37.42%
4550   1.000E-03   2.9470E+00   2.9470E+00   2.9470E+00 / 2.9470E+00   8.6401E-02 / 8.6401E-02   37.42% / 37.42%
4560   1.000E-03   2.4386E+00   2.4386E+00   2.4386E+00 / 2.4386E+00   8.6604E-02 / 8.6604E-02   37.42% / 37.42%
4570   1.000E-03   2.3212E+00   2.3212E+00   2.3212E+00 / 2.3212E+00   8.6889E-02 / 8.6889E-02   37.42% / 37.42%
4580   1.000E-03   2.3371E+00   2.3371E+00   2.3371E+00 / 2.3371E+00   8.7259E-02 / 8.7259E-02   37.42% / 37.42%
4590   1.000E-03   3.4867E+00   3.4867E+00   3.4867E+00 / 3.4867E+00   8.7511E-02 / 8.7511E-02   37.42% / 37.42%
4600   1.000E-03   2.3971E+01   2.3971E+01   2.3971E+01 / 2.3971E+01   8.6514E-02 / 8.6514E-02   37.42% / 37.42%
4610   1.000E-03   6.5998E+00   6.5998E+00   6.5998E+00 / 6.5998E+00   8.5686E-02 / 8.5686E-02   37.42% / 37.42%
4620   1.000E-03   2.5582E+00   2.5582E+00   2.5582E+00 / 2.5582E+00   8.5037E-02 / 8.5037E-02   37.42% / 37.42%
4630   1.000E-03   2.3361E+00   2.3361E+00   2.3361E+00 / 2.3361E+00   8.5293E-02 / 8.5293E-02   37.42% / 37.42%
4640   1.000E-03   2.3586E+00   2.3586E+00   2.3586E+00 / 2.3586E+00   8.5598E-02 / 8.5598E-02   37.42% / 37.42%
4650   1.000E-03   2.3004E+00   2.3004E+00   2.3004E+00 / 2.3004E+00   8.5831E-02 / 8.5831E-02   37.42% / 37.42%
4660   1.000E-03   2.2741E+00   2.2741E+00   2.2741E+00 / 2.2741E+00   8.6216E-02 / 8.6216E-02   37.42% / 37.42%
4670   1.000E-03   2.2883E+00   2.2883E+00   2.2883E+00 / 2.2883E+00   8.6648E-02 / 8.6648E-02   37.42% / 37.42%
4680   1.000E-03   2.2536E+00   2.2536E+00   2.2536E+00 / 2.2536E+00   8.7032E-02 / 8.7032E-02   37.42% / 37.42%
4690   1.000E-03   2.2532E+00   2.2532E+00   2.2532E+00 / 2.2532E+00   8.7426E-02 / 8.7426E-02   37.42% / 37.42%
4700   1.000E-03   2.3857E+00   2.3857E+00   2.3857E+00 / 2.3857E+00   8.7779E-02 / 8.7779E-02   37.42% / 37.42%
4710   1.000E-03   9.5205E+00   9.5205E+00   9.5205E+00 / 9.5205E+00   8.7734E-02 / 8.7734E-02   37.42% / 37.42%
4720   1.000E-03   2.2812E+00   2.2812E+00   2.2812E+00 / 2.2812E+00   8.6483E-02 / 8.6483E-02   37.42% / 37.42%
4730   1.000E-03   2.5825E+00   2.5825E+00   2.5825E+00 / 2.5825E+00   8.5611E-02 / 8.5611E-02   37.42% / 37.42%
4740   1.000E-03   2.7924E+00   2.7924E+00   2.7924E+00 / 2.7924E+00   8.5955E-02 / 8.5955E-02   37.42% / 37.42%
4750   1.000E-03   2.5253E+00   2.5253E+00   2.5253E+00 / 2.5253E+00   8.5992E-02 / 8.5992E-02   37.42% / 37.42%
4760   1.000E-03   2.2919E+00   2.2919E+00   2.2919E+00 / 2.2919E+00   8.6381E-02 / 8.6381E-02   37.42% / 37.42%
4770   1.000E-03   2.2046E+00   2.2046E+00   2.2046E+00 / 2.2046E+00   8.6678E-02 / 8.6678E-02   37.42% / 37.42%
4780   1.000E-03   2.2349E+00   2.2349E+00   2.2349E+00 / 2.2349E+00   8.7040E-02 / 8.7040E-02   37.42% / 37.42%
4790   1.000E-03   2.1865E+00   2.1865E+00   2.1865E+00 / 2.1865E+00   8.7471E-02 / 8.7471E-02   37.42% / 37.42%
4800   1.000E-03   2.1856E+00   2.1856E+00   2.1856E+00 / 2.1856E+00   8.7895E-02 / 8.7895E-02   37.42% / 37.42%
4810   1.000E-03   2.3445E+00   2.3445E+00   2.3445E+00 / 2.3445E+00   8.8342E-02 / 8.8342E-02   37.42% / 37.42%
4820   1.000E-03   1.0662E+01   1.0662E+01   1.0662E+01 / 1.0662E+01   8.8992E-02 / 8.8992E-02   37.42% / 37.42%
4830   1.000E-03   2.6883E+00   2.6883E+00   2.6883E+00 / 2.6883E+00   8.6605E-02 / 8.6605E-02   37.42% / 37.42%
4840   1.000E-03   3.5496E+00   3.5496E+00   3.5496E+00 / 3.5496E+00   8.6165E-02 / 8.6165E-02   37.42% / 37.42%
4850   1.000E-03   3.2906E+00   3.2906E+00   3.2906E+00 / 3.2906E+00   8.5973E-02 / 8.5973E-02   37.42% / 37.42%
4860   1.000E-03   2.6343E+00   2.6343E+00   2.6343E+00 / 2.6343E+00   8.6452E-02 / 8.6452E-02   37.42% / 37.42%
4870   1.000E-03   2.3366E+00   2.3366E+00   2.3366E+00 / 2.3366E+00   8.6541E-02 / 8.6541E-02   37.42% / 37.42%
4880   1.000E-03   2.1805E+00   2.1805E+00   2.1805E+00 / 2.1805E+00   8.6977E-02 / 8.6977E-02   37.42% / 37.42%
4890   1.000E-03   2.1374E+00   2.1374E+00   2.1374E+00 / 2.1374E+00   8.7349E-02 / 8.7349E-02   37.42% / 37.42%
4900   1.000E-03   2.1426E+00   2.1426E+00   2.1426E+00 / 2.1426E+00   8.7724E-02 / 8.7724E-02   37.42% / 37.42%
4910   1.000E-03   2.1742E+00   2.1742E+00   2.1742E+00 / 2.1742E+00   8.8112E-02 / 8.8112E-02   37.42% / 37.42%
4920   1.000E-03   2.8872E+00   2.8872E+00   2.8872E+00 / 2.8872E+00   8.8393E-02 / 8.8393E-02   37.42% / 37.42%
4930   1.000E-03   1.7373E+01   1.7373E+01   1.7373E+01 / 1.7373E+01   8.7884E-02 / 8.7884E-02   37.42% / 37.42%
4940   1.000E-03   4.7132E+00   4.7132E+00   4.7132E+00 / 4.7132E+00   8.7267E-02 / 8.7267E-02   37.42% / 37.42%
4950   1.000E-03   3.0264E+00   3.0264E+00   3.0264E+00 / 3.0264E+00   8.6691E-02 / 8.6691E-02   37.42% / 37.42%
4960   1.000E-03   2.2653E+00   2.2653E+00   2.2653E+00 / 2.2653E+00   8.7119E-02 / 8.7119E-02   37.42% / 37.42%
4970   1.000E-03   2.0989E+00   2.0989E+00   2.0989E+00 / 2.0989E+00   8.7311E-02 / 8.7311E-02   37.42% / 37.42%
4980   1.000E-03   2.2229E+00   2.2229E+00   2.2229E+00 / 2.2229E+00   8.7549E-02 / 8.7549E-02   37.42% / 37.42%
4990   1.000E-03   2.0749E+00   2.0749E+00   2.0749E+00 / 2.0749E+00   8.7974E-02 / 8.7974E-02   37.42% / 37.42%
5000   1.000E-03   2.1102E+00   2.1102E+00   2.1102E+00 / 2.1102E+00   8.8410E-02 / 8.8410E-02   37.42% / 37.42%
===============================================================================================================
Saved model to models/fp_memorization_norealiz/TBNNiii-24May03_08:57:36.pickle
