========== Dataset info ==========
Dataset params: {'file': '/home/nikki/kan/data/turbulence_dataset_clean.csv', 'Cases': ['fp_1000', 'fp_1410', 'fp_2000', 'fp_2540', 'fp_3030', 'fp_3270', 'fp_3630', 'fp_3970', 'fp_4060'], 'val_set': ['fp_3030', 'fp_1410', 'fp_4060'], 'test_set': ['fp_3630'], 'data_loader': <class 'tbnn.dataloaders.aDataset'>}
Train/Valid/Test points: 760 / 468 / 168
Memorization?: False
Cluster training?: False
EPOCH     LR        TRAIN         VALID             MSE:T/V                  RL:T/V             %NR_t/%NR_v
===============================================================================================================
  1   2.000E-03   2.3834E-01   2.3559E-01   2.3834E-01 / 2.3559E-01   
 10   2.000E-03   1.1853E-01   1.1545E-01   1.1853E-01 / 1.1545E-01   
 20   2.000E-03   4.5093E-02   4.3591E-02   4.5093E-02 / 4.3591E-02   
 30   2.000E-03   7.6750E-03   7.3032E-03   7.6750E-03 / 7.3032E-03   
 40   2.000E-03   2.8542E-03   2.6411E-03   2.8542E-03 / 2.6411E-03   
 50   2.000E-03   2.1170E-03   1.9782E-03   2.1099E-03 / 1.9721E-03   
 60   2.000E-03   1.7570E-03   1.6656E-03   1.7401E-03 / 1.6503E-03   
 70   2.000E-03   1.5203E-03   1.4540E-03   1.5061E-03 / 1.4414E-03   
 80   2.000E-03   1.3457E-03   1.2950E-03   1.3374E-03 / 1.2881E-03   
 90   2.000E-03   1.2094E-03   1.1706E-03   1.2050E-03 / 1.1672E-03   
100   2.000E-03   1.1041E-03   1.0728E-03   1.1000E-03 / 1.0697E-03   
110   2.000E-03   1.0150E-03   9.8675E-04   1.0117E-03 / 9.8417E-04   
120   2.000E-03   9.4211E-04   9.1604E-04   9.3896E-04 / 9.1329E-04   
130   2.000E-03   8.8164E-04   8.5672E-04   8.7824E-04 / 8.5363E-04   
140   2.000E-03   8.2902E-04   8.0382E-04   8.2627E-04 / 8.0130E-04   
150   2.000E-03   7.7944E-04   7.5414E-04   7.7847E-04 / 7.5327E-04   
160   2.000E-03   7.3588E-04   7.1141E-04   7.3468E-04 / 7.1026E-04   
170   2.000E-03   6.9961E-04   6.7545E-04   6.9775E-04 / 6.7367E-04   
180   2.000E-03   6.7333E-04   6.5082E-04   6.7090E-04 / 6.4849E-04   
190   2.000E-03   6.4583E-04   6.2383E-04   6.4228E-04 / 6.2041E-04   
200   2.000E-03   6.2333E-04   6.0276E-04   6.1988E-04 / 5.9941E-04   
210   2.000E-03   6.0268E-04   5.8120E-04   5.9870E-04 / 5.7732E-04   
220   2.000E-03   5.8132E-04   5.6224E-04   5.7815E-04 / 5.5913E-04   
230   2.000E-03   5.5994E-04   5.4216E-04   5.5623E-04 / 5.3853E-04   
240   2.000E-03   5.4191E-04   5.2471E-04   5.3843E-04 / 5.2131E-04   
250   2.000E-03   5.2670E-04   5.1168E-04   5.2295E-04 / 5.0802E-04   
260   2.000E-03   5.1389E-04   5.0042E-04   5.0963E-04 / 4.9627E-04   
270   2.000E-03   5.0333E-04   4.9070E-04   4.9931E-04 / 4.8678E-04   
280   2.000E-03   4.9469E-04   4.8480E-04   4.9077E-04 / 4.8097E-04   
290   2.000E-03   4.8356E-04   4.7082E-04   4.7985E-04 / 4.6720E-04   
300   2.000E-03   4.7550E-04   4.6470E-04   4.7122E-04 / 4.6050E-04   
310   2.000E-03   4.6834E-04   4.6109E-04   4.6442E-04 / 4.5724E-04   
320   2.000E-03   4.6054E-04   4.5240E-04   4.5654E-04 / 4.4848E-04   
330   2.000E-03   4.5273E-04   4.4371E-04   4.4876E-04 / 4.3986E-04   
340   2.000E-03   4.4876E-04   4.3954E-04   4.4503E-04 / 4.3601E-04   
350   2.000E-03   4.4013E-04   4.3095E-04   4.3639E-04 / 4.2732E-04   
360   2.000E-03   4.3478E-04   4.2661E-04   4.3069E-04 / 4.2272E-04   
370   2.000E-03   4.2798E-04   4.2107E-04   4.2418E-04 / 4.1742E-04   
380   2.000E-03   4.2231E-04   4.1660E-04   4.1862E-04 / 4.1307E-04   
390   2.000E-03   4.1664E-04   4.1032E-04   4.1329E-04 / 4.0713E-04   
400   2.000E-03   4.1066E-04   4.0367E-04   4.0728E-04 / 4.0042E-04   
410   2.000E-03   4.0546E-04   3.9843E-04   4.0220E-04 / 3.9529E-04   
420   2.000E-03   4.0174E-04   3.9499E-04   3.9878E-04 / 3.9216E-04   
430   2.000E-03   3.9392E-04   3.8822E-04   3.9105E-04 / 3.8548E-04   
440   2.000E-03   3.8781E-04   3.8209E-04   3.8452E-04 / 3.7892E-04   
450   2.000E-03   3.8428E-04   3.7852E-04   3.8103E-04 / 3.7536E-04   
460   2.000E-03   3.7764E-04   3.7205E-04   3.7486E-04 / 3.6936E-04   
470   2.000E-03   3.7541E-04   3.6995E-04   3.7221E-04 / 3.6684E-04   
480   2.000E-03   3.6781E-04   3.6384E-04   3.6487E-04 / 3.6112E-04   
490   2.000E-03   3.6294E-04   3.5806E-04   3.6018E-04 / 3.5543E-04   
500   2.000E-03   3.5849E-04   3.5347E-04   3.5575E-04 / 3.5088E-04   
510   2.000E-03   3.5269E-04   3.4935E-04   3.5006E-04 / 3.4679E-04   
520   2.000E-03   3.4896E-04   3.4664E-04   3.4658E-04 / 3.4434E-04   
530   2.000E-03   3.4208E-04   3.3836E-04   3.3974E-04 / 3.3609E-04   
540   2.000E-03   3.3680E-04   3.3334E-04   3.3457E-04 / 3.3116E-04   
550   2.000E-03   3.3255E-04   3.2952E-04   3.3052E-04 / 3.2751E-04   
560   2.000E-03   3.2727E-04   3.2580E-04   3.2473E-04 / 3.2338E-04   
570   2.000E-03   3.2347E-04   3.2134E-04   3.2109E-04 / 3.1903E-04   
580   2.000E-03   3.2162E-04   3.2109E-04   3.1967E-04 / 3.1919E-04   
590   2.000E-03   3.2069E-04   3.2011E-04   3.1859E-04 / 3.1824E-04   
600   2.000E-03   3.1140E-04   3.1006E-04   3.0933E-04 / 3.0807E-04   
610   2.000E-03   3.0972E-04   3.0762E-04   3.0798E-04 / 3.0593E-04   
620   2.000E-03   3.0274E-04   3.0138E-04   3.0106E-04 / 2.9981E-04   
630   2.000E-03   3.0194E-04   3.0091E-04   3.0019E-04 / 2.9928E-04   
640   2.000E-03   2.9617E-04   2.9666E-04   2.9457E-04 / 2.9516E-04   
650   2.000E-03   2.9032E-04   2.9170E-04   2.8881E-04 / 2.9028E-04   
660   2.000E-03   2.8805E-04   2.9019E-04   2.8654E-04 / 2.8876E-04   
670   2.000E-03   2.8608E-04   2.8811E-04   2.8449E-04 / 2.8673E-04   
680   2.000E-03   2.7952E-04   2.8344E-04   2.7813E-04 / 2.8215E-04   
690   2.000E-03   2.7722E-04   2.8198E-04   2.7590E-04 / 2.8074E-04   
700   2.000E-03   2.7329E-04   2.7727E-04   2.7199E-04 / 2.7608E-04   
710   2.000E-03   2.6862E-04   2.7086E-04   2.6756E-04 / 2.6988E-04   
720   2.000E-03   2.7480E-04   2.8163E-04   2.7375E-04 / 2.8066E-04   
730   2.000E-03   2.6245E-04   2.6753E-04   2.6139E-04 / 2.6658E-04   
740   2.000E-03   2.6278E-04   2.7013E-04   2.6181E-04 / 2.6923E-04   
750   2.000E-03   2.5998E-04   2.6367E-04   2.5915E-04 / 2.6290E-04   
760   2.000E-03   2.5654E-04   2.6112E-04   2.5566E-04 / 2.6032E-04   
770   2.000E-03   2.5072E-04   2.5513E-04   2.4998E-04 / 2.5444E-04   
780   2.000E-03   2.4750E-04   2.5326E-04   2.4679E-04 / 2.5260E-04   
790   2.000E-03   2.4578E-04   2.4978E-04   2.4496E-04 / 2.4901E-04   
800   2.000E-03   2.4853E-04   2.5585E-04   2.4776E-04 / 2.5514E-04   
810   2.000E-03   2.3976E-04   2.4626E-04   2.3899E-04 / 2.4560E-04   
820   2.000E-03   2.3557E-04   2.4233E-04   2.3476E-04 / 2.4158E-04   
830   2.000E-03   2.3688E-04   2.4284E-04   2.3625E-04 / 2.4226E-04   
840   2.000E-03   2.3267E-04   2.4026E-04   2.3205E-04 / 2.3969E-04   
850   2.000E-03   2.3031E-04   2.3711E-04   2.2975E-04 / 2.3661E-04   
860   2.000E-03   2.2535E-04   2.3098E-04   2.2470E-04 / 2.3038E-04   
870   2.000E-03   2.2072E-04   2.2759E-04   2.2022E-04 / 2.2712E-04   
880   2.000E-03   2.2016E-04   2.2505E-04   2.1959E-04 / 2.2454E-04   
890   2.000E-03   2.1612E-04   2.2475E-04   2.1566E-04 / 2.2432E-04   
900   2.000E-03   2.1500E-04   2.2370E-04   2.1453E-04 / 2.2326E-04   
910   2.000E-03   2.1101E-04   2.1799E-04   2.1048E-04 / 2.1749E-04   
920   2.000E-03   2.1558E-04   2.2473E-04   2.1511E-04 / 2.2430E-04   
930   2.000E-03   2.0696E-04   2.1736E-04   2.0652E-04 / 2.1696E-04   
940   2.000E-03   2.0465E-04   2.1422E-04   2.0423E-04 / 2.1384E-04   
950   2.000E-03   2.0374E-04   2.1453E-04   2.0333E-04 / 2.1416E-04   
960   2.000E-03   2.0658E-04   2.1066E-04   2.0621E-04 / 2.1034E-04   
970   2.000E-03   1.9936E-04   2.0833E-04   1.9905E-04 / 2.0806E-04   
980   2.000E-03   1.9677E-04   2.0494E-04   1.9645E-04 / 2.0465E-04   
990   2.000E-03   1.9343E-04   2.0440E-04   1.9309E-04 / 2.0413E-04   
1000   2.000E-03   1.8980E-04   1.9908E-04   1.8952E-04 / 1.9884E-04   
1010   2.000E-03   1.9021E-04   1.9534E-04   1.8994E-04 / 1.9512E-04   
1020   2.000E-03   1.9251E-04   2.0263E-04   1.9203E-04 / 2.0237E-04   
1030   2.000E-03   1.8793E-04   2.0031E-04   1.8772E-04 / 2.0015E-04   
1040   2.000E-03   1.8308E-04   1.9130E-04   1.8284E-04 / 1.9113E-04   
1050   2.000E-03   1.8908E-04   2.0042E-04   1.8888E-04 / 2.0027E-04   
1060   2.000E-03   1.7896E-04   1.9111E-04   1.7883E-04 / 1.9102E-04   
1070   2.000E-03   1.7644E-04   1.8539E-04   1.7608E-04 / 1.8528E-04   
1080   2.000E-03   1.7298E-04   1.8588E-04   1.7284E-04 / 1.8578E-04   
1090   2.000E-03   1.7131E-04   1.8035E-04   1.7107E-04 / 1.8024E-04   
1100   2.000E-03   1.6911E-04   1.7961E-04   1.6901E-04 / 1.7955E-04   
1110   2.000E-03   1.6853E-04   1.8083E-04   1.6842E-04 / 1.8077E-04   
1120   2.000E-03   1.6600E-04   1.8008E-04   1.6592E-04 / 1.8003E-04   
1130   2.000E-03   1.6354E-04   1.7413E-04   1.6340E-04 / 1.7410E-04   
1140   2.000E-03   1.6230E-04   1.7459E-04   1.6218E-04 / 1.7454E-04   
1150   2.000E-03   1.6089E-04   1.7050E-04   1.6060E-04 / 1.7042E-04   
1160   2.000E-03   1.5971E-04   1.7341E-04   1.5950E-04 / 1.7331E-04   
1170   2.000E-03   1.5484E-04   1.6415E-04   1.5476E-04 / 1.6413E-04   
1180   2.000E-03   1.6104E-04   1.7728E-04   1.6090E-04 / 1.7725E-04   
1190   2.000E-03   1.5199E-04   1.6169E-04   1.5184E-04 / 1.6164E-04   
1200   2.000E-03   1.4950E-04   1.6223E-04   1.4938E-04 / 1.6216E-04   
1210   2.000E-03   1.4740E-04   1.6031E-04   1.4727E-04 / 1.6025E-04   
1220   2.000E-03   1.4480E-04   1.5640E-04   1.4465E-04 / 1.5635E-04   
1230   2.000E-03   1.4781E-04   1.5654E-04   1.4771E-04 / 1.5647E-04   
1240   2.000E-03   1.4214E-04   1.5474E-04   1.4201E-04 / 1.5468E-04   
1250   2.000E-03   1.4165E-04   1.5694E-04   1.4148E-04 / 1.5688E-04   
1260   2.000E-03   1.4729E-04   1.5441E-04   1.4715E-04 / 1.5435E-04   
1270   2.000E-03   1.3905E-04   1.4986E-04   1.3889E-04 / 1.4979E-04   
1280   2.000E-03   1.3563E-04   1.4888E-04   1.3526E-04 / 1.4882E-04   
1290   2.000E-03   1.3531E-04   1.4844E-04   1.3510E-04 / 1.4839E-04   
1300   2.000E-03   1.3450E-04   1.4823E-04   1.3433E-04 / 1.4815E-04   
1310   2.000E-03   1.3428E-04   1.4990E-04   1.3416E-04 / 1.4984E-04   
1320   2.000E-03   1.3278E-04   1.4383E-04   1.3262E-04 / 1.4379E-04   
1330   2.000E-03   1.2994E-04   1.4373E-04   1.2977E-04 / 1.4366E-04   
1340   2.000E-03   1.2835E-04   1.3884E-04   1.2806E-04 / 1.3880E-04   
1350   2.000E-03   1.2975E-04   1.3973E-04   1.2966E-04 / 1.3970E-04   
1360   2.000E-03   1.2788E-04   1.4495E-04   1.2771E-04 / 1.4490E-04   
1370   2.000E-03   1.2703E-04   1.3797E-04   1.2671E-04 / 1.3791E-04   
1380   2.000E-03   1.2484E-04   1.3884E-04   1.2468E-04 / 1.3880E-04   
1390   2.000E-03   1.2077E-04   1.3616E-04   1.2060E-04 / 1.3612E-04   
1400   2.000E-03   1.1870E-04   1.3279E-04   1.1851E-04 / 1.3274E-04   
1410   2.000E-03   1.2265E-04   1.3191E-04   1.2242E-04 / 1.3186E-04   
1420   2.000E-03   1.1798E-04   1.3331E-04   1.1784E-04 / 1.3327E-04   
1430   2.000E-03   1.3754E-04   1.4568E-04   1.3728E-04 / 1.4565E-04   
1440   2.000E-03   1.1657E-04   1.3397E-04   1.1644E-04 / 1.3395E-04   
1450   2.000E-03   1.1316E-04   1.2714E-04   1.1299E-04 / 1.2709E-04   
1460   2.000E-03   1.1512E-04   1.3098E-04   1.1499E-04 / 1.3095E-04   
1470   2.000E-03   1.1137E-04   1.2556E-04   1.1131E-04 / 1.2554E-04   
1480   2.000E-03   1.1077E-04   1.2775E-04   1.1071E-04 / 1.2773E-04   
1490   2.000E-03   1.1016E-04   1.2553E-04   1.1006E-04 / 1.2551E-04   
1500   2.000E-03   1.1210E-04   1.2909E-04   1.1199E-04 / 1.2906E-04   
1510   2.000E-03   1.0868E-04   1.2050E-04   1.0858E-04 / 1.2049E-04   
1520   2.000E-03   1.0665E-04   1.2236E-04   1.0655E-04 / 1.2235E-04   
1530   2.000E-03   1.0681E-04   1.1888E-04   1.0654E-04 / 1.1885E-04   
1540   2.000E-03   1.0846E-04   1.2384E-04   1.0834E-04 / 1.2384E-04   
1550   2.000E-03   1.0364E-04   1.1799E-04   1.0322E-04 / 1.1798E-04   
1560   2.000E-03   1.0537E-04   1.2201E-04   1.0519E-04 / 1.2199E-04   
1570   2.000E-03   1.0516E-04   1.1872E-04   1.0495E-04 / 1.1869E-04   
1580   2.000E-03   1.0461E-04   1.1996E-04   1.0452E-04 / 1.1995E-04   
1590   2.000E-03   1.0145E-04   1.1358E-04   1.0140E-04 / 1.1358E-04   
1600   2.000E-03   1.0491E-04   1.1811E-04   1.0472E-04 / 1.1808E-04   
1610   2.000E-03   1.0126E-04   1.1416E-04   1.0069E-04 / 1.1414E-04   
1620   2.000E-03   9.6704E-05   1.1408E-04   9.6612E-05 / 1.1407E-04   
1630   2.000E-03   9.8520E-05   1.1135E-04   9.8379E-05 / 1.1134E-04   
1640   2.000E-03   1.0088E-04   1.1434E-04   1.0076E-04 / 1.1434E-04   
1650   2.000E-03   9.7348E-05   1.1498E-04   9.7185E-05 / 1.1497E-04   
1660   2.000E-03   9.3832E-05   1.1152E-04   9.3759E-05 / 1.1151E-04   
1670   2.000E-03   9.8513E-05   1.1768E-04   9.8312E-05 / 1.1768E-04   
1680   2.000E-03   9.4377E-05   1.1440E-04   9.4278E-05 / 1.1439E-04   
1690   2.000E-03   9.1634E-05   1.0901E-04   9.1526E-05 / 1.0900E-04   
1700   2.000E-03   9.1508E-05   1.0715E-04   9.1449E-05 / 1.0715E-04   
1710   2.000E-03   1.0501E-04   1.2874E-04   1.0492E-04 / 1.2874E-04   
1720   2.000E-03   8.9712E-05   1.0350E-04   8.9488E-05 / 1.0349E-04   
1730   2.000E-03   8.7312E-05   1.0336E-04   8.7244E-05 / 1.0336E-04   
1740   2.000E-03   8.7279E-05   1.0550E-04   8.7117E-05 / 1.0549E-04   
1750   2.000E-03   1.0382E-04   1.1936E-04   1.0376E-04 / 1.1936E-04   
1760   2.000E-03   8.9713E-05   1.0522E-04   8.9622E-05 / 1.0521E-04   
1770   2.000E-03   9.0169E-05   1.0804E-04   8.9982E-05 / 1.0803E-04   
1780   2.000E-03   8.4853E-05   9.8291E-05   8.4751E-05 / 9.8288E-05   
1790   2.000E-03   9.0272E-05   1.0794E-04   9.0217E-05 / 1.0793E-04   
1800   2.000E-03   8.6963E-05   1.0589E-04   8.6891E-05 / 1.0589E-04   
1810   2.000E-03   8.5120E-05   1.0369E-04   8.4977E-05 / 1.0369E-04   
1820   2.000E-03   8.3918E-05   1.0242E-04   8.3803E-05 / 1.0242E-04   
1830   2.000E-03   8.1803E-05   9.6001E-05   8.1534E-05 / 9.5996E-05   
1840   2.000E-03   8.1917E-05   9.9228E-05   8.1889E-05 / 9.9227E-05   
1850   2.000E-03   8.5075E-05   1.0492E-04   8.4854E-05 / 1.0492E-04   
1860   2.000E-03   7.9321E-05   9.4527E-05   7.9118E-05 / 9.4523E-05   
1870   2.000E-03   7.8718E-05   9.4148E-05   7.8607E-05 / 9.4146E-05   
1880   2.000E-03   7.9775E-05   9.2729E-05   7.9525E-05 / 9.2726E-05   
1890   2.000E-03   7.9096E-05   9.4774E-05   7.8988E-05 / 9.4773E-05   
1900   2.000E-03   1.1440E-04   1.3761E-04   1.1295E-04 / 1.3759E-04   
1910   2.000E-03   7.7212E-05   9.6223E-05   7.7126E-05 / 9.6222E-05   
1920   2.000E-03   7.7280E-05   9.1392E-05   7.7247E-05 / 9.1391E-05   
1930   2.000E-03   7.4934E-05   9.0891E-05   7.4829E-05 / 9.0889E-05   
1940   2.000E-03   7.9435E-05   9.4971E-05   7.9356E-05 / 9.4971E-05   
1950   2.000E-03   7.4632E-05   9.0033E-05   7.4508E-05 / 9.0032E-05   
1960   2.000E-03   7.3269E-05   9.1680E-05   7.3165E-05 / 9.1677E-05   
1970   2.000E-03   7.3011E-05   8.7291E-05   7.2923E-05 / 8.7288E-05   
1980   2.000E-03   7.4340E-05   9.1990E-05   7.4256E-05 / 9.1988E-05   
1990   2.000E-03   8.1117E-05   9.1624E-05   8.0971E-05 / 9.1618E-05   
2000   2.000E-03   7.0377E-05   8.7367E-05   7.0164E-05 / 8.7357E-05   
2010   2.000E-03   7.1167E-05   8.8802E-05   7.0995E-05 / 8.8787E-05   
2020   2.000E-03   7.2990E-05   9.0101E-05   7.2851E-05 / 9.0082E-05   
2030   2.000E-03   7.0360E-05   8.7978E-05   7.0303E-05 / 8.7969E-05   
2040   2.000E-03   7.2136E-05   8.6668E-05   7.1939E-05 / 8.6646E-05   
2050   2.000E-03   8.8005E-05   1.0161E-04   8.7910E-05 / 1.0159E-04   
2060   2.000E-03   7.1368E-05   8.9659E-05   7.1282E-05 / 8.9633E-05   
2070   2.000E-03   6.7550E-05   8.4163E-05   6.7425E-05 / 8.4149E-05   
2080   2.000E-03   6.7479E-05   8.4398E-05   6.7418E-05 / 8.4389E-05   
2090   2.000E-03   6.7100E-05   8.2701E-05   6.6765E-05 / 8.2685E-05   
2100   2.000E-03   6.9230E-05   8.7913E-05   6.9126E-05 / 8.7901E-05   
2110   2.000E-03   6.6951E-05   8.4950E-05   6.6791E-05 / 8.4938E-05   
2120   2.000E-03   6.8580E-05   8.2557E-05   6.8352E-05 / 8.2536E-05   
2130   2.000E-03   6.6605E-05   8.1686E-05   6.6315E-05 / 8.1646E-05   
2140   2.000E-03   6.4952E-05   8.3189E-05   6.4825E-05 / 8.3165E-05   
2150   2.000E-03   6.9438E-05   8.2138E-05   6.9245E-05 / 8.2101E-05   
2160   2.000E-03   7.1184E-05   8.4412E-05   7.1087E-05 / 8.4402E-05   
2170   2.000E-03   6.5185E-05   8.3500E-05   6.4989E-05 / 8.3474E-05   
2180   2.000E-03   7.3012E-05   8.6080E-05   7.2819E-05 / 8.6055E-05   
2190   2.000E-03   6.5218E-05   8.3185E-05   6.5134E-05 / 8.3175E-05   
2200   2.000E-03   6.2349E-05   7.9273E-05   6.2190E-05 / 7.9254E-05   
2210   2.000E-03   6.4695E-05   7.9240E-05   6.4677E-05 / 7.9235E-05   
2220   2.000E-03   6.5444E-05   8.6171E-05   6.5316E-05 / 8.6142E-05   
2230   2.000E-03   6.2543E-05   7.7417E-05   6.2399E-05 / 7.7400E-05   
2240   2.000E-03   6.7129E-05   8.0882E-05   6.6900E-05 / 8.0853E-05   
2250   2.000E-03   6.3832E-05   8.2213E-05   6.3631E-05 / 8.2194E-05   
2260   2.000E-03   6.0085E-05   7.7898E-05   5.9961E-05 / 7.7885E-05   
2270   2.000E-03   6.3126E-05   7.8302E-05   6.3056E-05 / 7.8292E-05   
2280   2.000E-03   5.9319E-05   7.6031E-05   5.9150E-05 / 7.5984E-05   
2290   2.000E-03   6.7588E-05   8.5474E-05   6.6764E-05 / 8.5427E-05   
2300   2.000E-03   6.2063E-05   7.8187E-05   6.1946E-05 / 7.8169E-05   
2310   2.000E-03   5.9682E-05   7.5496E-05   5.9442E-05 / 7.5471E-05   
2320   2.000E-03   6.0840E-05   8.0215E-05   6.0683E-05 / 8.0193E-05   
2330   2.000E-03   6.1039E-05   8.0024E-05   6.0912E-05 / 8.0000E-05   
2340   2.000E-03   5.9004E-05   7.2721E-05   5.8882E-05 / 7.2682E-05   
2350   2.000E-03   5.7520E-05   7.2957E-05   5.7436E-05 / 7.2934E-05   
2360   2.000E-03   6.0039E-05   7.6618E-05   5.9987E-05 / 7.6584E-05   
2370   2.000E-03   5.8215E-05   7.7027E-05   5.8072E-05 / 7.6986E-05   
2380   2.000E-03   5.7034E-05   7.2930E-05   5.6879E-05 / 7.2885E-05   
2390   2.000E-03   5.8037E-05   7.2803E-05   5.7844E-05 / 7.2757E-05   
2400   2.000E-03   6.0213E-05   7.9743E-05   6.0123E-05 / 7.9693E-05   
2410   2.000E-03   5.6721E-05   7.1388E-05   5.6602E-05 / 7.1358E-05   
2420   2.000E-03   6.6531E-05   7.7662E-05   6.6427E-05 / 7.7596E-05   
2430   2.000E-03   5.9532E-05   7.5498E-05   5.9294E-05 / 7.5433E-05   
2440   2.000E-03   5.4889E-05   6.9252E-05   5.4698E-05 / 6.9160E-05   
2450   2.000E-03   5.5993E-05   7.1788E-05   5.5898E-05 / 7.1718E-05   
2460   2.000E-03   6.0903E-05   7.6495E-05   6.0848E-05 / 7.6458E-05   
2470   2.000E-03   5.8404E-05   7.3662E-05   5.8136E-05 / 7.3573E-05   
2480   2.000E-03   5.2745E-05   6.9654E-05   5.2584E-05 / 6.9557E-05   
2490   2.000E-03   5.4766E-05   7.1757E-05   5.4672E-05 / 7.1710E-05   
2500   2.000E-03   5.2642E-05   6.8938E-05   5.2506E-05 / 6.8830E-05   
2510   2.000E-03   5.4463E-05   7.1516E-05   5.4250E-05 / 7.1412E-05   
2520   2.000E-03   5.2634E-05   6.7747E-05   5.2558E-05 / 6.7676E-05   
2530   2.000E-03   5.4484E-05   7.3484E-05   5.4280E-05 / 7.3403E-05   
2540   2.000E-03   5.5432E-05   6.9963E-05   5.5265E-05 / 6.9872E-05   
2550   2.000E-03   5.1663E-05   6.8539E-05   5.1584E-05 / 6.8467E-05   
2560   2.000E-03   5.4267E-05   7.0681E-05   5.4077E-05 / 7.0555E-05   
2570   2.000E-03   5.5688E-05   7.5048E-05   5.5462E-05 / 7.4956E-05   
2580   2.000E-03   5.2604E-05   7.1071E-05   5.2528E-05 / 7.0987E-05   
2590   2.000E-03   5.2892E-05   6.7690E-05   5.2742E-05 / 6.7546E-05   
2600   2.000E-03   5.0714E-05   6.7969E-05   5.0476E-05 / 6.7812E-05   
2610   2.000E-03   5.4246E-05   6.9748E-05   5.4142E-05 / 6.9662E-05   
2620   2.000E-03   5.4596E-05   7.2027E-05   5.4331E-05 / 7.1837E-05   
2630   2.000E-03   5.2165E-05   7.2635E-05   5.1932E-05 / 7.2492E-05   
2640   2.000E-03   5.2423E-05   7.1241E-05   5.2032E-05 / 7.1071E-05   
2650   2.000E-03   6.7371E-05   7.5234E-05   6.7222E-05 / 7.5115E-05   
2660   2.000E-03   4.9457E-05   6.6450E-05   4.9279E-05 / 6.6297E-05   
2670   2.000E-03   4.8996E-05   6.4380E-05   4.8768E-05 / 6.4266E-05   
2680   2.000E-03   5.1937E-05   6.6463E-05   5.1841E-05 / 6.6372E-05   
2690   2.000E-03   6.2557E-05   7.3336E-05   6.2479E-05 / 7.3235E-05   
2700   2.000E-03   4.8978E-05   6.6338E-05   4.8784E-05 / 6.6198E-05   
2710   2.000E-03   4.9592E-05   6.7957E-05   4.9312E-05 / 6.7768E-05   
2720   2.000E-03   4.8179E-05   6.3614E-05   4.7879E-05 / 6.3398E-05   
2730   2.000E-03   5.0572E-05   6.6437E-05   5.0462E-05 / 6.6351E-05   
2740   2.000E-03   4.7575E-05   6.4912E-05   4.7347E-05 / 6.4749E-05   
2750   2.000E-03   4.9217E-05   6.5584E-05   4.8843E-05 / 6.5421E-05   
2760   2.000E-03   5.3967E-05   7.1814E-05   5.3629E-05 / 7.1601E-05   
2770   2.000E-03   4.6797E-05   6.2730E-05   4.6579E-05 / 6.2553E-05   
2780   2.000E-03   4.8292E-05   6.7641E-05   4.8100E-05 / 6.7485E-05   
2790   2.000E-03   4.8567E-05   6.5280E-05   4.8183E-05 / 6.5050E-05   
2800   2.000E-03   5.3511E-05   6.5051E-05   5.3230E-05 / 6.4904E-05   
2810   2.000E-03   4.6647E-05   6.3930E-05   4.6304E-05 / 6.3690E-05   
2820   2.000E-03   5.0387E-05   6.5425E-05   5.0141E-05 / 6.5226E-05   
2830   2.000E-03   4.6562E-05   6.3238E-05   4.6254E-05 / 6.3001E-05   
2840   2.000E-03   4.7473E-05   6.2368E-05   4.7264E-05 / 6.2249E-05   
2850   2.000E-03   5.0273E-05   6.3719E-05   4.9986E-05 / 6.3543E-05   
2860   2.000E-03   4.9487E-05   6.9398E-05   4.9326E-05 / 6.9256E-05   
2870   2.000E-03   4.6381E-05   6.5108E-05   4.6155E-05 / 6.4940E-05   
2880   2.000E-03   4.5923E-05   6.0729E-05   4.5798E-05 / 6.0652E-05   
2890   2.000E-03   4.5489E-05   6.0012E-05   4.5217E-05 / 5.9797E-05   
2900   2.000E-03   4.8288E-05   6.6069E-05   4.7986E-05 / 6.5843E-05   
2910   2.000E-03   4.5631E-05   6.4505E-05   4.5427E-05 / 6.4354E-05   
2920   2.000E-03   4.8049E-05   6.3301E-05   4.7551E-05 / 6.3062E-05   
2930   2.000E-03   4.7329E-05   6.3415E-05   4.6953E-05 / 6.3234E-05   
2940   2.000E-03   4.8711E-05   6.1724E-05   4.8448E-05 / 6.1545E-05   
2950   2.000E-03   4.8350E-05   6.9644E-05   4.8152E-05 / 6.9488E-05   
2960   2.000E-03   4.9094E-05   6.0362E-05   4.8832E-05 / 6.0198E-05   
2970   2.000E-03   4.5308E-05   5.9472E-05   4.5119E-05 / 5.9363E-05   
2980   2.000E-03   4.6445E-05   6.2179E-05   4.6282E-05 / 6.2049E-05   
2990   2.000E-03   4.6763E-05   6.3068E-05   4.6387E-05 / 6.2940E-05   
3000   2.000E-03   4.5853E-05   6.3609E-05   4.5412E-05 / 6.3369E-05   
3010   2.000E-03   4.4516E-05   5.9342E-05   4.4310E-05 / 5.9206E-05   
3020   2.000E-03   4.6773E-05   6.4943E-05   4.6620E-05 / 6.4833E-05   
3030   2.000E-03   4.7212E-05   6.1769E-05   4.6933E-05 / 6.1652E-05   
3040   2.000E-03   4.5319E-05   5.9300E-05   4.5040E-05 / 5.9153E-05   
3050   2.000E-03   4.5051E-05   5.7515E-05   4.4705E-05 / 5.7362E-05   
3060   2.000E-03   4.4031E-05   6.1199E-05   4.3831E-05 / 6.1070E-05   
3070   2.000E-03   4.3665E-05   5.9465E-05   4.3300E-05 / 5.9254E-05   
3080   2.000E-03   4.2881E-05   5.9881E-05   4.2661E-05 / 5.9744E-05   
3090   2.000E-03   6.0936E-05   6.9727E-05   6.0726E-05 / 6.9605E-05   
3100   2.000E-03   4.3151E-05   5.9459E-05   4.2947E-05 / 5.9311E-05   
3110   2.000E-03   4.3260E-05   5.9592E-05   4.3043E-05 / 5.9478E-05   
3120   2.000E-03   4.4402E-05   6.2568E-05   4.4240E-05 / 6.2462E-05   
3130   2.000E-03   4.2926E-05   5.6949E-05   4.2665E-05 / 5.6776E-05   
3140   2.000E-03   4.4731E-05   6.0517E-05   4.4431E-05 / 6.0368E-05   
3150   2.000E-03   5.6922E-05   6.7284E-05   5.6596E-05 / 6.7085E-05   
3160   2.000E-03   4.3062E-05   5.7747E-05   4.2645E-05 / 5.7537E-05   
3170   2.000E-03   4.8727E-05   5.9470E-05   4.8382E-05 / 5.9241E-05   
3180   2.000E-03   4.3337E-05   6.0415E-05   4.3047E-05 / 6.0287E-05   
3190   2.000E-03   4.0720E-05   5.7647E-05   4.0499E-05 / 5.7537E-05   
3200   2.000E-03   4.4817E-05   5.9788E-05   4.4603E-05 / 5.9660E-05   
3210   2.000E-03   4.6159E-05   5.7968E-05   4.5851E-05 / 5.7829E-05   
3220   2.000E-03   4.0638E-05   5.5416E-05   4.0406E-05 / 5.5277E-05   
3230   2.000E-03   4.9084E-05   6.1043E-05   4.8646E-05 / 6.0850E-05   
3240   2.000E-03   4.1819E-05   5.5198E-05   4.1596E-05 / 5.5068E-05   
3250   2.000E-03   4.2571E-05   6.0799E-05   4.2080E-05 / 6.0600E-05   
3260   2.000E-03   4.6670E-05   6.1661E-05   4.6134E-05 / 6.1406E-05   
3270   2.000E-03   4.0617E-05   5.5008E-05   4.0097E-05 / 5.4667E-05   
3280   2.000E-03   4.1462E-05   5.4337E-05   4.1236E-05 / 5.4236E-05   
3290   2.000E-03   3.9880E-05   5.7072E-05   3.9670E-05 / 5.6950E-05   
3300   2.000E-03   4.2032E-05   6.0092E-05   4.1708E-05 / 5.9909E-05   
3310   2.000E-03   4.3300E-05   6.2923E-05   4.3004E-05 / 6.2808E-05   
3320   2.000E-03   4.0710E-05   5.5807E-05   4.0418E-05 / 5.5668E-05   
3330   2.000E-03   3.9294E-05   5.3890E-05   3.8990E-05 / 5.3703E-05   
3340   2.000E-03   3.9983E-05   5.6901E-05   3.9693E-05 / 5.6743E-05   
3350   2.000E-03   3.9833E-05   5.6228E-05   3.9629E-05 / 5.6112E-05   
3360   2.000E-03   3.9658E-05   5.3976E-05   3.9413E-05 / 5.3848E-05   
3370   2.000E-03   3.9594E-05   5.4395E-05   3.9343E-05 / 5.4226E-05   
3380   2.000E-03   4.0756E-05   5.8238E-05   4.0411E-05 / 5.8025E-05   
3390   2.000E-03   3.9748E-05   5.4591E-05   3.9370E-05 / 5.4469E-05   
3400   2.000E-03   4.8812E-05   5.8960E-05   4.8005E-05 / 5.8750E-05   
3410   2.000E-03   4.0293E-05   5.7374E-05   4.0041E-05 / 5.7227E-05   
3420   2.000E-03   3.9342E-05   5.4958E-05   3.9021E-05 / 5.4751E-05   
3430   2.000E-03   3.9615E-05   5.6352E-05   3.9465E-05 / 5.6258E-05   
3440   2.000E-03   3.9018E-05   5.5844E-05   3.8718E-05 / 5.5658E-05   
3450   2.000E-03   3.8314E-05   5.4039E-05   3.8183E-05 / 5.3972E-05   
3460   2.000E-03   4.2519E-05   6.0884E-05   4.1986E-05 / 6.0642E-05   
3470   2.000E-03   4.2174E-05   5.6979E-05   4.1935E-05 / 5.6836E-05   
3480   2.000E-03   4.0182E-05   5.6138E-05   3.9878E-05 / 5.5990E-05   
3490   2.000E-03   4.0440E-05   5.5655E-05   4.0102E-05 / 5.5383E-05   
3500   2.000E-03   6.0828E-05   7.6049E-05   6.0589E-05 / 7.5897E-05   
3510   2.000E-03   3.7347E-05   5.3664E-05   3.7145E-05 / 5.3543E-05   
3520   2.000E-03   3.7204E-05   5.3394E-05   3.6888E-05 / 5.3229E-05   
3530   2.000E-03   4.0277E-05   5.5473E-05   3.9933E-05 / 5.5270E-05   
3540   2.000E-03   4.5028E-05   6.5716E-05   4.4877E-05 / 6.5614E-05   
3550   2.000E-03   3.9789E-05   5.5067E-05   3.9378E-05 / 5.4767E-05   
3560   2.000E-03   3.7340E-05   5.3349E-05   3.6858E-05 / 5.3042E-05   
3570   2.000E-03   3.7406E-05   5.4567E-05   3.7052E-05 / 5.4304E-05   
3580   2.000E-03   3.8277E-05   5.2554E-05   3.8036E-05 / 5.2403E-05   
3590   2.000E-03   4.1750E-05   5.6765E-05   4.1596E-05 / 5.6650E-05   
3600   2.000E-03   3.6685E-05   5.2981E-05   3.6456E-05 / 5.2799E-05   
3610   2.000E-03   3.7768E-05   5.4181E-05   3.7575E-05 / 5.4041E-05   
3620   2.000E-03   3.7156E-05   5.4192E-05   3.6914E-05 / 5.4043E-05   
3630   2.000E-03   3.7019E-05   5.3533E-05   3.6732E-05 / 5.3365E-05   
3640   2.000E-03   4.0694E-05   5.8529E-05   4.0478E-05 / 5.8379E-05   
3650   2.000E-03   4.1235E-05   5.6036E-05   4.1033E-05 / 5.5887E-05   
3660   2.000E-03   3.6281E-05   5.1684E-05   3.6030E-05 / 5.1521E-05   
3670   2.000E-03   3.6777E-05   5.1753E-05   3.6564E-05 / 5.1585E-05   
3680   2.000E-03   3.7617E-05   5.4103E-05   3.7373E-05 / 5.3939E-05   
3690   2.000E-03   3.5673E-05   5.1934E-05   3.5435E-05 / 5.1770E-05   
3700   2.000E-03   3.6668E-05   5.4550E-05   3.6304E-05 / 5.4252E-05   
3710   2.000E-03   3.6710E-05   5.0803E-05   3.6517E-05 / 5.0659E-05   
3720   2.000E-03   3.6659E-05   5.2964E-05   3.6147E-05 / 5.2617E-05   
3730   2.000E-03   4.1948E-05   6.1416E-05   4.1607E-05 / 6.1196E-05   
3740   2.000E-03   3.6976E-05   5.2455E-05   3.6773E-05 / 5.2288E-05   
3750   2.000E-03   3.5468E-05   5.0485E-05   3.5238E-05 / 5.0324E-05   
3760   2.000E-03   4.1081E-05   5.8486E-05   4.0673E-05 / 5.8277E-05   
3770   2.000E-03   4.0748E-05   5.2417E-05   4.0516E-05 / 5.2211E-05   
3780   2.000E-03   3.7138E-05   5.1771E-05   3.6885E-05 / 5.1572E-05   
3790   2.000E-03   3.9967E-05   5.1541E-05   3.9703E-05 / 5.1373E-05   
3800   2.000E-03   3.6507E-05   5.1757E-05   3.6014E-05 / 5.1377E-05   
3810   2.000E-03   3.6073E-05   5.3028E-05   3.5812E-05 / 5.2798E-05   
3820   2.000E-03   3.5771E-05   5.2634E-05   3.5556E-05 / 5.2428E-05   
3830   2.000E-03   4.0456E-05   6.1680E-05   4.0219E-05 / 6.1465E-05   
3840   2.000E-03   3.9526E-05   5.4167E-05   3.9330E-05 / 5.4036E-05   
3850   2.000E-03   3.5631E-05   5.3602E-05   3.5359E-05 / 5.3373E-05   
3860   2.000E-03   3.5430E-05   5.2061E-05   3.5214E-05 / 5.1853E-05   
3870   2.000E-03   3.6154E-05   5.3576E-05   3.5910E-05 / 5.3372E-05   
3880   2.000E-03   3.6330E-05   5.4083E-05   3.6039E-05 / 5.3875E-05   
3890   2.000E-03   4.1515E-05   5.5165E-05   4.1262E-05 / 5.4924E-05   
3900   2.000E-03   3.4775E-05   5.1436E-05   3.4621E-05 / 5.1289E-05   
3910   2.000E-03   3.6217E-05   5.4477E-05   3.5961E-05 / 5.4240E-05   
3920   2.000E-03   3.5239E-05   5.1684E-05   3.4941E-05 / 5.1407E-05   
3930   2.000E-03   3.5626E-05   5.1332E-05   3.5485E-05 / 5.1191E-05   
3940   2.000E-03   3.5132E-05   5.2983E-05   3.4983E-05 / 5.2867E-05   
3950   2.000E-03   3.5793E-05   5.2770E-05   3.5364E-05 / 5.2504E-05   
3960   2.000E-03   3.4584E-05   5.1129E-05   3.4251E-05 / 5.0838E-05   
3970   2.000E-03   3.5914E-05   5.1364E-05   3.5662E-05 / 5.1143E-05   
3980   2.000E-03   3.4722E-05   4.9141E-05   3.4500E-05 / 4.8913E-05   
3990   2.000E-03   3.7670E-05   5.2179E-05   3.7290E-05 / 5.1850E-05   
4000   2.000E-03   3.5034E-05   4.9690E-05   3.4701E-05 / 4.9448E-05   
4010   2.000E-03   3.8760E-05   4.9655E-05   3.8472E-05 / 4.9456E-05   
4020   2.000E-03   3.6461E-05   5.1217E-05   3.6264E-05 / 5.1027E-05   
4030   2.000E-03   3.3434E-05   4.8976E-05   3.3220E-05 / 4.8761E-05   
4040   2.000E-03   3.3740E-05   4.9124E-05   3.3453E-05 / 4.8855E-05   
4050   2.000E-03   3.3557E-05   4.8753E-05   3.3377E-05 / 4.8599E-05   
4060   2.000E-03   3.4022E-05   5.2038E-05   3.3820E-05 / 5.1859E-05   
4070   2.000E-03   3.4060E-05   4.8976E-05   3.3813E-05 / 4.8716E-05   
4080   2.000E-03   3.8077E-05   5.1923E-05   3.7897E-05 / 5.1799E-05   
4090   2.000E-03   3.3658E-05   4.8860E-05   3.3295E-05 / 4.8548E-05   
4100   2.000E-03   3.5942E-05   5.4161E-05   3.5532E-05 / 5.3857E-05   
4110   2.000E-03   3.6293E-05   4.7470E-05   3.5886E-05 / 4.7151E-05   
4120   2.000E-03   3.6228E-05   4.8511E-05   3.5753E-05 / 4.8156E-05   
4130   2.000E-03   3.8407E-05   5.1203E-05   3.8087E-05 / 5.0914E-05   
4140   2.000E-03   3.5516E-05   5.1466E-05   3.5226E-05 / 5.1248E-05   
4150   2.000E-03   3.3348E-05   4.7889E-05   3.3084E-05 / 4.7655E-05   
4160   2.000E-03   3.2753E-05   4.9428E-05   3.2503E-05 / 4.9199E-05   
4170   2.000E-03   3.3356E-05   4.9630E-05   3.2896E-05 / 4.9257E-05   
4180   2.000E-03   3.4072E-05   4.7762E-05   3.3867E-05 / 4.7534E-05   
4190   2.000E-03   3.3294E-05   4.8164E-05   3.3023E-05 / 4.7914E-05   
4200   2.000E-03   3.5207E-05   4.9118E-05   3.4941E-05 / 4.8841E-05   
4210   2.000E-03   3.5684E-05   5.0596E-05   3.5458E-05 / 5.0349E-05   
4220   2.000E-03   3.3864E-05   5.0687E-05   3.3623E-05 / 5.0434E-05   
4230   2.000E-03   3.2755E-05   4.8217E-05   3.2599E-05 / 4.8044E-05   
4240   2.000E-03   3.4954E-05   4.9757E-05   3.4766E-05 / 4.9557E-05   
4250   2.000E-03   3.5138E-05   4.9739E-05   3.4784E-05 / 4.9376E-05   
4260   2.000E-03   3.3280E-05   5.1378E-05   3.3016E-05 / 5.1147E-05   
4270   2.000E-03   3.3259E-05   4.8896E-05   3.2990E-05 / 4.8662E-05   
4280   2.000E-03   3.2408E-05   4.8432E-05   3.2122E-05 / 4.8170E-05   
4290   2.000E-03   3.9085E-05   5.4332E-05   3.8901E-05 / 5.4147E-05   
4300   2.000E-03   4.5931E-05   6.5744E-05   4.5369E-05 / 6.5470E-05   
4310   2.000E-03   3.2967E-05   4.8012E-05   3.2744E-05 / 4.7791E-05   
4320   2.000E-03   3.3713E-05   4.8213E-05   3.3547E-05 / 4.8048E-05   
4330   2.000E-03   3.2062E-05   4.6881E-05   3.1669E-05 / 4.6492E-05   
4340   2.000E-03   3.3110E-05   4.8591E-05   3.2920E-05 / 4.8392E-05   
4350   2.000E-03   3.3151E-05   4.9406E-05   3.2802E-05 / 4.9048E-05   
4360   2.000E-03   3.2403E-05   4.7379E-05   3.2072E-05 / 4.7029E-05   
4370   2.000E-03   4.1243E-05   5.9991E-05   4.1080E-05 / 5.9812E-05   
4380   2.000E-03   6.7081E-05   7.5789E-05   6.6013E-05 / 7.5450E-05   
4390   2.000E-03   3.3062E-05   4.8437E-05   3.2834E-05 / 4.8180E-05   
4400   2.000E-03   3.1498E-05   4.6502E-05   3.1290E-05 / 4.6278E-05   
4410   2.000E-03   3.3501E-05   4.9553E-05   3.3379E-05 / 4.9402E-05   
4420   2.000E-03   3.2415E-05   4.9409E-05   3.2162E-05 / 4.9166E-05   
4430   2.000E-03   3.1607E-05   4.9297E-05   3.1215E-05 / 4.8928E-05   
4440   2.000E-03   3.1417E-05   4.6947E-05   3.1134E-05 / 4.6665E-05   
4450   2.000E-03   4.2481E-05   6.1755E-05   4.2142E-05 / 6.1449E-05   
4460   2.000E-03   3.5166E-05   4.8926E-05   3.4856E-05 / 4.8653E-05   
4470   2.000E-03   3.1478E-05   4.7024E-05   3.1191E-05 / 4.6755E-05   
4480   2.000E-03   3.3323E-05   4.7824E-05   3.3224E-05 / 4.7703E-05   
4490   2.000E-03   3.2122E-05   4.6057E-05   3.1680E-05 / 4.5684E-05   
4500   2.000E-03   3.3068E-05   4.7579E-05   3.2705E-05 / 4.7257E-05   
4510   2.000E-03   3.8297E-05   5.7836E-05   3.7880E-05 / 5.7439E-05   
4520   2.000E-03   3.0638E-05   4.6334E-05   3.0349E-05 / 4.6021E-05   
4530   2.000E-03   3.1737E-05   4.8994E-05   3.1517E-05 / 4.8786E-05   
4540   2.000E-03   3.2563E-05   4.7874E-05   3.2258E-05 / 4.7567E-05   
4550   2.000E-03   3.1183E-05   4.6493E-05   3.1051E-05 / 4.6352E-05   
4560   2.000E-03   3.2766E-05   4.8401E-05   3.2573E-05 / 4.8194E-05   
4570   2.000E-03   3.3345E-05   4.7036E-05   3.3142E-05 / 4.6812E-05   
4580   2.000E-03   3.1773E-05   4.5641E-05   3.1486E-05 / 4.5443E-05   
4590   2.000E-03   3.2095E-05   4.8322E-05   3.1898E-05 / 4.8109E-05   
4600   2.000E-03   3.4177E-05   5.1686E-05   3.3939E-05 / 5.1433E-05   
4610   2.000E-03   3.1677E-05   4.7197E-05   3.1342E-05 / 4.6886E-05   
4620   2.000E-03   3.3066E-05   5.0617E-05   3.2851E-05 / 5.0434E-05   
4630   2.000E-03   3.0933E-05   4.4747E-05   3.0671E-05 / 4.4523E-05   
4640   2.000E-03   3.4113E-05   4.6614E-05   3.3845E-05 / 4.6360E-05   
4650   2.000E-03   3.1525E-05   4.4554E-05   3.1227E-05 / 4.4245E-05   
4660   2.000E-03   3.2217E-05   4.9381E-05   3.1952E-05 / 4.9124E-05   
4670   2.000E-03   3.2692E-05   4.7434E-05   3.2510E-05 / 4.7226E-05   
4680   2.000E-03   3.2497E-05   4.8967E-05   3.2389E-05 / 4.8849E-05   
4690   2.000E-03   3.0468E-05   4.5871E-05   3.0163E-05 / 4.5566E-05   
4700   2.000E-03   3.5176E-05   4.7825E-05   3.5081E-05 / 4.7702E-05   
4710   2.000E-03   2.9817E-05   4.5035E-05   2.9574E-05 / 4.4788E-05   
4720   2.000E-03   3.1898E-05   4.8682E-05   3.1602E-05 / 4.8406E-05   
4730   2.000E-03   3.6237E-05   5.6005E-05   3.5934E-05 / 5.5701E-05   
4740   2.000E-03   3.0046E-05   4.5149E-05   2.9836E-05 / 4.4925E-05   
4750   2.000E-03   3.2113E-05   5.1612E-05   3.1883E-05 / 5.1388E-05   
4760   2.000E-03   2.9851E-05   4.5970E-05   2.9574E-05 / 4.5706E-05   
4770   2.000E-03   2.9725E-05   4.4838E-05   2.9459E-05 / 4.4565E-05   
4780   2.000E-03   3.2471E-05   4.5509E-05   3.2147E-05 / 4.5183E-05   
4790   2.000E-03   3.0943E-05   4.6846E-05   3.0783E-05 / 4.6681E-05   
4800   2.000E-03   3.1134E-05   4.8209E-05   3.0626E-05 / 4.7808E-05   
4810   2.000E-03   3.1439E-05   4.7291E-05   3.1084E-05 / 4.6944E-05   
4820   2.000E-03   3.0317E-05   4.8024E-05   3.0093E-05 / 4.7799E-05   
4830   2.000E-03   3.2015E-05   4.6380E-05   3.1754E-05 / 4.6108E-05   
4840   2.000E-03   3.0368E-05   4.5483E-05   2.9993E-05 / 4.5140E-05   
4850   2.000E-03   3.0902E-05   4.6197E-05   3.0618E-05 / 4.5915E-05   
4860   2.000E-03   2.9612E-05   4.4923E-05   2.9346E-05 / 4.4661E-05   
4870   2.000E-03   2.9904E-05   4.6488E-05   2.9607E-05 / 4.6212E-05   
4880   2.000E-03   2.9641E-05   4.7219E-05   2.9409E-05 / 4.6966E-05   
4890   2.000E-03   2.9397E-05   4.7118E-05   2.9165E-05 / 4.6879E-05   
4900   2.000E-03   3.3025E-05   5.0485E-05   3.2843E-05 / 5.0302E-05   
4910   2.000E-03   3.5315E-05   5.4549E-05   3.4790E-05 / 5.4051E-05   
4920   2.000E-03   3.0643E-05   4.5264E-05   3.0368E-05 / 4.5027E-05   
4930   2.000E-03   3.2305E-05   5.1046E-05   3.2025E-05 / 5.0795E-05   
4940   2.000E-03   3.0308E-05   4.4800E-05   3.0064E-05 / 4.4540E-05   
4950   2.000E-03   3.0473E-05   4.4403E-05   3.0086E-05 / 4.4026E-05   
4960   2.000E-03   3.5086E-05   5.1673E-05   3.4520E-05 / 5.1295E-05   
4970   2.000E-03   3.7185E-05   5.1210E-05   3.6167E-05 / 5.0770E-05   
4980   2.000E-03   2.9036E-05   4.4250E-05   2.8823E-05 / 4.4035E-05   
4990   2.000E-03   3.0491E-05   4.7617E-05   3.0183E-05 / 4.7355E-05   
5000   2.000E-03   3.0041E-05   4.7988E-05   2.9765E-05 / 4.7721E-05   
5010   2.000E-03   3.2854E-05   4.8435E-05   3.2320E-05 / 4.8105E-05   
5020   2.000E-03   3.3179E-05   4.9138E-05   3.2684E-05 / 4.8818E-05   
5030   2.000E-03   2.8897E-05   4.4990E-05   2.8570E-05 / 4.4687E-05   
5040   2.000E-03   3.0164E-05   4.5924E-05   2.9957E-05 / 4.5716E-05   
5050   2.000E-03   3.0550E-05   4.8643E-05   3.0399E-05 / 4.8471E-05   
5060   2.000E-03   3.0135E-05   4.6356E-05   2.9961E-05 / 4.6175E-05   
5070   2.000E-03   3.0888E-05   4.8122E-05   3.0649E-05 / 4.7949E-05   
5080   2.000E-03   3.7882E-05   4.9004E-05   3.7620E-05 / 4.8759E-05   
5090   2.000E-03   2.8597E-05   4.3614E-05   2.8294E-05 / 4.3351E-05   
5100   2.000E-03   2.8648E-05   4.4865E-05   2.8376E-05 / 4.4603E-05   
5110   2.000E-03   2.8624E-05   4.3949E-05   2.8362E-05 / 4.3694E-05   
5120   2.000E-03   2.9232E-05   4.6446E-05   2.9073E-05 / 4.6270E-05   
5130   2.000E-03   2.9355E-05   4.4777E-05   2.9155E-05 / 4.4573E-05   
5140   2.000E-03   3.1233E-05   4.4601E-05   3.0915E-05 / 4.4329E-05   
5150   2.000E-03   2.8442E-05   4.4900E-05   2.8178E-05 / 4.4632E-05   
5160   2.000E-03   2.8013E-05   4.3998E-05   2.7855E-05 / 4.3838E-05   
5170   2.000E-03   3.2163E-05   5.0006E-05   3.1957E-05 / 4.9796E-05   
5180   2.000E-03   2.8242E-05   4.4776E-05   2.8029E-05 / 4.4556E-05   
5190   2.000E-03   2.8408E-05   4.3038E-05   2.8154E-05 / 4.2782E-05   
5200   2.000E-03   2.8287E-05   4.4447E-05   2.8079E-05 / 4.4228E-05   
5210   2.000E-03   3.7723E-05   5.6736E-05   3.7521E-05 / 5.6523E-05   
5220   2.000E-03   2.7927E-05   4.5193E-05   2.7661E-05 / 4.4925E-05   
5230   2.000E-03   2.8056E-05   4.3388E-05   2.7841E-05 / 4.3169E-05   
5240   2.000E-03   3.6452E-05   5.6878E-05   3.6169E-05 / 5.6588E-05   
5250   2.000E-03   2.8695E-05   4.3124E-05   2.8315E-05 / 4.2790E-05   
5260   2.000E-03   2.7624E-05   4.2519E-05   2.7418E-05 / 4.2314E-05   
5270   2.000E-03   2.7705E-05   4.2980E-05   2.7421E-05 / 4.2726E-05   
5280   2.000E-03   2.8496E-05   4.3968E-05   2.8246E-05 / 4.3718E-05   
5290   2.000E-03   2.7906E-05   4.2155E-05   2.7666E-05 / 4.1919E-05   
5300   2.000E-03   2.7917E-05   4.1641E-05   2.7757E-05 / 4.1490E-05   
5310   2.000E-03   2.7622E-05   4.3933E-05   2.7278E-05 / 4.3619E-05   
5320   2.000E-03   2.8095E-05   4.3205E-05   2.7761E-05 / 4.3008E-05   
5330   2.000E-03   3.1290E-05   4.7743E-05   3.0998E-05 / 4.7456E-05   
5340   2.000E-03   2.7661E-05   4.2656E-05   2.7327E-05 / 4.2325E-05   
5350   2.000E-03   3.0472E-05   4.9933E-05   3.0286E-05 / 4.9744E-05   
5360   2.000E-03   2.6980E-05   4.2255E-05   2.6669E-05 / 4.1960E-05   
5370   2.000E-03   2.9390E-05   4.4676E-05   2.9206E-05 / 4.4494E-05   
5380   2.000E-03   3.2509E-05   4.9505E-05   3.2364E-05 / 4.9357E-05   
5390   2.000E-03   3.0453E-05   4.3832E-05   3.0170E-05 / 4.3574E-05   
5400   2.000E-03   2.7403E-05   4.2783E-05   2.7051E-05 / 4.2453E-05   
5410   2.000E-03   2.7542E-05   4.3244E-05   2.7325E-05 / 4.3023E-05   
5420   2.000E-03   2.8114E-05   4.4348E-05   2.7863E-05 / 4.4100E-05   
5430   2.000E-03   2.7618E-05   4.1537E-05   2.7365E-05 / 4.1307E-05   
5440   2.000E-03   6.2063E-05   6.8223E-05   6.1910E-05 / 6.8078E-05   
5450   2.000E-03   4.0223E-05   5.4782E-05   4.0000E-05 / 5.4561E-05   
5460   2.000E-03   2.6663E-05   4.2755E-05   2.6481E-05 / 4.2588E-05   
5470   2.000E-03   2.7348E-05   4.1596E-05   2.7164E-05 / 4.1422E-05   
5480   2.000E-03   2.7812E-05   4.3903E-05   2.7556E-05 / 4.3676E-05   
5490   2.000E-03   2.8023E-05   4.3740E-05   2.7695E-05 / 4.3450E-05   
5500   2.000E-03   2.9657E-05   4.3347E-05   2.9464E-05 / 4.3178E-05   
5510   2.000E-03   2.9966E-05   4.6262E-05   2.9774E-05 / 4.6085E-05   
5520   2.000E-03   2.8085E-05   4.2715E-05   2.7828E-05 / 4.2472E-05   
5530   2.000E-03   2.7683E-05   4.2234E-05   2.7492E-05 / 4.2089E-05   
5540   2.000E-03   2.6744E-05   4.1922E-05   2.6392E-05 / 4.1615E-05   
5550   2.000E-03   2.6997E-05   4.2266E-05   2.6750E-05 / 4.2029E-05   
5560   2.000E-03   2.9550E-05   4.2504E-05   2.9362E-05 / 4.2328E-05   
5570   2.000E-03   3.2826E-05   5.0703E-05   3.2567E-05 / 5.0466E-05   
5580   2.000E-03   2.6346E-05   4.2575E-05   2.6044E-05 / 4.2296E-05   
5590   2.000E-03   3.5576E-05   5.0524E-05   3.5306E-05 / 5.0289E-05   
5600   2.000E-03   2.9555E-05   4.7270E-05   2.9207E-05 / 4.6971E-05   
5610   2.000E-03   2.9354E-05   4.8538E-05   2.9195E-05 / 4.8387E-05   
5620   2.000E-03   3.0094E-05   4.9921E-05   2.9926E-05 / 4.9759E-05   
5630   2.000E-03   2.7289E-05   4.4777E-05   2.7148E-05 / 4.4647E-05   
5640   2.000E-03   4.3624E-05   5.3283E-05   4.3453E-05 / 5.3125E-05   
5650   2.000E-03   2.5975E-05   4.2049E-05   2.5712E-05 / 4.1805E-05   
5660   2.000E-03   2.7769E-05   4.2572E-05   2.7424E-05 / 4.2347E-05   
5670   2.000E-03   2.6652E-05   4.1525E-05   2.6409E-05 / 4.1317E-05   
5680   2.000E-03   2.8153E-05   4.5070E-05   2.7755E-05 / 4.4722E-05   
5690   2.000E-03   2.5789E-05   4.0004E-05   2.5510E-05 / 3.9755E-05   
5700   2.000E-03   2.5727E-05   4.1858E-05   2.5426E-05 / 4.1573E-05   
5710   2.000E-03   2.7052E-05   4.2720E-05   2.6894E-05 / 4.2573E-05   
5720   2.000E-03   3.9501E-05   5.5919E-05   3.9290E-05 / 5.5722E-05   
5730   2.000E-03   2.6955E-05   4.2072E-05   2.6792E-05 / 4.1924E-05   
5740   2.000E-03   2.9069E-05   4.2811E-05   2.8843E-05 / 4.2664E-05   
5750   2.000E-03   2.9246E-05   4.5573E-05   2.8906E-05 / 4.5253E-05   
5760   2.000E-03   2.5265E-05   4.1116E-05   2.4967E-05 / 4.0855E-05   
5770   2.000E-03   2.7917E-05   4.6008E-05   2.7648E-05 / 4.5781E-05   
5780   2.000E-03   2.6374E-05   4.2636E-05   2.6120E-05 / 4.2414E-05   
5790   2.000E-03   3.2124E-05   4.5746E-05   3.1885E-05 / 4.5516E-05   
5800   2.000E-03   2.5987E-05   4.1663E-05   2.5699E-05 / 4.1393E-05   
5810   2.000E-03   2.8418E-05   4.1485E-05   2.8194E-05 / 4.1270E-05   
5820   2.000E-03   2.5515E-05   4.1712E-05   2.5294E-05 / 4.1529E-05   
5830   2.000E-03   2.5615E-05   4.1052E-05   2.5357E-05 / 4.0841E-05   
5840   2.000E-03   3.0427E-05   4.5205E-05   3.0152E-05 / 4.4949E-05   
5850   2.000E-03   2.8281E-05   4.4520E-05   2.8147E-05 / 4.4398E-05   
5860   2.000E-03   2.6943E-05   4.5055E-05   2.6730E-05 / 4.4863E-05   
5870   2.000E-03   2.6204E-05   4.2962E-05   2.5879E-05 / 4.2644E-05   
5880   2.000E-03   2.5499E-05   4.2905E-05   2.5300E-05 / 4.2744E-05   
5890   2.000E-03   2.5843E-05   4.3627E-05   2.5730E-05 / 4.3535E-05   
5900   2.000E-03   2.5675E-05   4.0646E-05   2.5397E-05 / 4.0423E-05   
5910   2.000E-03   2.5158E-05   4.0423E-05   2.4891E-05 / 4.0189E-05   
5920   2.000E-03   3.5377E-05   4.7068E-05   3.5186E-05 / 4.6893E-05   
5930   2.000E-03   2.9260E-05   4.4490E-05   2.9069E-05 / 4.4328E-05   
5940   2.000E-03   2.8376E-05   4.1747E-05   2.8203E-05 / 4.1607E-05   
5950   2.000E-03   2.6130E-05   4.5191E-05   2.5820E-05 / 4.4925E-05   
5960   2.000E-03   2.8408E-05   4.4236E-05   2.8203E-05 / 4.4056E-05   
5970   2.000E-03   2.4825E-05   4.0870E-05   2.4547E-05 / 4.0606E-05   
5980   2.000E-03   2.6106E-05   3.9765E-05   2.5890E-05 / 3.9585E-05   
5990   2.000E-03   2.8150E-05   4.3549E-05   2.7961E-05 / 4.3390E-05   
6000   2.000E-03   2.6467E-05   4.1806E-05   2.6285E-05 / 4.1639E-05   
===============================================================================================================
Saved model to models/kan_5/kanTBNN-24Oct18_15:02:41.pickle
