========== Dataset info ==========
Dataset params: {'file': '/home/ryley/WDK/ML/dataset/turbulence_dataset_clean_split.csv', 'Cases': ['squareDuctAve_Re_1100', 'squareDuctAve_Re_1150', 'squareDuctAve_Re_1250', 'squareDuctAve_Re_1300', 'squareDuctAve_Re_1350', 'squareDuctAve_Re_1400', 'squareDuctAve_Re_1500', 'squareDuctAve_Re_1600', 'squareDuctAve_Re_1800', 'squareDuctAve_Re_2000', 'squareDuctAve_Re_2205', 'squareDuctAve_Re_2400', 'squareDuctAve_Re_2600', 'squareDuctAve_Re_2900', 'squareDuctAve_Re_3200', 'squareDuctAve_Re_3500'], 'val_set': ['squareDuctAve_Re_1300', 'squareDuctAve_Re_1800', 'squareDuctAve_Re_3200'], 'test_set': ['squareDuctAve_Re_2000'], 'cluster': 0, 'data_loader': <class 'tbnn.dataloaders.aDataset'>}
Train/Valid/Test points: 56164 / 14420 / 4888
Memorization?: False
Cluster training?: True
Cluster: 0
EPOCH     LR        TRAIN         VALID             MSE:T/V                  RL:T/V             %NR_t/%NR_v
===============================================================================================================
  1   1.000E-04   4.9743E-03   3.6802E-03   4.6326E-03 / 3.6200E-03   1.3307E-04 / 2.4621E-05   20.74% / 15.39%
 10   1.000E-04   1.0541E-03   7.0067E-04   1.0434E-03 / 7.0021E-04   4.1477E-06 / 1.8451E-07   5.00% / 1.69%
 20   1.000E-04   7.1508E-04   4.6845E-04   7.0344E-04 / 4.6799E-04   4.5352E-06 / 1.8689E-07   5.41% / 1.01%
 30   1.000E-04   6.4432E-04   3.8751E-04   6.3525E-04 / 3.8720E-04   3.5314E-06 / 1.2561E-07   5.43% / 1.12%
 40   1.000E-04   6.2837E-04   3.9008E-04   6.2027E-04 / 3.8988E-04   3.1546E-06 / 8.1785E-08   4.19% / 0.82%
 50   1.000E-04   6.3159E-04   3.7521E-04   6.2276E-04 / 3.7508E-04   3.4398E-06 / 5.5484E-08   3.95% / 0.63%
 60   1.000E-04   6.1371E-04   3.6549E-04   6.0772E-04 / 3.6527E-04   2.3352E-06 / 8.8337E-08   3.79% / 0.81%
 70   1.000E-04   5.9803E-04   3.7269E-04   5.9010E-04 / 3.7239E-04   3.0879E-06 / 1.2269E-07   5.36% / 1.66%
 80   1.000E-04   5.7414E-04   3.6912E-04   5.6745E-04 / 3.6898E-04   2.6062E-06 / 5.6768E-08   4.45% / 0.92%
 90   1.000E-04   5.5782E-04   4.0255E-04   5.5531E-04 / 4.0248E-04   9.8003E-07 / 2.9068E-08   1.89% / 0.42%
100   1.000E-04   5.4365E-04   3.8293E-04   5.3991E-04 / 3.8274E-04   1.4555E-06 / 7.8223E-08   4.34% / 1.11%
110   1.000E-04   4.9902E-04   4.3266E-04   4.9675E-04 / 4.3250E-04   8.8430E-07 / 6.5233E-08   4.15% / 1.71%
120   1.000E-04   4.6583E-04   4.8185E-04   4.6508E-04 / 4.8179E-04   2.9135E-07 / 2.5906E-08   1.80% / 0.93%
BEST MODEL
===============================================================================================================
 72   1.000E-04   6.1045E-04   3.5299E-04   6.0150E-04 / 3.5262E-04   3.4882E-06 / 1.5323E-07   7.83% / 2.70%
===============================================================================================================
Saved model to models/duct_only_cluster0/TBNNiii-23Aug19_17:29:34.pickle
