========== Dataset info ==========
Dataset params: {'file': '/home/nikki/kan/data/turbulence_dataset_clean.csv', 'Cases': ['fp_1000', 'fp_1410', 'fp_2000', 'fp_2540', 'fp_3030', 'fp_3270', 'fp_3630', 'fp_3970', 'fp_4060'], 'val_set': ['fp_3030', 'fp_1410', 'fp_4060'], 'test_set': ['fp_3630'], 'data_loader': <class 'tbnn.dataloaders.aDataset'>}
Train/Valid/Test points: 760 / 468 / 168
Memorization?: False
Cluster training?: False
EPOCH     LR        TRAIN         VALID             MSE:T/V                  RL:T/V             %NR_t/%NR_v
===============================================================================================================
  1   5.000E-03   1.8588E-01   1.8230E-01   1.8588E-01 / 1.8230E-01   
 10   5.000E-03   3.5326E-03   3.2099E-03   3.5168E-03 / 3.1963E-03   
 20   5.000E-03   1.7569E-03   1.6564E-03   1.7536E-03 / 1.6532E-03   
 30   5.000E-03   1.3292E-03   1.2719E-03   1.3246E-03 / 1.2674E-03   
 40   5.000E-03   1.1445E-03   1.0996E-03   1.1403E-03 / 1.0954E-03   
 50   5.000E-03   1.0238E-03   9.8489E-04   1.0197E-03 / 9.8082E-04   
 60   5.000E-03   9.3912E-04   9.0801E-04   9.3367E-04 / 9.0259E-04   
 70   5.000E-03   8.8185E-04   8.5746E-04   8.7474E-04 / 8.5045E-04   
 80   5.000E-03   8.4015E-04   8.1736E-04   8.3209E-04 / 8.0952E-04   
 90   5.000E-03   8.0597E-04   7.8744E-04   7.9897E-04 / 7.8058E-04   
100   5.000E-03   7.7540E-04   7.5778E-04   7.6946E-04 / 7.5191E-04   
110   5.000E-03   7.4116E-04   7.2504E-04   7.3532E-04 / 7.1922E-04   
120   5.000E-03   7.0982E-04   7.0003E-04   7.0363E-04 / 6.9385E-04   
130   5.000E-03   6.8304E-04   6.7286E-04   6.7868E-04 / 6.6852E-04   
140   5.000E-03   6.5138E-04   6.4540E-04   6.4833E-04 / 6.4238E-04   
150   5.000E-03   6.3034E-04   6.2152E-04   6.2785E-04 / 6.1907E-04   
160   5.000E-03   6.0205E-04   5.9757E-04   6.0086E-04 / 5.9642E-04   
170   5.000E-03   5.7468E-04   5.7318E-04   5.7357E-04 / 5.7214E-04   
180   5.000E-03   5.5368E-04   5.5450E-04   5.5309E-04 / 5.5397E-04   
190   5.000E-03   5.2677E-04   5.3469E-04   5.2581E-04 / 5.3379E-04   
200   5.000E-03   5.0753E-04   5.1791E-04   5.0669E-04 / 5.1714E-04   
210   5.000E-03   4.9085E-04   4.9427E-04   4.9048E-04 / 4.9395E-04   
220   5.000E-03   4.7221E-04   5.0456E-04   4.7178E-04 / 5.0413E-04   
230   5.000E-03   4.4566E-04   4.7019E-04   4.4461E-04 / 4.6924E-04   
240   5.000E-03   4.2894E-04   4.4675E-04   4.2863E-04 / 4.4645E-04   
250   5.000E-03   3.9768E-04   4.2195E-04   3.9748E-04 / 4.2181E-04   
260   5.000E-03   3.8393E-04   4.0323E-04   3.8360E-04 / 4.0300E-04   
270   5.000E-03   3.8274E-04   4.1203E-04   3.8229E-04 / 4.1185E-04   
280   5.000E-03   3.6754E-04   4.0827E-04   3.6733E-04 / 4.0809E-04   
290   5.000E-03   3.2650E-04   3.5955E-04   3.2635E-04 / 3.5936E-04   
300   5.000E-03   3.1234E-04   3.4594E-04   3.1209E-04 / 3.4566E-04   
310   5.000E-03   2.9721E-04   3.3057E-04   2.9685E-04 / 3.3024E-04   
320   5.000E-03   2.9366E-04   3.4434E-04   2.9322E-04 / 3.4393E-04   
330   5.000E-03   2.7429E-04   3.1347E-04   2.7401E-04 / 3.1325E-04   
340   5.000E-03   2.6747E-04   2.9545E-04   2.6709E-04 / 2.9514E-04   
350   5.000E-03   2.7009E-04   2.9944E-04   2.6965E-04 / 2.9907E-04   
360   5.000E-03   2.4732E-04   2.8246E-04   2.4681E-04 / 2.8202E-04   
370   5.000E-03   2.3806E-04   2.7445E-04   2.3723E-04 / 2.7369E-04   
380   5.000E-03   2.6183E-04   2.9472E-04   2.6127E-04 / 2.9427E-04   
390   5.000E-03   2.2101E-04   2.6951E-04   2.1990E-04 / 2.6865E-04   
400   5.000E-03   2.1504E-04   2.5456E-04   2.1456E-04 / 2.5407E-04   
410   5.000E-03   2.2827E-04   2.6163E-04   2.2661E-04 / 2.6046E-04   
420   5.000E-03   2.1165E-04   2.5791E-04   2.0988E-04 / 2.5688E-04   
430   5.000E-03   2.4705E-04   3.1920E-04   2.4660E-04 / 3.1876E-04   
440   5.000E-03   2.4549E-04   2.7569E-04   2.4498E-04 / 2.7516E-04   
450   5.000E-03   1.9816E-04   2.4990E-04   1.9765E-04 / 2.4938E-04   
460   5.000E-03   1.9429E-04   2.3897E-04   1.9342E-04 / 2.3823E-04   
470   5.000E-03   2.1421E-04   2.7945E-04   2.1351E-04 / 2.7888E-04   
480   5.000E-03   1.8489E-04   2.2527E-04   1.8433E-04 / 2.2473E-04   
490   5.000E-03   2.2486E-04   2.6812E-04   2.2358E-04 / 2.6738E-04   
500   5.000E-03   1.7318E-04   2.2117E-04   1.7259E-04 / 2.2070E-04   
510   5.000E-03   1.7275E-04   2.2214E-04   1.7189E-04 / 2.2156E-04   
520   5.000E-03   2.1163E-04   2.4390E-04   2.1093E-04 / 2.4331E-04   
530   5.000E-03   1.8006E-04   2.3762E-04   1.7716E-04 / 2.3651E-04   
540   5.000E-03   1.6406E-04   2.0569E-04   1.6358E-04 / 2.0530E-04   
550   5.000E-03   1.9616E-04   2.5247E-04   1.9600E-04 / 2.5231E-04   
560   5.000E-03   1.6504E-04   2.1767E-04   1.6406E-04 / 2.1721E-04   
570   5.000E-03   1.6136E-04   2.0765E-04   1.6079E-04 / 2.0723E-04   
580   5.000E-03   1.6197E-04   2.1081E-04   1.6004E-04 / 2.1007E-04   
590   5.000E-03   1.4881E-04   1.9809E-04   1.4822E-04 / 1.9774E-04   
600   5.000E-03   1.5254E-04   1.8769E-04   1.5194E-04 / 1.8738E-04   
610   5.000E-03   1.7007E-04   2.0555E-04   1.6970E-04 / 2.0536E-04   
620   5.000E-03   1.4853E-04   1.8870E-04   1.4776E-04 / 1.8838E-04   
630   5.000E-03   1.5904E-04   2.0098E-04   1.5728E-04 / 2.0054E-04   
640   5.000E-03   1.9562E-04   2.0934E-04   1.9550E-04 / 2.0927E-04   
650   5.000E-03   1.4906E-04   1.8668E-04   1.4876E-04 / 1.8645E-04   
660   5.000E-03   1.3566E-04   1.7937E-04   1.3505E-04 / 1.7908E-04   
670   5.000E-03   1.3395E-04   1.7542E-04   1.3342E-04 / 1.7519E-04   
680   5.000E-03   1.3923E-04   1.8101E-04   1.3893E-04 / 1.8080E-04   
690   5.000E-03   1.5898E-04   1.8779E-04   1.5882E-04 / 1.8765E-04   
700   5.000E-03   1.3416E-04   1.7047E-04   1.3317E-04 / 1.7018E-04   
710   5.000E-03   1.3500E-04   1.7101E-04   1.3478E-04 / 1.7080E-04   
720   5.000E-03   1.3766E-04   1.7792E-04   1.3673E-04 / 1.7754E-04   
730   5.000E-03   1.3956E-04   1.6950E-04   1.3934E-04 / 1.6929E-04   
740   5.000E-03   1.4813E-04   1.8193E-04   1.4697E-04 / 1.8137E-04   
750   5.000E-03   1.3158E-04   1.6006E-04   1.2940E-04 / 1.5932E-04   
760   5.000E-03   1.6263E-04   1.9201E-04   1.6239E-04 / 1.9181E-04   
770   5.000E-03   1.3751E-04   1.7012E-04   1.3701E-04 / 1.6982E-04   
780   5.000E-03   1.5545E-04   1.9668E-04   1.5456E-04 / 1.9627E-04   
790   5.000E-03   1.6094E-04   2.1080E-04   1.6029E-04 / 2.1041E-04   
800   5.000E-03   1.2355E-04   1.6063E-04   1.2316E-04 / 1.6028E-04   
810   5.000E-03   1.2731E-04   1.6528E-04   1.2690E-04 / 1.6502E-04   
820   5.000E-03   1.8362E-04   2.0602E-04   1.8294E-04 / 2.0570E-04   
830   5.000E-03   1.2302E-04   1.5852E-04   1.2252E-04 / 1.5817E-04   
840   5.000E-03   1.2715E-04   1.5539E-04   1.2546E-04 / 1.5452E-04   
850   5.000E-03   1.2742E-04   1.6064E-04   1.2631E-04 / 1.5999E-04   
860   5.000E-03   1.2239E-04   1.5729E-04   1.2200E-04 / 1.5692E-04   
870   5.000E-03   5.3624E-04   2.4968E-04   5.3615E-04 / 2.4961E-04   
880   5.000E-03   1.2234E-04   1.5554E-04   1.2173E-04 / 1.5522E-04   
890   5.000E-03   1.2911E-04   1.6470E-04   1.2875E-04 / 1.6441E-04   
900   5.000E-03   1.1920E-04   1.5365E-04   1.1858E-04 / 1.5318E-04   
910   5.000E-03   1.2083E-04   1.5135E-04   1.2025E-04 / 1.5100E-04   
920   5.000E-03   1.1879E-04   1.5245E-04   1.1765E-04 / 1.5187E-04   
930   5.000E-03   1.2112E-04   1.5306E-04   1.2071E-04 / 1.5266E-04   
940   5.000E-03   1.2116E-04   1.5304E-04   1.2062E-04 / 1.5265E-04   
950   5.000E-03   1.1752E-04   1.5269E-04   1.1699E-04 / 1.5237E-04   
960   5.000E-03   1.4390E-04   1.7442E-04   1.4373E-04 / 1.7425E-04   
970   5.000E-03   1.4593E-04   1.7472E-04   1.4483E-04 / 1.7414E-04   
980   5.000E-03   1.2528E-04   1.5269E-04   1.2446E-04 / 1.5227E-04   
990   5.000E-03   1.1777E-04   1.4935E-04   1.1692E-04 / 1.4858E-04   
1000   5.000E-03   1.1909E-04   1.4647E-04   1.1875E-04 / 1.4615E-04   
1010   5.000E-03   1.1760E-04   1.4799E-04   1.1699E-04 / 1.4756E-04   
1020   5.000E-03   1.5484E-04   1.7576E-04   1.5467E-04 / 1.7560E-04   
1030   5.000E-03   1.1461E-04   1.5299E-04   1.1424E-04 / 1.5273E-04   
1040   5.000E-03   1.3422E-04   1.5840E-04   1.3402E-04 / 1.5820E-04   
1050   5.000E-03   3.2123E-04   2.7735E-04   3.1731E-04 / 2.7461E-04   
1060   5.000E-03   1.1850E-04   1.4481E-04   1.1818E-04 / 1.4458E-04   
1070   5.000E-03   1.1292E-04   1.4117E-04   1.1256E-04 / 1.4093E-04   
1080   5.000E-03   1.2518E-04   1.5089E-04   1.2475E-04 / 1.5050E-04   
1090   5.000E-03   1.1589E-04   1.4556E-04   1.1561E-04 / 1.4529E-04   
1100   5.000E-03   1.4073E-04   1.4987E-04   1.4010E-04 / 1.4952E-04   
1110   5.000E-03   1.1654E-04   1.5281E-04   1.1574E-04 / 1.5232E-04   
1120   5.000E-03   1.2961E-04   1.6196E-04   1.2613E-04 / 1.5986E-04   
1130   5.000E-03   1.1183E-04   1.3988E-04   1.1155E-04 / 1.3964E-04   
1140   5.000E-03   1.1459E-04   1.4408E-04   1.1420E-04 / 1.4382E-04   
1150   5.000E-03   1.9364E-04   1.9609E-04   1.9275E-04 / 1.9557E-04   
1160   5.000E-03   1.3724E-04   1.6928E-04   1.3487E-04 / 1.6768E-04   
1170   5.000E-03   1.1373E-04   1.4714E-04   1.1339E-04 / 1.4685E-04   
1180   5.000E-03   1.0975E-04   1.3989E-04   1.0951E-04 / 1.3967E-04   
1190   5.000E-03   1.1122E-04   1.3991E-04   1.1047E-04 / 1.3956E-04   
1200   5.000E-03   1.2682E-04   1.6197E-04   1.2637E-04 / 1.6168E-04   
1210   5.000E-03   1.1255E-04   1.3936E-04   1.1156E-04 / 1.3881E-04   
1220   5.000E-03   1.1914E-04   1.4991E-04   1.1863E-04 / 1.4966E-04   
1230   5.000E-03   1.0842E-04   1.3675E-04   1.0797E-04 / 1.3616E-04   
1240   5.000E-03   2.2616E-04   2.3637E-04   2.2569E-04 / 2.3629E-04   
1250   5.000E-03   1.1146E-04   1.3447E-04   1.1096E-04 / 1.3411E-04   
1260   5.000E-03   1.0885E-04   1.3328E-04   1.0797E-04 / 1.3235E-04   
1270   5.000E-03   1.0874E-04   1.3507E-04   1.0829E-04 / 1.3370E-04   
1280   5.000E-03   1.0706E-04   1.3216E-04   1.0672E-04 / 1.3167E-04   
1290   5.000E-03   1.0871E-04   1.3555E-04   1.0844E-04 / 1.3486E-04   
1300   5.000E-03   1.3208E-04   1.6546E-04   1.3094E-04 / 1.6170E-04   
1310   5.000E-03   1.3538E-04   1.3865E-04   1.3489E-04 / 1.3770E-04   
1320   5.000E-03   1.0724E-04   1.2966E-04   1.0672E-04 / 1.2922E-04   
1330   5.000E-03   1.0532E-04   1.2792E-04   1.0491E-04 / 1.2695E-04   
1340   5.000E-03   1.0617E-04   1.3151E-04   1.0562E-04 / 1.3036E-04   
1350   5.000E-03   1.2043E-04   1.4186E-04   1.1990E-04 / 1.3979E-04   
1360   5.000E-03   2.6879E-04   2.5310E-04   2.3470E-04 / 2.2205E-04   
1370   5.000E-03   1.0958E-04   1.2780E-04   1.0901E-04 / 1.2671E-04   
1380   5.000E-03   1.0920E-04   1.2780E-04   1.0882E-04 / 1.2611E-04   
1390   5.000E-03   1.0713E-04   1.2627E-04   1.0666E-04 / 1.2455E-04   
1400   5.000E-03   1.0630E-04   1.2651E-04   1.0579E-04 / 1.2471E-04   
1410   5.000E-03   1.0738E-04   1.2691E-04   1.0691E-04 / 1.2546E-04   
1420   5.000E-03   1.3388E-04   1.5492E-04   1.3347E-04 / 1.5318E-04   
1430   5.000E-03   1.0565E-04   1.2801E-04   1.0496E-04 / 1.2543E-04   
1440   5.000E-03   1.5951E-04   1.4421E-04   1.5939E-04 / 1.4407E-04   
1450   5.000E-03   1.1102E-04   1.2578E-04   1.1071E-04 / 1.2451E-04   
1460   5.000E-03   1.0742E-04   1.2748E-04   1.0708E-04 / 1.2598E-04   
1470   5.000E-03   1.1310E-04   1.2774E-04   1.1287E-04 / 1.2714E-04   
1480   5.000E-03   1.2841E-04   1.4173E-04   1.2800E-04 / 1.4131E-04   
1490   5.000E-03   1.0488E-04   1.2266E-04   1.0429E-04 / 1.2000E-04   
1500   5.000E-03   1.0679E-04   1.2509E-04   1.0553E-04 / 1.2225E-04   
1510   5.000E-03   1.7857E-04   1.8751E-04   1.7843E-04 / 1.8728E-04   
1520   5.000E-03   1.0894E-04   1.2433E-04   1.0869E-04 / 1.2417E-04   
1530   5.000E-03   1.0414E-04   1.1840E-04   1.0365E-04 / 1.1799E-04   
1540   5.000E-03   1.0465E-04   1.2118E-04   1.0429E-04 / 1.2011E-04   
1550   5.000E-03   1.1134E-04   1.2451E-04   1.1100E-04 / 1.2332E-04   
1560   5.000E-03   1.1702E-04   1.3150E-04   1.1630E-04 / 1.3105E-04   
1570   5.000E-03   1.0601E-04   1.2248E-04   1.0550E-04 / 1.2128E-04   
1580   5.000E-03   1.0319E-04   1.2081E-04   1.0284E-04 / 1.1961E-04   
1590   5.000E-03   1.0779E-04   1.2478E-04   1.0719E-04 / 1.2291E-04   
1600   5.000E-03   1.0350E-04   1.1874E-04   1.0324E-04 / 1.1775E-04   
1610   5.000E-03   1.2501E-04   1.3465E-04   1.2481E-04 / 1.3447E-04   
1620   5.000E-03   1.9822E-04   1.7331E-04   1.9802E-04 / 1.7275E-04   
1630   5.000E-03   1.0456E-04   1.1742E-04   1.0434E-04 / 1.1711E-04   
1640   5.000E-03   1.2057E-04   1.2984E-04   1.2016E-04 / 1.2794E-04   
1650   5.000E-03   1.0397E-04   1.1899E-04   1.0370E-04 / 1.1747E-04   
1660   5.000E-03   1.0516E-04   1.1875E-04   1.0464E-04 / 1.1682E-04   
1670   5.000E-03   1.0193E-04   1.1833E-04   1.0135E-04 / 1.1654E-04   
1680   5.000E-03   1.0093E-04   1.1722E-04   1.0051E-04 / 1.1597E-04   
1690   5.000E-03   1.2099E-04   1.3968E-04   1.1595E-04 / 1.3397E-04   
1700   5.000E-03   1.2635E-04   1.3395E-04   1.2604E-04 / 1.3370E-04   
1710   5.000E-03   1.6299E-04   1.6665E-04   1.6258E-04 / 1.6600E-04   
1720   5.000E-03   3.1170E-04   2.9117E-04   2.9809E-04 / 2.8079E-04   
1730   5.000E-03   1.0682E-04   1.2131E-04   1.0656E-04 / 1.2119E-04   
1740   5.000E-03   1.0525E-04   1.1895E-04   1.0495E-04 / 1.1840E-04   
1750   5.000E-03   1.0326E-04   1.1620E-04   1.0298E-04 / 1.1552E-04   
1760   5.000E-03   1.0499E-04   1.1705E-04   1.0483E-04 / 1.1678E-04   
1770   5.000E-03   1.0114E-04   1.1275E-04   1.0088E-04 / 1.1219E-04   
1780   5.000E-03   1.0411E-04   1.1600E-04   1.0382E-04 / 1.1460E-04   
1790   5.000E-03   1.0059E-04   1.1299E-04   1.0010E-04 / 1.1160E-04   
1800   5.000E-03   1.0338E-04   1.1538E-04   1.0321E-04 / 1.1497E-04   
1810   5.000E-03   1.0194E-04   1.1473E-04   1.0160E-04 / 1.1358E-04   
1820   5.000E-03   3.1649E-04   2.6314E-04   3.0731E-04 / 2.5518E-04   
1830   5.000E-03   1.2581E-04   1.3583E-04   1.2569E-04 / 1.3573E-04   
1840   5.000E-03   1.0401E-04   1.1531E-04   1.0367E-04 / 1.1449E-04   
1850   5.000E-03   1.0401E-04   1.1669E-04   1.0386E-04 / 1.1657E-04   
1860   5.000E-03   1.0193E-04   1.1325E-04   1.0169E-04 / 1.1300E-04   
1870   5.000E-03   1.1086E-04   1.2153E-04   1.0988E-04 / 1.1922E-04   
1880   5.000E-03   1.1492E-04   1.3141E-04   1.1458E-04 / 1.2983E-04   
1890   5.000E-03   2.4373E-04   1.5715E-04   2.4367E-04 / 1.5709E-04   
1900   5.000E-03   1.0154E-04   1.1138E-04   1.0131E-04 / 1.1085E-04   
1910   5.000E-03   1.0159E-04   1.1287E-04   1.0131E-04 / 1.1228E-04   
1920   5.000E-03   1.1470E-04   1.2982E-04   1.1412E-04 / 1.2893E-04   
1930   5.000E-03   1.0041E-04   1.1330E-04   1.0012E-04 / 1.1282E-04   
1940   5.000E-03   1.0049E-04   1.1260E-04   1.0024E-04 / 1.1216E-04   
1950   5.000E-03   1.0620E-04   1.1705E-04   1.0463E-04 / 1.1493E-04   
1960   5.000E-03   1.5947E-03   5.6899E-04   1.5946E-03 / 5.6898E-04   
1970   5.000E-03   1.2219E-04   1.2481E-04   1.2214E-04 / 1.2476E-04   
1980   5.000E-03   1.0799E-04   1.1703E-04   1.0773E-04 / 1.1681E-04   
1990   5.000E-03   1.0488E-04   1.1488E-04   1.0458E-04 / 1.1462E-04   
2000   5.000E-03   1.0585E-04   1.1412E-04   1.0566E-04 / 1.1394E-04   
2010   5.000E-03   1.0393E-04   1.1445E-04   1.0368E-04 / 1.1421E-04   
2020   5.000E-03   1.0335E-04   1.1202E-04   1.0276E-04 / 1.1165E-04   
2030   5.000E-03   1.0498E-04   1.1370E-04   1.0483E-04 / 1.1356E-04   
2040   5.000E-03   1.0252E-04   1.1084E-04   1.0225E-04 / 1.1059E-04   
2050   5.000E-03   1.0238E-04   1.1148E-04   1.0213E-04 / 1.1124E-04   
2060   5.000E-03   1.0703E-04   1.1617E-04   1.0671E-04 / 1.1587E-04   
2070   5.000E-03   1.0145E-04   1.1072E-04   1.0121E-04 / 1.1049E-04   
2080   5.000E-03   1.0100E-04   1.1036E-04   1.0068E-04 / 1.1008E-04   
2090   5.000E-03   1.0763E-04   1.0942E-04   1.0741E-04 / 1.0921E-04   
2100   5.000E-03   1.0662E-04   1.1313E-04   1.0650E-04 / 1.1301E-04   
2110   5.000E-03   1.0489E-04   1.0746E-04   1.0460E-04 / 1.0721E-04   
2120   5.000E-03   1.2334E-04   1.2978E-04   1.2328E-04 / 1.2972E-04   
2130   5.000E-03   1.0434E-04   1.1232E-04   1.0338E-04 / 1.1185E-04   
2140   5.000E-03   7.3161E-04   6.8904E-04   7.3160E-04 / 6.8904E-04   
2150   5.000E-03   1.1185E-04   1.1544E-04   1.1163E-04 / 1.1525E-04   
2160   5.000E-03   1.0641E-04   1.1071E-04   1.0606E-04 / 1.1051E-04   
2170   5.000E-03   1.0476E-04   1.1036E-04   1.0439E-04 / 1.1010E-04   
2180   5.000E-03   1.0379E-04   1.0829E-04   1.0339E-04 / 1.0799E-04   
2190   5.000E-03   1.0362E-04   1.0980E-04   1.0329E-04 / 1.0951E-04   
2200   5.000E-03   1.0717E-04   1.1306E-04   1.0677E-04 / 1.1273E-04   
2210   5.000E-03   1.0186E-04   1.0730E-04   1.0155E-04 / 1.0704E-04   
2220   5.000E-03   1.0206E-04   1.0715E-04   1.0175E-04 / 1.0686E-04   
2230   5.000E-03   1.0239E-04   1.0679E-04   1.0205E-04 / 1.0647E-04   
2240   5.000E-03   1.0638E-04   1.0680E-04   1.0610E-04 / 1.0653E-04   
2250   5.000E-03   1.0086E-04   1.0662E-04   1.0053E-04 / 1.0631E-04   
2260   5.000E-03   1.0895E-04   1.0812E-04   1.0840E-04 / 1.0774E-04   
2270   5.000E-03   1.0260E-04   1.0859E-04   1.0236E-04 / 1.0837E-04   
2280   5.000E-03   1.0041E-04   1.0569E-04   9.9910E-05 / 1.0527E-04   
2290   5.000E-03   1.0045E-04   1.0487E-04   1.0016E-04 / 1.0462E-04   
2300   5.000E-03   1.0291E-04   1.0987E-04   1.0264E-04 / 1.0962E-04   
2310   5.000E-03   1.1057E-04   1.0869E-04   1.0927E-04 / 1.0787E-04   
2320   5.000E-03   1.1923E-04   1.1951E-04   1.1912E-04 / 1.1940E-04   
2330   5.000E-03   1.0540E-04   1.1170E-04   1.0515E-04 / 1.1149E-04   
2340   5.000E-03   1.0169E-04   1.0650E-04   1.0152E-04 / 1.0634E-04   
2350   5.000E-03   3.8027E-04   2.2216E-04   3.8024E-04 / 2.2214E-04   
2360   5.000E-03   1.1219E-04   1.1740E-04   1.1196E-04 / 1.1719E-04   
2370   5.000E-03   1.0129E-04   1.0886E-04   1.0089E-04 / 1.0859E-04   
2380   5.000E-03   1.1207E-04   1.1731E-04   1.1142E-04 / 1.1696E-04   
2390   5.000E-03   1.1192E-04   1.1218E-04   1.1085E-04 / 1.1137E-04   
2400   5.000E-03   1.0779E-04   1.0717E-04   1.0751E-04 / 1.0697E-04   
2410   5.000E-03   1.0114E-04   1.0686E-04   1.0085E-04 / 1.0662E-04   
2420   5.000E-03   3.0325E-04   2.3573E-04   3.0287E-04 / 2.3538E-04   
2430   5.000E-03   1.0355E-04   1.0481E-04   1.0330E-04 / 1.0459E-04   
2440   5.000E-03   1.0157E-04   1.0609E-04   1.0118E-04 / 1.0583E-04   
2450   5.000E-03   1.0167E-04   1.0691E-04   1.0115E-04 / 1.0658E-04   
2460   5.000E-03   1.0246E-04   1.0627E-04   1.0218E-04 / 1.0601E-04   
2470   5.000E-03   1.0586E-04   1.1101E-04   1.0515E-04 / 1.1064E-04   
2480   5.000E-03   9.9558E-05   1.0274E-04   9.9082E-05 / 1.0237E-04   
2490   5.000E-03   1.0390E-04   1.0938E-04   1.0364E-04 / 1.0914E-04   
2500   5.000E-03   9.8798E-05   1.0652E-04   9.8246E-05 / 1.0610E-04   
2510   5.000E-03   2.2880E-04   2.1356E-04   1.9066E-04 / 1.7772E-04   
2520   5.000E-03   1.0088E-04   1.0630E-04   1.0056E-04 / 1.0602E-04   
2530   5.000E-03   9.9041E-05   1.0736E-04   9.8755E-05 / 1.0710E-04   
2540   5.000E-03   9.8680E-05   1.0600E-04   9.8394E-05 / 1.0574E-04   
2550   5.000E-03   1.0054E-04   1.0724E-04   1.0035E-04 / 1.0706E-04   
2560   5.000E-03   1.0134E-04   1.0265E-04   1.0108E-04 / 1.0242E-04   
2570   5.000E-03   1.2012E-04   1.0559E-04   1.1976E-04 / 1.0527E-04   
2580   5.000E-03   1.0116E-04   1.0084E-04   1.0091E-04 / 1.0061E-04   
2590   5.000E-03   1.1818E-04   1.0610E-04   1.1774E-04 / 1.0573E-04   
2600   5.000E-03   1.0253E-04   1.0404E-04   1.0236E-04 / 1.0390E-04   
2610   5.000E-03   1.4719E-04   1.4965E-04   1.4695E-04 / 1.4946E-04   
2620   5.000E-03   1.0600E-04   1.1434E-04   1.0479E-04 / 1.1350E-04   
2630   5.000E-03   1.0493E-04   1.0498E-04   1.0466E-04 / 1.0475E-04   
2640   5.000E-03   2.2222E-04   2.1298E-04   1.9531E-04 / 1.8807E-04   
2650   5.000E-03   1.7328E-04   1.4901E-04   1.7067E-04 / 1.4686E-04   
2660   5.000E-03   1.5691E-04   1.5410E-04   1.5655E-04 / 1.5400E-04   
2670   5.000E-03   1.0237E-04   1.0975E-04   1.0218E-04 / 1.0940E-04   
2680   5.000E-03   1.0222E-04   1.0873E-04   1.0208E-04 / 1.0857E-04   
2690   5.000E-03   9.9884E-05   1.0649E-04   9.9697E-05 / 1.0622E-04   
2700   5.000E-03   9.8811E-05   1.0499E-04   9.8602E-05 / 1.0463E-04   
2710   5.000E-03   9.9016E-05   1.0545E-04   9.8811E-05 / 1.0512E-04   
2720   5.000E-03   9.9218E-05   1.0520E-04   9.8957E-05 / 1.0471E-04   
2730   5.000E-03   9.8619E-05   1.0499E-04   9.8473E-05 / 1.0475E-04   
2740   5.000E-03   9.7300E-05   1.0440E-04   9.7018E-05 / 1.0401E-04   
2750   5.000E-03   9.7234E-05   1.0540E-04   9.6946E-05 / 1.0486E-04   
2760   5.000E-03   9.8332E-05   1.0677E-04   9.8123E-05 / 1.0647E-04   
2770   5.000E-03   1.0652E-04   1.0462E-04   1.0540E-04 / 1.0331E-04   
2780   5.000E-03   1.2380E-04   1.2766E-04   1.2089E-04 / 1.2416E-04   
2790   5.000E-03   9.8662E-05   1.0466E-04   9.8512E-05 / 1.0455E-04   
2800   5.000E-03   9.9711E-05   1.0599E-04   9.9470E-05 / 1.0452E-04   
2810   5.000E-03   9.6433E-05   1.0357E-04   9.6225E-05 / 1.0265E-04   
2820   5.000E-03   9.7536E-05   1.0514E-04   9.7328E-05 / 1.0466E-04   
2830   5.000E-03   1.0418E-04   1.0492E-04   1.0392E-04 / 1.0394E-04   
2840   5.000E-03   9.5852E-05   1.0368E-04   9.5655E-05 / 1.0315E-04   
2850   5.000E-03   9.7191E-05   1.0721E-04   9.6950E-05 / 1.0682E-04   
2860   5.000E-03   9.7165E-05   1.0514E-04   9.6616E-05 / 1.0423E-04   
2870   5.000E-03   1.0158E-04   1.1217E-04   1.0126E-04 / 1.1154E-04   
2880   5.000E-03   1.6854E-04   1.4691E-04   1.6690E-04 / 1.4396E-04   
2890   5.000E-03   9.7320E-05   1.0157E-04   9.7136E-05 / 1.0140E-04   
2900   5.000E-03   9.6314E-05   1.0093E-04   9.6171E-05 / 1.0080E-04   
2910   5.000E-03   1.1328E-04   1.1917E-04   1.1288E-04 / 1.1838E-04   
2920   5.000E-03   9.7913E-05   1.0160E-04   9.7689E-05 / 1.0123E-04   
2930   5.000E-03   1.0443E-04   9.7416E-05   1.0423E-04 / 9.7235E-05   
2940   5.000E-03   1.0929E-04   1.1427E-04   1.0752E-04 / 1.1195E-04   
2950   5.000E-03   4.0496E-04   3.0353E-04   4.0485E-04 / 3.0342E-04   
2960   5.000E-03   1.1912E-04   1.2523E-04   1.1891E-04 / 1.2508E-04   
2970   5.000E-03   1.0300E-04   9.8534E-05   1.0282E-04 / 9.8372E-05   
2980   5.000E-03   9.7780E-05   1.0610E-04   9.7618E-05 / 1.0596E-04   
2990   5.000E-03   9.8078E-05   1.0483E-04   9.7914E-05 / 1.0468E-04   
3000   5.000E-03   9.6939E-05   1.0292E-04   9.6746E-05 / 1.0272E-04   
3010   5.000E-03   9.6298E-05   1.0198E-04   9.5939E-05 / 1.0132E-04   
3020   5.000E-03   9.5431E-05   1.0414E-04   9.5216E-05 / 1.0374E-04   
3030   5.000E-03   1.0488E-04   1.1286E-04   1.0466E-04 / 1.1246E-04   
3040   5.000E-03   9.7826E-05   1.0044E-04   9.7553E-05 / 1.0012E-04   
3050   5.000E-03   1.0041E-04   1.0349E-04   9.8572E-05 / 1.0205E-04   
3060   5.000E-03   1.0564E-04   1.0775E-04   1.0496E-04 / 1.0718E-04   
3070   5.000E-03   9.7138E-05   1.0515E-04   9.6749E-05 / 1.0460E-04   
3080   5.000E-03   9.7829E-05   1.0504E-04   9.7447E-05 / 1.0434E-04   
3090   5.000E-03   1.8758E-04   1.9322E-04   1.8301E-04 / 1.8936E-04   
3100   5.000E-03   9.3787E-05   1.0344E-04   9.3486E-05 / 1.0280E-04   
3110   5.000E-03   1.1159E-04   1.1525E-04   1.1156E-04 / 1.1522E-04   
3120   5.000E-03   1.9336E-04   1.5369E-04   1.9307E-04 / 1.5344E-04   
3130   5.000E-03   9.8154E-05   1.0623E-04   9.7681E-05 / 1.0572E-04   
3140   5.000E-03   9.5554E-05   1.0189E-04   9.5291E-05 / 1.0160E-04   
3150   5.000E-03   9.5216E-05   1.0009E-04   9.5070E-05 / 9.9856E-05   
3160   5.000E-03   9.5089E-05   1.0259E-04   9.4704E-05 / 1.0196E-04   
3170   5.000E-03   9.4835E-05   1.0350E-04   9.4640E-05 / 1.0304E-04   
3180   5.000E-03   9.4939E-05   1.0149E-04   9.4828E-05 / 1.0140E-04   
3190   5.000E-03   9.4891E-05   1.0037E-04   9.4555E-05 / 9.9639E-05   
3200   5.000E-03   9.4700E-05   1.0274E-04   9.4603E-05 / 1.0265E-04   
3210   5.000E-03   9.4155E-05   1.0011E-04   9.3927E-05 / 9.9706E-05   
3220   5.000E-03   9.9236E-05   1.0198E-04   9.8966E-05 / 1.0145E-04   
3230   5.000E-03   3.1570E-04   2.1621E-04   2.5685E-04 / 1.6124E-04   
3240   5.000E-03   1.0875E-04   1.1340E-04   1.0854E-04 / 1.1319E-04   
3250   5.000E-03   9.8814E-05   1.0199E-04   9.8570E-05 / 1.0163E-04   
3260   5.000E-03   9.8205E-05   1.0240E-04   9.8025E-05 / 1.0213E-04   
3270   5.000E-03   9.9706E-05   1.0232E-04   9.9502E-05 / 1.0195E-04   
3280   5.000E-03   9.6844E-05   1.0048E-04   9.6649E-05 / 1.0013E-04   
3290   5.000E-03   9.6836E-05   1.0093E-04   9.6644E-05 / 1.0069E-04   
3300   5.000E-03   9.6231E-05   1.0002E-04   9.6007E-05 / 9.9441E-05   
3310   5.000E-03   9.6087E-05   9.9958E-05   9.5829E-05 / 9.9482E-05   
3320   5.000E-03   9.6620E-05   1.0021E-04   9.6498E-05 / 1.0007E-04   
3330   5.000E-03   9.5499E-05   1.0122E-04   9.5328E-05 / 1.0094E-04   
3340   5.000E-03   1.1606E-04   1.2316E-04   1.0953E-04 / 1.1648E-04   
3350   5.000E-03   1.4583E-04   1.3832E-04   1.4576E-04 / 1.3826E-04   
3360   5.000E-03   1.9017E-04   1.8703E-04   1.9015E-04 / 1.8700E-04   
3370   5.000E-03   9.6453E-05   1.0153E-04   9.6183E-05 / 1.0083E-04   
3380   5.000E-03   1.0070E-04   1.0342E-04   1.0056E-04 / 1.0332E-04   
3390   5.000E-03   9.4833E-05   9.9346E-05   9.4627E-05 / 9.8790E-05   
3400   5.000E-03   9.4126E-05   9.8675E-05   9.3859E-05 / 9.8035E-05   
3410   5.000E-03   9.7776E-05   1.0251E-04   9.7346E-05 / 1.0193E-04   
3420   5.000E-03   1.3687E-04   1.1206E-04   1.3680E-04 / 1.1200E-04   
3430   5.000E-03   1.1069E-04   1.0689E-04   1.1057E-04 / 1.0677E-04   
3440   5.000E-03   9.4690E-05   1.0049E-04   9.4456E-05 / 1.0026E-04   
3450   5.000E-03   9.8318E-05   1.0182E-04   9.8149E-05 / 1.0166E-04   
3460   5.000E-03   9.3277E-05   9.7730E-05   9.2978E-05 / 9.7000E-05   
3470   5.000E-03   9.3612E-05   9.7131E-05   9.3469E-05 / 9.6994E-05   
3480   5.000E-03   9.5401E-05   1.0013E-04   9.5250E-05 / 9.9978E-05   
3490   5.000E-03   1.4437E-04   1.3608E-04   1.4432E-04 / 1.3603E-04   
3500   5.000E-03   1.4536E-04   1.4597E-04   1.4536E-04 / 1.4597E-04   
3510   5.000E-03   9.3531E-05   9.5659E-05   9.3387E-05 / 9.5516E-05   
3520   5.000E-03   9.8062E-05   9.8238E-05   9.7596E-05 / 9.7414E-05   
3530   5.000E-03   3.6642E-04   2.1233E-04   3.6642E-04 / 2.1233E-04   
3540   5.000E-03   1.0377E-04   1.0270E-04   1.0355E-04 / 1.0249E-04   
3550   5.000E-03   9.5227E-05   9.9547E-05   9.5017E-05 / 9.9345E-05   
3560   5.000E-03   1.0024E-04   1.0325E-04   9.9969E-05 / 1.0302E-04   
3570   5.000E-03   9.3038E-05   9.8448E-05   9.2886E-05 / 9.8262E-05   
3580   5.000E-03   9.5106E-05   9.8973E-05   9.4910E-05 / 9.8771E-05   
3590   5.000E-03   9.4608E-05   9.9695E-05   9.4366E-05 / 9.9317E-05   
3600   5.000E-03   9.5766E-05   1.0023E-04   9.5617E-05 / 1.0011E-04   
3610   5.000E-03   9.4716E-05   1.0129E-04   9.4598E-05 / 1.0118E-04   
3620   5.000E-03   9.5091E-05   1.0079E-04   9.4930E-05 / 1.0064E-04   
3630   5.000E-03   9.3336E-05   9.7187E-05   9.3004E-05 / 9.6674E-05   
3640   5.000E-03   1.2237E-04   1.1476E-04   1.1975E-04 / 1.1232E-04   
3650   5.000E-03   1.0392E-04   1.0649E-04   1.0369E-04 / 1.0628E-04   
3660   5.000E-03   9.3979E-05   9.8133E-05   9.3842E-05 / 9.7996E-05   
3670   5.000E-03   9.2541E-05   9.8924E-05   9.2380E-05 / 9.8760E-05   
3680   5.000E-03   9.3003E-05   9.8971E-05   9.2879E-05 / 9.8846E-05   
3690   5.000E-03   1.0901E-04   1.1280E-04   1.0899E-04 / 1.1278E-04   
3700   5.000E-03   9.4662E-05   9.8549E-05   9.4589E-05 / 9.8477E-05   
3710   5.000E-03   9.2217E-05   9.9091E-05   9.2045E-05 / 9.8919E-05   
3720   5.000E-03   9.2050E-05   1.0235E-04   9.1807E-05 / 1.0168E-04   
3730   5.000E-03   3.2929E-04   2.4289E-04   3.2902E-04 / 2.4261E-04   
3740   5.000E-03   1.0104E-04   1.0789E-04   1.0076E-04 / 1.0767E-04   
3750   5.000E-03   9.3136E-05   1.0196E-04   9.2990E-05 / 1.0171E-04   
3760   5.000E-03   9.5506E-05   1.0698E-04   9.4544E-05 / 1.0510E-04   
3770   5.000E-03   9.0820E-05   1.0073E-04   9.0680E-05 / 1.0042E-04   
3780   5.000E-03   1.1283E-04   1.1957E-04   1.1279E-04 / 1.1953E-04   
3790   5.000E-03   9.3920E-05   1.0489E-04   9.3453E-05 / 1.0449E-04   
3800   5.000E-03   9.8858E-05   1.0347E-04   9.8798E-05 / 1.0342E-04   
3810   5.000E-03   9.2390E-05   1.0047E-04   9.2304E-05 / 1.0039E-04   
3820   5.000E-03   1.1133E-04   1.1291E-04   1.1131E-04 / 1.1289E-04   
3830   5.000E-03   8.9454E-05   9.9433E-05   8.9215E-05 / 9.9181E-05   
3840   5.000E-03   9.1754E-05   9.8499E-05   9.1624E-05 / 9.8266E-05   
3850   5.000E-03   9.9157E-05   1.0434E-04   9.9033E-05 / 1.0420E-04   
3860   5.000E-03   1.3391E-04   1.2541E-04   1.3370E-04 / 1.2520E-04   
3870   5.000E-03   1.0055E-04   9.8092E-05   1.0039E-04 / 9.7925E-05   
3880   5.000E-03   9.1442E-05   9.7205E-05   9.1295E-05 / 9.7053E-05   
3890   5.000E-03   9.0291E-05   9.7114E-05   9.0152E-05 / 9.6902E-05   
3900   5.000E-03   9.1483E-05   9.8953E-05   9.1339E-05 / 9.8810E-05   
3910   5.000E-03   9.1586E-05   9.9695E-05   9.1410E-05 / 9.9423E-05   
3920   5.000E-03   9.0325E-05   9.9851E-05   9.0200E-05 / 9.9710E-05   
3930   5.000E-03   9.1296E-05   1.0026E-04   9.1023E-05 / 9.9191E-05   
3940   5.000E-03   8.9676E-05   9.8013E-05   8.9435E-05 / 9.7669E-05   
3950   5.000E-03   9.0515E-05   9.9984E-05   9.0394E-05 / 9.9831E-05   
3960   5.000E-03   9.5820E-05   1.0410E-04   9.5201E-05 / 1.0355E-04   
3970   5.000E-03   9.1378E-05   9.9149E-05   9.1218E-05 / 9.8979E-05   
3980   5.000E-03   9.1550E-05   1.0357E-04   9.1229E-05 / 1.0325E-04   
3990   5.000E-03   9.6586E-05   1.0465E-04   9.6386E-05 / 1.0443E-04   
4000   5.000E-03   1.2234E-04   1.1339E-04   1.2205E-04 / 1.1312E-04   
4010   5.000E-03   9.3888E-05   1.0525E-04   9.3696E-05 / 1.0470E-04   
4020   5.000E-03   1.1597E-04   1.0579E-04   1.1558E-04 / 1.0543E-04   
4030   5.000E-03   8.9815E-05   1.0061E-04   8.9629E-05 / 1.0038E-04   
4040   5.000E-03   8.8276E-05   1.0010E-04   8.8120E-05 / 9.9930E-05   
4050   5.000E-03   8.9248E-05   1.0169E-04   8.9069E-05 / 1.0150E-04   
4060   5.000E-03   8.9203E-05   1.0231E-04   8.8963E-05 / 1.0206E-04   
4070   5.000E-03   8.8538E-05   1.0077E-04   8.8398E-05 / 1.0058E-04   
4080   5.000E-03   9.7204E-05   1.0624E-04   9.6966E-05 / 1.0600E-04   
4090   5.000E-03   1.0267E-04   1.1327E-04   9.9345E-05 / 1.0933E-04   
4100   5.000E-03   8.8465E-05   9.8830E-05   8.7857E-05 / 9.8068E-05   
4110   5.000E-03   1.0815E-04   1.1656E-04   1.0814E-04 / 1.1655E-04   
4120   5.000E-03   9.2243E-05   1.0343E-04   9.2183E-05 / 1.0334E-04   
4130   5.000E-03   8.7540E-05   9.8476E-05   8.7379E-05 / 9.8302E-05   
4140   5.000E-03   8.9297E-05   1.0063E-04   8.8914E-05 / 1.0017E-04   
4150   5.000E-03   1.1352E-04   1.1668E-04   1.0822E-04 / 1.1154E-04   
4160   5.000E-03   1.9019E-04   1.8919E-04   1.7946E-04 / 1.7821E-04   
4170   5.000E-03   8.7965E-05   1.0238E-04   8.7804E-05 / 1.0220E-04   
4180   5.000E-03   8.7701E-05   1.0146E-04   8.7564E-05 / 1.0125E-04   
4190   5.000E-03   8.7765E-05   9.8570E-05   8.7589E-05 / 9.8378E-05   
4200   5.000E-03   8.7913E-05   1.0276E-04   8.7756E-05 / 1.0253E-04   
4210   5.000E-03   8.7116E-05   1.0133E-04   8.6996E-05 / 1.0106E-04   
4220   5.000E-03   8.6100E-05   1.0081E-04   8.5947E-05 / 1.0063E-04   
4230   5.000E-03   8.8765E-05   1.0101E-04   8.8533E-05 / 1.0067E-04   
4240   5.000E-03   8.8051E-05   1.0212E-04   8.7935E-05 / 1.0199E-04   
4250   5.000E-03   1.0926E-04   1.1864E-04   1.0468E-04 / 1.1445E-04   
4260   5.000E-03   8.7724E-05   1.0111E-04   8.7634E-05 / 1.0095E-04   
4270   5.000E-03   8.6958E-05   1.0088E-04   8.6711E-05 / 1.0035E-04   
4280   5.000E-03   2.4333E-04   1.2783E-04   2.4281E-04 / 1.2732E-04   
4290   5.000E-03   1.0098E-04   9.6985E-05   1.0083E-04 / 9.6746E-05   
4300   5.000E-03   8.8494E-05   9.5193E-05   8.8391E-05 / 9.5034E-05   
4310   5.000E-03   8.7522E-05   9.5206E-05   8.7392E-05 / 9.5065E-05   
4320   5.000E-03   8.7031E-05   9.6832E-05   8.6876E-05 / 9.6672E-05   
4330   5.000E-03   8.7321E-05   9.8267E-05   8.7121E-05 / 9.7633E-05   
4340   5.000E-03   8.6599E-05   9.6556E-05   8.6414E-05 / 9.6290E-05   
4350   5.000E-03   8.8932E-05   9.7664E-05   8.8701E-05 / 9.7465E-05   
4360   5.000E-03   9.3400E-05   1.0385E-04   9.3299E-05 / 1.0373E-04   
4370   5.000E-03   8.7543E-05   9.8204E-05   8.7449E-05 / 9.8102E-05   
4380   5.000E-03   8.5753E-05   9.6220E-05   8.5592E-05 / 9.5657E-05   
4390   5.000E-03   9.0151E-05   9.7201E-05   8.9931E-05 / 9.6942E-05   
4400   5.000E-03   1.2523E-04   9.4830E-05   1.2504E-04 / 9.4617E-05   
4410   5.000E-03   1.9580E-04   1.4019E-04   1.9415E-04 / 1.3892E-04   
4420   5.000E-03   1.0050E-04   1.0167E-04   1.0041E-04 / 1.0160E-04   
4430   5.000E-03   8.6884E-05   9.5915E-05   8.6683E-05 / 9.5451E-05   
4440   5.000E-03   8.8686E-05   9.8196E-05   8.8545E-05 / 9.8040E-05   
4450   5.000E-03   9.4860E-05   1.0241E-04   9.4831E-05 / 1.0238E-04   
4460   5.000E-03   9.2492E-05   9.5590E-05   9.2447E-05 / 9.5538E-05   
4470   5.000E-03   8.6716E-05   9.7239E-05   8.6634E-05 / 9.7064E-05   
4480   5.000E-03   9.6299E-05   1.1038E-04   9.5866E-05 / 1.0923E-04   
4490   5.000E-03   1.1368E-04   1.2336E-04   1.0927E-04 / 1.1926E-04   
4500   5.000E-03   8.7381E-05   1.0015E-04   8.7107E-05 / 9.9711E-05   
4510   5.000E-03   8.9144E-05   9.9522E-05   8.9061E-05 / 9.9429E-05   
4520   5.000E-03   8.4389E-05   9.5401E-05   8.4246E-05 / 9.5251E-05   
4530   5.000E-03   1.4897E-04   9.6446E-05   1.4847E-04 / 9.6065E-05   
4540   5.000E-03   9.6247E-05   1.0139E-04   9.4470E-05 / 1.0004E-04   
4550   5.000E-03   9.6476E-05   1.0341E-04   9.6372E-05 / 1.0324E-04   
4560   5.000E-03   9.2906E-05   9.8663E-05   9.2746E-05 / 9.8456E-05   
4570   5.000E-03   9.0934E-04   8.7740E-04   8.7483E-04 / 8.4690E-04   
4580   5.000E-03   8.9517E-05   9.7133E-05   8.8937E-05 / 9.6569E-05   
4590   5.000E-03   8.6913E-05   9.5986E-05   8.6676E-05 / 9.5768E-05   
4600   5.000E-03   8.6211E-05   9.5730E-05   8.6087E-05 / 9.5596E-05   
4610   5.000E-03   8.6415E-05   9.5484E-05   8.6194E-05 / 9.5216E-05   
4620   5.000E-03   9.0506E-05   1.0237E-04   8.9282E-05 / 1.0044E-04   
4630   5.000E-03   8.5790E-05   9.5934E-05   8.5622E-05 / 9.5745E-05   
4640   5.000E-03   8.6789E-05   9.8051E-05   8.6620E-05 / 9.7871E-05   
4650   5.000E-03   8.6542E-05   9.5989E-05   8.6412E-05 / 9.5849E-05   
4660   5.000E-03   8.4585E-05   9.7309E-05   8.4377E-05 / 9.6987E-05   
4670   5.000E-03   8.7175E-05   1.0100E-04   8.7006E-05 / 1.0082E-04   
4680   5.000E-03   1.0054E-04   1.1803E-04   9.6131E-05 / 1.1362E-04   
4690   5.000E-03   8.5880E-05   1.0213E-04   8.5417E-05 / 1.0112E-04   
4700   5.000E-03   8.9821E-05   1.0059E-04   8.9770E-05 / 1.0053E-04   
4710   5.000E-03   1.0982E-04   1.2135E-04   1.0960E-04 / 1.2115E-04   
4720   5.000E-03   2.2715E-04   1.7491E-04   2.2046E-04 / 1.6830E-04   
4730   5.000E-03   8.8044E-05   9.7934E-05   8.7931E-05 / 9.7808E-05   
4740   5.000E-03   8.6082E-05   9.7317E-05   8.5990E-05 / 9.7212E-05   
4750   5.000E-03   8.5907E-05   9.7614E-05   8.5787E-05 / 9.7395E-05   
4760   5.000E-03   8.5891E-05   9.6580E-05   8.5637E-05 / 9.6133E-05   
4770   5.000E-03   8.5491E-05   1.0032E-04   8.5140E-05 / 9.9732E-05   
4780   5.000E-03   9.0777E-05   1.0377E-04   8.9561E-05 / 1.0231E-04   
4790   5.000E-03   9.3522E-05   1.0200E-04   9.3459E-05 / 1.0194E-04   
4800   5.000E-03   9.6144E-05   1.0637E-04   9.5947E-05 / 1.0536E-04   
4810   5.000E-03   8.4942E-05   9.5735E-05   8.4852E-05 / 9.5501E-05   
4820   5.000E-03   8.5271E-05   9.8052E-05   8.5178E-05 / 9.7879E-05   
4830   5.000E-03   9.1215E-05   1.0591E-04   9.1025E-05 / 1.0540E-04   
4840   5.000E-03   8.8110E-05   1.0249E-04   8.8037E-05 / 1.0240E-04   
4850   5.000E-03   8.4469E-05   1.0063E-04   8.4364E-05 / 1.0052E-04   
4860   5.000E-03   8.4243E-05   1.0045E-04   8.3924E-05 / 1.0001E-04   
4870   5.000E-03   9.0590E-05   1.0548E-04   9.0396E-05 / 1.0498E-04   
4880   5.000E-03   8.6273E-05   1.0163E-04   8.6180E-05 / 1.0154E-04   
4890   5.000E-03   1.2836E-04   1.4493E-04   1.2787E-04 / 1.4312E-04   
4900   5.000E-03   1.2444E-04   1.1349E-04   1.2322E-04 / 1.1162E-04   
4910   5.000E-03   8.5950E-05   9.6359E-05   8.5878E-05 / 9.6279E-05   
4920   5.000E-03   8.5293E-05   9.8309E-05   8.5212E-05 / 9.8225E-05   
4930   5.000E-03   8.8983E-05   9.3804E-05   8.8816E-05 / 9.3629E-05   
4940   5.000E-03   8.4906E-05   1.0014E-04   8.4815E-05 / 1.0004E-04   
4950   5.000E-03   8.6113E-05   9.9734E-05   8.5991E-05 / 9.9609E-05   
4960   5.000E-03   1.2459E-04   9.5632E-05   1.2391E-04 / 9.4226E-05   
4970   5.000E-03   1.8922E-04   1.9545E-04   1.8905E-04 / 1.9527E-04   
4980   5.000E-03   8.5048E-05   9.7158E-05   8.4971E-05 / 9.7049E-05   
4990   5.000E-03   8.4180E-05   9.6425E-05   8.4026E-05 / 9.6244E-05   
5000   5.000E-03   8.4457E-05   9.8227E-05   8.4356E-05 / 9.8118E-05   
5010   5.000E-03   8.5864E-05   1.0137E-04   8.5272E-05 / 1.0078E-04   
5020   5.000E-03   8.3900E-05   9.9321E-05   8.3808E-05 / 9.9213E-05   
5030   5.000E-03   8.8266E-05   1.0383E-04   8.7929E-05 / 1.0347E-04   
5040   5.000E-03   8.2672E-05   9.9278E-05   8.2512E-05 / 9.9097E-05   
5050   5.000E-03   8.4831E-05   1.0069E-04   8.4751E-05 / 1.0060E-04   
5060   5.000E-03   8.4198E-05   1.0028E-04   8.3912E-05 / 9.9880E-05   
5070   5.000E-03   8.2416E-05   9.9492E-05   8.2295E-05 / 9.9369E-05   
5080   5.000E-03   8.3771E-05   9.9234E-05   8.3597E-05 / 9.9014E-05   
5090   5.000E-03   1.0035E-04   1.0381E-04   9.8652E-05 / 1.0213E-04   
5100   5.000E-03   9.0158E-05   9.9479E-05   9.0131E-05 / 9.9446E-05   
5110   5.000E-03   8.3107E-05   1.0240E-04   8.2987E-05 / 1.0228E-04   
5120   5.000E-03   8.4548E-05   9.9490E-05   8.4453E-05 / 9.9387E-05   
5130   5.000E-03   1.6641E-04   1.3232E-04   1.6622E-04 / 1.3212E-04   
5140   5.000E-03   8.2822E-05   9.9080E-05   8.2662E-05 / 9.8866E-05   
5150   5.000E-03   8.3685E-05   1.0085E-04   8.3523E-05 / 1.0068E-04   
5160   5.000E-03   9.0199E-05   9.7765E-05   8.9925E-05 / 9.7430E-05   
5170   5.000E-03   8.4486E-05   9.9914E-05   8.4386E-05 / 9.9808E-05   
5180   5.000E-03   9.2422E-05   1.0068E-04   9.2283E-05 / 1.0034E-04   
5190   5.000E-03   8.3378E-05   1.0165E-04   8.3317E-05 / 1.0161E-04   
5200   5.000E-03   8.7411E-05   1.0118E-04   8.6364E-05 / 1.0021E-04   
5210   5.000E-03   8.3979E-05   1.0191E-04   8.3791E-05 / 1.0171E-04   
5220   5.000E-03   1.2172E-04   1.3221E-04   1.2135E-04 / 1.3183E-04   
5230   5.000E-03   8.2365E-05   9.5330E-05   8.2280E-05 / 9.5244E-05   
5240   5.000E-03   8.1573E-05   9.5807E-05   8.1394E-05 / 9.5597E-05   
5250   5.000E-03   1.4747E-04   1.6136E-04   1.4455E-04 / 1.5880E-04   
5260   5.000E-03   8.7846E-05   1.0720E-04   8.7670E-05 / 1.0648E-04   
5270   5.000E-03   8.2925E-05   9.6062E-05   8.2813E-05 / 9.5940E-05   
5280   5.000E-03   8.1591E-05   9.8179E-05   8.1480E-05 / 9.8062E-05   
5290   5.000E-03   8.2279E-05   9.7912E-05   8.2154E-05 / 9.7779E-05   
5300   5.000E-03   8.8377E-05   1.0688E-04   8.8215E-05 / 1.0671E-04   
5310   5.000E-03   8.2259E-05   1.0131E-04   8.2090E-05 / 1.0113E-04   
5320   5.000E-03   8.2227E-05   1.0433E-04   8.2108E-05 / 1.0421E-04   
5330   5.000E-03   8.2266E-05   9.9705E-05   8.2110E-05 / 9.9541E-05   
5340   5.000E-03   1.3566E-04   1.3142E-04   1.3560E-04 / 1.3136E-04   
5350   5.000E-03   9.6226E-05   1.0900E-04   9.5966E-05 / 1.0881E-04   
5360   5.000E-03   8.2892E-05   9.7569E-05   8.2689E-05 / 9.7214E-05   
5370   5.000E-03   8.4809E-05   9.8060E-05   8.4755E-05 / 9.7997E-05   
5380   5.000E-03   8.1836E-05   9.7405E-05   8.1731E-05 / 9.7296E-05   
5390   5.000E-03   8.1687E-05   9.8240E-05   8.1554E-05 / 9.8096E-05   
5400   5.000E-03   8.1937E-05   9.9372E-05   8.1822E-05 / 9.9251E-05   
5410   5.000E-03   8.2375E-05   1.0037E-04   8.2269E-05 / 1.0026E-04   
5420   5.000E-03   8.1534E-05   9.8058E-05   8.1224E-05 / 9.7788E-05   
5430   5.000E-03   8.1096E-05   9.8242E-05   8.0936E-05 / 9.8078E-05   
5440   5.000E-03   1.1398E-04   1.2131E-04   1.1374E-04 / 1.2107E-04   
5450   5.000E-03   8.9341E-05   9.9830E-05   8.9260E-05 / 9.9740E-05   
5460   5.000E-03   8.4977E-05   1.0052E-04   8.4676E-05 / 1.0027E-04   
5470   5.000E-03   8.2092E-05   9.9322E-05   8.1911E-05 / 9.9055E-05   
5480   5.000E-03   8.3259E-05   9.9785E-05   8.3164E-05 / 9.9685E-05   
5490   5.000E-03   8.7111E-05   1.0366E-04   8.6453E-05 / 1.0278E-04   
5500   5.000E-03   8.2521E-05   1.0124E-04   8.2433E-05 / 1.0114E-04   
5510   5.000E-03   8.1785E-05   1.0294E-04   8.1616E-05 / 1.0273E-04   
5520   5.000E-03   8.1973E-05   1.0222E-04   8.1233E-05 / 1.0149E-04   
5530   5.000E-03   8.4820E-05   1.0739E-04   8.4652E-05 / 1.0714E-04   
5540   5.000E-03   8.6076E-05   1.0983E-04   8.5790E-05 / 1.0954E-04   
5550   5.000E-03   1.1243E-04   1.0487E-04   1.1165E-04 / 1.0416E-04   
5560   5.000E-03   8.3517E-05   1.0019E-04   8.3465E-05 / 1.0014E-04   
5570   5.000E-03   7.9849E-05   9.9319E-05   7.9673E-05 / 9.9107E-05   
5580   5.000E-03   7.9921E-05   1.0027E-04   7.9763E-05 / 1.0007E-04   
5590   5.000E-03   8.6036E-05   1.0748E-04   8.5842E-05 / 1.0704E-04   
5600   5.000E-03   1.1012E-04   1.2799E-04   1.0493E-04 / 1.2307E-04   
5610   5.000E-03   1.1943E-04   1.2949E-04   1.1928E-04 / 1.2933E-04   
5620   5.000E-03   9.7005E-05   1.1206E-04   9.6962E-05 / 1.1201E-04   
5630   5.000E-03   8.1900E-05   1.0587E-04   8.1581E-05 / 1.0509E-04   
5640   5.000E-03   1.1135E-04   1.0773E-04   1.1128E-04 / 1.0766E-04   
5650   5.000E-03   7.9580E-05   1.0361E-04   7.9329E-05 / 1.0327E-04   
5660   5.000E-03   8.5663E-05   1.1388E-04   8.4359E-05 / 1.1153E-04   
5670   5.000E-03   7.9638E-05   1.0249E-04   7.9478E-05 / 1.0229E-04   
5680   5.000E-03   8.0952E-05   1.0169E-04   8.0762E-05 / 1.0124E-04   
5690   5.000E-03   8.3724E-05   1.0759E-04   8.3612E-05 / 1.0746E-04   
5700   5.000E-03   7.8994E-05   1.0219E-04   7.8841E-05 / 1.0204E-04   
5710   5.000E-03   8.3142E-05   1.0981E-04   8.2914E-05 / 1.0913E-04   
5720   5.000E-03   1.0166E-04   1.3095E-04   1.0013E-04 / 1.2665E-04   
5730   5.000E-03   8.1249E-05   1.0220E-04   8.1126E-05 / 1.0203E-04   
5740   5.000E-03   7.9140E-05   1.0320E-04   7.8953E-05 / 1.0294E-04   
5750   5.000E-03   8.1580E-05   1.0376E-04   8.1517E-05 / 1.0370E-04   
5760   5.000E-03   7.9582E-05   1.0280E-04   7.9408E-05 / 1.0265E-04   
5770   5.000E-03   1.0767E-04   1.2161E-04   1.0753E-04 / 1.2146E-04   
5780   5.000E-03   2.2620E-04   2.4098E-04   2.2620E-04 / 2.4098E-04   
5790   5.000E-03   9.6892E-05   1.0732E-04   9.3873E-05 / 1.0323E-04   
5800   5.000E-03   8.0266E-05   9.8289E-05   8.0133E-05 / 9.8144E-05   
5810   5.000E-03   7.9597E-05   9.8706E-05   7.9235E-05 / 9.8352E-05   
5820   5.000E-03   1.0471E-04   1.1431E-04   1.0459E-04 / 1.1413E-04   
5830   5.000E-03   2.1189E-04   1.9897E-04   2.0949E-04 / 1.9705E-04   
5840   5.000E-03   9.6686E-05   1.0697E-04   9.6047E-05 / 1.0595E-04   
5850   5.000E-03   8.0943E-05   9.9434E-05   8.0703E-05 / 9.9009E-05   
5860   5.000E-03   8.2707E-05   1.0258E-04   8.2624E-05 / 1.0249E-04   
5870   5.000E-03   8.1130E-05   1.0085E-04   8.0976E-05 / 1.0072E-04   
5880   5.000E-03   8.0270E-05   9.9256E-05   8.0111E-05 / 9.9036E-05   
5890   5.000E-03   7.9379E-05   1.0175E-04   7.9265E-05 / 1.0161E-04   
5900   5.000E-03   8.4092E-05   1.0002E-04   8.3362E-05 / 9.9243E-05   
5910   5.000E-03   8.7317E-05   1.0839E-04   8.7047E-05 / 1.0731E-04   
5920   5.000E-03   7.8888E-05   1.0155E-04   7.8752E-05 / 1.0142E-04   
5930   5.000E-03   8.2532E-05   1.0455E-04   8.1559E-05 / 1.0301E-04   
5940   5.000E-03   8.2856E-05   1.0613E-04   8.2464E-05 / 1.0570E-04   
5950   5.000E-03   7.9388E-05   9.9981E-05   7.9305E-05 / 9.9900E-05   
5960   5.000E-03   7.9125E-05   1.0101E-04   7.9024E-05 / 1.0091E-04   
5970   5.000E-03   9.0201E-05   1.1058E-04   8.9994E-05 / 1.1038E-04   
5980   5.000E-03   8.6975E-05   1.1001E-04   8.6894E-05 / 1.0993E-04   
5990   5.000E-03   9.4578E-05   1.0548E-04   9.4546E-05 / 1.0544E-04   
6000   5.000E-03   1.5638E-04   1.5577E-04   1.4316E-04 / 1.4279E-04   
===============================================================================================================
Saved model to /home/nikki/kan/kanTBNN/models/multi_run/kan_experiment_15/kanTBNN-24Nov04_00:23:59.pickle
