=====> WARNING: Training dataset length: 0, assuming memorization test!
========== Dataset info ==========
Dataset params: {'file': '/home/ryley/WDK/ML/dataset/turbulence_dataset_clean.csv', 'Cases': ['case_1p2'], 'val_set': ['case_1p2'], 'test_set': ['case_1p2'], 'data_loader': <class 'tbnn.dataloaders.aDataset'>}
Train/Valid/Test points: 14751 / 14751 / 14751
Memorization?: True
Cluster training?: False
EPOCH     LR        TRAIN         VALID             MSE:T/V                  RL:T/V             %NR_t/%NR_v
===============================================================================================================
  1   1.000E+01   2.4897E-11   2.4897E-11   2.4897E-11 / 2.4897E-11   1.1320E-06 / 1.1320E-06   0.17% / 0.17%
 10   1.000E+01   1.6400E-11   1.6400E-11   1.6400E-11 / 1.6400E-11   1.1147E-06 / 1.1147E-06   0.17% / 0.17%
 20   1.000E+01   1.6155E-11   1.6155E-11   1.6155E-11 / 1.6155E-11   1.0720E-06 / 1.0720E-06   0.19% / 0.19%
 30   1.000E+01   1.5942E-11   1.5942E-11   1.5942E-11 / 1.5942E-11   1.0599E-06 / 1.0599E-06   0.19% / 0.19%
 40   1.000E+01   1.4601E-11   1.4601E-11   1.4601E-11 / 1.4601E-11   1.0254E-06 / 1.0254E-06   0.18% / 0.18%
 50   1.000E+01   1.3645E-11   1.3645E-11   1.3645E-11 / 1.3645E-11   1.0288E-06 / 1.0288E-06   0.19% / 0.19%
 60   1.000E+01   1.3394E-11   1.3394E-11   1.3394E-11 / 1.3394E-11   1.0543E-06 / 1.0543E-06   0.19% / 0.19%
 70   1.000E+01   1.3247E-11   1.3247E-11   1.3247E-11 / 1.3247E-11   1.0642E-06 / 1.0642E-06   0.20% / 0.20%
 80   1.000E+01   1.3096E-11   1.3096E-11   1.3096E-11 / 1.3096E-11   1.0842E-06 / 1.0842E-06   0.20% / 0.20%
 90   1.000E+01   1.2834E-11   1.2834E-11   1.2834E-11 / 1.2834E-11   1.1120E-06 / 1.1120E-06   0.19% / 0.19%
100   1.000E+01   1.2340E-11   1.2340E-11   1.2340E-11 / 1.2340E-11   1.1617E-06 / 1.1617E-06   0.23% / 0.23%
110   1.000E+01   1.0600E-11   1.0600E-11   1.0600E-11 / 1.0600E-11   3.5014E-04 / 3.5014E-04   5.60% / 5.60%
120   1.000E+01   1.0664E-11   1.0664E-11   1.0664E-11 / 1.0664E-11   8.3201E-04 / 8.3201E-04   7.84% / 7.84%
130   1.000E+01   9.6086E-12   9.6086E-12   9.6086E-12 / 9.6086E-12   2.5711E-03 / 2.5711E-03   10.38% / 10.38%
140   1.000E+01   9.8052E-12   9.8052E-12   9.8052E-12 / 9.8052E-12   5.5375E-03 / 5.5375E-03   9.21% / 9.21%
150   1.000E+01   8.9106E-12   8.9106E-12   8.9106E-12 / 8.9106E-12   6.5334E-03 / 6.5334E-03   13.82% / 13.82%
160   1.000E+01   6.2497E-12   6.2497E-12   6.2497E-12 / 6.2497E-12   8.4598E-03 / 8.4598E-03   16.95% / 16.95%
170   1.000E+01   1.1511E-11   1.1511E-11   1.1511E-11 / 1.1511E-11   1.4879E-02 / 1.4879E-02   13.15% / 13.15%
180   1.000E+01   8.1302E-12   8.1302E-12   8.1302E-12 / 8.1302E-12   1.2705E-02 / 1.2705E-02   17.14% / 17.14%
190   1.000E+01   7.9045E-12   7.9045E-12   7.9045E-12 / 7.9045E-12   6.5521E-03 / 6.5521E-03   15.25% / 15.25%
200   1.000E+01   7.9339E-12   7.9339E-12   7.9339E-12 / 7.9339E-12   7.6262E-03 / 7.6262E-03   12.58% / 12.58%
210   1.000E+01   5.8699E-12   5.8699E-12   5.8699E-12 / 5.8699E-12   1.0416E-02 / 1.0416E-02   17.18% / 17.18%
220   1.000E+01   1.0515E-11   1.0515E-11   1.0515E-11 / 1.0515E-11   1.4218E-02 / 1.4218E-02   17.68% / 17.68%
230   1.000E+01   8.7420E-12   8.7420E-12   8.7420E-12 / 8.7420E-12   1.0100E-02 / 1.0100E-02   18.61% / 18.61%
240   1.000E+01   7.7170E-12   7.7170E-12   7.7170E-12 / 7.7170E-12   2.4546E-02 / 2.4546E-02   16.41% / 16.41%
250   1.000E+01   7.5271E-12   7.5271E-12   7.5271E-12 / 7.5271E-12   1.9234E-02 / 1.9234E-02   20.44% / 20.44%
260   1.000E+01   7.8299E-12   7.8299E-12   7.8299E-12 / 7.8299E-12   7.0907E-03 / 7.0907E-03   12.85% / 12.85%
270   1.000E+01   8.0320E-12   8.0320E-12   8.0320E-12 / 8.0320E-12   8.1234E-03 / 8.1234E-03   14.22% / 14.22%
280   1.000E+01   7.0417E-12   7.0417E-12   7.0417E-12 / 7.0417E-12   1.0381E-02 / 1.0381E-02   21.07% / 21.07%
BEST MODEL
===============================================================================================================
231   1.000E+01   4.1681E-12   4.1681E-12   4.1681E-12 / 4.1681E-12   1.0310E-02 / 1.0310E-02   19.99% / 19.99%
===============================================================================================================
Saved model to models/phll_memorization/TBNNiii-24Apr30_10:52:29.pickle
