========== Dataset info ==========
Dataset params: {'file': '/home/ryley/WDK/ML/dataset/turbulence_dataset_clean.csv', 'Cases': ['case_0p5', 'case_0p8', 'case_1p0', 'case_1p2', 'case_1p5', 'squareDuctAve_Re_1100', 'squareDuctAve_Re_1150', 'squareDuctAve_Re_1250', 'squareDuctAve_Re_1300', 'squareDuctAve_Re_1350', 'squareDuctAve_Re_1400', 'squareDuctAve_Re_1500', 'squareDuctAve_Re_1600', 'squareDuctAve_Re_1800', 'squareDuctAve_Re_2000', 'squareDuctAve_Re_2205', 'squareDuctAve_Re_2400', 'squareDuctAve_Re_2600', 'squareDuctAve_Re_2900', 'squareDuctAve_Re_3200', 'squareDuctAve_Re_3500', 'fp_1000', 'fp_1410', 'fp_2000', 'fp_2540', 'fp_3030', 'fp_3270', 'fp_3630', 'fp_3970', 'fp_4060'], 'val_set': ['fp_3030', 'fp_1410', 'fp_4060', 'squareDuctAve_Re_1300', 'squareDuctAve_Re_1800', 'squareDuctAve_Re_3200', 'case_0p8'], 'test_set': ['fp_3630', 'squareDuctAve_Re_2000', 'case_1p2'], 'data_loader': <class 'tbnn.dataloaders.DeltaDataset'>}
Train/Valid/Test points: 15560 / 42867 / 24135
Memorization?: False
Cluster training?: False
EPOCH     LR        TRAIN         VALID             MSE:T/V                  RL:T/V             %NR_t/%NR_v
===============================================================================================================
  1   5.000E-04   1.2673E+00   1.2845E+00   1.2673E+00 / 1.2845E+00   
 10   5.000E-04   3.8652E-01   3.6504E-01   3.8652E-01 / 3.6504E-01   
 20   5.000E-04   3.2911E-01   3.1310E-01   3.2911E-01 / 3.1310E-01   
 30   5.000E-04   3.0924E-01   2.8593E-01   3.0924E-01 / 2.8593E-01   
 40   5.000E-04   2.8779E-01   2.7397E-01   2.8779E-01 / 2.7397E-01   
 50   5.000E-04   2.7372E-01   2.5915E-01   2.7372E-01 / 2.5915E-01   
 60   5.000E-04   2.6661E-01   2.5875E-01   2.6661E-01 / 2.5875E-01   
 70   5.000E-04   2.5588E-01   2.4356E-01   2.5588E-01 / 2.4356E-01   
 80   5.000E-04   2.5486E-01   2.4557E-01   2.5486E-01 / 2.4557E-01   
 90   5.000E-04   2.5245E-01   2.3508E-01   2.5245E-01 / 2.3508E-01   
100   5.000E-04   2.4760E-01   2.2988E-01   2.4760E-01 / 2.2988E-01   
110   5.000E-04   2.4337E-01   2.2553E-01   2.4337E-01 / 2.2553E-01   
120   5.000E-04   2.3750E-01   2.2453E-01   2.3750E-01 / 2.2453E-01   
130   5.000E-04   2.4669E-01   2.4252E-01   2.4669E-01 / 2.4252E-01   
140   5.000E-04   2.3479E-01   2.1874E-01   2.3479E-01 / 2.1874E-01   
150   5.000E-04   2.3837E-01   2.1877E-01   2.3837E-01 / 2.1877E-01   
160   5.000E-04   2.2895E-01   2.1579E-01   2.2895E-01 / 2.1579E-01   
170   5.000E-04   2.1762E-01   2.1008E-01   2.1762E-01 / 2.1008E-01   
180   5.000E-04   2.1639E-01   2.0893E-01   2.1639E-01 / 2.0893E-01   
190   5.000E-04   2.3600E-01   2.1816E-01   2.3600E-01 / 2.1816E-01   
200   5.000E-04   2.1451E-01   2.0717E-01   2.1451E-01 / 2.0717E-01   
210   5.000E-04   2.2526E-01   2.0937E-01   2.2526E-01 / 2.0937E-01   
220   5.000E-04   2.1823E-01   2.1194E-01   2.1823E-01 / 2.1194E-01   
230   5.000E-04   2.1259E-01   2.0818E-01   2.1259E-01 / 2.0818E-01   
240   5.000E-04   2.1161E-01   2.0260E-01   2.1161E-01 / 2.0260E-01   
250   5.000E-04   2.1165E-01   2.0497E-01   2.1165E-01 / 2.0497E-01   
260   5.000E-04   2.0799E-01   2.0187E-01   2.0799E-01 / 2.0187E-01   
270   5.000E-04   2.0986E-01   2.0488E-01   2.0986E-01 / 2.0488E-01   
280   5.000E-04   2.1591E-01   2.1151E-01   2.1591E-01 / 2.1151E-01   
290   5.000E-04   2.0617E-01   2.0051E-01   2.0617E-01 / 2.0051E-01   
300   5.000E-04   2.0603E-01   2.0039E-01   2.0603E-01 / 2.0039E-01   
310   5.000E-04   2.0596E-01   1.9896E-01   2.0596E-01 / 1.9896E-01   
320   5.000E-04   2.0552E-01   2.0040E-01   2.0552E-01 / 2.0040E-01   
330   5.000E-04   2.0253E-01   1.9438E-01   2.0253E-01 / 1.9438E-01   
340   5.000E-04   2.0506E-01   1.9992E-01   2.0506E-01 / 1.9992E-01   
350   5.000E-04   2.0427E-01   1.9799E-01   2.0427E-01 / 1.9799E-01   
360   5.000E-04   2.0433E-01   1.9905E-01   2.0433E-01 / 1.9905E-01   
370   5.000E-04   2.0570E-01   1.9905E-01   2.0570E-01 / 1.9905E-01   
380   5.000E-04   2.0454E-01   1.9593E-01   2.0454E-01 / 1.9593E-01   
390   5.000E-04   2.0364E-01   1.9868E-01   2.0364E-01 / 1.9868E-01   
400   5.000E-04   2.0528E-01   1.9547E-01   2.0528E-01 / 1.9547E-01   
410   5.000E-04   2.0124E-01   1.9573E-01   2.0124E-01 / 1.9573E-01   
420   5.000E-04   2.1124E-01   2.1019E-01   2.1124E-01 / 2.1019E-01   
430   5.000E-04   2.0596E-01   2.0366E-01   2.0596E-01 / 2.0366E-01   
440   5.000E-04   2.0409E-01   2.0078E-01   2.0409E-01 / 2.0078E-01   
450   5.000E-04   2.0265E-01   1.9918E-01   2.0265E-01 / 1.9918E-01   
460   5.000E-04   1.9950E-01   1.9370E-01   1.9950E-01 / 1.9370E-01   
470   5.000E-04   2.0278E-01   1.9786E-01   2.0278E-01 / 1.9786E-01   
480   5.000E-04   1.9907E-01   1.9315E-01   1.9907E-01 / 1.9315E-01   
490   5.000E-04   2.0207E-01   1.9748E-01   2.0207E-01 / 1.9748E-01   
500   5.000E-04   2.0253E-01   1.9689E-01   2.0253E-01 / 1.9689E-01   
510   5.000E-04   2.0596E-01   2.0100E-01   2.0596E-01 / 2.0100E-01   
520   5.000E-04   1.9446E-01   1.8705E-01   1.9446E-01 / 1.8705E-01   
530   5.000E-04   2.0153E-01   1.9624E-01   2.0153E-01 / 1.9624E-01   
540   5.000E-04   1.9213E-01   1.8420E-01   1.9213E-01 / 1.8420E-01   
550   5.000E-04   1.9472E-01   1.8629E-01   1.9472E-01 / 1.8629E-01   
560   5.000E-04   2.0270E-01   1.9807E-01   2.0270E-01 / 1.9807E-01   
570   5.000E-04   2.0302E-01   2.0193E-01   2.0302E-01 / 2.0193E-01   
580   5.000E-04   2.0826E-01   2.0546E-01   2.0826E-01 / 2.0546E-01   
590   5.000E-04   2.0216E-01   1.9645E-01   2.0216E-01 / 1.9645E-01   
600   5.000E-04   1.9072E-01   1.8562E-01   1.9072E-01 / 1.8562E-01   
610   5.000E-04   2.1600E-01   1.9997E-01   2.1600E-01 / 1.9997E-01   
620   5.000E-04   1.9478E-01   1.9098E-01   1.9478E-01 / 1.9098E-01   
630   5.000E-04   1.8486E-01   1.7622E-01   1.8486E-01 / 1.7622E-01   
640   5.000E-04   2.0694E-01   2.0649E-01   2.0694E-01 / 2.0649E-01   
650   5.000E-04   2.0119E-01   1.9237E-01   2.0119E-01 / 1.9237E-01   
660   5.000E-04   2.1086E-01   2.0669E-01   2.1086E-01 / 2.0669E-01   
670   5.000E-04   1.8419E-01   1.8065E-01   1.8419E-01 / 1.8065E-01   
680   5.000E-04   1.8397E-01   1.7622E-01   1.8397E-01 / 1.7622E-01   
690   5.000E-04   1.8391E-01   1.7586E-01   1.8391E-01 / 1.7586E-01   
700   5.000E-04   1.9347E-01   1.8803E-01   1.9347E-01 / 1.8803E-01   
710   5.000E-04   1.9872E-01   1.9531E-01   1.9872E-01 / 1.9531E-01   
720   5.000E-04   1.8396E-01   1.7673E-01   1.8396E-01 / 1.7673E-01   
730   5.000E-04   2.0419E-01   2.0161E-01   2.0419E-01 / 2.0161E-01   
740   5.000E-04   1.9602E-01   1.9307E-01   1.9602E-01 / 1.9307E-01   
750   5.000E-04   1.7700E-01   1.7214E-01   1.7700E-01 / 1.7214E-01   
760   5.000E-04   1.7645E-01   1.7616E-01   1.7645E-01 / 1.7616E-01   
770   5.000E-04   1.9134E-01   1.8928E-01   1.9134E-01 / 1.8928E-01   
780   5.000E-04   1.8598E-01   1.8455E-01   1.8598E-01 / 1.8455E-01   
790   5.000E-04   1.8994E-01   1.9265E-01   1.8994E-01 / 1.9265E-01   
800   5.000E-04   1.7480E-01   1.6979E-01   1.7480E-01 / 1.6979E-01   
810   5.000E-04   1.7653E-01   1.7339E-01   1.7653E-01 / 1.7339E-01   
820   5.000E-04   1.7504E-01   1.7066E-01   1.7504E-01 / 1.7066E-01   
830   5.000E-04   1.8604E-01   1.8744E-01   1.8604E-01 / 1.8744E-01   
840   5.000E-04   1.8066E-01   1.7957E-01   1.8066E-01 / 1.7957E-01   
850   5.000E-04   1.8826E-01   1.9191E-01   1.8826E-01 / 1.9191E-01   
860   5.000E-04   1.8130E-01   1.8141E-01   1.8130E-01 / 1.8141E-01   
870   5.000E-04   1.8483E-01   1.8350E-01   1.8483E-01 / 1.8350E-01   
880   5.000E-04   1.8196E-01   1.7289E-01   1.8196E-01 / 1.7289E-01   
890   5.000E-04   1.8697E-01   1.7794E-01   1.8697E-01 / 1.7794E-01   
900   5.000E-04   1.9090E-01   1.8208E-01   1.9090E-01 / 1.8208E-01   
910   5.000E-04   1.9963E-01   1.9707E-01   1.9963E-01 / 1.9707E-01   
920   5.000E-04   2.2262E-01   2.0180E-01   2.2262E-01 / 2.0180E-01   
930   5.000E-04   2.0716E-01   2.0184E-01   2.0716E-01 / 2.0184E-01   
940   5.000E-04   1.9471E-01   1.8742E-01   1.9471E-01 / 1.8742E-01   
950   5.000E-04   1.8387E-01   1.8161E-01   1.8387E-01 / 1.8161E-01   
960   5.000E-04   1.8079E-01   1.7991E-01   1.8079E-01 / 1.7991E-01   
970   5.000E-04   1.9419E-01   1.8114E-01   1.9419E-01 / 1.8114E-01   
980   5.000E-04   2.1663E-01   2.1394E-01   2.1663E-01 / 2.1394E-01   
990   5.000E-04   1.8453E-01   1.7565E-01   1.8453E-01 / 1.7565E-01   
1000   5.000E-04   1.7532E-01   1.7463E-01   1.7532E-01 / 1.7463E-01   
===============================================================================================================
Saved model to models/all_flows/KCNN-24May13_09:13:01.pickle
