========== Dataset info ==========
Dataset params: {'file': '/home/ryley/WDK/ML/dataset/turbulence_dataset_clean.csv', 'Cases': ['case_0p5', 'case_0p8', 'case_1p0', 'case_1p2', 'case_1p5', 'squareDuctAve_Re_1100', 'squareDuctAve_Re_1150', 'squareDuctAve_Re_1250', 'squareDuctAve_Re_1300', 'squareDuctAve_Re_1350', 'squareDuctAve_Re_1400', 'squareDuctAve_Re_1500', 'squareDuctAve_Re_1600', 'squareDuctAve_Re_1800', 'squareDuctAve_Re_2000', 'squareDuctAve_Re_2205', 'squareDuctAve_Re_2400', 'squareDuctAve_Re_2600', 'squareDuctAve_Re_2900', 'squareDuctAve_Re_3200', 'squareDuctAve_Re_3500', 'fp_1000', 'fp_1410', 'fp_2000', 'fp_2540', 'fp_3030', 'fp_3270', 'fp_3630', 'fp_3970', 'fp_4060'], 'val_set': ['fp_3030', 'fp_1410', 'fp_4060', 'squareDuctAve_Re_1300', 'squareDuctAve_Re_1800', 'squareDuctAve_Re_3200', 'case_0p8'], 'test_set': ['fp_3630', 'squareDuctAve_Re_2000', 'case_1p2'], 'data_loader': <class 'tbnn.dataloaders.DeltaDataset'>}
Train/Valid/Test points: 155605 / 42867 / 24135
Memorization?: False
Cluster training?: False
EPOCH     LR        TRAIN         VALID             MSE:T/V                  RL:T/V             %NR_t/%NR_v
===============================================================================================================
  1   5.000E-05   4.8941E-01   4.4332E-01   4.8941E-01 / 4.4332E-01   
 10   5.000E-05   3.1361E-01   2.8298E-01   3.1361E-01 / 2.8298E-01   
 20   5.000E-05   2.8774E-01   2.6434E-01   2.8774E-01 / 2.6434E-01   
 30   5.000E-05   2.6982E-01   2.4589E-01   2.6982E-01 / 2.4589E-01   
 40   5.000E-05   2.5807E-01   2.2961E-01   2.5807E-01 / 2.2961E-01   
 50   5.000E-05   2.5066E-01   2.2387E-01   2.5066E-01 / 2.2387E-01   
 60   5.000E-05   2.4916E-01   2.2554E-01   2.4916E-01 / 2.2554E-01   
 70   5.000E-05   2.5827E-01   2.2510E-01   2.5827E-01 / 2.2510E-01   
 80   5.000E-05   2.3802E-01   2.1059E-01   2.3802E-01 / 2.1059E-01   
 90   5.000E-05   2.3236E-01   2.0790E-01   2.3236E-01 / 2.0790E-01   
100   5.000E-05   2.3242E-01   2.1152E-01   2.3242E-01 / 2.1152E-01   
110   5.000E-05   2.2417E-01   2.0142E-01   2.2417E-01 / 2.0142E-01   
120   5.000E-05   2.3033E-01   2.0107E-01   2.3033E-01 / 2.0107E-01   
130   5.000E-05   2.2560E-01   2.0448E-01   2.2560E-01 / 2.0448E-01   
140   5.000E-05   2.1373E-01   1.9192E-01   2.1373E-01 / 1.9192E-01   
150   5.000E-05   2.1550E-01   1.9067E-01   2.1550E-01 / 1.9067E-01   
160   5.000E-05   2.0598E-01   1.8338E-01   2.0598E-01 / 1.8338E-01   
170   5.000E-05   2.0263E-01   1.8075E-01   2.0263E-01 / 1.8075E-01   
180   5.000E-05   1.9997E-01   1.8470E-01   1.9997E-01 / 1.8470E-01   
190   5.000E-05   1.9308E-01   1.7707E-01   1.9308E-01 / 1.7707E-01   
200   5.000E-05   1.9145E-01   1.7534E-01   1.9145E-01 / 1.7534E-01   
210   5.000E-05   1.9307E-01   1.8032E-01   1.9307E-01 / 1.8032E-01   
220   5.000E-05   1.8818E-01   1.7161E-01   1.8818E-01 / 1.7161E-01   
230   5.000E-05   1.8501E-01   1.6911E-01   1.8501E-01 / 1.6911E-01   
240   5.000E-05   1.8952E-01   1.7894E-01   1.8952E-01 / 1.7894E-01   
250   5.000E-05   1.8220E-01   1.6892E-01   1.8220E-01 / 1.6892E-01   
260   5.000E-05   1.8053E-01   1.6916E-01   1.8053E-01 / 1.6916E-01   
270   5.000E-05   2.0073E-01   1.8869E-01   2.0073E-01 / 1.8869E-01   
280   5.000E-05   1.7934E-01   1.6840E-01   1.7934E-01 / 1.6840E-01   
290   5.000E-05   1.7988E-01   1.6806E-01   1.7988E-01 / 1.6806E-01   
300   5.000E-05   1.7574E-01   1.6309E-01   1.7574E-01 / 1.6309E-01   
310   5.000E-05   1.8039E-01   1.6570E-01   1.8039E-01 / 1.6570E-01   
320   5.000E-05   1.8744E-01   1.7082E-01   1.8744E-01 / 1.7082E-01   
330   5.000E-05   1.8352E-01   1.5956E-01   1.8352E-01 / 1.5956E-01   
340   5.000E-05   1.7455E-01   1.6491E-01   1.7455E-01 / 1.6491E-01   
350   5.000E-05   1.7455E-01   1.6210E-01   1.7455E-01 / 1.6210E-01   
360   5.000E-05   1.6718E-01   1.5418E-01   1.6718E-01 / 1.5418E-01   
370   5.000E-05   1.7255E-01   1.5832E-01   1.7255E-01 / 1.5832E-01   
380   5.000E-05   1.7078E-01   1.6088E-01   1.7078E-01 / 1.6088E-01   
390   5.000E-05   1.7014E-01   1.6197E-01   1.7014E-01 / 1.6197E-01   
400   5.000E-05   1.6681E-01   1.5714E-01   1.6681E-01 / 1.5714E-01   
410   5.000E-05   1.6219E-01   1.5324E-01   1.6219E-01 / 1.5324E-01   
420   5.000E-05   1.5972E-01   1.5089E-01   1.5972E-01 / 1.5089E-01   
430   5.000E-05   2.0174E-01   1.8826E-01   2.0174E-01 / 1.8826E-01   
440   5.000E-05   1.7750E-01   1.6951E-01   1.7750E-01 / 1.6951E-01   
450   5.000E-05   1.6072E-01   1.4405E-01   1.6072E-01 / 1.4405E-01   
460   5.000E-05   1.6668E-01   1.5019E-01   1.6668E-01 / 1.5019E-01   
470   5.000E-05   1.5917E-01   1.4947E-01   1.5917E-01 / 1.4947E-01   
480   5.000E-05   1.5593E-01   1.4445E-01   1.5593E-01 / 1.4445E-01   
490   5.000E-05   1.5677E-01   1.4295E-01   1.5677E-01 / 1.4295E-01   
500   5.000E-05   1.5730E-01   1.4239E-01   1.5730E-01 / 1.4239E-01   
510   5.000E-05   1.6574E-01   1.4654E-01   1.6574E-01 / 1.4654E-01   
520   5.000E-05   1.5515E-01   1.4824E-01   1.5515E-01 / 1.4824E-01   
530   5.000E-05   1.4954E-01   1.4052E-01   1.4954E-01 / 1.4052E-01   
540   5.000E-05   1.5615E-01   1.4727E-01   1.5615E-01 / 1.4727E-01   
550   5.000E-05   1.8088E-01   1.6438E-01   1.8088E-01 / 1.6438E-01   
560   5.000E-05   1.7242E-01   1.6495E-01   1.7242E-01 / 1.6495E-01   
570   5.000E-05   1.4958E-01   1.4313E-01   1.4958E-01 / 1.4313E-01   
580   5.000E-05   1.4913E-01   1.3872E-01   1.4913E-01 / 1.3872E-01   
590   5.000E-05   1.7722E-01   1.5421E-01   1.7722E-01 / 1.5421E-01   
600   5.000E-05   1.5721E-01   1.5153E-01   1.5721E-01 / 1.5153E-01   
610   5.000E-05   1.6196E-01   1.5496E-01   1.6196E-01 / 1.5496E-01   
620   5.000E-05   1.5148E-01   1.4631E-01   1.5148E-01 / 1.4631E-01   
630   5.000E-05   1.4710E-01   1.4046E-01   1.4710E-01 / 1.4046E-01   
640   5.000E-05   1.8382E-01   1.5617E-01   1.8382E-01 / 1.5617E-01   
650   5.000E-05   1.5435E-01   1.4885E-01   1.5435E-01 / 1.4885E-01   
660   5.000E-05   1.4715E-01   1.3847E-01   1.4715E-01 / 1.3847E-01   
670   5.000E-05   1.4507E-01   1.3518E-01   1.4507E-01 / 1.3518E-01   
680   5.000E-05   1.6938E-01   1.6508E-01   1.6938E-01 / 1.6508E-01   
690   5.000E-05   1.5893E-01   1.5593E-01   1.5893E-01 / 1.5593E-01   
700   5.000E-05   1.4529E-01   1.3480E-01   1.4529E-01 / 1.3480E-01   
710   5.000E-05   1.4265E-01   1.3367E-01   1.4265E-01 / 1.3367E-01   
720   5.000E-05   1.5031E-01   1.4598E-01   1.5031E-01 / 1.4598E-01   
730   5.000E-05   1.5852E-01   1.5510E-01   1.5852E-01 / 1.5510E-01   
740   5.000E-05   1.5161E-01   1.4825E-01   1.5161E-01 / 1.4825E-01   
750   5.000E-05   1.4804E-01   1.4541E-01   1.4804E-01 / 1.4541E-01   
760   5.000E-05   1.3936E-01   1.3434E-01   1.3936E-01 / 1.3434E-01   
770   5.000E-05   1.4560E-01   1.4194E-01   1.4560E-01 / 1.4194E-01   
780   5.000E-05   1.3837E-01   1.2962E-01   1.3837E-01 / 1.2962E-01   
790   5.000E-05   1.4960E-01   1.3576E-01   1.4960E-01 / 1.3576E-01   
800   5.000E-05   1.3749E-01   1.3399E-01   1.3749E-01 / 1.3399E-01   
810   5.000E-05   1.3166E-01   1.2853E-01   1.3166E-01 / 1.2853E-01   
820   5.000E-05   1.3436E-01   1.2816E-01   1.3436E-01 / 1.2816E-01   
830   5.000E-05   1.3307E-01   1.2649E-01   1.3307E-01 / 1.2649E-01   
840   5.000E-05   1.2812E-01   1.2375E-01   1.2812E-01 / 1.2375E-01   
850   5.000E-05   1.4100E-01   1.3742E-01   1.4100E-01 / 1.3742E-01   
860   5.000E-05   1.2757E-01   1.2634E-01   1.2757E-01 / 1.2634E-01   
870   5.000E-05   1.4058E-01   1.3810E-01   1.4058E-01 / 1.3810E-01   
880   5.000E-05   1.5256E-01   1.3608E-01   1.5256E-01 / 1.3608E-01   
890   5.000E-05   1.3427E-01   1.3164E-01   1.3427E-01 / 1.3164E-01   
900   5.000E-05   1.2704E-01   1.2234E-01   1.2704E-01 / 1.2234E-01   
910   5.000E-05   1.3030E-01   1.2493E-01   1.3030E-01 / 1.2493E-01   
920   5.000E-05   1.2646E-01   1.2587E-01   1.2646E-01 / 1.2587E-01   
930   5.000E-05   1.2549E-01   1.2379E-01   1.2549E-01 / 1.2379E-01   
940   5.000E-05   1.2339E-01   1.2175E-01   1.2339E-01 / 1.2175E-01   
950   5.000E-05   1.2173E-01   1.1967E-01   1.2173E-01 / 1.1967E-01   
960   5.000E-05   1.2050E-01   1.1626E-01   1.2050E-01 / 1.1626E-01   
970   5.000E-05   1.2237E-01   1.1876E-01   1.2237E-01 / 1.1876E-01   
980   5.000E-05   1.1791E-01   1.1414E-01   1.1791E-01 / 1.1414E-01   
990   5.000E-05   1.2123E-01   1.1763E-01   1.2123E-01 / 1.1763E-01   
1000   5.000E-05   1.2655E-01   1.2076E-01   1.2655E-01 / 1.2076E-01   
1010   5.000E-05   1.1951E-01   1.1786E-01   1.1951E-01 / 1.1786E-01   
1020   5.000E-05   1.2182E-01   1.1766E-01   1.2182E-01 / 1.1766E-01   
1030   5.000E-05   1.2119E-01   1.1725E-01   1.2119E-01 / 1.1725E-01   
1040   5.000E-05   1.3095E-01   1.2374E-01   1.3095E-01 / 1.2374E-01   
1050   5.000E-05   1.2117E-01   1.1413E-01   1.2117E-01 / 1.1413E-01   
1060   5.000E-05   1.2177E-01   1.1520E-01   1.2177E-01 / 1.1520E-01   
1070   5.000E-05   1.1477E-01   1.1248E-01   1.1477E-01 / 1.1248E-01   
1080   5.000E-05   1.1422E-01   1.1267E-01   1.1422E-01 / 1.1267E-01   
1090   5.000E-05   1.1429E-01   1.1153E-01   1.1429E-01 / 1.1153E-01   
1100   5.000E-05   1.1655E-01   1.1414E-01   1.1655E-01 / 1.1414E-01   
1110   5.000E-05   1.1605E-01   1.1152E-01   1.1605E-01 / 1.1152E-01   
1120   5.000E-05   1.2995E-01   1.2731E-01   1.2995E-01 / 1.2731E-01   
1130   5.000E-05   1.2248E-01   1.1874E-01   1.2248E-01 / 1.1874E-01   
1140   5.000E-05   1.1582E-01   1.1238E-01   1.1582E-01 / 1.1238E-01   
1150   5.000E-05   1.1568E-01   1.1360E-01   1.1568E-01 / 1.1360E-01   
1160   5.000E-05   1.1935E-01   1.1680E-01   1.1935E-01 / 1.1680E-01   
1170   5.000E-05   1.2392E-01   1.2780E-01   1.2392E-01 / 1.2780E-01   
1180   5.000E-05   1.1124E-01   1.0974E-01   1.1124E-01 / 1.0974E-01   
1190   5.000E-05   1.1346E-01   1.1220E-01   1.1346E-01 / 1.1220E-01   
1200   5.000E-05   1.1204E-01   1.0700E-01   1.1204E-01 / 1.0700E-01   
1210   5.000E-05   1.1794E-01   1.1368E-01   1.1794E-01 / 1.1368E-01   
1220   5.000E-05   1.1097E-01   1.0887E-01   1.1097E-01 / 1.0887E-01   
1230   5.000E-05   1.1328E-01   1.1380E-01   1.1328E-01 / 1.1380E-01   
1240   5.000E-05   1.1391E-01   1.1473E-01   1.1391E-01 / 1.1473E-01   
1250   5.000E-05   1.1079E-01   1.0984E-01   1.1079E-01 / 1.0984E-01   
1260   5.000E-05   1.1424E-01   1.1082E-01   1.1424E-01 / 1.1082E-01   
1270   5.000E-05   1.2909E-01   1.2495E-01   1.2909E-01 / 1.2495E-01   
1280   5.000E-05   1.0936E-01   1.0855E-01   1.0936E-01 / 1.0855E-01   
1290   5.000E-05   1.0860E-01   1.0869E-01   1.0860E-01 / 1.0869E-01   
1300   5.000E-05   1.1835E-01   1.1508E-01   1.1835E-01 / 1.1508E-01   
1310   5.000E-05   1.0910E-01   1.0754E-01   1.0910E-01 / 1.0754E-01   
1320   5.000E-05   1.1326E-01   1.1192E-01   1.1326E-01 / 1.1192E-01   
1330   5.000E-05   1.1393E-01   1.1804E-01   1.1393E-01 / 1.1804E-01   
1340   5.000E-05   1.0908E-01   1.0969E-01   1.0908E-01 / 1.0969E-01   
1350   5.000E-05   1.0929E-01   1.0912E-01   1.0929E-01 / 1.0912E-01   
1360   5.000E-05   1.1119E-01   1.1259E-01   1.1119E-01 / 1.1259E-01   
1370   5.000E-05   1.0777E-01   1.0894E-01   1.0777E-01 / 1.0894E-01   
1380   5.000E-05   1.1726E-01   1.1656E-01   1.1726E-01 / 1.1656E-01   
1390   5.000E-05   1.1317E-01   1.1456E-01   1.1317E-01 / 1.1456E-01   
1400   5.000E-05   1.1450E-01   1.1397E-01   1.1450E-01 / 1.1397E-01   
1410   5.000E-05   1.1309E-01   1.1680E-01   1.1309E-01 / 1.1680E-01   
1420   5.000E-05   1.0714E-01   1.0968E-01   1.0714E-01 / 1.0968E-01   
1430   5.000E-05   1.0980E-01   1.1097E-01   1.0980E-01 / 1.1097E-01   
1440   5.000E-05   1.1142E-01   1.1606E-01   1.1142E-01 / 1.1606E-01   
1450   5.000E-05   1.0717E-01   1.0967E-01   1.0717E-01 / 1.0967E-01   
1460   5.000E-05   1.1206E-01   1.1442E-01   1.1206E-01 / 1.1442E-01   
1469   5.000E-05   1.1204E-01   1.1442E-01   1.1204E-01 / 1.1442E-01   
BEST MODEL
===============================================================================================================
1206   5.000E-05   1.1171E-01   1.0698E-01   1.1171E-01 / 1.0698E-01   
===============================================================================================================
Saved model to models/all_flows/KCNN-24May12_15:42:44.pickle
