========== Dataset info ==========
Dataset params: {'file': '/home/nikki/kan/data/turbulence_dataset_clean.csv', 'Cases': ['fp_1000', 'fp_1410', 'fp_2000', 'fp_2540', 'fp_3030', 'fp_3270', 'fp_3630', 'fp_3970', 'fp_4060'], 'val_set': ['fp_3030', 'fp_1410', 'fp_4060'], 'test_set': ['fp_3630'], 'data_loader': <class 'tbnn.dataloaders.aDataset'>}
Train/Valid/Test points: 760 / 468 / 168
Memorization?: False
Cluster training?: False
EPOCH     LR        TRAIN         VALID             MSE:T/V                  RL:T/V             %NR_t/%NR_v
===============================================================================================================
  1   2.000E-03   2.3765E-01   2.3397E-01   2.3765E-01 / 2.3397E-01   
 10   2.000E-03   1.0549E-01   1.0320E-01   1.0549E-01 / 1.0320E-01   
 20   2.000E-03   1.1587E-02   1.1169E-02   1.1587E-02 / 1.1169E-02   
 30   2.000E-03   5.2838E-03   4.9449E-03   5.2838E-03 / 4.9449E-03   
 40   2.000E-03   3.8744E-03   3.6009E-03   3.8744E-03 / 3.6009E-03   
 50   2.000E-03   2.8759E-03   2.6801E-03   2.8759E-03 / 2.6801E-03   
 60   2.000E-03   2.3095E-03   2.1712E-03   2.3056E-03 / 2.1676E-03   
 70   2.000E-03   1.9740E-03   1.8640E-03   1.9678E-03 / 1.8579E-03   
 80   2.000E-03   1.7061E-03   1.6164E-03   1.7018E-03 / 1.6121E-03   
 90   2.000E-03   1.4878E-03   1.4136E-03   1.4852E-03 / 1.4110E-03   
100   2.000E-03   1.3205E-03   1.2592E-03   1.3187E-03 / 1.2572E-03   
110   2.000E-03   1.1964E-03   1.1436E-03   1.1945E-03 / 1.1416E-03   
120   2.000E-03   1.1016E-03   1.0576E-03   1.0990E-03 / 1.0549E-03   
130   2.000E-03   1.0266E-03   9.9000E-04   1.0239E-03 / 9.8724E-04   
140   2.000E-03   9.6394E-04   9.3391E-04   9.6143E-04 / 9.3131E-04   
150   2.000E-03   9.1159E-04   8.8380E-04   9.0931E-04 / 8.8147E-04   
160   2.000E-03   8.6344E-04   8.4315E-04   8.6121E-04 / 8.4086E-04   
170   2.000E-03   8.2243E-04   8.0527E-04   8.2033E-04 / 8.0312E-04   
180   2.000E-03   7.8663E-04   7.7227E-04   7.8479E-04 / 7.7038E-04   
190   2.000E-03   7.5429E-04   7.4357E-04   7.5254E-04 / 7.4178E-04   
200   2.000E-03   7.2633E-04   7.1738E-04   7.2480E-04 / 7.1584E-04   
210   2.000E-03   7.0057E-04   6.9350E-04   6.9880E-04 / 6.9172E-04   
220   2.000E-03   6.7789E-04   6.7056E-04   6.7585E-04 / 6.6849E-04   
230   2.000E-03   6.5834E-04   6.5100E-04   6.5612E-04 / 6.4876E-04   
240   2.000E-03   6.4033E-04   6.3455E-04   6.3805E-04 / 6.3226E-04   
250   2.000E-03   6.2512E-04   6.2135E-04   6.2268E-04 / 6.1891E-04   
260   2.000E-03   6.1214E-04   6.0709E-04   6.0915E-04 / 6.0410E-04   
270   2.000E-03   6.0172E-04   5.9686E-04   5.9894E-04 / 5.9410E-04   
280   2.000E-03   5.9202E-04   5.8830E-04   5.8872E-04 / 5.8504E-04   
290   2.000E-03   5.8604E-04   5.8541E-04   5.8274E-04 / 5.8215E-04   
300   2.000E-03   5.7329E-04   5.6941E-04   5.6919E-04 / 5.6534E-04   
310   2.000E-03   5.6648E-04   5.6239E-04   5.6301E-04 / 5.5894E-04   
320   2.000E-03   5.6172E-04   5.5864E-04   5.5778E-04 / 5.5472E-04   
330   2.000E-03   5.5312E-04   5.4389E-04   5.4931E-04 / 5.4009E-04   
340   2.000E-03   5.4589E-04   5.3988E-04   5.4257E-04 / 5.3657E-04   
350   2.000E-03   5.3904E-04   5.3147E-04   5.3549E-04 / 5.2792E-04   
360   2.000E-03   5.3494E-04   5.2538E-04   5.3112E-04 / 5.2157E-04   
370   2.000E-03   5.2877E-04   5.1882E-04   5.2505E-04 / 5.1512E-04   
380   2.000E-03   5.2227E-04   5.1559E-04   5.1862E-04 / 5.1196E-04   
390   2.000E-03   5.1778E-04   5.0681E-04   5.1450E-04 / 5.0356E-04   
400   2.000E-03   5.0916E-04   5.0174E-04   5.0547E-04 / 4.9809E-04   
410   2.000E-03   5.0370E-04   4.9467E-04   5.0025E-04 / 4.9126E-04   
420   2.000E-03   4.9873E-04   4.8854E-04   4.9604E-04 / 4.8588E-04   
430   2.000E-03   4.9215E-04   4.8311E-04   4.8902E-04 / 4.8001E-04   
440   2.000E-03   4.8487E-04   4.7433E-04   4.8189E-04 / 4.7139E-04   
450   2.000E-03   4.8142E-04   4.7466E-04   4.7792E-04 / 4.7120E-04   
460   2.000E-03   4.7266E-04   4.6017E-04   4.7028E-04 / 4.5779E-04   
470   2.000E-03   4.6191E-04   4.5007E-04   4.5930E-04 / 4.4748E-04   
480   2.000E-03   4.5083E-04   4.4073E-04   4.4911E-04 / 4.3904E-04   
490   2.000E-03   4.4259E-04   4.2937E-04   4.4117E-04 / 4.2798E-04   
500   2.000E-03   4.3160E-04   4.1898E-04   4.3002E-04 / 4.1741E-04   
510   2.000E-03   4.2497E-04   4.1421E-04   4.2329E-04 / 4.1254E-04   
520   2.000E-03   4.1486E-04   4.0071E-04   4.1345E-04 / 3.9929E-04   
530   2.000E-03   4.0818E-04   3.9657E-04   4.0685E-04 / 3.9524E-04   
540   2.000E-03   3.9887E-04   3.8857E-04   3.9801E-04 / 3.8772E-04   
550   2.000E-03   3.9156E-04   3.7854E-04   3.9050E-04 / 3.7747E-04   
560   2.000E-03   3.8579E-04   3.7345E-04   3.8472E-04 / 3.7237E-04   
570   2.000E-03   3.7912E-04   3.6639E-04   3.7804E-04 / 3.6529E-04   
580   2.000E-03   3.7267E-04   3.5979E-04   3.7159E-04 / 3.5870E-04   
590   2.000E-03   3.6463E-04   3.5279E-04   3.6402E-04 / 3.5217E-04   
600   2.000E-03   3.5940E-04   3.4884E-04   3.5840E-04 / 3.4786E-04   
610   2.000E-03   3.5297E-04   3.4237E-04   3.5225E-04 / 3.4165E-04   
620   2.000E-03   3.4718E-04   3.3788E-04   3.4652E-04 / 3.3722E-04   
630   2.000E-03   3.4006E-04   3.2860E-04   3.3947E-04 / 3.2802E-04   
640   2.000E-03   3.3778E-04   3.2909E-04   3.3736E-04 / 3.2866E-04   
650   2.000E-03   3.3110E-04   3.1993E-04   3.3059E-04 / 3.1942E-04   
660   2.000E-03   3.2376E-04   3.1652E-04   3.2315E-04 / 3.1591E-04   
670   2.000E-03   3.1957E-04   3.1106E-04   3.1892E-04 / 3.1041E-04   
680   2.000E-03   3.1181E-04   3.0278E-04   3.1130E-04 / 3.0228E-04   
690   2.000E-03   3.0992E-04   3.0391E-04   3.0933E-04 / 3.0333E-04   
700   2.000E-03   3.0283E-04   2.9770E-04   3.0246E-04 / 2.9735E-04   
710   2.000E-03   3.0181E-04   2.9827E-04   3.0134E-04 / 2.9781E-04   
720   2.000E-03   2.9231E-04   2.8458E-04   2.9199E-04 / 2.8426E-04   
730   2.000E-03   2.8643E-04   2.7786E-04   2.8596E-04 / 2.7742E-04   
740   2.000E-03   2.8280E-04   2.7797E-04   2.8231E-04 / 2.7751E-04   
750   2.000E-03   2.7853E-04   2.7213E-04   2.7805E-04 / 2.7169E-04   
760   2.000E-03   2.7235E-04   2.6590E-04   2.7208E-04 / 2.6566E-04   
770   2.000E-03   2.7108E-04   2.6451E-04   2.7083E-04 / 2.6429E-04   
780   2.000E-03   2.6726E-04   2.6096E-04   2.6690E-04 / 2.6064E-04   
790   2.000E-03   2.6080E-04   2.5638E-04   2.6027E-04 / 2.5588E-04   
800   2.000E-03   2.5700E-04   2.5182E-04   2.5672E-04 / 2.5154E-04   
810   2.000E-03   2.5681E-04   2.4867E-04   2.5656E-04 / 2.4841E-04   
820   2.000E-03   2.5050E-04   2.4537E-04   2.5015E-04 / 2.4500E-04   
830   2.000E-03   2.4752E-04   2.4200E-04   2.4713E-04 / 2.4159E-04   
840   2.000E-03   2.4242E-04   2.3859E-04   2.4211E-04 / 2.3822E-04   
850   2.000E-03   2.4037E-04   2.3742E-04   2.3994E-04 / 2.3692E-04   
860   2.000E-03   2.3637E-04   2.3272E-04   2.3590E-04 / 2.3217E-04   
870   2.000E-03   2.3413E-04   2.3270E-04   2.3390E-04 / 2.3241E-04   
880   2.000E-03   2.3329E-04   2.3217E-04   2.3281E-04 / 2.3159E-04   
890   2.000E-03   2.2632E-04   2.2404E-04   2.2584E-04 / 2.2345E-04   
900   2.000E-03   2.2425E-04   2.2196E-04   2.2372E-04 / 2.2131E-04   
910   2.000E-03   2.2273E-04   2.2347E-04   2.2215E-04 / 2.2275E-04   
920   2.000E-03   2.2286E-04   2.2295E-04   2.2238E-04 / 2.2234E-04   
930   2.000E-03   2.1621E-04   2.1582E-04   2.1566E-04 / 2.1511E-04   
940   2.000E-03   2.1334E-04   2.1296E-04   2.1292E-04 / 2.1243E-04   
950   2.000E-03   2.2078E-04   2.1965E-04   2.2021E-04 / 2.1895E-04   
960   2.000E-03   2.1049E-04   2.1072E-04   2.0939E-04 / 2.0944E-04   
970   2.000E-03   2.1151E-04   2.1485E-04   2.1116E-04 / 2.1442E-04   
980   2.000E-03   2.0655E-04   2.0629E-04   2.0613E-04 / 2.0576E-04   
990   2.000E-03   2.0405E-04   2.0493E-04   2.0359E-04 / 2.0435E-04   
1000   2.000E-03   2.0285E-04   2.0457E-04   2.0204E-04 / 2.0361E-04   
1010   2.000E-03   2.0031E-04   2.0346E-04   1.9998E-04 / 2.0304E-04   
1020   2.000E-03   1.9815E-04   1.9917E-04   1.9738E-04 / 1.9829E-04   
1030   2.000E-03   1.9602E-04   1.9766E-04   1.9556E-04 / 1.9710E-04   
1040   2.000E-03   1.9766E-04   2.0125E-04   1.9717E-04 / 2.0066E-04   
1050   2.000E-03   1.9343E-04   1.9771E-04   1.9290E-04 / 1.9710E-04   
1060   2.000E-03   1.9248E-04   1.9407E-04   1.9188E-04 / 1.9339E-04   
1070   2.000E-03   1.8821E-04   1.9288E-04   1.8783E-04 / 1.9242E-04   
1080   2.000E-03   1.8995E-04   1.9763E-04   1.8944E-04 / 1.9704E-04   
1090   2.000E-03   1.8532E-04   1.8823E-04   1.8481E-04 / 1.8764E-04   
1100   2.000E-03   1.8548E-04   1.8911E-04   1.8500E-04 / 1.8855E-04   
1110   2.000E-03   1.9177E-04   1.9808E-04   1.9138E-04 / 1.9761E-04   
1120   2.000E-03   1.8066E-04   1.8555E-04   1.7984E-04 / 1.8471E-04   
1130   2.000E-03   1.7924E-04   1.8552E-04   1.7897E-04 / 1.8520E-04   
1140   2.000E-03   1.7853E-04   1.8283E-04   1.7823E-04 / 1.8248E-04   
1150   2.000E-03   1.8096E-04   1.8221E-04   1.8050E-04 / 1.8170E-04   
1160   2.000E-03   1.7664E-04   1.8347E-04   1.7582E-04 / 1.8266E-04   
1170   2.000E-03   1.7526E-04   1.8306E-04   1.7493E-04 / 1.8269E-04   
1180   2.000E-03   1.7373E-04   1.7736E-04   1.7343E-04 / 1.7702E-04   
1190   2.000E-03   1.7095E-04   1.7659E-04   1.7019E-04 / 1.7585E-04   
1200   2.000E-03   1.6925E-04   1.7833E-04   1.6892E-04 / 1.7796E-04   
1210   2.000E-03   1.7282E-04   1.8544E-04   1.7252E-04 / 1.8511E-04   
1220   2.000E-03   1.6594E-04   1.7351E-04   1.6573E-04 / 1.7325E-04   
1230   2.000E-03   1.6530E-04   1.7495E-04   1.6501E-04 / 1.7463E-04   
1240   2.000E-03   1.6161E-04   1.6954E-04   1.6090E-04 / 1.6888E-04   
1250   2.000E-03   1.6128E-04   1.7172E-04   1.6064E-04 / 1.7112E-04   
1260   2.000E-03   1.6601E-04   1.7475E-04   1.6558E-04 / 1.7433E-04   
1270   2.000E-03   1.5674E-04   1.6735E-04   1.5626E-04 / 1.6690E-04   
1280   2.000E-03   1.5867E-04   1.7108E-04   1.5832E-04 / 1.7075E-04   
1290   2.000E-03   1.5440E-04   1.6588E-04   1.5407E-04 / 1.6557E-04   
1300   2.000E-03   1.6205E-04   1.7941E-04   1.6168E-04 / 1.7906E-04   
1310   2.000E-03   1.5202E-04   1.6627E-04   1.5157E-04 / 1.6587E-04   
1320   2.000E-03   1.5390E-04   1.6463E-04   1.5338E-04 / 1.6418E-04   
1330   2.000E-03   1.5285E-04   1.5802E-04   1.5246E-04 / 1.5767E-04   
1340   2.000E-03   1.4665E-04   1.5975E-04   1.4629E-04 / 1.5943E-04   
1350   2.000E-03   1.4663E-04   1.5583E-04   1.4629E-04 / 1.5554E-04   
1360   2.000E-03   1.4595E-04   1.5519E-04   1.4560E-04 / 1.5489E-04   
1370   2.000E-03   1.4334E-04   1.5727E-04   1.4288E-04 / 1.5689E-04   
1380   2.000E-03   1.4315E-04   1.5279E-04   1.4285E-04 / 1.5254E-04   
1390   2.000E-03   1.4256E-04   1.5707E-04   1.4214E-04 / 1.5672E-04   
1400   2.000E-03   1.3979E-04   1.5469E-04   1.3927E-04 / 1.5427E-04   
1410   2.000E-03   1.3923E-04   1.4936E-04   1.3902E-04 / 1.4920E-04   
1420   2.000E-03   1.3573E-04   1.4874E-04   1.3542E-04 / 1.4850E-04   
1430   2.000E-03   1.3550E-04   1.4898E-04   1.3481E-04 / 1.4838E-04   
1440   2.000E-03   1.3572E-04   1.5304E-04   1.3557E-04 / 1.5294E-04   
1450   2.000E-03   1.3909E-04   1.5066E-04   1.3888E-04 / 1.5052E-04   
1460   2.000E-03   1.3049E-04   1.4572E-04   1.3018E-04 / 1.4549E-04   
1470   2.000E-03   1.2970E-04   1.4352E-04   1.2926E-04 / 1.4316E-04   
1480   2.000E-03   1.2853E-04   1.4304E-04   1.2828E-04 / 1.4286E-04   
1490   2.000E-03   1.2822E-04   1.4485E-04   1.2791E-04 / 1.4461E-04   
1500   2.000E-03   1.3158E-04   1.4708E-04   1.3141E-04 / 1.4696E-04   
1510   2.000E-03   1.2693E-04   1.3795E-04   1.2657E-04 / 1.3766E-04   
1520   2.000E-03   1.2545E-04   1.4525E-04   1.2518E-04 / 1.4504E-04   
1530   2.000E-03   1.2373E-04   1.3795E-04   1.2354E-04 / 1.3781E-04   
1540   2.000E-03   1.2455E-04   1.4013E-04   1.2426E-04 / 1.3990E-04   
1550   2.000E-03   1.2451E-04   1.3415E-04   1.2434E-04 / 1.3403E-04   
1560   2.000E-03   1.2175E-04   1.3885E-04   1.2158E-04 / 1.3872E-04   
1570   2.000E-03   1.2338E-04   1.3470E-04   1.2312E-04 / 1.3449E-04   
1580   2.000E-03   1.1729E-04   1.3312E-04   1.1708E-04 / 1.3296E-04   
1590   2.000E-03   1.2030E-04   1.3742E-04   1.2005E-04 / 1.3721E-04   
1600   2.000E-03   1.1514E-04   1.3404E-04   1.1495E-04 / 1.3389E-04   
1610   2.000E-03   1.1426E-04   1.2998E-04   1.1405E-04 / 1.2982E-04   
1620   2.000E-03   1.1491E-04   1.3249E-04   1.1463E-04 / 1.3223E-04   
1630   2.000E-03   1.1342E-04   1.2838E-04   1.1316E-04 / 1.2815E-04   
1640   2.000E-03   1.1051E-04   1.2943E-04   1.1012E-04 / 1.2906E-04   
1650   2.000E-03   1.1180E-04   1.2953E-04   1.1157E-04 / 1.2933E-04   
1660   2.000E-03   1.0863E-04   1.2624E-04   1.0855E-04 / 1.2619E-04   
1670   2.000E-03   1.1178E-04   1.2393E-04   1.1164E-04 / 1.2382E-04   
1680   2.000E-03   1.1254E-04   1.3665E-04   1.1248E-04 / 1.3661E-04   
1690   2.000E-03   1.0769E-04   1.2450E-04   1.0756E-04 / 1.2440E-04   
1700   2.000E-03   1.0594E-04   1.2488E-04   1.0589E-04 / 1.2485E-04   
1710   2.000E-03   1.0434E-04   1.2410E-04   1.0421E-04 / 1.2400E-04   
1720   2.000E-03   1.0444E-04   1.2488E-04   1.0437E-04 / 1.2483E-04   
1730   2.000E-03   1.0218E-04   1.2053E-04   1.0211E-04 / 1.2048E-04   
1740   2.000E-03   1.0224E-04   1.1986E-04   1.0201E-04 / 1.1966E-04   
1750   2.000E-03   1.0264E-04   1.2259E-04   1.0246E-04 / 1.2243E-04   
1760   2.000E-03   1.0987E-04   1.2527E-04   1.0978E-04 / 1.2520E-04   
1770   2.000E-03   9.9438E-05   1.1335E-04   9.9294E-05 / 1.1322E-04   
1780   2.000E-03   1.0044E-04   1.2315E-04   1.0034E-04 / 1.2306E-04   
1790   2.000E-03   9.7502E-05   1.1872E-04   9.7222E-05 / 1.1845E-04   
1800   2.000E-03   9.6311E-05   1.1632E-04   9.6186E-05 / 1.1621E-04   
1810   2.000E-03   9.7277E-05   1.1674E-04   9.7218E-05 / 1.1668E-04   
1820   2.000E-03   9.5178E-05   1.1548E-04   9.5037E-05 / 1.1534E-04   
1830   2.000E-03   9.5320E-05   1.1505E-04   9.5166E-05 / 1.1489E-04   
1840   2.000E-03   9.4823E-05   1.1396E-04   9.4709E-05 / 1.1383E-04   
1850   2.000E-03   9.3570E-05   1.1452E-04   9.3452E-05 / 1.1439E-04   
1860   2.000E-03   9.4250E-05   1.1281E-04   9.4094E-05 / 1.1264E-04   
1870   2.000E-03   9.4779E-05   1.0980E-04   9.4672E-05 / 1.0969E-04   
1880   2.000E-03   9.4583E-05   1.1012E-04   9.4538E-05 / 1.1007E-04   
1890   2.000E-03   9.6343E-05   1.0975E-04   9.6317E-05 / 1.0972E-04   
1900   2.000E-03   9.0055E-05   1.1068E-04   8.9853E-05 / 1.1046E-04   
1910   2.000E-03   9.1672E-05   1.1512E-04   9.1599E-05 / 1.1503E-04   
1920   2.000E-03   8.8044E-05   1.0768E-04   8.7893E-05 / 1.0753E-04   
1930   2.000E-03   9.6054E-05   1.1755E-04   9.5812E-05 / 1.1729E-04   
1940   2.000E-03   8.8349E-05   1.1017E-04   8.8226E-05 / 1.1004E-04   
1950   2.000E-03   8.9961E-05   1.1195E-04   8.9764E-05 / 1.1173E-04   
1960   2.000E-03   8.7939E-05   1.1224E-04   8.7896E-05 / 1.1219E-04   
1970   2.000E-03   8.6437E-05   1.0799E-04   8.6348E-05 / 1.0788E-04   
1980   2.000E-03   8.5309E-05   1.0525E-04   8.5042E-05 / 1.0498E-04   
1990   2.000E-03   8.4442E-05   1.0663E-04   8.4226E-05 / 1.0640E-04   
2000   2.000E-03   8.3969E-05   1.0408E-04   8.3867E-05 / 1.0397E-04   
2010   2.000E-03   8.9906E-05   1.1016E-04   8.9706E-05 / 1.0995E-04   
2020   2.000E-03   8.3400E-05   1.0203E-04   8.3308E-05 / 1.0193E-04   
2030   2.000E-03   8.2171E-05   1.0265E-04   8.1992E-05 / 1.0247E-04   
2040   2.000E-03   8.1847E-05   1.0262E-04   8.1615E-05 / 1.0240E-04   
2050   2.000E-03   8.0260E-05   9.9130E-05   8.0147E-05 / 9.9017E-05   
2060   2.000E-03   8.0863E-05   9.8665E-05   8.0710E-05 / 9.8517E-05   
2070   2.000E-03   8.0900E-05   1.0019E-04   8.0801E-05 / 1.0009E-04   
2080   2.000E-03   7.8794E-05   9.9143E-05   7.8598E-05 / 9.8956E-05   
2090   2.000E-03   7.8182E-05   1.0031E-04   7.8056E-05 / 1.0019E-04   
2100   2.000E-03   7.8188E-05   9.8134E-05   7.7978E-05 / 9.7934E-05   
2110   2.000E-03   7.7729E-05   9.5578E-05   7.7544E-05 / 9.5399E-05   
2120   2.000E-03   7.7102E-05   9.8661E-05   7.6893E-05 / 9.8458E-05   
2130   2.000E-03   7.9158E-05   9.5553E-05   7.8889E-05 / 9.5289E-05   
2140   2.000E-03   7.5974E-05   9.5616E-05   7.5787E-05 / 9.5430E-05   
2150   2.000E-03   7.6776E-05   9.6461E-05   7.6570E-05 / 9.6254E-05   
2160   2.000E-03   7.5918E-05   9.6026E-05   7.5750E-05 / 9.5856E-05   
2170   2.000E-03   7.9289E-05   9.5218E-05   7.9148E-05 / 9.5082E-05   
2180   2.000E-03   7.4795E-05   9.4718E-05   7.4608E-05 / 9.4527E-05   
2190   2.000E-03   7.6674E-05   9.4783E-05   7.6487E-05 / 9.4591E-05   
2200   2.000E-03   7.6122E-05   9.5574E-05   7.5866E-05 / 9.5306E-05   
2210   2.000E-03   1.0774E-04   1.0949E-04   1.0755E-04 / 1.0929E-04   
2220   2.000E-03   7.4094E-05   9.4987E-05   7.3978E-05 / 9.4858E-05   
2230   2.000E-03   7.5552E-05   9.6368E-05   7.5440E-05 / 9.6242E-05   
2240   2.000E-03   7.4956E-05   1.0245E-04   7.4686E-05 / 1.0216E-04   
2250   2.000E-03   7.1436E-05   9.0208E-05   7.1212E-05 / 8.9954E-05   
2260   2.000E-03   7.1213E-05   9.2020E-05   7.1076E-05 / 9.1859E-05   
2270   2.000E-03   7.3746E-05   9.7611E-05   7.3592E-05 / 9.7428E-05   
2280   2.000E-03   7.0719E-05   9.0676E-05   7.0588E-05 / 9.0522E-05   
2290   2.000E-03   7.1062E-05   9.2776E-05   7.0778E-05 / 9.2440E-05   
2300   2.000E-03   6.9955E-05   9.1219E-05   6.9803E-05 / 9.1030E-05   
2310   2.000E-03   6.9497E-05   9.1994E-05   6.9245E-05 / 9.1685E-05   
2320   2.000E-03   6.9256E-05   9.0194E-05   6.8900E-05 / 8.9779E-05   
2330   2.000E-03   7.0648E-05   9.7590E-05   7.0192E-05 / 9.7054E-05   
2340   2.000E-03   7.2866E-05   9.0008E-05   7.2660E-05 / 8.9749E-05   
2350   2.000E-03   7.0211E-05   8.7716E-05   7.0028E-05 / 8.7492E-05   
2360   2.000E-03   7.1245E-05   9.8121E-05   7.0947E-05 / 9.7756E-05   
2370   2.000E-03   7.0570E-05   8.8056E-05   7.0190E-05 / 8.7596E-05   
2380   2.000E-03   6.8930E-05   8.5521E-05   6.8720E-05 / 8.5257E-05   
2390   2.000E-03   6.7569E-05   8.9131E-05   6.7316E-05 / 8.8821E-05   
2400   2.000E-03   6.7266E-05   8.7779E-05   6.6980E-05 / 8.7430E-05   
2410   2.000E-03   7.0080E-05   9.2677E-05   6.9862E-05 / 9.2416E-05   
2420   2.000E-03   6.9372E-05   9.0624E-05   6.9079E-05 / 9.0272E-05   
2430   2.000E-03   6.5880E-05   8.6455E-05   6.5645E-05 / 8.6166E-05   
2440   2.000E-03   6.5831E-05   8.6134E-05   6.5615E-05 / 8.5870E-05   
2450   2.000E-03   7.2108E-05   9.7709E-05   7.1847E-05 / 9.7392E-05   
2460   2.000E-03   6.4878E-05   8.6451E-05   6.4734E-05 / 8.6280E-05   
2470   2.000E-03   6.4214E-05   8.4382E-05   6.3927E-05 / 8.4034E-05   
2480   2.000E-03   6.5094E-05   8.9487E-05   6.4918E-05 / 8.9275E-05   
2490   2.000E-03   6.4448E-05   8.2706E-05   6.4172E-05 / 8.2377E-05   
2500   2.000E-03   6.8491E-05   8.9154E-05   6.8301E-05 / 8.8955E-05   
2510   2.000E-03   6.3285E-05   8.4270E-05   6.3079E-05 / 8.4030E-05   
2520   2.000E-03   6.8437E-05   8.7202E-05   6.8185E-05 / 8.6921E-05   
2530   2.000E-03   6.4491E-05   8.8900E-05   6.4209E-05 / 8.8574E-05   
2540   2.000E-03   6.9979E-05   9.0529E-05   6.9607E-05 / 9.0103E-05   
2550   2.000E-03   6.5116E-05   8.8247E-05   6.4872E-05 / 8.7972E-05   
2560   2.000E-03   6.2999E-05   8.5910E-05   6.2866E-05 / 8.5778E-05   
2570   2.000E-03   6.2516E-05   8.3439E-05   6.2223E-05 / 8.3111E-05   
2580   2.000E-03   6.2417E-05   8.3552E-05   6.2034E-05 / 8.3128E-05   
2590   2.000E-03   6.4880E-05   8.6482E-05   6.4603E-05 / 8.6176E-05   
2600   2.000E-03   6.0958E-05   8.2454E-05   6.0699E-05 / 8.2169E-05   
2610   2.000E-03   6.3412E-05   8.8635E-05   6.3219E-05 / 8.8427E-05   
2620   2.000E-03   6.0762E-05   8.2907E-05   6.0382E-05 / 8.2503E-05   
2630   2.000E-03   6.1026E-05   8.1365E-05   6.0655E-05 / 8.0970E-05   
2640   2.000E-03   6.0549E-05   8.1837E-05   6.0215E-05 / 8.1486E-05   
2650   2.000E-03   6.0690E-05   8.2718E-05   6.0235E-05 / 8.2247E-05   
2660   2.000E-03   6.0849E-05   8.0793E-05   6.0514E-05 / 8.0445E-05   
2670   2.000E-03   6.0119E-05   8.3049E-05   5.9976E-05 / 8.2900E-05   
2680   2.000E-03   5.9336E-05   8.0276E-05   5.8969E-05 / 7.9905E-05   
2690   2.000E-03   5.9328E-05   8.0506E-05   5.8973E-05 / 8.0159E-05   
2700   2.000E-03   5.9636E-05   8.2740E-05   5.9178E-05 / 8.2273E-05   
2710   2.000E-03   6.1200E-05   8.0421E-05   6.0900E-05 / 8.0125E-05   
2720   2.000E-03   5.8704E-05   8.2533E-05   5.8304E-05 / 8.2139E-05   
2730   2.000E-03   5.7919E-05   8.0357E-05   5.7711E-05 / 8.0158E-05   
2740   2.000E-03   5.8627E-05   8.1342E-05   5.8382E-05 / 8.1112E-05   
2750   2.000E-03   5.9513E-05   7.8364E-05   5.9180E-05 / 7.8041E-05   
2760   2.000E-03   5.7866E-05   7.9935E-05   5.7478E-05 / 7.9562E-05   
2770   2.000E-03   5.7852E-05   7.7027E-05   5.7442E-05 / 7.6636E-05   
2780   2.000E-03   5.8170E-05   7.7599E-05   5.7824E-05 / 7.7276E-05   
2790   2.000E-03   5.7172E-05   7.6563E-05   5.6928E-05 / 7.6347E-05   
2800   2.000E-03   5.8756E-05   8.0454E-05   5.8500E-05 / 8.0227E-05   
2810   2.000E-03   5.7074E-05   7.4676E-05   5.6712E-05 / 7.4347E-05   
2820   2.000E-03   5.6078E-05   7.7744E-05   5.5705E-05 / 7.7400E-05   
2830   2.000E-03   5.6933E-05   8.0917E-05   5.6400E-05 / 8.0406E-05   
2840   2.000E-03   5.8085E-05   8.4844E-05   5.7785E-05 / 8.4570E-05   
2850   2.000E-03   5.7228E-05   8.0063E-05   5.6899E-05 / 7.9762E-05   
2860   2.000E-03   5.7112E-05   7.9405E-05   5.6759E-05 / 7.9087E-05   
2870   2.000E-03   5.6910E-05   7.4282E-05   5.6475E-05 / 7.3886E-05   
2880   2.000E-03   5.5034E-05   7.6699E-05   5.4806E-05 / 7.6522E-05   
2890   2.000E-03   6.3874E-05   8.6852E-05   6.3513E-05 / 8.6522E-05   
2900   2.000E-03   5.6958E-05   8.3365E-05   5.6707E-05 / 8.3154E-05   
2910   2.000E-03   5.7926E-05   7.8876E-05   5.7307E-05 / 7.8287E-05   
2920   2.000E-03   5.4592E-05   7.4897E-05   5.4178E-05 / 7.4529E-05   
2930   2.000E-03   6.5021E-05   9.3046E-05   6.4754E-05 / 9.2825E-05   
2940   2.000E-03   5.4020E-05   7.6660E-05   5.3793E-05 / 7.6480E-05   
2950   2.000E-03   5.4476E-05   7.6802E-05   5.4044E-05 / 7.6417E-05   
2960   2.000E-03   5.4688E-05   7.5148E-05   5.4370E-05 / 7.4876E-05   
2970   2.000E-03   5.3215E-05   7.3487E-05   5.2938E-05 / 7.3262E-05   
2980   2.000E-03   6.7298E-05   8.0416E-05   6.7002E-05 / 8.0239E-05   
2990   2.000E-03   5.5338E-05   7.5303E-05   5.4890E-05 / 7.4904E-05   
3000   2.000E-03   5.4256E-05   7.6994E-05   5.3918E-05 / 7.6701E-05   
3010   2.000E-03   5.5234E-05   7.5832E-05   5.5022E-05 / 7.5660E-05   
3020   2.000E-03   5.2252E-05   7.3455E-05   5.1855E-05 / 7.3099E-05   
3030   2.000E-03   5.2820E-05   7.7001E-05   5.2527E-05 / 7.6757E-05   
3040   2.000E-03   5.2667E-05   7.4382E-05   5.2487E-05 / 7.4232E-05   
3050   2.000E-03   5.3454E-05   7.3263E-05   5.3235E-05 / 7.3082E-05   
3060   2.000E-03   5.1992E-05   7.3959E-05   5.1700E-05 / 7.3710E-05   
3070   2.000E-03   5.2169E-05   7.3072E-05   5.1879E-05 / 7.2828E-05   
3080   2.000E-03   5.3533E-05   7.2540E-05   5.3328E-05 / 7.2364E-05   
3090   2.000E-03   5.1836E-05   7.4026E-05   5.1510E-05 / 7.3727E-05   
3100   2.000E-03   5.2600E-05   6.9151E-05   5.2083E-05 / 6.8650E-05   
3110   2.000E-03   5.1612E-05   7.2468E-05   5.1032E-05 / 7.1912E-05   
3120   2.000E-03   6.0499E-05   8.3697E-05   6.0228E-05 / 8.3443E-05   
3130   2.000E-03   5.1751E-05   7.4251E-05   5.1434E-05 / 7.3963E-05   
3140   2.000E-03   5.1807E-05   7.2222E-05   5.1381E-05 / 7.1821E-05   
3150   2.000E-03   5.0848E-05   7.2396E-05   5.0571E-05 / 7.2134E-05   
3160   2.000E-03   5.2091E-05   7.1750E-05   5.1683E-05 / 7.1362E-05   
3170   2.000E-03   5.0140E-05   6.8678E-05   4.9681E-05 / 6.8232E-05   
3180   2.000E-03   4.9876E-05   7.2729E-05   4.9570E-05 / 7.2434E-05   
3190   2.000E-03   5.0070E-05   6.9481E-05   4.9845E-05 / 6.9269E-05   
3200   2.000E-03   5.0096E-05   6.9118E-05   4.9731E-05 / 6.8756E-05   
3210   2.000E-03   4.9768E-05   6.8872E-05   4.9389E-05 / 6.8498E-05   
3220   2.000E-03   5.0368E-05   7.2623E-05   5.0223E-05 / 7.2478E-05   
3230   2.000E-03   4.9435E-05   7.0146E-05   4.9205E-05 / 6.9912E-05   
3240   2.000E-03   5.0378E-05   7.3382E-05   5.0020E-05 / 7.3019E-05   
3250   2.000E-03   4.9596E-05   6.9698E-05   4.9344E-05 / 6.9434E-05   
3260   2.000E-03   4.8652E-05   7.1394E-05   4.8231E-05 / 7.0956E-05   
3270   2.000E-03   5.0286E-05   7.0119E-05   4.9595E-05 / 6.9405E-05   
3280   2.000E-03   4.8999E-05   6.9332E-05   4.8660E-05 / 6.8979E-05   
3290   2.000E-03   5.3137E-05   7.8333E-05   5.2864E-05 / 7.8048E-05   
3300   2.000E-03   4.9067E-05   7.2323E-05   4.8573E-05 / 7.1804E-05   
3310   2.000E-03   4.8928E-05   6.9381E-05   4.8320E-05 / 6.8750E-05   
3320   2.000E-03   5.2935E-05   7.7054E-05   5.2728E-05 / 7.6831E-05   
3330   2.000E-03   4.8521E-05   6.8657E-05   4.8108E-05 / 6.8215E-05   
3340   2.000E-03   4.7675E-05   6.9046E-05   4.7483E-05 / 6.8852E-05   
3350   2.000E-03   4.6817E-05   6.7694E-05   4.6583E-05 / 6.7425E-05   
3360   2.000E-03   4.7423E-05   6.7291E-05   4.7148E-05 / 6.6983E-05   
3370   2.000E-03   4.6878E-05   6.6479E-05   4.6599E-05 / 6.6167E-05   
3380   2.000E-03   4.8627E-05   6.7263E-05   4.8288E-05 / 6.6885E-05   
3390   2.000E-03   4.8181E-05   7.1799E-05   4.7981E-05 / 7.1565E-05   
3400   2.000E-03   4.7430E-05   7.0636E-05   4.7175E-05 / 7.0342E-05   
3410   2.000E-03   4.6660E-05   6.6763E-05   4.6415E-05 / 6.6475E-05   
3420   2.000E-03   4.7051E-05   7.0600E-05   4.6750E-05 / 7.0254E-05   
3430   2.000E-03   4.6095E-05   6.4715E-05   4.5884E-05 / 6.4473E-05   
3440   2.000E-03   4.7455E-05   6.7529E-05   4.7196E-05 / 6.7227E-05   
3450   2.000E-03   4.8533E-05   6.8710E-05   4.8381E-05 / 6.8540E-05   
3460   2.000E-03   4.5565E-05   6.5415E-05   4.5133E-05 / 6.4932E-05   
3470   2.000E-03   4.6117E-05   6.4632E-05   4.5849E-05 / 6.4319E-05   
3480   2.000E-03   4.8376E-05   7.2820E-05   4.8141E-05 / 7.2540E-05   
3490   2.000E-03   4.5369E-05   6.5532E-05   4.4875E-05 / 6.4991E-05   
3500   2.000E-03   4.6934E-05   6.5208E-05   4.6642E-05 / 6.4869E-05   
3510   2.000E-03   4.5475E-05   6.7529E-05   4.5270E-05 / 6.7297E-05   
3520   2.000E-03   4.5276E-05   6.6234E-05   4.5128E-05 / 6.6070E-05   
3530   2.000E-03   4.6590E-05   6.7682E-05   4.6360E-05 / 6.7410E-05   
3540   2.000E-03   4.4827E-05   6.6209E-05   4.4597E-05 / 6.5932E-05   
3550   2.000E-03   4.7111E-05   6.3994E-05   4.6759E-05 / 6.3588E-05   
3560   2.000E-03   4.7096E-05   6.7160E-05   4.6760E-05 / 6.6776E-05   
3570   2.000E-03   4.5988E-05   6.7373E-05   4.5798E-05 / 6.7146E-05   
3580   2.000E-03   4.5417E-05   6.1327E-05   4.4992E-05 / 6.0844E-05   
3590   2.000E-03   4.4640E-05   6.4847E-05   4.4527E-05 / 6.4707E-05   
3600   2.000E-03   4.4703E-05   6.6588E-05   4.4401E-05 / 6.6234E-05   
3610   2.000E-03   4.4104E-05   6.4982E-05   4.3968E-05 / 6.4839E-05   
3620   2.000E-03   4.7586E-05   7.0121E-05   4.7359E-05 / 6.9863E-05   
3630   2.000E-03   4.6363E-05   6.2819E-05   4.6009E-05 / 6.2420E-05   
3640   2.000E-03   4.4602E-05   6.4401E-05   4.4393E-05 / 6.4151E-05   
3650   2.000E-03   5.1091E-05   6.3422E-05   5.1006E-05 / 6.3317E-05   
3660   2.000E-03   4.3392E-05   6.4826E-05   4.3070E-05 / 6.4454E-05   
3670   2.000E-03   4.3240E-05   6.1256E-05   4.2991E-05 / 6.0975E-05   
3680   2.000E-03   4.3907E-05   6.1459E-05   4.3590E-05 / 6.1103E-05   
3690   2.000E-03   4.4186E-05   6.4341E-05   4.4060E-05 / 6.4193E-05   
3700   2.000E-03   4.4517E-05   5.9453E-05   4.4135E-05 / 5.9021E-05   
3710   2.000E-03   4.2717E-05   6.2012E-05   4.2437E-05 / 6.1687E-05   
3720   2.000E-03   4.3413E-05   6.3108E-05   4.3120E-05 / 6.2783E-05   
3730   2.000E-03   4.3366E-05   6.2611E-05   4.3015E-05 / 6.2227E-05   
3740   2.000E-03   4.1987E-05   6.2838E-05   4.1773E-05 / 6.2587E-05   
3750   2.000E-03   4.2104E-05   6.3066E-05   4.1905E-05 / 6.2835E-05   
3760   2.000E-03   4.9394E-05   6.2786E-05   4.9055E-05 / 6.2423E-05   
3770   2.000E-03   8.4318E-05   1.0055E-04   8.3878E-05 / 1.0008E-04   
3780   2.000E-03   4.2842E-05   6.0396E-05   4.2327E-05 / 5.9854E-05   
3790   2.000E-03   4.1558E-05   6.2032E-05   4.1322E-05 / 6.1771E-05   
3800   2.000E-03   4.1939E-05   6.0552E-05   4.1605E-05 / 6.0180E-05   
3810   2.000E-03   4.4832E-05   6.0782E-05   4.4670E-05 / 6.0608E-05   
3820   2.000E-03   4.1370E-05   5.9664E-05   4.1163E-05 / 5.9433E-05   
3830   2.000E-03   4.1445E-05   6.0434E-05   4.1102E-05 / 6.0059E-05   
3840   2.000E-03   4.1047E-05   6.0155E-05   4.0847E-05 / 5.9940E-05   
3850   2.000E-03   4.4750E-05   6.6710E-05   4.4337E-05 / 6.6271E-05   
3860   2.000E-03   4.4623E-05   6.5147E-05   4.4135E-05 / 6.4634E-05   
3870   2.000E-03   4.1866E-05   6.3221E-05   4.1694E-05 / 6.3021E-05   
3880   2.000E-03   4.0850E-05   5.9698E-05   4.0607E-05 / 5.9433E-05   
3890   2.000E-03   4.1039E-05   6.0136E-05   4.0447E-05 / 5.9525E-05   
3900   2.000E-03   4.1418E-05   6.1489E-05   4.1221E-05 / 6.1274E-05   
3910   2.000E-03   4.0373E-05   6.0180E-05   3.9913E-05 / 5.9699E-05   
3920   2.000E-03   4.0699E-05   6.0482E-05   4.0388E-05 / 6.0152E-05   
3930   2.000E-03   4.2584E-05   6.1842E-05   4.2350E-05 / 6.1601E-05   
3940   2.000E-03   4.0394E-05   5.9661E-05   4.0330E-05 / 5.9608E-05   
3950   2.000E-03   4.0532E-05   6.1933E-05   4.0077E-05 / 6.1462E-05   
3960   2.000E-03   4.1258E-05   6.2798E-05   4.0913E-05 / 6.2445E-05   
3970   2.000E-03   4.0889E-05   6.3771E-05   4.0556E-05 / 6.3443E-05   
3980   2.000E-03   3.9540E-05   5.8925E-05   3.9242E-05 / 5.8611E-05   
3990   2.000E-03   4.1014E-05   6.2154E-05   4.0508E-05 / 6.1678E-05   
4000   2.000E-03   4.0264E-05   6.0126E-05   4.0076E-05 / 5.9940E-05   
4010   2.000E-03   3.9704E-05   6.0561E-05   3.9570E-05 / 6.0418E-05   
4020   2.000E-03   4.6075E-05   7.3640E-05   4.5922E-05 / 7.3480E-05   
4030   2.000E-03   3.9411E-05   5.8599E-05   3.9233E-05 / 5.8415E-05   
4040   2.000E-03   3.8828E-05   5.9187E-05   3.8408E-05 / 5.8761E-05   
4050   2.000E-03   4.1339E-05   6.3363E-05   4.1168E-05 / 6.3190E-05   
4060   2.000E-03   3.8561E-05   5.8714E-05   3.8370E-05 / 5.8527E-05   
4070   2.000E-03   3.9512E-05   5.6448E-05   3.9133E-05 / 5.6067E-05   
4080   2.000E-03   3.9292E-05   5.8949E-05   3.9185E-05 / 5.8839E-05   
4090   2.000E-03   3.8517E-05   5.8079E-05   3.8275E-05 / 5.7839E-05   
4100   2.000E-03   4.1086E-05   5.6665E-05   4.0719E-05 / 5.6297E-05   
4110   2.000E-03   3.8653E-05   5.7827E-05   3.8462E-05 / 5.7648E-05   
4120   2.000E-03   3.8352E-05   5.7529E-05   3.7848E-05 / 5.7022E-05   
4130   2.000E-03   4.3130E-05   5.7424E-05   4.2868E-05 / 5.7163E-05   
4140   2.000E-03   3.7797E-05   5.8460E-05   3.7636E-05 / 5.8305E-05   
4150   2.000E-03   3.8333E-05   5.7471E-05   3.7783E-05 / 5.6919E-05   
4160   2.000E-03   3.8733E-05   5.5968E-05   3.8515E-05 / 5.5770E-05   
4170   2.000E-03   3.7800E-05   5.6733E-05   3.7278E-05 / 5.6207E-05   
4180   2.000E-03   3.7734E-05   5.7638E-05   3.7235E-05 / 5.7147E-05   
4190   2.000E-03   3.7289E-05   5.6568E-05   3.7092E-05 / 5.6384E-05   
4200   2.000E-03   3.7828E-05   5.9389E-05   3.7543E-05 / 5.9113E-05   
4210   2.000E-03   4.2242E-05   6.3132E-05   4.1729E-05 / 6.2622E-05   
4220   2.000E-03   3.7599E-05   5.7842E-05   3.7400E-05 / 5.7658E-05   
4230   2.000E-03   3.7040E-05   5.5808E-05   3.6773E-05 / 5.5570E-05   
4240   2.000E-03   3.7108E-05   5.9479E-05   3.7010E-05 / 5.9399E-05   
4250   2.000E-03   3.7088E-05   5.5190E-05   3.6741E-05 / 5.4849E-05   
4260   2.000E-03   3.7793E-05   5.5537E-05   3.7506E-05 / 5.5315E-05   
4270   2.000E-03   4.0590E-05   6.5062E-05   4.0395E-05 / 6.4877E-05   
4280   2.000E-03   3.6831E-05   5.9244E-05   3.6432E-05 / 5.8862E-05   
4290   2.000E-03   3.7954E-05   5.9975E-05   3.7683E-05 / 5.9725E-05   
4300   2.000E-03   3.9675E-05   5.9500E-05   3.9461E-05 / 5.9306E-05   
4310   2.000E-03   3.6443E-05   5.6255E-05   3.6130E-05 / 5.5989E-05   
4320   2.000E-03   3.7703E-05   6.0472E-05   3.7460E-05 / 6.0267E-05   
4330   2.000E-03   3.6134E-05   5.4858E-05   3.5726E-05 / 5.4452E-05   
4340   2.000E-03   3.7204E-05   5.6407E-05   3.6989E-05 / 5.6223E-05   
4350   2.000E-03   3.6259E-05   5.9242E-05   3.6102E-05 / 5.9099E-05   
4360   2.000E-03   3.6156E-05   5.6694E-05   3.5776E-05 / 5.6361E-05   
4370   2.000E-03   3.7411E-05   5.8953E-05   3.7266E-05 / 5.8830E-05   
4380   2.000E-03   3.7139E-05   5.7128E-05   3.7043E-05 / 5.7051E-05   
4390   2.000E-03   3.5553E-05   5.5757E-05   3.5202E-05 / 5.5438E-05   
4400   2.000E-03   3.5280E-05   5.3634E-05   3.4956E-05 / 5.3345E-05   
4410   2.000E-03   3.6777E-05   5.7698E-05   3.6618E-05 / 5.7585E-05   
4420   2.000E-03   3.7484E-05   6.2042E-05   3.7324E-05 / 6.1913E-05   
4430   2.000E-03   5.2864E-05   8.0606E-05   5.2546E-05 / 8.0328E-05   
4440   2.000E-03   3.6997E-05   6.2804E-05   3.6715E-05 / 6.2531E-05   
4450   2.000E-03   3.7099E-05   5.5529E-05   3.6971E-05 / 5.5419E-05   
4460   2.000E-03   3.4815E-05   5.4866E-05   3.4641E-05 / 5.4718E-05   
4470   2.000E-03   3.4289E-05   5.5024E-05   3.4134E-05 / 5.4886E-05   
4480   2.000E-03   3.4305E-05   5.4627E-05   3.4092E-05 / 5.4436E-05   
4490   2.000E-03   3.6102E-05   5.1740E-05   3.5791E-05 / 5.1433E-05   
4500   2.000E-03   3.4682E-05   5.4885E-05   3.4353E-05 / 5.4568E-05   
4510   2.000E-03   3.5963E-05   5.8509E-05   3.5705E-05 / 5.8262E-05   
4520   2.000E-03   3.6117E-05   5.5841E-05   3.5927E-05 / 5.5666E-05   
4530   2.000E-03   3.4487E-05   5.5998E-05   3.4327E-05 / 5.5868E-05   
4540   2.000E-03   3.4089E-05   5.5189E-05   3.3692E-05 / 5.4795E-05   
4550   2.000E-03   3.4328E-05   5.5283E-05   3.4127E-05 / 5.5114E-05   
4560   2.000E-03   3.3864E-05   5.4977E-05   3.3657E-05 / 5.4792E-05   
4570   2.000E-03   3.4252E-05   5.3512E-05   3.3970E-05 / 5.3250E-05   
4580   2.000E-03   3.4005E-05   5.8724E-05   3.3814E-05 / 5.8562E-05   
4590   2.000E-03   3.3756E-05   5.3068E-05   3.3672E-05 / 5.3007E-05   
4600   2.000E-03   3.6314E-05   6.0453E-05   3.6099E-05 / 6.0265E-05   
4610   2.000E-03   3.3432E-05   5.2212E-05   3.3180E-05 / 5.1966E-05   
4620   2.000E-03   3.9269E-05   6.1260E-05   3.9186E-05 / 6.1200E-05   
4630   2.000E-03   3.3601E-05   5.5654E-05   3.3547E-05 / 5.5629E-05   
4640   2.000E-03   3.3139E-05   5.3581E-05   3.3044E-05 / 5.3515E-05   
4650   2.000E-03   3.3188E-05   5.3814E-05   3.3064E-05 / 5.3710E-05   
4660   2.000E-03   3.2948E-05   5.3692E-05   3.2829E-05 / 5.3596E-05   
4670   2.000E-03   3.2726E-05   5.3472E-05   3.2531E-05 / 5.3299E-05   
4680   2.000E-03   3.5761E-05   5.3223E-05   3.5726E-05 / 5.3209E-05   
4690   2.000E-03   3.3136E-05   5.6080E-05   3.2975E-05 / 5.5937E-05   
4700   2.000E-03   3.5453E-05   5.5521E-05   3.5311E-05 / 5.5401E-05   
4710   2.000E-03   3.2631E-05   5.3840E-05   3.2406E-05 / 5.3642E-05   
4720   2.000E-03   3.2037E-05   5.2240E-05   3.1810E-05 / 5.2031E-05   
4730   2.000E-03   3.3605E-05   5.6806E-05   3.3439E-05 / 5.6654E-05   
4740   2.000E-03   3.2759E-05   5.3779E-05   3.2438E-05 / 5.3467E-05   
4750   2.000E-03   3.2734E-05   5.5691E-05   3.2648E-05 / 5.5623E-05   
4760   2.000E-03   5.2342E-05   7.9589E-05   5.2198E-05 / 7.9458E-05   
4770   2.000E-03   3.1634E-05   5.3230E-05   3.1453E-05 / 5.3065E-05   
4780   2.000E-03   3.2323E-05   5.3783E-05   3.2226E-05 / 5.3712E-05   
4790   2.000E-03   3.2745E-05   5.5513E-05   3.2614E-05 / 5.5406E-05   
4800   2.000E-03   3.1642E-05   5.3482E-05   3.1603E-05 / 5.3452E-05   
4810   2.000E-03   3.3265E-05   5.6035E-05   3.3100E-05 / 5.5891E-05   
4820   2.000E-03   3.1929E-05   5.5527E-05   3.1763E-05 / 5.5381E-05   
4830   2.000E-03   3.1253E-05   5.2208E-05   3.1068E-05 / 5.2040E-05   
4840   2.000E-03   3.2305E-05   5.1454E-05   3.2163E-05 / 5.1332E-05   
4850   2.000E-03   3.1197E-05   5.3342E-05   3.1031E-05 / 5.3195E-05   
4860   2.000E-03   3.1213E-05   5.3031E-05   3.0931E-05 / 5.2766E-05   
4870   2.000E-03   3.4764E-05   5.7017E-05   3.4710E-05 / 5.6976E-05   
4880   2.000E-03   3.0958E-05   5.3204E-05   3.0799E-05 / 5.3063E-05   
4890   2.000E-03   3.1869E-05   5.0662E-05   3.1761E-05 / 5.0581E-05   
4900   2.000E-03   3.1799E-05   5.1762E-05   3.1740E-05 / 5.1721E-05   
4910   2.000E-03   3.2013E-05   5.2269E-05   3.1888E-05 / 5.2166E-05   
4920   2.000E-03   3.0519E-05   5.3868E-05   3.0482E-05 / 5.3845E-05   
4930   2.000E-03   3.0540E-05   5.4288E-05   3.0362E-05 / 5.4134E-05   
4940   2.000E-03   3.1604E-05   4.9438E-05   3.1413E-05 / 4.9270E-05   
4950   2.000E-03   3.1119E-05   5.1984E-05   3.1009E-05 / 5.1894E-05   
4960   2.000E-03   3.1884E-05   4.9699E-05   3.1772E-05 / 4.9602E-05   
4970   2.000E-03   3.1715E-05   5.4125E-05   3.1588E-05 / 5.4017E-05   
4980   2.000E-03   3.0150E-05   5.2832E-05   2.9980E-05 / 5.2682E-05   
4990   2.000E-03   3.1565E-05   5.1384E-05   3.1436E-05 / 5.1273E-05   
5000   2.000E-03   3.0335E-05   4.8954E-05   3.0328E-05 / 4.8946E-05   
5010   2.000E-03   3.3362E-05   5.9957E-05   3.3208E-05 / 5.9834E-05   
5020   2.000E-03   3.1540E-05   4.9375E-05   3.1477E-05 / 4.9326E-05   
5030   2.000E-03   3.0280E-05   4.8866E-05   3.0104E-05 / 4.8719E-05   
5040   2.000E-03   3.2081E-05   5.1443E-05   3.2014E-05 / 5.1398E-05   
5050   2.000E-03   3.0034E-05   5.3235E-05   2.9981E-05 / 5.3191E-05   
5060   2.000E-03   2.9659E-05   5.2574E-05   2.9567E-05 / 5.2517E-05   
5070   2.000E-03   2.9481E-05   5.1686E-05   2.9350E-05 / 5.1584E-05   
5080   2.000E-03   3.0967E-05   4.8131E-05   3.0810E-05 / 4.8004E-05   
5090   2.000E-03   2.9746E-05   5.0982E-05   2.9619E-05 / 5.0881E-05   
5100   2.000E-03   3.0366E-05   5.5633E-05   3.0255E-05 / 5.5542E-05   
5110   2.000E-03   2.9081E-05   5.3495E-05   2.9005E-05 / 5.3436E-05   
5120   2.000E-03   2.9775E-05   4.9893E-05   2.9681E-05 / 4.9821E-05   
5130   2.000E-03   2.8917E-05   5.1646E-05   2.8821E-05 / 5.1574E-05   
5140   2.000E-03   3.1016E-05   5.3514E-05   3.0890E-05 / 5.3422E-05   
5150   2.000E-03   3.6117E-05   6.3948E-05   3.6063E-05 / 6.3903E-05   
5160   2.000E-03   2.9680E-05   5.1638E-05   2.9629E-05 / 5.1597E-05   
5170   2.000E-03   2.9742E-05   5.4538E-05   2.9697E-05 / 5.4501E-05   
5180   2.000E-03   2.8443E-05   5.0832E-05   2.8312E-05 / 5.0737E-05   
5190   2.000E-03   2.8588E-05   4.9752E-05   2.8446E-05 / 4.9656E-05   
5200   2.000E-03   2.9233E-05   5.2954E-05   2.9145E-05 / 5.2890E-05   
5210   2.000E-03   2.8800E-05   5.2472E-05   2.8771E-05 / 5.2459E-05   
5220   2.000E-03   3.0206E-05   4.9085E-05   3.0119E-05 / 4.9019E-05   
5230   2.000E-03   2.9558E-05   4.8189E-05   2.9504E-05 / 4.8147E-05   
5240   2.000E-03   2.8638E-05   5.2675E-05   2.8563E-05 / 5.2617E-05   
5250   2.000E-03   2.8699E-05   4.6428E-05   2.8552E-05 / 4.6323E-05   
5260   2.000E-03   2.8596E-05   4.8439E-05   2.8577E-05 / 4.8428E-05   
5270   2.000E-03   2.9461E-05   5.3341E-05   2.9291E-05 / 5.3218E-05   
5280   2.000E-03   2.7886E-05   4.9710E-05   2.7710E-05 / 4.9587E-05   
5290   2.000E-03   3.0401E-05   5.6738E-05   3.0172E-05 / 5.6566E-05   
5300   2.000E-03   2.9423E-05   5.3682E-05   2.9156E-05 / 5.3499E-05   
5310   2.000E-03   2.8140E-05   5.2172E-05   2.7962E-05 / 5.2045E-05   
5320   2.000E-03   2.7473E-05   5.1628E-05   2.7439E-05 / 5.1611E-05   
5330   2.000E-03   2.7647E-05   4.8938E-05   2.7616E-05 / 4.8919E-05   
5340   2.000E-03   2.8027E-05   5.0357E-05   2.7956E-05 / 5.0312E-05   
5350   2.000E-03   2.8739E-05   4.8077E-05   2.8692E-05 / 4.8047E-05   
5360   2.000E-03   2.9229E-05   5.4074E-05   2.9075E-05 / 5.3964E-05   
5370   2.000E-03   3.4086E-05   4.8976E-05   3.3981E-05 / 4.8917E-05   
5380   2.000E-03   2.7476E-05   5.0449E-05   2.7464E-05 / 5.0448E-05   
5390   2.000E-03   2.9259E-05   5.2359E-05   2.9132E-05 / 5.2276E-05   
5400   2.000E-03   2.7885E-05   5.1264E-05   2.7720E-05 / 5.1148E-05   
5410   2.000E-03   2.7029E-05   4.8517E-05   2.6884E-05 / 4.8418E-05   
5420   2.000E-03   3.8887E-05   7.2077E-05   3.8845E-05 / 7.2060E-05   
5430   2.000E-03   2.8556E-05   5.1522E-05   2.8480E-05 / 5.1508E-05   
5440   2.000E-03   2.7253E-05   4.8989E-05   2.7192E-05 / 4.8960E-05   
5450   2.000E-03   2.7176E-05   5.0901E-05   2.7066E-05 / 5.0831E-05   
5460   2.000E-03   2.9139E-05   5.0660E-05   2.9065E-05 / 5.0620E-05   
5470   2.000E-03   2.6908E-05   4.9640E-05   2.6874E-05 / 4.9627E-05   
5480   2.000E-03   2.6820E-05   5.0355E-05   2.6630E-05 / 5.0224E-05   
5490   2.000E-03   2.8223E-05   5.2491E-05   2.8086E-05 / 5.2401E-05   
5500   2.000E-03   2.6996E-05   4.9752E-05   2.6978E-05 / 4.9752E-05   
5510   2.000E-03   2.7858E-05   5.0029E-05   2.7659E-05 / 4.9889E-05   
5520   2.000E-03   2.6583E-05   4.7971E-05   2.6448E-05 / 4.7891E-05   
5530   2.000E-03   2.6957E-05   4.9652E-05   2.6871E-05 / 4.9623E-05   
5540   2.000E-03   2.6437E-05   5.0873E-05   2.6283E-05 / 5.0767E-05   
5550   2.000E-03   2.8035E-05   4.8848E-05   2.8035E-05 / 4.8848E-05   
5560   2.000E-03   3.8344E-05   5.3126E-05   3.8306E-05 / 5.3117E-05   
5570   2.000E-03   2.8000E-05   5.2009E-05   2.7889E-05 / 5.1941E-05   
5580   2.000E-03   2.6287E-05   4.9224E-05   2.6160E-05 / 4.9145E-05   
5590   2.000E-03   2.6235E-05   4.8941E-05   2.6190E-05 / 4.8930E-05   
5600   2.000E-03   2.7404E-05   5.0413E-05   2.7258E-05 / 5.0315E-05   
5610   2.000E-03   2.6037E-05   5.1172E-05   2.5917E-05 / 5.1097E-05   
5620   2.000E-03   2.5814E-05   4.8661E-05   2.5683E-05 / 4.8574E-05   
5630   2.000E-03   2.9735E-05   4.7116E-05   2.9650E-05 / 4.7076E-05   
5640   2.000E-03   2.5854E-05   4.8921E-05   2.5741E-05 / 4.8852E-05   
5650   2.000E-03   2.5808E-05   4.8788E-05   2.5685E-05 / 4.8717E-05   
5660   2.000E-03   3.7574E-05   6.8126E-05   3.7404E-05 / 6.8032E-05   
5670   2.000E-03   2.6135E-05   4.9235E-05   2.6113E-05 / 4.9235E-05   
5680   2.000E-03   2.5760E-05   5.0318E-05   2.5672E-05 / 5.0272E-05   
5690   2.000E-03   2.6746E-05   4.8735E-05   2.6592E-05 / 4.8650E-05   
5700   2.000E-03   2.5584E-05   4.8523E-05   2.5542E-05 / 4.8518E-05   
5710   2.000E-03   2.5699E-05   4.6794E-05   2.5525E-05 / 4.6675E-05   
5720   2.000E-03   2.5511E-05   4.8764E-05   2.5432E-05 / 4.8731E-05   
5730   2.000E-03   2.5761E-05   4.9279E-05   2.5597E-05 / 4.9167E-05   
5740   2.000E-03   2.6211E-05   4.7202E-05   2.6183E-05 / 4.7201E-05   
5750   2.000E-03   2.6717E-05   4.7035E-05   2.6659E-05 / 4.7012E-05   
5760   2.000E-03   2.5660E-05   5.0941E-05   2.5569E-05 / 5.0894E-05   
5770   2.000E-03   2.5871E-05   4.9015E-05   2.5674E-05 / 4.8874E-05   
5780   2.000E-03   2.4951E-05   4.8597E-05   2.4877E-05 / 4.8562E-05   
5790   2.000E-03   2.7867E-05   5.5941E-05   2.7784E-05 / 5.5898E-05   
5800   2.000E-03   2.5750E-05   4.9122E-05   2.5587E-05 / 4.9012E-05   
5810   2.000E-03   2.5655E-05   4.7276E-05   2.5537E-05 / 4.7202E-05   
5820   2.000E-03   2.5308E-05   5.1085E-05   2.5224E-05 / 5.1041E-05   
5830   2.000E-03   2.6012E-05   4.9834E-05   2.5843E-05 / 4.9715E-05   
5840   2.000E-03   2.7801E-05   5.0704E-05   2.7767E-05 / 5.0695E-05   
5850   2.000E-03   2.5197E-05   5.1264E-05   2.5064E-05 / 5.1196E-05   
5860   2.000E-03   3.5351E-05   5.3395E-05   3.5290E-05 / 5.3369E-05   
5870   2.000E-03   2.6973E-05   5.1394E-05   2.6825E-05 / 5.1297E-05   
5880   2.000E-03   2.4557E-05   4.7120E-05   2.4453E-05 / 4.7062E-05   
5890   2.000E-03   2.4759E-05   4.7744E-05   2.4675E-05 / 4.7702E-05   
5900   2.000E-03   2.6398E-05   4.7067E-05   2.6121E-05 / 4.6861E-05   
5910   2.000E-03   2.4462E-05   4.8906E-05   2.4289E-05 / 4.8792E-05   
5920   2.000E-03   2.4911E-05   4.7944E-05   2.4828E-05 / 4.7900E-05   
5930   2.000E-03   2.4576E-05   4.8959E-05   2.4511E-05 / 4.8932E-05   
5940   2.000E-03   2.4305E-05   4.5500E-05   2.4135E-05 / 4.5389E-05   
5950   2.000E-03   2.5470E-05   4.7013E-05   2.5377E-05 / 4.6959E-05   
5960   2.000E-03   2.6720E-05   4.4441E-05   2.6483E-05 / 4.4266E-05   
5970   2.000E-03   2.5018E-05   4.7190E-05   2.4906E-05 / 4.7120E-05   
5980   2.000E-03   2.4558E-05   4.4734E-05   2.4486E-05 / 4.4697E-05   
5990   2.000E-03   2.4162E-05   4.6345E-05   2.3941E-05 / 4.6192E-05   
6000   2.000E-03   2.7048E-05   4.6654E-05   2.6921E-05 / 4.6571E-05   
===============================================================================================================
Saved model to models/kan_hyper_3/kanTBNN-24Nov03_12:55:48.pickle
