========== Dataset info ==========
Dataset params: {'file': '/home/nikki/kan/data/turbulence_dataset_clean.csv', 'Cases': ['fp_1000', 'fp_1410', 'fp_2000', 'fp_2540', 'fp_3030', 'fp_3270', 'fp_3630', 'fp_3970', 'fp_4060'], 'val_set': ['fp_3030', 'fp_1410', 'fp_4060'], 'test_set': ['fp_3630'], 'data_loader': <class 'tbnn.dataloaders.aDataset'>}
Train/Valid/Test points: 760 / 468 / 168
Memorization?: False
Cluster training?: False
EPOCH     LR        TRAIN         VALID             MSE:T/V                  RL:T/V             %NR_t/%NR_v
===============================================================================================================
  1   3.517E-03   1.7017E-01   1.6231E-01   1.7017E-01 / 1.6231E-01   
 10   3.517E-03   1.5134E-02   1.4128E-02   1.5121E-02 / 1.4113E-02   
 20   3.517E-03   6.6501E-03   6.3704E-03   6.6501E-03 / 6.3704E-03   
 30   3.517E-03   4.8472E-03   4.7027E-03   4.8472E-03 / 4.7027E-03   
 40   3.517E-03   3.8667E-03   3.7688E-03   3.8667E-03 / 3.7688E-03   
 50   3.517E-03   3.3035E-03   3.2324E-03   3.3035E-03 / 3.2324E-03   
 60   3.517E-03   2.9302E-03   2.8749E-03   2.9302E-03 / 2.8749E-03   
 70   3.517E-03   2.6251E-03   2.5733E-03   2.6247E-03 / 2.5730E-03   
 80   3.517E-03   2.3488E-03   2.3048E-03   2.3485E-03 / 2.3046E-03   
 90   3.517E-03   2.0843E-03   2.0461E-03   2.0842E-03 / 2.0461E-03   
100   3.517E-03   1.8542E-03   1.8236E-03   1.8541E-03 / 1.8236E-03   
110   3.517E-03   1.6591E-03   1.6325E-03   1.6591E-03 / 1.6325E-03   
120   3.517E-03   1.5187E-03   1.5011E-03   1.5186E-03 / 1.5010E-03   
130   3.517E-03   1.3979E-03   1.3959E-03   1.3979E-03 / 1.3958E-03   
140   3.517E-03   1.3670E-03   1.3604E-03   1.3669E-03 / 1.3604E-03   
150   3.517E-03   1.1940E-03   1.2069E-03   1.1940E-03 / 1.2069E-03   
160   3.517E-03   1.1206E-03   1.1441E-03   1.1206E-03 / 1.1441E-03   
170   3.517E-03   1.0238E-03   1.0429E-03   1.0236E-03 / 1.0426E-03   
180   3.517E-03   9.4508E-04   9.6914E-04   9.4496E-04 / 9.6909E-04   
190   3.517E-03   8.7220E-04   8.9653E-04   8.7161E-04 / 8.9627E-04   
200   3.517E-03   8.1756E-04   8.5294E-04   8.1709E-04 / 8.5263E-04   
210   3.517E-03   8.2907E-04   8.4109E-04   8.2563E-04 / 8.4023E-04   
220   3.517E-03   7.1671E-04   7.3275E-04   7.1629E-04 / 7.3272E-04   
230   3.517E-03   6.6187E-04   6.7823E-04   6.6084E-04 / 6.7809E-04   
240   3.517E-03   6.4862E-04   6.7381E-04   6.4810E-04 / 6.7379E-04   
250   3.517E-03   2.3778E-03   2.3276E-03   2.3758E-03 / 2.3259E-03   
260   3.517E-03   5.7396E-04   5.8142E-04   5.7354E-04 / 5.8061E-04   
270   3.517E-03   5.3360E-04   5.4155E-04   5.3337E-04 / 5.4098E-04   
280   3.517E-03   5.0674E-04   5.1498E-04   5.0662E-04 / 5.1466E-04   
290   3.517E-03   4.9094E-04   4.9571E-04   4.9070E-04 / 4.9539E-04   
300   3.517E-03   4.4861E-04   4.5924E-04   4.4848E-04 / 4.5903E-04   
310   3.517E-03   4.2462E-04   4.4138E-04   4.2452E-04 / 4.4121E-04   
320   3.517E-03   4.0759E-04   4.2414E-04   4.0748E-04 / 4.2393E-04   
330   3.517E-03   3.9373E-04   4.1360E-04   3.9366E-04 / 4.1332E-04   
340   3.517E-03   3.8095E-04   4.0353E-04   3.8067E-04 / 4.0321E-04   
350   3.517E-03   8.5141E-04   8.7166E-04   7.6825E-04 / 7.9193E-04   
360   3.517E-03   3.9220E-04   4.2509E-04   3.9216E-04 / 4.2484E-04   
370   3.517E-03   3.7047E-04   4.0304E-04   3.7043E-04 / 4.0278E-04   
380   3.517E-03   3.6086E-04   3.9540E-04   3.6083E-04 / 3.9516E-04   
390   3.517E-03   3.4601E-04   3.8006E-04   3.4595E-04 / 3.7976E-04   
400   3.517E-03   3.3490E-04   3.7037E-04   3.3483E-04 / 3.7001E-04   
410   3.517E-03   3.2495E-04   3.6301E-04   3.2487E-04 / 3.6263E-04   
420   3.517E-03   3.1839E-04   3.5864E-04   3.1827E-04 / 3.5824E-04   
430   3.517E-03   3.0917E-04   3.4643E-04   3.0897E-04 / 3.4599E-04   
440   3.517E-03   3.0416E-04   3.4425E-04   3.0383E-04 / 3.4367E-04   
450   3.517E-03   2.9688E-04   3.3884E-04   2.9651E-04 / 3.3832E-04   
460   3.517E-03   2.8884E-04   3.3151E-04   2.8844E-04 / 3.3105E-04   
470   3.517E-03   2.8405E-04   3.2719E-04   2.8352E-04 / 3.2682E-04   
480   3.517E-03   2.7405E-04   3.1441E-04   2.7357E-04 / 3.1413E-04   
490   3.517E-03   2.7092E-04   3.1696E-04   2.7044E-04 / 3.1675E-04   
500   3.517E-03   2.6486E-04   3.0699E-04   2.6429E-04 / 3.0679E-04   
510   3.517E-03   2.7285E-04   3.1481E-04   2.7204E-04 / 3.1463E-04   
520   3.517E-03   2.6352E-04   3.0481E-04   2.6306E-04 / 3.0467E-04   
530   3.517E-03   2.7458E-04   3.2693E-04   2.7412E-04 / 3.2667E-04   
540   3.517E-03   2.4454E-04   2.8818E-04   2.4419E-04 / 2.8787E-04   
550   3.517E-03   2.3662E-04   2.8370E-04   2.3626E-04 / 2.8328E-04   
560   3.517E-03   3.1460E-04   3.6490E-04   3.1441E-04 / 3.6461E-04   
570   3.517E-03   5.0677E-04   5.3541E-04   5.0389E-04 / 5.3305E-04   
580   3.517E-03   2.2558E-04   2.6527E-04   2.2531E-04 / 2.6489E-04   
590   3.517E-03   2.2463E-04   2.6484E-04   2.2433E-04 / 2.6435E-04   
600   3.517E-03   2.2023E-04   2.5277E-04   2.1989E-04 / 2.5221E-04   
610   3.517E-03   2.6403E-04   3.0053E-04   2.6355E-04 / 2.9983E-04   
620   3.517E-03   2.1074E-04   2.4418E-04   2.1021E-04 / 2.4327E-04   
630   3.517E-03   2.0177E-04   2.3441E-04   2.0146E-04 / 2.3379E-04   
640   3.517E-03   2.1492E-04   2.4688E-04   2.1318E-04 / 2.4527E-04   
650   3.517E-03   2.1517E-04   2.4731E-04   2.1450E-04 / 2.4648E-04   
660   3.517E-03   4.4896E-04   4.7664E-04   4.4872E-04 / 4.7618E-04   
670   3.517E-03   2.2854E-04   2.6101E-04   2.2821E-04 / 2.6053E-04   
680   3.517E-03   1.8781E-04   2.1675E-04   1.8739E-04 / 2.1606E-04   
690   3.517E-03   1.8499E-04   2.1339E-04   1.8459E-04 / 2.1286E-04   
700   3.517E-03   1.8491E-04   2.0685E-04   1.8446E-04 / 2.0624E-04   
710   3.517E-03   1.7666E-04   2.0510E-04   1.7610E-04 / 2.0445E-04   
720   3.517E-03   1.7202E-04   2.0026E-04   1.7137E-04 / 1.9956E-04   
730   3.517E-03   2.6310E-04   2.9112E-04   2.6266E-04 / 2.9065E-04   
740   3.517E-03   1.8552E-04   2.2567E-04   1.8518E-04 / 2.2544E-04   
750   3.517E-03   1.7608E-04   2.0769E-04   1.7570E-04 / 2.0738E-04   
760   3.517E-03   1.7101E-04   2.0588E-04   1.7039E-04 / 2.0539E-04   
770   3.517E-03   1.6487E-04   1.9832E-04   1.6454E-04 / 1.9804E-04   
780   3.517E-03   1.6500E-04   1.9409E-04   1.6463E-04 / 1.9379E-04   
790   3.517E-03   1.6606E-04   2.0284E-04   1.6570E-04 / 2.0258E-04   
800   3.517E-03   1.6005E-04   1.9588E-04   1.5969E-04 / 1.9562E-04   
810   3.517E-03   1.5510E-04   1.9162E-04   1.5474E-04 / 1.9138E-04   
820   3.517E-03   1.5286E-04   1.8221E-04   1.5255E-04 / 1.8201E-04   
830   3.517E-03   1.4868E-04   1.8068E-04   1.4843E-04 / 1.8058E-04   
840   3.517E-03   1.4623E-04   1.7703E-04   1.4575E-04 / 1.7661E-04   
850   3.517E-03   1.6935E-04   1.9751E-04   1.6907E-04 / 1.9729E-04   
860   3.517E-03   1.4450E-04   1.7938E-04   1.4423E-04 / 1.7911E-04   
870   3.517E-03   1.8102E-04   2.3329E-04   1.8056E-04 / 2.3302E-04   
880   3.517E-03   1.3587E-04   1.7225E-04   1.3557E-04 / 1.7187E-04   
890   3.517E-03   1.4714E-04   1.8170E-04   1.4698E-04 / 1.8143E-04   
900   3.517E-03   1.3132E-04   1.7082E-04   1.3083E-04 / 1.7023E-04   
910   3.517E-03   1.4642E-04   1.7985E-04   1.4553E-04 / 1.7890E-04   
920   3.517E-03   1.4018E-04   1.7087E-04   1.3999E-04 / 1.7058E-04   
930   3.517E-03   1.9645E-04   2.3078E-04   1.9635E-04 / 2.3052E-04   
940   3.517E-03   1.2489E-04   1.6140E-04   1.2470E-04 / 1.6112E-04   
950   3.517E-03   1.2300E-04   1.5972E-04   1.2281E-04 / 1.5938E-04   
960   3.517E-03   1.1817E-04   1.5661E-04   1.1795E-04 / 1.5625E-04   
970   3.517E-03   1.4364E-04   1.7356E-04   1.4345E-04 / 1.7319E-04   
980   3.517E-03   1.8336E-04   2.0444E-04   1.8320E-04 / 2.0433E-04   
990   3.517E-03   1.1832E-04   1.5300E-04   1.1792E-04 / 1.5251E-04   
1000   3.517E-03   1.1326E-04   1.4606E-04   1.1307E-04 / 1.4571E-04   
1010   3.517E-03   1.2115E-04   1.6013E-04   1.2065E-04 / 1.5946E-04   
1020   3.517E-03   1.1062E-04   1.4806E-04   1.1030E-04 / 1.4753E-04   
1030   3.517E-03   1.0968E-04   1.4961E-04   1.0953E-04 / 1.4925E-04   
1040   3.517E-03   1.1602E-04   1.5362E-04   1.1578E-04 / 1.5314E-04   
1050   3.517E-03   1.1269E-04   1.4333E-04   1.1251E-04 / 1.4293E-04   
1060   3.517E-03   1.1192E-04   1.4699E-04   1.1174E-04 / 1.4659E-04   
1070   3.517E-03   1.2548E-04   1.6133E-04   1.2510E-04 / 1.6070E-04   
1080   3.517E-03   6.2554E-04   6.7516E-04   6.2512E-04 / 6.7487E-04   
1090   3.517E-03   1.1122E-04   1.4535E-04   1.1117E-04 / 1.4525E-04   
1100   3.517E-03   1.0440E-04   1.3457E-04   1.0424E-04 / 1.3435E-04   
1110   3.517E-03   1.0283E-04   1.3456E-04   1.0239E-04 / 1.3407E-04   
1120   3.517E-03   1.0239E-04   1.3046E-04   1.0231E-04 / 1.3034E-04   
1130   3.517E-03   9.8116E-05   1.2716E-04   9.8045E-05 / 1.2703E-04   
1140   3.517E-03   1.0019E-04   1.2820E-04   1.0015E-04 / 1.2810E-04   
1150   3.517E-03   9.8930E-05   1.2702E-04   9.8834E-05 / 1.2685E-04   
1160   3.517E-03   9.3473E-05   1.2412E-04   9.3395E-05 / 1.2396E-04   
1170   3.517E-03   9.4752E-05   1.2800E-04   9.4699E-05 / 1.2786E-04   
1180   3.517E-03   9.3529E-05   1.2593E-04   9.3191E-05 / 1.2550E-04   
1190   3.517E-03   9.0517E-05   1.2194E-04   9.0456E-05 / 1.2176E-04   
1200   3.517E-03   9.1947E-05   1.2069E-04   9.1508E-05 / 1.2018E-04   
1210   3.517E-03   8.7426E-05   1.1725E-04   8.7220E-05 / 1.1694E-04   
1220   3.517E-03   8.7907E-05   1.2194E-04   8.7850E-05 / 1.2176E-04   
1230   3.517E-03   9.2041E-05   1.2328E-04   9.1680E-05 / 1.2285E-04   
1240   3.517E-03   9.5482E-05   1.2749E-04   9.5414E-05 / 1.2730E-04   
1250   3.517E-03   8.9232E-05   1.2345E-04   8.9130E-05 / 1.2324E-04   
1260   3.517E-03   8.4701E-05   1.1665E-04   8.4433E-05 / 1.1631E-04   
1270   3.517E-03   1.3231E-04   1.6197E-04   1.3209E-04 / 1.6174E-04   
1280   3.517E-03   8.1981E-05   1.1198E-04   8.1771E-05 / 1.1171E-04   
1290   3.517E-03   8.4909E-05   1.1438E-04   8.4883E-05 / 1.1427E-04   
1300   3.517E-03   8.3191E-05   1.0994E-04   8.2171E-05 / 1.0885E-04   
1310   3.517E-03   8.6074E-05   1.1404E-04   8.5813E-05 / 1.1374E-04   
1320   3.517E-03   8.2058E-05   1.0833E-04   8.1943E-05 / 1.0811E-04   
1330   3.517E-03   1.6966E-04   2.1144E-04   1.6887E-04 / 2.1104E-04   
1340   3.517E-03   1.0307E-04   1.2476E-04   1.0285E-04 / 1.2469E-04   
1350   3.517E-03   7.9869E-05   1.0681E-04   7.8139E-05 / 1.0513E-04   
1360   3.517E-03   8.0470E-05   1.0813E-04   8.0408E-05 / 1.0806E-04   
1370   3.517E-03   7.6997E-05   1.0545E-04   7.6444E-05 / 1.0493E-04   
1380   3.517E-03   7.5281E-05   1.0421E-04   7.5162E-05 / 1.0405E-04   
1390   3.517E-03   7.3735E-05   9.9947E-05   7.3550E-05 / 9.9726E-05   
1400   3.517E-03   7.4458E-05   1.0228E-04   7.4303E-05 / 1.0207E-04   
1410   3.517E-03   7.2381E-05   9.9197E-05   7.1416E-05 / 9.8209E-05   
1420   3.517E-03   7.7170E-05   1.0540E-04   7.5670E-05 / 1.0389E-04   
1430   3.517E-03   7.3506E-05   1.0296E-04   7.3268E-05 / 1.0266E-04   
1440   3.517E-03   7.1834E-05   9.4822E-05   7.0126E-05 / 9.3114E-05   
1450   3.517E-03   7.1197E-05   9.7134E-05   7.1011E-05 / 9.6857E-05   
1460   3.517E-03   7.1244E-05   9.1482E-05   7.0581E-05 / 9.0771E-05   
1470   3.517E-03   6.7658E-05   9.1550E-05   6.7471E-05 / 9.1269E-05   
1480   3.517E-03   7.1641E-05   9.4549E-05   7.1636E-05 / 9.4496E-05   
1490   3.517E-03   7.6444E-05   9.6240E-05   7.6402E-05 / 9.6120E-05   
1500   3.517E-03   7.9400E-05   1.0121E-04   7.8154E-05 / 9.9997E-05   
1510   3.517E-03   6.6578E-05   8.8657E-05   6.6377E-05 / 8.8386E-05   
1520   3.517E-03   9.1162E-05   1.1604E-04   9.0918E-05 / 1.1579E-04   
1530   3.517E-03   2.6513E-04   2.8090E-04   2.6396E-04 / 2.7977E-04   
1540   3.517E-03   8.5266E-05   1.1337E-04   8.3683E-05 / 1.1194E-04   
1550   3.517E-03   6.3693E-05   8.7762E-05   6.3588E-05 / 8.7650E-05   
1560   3.517E-03   6.5779E-05   8.4918E-05   6.4028E-05 / 8.3313E-05   
1570   3.517E-03   6.6885E-05   9.1025E-05   6.6818E-05 / 9.0965E-05   
1580   3.517E-03   6.1945E-05   8.1300E-05   6.1929E-05 / 8.1261E-05   
1590   3.517E-03   7.1349E-05   9.1215E-05   7.1089E-05 / 9.0945E-05   
1600   3.517E-03   6.7365E-05   8.4919E-05   6.7357E-05 / 8.4884E-05   
1610   3.517E-03   8.8925E-05   1.1248E-04   8.8703E-05 / 1.1226E-04   
1620   3.517E-03   7.0251E-05   9.1445E-05   6.8637E-05 / 8.9940E-05   
1630   3.517E-03   6.3272E-05   8.4857E-05   6.3012E-05 / 8.4624E-05   
1640   3.517E-03   6.6030E-05   8.9227E-05   6.6026E-05 / 8.9206E-05   
1650   3.517E-03   6.6051E-05   9.7377E-05   6.5219E-05 / 9.6587E-05   
1660   3.517E-03   7.5783E-05   1.0858E-04   7.5658E-05 / 1.0850E-04   
1670   3.517E-03   6.0421E-05   1.0135E-04   6.0138E-05 / 1.0112E-04   
1680   3.517E-03   8.1618E-05   1.4233E-04   8.0351E-05 / 1.4155E-04   
1690   3.517E-03   5.9879E-05   1.4944E-04   5.7772E-05 / 1.4741E-04   
1700   3.517E-03   5.8206E-05   1.4814E-04   5.7806E-05 / 1.4780E-04   
1710   3.517E-03   6.3825E-05   2.1036E-04   6.3673E-05 / 2.1027E-04   
1720   3.517E-03   6.3357E-05   4.7579E-04   6.2202E-05 / 4.7398E-04   
1730   3.517E-03   5.5505E-05   6.7781E-04   5.5225E-05 / 6.5896E-04   
1740   3.517E-03   5.8208E-05   7.4580E-04   5.7779E-05 / 7.1582E-04   
1750   3.517E-03   6.5002E-05   8.0428E-04   6.4771E-05 / 7.6486E-04   
1760   3.517E-03   5.9890E-05   7.7544E-04   5.8969E-05 / 7.3814E-04   
1770   3.517E-03   6.6696E-05   7.5938E-04   6.6696E-05 / 7.3242E-04   
1780   3.517E-03   1.0601E-04   6.4102E-04   1.0438E-04 / 6.3229E-04   
1790   3.517E-03   6.0924E-05   9.5501E-04   6.0588E-05 / 8.8520E-04   
1800   3.517E-03   5.6596E-05   1.7115E-03   5.5834E-05 / 1.3918E-03   
1810   3.517E-03   5.2640E-05   1.2720E-03   5.2637E-05 / 1.1018E-03   
1820   3.517E-03   5.5131E-05   1.8016E-03   5.4947E-05 / 1.4411E-03   
1830   3.517E-03   5.2746E-05   3.4289E-04   5.2149E-05 / 3.4233E-04   
1840   3.517E-03   5.1256E-05   4.7551E-04   5.0880E-05 / 4.7443E-04   
BEST MODEL
===============================================================================================================
1580   3.517E-03   6.1945E-05   8.1300E-05   6.1929E-05 / 8.1261E-05   
===============================================================================================================
Saved model to /home/nikki/kan/kanTBNN/models/multi_run/kan_experiment_104_opt/kanTBNN-24Nov07_11:59:55.pickle
