========== Dataset info ==========
Dataset params: {'file': '/home/nikhila/WDC/kan/dataset/turbulence_dataset_clean.csv', 'Cases': ['squareDuctAve_Re_1100', 'squareDuctAve_Re_1150', 'squareDuctAve_Re_1250', 'squareDuctAve_Re_1300', 'squareDuctAve_Re_1350', 'squareDuctAve_Re_1400', 'squareDuctAve_Re_1500', 'squareDuctAve_Re_1600', 'squareDuctAve_Re_1800', 'squareDuctAve_Re_2000', 'squareDuctAve_Re_2205', 'squareDuctAve_Re_2400', 'squareDuctAve_Re_2600', 'squareDuctAve_Re_2900', 'squareDuctAve_Re_3200', 'squareDuctAve_Re_3500'], 'val_set': ['squareDuctAve_Re_1300', 'squareDuctAve_Re_1800', 'squareDuctAve_Re_3200'], 'test_set': ['squareDuctAve_Re_2000'], 'data_loader': <class 'tbnn.dataloaders.aDataset'>}
Train/Valid/Test points: 110592 / 27648 / 9216
Memorization?: False
Cluster training?: False
EPOCH     LR        TRAIN         VALID             MSE:T/V                  RL:T/V             %NR_t/%NR_v
===============================================================================================================
  1   4.519E-04   2.1087E-03   2.0623E-03   2.1003E-03 / 2.0526E-03   
 10   4.519E-04   5.2236E-04   6.1099E-04   5.2129E-04 / 6.0533E-04   
 20   4.519E-04   4.8936E-04   6.0804E-04   4.8831E-04 / 6.0005E-04   
 30   4.519E-04   4.3762E-04   5.6824E-04   4.3727E-04 / 5.5869E-04   
 40   4.519E-04   3.8589E-04   5.4286E-04   3.8568E-04 / 5.3219E-04   
 50   4.519E-04   3.6945E-04   5.3079E-04   3.6861E-04 / 5.1317E-04   
 60   4.519E-04   3.6839E-04   5.3563E-04   3.6702E-04 / 4.9806E-04   
 70   4.519E-04   3.8811E-04   5.5850E-04   3.8684E-04 / 5.4549E-04   
 80   4.519E-04   3.5085E-04   5.1624E-04   3.4884E-04 / 4.9713E-04   
 90   4.519E-04   3.4126E-04   5.1082E-04   3.4089E-04 / 5.0101E-04   
100   4.519E-04   3.5584E-04   5.1620E-04   3.5510E-04 / 4.9779E-04   
110   4.519E-04   3.4573E-04   5.1106E-04   3.4509E-04 / 4.9945E-04   
120   4.519E-04   3.5319E-04   4.9327E-04   3.5262E-04 / 4.7788E-04   
130   4.519E-04   4.2624E-04   5.5290E-04   4.2616E-04 / 5.4931E-04   
140   4.519E-04   3.4253E-04   5.2533E-04   3.4232E-04 / 5.0866E-04   
150   4.519E-04   3.5039E-04   5.0580E-04   3.5011E-04 / 4.8981E-04   
160   4.519E-04   3.3030E-04   5.1130E-04   3.2999E-04 / 4.9326E-04   
170   4.519E-04   3.4845E-04   5.3353E-04   3.4802E-04 / 5.2558E-04   
180   4.519E-04   3.3287E-04   5.6573E-04   3.3143E-04 / 5.0291E-04   
190   4.519E-04   3.2893E-04   5.0104E-04   3.2867E-04 / 4.7968E-04   
200   4.519E-04   3.3158E-04   5.1500E-04   3.3131E-04 / 4.8516E-04   
210   4.519E-04   3.4301E-04   5.8075E-04   3.4270E-04 / 5.4087E-04   
220   4.519E-04   3.3945E-04   5.5842E-04   3.3910E-04 / 5.0919E-04   
230   4.519E-04   3.2501E-04   5.9203E-04   3.2445E-04 / 5.1875E-04   
240   4.519E-04   3.2314E-04   5.7137E-04   3.2276E-04 / 5.2084E-04   
250   4.519E-04   3.3725E-04   5.6518E-04   3.3677E-04 / 5.2493E-04   
260   4.519E-04   3.3499E-04   6.1172E-04   3.3378E-04 / 5.4121E-04   
270   4.519E-04   3.2204E-04   5.3577E-04   3.2065E-04 / 4.8302E-04   
280   4.519E-04   3.2517E-04   5.0797E-04   3.2467E-04 / 4.8702E-04   
290   4.519E-04   3.2352E-04   5.3250E-04   3.2257E-04 / 4.9337E-04   
300   4.519E-04   3.2142E-04   5.5254E-04   3.2105E-04 / 5.1077E-04   
310   4.519E-04   3.3109E-04   5.7204E-04   3.2782E-04 / 5.1060E-04   
320   4.519E-04   3.2631E-04   5.0553E-04   3.2613E-04 / 4.9574E-04   
330   4.519E-04   3.2212E-04   5.9090E-04   3.2165E-04 / 5.1151E-04   
340   4.519E-04   3.2741E-04   5.3601E-04   3.2664E-04 / 5.1468E-04   
350   4.519E-04   3.2120E-04   5.2845E-04   3.1982E-04 / 5.0067E-04   
360   4.519E-04   3.3493E-04   5.9319E-04   3.3363E-04 / 5.2636E-04   
370   4.519E-04   3.1496E-04   5.4524E-04   3.1457E-04 / 5.0669E-04   
380   4.519E-04   3.1587E-04   5.0370E-04   3.1559E-04 / 4.8830E-04   
390   4.519E-04   3.1870E-04   5.6634E-04   3.1848E-04 / 5.3335E-04   
400   4.519E-04   3.1600E-04   5.1852E-04   3.1570E-04 / 5.0005E-04   
410   4.519E-04   3.1784E-04   5.0703E-04   3.1749E-04 / 4.7715E-04   
420   4.519E-04   3.2056E-04   5.0705E-04   3.2039E-04 / 5.0141E-04   
430   4.519E-04   3.1836E-04   5.5822E-04   3.1802E-04 / 5.2119E-04   
440   4.519E-04   3.1413E-04   5.5784E-04   3.1381E-04 / 5.2310E-04   
450   4.519E-04   3.1162E-04   5.1003E-04   3.1140E-04 / 4.9215E-04   
BEST MODEL
===============================================================================================================
189   4.519E-04   3.3355E-04   4.7779E-04   3.3326E-04 / 4.6817E-04   
===============================================================================================================
Saved model to /home/nikhila/WDC/kan/kanTBNN/models/multi_run/kan_experiment_32_opt/kanTBNN-25Jan26_18:33:19.pickle
