========== Dataset info ==========
Dataset params: {'file': '/home/nikki/kan/data/turbulence_dataset_clean.csv', 'Cases': ['fp_1000', 'fp_1410', 'fp_2000', 'fp_2540', 'fp_3030', 'fp_3270', 'fp_3630', 'fp_3970', 'fp_4060'], 'val_set': ['fp_3030', 'fp_1410', 'fp_4060'], 'test_set': ['fp_3630'], 'data_loader': <class 'tbnn.dataloaders.aDataset'>}
Train/Valid/Test points: 760 / 468 / 168
Memorization?: False
Cluster training?: False
EPOCH     LR        TRAIN         VALID             MSE:T/V                  RL:T/V             %NR_t/%NR_v
===============================================================================================================
  1   1.873E-03   1.4364E-01   1.3906E-01   1.4364E-01 / 1.3906E-01   
 10   1.873E-03   1.3061E-02   1.2331E-02   1.3016E-02 / 1.2292E-02   
 20   1.873E-03   6.3139E-03   6.0011E-03   6.3095E-03 / 5.9968E-03   
 30   1.873E-03   3.9351E-03   3.7516E-03   3.9341E-03 / 3.7506E-03   
 40   1.873E-03   2.8260E-03   2.7322E-03   2.8209E-03 / 2.7271E-03   
 50   1.873E-03   2.1874E-03   2.1345E-03   2.1850E-03 / 2.1318E-03   
 60   1.873E-03   1.7858E-03   1.7606E-03   1.7843E-03 / 1.7587E-03   
 70   1.873E-03   1.5057E-03   1.4956E-03   1.5039E-03 / 1.4936E-03   
 80   1.873E-03   1.2975E-03   1.2989E-03   1.2965E-03 / 1.2979E-03   
 90   1.873E-03   1.1473E-03   1.1570E-03   1.1465E-03 / 1.1563E-03   
100   1.873E-03   1.0341E-03   1.0509E-03   1.0334E-03 / 1.0501E-03   
110   1.873E-03   9.4398E-04   9.6595E-04   9.4331E-04 / 9.6517E-04   
120   1.873E-03   8.6238E-04   8.8959E-04   8.6182E-04 / 8.8886E-04   
130   1.873E-03   7.8958E-04   8.2245E-04   7.8908E-04 / 8.2188E-04   
140   1.873E-03   7.2589E-04   7.6405E-04   7.2537E-04 / 7.6340E-04   
150   1.873E-03   6.6969E-04   7.1115E-04   6.6897E-04 / 7.1041E-04   
160   1.873E-03   6.2165E-04   6.6486E-04   6.2067E-04 / 6.6413E-04   
170   1.873E-03   5.8046E-04   6.2342E-04   5.7927E-04 / 6.2278E-04   
180   1.873E-03   5.4621E-04   5.8793E-04   5.4471E-04 / 5.8718E-04   
190   1.873E-03   5.1531E-04   5.5061E-04   5.1367E-04 / 5.4981E-04   
200   1.873E-03   4.8957E-04   5.2072E-04   4.8788E-04 / 5.1989E-04   
210   1.873E-03   4.6711E-04   4.9583E-04   4.6530E-04 / 4.9492E-04   
220   1.873E-03   4.4673E-04   4.7302E-04   4.4504E-04 / 4.7202E-04   
230   1.873E-03   4.2783E-04   4.5309E-04   4.2607E-04 / 4.5176E-04   
240   1.873E-03   4.0874E-04   4.3335E-04   4.0694E-04 / 4.3174E-04   
250   1.873E-03   3.9176E-04   4.1765E-04   3.8980E-04 / 4.1570E-04   
260   1.873E-03   3.7599E-04   4.0214E-04   3.7413E-04 / 3.9984E-04   
270   1.873E-03   3.6198E-04   3.8804E-04   3.6017E-04 / 3.8548E-04   
280   1.873E-03   3.4783E-04   3.7583E-04   3.4610E-04 / 3.7258E-04   
290   1.873E-03   3.3499E-04   3.6423E-04   3.3325E-04 / 3.6020E-04   
300   1.873E-03   3.2263E-04   3.5314E-04   3.2115E-04 / 3.4877E-04   
310   1.873E-03   3.1070E-04   3.4355E-04   3.0956E-04 / 3.3806E-04   
320   1.873E-03   2.9949E-04   3.3415E-04   2.9887E-04 / 3.2789E-04   
330   1.873E-03   2.8899E-04   3.2366E-04   2.8860E-04 / 3.1700E-04   
340   1.873E-03   2.7922E-04   3.1837E-04   2.7844E-04 / 3.0956E-04   
350   1.873E-03   2.6927E-04   3.0932E-04   2.6876E-04 / 2.9982E-04   
360   1.873E-03   2.6113E-04   3.0346E-04   2.6059E-04 / 2.9258E-04   
370   1.873E-03   2.5375E-04   2.9519E-04   2.5346E-04 / 2.8431E-04   
380   1.873E-03   2.4655E-04   2.9369E-04   2.4601E-04 / 2.8044E-04   
390   1.873E-03   2.4046E-04   2.8962E-04   2.4016E-04 / 2.7567E-04   
400   1.873E-03   2.3225E-04   2.8230E-04   2.3107E-04 / 2.6689E-04   
410   1.873E-03   2.2540E-04   2.7586E-04   2.2520E-04 / 2.6054E-04   
420   1.873E-03   2.2007E-04   2.7454E-04   2.1990E-04 / 2.5655E-04   
430   1.873E-03   2.1308E-04   2.7027E-04   2.1259E-04 / 2.5128E-04   
440   1.873E-03   2.0853E-04   2.6277E-04   2.0846E-04 / 2.4356E-04   
450   1.873E-03   2.0095E-04   2.5975E-04   2.0078E-04 / 2.3794E-04   
460   1.873E-03   1.9528E-04   2.6164E-04   1.9492E-04 / 2.3586E-04   
470   1.873E-03   1.9050E-04   2.5721E-04   1.8998E-04 / 2.3090E-04   
480   1.873E-03   1.8668E-04   2.5712E-04   1.8620E-04 / 2.2868E-04   
490   1.873E-03   1.8261E-04   2.5326E-04   1.8216E-04 / 2.2280E-04   
500   1.873E-03   1.7555E-04   2.5201E-04   1.7510E-04 / 2.1830E-04   
510   1.873E-03   1.7178E-04   2.4901E-04   1.7165E-04 / 2.1526E-04   
520   1.873E-03   1.7008E-04   2.5759E-04   1.7005E-04 / 2.1938E-04   
530   1.873E-03   1.6511E-04   2.4623E-04   1.6426E-04 / 2.0932E-04   
540   1.873E-03   1.6093E-04   2.5429E-04   1.5831E-04 / 2.0652E-04   
550   1.873E-03   1.5451E-04   2.5061E-04   1.5374E-04 / 2.0208E-04   
560   1.873E-03   1.5266E-04   2.5880E-04   1.5261E-04 / 2.0457E-04   
570   1.873E-03   1.4634E-04   2.5749E-04   1.4565E-04 / 1.9924E-04   
580   1.873E-03   1.4714E-04   2.5909E-04   1.4494E-04 / 1.9613E-04   
590   1.873E-03   1.4292E-04   2.6513E-04   1.4234E-04 / 1.9816E-04   
600   1.873E-03   1.3847E-04   2.7557E-04   1.3843E-04 / 1.9719E-04   
610   1.873E-03   1.4497E-04   2.8928E-04   1.4492E-04 / 2.0457E-04   
620   1.873E-03   1.3336E-04   2.8688E-04   1.3253E-04 / 1.9845E-04   
630   1.873E-03   1.2690E-04   2.9316E-04   1.2650E-04 / 1.9445E-04   
640   1.873E-03   1.2416E-04   2.9257E-04   1.2402E-04 / 1.9311E-04   
650   1.873E-03   1.2132E-04   2.9180E-04   1.2085E-04 / 1.9075E-04   
660   1.873E-03   1.2081E-04   3.1623E-04   1.1996E-04 / 1.9758E-04   
670   1.873E-03   1.1803E-04   3.3383E-04   1.1751E-04 / 1.9881E-04   
680   1.873E-03   1.1686E-04   3.3979E-04   1.1596E-04 / 2.0053E-04   
690   1.873E-03   1.1290E-04   3.3149E-04   1.1231E-04 / 1.9334E-04   
700   1.873E-03   1.1868E-04   3.6852E-04   1.1848E-04 / 2.0993E-04   
710   1.873E-03   1.0919E-04   3.8584E-04   1.0801E-04 / 2.0762E-04   
720   1.873E-03   1.0662E-04   3.9387E-04   1.0570E-04 / 2.0484E-04   
730   1.873E-03   1.0418E-04   3.8048E-04   1.0373E-04 / 2.0341E-04   
740   1.873E-03   1.0191E-04   4.0355E-04   1.0142E-04 / 2.0745E-04   
750   1.873E-03   1.0200E-04   4.6668E-04   1.0039E-04 / 2.2164E-04   
760   1.873E-03   1.0108E-04   4.3629E-04   1.0072E-04 / 2.1279E-04   
770   1.873E-03   1.0079E-04   4.2628E-04   1.0068E-04 / 2.1120E-04   
780   1.873E-03   9.5082E-05   4.1653E-04   9.4256E-05 / 2.0653E-04   
789   1.873E-03   9.6728E-05   4.8347E-04   9.6546E-05 / 2.2309E-04   
BEST MODEL
===============================================================================================================
526   1.873E-03   1.6431E-04   2.4499E-04   1.6364E-04 / 2.0723E-04   
===============================================================================================================
Saved model to /home/nikki/kan/kanTBNN/models/multi_run/kan_experiment_67_opt/kanTBNN-24Nov06_12:13:41.pickle
