========== Dataset info ==========
Dataset params: {'file': '/home/nikki/kan/data/turbulence_dataset_clean.csv', 'Cases': ['fp_1000', 'fp_1410', 'fp_2000', 'fp_2540', 'fp_3030', 'fp_3270', 'fp_3630', 'fp_3970', 'fp_4060'], 'val_set': ['fp_3030', 'fp_1410', 'fp_4060'], 'test_set': ['fp_3630'], 'data_loader': <class 'tbnn.dataloaders.aDataset'>}
Train/Valid/Test points: 760 / 468 / 168
Memorization?: False
Cluster training?: False
EPOCH     LR        TRAIN         VALID             MSE:T/V                  RL:T/V             %NR_t/%NR_v
===============================================================================================================
  1   4.008E-03   1.5923E-01   1.5453E-01   1.5923E-01 / 1.5453E-01   
 10   4.008E-03   4.6853E-03   4.3574E-03   4.6763E-03 / 4.3487E-03   
 20   4.008E-03   2.4724E-03   2.3928E-03   2.4677E-03 / 2.3888E-03   
 30   4.008E-03   1.8042E-03   1.7868E-03   1.8018E-03 / 1.7846E-03   
 40   4.008E-03   1.4773E-03   1.4716E-03   1.4754E-03 / 1.4697E-03   
 50   4.008E-03   1.2315E-03   1.2348E-03   1.2288E-03 / 1.2320E-03   
 60   4.008E-03   1.0091E-03   1.0209E-03   1.0068E-03 / 1.0186E-03   
 70   4.008E-03   7.9360E-04   8.1222E-04   7.9218E-04 / 8.1080E-04   
 80   4.008E-03   6.3137E-04   6.5304E-04   6.3027E-04 / 6.5187E-04   
 90   4.008E-03   5.2404E-04   5.4445E-04   5.2346E-04 / 5.4379E-04   
100   4.008E-03   4.5638E-04   4.7722E-04   4.5605E-04 / 4.7683E-04   
110   4.008E-03   4.1037E-04   4.3589E-04   4.1005E-04 / 4.3557E-04   
120   4.008E-03   3.7377E-04   4.0090E-04   3.7341E-04 / 4.0053E-04   
130   4.008E-03   3.4119E-04   3.7030E-04   3.4094E-04 / 3.7010E-04   
140   4.008E-03   3.1244E-04   3.4151E-04   3.1224E-04 / 3.4130E-04   
150   4.008E-03   2.8849E-04   3.1578E-04   2.8822E-04 / 3.1557E-04   
160   4.008E-03   2.6822E-04   2.9694E-04   2.6802E-04 / 2.9683E-04   
170   4.008E-03   2.4995E-04   2.8289E-04   2.4978E-04 / 2.8277E-04   
180   4.008E-03   2.3375E-04   2.6495E-04   2.3368E-04 / 2.6488E-04   
190   4.008E-03   2.1930E-04   2.5095E-04   2.1925E-04 / 2.5090E-04   
200   4.008E-03   2.0621E-04   2.4408E-04   2.0618E-04 / 2.4406E-04   
210   4.008E-03   1.9548E-04   2.3883E-04   1.9547E-04 / 2.3883E-04   
220   4.008E-03   1.8446E-04   2.2342E-04   1.8442E-04 / 2.2339E-04   
230   4.008E-03   1.7627E-04   2.1262E-04   1.7626E-04 / 2.1261E-04   
240   4.008E-03   1.6798E-04   2.0065E-04   1.6783E-04 / 2.0051E-04   
250   4.008E-03   1.6077E-04   2.0157E-04   1.6060E-04 / 2.0145E-04   
260   4.008E-03   1.5241E-04   1.9324E-04   1.5240E-04 / 1.9324E-04   
270   4.008E-03   1.4839E-04   1.9223E-04   1.4824E-04 / 1.9207E-04   
280   4.008E-03   1.3980E-04   1.7860E-04   1.3978E-04 / 1.7857E-04   
290   4.008E-03   1.3766E-04   1.8041E-04   1.3690E-04 / 1.7971E-04   
300   4.008E-03   1.2991E-04   1.7453E-04   1.2983E-04 / 1.7446E-04   
310   4.008E-03   1.2392E-04   1.7265E-04   1.2391E-04 / 1.7265E-04   
320   4.008E-03   1.2580E-04   1.7242E-04   1.2573E-04 / 1.7235E-04   
330   4.008E-03   1.1640E-04   1.6457E-04   1.1635E-04 / 1.6453E-04   
340   4.008E-03   1.1259E-04   1.7224E-04   1.1259E-04 / 1.7224E-04   
350   4.008E-03   1.1030E-04   1.7223E-04   1.1030E-04 / 1.7223E-04   
360   4.008E-03   1.0643E-04   1.7052E-04   1.0641E-04 / 1.7049E-04   
370   4.008E-03   1.0278E-04   1.7155E-04   1.0277E-04 / 1.7153E-04   
380   4.008E-03   9.7688E-05   1.7100E-04   9.7687E-05 / 1.7099E-04   
390   4.008E-03   9.8059E-05   1.6766E-04   9.6555E-05 / 1.6631E-04   
400   4.008E-03   9.1254E-05   1.7380E-04   9.0624E-05 / 1.7331E-04   
410   4.008E-03   9.2873E-05   1.8436E-04   9.2640E-05 / 1.8422E-04   
420   4.008E-03   8.9799E-05   1.7846E-04   8.9676E-05 / 1.7839E-04   
430   4.008E-03   8.6297E-05   1.6114E-04   8.6208E-05 / 1.6107E-04   
440   4.008E-03   8.2001E-05   1.6960E-04   8.1768E-05 / 1.6936E-04   
450   4.008E-03   7.8909E-05   1.5849E-04   7.8899E-05 / 1.5848E-04   
460   4.008E-03   7.8826E-05   1.6083E-04   7.8377E-05 / 1.6036E-04   
470   4.008E-03   7.4117E-05   1.5758E-04   7.4109E-05 / 1.5756E-04   
480   4.008E-03   7.2386E-05   1.5044E-04   7.2386E-05 / 1.5044E-04   
490   4.008E-03   7.1484E-05   1.5017E-04   7.1226E-05 / 1.4987E-04   
500   4.008E-03   7.0260E-05   1.5095E-04   7.0245E-05 / 1.5093E-04   
510   4.008E-03   6.5190E-05   1.4078E-04   6.5119E-05 / 1.4074E-04   
520   4.008E-03   6.5250E-05   1.4733E-04   6.4602E-05 / 1.4680E-04   
530   4.008E-03   6.4374E-05   1.4518E-04   6.4105E-05 / 1.4498E-04   
540   4.008E-03   6.6378E-05   1.4987E-04   6.4762E-05 / 1.4832E-04   
550   4.008E-03   6.2985E-05   1.4879E-04   6.2962E-05 / 1.4877E-04   
560   4.008E-03   5.8845E-05   1.5726E-04   5.8845E-05 / 1.5725E-04   
570   4.008E-03   5.8558E-05   1.6097E-04   5.8494E-05 / 1.6086E-04   
580   4.008E-03   5.7094E-05   1.6066E-04   5.7077E-05 / 1.6063E-04   
590   4.008E-03   5.4875E-05   1.6769E-04   5.4710E-05 / 1.6747E-04   
600   4.008E-03   5.3158E-05   1.6651E-04   5.3158E-05 / 1.6649E-04   
610   4.008E-03   5.6658E-05   1.6396E-04   5.6369E-05 / 1.6362E-04   
620   4.008E-03   5.8347E-05   1.6547E-04   5.8347E-05 / 1.6547E-04   
630   4.008E-03   4.8069E-05   1.7049E-04   4.8008E-05 / 1.7044E-04   
640   4.008E-03   4.7670E-05   1.7115E-04   4.7670E-05 / 1.7115E-04   
650   4.008E-03   4.9695E-05   1.8121E-04   4.9661E-05 / 1.8118E-04   
660   4.008E-03   4.7403E-05   1.8707E-04   4.7049E-05 / 1.8681E-04   
670   4.008E-03   5.1993E-05   1.7903E-04   5.1940E-05 / 1.7897E-04   
680   4.008E-03   4.4274E-05   1.7023E-04   4.4274E-05 / 1.7023E-04   
690   4.008E-03   4.2969E-05   1.7430E-04   4.2580E-05 / 1.7401E-04   
700   4.008E-03   4.1764E-05   1.7708E-04   4.1749E-05 / 1.7707E-04   
710   4.008E-03   5.3724E-05   2.1253E-04   4.6452E-05 / 2.0546E-04   
720   4.008E-03   3.9895E-05   2.0770E-04   3.9814E-05 / 2.0760E-04   
730   4.008E-03   4.1808E-05   2.1755E-04   4.1308E-05 / 2.1704E-04   
740   4.008E-03   4.0403E-05   1.8762E-04   3.9986E-05 / 1.8718E-04   
750   4.008E-03   4.0928E-05   1.9114E-04   4.0928E-05 / 1.9114E-04   
760   4.008E-03   3.7824E-05   1.9571E-04   3.7608E-05 / 1.9546E-04   
770   4.008E-03   4.4716E-05   1.8087E-04   4.4525E-05 / 1.8062E-04   
780   4.008E-03   3.9217E-05   1.9770E-04   3.9117E-05 / 1.9756E-04   
787   4.008E-03   3.7140E-05   2.0603E-04   3.6092E-05 / 2.0498E-04   
BEST MODEL
===============================================================================================================
524   4.008E-03   6.2634E-05   1.3711E-04   6.2622E-05 / 1.3710E-04   
===============================================================================================================
Saved model to /home/nikki/kan/kanTBNN/models/multi_run/kan_experiment_132_opt/kanTBNN-24Nov08_01:05:42.pickle
