========== Dataset info ==========
Dataset params: {'file': '/home/ryley/WDK/ML/dataset/turbulence_dataset_clean.csv', 'Cases': ['case_0p5', 'case_0p8', 'case_1p0', 'case_1p2', 'case_1p5'], 'val_set': ['case_0p8'], 'test_set': ['case_1p2'], 'data_loader': <class 'tbnn.dataloaders.DeltaDataset'>}
Train/Valid/Test points: 4425 / 14751 / 14751
Memorization?: False
Cluster training?: False
EPOCH     LR        TRAIN         VALID             MSE:T/V                  RL:T/V             %NR_t/%NR_v
===============================================================================================================
  1   2.500E-05   2.0623E+00   2.0315E+00   2.0623E+00 / 2.0315E+00   
 10   2.500E-05   3.8810E-01   3.5231E-01   3.8810E-01 / 3.5231E-01   
 20   2.500E-05   3.1836E-01   2.7508E-01   3.1836E-01 / 2.7508E-01   
 30   2.500E-05   3.0167E-01   2.5919E-01   3.0167E-01 / 2.5919E-01   
 40   2.500E-05   2.8822E-01   2.4509E-01   2.8822E-01 / 2.4509E-01   
 50   2.500E-05   2.7527E-01   2.3231E-01   2.7527E-01 / 2.3231E-01   
 60   2.500E-05   2.6201E-01   2.1947E-01   2.6201E-01 / 2.1947E-01   
 70   2.500E-05   2.4909E-01   2.0613E-01   2.4909E-01 / 2.0613E-01   
 80   2.500E-05   2.3465E-01   1.9315E-01   2.3465E-01 / 1.9315E-01   
 90   2.500E-05   2.2213E-01   1.8167E-01   2.2213E-01 / 1.8167E-01   
100   2.500E-05   2.1286E-01   1.7345E-01   2.1286E-01 / 1.7345E-01   
110   2.500E-05   2.0518E-01   1.6636E-01   2.0518E-01 / 1.6636E-01   
120   2.500E-05   2.0024E-01   1.6223E-01   2.0024E-01 / 1.6223E-01   
130   2.500E-05   1.9662E-01   1.5896E-01   1.9662E-01 / 1.5896E-01   
140   2.500E-05   1.9420E-01   1.5631E-01   1.9420E-01 / 1.5631E-01   
150   2.500E-05   1.9233E-01   1.5505E-01   1.9233E-01 / 1.5505E-01   
160   2.500E-05   1.9043E-01   1.5300E-01   1.9043E-01 / 1.5300E-01   
170   2.500E-05   1.8886E-01   1.5110E-01   1.8886E-01 / 1.5110E-01   
180   2.500E-05   1.8795E-01   1.4978E-01   1.8795E-01 / 1.4978E-01   
190   2.500E-05   1.8654E-01   1.4840E-01   1.8654E-01 / 1.4840E-01   
200   2.500E-05   1.8619E-01   1.4892E-01   1.8619E-01 / 1.4892E-01   
210   2.500E-05   1.8588E-01   1.4869E-01   1.8588E-01 / 1.4869E-01   
220   2.500E-05   1.8548E-01   1.4834E-01   1.8548E-01 / 1.4834E-01   
230   2.500E-05   1.8293E-01   1.4529E-01   1.8293E-01 / 1.4529E-01   
240   2.500E-05   1.8180E-01   1.4388E-01   1.8180E-01 / 1.4388E-01   
250   2.500E-05   1.8117E-01   1.4283E-01   1.8117E-01 / 1.4283E-01   
260   2.500E-05   1.8056E-01   1.4274E-01   1.8056E-01 / 1.4274E-01   
270   2.500E-05   1.7957E-01   1.4155E-01   1.7957E-01 / 1.4155E-01   
280   2.500E-05   1.8079E-01   1.4342E-01   1.8079E-01 / 1.4342E-01   
290   2.500E-05   1.7853E-01   1.4014E-01   1.7853E-01 / 1.4014E-01   
300   2.500E-05   1.7768E-01   1.3962E-01   1.7768E-01 / 1.3962E-01   
310   2.500E-05   1.7732E-01   1.3948E-01   1.7732E-01 / 1.3948E-01   
320   2.500E-05   1.7669E-01   1.3885E-01   1.7669E-01 / 1.3885E-01   
330   2.500E-05   1.7669E-01   1.3906E-01   1.7669E-01 / 1.3906E-01   
340   2.500E-05   1.7546E-01   1.3748E-01   1.7546E-01 / 1.3748E-01   
350   2.500E-05   1.7612E-01   1.3861E-01   1.7612E-01 / 1.3861E-01   
360   2.500E-05   1.7437E-01   1.3631E-01   1.7437E-01 / 1.3631E-01   
370   2.500E-05   1.7488E-01   1.3636E-01   1.7488E-01 / 1.3636E-01   
380   2.500E-05   1.7402E-01   1.3643E-01   1.7402E-01 / 1.3643E-01   
390   2.500E-05   1.7318E-01   1.3553E-01   1.7318E-01 / 1.3553E-01   
400   2.500E-05   1.7245E-01   1.3447E-01   1.7245E-01 / 1.3447E-01   
410   2.500E-05   1.7199E-01   1.3416E-01   1.7199E-01 / 1.3416E-01   
420   2.500E-05   1.7188E-01   1.3370E-01   1.7188E-01 / 1.3370E-01   
430   2.500E-05   1.7136E-01   1.3375E-01   1.7136E-01 / 1.3375E-01   
440   2.500E-05   1.7089E-01   1.3321E-01   1.7089E-01 / 1.3321E-01   
450   2.500E-05   1.7101E-01   1.3279E-01   1.7101E-01 / 1.3279E-01   
460   2.500E-05   1.7114E-01   1.3384E-01   1.7114E-01 / 1.3384E-01   
470   2.500E-05   1.7218E-01   1.3514E-01   1.7218E-01 / 1.3514E-01   
480   2.500E-05   1.6918E-01   1.3151E-01   1.6918E-01 / 1.3151E-01   
490   2.500E-05   1.6884E-01   1.3093E-01   1.6884E-01 / 1.3093E-01   
500   2.500E-05   1.6921E-01   1.3107E-01   1.6921E-01 / 1.3107E-01   
510   2.500E-05   1.6953E-01   1.3124E-01   1.6953E-01 / 1.3124E-01   
520   2.500E-05   1.6766E-01   1.2992E-01   1.6766E-01 / 1.2992E-01   
530   2.500E-05   1.6792E-01   1.3063E-01   1.6792E-01 / 1.3063E-01   
540   2.500E-05   1.6696E-01   1.2940E-01   1.6696E-01 / 1.2940E-01   
550   2.500E-05   1.6974E-01   1.3284E-01   1.6974E-01 / 1.3284E-01   
560   2.500E-05   1.6699E-01   1.2980E-01   1.6699E-01 / 1.2980E-01   
570   2.500E-05   1.6619E-01   1.2838E-01   1.6619E-01 / 1.2838E-01   
580   2.500E-05   1.6609E-01   1.2822E-01   1.6609E-01 / 1.2822E-01   
590   2.500E-05   1.6515E-01   1.2759E-01   1.6515E-01 / 1.2759E-01   
600   2.500E-05   1.6485E-01   1.2724E-01   1.6485E-01 / 1.2724E-01   
610   2.500E-05   1.6506E-01   1.2726E-01   1.6506E-01 / 1.2726E-01   
620   2.500E-05   1.6447E-01   1.2678E-01   1.6447E-01 / 1.2678E-01   
630   2.500E-05   1.6473E-01   1.2780E-01   1.6473E-01 / 1.2780E-01   
640   2.500E-05   1.6478E-01   1.2800E-01   1.6478E-01 / 1.2800E-01   
650   2.500E-05   1.6296E-01   1.2574E-01   1.6296E-01 / 1.2574E-01   
660   2.500E-05   1.6292E-01   1.2592E-01   1.6292E-01 / 1.2592E-01   
670   2.500E-05   1.6240E-01   1.2503E-01   1.6240E-01 / 1.2503E-01   
680   2.500E-05   1.6217E-01   1.2529E-01   1.6217E-01 / 1.2529E-01   
690   2.500E-05   1.6142E-01   1.2429E-01   1.6142E-01 / 1.2429E-01   
700   2.500E-05   1.6119E-01   1.2394E-01   1.6119E-01 / 1.2394E-01   
710   2.500E-05   1.6150E-01   1.2482E-01   1.6150E-01 / 1.2482E-01   
720   2.500E-05   1.6293E-01   1.2528E-01   1.6293E-01 / 1.2528E-01   
730   2.500E-05   1.6663E-01   1.2867E-01   1.6663E-01 / 1.2867E-01   
740   2.500E-05   1.5956E-01   1.2255E-01   1.5956E-01 / 1.2255E-01   
750   2.500E-05   1.5908E-01   1.2220E-01   1.5908E-01 / 1.2220E-01   
760   2.500E-05   1.5863E-01   1.2186E-01   1.5863E-01 / 1.2186E-01   
770   2.500E-05   1.5863E-01   1.2172E-01   1.5863E-01 / 1.2172E-01   
780   2.500E-05   1.5822E-01   1.2143E-01   1.5822E-01 / 1.2143E-01   
790   2.500E-05   1.5746E-01   1.2108E-01   1.5746E-01 / 1.2108E-01   
800   2.500E-05   1.5809E-01   1.2211E-01   1.5809E-01 / 1.2211E-01   
810   2.500E-05   1.5665E-01   1.2032E-01   1.5665E-01 / 1.2032E-01   
820   2.500E-05   1.5783E-01   1.2205E-01   1.5783E-01 / 1.2205E-01   
830   2.500E-05   1.5631E-01   1.2038E-01   1.5631E-01 / 1.2038E-01   
840   2.500E-05   1.5584E-01   1.1996E-01   1.5584E-01 / 1.1996E-01   
850   2.500E-05   1.5562E-01   1.1976E-01   1.5562E-01 / 1.1976E-01   
860   2.500E-05   1.5479E-01   1.1887E-01   1.5479E-01 / 1.1887E-01   
870   2.500E-05   1.5581E-01   1.1954E-01   1.5581E-01 / 1.1954E-01   
880   2.500E-05   1.5413E-01   1.1828E-01   1.5413E-01 / 1.1828E-01   
890   2.500E-05   1.5429E-01   1.1823E-01   1.5429E-01 / 1.1823E-01   
900   2.500E-05   1.5394E-01   1.1838E-01   1.5394E-01 / 1.1838E-01   
910   2.500E-05   1.5423E-01   1.1819E-01   1.5423E-01 / 1.1819E-01   
920   2.500E-05   1.5281E-01   1.1718E-01   1.5281E-01 / 1.1718E-01   
930   2.500E-05   1.5363E-01   1.1770E-01   1.5363E-01 / 1.1770E-01   
940   2.500E-05   1.5223E-01   1.1685E-01   1.5223E-01 / 1.1685E-01   
950   2.500E-05   1.5231E-01   1.1716E-01   1.5231E-01 / 1.1716E-01   
960   2.500E-05   1.5279E-01   1.1783E-01   1.5279E-01 / 1.1783E-01   
970   2.500E-05   1.5127E-01   1.1596E-01   1.5127E-01 / 1.1596E-01   
980   2.500E-05   1.5100E-01   1.1581E-01   1.5100E-01 / 1.1581E-01   
990   2.500E-05   1.5085E-01   1.1571E-01   1.5085E-01 / 1.1571E-01   
1000   2.500E-05   1.5201E-01   1.1644E-01   1.5201E-01 / 1.1644E-01   
1010   2.500E-05   1.5032E-01   1.1512E-01   1.5032E-01 / 1.1512E-01   
1020   2.500E-05   1.5020E-01   1.1535E-01   1.5020E-01 / 1.1535E-01   
1030   2.500E-05   1.4951E-01   1.1464E-01   1.4951E-01 / 1.1464E-01   
1040   2.500E-05   1.4947E-01   1.1442E-01   1.4947E-01 / 1.1442E-01   
1050   2.500E-05   1.4907E-01   1.1405E-01   1.4907E-01 / 1.1405E-01   
1060   2.500E-05   1.4890E-01   1.1431E-01   1.4890E-01 / 1.1431E-01   
1070   2.500E-05   1.4870E-01   1.1410E-01   1.4870E-01 / 1.1410E-01   
1080   2.500E-05   1.4844E-01   1.1358E-01   1.4844E-01 / 1.1358E-01   
1090   2.500E-05   1.4789E-01   1.1327E-01   1.4789E-01 / 1.1327E-01   
1100   2.500E-05   1.4782E-01   1.1334E-01   1.4782E-01 / 1.1334E-01   
1110   2.500E-05   1.4739E-01   1.1283E-01   1.4739E-01 / 1.1283E-01   
1120   2.500E-05   1.4761E-01   1.1320E-01   1.4761E-01 / 1.1320E-01   
1130   2.500E-05   1.4671E-01   1.1212E-01   1.4671E-01 / 1.1212E-01   
1140   2.500E-05   1.4651E-01   1.1196E-01   1.4651E-01 / 1.1196E-01   
1150   2.500E-05   1.4595E-01   1.1143E-01   1.4595E-01 / 1.1143E-01   
1160   2.500E-05   1.4588E-01   1.1156E-01   1.4588E-01 / 1.1156E-01   
1170   2.500E-05   1.4563E-01   1.1143E-01   1.4563E-01 / 1.1143E-01   
1180   2.500E-05   1.4520E-01   1.1110E-01   1.4520E-01 / 1.1110E-01   
1190   2.500E-05   1.4470E-01   1.1048E-01   1.4470E-01 / 1.1048E-01   
1200   2.500E-05   1.4457E-01   1.1043E-01   1.4457E-01 / 1.1043E-01   
1210   2.500E-05   1.4419E-01   1.1010E-01   1.4419E-01 / 1.1010E-01   
1220   2.500E-05   1.4378E-01   1.0965E-01   1.4378E-01 / 1.0965E-01   
1230   2.500E-05   1.4349E-01   1.0940E-01   1.4349E-01 / 1.0940E-01   
1240   2.500E-05   1.4411E-01   1.1040E-01   1.4411E-01 / 1.1040E-01   
1250   2.500E-05   1.4272E-01   1.0882E-01   1.4272E-01 / 1.0882E-01   
1260   2.500E-05   1.4388E-01   1.1026E-01   1.4388E-01 / 1.1026E-01   
1270   2.500E-05   1.4203E-01   1.0826E-01   1.4203E-01 / 1.0826E-01   
1280   2.500E-05   1.4183E-01   1.0808E-01   1.4183E-01 / 1.0808E-01   
1290   2.500E-05   1.4208E-01   1.0828E-01   1.4208E-01 / 1.0828E-01   
1300   2.500E-05   1.4151E-01   1.0782E-01   1.4151E-01 / 1.0782E-01   
1310   2.500E-05   1.4063E-01   1.0705E-01   1.4063E-01 / 1.0705E-01   
1320   2.500E-05   1.4023E-01   1.0688E-01   1.4023E-01 / 1.0688E-01   
1330   2.500E-05   1.4125E-01   1.0772E-01   1.4125E-01 / 1.0772E-01   
1340   2.500E-05   1.3980E-01   1.0658E-01   1.3980E-01 / 1.0658E-01   
1350   2.500E-05   1.3909E-01   1.0589E-01   1.3909E-01 / 1.0589E-01   
1360   2.500E-05   1.3957E-01   1.0664E-01   1.3957E-01 / 1.0664E-01   
1370   2.500E-05   1.3831E-01   1.0527E-01   1.3831E-01 / 1.0527E-01   
1380   2.500E-05   1.3802E-01   1.0503E-01   1.3802E-01 / 1.0503E-01   
1390   2.500E-05   1.3775E-01   1.0486E-01   1.3775E-01 / 1.0486E-01   
1400   2.500E-05   1.3739E-01   1.0456E-01   1.3739E-01 / 1.0456E-01   
1410   2.500E-05   1.3872E-01   1.0576E-01   1.3872E-01 / 1.0576E-01   
1420   2.500E-05   1.3825E-01   1.0546E-01   1.3825E-01 / 1.0546E-01   
1430   2.500E-05   1.3601E-01   1.0346E-01   1.3601E-01 / 1.0346E-01   
1440   2.500E-05   1.3716E-01   1.0477E-01   1.3716E-01 / 1.0477E-01   
1450   2.500E-05   1.3575E-01   1.0341E-01   1.3575E-01 / 1.0341E-01   
1460   2.500E-05   1.3495E-01   1.0254E-01   1.3495E-01 / 1.0254E-01   
1470   2.500E-05   1.3499E-01   1.0265E-01   1.3499E-01 / 1.0265E-01   
1480   2.500E-05   1.3412E-01   1.0204E-01   1.3412E-01 / 1.0204E-01   
1490   2.500E-05   1.3432E-01   1.0206E-01   1.3432E-01 / 1.0206E-01   
1500   2.500E-05   1.3306E-01   1.0103E-01   1.3306E-01 / 1.0103E-01   
1510   2.500E-05   1.3342E-01   1.0146E-01   1.3342E-01 / 1.0146E-01   
1520   2.500E-05   1.3299E-01   1.0100E-01   1.3299E-01 / 1.0100E-01   
1530   2.500E-05   1.3209E-01   1.0023E-01   1.3209E-01 / 1.0023E-01   
1540   2.500E-05   1.3134E-01   9.9616E-02   1.3134E-01 / 9.9616E-02   
1550   2.500E-05   1.4755E-01   1.1639E-01   1.4755E-01 / 1.1639E-01   
1560   2.500E-05   1.3330E-01   1.0177E-01   1.3330E-01 / 1.0177E-01   
1570   2.500E-05   1.3080E-01   9.9481E-02   1.3080E-01 / 9.9481E-02   
1580   2.500E-05   1.3024E-01   9.8855E-02   1.3024E-01 / 9.8855E-02   
1590   2.500E-05   1.2947E-01   9.8018E-02   1.2947E-01 / 9.8018E-02   
1600   2.500E-05   1.2907E-01   9.7872E-02   1.2907E-01 / 9.7872E-02   
1610   2.500E-05   1.3202E-01   1.0093E-01   1.3202E-01 / 1.0093E-01   
1620   2.500E-05   1.2818E-01   9.6987E-02   1.2818E-01 / 9.6987E-02   
1630   2.500E-05   1.2783E-01   9.6930E-02   1.2783E-01 / 9.6930E-02   
1640   2.500E-05   1.2749E-01   9.6619E-02   1.2749E-01 / 9.6619E-02   
1650   2.500E-05   1.2761E-01   9.6803E-02   1.2761E-01 / 9.6803E-02   
1660   2.500E-05   1.2779E-01   9.7186E-02   1.2779E-01 / 9.7186E-02   
1670   2.500E-05   1.2639E-01   9.5726E-02   1.2639E-01 / 9.5726E-02   
1680   2.500E-05   1.2714E-01   9.6611E-02   1.2714E-01 / 9.6611E-02   
1690   2.500E-05   1.2611E-01   9.5724E-02   1.2611E-01 / 9.5724E-02   
1700   2.500E-05   1.2601E-01   9.5564E-02   1.2601E-01 / 9.5564E-02   
1710   2.500E-05   1.2591E-01   9.5488E-02   1.2591E-01 / 9.5488E-02   
1720   2.500E-05   1.2493E-01   9.4727E-02   1.2493E-01 / 9.4727E-02   
1730   2.500E-05   1.2490E-01   9.4691E-02   1.2490E-01 / 9.4691E-02   
1740   2.500E-05   1.2457E-01   9.4463E-02   1.2457E-01 / 9.4463E-02   
1750   2.500E-05   1.2748E-01   9.7581E-02   1.2748E-01 / 9.7581E-02   
1760   2.500E-05   1.2365E-01   9.3704E-02   1.2365E-01 / 9.3704E-02   
1770   2.500E-05   1.2638E-01   9.6655E-02   1.2638E-01 / 9.6655E-02   
1780   2.500E-05   1.2351E-01   9.3675E-02   1.2351E-01 / 9.3675E-02   
1790   2.500E-05   1.2292E-01   9.3328E-02   1.2292E-01 / 9.3328E-02   
1800   2.500E-05   1.2283E-01   9.3131E-02   1.2283E-01 / 9.3131E-02   
1810   2.500E-05   1.2259E-01   9.2831E-02   1.2259E-01 / 9.2831E-02   
1820   2.500E-05   1.2211E-01   9.2575E-02   1.2211E-01 / 9.2575E-02   
1830   2.500E-05   1.2231E-01   9.3039E-02   1.2231E-01 / 9.3039E-02   
1840   2.500E-05   1.2158E-01   9.2291E-02   1.2158E-01 / 9.2291E-02   
1850   2.500E-05   1.2170E-01   9.2288E-02   1.2170E-01 / 9.2288E-02   
1860   2.500E-05   1.2135E-01   9.2426E-02   1.2135E-01 / 9.2426E-02   
1870   2.500E-05   1.2160E-01   9.2729E-02   1.2160E-01 / 9.2729E-02   
1880   2.500E-05   1.2189E-01   9.2806E-02   1.2189E-01 / 9.2806E-02   
1890   2.500E-05   1.2357E-01   9.5103E-02   1.2357E-01 / 9.5103E-02   
1900   2.500E-05   1.2063E-01   9.1773E-02   1.2063E-01 / 9.1773E-02   
1910   2.500E-05   1.2002E-01   9.1180E-02   1.2002E-01 / 9.1180E-02   
1920   2.500E-05   1.2055E-01   9.1859E-02   1.2055E-01 / 9.1859E-02   
1930   2.500E-05   1.2096E-01   9.2618E-02   1.2096E-01 / 9.2618E-02   
1940   2.500E-05   1.1948E-01   9.1105E-02   1.1948E-01 / 9.1105E-02   
1950   2.500E-05   1.2321E-01   9.4388E-02   1.2321E-01 / 9.4388E-02   
1960   2.500E-05   1.1958E-01   9.1077E-02   1.1958E-01 / 9.1077E-02   
1970   2.500E-05   1.2407E-01   9.5331E-02   1.2407E-01 / 9.5331E-02   
1980   2.500E-05   1.1889E-01   9.0679E-02   1.1889E-01 / 9.0679E-02   
1990   2.500E-05   1.1858E-01   9.0220E-02   1.1858E-01 / 9.0220E-02   
2000   2.500E-05   1.1850E-01   9.0266E-02   1.1850E-01 / 9.0266E-02   
2010   2.500E-05   1.2256E-01   9.4097E-02   1.2256E-01 / 9.4097E-02   
2020   2.500E-05   1.1801E-01   8.9918E-02   1.1801E-01 / 8.9918E-02   
2030   2.500E-05   1.2095E-01   9.3252E-02   1.2095E-01 / 9.3252E-02   
2040   2.500E-05   1.1769E-01   8.9715E-02   1.1769E-01 / 8.9715E-02   
2050   2.500E-05   1.1912E-01   9.1488E-02   1.1912E-01 / 9.1488E-02   
2060   2.500E-05   1.1760E-01   8.9651E-02   1.1760E-01 / 8.9651E-02   
2070   2.500E-05   1.1725E-01   8.9330E-02   1.1725E-01 / 8.9330E-02   
2080   2.500E-05   1.1797E-01   8.9985E-02   1.1797E-01 / 8.9985E-02   
2090   2.500E-05   1.1792E-01   9.0390E-02   1.1792E-01 / 9.0390E-02   
2100   2.500E-05   1.1673E-01   8.9014E-02   1.1673E-01 / 8.9014E-02   
2110   2.500E-05   1.1865E-01   9.0628E-02   1.1865E-01 / 9.0628E-02   
2120   2.500E-05   1.1648E-01   8.8736E-02   1.1648E-01 / 8.8736E-02   
2130   2.500E-05   1.1629E-01   8.8678E-02   1.1629E-01 / 8.8678E-02   
2140   2.500E-05   1.1626E-01   8.8654E-02   1.1626E-01 / 8.8654E-02   
2150   2.500E-05   1.1611E-01   8.8557E-02   1.1611E-01 / 8.8557E-02   
2160   2.500E-05   1.2002E-01   9.3272E-02   1.2002E-01 / 9.3272E-02   
2170   2.500E-05   1.1778E-01   9.0224E-02   1.1778E-01 / 9.0224E-02   
2180   2.500E-05   1.2047E-01   9.3886E-02   1.2047E-01 / 9.3886E-02   
2190   2.500E-05   1.1553E-01   8.8412E-02   1.1553E-01 / 8.8412E-02   
2200   2.500E-05   1.1777E-01   9.0043E-02   1.1777E-01 / 9.0043E-02   
2210   2.500E-05   1.1661E-01   8.9643E-02   1.1661E-01 / 8.9643E-02   
2220   2.500E-05   1.1594E-01   8.9138E-02   1.1594E-01 / 8.9138E-02   
2230   2.500E-05   1.1611E-01   8.9530E-02   1.1611E-01 / 8.9530E-02   
2240   2.500E-05   1.1484E-01   8.7977E-02   1.1484E-01 / 8.7977E-02   
2250   2.500E-05   1.1466E-01   8.7808E-02   1.1466E-01 / 8.7808E-02   
2260   2.500E-05   1.1818E-01   9.1828E-02   1.1818E-01 / 9.1828E-02   
2270   2.500E-05   1.1748E-01   8.9952E-02   1.1748E-01 / 8.9952E-02   
2280   2.500E-05   1.1502E-01   8.8417E-02   1.1502E-01 / 8.8417E-02   
2290   2.500E-05   1.1498E-01   8.7573E-02   1.1498E-01 / 8.7573E-02   
2300   2.500E-05   1.1416E-01   8.7368E-02   1.1416E-01 / 8.7368E-02   
2310   2.500E-05   1.1411E-01   8.7306E-02   1.1411E-01 / 8.7306E-02   
2320   2.500E-05   1.1381E-01   8.6947E-02   1.1381E-01 / 8.6947E-02   
2330   2.500E-05   1.1363E-01   8.7068E-02   1.1363E-01 / 8.7068E-02   
2340   2.500E-05   1.1379E-01   8.7117E-02   1.1379E-01 / 8.7117E-02   
2350   2.500E-05   1.1738E-01   9.0310E-02   1.1738E-01 / 9.0310E-02   
2360   2.500E-05   1.1317E-01   8.6609E-02   1.1317E-01 / 8.6609E-02   
2370   2.500E-05   1.1516E-01   8.8184E-02   1.1516E-01 / 8.8184E-02   
2380   2.500E-05   1.1301E-01   8.6535E-02   1.1301E-01 / 8.6535E-02   
2390   2.500E-05   1.1284E-01   8.6512E-02   1.1284E-01 / 8.6512E-02   
2400   2.500E-05   1.1271E-01   8.6371E-02   1.1271E-01 / 8.6371E-02   
2410   2.500E-05   1.1341E-01   8.6845E-02   1.1341E-01 / 8.6845E-02   
2420   2.500E-05   1.2332E-01   9.5962E-02   1.2332E-01 / 9.5962E-02   
2430   2.500E-05   1.1438E-01   8.7558E-02   1.1438E-01 / 8.7558E-02   
2440   2.500E-05   1.2267E-01   9.7324E-02   1.2267E-01 / 9.7324E-02   
2450   2.500E-05   1.1325E-01   8.7233E-02   1.1325E-01 / 8.7233E-02   
2460   2.500E-05   1.1191E-01   8.5506E-02   1.1191E-01 / 8.5506E-02   
2470   2.500E-05   1.1349E-01   8.7552E-02   1.1349E-01 / 8.7552E-02   
2480   2.500E-05   1.1701E-01   9.0184E-02   1.1701E-01 / 9.0184E-02   
2490   2.500E-05   1.1263E-01   8.6774E-02   1.1263E-01 / 8.6774E-02   
2500   2.500E-05   1.1342E-01   8.7977E-02   1.1342E-01 / 8.7977E-02   
2510   2.500E-05   1.1147E-01   8.5248E-02   1.1147E-01 / 8.5248E-02   
2520   2.500E-05   1.1208E-01   8.6525E-02   1.1208E-01 / 8.6525E-02   
2530   2.500E-05   1.1367E-01   8.7117E-02   1.1367E-01 / 8.7117E-02   
2540   2.500E-05   1.1079E-01   8.4765E-02   1.1079E-01 / 8.4765E-02   
2550   2.500E-05   1.1293E-01   8.6577E-02   1.1293E-01 / 8.6577E-02   
2560   2.500E-05   1.1079E-01   8.4871E-02   1.1079E-01 / 8.4871E-02   
2570   2.500E-05   1.1038E-01   8.4469E-02   1.1038E-01 / 8.4469E-02   
2580   2.500E-05   1.1694E-01   9.1873E-02   1.1694E-01 / 9.1873E-02   
2590   2.500E-05   1.1228E-01   8.6053E-02   1.1228E-01 / 8.6053E-02   
2600   2.500E-05   1.1013E-01   8.4358E-02   1.1013E-01 / 8.4358E-02   
2610   2.500E-05   1.1220E-01   8.6076E-02   1.1220E-01 / 8.6076E-02   
2620   2.500E-05   1.0976E-01   8.3656E-02   1.0976E-01 / 8.3656E-02   
2630   2.500E-05   1.1056E-01   8.5104E-02   1.1056E-01 / 8.5104E-02   
2640   2.500E-05   1.1046E-01   8.5216E-02   1.1046E-01 / 8.5216E-02   
2650   2.500E-05   1.0963E-01   8.3626E-02   1.0963E-01 / 8.3626E-02   
2660   2.500E-05   1.0959E-01   8.3685E-02   1.0959E-01 / 8.3685E-02   
2670   2.500E-05   1.0953E-01   8.4333E-02   1.0953E-01 / 8.4333E-02   
2680   2.500E-05   1.0998E-01   8.4605E-02   1.0998E-01 / 8.4605E-02   
2690   2.500E-05   1.1132E-01   8.6234E-02   1.1132E-01 / 8.6234E-02   
2700   2.500E-05   1.0846E-01   8.3054E-02   1.0846E-01 / 8.3054E-02   
2710   2.500E-05   1.0825E-01   8.2581E-02   1.0825E-01 / 8.2581E-02   
2720   2.500E-05   1.0836E-01   8.2783E-02   1.0836E-01 / 8.2783E-02   
2730   2.500E-05   1.0798E-01   8.2637E-02   1.0798E-01 / 8.2637E-02   
2740   2.500E-05   1.0842E-01   8.2766E-02   1.0842E-01 / 8.2766E-02   
2750   2.500E-05   1.1015E-01   8.5354E-02   1.1015E-01 / 8.5354E-02   
2760   2.500E-05   1.1184E-01   8.5900E-02   1.1184E-01 / 8.5900E-02   
2770   2.500E-05   1.0759E-01   8.2171E-02   1.0759E-01 / 8.2171E-02   
2780   2.500E-05   1.0881E-01   8.3991E-02   1.0881E-01 / 8.3991E-02   
2790   2.500E-05   1.0912E-01   8.3247E-02   1.0912E-01 / 8.3247E-02   
2800   2.500E-05   1.0714E-01   8.1813E-02   1.0714E-01 / 8.1813E-02   
2810   2.500E-05   1.1030E-01   8.5898E-02   1.1030E-01 / 8.5898E-02   
2820   2.500E-05   1.0658E-01   8.1195E-02   1.0658E-01 / 8.1195E-02   
2830   2.500E-05   1.0644E-01   8.1260E-02   1.0644E-01 / 8.1260E-02   
2840   2.500E-05   1.0624E-01   8.1273E-02   1.0624E-01 / 8.1273E-02   
2850   2.500E-05   1.0688E-01   8.2126E-02   1.0688E-01 / 8.2126E-02   
2860   2.500E-05   1.0661E-01   8.1258E-02   1.0661E-01 / 8.1258E-02   
2870   2.500E-05   1.0601E-01   8.1170E-02   1.0601E-01 / 8.1170E-02   
2880   2.500E-05   1.0553E-01   8.0664E-02   1.0553E-01 / 8.0664E-02   
2890   2.500E-05   1.1115E-01   8.5266E-02   1.1115E-01 / 8.5266E-02   
2900   2.500E-05   1.0510E-01   7.9971E-02   1.0510E-01 / 7.9971E-02   
2910   2.500E-05   1.0495E-01   8.0088E-02   1.0495E-01 / 8.0088E-02   
2920   2.500E-05   1.0502E-01   8.0028E-02   1.0502E-01 / 8.0028E-02   
2930   2.500E-05   1.0468E-01   7.9901E-02   1.0468E-01 / 7.9901E-02   
2940   2.500E-05   1.1890E-01   9.5184E-02   1.1890E-01 / 9.5184E-02   
2950   2.500E-05   1.1710E-01   9.3622E-02   1.1710E-01 / 9.3622E-02   
2960   2.500E-05   1.0423E-01   7.9046E-02   1.0423E-01 / 7.9046E-02   
2970   2.500E-05   1.0631E-01   8.2180E-02   1.0631E-01 / 8.2180E-02   
2980   2.500E-05   1.0853E-01   8.2871E-02   1.0853E-01 / 8.2871E-02   
2990   2.500E-05   1.0458E-01   7.9374E-02   1.0458E-01 / 7.9374E-02   
3000   2.500E-05   1.0750E-01   8.3488E-02   1.0750E-01 / 8.3488E-02   
3010   2.500E-05   1.0345E-01   7.9042E-02   1.0345E-01 / 7.9042E-02   
3020   2.500E-05   1.0653E-01   8.1059E-02   1.0653E-01 / 8.1059E-02   
3030   2.500E-05   1.0436E-01   8.0194E-02   1.0436E-01 / 8.0194E-02   
3040   2.500E-05   1.0276E-01   7.8549E-02   1.0276E-01 / 7.8549E-02   
3050   2.500E-05   1.0646E-01   8.0850E-02   1.0646E-01 / 8.0850E-02   
3060   2.500E-05   1.0221E-01   7.7253E-02   1.0221E-01 / 7.7253E-02   
3070   2.500E-05   1.0758E-01   8.3955E-02   1.0758E-01 / 8.3955E-02   
3080   2.500E-05   1.0892E-01   8.2990E-02   1.0892E-01 / 8.2990E-02   
3090   2.500E-05   1.0212E-01   7.7451E-02   1.0212E-01 / 7.7451E-02   
3100   2.500E-05   1.0910E-01   8.5558E-02   1.0910E-01 / 8.5558E-02   
3110   2.500E-05   1.0401E-01   8.0371E-02   1.0401E-01 / 8.0371E-02   
3120   2.500E-05   1.0619E-01   8.0512E-02   1.0619E-01 / 8.0512E-02   
3130   2.500E-05   1.0070E-01   7.6150E-02   1.0070E-01 / 7.6150E-02   
3140   2.500E-05   1.0104E-01   7.7094E-02   1.0104E-01 / 7.7094E-02   
3150   2.500E-05   1.0224E-01   7.8548E-02   1.0224E-01 / 7.8548E-02   
3160   2.500E-05   1.0271E-01   7.9123E-02   1.0271E-01 / 7.9123E-02   
3170   2.500E-05   1.0071E-01   7.6723E-02   1.0071E-01 / 7.6723E-02   
3180   2.500E-05   1.0033E-01   7.5746E-02   1.0033E-01 / 7.5746E-02   
3190   2.500E-05   1.0140E-01   7.6501E-02   1.0140E-01 / 7.6501E-02   
3200   2.500E-05   1.1170E-01   8.9211E-02   1.1170E-01 / 8.9211E-02   
3210   2.500E-05   9.9105E-02   7.4536E-02   9.9105E-02 / 7.4536E-02   
3220   2.500E-05   9.8905E-02   7.4998E-02   9.8905E-02 / 7.4998E-02   
3230   2.500E-05   9.9254E-02   7.5460E-02   9.9254E-02 / 7.5460E-02   
3240   2.500E-05   9.8852E-02   7.5114E-02   9.8852E-02 / 7.5114E-02   
3250   2.500E-05   1.0073E-01   7.5804E-02   1.0073E-01 / 7.5804E-02   
3260   2.500E-05   9.8034E-02   7.3973E-02   9.8034E-02 / 7.3973E-02   
3270   2.500E-05   9.8267E-02   7.4530E-02   9.8267E-02 / 7.4530E-02   
3280   2.500E-05   9.7431E-02   7.3489E-02   9.7431E-02 / 7.3489E-02   
3290   2.500E-05   1.0080E-01   7.7831E-02   1.0080E-01 / 7.7831E-02   
3300   2.500E-05   1.0747E-01   8.4735E-02   1.0747E-01 / 8.4735E-02   
3310   2.500E-05   9.6740E-02   7.2797E-02   9.6740E-02 / 7.2797E-02   
3320   2.500E-05   1.1833E-01   9.1607E-02   1.1833E-01 / 9.1607E-02   
3330   2.500E-05   1.0365E-01   8.1038E-02   1.0365E-01 / 8.1038E-02   
3340   2.500E-05   9.6148E-02   7.2240E-02   9.6148E-02 / 7.2240E-02   
3350   2.500E-05   1.0021E-01   7.7048E-02   1.0021E-01 / 7.7048E-02   
3360   2.500E-05   9.5871E-02   7.2524E-02   9.5871E-02 / 7.2524E-02   
3370   2.500E-05   9.5075E-02   7.1005E-02   9.5075E-02 / 7.1005E-02   
3380   2.500E-05   9.5120E-02   7.0850E-02   9.5120E-02 / 7.0850E-02   
3390   2.500E-05   9.4657E-02   7.0822E-02   9.4657E-02 / 7.0822E-02   
3400   2.500E-05   9.4366E-02   7.0270E-02   9.4366E-02 / 7.0270E-02   
3410   2.500E-05   9.4315E-02   6.9978E-02   9.4315E-02 / 6.9978E-02   
3420   2.500E-05   9.5826E-02   7.2870E-02   9.5826E-02 / 7.2870E-02   
3430   2.500E-05   9.4591E-02   7.0220E-02   9.4591E-02 / 7.0220E-02   
3440   2.500E-05   9.3969E-02   7.0349E-02   9.3969E-02 / 7.0349E-02   
3450   2.500E-05   9.7362E-02   7.4273E-02   9.7362E-02 / 7.4273E-02   
3460   2.500E-05   9.2687E-02   6.8921E-02   9.2687E-02 / 6.8921E-02   
3470   2.500E-05   9.4262E-02   6.9341E-02   9.4262E-02 / 6.9341E-02   
3480   2.500E-05   9.2581E-02   6.8292E-02   9.2581E-02 / 6.8292E-02   
3490   2.500E-05   9.5481E-02   7.2738E-02   9.5481E-02 / 7.2738E-02   
3500   2.500E-05   9.1524E-02   6.7786E-02   9.1524E-02 / 6.7786E-02   
3510   2.500E-05   9.1629E-02   6.7971E-02   9.1629E-02 / 6.7971E-02   
3520   2.500E-05   9.3300E-02   7.0049E-02   9.3300E-02 / 7.0049E-02   
3530   2.500E-05   9.1535E-02   6.8070E-02   9.1535E-02 / 6.8070E-02   
3540   2.500E-05   9.1962E-02   6.7239E-02   9.1962E-02 / 6.7239E-02   
3550   2.500E-05   9.0910E-02   6.7650E-02   9.0910E-02 / 6.7650E-02   
3560   2.500E-05   8.9935E-02   6.6451E-02   8.9935E-02 / 6.6451E-02   
3570   2.500E-05   9.5197E-02   6.9763E-02   9.5197E-02 / 6.9763E-02   
3580   2.500E-05   8.9202E-02   6.5280E-02   8.9202E-02 / 6.5280E-02   
3590   2.500E-05   9.0295E-02   6.5980E-02   9.0295E-02 / 6.5980E-02   
3600   2.500E-05   8.9385E-02   6.4881E-02   8.9385E-02 / 6.4881E-02   
3610   2.500E-05   9.3854E-02   7.1551E-02   9.3854E-02 / 7.1551E-02   
3620   2.500E-05   8.7677E-02   6.3684E-02   8.7677E-02 / 6.3684E-02   
3630   2.500E-05   8.7521E-02   6.3727E-02   8.7521E-02 / 6.3727E-02   
3640   2.500E-05   9.3273E-02   7.0773E-02   9.3273E-02 / 7.0773E-02   
3650   2.500E-05   8.8474E-02   6.5754E-02   8.8474E-02 / 6.5754E-02   
3660   2.500E-05   1.0029E-01   7.4003E-02   1.0029E-01 / 7.4003E-02   
3670   2.500E-05   8.6285E-02   6.3013E-02   8.6285E-02 / 6.3013E-02   
3680   2.500E-05   1.0088E-01   7.4341E-02   1.0088E-01 / 7.4341E-02   
3690   2.500E-05   1.0359E-01   8.1745E-02   1.0359E-01 / 8.1745E-02   
3700   2.500E-05   8.9451E-02   6.6422E-02   8.9451E-02 / 6.6422E-02   
3710   2.500E-05   9.8629E-02   7.6830E-02   9.8629E-02 / 7.6830E-02   
3720   2.500E-05   1.1036E-01   8.2799E-02   1.1036E-01 / 8.2799E-02   
3730   2.500E-05   8.4558E-02   5.9980E-02   8.4558E-02 / 5.9980E-02   
3740   2.500E-05   8.4488E-02   5.9920E-02   8.4488E-02 / 5.9920E-02   
3750   2.500E-05   8.4701E-02   6.1864E-02   8.4701E-02 / 6.1864E-02   
3760   2.500E-05   9.4645E-02   6.8963E-02   9.4645E-02 / 6.8963E-02   
3770   2.500E-05   8.2699E-02   5.9189E-02   8.2699E-02 / 5.9189E-02   
3780   2.500E-05   8.8884E-02   6.3136E-02   8.8884E-02 / 6.3136E-02   
3790   2.500E-05   8.9519E-02   6.6588E-02   8.9519E-02 / 6.6588E-02   
3800   2.500E-05   8.2019E-02   5.7202E-02   8.2019E-02 / 5.7202E-02   
3810   2.500E-05   8.4889E-02   5.9278E-02   8.4889E-02 / 5.9278E-02   
3820   2.500E-05   8.2382E-02   5.9742E-02   8.2382E-02 / 5.9742E-02   
3830   2.500E-05   8.1613E-02   5.8968E-02   8.1613E-02 / 5.8968E-02   
3840   2.500E-05   7.9925E-02   5.5793E-02   7.9925E-02 / 5.5793E-02   
3850   2.500E-05   9.0122E-02   6.2608E-02   9.0122E-02 / 6.2608E-02   
3860   2.500E-05   7.9920E-02   5.5365E-02   7.9920E-02 / 5.5365E-02   
3870   2.500E-05   8.2533E-02   5.9583E-02   8.2533E-02 / 5.9583E-02   
3880   2.500E-05   8.2479E-02   5.7313E-02   8.2479E-02 / 5.7313E-02   
3890   2.500E-05   7.8224E-02   5.5053E-02   7.8224E-02 / 5.5053E-02   
3900   2.500E-05   1.1187E-01   9.0765E-02   1.1187E-01 / 9.0765E-02   
3910   2.500E-05   9.4509E-02   7.2731E-02   9.4509E-02 / 7.2731E-02   
3920   2.500E-05   7.7243E-02   5.3440E-02   7.7243E-02 / 5.3440E-02   
3930   2.500E-05   7.6735E-02   5.2790E-02   7.6735E-02 / 5.2790E-02   
3940   2.500E-05   7.8262E-02   5.3071E-02   7.8262E-02 / 5.3071E-02   
3950   2.500E-05   7.7314E-02   5.2428E-02   7.7314E-02 / 5.2428E-02   
3960   2.500E-05   7.5259E-02   5.1148E-02   7.5259E-02 / 5.1148E-02   
3970   2.500E-05   7.4883E-02   5.1553E-02   7.4883E-02 / 5.1553E-02   
3980   2.500E-05   7.6374E-02   5.0913E-02   7.6374E-02 / 5.0913E-02   
3990   2.500E-05   7.4408E-02   4.9971E-02   7.4408E-02 / 4.9971E-02   
4000   2.500E-05   7.7998E-02   5.6053E-02   7.7998E-02 / 5.6053E-02   
4010   2.500E-05   7.6937E-02   5.4776E-02   7.6937E-02 / 5.4776E-02   
4020   2.500E-05   7.3190E-02   5.0246E-02   7.3190E-02 / 5.0246E-02   
4030   2.500E-05   7.6366E-02   5.5127E-02   7.6366E-02 / 5.5127E-02   
4040   2.500E-05   7.2609E-02   4.8188E-02   7.2609E-02 / 4.8188E-02   
4050   2.500E-05   7.6230E-02   5.0974E-02   7.6230E-02 / 5.0974E-02   
4060   2.500E-05   7.3768E-02   5.1557E-02   7.3768E-02 / 5.1557E-02   
4070   2.500E-05   7.2604E-02   4.7819E-02   7.2604E-02 / 4.7819E-02   
4080   2.500E-05   7.4171E-02   5.1764E-02   7.4171E-02 / 5.1764E-02   
4090   2.500E-05   7.0834E-02   4.8106E-02   7.0834E-02 / 4.8106E-02   
4100   2.500E-05   7.0465E-02   4.6557E-02   7.0465E-02 / 4.6557E-02   
4110   2.500E-05   7.0190E-02   4.7409E-02   7.0190E-02 / 4.7409E-02   
4120   2.500E-05   6.9538E-02   4.5721E-02   6.9538E-02 / 4.5721E-02   
4130   2.500E-05   7.0573E-02   4.7432E-02   7.0573E-02 / 4.7432E-02   
4140   2.500E-05   7.0113E-02   4.6087E-02   7.0113E-02 / 4.6087E-02   
4150   2.500E-05   7.8256E-02   5.6998E-02   7.8256E-02 / 5.6998E-02   
4160   2.500E-05   6.8825E-02   4.5874E-02   6.8825E-02 / 4.5874E-02   
4170   2.500E-05   6.8426E-02   4.5888E-02   6.8426E-02 / 4.5888E-02   
4180   2.500E-05   6.8152E-02   4.4828E-02   6.8152E-02 / 4.4828E-02   
4190   2.500E-05   6.8263E-02   4.6189E-02   6.8263E-02 / 4.6189E-02   
4200   2.500E-05   7.2238E-02   4.9883E-02   7.2238E-02 / 4.9883E-02   
4210   2.500E-05   6.9336E-02   4.3673E-02   6.9336E-02 / 4.3673E-02   
4220   2.500E-05   8.1972E-02   5.4528E-02   8.1972E-02 / 5.4528E-02   
4230   2.500E-05   7.0309E-02   4.5672E-02   7.0309E-02 / 4.5672E-02   
4240   2.500E-05   6.7934E-02   4.5369E-02   6.7934E-02 / 4.5369E-02   
4250   2.500E-05   6.6166E-02   4.2689E-02   6.6166E-02 / 4.2689E-02   
4260   2.500E-05   6.6604E-02   4.1348E-02   6.6604E-02 / 4.1348E-02   
4270   2.500E-05   6.5593E-02   4.2048E-02   6.5593E-02 / 4.2048E-02   
4280   2.500E-05   7.6069E-02   4.8574E-02   7.6069E-02 / 4.8574E-02   
4290   2.500E-05   6.4775E-02   4.1857E-02   6.4775E-02 / 4.1857E-02   
4300   2.500E-05   6.7059E-02   4.1774E-02   6.7059E-02 / 4.1774E-02   
4310   2.500E-05   8.2146E-02   6.0539E-02   8.2146E-02 / 6.0539E-02   
4320   2.500E-05   7.0024E-02   4.3489E-02   7.0024E-02 / 4.3489E-02   
4330   2.500E-05   6.9470E-02   4.3634E-02   6.9470E-02 / 4.3634E-02   
4340   2.500E-05   6.6132E-02   4.1093E-02   6.6132E-02 / 4.1093E-02   
4350   2.500E-05   6.7787E-02   4.3155E-02   6.7787E-02 / 4.3155E-02   
4360   2.500E-05   7.4856E-02   4.7711E-02   7.4856E-02 / 4.7711E-02   
4370   2.500E-05   6.3993E-02   3.9628E-02   6.3993E-02 / 3.9628E-02   
4380   2.500E-05   6.6941E-02   4.3674E-02   6.6941E-02 / 4.3674E-02   
4390   2.500E-05   6.6075E-02   4.4500E-02   6.6075E-02 / 4.4500E-02   
4400   2.500E-05   6.3660E-02   3.8791E-02   6.3660E-02 / 3.8791E-02   
4410   2.500E-05   7.0271E-02   4.8713E-02   7.0271E-02 / 4.8713E-02   
4420   2.500E-05   6.2414E-02   3.9565E-02   6.2414E-02 / 3.9565E-02   
4430   2.500E-05   6.9219E-02   4.7714E-02   6.9219E-02 / 4.7714E-02   
4440   2.500E-05   6.7608E-02   4.1452E-02   6.7608E-02 / 4.1452E-02   
4450   2.500E-05   6.3052E-02   4.0576E-02   6.3052E-02 / 4.0576E-02   
4460   2.500E-05   6.4938E-02   4.3095E-02   6.4938E-02 / 4.3095E-02   
4470   2.500E-05   6.6101E-02   4.0535E-02   6.6101E-02 / 4.0535E-02   
4480   2.500E-05   7.1586E-02   5.0227E-02   7.1586E-02 / 5.0227E-02   
4490   2.500E-05   6.6058E-02   4.3970E-02   6.6058E-02 / 4.3970E-02   
4500   2.500E-05   7.0176E-02   4.8881E-02   7.0176E-02 / 4.8881E-02   
4510   2.500E-05   6.1478E-02   3.7146E-02   6.1478E-02 / 3.7146E-02   
4520   2.500E-05   6.7710E-02   4.6421E-02   6.7710E-02 / 4.6421E-02   
4530   2.500E-05   7.6202E-02   5.4540E-02   7.6202E-02 / 5.4540E-02   
4540   2.500E-05   8.2483E-02   5.3126E-02   8.2483E-02 / 5.3126E-02   
4550   2.500E-05   6.0553E-02   3.7614E-02   6.0553E-02 / 3.7614E-02   
4560   2.500E-05   6.2897E-02   3.7953E-02   6.2897E-02 / 3.7953E-02   
4570   2.500E-05   6.6269E-02   4.4906E-02   6.6269E-02 / 4.4906E-02   
4580   2.500E-05   6.5397E-02   4.4211E-02   6.5397E-02 / 4.4211E-02   
4590   2.500E-05   6.3428E-02   3.7863E-02   6.3428E-02 / 3.7863E-02   
4600   2.500E-05   6.1527E-02   3.6523E-02   6.1527E-02 / 3.6523E-02   
4610   2.500E-05   6.0824E-02   3.6552E-02   6.0824E-02 / 3.6552E-02   
4620   2.500E-05   6.1346E-02   3.8269E-02   6.1346E-02 / 3.8269E-02   
4630   2.500E-05   6.2663E-02   4.0666E-02   6.2663E-02 / 4.0666E-02   
4640   2.500E-05   7.1602E-02   5.0341E-02   7.1602E-02 / 5.0341E-02   
4650   2.500E-05   5.9099E-02   3.5914E-02   5.9099E-02 / 3.5914E-02   
4660   2.500E-05   6.1138E-02   3.6405E-02   6.1138E-02 / 3.6405E-02   
4670   2.500E-05   5.9262E-02   3.6520E-02   5.9262E-02 / 3.6520E-02   
4680   2.500E-05   6.2092E-02   4.0205E-02   6.2092E-02 / 4.0205E-02   
4690   2.500E-05   6.4146E-02   3.8530E-02   6.4146E-02 / 3.8530E-02   
4700   2.500E-05   7.1740E-02   5.0801E-02   7.1740E-02 / 5.0801E-02   
4710   2.500E-05   6.1920E-02   3.6765E-02   6.1920E-02 / 3.6765E-02   
4720   2.500E-05   5.9609E-02   3.5345E-02   5.9609E-02 / 3.5345E-02   
4730   2.500E-05   6.0692E-02   3.6514E-02   6.0692E-02 / 3.6514E-02   
4740   2.500E-05   5.9888E-02   3.7970E-02   5.9888E-02 / 3.7970E-02   
4750   2.500E-05   6.2361E-02   4.0447E-02   6.2361E-02 / 4.0447E-02   
4760   2.500E-05   6.7081E-02   4.0775E-02   6.7081E-02 / 4.0775E-02   
4770   2.500E-05   5.8550E-02   3.6395E-02   5.8550E-02 / 3.6395E-02   
4780   2.500E-05   5.9059E-02   3.6617E-02   5.9059E-02 / 3.6617E-02   
4790   2.500E-05   6.0533E-02   3.6002E-02   6.0533E-02 / 3.6002E-02   
4800   2.500E-05   5.8458E-02   3.4978E-02   5.8458E-02 / 3.4978E-02   
4810   2.500E-05   5.8418E-02   3.6266E-02   5.8418E-02 / 3.6266E-02   
4820   2.500E-05   6.1636E-02   3.9840E-02   6.1636E-02 / 3.9840E-02   
4830   2.500E-05   6.2781E-02   4.1032E-02   6.2781E-02 / 4.1032E-02   
4840   2.500E-05   6.1642E-02   3.7312E-02   6.1642E-02 / 3.7312E-02   
4850   2.500E-05   5.8148E-02   3.4722E-02   5.8148E-02 / 3.4722E-02   
4860   2.500E-05   7.2809E-02   5.2013E-02   7.2809E-02 / 5.2013E-02   
4870   2.500E-05   5.9874E-02   3.8360E-02   5.9874E-02 / 3.8360E-02   
4880   2.500E-05   6.2448E-02   3.6847E-02   6.2448E-02 / 3.6847E-02   
4890   2.500E-05   6.2943E-02   4.1969E-02   6.2943E-02 / 4.1969E-02   
4900   2.500E-05   6.1314E-02   3.6270E-02   6.1314E-02 / 3.6270E-02   
4910   2.500E-05   5.8693E-02   3.6992E-02   5.8693E-02 / 3.6992E-02   
4920   2.500E-05   6.0205E-02   3.8928E-02   6.0205E-02 / 3.8928E-02   
4930   2.500E-05   5.8718E-02   3.5355E-02   5.8718E-02 / 3.5355E-02   
4940   2.500E-05   5.7355E-02   3.4235E-02   5.7355E-02 / 3.4235E-02   
4950   2.500E-05   8.6311E-02   5.6852E-02   8.6311E-02 / 5.6852E-02   
4960   2.500E-05   5.8473E-02   3.4485E-02   5.8473E-02 / 3.4485E-02   
4970   2.500E-05   5.6780E-02   3.4580E-02   5.6780E-02 / 3.4580E-02   
4980   2.500E-05   7.5508E-02   4.7986E-02   7.5508E-02 / 4.7986E-02   
4990   2.500E-05   5.7531E-02   3.6121E-02   5.7531E-02 / 3.6121E-02   
5000   2.500E-05   6.3996E-02   4.1335E-02   6.3996E-02 / 4.1335E-02   
5010   2.500E-05   5.8939E-02   3.4871E-02   5.8939E-02 / 3.4871E-02   
5020   2.500E-05   5.6974E-02   3.4161E-02   5.6974E-02 / 3.4161E-02   
5030   2.500E-05   6.4940E-02   4.0307E-02   6.4940E-02 / 4.0307E-02   
5040   2.500E-05   5.7399E-02   3.4859E-02   5.7399E-02 / 3.4859E-02   
5050   2.500E-05   5.6797E-02   3.3931E-02   5.6797E-02 / 3.3931E-02   
5060   2.500E-05   6.7831E-02   4.1888E-02   6.7831E-02 / 4.1888E-02   
5070   2.500E-05   5.6864E-02   3.5814E-02   5.6864E-02 / 3.5814E-02   
5080   2.500E-05   5.9898E-02   3.6088E-02   5.9898E-02 / 3.6088E-02   
5090   2.500E-05   5.7056E-02   3.5474E-02   5.7056E-02 / 3.5474E-02   
5100   2.500E-05   5.6809E-02   3.4736E-02   5.6809E-02 / 3.4736E-02   
5110   2.500E-05   5.9173E-02   3.8431E-02   5.9173E-02 / 3.8431E-02   
5120   2.500E-05   5.7871E-02   3.5281E-02   5.7871E-02 / 3.5281E-02   
5130   2.500E-05   6.1660E-02   4.1112E-02   6.1660E-02 / 4.1112E-02   
5140   2.500E-05   5.8919E-02   3.5032E-02   5.8919E-02 / 3.5032E-02   
5150   2.500E-05   5.7744E-02   3.4723E-02   5.7744E-02 / 3.4723E-02   
5160   2.500E-05   5.6256E-02   3.5167E-02   5.6256E-02 / 3.5167E-02   
5170   2.500E-05   5.6798E-02   3.5883E-02   5.6798E-02 / 3.5883E-02   
5180   2.500E-05   5.7306E-02   3.6377E-02   5.7306E-02 / 3.6377E-02   
5190   2.500E-05   6.9616E-02   4.3178E-02   6.9616E-02 / 4.3178E-02   
5200   2.500E-05   5.7351E-02   3.4590E-02   5.7351E-02 / 3.4590E-02   
5210   2.500E-05   7.5273E-02   5.5506E-02   7.5273E-02 / 5.5506E-02   
5220   2.500E-05   7.5477E-02   4.7359E-02   7.5477E-02 / 4.7359E-02   
5230   2.500E-05   5.7600E-02   3.7074E-02   5.7600E-02 / 3.7074E-02   
5240   2.500E-05   5.6525E-02   3.4525E-02   5.6525E-02 / 3.4525E-02   
5250   2.500E-05   6.1253E-02   4.1622E-02   6.1253E-02 / 4.1622E-02   
5260   2.500E-05   7.0355E-02   5.0501E-02   7.0355E-02 / 5.0501E-02   
5270   2.500E-05   5.5308E-02   3.3849E-02   5.5308E-02 / 3.3849E-02   
5280   2.500E-05   5.5617E-02   3.4489E-02   5.5617E-02 / 3.4489E-02   
5290   2.500E-05   5.6456E-02   3.4826E-02   5.6456E-02 / 3.4826E-02   
5300   2.500E-05   5.5465E-02   3.4723E-02   5.5465E-02 / 3.4723E-02   
5310   2.500E-05   5.5578E-02   3.4777E-02   5.5578E-02 / 3.4777E-02   
5320   2.500E-05   6.3895E-02   4.3964E-02   6.3895E-02 / 4.3964E-02   
5330   2.500E-05   5.5164E-02   3.4072E-02   5.5164E-02 / 3.4072E-02   
5340   2.500E-05   5.5314E-02   3.3540E-02   5.5314E-02 / 3.3540E-02   
5350   2.500E-05   5.6455E-02   3.6305E-02   5.6455E-02 / 3.6305E-02   
5360   2.500E-05   6.5600E-02   4.5604E-02   6.5600E-02 / 4.5604E-02   
5370   2.500E-05   5.9709E-02   3.9984E-02   5.9709E-02 / 3.9984E-02   
5380   2.500E-05   5.4884E-02   3.3873E-02   5.4884E-02 / 3.3873E-02   
5390   2.500E-05   6.1554E-02   4.2198E-02   6.1554E-02 / 4.2198E-02   
5400   2.500E-05   5.6707E-02   3.6479E-02   5.6707E-02 / 3.6479E-02   
5410   2.500E-05   5.5513E-02   3.5239E-02   5.5513E-02 / 3.5239E-02   
5420   2.500E-05   5.6263E-02   3.5898E-02   5.6263E-02 / 3.5898E-02   
5430   2.500E-05   5.5627E-02   3.3736E-02   5.5627E-02 / 3.3736E-02   
5440   2.500E-05   6.0027E-02   3.7793E-02   6.0027E-02 / 3.7793E-02   
5450   2.500E-05   6.3334E-02   3.9347E-02   6.3334E-02 / 3.9347E-02   
5460   2.500E-05   6.4716E-02   4.0467E-02   6.4716E-02 / 4.0467E-02   
5470   2.500E-05   5.7781E-02   3.8151E-02   5.7781E-02 / 3.8151E-02   
5480   2.500E-05   5.7032E-02   3.7566E-02   5.7032E-02 / 3.7566E-02   
5490   2.500E-05   5.5904E-02   3.3589E-02   5.5904E-02 / 3.3589E-02   
5500   2.500E-05   5.4409E-02   3.3782E-02   5.4409E-02 / 3.3782E-02   
5510   2.500E-05   6.3722E-02   3.9251E-02   6.3722E-02 / 3.9251E-02   
5520   2.500E-05   7.3069E-02   4.7862E-02   7.3069E-02 / 4.7862E-02   
5530   2.500E-05   5.5142E-02   3.4618E-02   5.5142E-02 / 3.4618E-02   
5540   2.500E-05   5.5805E-02   3.5420E-02   5.5805E-02 / 3.5420E-02   
5550   2.500E-05   1.0060E-01   6.9970E-02   1.0060E-01 / 6.9970E-02   
5560   2.500E-05   5.4694E-02   3.3383E-02   5.4694E-02 / 3.3383E-02   
5570   2.500E-05   5.5399E-02   3.3503E-02   5.5399E-02 / 3.3503E-02   
5580   2.500E-05   6.2010E-02   3.9918E-02   6.2010E-02 / 3.9918E-02   
5590   2.500E-05   5.4504E-02   3.3554E-02   5.4504E-02 / 3.3554E-02   
5600   2.500E-05   5.7418E-02   3.5842E-02   5.7418E-02 / 3.5842E-02   
5610   2.500E-05   6.3699E-02   4.4927E-02   6.3699E-02 / 4.4927E-02   
5620   2.500E-05   5.4190E-02   3.3525E-02   5.4190E-02 / 3.3525E-02   
5630   2.500E-05   5.5500E-02   3.4399E-02   5.5500E-02 / 3.4399E-02   
5640   2.500E-05   5.5245E-02   3.5708E-02   5.5245E-02 / 3.5708E-02   
5650   2.500E-05   5.4819E-02   3.3621E-02   5.4819E-02 / 3.3621E-02   
5660   2.500E-05   5.9307E-02   3.6991E-02   5.9307E-02 / 3.6991E-02   
5670   2.500E-05   5.4341E-02   3.4355E-02   5.4341E-02 / 3.4355E-02   
5680   2.500E-05   5.6272E-02   3.6980E-02   5.6272E-02 / 3.6980E-02   
5690   2.500E-05   5.4302E-02   3.3304E-02   5.4302E-02 / 3.3304E-02   
5700   2.500E-05   5.4141E-02   3.3501E-02   5.4141E-02 / 3.3501E-02   
5710   2.500E-05   5.3585E-02   3.3560E-02   5.3585E-02 / 3.3560E-02   
5720   2.500E-05   5.3688E-02   3.3249E-02   5.3688E-02 / 3.3249E-02   
5730   2.500E-05   5.4388E-02   3.5327E-02   5.4388E-02 / 3.5327E-02   
5740   2.500E-05   5.4864E-02   3.5230E-02   5.4864E-02 / 3.5230E-02   
5750   2.500E-05   5.6911E-02   3.4527E-02   5.6911E-02 / 3.4527E-02   
5760   2.500E-05   5.3787E-02   3.3041E-02   5.3787E-02 / 3.3041E-02   
5770   2.500E-05   5.4255E-02   3.2941E-02   5.4255E-02 / 3.2941E-02   
5780   2.500E-05   5.6788E-02   3.4651E-02   5.6788E-02 / 3.4651E-02   
5790   2.500E-05   5.4809E-02   3.5861E-02   5.4809E-02 / 3.5861E-02   
5800   2.500E-05   5.3825E-02   3.3717E-02   5.3825E-02 / 3.3717E-02   
5810   2.500E-05   5.3568E-02   3.4197E-02   5.3568E-02 / 3.4197E-02   
5820   2.500E-05   5.3254E-02   3.3704E-02   5.3254E-02 / 3.3704E-02   
5830   2.500E-05   5.4550E-02   3.3991E-02   5.4550E-02 / 3.3991E-02   
5840   2.500E-05   5.4039E-02   3.4690E-02   5.4039E-02 / 3.4690E-02   
5850   2.500E-05   5.5953E-02   3.4961E-02   5.5953E-02 / 3.4961E-02   
5860   2.500E-05   5.8402E-02   3.9658E-02   5.8402E-02 / 3.9658E-02   
5870   2.500E-05   5.3022E-02   3.3438E-02   5.3022E-02 / 3.3438E-02   
5880   2.500E-05   5.3504E-02   3.2960E-02   5.3504E-02 / 3.2960E-02   
5890   2.500E-05   5.2831E-02   3.3131E-02   5.2831E-02 / 3.3131E-02   
5900   2.500E-05   5.3474E-02   3.3597E-02   5.3474E-02 / 3.3597E-02   
5910   2.500E-05   5.3146E-02   3.4081E-02   5.3146E-02 / 3.4081E-02   
5920   2.500E-05   5.5007E-02   3.3839E-02   5.5007E-02 / 3.3839E-02   
5930   2.500E-05   5.3780E-02   3.4732E-02   5.3780E-02 / 3.4732E-02   
5940   2.500E-05   5.4251E-02   3.5491E-02   5.4251E-02 / 3.5491E-02   
5950   2.500E-05   5.4443E-02   3.3566E-02   5.4443E-02 / 3.3566E-02   
5960   2.500E-05   5.5395E-02   3.6674E-02   5.5395E-02 / 3.6674E-02   
5970   2.500E-05   5.3084E-02   3.2572E-02   5.3084E-02 / 3.2572E-02   
5980   2.500E-05   5.4404E-02   3.6084E-02   5.4404E-02 / 3.6084E-02   
5990   2.500E-05   5.7664E-02   3.7045E-02   5.7664E-02 / 3.7045E-02   
6000   2.500E-05   5.8584E-02   3.6015E-02   5.8584E-02 / 3.6015E-02   
6010   2.500E-05   5.3672E-02   3.4505E-02   5.3672E-02 / 3.4505E-02   
6020   2.500E-05   5.3185E-02   3.2959E-02   5.3185E-02 / 3.2959E-02   
6030   2.500E-05   6.2017E-02   3.9031E-02   6.2017E-02 / 3.9031E-02   
6040   2.500E-05   6.7364E-02   4.9599E-02   6.7364E-02 / 4.9599E-02   
6050   2.500E-05   5.4826E-02   3.4296E-02   5.4826E-02 / 3.4296E-02   
6060   2.500E-05   8.8371E-02   7.0641E-02   8.8371E-02 / 7.0641E-02   
6070   2.500E-05   5.3384E-02   3.3105E-02   5.3384E-02 / 3.3105E-02   
6080   2.500E-05   8.0330E-02   5.5497E-02   8.0330E-02 / 5.5497E-02   
6090   2.500E-05   5.2764E-02   3.2714E-02   5.2764E-02 / 3.2714E-02   
6100   2.500E-05   5.2670E-02   3.3286E-02   5.2670E-02 / 3.3286E-02   
6110   2.500E-05   5.2608E-02   3.2707E-02   5.2608E-02 / 3.2707E-02   
6120   2.500E-05   5.6787E-02   3.5345E-02   5.6787E-02 / 3.5345E-02   
6130   2.500E-05   5.5456E-02   3.4708E-02   5.5456E-02 / 3.4708E-02   
6140   2.500E-05   5.5333E-02   3.7186E-02   5.5333E-02 / 3.7186E-02   
6150   2.500E-05   5.3644E-02   3.2788E-02   5.3644E-02 / 3.2788E-02   
6160   2.500E-05   5.3713E-02   3.3190E-02   5.3713E-02 / 3.3190E-02   
6170   2.500E-05   5.2677E-02   3.2949E-02   5.2677E-02 / 3.2949E-02   
6180   2.500E-05   5.2315E-02   3.3391E-02   5.2315E-02 / 3.3391E-02   
6190   2.500E-05   5.3904E-02   3.5779E-02   5.3904E-02 / 3.5779E-02   
6200   2.500E-05   5.4653E-02   3.3882E-02   5.4653E-02 / 3.3882E-02   
6210   2.500E-05   5.4087E-02   3.3732E-02   5.4087E-02 / 3.3732E-02   
6220   2.500E-05   5.3583E-02   3.4740E-02   5.3583E-02 / 3.4740E-02   
6230   2.500E-05   5.3043E-02   3.3215E-02   5.3043E-02 / 3.3215E-02   
6240   2.500E-05   5.4248E-02   3.4263E-02   5.4248E-02 / 3.4263E-02   
6250   2.500E-05   5.2266E-02   3.4134E-02   5.2266E-02 / 3.4134E-02   
6260   2.500E-05   5.1962E-02   3.2813E-02   5.1962E-02 / 3.2813E-02   
6270   2.500E-05   5.8655E-02   3.7866E-02   5.8655E-02 / 3.7866E-02   
6280   2.500E-05   5.1572E-02   3.2621E-02   5.1572E-02 / 3.2621E-02   
6290   2.500E-05   5.2326E-02   3.4052E-02   5.2326E-02 / 3.4052E-02   
6300   2.500E-05   5.4749E-02   3.6807E-02   5.4749E-02 / 3.6807E-02   
6310   2.500E-05   5.1760E-02   3.2637E-02   5.1760E-02 / 3.2637E-02   
6320   2.500E-05   5.1954E-02   3.3247E-02   5.1954E-02 / 3.3247E-02   
6330   2.500E-05   5.2324E-02   3.3448E-02   5.2324E-02 / 3.3448E-02   
6340   2.500E-05   5.3158E-02   3.5445E-02   5.3158E-02 / 3.5445E-02   
6350   2.500E-05   5.1921E-02   3.3864E-02   5.1921E-02 / 3.3864E-02   
6360   2.500E-05   5.1360E-02   3.2822E-02   5.1360E-02 / 3.2822E-02   
6370   2.500E-05   5.2478E-02   3.2870E-02   5.2478E-02 / 3.2870E-02   
6380   2.500E-05   5.4435E-02   3.7000E-02   5.4435E-02 / 3.7000E-02   
6390   2.500E-05   5.6487E-02   3.8887E-02   5.6487E-02 / 3.8887E-02   
6400   2.500E-05   5.5944E-02   3.8715E-02   5.5944E-02 / 3.8715E-02   
6410   2.500E-05   5.3738E-02   3.3860E-02   5.3738E-02 / 3.3860E-02   
6420   2.500E-05   5.5230E-02   3.8056E-02   5.5230E-02 / 3.8056E-02   
6430   2.500E-05   5.5756E-02   3.8380E-02   5.5756E-02 / 3.8380E-02   
6440   2.500E-05   5.6929E-02   3.9893E-02   5.6929E-02 / 3.9893E-02   
6450   2.500E-05   5.2064E-02   3.2579E-02   5.2064E-02 / 3.2579E-02   
6460   2.500E-05   5.1092E-02   3.3037E-02   5.1092E-02 / 3.3037E-02   
6470   2.500E-05   5.3287E-02   3.4012E-02   5.3287E-02 / 3.4012E-02   
6480   2.500E-05   5.2630E-02   3.5782E-02   5.2630E-02 / 3.5782E-02   
6490   2.500E-05   5.2002E-02   3.4705E-02   5.2002E-02 / 3.4705E-02   
6500   2.500E-05   5.1062E-02   3.3277E-02   5.1062E-02 / 3.3277E-02   
6510   2.500E-05   5.5540E-02   3.8821E-02   5.5540E-02 / 3.8821E-02   
6520   2.500E-05   5.4679E-02   3.7878E-02   5.4679E-02 / 3.7878E-02   
6530   2.500E-05   5.1551E-02   3.3806E-02   5.1551E-02 / 3.3806E-02   
6540   2.500E-05   5.4628E-02   3.7288E-02   5.4628E-02 / 3.7288E-02   
6550   2.500E-05   5.8004E-02   4.1404E-02   5.8004E-02 / 4.1404E-02   
6560   2.500E-05   5.6068E-02   3.9143E-02   5.6068E-02 / 3.9143E-02   
6570   2.500E-05   5.0739E-02   3.2246E-02   5.0739E-02 / 3.2246E-02   
6580   2.500E-05   5.9100E-02   3.8086E-02   5.9100E-02 / 3.8086E-02   
6590   2.500E-05   5.7720E-02   4.1500E-02   5.7720E-02 / 4.1500E-02   
6600   2.500E-05   5.2683E-02   3.5731E-02   5.2683E-02 / 3.5731E-02   
6610   2.500E-05   5.1999E-02   3.4833E-02   5.1999E-02 / 3.4833E-02   
6620   2.500E-05   5.8403E-02   4.1799E-02   5.8403E-02 / 4.1799E-02   
6630   2.500E-05   5.1083E-02   3.3495E-02   5.1083E-02 / 3.3495E-02   
6640   2.500E-05   5.1624E-02   3.2562E-02   5.1624E-02 / 3.2562E-02   
6650   2.500E-05   5.0428E-02   3.2856E-02   5.0428E-02 / 3.2856E-02   
6660   2.500E-05   5.2565E-02   3.6043E-02   5.2565E-02 / 3.6043E-02   
6670   2.500E-05   5.2750E-02   3.5014E-02   5.2750E-02 / 3.5014E-02   
6680   2.500E-05   5.4905E-02   3.8658E-02   5.4905E-02 / 3.8658E-02   
6690   2.500E-05   5.1846E-02   3.3011E-02   5.1846E-02 / 3.3011E-02   
6700   2.500E-05   6.5584E-02   4.9469E-02   6.5584E-02 / 4.9469E-02   
6710   2.500E-05   5.0306E-02   3.2568E-02   5.0306E-02 / 3.2568E-02   
6720   2.500E-05   5.1958E-02   3.5632E-02   5.1958E-02 / 3.5632E-02   
6730   2.500E-05   6.7021E-02   5.1220E-02   6.7021E-02 / 5.1220E-02   
6740   2.500E-05   5.0444E-02   3.3030E-02   5.0444E-02 / 3.3030E-02   
6750   2.500E-05   5.1893E-02   3.2828E-02   5.1893E-02 / 3.2828E-02   
6760   2.500E-05   5.0652E-02   3.3309E-02   5.0652E-02 / 3.3309E-02   
6770   2.500E-05   5.0412E-02   3.2559E-02   5.0412E-02 / 3.2559E-02   
6780   2.500E-05   5.3820E-02   3.6797E-02   5.3820E-02 / 3.6797E-02   
6790   2.500E-05   5.0668E-02   3.3276E-02   5.0668E-02 / 3.3276E-02   
6800   2.500E-05   5.0430E-02   3.2835E-02   5.0430E-02 / 3.2835E-02   
6810   2.500E-05   5.0055E-02   3.2536E-02   5.0055E-02 / 3.2536E-02   
6820   2.500E-05   4.9987E-02   3.2708E-02   4.9987E-02 / 3.2708E-02   
6830   2.500E-05   5.5656E-02   3.9084E-02   5.5656E-02 / 3.9084E-02   
6840   2.500E-05   5.0103E-02   3.2807E-02   5.0103E-02 / 3.2807E-02   
6850   2.500E-05   5.1323E-02   3.3975E-02   5.1323E-02 / 3.3975E-02   
6860   2.500E-05   5.2401E-02   3.4096E-02   5.2401E-02 / 3.4096E-02   
6870   2.500E-05   5.3132E-02   3.6621E-02   5.3132E-02 / 3.6621E-02   
6880   2.500E-05   5.0908E-02   3.3763E-02   5.0908E-02 / 3.3763E-02   
6890   2.500E-05   5.1558E-02   3.3078E-02   5.1558E-02 / 3.3078E-02   
6900   2.500E-05   5.7405E-02   4.1395E-02   5.7405E-02 / 4.1395E-02   
6910   2.500E-05   4.9761E-02   3.2793E-02   4.9761E-02 / 3.2793E-02   
6920   2.500E-05   4.9692E-02   3.2978E-02   4.9692E-02 / 3.2978E-02   
6930   2.500E-05   5.6635E-02   4.0605E-02   5.6635E-02 / 4.0605E-02   
6940   2.500E-05   5.1741E-02   3.5535E-02   5.1741E-02 / 3.5535E-02   
6950   2.500E-05   5.0402E-02   3.2807E-02   5.0402E-02 / 3.2807E-02   
6960   2.500E-05   5.4887E-02   3.5444E-02   5.4887E-02 / 3.5444E-02   
6970   2.500E-05   6.5786E-02   4.5534E-02   6.5786E-02 / 4.5534E-02   
6980   2.500E-05   5.0493E-02   3.4038E-02   5.0493E-02 / 3.4038E-02   
6990   2.500E-05   5.1805E-02   3.3709E-02   5.1805E-02 / 3.3709E-02   
7000   2.500E-05   7.2255E-02   5.7035E-02   7.2255E-02 / 5.7035E-02   
7010   2.500E-05   4.9413E-02   3.2381E-02   4.9413E-02 / 3.2381E-02   
7020   2.500E-05   4.9579E-02   3.3006E-02   4.9579E-02 / 3.3006E-02   
7030   2.500E-05   5.0376E-02   3.2690E-02   5.0376E-02 / 3.2690E-02   
7040   2.500E-05   5.1566E-02   3.3398E-02   5.1566E-02 / 3.3398E-02   
7050   2.500E-05   5.2899E-02   3.7291E-02   5.2899E-02 / 3.7291E-02   
7060   2.500E-05   5.1325E-02   3.3726E-02   5.1325E-02 / 3.3726E-02   
7070   2.500E-05   5.1420E-02   3.5851E-02   5.1420E-02 / 3.5851E-02   
7080   2.500E-05   7.2948E-02   5.0122E-02   7.2948E-02 / 5.0122E-02   
7090   2.500E-05   5.1142E-02   3.4977E-02   5.1142E-02 / 3.4977E-02   
7100   2.500E-05   4.9565E-02   3.3468E-02   4.9565E-02 / 3.3468E-02   
7110   2.500E-05   5.1651E-02   3.3950E-02   5.1651E-02 / 3.3950E-02   
7120   2.500E-05   5.8171E-02   4.2803E-02   5.8171E-02 / 4.2803E-02   
7130   2.500E-05   5.3294E-02   3.4061E-02   5.3294E-02 / 3.4061E-02   
7140   2.500E-05   4.9062E-02   3.2780E-02   4.9062E-02 / 3.2780E-02   
7150   2.500E-05   6.4326E-02   4.2527E-02   6.4326E-02 / 4.2527E-02   
7160   2.500E-05   5.1154E-02   3.3551E-02   5.1154E-02 / 3.3551E-02   
7170   2.500E-05   4.8909E-02   3.2467E-02   4.8909E-02 / 3.2467E-02   
7180   2.500E-05   4.9486E-02   3.3348E-02   4.9486E-02 / 3.3348E-02   
7190   2.500E-05   5.7197E-02   3.8060E-02   5.7197E-02 / 3.8060E-02   
7200   2.500E-05   6.0274E-02   4.5564E-02   6.0274E-02 / 4.5564E-02   
7210   2.500E-05   5.0085E-02   3.4335E-02   5.0085E-02 / 3.4335E-02   
7220   2.500E-05   5.3280E-02   3.4889E-02   5.3280E-02 / 3.4889E-02   
7230   2.500E-05   6.0360E-02   4.5532E-02   6.0360E-02 / 4.5532E-02   
7240   2.500E-05   5.2317E-02   3.7011E-02   5.2317E-02 / 3.7011E-02   
7250   2.500E-05   4.9186E-02   3.3612E-02   4.9186E-02 / 3.3612E-02   
7260   2.500E-05   5.9570E-02   4.4704E-02   5.9570E-02 / 4.4704E-02   
7270   2.500E-05   4.9065E-02   3.3212E-02   4.9065E-02 / 3.3212E-02   
7280   2.500E-05   4.9094E-02   3.2827E-02   4.9094E-02 / 3.2827E-02   
7290   2.500E-05   5.0328E-02   3.3112E-02   5.0328E-02 / 3.3112E-02   
7300   2.500E-05   5.4667E-02   3.7162E-02   5.4667E-02 / 3.7162E-02   
7310   2.500E-05   5.0014E-02   3.2804E-02   5.0014E-02 / 3.2804E-02   
7320   2.500E-05   5.1237E-02   3.4730E-02   5.1237E-02 / 3.4730E-02   
7330   2.500E-05   4.8516E-02   3.2527E-02   4.8516E-02 / 3.2527E-02   
7340   2.500E-05   4.8782E-02   3.3030E-02   4.8782E-02 / 3.3030E-02   
7350   2.500E-05   5.9683E-02   3.9807E-02   5.9683E-02 / 3.9807E-02   
7360   2.500E-05   6.9945E-02   4.9436E-02   6.9945E-02 / 4.9436E-02   
7370   2.500E-05   5.0947E-02   3.4941E-02   5.0947E-02 / 3.4941E-02   
7380   2.500E-05   5.4898E-02   3.7628E-02   5.4898E-02 / 3.7628E-02   
7390   2.500E-05   5.2487E-02   3.5663E-02   5.2487E-02 / 3.5663E-02   
7400   2.500E-05   4.9885E-02   3.2771E-02   4.9885E-02 / 3.2771E-02   
7410   2.500E-05   4.9811E-02   3.4577E-02   4.9811E-02 / 3.4577E-02   
7420   2.500E-05   4.8245E-02   3.2177E-02   4.8245E-02 / 3.2177E-02   
7430   2.500E-05   4.8695E-02   3.2696E-02   4.8695E-02 / 3.2696E-02   
7440   2.500E-05   6.1370E-02   4.7625E-02   6.1370E-02 / 4.7625E-02   
7450   2.500E-05   4.8476E-02   3.2073E-02   4.8476E-02 / 3.2073E-02   
7460   2.500E-05   4.8533E-02   3.2238E-02   4.8533E-02 / 3.2238E-02   
7470   2.500E-05   5.1612E-02   3.4591E-02   5.1612E-02 / 3.4591E-02   
7480   2.500E-05   4.9720E-02   3.4336E-02   4.9720E-02 / 3.4336E-02   
7490   2.500E-05   4.9837E-02   3.4293E-02   4.9837E-02 / 3.4293E-02   
7500   2.500E-05   5.2321E-02   3.7179E-02   5.2321E-02 / 3.7179E-02   
7510   2.500E-05   4.9169E-02   3.2367E-02   4.9169E-02 / 3.2367E-02   
7520   2.500E-05   5.2821E-02   3.7591E-02   5.2821E-02 / 3.7591E-02   
7530   2.500E-05   5.3314E-02   3.6579E-02   5.3314E-02 / 3.6579E-02   
7540   2.500E-05   4.9637E-02   3.3430E-02   4.9637E-02 / 3.3430E-02   
7550   2.500E-05   5.0716E-02   3.5825E-02   5.0716E-02 / 3.5825E-02   
7560   2.500E-05   4.9120E-02   3.2582E-02   4.9120E-02 / 3.2582E-02   
7570   2.500E-05   5.8271E-02   3.8950E-02   5.8271E-02 / 3.8950E-02   
7580   2.500E-05   4.8340E-02   3.2825E-02   4.8340E-02 / 3.2825E-02   
7590   2.500E-05   4.8061E-02   3.3195E-02   4.8061E-02 / 3.3195E-02   
7600   2.500E-05   5.0142E-02   3.3275E-02   5.0142E-02 / 3.3275E-02   
7610   2.500E-05   5.1932E-02   3.7656E-02   5.1932E-02 / 3.7656E-02   
7620   2.500E-05   5.2132E-02   3.5520E-02   5.2132E-02 / 3.5520E-02   
7630   2.500E-05   5.5401E-02   3.7843E-02   5.5401E-02 / 3.7843E-02   
7640   2.500E-05   4.7783E-02   3.2204E-02   4.7783E-02 / 3.2204E-02   
7650   2.500E-05   4.8636E-02   3.2548E-02   4.8636E-02 / 3.2548E-02   
7660   2.500E-05   4.9073E-02   3.2584E-02   4.9073E-02 / 3.2584E-02   
7670   2.500E-05   5.1808E-02   3.4187E-02   5.1808E-02 / 3.4187E-02   
7680   2.500E-05   4.8248E-02   3.3685E-02   4.8248E-02 / 3.3685E-02   
7690   2.500E-05   4.7663E-02   3.2478E-02   4.7663E-02 / 3.2478E-02   
7700   2.500E-05   4.9627E-02   3.5187E-02   4.9627E-02 / 3.5187E-02   
7710   2.500E-05   4.9393E-02   3.3236E-02   4.9393E-02 / 3.3236E-02   
7720   2.500E-05   4.8521E-02   3.3611E-02   4.8521E-02 / 3.3611E-02   
7730   2.500E-05   5.0071E-02   3.3308E-02   5.0071E-02 / 3.3308E-02   
7740   2.500E-05   4.9013E-02   3.4386E-02   4.9013E-02 / 3.4386E-02   
7750   2.500E-05   4.9634E-02   3.3203E-02   4.9634E-02 / 3.3203E-02   
7760   2.500E-05   4.9996E-02   3.6307E-02   4.9996E-02 / 3.6307E-02   
7770   2.500E-05   8.0698E-02   5.8212E-02   8.0698E-02 / 5.8212E-02   
7780   2.500E-05   4.7689E-02   3.2410E-02   4.7689E-02 / 3.2410E-02   
7790   2.500E-05   4.7764E-02   3.3127E-02   4.7764E-02 / 3.3127E-02   
7800   2.500E-05   5.7353E-02   3.9014E-02   5.7353E-02 / 3.9014E-02   
7810   2.500E-05   4.9987E-02   3.3107E-02   4.9987E-02 / 3.3107E-02   
7820   2.500E-05   4.7721E-02   3.3273E-02   4.7721E-02 / 3.3273E-02   
7830   2.500E-05   4.9609E-02   3.5283E-02   4.9609E-02 / 3.5283E-02   
7840   2.500E-05   4.8890E-02   3.3335E-02   4.8890E-02 / 3.3335E-02   
7850   2.500E-05   5.0020E-02   3.6185E-02   5.0020E-02 / 3.6185E-02   
7860   2.500E-05   4.8730E-02   3.3659E-02   4.8730E-02 / 3.3659E-02   
7870   2.500E-05   5.8841E-02   4.1227E-02   5.8841E-02 / 4.1227E-02   
7880   2.500E-05   4.8865E-02   3.4401E-02   4.8865E-02 / 3.4401E-02   
7890   2.500E-05   6.1147E-02   4.3399E-02   6.1147E-02 / 4.3399E-02   
7900   2.500E-05   5.2007E-02   3.8838E-02   5.2007E-02 / 3.8838E-02   
7910   2.500E-05   5.2226E-02   3.4785E-02   5.2226E-02 / 3.4785E-02   
7920   2.500E-05   4.9097E-02   3.3256E-02   4.9097E-02 / 3.3256E-02   
7930   2.500E-05   4.7245E-02   3.2730E-02   4.7245E-02 / 3.2730E-02   
7940   2.500E-05   5.1888E-02   3.7915E-02   5.1888E-02 / 3.7915E-02   
7950   2.500E-05   5.6939E-02   4.3630E-02   5.6939E-02 / 4.3630E-02   
7960   2.500E-05   4.7511E-02   3.3496E-02   4.7511E-02 / 3.3496E-02   
7970   2.500E-05   5.3229E-02   3.9778E-02   5.3229E-02 / 3.9778E-02   
7980   2.500E-05   4.9514E-02   3.4043E-02   4.9514E-02 / 3.4043E-02   
7990   2.500E-05   4.7824E-02   3.2460E-02   4.7824E-02 / 3.2460E-02   
8000   2.500E-05   4.9099E-02   3.4757E-02   4.9099E-02 / 3.4757E-02   
8010   2.500E-05   4.7971E-02   3.3370E-02   4.7971E-02 / 3.3370E-02   
8020   2.500E-05   4.7385E-02   3.3197E-02   4.7385E-02 / 3.3197E-02   
8030   2.500E-05   6.2047E-02   4.8917E-02   6.2047E-02 / 4.8917E-02   
8040   2.500E-05   5.0996E-02   3.5287E-02   5.0996E-02 / 3.5287E-02   
8050   2.500E-05   5.1660E-02   3.8187E-02   5.1660E-02 / 3.8187E-02   
8060   2.500E-05   4.7521E-02   3.2784E-02   4.7521E-02 / 3.2784E-02   
8070   2.500E-05   4.8488E-02   3.3202E-02   4.8488E-02 / 3.3202E-02   
8080   2.500E-05   4.7777E-02   3.2723E-02   4.7777E-02 / 3.2723E-02   
8090   2.500E-05   4.7804E-02   3.4120E-02   4.7804E-02 / 3.4120E-02   
8100   2.500E-05   4.8910E-02   3.5123E-02   4.8910E-02 / 3.5123E-02   
8110   2.500E-05   4.7002E-02   3.2263E-02   4.7002E-02 / 3.2263E-02   
8120   2.500E-05   4.7118E-02   3.2708E-02   4.7118E-02 / 3.2708E-02   
8130   2.500E-05   5.0135E-02   3.5668E-02   5.0135E-02 / 3.5668E-02   
8140   2.500E-05   4.6885E-02   3.2282E-02   4.6885E-02 / 3.2282E-02   
8150   2.500E-05   4.9187E-02   3.4346E-02   4.9187E-02 / 3.4346E-02   
8160   2.500E-05   4.7645E-02   3.4090E-02   4.7645E-02 / 3.4090E-02   
8170   2.500E-05   5.8971E-02   4.6147E-02   5.8971E-02 / 4.6147E-02   
8180   2.500E-05   4.6617E-02   3.2442E-02   4.6617E-02 / 3.2442E-02   
8190   2.500E-05   5.9355E-02   4.4656E-02   5.9355E-02 / 4.4656E-02   
8200   2.500E-05   4.8601E-02   3.4892E-02   4.8601E-02 / 3.4892E-02   
8210   2.500E-05   5.2915E-02   3.9753E-02   5.2915E-02 / 3.9753E-02   
8220   2.500E-05   5.5689E-02   4.3415E-02   5.5689E-02 / 4.3415E-02   
8230   2.500E-05   4.9592E-02   3.6726E-02   4.9592E-02 / 3.6726E-02   
8240   2.500E-05   6.1568E-02   4.9062E-02   6.1568E-02 / 4.9062E-02   
8250   2.500E-05   4.9165E-02   3.4102E-02   4.9165E-02 / 3.4102E-02   
8260   2.500E-05   4.8126E-02   3.4914E-02   4.8126E-02 / 3.4914E-02   
8270   2.500E-05   4.8270E-02   3.3002E-02   4.8270E-02 / 3.3002E-02   
8280   2.500E-05   4.8010E-02   3.4065E-02   4.8010E-02 / 3.4065E-02   
8290   2.500E-05   4.6806E-02   3.2513E-02   4.6806E-02 / 3.2513E-02   
8300   2.500E-05   4.6904E-02   3.2368E-02   4.6904E-02 / 3.2368E-02   
8310   2.500E-05   5.6635E-02   4.4352E-02   5.6635E-02 / 4.4352E-02   
8320   2.500E-05   4.9075E-02   3.3887E-02   4.9075E-02 / 3.3887E-02   
8330   2.500E-05   6.0381E-02   4.2359E-02   6.0381E-02 / 4.2359E-02   
8340   2.500E-05   4.6945E-02   3.3039E-02   4.6945E-02 / 3.3039E-02   
8350   2.500E-05   4.8030E-02   3.4716E-02   4.8030E-02 / 3.4716E-02   
8360   2.500E-05   5.7585E-02   4.5280E-02   5.7585E-02 / 4.5280E-02   
8370   2.500E-05   4.7147E-02   3.2647E-02   4.7147E-02 / 3.2647E-02   
8380   2.500E-05   4.7338E-02   3.3403E-02   4.7338E-02 / 3.3403E-02   
8390   2.500E-05   4.7527E-02   3.4502E-02   4.7527E-02 / 3.4502E-02   
8400   2.500E-05   5.8749E-02   4.6299E-02   5.8749E-02 / 4.6299E-02   
8410   2.500E-05   4.8449E-02   3.5845E-02   4.8449E-02 / 3.5845E-02   
8420   2.500E-05   4.6392E-02   3.2588E-02   4.6392E-02 / 3.2588E-02   
8430   2.500E-05   4.6684E-02   3.3609E-02   4.6684E-02 / 3.3609E-02   
8440   2.500E-05   5.5762E-02   3.8800E-02   5.5762E-02 / 3.8800E-02   
8450   2.500E-05   4.6409E-02   3.2583E-02   4.6409E-02 / 3.2583E-02   
8460   2.500E-05   4.6170E-02   3.2243E-02   4.6170E-02 / 3.2243E-02   
8470   2.500E-05   4.7709E-02   3.2558E-02   4.7709E-02 / 3.2558E-02   
8480   2.500E-05   4.6512E-02   3.2458E-02   4.6512E-02 / 3.2458E-02   
8490   2.500E-05   4.8883E-02   3.5791E-02   4.8883E-02 / 3.5791E-02   
8500   2.500E-05   8.5287E-02   7.3153E-02   8.5287E-02 / 7.3153E-02   
8510   2.500E-05   4.6158E-02   3.2352E-02   4.6158E-02 / 3.2352E-02   
8520   2.500E-05   5.3401E-02   4.0936E-02   5.3401E-02 / 4.0936E-02   
8530   2.500E-05   4.9773E-02   3.7423E-02   4.9773E-02 / 3.7423E-02   
8540   2.500E-05   5.0424E-02   3.5547E-02   5.0424E-02 / 3.5547E-02   
8550   2.500E-05   7.3570E-02   6.1782E-02   7.3570E-02 / 6.1782E-02   
8560   2.500E-05   4.6088E-02   3.2328E-02   4.6088E-02 / 3.2328E-02   
8570   2.500E-05   5.8556E-02   4.0900E-02   5.8556E-02 / 4.0900E-02   
8580   2.500E-05   4.6510E-02   3.3597E-02   4.6510E-02 / 3.3597E-02   
8590   2.500E-05   5.0004E-02   3.6423E-02   5.0004E-02 / 3.6423E-02   
8600   2.500E-05   4.8065E-02   3.3090E-02   4.8065E-02 / 3.3090E-02   
8610   2.500E-05   4.8403E-02   3.5948E-02   4.8403E-02 / 3.5948E-02   
8620   2.500E-05   4.6006E-02   3.3305E-02   4.6006E-02 / 3.3305E-02   
8630   2.500E-05   4.7209E-02   3.2647E-02   4.7209E-02 / 3.2647E-02   
8640   2.500E-05   4.9829E-02   3.6070E-02   4.9829E-02 / 3.6070E-02   
8650   2.500E-05   5.2725E-02   4.0656E-02   5.2725E-02 / 4.0656E-02   
8660   2.500E-05   4.6648E-02   3.3829E-02   4.6648E-02 / 3.3829E-02   
8670   2.500E-05   4.5849E-02   3.2279E-02   4.5849E-02 / 3.2279E-02   
8680   2.500E-05   4.6420E-02   3.2817E-02   4.6420E-02 / 3.2817E-02   
8690   2.500E-05   4.9264E-02   3.6909E-02   4.9264E-02 / 3.6909E-02   
8700   2.500E-05   5.0826E-02   3.6916E-02   5.0826E-02 / 3.6916E-02   
8710   2.500E-05   4.5647E-02   3.2277E-02   4.5647E-02 / 3.2277E-02   
8720   2.500E-05   4.5903E-02   3.2746E-02   4.5903E-02 / 3.2746E-02   
8730   2.500E-05   6.6173E-02   5.4535E-02   6.6173E-02 / 5.4535E-02   
8740   2.500E-05   5.7362E-02   4.5553E-02   5.7362E-02 / 4.5553E-02   
8750   2.500E-05   4.7950E-02   3.6085E-02   4.7950E-02 / 3.6085E-02   
8760   2.500E-05   5.3808E-02   4.2335E-02   5.3808E-02 / 4.2335E-02   
8770   2.500E-05   4.7173E-02   3.4921E-02   4.7173E-02 / 3.4921E-02   
8780   2.500E-05   4.8957E-02   3.6937E-02   4.8957E-02 / 3.6937E-02   
8790   2.500E-05   4.5720E-02   3.2735E-02   4.5720E-02 / 3.2735E-02   
8800   2.500E-05   4.8643E-02   3.3603E-02   4.8643E-02 / 3.3603E-02   
8810   2.500E-05   4.9845E-02   3.4518E-02   4.9845E-02 / 3.4518E-02   
8820   2.500E-05   4.6862E-02   3.4916E-02   4.6862E-02 / 3.4916E-02   
8830   2.500E-05   5.2245E-02   4.1138E-02   5.2245E-02 / 4.1138E-02   
8840   2.500E-05   4.9124E-02   3.4345E-02   4.9124E-02 / 3.4345E-02   
8850   2.500E-05   4.8932E-02   3.6933E-02   4.8932E-02 / 3.6933E-02   
8860   2.500E-05   4.8297E-02   3.5811E-02   4.8297E-02 / 3.5811E-02   
8870   2.500E-05   4.7982E-02   3.4288E-02   4.7982E-02 / 3.4288E-02   
8880   2.500E-05   4.9431E-02   3.4515E-02   4.9431E-02 / 3.4515E-02   
8890   2.500E-05   4.8602E-02   3.4028E-02   4.8602E-02 / 3.4028E-02   
8900   2.500E-05   4.9197E-02   3.5654E-02   4.9197E-02 / 3.5654E-02   
8910   2.500E-05   5.1989E-02   4.0182E-02   5.1989E-02 / 4.0182E-02   
8920   2.500E-05   4.5848E-02   3.3164E-02   4.5848E-02 / 3.3164E-02   
8930   2.500E-05   5.2491E-02   4.1026E-02   5.2491E-02 / 4.1026E-02   
8940   2.500E-05   4.5807E-02   3.3330E-02   4.5807E-02 / 3.3330E-02   
8950   2.500E-05   4.6072E-02   3.3011E-02   4.6072E-02 / 3.3011E-02   
8960   2.500E-05   4.6012E-02   3.4065E-02   4.6012E-02 / 3.4065E-02   
8970   2.500E-05   4.7126E-02   3.4991E-02   4.7126E-02 / 3.4991E-02   
8980   2.500E-05   4.7808E-02   3.5637E-02   4.7808E-02 / 3.5637E-02   
8990   2.500E-05   4.6786E-02   3.3575E-02   4.6786E-02 / 3.3575E-02   
9000   2.500E-05   4.6774E-02   3.5001E-02   4.6774E-02 / 3.5001E-02   
9010   2.500E-05   4.5350E-02   3.2903E-02   4.5350E-02 / 3.2903E-02   
9020   2.500E-05   5.7069E-02   4.0523E-02   5.7069E-02 / 4.0523E-02   
9030   2.500E-05   5.9436E-02   4.3685E-02   5.9436E-02 / 4.3685E-02   
9040   2.500E-05   5.4043E-02   3.8603E-02   5.4043E-02 / 3.8603E-02   
9050   2.500E-05   4.7220E-02   3.3381E-02   4.7220E-02 / 3.3381E-02   
9060   2.500E-05   4.8074E-02   3.6572E-02   4.8074E-02 / 3.6572E-02   
9070   2.500E-05   5.1215E-02   3.6862E-02   5.1215E-02 / 3.6862E-02   
9080   2.500E-05   4.7977E-02   3.5180E-02   4.7977E-02 / 3.5180E-02   
9090   2.500E-05   4.5584E-02   3.3154E-02   4.5584E-02 / 3.3154E-02   
9100   2.500E-05   4.7810E-02   3.3474E-02   4.7810E-02 / 3.3474E-02   
9110   2.500E-05   4.6172E-02   3.4065E-02   4.6172E-02 / 3.4065E-02   
9120   2.500E-05   4.5173E-02   3.2159E-02   4.5173E-02 / 3.2159E-02   
9130   2.500E-05   4.5858E-02   3.2475E-02   4.5858E-02 / 3.2475E-02   
9140   2.500E-05   4.7013E-02   3.6155E-02   4.7013E-02 / 3.6155E-02   
9150   2.500E-05   5.2784E-02   3.7735E-02   5.2784E-02 / 3.7735E-02   
9160   2.500E-05   4.8771E-02   3.4731E-02   4.8771E-02 / 3.4731E-02   
9170   2.500E-05   4.7207E-02   3.5965E-02   4.7207E-02 / 3.5965E-02   
9180   2.500E-05   4.5203E-02   3.3544E-02   4.5203E-02 / 3.3544E-02   
9190   2.500E-05   4.5525E-02   3.3280E-02   4.5525E-02 / 3.3280E-02   
9200   2.500E-05   4.8623E-02   3.4677E-02   4.8623E-02 / 3.4677E-02   
9210   2.500E-05   4.8230E-02   3.4449E-02   4.8230E-02 / 3.4449E-02   
9220   2.500E-05   4.5345E-02   3.3303E-02   4.5345E-02 / 3.3303E-02   
9230   2.500E-05   5.6846E-02   4.6028E-02   5.6846E-02 / 4.6028E-02   
9240   2.500E-05   5.3824E-02   3.9423E-02   5.3824E-02 / 3.9423E-02   
9250   2.500E-05   4.6408E-02   3.3407E-02   4.6408E-02 / 3.3407E-02   
9260   2.500E-05   4.6484E-02   3.4300E-02   4.6484E-02 / 3.4300E-02   
9270   2.500E-05   4.4959E-02   3.2955E-02   4.4959E-02 / 3.2955E-02   
9280   2.500E-05   4.7294E-02   3.3981E-02   4.7294E-02 / 3.3981E-02   
9290   2.500E-05   4.9174E-02   3.8453E-02   4.9174E-02 / 3.8453E-02   
9300   2.500E-05   5.3054E-02   4.1626E-02   5.3054E-02 / 4.1626E-02   
9310   2.500E-05   4.5665E-02   3.2536E-02   4.5665E-02 / 3.2536E-02   
9320   2.500E-05   4.5846E-02   3.4507E-02   4.5846E-02 / 3.4507E-02   
9330   2.500E-05   4.5122E-02   3.3635E-02   4.5122E-02 / 3.3635E-02   
9340   2.500E-05   5.0765E-02   3.6352E-02   5.0765E-02 / 3.6352E-02   
9350   2.500E-05   5.4028E-02   4.2865E-02   5.4028E-02 / 4.2865E-02   
9360   2.500E-05   4.6727E-02   3.4837E-02   4.6727E-02 / 3.4837E-02   
9368   2.500E-05   4.4754E-02   3.2390E-02   4.4754E-02 / 3.2390E-02   
BEST MODEL
===============================================================================================================
7789   2.500E-05   4.7562E-02   3.1857E-02   4.7562E-02 / 3.1857E-02   
===============================================================================================================
Saved model to models/phll_only/KCNN-24May28_09:35:57.pickle
