Backend TkAgg is interactive backend. Turning interactive mode on.
========== Dataset info ==========
Dataset params: {'file': '/home/ryley/WDK/ML/dataset/turbulence_dataset_clean.csv', 'Cases': ['case_0p5', 'case_0p8', 'case_1p0', 'case_1p2', 'case_1p5'], 'val_set': ['case_0p8'], 'test_set': ['case_1p2'], 'data_loader': <class 'tbnn.dataloaders.DeltaDataset'>}
Train/Valid/Test points: 44253 / 14751 / 14751
Memorization?: False
Cluster training?: False
Empty DataFrame
Columns: [Unnamed: 0.3, Unnamed: 0.2, Unnamed: 0.1, Unnamed: 0, komegasst_U_1, komegasst_U_2, komegasst_U_3, komegasst_k, komegasst_nut, komegasst_S_11, komegasst_S_12, komegasst_S_13, komegasst_S_22, komegasst_S_23, komegasst_S_33, komegasst_Shat_11, komegasst_Shat_12, komegasst_Shat_13, komegasst_Shat_22, komegasst_Shat_23, komegasst_Shat_33, komegasst_Rhat_11, komegasst_Rhat_12, komegasst_Rhat_13, komegasst_Rhat_21, komegasst_Rhat_22, komegasst_Rhat_23, komegasst_Rhat_31, komegasst_Rhat_32, komegasst_Rhat_33, komegasst_skewness, komegasst_I1_1, komegasst_I1_2, komegasst_I1_3, komegasst_I1_4, komegasst_I1_5, komegasst_I1_6, komegasst_I1_7, komegasst_I1_8, komegasst_I1_9, komegasst_I1_10, komegasst_I1_11, komegasst_I1_12, komegasst_I1_13, komegasst_I1_14, komegasst_I1_15, komegasst_I1_16, komegasst_I1_17, komegasst_I1_18, komegasst_I1_19, komegasst_I1_20, komegasst_I1_21, komegasst_I1_22, komegasst_I1_23, komegasst_I1_24, komegasst_I1_25, komegasst_I1_26, komegasst_I1_27, komegasst_I1_28, komegasst_I1_29, komegasst_I1_30, komegasst_I1_31, komegasst_I1_32, komegasst_I1_33, komegasst_I1_34, komegasst_I1_35, komegasst_I1_36, komegasst_I1_37, komegasst_I1_38, komegasst_I1_39, komegasst_I1_40, komegasst_I1_41, komegasst_I1_42, komegasst_I1_43, komegasst_I1_44, komegasst_I1_45, komegasst_I1_46, komegasst_I1_47, komegasst_I2_1, komegasst_I2_2, komegasst_I2_3, komegasst_I2_4, komegasst_I2_5, komegasst_I2_6, komegasst_I2_7, komegasst_I2_8, komegasst_I2_9, komegasst_I2_10, komegasst_I2_11, komegasst_I2_12, komegasst_I2_13, komegasst_I2_14, komegasst_I2_15, komegasst_I2_16, komegasst_I2_17, komegasst_I2_18, komegasst_I2_19, komegasst_I2_20, komegasst_I2_21, komegasst_I2_22, ...]
Index: []

[0 rows x 261 columns]
Empty DataFrame
Columns: [Unnamed: 0.3, Unnamed: 0.2, Unnamed: 0.1, Unnamed: 0, komegasst_U_1, komegasst_U_2, komegasst_U_3, komegasst_k, komegasst_nut, komegasst_S_11, komegasst_S_12, komegasst_S_13, komegasst_S_22, komegasst_S_23, komegasst_S_33, komegasst_Shat_11, komegasst_Shat_12, komegasst_Shat_13, komegasst_Shat_22, komegasst_Shat_23, komegasst_Shat_33, komegasst_Rhat_11, komegasst_Rhat_12, komegasst_Rhat_13, komegasst_Rhat_21, komegasst_Rhat_22, komegasst_Rhat_23, komegasst_Rhat_31, komegasst_Rhat_32, komegasst_Rhat_33, komegasst_skewness, komegasst_I1_1, komegasst_I1_2, komegasst_I1_3, komegasst_I1_4, komegasst_I1_5, komegasst_I1_6, komegasst_I1_7, komegasst_I1_8, komegasst_I1_9, komegasst_I1_10, komegasst_I1_11, komegasst_I1_12, komegasst_I1_13, komegasst_I1_14, komegasst_I1_15, komegasst_I1_16, komegasst_I1_17, komegasst_I1_18, komegasst_I1_19, komegasst_I1_20, komegasst_I1_21, komegasst_I1_22, komegasst_I1_23, komegasst_I1_24, komegasst_I1_25, komegasst_I1_26, komegasst_I1_27, komegasst_I1_28, komegasst_I1_29, komegasst_I1_30, komegasst_I1_31, komegasst_I1_32, komegasst_I1_33, komegasst_I1_34, komegasst_I1_35, komegasst_I1_36, komegasst_I1_37, komegasst_I1_38, komegasst_I1_39, komegasst_I1_40, komegasst_I1_41, komegasst_I1_42, komegasst_I1_43, komegasst_I1_44, komegasst_I1_45, komegasst_I1_46, komegasst_I1_47, komegasst_I2_1, komegasst_I2_2, komegasst_I2_3, komegasst_I2_4, komegasst_I2_5, komegasst_I2_6, komegasst_I2_7, komegasst_I2_8, komegasst_I2_9, komegasst_I2_10, komegasst_I2_11, komegasst_I2_12, komegasst_I2_13, komegasst_I2_14, komegasst_I2_15, komegasst_I2_16, komegasst_I2_17, komegasst_I2_18, komegasst_I2_19, komegasst_I2_20, komegasst_I2_21, komegasst_I2_22, ...]
Index: []

[0 rows x 261 columns]
Empty DataFrame
Columns: [Unnamed: 0.3, Unnamed: 0.2, Unnamed: 0.1, Unnamed: 0, komegasst_U_1, komegasst_U_2, komegasst_U_3, komegasst_k, komegasst_nut, komegasst_S_11, komegasst_S_12, komegasst_S_13, komegasst_S_22, komegasst_S_23, komegasst_S_33, komegasst_Shat_11, komegasst_Shat_12, komegasst_Shat_13, komegasst_Shat_22, komegasst_Shat_23, komegasst_Shat_33, komegasst_Rhat_11, komegasst_Rhat_12, komegasst_Rhat_13, komegasst_Rhat_21, komegasst_Rhat_22, komegasst_Rhat_23, komegasst_Rhat_31, komegasst_Rhat_32, komegasst_Rhat_33, komegasst_skewness, komegasst_I1_1, komegasst_I1_2, komegasst_I1_3, komegasst_I1_4, komegasst_I1_5, komegasst_I1_6, komegasst_I1_7, komegasst_I1_8, komegasst_I1_9, komegasst_I1_10, komegasst_I1_11, komegasst_I1_12, komegasst_I1_13, komegasst_I1_14, komegasst_I1_15, komegasst_I1_16, komegasst_I1_17, komegasst_I1_18, komegasst_I1_19, komegasst_I1_20, komegasst_I1_21, komegasst_I1_22, komegasst_I1_23, komegasst_I1_24, komegasst_I1_25, komegasst_I1_26, komegasst_I1_27, komegasst_I1_28, komegasst_I1_29, komegasst_I1_30, komegasst_I1_31, komegasst_I1_32, komegasst_I1_33, komegasst_I1_34, komegasst_I1_35, komegasst_I1_36, komegasst_I1_37, komegasst_I1_38, komegasst_I1_39, komegasst_I1_40, komegasst_I1_41, komegasst_I1_42, komegasst_I1_43, komegasst_I1_44, komegasst_I1_45, komegasst_I1_46, komegasst_I1_47, komegasst_I2_1, komegasst_I2_2, komegasst_I2_3, komegasst_I2_4, komegasst_I2_5, komegasst_I2_6, komegasst_I2_7, komegasst_I2_8, komegasst_I2_9, komegasst_I2_10, komegasst_I2_11, komegasst_I2_12, komegasst_I2_13, komegasst_I2_14, komegasst_I2_15, komegasst_I2_16, komegasst_I2_17, komegasst_I2_18, komegasst_I2_19, komegasst_I2_20, komegasst_I2_21, komegasst_I2_22, ...]
Index: []

[0 rows x 261 columns]
EPOCH     LR        TRAIN         VALID             MSE:T/V                  RL:T/V             %NR_t/%NR_v
===============================================================================================================
  1   1.000E-04   3.1663E-01   INF   3.1663E-01 / INF   
