========== Dataset info ==========
Dataset params: {'file': '/home/ryley/WDK/ML/dataset/turbulence_dataset_clean.csv', 'Cases': ['case_0p5', 'case_0p8', 'case_1p0', 'case_1p2', 'case_1p5'], 'val_set': ['case_0p8'], 'test_set': ['case_1p2'], 'data_loader': <class 'tbnn.dataloaders.aDataset'>}
Train/Valid/Test points: 44253 / 14751 / 14751
Memorization?: False
Cluster training?: False
EPOCH     LR        TRAIN         VALID             MSE:T/V                  RL:T/V             %NR_t/%NR_v
===============================================================================================================
  1   2.000E-04   1.1689E-01   1.0603E-01   1.1689E-01 / 1.0603E-01   
 10   2.000E-04   3.4504E-02   2.7637E-02   3.4504E-02 / 2.7637E-02   
 20   2.000E-04   2.7843E-02   2.1141E-02   2.7843E-02 / 2.1141E-02   
 30   2.000E-04   2.4845E-02   1.8729E-02   2.4845E-02 / 1.8729E-02   
 40   2.000E-04   2.2860E-02   1.7621E-02   2.2860E-02 / 1.7621E-02   
 50   2.000E-04   2.1411E-02   1.6333E-02   2.1411E-02 / 1.6333E-02   
 60   2.000E-04   2.0436E-02   1.5639E-02   2.0436E-02 / 1.5639E-02   
 70   2.000E-04   1.9571E-02   1.5002E-02   1.9571E-02 / 1.5002E-02   
 80   2.000E-04   1.8869E-02   1.3909E-02   1.8869E-02 / 1.3909E-02   
 90   2.000E-04   1.8459E-02   1.4407E-02   1.8459E-02 / 1.4407E-02   
100   2.000E-04   1.7284E-02   1.3194E-02   1.7284E-02 / 1.3194E-02   
110   2.000E-04   1.6323E-02   1.1933E-02   1.6323E-02 / 1.1933E-02   
120   2.000E-04   1.5761E-02   1.1602E-02   1.5761E-02 / 1.1602E-02   
130   2.000E-04   1.4888E-02   1.1107E-02   1.4888E-02 / 1.1107E-02   
140   2.000E-04   1.4347E-02   1.0761E-02   1.4347E-02 / 1.0761E-02   
150   2.000E-04   1.3559E-02   9.8417E-03   1.3559E-02 / 9.8417E-03   
160   2.000E-04   1.3179E-02   9.6435E-03   1.3179E-02 / 9.6435E-03   
170   2.000E-04   1.2643E-02   9.2199E-03   1.2643E-02 / 9.2199E-03   
180   2.000E-04   1.2631E-02   8.9645E-03   1.2631E-02 / 8.9645E-03   
190   2.000E-04   1.2006E-02   9.0757E-03   1.2006E-02 / 9.0757E-03   
200   2.000E-04   1.1715E-02   8.3525E-03   1.1715E-02 / 8.3525E-03   
210   2.000E-04   1.1551E-02   8.5461E-03   1.1551E-02 / 8.5461E-03   
220   2.000E-04   1.1041E-02   8.1613E-03   1.1041E-02 / 8.1613E-03   
230   2.000E-04   1.0925E-02   8.3599E-03   1.0925E-02 / 8.3599E-03   
240   2.000E-04   1.0774E-02   7.9411E-03   1.0774E-02 / 7.9411E-03   
250   2.000E-04   1.0519E-02   7.6848E-03   1.0519E-02 / 7.6848E-03   
260   2.000E-04   1.0209E-02   7.6258E-03   1.0209E-02 / 7.6258E-03   
270   2.000E-04   9.9169E-03   7.4364E-03   9.9169E-03 / 7.4364E-03   
280   2.000E-04   9.8464E-03   7.6460E-03   9.8464E-03 / 7.6460E-03   
290   2.000E-04   9.5697E-03   7.1777E-03   9.5697E-03 / 7.1777E-03   
300   2.000E-04   9.4482E-03   7.0480E-03   9.4482E-03 / 7.0480E-03   
310   2.000E-04   9.4669E-03   6.9365E-03   9.4669E-03 / 6.9365E-03   
320   2.000E-04   9.1127E-03   6.9885E-03   9.1127E-03 / 6.9885E-03   
330   2.000E-04   9.0815E-03   6.9259E-03   9.0815E-03 / 6.9259E-03   
340   2.000E-04   9.0848E-03   7.3316E-03   9.0848E-03 / 7.3316E-03   
350   2.000E-04   8.8600E-03   7.2006E-03   8.8600E-03 / 7.2006E-03   
360   2.000E-04   9.2319E-03   7.3664E-03   9.2319E-03 / 7.3664E-03   
370   2.000E-04   8.6172E-03   6.8425E-03   8.6172E-03 / 6.8425E-03   
380   2.000E-04   8.4116E-03   6.9118E-03   8.4116E-03 / 6.9118E-03   
390   2.000E-04   8.1711E-03   6.6711E-03   8.1711E-03 / 6.6711E-03   
400   2.000E-04   8.0700E-03   6.6977E-03   8.0700E-03 / 6.6977E-03   
410   2.000E-04   7.9020E-03   6.5570E-03   7.9020E-03 / 6.5570E-03   
420   2.000E-04   7.9488E-03   6.5928E-03   7.9488E-03 / 6.5928E-03   
430   2.000E-04   7.7371E-03   6.3118E-03   7.7371E-03 / 6.3118E-03   
440   2.000E-04   7.7530E-03   6.1856E-03   7.7530E-03 / 6.1856E-03   
450   2.000E-04   7.4677E-03   6.4020E-03   7.4677E-03 / 6.4020E-03   
460   2.000E-04   7.3542E-03   6.2439E-03   7.3542E-03 / 6.2439E-03   
470   2.000E-04   7.3651E-03   6.1516E-03   7.3651E-03 / 6.1516E-03   
480   2.000E-04   7.2517E-03   6.3128E-03   7.2517E-03 / 6.3128E-03   
490   2.000E-04   7.3078E-03   6.9294E-03   7.3078E-03 / 6.9294E-03   
500   2.000E-04   6.9950E-03   6.2780E-03   6.9950E-03 / 6.2780E-03   
510   2.000E-04   7.1959E-03   6.9087E-03   7.1959E-03 / 6.9087E-03   
520   2.000E-04   6.9173E-03   6.2503E-03   6.9173E-03 / 6.2503E-03   
530   2.000E-04   6.9698E-03   6.2399E-03   6.9698E-03 / 6.2399E-03   
540   2.000E-04   6.5990E-03   5.8228E-03   6.5990E-03 / 5.8228E-03   
550   2.000E-04   6.9422E-03   6.5014E-03   6.9422E-03 / 6.5014E-03   
560   2.000E-04   6.6764E-03   5.6702E-03   6.6764E-03 / 5.6702E-03   
570   2.000E-04   6.4794E-03   6.0669E-03   6.4794E-03 / 6.0669E-03   
580   2.000E-04   6.3426E-03   6.1868E-03   6.3426E-03 / 6.1868E-03   
590   2.000E-04   6.6213E-03   6.1974E-03   6.6213E-03 / 6.1974E-03   
600   2.000E-04   6.3207E-03   6.1404E-03   6.3207E-03 / 6.1404E-03   
610   2.000E-04   6.1375E-03   6.1048E-03   6.1375E-03 / 6.1048E-03   
620   2.000E-04   6.0493E-03   5.8796E-03   6.0493E-03 / 5.8796E-03   
630   2.000E-04   6.2379E-03   5.4704E-03   6.2379E-03 / 5.4704E-03   
640   2.000E-04   5.9068E-03   5.8061E-03   5.9068E-03 / 5.8061E-03   
650   2.000E-04   6.3520E-03   6.1452E-03   6.3520E-03 / 6.1452E-03   
660   2.000E-04   5.8736E-03   6.1135E-03   5.8736E-03 / 6.1135E-03   
670   2.000E-04   5.7354E-03   5.7539E-03   5.7354E-03 / 5.7539E-03   
680   2.000E-04   5.7057E-03   5.5282E-03   5.7057E-03 / 5.5282E-03   
690   2.000E-04   5.7329E-03   5.7609E-03   5.7329E-03 / 5.7609E-03   
700   2.000E-04   5.8739E-03   5.9962E-03   5.8739E-03 / 5.9962E-03   
710   2.000E-04   5.4848E-03   5.6476E-03   5.4848E-03 / 5.6476E-03   
720   2.000E-04   5.6552E-03   5.3779E-03   5.6552E-03 / 5.3779E-03   
730   2.000E-04   5.3763E-03   5.5341E-03   5.3763E-03 / 5.5341E-03   
740   2.000E-04   5.4295E-03   5.6978E-03   5.4295E-03 / 5.6978E-03   
750   2.000E-04   5.3705E-03   5.9170E-03   5.3705E-03 / 5.9170E-03   
760   2.000E-04   5.2781E-03   5.5525E-03   5.2781E-03 / 5.5525E-03   
770   2.000E-04   5.1786E-03   5.5919E-03   5.1786E-03 / 5.5919E-03   
780   2.000E-04   5.1525E-03   5.5400E-03   5.1525E-03 / 5.5400E-03   
790   2.000E-04   5.3687E-03   6.1974E-03   5.3687E-03 / 6.1974E-03   
800   2.000E-04   5.2274E-03   5.6302E-03   5.2274E-03 / 5.6302E-03   
810   2.000E-04   5.1223E-03   5.8432E-03   5.1223E-03 / 5.8432E-03   
820   2.000E-04   4.9799E-03   5.4822E-03   4.9799E-03 / 5.4822E-03   
830   2.000E-04   4.9174E-03   5.6643E-03   4.9174E-03 / 5.6643E-03   
840   2.000E-04   5.0290E-03   6.0561E-03   5.0290E-03 / 6.0561E-03   
850   2.000E-04   4.9319E-03   5.5784E-03   4.9319E-03 / 5.5784E-03   
860   2.000E-04   4.8191E-03   5.3797E-03   4.8191E-03 / 5.3797E-03   
870   2.000E-04   4.7772E-03   5.3702E-03   4.7772E-03 / 5.3702E-03   
880   2.000E-04   4.8789E-03   5.4463E-03   4.8789E-03 / 5.4463E-03   
890   2.000E-04   4.7379E-03   5.5882E-03   4.7379E-03 / 5.5882E-03   
900   2.000E-04   4.6917E-03   5.2861E-03   4.6917E-03 / 5.2861E-03   
910   2.000E-04   4.9348E-03   5.5141E-03   4.9348E-03 / 5.5141E-03   
920   2.000E-04   4.6497E-03   5.6551E-03   4.6497E-03 / 5.6551E-03   
930   2.000E-04   4.7780E-03   5.7689E-03   4.7780E-03 / 5.7689E-03   
940   2.000E-04   4.6714E-03   5.0739E-03   4.6714E-03 / 5.0739E-03   
950   2.000E-04   4.6153E-03   5.0490E-03   4.6153E-03 / 5.0490E-03   
960   2.000E-04   4.5096E-03   5.3427E-03   4.5096E-03 / 5.3427E-03   
970   2.000E-04   4.5275E-03   5.6447E-03   4.5275E-03 / 5.6447E-03   
980   2.000E-04   4.5998E-03   5.0854E-03   4.5998E-03 / 5.0854E-03   
990   2.000E-04   4.3918E-03   4.9149E-03   4.3918E-03 / 4.9149E-03   
1000   2.000E-04   4.4933E-03   5.3188E-03   4.4933E-03 / 5.3188E-03   
1010   2.000E-04   4.3294E-03   5.0977E-03   4.3294E-03 / 5.0977E-03   
1020   2.000E-04   4.3677E-03   4.8837E-03   4.3677E-03 / 4.8837E-03   
1030   2.000E-04   4.4269E-03   5.0754E-03   4.4269E-03 / 5.0754E-03   
1040   2.000E-04   4.2987E-03   5.3815E-03   4.2987E-03 / 5.3815E-03   
1050   2.000E-04   4.2217E-03   5.1212E-03   4.2217E-03 / 5.1212E-03   
1060   2.000E-04   4.1653E-03   4.6007E-03   4.1653E-03 / 4.6007E-03   
1070   2.000E-04   4.2553E-03   4.8278E-03   4.2553E-03 / 4.8278E-03   
1080   2.000E-04   4.1206E-03   4.8415E-03   4.1206E-03 / 4.8415E-03   
1090   2.000E-04   4.1014E-03   4.9720E-03   4.1014E-03 / 4.9720E-03   
1100   2.000E-04   4.0632E-03   4.5288E-03   4.0632E-03 / 4.5288E-03   
1110   2.000E-04   4.4771E-03   5.9133E-03   4.4771E-03 / 5.9133E-03   
1120   2.000E-04   4.0623E-03   4.5272E-03   4.0623E-03 / 4.5272E-03   
1130   2.000E-04   3.9880E-03   4.7819E-03   3.9880E-03 / 4.7819E-03   
1140   2.000E-04   4.2735E-03   4.5457E-03   4.2735E-03 / 4.5457E-03   
1150   2.000E-04   4.0175E-03   4.9192E-03   4.0175E-03 / 4.9192E-03   
1160   2.000E-04   3.8479E-03   4.6713E-03   3.8479E-03 / 4.6713E-03   
1170   2.000E-04   3.9562E-03   4.6582E-03   3.9562E-03 / 4.6582E-03   
1180   2.000E-04   3.8740E-03   4.4800E-03   3.8740E-03 / 4.4800E-03   
1190   2.000E-04   3.8947E-03   4.5191E-03   3.8947E-03 / 4.5191E-03   
1200   2.000E-04   3.9371E-03   4.5685E-03   3.9371E-03 / 4.5685E-03   
1210   2.000E-04   3.7670E-03   4.7266E-03   3.7670E-03 / 4.7266E-03   
1220   2.000E-04   3.9222E-03   4.8883E-03   3.9222E-03 / 4.8883E-03   
1230   2.000E-04   3.6605E-03   4.3085E-03   3.6605E-03 / 4.3085E-03   
1240   2.000E-04   3.7658E-03   4.2959E-03   3.7658E-03 / 4.2959E-03   
1250   2.000E-04   3.7581E-03   4.4953E-03   3.7581E-03 / 4.4953E-03   
1260   2.000E-04   3.6992E-03   4.5319E-03   3.6992E-03 / 4.5319E-03   
1270   2.000E-04   3.6076E-03   4.3695E-03   3.6076E-03 / 4.3695E-03   
1280   2.000E-04   3.9065E-03   4.8043E-03   3.9065E-03 / 4.8043E-03   
1290   2.000E-04   3.7192E-03   4.4973E-03   3.7192E-03 / 4.4973E-03   
1300   2.000E-04   3.6568E-03   4.5306E-03   3.6568E-03 / 4.5306E-03   
1310   2.000E-04   3.6869E-03   4.1975E-03   3.6869E-03 / 4.1975E-03   
1320   2.000E-04   3.5828E-03   4.4971E-03   3.5828E-03 / 4.4971E-03   
1330   2.000E-04   3.5653E-03   4.3002E-03   3.5653E-03 / 4.3002E-03   
1340   2.000E-04   3.5765E-03   4.7335E-03   3.5765E-03 / 4.7335E-03   
1350   2.000E-04   3.5519E-03   4.3121E-03   3.5519E-03 / 4.3121E-03   
1360   2.000E-04   3.4988E-03   4.4696E-03   3.4988E-03 / 4.4696E-03   
1370   2.000E-04   3.5299E-03   4.4852E-03   3.5299E-03 / 4.4852E-03   
1380   2.000E-04   3.5689E-03   4.7089E-03   3.5689E-03 / 4.7089E-03   
1390   2.000E-04   3.7258E-03   4.5313E-03   3.7258E-03 / 4.5313E-03   
1400   2.000E-04   3.4477E-03   4.2503E-03   3.4477E-03 / 4.2503E-03   
1410   2.000E-04   3.5328E-03   4.5866E-03   3.5328E-03 / 4.5866E-03   
1420   2.000E-04   3.4852E-03   4.3022E-03   3.4852E-03 / 4.3022E-03   
1430   2.000E-04   3.4641E-03   4.0801E-03   3.4641E-03 / 4.0801E-03   
1440   2.000E-04   3.3930E-03   4.5518E-03   3.3930E-03 / 4.5518E-03   
1450   2.000E-04   3.3529E-03   4.4235E-03   3.3529E-03 / 4.4235E-03   
1460   2.000E-04   3.3595E-03   4.4031E-03   3.3595E-03 / 4.4031E-03   
1470   2.000E-04   3.3652E-03   4.6015E-03   3.3652E-03 / 4.6015E-03   
1480   2.000E-04   3.3416E-03   4.3073E-03   3.3416E-03 / 4.3073E-03   
1490   2.000E-04   3.3297E-03   4.1184E-03   3.3297E-03 / 4.1184E-03   
1500   2.000E-04   3.2736E-03   4.1852E-03   3.2736E-03 / 4.1852E-03   
1510   2.000E-04   3.3048E-03   4.1091E-03   3.3048E-03 / 4.1091E-03   
1520   2.000E-04   3.3174E-03   4.5865E-03   3.3174E-03 / 4.5865E-03   
1530   2.000E-04   3.3902E-03   4.2781E-03   3.3902E-03 / 4.2781E-03   
1540   2.000E-04   3.2901E-03   4.2928E-03   3.2901E-03 / 4.2928E-03   
1550   2.000E-04   3.2463E-03   4.2579E-03   3.2463E-03 / 4.2579E-03   
1560   2.000E-04   3.2383E-03   4.2623E-03   3.2383E-03 / 4.2623E-03   
1570   2.000E-04   3.3254E-03   4.4156E-03   3.3254E-03 / 4.4156E-03   
1580   2.000E-04   3.2070E-03   4.2467E-03   3.2070E-03 / 4.2467E-03   
1590   2.000E-04   3.2204E-03   4.5303E-03   3.2204E-03 / 4.5303E-03   
1600   2.000E-04   3.2161E-03   4.3939E-03   3.2161E-03 / 4.3939E-03   
1610   2.000E-04   3.2517E-03   4.0098E-03   3.2517E-03 / 4.0098E-03   
1620   2.000E-04   3.2294E-03   4.3376E-03   3.2294E-03 / 4.3376E-03   
1630   2.000E-04   3.1511E-03   4.0840E-03   3.1511E-03 / 4.0840E-03   
1640   2.000E-04   3.3020E-03   4.0775E-03   3.3020E-03 / 4.0775E-03   
1650   2.000E-04   3.1971E-03   4.3798E-03   3.1971E-03 / 4.3798E-03   
1660   2.000E-04   3.1927E-03   4.0271E-03   3.1927E-03 / 4.0271E-03   
1670   2.000E-04   3.2138E-03   4.0890E-03   3.2138E-03 / 4.0890E-03   
1680   2.000E-04   3.2058E-03   4.0440E-03   3.2058E-03 / 4.0440E-03   
1690   2.000E-04   3.3522E-03   4.4432E-03   3.3522E-03 / 4.4432E-03   
1700   2.000E-04   3.1438E-03   4.2300E-03   3.1438E-03 / 4.2300E-03   
1710   2.000E-04   3.1385E-03   4.4047E-03   3.1385E-03 / 4.4047E-03   
1720   2.000E-04   3.4364E-03   4.9374E-03   3.4364E-03 / 4.9374E-03   
1730   2.000E-04   3.1349E-03   4.4674E-03   3.1349E-03 / 4.4674E-03   
1740   2.000E-04   3.0591E-03   4.2347E-03   3.0591E-03 / 4.2347E-03   
1750   2.000E-04   3.0872E-03   4.0655E-03   3.0872E-03 / 4.0655E-03   
1760   2.000E-04   3.2539E-03   4.7797E-03   3.2539E-03 / 4.7797E-03   
1770   2.000E-04   2.9804E-03   4.1745E-03   2.9804E-03 / 4.1745E-03   
1780   2.000E-04   3.0157E-03   4.0177E-03   3.0157E-03 / 4.0177E-03   
1790   2.000E-04   3.0052E-03   4.2232E-03   3.0052E-03 / 4.2232E-03   
1800   2.000E-04   3.2578E-03   4.7786E-03   3.2578E-03 / 4.7786E-03   
1810   2.000E-04   2.9489E-03   4.2578E-03   2.9489E-03 / 4.2578E-03   
1820   2.000E-04   3.0034E-03   4.2373E-03   3.0034E-03 / 4.2373E-03   
1830   2.000E-04   3.0099E-03   4.5195E-03   3.0099E-03 / 4.5195E-03   
1840   2.000E-04   3.0574E-03   4.4157E-03   3.0574E-03 / 4.4157E-03   
1850   2.000E-04   3.3230E-03   4.6249E-03   3.3230E-03 / 4.6249E-03   
1860   2.000E-04   2.9073E-03   4.2690E-03   2.9073E-03 / 4.2690E-03   
1870   2.000E-04   2.9293E-03   4.2085E-03   2.9293E-03 / 4.2085E-03   
1880   2.000E-04   2.9827E-03   4.2120E-03   2.9827E-03 / 4.2120E-03   
1890   2.000E-04   2.9954E-03   4.0421E-03   2.9954E-03 / 4.0421E-03   
1900   2.000E-04   2.9915E-03   4.5295E-03   2.9915E-03 / 4.5295E-03   
1910   2.000E-04   3.0004E-03   4.2709E-03   3.0004E-03 / 4.2709E-03   
1920   2.000E-04   2.9614E-03   4.1952E-03   2.9614E-03 / 4.1952E-03   
1930   2.000E-04   3.0302E-03   4.6292E-03   3.0302E-03 / 4.6292E-03   
1940   2.000E-04   2.9862E-03   4.0352E-03   2.9862E-03 / 4.0352E-03   
1950   2.000E-04   3.0154E-03   4.4561E-03   3.0154E-03 / 4.4561E-03   
1960   2.000E-04   2.8457E-03   4.1381E-03   2.8457E-03 / 4.1381E-03   
1970   2.000E-04   2.8069E-03   4.0352E-03   2.8069E-03 / 4.0352E-03   
1980   2.000E-04   2.8564E-03   4.1474E-03   2.8564E-03 / 4.1474E-03   
1990   2.000E-04   3.0678E-03   4.7448E-03   3.0678E-03 / 4.7448E-03   
2000   2.000E-04   2.8054E-03   4.2468E-03   2.8054E-03 / 4.2468E-03   
2010   2.000E-04   2.8189E-03   4.0238E-03   2.8189E-03 / 4.0238E-03   
2020   2.000E-04   2.8195E-03   4.1135E-03   2.8195E-03 / 4.1135E-03   
2030   2.000E-04   2.8865E-03   4.2998E-03   2.8865E-03 / 4.2998E-03   
2040   2.000E-04   2.9159E-03   4.1943E-03   2.9159E-03 / 4.1943E-03   
2050   2.000E-04   2.8388E-03   3.9494E-03   2.8388E-03 / 3.9494E-03   
2060   2.000E-04   2.7923E-03   4.1219E-03   2.7923E-03 / 4.1219E-03   
2070   2.000E-04   2.7495E-03   4.0625E-03   2.7495E-03 / 4.0625E-03   
2080   2.000E-04   2.8557E-03   4.2681E-03   2.8557E-03 / 4.2681E-03   
2090   2.000E-04   2.8943E-03   3.9564E-03   2.8943E-03 / 3.9564E-03   
2100   2.000E-04   2.7058E-03   4.0874E-03   2.7058E-03 / 4.0874E-03   
2110   2.000E-04   2.8770E-03   4.0182E-03   2.8770E-03 / 4.0182E-03   
2120   2.000E-04   2.7869E-03   4.2297E-03   2.7869E-03 / 4.2297E-03   
2130   2.000E-04   2.9557E-03   4.2283E-03   2.9557E-03 / 4.2283E-03   
2140   2.000E-04   2.7961E-03   4.2074E-03   2.7961E-03 / 4.2074E-03   
2150   2.000E-04   2.7267E-03   4.1853E-03   2.7267E-03 / 4.1853E-03   
2160   2.000E-04   2.7870E-03   3.9237E-03   2.7870E-03 / 3.9237E-03   
2170   2.000E-04   2.7356E-03   4.0926E-03   2.7356E-03 / 4.0926E-03   
2180   2.000E-04   2.9806E-03   4.5737E-03   2.9806E-03 / 4.5737E-03   
2190   2.000E-04   2.7927E-03   4.1258E-03   2.7927E-03 / 4.1258E-03   
2200   2.000E-04   2.7295E-03   4.3996E-03   2.7295E-03 / 4.3996E-03   
2210   2.000E-04   2.7748E-03   4.4551E-03   2.7748E-03 / 4.4551E-03   
2220   2.000E-04   2.7630E-03   4.0671E-03   2.7630E-03 / 4.0671E-03   
2230   2.000E-04   2.6101E-03   4.0348E-03   2.6101E-03 / 4.0348E-03   
2240   2.000E-04   2.9383E-03   3.9962E-03   2.9383E-03 / 3.9962E-03   
2250   2.000E-04   2.6221E-03   4.1084E-03   2.6221E-03 / 4.1084E-03   
2260   2.000E-04   2.6028E-03   4.0790E-03   2.6028E-03 / 4.0790E-03   
2270   2.000E-04   2.7424E-03   4.1140E-03   2.7424E-03 / 4.1140E-03   
2280   2.000E-04   2.6201E-03   4.2148E-03   2.6201E-03 / 4.2148E-03   
2290   2.000E-04   2.6531E-03   4.1498E-03   2.6531E-03 / 4.1498E-03   
2300   2.000E-04   2.6946E-03   4.1992E-03   2.6946E-03 / 4.1992E-03   
2310   2.000E-04   2.5908E-03   4.2665E-03   2.5908E-03 / 4.2665E-03   
2320   2.000E-04   2.5980E-03   4.2773E-03   2.5980E-03 / 4.2773E-03   
2330   2.000E-04   2.6220E-03   3.9287E-03   2.6220E-03 / 3.9287E-03   
2340   2.000E-04   2.6613E-03   4.0403E-03   2.6613E-03 / 4.0403E-03   
2350   2.000E-04   2.6516E-03   4.2560E-03   2.6516E-03 / 4.2560E-03   
2360   2.000E-04   2.6087E-03   4.1728E-03   2.6087E-03 / 4.1728E-03   
2370   2.000E-04   2.6661E-03   4.1265E-03   2.6661E-03 / 4.1265E-03   
2380   2.000E-04   2.5819E-03   4.1345E-03   2.5819E-03 / 4.1345E-03   
2390   2.000E-04   2.5368E-03   4.1653E-03   2.5368E-03 / 4.1653E-03   
2400   2.000E-04   2.5668E-03   4.2994E-03   2.5668E-03 / 4.2994E-03   
2410   2.000E-04   2.5300E-03   4.0289E-03   2.5300E-03 / 4.0289E-03   
2420   2.000E-04   2.5012E-03   3.9948E-03   2.5012E-03 / 3.9948E-03   
2430   2.000E-04   2.4888E-03   4.1403E-03   2.4888E-03 / 4.1403E-03   
2440   2.000E-04   2.5139E-03   3.9540E-03   2.5139E-03 / 3.9540E-03   
2450   2.000E-04   2.6389E-03   4.2370E-03   2.6389E-03 / 4.2370E-03   
2460   2.000E-04   2.5523E-03   4.1919E-03   2.5523E-03 / 4.1919E-03   
2470   2.000E-04   2.4776E-03   4.0724E-03   2.4776E-03 / 4.0724E-03   
2480   2.000E-04   3.4655E-03   5.1225E-03   3.4655E-03 / 5.1225E-03   
2490   2.000E-04   2.4673E-03   4.0544E-03   2.4673E-03 / 4.0544E-03   
2500   2.000E-04   2.4860E-03   3.9306E-03   2.4860E-03 / 3.9306E-03   
2510   2.000E-04   2.4745E-03   4.0000E-03   2.4745E-03 / 4.0000E-03   
2520   2.000E-04   2.6349E-03   4.3856E-03   2.6349E-03 / 4.3856E-03   
2530   2.000E-04   2.5095E-03   4.1308E-03   2.5095E-03 / 4.1308E-03   
2540   2.000E-04   2.4990E-03   3.9493E-03   2.4990E-03 / 3.9493E-03   
2550   2.000E-04   2.4481E-03   4.1027E-03   2.4481E-03 / 4.1027E-03   
2560   2.000E-04   2.4705E-03   4.0094E-03   2.4705E-03 / 4.0094E-03   
2570   2.000E-04   2.5576E-03   4.3402E-03   2.5576E-03 / 4.3402E-03   
2580   2.000E-04   2.5391E-03   4.2889E-03   2.5391E-03 / 4.2889E-03   
2590   2.000E-04   2.5755E-03   3.8331E-03   2.5755E-03 / 3.8331E-03   
2600   2.000E-04   2.4950E-03   4.1615E-03   2.4950E-03 / 4.1615E-03   
2610   2.000E-04   2.6139E-03   3.8874E-03   2.6139E-03 / 3.8874E-03   
2620   2.000E-04   2.4431E-03   4.1366E-03   2.4431E-03 / 4.1366E-03   
2630   2.000E-04   2.4669E-03   3.8859E-03   2.4669E-03 / 3.8859E-03   
2640   2.000E-04   2.4263E-03   3.8363E-03   2.4263E-03 / 3.8363E-03   
2650   2.000E-04   2.4326E-03   3.9787E-03   2.4326E-03 / 3.9787E-03   
2660   2.000E-04   2.4388E-03   4.0609E-03   2.4388E-03 / 4.0609E-03   
2670   2.000E-04   2.4539E-03   4.0013E-03   2.4539E-03 / 4.0013E-03   
2680   2.000E-04   2.4975E-03   4.0862E-03   2.4975E-03 / 4.0862E-03   
2690   2.000E-04   2.5320E-03   3.6129E-03   2.5320E-03 / 3.6129E-03   
2700   2.000E-04   2.4534E-03   3.7061E-03   2.4534E-03 / 3.7061E-03   
2710   2.000E-04   2.4662E-03   4.2420E-03   2.4662E-03 / 4.2420E-03   
2720   2.000E-04   2.4548E-03   3.8278E-03   2.4548E-03 / 3.8278E-03   
2730   2.000E-04   2.3616E-03   3.9979E-03   2.3616E-03 / 3.9979E-03   
2740   2.000E-04   2.3881E-03   4.0372E-03   2.3881E-03 / 4.0372E-03   
2750   2.000E-04   2.3666E-03   3.8771E-03   2.3666E-03 / 3.8771E-03   
2760   2.000E-04   2.3889E-03   4.0245E-03   2.3889E-03 / 4.0245E-03   
2770   2.000E-04   2.3862E-03   3.9412E-03   2.3862E-03 / 3.9412E-03   
2780   2.000E-04   2.3362E-03   3.8838E-03   2.3362E-03 / 3.8838E-03   
2790   2.000E-04   2.4814E-03   3.8178E-03   2.4814E-03 / 3.8178E-03   
2800   2.000E-04   2.4483E-03   3.8194E-03   2.4483E-03 / 3.8194E-03   
2810   2.000E-04   2.3683E-03   3.7635E-03   2.3683E-03 / 3.7635E-03   
2820   2.000E-04   2.2824E-03   3.9452E-03   2.2824E-03 / 3.9452E-03   
2830   2.000E-04   2.3094E-03   4.0028E-03   2.3094E-03 / 4.0028E-03   
2840   2.000E-04   2.3079E-03   3.9300E-03   2.3079E-03 / 3.9300E-03   
2850   2.000E-04   2.3659E-03   3.8742E-03   2.3659E-03 / 3.8742E-03   
2860   2.000E-04   2.3426E-03   3.7941E-03   2.3426E-03 / 3.7941E-03   
2870   2.000E-04   2.4393E-03   3.9807E-03   2.4393E-03 / 3.9807E-03   
2880   2.000E-04   2.3217E-03   3.8729E-03   2.3217E-03 / 3.8729E-03   
2890   2.000E-04   2.4940E-03   4.0069E-03   2.4940E-03 / 4.0069E-03   
2900   2.000E-04   2.3285E-03   3.9430E-03   2.3285E-03 / 3.9430E-03   
2910   2.000E-04   2.4044E-03   3.8909E-03   2.4044E-03 / 3.8909E-03   
2920   2.000E-04   2.3674E-03   3.8740E-03   2.3674E-03 / 3.8740E-03   
2930   2.000E-04   2.2611E-03   3.8455E-03   2.2611E-03 / 3.8455E-03   
2940   2.000E-04   2.3429E-03   3.7662E-03   2.3429E-03 / 3.7662E-03   
2950   2.000E-04   2.3756E-03   3.8925E-03   2.3756E-03 / 3.8925E-03   
2960   2.000E-04   2.2498E-03   3.8292E-03   2.2498E-03 / 3.8292E-03   
2970   2.000E-04   2.2966E-03   3.7112E-03   2.2966E-03 / 3.7112E-03   
2980   2.000E-04   2.2974E-03   3.7854E-03   2.2974E-03 / 3.7854E-03   
2990   2.000E-04   2.4313E-03   4.0669E-03   2.4313E-03 / 4.0669E-03   
3000   2.000E-04   2.2789E-03   3.9333E-03   2.2789E-03 / 3.9333E-03   
===============================================================================================================
Saved model to models/phll_only/TBNNiii-24May27_20:22:22.pickle
