========== Dataset info ==========
Dataset params: {'file': '/home/nikhila/WDC/kan/dataset/turbulence_dataset_clean.csv', 'Cases': ['squareDuctAve_Re_1100', 'squareDuctAve_Re_1150', 'squareDuctAve_Re_1250', 'squareDuctAve_Re_1300', 'squareDuctAve_Re_1350', 'squareDuctAve_Re_1400', 'squareDuctAve_Re_1500', 'squareDuctAve_Re_1600', 'squareDuctAve_Re_1800', 'squareDuctAve_Re_2000', 'squareDuctAve_Re_2205', 'squareDuctAve_Re_2400', 'squareDuctAve_Re_2600', 'squareDuctAve_Re_2900', 'squareDuctAve_Re_3200', 'squareDuctAve_Re_3500'], 'val_set': ['squareDuctAve_Re_1300', 'squareDuctAve_Re_1800', 'squareDuctAve_Re_3200'], 'test_set': ['squareDuctAve_Re_2000'], 'data_loader': <class 'tbnn.dataloaders.aDataset'>}
Train/Valid/Test points: 110592 / 27648 / 9216
Memorization?: False
Cluster training?: False
EPOCH     LR        TRAIN         VALID             MSE:T/V                  RL:T/V             %NR_t/%NR_v
===============================================================================================================
  1   1.000E-04   4.1775E-02   3.8027E-02   4.1339E-02 / 3.8018E-02   
 10   1.000E-04   1.2649E-03   1.1954E-03   1.2634E-03 / 1.1950E-03   
 20   1.000E-04   7.7420E-04   7.6411E-04   7.7047E-04 / 7.5621E-04   
 30   1.000E-04   6.3361E-04   6.5171E-04   6.3266E-04 / 6.4574E-04   
 40   1.000E-04   5.6951E-04   5.9362E-04   5.6888E-04 / 5.8988E-04   
 50   1.000E-04   5.2882E-04   5.8981E-04   5.2836E-04 / 5.8753E-04   
 60   1.000E-04   4.9783E-04   5.6060E-04   4.9685E-04 / 5.5401E-04   
 70   1.000E-04   4.7991E-04   5.7497E-04   4.7906E-04 / 5.6219E-04   
 80   1.000E-04   4.6030E-04   5.6398E-04   4.5970E-04 / 5.5088E-04   
 90   1.000E-04   4.4987E-04   5.4935E-04   4.4947E-04 / 5.4026E-04   
100   1.000E-04   4.4898E-04   5.4241E-04   4.4780E-04 / 5.3056E-04   
110   1.000E-04   4.3452E-04   5.4825E-04   4.3429E-04 / 5.4426E-04   
120   1.000E-04   4.2731E-04   5.6791E-04   4.2665E-04 / 5.4154E-04   
130   1.000E-04   4.2135E-04   5.6874E-04   4.2063E-04 / 5.3259E-04   
140   1.000E-04   4.1825E-04   5.6472E-04   4.1737E-04 / 5.3356E-04   
150   1.000E-04   4.1428E-04   5.4203E-04   4.1341E-04 / 5.0876E-04   
160   1.000E-04   4.0824E-04   5.2947E-04   4.0802E-04 / 5.0894E-04   
170   1.000E-04   4.0723E-04   5.4705E-04   4.0562E-04 / 5.1868E-04   
180   1.000E-04   4.0486E-04   5.1884E-04   4.0337E-04 / 4.9157E-04   
190   1.000E-04   4.0168E-04   5.5128E-04   4.0090E-04 / 5.2091E-04   
200   1.000E-04   3.9672E-04   5.2504E-04   3.9613E-04 / 4.9499E-04   
210   1.000E-04   3.9607E-04   5.5044E-04   3.9487E-04 / 5.1466E-04   
220   1.000E-04   3.9302E-04   5.1814E-04   3.9280E-04 / 5.0366E-04   
230   1.000E-04   3.9241E-04   5.2553E-04   3.9100E-04 / 4.9345E-04   
240   1.000E-04   3.9125E-04   4.8727E-04   3.9108E-04 / 4.8130E-04   
250   1.000E-04   3.8981E-04   5.0270E-04   3.8823E-04 / 4.7274E-04   
260   1.000E-04   3.8435E-04   5.1620E-04   3.8410E-04 / 5.0328E-04   
270   1.000E-04   3.8055E-04   5.2307E-04   3.7992E-04 / 5.0192E-04   
280   1.000E-04   3.8172E-04   5.0926E-04   3.8152E-04 / 4.9364E-04   
290   1.000E-04   3.8438E-04   5.1656E-04   3.8372E-04 / 5.0822E-04   
300   1.000E-04   3.8025E-04   5.4066E-04   3.7923E-04 / 5.0701E-04   
310   1.000E-04   3.7517E-04   5.1864E-04   3.7436E-04 / 4.9308E-04   
320   1.000E-04   3.7475E-04   5.2819E-04   3.7427E-04 / 5.0816E-04   
330   1.000E-04   3.7612E-04   5.0609E-04   3.7553E-04 / 4.9412E-04   
340   1.000E-04   3.8578E-04   5.0482E-04   3.8542E-04 / 5.0427E-04   
350   1.000E-04   3.8116E-04   4.7381E-04   3.8074E-04 / 4.6382E-04   
360   1.000E-04   3.6971E-04   4.8097E-04   3.6895E-04 / 4.6257E-04   
370   1.000E-04   3.6960E-04   5.0064E-04   3.6930E-04 / 4.8390E-04   
380   1.000E-04   3.6583E-04   4.9690E-04   3.6556E-04 / 4.7875E-04   
390   1.000E-04   3.6689E-04   5.0134E-04   3.6673E-04 / 4.9051E-04   
400   1.000E-04   3.6992E-04   5.1285E-04   3.6840E-04 / 4.8119E-04   
410   1.000E-04   3.6345E-04   4.8888E-04   3.6266E-04 / 4.7078E-04   
420   1.000E-04   3.6768E-04   5.0637E-04   3.6746E-04 / 4.8764E-04   
430   1.000E-04   3.6278E-04   4.8770E-04   3.6264E-04 / 4.7526E-04   
440   1.000E-04   3.5842E-04   4.7885E-04   3.5824E-04 / 4.6781E-04   
450   1.000E-04   3.5556E-04   4.9786E-04   3.5480E-04 / 4.7159E-04   
460   1.000E-04   3.5541E-04   4.8688E-04   3.5526E-04 / 4.7534E-04   
470   1.000E-04   3.5639E-04   4.9065E-04   3.5624E-04 / 4.8176E-04   
480   1.000E-04   3.5672E-04   4.7126E-04   3.5656E-04 / 4.5805E-04   
490   1.000E-04   3.5426E-04   4.7991E-04   3.5374E-04 / 4.5654E-04   
500   1.000E-04   3.5344E-04   4.9716E-04   3.5314E-04 / 4.7701E-04   
===============================================================================================================
Saved model to /home/nikhila/WDC/kan/kanTBNN/models/multi_run/duct_experiment_4/kanTBNN-25Jan22_07:22:59.pickle
