========== Dataset info ==========
Dataset params: {'file': '/home/nikki/kan/data/turbulence_dataset_clean.csv', 'Cases': ['fp_1000', 'fp_1410', 'fp_2000', 'fp_2540', 'fp_3030', 'fp_3270', 'fp_3630', 'fp_3970', 'fp_4060'], 'val_set': ['fp_3030', 'fp_1410', 'fp_4060'], 'test_set': ['fp_3630'], 'data_loader': <class 'tbnn.dataloaders.aDataset'>}
Train/Valid/Test points: 760 / 468 / 168
Memorization?: False
Cluster training?: False
EPOCH     LR        TRAIN         VALID             MSE:T/V                  RL:T/V             %NR_t/%NR_v
===============================================================================================================
  1   2.000E-03   2.3096E-01   2.2750E-01   2.3096E-01 / 2.2750E-01   
 10   2.000E-03   3.5968E-02   3.4985E-02   3.5968E-02 / 3.4985E-02   
 20   2.000E-03   4.2061E-03   3.9921E-03   4.2061E-03 / 3.9921E-03   
 30   2.000E-03   3.0478E-03   2.9339E-03   3.0474E-03 / 2.9338E-03   
 40   2.000E-03   2.3575E-03   2.2862E-03   2.3573E-03 / 2.2862E-03   
 50   2.000E-03   1.9277E-03   1.8799E-03   1.9277E-03 / 1.8799E-03   
 60   2.000E-03   1.6226E-03   1.5828E-03   1.6226E-03 / 1.5828E-03   
 70   2.000E-03   1.3913E-03   1.3615E-03   1.3913E-03 / 1.3615E-03   
 80   2.000E-03   1.2098E-03   1.1852E-03   1.2098E-03 / 1.1852E-03   
 90   2.000E-03   1.0717E-03   1.0527E-03   1.0717E-03 / 1.0527E-03   
100   2.000E-03   9.6061E-04   9.4459E-04   9.6061E-04 / 9.4459E-04   
110   2.000E-03   8.4784E-04   8.3525E-04   8.4784E-04 / 8.3525E-04   
120   2.000E-03   7.5619E-04   7.4695E-04   7.5619E-04 / 7.4695E-04   
130   2.000E-03   6.9002E-04   6.8339E-04   6.9002E-04 / 6.8339E-04   
140   2.000E-03   6.3628E-04   6.3362E-04   6.3628E-04 / 6.3362E-04   
150   2.000E-03   5.9109E-04   5.8702E-04   5.9107E-04 / 5.8700E-04   
160   2.000E-03   5.5069E-04   5.4984E-04   5.5068E-04 / 5.4981E-04   
170   2.000E-03   5.1680E-04   5.1519E-04   5.1678E-04 / 5.1514E-04   
180   2.000E-03   4.8666E-04   4.8752E-04   4.8652E-04 / 4.8734E-04   
190   2.000E-03   4.6115E-04   4.6369E-04   4.6112E-04 / 4.6363E-04   
200   2.000E-03   4.3515E-04   4.3722E-04   4.3505E-04 / 4.3706E-04   
210   2.000E-03   4.1342E-04   4.1704E-04   4.1330E-04 / 4.1688E-04   
220   2.000E-03   3.9497E-04   3.9941E-04   3.9487E-04 / 3.9933E-04   
230   2.000E-03   3.7420E-04   3.8146E-04   3.7411E-04 / 3.8139E-04   
240   2.000E-03   3.5669E-04   3.6488E-04   3.5667E-04 / 3.6486E-04   
250   2.000E-03   3.4048E-04   3.4996E-04   3.4046E-04 / 3.4994E-04   
260   2.000E-03   3.2317E-04   3.3213E-04   3.2316E-04 / 3.3212E-04   
270   2.000E-03   3.0915E-04   3.2046E-04   3.0914E-04 / 3.2046E-04   
280   2.000E-03   2.9561E-04   3.0737E-04   2.9561E-04 / 3.0737E-04   
290   2.000E-03   2.8224E-04   2.9374E-04   2.8223E-04 / 2.9374E-04   
300   2.000E-03   2.7296E-04   2.8428E-04   2.7295E-04 / 2.8428E-04   
310   2.000E-03   2.6040E-04   2.7315E-04   2.6040E-04 / 2.7315E-04   
320   2.000E-03   2.4847E-04   2.6085E-04   2.4847E-04 / 2.6085E-04   
330   2.000E-03   2.5094E-04   2.5800E-04   2.5091E-04 / 2.5800E-04   
340   2.000E-03   2.3167E-04   2.4189E-04   2.3150E-04 / 2.4169E-04   
350   2.000E-03   2.2672E-04   2.4077E-04   2.2672E-04 / 2.4077E-04   
360   2.000E-03   2.1252E-04   2.2332E-04   2.1251E-04 / 2.2331E-04   
370   2.000E-03   2.0628E-04   2.1978E-04   2.0622E-04 / 2.1974E-04   
380   2.000E-03   2.1679E-04   2.2675E-04   2.1672E-04 / 2.2671E-04   
390   2.000E-03   1.9810E-04   2.1100E-04   1.9808E-04 / 2.1099E-04   
400   2.000E-03   1.8716E-04   2.0007E-04   1.8716E-04 / 2.0006E-04   
410   2.000E-03   1.8566E-04   1.9510E-04   1.8560E-04 / 1.9507E-04   
420   2.000E-03   1.8885E-04   1.9463E-04   1.8875E-04 / 1.9454E-04   
430   2.000E-03   1.7273E-04   1.8304E-04   1.7271E-04 / 1.8301E-04   
440   2.000E-03   1.6363E-04   1.7648E-04   1.6360E-04 / 1.7644E-04   
450   2.000E-03   1.5886E-04   1.6930E-04   1.5875E-04 / 1.6918E-04   
460   2.000E-03   1.5514E-04   1.7069E-04   1.5474E-04 / 1.7032E-04   
470   2.000E-03   1.5640E-04   1.6915E-04   1.5637E-04 / 1.6912E-04   
480   2.000E-03   1.5459E-04   1.6767E-04   1.5456E-04 / 1.6766E-04   
490   2.000E-03   1.3960E-04   1.5439E-04   1.3948E-04 / 1.5432E-04   
500   2.000E-03   1.3904E-04   1.4957E-04   1.3894E-04 / 1.4951E-04   
510   2.000E-03   1.3351E-04   1.4666E-04   1.3281E-04 / 1.4609E-04   
520   2.000E-03   1.4321E-04   1.4609E-04   1.4319E-04 / 1.4608E-04   
530   2.000E-03   1.3053E-04   1.4189E-04   1.3026E-04 / 1.4169E-04   
540   2.000E-03   1.2584E-04   1.3413E-04   1.2584E-04 / 1.3413E-04   
550   2.000E-03   1.1820E-04   1.3216E-04   1.1816E-04 / 1.3212E-04   
560   2.000E-03   1.1412E-04   1.2838E-04   1.1409E-04 / 1.2835E-04   
570   2.000E-03   1.1724E-04   1.3014E-04   1.1687E-04 / 1.2985E-04   
580   2.000E-03   1.2242E-04   1.4405E-04   1.2242E-04 / 1.4405E-04   
590   2.000E-03   1.0758E-04   1.2338E-04   1.0741E-04 / 1.2324E-04   
600   2.000E-03   1.2166E-04   1.3430E-04   1.2166E-04 / 1.3430E-04   
610   2.000E-03   1.0186E-04   1.2028E-04   1.0167E-04 / 1.2016E-04   
620   2.000E-03   1.0315E-04   1.1955E-04   1.0312E-04 / 1.1954E-04   
630   2.000E-03   9.7028E-05   1.1308E-04   9.6892E-05 / 1.1300E-04   
640   2.000E-03   9.9463E-05   1.1104E-04   9.9265E-05 / 1.1091E-04   
650   2.000E-03   9.9204E-05   1.1230E-04   9.9203E-05 / 1.1230E-04   
660   2.000E-03   9.5483E-05   1.1423E-04   9.5442E-05 / 1.1421E-04   
670   2.000E-03   9.0254E-05   1.0810E-04   9.0202E-05 / 1.0805E-04   
680   2.000E-03   9.6339E-05   1.0718E-04   9.6133E-05 / 1.0702E-04   
690   2.000E-03   8.5601E-05   1.0217E-04   8.5573E-05 / 1.0214E-04   
700   2.000E-03   9.3868E-05   1.0447E-04   9.3485E-05 / 1.0421E-04   
710   2.000E-03   8.6926E-05   1.0222E-04   8.6875E-05 / 1.0220E-04   
720   2.000E-03   8.0118E-05   9.5507E-05   8.0065E-05 / 9.5455E-05   
730   2.000E-03   7.7604E-05   9.4297E-05   7.7445E-05 / 9.4201E-05   
740   2.000E-03   7.9533E-05   9.5251E-05   7.9502E-05 / 9.5229E-05   
750   2.000E-03   7.5576E-05   8.8804E-05   7.5539E-05 / 8.8782E-05   
760   2.000E-03   8.4172E-05   1.0455E-04   8.4039E-05 / 1.0445E-04   
770   2.000E-03   9.5626E-05   1.1125E-04   9.5510E-05 / 1.1118E-04   
780   2.000E-03   7.2040E-05   8.7234E-05   7.1990E-05 / 8.7212E-05   
790   2.000E-03   7.1543E-05   8.6300E-05   7.1362E-05 / 8.6157E-05   
800   2.000E-03   7.2293E-05   8.3757E-05   7.2211E-05 / 8.3708E-05   
810   2.000E-03   7.0326E-05   8.2774E-05   7.0250E-05 / 8.2734E-05   
820   2.000E-03   6.6044E-05   8.0709E-05   6.5907E-05 / 8.0615E-05   
830   2.000E-03   6.6377E-05   8.1375E-05   6.6069E-05 / 8.1185E-05   
840   2.000E-03   6.6391E-05   7.9454E-05   6.6345E-05 / 7.9430E-05   
850   2.000E-03   6.6988E-05   7.9067E-05   6.6801E-05 / 7.8939E-05   
860   2.000E-03   6.3311E-05   7.8304E-05   6.3176E-05 / 7.8201E-05   
870   2.000E-03   6.6000E-05   7.9288E-05   6.5966E-05 / 7.9259E-05   
880   2.000E-03   6.9551E-05   7.8520E-05   6.9022E-05 / 7.8126E-05   
890   2.000E-03   6.0919E-05   6.8360E-05   6.0887E-05 / 6.8330E-05   
900   2.000E-03   5.9574E-05   7.1067E-05   5.9560E-05 / 7.1049E-05   
910   2.000E-03   5.8227E-05   7.0434E-05   5.8092E-05 / 7.0327E-05   
920   2.000E-03   6.9407E-05   7.4509E-05   6.9366E-05 / 7.4467E-05   
930   2.000E-03   5.5006E-05   6.5113E-05   5.4879E-05 / 6.4988E-05   
940   2.000E-03   5.7239E-05   6.7496E-05   5.7180E-05 / 6.7435E-05   
950   2.000E-03   5.3612E-05   6.4114E-05   5.3560E-05 / 6.4063E-05   
960   2.000E-03   5.3982E-05   6.5455E-05   5.3928E-05 / 6.5407E-05   
970   2.000E-03   5.5350E-05   6.4187E-05   5.5296E-05 / 6.4142E-05   
980   2.000E-03   5.5069E-05   6.4361E-05   5.5002E-05 / 6.4308E-05   
990   2.000E-03   5.1573E-05   6.4674E-05   5.1535E-05 / 6.4649E-05   
1000   2.000E-03   5.1289E-05   6.5593E-05   5.1140E-05 / 6.5471E-05   
1010   2.000E-03   5.7962E-05   6.8936E-05   5.7799E-05 / 6.8836E-05   
1020   2.000E-03   5.1926E-05   6.4256E-05   5.1785E-05 / 6.4140E-05   
1030   2.000E-03   6.0430E-05   6.8418E-05   6.0424E-05 / 6.8418E-05   
1040   2.000E-03   4.8152E-05   5.9828E-05   4.7794E-05 / 5.9515E-05   
1050   2.000E-03   4.7455E-05   5.9270E-05   4.7410E-05 / 5.9250E-05   
1060   2.000E-03   4.6871E-05   5.6237E-05   4.6829E-05 / 5.6216E-05   
1070   2.000E-03   5.1239E-05   5.8936E-05   5.1194E-05 / 5.8913E-05   
1080   2.000E-03   4.5664E-05   5.6889E-05   4.5601E-05 / 5.6846E-05   
1090   2.000E-03   4.4594E-05   5.6346E-05   4.4290E-05 / 5.6073E-05   
1100   2.000E-03   4.5117E-05   5.6390E-05   4.5088E-05 / 5.6365E-05   
1110   2.000E-03   4.4647E-05   5.4752E-05   4.4628E-05 / 5.4736E-05   
1120   2.000E-03   4.3135E-05   5.5193E-05   4.3129E-05 / 5.5188E-05   
1130   2.000E-03   4.7538E-05   5.7666E-05   4.7447E-05 / 5.7591E-05   
1140   2.000E-03   4.3103E-05   5.5492E-05   4.3052E-05 / 5.5449E-05   
1150   2.000E-03   4.2838E-05   5.3051E-05   4.2797E-05 / 5.3012E-05   
1160   2.000E-03   4.9348E-05   5.5946E-05   4.9331E-05 / 5.5926E-05   
1170   2.000E-03   5.1317E-05   6.2909E-05   5.1181E-05 / 6.2793E-05   
1180   2.000E-03   5.1961E-05   5.9396E-05   5.1935E-05 / 5.9368E-05   
1190   2.000E-03   3.9533E-05   5.1619E-05   3.9527E-05 / 5.1611E-05   
1200   2.000E-03   3.8926E-05   5.0390E-05   3.8917E-05 / 5.0379E-05   
1210   2.000E-03   4.0419E-05   5.2899E-05   4.0418E-05 / 5.2899E-05   
1220   2.000E-03   3.8855E-05   5.3948E-05   3.8750E-05 / 5.3857E-05   
1230   2.000E-03   4.1551E-05   4.9501E-05   4.1537E-05 / 4.9488E-05   
1240   2.000E-03   3.7184E-05   5.0688E-05   3.7153E-05 / 5.0660E-05   
1250   2.000E-03   3.7316E-05   5.1528E-05   3.7232E-05 / 5.1463E-05   
1260   2.000E-03   3.7130E-05   5.1466E-05   3.7113E-05 / 5.1456E-05   
1270   2.000E-03   3.5813E-05   5.0048E-05   3.5676E-05 / 4.9961E-05   
1280   2.000E-03   3.6394E-05   4.8840E-05   3.6243E-05 / 4.8722E-05   
1290   2.000E-03   3.9972E-05   5.4300E-05   3.9947E-05 / 5.4289E-05   
1300   2.000E-03   3.5773E-05   4.9378E-05   3.5743E-05 / 4.9366E-05   
1310   2.000E-03   4.1391E-05   4.8626E-05   4.1272E-05 / 4.8526E-05   
1320   2.000E-03   4.1658E-05   5.4224E-05   4.1651E-05 / 5.4224E-05   
1330   2.000E-03   3.4203E-05   4.6969E-05   3.4124E-05 / 4.6921E-05   
1340   2.000E-03   3.6594E-05   4.7490E-05   3.6477E-05 / 4.7427E-05   
1350   2.000E-03   3.3563E-05   4.8031E-05   3.3462E-05 / 4.7975E-05   
1360   2.000E-03   3.2327E-05   4.6158E-05   3.2295E-05 / 4.6146E-05   
1370   2.000E-03   3.2549E-05   4.7041E-05   3.2501E-05 / 4.7013E-05   
1380   2.000E-03   3.2947E-05   4.4910E-05   3.2893E-05 / 4.4880E-05   
1390   2.000E-03   3.5843E-05   4.9394E-05   3.5815E-05 / 4.9383E-05   
1400   2.000E-03   3.1162E-05   4.6359E-05   3.1020E-05 / 4.6242E-05   
1410   2.000E-03   3.4030E-05   5.2509E-05   3.4006E-05 / 5.2495E-05   
1420   2.000E-03   3.0492E-05   4.7764E-05   3.0454E-05 / 4.7727E-05   
1430   2.000E-03   3.1708E-05   4.7181E-05   3.1699E-05 / 4.7174E-05   
1440   2.000E-03   3.7685E-05   4.9340E-05   3.7628E-05 / 4.9302E-05   
1450   2.000E-03   3.0254E-05   4.6570E-05   3.0247E-05 / 4.6555E-05   
1460   2.000E-03   2.9361E-05   4.4860E-05   2.9350E-05 / 4.4849E-05   
1470   2.000E-03   3.0002E-05   4.5227E-05   2.9729E-05 / 4.4944E-05   
1480   2.000E-03   4.0892E-05   5.8135E-05   4.0891E-05 / 5.8133E-05   
1490   2.000E-03   2.9832E-05   4.4658E-05   2.9773E-05 / 4.4608E-05   
1500   2.000E-03   2.8432E-05   4.5841E-05   2.8376E-05 / 4.5779E-05   
1510   2.000E-03   3.1382E-05   4.9498E-05   3.1216E-05 / 4.9347E-05   
1520   2.000E-03   2.8716E-05   4.7860E-05   2.8612E-05 / 4.7751E-05   
1530   2.000E-03   2.8085E-05   4.5862E-05   2.8084E-05 / 4.5861E-05   
1540   2.000E-03   2.9383E-05   4.4275E-05   2.9368E-05 / 4.4258E-05   
1550   2.000E-03   3.0926E-05   4.9914E-05   3.0924E-05 / 4.9913E-05   
1560   2.000E-03   3.8086E-05   4.6440E-05   3.8002E-05 / 4.6371E-05   
1570   2.000E-03   2.8483E-05   4.4274E-05   2.8330E-05 / 4.4159E-05   
1580   2.000E-03   2.8330E-05   4.5907E-05   2.8268E-05 / 4.5850E-05   
1590   2.000E-03   2.8040E-05   4.4829E-05   2.7979E-05 / 4.4780E-05   
1600   2.000E-03   3.0483E-05   4.9529E-05   3.0339E-05 / 4.9413E-05   
1610   2.000E-03   2.5226E-05   4.2769E-05   2.5205E-05 / 4.2753E-05   
1620   2.000E-03   2.8666E-05   4.5868E-05   2.8513E-05 / 4.5737E-05   
1630   2.000E-03   2.8025E-05   4.4142E-05   2.7934E-05 / 4.4069E-05   
1640   2.000E-03   2.6190E-05   4.2067E-05   2.6190E-05 / 4.2067E-05   
1650   2.000E-03   2.5655E-05   4.0976E-05   2.5562E-05 / 4.0901E-05   
1660   2.000E-03   2.4947E-05   4.2317E-05   2.4891E-05 / 4.2273E-05   
1670   2.000E-03   4.8655E-05   5.5761E-05   4.8655E-05 / 5.5761E-05   
1680   2.000E-03   2.4502E-05   4.3564E-05   2.4486E-05 / 4.3557E-05   
1690   2.000E-03   2.3566E-05   4.1830E-05   2.3531E-05 / 4.1807E-05   
1700   2.000E-03   2.3950E-05   4.2285E-05   2.3941E-05 / 4.2280E-05   
1710   2.000E-03   2.3901E-05   4.0862E-05   2.3839E-05 / 4.0816E-05   
1720   2.000E-03   2.3888E-05   4.1388E-05   2.3874E-05 / 4.1384E-05   
1730   2.000E-03   2.7095E-05   4.7607E-05   2.7043E-05 / 4.7568E-05   
1740   2.000E-03   2.3176E-05   4.1647E-05   2.3060E-05 / 4.1553E-05   
1750   2.000E-03   2.3709E-05   4.2682E-05   2.3635E-05 / 4.2626E-05   
1760   2.000E-03   2.5050E-05   4.2883E-05   2.4991E-05 / 4.2837E-05   
1770   2.000E-03   3.4842E-05   4.4911E-05   3.4808E-05 / 4.4893E-05   
1780   2.000E-03   2.3106E-05   4.3314E-05   2.3082E-05 / 4.3307E-05   
1790   2.000E-03   2.1795E-05   4.0533E-05   2.1784E-05 / 4.0532E-05   
1800   2.000E-03   2.2875E-05   4.0675E-05   2.2783E-05 / 4.0616E-05   
1810   2.000E-03   2.4539E-05   4.5908E-05   2.4532E-05 / 4.5908E-05   
1820   2.000E-03   2.2392E-05   4.0946E-05   2.2385E-05 / 4.0946E-05   
1830   2.000E-03   2.8539E-05   4.8744E-05   2.8496E-05 / 4.8718E-05   
1840   2.000E-03   2.1003E-05   4.1033E-05   2.0996E-05 / 4.1032E-05   
1850   2.000E-03   2.1007E-05   4.0354E-05   2.0987E-05 / 4.0345E-05   
1860   2.000E-03   2.0633E-05   4.0321E-05   2.0617E-05 / 4.0314E-05   
1870   2.000E-03   2.0444E-05   4.0635E-05   2.0427E-05 / 4.0628E-05   
1880   2.000E-03   2.5721E-05   4.3569E-05   2.5721E-05 / 4.3569E-05   
1890   2.000E-03   2.0512E-05   4.0248E-05   2.0491E-05 / 4.0238E-05   
1900   2.000E-03   2.1187E-05   4.0572E-05   2.1173E-05 / 4.0569E-05   
1910   2.000E-03   2.0785E-05   4.1561E-05   2.0768E-05 / 4.1560E-05   
1920   2.000E-03   2.0717E-05   4.0649E-05   2.0679E-05 / 4.0629E-05   
1930   2.000E-03   2.0114E-05   4.0331E-05   2.0095E-05 / 4.0324E-05   
1940   2.000E-03   2.4318E-05   4.4560E-05   2.4304E-05 / 4.4558E-05   
1950   2.000E-03   2.0817E-05   4.1491E-05   2.0803E-05 / 4.1491E-05   
1960   2.000E-03   2.0010E-05   3.9225E-05   1.9987E-05 / 3.9217E-05   
1970   2.000E-03   2.0383E-05   4.1504E-05   2.0381E-05 / 4.1504E-05   
1980   2.000E-03   2.2222E-05   4.3216E-05   2.2221E-05 / 4.3216E-05   
1990   2.000E-03   1.9072E-05   3.8663E-05   1.9068E-05 / 3.8661E-05   
2000   2.000E-03   2.0620E-05   4.0123E-05   2.0380E-05 / 3.9974E-05   
2010   2.000E-03   2.8236E-05   4.7735E-05   2.8134E-05 / 4.7684E-05   
2020   2.000E-03   2.1888E-05   4.0439E-05   2.1877E-05 / 4.0435E-05   
2030   2.000E-03   1.9006E-05   3.8771E-05   1.8990E-05 / 3.8764E-05   
2040   2.000E-03   1.9797E-05   3.8178E-05   1.9769E-05 / 3.8163E-05   
2050   2.000E-03   2.0937E-05   4.0993E-05   2.0926E-05 / 4.0992E-05   
2060   2.000E-03   1.9915E-05   3.9342E-05   1.9904E-05 / 3.9336E-05   
2070   2.000E-03   1.8214E-05   3.7283E-05   1.8158E-05 / 3.7259E-05   
2080   2.000E-03   1.8591E-05   3.8401E-05   1.8591E-05 / 3.8401E-05   
2090   2.000E-03   4.1328E-05   5.6452E-05   4.1270E-05 / 5.6415E-05   
2100   2.000E-03   1.8434E-05   3.6911E-05   1.8434E-05 / 3.6911E-05   
2110   2.000E-03   1.8308E-05   3.4756E-05   1.8300E-05 / 3.4755E-05   
2120   2.000E-03   1.9419E-05   3.7467E-05   1.9409E-05 / 3.7465E-05   
2130   2.000E-03   1.7612E-05   3.5851E-05   1.7592E-05 / 3.5841E-05   
2140   2.000E-03   1.7407E-05   3.5104E-05   1.7398E-05 / 3.5101E-05   
2150   2.000E-03   1.8315E-05   3.3927E-05   1.8314E-05 / 3.3927E-05   
2160   2.000E-03   1.8297E-05   3.4726E-05   1.8296E-05 / 3.4725E-05   
2170   2.000E-03   1.8293E-05   3.3602E-05   1.8259E-05 / 3.3583E-05   
2180   2.000E-03   1.9990E-05   3.9151E-05   1.9977E-05 / 3.9143E-05   
2190   2.000E-03   1.9503E-05   3.9684E-05   1.9503E-05 / 3.9684E-05   
2200   2.000E-03   1.7375E-05   3.5843E-05   1.7374E-05 / 3.5842E-05   
2210   2.000E-03   2.3340E-05   4.2230E-05   2.3225E-05 / 4.2179E-05   
2220   2.000E-03   2.3403E-05   4.1153E-05   2.3399E-05 / 4.1149E-05   
2230   2.000E-03   2.4486E-05   4.1446E-05   2.4478E-05 / 4.1445E-05   
2240   2.000E-03   1.6076E-05   3.3636E-05   1.6067E-05 / 3.3630E-05   
2250   2.000E-03   1.7181E-05   3.6314E-05   1.7175E-05 / 3.6314E-05   
2260   2.000E-03   1.9599E-05   3.1926E-05   1.9560E-05 / 3.1916E-05   
2270   2.000E-03   1.8040E-05   3.4065E-05   1.8039E-05 / 3.4065E-05   
2280   2.000E-03   1.6243E-05   3.4403E-05   1.6217E-05 / 3.4383E-05   
2290   2.000E-03   1.8034E-05   3.5897E-05   1.8017E-05 / 3.5883E-05   
2300   2.000E-03   1.6119E-05   3.3855E-05   1.6096E-05 / 3.3835E-05   
2310   2.000E-03   1.5377E-05   3.3364E-05   1.5361E-05 / 3.3352E-05   
2320   2.000E-03   1.5708E-05   3.3442E-05   1.5706E-05 / 3.3441E-05   
2330   2.000E-03   1.7498E-05   3.3965E-05   1.7498E-05 / 3.3965E-05   
2340   2.000E-03   1.7217E-05   3.1458E-05   1.7168E-05 / 3.1431E-05   
2350   2.000E-03   1.9666E-05   3.3244E-05   1.9636E-05 / 3.3226E-05   
2360   2.000E-03   1.5426E-05   3.2182E-05   1.5414E-05 / 3.2177E-05   
2370   2.000E-03   1.5487E-05   3.1729E-05   1.5405E-05 / 3.1698E-05   
2380   2.000E-03   1.5817E-05   3.3029E-05   1.5815E-05 / 3.3029E-05   
2390   2.000E-03   1.6606E-05   3.1343E-05   1.6604E-05 / 3.1343E-05   
2400   2.000E-03   1.5305E-05   3.2159E-05   1.5303E-05 / 3.2158E-05   
2410   2.000E-03   1.5841E-05   3.1064E-05   1.5825E-05 / 3.1059E-05   
2420   2.000E-03   1.6859E-05   3.1196E-05   1.6859E-05 / 3.1196E-05   
2430   2.000E-03   1.4524E-05   3.0952E-05   1.4514E-05 / 3.0949E-05   
2440   2.000E-03   1.5058E-05   3.1223E-05   1.5054E-05 / 3.1222E-05   
2450   2.000E-03   1.8416E-05   3.0356E-05   1.8416E-05 / 3.0356E-05   
2460   2.000E-03   1.4645E-05   2.9962E-05   1.4645E-05 / 2.9962E-05   
2470   2.000E-03   1.4946E-05   3.0875E-05   1.4946E-05 / 3.0875E-05   
2480   2.000E-03   2.2188E-05   3.1857E-05   2.2175E-05 / 3.1853E-05   
2490   2.000E-03   1.5204E-05   2.9943E-05   1.5138E-05 / 2.9909E-05   
2500   2.000E-03   1.5202E-05   3.0314E-05   1.5197E-05 / 3.0314E-05   
2510   2.000E-03   1.5520E-05   3.0177E-05   1.5227E-05 / 3.0017E-05   
2520   2.000E-03   1.4955E-05   3.0676E-05   1.4905E-05 / 3.0664E-05   
2530   2.000E-03   1.4372E-05   3.0276E-05   1.4363E-05 / 3.0275E-05   
2540   2.000E-03   1.3758E-05   2.9222E-05   1.3754E-05 / 2.9222E-05   
2550   2.000E-03   1.4430E-05   2.9252E-05   1.4427E-05 / 2.9252E-05   
2560   2.000E-03   1.8083E-05   3.2006E-05   1.8082E-05 / 3.2006E-05   
2570   2.000E-03   1.5232E-05   3.0422E-05   1.5232E-05 / 3.0422E-05   
2580   2.000E-03   1.6924E-05   3.5382E-05   1.6900E-05 / 3.5376E-05   
2590   2.000E-03   1.9075E-05   3.4686E-05   1.9072E-05 / 3.4686E-05   
2600   2.000E-03   1.3562E-05   2.8457E-05   1.3553E-05 / 2.8457E-05   
2610   2.000E-03   1.4973E-05   2.9817E-05   1.4960E-05 / 2.9817E-05   
2620   2.000E-03   1.4789E-05   3.0435E-05   1.4787E-05 / 3.0435E-05   
2630   2.000E-03   1.8468E-05   3.3196E-05   1.8450E-05 / 3.3195E-05   
2640   2.000E-03   1.2912E-05   2.7571E-05   1.2905E-05 / 2.7571E-05   
2650   2.000E-03   1.3782E-05   2.8472E-05   1.3776E-05 / 2.8472E-05   
2660   2.000E-03   1.7149E-05   3.0661E-05   1.7113E-05 / 3.0650E-05   
2670   2.000E-03   1.3022E-05   2.6995E-05   1.3017E-05 / 2.6995E-05   
2680   2.000E-03   1.2758E-05   2.6984E-05   1.2723E-05 / 2.6973E-05   
2690   2.000E-03   1.3519E-05   2.6973E-05   1.3518E-05 / 2.6973E-05   
2700   2.000E-03   1.7348E-05   3.0236E-05   1.7336E-05 / 3.0236E-05   
2710   2.000E-03   1.3520E-05   2.7354E-05   1.3519E-05 / 2.7354E-05   
2720   2.000E-03   1.2427E-05   2.6359E-05   1.2424E-05 / 2.6359E-05   
2730   2.000E-03   1.3403E-05   2.7396E-05   1.3384E-05 / 2.7395E-05   
2740   2.000E-03   1.9724E-05   3.1960E-05   1.9716E-05 / 3.1959E-05   
2750   2.000E-03   1.2766E-05   2.8010E-05   1.2762E-05 / 2.8010E-05   
2760   2.000E-03   1.3274E-05   2.7354E-05   1.3272E-05 / 2.7354E-05   
2770   2.000E-03   1.6289E-05   2.9233E-05   1.6280E-05 / 2.9233E-05   
2780   2.000E-03   1.4046E-05   2.6767E-05   1.4018E-05 / 2.6755E-05   
2790   2.000E-03   1.4083E-05   2.7754E-05   1.4071E-05 / 2.7754E-05   
2800   2.000E-03   1.6098E-05   2.9926E-05   1.6086E-05 / 2.9926E-05   
2810   2.000E-03   1.6653E-05   2.8494E-05   1.6520E-05 / 2.8449E-05   
2820   2.000E-03   1.2154E-05   2.5700E-05   1.2152E-05 / 2.5700E-05   
2830   2.000E-03   1.2087E-05   2.5707E-05   1.2083E-05 / 2.5707E-05   
2840   2.000E-03   1.3225E-05   2.6734E-05   1.3224E-05 / 2.6734E-05   
2850   2.000E-03   1.7691E-05   3.2283E-05   1.7686E-05 / 3.2283E-05   
2860   2.000E-03   1.1456E-05   2.4246E-05   1.1453E-05 / 2.4246E-05   
2870   2.000E-03   1.1637E-05   2.5401E-05   1.1636E-05 / 2.5401E-05   
2880   2.000E-03   1.2911E-05   2.6567E-05   1.2911E-05 / 2.6567E-05   
2890   2.000E-03   1.3158E-05   2.7399E-05   1.3149E-05 / 2.7399E-05   
2900   2.000E-03   1.3325E-05   2.6933E-05   1.3324E-05 / 2.6933E-05   
2910   2.000E-03   1.2088E-05   2.4497E-05   1.2088E-05 / 2.4497E-05   
2920   2.000E-03   1.1319E-05   2.5177E-05   1.1319E-05 / 2.5177E-05   
2930   2.000E-03   1.2432E-05   2.5628E-05   1.2428E-05 / 2.5627E-05   
2940   2.000E-03   1.3211E-05   2.7705E-05   1.3210E-05 / 2.7705E-05   
2950   2.000E-03   1.2207E-05   2.6390E-05   1.2166E-05 / 2.6371E-05   
2960   2.000E-03   1.1159E-05   2.4461E-05   1.1142E-05 / 2.4447E-05   
2970   2.000E-03   2.9755E-05   3.7735E-05   2.9714E-05 / 3.7730E-05   
2980   2.000E-03   1.4857E-05   2.6594E-05   1.4856E-05 / 2.6594E-05   
2990   2.000E-03   1.1191E-05   2.2807E-05   1.1132E-05 / 2.2773E-05   
3000   2.000E-03   1.1650E-05   2.3778E-05   1.1630E-05 / 2.3777E-05   
3010   2.000E-03   1.0980E-05   2.2661E-05   1.0980E-05 / 2.2661E-05   
3020   2.000E-03   1.1029E-05   2.3215E-05   1.1027E-05 / 2.3215E-05   
3030   2.000E-03   1.2199E-05   2.4458E-05   1.2187E-05 / 2.4449E-05   
3040   2.000E-03   1.1131E-05   2.3238E-05   1.1113E-05 / 2.3234E-05   
3050   2.000E-03   1.1438E-05   2.2242E-05   1.1427E-05 / 2.2242E-05   
3060   2.000E-03   1.1623E-05   2.4262E-05   1.1603E-05 / 2.4236E-05   
3070   2.000E-03   1.0723E-05   2.3759E-05   1.0710E-05 / 2.3759E-05   
3080   2.000E-03   1.4299E-05   2.5073E-05   1.4225E-05 / 2.4989E-05   
3090   2.000E-03   1.2862E-05   2.6148E-05   1.2734E-05 / 2.6083E-05   
3100   2.000E-03   1.4264E-05   2.3528E-05   1.4111E-05 / 2.3457E-05   
3110   2.000E-03   1.0978E-05   2.2075E-05   1.0969E-05 / 2.2071E-05   
3120   2.000E-03   1.0446E-05   2.3576E-05   1.0446E-05 / 2.3576E-05   
3130   2.000E-03   1.0575E-05   2.2198E-05   1.0560E-05 / 2.2190E-05   
3140   2.000E-03   1.2191E-05   2.6028E-05   1.2127E-05 / 2.5999E-05   
3150   2.000E-03   1.0993E-05   2.5450E-05   1.0991E-05 / 2.5450E-05   
3160   2.000E-03   1.1178E-05   2.3563E-05   1.1178E-05 / 2.3563E-05   
3170   2.000E-03   1.0590E-05   2.2904E-05   1.0589E-05 / 2.2904E-05   
3180   2.000E-03   1.2924E-05   2.4099E-05   1.2921E-05 / 2.4096E-05   
3190   2.000E-03   1.1281E-05   2.5212E-05   1.1276E-05 / 2.5209E-05   
3200   2.000E-03   1.5890E-05   3.1837E-05   1.5837E-05 / 3.1830E-05   
3210   2.000E-03   1.1977E-05   2.5727E-05   1.1967E-05 / 2.5725E-05   
3220   2.000E-03   1.0869E-05   2.3037E-05   1.0860E-05 / 2.3037E-05   
3230   2.000E-03   1.1976E-05   2.3384E-05   1.1970E-05 / 2.3383E-05   
3240   2.000E-03   1.0066E-05   2.2782E-05   1.0023E-05 / 2.2757E-05   
3250   2.000E-03   1.7280E-05   2.9362E-05   1.7280E-05 / 2.9362E-05   
3260   2.000E-03   1.0023E-05   2.1216E-05   1.0016E-05 / 2.1215E-05   
3270   2.000E-03   1.0038E-05   2.2723E-05   9.9995E-06 / 2.2715E-05   
3280   2.000E-03   1.1344E-05   2.1849E-05   1.1334E-05 / 2.1849E-05   
3290   2.000E-03   1.0033E-05   2.2215E-05   1.0020E-05 / 2.2214E-05   
3300   2.000E-03   1.0539E-05   2.3673E-05   1.0538E-05 / 2.3673E-05   
3310   2.000E-03   1.1673E-05   2.3899E-05   1.1665E-05 / 2.3899E-05   
3320   2.000E-03   1.1933E-05   2.3963E-05   1.1932E-05 / 2.3963E-05   
3330   2.000E-03   1.1560E-05   2.5956E-05   1.1547E-05 / 2.5954E-05   
3340   2.000E-03   9.4751E-06   2.1628E-05   9.4749E-06 / 2.1628E-05   
3350   2.000E-03   1.4136E-05   2.8819E-05   1.4132E-05 / 2.8819E-05   
3360   2.000E-03   9.6987E-06   2.1818E-05   9.6937E-06 / 2.1817E-05   
3370   2.000E-03   9.9326E-06   2.3489E-05   9.9321E-06 / 2.3489E-05   
3380   2.000E-03   1.0015E-05   2.3091E-05   1.0014E-05 / 2.3091E-05   
3390   2.000E-03   1.0191E-05   2.2837E-05   1.0187E-05 / 2.2837E-05   
3400   2.000E-03   1.0152E-05   2.2914E-05   1.0149E-05 / 2.2914E-05   
3410   2.000E-03   1.1103E-05   2.1796E-05   1.1100E-05 / 2.1796E-05   
3420   2.000E-03   1.0438E-05   2.3342E-05   1.0438E-05 / 2.3342E-05   
3430   2.000E-03   9.7747E-06   2.3916E-05   9.7633E-06 / 2.3916E-05   
3440   2.000E-03   9.4069E-06   2.1230E-05   9.4060E-06 / 2.1230E-05   
3450   2.000E-03   1.0246E-05   2.3667E-05   1.0246E-05 / 2.3667E-05   
3460   2.000E-03   1.0898E-05   2.1802E-05   1.0858E-05 / 2.1799E-05   
3470   2.000E-03   9.5969E-06   2.2328E-05   9.5771E-06 / 2.2326E-05   
3480   2.000E-03   1.6806E-05   2.2992E-05   1.6778E-05 / 2.2990E-05   
3490   2.000E-03   9.1369E-06   2.1929E-05   9.1000E-06 / 2.1923E-05   
3500   2.000E-03   9.3529E-06   2.3162E-05   9.3420E-06 / 2.3162E-05   
3510   2.000E-03   9.2686E-06   2.2753E-05   9.2684E-06 / 2.2753E-05   
3520   2.000E-03   9.7025E-06   2.2747E-05   9.7020E-06 / 2.2747E-05   
3530   2.000E-03   1.0331E-05   2.2444E-05   1.0331E-05 / 2.2444E-05   
3540   2.000E-03   1.0508E-05   2.4800E-05   1.0508E-05 / 2.4800E-05   
3550   2.000E-03   1.1394E-05   2.4044E-05   1.1367E-05 / 2.4043E-05   
3560   2.000E-03   9.6476E-06   2.2046E-05   9.6419E-06 / 2.2046E-05   
3570   2.000E-03   9.9692E-06   2.4303E-05   9.9674E-06 / 2.4303E-05   
3580   2.000E-03   9.7305E-06   2.2094E-05   9.7302E-06 / 2.2094E-05   
3590   2.000E-03   9.7429E-06   2.1856E-05   9.7092E-06 / 2.1855E-05   
3600   2.000E-03   9.3776E-06   2.2189E-05   9.3722E-06 / 2.2189E-05   
3610   2.000E-03   1.2402E-05   2.5142E-05   1.2368E-05 / 2.5133E-05   
3620   2.000E-03   9.9989E-06   1.9564E-05   9.9984E-06 / 1.9564E-05   
3630   2.000E-03   1.1669E-05   2.4347E-05   1.1664E-05 / 2.4347E-05   
3640   2.000E-03   1.1351E-05   2.3855E-05   1.1348E-05 / 2.3855E-05   
3650   2.000E-03   1.1595E-05   2.2604E-05   1.1594E-05 / 2.2604E-05   
3660   2.000E-03   8.6773E-06   2.0568E-05   8.6691E-06 / 2.0568E-05   
3670   2.000E-03   8.8055E-06   2.1438E-05   8.8040E-06 / 2.1438E-05   
3680   2.000E-03   9.0815E-06   2.0254E-05   9.0814E-06 / 2.0254E-05   
3690   2.000E-03   1.1385E-05   2.3174E-05   1.1346E-05 / 2.3167E-05   
3700   2.000E-03   8.4829E-06   2.0696E-05   8.4821E-06 / 2.0696E-05   
3710   2.000E-03   1.2129E-05   2.3044E-05   1.2126E-05 / 2.3044E-05   
3720   2.000E-03   9.4380E-06   1.9648E-05   9.4152E-06 / 1.9643E-05   
3730   2.000E-03   8.5776E-06   1.9145E-05   8.4860E-06 / 1.9101E-05   
3740   2.000E-03   8.5942E-06   1.9819E-05   8.5899E-06 / 1.9819E-05   
3750   2.000E-03   8.7115E-06   1.8782E-05   8.7075E-06 / 1.8782E-05   
3760   2.000E-03   8.9728E-06   2.0785E-05   8.9704E-06 / 2.0785E-05   
3770   2.000E-03   8.5600E-06   1.9508E-05   8.5518E-06 / 1.9508E-05   
3780   2.000E-03   9.2454E-06   2.1537E-05   9.2454E-06 / 2.1537E-05   
3790   2.000E-03   1.0340E-05   2.2809E-05   1.0335E-05 / 2.2808E-05   
3800   2.000E-03   8.8689E-06   1.9201E-05   8.8647E-06 / 1.9201E-05   
3810   2.000E-03   9.3760E-06   2.0401E-05   9.3704E-06 / 2.0401E-05   
3820   2.000E-03   9.1695E-06   1.9761E-05   9.1695E-06 / 1.9761E-05   
3830   2.000E-03   1.1446E-05   2.1088E-05   1.1445E-05 / 2.1088E-05   
3840   2.000E-03   9.5180E-06   2.0178E-05   9.5080E-06 / 2.0177E-05   
3850   2.000E-03   9.1232E-06   1.9860E-05   9.0845E-06 / 1.9856E-05   
3860   2.000E-03   9.1915E-06   2.2216E-05   9.1799E-06 / 2.2213E-05   
3870   2.000E-03   8.5316E-06   1.9227E-05   8.5312E-06 / 1.9227E-05   
3880   2.000E-03   9.2635E-06   2.0865E-05   9.1581E-06 / 2.0806E-05   
3890   2.000E-03   8.1480E-06   1.8623E-05   8.1439E-06 / 1.8622E-05   
3900   2.000E-03   8.4030E-06   1.9768E-05   8.4030E-06 / 1.9768E-05   
3910   2.000E-03   9.5290E-06   2.1359E-05   9.5286E-06 / 2.1359E-05   
3920   2.000E-03   8.3256E-06   2.0321E-05   8.3060E-06 / 2.0314E-05   
3930   2.000E-03   8.7515E-06   2.0559E-05   8.5484E-06 / 2.0456E-05   
3940   2.000E-03   8.4120E-06   2.0251E-05   8.3974E-06 / 2.0248E-05   
3950   2.000E-03   1.0554E-05   2.1406E-05   1.0450E-05 / 2.1371E-05   
3960   2.000E-03   8.2485E-06   1.8477E-05   8.2366E-06 / 1.8477E-05   
3970   2.000E-03   7.9520E-06   1.8381E-05   7.9383E-06 / 1.8376E-05   
3980   2.000E-03   8.1483E-06   1.9810E-05   8.1348E-06 / 1.9803E-05   
3990   2.000E-03   8.8778E-06   1.9294E-05   8.8778E-06 / 1.9294E-05   
4000   2.000E-03   8.5339E-06   2.0232E-05   8.5338E-06 / 2.0232E-05   
4010   2.000E-03   8.1718E-06   1.7761E-05   8.1446E-06 / 1.7745E-05   
4020   2.000E-03   1.0655E-05   2.1048E-05   1.0297E-05 / 2.0873E-05   
4030   2.000E-03   8.3954E-06   1.7839E-05   8.3835E-06 / 1.7830E-05   
4040   2.000E-03   8.2776E-06   1.9338E-05   8.2776E-06 / 1.9338E-05   
4050   2.000E-03   7.6353E-06   1.8319E-05   7.6302E-06 / 1.8317E-05   
4060   2.000E-03   8.4852E-06   1.8973E-05   8.4838E-06 / 1.8973E-05   
4070   2.000E-03   8.4071E-06   1.9952E-05   8.3787E-06 / 1.9930E-05   
4080   2.000E-03   7.6834E-06   1.9925E-05   7.6752E-06 / 1.9923E-05   
4090   2.000E-03   7.7792E-06   1.9160E-05   7.7792E-06 / 1.9160E-05   
4100   2.000E-03   8.9109E-06   2.0531E-05   8.9104E-06 / 2.0531E-05   
4110   2.000E-03   8.1551E-06   1.9633E-05   8.1424E-06 / 1.9632E-05   
4120   2.000E-03   7.9952E-06   1.7533E-05   7.9598E-06 / 1.7514E-05   
4130   2.000E-03   7.4438E-06   1.8028E-05   7.4287E-06 / 1.8021E-05   
4140   2.000E-03   7.6670E-06   1.8673E-05   7.6655E-06 / 1.8673E-05   
4150   2.000E-03   7.6463E-06   1.9098E-05   7.6461E-06 / 1.9098E-05   
4160   2.000E-03   1.1636E-05   2.0100E-05   1.1632E-05 / 2.0097E-05   
4170   2.000E-03   9.0419E-06   2.0525E-05   8.9695E-06 / 2.0482E-05   
4180   2.000E-03   8.5419E-06   1.8556E-05   8.5419E-06 / 1.8556E-05   
4190   2.000E-03   8.1579E-06   1.9176E-05   8.1576E-06 / 1.9176E-05   
4200   2.000E-03   8.7758E-06   2.0036E-05   8.7715E-06 / 2.0034E-05   
4210   2.000E-03   7.4754E-06   1.7545E-05   7.4742E-06 / 1.7545E-05   
4220   2.000E-03   1.0417E-05   2.1272E-05   1.0416E-05 / 2.1272E-05   
4230   2.000E-03   7.7455E-06   1.8387E-05   7.7417E-06 / 1.8387E-05   
4240   2.000E-03   1.0141E-05   1.8276E-05   1.0118E-05 / 1.8254E-05   
4250   2.000E-03   7.5036E-06   1.8837E-05   7.4896E-06 / 1.8826E-05   
4260   2.000E-03   7.9233E-06   2.0195E-05   7.9218E-06 / 2.0195E-05   
4270   2.000E-03   7.3426E-06   1.7260E-05   7.3396E-06 / 1.7260E-05   
4280   2.000E-03   7.6911E-06   1.8648E-05   7.6886E-06 / 1.8648E-05   
4290   2.000E-03   1.4228E-05   2.4872E-05   1.4191E-05 / 2.4863E-05   
4300   2.000E-03   7.9036E-06   1.8125E-05   7.8853E-06 / 1.8116E-05   
4310   2.000E-03   8.7794E-06   2.0945E-05   8.7791E-06 / 2.0945E-05   
4320   2.000E-03   7.7699E-06   1.8414E-05   7.7634E-06 / 1.8412E-05   
4330   2.000E-03   1.0847E-05   1.9807E-05   1.0845E-05 / 1.9806E-05   
4340   2.000E-03   1.0427E-05   1.8055E-05   1.0349E-05 / 1.8013E-05   
4350   2.000E-03   9.0605E-06   2.0589E-05   9.0571E-06 / 2.0587E-05   
4360   2.000E-03   7.5734E-06   1.9057E-05   7.5734E-06 / 1.9057E-05   
4370   2.000E-03   8.2524E-06   1.9783E-05   8.2473E-06 / 1.9781E-05   
4380   2.000E-03   7.0448E-06   1.7878E-05   7.0172E-06 / 1.7866E-05   
4390   2.000E-03   7.6924E-06   1.8128E-05   7.6681E-06 / 1.8127E-05   
4400   2.000E-03   8.2912E-06   1.8440E-05   8.2904E-06 / 1.8440E-05   
4410   2.000E-03   9.0391E-06   1.9962E-05   9.0369E-06 / 1.9962E-05   
4420   2.000E-03   2.7557E-05   3.9861E-05   2.7548E-05 / 3.9860E-05   
4430   2.000E-03   7.1528E-06   1.7639E-05   7.1423E-06 / 1.7637E-05   
4440   2.000E-03   6.9715E-06   1.7021E-05   6.9475E-06 / 1.7012E-05   
4450   2.000E-03   7.2868E-06   1.7889E-05   7.2628E-06 / 1.7868E-05   
4460   2.000E-03   7.6116E-06   1.8974E-05   7.6115E-06 / 1.8974E-05   
4470   2.000E-03   6.9886E-06   1.7832E-05   6.9836E-06 / 1.7830E-05   
4480   2.000E-03   7.0240E-06   1.7183E-05   7.0240E-06 / 1.7183E-05   
4490   2.000E-03   7.9512E-06   1.8499E-05   7.9512E-06 / 1.8499E-05   
4500   2.000E-03   7.9635E-06   2.0382E-05   7.9487E-06 / 2.0377E-05   
4510   2.000E-03   8.1631E-06   1.6988E-05   8.1521E-06 / 1.6978E-05   
4520   2.000E-03   7.0577E-06   1.8634E-05   7.0577E-06 / 1.8634E-05   
4530   2.000E-03   1.6876E-05   3.2000E-05   1.6876E-05 / 3.2000E-05   
4540   2.000E-03   7.5941E-06   1.9251E-05   7.5904E-06 / 1.9251E-05   
4550   2.000E-03   7.9180E-06   1.6800E-05   7.8536E-06 / 1.6756E-05   
4560   2.000E-03   8.1792E-06   1.9201E-05   8.1792E-06 / 1.9201E-05   
4570   2.000E-03   6.9845E-06   1.7541E-05   6.9519E-06 / 1.7517E-05   
4580   2.000E-03   6.9762E-06   1.6571E-05   6.9741E-06 / 1.6571E-05   
4590   2.000E-03   8.8943E-06   2.2331E-05   8.8911E-06 / 2.2331E-05   
4600   2.000E-03   9.2867E-06   2.0381E-05   9.2521E-06 / 2.0346E-05   
4610   2.000E-03   7.6050E-06   1.7683E-05   7.5928E-06 / 1.7678E-05   
4620   2.000E-03   6.9996E-06   1.7508E-05   6.9796E-06 / 1.7499E-05   
4630   2.000E-03   7.3200E-06   1.7791E-05   7.2018E-06 / 1.7731E-05   
4640   2.000E-03   6.6661E-06   1.7045E-05   6.6655E-06 / 1.7045E-05   
4650   2.000E-03   7.1162E-06   1.9181E-05   7.1145E-06 / 1.9181E-05   
4660   2.000E-03   6.7303E-06   1.7135E-05   6.7247E-06 / 1.7133E-05   
4670   2.000E-03   8.1406E-06   1.7173E-05   7.9336E-06 / 1.6971E-05   
4680   2.000E-03   7.2412E-06   1.8372E-05   7.2410E-06 / 1.8372E-05   
4690   2.000E-03   7.2413E-06   1.7817E-05   7.2408E-06 / 1.7817E-05   
4700   2.000E-03   7.9269E-06   1.9110E-05   7.8183E-06 / 1.9032E-05   
4710   2.000E-03   7.2135E-06   1.7766E-05   7.1985E-06 / 1.7764E-05   
4720   2.000E-03   9.2348E-06   1.9524E-05   9.2295E-06 / 1.9524E-05   
4730   2.000E-03   8.3316E-06   1.9420E-05   8.3228E-06 / 1.9418E-05   
4740   2.000E-03   6.8326E-06   1.7541E-05   6.8062E-06 / 1.7537E-05   
4750   2.000E-03   6.8909E-06   1.7480E-05   6.8909E-06 / 1.7480E-05   
4760   2.000E-03   7.1909E-06   1.7723E-05   7.1766E-06 / 1.7715E-05   
4770   2.000E-03   7.4683E-06   1.8557E-05   7.4356E-06 / 1.8549E-05   
4780   2.000E-03   8.6597E-06   2.2238E-05   8.6528E-06 / 2.2236E-05   
4790   2.000E-03   7.3731E-06   1.8039E-05   7.3432E-06 / 1.8019E-05   
4800   2.000E-03   7.5255E-06   1.7633E-05   7.4963E-06 / 1.7633E-05   
4810   2.000E-03   7.0657E-06   1.8265E-05   7.0252E-06 / 1.8245E-05   
4820   2.000E-03   7.8511E-06   1.7241E-05   7.8353E-06 / 1.7240E-05   
4830   2.000E-03   6.7650E-06   1.7363E-05   6.7639E-06 / 1.7363E-05   
4840   2.000E-03   1.4280E-05   2.2136E-05   1.4155E-05 / 2.2034E-05   
4850   2.000E-03   7.4585E-06   1.7912E-05   7.4042E-06 / 1.7894E-05   
4860   2.000E-03   7.4411E-06   1.5180E-05   7.4409E-06 / 1.5180E-05   
4870   2.000E-03   7.0610E-06   1.6749E-05   7.0605E-06 / 1.6749E-05   
4880   2.000E-03   1.1019E-05   2.0018E-05   1.1018E-05 / 2.0018E-05   
4890   2.000E-03   7.4871E-06   1.6917E-05   7.4105E-06 / 1.6874E-05   
4900   2.000E-03   7.0282E-06   1.6713E-05   7.0246E-06 / 1.6713E-05   
4910   2.000E-03   6.7133E-06   1.6791E-05   6.7118E-06 / 1.6791E-05   
4920   2.000E-03   7.6996E-06   1.8331E-05   7.6703E-06 / 1.8319E-05   
4930   2.000E-03   7.2667E-06   1.9136E-05   7.2619E-06 / 1.9135E-05   
4940   2.000E-03   7.3338E-06   2.0060E-05   7.3313E-06 / 2.0060E-05   
4950   2.000E-03   1.5054E-05   3.1835E-05   1.5032E-05 / 3.1835E-05   
4960   2.000E-03   7.7461E-06   1.8294E-05   7.7319E-06 / 1.8292E-05   
4970   2.000E-03   7.0143E-06   1.7383E-05   6.9223E-06 / 1.7342E-05   
4980   2.000E-03   7.3879E-06   1.7923E-05   7.2831E-06 / 1.7869E-05   
4990   2.000E-03   9.3793E-06   1.8703E-05   9.3211E-06 / 1.8677E-05   
5000   2.000E-03   8.8010E-06   2.3628E-05   8.7959E-06 / 2.3628E-05   
5010   2.000E-03   6.4564E-06   1.8677E-05   6.4428E-06 / 1.8674E-05   
5020   2.000E-03   8.6691E-06   1.6628E-05   8.6671E-06 / 1.6628E-05   
5030   2.000E-03   7.3417E-06   1.7527E-05   7.3417E-06 / 1.7527E-05   
5040   2.000E-03   6.9700E-06   1.9267E-05   6.9113E-06 / 1.9247E-05   
5050   2.000E-03   7.9116E-06   1.6535E-05   7.9058E-06 / 1.6535E-05   
5060   2.000E-03   6.5559E-06   1.8401E-05   6.5554E-06 / 1.8401E-05   
5070   2.000E-03   6.5777E-06   1.8525E-05   6.5777E-06 / 1.8525E-05   
5080   2.000E-03   9.4125E-06   1.9448E-05   9.4118E-06 / 1.9448E-05   
5090   2.000E-03   9.7414E-06   2.0686E-05   9.7290E-06 / 2.0682E-05   
5100   2.000E-03   6.3389E-06   1.8069E-05   6.3177E-06 / 1.8063E-05   
5110   2.000E-03   9.2498E-06   2.2531E-05   9.2360E-06 / 2.2529E-05   
