========== Dataset info ==========
Dataset params: {'file': '/home/nikki/kan/data/turbulence_dataset_clean.csv', 'Cases': ['fp_1000', 'fp_1410', 'fp_2000', 'fp_2540', 'fp_3030', 'fp_3270', 'fp_3630', 'fp_3970', 'fp_4060'], 'val_set': ['fp_3030', 'fp_1410', 'fp_4060'], 'test_set': ['fp_3630'], 'data_loader': <class 'tbnn.dataloaders.aDataset'>}
Train/Valid/Test points: 760 / 468 / 168
Memorization?: False
Cluster training?: False
EPOCH     LR        TRAIN         VALID             MSE:T/V                  RL:T/V             %NR_t/%NR_v
===============================================================================================================
  1   2.000E-03   2.2206E-01   2.1936E-01   2.2206E-01 / 2.1936E-01   
 10   2.000E-03   5.8850E-02   5.6664E-02   5.8850E-02 / 5.6664E-02   
 20   2.000E-03   1.4131E-02   1.3199E-02   1.4131E-02 / 1.3199E-02   
 30   2.000E-03   6.1945E-03   5.9350E-03   6.1945E-03 / 5.9350E-03   
 40   2.000E-03   4.5876E-03   4.4866E-03   4.5876E-03 / 4.4866E-03   
 50   2.000E-03   4.0416E-03   3.9655E-03   4.0416E-03 / 3.9655E-03   
 60   2.000E-03   3.6940E-03   3.6167E-03   3.6940E-03 / 3.6167E-03   
 70   2.000E-03   3.4072E-03   3.3290E-03   3.4072E-03 / 3.3290E-03   
 80   2.000E-03   3.1123E-03   3.0369E-03   3.1123E-03 / 3.0369E-03   
 90   2.000E-03   2.8326E-03   2.7622E-03   2.8326E-03 / 2.7622E-03   
100   2.000E-03   2.5838E-03   2.5255E-03   2.5838E-03 / 2.5255E-03   
110   2.000E-03   2.3525E-03   2.3040E-03   2.3525E-03 / 2.3040E-03   
120   2.000E-03   2.1415E-03   2.1003E-03   2.1415E-03 / 2.1003E-03   
130   2.000E-03   1.9502E-03   1.9125E-03   1.9502E-03 / 1.9125E-03   
140   2.000E-03   1.7769E-03   1.7436E-03   1.7769E-03 / 1.7436E-03   
150   2.000E-03   1.6118E-03   1.5837E-03   1.6118E-03 / 1.5837E-03   
160   2.000E-03   1.4339E-03   1.4101E-03   1.4339E-03 / 1.4101E-03   
170   2.000E-03   1.1808E-03   1.1698E-03   1.1804E-03 / 1.1695E-03   
180   2.000E-03   1.0076E-03   1.0023E-03   1.0075E-03 / 1.0021E-03   
190   2.000E-03   8.8517E-04   8.8563E-04   8.8517E-04 / 8.8563E-04   
200   2.000E-03   7.9718E-04   8.0021E-04   7.9705E-04 / 7.9995E-04   
210   2.000E-03   7.2658E-04   7.3015E-04   7.2653E-04 / 7.3002E-04   
220   2.000E-03   6.6734E-04   6.7210E-04   6.6685E-04 / 6.7109E-04   
230   2.000E-03   6.2362E-04   6.3111E-04   6.2292E-04 / 6.2992E-04   
240   2.000E-03   5.8593E-04   5.9220E-04   5.8568E-04 / 5.9162E-04   
250   2.000E-03   5.5277E-04   5.5801E-04   5.5248E-04 / 5.5749E-04   
260   2.000E-03   5.2505E-04   5.3016E-04   5.2505E-04 / 5.3011E-04   
270   2.000E-03   4.9913E-04   5.0658E-04   4.9871E-04 / 5.0610E-04   
280   2.000E-03   4.7684E-04   4.8358E-04   4.7628E-04 / 4.8304E-04   
290   2.000E-03   4.5401E-04   4.5964E-04   4.5395E-04 / 4.5953E-04   
300   2.000E-03   4.3541E-04   4.4276E-04   4.3536E-04 / 4.4267E-04   
310   2.000E-03   4.1923E-04   4.2702E-04   4.1921E-04 / 4.2697E-04   
320   2.000E-03   4.0417E-04   4.1084E-04   4.0415E-04 / 4.1074E-04   
330   2.000E-03   3.8978E-04   3.9788E-04   3.8972E-04 / 3.9766E-04   
340   2.000E-03   3.8107E-04   3.8798E-04   3.8098E-04 / 3.8772E-04   
350   2.000E-03   3.6832E-04   3.7570E-04   3.6824E-04 / 3.7530E-04   
360   2.000E-03   3.5381E-04   3.6179E-04   3.5366E-04 / 3.6120E-04   
370   2.000E-03   3.4388E-04   3.5139E-04   3.4367E-04 / 3.5087E-04   
380   2.000E-03   3.3465E-04   3.4441E-04   3.3437E-04 / 3.4351E-04   
390   2.000E-03   3.2301E-04   3.3144E-04   3.2295E-04 / 3.3087E-04   
400   2.000E-03   3.1558E-04   3.2430E-04   3.1538E-04 / 3.2379E-04   
410   2.000E-03   3.0703E-04   3.1716E-04   3.0687E-04 / 3.1630E-04   
420   2.000E-03   2.9983E-04   3.0810E-04   2.9954E-04 / 3.0741E-04   
430   2.000E-03   2.9083E-04   3.0065E-04   2.9026E-04 / 2.9938E-04   
440   2.000E-03   2.8159E-04   2.9228E-04   2.8112E-04 / 2.9034E-04   
450   2.000E-03   2.7830E-04   2.8992E-04   2.7780E-04 / 2.8775E-04   
460   2.000E-03   2.7104E-04   2.8588E-04   2.7012E-04 / 2.8319E-04   
470   2.000E-03   2.6590E-04   2.8163E-04   2.6497E-04 / 2.7845E-04   
480   2.000E-03   2.6334E-04   2.8022E-04   2.6268E-04 / 2.7719E-04   
490   2.000E-03   2.5870E-04   2.7437E-04   2.5804E-04 / 2.7151E-04   
500   2.000E-03   2.5513E-04   2.7203E-04   2.5432E-04 / 2.6871E-04   
510   2.000E-03   2.5080E-04   2.6853E-04   2.4994E-04 / 2.6520E-04   
520   2.000E-03   2.4768E-04   2.6246E-04   2.4625E-04 / 2.5890E-04   
530   2.000E-03   2.4328E-04   2.6652E-04   2.4264E-04 / 2.6308E-04   
540   2.000E-03   2.3767E-04   2.5817E-04   2.3691E-04 / 2.5464E-04   
550   2.000E-03   2.3889E-04   2.5502E-04   2.3828E-04 / 2.5199E-04   
560   2.000E-03   2.3117E-04   2.5085E-04   2.2960E-04 / 2.4698E-04   
570   2.000E-03   2.3131E-04   2.4982E-04   2.3076E-04 / 2.4684E-04   
580   2.000E-03   2.3544E-04   2.5739E-04   2.3412E-04 / 2.5390E-04   
590   2.000E-03   2.2155E-04   2.4247E-04   2.1974E-04 / 2.3905E-04   
600   2.000E-03   2.1668E-04   2.4058E-04   2.1612E-04 / 2.3789E-04   
610   2.000E-03   2.1862E-04   2.4008E-04   2.1792E-04 / 2.3734E-04   
620   2.000E-03   2.0897E-04   2.3376E-04   2.0846E-04 / 2.3129E-04   
630   2.000E-03   2.1288E-04   2.3632E-04   2.1265E-04 / 2.3446E-04   
640   2.000E-03   2.0298E-04   2.2835E-04   2.0244E-04 / 2.2596E-04   
650   2.000E-03   2.0561E-04   2.2758E-04   2.0229E-04 / 2.2281E-04   
660   2.000E-03   1.9464E-04   2.1916E-04   1.9392E-04 / 2.1686E-04   
670   2.000E-03   1.9502E-04   2.1842E-04   1.9470E-04 / 2.1635E-04   
680   2.000E-03   1.9301E-04   2.1726E-04   1.9261E-04 / 2.1526E-04   
690   2.000E-03   1.8621E-04   2.1164E-04   1.8583E-04 / 2.0981E-04   
700   2.000E-03   1.9073E-04   2.1506E-04   1.8977E-04 / 2.1304E-04   
710   2.000E-03   1.8594E-04   2.1114E-04   1.8347E-04 / 2.0700E-04   
720   2.000E-03   1.8286E-04   2.0831E-04   1.8175E-04 / 2.0604E-04   
730   2.000E-03   1.7791E-04   2.0357E-04   1.7724E-04 / 2.0157E-04   
740   2.000E-03   1.7332E-04   1.9815E-04   1.7296E-04 / 1.9646E-04   
750   2.000E-03   1.7611E-04   1.9833E-04   1.7579E-04 / 1.9662E-04   
760   2.000E-03   1.6786E-04   1.9292E-04   1.6761E-04 / 1.9166E-04   
770   2.000E-03   1.8429E-04   2.0633E-04   1.8091E-04 / 2.0246E-04   
780   2.000E-03   1.6581E-04   1.8766E-04   1.6543E-04 / 1.8636E-04   
790   2.000E-03   1.6088E-04   1.8612E-04   1.6054E-04 / 1.8494E-04   
800   2.000E-03   1.5875E-04   1.8115E-04   1.5813E-04 / 1.7957E-04   
810   2.000E-03   1.5736E-04   1.7969E-04   1.5724E-04 / 1.7895E-04   
820   2.000E-03   1.5522E-04   1.7839E-04   1.5502E-04 / 1.7740E-04   
830   2.000E-03   1.5212E-04   1.7339E-04   1.5182E-04 / 1.7254E-04   
840   2.000E-03   1.5539E-04   1.8009E-04   1.5334E-04 / 1.7759E-04   
850   2.000E-03   1.5260E-04   1.7357E-04   1.5219E-04 / 1.7282E-04   
860   2.000E-03   1.4360E-04   1.6379E-04   1.4328E-04 / 1.6285E-04   
870   2.000E-03   1.4329E-04   1.6434E-04   1.4299E-04 / 1.6374E-04   
880   2.000E-03   1.4214E-04   1.6345E-04   1.4205E-04 / 1.6283E-04   
890   2.000E-03   1.3886E-04   1.5924E-04   1.3835E-04 / 1.5834E-04   
900   2.000E-03   1.3647E-04   1.5706E-04   1.3634E-04 / 1.5660E-04   
910   2.000E-03   1.4159E-04   1.5591E-04   1.4153E-04 / 1.5557E-04   
920   2.000E-03   1.3276E-04   1.5260E-04   1.3251E-04 / 1.5196E-04   
930   2.000E-03   1.2964E-04   1.4830E-04   1.2942E-04 / 1.4773E-04   
940   2.000E-03   1.2630E-04   1.4613E-04   1.2607E-04 / 1.4550E-04   
950   2.000E-03   1.2401E-04   1.4128E-04   1.2391E-04 / 1.4071E-04   
960   2.000E-03   1.2151E-04   1.3840E-04   1.2137E-04 / 1.3804E-04   
970   2.000E-03   1.2047E-04   1.3768E-04   1.2027E-04 / 1.3726E-04   
980   2.000E-03   1.2007E-04   1.3848E-04   1.1996E-04 / 1.3807E-04   
990   2.000E-03   1.2586E-04   1.4423E-04   1.2523E-04 / 1.4337E-04   
1000   2.000E-03   1.2481E-04   1.4293E-04   1.2465E-04 / 1.4263E-04   
1010   2.000E-03   1.1284E-04   1.2991E-04   1.1262E-04 / 1.2950E-04   
1020   2.000E-03   1.1851E-04   1.3483E-04   1.1618E-04 / 1.3290E-04   
1030   2.000E-03   1.1002E-04   1.2659E-04   1.0977E-04 / 1.2630E-04   
1040   2.000E-03   1.1212E-04   1.2723E-04   1.1201E-04 / 1.2708E-04   
1050   2.000E-03   1.0628E-04   1.2194E-04   1.0604E-04 / 1.2152E-04   
1060   2.000E-03   1.1065E-04   1.2727E-04   1.1033E-04 / 1.2673E-04   
1070   2.000E-03   1.0506E-04   1.2161E-04   1.0462E-04 / 1.2102E-04   
1080   2.000E-03   1.0722E-04   1.1902E-04   1.0715E-04 / 1.1862E-04   
1090   2.000E-03   1.0270E-04   1.1754E-04   1.0199E-04 / 1.1690E-04   
1100   2.000E-03   9.9927E-05   1.1685E-04   9.9692E-05 / 1.1642E-04   
1110   2.000E-03   9.9641E-05   1.1347E-04   9.9623E-05 / 1.1336E-04   
1120   2.000E-03   1.0067E-04   1.1595E-04   1.0043E-04 / 1.1577E-04   
1130   2.000E-03   1.0249E-04   1.1223E-04   1.0233E-04 / 1.1218E-04   
1140   2.000E-03   9.7065E-05   1.1368E-04   9.6325E-05 / 1.1313E-04   
1150   2.000E-03   1.0054E-04   1.1574E-04   1.0038E-04 / 1.1546E-04   
1160   2.000E-03   9.4435E-05   1.0942E-04   9.4200E-05 / 1.0890E-04   
1170   2.000E-03   9.1736E-05   1.0733E-04   9.1669E-05 / 1.0706E-04   
1180   2.000E-03   8.9656E-05   1.0263E-04   8.9566E-05 / 1.0247E-04   
1190   2.000E-03   9.2962E-05   1.0923E-04   9.2858E-05 / 1.0892E-04   
1200   2.000E-03   1.4246E-04   1.5407E-04   1.1759E-04 / 1.3080E-04   
1210   2.000E-03   9.5258E-05   1.0920E-04   9.5191E-05 / 1.0894E-04   
1220   2.000E-03   8.7585E-05   1.0038E-04   8.7455E-05 / 9.9958E-05   
1230   2.000E-03   8.4921E-05   1.0067E-04   8.4793E-05 / 1.0048E-04   
1240   2.000E-03   8.4661E-05   9.9187E-05   8.4563E-05 / 9.8995E-05   
1250   2.000E-03   8.3105E-05   9.8350E-05   8.2978E-05 / 9.8244E-05   
1260   2.000E-03   8.2302E-05   9.5173E-05   8.1904E-05 / 9.4801E-05   
1270   2.000E-03   8.3186E-05   9.5862E-05   8.2900E-05 / 9.5710E-05   
1280   2.000E-03   9.5374E-05   1.0812E-04   9.5313E-05 / 1.0809E-04   
1290   2.000E-03   8.3462E-05   9.9565E-05   8.3326E-05 / 9.9445E-05   
1300   2.000E-03   8.0576E-05   9.3867E-05   8.0559E-05 / 9.3733E-05   
1310   2.000E-03   8.4697E-05   9.8053E-05   8.4608E-05 / 9.7948E-05   
1320   2.000E-03   7.6885E-05   8.9468E-05   7.6753E-05 / 8.9191E-05   
1330   2.000E-03   8.7834E-05   1.0397E-04   8.7780E-05 / 1.0383E-04   
1340   2.000E-03   7.6209E-05   8.9920E-05   7.5932E-05 / 8.9708E-05   
1350   2.000E-03   7.6392E-05   8.7906E-05   7.6377E-05 / 8.7884E-05   
1360   2.000E-03   8.0990E-05   9.2178E-05   8.0989E-05 / 9.2152E-05   
1370   2.000E-03   7.5109E-05   8.6963E-05   7.5054E-05 / 8.6792E-05   
1380   2.000E-03   7.9834E-05   9.2130E-05   7.9816E-05 / 9.2114E-05   
1390   2.000E-03   7.1971E-05   8.4796E-05   7.1968E-05 / 8.4750E-05   
1400   2.000E-03   7.4219E-05   8.8197E-05   7.4148E-05 / 8.8106E-05   
1410   2.000E-03   7.0588E-05   8.2813E-05   7.0505E-05 / 8.2652E-05   
1420   2.000E-03   7.1110E-05   8.4153E-05   7.1074E-05 / 8.4074E-05   
1430   2.000E-03   6.8717E-05   8.1757E-05   6.8601E-05 / 8.1638E-05   
1440   2.000E-03   7.2081E-05   8.5485E-05   7.2060E-05 / 8.5453E-05   
1450   2.000E-03   9.5563E-05   1.0293E-04   9.5551E-05 / 1.0290E-04   
1460   2.000E-03   6.7314E-05   7.9268E-05   6.7152E-05 / 7.9166E-05   
1470   2.000E-03   6.6855E-05   7.9166E-05   6.6828E-05 / 7.9064E-05   
1480   2.000E-03   6.5138E-05   7.6224E-05   6.5065E-05 / 7.6110E-05   
1490   2.000E-03   6.5929E-05   7.7851E-05   6.5794E-05 / 7.7729E-05   
1500   2.000E-03   6.4544E-05   7.6224E-05   6.4396E-05 / 7.6117E-05   
1510   2.000E-03   6.5693E-05   7.8405E-05   6.5622E-05 / 7.8188E-05   
1520   2.000E-03   6.2671E-05   7.6364E-05   6.2597E-05 / 7.6281E-05   
1530   2.000E-03   6.3147E-05   7.6261E-05   6.2811E-05 / 7.5988E-05   
1540   2.000E-03   6.2684E-05   7.3313E-05   6.2565E-05 / 7.3273E-05   
1550   2.000E-03   6.2594E-05   7.4228E-05   6.2151E-05 / 7.3937E-05   
1560   2.000E-03   6.5044E-05   7.6548E-05   6.4288E-05 / 7.6085E-05   
1570   2.000E-03   6.2752E-05   7.3397E-05   6.2629E-05 / 7.3312E-05   
1580   2.000E-03   6.1025E-05   7.1568E-05   6.0913E-05 / 7.1436E-05   
1590   2.000E-03   6.1385E-05   7.1848E-05   6.1160E-05 / 7.1661E-05   
1600   2.000E-03   6.3496E-05   7.4218E-05   6.2906E-05 / 7.3827E-05   
1610   2.000E-03   5.9008E-05   7.0389E-05   5.8911E-05 / 7.0249E-05   
1620   2.000E-03   6.3581E-05   7.1557E-05   6.3231E-05 / 7.1335E-05   
1630   2.000E-03   5.8314E-05   6.8912E-05   5.7998E-05 / 6.8741E-05   
1640   2.000E-03   7.6972E-05   8.6450E-05   7.6834E-05 / 8.6396E-05   
1650   2.000E-03   6.0160E-05   6.9421E-05   5.9070E-05 / 6.8543E-05   
1660   2.000E-03   5.7028E-05   6.6611E-05   5.6927E-05 / 6.6451E-05   
1670   2.000E-03   5.6817E-05   6.7233E-05   5.6754E-05 / 6.7178E-05   
1680   2.000E-03   5.4980E-05   6.5813E-05   5.4903E-05 / 6.5779E-05   
1690   2.000E-03   5.6872E-05   6.6975E-05   5.6373E-05 / 6.6684E-05   
1700   2.000E-03   5.5707E-05   6.6007E-05   5.5322E-05 / 6.5811E-05   
1710   2.000E-03   5.4468E-05   6.4142E-05   5.4228E-05 / 6.4035E-05   
1720   2.000E-03   5.7178E-05   6.6613E-05   5.7052E-05 / 6.6556E-05   
1730   2.000E-03   5.3615E-05   6.3355E-05   5.3521E-05 / 6.3307E-05   
1740   2.000E-03   7.0980E-05   8.4091E-05   7.0901E-05 / 8.4055E-05   
1750   2.000E-03   5.3998E-05   6.4235E-05   5.3931E-05 / 6.4188E-05   
1760   2.000E-03   5.2065E-05   6.1743E-05   5.1714E-05 / 6.1578E-05   
1770   2.000E-03   5.3260E-05   6.2559E-05   5.3144E-05 / 6.2447E-05   
1780   2.000E-03   5.4679E-05   6.5668E-05   5.4354E-05 / 6.5491E-05   
1790   2.000E-03   5.1160E-05   6.0218E-05   5.1081E-05 / 6.0140E-05   
1800   2.000E-03   5.1456E-05   6.0979E-05   5.1039E-05 / 6.0781E-05   
1810   2.000E-03   5.0588E-05   5.8889E-05   5.0464E-05 / 5.8839E-05   
1820   2.000E-03   5.0954E-05   6.1204E-05   5.0859E-05 / 6.1143E-05   
1830   2.000E-03   4.9152E-05   5.9448E-05   4.9106E-05 / 5.9421E-05   
1840   2.000E-03   4.8945E-05   5.7127E-05   4.8901E-05 / 5.7087E-05   
1850   2.000E-03   6.2640E-05   7.1867E-05   6.2586E-05 / 7.1815E-05   
1860   2.000E-03   5.0577E-05   5.9828E-05   5.0406E-05 / 5.9738E-05   
1870   2.000E-03   5.3285E-05   5.9652E-05   5.2691E-05 / 5.9304E-05   
1880   2.000E-03   4.7222E-05   5.5652E-05   4.7067E-05 / 5.5548E-05   
1890   2.000E-03   4.8364E-05   5.6394E-05   4.8084E-05 / 5.6244E-05   
1900   2.000E-03   4.9835E-05   5.9835E-05   4.9697E-05 / 5.9760E-05   
1910   2.000E-03   5.1720E-05   6.0623E-05   5.1684E-05 / 6.0514E-05   
1920   2.000E-03   4.7042E-05   5.6338E-05   4.6878E-05 / 5.6288E-05   
1930   2.000E-03   4.8235E-05   5.7789E-05   4.8165E-05 / 5.7739E-05   
1940   2.000E-03   5.1105E-05   5.9229E-05   5.1073E-05 / 5.9206E-05   
1950   2.000E-03   4.6061E-05   5.4783E-05   4.5866E-05 / 5.4753E-05   
1960   2.000E-03   4.4740E-05   5.3282E-05   4.4445E-05 / 5.3092E-05   
1970   2.000E-03   4.5938E-05   5.4037E-05   4.5766E-05 / 5.3956E-05   
1980   2.000E-03   4.4333E-05   5.1499E-05   4.4301E-05 / 5.1482E-05   
1990   2.000E-03   4.4846E-05   5.3881E-05   4.4787E-05 / 5.3864E-05   
2000   2.000E-03   4.7179E-05   5.4955E-05   4.7121E-05 / 5.4944E-05   
2010   2.000E-03   4.3179E-05   5.1576E-05   4.2935E-05 / 5.1482E-05   
2020   2.000E-03   4.2352E-05   5.0683E-05   4.2264E-05 / 5.0640E-05   
2030   2.000E-03   4.3407E-05   5.2028E-05   4.3340E-05 / 5.2007E-05   
2040   2.000E-03   4.2416E-05   5.0708E-05   4.2187E-05 / 5.0605E-05   
2050   2.000E-03   4.3933E-05   5.2661E-05   4.3917E-05 / 5.2661E-05   
2060   2.000E-03   4.2782E-05   5.0768E-05   4.2720E-05 / 5.0742E-05   
2070   2.000E-03   4.4371E-05   5.1326E-05   4.4327E-05 / 5.1322E-05   
2080   2.000E-03   4.1079E-05   4.9030E-05   4.0564E-05 / 4.8735E-05   
2090   2.000E-03   4.0443E-05   4.9112E-05   4.0261E-05 / 4.9033E-05   
2100   2.000E-03   4.1173E-05   4.8628E-05   4.0874E-05 / 4.8545E-05   
2110   2.000E-03   4.3542E-05   5.1672E-05   4.3501E-05 / 5.1663E-05   
2120   2.000E-03   4.0933E-05   4.8155E-05   4.0907E-05 / 4.8151E-05   
2130   2.000E-03   4.0050E-05   4.9444E-05   3.9942E-05 / 4.9441E-05   
2140   2.000E-03   4.6804E-05   5.4377E-05   4.4113E-05 / 5.2163E-05   
2150   2.000E-03   4.7400E-05   5.5006E-05   4.5288E-05 / 5.3440E-05   
2160   2.000E-03   4.1750E-05   4.9529E-05   4.1419E-05 / 4.9395E-05   
2170   2.000E-03   4.0316E-05   4.8336E-05   3.9766E-05 / 4.7923E-05   
2180   2.000E-03   4.3304E-05   5.0770E-05   4.2963E-05 / 5.0562E-05   
2190   2.000E-03   3.9914E-05   4.8320E-05   3.9734E-05 / 4.8205E-05   
2200   2.000E-03   4.2666E-05   5.0318E-05   4.1896E-05 / 4.9666E-05   
2210   2.000E-03   3.7688E-05   4.6336E-05   3.7635E-05 / 4.6334E-05   
2220   2.000E-03   4.6132E-05   5.4027E-05   4.1305E-05 / 4.9745E-05   
2230   2.000E-03   4.0218E-05   4.8832E-05   3.9979E-05 / 4.8744E-05   
2240   2.000E-03   3.7729E-05   4.7493E-05   3.7577E-05 / 4.7429E-05   
2250   2.000E-03   3.6335E-05   4.5658E-05   3.6236E-05 / 4.5640E-05   
2260   2.000E-03   3.6959E-05   4.5604E-05   3.6905E-05 / 4.5583E-05   
2270   2.000E-03   3.8722E-05   4.6557E-05   3.8454E-05 / 4.6374E-05   
2280   2.000E-03   3.6937E-05   4.4986E-05   3.6865E-05 / 4.4977E-05   
2290   2.000E-03   3.8399E-05   4.6870E-05   3.8137E-05 / 4.6768E-05   
2300   2.000E-03   3.8548E-05   4.7183E-05   3.8544E-05 / 4.7183E-05   
2310   2.000E-03   3.5475E-05   4.4362E-05   3.5287E-05 / 4.4271E-05   
2320   2.000E-03   3.5508E-05   4.3615E-05   3.5411E-05 / 4.3558E-05   
2330   2.000E-03   3.6617E-05   4.5209E-05   3.6534E-05 / 4.5188E-05   
2340   2.000E-03   3.5394E-05   4.4155E-05   3.5135E-05 / 4.4046E-05   
2350   2.000E-03   4.3804E-05   5.3005E-05   4.3537E-05 / 5.2921E-05   
2360   2.000E-03   3.4674E-05   4.3247E-05   3.4668E-05 / 4.3242E-05   
2370   2.000E-03   3.5539E-05   4.4141E-05   3.5535E-05 / 4.4139E-05   
2380   2.000E-03   3.7972E-05   4.5716E-05   3.7954E-05 / 4.5706E-05   
2390   2.000E-03   3.5302E-05   4.3819E-05   3.5274E-05 / 4.3808E-05   
2400   2.000E-03   3.4827E-05   4.3675E-05   3.4785E-05 / 4.3643E-05   
2410   2.000E-03   3.3274E-05   4.3061E-05   3.3204E-05 / 4.3051E-05   
2420   2.000E-03   3.9593E-05   4.8752E-05   3.9590E-05 / 4.8748E-05   
2430   2.000E-03   3.7016E-05   4.6760E-05   3.6868E-05 / 4.6697E-05   
2440   2.000E-03   3.3156E-05   4.2316E-05   3.2672E-05 / 4.2003E-05   
2450   2.000E-03   3.2077E-05   4.1983E-05   3.1993E-05 / 4.1950E-05   
2460   2.000E-03   3.6971E-05   4.6423E-05   3.6477E-05 / 4.5973E-05   
2470   2.000E-03   3.4352E-05   4.3368E-05   3.4320E-05 / 4.3344E-05   
2480   2.000E-03   3.1756E-05   4.1389E-05   3.1699E-05 / 4.1356E-05   
2490   2.000E-03   3.1998E-05   4.1975E-05   3.1770E-05 / 4.1904E-05   
2500   2.000E-03   3.3181E-05   4.2180E-05   3.2792E-05 / 4.1725E-05   
2510   2.000E-03   3.1662E-05   4.2175E-05   3.1647E-05 / 4.2174E-05   
2520   2.000E-03   3.3318E-05   4.1871E-05   3.3261E-05 / 4.1864E-05   
2530   2.000E-03   3.0811E-05   4.0938E-05   3.0787E-05 / 4.0932E-05   
2540   2.000E-03   3.7020E-05   4.8659E-05   3.6820E-05 / 4.8605E-05   
2550   2.000E-03   3.5456E-05   4.3623E-05   3.5354E-05 / 4.3589E-05   
2560   2.000E-03   3.1499E-05   4.0211E-05   3.1467E-05 / 4.0211E-05   
2570   2.000E-03   3.0812E-05   3.9911E-05   3.0710E-05 / 3.9871E-05   
2580   2.000E-03   3.1661E-05   4.0367E-05   3.1385E-05 / 4.0095E-05   
2590   2.000E-03   3.1368E-05   4.1051E-05   3.1366E-05 / 4.1050E-05   
2600   2.000E-03   3.8358E-05   4.7653E-05   3.8300E-05 / 4.7652E-05   
2610   2.000E-03   3.0022E-05   3.9414E-05   2.9657E-05 / 3.9237E-05   
2620   2.000E-03   3.2405E-05   4.1886E-05   3.1607E-05 / 4.1193E-05   
2630   2.000E-03   3.2222E-05   4.1809E-05   3.2212E-05 / 4.1804E-05   
2640   2.000E-03   2.9636E-05   3.9487E-05   2.9607E-05 / 3.9480E-05   
2650   2.000E-03   3.0641E-05   4.0930E-05   3.0617E-05 / 4.0918E-05   
2660   2.000E-03   3.0446E-05   4.0686E-05   3.0430E-05 / 4.0685E-05   
2670   2.000E-03   3.7490E-05   4.5082E-05   3.7349E-05 / 4.4988E-05   
2680   2.000E-03   2.9220E-05   3.8839E-05   2.9208E-05 / 3.8835E-05   
2690   2.000E-03   3.2042E-05   4.3579E-05   3.2042E-05 / 4.3579E-05   
2700   2.000E-03   2.9591E-05   3.9876E-05   2.9528E-05 / 3.9868E-05   
2710   2.000E-03   3.0866E-05   4.1678E-05   3.0675E-05 / 4.1571E-05   
2720   2.000E-03   3.0350E-05   3.9854E-05   2.9954E-05 / 3.9656E-05   
2730   2.000E-03   3.2727E-05   4.4260E-05   3.2714E-05 / 4.4260E-05   
2740   2.000E-03   2.9678E-05   3.9299E-05   2.9303E-05 / 3.9209E-05   
2750   2.000E-03   2.9800E-05   3.9664E-05   2.9592E-05 / 3.9463E-05   
2760   2.000E-03   3.1525E-05   4.0254E-05   3.1522E-05 / 4.0241E-05   
2770   2.000E-03   2.9537E-05   3.8916E-05   2.9502E-05 / 3.8898E-05   
2780   2.000E-03   2.8124E-05   3.7028E-05   2.8119E-05 / 3.7028E-05   
2790   2.000E-03   3.1896E-05   4.1766E-05   3.1429E-05 / 4.1327E-05   
2800   2.000E-03   2.7949E-05   3.8208E-05   2.7895E-05 / 3.8202E-05   
2810   2.000E-03   2.8639E-05   3.9106E-05   2.8582E-05 / 3.9064E-05   
2820   2.000E-03   2.6262E-05   3.6936E-05   2.6161E-05 / 3.6919E-05   
2830   2.000E-03   3.6715E-05   4.5995E-05   3.6664E-05 / 4.5994E-05   
2840   2.000E-03   2.8648E-05   3.7837E-05   2.8541E-05 / 3.7816E-05   
2850   2.000E-03   2.9533E-05   3.8636E-05   2.9504E-05 / 3.8636E-05   
2860   2.000E-03   2.6669E-05   3.6895E-05   2.6445E-05 / 3.6752E-05   
2870   2.000E-03   3.5022E-05   4.3608E-05   3.4831E-05 / 4.3444E-05   
2880   2.000E-03   2.5895E-05   3.6696E-05   2.5865E-05 / 3.6690E-05   
2890   2.000E-03   2.6996E-05   3.6310E-05   2.6684E-05 / 3.6144E-05   
2900   2.000E-03   4.2483E-05   5.3260E-05   4.2480E-05 / 5.3260E-05   
2910   2.000E-03   3.0249E-05   4.0516E-05   3.0154E-05 / 4.0431E-05   
2920   2.000E-03   2.8168E-05   3.8391E-05   2.8166E-05 / 3.8391E-05   
2930   2.000E-03   3.7576E-05   4.6929E-05   3.7576E-05 / 4.6929E-05   
2940   2.000E-03   2.9579E-05   3.9122E-05   2.9016E-05 / 3.8782E-05   
2950   2.000E-03   2.7881E-05   3.7906E-05   2.6723E-05 / 3.6966E-05   
2960   2.000E-03   2.5015E-05   3.5168E-05   2.4997E-05 / 3.5159E-05   
2970   2.000E-03   2.7179E-05   3.7193E-05   2.7147E-05 / 3.7173E-05   
2980   2.000E-03   2.5454E-05   3.5650E-05   2.5425E-05 / 3.5640E-05   
2990   2.000E-03   2.5527E-05   3.4863E-05   2.5196E-05 / 3.4722E-05   
3000   2.000E-03   2.4926E-05   3.4651E-05   2.4858E-05 / 3.4633E-05   
3010   2.000E-03   2.5638E-05   3.6180E-05   2.5623E-05 / 3.6166E-05   
3020   2.000E-03   4.0941E-05   4.9751E-05   4.0850E-05 / 4.9717E-05   
3030   2.000E-03   2.4252E-05   3.4655E-05   2.4230E-05 / 3.4634E-05   
3040   2.000E-03   2.4416E-05   3.3744E-05   2.4165E-05 / 3.3649E-05   
3050   2.000E-03   2.5853E-05   3.4834E-05   2.5755E-05 / 3.4755E-05   
3060   2.000E-03   2.8067E-05   3.9054E-05   2.8052E-05 / 3.9020E-05   
3070   2.000E-03   2.4818E-05   3.4856E-05   2.4696E-05 / 3.4807E-05   
3080   2.000E-03   2.4704E-05   3.3804E-05   2.4618E-05 / 3.3719E-05   
3090   2.000E-03   2.4025E-05   3.4657E-05   2.3698E-05 / 3.4465E-05   
3100   2.000E-03   2.5667E-05   3.4488E-05   2.5625E-05 / 3.4470E-05   
3110   2.000E-03   2.5189E-05   3.5487E-05   2.5124E-05 / 3.5443E-05   
3120   2.000E-03   2.3147E-05   3.3084E-05   2.3127E-05 / 3.3062E-05   
3130   2.000E-03   2.5004E-05   3.5749E-05   2.4314E-05 / 3.5073E-05   
3140   2.000E-03   2.4568E-05   3.5005E-05   2.3853E-05 / 3.4556E-05   
3150   2.000E-03   2.8630E-05   3.9077E-05   2.8617E-05 / 3.9051E-05   
3160   2.000E-03   3.7832E-05   4.4565E-05   3.7821E-05 / 4.4565E-05   
3170   2.000E-03   2.4118E-05   3.3615E-05   2.4024E-05 / 3.3575E-05   
3180   2.000E-03   2.3043E-05   3.3223E-05   2.2797E-05 / 3.3117E-05   
3190   2.000E-03   2.3833E-05   3.3339E-05   2.3100E-05 / 3.2822E-05   
3200   2.000E-03   2.4791E-05   3.3797E-05   2.4766E-05 / 3.3777E-05   
3210   2.000E-03   2.2550E-05   3.2195E-05   2.2516E-05 / 3.2157E-05   
3220   2.000E-03   2.2471E-05   3.2460E-05   2.2458E-05 / 3.2447E-05   
3230   2.000E-03   2.2421E-05   3.3003E-05   2.2403E-05 / 3.2984E-05   
3240   2.000E-03   2.4085E-05   3.3875E-05   2.4084E-05 / 3.3874E-05   
3250   2.000E-03   2.9608E-05   3.8175E-05   2.9392E-05 / 3.7994E-05   
3260   2.000E-03   2.4857E-05   3.5087E-05   2.4562E-05 / 3.4741E-05   
3270   2.000E-03   2.2712E-05   3.2934E-05   2.2697E-05 / 3.2917E-05   
3280   2.000E-03   2.2709E-05   3.3790E-05   2.2707E-05 / 3.3789E-05   
3290   2.000E-03   2.2588E-05   3.3019E-05   2.2560E-05 / 3.3002E-05   
3300   2.000E-03   2.5311E-05   3.4798E-05   2.4709E-05 / 3.4364E-05   
3310   2.000E-03   2.7599E-05   3.6730E-05   2.7268E-05 / 3.6513E-05   
3320   2.000E-03   2.1702E-05   3.2885E-05   2.1616E-05 / 3.2837E-05   
3330   2.000E-03   3.0529E-05   3.8837E-05   3.0150E-05 / 3.8586E-05   
3340   2.000E-03   2.1382E-05   3.1489E-05   2.1363E-05 / 3.1479E-05   
3350   2.000E-03   2.2522E-05   3.2264E-05   2.2415E-05 / 3.2189E-05   
3360   2.000E-03   2.2425E-05   3.3293E-05   2.2415E-05 / 3.3293E-05   
3370   2.000E-03   2.4323E-05   3.4587E-05   2.4203E-05 / 3.4519E-05   
3380   2.000E-03   3.3458E-05   4.6205E-05   3.3443E-05 / 4.6197E-05   
3390   2.000E-03   2.1428E-05   3.1765E-05   2.1382E-05 / 3.1754E-05   
3400   2.000E-03   2.0891E-05   3.0193E-05   2.0852E-05 / 3.0173E-05   
3410   2.000E-03   2.7306E-05   3.8359E-05   2.7291E-05 / 3.8343E-05   
3420   2.000E-03   2.3860E-05   3.3611E-05   2.3230E-05 / 3.3078E-05   
3430   2.000E-03   2.0930E-05   3.1787E-05   2.0911E-05 / 3.1780E-05   
3440   2.000E-03   2.4300E-05   3.5515E-05   2.4240E-05 / 3.5487E-05   
3450   2.000E-03   2.0594E-05   3.0975E-05   2.0576E-05 / 3.0968E-05   
3460   2.000E-03   2.0613E-05   3.0574E-05   2.0499E-05 / 3.0543E-05   
3470   2.000E-03   2.2127E-05   3.2611E-05   2.2087E-05 / 3.2601E-05   
3480   2.000E-03   2.1002E-05   3.0354E-05   2.0870E-05 / 3.0297E-05   
3490   2.000E-03   2.0606E-05   3.0613E-05   2.0527E-05 / 3.0589E-05   
3500   2.000E-03   2.0955E-05   3.0625E-05   2.0830E-05 / 3.0605E-05   
3510   2.000E-03   2.1639E-05   3.0770E-05   2.1614E-05 / 3.0764E-05   
3520   2.000E-03   2.1683E-05   3.1938E-05   2.1465E-05 / 3.1804E-05   
3530   2.000E-03   2.0921E-05   3.1407E-05   2.0847E-05 / 3.1398E-05   
3540   2.000E-03   2.0878E-05   3.1339E-05   2.0828E-05 / 3.1335E-05   
3550   2.000E-03   2.0435E-05   3.0986E-05   2.0423E-05 / 3.0985E-05   
3560   2.000E-03   2.0495E-05   3.0334E-05   2.0461E-05 / 3.0325E-05   
3570   2.000E-03   1.9891E-05   3.0407E-05   1.9867E-05 / 3.0403E-05   
3580   2.000E-03   2.0496E-05   3.0611E-05   2.0377E-05 / 3.0565E-05   
3590   2.000E-03   5.4049E-05   6.1742E-05   5.0178E-05 / 5.8602E-05   
3600   2.000E-03   3.4252E-05   4.5201E-05   3.4225E-05 / 4.5200E-05   
3610   2.000E-03   2.4643E-05   3.5254E-05   2.3368E-05 / 3.4255E-05   
3620   2.000E-03   1.9474E-05   2.9852E-05   1.9464E-05 / 2.9852E-05   
3630   2.000E-03   2.0616E-05   3.0609E-05   2.0605E-05 / 3.0609E-05   
3640   2.000E-03   1.9971E-05   3.0452E-05   1.9918E-05 / 3.0445E-05   
3650   2.000E-03   2.0028E-05   2.9701E-05   2.0007E-05 / 2.9699E-05   
3660   2.000E-03   1.9657E-05   3.0522E-05   1.9624E-05 / 3.0519E-05   
3670   2.000E-03   2.0021E-05   3.1172E-05   1.9969E-05 / 3.1169E-05   
3680   2.000E-03   1.9205E-05   2.9140E-05   1.9160E-05 / 2.9129E-05   
3690   2.000E-03   2.4216E-05   3.4406E-05   2.4112E-05 / 3.4343E-05   
3700   2.000E-03   1.9238E-05   2.9493E-05   1.9144E-05 / 2.9453E-05   
3710   2.000E-03   1.8943E-05   2.9840E-05   1.8877E-05 / 2.9815E-05   
3720   2.000E-03   2.0501E-05   3.0175E-05   2.0338E-05 / 3.0135E-05   
3730   2.000E-03   2.5733E-05   3.5597E-05   2.5731E-05 / 3.5584E-05   
3740   2.000E-03   2.0280E-05   3.0892E-05   2.0277E-05 / 3.0892E-05   
3750   2.000E-03   1.9487E-05   3.0719E-05   1.9412E-05 / 3.0709E-05   
3760   2.000E-03   4.6023E-05   5.3112E-05   3.5109E-05 / 4.3851E-05   
3770   2.000E-03   2.0427E-05   3.0929E-05   2.0082E-05 / 3.0780E-05   
3780   2.000E-03   2.4884E-05   3.6170E-05   2.4882E-05 / 3.6170E-05   
3790   2.000E-03   1.9400E-05   3.0284E-05   1.9185E-05 / 3.0212E-05   
3800   2.000E-03   1.8970E-05   3.0168E-05   1.8872E-05 / 3.0141E-05   
3810   2.000E-03   1.9521E-05   2.9721E-05   1.9463E-05 / 2.9704E-05   
3820   2.000E-03   1.9432E-05   3.0353E-05   1.9412E-05 / 3.0349E-05   
3830   2.000E-03   1.8292E-05   2.9105E-05   1.8276E-05 / 2.9104E-05   
3840   2.000E-03   2.1517E-05   3.2247E-05   2.1432E-05 / 3.2203E-05   
3850   2.000E-03   1.8714E-05   2.9790E-05   1.8708E-05 / 2.9790E-05   
3860   2.000E-03   2.8883E-05   4.2280E-05   2.8568E-05 / 4.1939E-05   
3870   2.000E-03   1.9247E-05   3.0291E-05   1.9199E-05 / 3.0269E-05   
3880   2.000E-03   1.8033E-05   2.8621E-05   1.7992E-05 / 2.8599E-05   
3890   2.000E-03   2.0072E-05   3.1519E-05   2.0047E-05 / 3.1507E-05   
3900   2.000E-03   1.8633E-05   2.9606E-05   1.8563E-05 / 2.9533E-05   
3910   2.000E-03   2.1473E-05   3.1859E-05   2.1455E-05 / 3.1858E-05   
3920   2.000E-03   1.8567E-05   2.9215E-05   1.8277E-05 / 2.9047E-05   
3930   2.000E-03   1.7828E-05   2.9325E-05   1.7750E-05 / 2.9270E-05   
3940   2.000E-03   1.8412E-05   2.9068E-05   1.8362E-05 / 2.9038E-05   
3950   2.000E-03   3.6178E-05   4.6674E-05   2.9362E-05 / 4.0849E-05   
3960   2.000E-03   1.8911E-05   3.0484E-05   1.8886E-05 / 3.0481E-05   
3970   2.000E-03   1.7580E-05   2.8120E-05   1.7561E-05 / 2.8107E-05   
3980   2.000E-03   1.9257E-05   2.9537E-05   1.9086E-05 / 2.9453E-05   
3990   2.000E-03   1.7917E-05   2.9095E-05   1.7740E-05 / 2.9028E-05   
4000   2.000E-03   1.7445E-05   2.8230E-05   1.7369E-05 / 2.8189E-05   
4010   2.000E-03   1.7862E-05   2.9135E-05   1.7854E-05 / 2.9133E-05   
4020   2.000E-03   1.7567E-05   2.8963E-05   1.7562E-05 / 2.8961E-05   
4030   2.000E-03   1.7617E-05   2.8485E-05   1.7581E-05 / 2.8455E-05   
4040   2.000E-03   1.7370E-05   2.8923E-05   1.7290E-05 / 2.8886E-05   
4050   2.000E-03   1.9223E-05   3.0030E-05   1.9145E-05 / 2.9994E-05   
4060   2.000E-03   2.2531E-05   3.3191E-05   1.9753E-05 / 3.1003E-05   
4070   2.000E-03   1.8329E-05   3.0701E-05   1.8328E-05 / 3.0696E-05   
4080   2.000E-03   2.1062E-05   3.2399E-05   2.1033E-05 / 3.2361E-05   
4090   2.000E-03   2.6619E-05   3.6977E-05   2.6616E-05 / 3.6959E-05   
4100   2.000E-03   2.0522E-05   3.1968E-05   2.0471E-05 / 3.1911E-05   
4110   2.000E-03   1.6838E-05   2.7407E-05   1.6810E-05 / 2.7374E-05   
4120   2.000E-03   1.7313E-05   2.8296E-05   1.7061E-05 / 2.8179E-05   
4130   2.000E-03   1.8299E-05   3.0855E-05   1.8230E-05 / 3.0783E-05   
4140   2.000E-03   1.7453E-05   2.7996E-05   1.7438E-05 / 2.7979E-05   
4150   2.000E-03   1.8759E-05   3.0054E-05   1.8732E-05 / 3.0018E-05   
4160   2.000E-03   1.9045E-05   2.9965E-05   1.8854E-05 / 2.9846E-05   
4170   2.000E-03   2.3394E-05   3.4470E-05   2.3200E-05 / 3.4240E-05   
4180   2.000E-03   1.6957E-05   2.8328E-05   1.6899E-05 / 2.8276E-05   
4190   2.000E-03   1.6755E-05   2.7958E-05   1.6618E-05 / 2.7885E-05   
4200   2.000E-03   2.4067E-05   3.5440E-05   2.3669E-05 / 3.5033E-05   
4210   2.000E-03   2.0494E-05   3.1980E-05   2.0065E-05 / 3.1733E-05   
4220   2.000E-03   1.7750E-05   2.9237E-05   1.7643E-05 / 2.9147E-05   
4230   2.000E-03   1.8724E-05   3.0054E-05   1.8667E-05 / 3.0001E-05   
4240   2.000E-03   1.6608E-05   2.7332E-05   1.6587E-05 / 2.7311E-05   
4250   2.000E-03   1.6363E-05   2.7926E-05   1.6282E-05 / 2.7865E-05   
4260   2.000E-03   1.7939E-05   3.0996E-05   1.7792E-05 / 3.0942E-05   
4270   2.000E-03   2.0330E-05   3.1026E-05   2.0319E-05 / 3.1026E-05   
4280   2.000E-03   2.1098E-05   3.2651E-05   2.0342E-05 / 3.2003E-05   
4290   2.000E-03   1.8465E-05   3.0496E-05   1.8446E-05 / 3.0484E-05   
4300   2.000E-03   1.6809E-05   2.8147E-05   1.6786E-05 / 2.8102E-05   
4310   2.000E-03   1.9535E-05   3.1796E-05   1.9417E-05 / 3.1731E-05   
4320   2.000E-03   2.0327E-05   3.1878E-05   2.0321E-05 / 3.1869E-05   
4330   2.000E-03   2.3774E-05   3.4039E-05   2.3771E-05 / 3.4030E-05   
4340   2.000E-03   1.8995E-05   3.0938E-05   1.8892E-05 / 3.0840E-05   
4350   2.000E-03   1.6479E-05   2.7213E-05   1.6457E-05 / 2.7167E-05   
4360   2.000E-03   1.6807E-05   2.8953E-05   1.6793E-05 / 2.8938E-05   
4370   2.000E-03   1.6087E-05   2.7587E-05   1.6042E-05 / 2.7518E-05   
4380   2.000E-03   1.6000E-05   2.7250E-05   1.5948E-05 / 2.7203E-05   
4390   2.000E-03   1.7235E-05   2.7920E-05   1.7162E-05 / 2.7847E-05   
4400   2.000E-03   1.6465E-05   2.8179E-05   1.6373E-05 / 2.8089E-05   
4410   2.000E-03   1.6839E-05   2.7560E-05   1.6437E-05 / 2.7302E-05   
4420   2.000E-03   1.6122E-05   2.7343E-05   1.6114E-05 / 2.7329E-05   
4430   2.000E-03   1.7965E-05   2.8205E-05   1.7940E-05 / 2.8160E-05   
4440   2.000E-03   1.6332E-05   2.7570E-05   1.6318E-05 / 2.7540E-05   
4450   2.000E-03   1.6095E-05   2.7369E-05   1.6013E-05 / 2.7334E-05   
4460   2.000E-03   1.8202E-05   2.9697E-05   1.8135E-05 / 2.9625E-05   
4470   2.000E-03   2.1168E-05   3.3516E-05   2.0985E-05 / 3.3430E-05   
4480   2.000E-03   1.6502E-05   2.8528E-05   1.6488E-05 / 2.8510E-05   
4490   2.000E-03   1.5570E-05   2.7358E-05   1.5536E-05 / 2.7304E-05   
4500   2.000E-03   1.6541E-05   2.7783E-05   1.6533E-05 / 2.7771E-05   
4510   2.000E-03   1.5922E-05   2.7276E-05   1.5918E-05 / 2.7274E-05   
4520   2.000E-03   1.7113E-05   2.9011E-05   1.7113E-05 / 2.9011E-05   
4530   2.000E-03   1.5697E-05   2.6963E-05   1.5668E-05 / 2.6926E-05   
4540   2.000E-03   1.5610E-05   2.8095E-05   1.5591E-05 / 2.8067E-05   
4550   2.000E-03   1.6522E-05   2.8950E-05   1.6496E-05 / 2.8925E-05   
4560   2.000E-03   1.6045E-05   2.7487E-05   1.5890E-05 / 2.7421E-05   
4570   2.000E-03   1.6344E-05   2.8045E-05   1.6341E-05 / 2.8038E-05   
4580   2.000E-03   2.9076E-05   4.1448E-05   2.8968E-05 / 4.1406E-05   
4590   2.000E-03   1.5273E-05   2.7172E-05   1.5185E-05 / 2.7128E-05   
4600   2.000E-03   1.5576E-05   2.7454E-05   1.5449E-05 / 2.7372E-05   
4610   2.000E-03   1.5172E-05   2.7360E-05   1.5134E-05 / 2.7324E-05   
4620   2.000E-03   1.5017E-05   2.6234E-05   1.4922E-05 / 2.6154E-05   
4630   2.000E-03   1.5323E-05   2.6737E-05   1.5309E-05 / 2.6720E-05   
4640   2.000E-03   2.3194E-05   3.4341E-05   2.3194E-05 / 3.4341E-05   
4650   2.000E-03   1.5850E-05   2.7372E-05   1.5739E-05 / 2.7316E-05   
4660   2.000E-03   1.5194E-05   2.6379E-05   1.5170E-05 / 2.6373E-05   
4670   2.000E-03   1.5445E-05   2.7864E-05   1.5321E-05 / 2.7801E-05   
4680   2.000E-03   1.5727E-05   2.7408E-05   1.5655E-05 / 2.7352E-05   
4690   2.000E-03   1.5887E-05   2.5332E-05   1.5808E-05 / 2.5261E-05   
4700   2.000E-03   2.2476E-05   3.3668E-05   2.2439E-05 / 3.3629E-05   
4710   2.000E-03   1.5092E-05   2.6406E-05   1.5046E-05 / 2.6360E-05   
4720   2.000E-03   1.4731E-05   2.5792E-05   1.4620E-05 / 2.5726E-05   
4730   2.000E-03   1.4662E-05   2.5870E-05   1.4578E-05 / 2.5823E-05   
4740   2.000E-03   1.5173E-05   2.6737E-05   1.5079E-05 / 2.6695E-05   
4750   2.000E-03   1.6918E-05   2.8827E-05   1.6880E-05 / 2.8799E-05   
4760   2.000E-03   1.5678E-05   2.6664E-05   1.5359E-05 / 2.6486E-05   
4770   2.000E-03   1.5172E-05   2.6515E-05   1.5119E-05 / 2.6471E-05   
4780   2.000E-03   1.5115E-05   2.6409E-05   1.5016E-05 / 2.6380E-05   
4790   2.000E-03   1.4627E-05   2.5148E-05   1.4602E-05 / 2.5135E-05   
4800   2.000E-03   2.0906E-05   3.1231E-05   2.0866E-05 / 3.1231E-05   
4810   2.000E-03   1.5377E-05   2.6984E-05   1.5373E-05 / 2.6983E-05   
4820   2.000E-03   3.7729E-05   4.5666E-05   3.7697E-05 / 4.5647E-05   
4830   2.000E-03   1.4495E-05   2.5307E-05   1.4469E-05 / 2.5292E-05   
4840   2.000E-03   1.4513E-05   2.5656E-05   1.4351E-05 / 2.5575E-05   
4850   2.000E-03   1.4982E-05   2.5605E-05   1.4949E-05 / 2.5588E-05   
4860   2.000E-03   1.4569E-05   2.5979E-05   1.4537E-05 / 2.5961E-05   
4870   2.000E-03   1.5749E-05   2.7199E-05   1.5726E-05 / 2.7186E-05   
4880   2.000E-03   1.6241E-05   2.6915E-05   1.5679E-05 / 2.6512E-05   
4890   2.000E-03   1.6810E-05   2.8656E-05   1.6791E-05 / 2.8649E-05   
4900   2.000E-03   1.4473E-05   2.5414E-05   1.4302E-05 / 2.5341E-05   
4910   2.000E-03   1.4390E-05   2.6060E-05   1.4325E-05 / 2.6025E-05   
4920   2.000E-03   1.4538E-05   2.5949E-05   1.4518E-05 / 2.5942E-05   
4930   2.000E-03   1.4738E-05   2.6468E-05   1.4533E-05 / 2.6360E-05   
4940   2.000E-03   1.4336E-05   2.5737E-05   1.4241E-05 / 2.5675E-05   
4950   2.000E-03   1.4051E-05   2.4582E-05   1.3985E-05 / 2.4553E-05   
4960   2.000E-03   1.5331E-05   2.7489E-05   1.5205E-05 / 2.7432E-05   
4970   2.000E-03   1.4990E-05   2.6012E-05   1.4948E-05 / 2.5994E-05   
4980   2.000E-03   1.5738E-05   2.6359E-05   1.5603E-05 / 2.6309E-05   
4990   2.000E-03   1.4757E-05   2.5429E-05   1.4721E-05 / 2.5423E-05   
5000   2.000E-03   1.8144E-05   3.0726E-05   1.7957E-05 / 3.0606E-05   
===============================================================================================================
Saved model to models/kan_6/kanTBNN-24Jul24_23:40:29.pickle
