========== Dataset info ==========
Dataset params: {'file': '/home/nikhila/WDC/kan/dataset/turbulence_dataset_clean.csv', 'Cases': ['squareDuctAve_Re_1100', 'squareDuctAve_Re_1150', 'squareDuctAve_Re_1250', 'squareDuctAve_Re_1300', 'squareDuctAve_Re_1350', 'squareDuctAve_Re_1400', 'squareDuctAve_Re_1500', 'squareDuctAve_Re_1600', 'squareDuctAve_Re_1800', 'squareDuctAve_Re_2000', 'squareDuctAve_Re_2205', 'squareDuctAve_Re_2400', 'squareDuctAve_Re_2600', 'squareDuctAve_Re_2900', 'squareDuctAve_Re_3200', 'squareDuctAve_Re_3500'], 'val_set': ['squareDuctAve_Re_1300', 'squareDuctAve_Re_1800', 'squareDuctAve_Re_3200'], 'test_set': ['squareDuctAve_Re_2000'], 'data_loader': <class 'tbnn.dataloaders.aDataset'>}
Train/Valid/Test points: 110592 / 27648 / 9216
Memorization?: False
Cluster training?: False
EPOCH     LR        TRAIN         VALID             MSE:T/V                  RL:T/V             %NR_t/%NR_v
===============================================================================================================
  1   5.000E-04   1.4262E-03   1.4872E-03   1.4244E-03 / 1.4850E-03   
 10   5.000E-04   5.3106E-04   5.6631E-04   5.3100E-04 / 5.6561E-04   
 20   5.000E-04   4.5357E-04   5.5136E-04   4.5317E-04 / 5.3644E-04   
 30   5.000E-04   4.3806E-04   5.3185E-04   4.3612E-04 / 5.2856E-04   
 40   5.000E-04   3.9814E-04   4.6773E-04   3.9790E-04 / 4.6599E-04   
 50   5.000E-04   3.8000E-04   4.9518E-04   3.7903E-04 / 4.8255E-04   
 60   5.000E-04   3.6968E-04   4.8941E-04   3.6650E-04 / 4.6972E-04   
 70   5.000E-04   3.9304E-04   5.2792E-04   3.9281E-04 / 5.1806E-04   
 80   5.000E-04   3.6270E-04   4.9397E-04   3.6217E-04 / 4.7900E-04   
 90   5.000E-04   3.7770E-04   5.4151E-04   3.7544E-04 / 5.0608E-04   
100   5.000E-04   3.8687E-04   4.5624E-04   3.8663E-04 / 4.5422E-04   
110   5.000E-04   3.8373E-04   5.5669E-04   3.8307E-04 / 5.2599E-04   
120   5.000E-04   4.9574E-04   5.4334E-04   4.9481E-04 / 5.3887E-04   
130   5.000E-04   3.5235E-04   4.9970E-04   3.5197E-04 / 4.7547E-04   
140   5.000E-04   3.4988E-04   4.8316E-04   3.4931E-04 / 4.6647E-04   
150   5.000E-04   3.4997E-04   5.0520E-04   3.4946E-04 / 4.6765E-04   
160   5.000E-04   3.5626E-04   4.6445E-04   3.5602E-04 / 4.6073E-04   
170   5.000E-04   3.6306E-04   5.8224E-04   3.6208E-04 / 5.1596E-04   
180   5.000E-04   3.5464E-04   5.5442E-04   3.5311E-04 / 4.8047E-04   
190   5.000E-04   3.4307E-04   4.9977E-04   3.4211E-04 / 4.6545E-04   
200   5.000E-04   3.4336E-04   4.8484E-04   3.4268E-04 / 4.5011E-04   
BEST MODEL
===============================================================================================================
152   5.000E-04   3.6419E-04   4.4542E-04   3.6403E-04 / 4.4331E-04   
===============================================================================================================
Saved model to models/duct_only_6/kanTBNN-25Jan29_13:19:29.pickle
