=====> WARNING: Training dataset length: 0, assuming memorization test!
========== Dataset info ==========
Dataset params: {'file': '/home/ryley/WDK/ML/dataset/turbulence_dataset_clean.csv', 'Cases': ['squareDuctAve_Re_2000'], 'val_set': ['squareDuctAve_Re_2000'], 'test_set': ['squareDuctAve_Re_2000'], 'data_loader': <class 'tbnn.dataloaders.aDataset'>}
Train/Valid/Test points: 9216 / 9216 / 9216
Memorization?: True
Cluster training?: False
EPOCH     LR        TRAIN         VALID             MSE:T/V                  RL:T/V             %NR_t/%NR_v
===============================================================================================================
  1   5.000E-03   2.2995E-03   2.2995E-03   2.2995E-03 / 2.2995E-03   
 10   5.000E-03   4.3280E-04   4.3280E-04   4.3280E-04 / 4.3280E-04   
 20   5.000E-03   3.7822E-04   3.7822E-04   3.7822E-04 / 3.7822E-04   
 30   5.000E-03   3.6710E-04   3.6710E-04   3.6710E-04 / 3.6710E-04   
 40   5.000E-03   3.0270E-04   3.0270E-04   3.0270E-04 / 3.0270E-04   
 50   5.000E-03   2.8629E-04   2.8629E-04   2.8629E-04 / 2.8629E-04   
 60   5.000E-03   3.2500E-04   3.2500E-04   3.2500E-04 / 3.2500E-04   
 70   5.000E-03   2.9712E-04   2.9712E-04   2.9712E-04 / 2.9712E-04   
 80   5.000E-03   2.8613E-04   2.8613E-04   2.8613E-04 / 2.8613E-04   
 90   5.000E-03   3.0383E-04   3.0383E-04   3.0383E-04 / 3.0383E-04   
100   5.000E-03   2.8345E-04   2.8345E-04   2.8345E-04 / 2.8345E-04   
110   5.000E-03   2.8226E-04   2.8226E-04   2.8226E-04 / 2.8226E-04   
120   5.000E-03   2.8434E-04   2.8434E-04   2.8434E-04 / 2.8434E-04   
130   5.000E-03   3.2960E-04   3.2960E-04   3.2960E-04 / 3.2960E-04   
140   5.000E-03   2.9451E-04   2.9451E-04   2.9451E-04 / 2.9451E-04   
150   5.000E-03   2.7740E-04   2.7740E-04   2.7740E-04 / 2.7740E-04   
160   5.000E-03   2.8384E-04   2.8384E-04   2.8384E-04 / 2.8384E-04   
170   5.000E-03   2.9515E-04   2.9515E-04   2.9515E-04 / 2.9515E-04   
180   5.000E-03   2.7258E-04   2.7258E-04   2.7258E-04 / 2.7258E-04   
190   5.000E-03   2.7382E-04   2.7382E-04   2.7382E-04 / 2.7382E-04   
200   5.000E-03   2.7154E-04   2.7154E-04   2.7154E-04 / 2.7154E-04   
210   5.000E-03   2.6608E-04   2.6608E-04   2.6608E-04 / 2.6608E-04   
220   5.000E-03   2.8616E-04   2.8616E-04   2.8616E-04 / 2.8616E-04   
230   5.000E-03   2.8224E-04   2.8224E-04   2.8224E-04 / 2.8224E-04   
240   5.000E-03   2.8385E-04   2.8385E-04   2.8385E-04 / 2.8385E-04   
250   5.000E-03   2.7591E-04   2.7591E-04   2.7591E-04 / 2.7591E-04   
260   5.000E-03   2.8290E-04   2.8290E-04   2.8290E-04 / 2.8290E-04   
262   5.000E-03   2.7684E-04   2.7684E-04   2.7684E-04 / 2.7684E-04   
BEST MODEL
===============================================================================================================
209   5.000E-03   2.6250E-04   2.6250E-04   2.6250E-04 / 2.6250E-04   
===============================================================================================================
Saved model to models/duct_memorization_norealiz/TBNNiii-24May09_10:48:18.pickle
