========== Dataset info ==========
Dataset params: {'file': '/home/nikki/kan/data/turbulence_dataset_clean.csv', 'Cases': ['fp_1000', 'fp_1410', 'fp_2000', 'fp_2540', 'fp_3030', 'fp_3270', 'fp_3630', 'fp_3970', 'fp_4060'], 'val_set': ['fp_3030', 'fp_1410', 'fp_4060'], 'test_set': ['fp_3630'], 'data_loader': <class 'tbnn.dataloaders.aDataset'>}
Train/Valid/Test points: 760 / 468 / 168
Memorization?: False
Cluster training?: False
EPOCH     LR        TRAIN         VALID             MSE:T/V                  RL:T/V             %NR_t/%NR_v
===============================================================================================================
  1   5.000E-03   8.7303E-02   8.2062E-02   8.7303E-02 / 8.2062E-02   
 10   5.000E-03   5.1700E-03   4.7683E-03   5.1569E-03 / 4.7547E-03   
 20   5.000E-03   1.6379E-03   1.4915E-03   1.6307E-03 / 1.4843E-03   
 30   5.000E-03   1.0825E-03   1.0197E-03   1.0792E-03 / 1.0165E-03   
 40   5.000E-03   8.7311E-04   8.3142E-04   8.7213E-04 / 8.3045E-04   
 50   5.000E-03   7.5164E-04   7.2323E-04   7.4955E-04 / 7.2116E-04   
 60   5.000E-03   6.8565E-04   6.6250E-04   6.8075E-04 / 6.5769E-04   
 70   5.000E-03   6.5122E-04   6.2920E-04   6.4549E-04 / 6.2348E-04   
 80   5.000E-03   6.2678E-04   6.0837E-04   6.2094E-04 / 6.0256E-04   
 90   5.000E-03   6.1263E-04   5.9507E-04   6.0536E-04 / 5.8789E-04   
100   5.000E-03   5.9834E-04   5.8463E-04   5.9126E-04 / 5.7765E-04   
110   5.000E-03   5.8664E-04   5.7140E-04   5.7974E-04 / 5.6461E-04   
120   5.000E-03   5.7613E-04   5.6221E-04   5.7058E-04 / 5.5672E-04   
130   5.000E-03   5.6647E-04   5.5347E-04   5.6080E-04 / 5.4786E-04   
140   5.000E-03   5.5600E-04   5.4372E-04   5.4866E-04 / 5.3653E-04   
150   5.000E-03   5.4596E-04   5.3457E-04   5.4110E-04 / 5.2978E-04   
160   5.000E-03   5.3444E-04   5.2534E-04   5.2966E-04 / 5.2065E-04   
170   5.000E-03   5.1103E-04   5.0304E-04   5.0863E-04 / 5.0067E-04   
180   5.000E-03   4.8555E-04   4.8110E-04   4.8345E-04 / 4.7906E-04   
190   5.000E-03   4.6490E-04   4.6334E-04   4.6267E-04 / 4.6117E-04   
200   5.000E-03   4.4592E-04   4.4828E-04   4.4368E-04 / 4.4608E-04   
210   5.000E-03   4.2851E-04   4.3291E-04   4.2666E-04 / 4.3109E-04   
220   5.000E-03   4.1264E-04   4.1627E-04   4.1055E-04 / 4.1420E-04   
230   5.000E-03   3.9797E-04   4.0712E-04   3.9607E-04 / 4.0524E-04   
240   5.000E-03   3.8455E-04   3.9100E-04   3.8311E-04 / 3.8959E-04   
250   5.000E-03   3.7131E-04   3.8487E-04   3.6978E-04 / 3.8339E-04   
260   5.000E-03   3.5932E-04   3.7775E-04   3.5772E-04 / 3.7616E-04   
270   5.000E-03   3.4303E-04   3.5932E-04   3.4177E-04 / 3.5811E-04   
280   5.000E-03   3.3188E-04   3.5147E-04   3.3047E-04 / 3.5012E-04   
290   5.000E-03   3.2398E-04   3.4635E-04   3.2294E-04 / 3.4536E-04   
300   5.000E-03   3.2075E-04   3.5142E-04   3.1890E-04 / 3.4955E-04   
310   5.000E-03   3.0488E-04   3.2731E-04   3.0399E-04 / 3.2644E-04   
320   5.000E-03   2.9278E-04   3.1748E-04   2.9194E-04 / 3.1669E-04   
330   5.000E-03   2.8539E-04   3.1732E-04   2.8465E-04 / 3.1661E-04   
340   5.000E-03   2.8016E-04   3.0004E-04   2.7948E-04 / 2.9941E-04   
350   5.000E-03   2.8738E-04   3.1192E-04   2.8319E-04 / 3.0797E-04   
360   5.000E-03   2.6273E-04   2.8332E-04   2.6165E-04 / 2.8235E-04   
370   5.000E-03   2.5249E-04   2.7432E-04   2.5208E-04 / 2.7392E-04   
380   5.000E-03   2.4896E-04   2.7013E-04   2.4862E-04 / 2.6980E-04   
390   5.000E-03   2.4185E-04   2.5699E-04   2.4146E-04 / 2.5663E-04   
400   5.000E-03   2.4155E-04   2.7727E-04   2.4113E-04 / 2.7696E-04   
410   5.000E-03   2.2620E-04   2.4607E-04   2.2588E-04 / 2.4580E-04   
420   5.000E-03   2.2381E-04   2.4365E-04   2.2348E-04 / 2.4337E-04   
430   5.000E-03   2.4765E-04   2.7832E-04   2.4628E-04 / 2.7760E-04   
440   5.000E-03   2.1648E-04   2.3766E-04   2.1631E-04 / 2.3752E-04   
450   5.000E-03   2.0789E-04   2.3671E-04   2.0777E-04 / 2.3661E-04   
460   5.000E-03   2.0533E-04   2.2850E-04   2.0525E-04 / 2.2843E-04   
470   5.000E-03   1.9450E-04   2.1713E-04   1.9424E-04 / 2.1691E-04   
480   5.000E-03   1.9708E-04   2.2293E-04   1.9637E-04 / 2.2223E-04   
490   5.000E-03   1.8646E-04   2.0804E-04   1.8596E-04 / 2.0765E-04   
500   5.000E-03   1.9200E-04   2.1606E-04   1.9180E-04 / 2.1589E-04   
510   5.000E-03   1.8062E-04   2.1043E-04   1.8046E-04 / 2.1032E-04   
520   5.000E-03   1.7306E-04   1.9399E-04   1.7301E-04 / 1.9395E-04   
530   5.000E-03   1.7377E-04   1.9306E-04   1.7354E-04 / 1.9290E-04   
540   5.000E-03   1.6539E-04   1.9346E-04   1.6538E-04 / 1.9344E-04   
550   5.000E-03   1.7832E-04   2.1244E-04   1.7805E-04 / 2.1224E-04   
560   5.000E-03   1.7885E-04   1.9071E-04   1.7877E-04 / 1.9064E-04   
570   5.000E-03   1.6514E-04   1.9126E-04   1.6508E-04 / 1.9120E-04   
580   5.000E-03   1.5223E-04   1.7995E-04   1.5186E-04 / 1.7964E-04   
590   5.000E-03   1.6086E-04   1.9169E-04   1.6075E-04 / 1.9157E-04   
600   5.000E-03   1.4707E-04   1.8012E-04   1.4694E-04 / 1.8000E-04   
610   5.000E-03   1.4944E-04   1.7684E-04   1.4917E-04 / 1.7657E-04   
620   5.000E-03   1.4784E-04   1.7622E-04   1.4773E-04 / 1.7611E-04   
630   5.000E-03   1.4688E-04   1.7105E-04   1.4663E-04 / 1.7084E-04   
640   5.000E-03   1.4371E-04   1.7162E-04   1.4350E-04 / 1.7144E-04   
650   5.000E-03   1.4183E-04   1.8836E-04   1.4162E-04 / 1.8816E-04   
660   5.000E-03   1.6316E-04   2.0248E-04   1.6246E-04 / 2.0195E-04   
670   5.000E-03   1.3800E-04   1.8288E-04   1.3772E-04 / 1.8264E-04   
680   5.000E-03   1.3172E-04   1.6443E-04   1.3149E-04 / 1.6423E-04   
690   5.000E-03   1.4580E-04   1.6837E-04   1.4517E-04 / 1.6796E-04   
700   5.000E-03   1.4571E-04   1.8228E-04   1.4546E-04 / 1.8205E-04   
710   5.000E-03   1.4763E-04   1.8631E-04   1.4715E-04 / 1.8591E-04   
720   5.000E-03   1.5173E-04   1.6844E-04   1.5144E-04 / 1.6818E-04   
730   5.000E-03   1.2408E-04   1.4953E-04   1.2378E-04 / 1.4927E-04   
740   5.000E-03   1.1954E-04   1.4725E-04   1.1931E-04 / 1.4705E-04   
750   5.000E-03   1.2014E-04   1.5411E-04   1.1959E-04 / 1.5361E-04   
760   5.000E-03   1.3139E-04   1.6544E-04   1.3099E-04 / 1.6507E-04   
770   5.000E-03   1.2211E-04   1.6013E-04   1.2165E-04 / 1.5971E-04   
780   5.000E-03   1.6705E-04   1.8525E-04   1.6609E-04 / 1.8472E-04   
790   5.000E-03   1.1642E-04   1.4502E-04   1.1553E-04 / 1.4417E-04   
800   5.000E-03   3.0184E-04   3.4791E-04   3.0149E-04 / 3.4757E-04   
810   5.000E-03   1.1261E-04   1.4422E-04   1.1219E-04 / 1.4382E-04   
820   5.000E-03   1.1407E-04   1.3747E-04   1.1363E-04 / 1.3707E-04   
830   5.000E-03   1.1083E-04   1.4052E-04   1.1007E-04 / 1.3986E-04   
840   5.000E-03   1.1404E-04   1.4351E-04   1.1382E-04 / 1.4332E-04   
850   5.000E-03   1.0661E-04   1.3641E-04   1.0644E-04 / 1.3625E-04   
860   5.000E-03   1.1112E-04   1.4006E-04   1.1079E-04 / 1.3975E-04   
870   5.000E-03   1.0478E-04   1.3099E-04   1.0461E-04 / 1.3084E-04   
880   5.000E-03   1.1089E-04   1.3560E-04   1.1072E-04 / 1.3544E-04   
890   5.000E-03   1.2027E-04   1.5285E-04   1.2004E-04 / 1.5268E-04   
900   5.000E-03   1.1527E-04   1.5869E-04   1.1505E-04 / 1.5851E-04   
910   5.000E-03   1.0243E-04   1.3227E-04   1.0159E-04 / 1.3161E-04   
920   5.000E-03   1.0738E-04   1.3097E-04   1.0707E-04 / 1.3072E-04   
930   5.000E-03   1.2526E-04   1.4592E-04   1.2509E-04 / 1.4576E-04   
940   5.000E-03   1.0876E-04   1.3573E-04   1.0745E-04 / 1.3503E-04   
950   5.000E-03   1.0064E-04   1.3141E-04   9.9789E-05 / 1.3090E-04   
960   5.000E-03   9.8451E-05   1.2880E-04   9.8053E-05 / 1.2847E-04   
970   5.000E-03   1.1746E-04   1.3143E-04   1.1647E-04 / 1.3077E-04   
980   5.000E-03   1.0061E-04   1.2974E-04   1.0032E-04 / 1.2950E-04   
990   5.000E-03   9.5152E-05   1.2198E-04   9.4692E-05 / 1.2156E-04   
1000   5.000E-03   9.8503E-05   1.2993E-04   9.8259E-05 / 1.2969E-04   
1010   5.000E-03   9.5154E-05   1.2484E-04   9.4861E-05 / 1.2456E-04   
1020   5.000E-03   9.6034E-05   1.1765E-04   9.5713E-05 / 1.1738E-04   
1030   5.000E-03   9.6259E-05   1.2957E-04   9.5025E-05 / 1.2860E-04   
1040   5.000E-03   9.2931E-05   1.1924E-04   9.2637E-05 / 1.1897E-04   
1050   5.000E-03   9.9291E-05   1.2357E-04   9.8923E-05 / 1.2328E-04   
1060   5.000E-03   1.6506E-04   1.6866E-04   1.6466E-04 / 1.6830E-04   
1070   5.000E-03   9.1626E-05   1.1822E-04   9.1313E-05 / 1.1792E-04   
1080   5.000E-03   9.3807E-05   1.1678E-04   9.3304E-05 / 1.1635E-04   
1090   5.000E-03   1.0505E-04   1.3144E-04   1.0442E-04 / 1.3096E-04   
1100   5.000E-03   9.4391E-05   1.2067E-04   9.4141E-05 / 1.2043E-04   
1110   5.000E-03   9.6458E-05   1.2947E-04   9.6063E-05 / 1.2911E-04   
1120   5.000E-03   1.0721E-04   1.2946E-04   1.0680E-04 / 1.2910E-04   
1130   5.000E-03   8.8812E-05   1.1455E-04   8.8565E-05 / 1.1432E-04   
1140   5.000E-03   9.6552E-05   1.3398E-04   9.6257E-05 / 1.3371E-04   
1150   5.000E-03   1.0229E-04   1.3388E-04   1.0199E-04 / 1.3359E-04   
1160   5.000E-03   9.2664E-05   1.2108E-04   9.2482E-05 / 1.2091E-04   
1170   5.000E-03   8.7345E-05   1.1390E-04   8.7030E-05 / 1.1363E-04   
1180   5.000E-03   9.1088E-05   1.1545E-04   9.0754E-05 / 1.1514E-04   
1190   5.000E-03   8.9608E-05   1.1228E-04   8.9319E-05 / 1.1202E-04   
1200   5.000E-03   8.6746E-05   1.1035E-04   8.6274E-05 / 1.0997E-04   
1210   5.000E-03   9.5434E-05   1.2063E-04   9.5212E-05 / 1.2043E-04   
1220   5.000E-03   1.6232E-04   1.6990E-04   1.6210E-04 / 1.6970E-04   
1230   5.000E-03   8.8396E-05   1.1890E-04   8.7891E-05 / 1.1854E-04   
1240   5.000E-03   8.9877E-05   1.2021E-04   8.9494E-05 / 1.1986E-04   
1250   5.000E-03   9.3767E-05   1.2565E-04   9.3485E-05 / 1.2539E-04   
1260   5.000E-03   9.0264E-05   1.1426E-04   9.0014E-05 / 1.1402E-04   
1270   5.000E-03   1.0071E-04   1.3164E-04   1.0050E-04 / 1.3144E-04   
1280   5.000E-03   9.8905E-05   1.3851E-04   9.8648E-05 / 1.3829E-04   
1290   5.000E-03   8.7220E-05   1.0928E-04   8.7013E-05 / 1.0908E-04   
1300   5.000E-03   9.2993E-05   1.2673E-04   9.2503E-05 / 1.2642E-04   
1310   5.000E-03   1.0787E-04   1.2890E-04   1.0762E-04 / 1.2867E-04   
1320   5.000E-03   8.5918E-05   1.0742E-04   8.5660E-05 / 1.0718E-04   
1330   5.000E-03   9.3294E-05   1.2962E-04   9.2955E-05 / 1.2931E-04   
1340   5.000E-03   8.3151E-05   1.1597E-04   8.2901E-05 / 1.1574E-04   
1350   5.000E-03   8.6249E-05   1.1445E-04   8.6007E-05 / 1.1422E-04   
1360   5.000E-03   9.2235E-05   1.3186E-04   9.2013E-05 / 1.3164E-04   
1370   5.000E-03   8.5294E-05   1.1183E-04   8.4940E-05 / 1.1154E-04   
1380   5.000E-03   9.3458E-05   1.1846E-04   9.3085E-05 / 1.1811E-04   
1390   5.000E-03   1.1785E-04   1.5284E-04   1.1759E-04 / 1.5257E-04   
1400   5.000E-03   8.2916E-05   1.1072E-04   8.2521E-05 / 1.1046E-04   
1410   5.000E-03   8.3593E-05   1.1387E-04   8.3298E-05 / 1.1359E-04   
1420   5.000E-03   8.2452E-05   1.0999E-04   8.2154E-05 / 1.0972E-04   
1430   5.000E-03   8.5823E-05   1.1413E-04   8.5557E-05 / 1.1386E-04   
1440   5.000E-03   8.6291E-05   1.1658E-04   8.6053E-05 / 1.1635E-04   
1450   5.000E-03   8.4450E-05   1.0736E-04   8.4171E-05 / 1.0709E-04   
1460   5.000E-03   8.1443E-05   1.0931E-04   8.1081E-05 / 1.0903E-04   
1470   5.000E-03   8.1698E-05   1.1145E-04   8.1438E-05 / 1.1121E-04   
1480   5.000E-03   8.6303E-05   1.2228E-04   8.6035E-05 / 1.2204E-04   
1490   5.000E-03   7.9624E-05   1.1782E-04   7.9440E-05 / 1.1764E-04   
1500   5.000E-03   9.5105E-05   1.2582E-04   9.4922E-05 / 1.2564E-04   
1510   5.000E-03   7.9431E-05   1.1752E-04   7.9178E-05 / 1.1729E-04   
1520   5.000E-03   7.9415E-05   1.2074E-04   7.9161E-05 / 1.2049E-04   
1530   5.000E-03   8.2465E-05   1.2828E-04   8.2226E-05 / 1.2807E-04   
1540   5.000E-03   7.9299E-05   1.0838E-04   7.9046E-05 / 1.0819E-04   
1550   5.000E-03   8.0008E-05   1.1371E-04   7.9828E-05 / 1.1353E-04   
1560   5.000E-03   8.5141E-05   1.3082E-04   8.4878E-05 / 1.3056E-04   
1570   5.000E-03   7.8773E-05   1.1064E-04   7.8595E-05 / 1.1046E-04   
1580   5.000E-03   8.4503E-05   1.2080E-04   8.4403E-05 / 1.2070E-04   
1590   5.000E-03   7.7147E-05   1.1397E-04   7.6897E-05 / 1.1374E-04   
1600   5.000E-03   8.0470E-05   1.2127E-04   7.9372E-05 / 1.2064E-04   
1610   5.000E-03   7.7418E-05   1.1477E-04   7.7189E-05 / 1.1454E-04   
1620   5.000E-03   9.7859E-05   1.2152E-04   9.7638E-05 / 1.2129E-04   
1630   5.000E-03   7.7277E-05   1.1398E-04   7.6776E-05 / 1.1372E-04   
1640   5.000E-03   7.5609E-05   1.0922E-04   7.5344E-05 / 1.0896E-04   
1650   5.000E-03   7.9592E-05   1.1423E-04   7.9396E-05 / 1.1408E-04   
1660   5.000E-03   7.7570E-05   1.0367E-04   7.7355E-05 / 1.0347E-04   
1670   5.000E-03   7.6395E-05   1.0830E-04   7.6156E-05 / 1.0807E-04   
1680   5.000E-03   7.6466E-05   1.1203E-04   7.5813E-05 / 1.1157E-04   
1690   5.000E-03   7.9518E-05   1.1480E-04   7.9113E-05 / 1.1448E-04   
1700   5.000E-03   9.2792E-05   1.1655E-04   9.2566E-05 / 1.1632E-04   
1710   5.000E-03   7.8518E-05   1.1254E-04   7.7971E-05 / 1.1215E-04   
1720   5.000E-03   7.7074E-05   1.1935E-04   7.6750E-05 / 1.1903E-04   
1730   5.000E-03   8.0922E-05   1.0771E-04   8.0683E-05 / 1.0746E-04   
1740   5.000E-03   1.0515E-04   1.3327E-04   1.0420E-04 / 1.3250E-04   
1750   5.000E-03   7.4922E-05   1.1132E-04   7.4438E-05 / 1.1093E-04   
1760   5.000E-03   7.4594E-05   1.1139E-04   7.4095E-05 / 1.1102E-04   
1770   5.000E-03   7.9606E-05   1.1421E-04   7.8952E-05 / 1.1374E-04   
1780   5.000E-03   8.2543E-05   1.2000E-04   8.2210E-05 / 1.1967E-04   
1790   5.000E-03   7.9437E-05   1.1427E-04   7.9219E-05 / 1.1406E-04   
1800   5.000E-03   8.8688E-05   1.3238E-04   8.8332E-05 / 1.3204E-04   
1810   5.000E-03   7.5157E-05   1.1370E-04   7.4850E-05 / 1.1340E-04   
1820   5.000E-03   1.0490E-04   1.5407E-04   1.0452E-04 / 1.5377E-04   
1830   5.000E-03   7.4091E-05   1.0769E-04   7.3904E-05 / 1.0751E-04   
1840   5.000E-03   8.1327E-05   1.1356E-04   8.0928E-05 / 1.1318E-04   
1850   5.000E-03   8.0823E-05   1.2774E-04   8.0547E-05 / 1.2746E-04   
1860   5.000E-03   9.0019E-05   1.2667E-04   8.9767E-05 / 1.2643E-04   
1870   5.000E-03   7.3285E-05   1.0861E-04   7.3096E-05 / 1.0842E-04   
1880   5.000E-03   7.4748E-05   1.0607E-04   7.4422E-05 / 1.0576E-04   
1890   5.000E-03   7.6524E-05   1.0887E-04   7.6191E-05 / 1.0856E-04   
1900   5.000E-03   7.5241E-05   1.0426E-04   7.4975E-05 / 1.0400E-04   
1910   5.000E-03   7.4807E-05   1.1337E-04   7.4248E-05 / 1.1292E-04   
1920   5.000E-03   7.2810E-05   1.0993E-04   7.2504E-05 / 1.0963E-04   
1930   5.000E-03   7.5130E-05   1.1120E-04   7.4876E-05 / 1.1096E-04   
1940   5.000E-03   7.4815E-05   1.0771E-04   7.4538E-05 / 1.0744E-04   
1950   5.000E-03   7.4511E-05   1.1243E-04   7.3902E-05 / 1.1200E-04   
1960   5.000E-03   1.5861E-04   2.0010E-04   1.5683E-04 / 1.9822E-04   
1970   5.000E-03   7.3269E-05   1.0389E-04   7.3096E-05 / 1.0373E-04   
1980   5.000E-03   7.3624E-05   1.0593E-04   7.3330E-05 / 1.0565E-04   
1990   5.000E-03   7.6076E-05   1.1868E-04   7.5775E-05 / 1.1840E-04   
2000   5.000E-03   7.2093E-05   1.0596E-04   7.1829E-05 / 1.0571E-04   
2010   5.000E-03   7.1808E-05   1.0952E-04   7.1529E-05 / 1.0925E-04   
2020   5.000E-03   7.5462E-05   1.0496E-04   7.5149E-05 / 1.0466E-04   
2030   5.000E-03   7.9584E-05   1.1440E-04   7.9218E-05 / 1.1406E-04   
2040   5.000E-03   1.0399E-04   1.4057E-04   1.0371E-04 / 1.4030E-04   
2050   5.000E-03   7.2093E-05   1.0947E-04   7.1772E-05 / 1.0917E-04   
2060   5.000E-03   8.0099E-05   1.0985E-04   7.9800E-05 / 1.0956E-04   
2070   5.000E-03   7.5673E-05   1.1887E-04   7.5318E-05 / 1.1854E-04   
2080   5.000E-03   7.2018E-05   1.1356E-04   7.1646E-05 / 1.1323E-04   
2090   5.000E-03   7.2571E-05   1.0610E-04   7.2298E-05 / 1.0584E-04   
2100   5.000E-03   7.3083E-05   1.1152E-04   7.2896E-05 / 1.1134E-04   
2110   5.000E-03   9.1279E-05   1.3154E-04   9.0488E-05 / 1.3106E-04   
2120   5.000E-03   7.2868E-05   1.0708E-04   7.2636E-05 / 1.0685E-04   
2130   5.000E-03   7.1098E-05   1.0894E-04   7.0797E-05 / 1.0866E-04   
2140   5.000E-03   7.2995E-05   1.0875E-04   7.2715E-05 / 1.0849E-04   
2150   5.000E-03   7.3041E-05   1.0942E-04   7.2825E-05 / 1.0921E-04   
2160   5.000E-03   7.2202E-05   1.1114E-04   7.1956E-05 / 1.1091E-04   
2170   5.000E-03   7.3830E-05   1.1207E-04   7.3526E-05 / 1.1177E-04   
2180   5.000E-03   8.0256E-05   1.2911E-04   8.0033E-05 / 1.2889E-04   
2190   5.000E-03   7.1246E-05   1.0896E-04   7.0957E-05 / 1.0869E-04   
2200   5.000E-03   7.1395E-05   1.0597E-04   7.1054E-05 / 1.0567E-04   
2210   5.000E-03   1.1501E-04   1.6288E-04   1.1429E-04 / 1.6238E-04   
2220   5.000E-03   7.8913E-05   1.2348E-04   7.8598E-05 / 1.2318E-04   
2230   5.000E-03   7.0613E-05   1.0309E-04   7.0345E-05 / 1.0284E-04   
2240   5.000E-03   7.4473E-05   1.1593E-04   7.3950E-05 / 1.1552E-04   
2250   5.000E-03   7.5477E-05   1.0961E-04   7.5211E-05 / 1.0935E-04   
2260   5.000E-03   7.6519E-05   1.0471E-04   7.5782E-05 / 1.0416E-04   
2270   5.000E-03   7.4513E-05   1.0577E-04   7.4361E-05 / 1.0562E-04   
2280   5.000E-03   6.9776E-05   1.0328E-04   6.9517E-05 / 1.0304E-04   
2290   5.000E-03   6.9938E-05   1.0643E-04   6.9453E-05 / 1.0606E-04   
2300   5.000E-03   7.2203E-05   1.0963E-04   7.1907E-05 / 1.0934E-04   
2310   5.000E-03   7.8983E-05   1.1445E-04   7.8835E-05 / 1.1430E-04   
2320   5.000E-03   7.9235E-05   1.1127E-04   7.8948E-05 / 1.1103E-04   
2330   5.000E-03   7.8568E-05   1.1321E-04   7.8276E-05 / 1.1296E-04   
2340   5.000E-03   6.8934E-05   9.9369E-05   6.8621E-05 / 9.9071E-05   
2350   5.000E-03   7.3327E-05   9.9482E-05   7.3123E-05 / 9.9289E-05   
2360   5.000E-03   1.4455E-04   2.0770E-04   1.4425E-04 / 2.0742E-04   
2370   5.000E-03   6.9664E-05   1.0636E-04   6.9429E-05 / 1.0613E-04   
2380   5.000E-03   8.3258E-05   1.1205E-04   8.3052E-05 / 1.1185E-04   
2390   5.000E-03   7.1097E-05   9.8668E-05   7.0841E-05 / 9.8440E-05   
2400   5.000E-03   6.9887E-05   1.0263E-04   6.9693E-05 / 1.0245E-04   
2410   5.000E-03   6.9142E-05   1.0264E-04   6.8750E-05 / 1.0235E-04   
2420   5.000E-03   9.9520E-05   1.3912E-04   9.9370E-05 / 1.3898E-04   
2430   5.000E-03   8.0812E-05   1.0640E-04   8.0253E-05 / 1.0601E-04   
2440   5.000E-03   7.4956E-05   1.1110E-04   7.4732E-05 / 1.1089E-04   
2450   5.000E-03   6.8429E-05   9.9341E-05   6.8122E-05 / 9.9079E-05   
2460   5.000E-03   6.7584E-05   9.9401E-05   6.7003E-05 / 9.8989E-05   
2470   5.000E-03   7.0975E-05   1.0922E-04   7.0729E-05 / 1.0898E-04   
2480   5.000E-03   6.7437E-05   9.4796E-05   6.7155E-05 / 9.4544E-05   
2490   5.000E-03   7.0259E-05   1.0042E-04   6.9694E-05 / 9.9987E-05   
2500   5.000E-03   7.9663E-05   1.2150E-04   7.9315E-05 / 1.2120E-04   
2510   5.000E-03   7.1414E-05   1.0001E-04   7.0408E-05 / 9.9049E-05   
2520   5.000E-03   6.6959E-05   1.0014E-04   6.6620E-05 / 9.9845E-05   
2530   5.000E-03   6.8240E-05   9.7160E-05   6.8002E-05 / 9.6982E-05   
2540   5.000E-03   7.4729E-05   1.1303E-04   7.2773E-05 / 1.1139E-04   
2550   5.000E-03   7.3250E-05   1.0238E-04   7.3023E-05 / 1.0217E-04   
2560   5.000E-03   8.5187E-05   1.0983E-04   8.2509E-05 / 1.0774E-04   
2570   5.000E-03   9.4139E-05   1.1705E-04   9.3876E-05 / 1.1681E-04   
2580   5.000E-03   6.6651E-05   9.3365E-05   6.6402E-05 / 9.3149E-05   
2590   5.000E-03   6.8064E-05   1.0376E-04   6.7432E-05 / 1.0332E-04   
2600   5.000E-03   6.5397E-05   9.3782E-05   6.5130E-05 / 9.3537E-05   
2610   5.000E-03   7.2080E-05   1.0809E-04   7.1734E-05 / 1.0781E-04   
2620   5.000E-03   6.8333E-05   1.0649E-04   6.7779E-05 / 1.0584E-04   
2630   5.000E-03   6.5604E-05   9.3570E-05   6.5023E-05 / 9.2951E-05   
2640   5.000E-03   6.5277E-05   9.8282E-05   6.4921E-05 / 9.7994E-05   
2650   5.000E-03   6.6313E-05   9.5176E-05   6.5867E-05 / 9.4804E-05   
2660   5.000E-03   1.2330E-04   1.7934E-04   1.2302E-04 / 1.7909E-04   
2670   5.000E-03   7.1999E-05   1.0827E-04   7.1741E-05 / 1.0803E-04   
2680   5.000E-03   6.7595E-05   9.6932E-05   6.5848E-05 / 9.4911E-05   
2690   5.000E-03   6.6485E-05   9.7258E-05   6.6136E-05 / 9.6897E-05   
2700   5.000E-03   8.3983E-05   1.2811E-04   8.3043E-05 / 1.2697E-04   
2710   5.000E-03   8.1972E-05   1.2156E-04   8.1408E-05 / 1.2115E-04   
2720   5.000E-03   6.9348E-05   1.0517E-04   6.9084E-05 / 1.0494E-04   
2730   5.000E-03   6.2805E-05   9.3715E-05   6.2573E-05 / 9.3504E-05   
2740   5.000E-03   8.3756E-05   1.1661E-04   8.3508E-05 / 1.1639E-04   
2750   5.000E-03   6.6696E-05   1.0256E-04   6.6388E-05 / 1.0227E-04   
2760   5.000E-03   6.6053E-05   9.3092E-05   6.5768E-05 / 9.2853E-05   
2770   5.000E-03   6.2862E-05   9.1125E-05   6.2591E-05 / 9.0874E-05   
2780   5.000E-03   6.6569E-05   9.5939E-05   6.5642E-05 / 9.5265E-05   
2790   5.000E-03   6.5992E-05   9.2999E-05   6.5683E-05 / 9.2752E-05   
2800   5.000E-03   1.0954E-04   1.4570E-04   1.0924E-04 / 1.4542E-04   
2810   5.000E-03   6.4096E-05   9.4147E-05   6.3756E-05 / 9.3777E-05   
2820   5.000E-03   6.6014E-05   9.9662E-05   6.5762E-05 / 9.9423E-05   
2830   5.000E-03   6.9115E-05   1.0735E-04   6.8598E-05 / 1.0669E-04   
2840   5.000E-03   8.6913E-05   1.2916E-04   8.6428E-05 / 1.2859E-04   
2850   5.000E-03   7.5496E-05   1.1448E-04   7.5099E-05 / 1.1402E-04   
2860   5.000E-03   6.4436E-05   9.8161E-05   6.4202E-05 / 9.7937E-05   
2870   5.000E-03   6.1779E-05   9.0105E-05   6.1527E-05 / 8.9865E-05   
2880   5.000E-03   6.2596E-05   9.1227E-05   6.2346E-05 / 9.1028E-05   
2890   5.000E-03   6.3183E-05   1.0133E-04   6.2839E-05 / 1.0099E-04   
2900   5.000E-03   7.8339E-05   1.1675E-04   7.7547E-05 / 1.1568E-04   
2910   5.000E-03   7.2940E-05   9.0828E-05   7.1775E-05 / 8.9417E-05   
2920   5.000E-03   7.1486E-05   1.0083E-04   7.1040E-05 / 1.0028E-04   
2930   5.000E-03   6.3099E-05   9.3245E-05   6.2704E-05 / 9.2816E-05   
2940   5.000E-03   6.4698E-05   8.8931E-05   6.4275E-05 / 8.8605E-05   
2950   5.000E-03   6.2022E-05   9.5971E-05   6.1785E-05 / 9.5760E-05   
2960   5.000E-03   8.0923E-05   1.1788E-04   8.0461E-05 / 1.1728E-04   
2970   5.000E-03   7.5139E-05   9.6408E-05   7.4693E-05 / 9.5902E-05   
2980   5.000E-03   6.1258E-05   9.1009E-05   6.0919E-05 / 9.0702E-05   
2990   5.000E-03   6.1869E-05   8.5450E-05   6.1536E-05 / 8.5097E-05   
3000   5.000E-03   6.2970E-05   9.5595E-05   6.2623E-05 / 9.5239E-05   
3010   5.000E-03   1.1755E-04   1.4442E-04   1.1722E-04 / 1.4411E-04   
3020   5.000E-03   6.5385E-05   9.3065E-05   6.5115E-05 / 9.2799E-05   
3030   5.000E-03   6.4635E-05   9.4710E-05   6.4358E-05 / 9.4437E-05   
3040   5.000E-03   6.1378E-05   8.8268E-05   6.1157E-05 / 8.8050E-05   
3050   5.000E-03   8.9932E-05   1.3733E-04   8.9756E-05 / 1.3716E-04   
3060   5.000E-03   6.1078E-05   9.1264E-05   6.0773E-05 / 9.0940E-05   
3070   5.000E-03   6.7674E-05   9.3819E-05   6.7416E-05 / 9.3577E-05   
3080   5.000E-03   6.0587E-05   9.2862E-05   6.0316E-05 / 9.2583E-05   
3090   5.000E-03   7.9689E-05   1.1143E-04   7.9378E-05 / 1.1111E-04   
3100   5.000E-03   6.3830E-05   9.5030E-05   6.3597E-05 / 9.4798E-05   
3110   5.000E-03   6.2129E-05   9.2322E-05   6.1908E-05 / 9.2101E-05   
3120   5.000E-03   6.5625E-05   8.7363E-05   6.5391E-05 / 8.7130E-05   
3130   5.000E-03   7.4425E-05   9.9820E-05   7.3934E-05 / 9.9411E-05   
3140   5.000E-03   6.1298E-05   9.3240E-05   6.1017E-05 / 9.2959E-05   
3150   5.000E-03   7.0514E-05   1.0026E-04   6.9398E-05 / 9.9216E-05   
3160   5.000E-03   6.0887E-05   9.0472E-05   6.0506E-05 / 9.0135E-05   
3170   5.000E-03   6.5058E-05   9.7793E-05   6.4809E-05 / 9.7535E-05   
3180   5.000E-03   6.3385E-05   9.2392E-05   6.3179E-05 / 9.2183E-05   
3190   5.000E-03   6.2414E-05   9.8139E-05   6.2168E-05 / 9.7893E-05   
3200   5.000E-03   6.4106E-05   9.3014E-05   6.3967E-05 / 9.2878E-05   
3210   5.000E-03   6.6040E-05   1.0589E-04   6.5328E-05 / 1.0541E-04   
3220   5.000E-03   6.1678E-05   9.0538E-05   6.1126E-05 / 9.0070E-05   
3230   5.000E-03   6.5378E-05   9.1028E-05   6.5113E-05 / 9.0778E-05   
3240   5.000E-03   6.1847E-05   8.9058E-05   6.1577E-05 / 8.8791E-05   
3250   5.000E-03   7.6604E-05   1.2056E-04   7.6347E-05 / 1.2031E-04   
3260   5.000E-03   6.2793E-05   9.2240E-05   6.2511E-05 / 9.1962E-05   
3270   5.000E-03   6.6155E-05   9.2995E-05   6.5836E-05 / 9.2638E-05   
3280   5.000E-03   6.5655E-05   1.0048E-04   6.5324E-05 / 1.0011E-04   
3290   5.000E-03   1.0312E-04   1.2760E-04   1.0290E-04 / 1.2738E-04   
3300   5.000E-03   7.0440E-05   1.0160E-04   6.9972E-05 / 1.0103E-04   
3310   5.000E-03   6.3545E-05   8.9786E-05   6.1414E-05 / 8.7561E-05   
3320   5.000E-03   5.8844E-05   8.5623E-05   5.8559E-05 / 8.5337E-05   
3330   5.000E-03   5.8630E-05   8.4699E-05   5.8255E-05 / 8.4309E-05   
3340   5.000E-03   5.8492E-05   8.6451E-05   5.8106E-05 / 8.6079E-05   
3350   5.000E-03   6.0432E-05   9.3083E-05   6.0189E-05 / 9.2840E-05   
3360   5.000E-03   6.6717E-05   9.1140E-05   6.4873E-05 / 8.9399E-05   
3370   5.000E-03   1.7462E-04   2.0442E-04   1.6354E-04 / 1.9364E-04   
3380   5.000E-03   6.4713E-05   9.0038E-05   6.4465E-05 / 8.9821E-05   
3390   5.000E-03   6.2632E-05   8.9325E-05   6.2343E-05 / 8.9038E-05   
3400   5.000E-03   6.0215E-05   9.0793E-05   5.9994E-05 / 9.0576E-05   
3410   5.000E-03   6.9310E-05   1.0421E-04   6.8783E-05 / 1.0381E-04   
3420   5.000E-03   7.2697E-05   1.0738E-04   7.2315E-05 / 1.0703E-04   
3430   5.000E-03   7.4666E-05   1.0272E-04   7.4432E-05 / 1.0252E-04   
3440   5.000E-03   5.9800E-05   8.3755E-05   5.9605E-05 / 8.3559E-05   
3450   5.000E-03   6.4296E-05   9.6688E-05   6.4016E-05 / 9.6404E-05   
3460   5.000E-03   6.4583E-05   9.1666E-05   6.4380E-05 / 9.1463E-05   
3470   5.000E-03   6.2449E-05   8.1238E-05   6.2140E-05 / 8.0952E-05   
3480   5.000E-03   6.7286E-05   9.5388E-05   6.3512E-05 / 9.1423E-05   
3490   5.000E-03   6.1809E-05   8.8551E-05   6.1462E-05 / 8.8203E-05   
3500   5.000E-03   8.4455E-05   1.0823E-04   8.3608E-05 / 1.0726E-04   
3510   5.000E-03   6.3787E-05   8.5957E-05   6.3558E-05 / 8.5727E-05   
3520   5.000E-03   6.3428E-05   8.5595E-05   6.3283E-05 / 8.5447E-05   
3530   5.000E-03   6.5507E-05   8.9374E-05   6.5259E-05 / 8.9123E-05   
3540   5.000E-03   6.3223E-05   8.8117E-05   6.2798E-05 / 8.7780E-05   
3550   5.000E-03   5.7771E-05   8.4754E-05   5.7416E-05 / 8.4398E-05   
3560   5.000E-03   6.9256E-05   8.8376E-05   6.8705E-05 / 8.7972E-05   
3570   5.000E-03   6.4206E-05   8.9406E-05   6.3566E-05 / 8.8683E-05   
3580   5.000E-03   5.9902E-05   8.6684E-05   5.9652E-05 / 8.6438E-05   
3590   5.000E-03   6.5618E-05   8.6659E-05   6.5414E-05 / 8.6455E-05   
3600   5.000E-03   1.5862E-04   2.0745E-04   1.5828E-04 / 2.0712E-04   
3610   5.000E-03   6.2038E-05   8.5552E-05   6.1663E-05 / 8.5192E-05   
3620   5.000E-03   5.9987E-05   8.7756E-05   5.9654E-05 / 8.7431E-05   
3630   5.000E-03   5.8522E-05   8.3081E-05   5.8312E-05 / 8.2877E-05   
3640   5.000E-03   6.6015E-05   8.6180E-05   6.5867E-05 / 8.6055E-05   
3650   5.000E-03   5.9145E-05   8.3078E-05   5.8758E-05 / 8.2720E-05   
3660   5.000E-03   6.5011E-05   8.7822E-05   6.4711E-05 / 8.7531E-05   
3670   5.000E-03   5.8641E-05   8.6886E-05   5.8448E-05 / 8.6702E-05   
3680   5.000E-03   5.7987E-05   8.4423E-05   5.7741E-05 / 8.4173E-05   
3690   5.000E-03   5.8238E-05   8.4316E-05   5.7823E-05 / 8.3947E-05   
3700   5.000E-03   7.4062E-05   1.0238E-04   7.3273E-05 / 1.0164E-04   
3710   5.000E-03   6.2786E-05   9.0950E-05   6.0996E-05 / 8.9242E-05   
3720   5.000E-03   5.8492E-05   8.4370E-05   5.8234E-05 / 8.4113E-05   
3730   5.000E-03   8.2277E-05   1.0270E-04   8.1934E-05 / 1.0235E-04   
3740   5.000E-03   6.1694E-05   8.4158E-05   6.1492E-05 / 8.3955E-05   
3750   5.000E-03   6.1649E-05   8.8802E-05   6.1463E-05 / 8.8621E-05   
3760   5.000E-03   6.1581E-05   8.9951E-05   6.1264E-05 / 8.9651E-05   
3770   5.000E-03   5.8636E-05   8.4778E-05   5.7881E-05 / 8.4139E-05   
3780   5.000E-03   5.8766E-05   8.7018E-05   5.8475E-05 / 8.6703E-05   
3790   5.000E-03   6.4998E-05   8.8355E-05   6.4727E-05 / 8.8098E-05   
3800   5.000E-03   6.2430E-05   9.0023E-05   6.2217E-05 / 8.9810E-05   
3810   5.000E-03   7.0007E-05   9.3727E-05   6.9434E-05 / 9.3217E-05   
3820   5.000E-03   7.5354E-05   1.0506E-04   7.5211E-05 / 1.0492E-04   
3830   5.000E-03   6.8006E-05   9.3036E-05   6.7637E-05 / 9.2658E-05   
3840   5.000E-03   6.1024E-05   8.5984E-05   6.0809E-05 / 8.5771E-05   
3850   5.000E-03   5.8606E-05   8.2459E-05   5.8363E-05 / 8.2221E-05   
3860   5.000E-03   6.1874E-05   8.7462E-05   6.1649E-05 / 8.7264E-05   
3870   5.000E-03   6.9513E-05   9.2757E-05   6.9251E-05 / 9.2515E-05   
3880   5.000E-03   7.4648E-05   9.6642E-05   7.4412E-05 / 9.6408E-05   
3890   5.000E-03   5.7892E-05   8.0454E-05   5.7643E-05 / 8.0210E-05   
3900   5.000E-03   5.9230E-05   8.0486E-05   5.9039E-05 / 8.0293E-05   
3910   5.000E-03   6.2246E-05   8.5944E-05   6.1105E-05 / 8.5076E-05   
3920   5.000E-03   8.2492E-05   1.0077E-04   8.2174E-05 / 1.0045E-04   
3930   5.000E-03   5.7928E-05   8.0021E-05   5.7378E-05 / 7.9559E-05   
3940   5.000E-03   5.6485E-05   7.8470E-05   5.6210E-05 / 7.8210E-05   
3950   5.000E-03   5.7019E-05   8.0319E-05   5.6595E-05 / 7.9959E-05   
3960   5.000E-03   5.8255E-05   7.9358E-05   5.7972E-05 / 7.9098E-05   
3970   5.000E-03   5.8641E-05   8.6119E-05   5.8392E-05 / 8.5870E-05   
3980   5.000E-03   6.2873E-05   8.9147E-05   6.2499E-05 / 8.8738E-05   
3990   5.000E-03   6.5561E-05   8.8969E-05   6.5310E-05 / 8.8706E-05   
4000   5.000E-03   6.4998E-05   9.0181E-05   6.4794E-05 / 8.9984E-05   
4010   5.000E-03   7.2987E-05   9.0061E-05   7.2729E-05 / 8.9822E-05   
4020   5.000E-03   5.9205E-05   8.0180E-05   5.9047E-05 / 8.0010E-05   
4030   5.000E-03   6.3527E-05   8.0949E-05   6.3402E-05 / 8.0827E-05   
4040   5.000E-03   6.0183E-05   8.2569E-05   5.9901E-05 / 8.2314E-05   
4050   5.000E-03   6.0771E-05   8.2099E-05   6.0610E-05 / 8.1940E-05   
4060   5.000E-03   1.0837E-04   1.0857E-04   1.0807E-04 / 1.0829E-04   
4070   5.000E-03   5.7648E-05   7.6485E-05   5.7364E-05 / 7.6216E-05   
4080   5.000E-03   5.9668E-05   8.3624E-05   5.9501E-05 / 8.3460E-05   
4090   5.000E-03   5.9745E-05   8.3500E-05   5.9121E-05 / 8.2746E-05   
4100   5.000E-03   9.9011E-05   1.1839E-04   8.4503E-05 / 1.0548E-04   
4110   5.000E-03   6.2292E-05   7.9262E-05   6.1979E-05 / 7.8979E-05   
4120   5.000E-03   5.6562E-05   7.7747E-05   5.6330E-05 / 7.7524E-05   
4130   5.000E-03   5.7328E-05   8.0548E-05   5.7133E-05 / 8.0351E-05   
4140   5.000E-03   5.6453E-05   7.9276E-05   5.6243E-05 / 7.9064E-05   
4150   5.000E-03   5.5816E-05   7.7786E-05   5.5367E-05 / 7.7361E-05   
4160   5.000E-03   5.8020E-05   7.5976E-05   5.7740E-05 / 7.5697E-05   
4170   5.000E-03   1.5978E-04   1.5457E-04   1.5844E-04 / 1.5306E-04   
4180   5.000E-03   6.7919E-05   7.9226E-05   6.7608E-05 / 7.8944E-05   
4190   5.000E-03   6.0416E-05   7.8000E-05   6.0070E-05 / 7.7711E-05   
4200   5.000E-03   6.1259E-05   8.3222E-05   6.0839E-05 / 8.2838E-05   
4210   5.000E-03   6.3605E-05   8.2581E-05   6.3252E-05 / 8.2275E-05   
4220   5.000E-03   6.0316E-05   7.6931E-05   6.0068E-05 / 7.6671E-05   
4230   5.000E-03   8.5706E-05   9.3406E-05   8.5323E-05 / 9.3040E-05   
4240   5.000E-03   8.7700E-05   1.0240E-04   8.6982E-05 / 1.0178E-04   
4250   5.000E-03   5.6283E-05   7.5961E-05   5.5855E-05 / 7.5533E-05   
4260   5.000E-03   5.4930E-05   7.4437E-05   5.4695E-05 / 7.4191E-05   
4270   5.000E-03   5.4142E-05   7.3055E-05   5.3943E-05 / 7.2851E-05   
4280   5.000E-03   5.7149E-05   7.4457E-05   5.5996E-05 / 7.3387E-05   
4290   5.000E-03   5.7103E-05   7.4776E-05   5.6846E-05 / 7.4559E-05   
4300   5.000E-03   5.4543E-05   7.2064E-05   5.4340E-05 / 7.1859E-05   
4310   5.000E-03   6.1579E-05   7.6379E-05   6.1043E-05 / 7.6012E-05   
4320   5.000E-03   7.2145E-05   8.4501E-05   7.1274E-05 / 8.3676E-05   
4330   5.000E-03   5.8020E-05   7.6779E-05   5.7750E-05 / 7.6537E-05   
4340   5.000E-03   5.5052E-05   7.1656E-05   5.4757E-05 / 7.1408E-05   
4350   5.000E-03   5.4797E-05   6.9769E-05   5.4591E-05 / 6.9546E-05   
4360   5.000E-03   5.9519E-05   7.1912E-05   5.9350E-05 / 7.1747E-05   
4370   5.000E-03   6.6320E-05   8.4082E-05   6.4865E-05 / 8.3067E-05   
4380   5.000E-03   6.8875E-05   8.1829E-05   6.8741E-05 / 8.1698E-05   
4390   5.000E-03   5.5594E-05   7.2732E-05   5.5291E-05 / 7.2478E-05   
4400   5.000E-03   6.3395E-05   7.5433E-05   6.3026E-05 / 7.5131E-05   
4410   5.000E-03   6.7702E-05   8.2096E-05   6.5917E-05 / 8.0330E-05   
4420   5.000E-03   5.5375E-05   7.0330E-05   5.5180E-05 / 7.0126E-05   
4430   5.000E-03   6.0224E-05   7.3314E-05   6.0066E-05 / 7.3159E-05   
4440   5.000E-03   5.7507E-05   7.1254E-05   5.7313E-05 / 7.1059E-05   
4450   5.000E-03   5.3891E-05   6.8867E-05   5.3540E-05 / 6.8533E-05   
4460   5.000E-03   5.3308E-05   6.7567E-05   5.2981E-05 / 6.7293E-05   
4470   5.000E-03   5.9763E-05   7.7546E-05   5.9062E-05 / 7.7107E-05   
4480   5.000E-03   5.4220E-05   6.9950E-05   5.3937E-05 / 6.9666E-05   
4490   5.000E-03   5.3710E-05   7.0708E-05   5.3504E-05 / 7.0483E-05   
4500   5.000E-03   5.3214E-05   6.9854E-05   5.2954E-05 / 6.9602E-05   
4510   5.000E-03   5.5108E-05   7.2135E-05   5.4777E-05 / 7.1800E-05   
4520   5.000E-03   6.2761E-05   8.1607E-05   6.1854E-05 / 8.0759E-05   
4530   5.000E-03   5.7089E-05   7.1218E-05   5.6859E-05 / 7.1010E-05   
4540   5.000E-03   5.6660E-05   6.9436E-05   5.6434E-05 / 6.9205E-05   
4550   5.000E-03   6.9764E-05   8.6200E-05   6.9474E-05 / 8.5884E-05   
4560   5.000E-03   5.3681E-05   6.9084E-05   5.3506E-05 / 6.8885E-05   
4570   5.000E-03   5.4124E-05   6.6517E-05   5.3802E-05 / 6.6165E-05   
4580   5.000E-03   5.2807E-05   6.6549E-05   5.2533E-05 / 6.6271E-05   
4590   5.000E-03   5.4999E-05   7.2463E-05   5.4635E-05 / 7.2088E-05   
4600   5.000E-03   5.5251E-05   7.1560E-05   5.5085E-05 / 7.1402E-05   
4610   5.000E-03   5.3053E-05   6.7188E-05   5.2642E-05 / 6.6750E-05   
4620   5.000E-03   5.3774E-05   7.2844E-05   5.3418E-05 / 7.2437E-05   
4630   5.000E-03   5.6847E-05   7.3014E-05   5.6674E-05 / 7.2839E-05   
4640   5.000E-03   6.6731E-05   8.0134E-05   6.5222E-05 / 7.8451E-05   
4650   5.000E-03   6.5582E-05   7.7756E-05   6.4362E-05 / 7.6830E-05   
4660   5.000E-03   5.1797E-05   6.7323E-05   5.1656E-05 / 6.7182E-05   
4670   5.000E-03   1.1033E-04   1.2461E-04   1.1032E-04 / 1.2461E-04   
4680   5.000E-03   5.2821E-05   6.5820E-05   5.2632E-05 / 6.5584E-05   
4690   5.000E-03   5.1526E-05   6.9250E-05   5.1253E-05 / 6.9029E-05   
4700   5.000E-03   5.2682E-05   7.0004E-05   5.2494E-05 / 6.9826E-05   
4710   5.000E-03   5.1401E-05   6.7113E-05   5.1072E-05 / 6.6795E-05   
4720   5.000E-03   5.1347E-05   6.8123E-05   5.0982E-05 / 6.7755E-05   
4730   5.000E-03   5.2072E-05   6.4319E-05   5.1739E-05 / 6.4073E-05   
4740   5.000E-03   5.4013E-05   7.0627E-05   5.3734E-05 / 7.0349E-05   
4750   5.000E-03   5.2305E-05   6.4429E-05   5.2122E-05 / 6.4212E-05   
4760   5.000E-03   5.2525E-05   6.8143E-05   5.2394E-05 / 6.7999E-05   
4770   5.000E-03   5.6356E-05   6.8653E-05   5.6221E-05 / 6.8535E-05   
4780   5.000E-03   6.7010E-05   7.5895E-05   6.5979E-05 / 7.4701E-05   
4790   5.000E-03   4.8473E-05   6.2011E-05   4.8313E-05 / 6.1876E-05   
4800   5.000E-03   5.0792E-05   6.5341E-05   5.0403E-05 / 6.5124E-05   
4810   5.000E-03   7.4863E-05   8.5033E-05   7.1874E-05 / 8.2214E-05   
4820   5.000E-03   5.0350E-05   6.5006E-05   5.0198E-05 / 6.4854E-05   
4830   5.000E-03   5.0598E-05   6.4404E-05   5.0498E-05 / 6.4301E-05   
4840   5.000E-03   4.9095E-05   6.3273E-05   4.9008E-05 / 6.3180E-05   
4850   5.000E-03   4.8313E-05   6.6422E-05   4.8025E-05 / 6.6076E-05   
4860   5.000E-03   5.3457E-05   6.8178E-05   5.3251E-05 / 6.7984E-05   
4870   5.000E-03   4.9426E-05   6.2038E-05   4.9213E-05 / 6.1878E-05   
4880   5.000E-03   5.1952E-05   6.9297E-05   5.1817E-05 / 6.9159E-05   
4890   5.000E-03   4.7998E-05   6.2751E-05   4.7913E-05 / 6.2648E-05   
4900   5.000E-03   5.2340E-05   6.8404E-05   5.2183E-05 / 6.8275E-05   
4910   5.000E-03   4.9640E-05   6.6131E-05   4.9547E-05 / 6.6023E-05   
4920   5.000E-03   4.5256E-05   6.2339E-05   4.5135E-05 / 6.2227E-05   
4930   5.000E-03   4.5745E-05   6.1296E-05   4.5621E-05 / 6.1152E-05   
4940   5.000E-03   4.5640E-05   5.8772E-05   4.5540E-05 / 5.8662E-05   
4950   5.000E-03   4.5291E-05   6.1099E-05   4.5086E-05 / 6.0930E-05   
4960   5.000E-03   4.4092E-05   5.9835E-05   4.3963E-05 / 5.9678E-05   
4970   5.000E-03   4.5221E-05   6.2121E-05   4.5107E-05 / 6.2021E-05   
4980   5.000E-03   4.5107E-05   6.2703E-05   4.4986E-05 / 6.2566E-05   
4990   5.000E-03   6.7266E-05   8.3568E-05   6.7256E-05 / 8.3555E-05   
5000   5.000E-03   4.8476E-05   6.0450E-05   4.8374E-05 / 6.0366E-05   
5010   5.000E-03   4.7172E-05   6.1139E-05   4.6118E-05 / 6.0214E-05   
5020   5.000E-03   4.4069E-05   6.1228E-05   4.3954E-05 / 6.1094E-05   
5030   5.000E-03   4.2278E-05   5.8666E-05   4.2131E-05 / 5.8486E-05   
5040   5.000E-03   5.4711E-05   7.1228E-05   5.1060E-05 / 6.7691E-05   
5050   5.000E-03   4.3602E-05   5.7851E-05   4.3562E-05 / 5.7792E-05   
5060   5.000E-03   4.1632E-05   5.6066E-05   4.1561E-05 / 5.5981E-05   
5070   5.000E-03   4.1063E-05   5.7061E-05   4.0954E-05 / 5.6935E-05   
5080   5.000E-03   4.0508E-05   5.6531E-05   4.0361E-05 / 5.6422E-05   
5090   5.000E-03   4.5234E-05   5.8568E-05   4.5203E-05 / 5.8536E-05   
5100   5.000E-03   4.0443E-05   5.4468E-05   4.0307E-05 / 5.4354E-05   
5110   5.000E-03   4.0382E-05   5.7105E-05   4.0296E-05 / 5.7016E-05   
5120   5.000E-03   3.9286E-05   5.3334E-05   3.9216E-05 / 5.3258E-05   
5130   5.000E-03   4.2147E-05   5.8070E-05   4.2058E-05 / 5.8000E-05   
5140   5.000E-03   4.1153E-05   6.0206E-05   4.1028E-05 / 6.0125E-05   
5150   5.000E-03   4.9259E-05   6.2200E-05   4.8479E-05 / 6.1531E-05   
5160   5.000E-03   4.3159E-05   5.5898E-05   4.2816E-05 / 5.5726E-05   
5170   5.000E-03   3.8653E-05   5.6732E-05   3.8533E-05 / 5.6654E-05   
5180   5.000E-03   5.4010E-05   7.1913E-05   5.3930E-05 / 7.1824E-05   
5190   5.000E-03   8.6769E-05   9.9915E-05   8.4624E-05 / 9.7664E-05   
5200   5.000E-03   3.8029E-05   5.3131E-05   3.7998E-05 / 5.3097E-05   
5210   5.000E-03   4.3697E-05   6.2628E-05   4.3662E-05 / 6.2591E-05   
5220   5.000E-03   3.7314E-05   5.2636E-05   3.7258E-05 / 5.2577E-05   
5230   5.000E-03   3.7795E-05   5.3912E-05   3.7656E-05 / 5.3797E-05   
5240   5.000E-03   3.7764E-05   5.6507E-05   3.7259E-05 / 5.5943E-05   
5250   5.000E-03   3.6005E-05   5.2995E-05   3.5959E-05 / 5.2940E-05   
5260   5.000E-03   3.6314E-05   5.3478E-05   3.6235E-05 / 5.3391E-05   
5270   5.000E-03   3.5867E-05   4.9673E-05   3.5835E-05 / 4.9638E-05   
5280   5.000E-03   4.0102E-05   5.7880E-05   4.0065E-05 / 5.7831E-05   
5290   5.000E-03   3.4960E-05   5.4134E-05   3.4884E-05 / 5.4046E-05   
5300   5.000E-03   3.4292E-05   5.1046E-05   3.4268E-05 / 5.1027E-05   
5310   5.000E-03   4.0921E-05   5.7784E-05   4.0862E-05 / 5.7743E-05   
5320   5.000E-03   3.5230E-05   5.2315E-05   3.5053E-05 / 5.2154E-05   
5330   5.000E-03   3.4825E-05   5.0391E-05   3.4760E-05 / 5.0316E-05   
5340   5.000E-03   4.7765E-05   6.4323E-05   4.6744E-05 / 6.3304E-05   
5350   5.000E-03   1.1001E-04   1.1739E-04   1.0994E-04 / 1.1730E-04   
5360   5.000E-03   3.3406E-05   5.0317E-05   3.3344E-05 / 5.0279E-05   
5370   5.000E-03   3.2935E-05   4.9395E-05   3.2894E-05 / 4.9343E-05   
5380   5.000E-03   3.2285E-05   5.0036E-05   3.2202E-05 / 4.9935E-05   
5390   5.000E-03   3.3106E-05   5.0677E-05   3.3021E-05 / 5.0571E-05   
5400   5.000E-03   3.3972E-05   5.0397E-05   3.3945E-05 / 5.0358E-05   
5410   5.000E-03   7.8240E-05   1.0023E-04   7.8136E-05 / 1.0013E-04   
5420   5.000E-03   3.4092E-05   5.1683E-05   3.3605E-05 / 5.1110E-05   
5430   5.000E-03   3.1583E-05   4.8987E-05   3.1524E-05 / 4.8912E-05   
5440   5.000E-03   3.2327E-05   4.8784E-05   3.2231E-05 / 4.8676E-05   
5450   5.000E-03   3.5155E-05   4.9957E-05   3.4873E-05 / 4.9658E-05   
5460   5.000E-03   3.1429E-05   4.9366E-05   3.1320E-05 / 4.9234E-05   
5470   5.000E-03   1.0080E-04   1.0488E-04   1.0064E-04 / 1.0471E-04   
5480   5.000E-03   3.1518E-05   4.9592E-05   3.1413E-05 / 4.9514E-05   
5490   5.000E-03   3.0212E-05   4.7548E-05   3.0072E-05 / 4.7388E-05   
5500   5.000E-03   3.0453E-05   4.9323E-05   3.0386E-05 / 4.9239E-05   
5510   5.000E-03   3.0489E-05   4.7867E-05   3.0418E-05 / 4.7779E-05   
5520   5.000E-03   3.5181E-05   5.2601E-05   3.4871E-05 / 5.2325E-05   
5530   5.000E-03   3.0581E-05   4.5338E-05   3.0465E-05 / 4.5203E-05   
5540   5.000E-03   3.0124E-05   4.6314E-05   3.0046E-05 / 4.6225E-05   
5550   5.000E-03   2.9324E-05   4.5811E-05   2.9215E-05 / 4.5699E-05   
5560   5.000E-03   3.2258E-05   4.6488E-05   3.2130E-05 / 4.6352E-05   
5570   5.000E-03   2.9330E-05   4.6094E-05   2.9225E-05 / 4.5985E-05   
5580   5.000E-03   2.9655E-05   4.9824E-05   2.9532E-05 / 4.9717E-05   
5590   5.000E-03   3.2514E-05   5.0192E-05   3.2373E-05 / 5.0062E-05   
5600   5.000E-03   2.8978E-05   4.7044E-05   2.8845E-05 / 4.6921E-05   
5610   5.000E-03   3.9255E-05   6.0209E-05   3.9193E-05 / 6.0147E-05   
5620   5.000E-03   3.1357E-05   5.2718E-05   3.1146E-05 / 5.2523E-05   
5630   5.000E-03   3.5479E-05   5.0750E-05   3.4555E-05 / 4.9746E-05   
5640   5.000E-03   3.0589E-05   4.7818E-05   3.0507E-05 / 4.7751E-05   
5650   5.000E-03   2.9338E-05   4.3130E-05   2.9250E-05 / 4.3081E-05   
5660   5.000E-03   1.4169E-04   1.5257E-04   1.1774E-04 / 1.3003E-04   
5670   5.000E-03   3.0910E-05   4.7332E-05   3.0850E-05 / 4.7279E-05   
5680   5.000E-03   2.7745E-05   4.5699E-05   2.7619E-05 / 4.5590E-05   
5690   5.000E-03   2.8923E-05   4.7484E-05   2.8712E-05 / 4.7304E-05   
5700   5.000E-03   3.4249E-05   5.1673E-05   3.4076E-05 / 5.1527E-05   
5710   5.000E-03   3.5528E-05   5.0349E-05   3.5134E-05 / 4.9977E-05   
5720   5.000E-03   2.7041E-05   4.6762E-05   2.6989E-05 / 4.6733E-05   
5730   5.000E-03   3.1458E-05   4.6310E-05   3.1411E-05 / 4.6283E-05   
5740   5.000E-03   2.8590E-05   4.6007E-05   2.8483E-05 / 4.5921E-05   
5750   5.000E-03   3.0057E-05   4.5078E-05   2.9906E-05 / 4.4927E-05   
5760   5.000E-03   3.1996E-05   4.6737E-05   3.1824E-05 / 4.6620E-05   
5770   5.000E-03   2.8670E-05   4.5120E-05   2.8551E-05 / 4.5043E-05   
5780   5.000E-03   3.1968E-05   4.8873E-05   3.0423E-05 / 4.7531E-05   
5790   5.000E-03   3.1972E-05   4.9690E-05   3.1736E-05 / 4.9484E-05   
5800   5.000E-03   3.1187E-05   4.9272E-05   3.1131E-05 / 4.9250E-05   
5810   5.000E-03   3.2098E-05   4.5970E-05   3.2067E-05 / 4.5954E-05   
5820   5.000E-03   3.1456E-05   4.8703E-05   3.1141E-05 / 4.8407E-05   
5830   5.000E-03   3.3706E-05   5.4869E-05   3.1792E-05 / 5.2891E-05   
5840   5.000E-03   2.6261E-05   4.4309E-05   2.6126E-05 / 4.4190E-05   
5850   5.000E-03   2.5760E-05   4.5154E-05   2.5365E-05 / 4.4737E-05   
5860   5.000E-03   2.5876E-05   4.3721E-05   2.5743E-05 / 4.3629E-05   
5870   5.000E-03   2.5920E-05   4.3834E-05   2.5641E-05 / 4.3554E-05   
5880   5.000E-03   3.8616E-05   5.5411E-05   3.8587E-05 / 5.5402E-05   
5890   5.000E-03   3.1095E-05   4.8363E-05   3.0922E-05 / 4.8207E-05   
5900   5.000E-03   3.4875E-05   4.6950E-05   3.4243E-05 / 4.6263E-05   
5910   5.000E-03   2.6942E-05   4.3295E-05   2.6876E-05 / 4.3248E-05   
5920   5.000E-03   2.8156E-05   4.7953E-05   2.7466E-05 / 4.7222E-05   
5930   5.000E-03   5.1707E-05   6.6865E-05   4.4015E-05 / 5.8670E-05   
5940   5.000E-03   2.6163E-05   4.1493E-05   2.6057E-05 / 4.1398E-05   
5950   5.000E-03   2.6830E-05   4.2071E-05   2.6537E-05 / 4.1815E-05   
5960   5.000E-03   3.0229E-05   4.7566E-05   2.9956E-05 / 4.7276E-05   
5970   5.000E-03   2.6659E-05   4.4527E-05   2.6374E-05 / 4.4290E-05   
5980   5.000E-03   2.5805E-05   4.2754E-05   2.5709E-05 / 4.2655E-05   
5990   5.000E-03   2.5709E-05   4.3748E-05   2.5437E-05 / 4.3468E-05   
6000   5.000E-03   2.7795E-05   4.3267E-05   2.7560E-05 / 4.3016E-05   
===============================================================================================================
Saved model to /home/nikki/kan/kanTBNN/models/multi_run/kan_experiment_21/kanTBNN-24Nov04_05:29:54.pickle
