=====> WARNING: Training dataset length: 0, assuming memorization test!
========== Dataset info ==========
Dataset params: {'file': '/home/ryley/WDK/ML/dataset/turbulence_dataset_clean.csv', 'Cases': ['fp_3630'], 'val_set': ['fp_3630'], 'test_set': ['fp_3630'], 'data_loader': <class 'tbnn.dataloaders.kDataset'>}
Train/Valid/Test points: 168 / 168 / 168
Memorization?: True
Cluster training?: False
EPOCH     LR        TRAIN         VALID             MSE:T/V                  RL:T/V             %NR_t/%NR_v
===============================================================================================================
Backend TkAgg is interactive backend. Turning interactive mode on.
  1   2.500E-04   2.9490E+02   2.9490E+02   2.9490E+02 / 2.9490E+02   
 10   2.500E-04   2.7917E+02   2.7917E+02   2.7917E+02 / 2.7917E+02   
 20   2.500E-04   2.5706E+02   2.5706E+02   2.5706E+02 / 2.5706E+02   
 30   2.500E-04   2.3483E+02   2.3483E+02   2.3483E+02 / 2.3483E+02   
 40   2.500E-04   2.2305E+02   2.2305E+02   2.2305E+02 / 2.2305E+02   
 50   2.500E-04   2.0179E+02   2.0179E+02   2.0179E+02 / 2.0179E+02   
 60   2.500E-04   1.7629E+02   1.7629E+02   1.7629E+02 / 1.7629E+02   
 70   2.500E-04   1.7456E+02   1.7456E+02   1.7456E+02 / 1.7456E+02   
 80   2.500E-04   1.7143E+02   1.7143E+02   1.7143E+02 / 1.7143E+02   
 90   2.500E-04   1.7124E+02   1.7124E+02   1.7124E+02 / 1.7124E+02   
100   2.500E-04   1.6942E+02   1.6942E+02   1.6942E+02 / 1.6942E+02   
110   2.500E-04   1.6888E+02   1.6888E+02   1.6888E+02 / 1.6888E+02   
120   2.500E-04   1.6743E+02   1.6743E+02   1.6743E+02 / 1.6743E+02   
130   2.500E-04   1.6684E+02   1.6684E+02   1.6684E+02 / 1.6684E+02   
140   2.500E-04   1.6656E+02   1.6656E+02   1.6656E+02 / 1.6656E+02   
150   2.500E-04   1.6558E+02   1.6558E+02   1.6558E+02 / 1.6558E+02   
160   2.500E-04   1.6520E+02   1.6520E+02   1.6520E+02 / 1.6520E+02   
170   2.500E-04   1.6620E+02   1.6620E+02   1.6620E+02 / 1.6620E+02   
