=====> WARNING: Training dataset length: 0, assuming memorization test!
========== Dataset info ==========
Dataset params: {'file': '/home/ryley/WDK/ML/dataset/turbulence_dataset_clean.csv', 'Cases': ['fp_3630'], 'val_set': ['fp_3630'], 'test_set': ['fp_3630'], 'data_loader': <class 'tbnn.dataloaders.DeltaDataset'>}
Train/Valid/Test points: 168 / 168 / 168
Memorization?: True
Cluster training?: False
EPOCH     LR        TRAIN         VALID             MSE:T/V                  RL:T/V             %NR_t/%NR_v
===============================================================================================================
  1   5.000E-03   1.8233E+00   1.8233E+00   1.8233E+00 / 1.8233E+00   
 10   5.000E-03   1.6142E-01   1.6142E-01   1.6142E-01 / 1.6142E-01   
 20   5.000E-03   1.5431E-01   1.5431E-01   1.5431E-01 / 1.5431E-01   
 30   5.000E-03   1.4977E-01   1.4977E-01   1.4977E-01 / 1.4977E-01   
 40   5.000E-03   1.4646E-01   1.4646E-01   1.4646E-01 / 1.4646E-01   
 50   5.000E-03   1.2325E-01   1.2325E-01   1.2325E-01 / 1.2325E-01   
 60   5.000E-03   1.7254E-01   1.7254E-01   1.7254E-01 / 1.7254E-01   
 70   5.000E-03   1.0032E-01   1.0032E-01   1.0032E-01 / 1.0032E-01   
 80   5.000E-03   1.4285E-01   1.4285E-01   1.4285E-01 / 1.4285E-01   
 90   5.000E-03   8.8258E-02   8.8258E-02   8.8258E-02 / 8.8258E-02   
100   5.000E-03   8.8199E-02   8.8199E-02   8.8199E-02 / 8.8199E-02   
110   5.000E-03   9.1610E-02   9.1610E-02   9.1610E-02 / 9.1610E-02   
120   5.000E-03   8.5870E-02   8.5870E-02   8.5870E-02 / 8.5870E-02   
130   5.000E-03   8.7717E-02   8.7717E-02   8.7717E-02 / 8.7717E-02   
140   5.000E-03   7.6628E-02   7.6628E-02   7.6628E-02 / 7.6628E-02   
150   5.000E-03   7.4810E-02   7.4810E-02   7.4810E-02 / 7.4810E-02   
160   5.000E-03   8.0267E-02   8.0267E-02   8.0267E-02 / 8.0267E-02   
170   5.000E-03   3.2698E-01   3.2698E-01   3.2698E-01 / 3.2698E-01   
180   5.000E-03   8.2620E-02   8.2620E-02   8.2620E-02 / 8.2620E-02   
190   5.000E-03   1.2443E-01   1.2443E-01   1.2443E-01 / 1.2443E-01   
200   5.000E-03   7.9999E-02   7.9999E-02   7.9999E-02 / 7.9999E-02   
===============================================================================================================
Saved model to models/fp_memorization/KCNN-24May07_14:23:55.pickle
