=====> WARNING: Training dataset length: 0, assuming memorization test!
========== Dataset info ==========
Dataset params: {'file': '/home/ryley/WDK/ML/dataset/turbulence_dataset_clean.csv', 'Cases': ['fp_3630'], 'val_set': ['fp_3630'], 'test_set': ['fp_3630'], 'data_loader': <class 'tbnn.dataloaders.kDataset'>}
Train/Valid/Test points: 168 / 168 / 168
Memorization?: True
Cluster training?: False
EPOCH     LR        TRAIN         VALID             MSE:T/V                  RL:T/V             %NR_t/%NR_v
===============================================================================================================
  1   5.000E-04   9.5291E+02   9.5291E+02   9.5291E+02 / 9.5291E+02   
 10   5.000E-04   7.5457E+02   7.5457E+02   7.5457E+02 / 7.5457E+02   
 20   5.000E-04   2.0896E+02   2.0896E+02   2.0896E+02 / 2.0896E+02   
 30   5.000E-04   1.4562E+02   1.4562E+02   1.4562E+02 / 1.4562E+02   
 40   5.000E-04   1.2995E+02   1.2995E+02   1.2995E+02 / 1.2995E+02   
 50   5.000E-04   1.1749E+02   1.1749E+02   1.1749E+02 / 1.1749E+02   
 60   5.000E-04   1.0387E+02   1.0387E+02   1.0387E+02 / 1.0387E+02   
 70   5.000E-04   9.2965E+01   9.2965E+01   9.2965E+01 / 9.2965E+01   
 80   5.000E-04   8.8056E+01   8.8056E+01   8.8056E+01 / 8.8056E+01   
 90   5.000E-04   8.5934E+01   8.5934E+01   8.5934E+01 / 8.5934E+01   
100   5.000E-04   8.4602E+01   8.4602E+01   8.4602E+01 / 8.4602E+01   
110   5.000E-04   8.3634E+01   8.3634E+01   8.3634E+01 / 8.3634E+01   
120   5.000E-04   8.2685E+01   8.2685E+01   8.2685E+01 / 8.2685E+01   
130   5.000E-04   8.1812E+01   8.1812E+01   8.1812E+01 / 8.1812E+01   
140   5.000E-04   8.1013E+01   8.1013E+01   8.1013E+01 / 8.1013E+01   
150   5.000E-04   8.0462E+01   8.0462E+01   8.0462E+01 / 8.0462E+01   
160   5.000E-04   7.9725E+01   7.9725E+01   7.9725E+01 / 7.9725E+01   
170   5.000E-04   7.9142E+01   7.9142E+01   7.9142E+01 / 7.9142E+01   
180   5.000E-04   7.8697E+01   7.8697E+01   7.8697E+01 / 7.8697E+01   
190   5.000E-04   7.8436E+01   7.8436E+01   7.8436E+01 / 7.8436E+01   
200   5.000E-04   7.7837E+01   7.7837E+01   7.7837E+01 / 7.7837E+01   
210   5.000E-04   7.7794E+01   7.7794E+01   7.7794E+01 / 7.7794E+01   
220   5.000E-04   7.7010E+01   7.7010E+01   7.7010E+01 / 7.7010E+01   
230   5.000E-04   7.6756E+01   7.6756E+01   7.6756E+01 / 7.6756E+01   
240   5.000E-04   7.6329E+01   7.6329E+01   7.6329E+01 / 7.6329E+01   
250   5.000E-04   7.6047E+01   7.6047E+01   7.6047E+01 / 7.6047E+01   
260   5.000E-04   7.5814E+01   7.5814E+01   7.5814E+01 / 7.5814E+01   
270   5.000E-04   7.5418E+01   7.5418E+01   7.5418E+01 / 7.5418E+01   
280   5.000E-04   7.5080E+01   7.5080E+01   7.5080E+01 / 7.5080E+01   
290   5.000E-04   7.4867E+01   7.4867E+01   7.4867E+01 / 7.4867E+01   
300   5.000E-04   7.4576E+01   7.4576E+01   7.4576E+01 / 7.4576E+01   
310   5.000E-04   7.4411E+01   7.4411E+01   7.4411E+01 / 7.4411E+01   
320   5.000E-04   7.4184E+01   7.4184E+01   7.4184E+01 / 7.4184E+01   
330   5.000E-04   7.3906E+01   7.3906E+01   7.3906E+01 / 7.3906E+01   
340   5.000E-04   7.3830E+01   7.3830E+01   7.3830E+01 / 7.3830E+01   
350   5.000E-04   7.4101E+01   7.4101E+01   7.4101E+01 / 7.4101E+01   
360   5.000E-04   7.3831E+01   7.3831E+01   7.3831E+01 / 7.3831E+01   
370   5.000E-04   7.4103E+01   7.4103E+01   7.4103E+01 / 7.4103E+01   
380   5.000E-04   7.3287E+01   7.3287E+01   7.3287E+01 / 7.3287E+01   
390   5.000E-04   7.2797E+01   7.2797E+01   7.2797E+01 / 7.2797E+01   
400   5.000E-04   7.2857E+01   7.2857E+01   7.2857E+01 / 7.2857E+01   
410   5.000E-04   7.2749E+01   7.2749E+01   7.2749E+01 / 7.2749E+01   
420   5.000E-04   7.2297E+01   7.2297E+01   7.2297E+01 / 7.2297E+01   
430   5.000E-04   7.2091E+01   7.2091E+01   7.2091E+01 / 7.2091E+01   
440   5.000E-04   7.1995E+01   7.1995E+01   7.1995E+01 / 7.1995E+01   
450   5.000E-04   7.1866E+01   7.1866E+01   7.1866E+01 / 7.1866E+01   
460   5.000E-04   7.1662E+01   7.1662E+01   7.1662E+01 / 7.1662E+01   
470   5.000E-04   7.1991E+01   7.1991E+01   7.1991E+01 / 7.1991E+01   
480   5.000E-04   7.1396E+01   7.1396E+01   7.1396E+01 / 7.1396E+01   
490   5.000E-04   7.1381E+01   7.1381E+01   7.1381E+01 / 7.1381E+01   
500   5.000E-04   7.1408E+01   7.1408E+01   7.1408E+01 / 7.1408E+01   
510   5.000E-04   7.1482E+01   7.1482E+01   7.1482E+01 / 7.1482E+01   
520   5.000E-04   7.1176E+01   7.1176E+01   7.1176E+01 / 7.1176E+01   
530   5.000E-04   7.1154E+01   7.1154E+01   7.1154E+01 / 7.1154E+01   
540   5.000E-04   7.1190E+01   7.1190E+01   7.1190E+01 / 7.1190E+01   
550   5.000E-04   7.0748E+01   7.0748E+01   7.0748E+01 / 7.0748E+01   
560   5.000E-04   7.0685E+01   7.0685E+01   7.0685E+01 / 7.0685E+01   
570   5.000E-04   7.0553E+01   7.0553E+01   7.0553E+01 / 7.0553E+01   
580   5.000E-04   7.0617E+01   7.0617E+01   7.0617E+01 / 7.0617E+01   
590   5.000E-04   7.0980E+01   7.0980E+01   7.0980E+01 / 7.0980E+01   
600   5.000E-04   7.0353E+01   7.0353E+01   7.0353E+01 / 7.0353E+01   
610   5.000E-04   7.0338E+01   7.0338E+01   7.0338E+01 / 7.0338E+01   
620   5.000E-04   7.0142E+01   7.0142E+01   7.0142E+01 / 7.0142E+01   
630   5.000E-04   7.0378E+01   7.0378E+01   7.0378E+01 / 7.0378E+01   
640   5.000E-04   7.0324E+01   7.0324E+01   7.0324E+01 / 7.0324E+01   
650   5.000E-04   7.0334E+01   7.0334E+01   7.0334E+01 / 7.0334E+01   
660   5.000E-04   7.0214E+01   7.0214E+01   7.0214E+01 / 7.0214E+01   
670   5.000E-04   7.0035E+01   7.0035E+01   7.0035E+01 / 7.0035E+01   
680   5.000E-04   6.9955E+01   6.9955E+01   6.9955E+01 / 6.9955E+01   
690   5.000E-04   6.9756E+01   6.9756E+01   6.9756E+01 / 6.9756E+01   
700   5.000E-04   6.9898E+01   6.9898E+01   6.9898E+01 / 6.9898E+01   
710   5.000E-04   7.0111E+01   7.0111E+01   7.0111E+01 / 7.0111E+01   
720   5.000E-04   6.9831E+01   6.9831E+01   6.9831E+01 / 6.9831E+01   
730   5.000E-04   6.9838E+01   6.9838E+01   6.9838E+01 / 6.9838E+01   
740   5.000E-04   6.9860E+01   6.9860E+01   6.9860E+01 / 6.9860E+01   
750   5.000E-04   7.0038E+01   7.0038E+01   7.0038E+01 / 7.0038E+01   
760   5.000E-04   6.9986E+01   6.9986E+01   6.9986E+01 / 6.9986E+01   
770   5.000E-04   6.9609E+01   6.9609E+01   6.9609E+01 / 6.9609E+01   
780   5.000E-04   6.9778E+01   6.9778E+01   6.9778E+01 / 6.9778E+01   
790   5.000E-04   6.9511E+01   6.9511E+01   6.9511E+01 / 6.9511E+01   
800   5.000E-04   6.9531E+01   6.9531E+01   6.9531E+01 / 6.9531E+01   
810   5.000E-04   6.9367E+01   6.9367E+01   6.9367E+01 / 6.9367E+01   
820   5.000E-04   6.9403E+01   6.9403E+01   6.9403E+01 / 6.9403E+01   
830   5.000E-04   6.9314E+01   6.9314E+01   6.9314E+01 / 6.9314E+01   
840   5.000E-04   6.9234E+01   6.9234E+01   6.9234E+01 / 6.9234E+01   
850   5.000E-04   6.9382E+01   6.9382E+01   6.9382E+01 / 6.9382E+01   
860   5.000E-04   6.9692E+01   6.9692E+01   6.9692E+01 / 6.9692E+01   
870   5.000E-04   6.9636E+01   6.9636E+01   6.9636E+01 / 6.9636E+01   
880   5.000E-04   6.9249E+01   6.9249E+01   6.9249E+01 / 6.9249E+01   
890   5.000E-04   6.9748E+01   6.9748E+01   6.9748E+01 / 6.9748E+01   
900   5.000E-04   6.9529E+01   6.9529E+01   6.9529E+01 / 6.9529E+01   
910   5.000E-04   6.9404E+01   6.9404E+01   6.9404E+01 / 6.9404E+01   
920   5.000E-04   6.9162E+01   6.9162E+01   6.9162E+01 / 6.9162E+01   
930   5.000E-04   6.9676E+01   6.9676E+01   6.9676E+01 / 6.9676E+01   
940   5.000E-04   6.9140E+01   6.9140E+01   6.9140E+01 / 6.9140E+01   
950   5.000E-04   7.0093E+01   7.0093E+01   7.0093E+01 / 7.0093E+01   
960   5.000E-04   6.9078E+01   6.9078E+01   6.9078E+01 / 6.9078E+01   
970   5.000E-04   6.9466E+01   6.9466E+01   6.9466E+01 / 6.9466E+01   
980   5.000E-04   6.9627E+01   6.9627E+01   6.9627E+01 / 6.9627E+01   
990   5.000E-04   6.9084E+01   6.9084E+01   6.9084E+01 / 6.9084E+01   
1000   5.000E-04   6.9368E+01   6.9368E+01   6.9368E+01 / 6.9368E+01   
===============================================================================================================
Saved model to models/fp_memorization/KCNN-24May07_10:55:07.pickle
