=====> WARNING: Training dataset length: 0, assuming memorization test!
========== Dataset info ==========
Dataset params: {'file': '/home/ryley/WDK/ML/dataset/turbulence_dataset_clean.csv', 'Cases': ['fp_3630'], 'val_set': ['fp_3630'], 'test_set': ['fp_3630'], 'data_loader': <class 'tbnn.dataloaders.kDataset'>}
Train/Valid/Test points: 168 / 168 / 168
Memorization?: True
Cluster training?: False
EPOCH     LR        TRAIN         VALID             MSE:T/V                  RL:T/V             %NR_t/%NR_v
===============================================================================================================
  1   1.000E-04   2.9599E+02   2.9599E+02   2.9599E+02 / 2.9599E+02   
 10   1.000E-04   2.8973E+02   2.8973E+02   2.8973E+02 / 2.8973E+02   
 20   1.000E-04   2.8246E+02   2.8246E+02   2.8246E+02 / 2.8246E+02   
 30   1.000E-04   2.7389E+02   2.7389E+02   2.7389E+02 / 2.7389E+02   
 40   1.000E-04   2.6334E+02   2.6334E+02   2.6334E+02 / 2.6334E+02   
 50   1.000E-04   2.5232E+02   2.5232E+02   2.5232E+02 / 2.5232E+02   
 60   1.000E-04   2.4171E+02   2.4171E+02   2.4171E+02 / 2.4171E+02   
 70   1.000E-04   2.3402E+02   2.3402E+02   2.3402E+02 / 2.3402E+02   
 80   1.000E-04   2.2916E+02   2.2916E+02   2.2916E+02 / 2.2916E+02   
 90   1.000E-04   2.2560E+02   2.2560E+02   2.2560E+02 / 2.2560E+02   
100   1.000E-04   2.2184E+02   2.2184E+02   2.2184E+02 / 2.2184E+02   
110   1.000E-04   2.1676E+02   2.1676E+02   2.1676E+02 / 2.1676E+02   
120   1.000E-04   2.0914E+02   2.0914E+02   2.0914E+02 / 2.0914E+02   
130   1.000E-04   1.9499E+02   1.9499E+02   1.9499E+02 / 1.9499E+02   
140   1.000E-04   1.8019E+02   1.8019E+02   1.8019E+02 / 1.8019E+02   
150   1.000E-04   1.7574E+02   1.7574E+02   1.7574E+02 / 1.7574E+02   
160   1.000E-04   1.7430E+02   1.7430E+02   1.7430E+02 / 1.7430E+02   
170   1.000E-04   1.7407E+02   1.7407E+02   1.7407E+02 / 1.7407E+02   
180   1.000E-04   1.7232E+02   1.7232E+02   1.7232E+02 / 1.7232E+02   
190   1.000E-04   1.7174E+02   1.7174E+02   1.7174E+02 / 1.7174E+02   
200   1.000E-04   1.7083E+02   1.7083E+02   1.7083E+02 / 1.7083E+02   
210   1.000E-04   1.7038E+02   1.7038E+02   1.7038E+02 / 1.7038E+02   
220   1.000E-04   1.6973E+02   1.6973E+02   1.6973E+02 / 1.6973E+02   
230   1.000E-04   1.6961E+02   1.6961E+02   1.6961E+02 / 1.6961E+02   
240   1.000E-04   1.6888E+02   1.6888E+02   1.6888E+02 / 1.6888E+02   
250   1.000E-04   1.6837E+02   1.6837E+02   1.6837E+02 / 1.6837E+02   
260   1.000E-04   1.6816E+02   1.6816E+02   1.6816E+02 / 1.6816E+02   
270   1.000E-04   1.6774E+02   1.6774E+02   1.6774E+02 / 1.6774E+02   
280   1.000E-04   1.6733E+02   1.6733E+02   1.6733E+02 / 1.6733E+02   
290   1.000E-04   1.6693E+02   1.6693E+02   1.6693E+02 / 1.6693E+02   
300   1.000E-04   1.6671E+02   1.6671E+02   1.6671E+02 / 1.6671E+02   
310   1.000E-04   1.6641E+02   1.6641E+02   1.6641E+02 / 1.6641E+02   
320   1.000E-04   1.6657E+02   1.6657E+02   1.6657E+02 / 1.6657E+02   
330   1.000E-04   1.6611E+02   1.6611E+02   1.6611E+02 / 1.6611E+02   
340   1.000E-04   1.6588E+02   1.6588E+02   1.6588E+02 / 1.6588E+02   
350   1.000E-04   1.6565E+02   1.6565E+02   1.6565E+02 / 1.6565E+02   
360   1.000E-04   1.6544E+02   1.6544E+02   1.6544E+02 / 1.6544E+02   
370   1.000E-04   1.6526E+02   1.6526E+02   1.6526E+02 / 1.6526E+02   
380   1.000E-04   1.6502E+02   1.6502E+02   1.6502E+02 / 1.6502E+02   
390   1.000E-04   1.6550E+02   1.6550E+02   1.6550E+02 / 1.6550E+02   
400   1.000E-04   1.6502E+02   1.6502E+02   1.6502E+02 / 1.6502E+02   
410   1.000E-04   1.6522E+02   1.6522E+02   1.6522E+02 / 1.6522E+02   
420   1.000E-04   1.6461E+02   1.6461E+02   1.6461E+02 / 1.6461E+02   
430   1.000E-04   1.6431E+02   1.6431E+02   1.6431E+02 / 1.6431E+02   
440   1.000E-04   1.6422E+02   1.6422E+02   1.6422E+02 / 1.6422E+02   
450   1.000E-04   1.6407E+02   1.6407E+02   1.6407E+02 / 1.6407E+02   
460   1.000E-04   1.6389E+02   1.6389E+02   1.6389E+02 / 1.6389E+02   
470   1.000E-04   1.6394E+02   1.6394E+02   1.6394E+02 / 1.6394E+02   
480   1.000E-04   1.6383E+02   1.6383E+02   1.6383E+02 / 1.6383E+02   
490   1.000E-04   1.6368E+02   1.6368E+02   1.6368E+02 / 1.6368E+02   
500   1.000E-04   1.6374E+02   1.6374E+02   1.6374E+02 / 1.6374E+02   
510   1.000E-04   1.6339E+02   1.6339E+02   1.6339E+02 / 1.6339E+02   
520   1.000E-04   1.6370E+02   1.6370E+02   1.6370E+02 / 1.6370E+02   
530   1.000E-04   1.6321E+02   1.6321E+02   1.6321E+02 / 1.6321E+02   
540   1.000E-04   1.6303E+02   1.6303E+02   1.6303E+02 / 1.6303E+02   
550   1.000E-04   1.6285E+02   1.6285E+02   1.6285E+02 / 1.6285E+02   
560   1.000E-04   1.6297E+02   1.6297E+02   1.6297E+02 / 1.6297E+02   
570   1.000E-04   1.6264E+02   1.6264E+02   1.6264E+02 / 1.6264E+02   
580   1.000E-04   1.6274E+02   1.6274E+02   1.6274E+02 / 1.6274E+02   
590   1.000E-04   1.6254E+02   1.6254E+02   1.6254E+02 / 1.6254E+02   
600   1.000E-04   1.6231E+02   1.6231E+02   1.6231E+02 / 1.6231E+02   
610   1.000E-04   1.6284E+02   1.6284E+02   1.6284E+02 / 1.6284E+02   
620   1.000E-04   1.6228E+02   1.6228E+02   1.6228E+02 / 1.6228E+02   
630   1.000E-04   1.6233E+02   1.6233E+02   1.6233E+02 / 1.6233E+02   
640   1.000E-04   1.6310E+02   1.6310E+02   1.6310E+02 / 1.6310E+02   
650   1.000E-04   1.6401E+02   1.6401E+02   1.6401E+02 / 1.6401E+02   
660   1.000E-04   1.6190E+02   1.6190E+02   1.6190E+02 / 1.6190E+02   
670   1.000E-04   1.6565E+02   1.6565E+02   1.6565E+02 / 1.6565E+02   
680   1.000E-04   1.6145E+02   1.6145E+02   1.6145E+02 / 1.6145E+02   
690   1.000E-04   1.6134E+02   1.6134E+02   1.6134E+02 / 1.6134E+02   
700   1.000E-04   1.6136E+02   1.6136E+02   1.6136E+02 / 1.6136E+02   
710   1.000E-04   1.6129E+02   1.6129E+02   1.6129E+02 / 1.6129E+02   
720   1.000E-04   1.6109E+02   1.6109E+02   1.6109E+02 / 1.6109E+02   
730   1.000E-04   1.6099E+02   1.6099E+02   1.6099E+02 / 1.6099E+02   
740   1.000E-04   1.6085E+02   1.6085E+02   1.6085E+02 / 1.6085E+02   
750   1.000E-04   1.6083E+02   1.6083E+02   1.6083E+02 / 1.6083E+02   
760   1.000E-04   1.6081E+02   1.6081E+02   1.6081E+02 / 1.6081E+02   
770   1.000E-04   1.6066E+02   1.6066E+02   1.6066E+02 / 1.6066E+02   
780   1.000E-04   1.6046E+02   1.6046E+02   1.6046E+02 / 1.6046E+02   
790   1.000E-04   1.6057E+02   1.6057E+02   1.6057E+02 / 1.6057E+02   
800   1.000E-04   1.6044E+02   1.6044E+02   1.6044E+02 / 1.6044E+02   
810   1.000E-04   1.6020E+02   1.6020E+02   1.6020E+02 / 1.6020E+02   
820   1.000E-04   1.6246E+02   1.6246E+02   1.6246E+02 / 1.6246E+02   
830   1.000E-04   1.6002E+02   1.6002E+02   1.6002E+02 / 1.6002E+02   
840   1.000E-04   1.5992E+02   1.5992E+02   1.5992E+02 / 1.5992E+02   
850   1.000E-04   1.5981E+02   1.5981E+02   1.5981E+02 / 1.5981E+02   
860   1.000E-04   1.5968E+02   1.5968E+02   1.5968E+02 / 1.5968E+02   
870   1.000E-04   1.5968E+02   1.5968E+02   1.5968E+02 / 1.5968E+02   
880   1.000E-04   1.5970E+02   1.5970E+02   1.5970E+02 / 1.5970E+02   
890   1.000E-04   1.5927E+02   1.5927E+02   1.5927E+02 / 1.5927E+02   
900   1.000E-04   1.5929E+02   1.5929E+02   1.5929E+02 / 1.5929E+02   
910   1.000E-04   1.5903E+02   1.5903E+02   1.5903E+02 / 1.5903E+02   
920   1.000E-04   1.5890E+02   1.5890E+02   1.5890E+02 / 1.5890E+02   
930   1.000E-04   1.5888E+02   1.5888E+02   1.5888E+02 / 1.5888E+02   
940   1.000E-04   1.5885E+02   1.5885E+02   1.5885E+02 / 1.5885E+02   
950   1.000E-04   1.5871E+02   1.5871E+02   1.5871E+02 / 1.5871E+02   
960   1.000E-04   1.5860E+02   1.5860E+02   1.5860E+02 / 1.5860E+02   
970   1.000E-04   1.5867E+02   1.5867E+02   1.5867E+02 / 1.5867E+02   
980   1.000E-04   1.5843E+02   1.5843E+02   1.5843E+02 / 1.5843E+02   
990   1.000E-04   1.5815E+02   1.5815E+02   1.5815E+02 / 1.5815E+02   
1000   1.000E-04   1.6003E+02   1.6003E+02   1.6003E+02 / 1.6003E+02   
1010   1.000E-04   1.5796E+02   1.5796E+02   1.5796E+02 / 1.5796E+02   
1020   1.000E-04   1.5783E+02   1.5783E+02   1.5783E+02 / 1.5783E+02   
1030   1.000E-04   1.5792E+02   1.5792E+02   1.5792E+02 / 1.5792E+02   
1040   1.000E-04   1.5773E+02   1.5773E+02   1.5773E+02 / 1.5773E+02   
1050   1.000E-04   1.5796E+02   1.5796E+02   1.5796E+02 / 1.5796E+02   
1060   1.000E-04   1.5736E+02   1.5736E+02   1.5736E+02 / 1.5736E+02   
1070   1.000E-04   1.5815E+02   1.5815E+02   1.5815E+02 / 1.5815E+02   
1080   1.000E-04   1.5732E+02   1.5732E+02   1.5732E+02 / 1.5732E+02   
1090   1.000E-04   1.5701E+02   1.5701E+02   1.5701E+02 / 1.5701E+02   
1100   1.000E-04   1.5685E+02   1.5685E+02   1.5685E+02 / 1.5685E+02   
1110   1.000E-04   1.5687E+02   1.5687E+02   1.5687E+02 / 1.5687E+02   
1120   1.000E-04   1.5724E+02   1.5724E+02   1.5724E+02 / 1.5724E+02   
1130   1.000E-04   1.5691E+02   1.5691E+02   1.5691E+02 / 1.5691E+02   
1140   1.000E-04   1.5725E+02   1.5725E+02   1.5725E+02 / 1.5725E+02   
1150   1.000E-04   1.5618E+02   1.5618E+02   1.5618E+02 / 1.5618E+02   
1160   1.000E-04   1.5610E+02   1.5610E+02   1.5610E+02 / 1.5610E+02   
1170   1.000E-04   1.5612E+02   1.5612E+02   1.5612E+02 / 1.5612E+02   
1180   1.000E-04   1.5595E+02   1.5595E+02   1.5595E+02 / 1.5595E+02   
1190   1.000E-04   1.5576E+02   1.5576E+02   1.5576E+02 / 1.5576E+02   
1200   1.000E-04   1.5569E+02   1.5569E+02   1.5569E+02 / 1.5569E+02   
1210   1.000E-04   1.5543E+02   1.5543E+02   1.5543E+02 / 1.5543E+02   
1220   1.000E-04   1.5591E+02   1.5591E+02   1.5591E+02 / 1.5591E+02   
1230   1.000E-04   1.5511E+02   1.5511E+02   1.5511E+02 / 1.5511E+02   
1240   1.000E-04   1.5518E+02   1.5518E+02   1.5518E+02 / 1.5518E+02   
1250   1.000E-04   1.5528E+02   1.5528E+02   1.5528E+02 / 1.5528E+02   
1260   1.000E-04   1.5469E+02   1.5469E+02   1.5469E+02 / 1.5469E+02   
1270   1.000E-04   1.5467E+02   1.5467E+02   1.5467E+02 / 1.5467E+02   
1280   1.000E-04   1.5492E+02   1.5492E+02   1.5492E+02 / 1.5492E+02   
1290   1.000E-04   1.5431E+02   1.5431E+02   1.5431E+02 / 1.5431E+02   
1300   1.000E-04   1.5441E+02   1.5441E+02   1.5441E+02 / 1.5441E+02   
1310   1.000E-04   1.5403E+02   1.5403E+02   1.5403E+02 / 1.5403E+02   
1320   1.000E-04   1.5420E+02   1.5420E+02   1.5420E+02 / 1.5420E+02   
1330   1.000E-04   1.5364E+02   1.5364E+02   1.5364E+02 / 1.5364E+02   
1340   1.000E-04   1.5477E+02   1.5477E+02   1.5477E+02 / 1.5477E+02   
1350   1.000E-04   1.5341E+02   1.5341E+02   1.5341E+02 / 1.5341E+02   
1360   1.000E-04   1.5325E+02   1.5325E+02   1.5325E+02 / 1.5325E+02   
1370   1.000E-04   1.5311E+02   1.5311E+02   1.5311E+02 / 1.5311E+02   
1380   1.000E-04   1.5306E+02   1.5306E+02   1.5306E+02 / 1.5306E+02   
1390   1.000E-04   1.5289E+02   1.5289E+02   1.5289E+02 / 1.5289E+02   
1400   1.000E-04   1.5316E+02   1.5316E+02   1.5316E+02 / 1.5316E+02   
1410   1.000E-04   1.5264E+02   1.5264E+02   1.5264E+02 / 1.5264E+02   
1420   1.000E-04   1.5280E+02   1.5280E+02   1.5280E+02 / 1.5280E+02   
1430   1.000E-04   1.5384E+02   1.5384E+02   1.5384E+02 / 1.5384E+02   
1440   1.000E-04   1.5217E+02   1.5217E+02   1.5217E+02 / 1.5217E+02   
1450   1.000E-04   1.5204E+02   1.5204E+02   1.5204E+02 / 1.5204E+02   
1460   1.000E-04   1.5201E+02   1.5201E+02   1.5201E+02 / 1.5201E+02   
1470   1.000E-04   1.5177E+02   1.5177E+02   1.5177E+02 / 1.5177E+02   
1480   1.000E-04   1.5176E+02   1.5176E+02   1.5176E+02 / 1.5176E+02   
1490   1.000E-04   1.5189E+02   1.5189E+02   1.5189E+02 / 1.5189E+02   
1500   1.000E-04   1.5136E+02   1.5136E+02   1.5136E+02 / 1.5136E+02   
1510   1.000E-04   1.5121E+02   1.5121E+02   1.5121E+02 / 1.5121E+02   
1520   1.000E-04   1.5117E+02   1.5117E+02   1.5117E+02 / 1.5117E+02   
1530   1.000E-04   1.5192E+02   1.5192E+02   1.5192E+02 / 1.5192E+02   
1540   1.000E-04   1.6089E+02   1.6089E+02   1.6089E+02 / 1.6089E+02   
1550   1.000E-04   1.5122E+02   1.5122E+02   1.5122E+02 / 1.5122E+02   
1560   1.000E-04   1.5073E+02   1.5073E+02   1.5073E+02 / 1.5073E+02   
1570   1.000E-04   1.5051E+02   1.5051E+02   1.5051E+02 / 1.5051E+02   
1580   1.000E-04   1.5035E+02   1.5035E+02   1.5035E+02 / 1.5035E+02   
1590   1.000E-04   1.5029E+02   1.5029E+02   1.5029E+02 / 1.5029E+02   
1600   1.000E-04   1.5082E+02   1.5082E+02   1.5082E+02 / 1.5082E+02   
1610   1.000E-04   1.5072E+02   1.5072E+02   1.5072E+02 / 1.5072E+02   
1620   1.000E-04   1.5025E+02   1.5025E+02   1.5025E+02 / 1.5025E+02   
1630   1.000E-04   1.4976E+02   1.4976E+02   1.4976E+02 / 1.4976E+02   
1640   1.000E-04   1.5179E+02   1.5179E+02   1.5179E+02 / 1.5179E+02   
1650   1.000E-04   1.4963E+02   1.4963E+02   1.4963E+02 / 1.4963E+02   
1660   1.000E-04   1.4941E+02   1.4941E+02   1.4941E+02 / 1.4941E+02   
1670   1.000E-04   1.4932E+02   1.4932E+02   1.4932E+02 / 1.4932E+02   
1680   1.000E-04   1.4933E+02   1.4933E+02   1.4933E+02 / 1.4933E+02   
1690   1.000E-04   1.4981E+02   1.4981E+02   1.4981E+02 / 1.4981E+02   
1700   1.000E-04   1.5258E+02   1.5258E+02   1.5258E+02 / 1.5258E+02   
1710   1.000E-04   1.4977E+02   1.4977E+02   1.4977E+02 / 1.4977E+02   
1720   1.000E-04   1.4886E+02   1.4886E+02   1.4886E+02 / 1.4886E+02   
1730   1.000E-04   1.4966E+02   1.4966E+02   1.4966E+02 / 1.4966E+02   
1740   1.000E-04   1.4906E+02   1.4906E+02   1.4906E+02 / 1.4906E+02   
1750   1.000E-04   1.4857E+02   1.4857E+02   1.4857E+02 / 1.4857E+02   
1760   1.000E-04   1.4855E+02   1.4855E+02   1.4855E+02 / 1.4855E+02   
1770   1.000E-04   1.4878E+02   1.4878E+02   1.4878E+02 / 1.4878E+02   
1780   1.000E-04   1.4988E+02   1.4988E+02   1.4988E+02 / 1.4988E+02   
1790   1.000E-04   1.4901E+02   1.4901E+02   1.4901E+02 / 1.4901E+02   
1800   1.000E-04   1.4833E+02   1.4833E+02   1.4833E+02 / 1.4833E+02   
1810   1.000E-04   1.4815E+02   1.4815E+02   1.4815E+02 / 1.4815E+02   
1820   1.000E-04   1.4906E+02   1.4906E+02   1.4906E+02 / 1.4906E+02   
1830   1.000E-04   1.4862E+02   1.4862E+02   1.4862E+02 / 1.4862E+02   
1840   1.000E-04   1.4793E+02   1.4793E+02   1.4793E+02 / 1.4793E+02   
1850   1.000E-04   1.4838E+02   1.4838E+02   1.4838E+02 / 1.4838E+02   
1860   1.000E-04   1.4794E+02   1.4794E+02   1.4794E+02 / 1.4794E+02   
1870   1.000E-04   1.4784E+02   1.4784E+02   1.4784E+02 / 1.4784E+02   
1880   1.000E-04   1.4808E+02   1.4808E+02   1.4808E+02 / 1.4808E+02   
1890   1.000E-04   1.4848E+02   1.4848E+02   1.4848E+02 / 1.4848E+02   
1900   1.000E-04   1.4768E+02   1.4768E+02   1.4768E+02 / 1.4768E+02   
1910   1.000E-04   1.4752E+02   1.4752E+02   1.4752E+02 / 1.4752E+02   
1920   1.000E-04   1.4750E+02   1.4750E+02   1.4750E+02 / 1.4750E+02   
1930   1.000E-04   1.4774E+02   1.4774E+02   1.4774E+02 / 1.4774E+02   
1940   1.000E-04   1.4811E+02   1.4811E+02   1.4811E+02 / 1.4811E+02   
1950   1.000E-04   1.4832E+02   1.4832E+02   1.4832E+02 / 1.4832E+02   
1960   1.000E-04   1.4861E+02   1.4861E+02   1.4861E+02 / 1.4861E+02   
1970   1.000E-04   1.4724E+02   1.4724E+02   1.4724E+02 / 1.4724E+02   
1980   1.000E-04   1.4721E+02   1.4721E+02   1.4721E+02 / 1.4721E+02   
1990   1.000E-04   1.4720E+02   1.4720E+02   1.4720E+02 / 1.4720E+02   
2000   1.000E-04   1.4725E+02   1.4725E+02   1.4725E+02 / 1.4725E+02   
2010   1.000E-04   1.4734E+02   1.4734E+02   1.4734E+02 / 1.4734E+02   
2020   1.000E-04   1.4705E+02   1.4705E+02   1.4705E+02 / 1.4705E+02   
2030   1.000E-04   1.4695E+02   1.4695E+02   1.4695E+02 / 1.4695E+02   
2040   1.000E-04   1.4738E+02   1.4738E+02   1.4738E+02 / 1.4738E+02   
2050   1.000E-04   1.4687E+02   1.4687E+02   1.4687E+02 / 1.4687E+02   
2060   1.000E-04   1.4708E+02   1.4708E+02   1.4708E+02 / 1.4708E+02   
2070   1.000E-04   1.4685E+02   1.4685E+02   1.4685E+02 / 1.4685E+02   
2080   1.000E-04   1.4693E+02   1.4693E+02   1.4693E+02 / 1.4693E+02   
2090   1.000E-04   1.4681E+02   1.4681E+02   1.4681E+02 / 1.4681E+02   
2100   1.000E-04   1.4719E+02   1.4719E+02   1.4719E+02 / 1.4719E+02   
2110   1.000E-04   1.4673E+02   1.4673E+02   1.4673E+02 / 1.4673E+02   
2120   1.000E-04   1.4697E+02   1.4697E+02   1.4697E+02 / 1.4697E+02   
2130   1.000E-04   1.4669E+02   1.4669E+02   1.4669E+02 / 1.4669E+02   
2140   1.000E-04   1.4663E+02   1.4663E+02   1.4663E+02 / 1.4663E+02   
2150   1.000E-04   1.4662E+02   1.4662E+02   1.4662E+02 / 1.4662E+02   
2160   1.000E-04   1.4665E+02   1.4665E+02   1.4665E+02 / 1.4665E+02   
2170   1.000E-04   1.4676E+02   1.4676E+02   1.4676E+02 / 1.4676E+02   
2180   1.000E-04   1.4665E+02   1.4665E+02   1.4665E+02 / 1.4665E+02   
2190   1.000E-04   1.4668E+02   1.4668E+02   1.4668E+02 / 1.4668E+02   
2200   1.000E-04   1.4649E+02   1.4649E+02   1.4649E+02 / 1.4649E+02   
2210   1.000E-04   1.4656E+02   1.4656E+02   1.4656E+02 / 1.4656E+02   
2220   1.000E-04   1.4696E+02   1.4696E+02   1.4696E+02 / 1.4696E+02   
2230   1.000E-04   1.4774E+02   1.4774E+02   1.4774E+02 / 1.4774E+02   
2240   1.000E-04   1.4638E+02   1.4638E+02   1.4638E+02 / 1.4638E+02   
2250   1.000E-04   1.4680E+02   1.4680E+02   1.4680E+02 / 1.4680E+02   
2260   1.000E-04   1.4721E+02   1.4721E+02   1.4721E+02 / 1.4721E+02   
2270   1.000E-04   1.4682E+02   1.4682E+02   1.4682E+02 / 1.4682E+02   
2280   1.000E-04   1.4646E+02   1.4646E+02   1.4646E+02 / 1.4646E+02   
2290   1.000E-04   1.4625E+02   1.4625E+02   1.4625E+02 / 1.4625E+02   
2300   1.000E-04   1.4620E+02   1.4620E+02   1.4620E+02 / 1.4620E+02   
2310   1.000E-04   1.4669E+02   1.4669E+02   1.4669E+02 / 1.4669E+02   
2320   1.000E-04   1.4846E+02   1.4846E+02   1.4846E+02 / 1.4846E+02   
2330   1.000E-04   1.4623E+02   1.4623E+02   1.4623E+02 / 1.4623E+02   
2340   1.000E-04   1.4645E+02   1.4645E+02   1.4645E+02 / 1.4645E+02   
2350   1.000E-04   1.4609E+02   1.4609E+02   1.4609E+02 / 1.4609E+02   
2360   1.000E-04   1.4623E+02   1.4623E+02   1.4623E+02 / 1.4623E+02   
2370   1.000E-04   1.4738E+02   1.4738E+02   1.4738E+02 / 1.4738E+02   
2380   1.000E-04   1.4621E+02   1.4621E+02   1.4621E+02 / 1.4621E+02   
2390   1.000E-04   1.4625E+02   1.4625E+02   1.4625E+02 / 1.4625E+02   
2400   1.000E-04   1.4631E+02   1.4631E+02   1.4631E+02 / 1.4631E+02   
2410   1.000E-04   1.4631E+02   1.4631E+02   1.4631E+02 / 1.4631E+02   
2420   1.000E-04   1.4665E+02   1.4665E+02   1.4665E+02 / 1.4665E+02   
2430   1.000E-04   1.4625E+02   1.4625E+02   1.4625E+02 / 1.4625E+02   
2440   1.000E-04   1.4603E+02   1.4603E+02   1.4603E+02 / 1.4603E+02   
2450   1.000E-04   1.4651E+02   1.4651E+02   1.4651E+02 / 1.4651E+02   
2460   1.000E-04   1.4741E+02   1.4741E+02   1.4741E+02 / 1.4741E+02   
2470   1.000E-04   1.4652E+02   1.4652E+02   1.4652E+02 / 1.4652E+02   
2480   1.000E-04   1.4634E+02   1.4634E+02   1.4634E+02 / 1.4634E+02   
2490   1.000E-04   1.4675E+02   1.4675E+02   1.4675E+02 / 1.4675E+02   
2500   1.000E-04   1.4753E+02   1.4753E+02   1.4753E+02 / 1.4753E+02   
2510   1.000E-04   1.4583E+02   1.4583E+02   1.4583E+02 / 1.4583E+02   
2520   1.000E-04   1.4608E+02   1.4608E+02   1.4608E+02 / 1.4608E+02   
2530   1.000E-04   1.4583E+02   1.4583E+02   1.4583E+02 / 1.4583E+02   
2540   1.000E-04   1.4617E+02   1.4617E+02   1.4617E+02 / 1.4617E+02   
2550   1.000E-04   1.4584E+02   1.4584E+02   1.4584E+02 / 1.4584E+02   
2560   1.000E-04   1.4585E+02   1.4585E+02   1.4585E+02 / 1.4585E+02   
2570   1.000E-04   1.4573E+02   1.4573E+02   1.4573E+02 / 1.4573E+02   
2580   1.000E-04   1.4579E+02   1.4579E+02   1.4579E+02 / 1.4579E+02   
2590   1.000E-04   1.4644E+02   1.4644E+02   1.4644E+02 / 1.4644E+02   
2600   1.000E-04   1.4580E+02   1.4580E+02   1.4580E+02 / 1.4580E+02   
2610   1.000E-04   1.4575E+02   1.4575E+02   1.4575E+02 / 1.4575E+02   
2620   1.000E-04   1.4584E+02   1.4584E+02   1.4584E+02 / 1.4584E+02   
2630   1.000E-04   1.4566E+02   1.4566E+02   1.4566E+02 / 1.4566E+02   
2640   1.000E-04   1.4572E+02   1.4572E+02   1.4572E+02 / 1.4572E+02   
2650   1.000E-04   1.4572E+02   1.4572E+02   1.4572E+02 / 1.4572E+02   
2660   1.000E-04   1.4565E+02   1.4565E+02   1.4565E+02 / 1.4565E+02   
2670   1.000E-04   1.4576E+02   1.4576E+02   1.4576E+02 / 1.4576E+02   
2680   1.000E-04   1.4557E+02   1.4557E+02   1.4557E+02 / 1.4557E+02   
2690   1.000E-04   1.4552E+02   1.4552E+02   1.4552E+02 / 1.4552E+02   
2700   1.000E-04   1.4560E+02   1.4560E+02   1.4560E+02 / 1.4560E+02   
2710   1.000E-04   1.4582E+02   1.4582E+02   1.4582E+02 / 1.4582E+02   
2720   1.000E-04   1.4583E+02   1.4583E+02   1.4583E+02 / 1.4583E+02   
2730   1.000E-04   1.4543E+02   1.4543E+02   1.4543E+02 / 1.4543E+02   
2740   1.000E-04   1.4542E+02   1.4542E+02   1.4542E+02 / 1.4542E+02   
2750   1.000E-04   1.4577E+02   1.4577E+02   1.4577E+02 / 1.4577E+02   
2760   1.000E-04   1.4540E+02   1.4540E+02   1.4540E+02 / 1.4540E+02   
2770   1.000E-04   1.4575E+02   1.4575E+02   1.4575E+02 / 1.4575E+02   
2780   1.000E-04   1.4661E+02   1.4661E+02   1.4661E+02 / 1.4661E+02   
2790   1.000E-04   1.4561E+02   1.4561E+02   1.4561E+02 / 1.4561E+02   
2800   1.000E-04   1.4537E+02   1.4537E+02   1.4537E+02 / 1.4537E+02   
2810   1.000E-04   1.4549E+02   1.4549E+02   1.4549E+02 / 1.4549E+02   
2820   1.000E-04   1.4768E+02   1.4768E+02   1.4768E+02 / 1.4768E+02   
2830   1.000E-04   1.4553E+02   1.4553E+02   1.4553E+02 / 1.4553E+02   
2840   1.000E-04   1.4646E+02   1.4646E+02   1.4646E+02 / 1.4646E+02   
2850   1.000E-04   1.4539E+02   1.4539E+02   1.4539E+02 / 1.4539E+02   
2860   1.000E-04   1.4537E+02   1.4537E+02   1.4537E+02 / 1.4537E+02   
2870   1.000E-04   1.4534E+02   1.4534E+02   1.4534E+02 / 1.4534E+02   
2880   1.000E-04   1.4522E+02   1.4522E+02   1.4522E+02 / 1.4522E+02   
2890   1.000E-04   1.4530E+02   1.4530E+02   1.4530E+02 / 1.4530E+02   
2900   1.000E-04   1.4542E+02   1.4542E+02   1.4542E+02 / 1.4542E+02   
2910   1.000E-04   1.4545E+02   1.4545E+02   1.4545E+02 / 1.4545E+02   
2920   1.000E-04   1.5183E+02   1.5183E+02   1.5183E+02 / 1.5183E+02   
2930   1.000E-04   1.4514E+02   1.4514E+02   1.4514E+02 / 1.4514E+02   
2940   1.000E-04   1.4535E+02   1.4535E+02   1.4535E+02 / 1.4535E+02   
2950   1.000E-04   1.4516E+02   1.4516E+02   1.4516E+02 / 1.4516E+02   
2960   1.000E-04   1.4551E+02   1.4551E+02   1.4551E+02 / 1.4551E+02   
2970   1.000E-04   1.4517E+02   1.4517E+02   1.4517E+02 / 1.4517E+02   
2980   1.000E-04   1.4608E+02   1.4608E+02   1.4608E+02 / 1.4608E+02   
2990   1.000E-04   1.4521E+02   1.4521E+02   1.4521E+02 / 1.4521E+02   
3000   1.000E-04   1.4540E+02   1.4540E+02   1.4540E+02 / 1.4540E+02   
3010   1.000E-04   1.4510E+02   1.4510E+02   1.4510E+02 / 1.4510E+02   
3020   1.000E-04   1.4531E+02   1.4531E+02   1.4531E+02 / 1.4531E+02   
3030   1.000E-04   1.4585E+02   1.4585E+02   1.4585E+02 / 1.4585E+02   
3040   1.000E-04   1.4499E+02   1.4499E+02   1.4499E+02 / 1.4499E+02   
3050   1.000E-04   1.4507E+02   1.4507E+02   1.4507E+02 / 1.4507E+02   
3060   1.000E-04   1.4493E+02   1.4493E+02   1.4493E+02 / 1.4493E+02   
3070   1.000E-04   1.4505E+02   1.4505E+02   1.4505E+02 / 1.4505E+02   
3080   1.000E-04   1.4742E+02   1.4742E+02   1.4742E+02 / 1.4742E+02   
3090   1.000E-04   1.4490E+02   1.4490E+02   1.4490E+02 / 1.4490E+02   
3100   1.000E-04   1.4489E+02   1.4489E+02   1.4489E+02 / 1.4489E+02   
3110   1.000E-04   1.4647E+02   1.4647E+02   1.4647E+02 / 1.4647E+02   
3120   1.000E-04   1.4492E+02   1.4492E+02   1.4492E+02 / 1.4492E+02   
3130   1.000E-04   1.4550E+02   1.4550E+02   1.4550E+02 / 1.4550E+02   
3140   1.000E-04   1.4565E+02   1.4565E+02   1.4565E+02 / 1.4565E+02   
3150   1.000E-04   1.4480E+02   1.4480E+02   1.4480E+02 / 1.4480E+02   
3160   1.000E-04   1.4474E+02   1.4474E+02   1.4474E+02 / 1.4474E+02   
3170   1.000E-04   1.4552E+02   1.4552E+02   1.4552E+02 / 1.4552E+02   
3180   1.000E-04   1.4476E+02   1.4476E+02   1.4476E+02 / 1.4476E+02   
3190   1.000E-04   1.4490E+02   1.4490E+02   1.4490E+02 / 1.4490E+02   
3200   1.000E-04   1.4523E+02   1.4523E+02   1.4523E+02 / 1.4523E+02   
3210   1.000E-04   1.4582E+02   1.4582E+02   1.4582E+02 / 1.4582E+02   
3220   1.000E-04   1.6481E+02   1.6481E+02   1.6481E+02 / 1.6481E+02   
3230   1.000E-04   1.4494E+02   1.4494E+02   1.4494E+02 / 1.4494E+02   
3240   1.000E-04   1.4522E+02   1.4522E+02   1.4522E+02 / 1.4522E+02   
3250   1.000E-04   1.5187E+02   1.5187E+02   1.5187E+02 / 1.5187E+02   
3260   1.000E-04   1.4867E+02   1.4867E+02   1.4867E+02 / 1.4867E+02   
3270   1.000E-04   1.4476E+02   1.4476E+02   1.4476E+02 / 1.4476E+02   
3280   1.000E-04   1.4469E+02   1.4469E+02   1.4469E+02 / 1.4469E+02   
3290   1.000E-04   1.4466E+02   1.4466E+02   1.4466E+02 / 1.4466E+02   
3300   1.000E-04   1.4466E+02   1.4466E+02   1.4466E+02 / 1.4466E+02   
3310   1.000E-04   1.4463E+02   1.4463E+02   1.4463E+02 / 1.4463E+02   
3320   1.000E-04   1.4640E+02   1.4640E+02   1.4640E+02 / 1.4640E+02   
3330   1.000E-04   1.4460E+02   1.4460E+02   1.4460E+02 / 1.4460E+02   
3340   1.000E-04   1.4664E+02   1.4664E+02   1.4664E+02 / 1.4664E+02   
3350   1.000E-04   1.4469E+02   1.4469E+02   1.4469E+02 / 1.4469E+02   
3360   1.000E-04   1.4475E+02   1.4475E+02   1.4475E+02 / 1.4475E+02   
3370   1.000E-04   1.4451E+02   1.4451E+02   1.4451E+02 / 1.4451E+02   
3380   1.000E-04   1.4529E+02   1.4529E+02   1.4529E+02 / 1.4529E+02   
3390   1.000E-04   1.4447E+02   1.4447E+02   1.4447E+02 / 1.4447E+02   
3400   1.000E-04   1.4482E+02   1.4482E+02   1.4482E+02 / 1.4482E+02   
3410   1.000E-04   1.4465E+02   1.4465E+02   1.4465E+02 / 1.4465E+02   
3420   1.000E-04   1.4468E+02   1.4468E+02   1.4468E+02 / 1.4468E+02   
3430   1.000E-04   1.4575E+02   1.4575E+02   1.4575E+02 / 1.4575E+02   
3440   1.000E-04   1.4449E+02   1.4449E+02   1.4449E+02 / 1.4449E+02   
3450   1.000E-04   1.4479E+02   1.4479E+02   1.4479E+02 / 1.4479E+02   
3460   1.000E-04   1.4490E+02   1.4490E+02   1.4490E+02 / 1.4490E+02   
3470   1.000E-04   1.4434E+02   1.4434E+02   1.4434E+02 / 1.4434E+02   
3480   1.000E-04   1.4490E+02   1.4490E+02   1.4490E+02 / 1.4490E+02   
3490   1.000E-04   1.4470E+02   1.4470E+02   1.4470E+02 / 1.4470E+02   
3500   1.000E-04   1.4465E+02   1.4465E+02   1.4465E+02 / 1.4465E+02   
3510   1.000E-04   1.4482E+02   1.4482E+02   1.4482E+02 / 1.4482E+02   
3520   1.000E-04   1.4433E+02   1.4433E+02   1.4433E+02 / 1.4433E+02   
3530   1.000E-04   1.4906E+02   1.4906E+02   1.4906E+02 / 1.4906E+02   
3540   1.000E-04   1.4552E+02   1.4552E+02   1.4552E+02 / 1.4552E+02   
3550   1.000E-04   1.4445E+02   1.4445E+02   1.4445E+02 / 1.4445E+02   
3560   1.000E-04   1.4423E+02   1.4423E+02   1.4423E+02 / 1.4423E+02   
3570   1.000E-04   1.4430E+02   1.4430E+02   1.4430E+02 / 1.4430E+02   
3580   1.000E-04   1.4429E+02   1.4429E+02   1.4429E+02 / 1.4429E+02   
3590   1.000E-04   1.4429E+02   1.4429E+02   1.4429E+02 / 1.4429E+02   
3600   1.000E-04   1.4437E+02   1.4437E+02   1.4437E+02 / 1.4437E+02   
3610   1.000E-04   1.4423E+02   1.4423E+02   1.4423E+02 / 1.4423E+02   
3620   1.000E-04   1.4477E+02   1.4477E+02   1.4477E+02 / 1.4477E+02   
3630   1.000E-04   1.4584E+02   1.4584E+02   1.4584E+02 / 1.4584E+02   
3640   1.000E-04   1.4422E+02   1.4422E+02   1.4422E+02 / 1.4422E+02   
3650   1.000E-04   1.4511E+02   1.4511E+02   1.4511E+02 / 1.4511E+02   
3660   1.000E-04   1.4432E+02   1.4432E+02   1.4432E+02 / 1.4432E+02   
3670   1.000E-04   1.4449E+02   1.4449E+02   1.4449E+02 / 1.4449E+02   
3680   1.000E-04   1.4430E+02   1.4430E+02   1.4430E+02 / 1.4430E+02   
3690   1.000E-04   1.4453E+02   1.4453E+02   1.4453E+02 / 1.4453E+02   
3700   1.000E-04   1.4422E+02   1.4422E+02   1.4422E+02 / 1.4422E+02   
3710   1.000E-04   1.4449E+02   1.4449E+02   1.4449E+02 / 1.4449E+02   
3720   1.000E-04   1.4402E+02   1.4402E+02   1.4402E+02 / 1.4402E+02   
3730   1.000E-04   1.4425E+02   1.4425E+02   1.4425E+02 / 1.4425E+02   
3740   1.000E-04   1.5389E+02   1.5389E+02   1.5389E+02 / 1.5389E+02   
3750   1.000E-04   1.4557E+02   1.4557E+02   1.4557E+02 / 1.4557E+02   
3760   1.000E-04   1.4473E+02   1.4473E+02   1.4473E+02 / 1.4473E+02   
3770   1.000E-04   1.4401E+02   1.4401E+02   1.4401E+02 / 1.4401E+02   
3780   1.000E-04   1.4403E+02   1.4403E+02   1.4403E+02 / 1.4403E+02   
3790   1.000E-04   1.4437E+02   1.4437E+02   1.4437E+02 / 1.4437E+02   
3800   1.000E-04   1.5227E+02   1.5227E+02   1.5227E+02 / 1.5227E+02   
3810   1.000E-04   1.4405E+02   1.4405E+02   1.4405E+02 / 1.4405E+02   
3820   1.000E-04   1.4393E+02   1.4393E+02   1.4393E+02 / 1.4393E+02   
3830   1.000E-04   1.4531E+02   1.4531E+02   1.4531E+02 / 1.4531E+02   
3840   1.000E-04   1.4394E+02   1.4394E+02   1.4394E+02 / 1.4394E+02   
3850   1.000E-04   1.4389E+02   1.4389E+02   1.4389E+02 / 1.4389E+02   
3860   1.000E-04   1.4516E+02   1.4516E+02   1.4516E+02 / 1.4516E+02   
3870   1.000E-04   1.4387E+02   1.4387E+02   1.4387E+02 / 1.4387E+02   
3880   1.000E-04   1.4419E+02   1.4419E+02   1.4419E+02 / 1.4419E+02   
3890   1.000E-04   1.4389E+02   1.4389E+02   1.4389E+02 / 1.4389E+02   
3900   1.000E-04   1.4394E+02   1.4394E+02   1.4394E+02 / 1.4394E+02   
3910   1.000E-04   1.4420E+02   1.4420E+02   1.4420E+02 / 1.4420E+02   
3920   1.000E-04   1.4382E+02   1.4382E+02   1.4382E+02 / 1.4382E+02   
3930   1.000E-04   1.4388E+02   1.4388E+02   1.4388E+02 / 1.4388E+02   
3940   1.000E-04   1.4383E+02   1.4383E+02   1.4383E+02 / 1.4383E+02   
3950   1.000E-04   1.4376E+02   1.4376E+02   1.4376E+02 / 1.4376E+02   
3960   1.000E-04   1.4504E+02   1.4504E+02   1.4504E+02 / 1.4504E+02   
3970   1.000E-04   1.4370E+02   1.4370E+02   1.4370E+02 / 1.4370E+02   
3980   1.000E-04   1.4449E+02   1.4449E+02   1.4449E+02 / 1.4449E+02   
3990   1.000E-04   1.4417E+02   1.4417E+02   1.4417E+02 / 1.4417E+02   
4000   1.000E-04   1.4390E+02   1.4390E+02   1.4390E+02 / 1.4390E+02   
4010   1.000E-04   1.4369E+02   1.4369E+02   1.4369E+02 / 1.4369E+02   
4020   1.000E-04   1.4759E+02   1.4759E+02   1.4759E+02 / 1.4759E+02   
4030   1.000E-04   1.4363E+02   1.4363E+02   1.4363E+02 / 1.4363E+02   
4040   1.000E-04   1.4367E+02   1.4367E+02   1.4367E+02 / 1.4367E+02   
4050   1.000E-04   1.4364E+02   1.4364E+02   1.4364E+02 / 1.4364E+02   
4060   1.000E-04   1.4368E+02   1.4368E+02   1.4368E+02 / 1.4368E+02   
4070   1.000E-04   1.4390E+02   1.4390E+02   1.4390E+02 / 1.4390E+02   
4080   1.000E-04   1.4364E+02   1.4364E+02   1.4364E+02 / 1.4364E+02   
4090   1.000E-04   1.4393E+02   1.4393E+02   1.4393E+02 / 1.4393E+02   
4100   1.000E-04   1.4386E+02   1.4386E+02   1.4386E+02 / 1.4386E+02   
4110   1.000E-04   1.4368E+02   1.4368E+02   1.4368E+02 / 1.4368E+02   
4120   1.000E-04   1.4354E+02   1.4354E+02   1.4354E+02 / 1.4354E+02   
4130   1.000E-04   1.4369E+02   1.4369E+02   1.4369E+02 / 1.4369E+02   
4140   1.000E-04   1.4500E+02   1.4500E+02   1.4500E+02 / 1.4500E+02   
4150   1.000E-04   1.4377E+02   1.4377E+02   1.4377E+02 / 1.4377E+02   
4160   1.000E-04   1.4355E+02   1.4355E+02   1.4355E+02 / 1.4355E+02   
4170   1.000E-04   1.4352E+02   1.4352E+02   1.4352E+02 / 1.4352E+02   
4180   1.000E-04   1.4342E+02   1.4342E+02   1.4342E+02 / 1.4342E+02   
4190   1.000E-04   1.4345E+02   1.4345E+02   1.4345E+02 / 1.4345E+02   
4200   1.000E-04   1.4340E+02   1.4340E+02   1.4340E+02 / 1.4340E+02   
4210   1.000E-04   1.4338E+02   1.4338E+02   1.4338E+02 / 1.4338E+02   
4220   1.000E-04   1.4369E+02   1.4369E+02   1.4369E+02 / 1.4369E+02   
4230   1.000E-04   1.4656E+02   1.4656E+02   1.4656E+02 / 1.4656E+02   
4240   1.000E-04   1.4340E+02   1.4340E+02   1.4340E+02 / 1.4340E+02   
4250   1.000E-04   1.4346E+02   1.4346E+02   1.4346E+02 / 1.4346E+02   
4260   1.000E-04   1.4331E+02   1.4331E+02   1.4331E+02 / 1.4331E+02   
4270   1.000E-04   1.4329E+02   1.4329E+02   1.4329E+02 / 1.4329E+02   
4280   1.000E-04   1.4329E+02   1.4329E+02   1.4329E+02 / 1.4329E+02   
4290   1.000E-04   1.4489E+02   1.4489E+02   1.4489E+02 / 1.4489E+02   
4300   1.000E-04   1.4325E+02   1.4325E+02   1.4325E+02 / 1.4325E+02   
4310   1.000E-04   1.4546E+02   1.4546E+02   1.4546E+02 / 1.4546E+02   
4320   1.000E-04   1.4326E+02   1.4326E+02   1.4326E+02 / 1.4326E+02   
4330   1.000E-04   1.4344E+02   1.4344E+02   1.4344E+02 / 1.4344E+02   
4340   1.000E-04   1.4334E+02   1.4334E+02   1.4334E+02 / 1.4334E+02   
4350   1.000E-04   1.4331E+02   1.4331E+02   1.4331E+02 / 1.4331E+02   
4360   1.000E-04   1.4319E+02   1.4319E+02   1.4319E+02 / 1.4319E+02   
4370   1.000E-04   1.4535E+02   1.4535E+02   1.4535E+02 / 1.4535E+02   
4380   1.000E-04   1.4395E+02   1.4395E+02   1.4395E+02 / 1.4395E+02   
4390   1.000E-04   1.4659E+02   1.4659E+02   1.4659E+02 / 1.4659E+02   
4400   1.000E-04   1.4343E+02   1.4343E+02   1.4343E+02 / 1.4343E+02   
4410   1.000E-04   1.4307E+02   1.4307E+02   1.4307E+02 / 1.4307E+02   
4420   1.000E-04   1.4315E+02   1.4315E+02   1.4315E+02 / 1.4315E+02   
4430   1.000E-04   1.4696E+02   1.4696E+02   1.4696E+02 / 1.4696E+02   
4440   1.000E-04   1.4302E+02   1.4302E+02   1.4302E+02 / 1.4302E+02   
4450   1.000E-04   1.4306E+02   1.4306E+02   1.4306E+02 / 1.4306E+02   
4460   1.000E-04   1.4302E+02   1.4302E+02   1.4302E+02 / 1.4302E+02   
4470   1.000E-04   1.4303E+02   1.4303E+02   1.4303E+02 / 1.4303E+02   
4480   1.000E-04   1.4379E+02   1.4379E+02   1.4379E+02 / 1.4379E+02   
4490   1.000E-04   1.4312E+02   1.4312E+02   1.4312E+02 / 1.4312E+02   
4500   1.000E-04   1.4399E+02   1.4399E+02   1.4399E+02 / 1.4399E+02   
4510   1.000E-04   1.4338E+02   1.4338E+02   1.4338E+02 / 1.4338E+02   
4520   1.000E-04   1.4307E+02   1.4307E+02   1.4307E+02 / 1.4307E+02   
4530   1.000E-04   1.4292E+02   1.4292E+02   1.4292E+02 / 1.4292E+02   
4540   1.000E-04   1.4391E+02   1.4391E+02   1.4391E+02 / 1.4391E+02   
4550   1.000E-04   1.4423E+02   1.4423E+02   1.4423E+02 / 1.4423E+02   
4560   1.000E-04   1.4369E+02   1.4369E+02   1.4369E+02 / 1.4369E+02   
4570   1.000E-04   1.4285E+02   1.4285E+02   1.4285E+02 / 1.4285E+02   
4580   1.000E-04   1.5074E+02   1.5074E+02   1.5074E+02 / 1.5074E+02   
4590   1.000E-04   1.4278E+02   1.4278E+02   1.4278E+02 / 1.4278E+02   
4600   1.000E-04   1.4451E+02   1.4451E+02   1.4451E+02 / 1.4451E+02   
4610   1.000E-04   1.4300E+02   1.4300E+02   1.4300E+02 / 1.4300E+02   
4620   1.000E-04   1.4482E+02   1.4482E+02   1.4482E+02 / 1.4482E+02   
4630   1.000E-04   1.4400E+02   1.4400E+02   1.4400E+02 / 1.4400E+02   
4640   1.000E-04   1.4281E+02   1.4281E+02   1.4281E+02 / 1.4281E+02   
4650   1.000E-04   1.4319E+02   1.4319E+02   1.4319E+02 / 1.4319E+02   
4660   1.000E-04   1.4275E+02   1.4275E+02   1.4275E+02 / 1.4275E+02   
4670   1.000E-04   1.4281E+02   1.4281E+02   1.4281E+02 / 1.4281E+02   
4680   1.000E-04   1.4369E+02   1.4369E+02   1.4369E+02 / 1.4369E+02   
4690   1.000E-04   1.4277E+02   1.4277E+02   1.4277E+02 / 1.4277E+02   
4700   1.000E-04   1.4283E+02   1.4283E+02   1.4283E+02 / 1.4283E+02   
4710   1.000E-04   1.4274E+02   1.4274E+02   1.4274E+02 / 1.4274E+02   
4720   1.000E-04   1.4271E+02   1.4271E+02   1.4271E+02 / 1.4271E+02   
4730   1.000E-04   1.4259E+02   1.4259E+02   1.4259E+02 / 1.4259E+02   
4740   1.000E-04   1.4496E+02   1.4496E+02   1.4496E+02 / 1.4496E+02   
4750   1.000E-04   1.4266E+02   1.4266E+02   1.4266E+02 / 1.4266E+02   
4760   1.000E-04   1.4274E+02   1.4274E+02   1.4274E+02 / 1.4274E+02   
4770   1.000E-04   1.4618E+02   1.4618E+02   1.4618E+02 / 1.4618E+02   
4780   1.000E-04   1.4288E+02   1.4288E+02   1.4288E+02 / 1.4288E+02   
4790   1.000E-04   1.5751E+02   1.5751E+02   1.5751E+02 / 1.5751E+02   
4800   1.000E-04   1.4262E+02   1.4262E+02   1.4262E+02 / 1.4262E+02   
4810   1.000E-04   1.4252E+02   1.4252E+02   1.4252E+02 / 1.4252E+02   
4820   1.000E-04   1.4292E+02   1.4292E+02   1.4292E+02 / 1.4292E+02   
4830   1.000E-04   1.4293E+02   1.4293E+02   1.4293E+02 / 1.4293E+02   
4840   1.000E-04   1.4325E+02   1.4325E+02   1.4325E+02 / 1.4325E+02   
4850   1.000E-04   1.4883E+02   1.4883E+02   1.4883E+02 / 1.4883E+02   
4860   1.000E-04   1.4247E+02   1.4247E+02   1.4247E+02 / 1.4247E+02   
4870   1.000E-04   1.4311E+02   1.4311E+02   1.4311E+02 / 1.4311E+02   
4880   1.000E-04   1.4251E+02   1.4251E+02   1.4251E+02 / 1.4251E+02   
4890   1.000E-04   1.4296E+02   1.4296E+02   1.4296E+02 / 1.4296E+02   
4900   1.000E-04   1.4253E+02   1.4253E+02   1.4253E+02 / 1.4253E+02   
4910   1.000E-04   1.4246E+02   1.4246E+02   1.4246E+02 / 1.4246E+02   
4920   1.000E-04   1.4303E+02   1.4303E+02   1.4303E+02 / 1.4303E+02   
4930   1.000E-04   1.4243E+02   1.4243E+02   1.4243E+02 / 1.4243E+02   
4940   1.000E-04   1.4259E+02   1.4259E+02   1.4259E+02 / 1.4259E+02   
4950   1.000E-04   1.4244E+02   1.4244E+02   1.4244E+02 / 1.4244E+02   
4960   1.000E-04   1.4235E+02   1.4235E+02   1.4235E+02 / 1.4235E+02   
4970   1.000E-04   1.4358E+02   1.4358E+02   1.4358E+02 / 1.4358E+02   
4980   1.000E-04   1.4348E+02   1.4348E+02   1.4348E+02 / 1.4348E+02   
4990   1.000E-04   1.4271E+02   1.4271E+02   1.4271E+02 / 1.4271E+02   
5000   1.000E-04   1.4230E+02   1.4230E+02   1.4230E+02 / 1.4230E+02   
5010   1.000E-04   1.4237E+02   1.4237E+02   1.4237E+02 / 1.4237E+02   
5020   1.000E-04   1.4237E+02   1.4237E+02   1.4237E+02 / 1.4237E+02   
5030   1.000E-04   1.4227E+02   1.4227E+02   1.4227E+02 / 1.4227E+02   
5040   1.000E-04   1.4388E+02   1.4388E+02   1.4388E+02 / 1.4388E+02   
5050   1.000E-04   1.4453E+02   1.4453E+02   1.4453E+02 / 1.4453E+02   
5060   1.000E-04   1.4585E+02   1.4585E+02   1.4585E+02 / 1.4585E+02   
5070   1.000E-04   1.4223E+02   1.4223E+02   1.4223E+02 / 1.4223E+02   
5080   1.000E-04   1.4247E+02   1.4247E+02   1.4247E+02 / 1.4247E+02   
5090   1.000E-04   1.4257E+02   1.4257E+02   1.4257E+02 / 1.4257E+02   
5100   1.000E-04   1.4229E+02   1.4229E+02   1.4229E+02 / 1.4229E+02   
5110   1.000E-04   1.4242E+02   1.4242E+02   1.4242E+02 / 1.4242E+02   
5120   1.000E-04   1.4263E+02   1.4263E+02   1.4263E+02 / 1.4263E+02   
5130   1.000E-04   1.4215E+02   1.4215E+02   1.4215E+02 / 1.4215E+02   
5140   1.000E-04   1.4220E+02   1.4220E+02   1.4220E+02 / 1.4220E+02   
5150   1.000E-04   1.4325E+02   1.4325E+02   1.4325E+02 / 1.4325E+02   
5160   1.000E-04   1.4230E+02   1.4230E+02   1.4230E+02 / 1.4230E+02   
5170   1.000E-04   1.4241E+02   1.4241E+02   1.4241E+02 / 1.4241E+02   
5180   1.000E-04   1.4238E+02   1.4238E+02   1.4238E+02 / 1.4238E+02   
5190   1.000E-04   1.4211E+02   1.4211E+02   1.4211E+02 / 1.4211E+02   
5200   1.000E-04   1.4262E+02   1.4262E+02   1.4262E+02 / 1.4262E+02   
5210   1.000E-04   1.4559E+02   1.4559E+02   1.4559E+02 / 1.4559E+02   
5220   1.000E-04   1.4235E+02   1.4235E+02   1.4235E+02 / 1.4235E+02   
5230   1.000E-04   1.4258E+02   1.4258E+02   1.4258E+02 / 1.4258E+02   
5240   1.000E-04   1.4215E+02   1.4215E+02   1.4215E+02 / 1.4215E+02   
5250   1.000E-04   1.4209E+02   1.4209E+02   1.4209E+02 / 1.4209E+02   
5260   1.000E-04   1.4355E+02   1.4355E+02   1.4355E+02 / 1.4355E+02   
5270   1.000E-04   1.4209E+02   1.4209E+02   1.4209E+02 / 1.4209E+02   
5280   1.000E-04   1.4218E+02   1.4218E+02   1.4218E+02 / 1.4218E+02   
5290   1.000E-04   1.4209E+02   1.4209E+02   1.4209E+02 / 1.4209E+02   
5300   1.000E-04   1.4201E+02   1.4201E+02   1.4201E+02 / 1.4201E+02   
5310   1.000E-04   1.4342E+02   1.4342E+02   1.4342E+02 / 1.4342E+02   
5320   1.000E-04   1.4198E+02   1.4198E+02   1.4198E+02 / 1.4198E+02   
5330   1.000E-04   1.4210E+02   1.4210E+02   1.4210E+02 / 1.4210E+02   
5340   1.000E-04   1.4225E+02   1.4225E+02   1.4225E+02 / 1.4225E+02   
5350   1.000E-04   1.4314E+02   1.4314E+02   1.4314E+02 / 1.4314E+02   
5360   1.000E-04   1.4381E+02   1.4381E+02   1.4381E+02 / 1.4381E+02   
5370   1.000E-04   1.4194E+02   1.4194E+02   1.4194E+02 / 1.4194E+02   
5380   1.000E-04   1.4341E+02   1.4341E+02   1.4341E+02 / 1.4341E+02   
5390   1.000E-04   1.4192E+02   1.4192E+02   1.4192E+02 / 1.4192E+02   
5400   1.000E-04   1.4194E+02   1.4194E+02   1.4194E+02 / 1.4194E+02   
5410   1.000E-04   1.4206E+02   1.4206E+02   1.4206E+02 / 1.4206E+02   
5420   1.000E-04   1.4209E+02   1.4209E+02   1.4209E+02 / 1.4209E+02   
5430   1.000E-04   1.4192E+02   1.4192E+02   1.4192E+02 / 1.4192E+02   
5440   1.000E-04   1.4259E+02   1.4259E+02   1.4259E+02 / 1.4259E+02   
5450   1.000E-04   1.4240E+02   1.4240E+02   1.4240E+02 / 1.4240E+02   
5460   1.000E-04   1.4183E+02   1.4183E+02   1.4183E+02 / 1.4183E+02   
5470   1.000E-04   1.4276E+02   1.4276E+02   1.4276E+02 / 1.4276E+02   
5480   1.000E-04   1.4238E+02   1.4238E+02   1.4238E+02 / 1.4238E+02   
5490   1.000E-04   1.4201E+02   1.4201E+02   1.4201E+02 / 1.4201E+02   
5500   1.000E-04   1.5155E+02   1.5155E+02   1.5155E+02 / 1.5155E+02   
5510   1.000E-04   1.4191E+02   1.4191E+02   1.4191E+02 / 1.4191E+02   
5520   1.000E-04   1.4245E+02   1.4245E+02   1.4245E+02 / 1.4245E+02   
5530   1.000E-04   1.4290E+02   1.4290E+02   1.4290E+02 / 1.4290E+02   
5540   1.000E-04   1.4313E+02   1.4313E+02   1.4313E+02 / 1.4313E+02   
5550   1.000E-04   1.4178E+02   1.4178E+02   1.4178E+02 / 1.4178E+02   
5560   1.000E-04   1.4180E+02   1.4180E+02   1.4180E+02 / 1.4180E+02   
5570   1.000E-04   1.4176E+02   1.4176E+02   1.4176E+02 / 1.4176E+02   
5580   1.000E-04   1.4201E+02   1.4201E+02   1.4201E+02 / 1.4201E+02   
5590   1.000E-04   1.4171E+02   1.4171E+02   1.4171E+02 / 1.4171E+02   
5600   1.000E-04   1.4200E+02   1.4200E+02   1.4200E+02 / 1.4200E+02   
5610   1.000E-04   1.4186E+02   1.4186E+02   1.4186E+02 / 1.4186E+02   
5620   1.000E-04   1.4267E+02   1.4267E+02   1.4267E+02 / 1.4267E+02   
5630   1.000E-04   1.4175E+02   1.4175E+02   1.4175E+02 / 1.4175E+02   
5640   1.000E-04   1.4171E+02   1.4171E+02   1.4171E+02 / 1.4171E+02   
5650   1.000E-04   1.6329E+02   1.6329E+02   1.6329E+02 / 1.6329E+02   
5660   1.000E-04   1.4222E+02   1.4222E+02   1.4222E+02 / 1.4222E+02   
5670   1.000E-04   1.4219E+02   1.4219E+02   1.4219E+02 / 1.4219E+02   
5680   1.000E-04   1.4419E+02   1.4419E+02   1.4419E+02 / 1.4419E+02   
5690   1.000E-04   1.4188E+02   1.4188E+02   1.4188E+02 / 1.4188E+02   
5700   1.000E-04   1.4307E+02   1.4307E+02   1.4307E+02 / 1.4307E+02   
5710   1.000E-04   1.4176E+02   1.4176E+02   1.4176E+02 / 1.4176E+02   
5720   1.000E-04   1.4165E+02   1.4165E+02   1.4165E+02 / 1.4165E+02   
5730   1.000E-04   1.5502E+02   1.5502E+02   1.5502E+02 / 1.5502E+02   
5740   1.000E-04   1.4162E+02   1.4162E+02   1.4162E+02 / 1.4162E+02   
5750   1.000E-04   1.4219E+02   1.4219E+02   1.4219E+02 / 1.4219E+02   
5760   1.000E-04   1.4160E+02   1.4160E+02   1.4160E+02 / 1.4160E+02   
5770   1.000E-04   1.4161E+02   1.4161E+02   1.4161E+02 / 1.4161E+02   
5780   1.000E-04   1.4159E+02   1.4159E+02   1.4159E+02 / 1.4159E+02   
5790   1.000E-04   1.4388E+02   1.4388E+02   1.4388E+02 / 1.4388E+02   
5800   1.000E-04   1.4574E+02   1.4574E+02   1.4574E+02 / 1.4574E+02   
5810   1.000E-04   1.4198E+02   1.4198E+02   1.4198E+02 / 1.4198E+02   
5820   1.000E-04   1.4174E+02   1.4174E+02   1.4174E+02 / 1.4174E+02   
5830   1.000E-04   1.4280E+02   1.4280E+02   1.4280E+02 / 1.4280E+02   
5840   1.000E-04   1.4165E+02   1.4165E+02   1.4165E+02 / 1.4165E+02   
5850   1.000E-04   1.4186E+02   1.4186E+02   1.4186E+02 / 1.4186E+02   
5860   1.000E-04   1.4407E+02   1.4407E+02   1.4407E+02 / 1.4407E+02   
5870   1.000E-04   1.4166E+02   1.4166E+02   1.4166E+02 / 1.4166E+02   
5880   1.000E-04   1.4157E+02   1.4157E+02   1.4157E+02 / 1.4157E+02   
5890   1.000E-04   1.4226E+02   1.4226E+02   1.4226E+02 / 1.4226E+02   
5900   1.000E-04   1.4151E+02   1.4151E+02   1.4151E+02 / 1.4151E+02   
5910   1.000E-04   1.4152E+02   1.4152E+02   1.4152E+02 / 1.4152E+02   
5920   1.000E-04   1.4262E+02   1.4262E+02   1.4262E+02 / 1.4262E+02   
5930   1.000E-04   1.4190E+02   1.4190E+02   1.4190E+02 / 1.4190E+02   
5940   1.000E-04   1.4152E+02   1.4152E+02   1.4152E+02 / 1.4152E+02   
5950   1.000E-04   1.4148E+02   1.4148E+02   1.4148E+02 / 1.4148E+02   
5960   1.000E-04   1.4160E+02   1.4160E+02   1.4160E+02 / 1.4160E+02   
5970   1.000E-04   1.4802E+02   1.4802E+02   1.4802E+02 / 1.4802E+02   
5980   1.000E-04   1.4144E+02   1.4144E+02   1.4144E+02 / 1.4144E+02   
5990   1.000E-04   1.4189E+02   1.4189E+02   1.4189E+02 / 1.4189E+02   
6000   1.000E-04   1.4199E+02   1.4199E+02   1.4199E+02 / 1.4199E+02   
6010   1.000E-04   1.4783E+02   1.4783E+02   1.4783E+02 / 1.4783E+02   
6020   1.000E-04   1.4181E+02   1.4181E+02   1.4181E+02 / 1.4181E+02   
6030   1.000E-04   1.4161E+02   1.4161E+02   1.4161E+02 / 1.4161E+02   
6040   1.000E-04   1.4261E+02   1.4261E+02   1.4261E+02 / 1.4261E+02   
6050   1.000E-04   1.4994E+02   1.4994E+02   1.4994E+02 / 1.4994E+02   
6060   1.000E-04   1.4203E+02   1.4203E+02   1.4203E+02 / 1.4203E+02   
6070   1.000E-04   1.4178E+02   1.4178E+02   1.4178E+02 / 1.4178E+02   
6080   1.000E-04   1.4170E+02   1.4170E+02   1.4170E+02 / 1.4170E+02   
6090   1.000E-04   1.4188E+02   1.4188E+02   1.4188E+02 / 1.4188E+02   
6100   1.000E-04   1.4154E+02   1.4154E+02   1.4154E+02 / 1.4154E+02   
6110   1.000E-04   1.4159E+02   1.4159E+02   1.4159E+02 / 1.4159E+02   
6120   1.000E-04   1.4138E+02   1.4138E+02   1.4138E+02 / 1.4138E+02   
6130   1.000E-04   1.4145E+02   1.4145E+02   1.4145E+02 / 1.4145E+02   
6140   1.000E-04   1.4452E+02   1.4452E+02   1.4452E+02 / 1.4452E+02   
6150   1.000E-04   1.4131E+02   1.4131E+02   1.4131E+02 / 1.4131E+02   
6160   1.000E-04   1.4133E+02   1.4133E+02   1.4133E+02 / 1.4133E+02   
6170   1.000E-04   1.4134E+02   1.4134E+02   1.4134E+02 / 1.4134E+02   
6180   1.000E-04   1.4127E+02   1.4127E+02   1.4127E+02 / 1.4127E+02   
6190   1.000E-04   1.4242E+02   1.4242E+02   1.4242E+02 / 1.4242E+02   
6200   1.000E-04   1.4826E+02   1.4826E+02   1.4826E+02 / 1.4826E+02   
6210   1.000E-04   1.4141E+02   1.4141E+02   1.4141E+02 / 1.4141E+02   
6220   1.000E-04   1.4123E+02   1.4123E+02   1.4123E+02 / 1.4123E+02   
6230   1.000E-04   1.4192E+02   1.4192E+02   1.4192E+02 / 1.4192E+02   
6240   1.000E-04   1.4150E+02   1.4150E+02   1.4150E+02 / 1.4150E+02   
6250   1.000E-04   1.4130E+02   1.4130E+02   1.4130E+02 / 1.4130E+02   
6260   1.000E-04   1.4125E+02   1.4125E+02   1.4125E+02 / 1.4125E+02   
6270   1.000E-04   1.4136E+02   1.4136E+02   1.4136E+02 / 1.4136E+02   
6280   1.000E-04   1.4147E+02   1.4147E+02   1.4147E+02 / 1.4147E+02   
6290   1.000E-04   1.4125E+02   1.4125E+02   1.4125E+02 / 1.4125E+02   
6300   1.000E-04   1.4799E+02   1.4799E+02   1.4799E+02 / 1.4799E+02   
6310   1.000E-04   1.4192E+02   1.4192E+02   1.4192E+02 / 1.4192E+02   
6320   1.000E-04   1.4118E+02   1.4118E+02   1.4118E+02 / 1.4118E+02   
6330   1.000E-04   1.4120E+02   1.4120E+02   1.4120E+02 / 1.4120E+02   
6340   1.000E-04   1.4110E+02   1.4110E+02   1.4110E+02 / 1.4110E+02   
6350   1.000E-04   1.4133E+02   1.4133E+02   1.4133E+02 / 1.4133E+02   
6360   1.000E-04   1.4113E+02   1.4113E+02   1.4113E+02 / 1.4113E+02   
6370   1.000E-04   1.4219E+02   1.4219E+02   1.4219E+02 / 1.4219E+02   
6380   1.000E-04   1.4143E+02   1.4143E+02   1.4143E+02 / 1.4143E+02   
6390   1.000E-04   1.4112E+02   1.4112E+02   1.4112E+02 / 1.4112E+02   
6400   1.000E-04   1.4217E+02   1.4217E+02   1.4217E+02 / 1.4217E+02   
6410   1.000E-04   1.4356E+02   1.4356E+02   1.4356E+02 / 1.4356E+02   
6420   1.000E-04   1.4555E+02   1.4555E+02   1.4555E+02 / 1.4555E+02   
6430   1.000E-04   1.4107E+02   1.4107E+02   1.4107E+02 / 1.4107E+02   
6440   1.000E-04   1.4235E+02   1.4235E+02   1.4235E+02 / 1.4235E+02   
6450   1.000E-04   1.4111E+02   1.4111E+02   1.4111E+02 / 1.4111E+02   
6460   1.000E-04   1.4119E+02   1.4119E+02   1.4119E+02 / 1.4119E+02   
6470   1.000E-04   1.4115E+02   1.4115E+02   1.4115E+02 / 1.4115E+02   
6480   1.000E-04   1.4117E+02   1.4117E+02   1.4117E+02 / 1.4117E+02   
6490   1.000E-04   1.4136E+02   1.4136E+02   1.4136E+02 / 1.4136E+02   
6500   1.000E-04   1.4107E+02   1.4107E+02   1.4107E+02 / 1.4107E+02   
6510   1.000E-04   1.4100E+02   1.4100E+02   1.4100E+02 / 1.4100E+02   
6520   1.000E-04   1.4136E+02   1.4136E+02   1.4136E+02 / 1.4136E+02   
6530   1.000E-04   1.4153E+02   1.4153E+02   1.4153E+02 / 1.4153E+02   
6540   1.000E-04   1.4248E+02   1.4248E+02   1.4248E+02 / 1.4248E+02   
6550   1.000E-04   1.4442E+02   1.4442E+02   1.4442E+02 / 1.4442E+02   
6560   1.000E-04   1.4123E+02   1.4123E+02   1.4123E+02 / 1.4123E+02   
6570   1.000E-04   1.4194E+02   1.4194E+02   1.4194E+02 / 1.4194E+02   
6580   1.000E-04   1.4197E+02   1.4197E+02   1.4197E+02 / 1.4197E+02   
6590   1.000E-04   1.4097E+02   1.4097E+02   1.4097E+02 / 1.4097E+02   
6600   1.000E-04   1.4121E+02   1.4121E+02   1.4121E+02 / 1.4121E+02   
6610   1.000E-04   1.4137E+02   1.4137E+02   1.4137E+02 / 1.4137E+02   
6620   1.000E-04   1.4103E+02   1.4103E+02   1.4103E+02 / 1.4103E+02   
6630   1.000E-04   1.4099E+02   1.4099E+02   1.4099E+02 / 1.4099E+02   
6640   1.000E-04   1.4105E+02   1.4105E+02   1.4105E+02 / 1.4105E+02   
6650   1.000E-04   1.4145E+02   1.4145E+02   1.4145E+02 / 1.4145E+02   
6660   1.000E-04   1.4098E+02   1.4098E+02   1.4098E+02 / 1.4098E+02   
6670   1.000E-04   1.4105E+02   1.4105E+02   1.4105E+02 / 1.4105E+02   
6680   1.000E-04   1.4326E+02   1.4326E+02   1.4326E+02 / 1.4326E+02   
6690   1.000E-04   1.4152E+02   1.4152E+02   1.4152E+02 / 1.4152E+02   
6700   1.000E-04   1.4112E+02   1.4112E+02   1.4112E+02 / 1.4112E+02   
6710   1.000E-04   1.4577E+02   1.4577E+02   1.4577E+02 / 1.4577E+02   
6720   1.000E-04   1.4090E+02   1.4090E+02   1.4090E+02 / 1.4090E+02   
6730   1.000E-04   1.4102E+02   1.4102E+02   1.4102E+02 / 1.4102E+02   
6740   1.000E-04   1.4101E+02   1.4101E+02   1.4101E+02 / 1.4101E+02   
6750   1.000E-04   1.4103E+02   1.4103E+02   1.4103E+02 / 1.4103E+02   
6760   1.000E-04   1.4086E+02   1.4086E+02   1.4086E+02 / 1.4086E+02   
6770   1.000E-04   1.4171E+02   1.4171E+02   1.4171E+02 / 1.4171E+02   
6780   1.000E-04   1.4131E+02   1.4131E+02   1.4131E+02 / 1.4131E+02   
6790   1.000E-04   1.4313E+02   1.4313E+02   1.4313E+02 / 1.4313E+02   
6800   1.000E-04   1.4311E+02   1.4311E+02   1.4311E+02 / 1.4311E+02   
6810   1.000E-04   1.4078E+02   1.4078E+02   1.4078E+02 / 1.4078E+02   
6820   1.000E-04   1.4204E+02   1.4204E+02   1.4204E+02 / 1.4204E+02   
6830   1.000E-04   1.4080E+02   1.4080E+02   1.4080E+02 / 1.4080E+02   
6840   1.000E-04   1.4225E+02   1.4225E+02   1.4225E+02 / 1.4225E+02   
6850   1.000E-04   1.4141E+02   1.4141E+02   1.4141E+02 / 1.4141E+02   
6860   1.000E-04   1.4118E+02   1.4118E+02   1.4118E+02 / 1.4118E+02   
6870   1.000E-04   1.4077E+02   1.4077E+02   1.4077E+02 / 1.4077E+02   
6880   1.000E-04   1.4118E+02   1.4118E+02   1.4118E+02 / 1.4118E+02   
6890   1.000E-04   1.4087E+02   1.4087E+02   1.4087E+02 / 1.4087E+02   
6900   1.000E-04   1.4081E+02   1.4081E+02   1.4081E+02 / 1.4081E+02   
6910   1.000E-04   1.4091E+02   1.4091E+02   1.4091E+02 / 1.4091E+02   
6920   1.000E-04   1.4087E+02   1.4087E+02   1.4087E+02 / 1.4087E+02   
6930   1.000E-04   1.4074E+02   1.4074E+02   1.4074E+02 / 1.4074E+02   
6940   1.000E-04   1.4080E+02   1.4080E+02   1.4080E+02 / 1.4080E+02   
6950   1.000E-04   1.4154E+02   1.4154E+02   1.4154E+02 / 1.4154E+02   
6960   1.000E-04   1.4083E+02   1.4083E+02   1.4083E+02 / 1.4083E+02   
6970   1.000E-04   1.4071E+02   1.4071E+02   1.4071E+02 / 1.4071E+02   
6980   1.000E-04   1.4069E+02   1.4069E+02   1.4069E+02 / 1.4069E+02   
6990   1.000E-04   1.4101E+02   1.4101E+02   1.4101E+02 / 1.4101E+02   
7000   1.000E-04   1.4114E+02   1.4114E+02   1.4114E+02 / 1.4114E+02   
7010   1.000E-04   1.4072E+02   1.4072E+02   1.4072E+02 / 1.4072E+02   
7020   1.000E-04   1.4066E+02   1.4066E+02   1.4066E+02 / 1.4066E+02   
7030   1.000E-04   1.4073E+02   1.4073E+02   1.4073E+02 / 1.4073E+02   
7040   1.000E-04   1.4191E+02   1.4191E+02   1.4191E+02 / 1.4191E+02   
7050   1.000E-04   1.4073E+02   1.4073E+02   1.4073E+02 / 1.4073E+02   
7060   1.000E-04   1.4070E+02   1.4070E+02   1.4070E+02 / 1.4070E+02   
7070   1.000E-04   1.4141E+02   1.4141E+02   1.4141E+02 / 1.4141E+02   
7080   1.000E-04   1.4219E+02   1.4219E+02   1.4219E+02 / 1.4219E+02   
7090   1.000E-04   1.4154E+02   1.4154E+02   1.4154E+02 / 1.4154E+02   
7100   1.000E-04   1.4200E+02   1.4200E+02   1.4200E+02 / 1.4200E+02   
7110   1.000E-04   1.4114E+02   1.4114E+02   1.4114E+02 / 1.4114E+02   
7120   1.000E-04   1.4097E+02   1.4097E+02   1.4097E+02 / 1.4097E+02   
7130   1.000E-04   1.4072E+02   1.4072E+02   1.4072E+02 / 1.4072E+02   
7140   1.000E-04   1.4062E+02   1.4062E+02   1.4062E+02 / 1.4062E+02   
7150   1.000E-04   1.4085E+02   1.4085E+02   1.4085E+02 / 1.4085E+02   
7160   1.000E-04   1.4083E+02   1.4083E+02   1.4083E+02 / 1.4083E+02   
7170   1.000E-04   1.4062E+02   1.4062E+02   1.4062E+02 / 1.4062E+02   
7180   1.000E-04   1.4128E+02   1.4128E+02   1.4128E+02 / 1.4128E+02   
7190   1.000E-04   1.4170E+02   1.4170E+02   1.4170E+02 / 1.4170E+02   
7200   1.000E-04   1.4066E+02   1.4066E+02   1.4066E+02 / 1.4066E+02   
7210   1.000E-04   1.4189E+02   1.4189E+02   1.4189E+02 / 1.4189E+02   
7220   1.000E-04   1.5287E+02   1.5287E+02   1.5287E+02 / 1.5287E+02   
7230   1.000E-04   1.4076E+02   1.4076E+02   1.4076E+02 / 1.4076E+02   
7240   1.000E-04   1.4061E+02   1.4061E+02   1.4061E+02 / 1.4061E+02   
7250   1.000E-04   1.4307E+02   1.4307E+02   1.4307E+02 / 1.4307E+02   
7260   1.000E-04   1.4232E+02   1.4232E+02   1.4232E+02 / 1.4232E+02   
7270   1.000E-04   1.4175E+02   1.4175E+02   1.4175E+02 / 1.4175E+02   
7280   1.000E-04   1.4054E+02   1.4054E+02   1.4054E+02 / 1.4054E+02   
7290   1.000E-04   1.4152E+02   1.4152E+02   1.4152E+02 / 1.4152E+02   
7300   1.000E-04   1.5026E+02   1.5026E+02   1.5026E+02 / 1.5026E+02   
7310   1.000E-04   1.4086E+02   1.4086E+02   1.4086E+02 / 1.4086E+02   
7320   1.000E-04   1.4095E+02   1.4095E+02   1.4095E+02 / 1.4095E+02   
7330   1.000E-04   1.4109E+02   1.4109E+02   1.4109E+02 / 1.4109E+02   
7340   1.000E-04   1.4043E+02   1.4043E+02   1.4043E+02 / 1.4043E+02   
7350   1.000E-04   1.4057E+02   1.4057E+02   1.4057E+02 / 1.4057E+02   
7360   1.000E-04   1.4048E+02   1.4048E+02   1.4048E+02 / 1.4048E+02   
7370   1.000E-04   1.4056E+02   1.4056E+02   1.4056E+02 / 1.4056E+02   
7380   1.000E-04   1.4048E+02   1.4048E+02   1.4048E+02 / 1.4048E+02   
7390   1.000E-04   1.4324E+02   1.4324E+02   1.4324E+02 / 1.4324E+02   
7400   1.000E-04   1.4046E+02   1.4046E+02   1.4046E+02 / 1.4046E+02   
7410   1.000E-04   1.4072E+02   1.4072E+02   1.4072E+02 / 1.4072E+02   
7420   1.000E-04   1.4042E+02   1.4042E+02   1.4042E+02 / 1.4042E+02   
7430   1.000E-04   1.4192E+02   1.4192E+02   1.4192E+02 / 1.4192E+02   
7440   1.000E-04   1.4043E+02   1.4043E+02   1.4043E+02 / 1.4043E+02   
7450   1.000E-04   1.4109E+02   1.4109E+02   1.4109E+02 / 1.4109E+02   
7460   1.000E-04   1.4046E+02   1.4046E+02   1.4046E+02 / 1.4046E+02   
7470   1.000E-04   1.4047E+02   1.4047E+02   1.4047E+02 / 1.4047E+02   
7480   1.000E-04   1.4049E+02   1.4049E+02   1.4049E+02 / 1.4049E+02   
7490   1.000E-04   1.4047E+02   1.4047E+02   1.4047E+02 / 1.4047E+02   
7500   1.000E-04   1.4034E+02   1.4034E+02   1.4034E+02 / 1.4034E+02   
7510   1.000E-04   1.4050E+02   1.4050E+02   1.4050E+02 / 1.4050E+02   
7520   1.000E-04   1.4048E+02   1.4048E+02   1.4048E+02 / 1.4048E+02   
7530   1.000E-04   1.4029E+02   1.4029E+02   1.4029E+02 / 1.4029E+02   
7540   1.000E-04   1.4056E+02   1.4056E+02   1.4056E+02 / 1.4056E+02   
7550   1.000E-04   1.4041E+02   1.4041E+02   1.4041E+02 / 1.4041E+02   
7560   1.000E-04   1.4139E+02   1.4139E+02   1.4139E+02 / 1.4139E+02   
7570   1.000E-04   1.4025E+02   1.4025E+02   1.4025E+02 / 1.4025E+02   
7580   1.000E-04   1.4034E+02   1.4034E+02   1.4034E+02 / 1.4034E+02   
7590   1.000E-04   1.4041E+02   1.4041E+02   1.4041E+02 / 1.4041E+02   
7600   1.000E-04   1.4035E+02   1.4035E+02   1.4035E+02 / 1.4035E+02   
7610   1.000E-04   1.4027E+02   1.4027E+02   1.4027E+02 / 1.4027E+02   
7620   1.000E-04   1.4061E+02   1.4061E+02   1.4061E+02 / 1.4061E+02   
7630   1.000E-04   1.4110E+02   1.4110E+02   1.4110E+02 / 1.4110E+02   
7640   1.000E-04   1.4112E+02   1.4112E+02   1.4112E+02 / 1.4112E+02   
7650   1.000E-04   1.4048E+02   1.4048E+02   1.4048E+02 / 1.4048E+02   
7660   1.000E-04   1.4034E+02   1.4034E+02   1.4034E+02 / 1.4034E+02   
7670   1.000E-04   1.4033E+02   1.4033E+02   1.4033E+02 / 1.4033E+02   
7680   1.000E-04   1.4301E+02   1.4301E+02   1.4301E+02 / 1.4301E+02   
7690   1.000E-04   1.4062E+02   1.4062E+02   1.4062E+02 / 1.4062E+02   
7700   1.000E-04   1.4054E+02   1.4054E+02   1.4054E+02 / 1.4054E+02   
7710   1.000E-04   1.4027E+02   1.4027E+02   1.4027E+02 / 1.4027E+02   
7720   1.000E-04   1.4035E+02   1.4035E+02   1.4035E+02 / 1.4035E+02   
7730   1.000E-04   1.4018E+02   1.4018E+02   1.4018E+02 / 1.4018E+02   
7740   1.000E-04   1.4020E+02   1.4020E+02   1.4020E+02 / 1.4020E+02   
7750   1.000E-04   1.4013E+02   1.4013E+02   1.4013E+02 / 1.4013E+02   
7760   1.000E-04   1.4034E+02   1.4034E+02   1.4034E+02 / 1.4034E+02   
7770   1.000E-04   1.4093E+02   1.4093E+02   1.4093E+02 / 1.4093E+02   
7780   1.000E-04   1.4009E+02   1.4009E+02   1.4009E+02 / 1.4009E+02   
7790   1.000E-04   1.4023E+02   1.4023E+02   1.4023E+02 / 1.4023E+02   
7800   1.000E-04   1.4017E+02   1.4017E+02   1.4017E+02 / 1.4017E+02   
7810   1.000E-04   1.4056E+02   1.4056E+02   1.4056E+02 / 1.4056E+02   
7820   1.000E-04   1.4095E+02   1.4095E+02   1.4095E+02 / 1.4095E+02   
7830   1.000E-04   1.4008E+02   1.4008E+02   1.4008E+02 / 1.4008E+02   
7840   1.000E-04   1.4047E+02   1.4047E+02   1.4047E+02 / 1.4047E+02   
7850   1.000E-04   1.4010E+02   1.4010E+02   1.4010E+02 / 1.4010E+02   
7860   1.000E-04   1.4110E+02   1.4110E+02   1.4110E+02 / 1.4110E+02   
7870   1.000E-04   1.4000E+02   1.4000E+02   1.4000E+02 / 1.4000E+02   
7880   1.000E-04   1.4021E+02   1.4021E+02   1.4021E+02 / 1.4021E+02   
7890   1.000E-04   1.4034E+02   1.4034E+02   1.4034E+02 / 1.4034E+02   
7900   1.000E-04   1.4001E+02   1.4001E+02   1.4001E+02 / 1.4001E+02   
7910   1.000E-04   1.4014E+02   1.4014E+02   1.4014E+02 / 1.4014E+02   
7920   1.000E-04   1.4045E+02   1.4045E+02   1.4045E+02 / 1.4045E+02   
7930   1.000E-04   1.3992E+02   1.3992E+02   1.3992E+02 / 1.3992E+02   
7940   1.000E-04   1.4001E+02   1.4001E+02   1.4001E+02 / 1.4001E+02   
7950   1.000E-04   1.4167E+02   1.4167E+02   1.4167E+02 / 1.4167E+02   
7960   1.000E-04   1.4089E+02   1.4089E+02   1.4089E+02 / 1.4089E+02   
7970   1.000E-04   1.4197E+02   1.4197E+02   1.4197E+02 / 1.4197E+02   
7980   1.000E-04   1.4014E+02   1.4014E+02   1.4014E+02 / 1.4014E+02   
7990   1.000E-04   1.4155E+02   1.4155E+02   1.4155E+02 / 1.4155E+02   
8000   1.000E-04   1.4015E+02   1.4015E+02   1.4015E+02 / 1.4015E+02   
8010   1.000E-04   1.3989E+02   1.3989E+02   1.3989E+02 / 1.3989E+02   
8020   1.000E-04   1.4079E+02   1.4079E+02   1.4079E+02 / 1.4079E+02   
8030   1.000E-04   1.3999E+02   1.3999E+02   1.3999E+02 / 1.3999E+02   
8040   1.000E-04   1.3999E+02   1.3999E+02   1.3999E+02 / 1.3999E+02   
8050   1.000E-04   1.3988E+02   1.3988E+02   1.3988E+02 / 1.3988E+02   
8060   1.000E-04   1.4001E+02   1.4001E+02   1.4001E+02 / 1.4001E+02   
8070   1.000E-04   1.3997E+02   1.3997E+02   1.3997E+02 / 1.3997E+02   
8080   1.000E-04   1.4033E+02   1.4033E+02   1.4033E+02 / 1.4033E+02   
8090   1.000E-04   1.3988E+02   1.3988E+02   1.3988E+02 / 1.3988E+02   
8100   1.000E-04   1.4010E+02   1.4010E+02   1.4010E+02 / 1.4010E+02   
8110   1.000E-04   1.4019E+02   1.4019E+02   1.4019E+02 / 1.4019E+02   
8120   1.000E-04   1.4193E+02   1.4193E+02   1.4193E+02 / 1.4193E+02   
8130   1.000E-04   1.3988E+02   1.3988E+02   1.3988E+02 / 1.3988E+02   
8140   1.000E-04   1.3986E+02   1.3986E+02   1.3986E+02 / 1.3986E+02   
8150   1.000E-04   1.4003E+02   1.4003E+02   1.4003E+02 / 1.4003E+02   
8160   1.000E-04   1.4359E+02   1.4359E+02   1.4359E+02 / 1.4359E+02   
8170   1.000E-04   1.4054E+02   1.4054E+02   1.4054E+02 / 1.4054E+02   
8180   1.000E-04   1.4004E+02   1.4004E+02   1.4004E+02 / 1.4004E+02   
8190   1.000E-04   1.3980E+02   1.3980E+02   1.3980E+02 / 1.3980E+02   
8200   1.000E-04   1.4010E+02   1.4010E+02   1.4010E+02 / 1.4010E+02   
8210   1.000E-04   1.4066E+02   1.4066E+02   1.4066E+02 / 1.4066E+02   
8220   1.000E-04   1.3982E+02   1.3982E+02   1.3982E+02 / 1.3982E+02   
8230   1.000E-04   1.5446E+02   1.5446E+02   1.5446E+02 / 1.5446E+02   
8240   1.000E-04   1.3995E+02   1.3995E+02   1.3995E+02 / 1.3995E+02   
8250   1.000E-04   1.3974E+02   1.3974E+02   1.3974E+02 / 1.3974E+02   
8260   1.000E-04   1.4191E+02   1.4191E+02   1.4191E+02 / 1.4191E+02   
8270   1.000E-04   1.4006E+02   1.4006E+02   1.4006E+02 / 1.4006E+02   
8280   1.000E-04   1.4376E+02   1.4376E+02   1.4376E+02 / 1.4376E+02   
8290   1.000E-04   1.4001E+02   1.4001E+02   1.4001E+02 / 1.4001E+02   
8300   1.000E-04   1.3981E+02   1.3981E+02   1.3981E+02 / 1.3981E+02   
8310   1.000E-04   1.3998E+02   1.3998E+02   1.3998E+02 / 1.3998E+02   
8320   1.000E-04   1.4225E+02   1.4225E+02   1.4225E+02 / 1.4225E+02   
8330   1.000E-04   1.3968E+02   1.3968E+02   1.3968E+02 / 1.3968E+02   
8340   1.000E-04   1.3969E+02   1.3969E+02   1.3969E+02 / 1.3969E+02   
8350   1.000E-04   1.3964E+02   1.3964E+02   1.3964E+02 / 1.3964E+02   
8360   1.000E-04   1.3981E+02   1.3981E+02   1.3981E+02 / 1.3981E+02   
8370   1.000E-04   1.4103E+02   1.4103E+02   1.4103E+02 / 1.4103E+02   
8380   1.000E-04   1.3995E+02   1.3995E+02   1.3995E+02 / 1.3995E+02   
8390   1.000E-04   1.4043E+02   1.4043E+02   1.4043E+02 / 1.4043E+02   
8400   1.000E-04   1.3967E+02   1.3967E+02   1.3967E+02 / 1.3967E+02   
8410   1.000E-04   1.4121E+02   1.4121E+02   1.4121E+02 / 1.4121E+02   
8420   1.000E-04   1.3973E+02   1.3973E+02   1.3973E+02 / 1.3973E+02   
8430   1.000E-04   1.4397E+02   1.4397E+02   1.4397E+02 / 1.4397E+02   
8440   1.000E-04   1.4012E+02   1.4012E+02   1.4012E+02 / 1.4012E+02   
8450   1.000E-04   1.4149E+02   1.4149E+02   1.4149E+02 / 1.4149E+02   
8460   1.000E-04   1.3955E+02   1.3955E+02   1.3955E+02 / 1.3955E+02   
8470   1.000E-04   1.3965E+02   1.3965E+02   1.3965E+02 / 1.3965E+02   
8480   1.000E-04   1.4110E+02   1.4110E+02   1.4110E+02 / 1.4110E+02   
8490   1.000E-04   1.4014E+02   1.4014E+02   1.4014E+02 / 1.4014E+02   
8500   1.000E-04   1.3977E+02   1.3977E+02   1.3977E+02 / 1.3977E+02   
8510   1.000E-04   1.4145E+02   1.4145E+02   1.4145E+02 / 1.4145E+02   
8520   1.000E-04   1.3952E+02   1.3952E+02   1.3952E+02 / 1.3952E+02   
8530   1.000E-04   1.4004E+02   1.4004E+02   1.4004E+02 / 1.4004E+02   
8540   1.000E-04   1.3960E+02   1.3960E+02   1.3960E+02 / 1.3960E+02   
8550   1.000E-04   1.3962E+02   1.3962E+02   1.3962E+02 / 1.3962E+02   
8560   1.000E-04   1.3947E+02   1.3947E+02   1.3947E+02 / 1.3947E+02   
8570   1.000E-04   1.3976E+02   1.3976E+02   1.3976E+02 / 1.3976E+02   
8580   1.000E-04   1.3943E+02   1.3943E+02   1.3943E+02 / 1.3943E+02   
8590   1.000E-04   1.4034E+02   1.4034E+02   1.4034E+02 / 1.4034E+02   
8600   1.000E-04   1.4052E+02   1.4052E+02   1.4052E+02 / 1.4052E+02   
8610   1.000E-04   1.3950E+02   1.3950E+02   1.3950E+02 / 1.3950E+02   
8620   1.000E-04   1.3989E+02   1.3989E+02   1.3989E+02 / 1.3989E+02   
8630   1.000E-04   1.3962E+02   1.3962E+02   1.3962E+02 / 1.3962E+02   
8640   1.000E-04   1.4001E+02   1.4001E+02   1.4001E+02 / 1.4001E+02   
8650   1.000E-04   1.3994E+02   1.3994E+02   1.3994E+02 / 1.3994E+02   
8660   1.000E-04   1.3939E+02   1.3939E+02   1.3939E+02 / 1.3939E+02   
8670   1.000E-04   1.4343E+02   1.4343E+02   1.4343E+02 / 1.4343E+02   
8680   1.000E-04   1.3972E+02   1.3972E+02   1.3972E+02 / 1.3972E+02   
8690   1.000E-04   1.3942E+02   1.3942E+02   1.3942E+02 / 1.3942E+02   
8700   1.000E-04   1.4022E+02   1.4022E+02   1.4022E+02 / 1.4022E+02   
8710   1.000E-04   1.3987E+02   1.3987E+02   1.3987E+02 / 1.3987E+02   
8720   1.000E-04   1.3934E+02   1.3934E+02   1.3934E+02 / 1.3934E+02   
8730   1.000E-04   1.4014E+02   1.4014E+02   1.4014E+02 / 1.4014E+02   
8740   1.000E-04   1.3937E+02   1.3937E+02   1.3937E+02 / 1.3937E+02   
8750   1.000E-04   1.3979E+02   1.3979E+02   1.3979E+02 / 1.3979E+02   
8760   1.000E-04   1.3953E+02   1.3953E+02   1.3953E+02 / 1.3953E+02   
8770   1.000E-04   1.4170E+02   1.4170E+02   1.4170E+02 / 1.4170E+02   
8780   1.000E-04   1.4213E+02   1.4213E+02   1.4213E+02 / 1.4213E+02   
8790   1.000E-04   1.4086E+02   1.4086E+02   1.4086E+02 / 1.4086E+02   
8800   1.000E-04   1.3935E+02   1.3935E+02   1.3935E+02 / 1.3935E+02   
8810   1.000E-04   1.3925E+02   1.3925E+02   1.3925E+02 / 1.3925E+02   
8820   1.000E-04   1.3976E+02   1.3976E+02   1.3976E+02 / 1.3976E+02   
8830   1.000E-04   1.3953E+02   1.3953E+02   1.3953E+02 / 1.3953E+02   
8840   1.000E-04   1.4018E+02   1.4018E+02   1.4018E+02 / 1.4018E+02   
8850   1.000E-04   1.3937E+02   1.3937E+02   1.3937E+02 / 1.3937E+02   
8860   1.000E-04   1.3952E+02   1.3952E+02   1.3952E+02 / 1.3952E+02   
8870   1.000E-04   1.3922E+02   1.3922E+02   1.3922E+02 / 1.3922E+02   
8880   1.000E-04   1.4424E+02   1.4424E+02   1.4424E+02 / 1.4424E+02   
8890   1.000E-04   1.3927E+02   1.3927E+02   1.3927E+02 / 1.3927E+02   
8900   1.000E-04   1.3964E+02   1.3964E+02   1.3964E+02 / 1.3964E+02   
8910   1.000E-04   1.3926E+02   1.3926E+02   1.3926E+02 / 1.3926E+02   
8920   1.000E-04   1.3924E+02   1.3924E+02   1.3924E+02 / 1.3924E+02   
8930   1.000E-04   1.3950E+02   1.3950E+02   1.3950E+02 / 1.3950E+02   
8940   1.000E-04   1.4071E+02   1.4071E+02   1.4071E+02 / 1.4071E+02   
8950   1.000E-04   1.4347E+02   1.4347E+02   1.4347E+02 / 1.4347E+02   
8960   1.000E-04   1.3925E+02   1.3925E+02   1.3925E+02 / 1.3925E+02   
8970   1.000E-04   1.3927E+02   1.3927E+02   1.3927E+02 / 1.3927E+02   
8980   1.000E-04   1.4294E+02   1.4294E+02   1.4294E+02 / 1.4294E+02   
8990   1.000E-04   1.4945E+02   1.4945E+02   1.4945E+02 / 1.4945E+02   
9000   1.000E-04   1.3926E+02   1.3926E+02   1.3926E+02 / 1.3926E+02   
9010   1.000E-04   1.3974E+02   1.3974E+02   1.3974E+02 / 1.3974E+02   
9020   1.000E-04   1.3933E+02   1.3933E+02   1.3933E+02 / 1.3933E+02   
9030   1.000E-04   1.3914E+02   1.3914E+02   1.3914E+02 / 1.3914E+02   
9040   1.000E-04   1.3907E+02   1.3907E+02   1.3907E+02 / 1.3907E+02   
9050   1.000E-04   1.3918E+02   1.3918E+02   1.3918E+02 / 1.3918E+02   
9060   1.000E-04   1.3940E+02   1.3940E+02   1.3940E+02 / 1.3940E+02   
9070   1.000E-04   1.3929E+02   1.3929E+02   1.3929E+02 / 1.3929E+02   
9080   1.000E-04   1.3917E+02   1.3917E+02   1.3917E+02 / 1.3917E+02   
9090   1.000E-04   1.3923E+02   1.3923E+02   1.3923E+02 / 1.3923E+02   
9100   1.000E-04   1.3946E+02   1.3946E+02   1.3946E+02 / 1.3946E+02   
9110   1.000E-04   1.3912E+02   1.3912E+02   1.3912E+02 / 1.3912E+02   
9120   1.000E-04   1.3911E+02   1.3911E+02   1.3911E+02 / 1.3911E+02   
9130   1.000E-04   1.3934E+02   1.3934E+02   1.3934E+02 / 1.3934E+02   
9140   1.000E-04   1.3915E+02   1.3915E+02   1.3915E+02 / 1.3915E+02   
9150   1.000E-04   1.3949E+02   1.3949E+02   1.3949E+02 / 1.3949E+02   
9160   1.000E-04   1.3911E+02   1.3911E+02   1.3911E+02 / 1.3911E+02   
9170   1.000E-04   1.3948E+02   1.3948E+02   1.3948E+02 / 1.3948E+02   
9180   1.000E-04   1.3911E+02   1.3911E+02   1.3911E+02 / 1.3911E+02   
9190   1.000E-04   1.4530E+02   1.4530E+02   1.4530E+02 / 1.4530E+02   
9200   1.000E-04   1.3942E+02   1.3942E+02   1.3942E+02 / 1.3942E+02   
9210   1.000E-04   1.3911E+02   1.3911E+02   1.3911E+02 / 1.3911E+02   
9220   1.000E-04   1.4042E+02   1.4042E+02   1.4042E+02 / 1.4042E+02   
9230   1.000E-04   1.3988E+02   1.3988E+02   1.3988E+02 / 1.3988E+02   
9240   1.000E-04   1.3929E+02   1.3929E+02   1.3929E+02 / 1.3929E+02   
9250   1.000E-04   1.3957E+02   1.3957E+02   1.3957E+02 / 1.3957E+02   
9260   1.000E-04   1.3899E+02   1.3899E+02   1.3899E+02 / 1.3899E+02   
9270   1.000E-04   1.3923E+02   1.3923E+02   1.3923E+02 / 1.3923E+02   
9280   1.000E-04   1.4358E+02   1.4358E+02   1.4358E+02 / 1.4358E+02   
9290   1.000E-04   1.3901E+02   1.3901E+02   1.3901E+02 / 1.3901E+02   
9300   1.000E-04   1.4015E+02   1.4015E+02   1.4015E+02 / 1.4015E+02   
9310   1.000E-04   1.4310E+02   1.4310E+02   1.4310E+02 / 1.4310E+02   
9320   1.000E-04   1.5177E+02   1.5177E+02   1.5177E+02 / 1.5177E+02   
9330   1.000E-04   1.3897E+02   1.3897E+02   1.3897E+02 / 1.3897E+02   
9340   1.000E-04   1.4053E+02   1.4053E+02   1.4053E+02 / 1.4053E+02   
9350   1.000E-04   1.3891E+02   1.3891E+02   1.3891E+02 / 1.3891E+02   
9360   1.000E-04   1.3967E+02   1.3967E+02   1.3967E+02 / 1.3967E+02   
9370   1.000E-04   1.3892E+02   1.3892E+02   1.3892E+02 / 1.3892E+02   
9380   1.000E-04   1.3896E+02   1.3896E+02   1.3896E+02 / 1.3896E+02   
9390   1.000E-04   1.3953E+02   1.3953E+02   1.3953E+02 / 1.3953E+02   
9400   1.000E-04   1.3886E+02   1.3886E+02   1.3886E+02 / 1.3886E+02   
9410   1.000E-04   1.3918E+02   1.3918E+02   1.3918E+02 / 1.3918E+02   
9420   1.000E-04   1.5289E+02   1.5289E+02   1.5289E+02 / 1.5289E+02   
9430   1.000E-04   1.3906E+02   1.3906E+02   1.3906E+02 / 1.3906E+02   
9440   1.000E-04   1.3904E+02   1.3904E+02   1.3904E+02 / 1.3904E+02   
9450   1.000E-04   1.4070E+02   1.4070E+02   1.4070E+02 / 1.4070E+02   
9460   1.000E-04   1.3887E+02   1.3887E+02   1.3887E+02 / 1.3887E+02   
9470   1.000E-04   1.3881E+02   1.3881E+02   1.3881E+02 / 1.3881E+02   
9480   1.000E-04   1.3883E+02   1.3883E+02   1.3883E+02 / 1.3883E+02   
9490   1.000E-04   1.3877E+02   1.3877E+02   1.3877E+02 / 1.3877E+02   
9500   1.000E-04   1.4065E+02   1.4065E+02   1.4065E+02 / 1.4065E+02   
9510   1.000E-04   1.3936E+02   1.3936E+02   1.3936E+02 / 1.3936E+02   
9520   1.000E-04   1.4013E+02   1.4013E+02   1.4013E+02 / 1.4013E+02   
9530   1.000E-04   1.3880E+02   1.3880E+02   1.3880E+02 / 1.3880E+02   
9540   1.000E-04   1.5108E+02   1.5108E+02   1.5108E+02 / 1.5108E+02   
9550   1.000E-04   1.3909E+02   1.3909E+02   1.3909E+02 / 1.3909E+02   
9560   1.000E-04   1.5182E+02   1.5182E+02   1.5182E+02 / 1.5182E+02   
9570   1.000E-04   1.3901E+02   1.3901E+02   1.3901E+02 / 1.3901E+02   
9580   1.000E-04   1.5029E+02   1.5029E+02   1.5029E+02 / 1.5029E+02   
9590   1.000E-04   1.3955E+02   1.3955E+02   1.3955E+02 / 1.3955E+02   
9600   1.000E-04   1.3903E+02   1.3903E+02   1.3903E+02 / 1.3903E+02   
9610   1.000E-04   1.3879E+02   1.3879E+02   1.3879E+02 / 1.3879E+02   
9620   1.000E-04   1.3890E+02   1.3890E+02   1.3890E+02 / 1.3890E+02   
9630   1.000E-04   1.3885E+02   1.3885E+02   1.3885E+02 / 1.3885E+02   
9640   1.000E-04   1.3888E+02   1.3888E+02   1.3888E+02 / 1.3888E+02   
9650   1.000E-04   1.3879E+02   1.3879E+02   1.3879E+02 / 1.3879E+02   
9660   1.000E-04   1.3907E+02   1.3907E+02   1.3907E+02 / 1.3907E+02   
9670   1.000E-04   1.3874E+02   1.3874E+02   1.3874E+02 / 1.3874E+02   
9680   1.000E-04   1.3870E+02   1.3870E+02   1.3870E+02 / 1.3870E+02   
9690   1.000E-04   1.3867E+02   1.3867E+02   1.3867E+02 / 1.3867E+02   
9700   1.000E-04   1.3884E+02   1.3884E+02   1.3884E+02 / 1.3884E+02   
9710   1.000E-04   1.5083E+02   1.5083E+02   1.5083E+02 / 1.5083E+02   
9720   1.000E-04   1.4035E+02   1.4035E+02   1.4035E+02 / 1.4035E+02   
9730   1.000E-04   1.4063E+02   1.4063E+02   1.4063E+02 / 1.4063E+02   
9740   1.000E-04   1.3981E+02   1.3981E+02   1.3981E+02 / 1.3981E+02   
9750   1.000E-04   1.3870E+02   1.3870E+02   1.3870E+02 / 1.3870E+02   
9760   1.000E-04   1.3866E+02   1.3866E+02   1.3866E+02 / 1.3866E+02   
9770   1.000E-04   1.3944E+02   1.3944E+02   1.3944E+02 / 1.3944E+02   
9780   1.000E-04   1.3892E+02   1.3892E+02   1.3892E+02 / 1.3892E+02   
9790   1.000E-04   1.3876E+02   1.3876E+02   1.3876E+02 / 1.3876E+02   
9800   1.000E-04   1.3864E+02   1.3864E+02   1.3864E+02 / 1.3864E+02   
9810   1.000E-04   1.3865E+02   1.3865E+02   1.3865E+02 / 1.3865E+02   
9820   1.000E-04   1.4505E+02   1.4505E+02   1.4505E+02 / 1.4505E+02   
9830   1.000E-04   1.3889E+02   1.3889E+02   1.3889E+02 / 1.3889E+02   
9840   1.000E-04   1.3918E+02   1.3918E+02   1.3918E+02 / 1.3918E+02   
9850   1.000E-04   1.4153E+02   1.4153E+02   1.4153E+02 / 1.4153E+02   
9860   1.000E-04   1.3873E+02   1.3873E+02   1.3873E+02 / 1.3873E+02   
9870   1.000E-04   1.3875E+02   1.3875E+02   1.3875E+02 / 1.3875E+02   
9880   1.000E-04   1.3857E+02   1.3857E+02   1.3857E+02 / 1.3857E+02   
9890   1.000E-04   1.3880E+02   1.3880E+02   1.3880E+02 / 1.3880E+02   
9900   1.000E-04   1.3963E+02   1.3963E+02   1.3963E+02 / 1.3963E+02   
9910   1.000E-04   1.4211E+02   1.4211E+02   1.4211E+02 / 1.4211E+02   
9920   1.000E-04   1.3871E+02   1.3871E+02   1.3871E+02 / 1.3871E+02   
9930   1.000E-04   1.3872E+02   1.3872E+02   1.3872E+02 / 1.3872E+02   
9940   1.000E-04   1.3865E+02   1.3865E+02   1.3865E+02 / 1.3865E+02   
9950   1.000E-04   1.3879E+02   1.3879E+02   1.3879E+02 / 1.3879E+02   
9960   1.000E-04   1.3958E+02   1.3958E+02   1.3958E+02 / 1.3958E+02   
9970   1.000E-04   1.3845E+02   1.3845E+02   1.3845E+02 / 1.3845E+02   
9980   1.000E-04   1.3847E+02   1.3847E+02   1.3847E+02 / 1.3847E+02   
9990   1.000E-04   1.3848E+02   1.3848E+02   1.3848E+02 / 1.3848E+02   
10000   1.000E-04   1.3841E+02   1.3841E+02   1.3841E+02 / 1.3841E+02   
===============================================================================================================
Saved model to models/fp_memorization/KCNN-24May07_10:23:40.pickle
