=====> WARNING: Training dataset length: 0, assuming memorization test!
========== Dataset info ==========
Dataset params: {'file': '/home/ryley/WDK/ML/dataset/turbulence_dataset_clean.csv', 'Cases': ['fp_3630'], 'val_set': ['fp_3630'], 'test_set': ['fp_3630'], 'data_loader': <class 'tbnn.dataloaders.kDataset'>}
Train/Valid/Test points: 168 / 168 / 168
Memorization?: True
Cluster training?: False
EPOCH     LR        TRAIN         VALID             MSE:T/V                  RL:T/V             %NR_t/%NR_v
===============================================================================================================
  1   5.000E-04   2.4429E+02   2.4429E+02   2.4429E+02 / 2.4429E+02   
 10   5.000E-04   1.9645E+02   1.9645E+02   1.9645E+02 / 1.9645E+02   
 20   5.000E-04   1.3262E+02   1.3262E+02   1.3262E+02 / 1.3262E+02   
 30   5.000E-04   7.5591E+01   7.5591E+01   7.5591E+01 / 7.5591E+01   
 40   5.000E-04   7.6117E+01   7.6117E+01   7.6117E+01 / 7.6117E+01   
 50   5.000E-04   7.2217E+01   7.2217E+01   7.2217E+01 / 7.2217E+01   
 60   5.000E-04   7.2948E+01   7.2948E+01   7.2948E+01 / 7.2948E+01   
 70   5.000E-04   7.0963E+01   7.0963E+01   7.0963E+01 / 7.0963E+01   
 80   5.000E-04   7.0259E+01   7.0259E+01   7.0259E+01 / 7.0259E+01   
 90   5.000E-04   7.0014E+01   7.0014E+01   7.0014E+01 / 7.0014E+01   
100   5.000E-04   7.0345E+01   7.0345E+01   7.0345E+01 / 7.0345E+01   
110   5.000E-04   7.0585E+01   7.0585E+01   7.0585E+01 / 7.0585E+01   
120   5.000E-04   6.9584E+01   6.9584E+01   6.9584E+01 / 6.9584E+01   
130   5.000E-04   6.9760E+01   6.9760E+01   6.9760E+01 / 6.9760E+01   
140   5.000E-04   6.9461E+01   6.9461E+01   6.9461E+01 / 6.9461E+01   
150   5.000E-04   6.9376E+01   6.9376E+01   6.9376E+01 / 6.9376E+01   
160   5.000E-04   6.9450E+01   6.9450E+01   6.9450E+01 / 6.9450E+01   
170   5.000E-04   7.0303E+01   7.0303E+01   7.0303E+01 / 7.0303E+01   
180   5.000E-04   6.9357E+01   6.9357E+01   6.9357E+01 / 6.9357E+01   
190   5.000E-04   6.9275E+01   6.9275E+01   6.9275E+01 / 6.9275E+01   
200   5.000E-04   6.9325E+01   6.9325E+01   6.9325E+01 / 6.9325E+01   
210   5.000E-04   6.9170E+01   6.9170E+01   6.9170E+01 / 6.9170E+01   
220   5.000E-04   7.0058E+01   7.0058E+01   7.0058E+01 / 7.0058E+01   
230   5.000E-04   6.8943E+01   6.8943E+01   6.8943E+01 / 6.8943E+01   
240   5.000E-04   6.8888E+01   6.8888E+01   6.8888E+01 / 6.8888E+01   
250   5.000E-04   6.8901E+01   6.8901E+01   6.8901E+01 / 6.8901E+01   
260   5.000E-04   7.3010E+01   7.3010E+01   7.3010E+01 / 7.3010E+01   
270   5.000E-04   6.8828E+01   6.8828E+01   6.8828E+01 / 6.8828E+01   
280   5.000E-04   6.8892E+01   6.8892E+01   6.8892E+01 / 6.8892E+01   
290   5.000E-04   6.8752E+01   6.8752E+01   6.8752E+01 / 6.8752E+01   
300   5.000E-04   6.8876E+01   6.8876E+01   6.8876E+01 / 6.8876E+01   
310   5.000E-04   6.8899E+01   6.8899E+01   6.8899E+01 / 6.8899E+01   
320   5.000E-04   6.8832E+01   6.8832E+01   6.8832E+01 / 6.8832E+01   
330   5.000E-04   6.9515E+01   6.9515E+01   6.9515E+01 / 6.9515E+01   
340   5.000E-04   6.9354E+01   6.9354E+01   6.9354E+01 / 6.9354E+01   
350   5.000E-04   6.8565E+01   6.8565E+01   6.8565E+01 / 6.8565E+01   
360   5.000E-04   6.9059E+01   6.9059E+01   6.9059E+01 / 6.9059E+01   
370   5.000E-04   6.8661E+01   6.8661E+01   6.8661E+01 / 6.8661E+01   
380   5.000E-04   7.0295E+01   7.0295E+01   7.0295E+01 / 7.0295E+01   
390   5.000E-04   6.8469E+01   6.8469E+01   6.8469E+01 / 6.8469E+01   
400   5.000E-04   6.8479E+01   6.8479E+01   6.8479E+01 / 6.8479E+01   
410   5.000E-04   6.8478E+01   6.8478E+01   6.8478E+01 / 6.8478E+01   
420   5.000E-04   6.8411E+01   6.8411E+01   6.8411E+01 / 6.8411E+01   
430   5.000E-04   6.8492E+01   6.8492E+01   6.8492E+01 / 6.8492E+01   
440   5.000E-04   6.8374E+01   6.8374E+01   6.8374E+01 / 6.8374E+01   
450   5.000E-04   6.8453E+01   6.8453E+01   6.8453E+01 / 6.8453E+01   
460   5.000E-04   6.8433E+01   6.8433E+01   6.8433E+01 / 6.8433E+01   
470   5.000E-04   6.8350E+01   6.8350E+01   6.8350E+01 / 6.8350E+01   
480   5.000E-04   6.8473E+01   6.8473E+01   6.8473E+01 / 6.8473E+01   
490   5.000E-04   6.8731E+01   6.8731E+01   6.8731E+01 / 6.8731E+01   
500   5.000E-04   6.8794E+01   6.8794E+01   6.8794E+01 / 6.8794E+01   
510   5.000E-04   6.9205E+01   6.9205E+01   6.9205E+01 / 6.9205E+01   
520   5.000E-04   6.9127E+01   6.9127E+01   6.9127E+01 / 6.9127E+01   
530   5.000E-04   6.8689E+01   6.8689E+01   6.8689E+01 / 6.8689E+01   
540   5.000E-04   6.8780E+01   6.8780E+01   6.8780E+01 / 6.8780E+01   
550   5.000E-04   6.8991E+01   6.8991E+01   6.8991E+01 / 6.8991E+01   
560   5.000E-04   6.8456E+01   6.8456E+01   6.8456E+01 / 6.8456E+01   
570   5.000E-04   6.8685E+01   6.8685E+01   6.8685E+01 / 6.8685E+01   
580   5.000E-04   6.8603E+01   6.8603E+01   6.8603E+01 / 6.8603E+01   
590   5.000E-04   6.8326E+01   6.8326E+01   6.8326E+01 / 6.8326E+01   
600   5.000E-04   6.8366E+01   6.8366E+01   6.8366E+01 / 6.8366E+01   
610   5.000E-04   6.8954E+01   6.8954E+01   6.8954E+01 / 6.8954E+01   
620   5.000E-04   6.8291E+01   6.8291E+01   6.8291E+01 / 6.8291E+01   
630   5.000E-04   6.8275E+01   6.8275E+01   6.8275E+01 / 6.8275E+01   
640   5.000E-04   6.8344E+01   6.8344E+01   6.8344E+01 / 6.8344E+01   
650   5.000E-04   6.8437E+01   6.8437E+01   6.8437E+01 / 6.8437E+01   
660   5.000E-04   6.8822E+01   6.8822E+01   6.8822E+01 / 6.8822E+01   
670   5.000E-04   6.8388E+01   6.8388E+01   6.8388E+01 / 6.8388E+01   
680   5.000E-04   6.8343E+01   6.8343E+01   6.8343E+01 / 6.8343E+01   
690   5.000E-04   6.8570E+01   6.8570E+01   6.8570E+01 / 6.8570E+01   
700   5.000E-04   6.8358E+01   6.8358E+01   6.8358E+01 / 6.8358E+01   
710   5.000E-04   6.8358E+01   6.8358E+01   6.8358E+01 / 6.8358E+01   
720   5.000E-04   6.8625E+01   6.8625E+01   6.8625E+01 / 6.8625E+01   
730   5.000E-04   6.8344E+01   6.8344E+01   6.8344E+01 / 6.8344E+01   
740   5.000E-04   6.8402E+01   6.8402E+01   6.8402E+01 / 6.8402E+01   
750   5.000E-04   6.8216E+01   6.8216E+01   6.8216E+01 / 6.8216E+01   
760   5.000E-04   6.8197E+01   6.8197E+01   6.8197E+01 / 6.8197E+01   
770   5.000E-04   6.8221E+01   6.8221E+01   6.8221E+01 / 6.8221E+01   
780   5.000E-04   6.8221E+01   6.8221E+01   6.8221E+01 / 6.8221E+01   
790   5.000E-04   6.8478E+01   6.8478E+01   6.8478E+01 / 6.8478E+01   
800   5.000E-04   6.8278E+01   6.8278E+01   6.8278E+01 / 6.8278E+01   
810   5.000E-04   6.8269E+01   6.8269E+01   6.8269E+01 / 6.8269E+01   
820   5.000E-04   6.8200E+01   6.8200E+01   6.8200E+01 / 6.8200E+01   
830   5.000E-04   6.8167E+01   6.8167E+01   6.8167E+01 / 6.8167E+01   
840   5.000E-04   6.8231E+01   6.8231E+01   6.8231E+01 / 6.8231E+01   
850   5.000E-04   6.9008E+01   6.9008E+01   6.9008E+01 / 6.9008E+01   
860   5.000E-04   6.8728E+01   6.8728E+01   6.8728E+01 / 6.8728E+01   
870   5.000E-04   6.8258E+01   6.8258E+01   6.8258E+01 / 6.8258E+01   
880   5.000E-04   6.8837E+01   6.8837E+01   6.8837E+01 / 6.8837E+01   
890   5.000E-04   6.8814E+01   6.8814E+01   6.8814E+01 / 6.8814E+01   
900   5.000E-04   6.8706E+01   6.8706E+01   6.8706E+01 / 6.8706E+01   
910   5.000E-04   6.8948E+01   6.8948E+01   6.8948E+01 / 6.8948E+01   
920   5.000E-04   6.8429E+01   6.8429E+01   6.8429E+01 / 6.8429E+01   
930   5.000E-04   6.8169E+01   6.8169E+01   6.8169E+01 / 6.8169E+01   
940   5.000E-04   6.8641E+01   6.8641E+01   6.8641E+01 / 6.8641E+01   
950   5.000E-04   6.8246E+01   6.8246E+01   6.8246E+01 / 6.8246E+01   
960   5.000E-04   6.8418E+01   6.8418E+01   6.8418E+01 / 6.8418E+01   
970   5.000E-04   6.8618E+01   6.8618E+01   6.8618E+01 / 6.8618E+01   
980   5.000E-04   6.8351E+01   6.8351E+01   6.8351E+01 / 6.8351E+01   
990   5.000E-04   6.8214E+01   6.8214E+01   6.8214E+01 / 6.8214E+01   
1000   5.000E-04   6.8169E+01   6.8169E+01   6.8169E+01 / 6.8169E+01   
===============================================================================================================
Saved model to models/fp_memorization/KCNN-24May07_10:58:56.pickle
