=====> WARNING: Training dataset length: 0, assuming memorization test!
========== Dataset info ==========
Dataset params: {'file': '/home/ryley/WDK/ML/dataset/turbulence_dataset_clean.csv', 'Cases': ['fp_3630'], 'val_set': ['fp_3630'], 'test_set': ['fp_3630'], 'data_loader': <class 'tbnn.dataloaders.kDataset'>}
Train/Valid/Test points: 168 / 168 / 168
Memorization?: True
Cluster training?: False
EPOCH     LR        TRAIN         VALID             MSE:T/V                  RL:T/V             %NR_t/%NR_v
===============================================================================================================
  1   5.000E-04   1.6097E+02   1.6097E+02   1.6097E+02 / 1.6097E+02   
 10   5.000E-04   8.4280E+01   8.4280E+01   8.4280E+01 / 8.4280E+01   
 20   5.000E-04   6.5703E+01   6.5703E+01   6.5703E+01 / 6.5703E+01   
 30   5.000E-04   6.5517E+01   6.5517E+01   6.5517E+01 / 6.5517E+01   
 40   5.000E-04   6.5587E+01   6.5587E+01   6.5587E+01 / 6.5587E+01   
 50   5.000E-04   6.5509E+01   6.5509E+01   6.5509E+01 / 6.5509E+01   
 60   5.000E-04   6.5706E+01   6.5706E+01   6.5706E+01 / 6.5706E+01   
 70   5.000E-04   6.5536E+01   6.5536E+01   6.5536E+01 / 6.5536E+01   
 80   5.000E-04   6.5719E+01   6.5719E+01   6.5719E+01 / 6.5719E+01   
 90   5.000E-04   6.5492E+01   6.5492E+01   6.5492E+01 / 6.5492E+01   
100   5.000E-04   6.5645E+01   6.5645E+01   6.5645E+01 / 6.5645E+01   
===============================================================================================================
Saved model to models/fp_memorization/KCNN-24May07_09:54:13.pickle
