=====> WARNING: Training dataset length: 0, assuming memorization test!
========== Dataset info ==========
Dataset params: {'file': '/home/ryley/WDK/ML/dataset/turbulence_dataset_clean.csv', 'Cases': ['fp_3630'], 'val_set': ['fp_3630'], 'test_set': ['fp_3630'], 'data_loader': <class 'tbnn.dataloaders.kDataset'>}
Train/Valid/Test points: 168 / 168 / 168
Memorization?: True
Cluster training?: False
EPOCH     LR        TRAIN         VALID             MSE:T/V                  RL:T/V             %NR_t/%NR_v
===============================================================================================================
  1   2.500E-04   2.9490E+02   2.9490E+02   2.9490E+02 / 2.9490E+02   
 10   2.500E-04   2.7917E+02   2.7917E+02   2.7917E+02 / 2.7917E+02   
 20   2.500E-04   2.5706E+02   2.5706E+02   2.5706E+02 / 2.5706E+02   
 30   2.500E-04   2.3483E+02   2.3483E+02   2.3483E+02 / 2.3483E+02   
 40   2.500E-04   2.2305E+02   2.2305E+02   2.2305E+02 / 2.2305E+02   
 50   2.500E-04   2.0179E+02   2.0179E+02   2.0179E+02 / 2.0179E+02   
 60   2.500E-04   1.7629E+02   1.7629E+02   1.7629E+02 / 1.7629E+02   
 70   2.500E-04   1.7456E+02   1.7456E+02   1.7456E+02 / 1.7456E+02   
 80   2.500E-04   1.7143E+02   1.7143E+02   1.7143E+02 / 1.7143E+02   
 90   2.500E-04   1.7124E+02   1.7124E+02   1.7124E+02 / 1.7124E+02   
100   2.500E-04   1.6942E+02   1.6942E+02   1.6942E+02 / 1.6942E+02   
110   2.500E-04   1.6888E+02   1.6888E+02   1.6888E+02 / 1.6888E+02   
120   2.500E-04   1.6743E+02   1.6743E+02   1.6743E+02 / 1.6743E+02   
130   2.500E-04   1.6684E+02   1.6684E+02   1.6684E+02 / 1.6684E+02   
140   2.500E-04   1.6656E+02   1.6656E+02   1.6656E+02 / 1.6656E+02   
150   2.500E-04   1.6558E+02   1.6558E+02   1.6558E+02 / 1.6558E+02   
160   2.500E-04   1.6520E+02   1.6520E+02   1.6520E+02 / 1.6520E+02   
170   2.500E-04   1.6620E+02   1.6620E+02   1.6620E+02 / 1.6620E+02   
180   2.500E-04   1.6446E+02   1.6446E+02   1.6446E+02 / 1.6446E+02   
190   2.500E-04   1.6402E+02   1.6402E+02   1.6402E+02 / 1.6402E+02   
200   2.500E-04   1.6353E+02   1.6353E+02   1.6353E+02 / 1.6353E+02   
210   2.500E-04   1.6338E+02   1.6338E+02   1.6338E+02 / 1.6338E+02   
220   2.500E-04   1.6293E+02   1.6293E+02   1.6293E+02 / 1.6293E+02   
230   2.500E-04   1.6276E+02   1.6276E+02   1.6276E+02 / 1.6276E+02   
240   2.500E-04   1.6227E+02   1.6227E+02   1.6227E+02 / 1.6227E+02   
250   2.500E-04   1.6232E+02   1.6232E+02   1.6232E+02 / 1.6232E+02   
260   2.500E-04   1.6624E+02   1.6624E+02   1.6624E+02 / 1.6624E+02   
270   2.500E-04   1.6154E+02   1.6154E+02   1.6154E+02 / 1.6154E+02   
280   2.500E-04   1.6123E+02   1.6123E+02   1.6123E+02 / 1.6123E+02   
290   2.500E-04   1.6078E+02   1.6078E+02   1.6078E+02 / 1.6078E+02   
300   2.500E-04   1.6063E+02   1.6063E+02   1.6063E+02 / 1.6063E+02   
310   2.500E-04   1.6068E+02   1.6068E+02   1.6068E+02 / 1.6068E+02   
320   2.500E-04   1.6027E+02   1.6027E+02   1.6027E+02 / 1.6027E+02   
330   2.500E-04   1.6047E+02   1.6047E+02   1.6047E+02 / 1.6047E+02   
340   2.500E-04   1.5949E+02   1.5949E+02   1.5949E+02 / 1.5949E+02   
350   2.500E-04   1.5973E+02   1.5973E+02   1.5973E+02 / 1.5973E+02   
360   2.500E-04   1.5935E+02   1.5935E+02   1.5935E+02 / 1.5935E+02   
370   2.500E-04   1.5855E+02   1.5855E+02   1.5855E+02 / 1.5855E+02   
380   2.500E-04   1.5813E+02   1.5813E+02   1.5813E+02 / 1.5813E+02   
390   2.500E-04   1.5873E+02   1.5873E+02   1.5873E+02 / 1.5873E+02   
400   2.500E-04   1.5888E+02   1.5888E+02   1.5888E+02 / 1.5888E+02   
410   2.500E-04   1.5784E+02   1.5784E+02   1.5784E+02 / 1.5784E+02   
420   2.500E-04   1.5969E+02   1.5969E+02   1.5969E+02 / 1.5969E+02   
430   2.500E-04   1.5834E+02   1.5834E+02   1.5834E+02 / 1.5834E+02   
440   2.500E-04   1.5685E+02   1.5685E+02   1.5685E+02 / 1.5685E+02   
450   2.500E-04   1.5637E+02   1.5637E+02   1.5637E+02 / 1.5637E+02   
460   2.500E-04   1.5616E+02   1.5616E+02   1.5616E+02 / 1.5616E+02   
470   2.500E-04   1.5593E+02   1.5593E+02   1.5593E+02 / 1.5593E+02   
480   2.500E-04   1.5545E+02   1.5545E+02   1.5545E+02 / 1.5545E+02   
490   2.500E-04   1.5517E+02   1.5517E+02   1.5517E+02 / 1.5517E+02   
500   2.500E-04   1.5572E+02   1.5572E+02   1.5572E+02 / 1.5572E+02   
510   2.500E-04   1.5527E+02   1.5527E+02   1.5527E+02 / 1.5527E+02   
520   2.500E-04   1.5376E+02   1.5376E+02   1.5376E+02 / 1.5376E+02   
530   2.500E-04   1.5470E+02   1.5470E+02   1.5470E+02 / 1.5470E+02   
540   2.500E-04   1.5407E+02   1.5407E+02   1.5407E+02 / 1.5407E+02   
550   2.500E-04   1.5514E+02   1.5514E+02   1.5514E+02 / 1.5514E+02   
560   2.500E-04   1.5480E+02   1.5480E+02   1.5480E+02 / 1.5480E+02   
570   2.500E-04   1.5295E+02   1.5295E+02   1.5295E+02 / 1.5295E+02   
580   2.500E-04   1.5209E+02   1.5209E+02   1.5209E+02 / 1.5209E+02   
590   2.500E-04   1.5170E+02   1.5170E+02   1.5170E+02 / 1.5170E+02   
600   2.500E-04   1.5630E+02   1.5630E+02   1.5630E+02 / 1.5630E+02   
610   2.500E-04   1.5230E+02   1.5230E+02   1.5230E+02 / 1.5230E+02   
620   2.500E-04   1.5265E+02   1.5265E+02   1.5265E+02 / 1.5265E+02   
630   2.500E-04   1.5164E+02   1.5164E+02   1.5164E+02 / 1.5164E+02   
640   2.500E-04   1.5053E+02   1.5053E+02   1.5053E+02 / 1.5053E+02   
650   2.500E-04   1.5069E+02   1.5069E+02   1.5069E+02 / 1.5069E+02   
660   2.500E-04   1.4962E+02   1.4962E+02   1.4962E+02 / 1.4962E+02   
670   2.500E-04   1.4981E+02   1.4981E+02   1.4981E+02 / 1.4981E+02   
680   2.500E-04   1.4930E+02   1.4930E+02   1.4930E+02 / 1.4930E+02   
690   2.500E-04   1.4909E+02   1.4909E+02   1.4909E+02 / 1.4909E+02   
700   2.500E-04   1.4879E+02   1.4879E+02   1.4879E+02 / 1.4879E+02   
710   2.500E-04   1.4868E+02   1.4868E+02   1.4868E+02 / 1.4868E+02   
720   2.500E-04   1.4860E+02   1.4860E+02   1.4860E+02 / 1.4860E+02   
730   2.500E-04   1.4820E+02   1.4820E+02   1.4820E+02 / 1.4820E+02   
740   2.500E-04   1.5434E+02   1.5434E+02   1.5434E+02 / 1.5434E+02   
750   2.500E-04   1.5184E+02   1.5184E+02   1.5184E+02 / 1.5184E+02   
760   2.500E-04   1.5045E+02   1.5045E+02   1.5045E+02 / 1.5045E+02   
770   2.500E-04   1.4815E+02   1.4815E+02   1.4815E+02 / 1.4815E+02   
780   2.500E-04   1.4905E+02   1.4905E+02   1.4905E+02 / 1.4905E+02   
790   2.500E-04   1.4784E+02   1.4784E+02   1.4784E+02 / 1.4784E+02   
800   2.500E-04   1.4777E+02   1.4777E+02   1.4777E+02 / 1.4777E+02   
810   2.500E-04   1.4741E+02   1.4741E+02   1.4741E+02 / 1.4741E+02   
820   2.500E-04   1.9176E+02   1.9176E+02   1.9176E+02 / 1.9176E+02   
830   2.500E-04   1.4770E+02   1.4770E+02   1.4770E+02 / 1.4770E+02   
840   2.500E-04   1.4790E+02   1.4790E+02   1.4790E+02 / 1.4790E+02   
850   2.500E-04   1.4730E+02   1.4730E+02   1.4730E+02 / 1.4730E+02   
860   2.500E-04   1.4712E+02   1.4712E+02   1.4712E+02 / 1.4712E+02   
870   2.500E-04   1.4698E+02   1.4698E+02   1.4698E+02 / 1.4698E+02   
880   2.500E-04   1.4752E+02   1.4752E+02   1.4752E+02 / 1.4752E+02   
890   2.500E-04   1.4711E+02   1.4711E+02   1.4711E+02 / 1.4711E+02   
900   2.500E-04   1.4773E+02   1.4773E+02   1.4773E+02 / 1.4773E+02   
910   2.500E-04   1.4679E+02   1.4679E+02   1.4679E+02 / 1.4679E+02   
920   2.500E-04   1.4747E+02   1.4747E+02   1.4747E+02 / 1.4747E+02   
930   2.500E-04   1.4670E+02   1.4670E+02   1.4670E+02 / 1.4670E+02   
940   2.500E-04   1.4710E+02   1.4710E+02   1.4710E+02 / 1.4710E+02   
950   2.500E-04   1.4656E+02   1.4656E+02   1.4656E+02 / 1.4656E+02   
960   2.500E-04   1.4689E+02   1.4689E+02   1.4689E+02 / 1.4689E+02   
970   2.500E-04   1.4709E+02   1.4709E+02   1.4709E+02 / 1.4709E+02   
980   2.500E-04   1.4647E+02   1.4647E+02   1.4647E+02 / 1.4647E+02   
990   2.500E-04   1.4678E+02   1.4678E+02   1.4678E+02 / 1.4678E+02   
1000   2.500E-04   1.4634E+02   1.4634E+02   1.4634E+02 / 1.4634E+02   
1010   2.500E-04   1.4661E+02   1.4661E+02   1.4661E+02 / 1.4661E+02   
1020   2.500E-04   1.4689E+02   1.4689E+02   1.4689E+02 / 1.4689E+02   
1030   2.500E-04   1.4622E+02   1.4622E+02   1.4622E+02 / 1.4622E+02   
1040   2.500E-04   1.4604E+02   1.4604E+02   1.4604E+02 / 1.4604E+02   
1050   2.500E-04   1.4598E+02   1.4598E+02   1.4598E+02 / 1.4598E+02   
1060   2.500E-04   1.4662E+02   1.4662E+02   1.4662E+02 / 1.4662E+02   
1070   2.500E-04   1.4701E+02   1.4701E+02   1.4701E+02 / 1.4701E+02   
1080   2.500E-04   1.4596E+02   1.4596E+02   1.4596E+02 / 1.4596E+02   
1090   2.500E-04   1.4627E+02   1.4627E+02   1.4627E+02 / 1.4627E+02   
1100   2.500E-04   1.4911E+02   1.4911E+02   1.4911E+02 / 1.4911E+02   
1110   2.500E-04   1.4938E+02   1.4938E+02   1.4938E+02 / 1.4938E+02   
1120   2.500E-04   1.4604E+02   1.4604E+02   1.4604E+02 / 1.4604E+02   
1130   2.500E-04   1.4641E+02   1.4641E+02   1.4641E+02 / 1.4641E+02   
1140   2.500E-04   1.4623E+02   1.4623E+02   1.4623E+02 / 1.4623E+02   
1150   2.500E-04   1.4772E+02   1.4772E+02   1.4772E+02 / 1.4772E+02   
1160   2.500E-04   1.4587E+02   1.4587E+02   1.4587E+02 / 1.4587E+02   
1170   2.500E-04   1.4581E+02   1.4581E+02   1.4581E+02 / 1.4581E+02   
1180   2.500E-04   1.4577E+02   1.4577E+02   1.4577E+02 / 1.4577E+02   
1190   2.500E-04   1.4597E+02   1.4597E+02   1.4597E+02 / 1.4597E+02   
1200   2.500E-04   1.4814E+02   1.4814E+02   1.4814E+02 / 1.4814E+02   
1210   2.500E-04   1.4578E+02   1.4578E+02   1.4578E+02 / 1.4578E+02   
1220   2.500E-04   1.4540E+02   1.4540E+02   1.4540E+02 / 1.4540E+02   
1230   2.500E-04   1.5625E+02   1.5625E+02   1.5625E+02 / 1.5625E+02   
1240   2.500E-04   1.4592E+02   1.4592E+02   1.4592E+02 / 1.4592E+02   
1250   2.500E-04   1.5104E+02   1.5104E+02   1.5104E+02 / 1.5104E+02   
1260   2.500E-04   1.4589E+02   1.4589E+02   1.4589E+02 / 1.4589E+02   
1270   2.500E-04   1.4549E+02   1.4549E+02   1.4549E+02 / 1.4549E+02   
1280   2.500E-04   1.4524E+02   1.4524E+02   1.4524E+02 / 1.4524E+02   
1290   2.500E-04   1.4555E+02   1.4555E+02   1.4555E+02 / 1.4555E+02   
1300   2.500E-04   1.4575E+02   1.4575E+02   1.4575E+02 / 1.4575E+02   
1310   2.500E-04   1.4516E+02   1.4516E+02   1.4516E+02 / 1.4516E+02   
1320   2.500E-04   1.4967E+02   1.4967E+02   1.4967E+02 / 1.4967E+02   
1330   2.500E-04   1.4596E+02   1.4596E+02   1.4596E+02 / 1.4596E+02   
1340   2.500E-04   1.4539E+02   1.4539E+02   1.4539E+02 / 1.4539E+02   
1350   2.500E-04   1.4671E+02   1.4671E+02   1.4671E+02 / 1.4671E+02   
1360   2.500E-04   1.4536E+02   1.4536E+02   1.4536E+02 / 1.4536E+02   
1370   2.500E-04   1.4521E+02   1.4521E+02   1.4521E+02 / 1.4521E+02   
1380   2.500E-04   1.4519E+02   1.4519E+02   1.4519E+02 / 1.4519E+02   
1390   2.500E-04   1.4547E+02   1.4547E+02   1.4547E+02 / 1.4547E+02   
1400   2.500E-04   1.4512E+02   1.4512E+02   1.4512E+02 / 1.4512E+02   
1410   2.500E-04   1.4567E+02   1.4567E+02   1.4567E+02 / 1.4567E+02   
1420   2.500E-04   1.4659E+02   1.4659E+02   1.4659E+02 / 1.4659E+02   
1430   2.500E-04   1.4767E+02   1.4767E+02   1.4767E+02 / 1.4767E+02   
1440   2.500E-04   1.4507E+02   1.4507E+02   1.4507E+02 / 1.4507E+02   
1450   2.500E-04   1.4512E+02   1.4512E+02   1.4512E+02 / 1.4512E+02   
1460   2.500E-04   1.4548E+02   1.4548E+02   1.4548E+02 / 1.4548E+02   
1470   2.500E-04   1.4498E+02   1.4498E+02   1.4498E+02 / 1.4498E+02   
1480   2.500E-04   1.4536E+02   1.4536E+02   1.4536E+02 / 1.4536E+02   
1490   2.500E-04   1.4663E+02   1.4663E+02   1.4663E+02 / 1.4663E+02   
1500   2.500E-04   1.4507E+02   1.4507E+02   1.4507E+02 / 1.4507E+02   
1510   2.500E-04   1.4503E+02   1.4503E+02   1.4503E+02 / 1.4503E+02   
1520   2.500E-04   1.4479E+02   1.4479E+02   1.4479E+02 / 1.4479E+02   
1530   2.500E-04   1.4511E+02   1.4511E+02   1.4511E+02 / 1.4511E+02   
1540   2.500E-04   1.6058E+02   1.6058E+02   1.6058E+02 / 1.6058E+02   
1550   2.500E-04   1.4486E+02   1.4486E+02   1.4486E+02 / 1.4486E+02   
1560   2.500E-04   1.4480E+02   1.4480E+02   1.4480E+02 / 1.4480E+02   
1570   2.500E-04   1.6184E+02   1.6184E+02   1.6184E+02 / 1.6184E+02   
1580   2.500E-04   1.4476E+02   1.4476E+02   1.4476E+02 / 1.4476E+02   
1590   2.500E-04   1.4492E+02   1.4492E+02   1.4492E+02 / 1.4492E+02   
1600   2.500E-04   1.4749E+02   1.4749E+02   1.4749E+02 / 1.4749E+02   
1610   2.500E-04   1.4470E+02   1.4470E+02   1.4470E+02 / 1.4470E+02   
1620   2.500E-04   1.4499E+02   1.4499E+02   1.4499E+02 / 1.4499E+02   
1630   2.500E-04   1.4669E+02   1.4669E+02   1.4669E+02 / 1.4669E+02   
1640   2.500E-04   1.4446E+02   1.4446E+02   1.4446E+02 / 1.4446E+02   
1650   2.500E-04   1.4448E+02   1.4448E+02   1.4448E+02 / 1.4448E+02   
1660   2.500E-04   1.4478E+02   1.4478E+02   1.4478E+02 / 1.4478E+02   
1670   2.500E-04   1.4431E+02   1.4431E+02   1.4431E+02 / 1.4431E+02   
1680   2.500E-04   1.4471E+02   1.4471E+02   1.4471E+02 / 1.4471E+02   
1690   2.500E-04   1.4546E+02   1.4546E+02   1.4546E+02 / 1.4546E+02   
1700   2.500E-04   1.4423E+02   1.4423E+02   1.4423E+02 / 1.4423E+02   
1710   2.500E-04   1.4466E+02   1.4466E+02   1.4466E+02 / 1.4466E+02   
1720   2.500E-04   1.5479E+02   1.5479E+02   1.5479E+02 / 1.5479E+02   
1730   2.500E-04   1.4483E+02   1.4483E+02   1.4483E+02 / 1.4483E+02   
1740   2.500E-04   1.4423E+02   1.4423E+02   1.4423E+02 / 1.4423E+02   
1750   2.500E-04   1.4420E+02   1.4420E+02   1.4420E+02 / 1.4420E+02   
1760   2.500E-04   1.4499E+02   1.4499E+02   1.4499E+02 / 1.4499E+02   
1770   2.500E-04   1.4465E+02   1.4465E+02   1.4465E+02 / 1.4465E+02   
1780   2.500E-04   1.5043E+02   1.5043E+02   1.5043E+02 / 1.5043E+02   
1790   2.500E-04   1.4445E+02   1.4445E+02   1.4445E+02 / 1.4445E+02   
1800   2.500E-04   1.4410E+02   1.4410E+02   1.4410E+02 / 1.4410E+02   
1810   2.500E-04   1.4422E+02   1.4422E+02   1.4422E+02 / 1.4422E+02   
1820   2.500E-04   1.4402E+02   1.4402E+02   1.4402E+02 / 1.4402E+02   
1830   2.500E-04   1.4418E+02   1.4418E+02   1.4418E+02 / 1.4418E+02   
1840   2.500E-04   1.4398E+02   1.4398E+02   1.4398E+02 / 1.4398E+02   
1850   2.500E-04   1.4580E+02   1.4580E+02   1.4580E+02 / 1.4580E+02   
1860   2.500E-04   1.4377E+02   1.4377E+02   1.4377E+02 / 1.4377E+02   
1870   2.500E-04   1.4434E+02   1.4434E+02   1.4434E+02 / 1.4434E+02   
1880   2.500E-04   1.4422E+02   1.4422E+02   1.4422E+02 / 1.4422E+02   
1890   2.500E-04   1.4376E+02   1.4376E+02   1.4376E+02 / 1.4376E+02   
1900   2.500E-04   1.5098E+02   1.5098E+02   1.5098E+02 / 1.5098E+02   
1910   2.500E-04   1.4369E+02   1.4369E+02   1.4369E+02 / 1.4369E+02   
1920   2.500E-04   1.4376E+02   1.4376E+02   1.4376E+02 / 1.4376E+02   
1930   2.500E-04   1.4350E+02   1.4350E+02   1.4350E+02 / 1.4350E+02   
1940   2.500E-04   1.4358E+02   1.4358E+02   1.4358E+02 / 1.4358E+02   
1950   2.500E-04   1.4531E+02   1.4531E+02   1.4531E+02 / 1.4531E+02   
1960   2.500E-04   1.5524E+02   1.5524E+02   1.5524E+02 / 1.5524E+02   
1970   2.500E-04   1.4367E+02   1.4367E+02   1.4367E+02 / 1.4367E+02   
1980   2.500E-04   1.4396E+02   1.4396E+02   1.4396E+02 / 1.4396E+02   
1990   2.500E-04   1.4839E+02   1.4839E+02   1.4839E+02 / 1.4839E+02   
2000   2.500E-04   1.4366E+02   1.4366E+02   1.4366E+02 / 1.4366E+02   
2010   2.500E-04   1.4399E+02   1.4399E+02   1.4399E+02 / 1.4399E+02   
2020   2.500E-04   1.4320E+02   1.4320E+02   1.4320E+02 / 1.4320E+02   
2030   2.500E-04   1.4864E+02   1.4864E+02   1.4864E+02 / 1.4864E+02   
2040   2.500E-04   1.4331E+02   1.4331E+02   1.4331E+02 / 1.4331E+02   
2050   2.500E-04   1.4537E+02   1.4537E+02   1.4537E+02 / 1.4537E+02   
2060   2.500E-04   1.4313E+02   1.4313E+02   1.4313E+02 / 1.4313E+02   
2070   2.500E-04   1.4341E+02   1.4341E+02   1.4341E+02 / 1.4341E+02   
2080   2.500E-04   1.4309E+02   1.4309E+02   1.4309E+02 / 1.4309E+02   
2090   2.500E-04   1.4555E+02   1.4555E+02   1.4555E+02 / 1.4555E+02   
2100   2.500E-04   1.4296E+02   1.4296E+02   1.4296E+02 / 1.4296E+02   
2110   2.500E-04   1.4405E+02   1.4405E+02   1.4405E+02 / 1.4405E+02   
2120   2.500E-04   1.4317E+02   1.4317E+02   1.4317E+02 / 1.4317E+02   
2130   2.500E-04   1.4296E+02   1.4296E+02   1.4296E+02 / 1.4296E+02   
2140   2.500E-04   1.4476E+02   1.4476E+02   1.4476E+02 / 1.4476E+02   
2150   2.500E-04   1.4404E+02   1.4404E+02   1.4404E+02 / 1.4404E+02   
2160   2.500E-04   1.4519E+02   1.4519E+02   1.4519E+02 / 1.4519E+02   
2170   2.500E-04   1.4311E+02   1.4311E+02   1.4311E+02 / 1.4311E+02   
2180   2.500E-04   1.4274E+02   1.4274E+02   1.4274E+02 / 1.4274E+02   
2190   2.500E-04   1.4291E+02   1.4291E+02   1.4291E+02 / 1.4291E+02   
2200   2.500E-04   1.4266E+02   1.4266E+02   1.4266E+02 / 1.4266E+02   
2210   2.500E-04   1.4744E+02   1.4744E+02   1.4744E+02 / 1.4744E+02   
2220   2.500E-04   1.4489E+02   1.4489E+02   1.4489E+02 / 1.4489E+02   
2230   2.500E-04   1.4242E+02   1.4242E+02   1.4242E+02 / 1.4242E+02   
2240   2.500E-04   1.4346E+02   1.4346E+02   1.4346E+02 / 1.4346E+02   
2250   2.500E-04   1.4621E+02   1.4621E+02   1.4621E+02 / 1.4621E+02   
2260   2.500E-04   1.4259E+02   1.4259E+02   1.4259E+02 / 1.4259E+02   
2270   2.500E-04   1.4375E+02   1.4375E+02   1.4375E+02 / 1.4375E+02   
2280   2.500E-04   1.4399E+02   1.4399E+02   1.4399E+02 / 1.4399E+02   
2290   2.500E-04   1.4670E+02   1.4670E+02   1.4670E+02 / 1.4670E+02   
2300   2.500E-04   1.4895E+02   1.4895E+02   1.4895E+02 / 1.4895E+02   
2310   2.500E-04   1.4243E+02   1.4243E+02   1.4243E+02 / 1.4243E+02   
2320   2.500E-04   1.4245E+02   1.4245E+02   1.4245E+02 / 1.4245E+02   
2330   2.500E-04   1.4614E+02   1.4614E+02   1.4614E+02 / 1.4614E+02   
2340   2.500E-04   1.4317E+02   1.4317E+02   1.4317E+02 / 1.4317E+02   
2350   2.500E-04   1.4223E+02   1.4223E+02   1.4223E+02 / 1.4223E+02   
2360   2.500E-04   1.5043E+02   1.5043E+02   1.5043E+02 / 1.5043E+02   
2370   2.500E-04   1.4520E+02   1.4520E+02   1.4520E+02 / 1.4520E+02   
2380   2.500E-04   1.5381E+02   1.5381E+02   1.5381E+02 / 1.5381E+02   
2390   2.500E-04   1.4237E+02   1.4237E+02   1.4237E+02 / 1.4237E+02   
2400   2.500E-04   1.4331E+02   1.4331E+02   1.4331E+02 / 1.4331E+02   
2410   2.500E-04   1.4276E+02   1.4276E+02   1.4276E+02 / 1.4276E+02   
2420   2.500E-04   1.4510E+02   1.4510E+02   1.4510E+02 / 1.4510E+02   
2430   2.500E-04   1.4294E+02   1.4294E+02   1.4294E+02 / 1.4294E+02   
2440   2.500E-04   1.4209E+02   1.4209E+02   1.4209E+02 / 1.4209E+02   
2450   2.500E-04   1.4206E+02   1.4206E+02   1.4206E+02 / 1.4206E+02   
2460   2.500E-04   1.4295E+02   1.4295E+02   1.4295E+02 / 1.4295E+02   
2470   2.500E-04   1.4201E+02   1.4201E+02   1.4201E+02 / 1.4201E+02   
2480   2.500E-04   1.4245E+02   1.4245E+02   1.4245E+02 / 1.4245E+02   
2490   2.500E-04   1.4222E+02   1.4222E+02   1.4222E+02 / 1.4222E+02   
2500   2.500E-04   1.4768E+02   1.4768E+02   1.4768E+02 / 1.4768E+02   
2510   2.500E-04   1.4229E+02   1.4229E+02   1.4229E+02 / 1.4229E+02   
2520   2.500E-04   1.4416E+02   1.4416E+02   1.4416E+02 / 1.4416E+02   
2530   2.500E-04   1.4388E+02   1.4388E+02   1.4388E+02 / 1.4388E+02   
2540   2.500E-04   1.4237E+02   1.4237E+02   1.4237E+02 / 1.4237E+02   
2550   2.500E-04   1.4188E+02   1.4188E+02   1.4188E+02 / 1.4188E+02   
2560   2.500E-04   1.4438E+02   1.4438E+02   1.4438E+02 / 1.4438E+02   
2570   2.500E-04   1.4294E+02   1.4294E+02   1.4294E+02 / 1.4294E+02   
2580   2.500E-04   1.4231E+02   1.4231E+02   1.4231E+02 / 1.4231E+02   
2590   2.500E-04   1.4179E+02   1.4179E+02   1.4179E+02 / 1.4179E+02   
2600   2.500E-04   1.4210E+02   1.4210E+02   1.4210E+02 / 1.4210E+02   
2610   2.500E-04   1.4267E+02   1.4267E+02   1.4267E+02 / 1.4267E+02   
2620   2.500E-04   1.4196E+02   1.4196E+02   1.4196E+02 / 1.4196E+02   
2630   2.500E-04   1.4634E+02   1.4634E+02   1.4634E+02 / 1.4634E+02   
2640   2.500E-04   1.4234E+02   1.4234E+02   1.4234E+02 / 1.4234E+02   
2650   2.500E-04   1.4217E+02   1.4217E+02   1.4217E+02 / 1.4217E+02   
2660   2.500E-04   1.4244E+02   1.4244E+02   1.4244E+02 / 1.4244E+02   
2670   2.500E-04   1.4181E+02   1.4181E+02   1.4181E+02 / 1.4181E+02   
2680   2.500E-04   1.4169E+02   1.4169E+02   1.4169E+02 / 1.4169E+02   
2690   2.500E-04   1.4189E+02   1.4189E+02   1.4189E+02 / 1.4189E+02   
2700   2.500E-04   1.4144E+02   1.4144E+02   1.4144E+02 / 1.4144E+02   
2710   2.500E-04   1.4153E+02   1.4153E+02   1.4153E+02 / 1.4153E+02   
2720   2.500E-04   1.4220E+02   1.4220E+02   1.4220E+02 / 1.4220E+02   
2730   2.500E-04   1.4133E+02   1.4133E+02   1.4133E+02 / 1.4133E+02   
2740   2.500E-04   1.4209E+02   1.4209E+02   1.4209E+02 / 1.4209E+02   
2750   2.500E-04   1.4441E+02   1.4441E+02   1.4441E+02 / 1.4441E+02   
2760   2.500E-04   1.4156E+02   1.4156E+02   1.4156E+02 / 1.4156E+02   
2770   2.500E-04   1.4182E+02   1.4182E+02   1.4182E+02 / 1.4182E+02   
2780   2.500E-04   1.5302E+02   1.5302E+02   1.5302E+02 / 1.5302E+02   
2790   2.500E-04   1.4196E+02   1.4196E+02   1.4196E+02 / 1.4196E+02   
2800   2.500E-04   1.4226E+02   1.4226E+02   1.4226E+02 / 1.4226E+02   
2810   2.500E-04   1.4153E+02   1.4153E+02   1.4153E+02 / 1.4153E+02   
2820   2.500E-04   1.5527E+02   1.5527E+02   1.5527E+02 / 1.5527E+02   
2830   2.500E-04   1.4430E+02   1.4430E+02   1.4430E+02 / 1.4430E+02   
2840   2.500E-04   1.4160E+02   1.4160E+02   1.4160E+02 / 1.4160E+02   
2850   2.500E-04   1.4169E+02   1.4169E+02   1.4169E+02 / 1.4169E+02   
2860   2.500E-04   1.4131E+02   1.4131E+02   1.4131E+02 / 1.4131E+02   
2870   2.500E-04   1.4182E+02   1.4182E+02   1.4182E+02 / 1.4182E+02   
2880   2.500E-04   1.4179E+02   1.4179E+02   1.4179E+02 / 1.4179E+02   
2890   2.500E-04   1.4282E+02   1.4282E+02   1.4282E+02 / 1.4282E+02   
2900   2.500E-04   1.4127E+02   1.4127E+02   1.4127E+02 / 1.4127E+02   
2910   2.500E-04   1.4112E+02   1.4112E+02   1.4112E+02 / 1.4112E+02   
2920   2.500E-04   1.4098E+02   1.4098E+02   1.4098E+02 / 1.4098E+02   
2930   2.500E-04   1.4122E+02   1.4122E+02   1.4122E+02 / 1.4122E+02   
2940   2.500E-04   1.4126E+02   1.4126E+02   1.4126E+02 / 1.4126E+02   
2950   2.500E-04   1.4085E+02   1.4085E+02   1.4085E+02 / 1.4085E+02   
2960   2.500E-04   1.4084E+02   1.4084E+02   1.4084E+02 / 1.4084E+02   
2970   2.500E-04   1.5355E+02   1.5355E+02   1.5355E+02 / 1.5355E+02   
2980   2.500E-04   1.9012E+02   1.9012E+02   1.9012E+02 / 1.9012E+02   
2990   2.500E-04   1.4284E+02   1.4284E+02   1.4284E+02 / 1.4284E+02   
3000   2.500E-04   1.4290E+02   1.4290E+02   1.4290E+02 / 1.4290E+02   
3010   2.500E-04   1.4127E+02   1.4127E+02   1.4127E+02 / 1.4127E+02   
3020   2.500E-04   1.4212E+02   1.4212E+02   1.4212E+02 / 1.4212E+02   
3030   2.500E-04   1.4191E+02   1.4191E+02   1.4191E+02 / 1.4191E+02   
3040   2.500E-04   1.4165E+02   1.4165E+02   1.4165E+02 / 1.4165E+02   
3050   2.500E-04   1.4144E+02   1.4144E+02   1.4144E+02 / 1.4144E+02   
3060   2.500E-04   1.4083E+02   1.4083E+02   1.4083E+02 / 1.4083E+02   
3070   2.500E-04   1.4118E+02   1.4118E+02   1.4118E+02 / 1.4118E+02   
3080   2.500E-04   1.4413E+02   1.4413E+02   1.4413E+02 / 1.4413E+02   
3090   2.500E-04   1.4528E+02   1.4528E+02   1.4528E+02 / 1.4528E+02   
3100   2.500E-04   1.4390E+02   1.4390E+02   1.4390E+02 / 1.4390E+02   
3110   2.500E-04   1.4099E+02   1.4099E+02   1.4099E+02 / 1.4099E+02   
3120   2.500E-04   1.4091E+02   1.4091E+02   1.4091E+02 / 1.4091E+02   
3130   2.500E-04   1.4077E+02   1.4077E+02   1.4077E+02 / 1.4077E+02   
3140   2.500E-04   1.4071E+02   1.4071E+02   1.4071E+02 / 1.4071E+02   
3150   2.500E-04   1.4140E+02   1.4140E+02   1.4140E+02 / 1.4140E+02   
3160   2.500E-04   1.4219E+02   1.4219E+02   1.4219E+02 / 1.4219E+02   
3170   2.500E-04   1.4068E+02   1.4068E+02   1.4068E+02 / 1.4068E+02   
3180   2.500E-04   1.4106E+02   1.4106E+02   1.4106E+02 / 1.4106E+02   
3190   2.500E-04   1.4269E+02   1.4269E+02   1.4269E+02 / 1.4269E+02   
3200   2.500E-04   1.4112E+02   1.4112E+02   1.4112E+02 / 1.4112E+02   
3210   2.500E-04   1.4104E+02   1.4104E+02   1.4104E+02 / 1.4104E+02   
3220   2.500E-04   1.6983E+02   1.6983E+02   1.6983E+02 / 1.6983E+02   
3230   2.500E-04   1.4592E+02   1.4592E+02   1.4592E+02 / 1.4592E+02   
3240   2.500E-04   1.4062E+02   1.4062E+02   1.4062E+02 / 1.4062E+02   
3250   2.500E-04   1.5730E+02   1.5730E+02   1.5730E+02 / 1.5730E+02   
3260   2.500E-04   1.6304E+02   1.6304E+02   1.6304E+02 / 1.6304E+02   
3270   2.500E-04   1.4076E+02   1.4076E+02   1.4076E+02 / 1.4076E+02   
3280   2.500E-04   1.4062E+02   1.4062E+02   1.4062E+02 / 1.4062E+02   
3290   2.500E-04   1.4051E+02   1.4051E+02   1.4051E+02 / 1.4051E+02   
3300   2.500E-04   1.4053E+02   1.4053E+02   1.4053E+02 / 1.4053E+02   
3310   2.500E-04   1.4073E+02   1.4073E+02   1.4073E+02 / 1.4073E+02   
3320   2.500E-04   1.4963E+02   1.4963E+02   1.4963E+02 / 1.4963E+02   
3330   2.500E-04   1.4393E+02   1.4393E+02   1.4393E+02 / 1.4393E+02   
3340   2.500E-04   1.4053E+02   1.4053E+02   1.4053E+02 / 1.4053E+02   
3350   2.500E-04   1.4110E+02   1.4110E+02   1.4110E+02 / 1.4110E+02   
3360   2.500E-04   1.4099E+02   1.4099E+02   1.4099E+02 / 1.4099E+02   
3370   2.500E-04   1.4064E+02   1.4064E+02   1.4064E+02 / 1.4064E+02   
3380   2.500E-04   1.4151E+02   1.4151E+02   1.4151E+02 / 1.4151E+02   
3390   2.500E-04   1.4042E+02   1.4042E+02   1.4042E+02 / 1.4042E+02   
3400   2.500E-04   1.4056E+02   1.4056E+02   1.4056E+02 / 1.4056E+02   
3410   2.500E-04   1.4123E+02   1.4123E+02   1.4123E+02 / 1.4123E+02   
3420   2.500E-04   1.4034E+02   1.4034E+02   1.4034E+02 / 1.4034E+02   
3430   2.500E-04   1.4015E+02   1.4015E+02   1.4015E+02 / 1.4015E+02   
3440   2.500E-04   1.4034E+02   1.4034E+02   1.4034E+02 / 1.4034E+02   
3450   2.500E-04   1.4336E+02   1.4336E+02   1.4336E+02 / 1.4336E+02   
3460   2.500E-04   1.4009E+02   1.4009E+02   1.4009E+02 / 1.4009E+02   
3470   2.500E-04   1.4023E+02   1.4023E+02   1.4023E+02 / 1.4023E+02   
3480   2.500E-04   1.4387E+02   1.4387E+02   1.4387E+02 / 1.4387E+02   
3490   2.500E-04   1.4302E+02   1.4302E+02   1.4302E+02 / 1.4302E+02   
3500   2.500E-04   1.4010E+02   1.4010E+02   1.4010E+02 / 1.4010E+02   
3510   2.500E-04   1.4005E+02   1.4005E+02   1.4005E+02 / 1.4005E+02   
3520   2.500E-04   1.4038E+02   1.4038E+02   1.4038E+02 / 1.4038E+02   
3530   2.500E-04   1.4003E+02   1.4003E+02   1.4003E+02 / 1.4003E+02   
3540   2.500E-04   1.4148E+02   1.4148E+02   1.4148E+02 / 1.4148E+02   
3550   2.500E-04   1.4009E+02   1.4009E+02   1.4009E+02 / 1.4009E+02   
3560   2.500E-04   1.4031E+02   1.4031E+02   1.4031E+02 / 1.4031E+02   
3570   2.500E-04   1.3996E+02   1.3996E+02   1.3996E+02 / 1.3996E+02   
3580   2.500E-04   1.4014E+02   1.4014E+02   1.4014E+02 / 1.4014E+02   
3590   2.500E-04   1.4453E+02   1.4453E+02   1.4453E+02 / 1.4453E+02   
3600   2.500E-04   1.4020E+02   1.4020E+02   1.4020E+02 / 1.4020E+02   
3610   2.500E-04   1.3980E+02   1.3980E+02   1.3980E+02 / 1.3980E+02   
3620   2.500E-04   1.3981E+02   1.3981E+02   1.3981E+02 / 1.3981E+02   
3630   2.500E-04   1.4048E+02   1.4048E+02   1.4048E+02 / 1.4048E+02   
3640   2.500E-04   1.4049E+02   1.4049E+02   1.4049E+02 / 1.4049E+02   
3650   2.500E-04   1.4483E+02   1.4483E+02   1.4483E+02 / 1.4483E+02   
3660   2.500E-04   1.4010E+02   1.4010E+02   1.4010E+02 / 1.4010E+02   
3670   2.500E-04   1.3995E+02   1.3995E+02   1.3995E+02 / 1.3995E+02   
3680   2.500E-04   1.3959E+02   1.3959E+02   1.3959E+02 / 1.3959E+02   
3690   2.500E-04   1.3949E+02   1.3949E+02   1.3949E+02 / 1.3949E+02   
3700   2.500E-04   1.4092E+02   1.4092E+02   1.4092E+02 / 1.4092E+02   
3710   2.500E-04   1.4057E+02   1.4057E+02   1.4057E+02 / 1.4057E+02   
3720   2.500E-04   1.3959E+02   1.3959E+02   1.3959E+02 / 1.3959E+02   
3730   2.500E-04   1.4010E+02   1.4010E+02   1.4010E+02 / 1.4010E+02   
3740   2.500E-04   1.3976E+02   1.3976E+02   1.3976E+02 / 1.3976E+02   
3750   2.500E-04   1.3988E+02   1.3988E+02   1.3988E+02 / 1.3988E+02   
3760   2.500E-04   1.3987E+02   1.3987E+02   1.3987E+02 / 1.3987E+02   
3770   2.500E-04   1.4052E+02   1.4052E+02   1.4052E+02 / 1.4052E+02   
3780   2.500E-04   1.4126E+02   1.4126E+02   1.4126E+02 / 1.4126E+02   
3790   2.500E-04   1.4154E+02   1.4154E+02   1.4154E+02 / 1.4154E+02   
3800   2.500E-04   1.4643E+02   1.4643E+02   1.4643E+02 / 1.4643E+02   
3810   2.500E-04   1.3937E+02   1.3937E+02   1.3937E+02 / 1.3937E+02   
3820   2.500E-04   1.3967E+02   1.3967E+02   1.3967E+02 / 1.3967E+02   
3830   2.500E-04   1.4018E+02   1.4018E+02   1.4018E+02 / 1.4018E+02   
3840   2.500E-04   1.3949E+02   1.3949E+02   1.3949E+02 / 1.3949E+02   
3850   2.500E-04   1.4016E+02   1.4016E+02   1.4016E+02 / 1.4016E+02   
3860   2.500E-04   1.4156E+02   1.4156E+02   1.4156E+02 / 1.4156E+02   
3870   2.500E-04   1.3944E+02   1.3944E+02   1.3944E+02 / 1.3944E+02   
3880   2.500E-04   1.3927E+02   1.3927E+02   1.3927E+02 / 1.3927E+02   
3890   2.500E-04   1.4000E+02   1.4000E+02   1.4000E+02 / 1.4000E+02   
3900   2.500E-04   1.3966E+02   1.3966E+02   1.3966E+02 / 1.3966E+02   
3910   2.500E-04   1.3941E+02   1.3941E+02   1.3941E+02 / 1.3941E+02   
3920   2.500E-04   1.6656E+02   1.6656E+02   1.6656E+02 / 1.6656E+02   
3930   2.500E-04   1.3972E+02   1.3972E+02   1.3972E+02 / 1.3972E+02   
3940   2.500E-04   1.3926E+02   1.3926E+02   1.3926E+02 / 1.3926E+02   
3950   2.500E-04   1.3923E+02   1.3923E+02   1.3923E+02 / 1.3923E+02   
3960   2.500E-04   1.4371E+02   1.4371E+02   1.4371E+02 / 1.4371E+02   
3970   2.500E-04   1.4040E+02   1.4040E+02   1.4040E+02 / 1.4040E+02   
3980   2.500E-04   1.4509E+02   1.4509E+02   1.4509E+02 / 1.4509E+02   
3990   2.500E-04   1.6278E+02   1.6278E+02   1.6278E+02 / 1.6278E+02   
4000   2.500E-04   1.3996E+02   1.3996E+02   1.3996E+02 / 1.3996E+02   
4010   2.500E-04   1.3963E+02   1.3963E+02   1.3963E+02 / 1.3963E+02   
4020   2.500E-04   1.3924E+02   1.3924E+02   1.3924E+02 / 1.3924E+02   
4030   2.500E-04   1.3924E+02   1.3924E+02   1.3924E+02 / 1.3924E+02   
4040   2.500E-04   1.3946E+02   1.3946E+02   1.3946E+02 / 1.3946E+02   
4050   2.500E-04   1.4039E+02   1.4039E+02   1.4039E+02 / 1.4039E+02   
4060   2.500E-04   1.3931E+02   1.3931E+02   1.3931E+02 / 1.3931E+02   
4070   2.500E-04   1.3928E+02   1.3928E+02   1.3928E+02 / 1.3928E+02   
4080   2.500E-04   1.4526E+02   1.4526E+02   1.4526E+02 / 1.4526E+02   
4090   2.500E-04   1.4229E+02   1.4229E+02   1.4229E+02 / 1.4229E+02   
4100   2.500E-04   1.3910E+02   1.3910E+02   1.3910E+02 / 1.3910E+02   
4110   2.500E-04   1.3910E+02   1.3910E+02   1.3910E+02 / 1.3910E+02   
4120   2.500E-04   1.3943E+02   1.3943E+02   1.3943E+02 / 1.3943E+02   
4130   2.500E-04   1.4028E+02   1.4028E+02   1.4028E+02 / 1.4028E+02   
4140   2.500E-04   1.4435E+02   1.4435E+02   1.4435E+02 / 1.4435E+02   
4150   2.500E-04   1.4131E+02   1.4131E+02   1.4131E+02 / 1.4131E+02   
4160   2.500E-04   1.3941E+02   1.3941E+02   1.3941E+02 / 1.3941E+02   
4170   2.500E-04   1.3894E+02   1.3894E+02   1.3894E+02 / 1.3894E+02   
4180   2.500E-04   1.4226E+02   1.4226E+02   1.4226E+02 / 1.4226E+02   
4190   2.500E-04   1.3874E+02   1.3874E+02   1.3874E+02 / 1.3874E+02   
4200   2.500E-04   1.3859E+02   1.3859E+02   1.3859E+02 / 1.3859E+02   
4210   2.500E-04   1.3877E+02   1.3877E+02   1.3877E+02 / 1.3877E+02   
4220   2.500E-04   1.4402E+02   1.4402E+02   1.4402E+02 / 1.4402E+02   
4230   2.500E-04   1.4353E+02   1.4353E+02   1.4353E+02 / 1.4353E+02   
4240   2.500E-04   1.3864E+02   1.3864E+02   1.3864E+02 / 1.3864E+02   
4250   2.500E-04   1.4053E+02   1.4053E+02   1.4053E+02 / 1.4053E+02   
4260   2.500E-04   1.3867E+02   1.3867E+02   1.3867E+02 / 1.3867E+02   
4270   2.500E-04   1.3975E+02   1.3975E+02   1.3975E+02 / 1.3975E+02   
4280   2.500E-04   1.3843E+02   1.3843E+02   1.3843E+02 / 1.3843E+02   
4290   2.500E-04   1.4270E+02   1.4270E+02   1.4270E+02 / 1.4270E+02   
4300   2.500E-04   1.3942E+02   1.3942E+02   1.3942E+02 / 1.3942E+02   
4310   2.500E-04   1.4087E+02   1.4087E+02   1.4087E+02 / 1.4087E+02   
4320   2.500E-04   1.4188E+02   1.4188E+02   1.4188E+02 / 1.4188E+02   
4330   2.500E-04   1.3846E+02   1.3846E+02   1.3846E+02 / 1.3846E+02   
4340   2.500E-04   1.3910E+02   1.3910E+02   1.3910E+02 / 1.3910E+02   
4350   2.500E-04   1.4029E+02   1.4029E+02   1.4029E+02 / 1.4029E+02   
4360   2.500E-04   1.3961E+02   1.3961E+02   1.3961E+02 / 1.3961E+02   
4370   2.500E-04   1.3841E+02   1.3841E+02   1.3841E+02 / 1.3841E+02   
4380   2.500E-04   1.4047E+02   1.4047E+02   1.4047E+02 / 1.4047E+02   
4390   2.500E-04   1.3985E+02   1.3985E+02   1.3985E+02 / 1.3985E+02   
4400   2.500E-04   1.3827E+02   1.3827E+02   1.3827E+02 / 1.3827E+02   
4410   2.500E-04   1.4535E+02   1.4535E+02   1.4535E+02 / 1.4535E+02   
4420   2.500E-04   1.3858E+02   1.3858E+02   1.3858E+02 / 1.3858E+02   
4430   2.500E-04   1.3880E+02   1.3880E+02   1.3880E+02 / 1.3880E+02   
4440   2.500E-04   1.3871E+02   1.3871E+02   1.3871E+02 / 1.3871E+02   
4450   2.500E-04   1.4186E+02   1.4186E+02   1.4186E+02 / 1.4186E+02   
4460   2.500E-04   1.3832E+02   1.3832E+02   1.3832E+02 / 1.3832E+02   
4470   2.500E-04   1.3839E+02   1.3839E+02   1.3839E+02 / 1.3839E+02   
4480   2.500E-04   1.3830E+02   1.3830E+02   1.3830E+02 / 1.3830E+02   
4490   2.500E-04   1.3859E+02   1.3859E+02   1.3859E+02 / 1.3859E+02   
4500   2.500E-04   1.3844E+02   1.3844E+02   1.3844E+02 / 1.3844E+02   
4510   2.500E-04   1.4053E+02   1.4053E+02   1.4053E+02 / 1.4053E+02   
4520   2.500E-04   1.4179E+02   1.4179E+02   1.4179E+02 / 1.4179E+02   
4530   2.500E-04   1.3915E+02   1.3915E+02   1.3915E+02 / 1.3915E+02   
4540   2.500E-04   1.4086E+02   1.4086E+02   1.4086E+02 / 1.4086E+02   
4550   2.500E-04   1.4120E+02   1.4120E+02   1.4120E+02 / 1.4120E+02   
4560   2.500E-04   1.4007E+02   1.4007E+02   1.4007E+02 / 1.4007E+02   
4570   2.500E-04   1.3889E+02   1.3889E+02   1.3889E+02 / 1.3889E+02   
4580   2.500E-04   1.5183E+02   1.5183E+02   1.5183E+02 / 1.5183E+02   
4590   2.500E-04   1.4015E+02   1.4015E+02   1.4015E+02 / 1.4015E+02   
4600   2.500E-04   1.3822E+02   1.3822E+02   1.3822E+02 / 1.3822E+02   
4610   2.500E-04   1.3983E+02   1.3983E+02   1.3983E+02 / 1.3983E+02   
4620   2.500E-04   1.3830E+02   1.3830E+02   1.3830E+02 / 1.3830E+02   
4630   2.500E-04   1.3997E+02   1.3997E+02   1.3997E+02 / 1.3997E+02   
4640   2.500E-04   1.3802E+02   1.3802E+02   1.3802E+02 / 1.3802E+02   
4650   2.500E-04   1.5235E+02   1.5235E+02   1.5235E+02 / 1.5235E+02   
4660   2.500E-04   1.3844E+02   1.3844E+02   1.3844E+02 / 1.3844E+02   
4670   2.500E-04   1.3861E+02   1.3861E+02   1.3861E+02 / 1.3861E+02   
4680   2.500E-04   1.4063E+02   1.4063E+02   1.4063E+02 / 1.4063E+02   
4690   2.500E-04   1.3829E+02   1.3829E+02   1.3829E+02 / 1.3829E+02   
4700   2.500E-04   1.4361E+02   1.4361E+02   1.4361E+02 / 1.4361E+02   
4710   2.500E-04   1.4050E+02   1.4050E+02   1.4050E+02 / 1.4050E+02   
4720   2.500E-04   1.4008E+02   1.4008E+02   1.4008E+02 / 1.4008E+02   
4730   2.500E-04   1.3823E+02   1.3823E+02   1.3823E+02 / 1.3823E+02   
4740   2.500E-04   1.3863E+02   1.3863E+02   1.3863E+02 / 1.3863E+02   
4750   2.500E-04   1.3836E+02   1.3836E+02   1.3836E+02 / 1.3836E+02   
4760   2.500E-04   1.3960E+02   1.3960E+02   1.3960E+02 / 1.3960E+02   
4770   2.500E-04   1.4743E+02   1.4743E+02   1.4743E+02 / 1.4743E+02   
4780   2.500E-04   1.3916E+02   1.3916E+02   1.3916E+02 / 1.3916E+02   
4790   2.500E-04   1.3979E+02   1.3979E+02   1.3979E+02 / 1.3979E+02   
4800   2.500E-04   1.3813E+02   1.3813E+02   1.3813E+02 / 1.3813E+02   
4810   2.500E-04   1.4238E+02   1.4238E+02   1.4238E+02 / 1.4238E+02   
4820   2.500E-04   1.3773E+02   1.3773E+02   1.3773E+02 / 1.3773E+02   
4830   2.500E-04   1.3793E+02   1.3793E+02   1.3793E+02 / 1.3793E+02   
4840   2.500E-04   1.3751E+02   1.3751E+02   1.3751E+02 / 1.3751E+02   
4850   2.500E-04   1.4641E+02   1.4641E+02   1.4641E+02 / 1.4641E+02   
4860   2.500E-04   1.5636E+02   1.5636E+02   1.5636E+02 / 1.5636E+02   
4870   2.500E-04   1.4326E+02   1.4326E+02   1.4326E+02 / 1.4326E+02   
4880   2.500E-04   1.3764E+02   1.3764E+02   1.3764E+02 / 1.3764E+02   
4890   2.500E-04   1.3754E+02   1.3754E+02   1.3754E+02 / 1.3754E+02   
4900   2.500E-04   1.3780E+02   1.3780E+02   1.3780E+02 / 1.3780E+02   
4910   2.500E-04   1.4489E+02   1.4489E+02   1.4489E+02 / 1.4489E+02   
4920   2.500E-04   1.3793E+02   1.3793E+02   1.3793E+02 / 1.3793E+02   
4930   2.500E-04   1.3776E+02   1.3776E+02   1.3776E+02 / 1.3776E+02   
4940   2.500E-04   1.3811E+02   1.3811E+02   1.3811E+02 / 1.3811E+02   
4950   2.500E-04   1.3773E+02   1.3773E+02   1.3773E+02 / 1.3773E+02   
4960   2.500E-04   1.3726E+02   1.3726E+02   1.3726E+02 / 1.3726E+02   
4970   2.500E-04   1.4277E+02   1.4277E+02   1.4277E+02 / 1.4277E+02   
4980   2.500E-04   1.3766E+02   1.3766E+02   1.3766E+02 / 1.3766E+02   
4990   2.500E-04   1.3718E+02   1.3718E+02   1.3718E+02 / 1.3718E+02   
5000   2.500E-04   1.3699E+02   1.3699E+02   1.3699E+02 / 1.3699E+02   
===============================================================================================================
Saved model to models/fp_memorization/KCNN-24May07_10:02:29.pickle
