=====> WARNING: Training dataset length: 0, assuming memorization test!
========== Dataset info ==========
Dataset params: {'file': '/home/ryley/WDK/ML/dataset/turbulence_dataset_clean.csv', 'Cases': ['fp_2540'], 'val_set': ['fp_2540'], 'test_set': ['fp_2540'], 'data_loader': <class 'tbnn.dataloaders.aDataset'>}
Train/Valid/Test points: 155 / 155 / 155
Memorization?: True
Cluster training?: False
EPOCH     LR        TRAIN         VALID             MSE:T/V                  RL:T/V             %NR_t/%NR_v
===============================================================================================================
  1   5.000E-03   1.0288E+02   1.0288E+02   1.0288E+02 / 1.0288E+02   0.0000E+00 / 0.0000E+00   0.00% / 0.00%
 10   5.000E-03   3.6843E+01   3.6843E+01   3.6843E+01 / 3.6843E+01   1.5078E-07 / 1.5078E-07   1.94% / 1.94%
 20   5.000E-03   6.4956E+00   6.4956E+00   5.2869E+00 / 5.2869E+00   4.6593E-02 / 4.6593E-02   33.55% / 33.55%
 30   5.000E-03   5.3223E+00   5.3223E+00   4.4079E+00 / 4.4079E+00   3.5252E-02 / 3.5252E-02   33.55% / 33.55%
 40   5.000E-03   5.0173E+00   5.0173E+00   4.1185E+00 / 4.1185E+00   3.4864E-02 / 3.4864E-02   32.90% / 32.90%
 50   5.000E-03   4.8115E+00   4.8115E+00   3.8847E+00 / 3.8847E+00   3.5935E-02 / 3.5935E-02   33.55% / 33.55%
 60   5.000E-03   4.6309E+00   4.6309E+00   3.7649E+00 / 3.7649E+00   3.3674E-02 / 3.3674E-02   34.84% / 34.84%
 70   5.000E-03   4.4486E+00   4.4486E+00   3.5152E+00 / 3.5152E+00   3.6585E-02 / 3.6585E-02   34.84% / 34.84%
 80   5.000E-03   4.2373E+00   4.2373E+00   3.3624E+00 / 3.3624E+00   3.4669E-02 / 3.4669E-02   34.84% / 34.84%
 90   5.000E-03   4.0082E+00   4.0082E+00   3.1489E+00 / 3.1489E+00   3.4483E-02 / 3.4483E-02   36.13% / 36.13%
100   5.000E-03   3.7441E+00   3.7441E+00   2.8840E+00 / 2.8840E+00   3.5075E-02 / 3.5075E-02   36.77% / 36.77%
110   5.000E-03   3.4238E+00   3.4238E+00   2.5140E+00 / 2.5140E+00   3.8018E-02 / 3.8018E-02   38.06% / 38.06%
120   5.000E-03   3.0687E+00   3.0687E+00   2.1698E+00 / 2.1698E+00   3.9325E-02 / 3.9325E-02   38.71% / 38.71%
130   5.000E-03   2.7147E+00   2.7147E+00   1.7651E+00 / 1.7651E+00   4.3933E-02 / 4.3933E-02   39.35% / 39.35%
140   5.000E-03   2.4016E+00   2.4016E+00   1.4166E+00 / 1.4166E+00   4.9550E-02 / 4.9550E-02   40.00% / 40.00%
150   5.000E-03   2.2015E+00   2.2015E+00   1.1938E+00 / 1.1938E+00   5.4888E-02 / 5.4888E-02   40.65% / 40.65%
160   5.000E-03   2.0916E+00   2.0916E+00   1.0300E+00 / 1.0300E+00   6.1567E-02 / 6.1567E-02   41.29% / 41.29%
170   5.000E-03   2.0274E+00   2.0274E+00   9.5164E-01 / 9.5164E-01   6.4930E-02 / 6.4930E-02   41.94% / 41.94%
180   5.000E-03   1.9836E+00   1.9836E+00   9.0833E-01 / 9.0833E-01   6.7348E-02 / 6.7348E-02   41.94% / 41.94%
190   5.000E-03   1.9517E+00   1.9517E+00   8.5792E-01 / 8.5792E-01   7.0610E-02 / 7.0610E-02   42.58% / 42.58%
200   5.000E-03   1.9299E+00   1.9299E+00   8.1966E-01 / 8.1966E-01   7.3200E-02 / 7.3200E-02   43.23% / 43.23%
210   5.000E-03   1.9125E+00   1.9125E+00   7.9580E-01 / 7.9580E-01   7.5375E-02 / 7.5375E-02   43.23% / 43.23%
220   5.000E-03   1.8998E+00   1.8998E+00   7.7381E-01 / 7.7381E-01   7.6144E-02 / 7.6144E-02   43.23% / 43.23%
230   5.000E-03   1.8892E+00   1.8892E+00   7.4530E-01 / 7.4530E-01   7.8734E-02 / 7.8734E-02   43.23% / 43.23%
240   5.000E-03   1.8792E+00   1.8792E+00   7.4681E-01 / 7.4681E-01   7.8854E-02 / 7.8854E-02   43.23% / 43.23%
250   5.000E-03   1.8721E+00   1.8721E+00   7.4900E-01 / 7.4900E-01   7.8576E-02 / 7.8576E-02   43.23% / 43.23%
260   5.000E-03   1.8705E+00   1.8705E+00   7.1662E-01 / 7.1662E-01   8.0393E-02 / 8.0393E-02   43.23% / 43.23%
270   5.000E-03   1.8593E+00   1.8593E+00   7.2908E-01 / 7.2908E-01   8.0580E-02 / 8.0580E-02   43.23% / 43.23%
280   5.000E-03   1.8544E+00   1.8544E+00   7.0696E-01 / 7.0696E-01   8.2023E-02 / 8.2023E-02   43.23% / 43.23%
290   5.000E-03   1.8560E+00   1.8560E+00   6.7671E-01 / 6.7671E-01   8.4729E-02 / 8.4729E-02   43.23% / 43.23%
300   5.000E-03   1.8470E+00   1.8470E+00   7.2969E-01 / 7.2969E-01   8.0027E-02 / 8.0027E-02   43.23% / 43.23%
310   5.000E-03   1.8399E+00   1.8399E+00   6.8583E-01 / 6.8583E-01   8.3587E-02 / 8.3587E-02   43.87% / 43.87%
320   5.000E-03   1.8348E+00   1.8348E+00   6.9879E-01 / 6.9879E-01   8.2703E-02 / 8.2703E-02   43.87% / 43.87%
330   5.000E-03   1.8297E+00   1.8297E+00   6.7834E-01 / 6.7834E-01   8.4154E-02 / 8.4154E-02   43.87% / 43.87%
340   5.000E-03   1.8258E+00   1.8258E+00   6.7023E-01 / 6.7023E-01   8.4145E-02 / 8.4145E-02   43.87% / 43.87%
350   5.000E-03   1.8200E+00   1.8200E+00   6.6269E-01 / 6.6269E-01   8.5752E-02 / 8.5752E-02   43.87% / 43.87%
360   5.000E-03   1.8152E+00   1.8152E+00   6.6634E-01 / 6.6634E-01   8.4531E-02 / 8.4531E-02   43.87% / 43.87%
370   5.000E-03   1.8133E+00   1.8133E+00   6.4866E-01 / 6.4866E-01   8.5749E-02 / 8.5749E-02   43.87% / 43.87%
380   5.000E-03   1.8058E+00   1.8058E+00   6.6208E-01 / 6.6208E-01   8.4287E-02 / 8.4287E-02   43.87% / 43.87%
390   5.000E-03   1.8007E+00   1.8007E+00   6.4278E-01 / 6.4278E-01   8.6902E-02 / 8.6902E-02   43.87% / 43.87%
400   5.000E-03   1.7983E+00   1.7983E+00   6.5325E-01 / 6.5325E-01   8.5709E-02 / 8.5709E-02   43.23% / 43.23%
410   5.000E-03   1.7909E+00   1.7909E+00   6.4828E-01 / 6.4828E-01   8.5245E-02 / 8.5245E-02   43.87% / 43.87%
420   5.000E-03   1.7900E+00   1.7900E+00   6.7315E-01 / 6.7315E-01   8.4106E-02 / 8.4106E-02   43.87% / 43.87%
430   5.000E-03   1.7817E+00   1.7817E+00   6.1913E-01 / 6.1913E-01   8.8027E-02 / 8.8027E-02   43.87% / 43.87%
440   5.000E-03   1.7758E+00   1.7758E+00   6.3486E-01 / 6.3486E-01   8.5817E-02 / 8.5817E-02   43.87% / 43.87%
450   5.000E-03   1.7698E+00   1.7698E+00   6.2376E-01 / 6.2376E-01   8.7258E-02 / 8.7258E-02   43.87% / 43.87%
460   5.000E-03   1.7640E+00   1.7640E+00   6.1370E-01 / 6.1370E-01   8.8288E-02 / 8.8288E-02   43.87% / 43.87%
470   5.000E-03   1.7584E+00   1.7584E+00   6.0870E-01 / 6.0870E-01   8.8288E-02 / 8.8288E-02   43.87% / 43.87%
480   5.000E-03   1.7529E+00   1.7529E+00   5.8743E-01 / 5.8743E-01   9.0004E-02 / 9.0004E-02   43.87% / 43.87%
490   5.000E-03   1.7465E+00   1.7465E+00   5.9181E-01 / 5.9181E-01   9.0027E-02 / 9.0027E-02   43.87% / 43.87%
500   5.000E-03   1.7419E+00   1.7419E+00   5.8701E-01 / 5.8701E-01   9.0732E-02 / 9.0732E-02   43.87% / 43.87%
510   5.000E-03   1.7358E+00   1.7358E+00   5.7160E-01 / 5.7160E-01   9.2392E-02 / 9.2392E-02   43.87% / 43.87%
520   5.000E-03   1.7312E+00   1.7312E+00   5.6950E-01 / 5.6950E-01   9.1891E-02 / 9.1891E-02   44.52% / 44.52%
530   5.000E-03   1.7272E+00   1.7272E+00   5.5721E-01 / 5.5721E-01   9.2139E-02 / 9.2139E-02   44.52% / 44.52%
540   5.000E-03   1.7224E+00   1.7224E+00   5.6622E-01 / 5.6622E-01   9.2372E-02 / 9.2372E-02   44.52% / 44.52%
550   5.000E-03   1.7186E+00   1.7186E+00   5.4937E-01 / 5.4937E-01   9.5346E-02 / 9.5346E-02   44.52% / 44.52%
560   5.000E-03   1.7162E+00   1.7162E+00   5.6357E-01 / 5.6357E-01   9.3907E-02 / 9.3907E-02   44.52% / 44.52%
570   5.000E-03   1.7112E+00   1.7112E+00   5.4192E-01 / 5.4192E-01   9.5121E-02 / 9.5121E-02   44.52% / 44.52%
580   5.000E-03   1.7083E+00   1.7083E+00   5.4424E-01 / 5.4424E-01   9.5532E-02 / 9.5532E-02   44.52% / 44.52%
590   5.000E-03   1.7053E+00   1.7053E+00   5.4124E-01 / 5.4124E-01   9.5364E-02 / 9.5364E-02   44.52% / 44.52%
600   5.000E-03   1.7025E+00   1.7025E+00   5.2383E-01 / 5.2383E-01   9.7666E-02 / 9.7666E-02   44.52% / 44.52%
610   5.000E-03   1.7077E+00   1.7077E+00   5.5764E-01 / 5.5764E-01   9.5743E-02 / 9.5743E-02   44.52% / 44.52%
620   5.000E-03   1.6983E+00   1.6983E+00   5.1155E-01 / 5.1155E-01   9.9063E-02 / 9.9063E-02   44.52% / 44.52%
630   5.000E-03   1.6960E+00   1.6960E+00   5.2035E-01 / 5.2035E-01   9.7548E-02 / 9.7548E-02   44.52% / 44.52%
640   5.000E-03   1.6935E+00   1.6935E+00   5.2577E-01 / 5.2577E-01   9.8335E-02 / 9.8335E-02   44.52% / 44.52%
650   5.000E-03   1.6987E+00   1.6987E+00   4.9408E-01 / 4.9408E-01   1.0162E-01 / 1.0162E-01   45.16% / 45.16%
660   5.000E-03   1.6969E+00   1.6969E+00   5.4630E-01 / 5.4630E-01   9.9057E-02 / 9.9057E-02   44.52% / 44.52%
670   5.000E-03   1.6881E+00   1.6881E+00   5.1413E-01 / 5.1413E-01   9.8715E-02 / 9.8715E-02   44.52% / 44.52%
680   5.000E-03   1.6859E+00   1.6859E+00   5.1313E-01 / 5.1313E-01   1.0004E-01 / 1.0004E-01   44.52% / 44.52%
690   5.000E-03   1.6842E+00   1.6842E+00   5.0849E-01 / 5.0849E-01   1.0024E-01 / 1.0024E-01   44.52% / 44.52%
700   5.000E-03   1.6843E+00   1.6843E+00   5.2190E-01 / 5.2190E-01   9.9807E-02 / 9.9807E-02   44.52% / 44.52%
710   5.000E-03   1.6815E+00   1.6815E+00   4.9206E-01 / 4.9206E-01   1.0197E-01 / 1.0197E-01   44.52% / 44.52%
720   5.000E-03   1.6800E+00   1.6800E+00   4.8962E-01 / 4.8962E-01   1.0184E-01 / 1.0184E-01   44.52% / 44.52%
730   5.000E-03   1.6789E+00   1.6789E+00   5.0609E-01 / 5.0609E-01   1.0161E-01 / 1.0161E-01   44.52% / 44.52%
740   5.000E-03   1.6815E+00   1.6815E+00   5.2054E-01 / 5.2054E-01   1.0262E-01 / 1.0262E-01   45.16% / 45.16%
750   5.000E-03   1.6830E+00   1.6830E+00   4.6554E-01 / 4.6554E-01   1.0430E-01 / 1.0430E-01   45.16% / 45.16%
760   5.000E-03   1.6749E+00   1.6749E+00   4.9694E-01 / 4.9694E-01   1.0407E-01 / 1.0407E-01   45.16% / 45.16%
770   5.000E-03   1.6724E+00   1.6724E+00   4.8627E-01 / 4.8627E-01   1.0382E-01 / 1.0382E-01   45.16% / 45.16%
780   5.000E-03   1.6908E+00   1.6908E+00   4.6412E-01 / 4.6412E-01   1.0465E-01 / 1.0465E-01   45.16% / 45.16%
790   5.000E-03   1.6707E+00   1.6707E+00   4.8785E-01 / 4.8785E-01   1.0364E-01 / 1.0364E-01   45.16% / 45.16%
800   5.000E-03   1.6712E+00   1.6712E+00   4.6575E-01 / 4.6575E-01   1.0597E-01 / 1.0597E-01   45.16% / 45.16%
810   5.000E-03   1.6705E+00   1.6705E+00   5.0495E-01 / 5.0495E-01   1.0407E-01 / 1.0407E-01   45.16% / 45.16%
820   5.000E-03   1.6674E+00   1.6674E+00   4.7204E-01 / 4.7204E-01   1.0589E-01 / 1.0589E-01   45.16% / 45.16%
830   5.000E-03   1.6654E+00   1.6654E+00   4.7264E-01 / 4.7264E-01   1.0648E-01 / 1.0648E-01   45.16% / 45.16%
840   5.000E-03   1.6645E+00   1.6645E+00   4.6969E-01 / 4.6969E-01   1.0742E-01 / 1.0742E-01   45.16% / 45.16%
850   5.000E-03   1.6635E+00   1.6635E+00   4.6449E-01 / 4.6449E-01   1.0803E-01 / 1.0803E-01   45.16% / 45.16%
860   5.000E-03   1.6687E+00   1.6687E+00   5.0598E-01 / 5.0598E-01   1.0522E-01 / 1.0522E-01   45.16% / 45.16%
870   5.000E-03   1.6756E+00   1.6756E+00   5.3041E-01 / 5.3041E-01   1.0514E-01 / 1.0514E-01   45.16% / 45.16%
880   5.000E-03   1.6813E+00   1.6813E+00   5.2248E-01 / 5.2248E-01   1.0708E-01 / 1.0708E-01   45.16% / 45.16%
890   5.000E-03   1.6612E+00   1.6612E+00   4.4856E-01 / 4.4856E-01   1.1002E-01 / 1.1002E-01   45.16% / 45.16%
900   5.000E-03   1.6627E+00   1.6627E+00   4.5926E-01 / 4.5926E-01   1.0781E-01 / 1.0781E-01   45.16% / 45.16%
910   5.000E-03   1.6588E+00   1.6588E+00   4.4869E-01 / 4.4869E-01   1.1012E-01 / 1.1012E-01   45.16% / 45.16%
920   5.000E-03   1.6623E+00   1.6623E+00   4.9003E-01 / 4.9003E-01   1.0772E-01 / 1.0772E-01   45.16% / 45.16%
930   5.000E-03   1.6559E+00   1.6559E+00   4.5241E-01 / 4.5241E-01   1.1095E-01 / 1.1095E-01   45.16% / 45.16%
940   5.000E-03   1.6592E+00   1.6592E+00   4.3997E-01 / 4.3997E-01   1.1179E-01 / 1.1179E-01   45.16% / 45.16%
950   5.000E-03   1.6552E+00   1.6552E+00   4.5214E-01 / 4.5214E-01   1.0939E-01 / 1.0939E-01   45.16% / 45.16%
960   5.000E-03   1.6584E+00   1.6584E+00   4.9285E-01 / 4.9285E-01   1.0789E-01 / 1.0789E-01   45.16% / 45.16%
970   5.000E-03   1.6524E+00   1.6524E+00   4.5880E-01 / 4.5880E-01   1.1008E-01 / 1.1008E-01   45.16% / 45.16%
980   5.000E-03   1.6537E+00   1.6537E+00   4.8600E-01 / 4.8600E-01   1.0819E-01 / 1.0819E-01   45.16% / 45.16%
990   5.000E-03   1.6508E+00   1.6508E+00   4.4662E-01 / 4.4662E-01   1.1103E-01 / 1.1103E-01   45.16% / 45.16%
1000   5.000E-03   1.6504E+00   1.6504E+00   4.4371E-01 / 4.4371E-01   1.1132E-01 / 1.1132E-01   45.16% / 45.16%
1010   5.000E-03   1.6503E+00   1.6503E+00   4.3616E-01 / 4.3616E-01   1.1196E-01 / 1.1196E-01   45.16% / 45.16%
1020   5.000E-03   1.6496E+00   1.6496E+00   4.5788E-01 / 4.5788E-01   1.1142E-01 / 1.1142E-01   45.16% / 45.16%
1030   5.000E-03   1.6477E+00   1.6477E+00   4.5513E-01 / 4.5513E-01   1.1144E-01 / 1.1144E-01   45.16% / 45.16%
1040   5.000E-03   1.6543E+00   1.6543E+00   4.1595E-01 / 4.1595E-01   1.1426E-01 / 1.1426E-01   45.16% / 45.16%
1050   5.000E-03   1.6573E+00   1.6573E+00   5.0307E-01 / 5.0307E-01   1.0934E-01 / 1.0934E-01   45.16% / 45.16%
1060   5.000E-03   1.6461E+00   1.6461E+00   4.5352E-01 / 4.5352E-01   1.1293E-01 / 1.1293E-01   45.16% / 45.16%
1070   5.000E-03   1.6453E+00   1.6453E+00   4.5246E-01 / 4.5246E-01   1.1207E-01 / 1.1207E-01   45.16% / 45.16%
1080   5.000E-03   1.6446E+00   1.6446E+00   4.4892E-01 / 4.4892E-01   1.1252E-01 / 1.1252E-01   45.16% / 45.16%
1090   5.000E-03   1.6433E+00   1.6433E+00   4.5485E-01 / 4.5485E-01   1.1313E-01 / 1.1313E-01   45.16% / 45.16%
1100   5.000E-03   1.6429E+00   1.6429E+00   4.5707E-01 / 4.5707E-01   1.1218E-01 / 1.1218E-01   45.16% / 45.16%
1110   5.000E-03   1.6411E+00   1.6411E+00   4.4046E-01 / 4.4046E-01   1.1394E-01 / 1.1394E-01   45.16% / 45.16%
1120   5.000E-03   1.6423E+00   1.6423E+00   4.3627E-01 / 4.3627E-01   1.1257E-01 / 1.1257E-01   45.16% / 45.16%
1130   5.000E-03   1.6434E+00   1.6434E+00   4.4909E-01 / 4.4909E-01   1.1295E-01 / 1.1295E-01   45.81% / 45.81%
1140   5.000E-03   1.6402E+00   1.6402E+00   4.3008E-01 / 4.3008E-01   1.1442E-01 / 1.1442E-01   45.81% / 45.81%
1150   5.000E-03   1.6391E+00   1.6391E+00   4.3366E-01 / 4.3366E-01   1.1469E-01 / 1.1469E-01   45.81% / 45.81%
1160   5.000E-03   1.6414E+00   1.6414E+00   4.6002E-01 / 4.6002E-01   1.1394E-01 / 1.1394E-01   45.81% / 45.81%
1170   5.000E-03   1.6498E+00   1.6498E+00   4.0420E-01 / 4.0420E-01   1.1770E-01 / 1.1770E-01   45.81% / 45.81%
1180   5.000E-03   1.6398E+00   1.6398E+00   4.5327E-01 / 4.5327E-01   1.1470E-01 / 1.1470E-01   45.81% / 45.81%
1190   5.000E-03   1.6392E+00   1.6392E+00   4.1985E-01 / 4.1985E-01   1.1610E-01 / 1.1610E-01   45.81% / 45.81%
1200   5.000E-03   1.6371E+00   1.6371E+00   4.3780E-01 / 4.3780E-01   1.1537E-01 / 1.1537E-01   45.81% / 45.81%
1210   5.000E-03   1.6366E+00   1.6366E+00   4.1727E-01 / 4.1727E-01   1.1803E-01 / 1.1803E-01   45.81% / 45.81%
1220   5.000E-03   1.6369E+00   1.6369E+00   4.2821E-01 / 4.2821E-01   1.1683E-01 / 1.1683E-01   45.81% / 45.81%
1230   5.000E-03   1.6362E+00   1.6362E+00   4.3854E-01 / 4.3854E-01   1.1558E-01 / 1.1558E-01   45.81% / 45.81%
1240   5.000E-03   1.6365E+00   1.6365E+00   4.2307E-01 / 4.2307E-01   1.1796E-01 / 1.1796E-01   45.81% / 45.81%
1250   5.000E-03   1.6392E+00   1.6392E+00   4.5776E-01 / 4.5776E-01   1.1644E-01 / 1.1644E-01   45.81% / 45.81%
1260   5.000E-03   1.6360E+00   1.6360E+00   4.4554E-01 / 4.4554E-01   1.1613E-01 / 1.1613E-01   45.81% / 45.81%
1270   5.000E-03   1.6389E+00   1.6389E+00   4.1083E-01 / 4.1083E-01   1.1779E-01 / 1.1779E-01   45.81% / 45.81%
1280   5.000E-03   1.6352E+00   1.6352E+00   4.4400E-01 / 4.4400E-01   1.1700E-01 / 1.1700E-01   45.81% / 45.81%
1290   5.000E-03   1.6330E+00   1.6330E+00   4.2568E-01 / 4.2568E-01   1.1751E-01 / 1.1751E-01   45.81% / 45.81%
1300   5.000E-03   1.6370E+00   1.6370E+00   4.5819E-01 / 4.5819E-01   1.1598E-01 / 1.1598E-01   45.81% / 45.81%
1310   5.000E-03   1.6360E+00   1.6360E+00   4.5612E-01 / 4.5612E-01   1.1592E-01 / 1.1592E-01   45.81% / 45.81%
1320   5.000E-03   1.6558E+00   1.6558E+00   5.0964E-01 / 5.0964E-01   1.1472E-01 / 1.1472E-01   45.81% / 45.81%
1330   5.000E-03   1.6347E+00   1.6347E+00   4.1308E-01 / 4.1308E-01   1.1958E-01 / 1.1958E-01   45.81% / 45.81%
1340   5.000E-03   1.6335E+00   1.6335E+00   4.1548E-01 / 4.1548E-01   1.1800E-01 / 1.1800E-01   45.81% / 45.81%
1350   5.000E-03   1.6354E+00   1.6354E+00   4.3494E-01 / 4.3494E-01   1.1914E-01 / 1.1914E-01   45.81% / 45.81%
1360   5.000E-03   1.6458E+00   1.6458E+00   3.9757E-01 / 3.9757E-01   1.2025E-01 / 1.2025E-01   45.81% / 45.81%
1370   5.000E-03   1.6396E+00   1.6396E+00   4.5337E-01 / 4.5337E-01   1.1761E-01 / 1.1761E-01   45.81% / 45.81%
1380   5.000E-03   1.6317E+00   1.6317E+00   4.4185E-01 / 4.4185E-01   1.1772E-01 / 1.1772E-01   45.81% / 45.81%
1390   5.000E-03   1.6302E+00   1.6302E+00   4.3055E-01 / 4.3055E-01   1.1806E-01 / 1.1806E-01   45.81% / 45.81%
1400   5.000E-03   1.6299E+00   1.6299E+00   4.2935E-01 / 4.2935E-01   1.1819E-01 / 1.1819E-01   45.81% / 45.81%
1410   5.000E-03   1.6298E+00   1.6298E+00   4.2593E-01 / 4.2593E-01   1.1790E-01 / 1.1790E-01   45.81% / 45.81%
1420   5.000E-03   1.6293E+00   1.6293E+00   4.1868E-01 / 4.1868E-01   1.1960E-01 / 1.1960E-01   45.81% / 45.81%
1430   5.000E-03   1.6343E+00   1.6343E+00   4.2278E-01 / 4.2278E-01   1.1884E-01 / 1.1884E-01   45.81% / 45.81%
1440   5.000E-03   1.6329E+00   1.6329E+00   3.9940E-01 / 3.9940E-01   1.2135E-01 / 1.2135E-01   45.81% / 45.81%
1450   5.000E-03   1.6286E+00   1.6286E+00   4.3324E-01 / 4.3324E-01   1.1866E-01 / 1.1866E-01   45.81% / 45.81%
1460   5.000E-03   1.6295E+00   1.6295E+00   4.0725E-01 / 4.0725E-01   1.2008E-01 / 1.2008E-01   45.81% / 45.81%
1470   5.000E-03   1.6284E+00   1.6284E+00   4.3424E-01 / 4.3424E-01   1.1901E-01 / 1.1901E-01   45.81% / 45.81%
1480   5.000E-03   1.6297E+00   1.6297E+00   4.3406E-01 / 4.3406E-01   1.1981E-01 / 1.1981E-01   45.81% / 45.81%
1490   5.000E-03   1.6425E+00   1.6425E+00   3.9306E-01 / 3.9306E-01   1.2234E-01 / 1.2234E-01   45.81% / 45.81%
1500   5.000E-03   1.6463E+00   1.6463E+00   3.7461E-01 / 3.7461E-01   1.2394E-01 / 1.2394E-01   45.81% / 45.81%
1510   5.000E-03   1.6392E+00   1.6392E+00   4.4901E-01 / 4.4901E-01   1.1995E-01 / 1.1995E-01   46.45% / 46.45%
1520   5.000E-03   1.6283E+00   1.6283E+00   4.3422E-01 / 4.3422E-01   1.2036E-01 / 1.2036E-01   45.81% / 45.81%
1530   5.000E-03   1.6268E+00   1.6268E+00   4.2517E-01 / 4.2517E-01   1.1988E-01 / 1.1988E-01   45.81% / 45.81%
1540   5.000E-03   1.6262E+00   1.6262E+00   4.2105E-01 / 4.2105E-01   1.2034E-01 / 1.2034E-01   45.81% / 45.81%
1550   5.000E-03   1.6261E+00   1.6261E+00   4.0757E-01 / 4.0757E-01   1.2237E-01 / 1.2237E-01   45.81% / 45.81%
1560   5.000E-03   1.6260E+00   1.6260E+00   4.0778E-01 / 4.0778E-01   1.2170E-01 / 1.2170E-01   45.81% / 45.81%
1570   5.000E-03   1.6256E+00   1.6256E+00   4.1224E-01 / 4.1224E-01   1.2088E-01 / 1.2088E-01   45.81% / 45.81%
1580   5.000E-03   1.6705E+00   1.6705E+00   3.6444E-01 / 3.6444E-01   1.2592E-01 / 1.2592E-01   45.81% / 45.81%
1590   5.000E-03   1.6444E+00   1.6444E+00   4.7448E-01 / 4.7448E-01   1.1931E-01 / 1.1931E-01   45.81% / 45.81%
1600   5.000E-03   1.6271E+00   1.6271E+00   4.1066E-01 / 4.1066E-01   1.2033E-01 / 1.2033E-01   45.81% / 45.81%
1610   5.000E-03   1.6274E+00   1.6274E+00   4.0317E-01 / 4.0317E-01   1.2182E-01 / 1.2182E-01   45.81% / 45.81%
1620   5.000E-03   1.6250E+00   1.6250E+00   4.2282E-01 / 4.2282E-01   1.2062E-01 / 1.2062E-01   45.81% / 45.81%
1630   5.000E-03   1.6256E+00   1.6256E+00   4.2746E-01 / 4.2746E-01   1.2113E-01 / 1.2113E-01   45.81% / 45.81%
1640   5.000E-03   1.6251E+00   1.6251E+00   4.0975E-01 / 4.0975E-01   1.2196E-01 / 1.2196E-01   45.81% / 45.81%
1650   5.000E-03   1.6244E+00   1.6244E+00   4.1903E-01 / 4.1903E-01   1.2044E-01 / 1.2044E-01   45.81% / 45.81%
1660   5.000E-03   1.6237E+00   1.6237E+00   4.1396E-01 / 4.1396E-01   1.2187E-01 / 1.2187E-01   45.81% / 45.81%
1670   5.000E-03   1.6234E+00   1.6234E+00   4.1110E-01 / 4.1110E-01   1.2211E-01 / 1.2211E-01   45.81% / 45.81%
1680   5.000E-03   1.6234E+00   1.6234E+00   4.2340E-01 / 4.2340E-01   1.2089E-01 / 1.2089E-01   45.81% / 45.81%
1690   5.000E-03   1.6233E+00   1.6233E+00   4.1929E-01 / 4.1929E-01   1.2127E-01 / 1.2127E-01   45.81% / 45.81%
1700   5.000E-03   1.6229E+00   1.6229E+00   4.1379E-01 / 4.1379E-01   1.2262E-01 / 1.2262E-01   45.81% / 45.81%
1710   5.000E-03   1.6230E+00   1.6230E+00   3.9918E-01 / 3.9918E-01   1.2446E-01 / 1.2446E-01   45.81% / 45.81%
1720   5.000E-03   1.6242E+00   1.6242E+00   4.2346E-01 / 4.2346E-01   1.2204E-01 / 1.2204E-01   45.81% / 45.81%
1730   5.000E-03   1.6259E+00   1.6259E+00   4.3856E-01 / 4.3856E-01   1.2173E-01 / 1.2173E-01   45.81% / 45.81%
1740   5.000E-03   1.6250E+00   1.6250E+00   4.2845E-01 / 4.2845E-01   1.2161E-01 / 1.2161E-01   45.81% / 45.81%
1750   5.000E-03   1.6225E+00   1.6225E+00   4.0769E-01 / 4.0769E-01   1.2310E-01 / 1.2310E-01   45.81% / 45.81%
1760   5.000E-03   1.6216E+00   1.6216E+00   4.1290E-01 / 4.1290E-01   1.2279E-01 / 1.2279E-01   45.81% / 45.81%
1770   5.000E-03   1.6231E+00   1.6231E+00   4.0785E-01 / 4.0785E-01   1.2343E-01 / 1.2343E-01   45.81% / 45.81%
1780   5.000E-03   1.6213E+00   1.6213E+00   4.0570E-01 / 4.0570E-01   1.2329E-01 / 1.2329E-01   45.81% / 45.81%
1790   5.000E-03   1.6230E+00   1.6230E+00   3.9518E-01 / 3.9518E-01   1.2431E-01 / 1.2431E-01   45.81% / 45.81%
1800   5.000E-03   1.6207E+00   1.6207E+00   4.0942E-01 / 4.0942E-01   1.2395E-01 / 1.2395E-01   45.81% / 45.81%
1810   5.000E-03   1.6215E+00   1.6215E+00   3.9657E-01 / 3.9657E-01   1.2462E-01 / 1.2462E-01   45.81% / 45.81%
1820   5.000E-03   1.6208E+00   1.6208E+00   4.0810E-01 / 4.0810E-01   1.2388E-01 / 1.2388E-01   45.81% / 45.81%
1830   5.000E-03   1.6263E+00   1.6263E+00   3.8904E-01 / 3.8904E-01   1.2444E-01 / 1.2444E-01   45.81% / 45.81%
1840   5.000E-03   1.6227E+00   1.6227E+00   3.9460E-01 / 3.9460E-01   1.2551E-01 / 1.2551E-01   45.81% / 45.81%
1850   5.000E-03   1.6319E+00   1.6319E+00   4.0576E-01 / 4.0576E-01   1.2394E-01 / 1.2394E-01   45.81% / 45.81%
1860   5.000E-03   1.6229E+00   1.6229E+00   4.2259E-01 / 4.2259E-01   1.2364E-01 / 1.2364E-01   45.81% / 45.81%
1870   5.000E-03   1.6210E+00   1.6210E+00   3.9682E-01 / 3.9682E-01   1.2581E-01 / 1.2581E-01   45.81% / 45.81%
1880   5.000E-03   1.6474E+00   1.6474E+00   3.9741E-01 / 3.9741E-01   1.2682E-01 / 1.2682E-01   45.16% / 45.16%
1890   5.000E-03   1.6215E+00   1.6215E+00   4.2183E-01 / 4.2183E-01   1.2394E-01 / 1.2394E-01   45.81% / 45.81%
1900   5.000E-03   1.6204E+00   1.6204E+00   3.9846E-01 / 3.9846E-01   1.2392E-01 / 1.2392E-01   45.81% / 45.81%
1910   5.000E-03   1.6195E+00   1.6195E+00   4.0326E-01 / 4.0326E-01   1.2490E-01 / 1.2490E-01   45.81% / 45.81%
1920   5.000E-03   1.6325E+00   1.6325E+00   3.6907E-01 / 3.6907E-01   1.2742E-01 / 1.2742E-01   45.81% / 45.81%
1930   5.000E-03   1.6234E+00   1.6234E+00   4.3183E-01 / 4.3183E-01   1.2400E-01 / 1.2400E-01   45.81% / 45.81%
1940   5.000E-03   1.6189E+00   1.6189E+00   4.0002E-01 / 4.0002E-01   1.2618E-01 / 1.2618E-01   45.81% / 45.81%
1950   5.000E-03   1.6189E+00   1.6189E+00   4.1060E-01 / 4.1060E-01   1.2558E-01 / 1.2558E-01   45.81% / 45.81%
1960   5.000E-03   1.6195E+00   1.6195E+00   4.2135E-01 / 4.2135E-01   1.2464E-01 / 1.2464E-01   45.81% / 45.81%
1970   5.000E-03   1.6200E+00   1.6200E+00   3.9023E-01 / 3.9023E-01   1.2592E-01 / 1.2592E-01   45.81% / 45.81%
1980   5.000E-03   1.6191E+00   1.6191E+00   4.1306E-01 / 4.1306E-01   1.2406E-01 / 1.2406E-01   45.81% / 45.81%
1990   5.000E-03   1.6221E+00   1.6221E+00   3.9737E-01 / 3.9737E-01   1.2528E-01 / 1.2528E-01   45.81% / 45.81%
2000   5.000E-03   1.6289E+00   1.6289E+00   4.3773E-01 / 4.3773E-01   1.2385E-01 / 1.2385E-01   45.81% / 45.81%
2010   5.000E-03   1.6584E+00   1.6584E+00   5.1628E-01 / 5.1628E-01   1.2075E-01 / 1.2075E-01   45.16% / 45.16%
2020   5.000E-03   1.6378E+00   1.6378E+00   4.6116E-01 / 4.6116E-01   1.2251E-01 / 1.2251E-01   45.16% / 45.16%
2030   5.000E-03   1.6205E+00   1.6205E+00   3.9558E-01 / 3.9558E-01   1.2444E-01 / 1.2444E-01   45.81% / 45.81%
2040   5.000E-03   1.6216E+00   1.6216E+00   3.9651E-01 / 3.9651E-01   1.2691E-01 / 1.2691E-01   45.81% / 45.81%
2050   5.000E-03   1.6185E+00   1.6185E+00   4.2057E-01 / 4.2057E-01   1.2481E-01 / 1.2481E-01   45.81% / 45.81%
2060   5.000E-03   1.6185E+00   1.6185E+00   3.9549E-01 / 3.9549E-01   1.2598E-01 / 1.2598E-01   45.81% / 45.81%
2070   5.000E-03   1.6175E+00   1.6175E+00   4.0284E-01 / 4.0284E-01   1.2557E-01 / 1.2557E-01   45.81% / 45.81%
2080   5.000E-03   1.6173E+00   1.6173E+00   4.0418E-01 / 4.0418E-01   1.2536E-01 / 1.2536E-01   45.81% / 45.81%
2090   5.000E-03   1.6169E+00   1.6169E+00   4.0025E-01 / 4.0025E-01   1.2634E-01 / 1.2634E-01   46.45% / 46.45%
2100   5.000E-03   1.6190E+00   1.6190E+00   3.8838E-01 / 3.8838E-01   1.2694E-01 / 1.2694E-01   46.45% / 46.45%
2110   5.000E-03   1.6167E+00   1.6167E+00   4.0114E-01 / 4.0114E-01   1.2669E-01 / 1.2669E-01   46.45% / 46.45%
2120   5.000E-03   1.6165E+00   1.6165E+00   4.0093E-01 / 4.0093E-01   1.2572E-01 / 1.2572E-01   46.45% / 46.45%
2130   5.000E-03   1.6166E+00   1.6166E+00   3.9351E-01 / 3.9351E-01   1.2772E-01 / 1.2772E-01   46.45% / 46.45%
2140   5.000E-03   1.6164E+00   1.6164E+00   4.0352E-01 / 4.0352E-01   1.2514E-01 / 1.2514E-01   46.45% / 46.45%
2150   5.000E-03   1.6167E+00   1.6167E+00   4.0413E-01 / 4.0413E-01   1.2718E-01 / 1.2718E-01   46.45% / 46.45%
2160   5.000E-03   1.6181E+00   1.6181E+00   4.2164E-01 / 4.2164E-01   1.2627E-01 / 1.2627E-01   46.45% / 46.45%
2170   5.000E-03   1.6464E+00   1.6464E+00   5.0373E-01 / 5.0373E-01   1.2267E-01 / 1.2267E-01   46.45% / 46.45%
2180   5.000E-03   1.6290E+00   1.6290E+00   3.8251E-01 / 3.8251E-01   1.2869E-01 / 1.2869E-01   47.10% / 47.10%
2190   5.000E-03   1.6393E+00   1.6393E+00   4.7490E-01 / 4.7490E-01   1.2205E-01 / 1.2205E-01   47.10% / 47.10%
2200   5.000E-03   1.6635E+00   1.6635E+00   4.0446E-01 / 4.0446E-01   1.2746E-01 / 1.2746E-01   47.10% / 47.10%
2210   5.000E-03   1.6170E+00   1.6170E+00   3.9981E-01 / 3.9981E-01   1.2508E-01 / 1.2508E-01   46.45% / 46.45%
2220   5.000E-03   1.6169E+00   1.6169E+00   4.1734E-01 / 4.1734E-01   1.2501E-01 / 1.2501E-01   46.45% / 46.45%
2230   5.000E-03   1.6160E+00   1.6160E+00   4.0977E-01 / 4.0977E-01   1.2668E-01 / 1.2668E-01   46.45% / 46.45%
2240   5.000E-03   1.6154E+00   1.6154E+00   4.0124E-01 / 4.0124E-01   1.2658E-01 / 1.2658E-01   46.45% / 46.45%
2250   5.000E-03   1.6155E+00   1.6155E+00   3.9445E-01 / 3.9445E-01   1.2764E-01 / 1.2764E-01   46.45% / 46.45%
2260   5.000E-03   1.6153E+00   1.6153E+00   3.9217E-01 / 3.9217E-01   1.2817E-01 / 1.2817E-01   46.45% / 46.45%
2270   5.000E-03   1.6152E+00   1.6152E+00   3.9975E-01 / 3.9975E-01   1.2611E-01 / 1.2611E-01   46.45% / 46.45%
2280   5.000E-03   1.6149E+00   1.6149E+00   3.9889E-01 / 3.9889E-01   1.2704E-01 / 1.2704E-01   46.45% / 46.45%
2290   5.000E-03   1.6185E+00   1.6185E+00   3.7911E-01 / 3.7911E-01   1.2758E-01 / 1.2758E-01   46.45% / 46.45%
2300   5.000E-03   1.6147E+00   1.6147E+00   3.9728E-01 / 3.9728E-01   1.2786E-01 / 1.2786E-01   46.45% / 46.45%
2310   5.000E-03   1.6157E+00   1.6157E+00   4.1631E-01 / 4.1631E-01   1.2649E-01 / 1.2649E-01   46.45% / 46.45%
2320   5.000E-03   1.6250E+00   1.6250E+00   3.8234E-01 / 3.8234E-01   1.2867E-01 / 1.2867E-01   47.10% / 47.10%
2330   5.000E-03   1.6176E+00   1.6176E+00   4.2414E-01 / 4.2414E-01   1.2536E-01 / 1.2536E-01   46.45% / 46.45%
2340   5.000E-03   1.6170E+00   1.6170E+00   3.7748E-01 / 3.7748E-01   1.2951E-01 / 1.2951E-01   46.45% / 46.45%
2350   5.000E-03   1.6154E+00   1.6154E+00   4.1398E-01 / 4.1398E-01   1.2686E-01 / 1.2686E-01   46.45% / 46.45%
2360   5.000E-03   1.6143E+00   1.6143E+00   3.9284E-01 / 3.9284E-01   1.2737E-01 / 1.2737E-01   46.45% / 46.45%
2370   5.000E-03   1.6186E+00   1.6186E+00   4.1944E-01 / 4.1944E-01   1.2739E-01 / 1.2739E-01   46.45% / 46.45%
2380   5.000E-03   1.6159E+00   1.6159E+00   4.0598E-01 / 4.0598E-01   1.2838E-01 / 1.2838E-01   46.45% / 46.45%
2390   5.000E-03   1.6496E+00   1.6496E+00   4.9452E-01 / 4.9452E-01   1.2431E-01 / 1.2431E-01   45.81% / 45.81%
2400   5.000E-03   1.6505E+00   1.6505E+00   4.9885E-01 / 4.9885E-01   1.2229E-01 / 1.2229E-01   47.10% / 47.10%
2410   5.000E-03   1.6663E+00   1.6663E+00   5.2387E-01 / 5.2387E-01   1.2390E-01 / 1.2390E-01   46.45% / 46.45%
2420   5.000E-03   1.6561E+00   1.6561E+00   3.6242E-01 / 3.6242E-01   1.2999E-01 / 1.2999E-01   46.45% / 46.45%
2430   5.000E-03   1.6256E+00   1.6256E+00   3.6194E-01 / 3.6194E-01   1.3070E-01 / 1.3070E-01   46.45% / 46.45%
2440   5.000E-03   1.6162E+00   1.6162E+00   4.1451E-01 / 4.1451E-01   1.2719E-01 / 1.2719E-01   46.45% / 46.45%
2450   5.000E-03   1.6182E+00   1.6182E+00   4.2943E-01 / 4.2943E-01   1.2588E-01 / 1.2588E-01   46.45% / 46.45%
2460   5.000E-03   1.6197E+00   1.6197E+00   3.8820E-01 / 3.8820E-01   1.2801E-01 / 1.2801E-01   46.45% / 46.45%
2470   5.000E-03   1.6142E+00   1.6142E+00   3.9313E-01 / 3.9313E-01   1.2804E-01 / 1.2804E-01   46.45% / 46.45%
2480   5.000E-03   1.6140E+00   1.6140E+00   4.0165E-01 / 4.0165E-01   1.2739E-01 / 1.2739E-01   46.45% / 46.45%
2490   5.000E-03   1.6138E+00   1.6138E+00   4.0508E-01 / 4.0508E-01   1.2634E-01 / 1.2634E-01   46.45% / 46.45%
2500   5.000E-03   1.6147E+00   1.6147E+00   3.9253E-01 / 3.9253E-01   1.2662E-01 / 1.2662E-01   46.45% / 46.45%
2510   5.000E-03   1.6138E+00   1.6138E+00   4.0478E-01 / 4.0478E-01   1.2657E-01 / 1.2657E-01   46.45% / 46.45%
2520   5.000E-03   1.6135E+00   1.6135E+00   4.0091E-01 / 4.0091E-01   1.2736E-01 / 1.2736E-01   46.45% / 46.45%
2530   5.000E-03   1.6136E+00   1.6136E+00   3.9367E-01 / 3.9367E-01   1.2782E-01 / 1.2782E-01   46.45% / 46.45%
2540   5.000E-03   1.6132E+00   1.6132E+00   3.9541E-01 / 3.9541E-01   1.2815E-01 / 1.2815E-01   46.45% / 46.45%
2550   5.000E-03   1.6132E+00   1.6132E+00   4.0212E-01 / 4.0212E-01   1.2731E-01 / 1.2731E-01   46.45% / 46.45%
2560   5.000E-03   1.6133E+00   1.6133E+00   3.9390E-01 / 3.9390E-01   1.2731E-01 / 1.2731E-01   46.45% / 46.45%
2570   5.000E-03   1.6133E+00   1.6133E+00   3.9070E-01 / 3.9070E-01   1.2800E-01 / 1.2800E-01   46.45% / 46.45%
2580   5.000E-03   1.6147E+00   1.6147E+00   3.8566E-01 / 3.8566E-01   1.2831E-01 / 1.2831E-01   46.45% / 46.45%
2590   5.000E-03   1.6141E+00   1.6141E+00   4.1655E-01 / 4.1655E-01   1.2679E-01 / 1.2679E-01   46.45% / 46.45%
2600   5.000E-03   1.6128E+00   1.6128E+00   4.0155E-01 / 4.0155E-01   1.2809E-01 / 1.2809E-01   46.45% / 46.45%
2610   5.000E-03   1.6126E+00   1.6126E+00   3.9561E-01 / 3.9561E-01   1.2817E-01 / 1.2817E-01   46.45% / 46.45%
2620   5.000E-03   1.6129E+00   1.6129E+00   3.8648E-01 / 3.8648E-01   1.2882E-01 / 1.2882E-01   46.45% / 46.45%
2630   5.000E-03   1.6123E+00   1.6123E+00   3.9816E-01 / 3.9816E-01   1.2873E-01 / 1.2873E-01   46.45% / 46.45%
2640   5.000E-03   1.6126E+00   1.6126E+00   4.0908E-01 / 4.0908E-01   1.2726E-01 / 1.2726E-01   46.45% / 46.45%
2650   5.000E-03   1.6125E+00   1.6125E+00   3.8514E-01 / 3.8514E-01   1.2992E-01 / 1.2992E-01   46.45% / 46.45%
2660   5.000E-03   1.6125E+00   1.6125E+00   3.9649E-01 / 3.9649E-01   1.2927E-01 / 1.2927E-01   46.45% / 46.45%
2670   5.000E-03   1.6119E+00   1.6119E+00   3.9962E-01 / 3.9962E-01   1.2802E-01 / 1.2802E-01   46.45% / 46.45%
2680   5.000E-03   1.6124E+00   1.6124E+00   3.8840E-01 / 3.8840E-01   1.2978E-01 / 1.2978E-01   46.45% / 46.45%
2690   5.000E-03   1.6118E+00   1.6118E+00   3.9698E-01 / 3.9698E-01   1.2897E-01 / 1.2897E-01   46.45% / 46.45%
2700   5.000E-03   1.6116E+00   1.6116E+00   3.8995E-01 / 3.8995E-01   1.2978E-01 / 1.2978E-01   46.45% / 46.45%
2710   5.000E-03   1.6123E+00   1.6123E+00   3.9835E-01 / 3.9835E-01   1.2878E-01 / 1.2878E-01   46.45% / 46.45%
2720   5.000E-03   1.6156E+00   1.6156E+00   4.1548E-01 / 4.1548E-01   1.2887E-01 / 1.2887E-01   46.45% / 46.45%
2730   5.000E-03   1.6191E+00   1.6191E+00   4.0492E-01 / 4.0492E-01   1.3059E-01 / 1.3059E-01   46.45% / 46.45%
2740   5.000E-03   1.6119E+00   1.6119E+00   4.0191E-01 / 4.0191E-01   1.2824E-01 / 1.2824E-01   46.45% / 46.45%
2750   5.000E-03   1.6144E+00   1.6144E+00   4.0528E-01 / 4.0528E-01   1.2846E-01 / 1.2846E-01   46.45% / 46.45%
2760   5.000E-03   1.6120E+00   1.6120E+00   3.8360E-01 / 3.8360E-01   1.2954E-01 / 1.2954E-01   46.45% / 46.45%
2770   5.000E-03   1.6121E+00   1.6121E+00   3.8576E-01 / 3.8576E-01   1.3016E-01 / 1.3016E-01   46.45% / 46.45%
2780   5.000E-03   1.6115E+00   1.6115E+00   3.8597E-01 / 3.8597E-01   1.2949E-01 / 1.2949E-01   46.45% / 46.45%
2790   5.000E-03   1.6114E+00   1.6114E+00   4.0506E-01 / 4.0506E-01   1.2860E-01 / 1.2860E-01   46.45% / 46.45%
2800   5.000E-03   1.6106E+00   1.6106E+00   3.9031E-01 / 3.9031E-01   1.3056E-01 / 1.3056E-01   46.45% / 46.45%
2810   5.000E-03   1.6109E+00   1.6109E+00   3.9383E-01 / 3.9383E-01   1.2920E-01 / 1.2920E-01   46.45% / 46.45%
2820   5.000E-03   1.6111E+00   1.6111E+00   3.8691E-01 / 3.8691E-01   1.3105E-01 / 1.3105E-01   46.45% / 46.45%
2830   5.000E-03   1.6120E+00   1.6120E+00   4.0362E-01 / 4.0362E-01   1.2983E-01 / 1.2983E-01   46.45% / 46.45%
2840   5.000E-03   1.6122E+00   1.6122E+00   3.7930E-01 / 3.7930E-01   1.3009E-01 / 1.3009E-01   46.45% / 46.45%
2850   5.000E-03   1.6102E+00   1.6102E+00   3.9733E-01 / 3.9733E-01   1.3006E-01 / 1.3006E-01   46.45% / 46.45%
2860   5.000E-03   1.6102E+00   1.6102E+00   3.9350E-01 / 3.9350E-01   1.3122E-01 / 1.3122E-01   46.45% / 46.45%
2870   5.000E-03   1.6152E+00   1.6152E+00   3.7688E-01 / 3.7688E-01   1.3108E-01 / 1.3108E-01   46.45% / 46.45%
2880   5.000E-03   1.6155E+00   1.6155E+00   3.9195E-01 / 3.9195E-01   1.3061E-01 / 1.3061E-01   47.10% / 47.10%
2890   5.000E-03   1.6098E+00   1.6098E+00   3.9483E-01 / 3.9483E-01   1.2932E-01 / 1.2932E-01   46.45% / 46.45%
2900   5.000E-03   1.6121E+00   1.6121E+00   4.0878E-01 / 4.0878E-01   1.2996E-01 / 1.2996E-01   46.45% / 46.45%
2910   5.000E-03   1.6274E+00   1.6274E+00   3.9199E-01 / 3.9199E-01   1.3231E-01 / 1.3231E-01   46.45% / 46.45%
2920   5.000E-03   1.6379E+00   1.6379E+00   4.0569E-01 / 4.0569E-01   1.3191E-01 / 1.3191E-01   46.45% / 46.45%
2930   5.000E-03   1.6206E+00   1.6206E+00   3.5773E-01 / 3.5773E-01   1.3386E-01 / 1.3386E-01   46.45% / 46.45%
2940   5.000E-03   1.6134E+00   1.6134E+00   4.1238E-01 / 4.1238E-01   1.2877E-01 / 1.2877E-01   46.45% / 46.45%
2950   5.000E-03   1.6120E+00   1.6120E+00   4.1061E-01 / 4.1061E-01   1.2977E-01 / 1.2977E-01   46.45% / 46.45%
2960   5.000E-03   1.6099E+00   1.6099E+00   3.8952E-01 / 3.8952E-01   1.3199E-01 / 1.3199E-01   46.45% / 46.45%
2970   5.000E-03   1.6096E+00   1.6096E+00   3.9040E-01 / 3.9040E-01   1.3071E-01 / 1.3071E-01   46.45% / 46.45%
2980   5.000E-03   1.6096E+00   1.6096E+00   3.9831E-01 / 3.9831E-01   1.3030E-01 / 1.3030E-01   46.45% / 46.45%
2990   5.000E-03   1.6095E+00   1.6095E+00   3.9529E-01 / 3.9529E-01   1.2966E-01 / 1.2966E-01   46.45% / 46.45%
3000   5.000E-03   1.6101E+00   1.6101E+00   3.9763E-01 / 3.9763E-01   1.3019E-01 / 1.3019E-01   46.45% / 46.45%
3010   5.000E-03   1.6103E+00   1.6103E+00   3.9918E-01 / 3.9918E-01   1.3096E-01 / 1.3096E-01   46.45% / 46.45%
3020   5.000E-03   1.6092E+00   1.6092E+00   3.9309E-01 / 3.9309E-01   1.3071E-01 / 1.3071E-01   46.45% / 46.45%
3030   5.000E-03   1.6101E+00   1.6101E+00   3.8189E-01 / 3.8189E-01   1.3126E-01 / 1.3126E-01   46.45% / 46.45%
3040   5.000E-03   1.6088E+00   1.6088E+00   3.9258E-01 / 3.9258E-01   1.3093E-01 / 1.3093E-01   46.45% / 46.45%
3050   5.000E-03   1.6091E+00   1.6091E+00   3.8985E-01 / 3.8985E-01   1.3159E-01 / 1.3159E-01   46.45% / 46.45%
3060   5.000E-03   1.6098E+00   1.6098E+00   3.8395E-01 / 3.8395E-01   1.3203E-01 / 1.3203E-01   46.45% / 46.45%
3070   5.000E-03   1.6091E+00   1.6091E+00   3.8350E-01 / 3.8350E-01   1.3076E-01 / 1.3076E-01   46.45% / 46.45%
3080   5.000E-03   1.6093E+00   1.6093E+00   3.9285E-01 / 3.9285E-01   1.3021E-01 / 1.3021E-01   46.45% / 46.45%
3090   5.000E-03   1.6100E+00   1.6100E+00   4.0680E-01 / 4.0680E-01   1.3050E-01 / 1.3050E-01   46.45% / 46.45%
3100   5.000E-03   1.6103E+00   1.6103E+00   3.9717E-01 / 3.9717E-01   1.3116E-01 / 1.3116E-01   46.45% / 46.45%
3110   5.000E-03   1.6092E+00   1.6092E+00   3.8664E-01 / 3.8664E-01   1.3036E-01 / 1.3036E-01   46.45% / 46.45%
3120   5.000E-03   1.6104E+00   1.6104E+00   3.7104E-01 / 3.7104E-01   1.3278E-01 / 1.3278E-01   46.45% / 46.45%
3130   5.000E-03   1.6439E+00   1.6439E+00   4.4839E-01 / 4.4839E-01   1.3059E-01 / 1.3059E-01   45.81% / 45.81%
3140   5.000E-03   1.6247E+00   1.6247E+00   4.3604E-01 / 4.3604E-01   1.3099E-01 / 1.3099E-01   46.45% / 46.45%
3150   5.000E-03   1.6102E+00   1.6102E+00   3.7285E-01 / 3.7285E-01   1.3286E-01 / 1.3286E-01   46.45% / 46.45%
3160   5.000E-03   1.6089E+00   1.6089E+00   3.9230E-01 / 3.9230E-01   1.3039E-01 / 1.3039E-01   46.45% / 46.45%
3170   5.000E-03   1.6086E+00   1.6086E+00   3.9772E-01 / 3.9772E-01   1.3140E-01 / 1.3140E-01   46.45% / 46.45%
3180   5.000E-03   1.6094E+00   1.6094E+00   3.8514E-01 / 3.8514E-01   1.3182E-01 / 1.3182E-01   46.45% / 46.45%
3190   5.000E-03   1.6124E+00   1.6124E+00   4.1927E-01 / 4.1927E-01   1.2898E-01 / 1.2898E-01   46.45% / 46.45%
3200   5.000E-03   1.6088E+00   1.6088E+00   3.9716E-01 / 3.9716E-01   1.3186E-01 / 1.3186E-01   46.45% / 46.45%
3210   5.000E-03   1.6088E+00   1.6088E+00   3.8884E-01 / 3.8884E-01   1.3339E-01 / 1.3339E-01   46.45% / 46.45%
3220   5.000E-03   1.6080E+00   1.6080E+00   3.9800E-01 / 3.9800E-01   1.3107E-01 / 1.3107E-01   46.45% / 46.45%
3230   5.000E-03   1.6079E+00   1.6079E+00   3.8612E-01 / 3.8612E-01   1.3181E-01 / 1.3181E-01   46.45% / 46.45%
3240   5.000E-03   1.6081E+00   1.6081E+00   3.9369E-01 / 3.9369E-01   1.3255E-01 / 1.3255E-01   46.45% / 46.45%
3250   5.000E-03   1.6118E+00   1.6118E+00   4.0051E-01 / 4.0051E-01   1.2936E-01 / 1.2936E-01   46.45% / 46.45%
3260   5.000E-03   1.6179E+00   1.6179E+00   3.5810E-01 / 3.5810E-01   1.3388E-01 / 1.3388E-01   46.45% / 46.45%
3270   5.000E-03   1.6088E+00   1.6088E+00   3.9401E-01 / 3.9401E-01   1.3243E-01 / 1.3243E-01   46.45% / 46.45%
3280   5.000E-03   1.6072E+00   1.6072E+00   3.8575E-01 / 3.8575E-01   1.3214E-01 / 1.3214E-01   46.45% / 46.45%
3290   5.000E-03   1.6073E+00   1.6073E+00   3.8961E-01 / 3.8961E-01   1.3179E-01 / 1.3179E-01   46.45% / 46.45%
3300   5.000E-03   1.6072E+00   1.6072E+00   3.8071E-01 / 3.8071E-01   1.3366E-01 / 1.3366E-01   46.45% / 46.45%
3310   5.000E-03   1.6076E+00   1.6076E+00   3.9839E-01 / 3.9839E-01   1.3169E-01 / 1.3169E-01   46.45% / 46.45%
3320   5.000E-03   1.6113E+00   1.6113E+00   4.1050E-01 / 4.1050E-01   1.3184E-01 / 1.3184E-01   46.45% / 46.45%
3330   5.000E-03   1.6078E+00   1.6078E+00   3.8170E-01 / 3.8170E-01   1.3295E-01 / 1.3295E-01   46.45% / 46.45%
3340   5.000E-03   1.6081E+00   1.6081E+00   3.8079E-01 / 3.8079E-01   1.3261E-01 / 1.3261E-01   46.45% / 46.45%
3350   5.000E-03   1.6084E+00   1.6084E+00   3.8480E-01 / 3.8480E-01   1.3085E-01 / 1.3085E-01   46.45% / 46.45%
3360   5.000E-03   1.6184E+00   1.6184E+00   3.8140E-01 / 3.8140E-01   1.3259E-01 / 1.3259E-01   47.10% / 47.10%
3370   5.000E-03   1.6091E+00   1.6091E+00   3.8294E-01 / 3.8294E-01   1.3129E-01 / 1.3129E-01   46.45% / 46.45%
3380   5.000E-03   1.6070E+00   1.6070E+00   3.8957E-01 / 3.8957E-01   1.3222E-01 / 1.3222E-01   46.45% / 46.45%
3390   5.000E-03   1.6065E+00   1.6065E+00   3.8760E-01 / 3.8760E-01   1.3245E-01 / 1.3245E-01   46.45% / 46.45%
3400   5.000E-03   1.6068E+00   1.6068E+00   3.7947E-01 / 3.7947E-01   1.3279E-01 / 1.3279E-01   46.45% / 46.45%
3410   5.000E-03   1.6075E+00   1.6075E+00   3.9345E-01 / 3.9345E-01   1.3362E-01 / 1.3362E-01   46.45% / 46.45%
3420   5.000E-03   1.6084E+00   1.6084E+00   3.7203E-01 / 3.7203E-01   1.3400E-01 / 1.3400E-01   46.45% / 46.45%
3430   5.000E-03   1.6062E+00   1.6062E+00   3.8556E-01 / 3.8556E-01   1.3249E-01 / 1.3249E-01   46.45% / 46.45%
3440   5.000E-03   1.6064E+00   1.6064E+00   3.9550E-01 / 3.9550E-01   1.3233E-01 / 1.3233E-01   46.45% / 46.45%
3450   5.000E-03   1.6083E+00   1.6083E+00   3.6277E-01 / 3.6277E-01   1.3489E-01 / 1.3489E-01   46.45% / 46.45%
3460   5.000E-03   1.6061E+00   1.6061E+00   3.9108E-01 / 3.9108E-01   1.3224E-01 / 1.3224E-01   46.45% / 46.45%
3470   5.000E-03   1.6118E+00   1.6118E+00   4.2201E-01 / 4.2201E-01   1.3155E-01 / 1.3155E-01   46.45% / 46.45%
3480   5.000E-03   1.6067E+00   1.6067E+00   3.9487E-01 / 3.9487E-01   1.3330E-01 / 1.3330E-01   46.45% / 46.45%
3490   5.000E-03   1.6062E+00   1.6062E+00   3.7825E-01 / 3.7825E-01   1.3434E-01 / 1.3434E-01   46.45% / 46.45%
3500   5.000E-03   1.6062E+00   1.6062E+00   3.7534E-01 / 3.7534E-01   1.3603E-01 / 1.3603E-01   46.45% / 46.45%
3510   5.000E-03   1.6067E+00   1.6067E+00   3.9240E-01 / 3.9240E-01   1.3385E-01 / 1.3385E-01   46.45% / 46.45%
3520   5.000E-03   1.6119E+00   1.6119E+00   3.6158E-01 / 3.6158E-01   1.3384E-01 / 1.3384E-01   46.45% / 46.45%
3530   5.000E-03   1.6080E+00   1.6080E+00   4.0599E-01 / 4.0599E-01   1.3230E-01 / 1.3230E-01   46.45% / 46.45%
3540   5.000E-03   1.6062E+00   1.6062E+00   3.7787E-01 / 3.7787E-01   1.3409E-01 / 1.3409E-01   46.45% / 46.45%
3550   5.000E-03   1.6122E+00   1.6122E+00   3.9880E-01 / 3.9880E-01   1.3513E-01 / 1.3513E-01   46.45% / 46.45%
3560   5.000E-03   1.6076E+00   1.6076E+00   3.9200E-01 / 3.9200E-01   1.3536E-01 / 1.3536E-01   46.45% / 46.45%
3570   5.000E-03   1.6164E+00   1.6164E+00   3.5462E-01 / 3.5462E-01   1.3524E-01 / 1.3524E-01   46.45% / 46.45%
3580   5.000E-03   1.6125E+00   1.6125E+00   3.7846E-01 / 3.7846E-01   1.3407E-01 / 1.3407E-01   47.10% / 47.10%
3590   5.000E-03   1.6057E+00   1.6057E+00   3.7716E-01 / 3.7716E-01   1.3344E-01 / 1.3344E-01   46.45% / 46.45%
3600   5.000E-03   1.6056E+00   1.6056E+00   3.8302E-01 / 3.8302E-01   1.3255E-01 / 1.3255E-01   46.45% / 46.45%
3610   5.000E-03   1.6051E+00   1.6051E+00   3.9040E-01 / 3.9040E-01   1.3251E-01 / 1.3251E-01   46.45% / 46.45%
3620   5.000E-03   1.6056E+00   1.6056E+00   3.9045E-01 / 3.9045E-01   1.3355E-01 / 1.3355E-01   46.45% / 46.45%
3630   5.000E-03   1.6202E+00   1.6202E+00   3.5302E-01 / 3.5302E-01   1.3918E-01 / 1.3918E-01   46.45% / 46.45%
3640   5.000E-03   1.6300E+00   1.6300E+00   3.8373E-01 / 3.8373E-01   1.3228E-01 / 1.3228E-01   47.10% / 47.10%
3650   5.000E-03   1.8061E+00   1.8061E+00   7.2501E-01 / 7.2501E-01   1.2752E-01 / 1.2752E-01   45.16% / 45.16%
3660   5.000E-03   1.6088E+00   1.6088E+00   3.6769E-01 / 3.6769E-01   1.3639E-01 / 1.3639E-01   46.45% / 46.45%
3670   5.000E-03   1.6067E+00   1.6067E+00   4.0845E-01 / 4.0845E-01   1.3121E-01 / 1.3121E-01   46.45% / 46.45%
3680   5.000E-03   1.6055E+00   1.6055E+00   3.8731E-01 / 3.8731E-01   1.3338E-01 / 1.3338E-01   46.45% / 46.45%
3690   5.000E-03   1.6052E+00   1.6052E+00   3.8802E-01 / 3.8802E-01   1.3362E-01 / 1.3362E-01   46.45% / 46.45%
3700   5.000E-03   1.6051E+00   1.6051E+00   3.8850E-01 / 3.8850E-01   1.3267E-01 / 1.3267E-01   46.45% / 46.45%
3710   5.000E-03   1.6060E+00   1.6060E+00   3.9486E-01 / 3.9486E-01   1.3296E-01 / 1.3296E-01   46.45% / 46.45%
3720   5.000E-03   1.6052E+00   1.6052E+00   3.7823E-01 / 3.7823E-01   1.3486E-01 / 1.3486E-01   46.45% / 46.45%
3730   5.000E-03   1.6049E+00   1.6049E+00   3.8734E-01 / 3.8734E-01   1.3373E-01 / 1.3373E-01   46.45% / 46.45%
3740   5.000E-03   1.6053E+00   1.6053E+00   3.9136E-01 / 3.9136E-01   1.3478E-01 / 1.3478E-01   46.45% / 46.45%
3750   5.000E-03   1.6067E+00   1.6067E+00   4.0967E-01 / 4.0967E-01   1.3151E-01 / 1.3151E-01   46.45% / 46.45%
3760   5.000E-03   1.6047E+00   1.6047E+00   3.8337E-01 / 3.8337E-01   1.3472E-01 / 1.3472E-01   46.45% / 46.45%
3770   5.000E-03   1.6050E+00   1.6050E+00   3.8079E-01 / 3.8079E-01   1.3349E-01 / 1.3349E-01   46.45% / 46.45%
3780   5.000E-03   1.6046E+00   1.6046E+00   3.8965E-01 / 3.8965E-01   1.3280E-01 / 1.3280E-01   46.45% / 46.45%
3790   5.000E-03   1.6045E+00   1.6045E+00   3.8423E-01 / 3.8423E-01   1.3362E-01 / 1.3362E-01   46.45% / 46.45%
3800   5.000E-03   1.6045E+00   1.6045E+00   3.8718E-01 / 3.8718E-01   1.3343E-01 / 1.3343E-01   46.45% / 46.45%
3810   5.000E-03   1.6044E+00   1.6044E+00   3.8433E-01 / 3.8433E-01   1.3535E-01 / 1.3535E-01   46.45% / 46.45%
3820   5.000E-03   1.6045E+00   1.6045E+00   3.9060E-01 / 3.9060E-01   1.3310E-01 / 1.3310E-01   46.45% / 46.45%
3830   5.000E-03   1.6043E+00   1.6043E+00   3.8043E-01 / 3.8043E-01   1.3477E-01 / 1.3477E-01   46.45% / 46.45%
3840   5.000E-03   1.6045E+00   1.6045E+00   3.8308E-01 / 3.8308E-01   1.3369E-01 / 1.3369E-01   46.45% / 46.45%
3850   5.000E-03   1.6043E+00   1.6043E+00   3.7737E-01 / 3.7737E-01   1.3572E-01 / 1.3572E-01   46.45% / 46.45%
3860   5.000E-03   1.6041E+00   1.6041E+00   3.8277E-01 / 3.8277E-01   1.3435E-01 / 1.3435E-01   46.45% / 46.45%
3870   5.000E-03   1.6044E+00   1.6044E+00   3.9333E-01 / 3.9333E-01   1.3490E-01 / 1.3490E-01   46.45% / 46.45%
3880   5.000E-03   1.6042E+00   1.6042E+00   3.8402E-01 / 3.8402E-01   1.3542E-01 / 1.3542E-01   46.45% / 46.45%
3890   5.000E-03   1.6043E+00   1.6043E+00   3.7459E-01 / 3.7459E-01   1.3620E-01 / 1.3620E-01   46.45% / 46.45%
3900   5.000E-03   1.6039E+00   1.6039E+00   3.8237E-01 / 3.8237E-01   1.3564E-01 / 1.3564E-01   46.45% / 46.45%
3910   5.000E-03   1.6053E+00   1.6053E+00   3.7207E-01 / 3.7207E-01   1.3474E-01 / 1.3474E-01   46.45% / 46.45%
3920   5.000E-03   1.6061E+00   1.6061E+00   4.0743E-01 / 4.0743E-01   1.3381E-01 / 1.3381E-01   46.45% / 46.45%
3930   5.000E-03   1.6039E+00   1.6039E+00   3.8051E-01 / 3.8051E-01   1.3716E-01 / 1.3716E-01   46.45% / 46.45%
3940   5.000E-03   1.6040E+00   1.6040E+00   3.8464E-01 / 3.8464E-01   1.3542E-01 / 1.3542E-01   46.45% / 46.45%
3950   5.000E-03   1.6037E+00   1.6037E+00   3.8104E-01 / 3.8104E-01   1.3545E-01 / 1.3545E-01   46.45% / 46.45%
3960   5.000E-03   1.6039E+00   1.6039E+00   3.8278E-01 / 3.8278E-01   1.3515E-01 / 1.3515E-01   46.45% / 46.45%
3970   5.000E-03   1.6042E+00   1.6042E+00   3.6589E-01 / 3.6589E-01   1.3828E-01 / 1.3828E-01   46.45% / 46.45%
3980   5.000E-03   1.6112E+00   1.6112E+00   3.6429E-01 / 3.6429E-01   1.3577E-01 / 1.3577E-01   46.45% / 46.45%
3990   5.000E-03   1.6047E+00   1.6047E+00   3.9141E-01 / 3.9141E-01   1.3329E-01 / 1.3329E-01   46.45% / 46.45%
4000   5.000E-03   1.6056E+00   1.6056E+00   3.7412E-01 / 3.7412E-01   1.3657E-01 / 1.3657E-01   46.45% / 46.45%
4010   5.000E-03   1.6037E+00   1.6037E+00   3.7537E-01 / 3.7537E-01   1.3523E-01 / 1.3523E-01   46.45% / 46.45%
4020   5.000E-03   1.6053E+00   1.6053E+00   3.9464E-01 / 3.9464E-01   1.3641E-01 / 1.3641E-01   46.45% / 46.45%
4030   5.000E-03   1.6033E+00   1.6033E+00   3.7801E-01 / 3.7801E-01   1.3672E-01 / 1.3672E-01   46.45% / 46.45%
4040   5.000E-03   1.6032E+00   1.6032E+00   3.8668E-01 / 3.8668E-01   1.3477E-01 / 1.3477E-01   46.45% / 46.45%
4050   5.000E-03   1.6031E+00   1.6031E+00   3.8066E-01 / 3.8066E-01   1.3564E-01 / 1.3564E-01   46.45% / 46.45%
4060   5.000E-03   1.6033E+00   1.6033E+00   3.8801E-01 / 3.8801E-01   1.3555E-01 / 1.3555E-01   46.45% / 46.45%
4070   5.000E-03   1.6030E+00   1.6030E+00   3.8351E-01 / 3.8351E-01   1.3504E-01 / 1.3504E-01   46.45% / 46.45%
4080   5.000E-03   1.6034E+00   1.6034E+00   3.7709E-01 / 3.7709E-01   1.3755E-01 / 1.3755E-01   46.45% / 46.45%
4090   5.000E-03   1.6049E+00   1.6049E+00   3.7548E-01 / 3.7548E-01   1.3516E-01 / 1.3516E-01   46.45% / 46.45%
4100   5.000E-03   1.6033E+00   1.6033E+00   3.7159E-01 / 3.7159E-01   1.3777E-01 / 1.3777E-01   47.10% / 47.10%
4110   5.000E-03   1.6030E+00   1.6030E+00   3.8589E-01 / 3.8589E-01   1.3638E-01 / 1.3638E-01   46.45% / 46.45%
4120   5.000E-03   1.6039E+00   1.6039E+00   3.9143E-01 / 3.9143E-01   1.3537E-01 / 1.3537E-01   46.45% / 46.45%
4130   5.000E-03   1.6034E+00   1.6034E+00   3.7544E-01 / 3.7544E-01   1.3726E-01 / 1.3726E-01   47.10% / 47.10%
4140   5.000E-03   1.6045E+00   1.6045E+00   3.7844E-01 / 3.7844E-01   1.3877E-01 / 1.3877E-01   47.10% / 47.10%
4150   5.000E-03   1.6029E+00   1.6029E+00   3.6913E-01 / 3.6913E-01   1.3782E-01 / 1.3782E-01   47.10% / 47.10%
4160   5.000E-03   1.6051E+00   1.6051E+00   3.6824E-01 / 3.6824E-01   1.3848E-01 / 1.3848E-01   47.10% / 47.10%
4170   5.000E-03   1.6071E+00   1.6071E+00   3.7561E-01 / 3.7561E-01   1.3678E-01 / 1.3678E-01   47.10% / 47.10%
4180   5.000E-03   1.6083E+00   1.6083E+00   3.9714E-01 / 3.9714E-01   1.3504E-01 / 1.3504E-01   46.45% / 46.45%
4190   5.000E-03   1.6049E+00   1.6049E+00   3.6288E-01 / 3.6288E-01   1.3860E-01 / 1.3860E-01   47.10% / 47.10%
4200   5.000E-03   1.6047E+00   1.6047E+00   3.8892E-01 / 3.8892E-01   1.3426E-01 / 1.3426E-01   46.45% / 46.45%
4210   5.000E-03   1.6046E+00   1.6046E+00   3.7948E-01 / 3.7948E-01   1.3895E-01 / 1.3895E-01   47.10% / 47.10%
4220   5.000E-03   1.6030E+00   1.6030E+00   3.6864E-01 / 3.6864E-01   1.3836E-01 / 1.3836E-01   47.10% / 47.10%
4230   5.000E-03   1.6095E+00   1.6095E+00   3.5239E-01 / 3.5239E-01   1.3823E-01 / 1.3823E-01   47.10% / 47.10%
4240   5.000E-03   1.6085E+00   1.6085E+00   3.8564E-01 / 3.8564E-01   1.3655E-01 / 1.3655E-01   47.74% / 47.74%
4250   5.000E-03   1.6033E+00   1.6033E+00   3.6271E-01 / 3.6271E-01   1.3827E-01 / 1.3827E-01   47.10% / 47.10%
4260   5.000E-03   1.6024E+00   1.6024E+00   3.7179E-01 / 3.7179E-01   1.3756E-01 / 1.3756E-01   47.10% / 47.10%
4270   5.000E-03   1.6021E+00   1.6021E+00   3.7812E-01 / 3.7812E-01   1.3764E-01 / 1.3764E-01   47.10% / 47.10%
4280   5.000E-03   1.6027E+00   1.6027E+00   3.9668E-01 / 3.9668E-01   1.3499E-01 / 1.3499E-01   47.10% / 47.10%
4290   5.000E-03   1.6033E+00   1.6033E+00   3.9104E-01 / 3.9104E-01   1.3614E-01 / 1.3614E-01   47.10% / 47.10%
4300   5.000E-03   1.6022E+00   1.6022E+00   3.7897E-01 / 3.7897E-01   1.3652E-01 / 1.3652E-01   47.10% / 47.10%
4310   5.000E-03   1.6042E+00   1.6042E+00   3.6411E-01 / 3.6411E-01   1.3737E-01 / 1.3737E-01   47.10% / 47.10%
4320   5.000E-03   1.6023E+00   1.6023E+00   3.8889E-01 / 3.8889E-01   1.3626E-01 / 1.3626E-01   47.10% / 47.10%
4330   5.000E-03   1.6025E+00   1.6025E+00   3.9029E-01 / 3.9029E-01   1.3716E-01 / 1.3716E-01   47.10% / 47.10%
4340   5.000E-03   1.6043E+00   1.6043E+00   3.9407E-01 / 3.9407E-01   1.3569E-01 / 1.3569E-01   47.10% / 47.10%
4350   5.000E-03   1.6040E+00   1.6040E+00   3.5991E-01 / 3.5991E-01   1.4144E-01 / 1.4144E-01   47.10% / 47.10%
4360   5.000E-03   1.6028E+00   1.6028E+00   3.7866E-01 / 3.7866E-01   1.3498E-01 / 1.3498E-01   47.10% / 47.10%
4370   5.000E-03   1.6298E+00   1.6298E+00   3.6855E-01 / 3.6855E-01   1.4100E-01 / 1.4100E-01   47.74% / 47.74%
4380   5.000E-03   1.6185E+00   1.6185E+00   3.4778E-01 / 3.4778E-01   1.3982E-01 / 1.3982E-01   47.10% / 47.10%
4390   5.000E-03   1.6058E+00   1.6058E+00   3.5788E-01 / 3.5788E-01   1.3874E-01 / 1.3874E-01   47.10% / 47.10%
4400   5.000E-03   1.6083E+00   1.6083E+00   4.0375E-01 / 4.0375E-01   1.3958E-01 / 1.3958E-01   47.10% / 47.10%
4410   5.000E-03   1.6071E+00   1.6071E+00   3.6033E-01 / 3.6033E-01   1.3723E-01 / 1.3723E-01   47.10% / 47.10%
4420   5.000E-03   1.6028E+00   1.6028E+00   3.8076E-01 / 3.8076E-01   1.3830E-01 / 1.3830E-01   47.10% / 47.10%
4430   5.000E-03   1.6016E+00   1.6016E+00   3.8300E-01 / 3.8300E-01   1.3790E-01 / 1.3790E-01   47.10% / 47.10%
4440   5.000E-03   1.6025E+00   1.6025E+00   3.5995E-01 / 3.5995E-01   1.4014E-01 / 1.4014E-01   47.10% / 47.10%
4450   5.000E-03   1.6019E+00   1.6019E+00   3.8682E-01 / 3.8682E-01   1.3512E-01 / 1.3512E-01   47.10% / 47.10%
4460   5.000E-03   1.6018E+00   1.6018E+00   3.7492E-01 / 3.7492E-01   1.3883E-01 / 1.3883E-01   47.10% / 47.10%
4470   5.000E-03   1.6024E+00   1.6024E+00   3.8636E-01 / 3.8636E-01   1.3815E-01 / 1.3815E-01   47.10% / 47.10%
4480   5.000E-03   1.6016E+00   1.6016E+00   3.7531E-01 / 3.7531E-01   1.4011E-01 / 1.4011E-01   47.10% / 47.10%
4490   5.000E-03   1.6018E+00   1.6018E+00   3.7851E-01 / 3.7851E-01   1.3629E-01 / 1.3629E-01   47.10% / 47.10%
4500   5.000E-03   1.6013E+00   1.6013E+00   3.7093E-01 / 3.7093E-01   1.4032E-01 / 1.4032E-01   47.10% / 47.10%
4510   5.000E-03   1.6022E+00   1.6022E+00   3.6376E-01 / 3.6376E-01   1.3902E-01 / 1.3902E-01   47.10% / 47.10%
4520   5.000E-03   1.6058E+00   1.6058E+00   3.7024E-01 / 3.7024E-01   1.3924E-01 / 1.3924E-01   47.74% / 47.74%
4530   5.000E-03   1.6093E+00   1.6093E+00   3.6187E-01 / 3.6187E-01   1.3857E-01 / 1.3857E-01   47.10% / 47.10%
4540   5.000E-03   1.6417E+00   1.6417E+00   4.9790E-01 / 4.9790E-01   1.3180E-01 / 1.3180E-01   47.10% / 47.10%
4550   5.000E-03   1.6110E+00   1.6110E+00   3.4146E-01 / 3.4146E-01   1.4111E-01 / 1.4111E-01   47.10% / 47.10%
4560   5.000E-03   1.6021E+00   1.6021E+00   3.7709E-01 / 3.7709E-01   1.3834E-01 / 1.3834E-01   47.10% / 47.10%
4570   5.000E-03   1.6024E+00   1.6024E+00   3.9054E-01 / 3.9054E-01   1.3911E-01 / 1.3911E-01   47.10% / 47.10%
4580   5.000E-03   1.6011E+00   1.6011E+00   3.8167E-01 / 3.8167E-01   1.3666E-01 / 1.3666E-01   47.10% / 47.10%
4590   5.000E-03   1.6011E+00   1.6011E+00   3.8308E-01 / 3.8308E-01   1.3719E-01 / 1.3719E-01   47.10% / 47.10%
4600   5.000E-03   1.6010E+00   1.6010E+00   3.7775E-01 / 3.7775E-01   1.3873E-01 / 1.3873E-01   47.10% / 47.10%
4610   5.000E-03   1.6013E+00   1.6013E+00   3.8156E-01 / 3.8156E-01   1.3656E-01 / 1.3656E-01   47.10% / 47.10%
4620   5.000E-03   1.6010E+00   1.6010E+00   3.7421E-01 / 3.7421E-01   1.3782E-01 / 1.3782E-01   47.10% / 47.10%
4630   5.000E-03   1.6015E+00   1.6015E+00   3.6224E-01 / 3.6224E-01   1.4051E-01 / 1.4051E-01   47.10% / 47.10%
4640   5.000E-03   1.6011E+00   1.6011E+00   3.8918E-01 / 3.8918E-01   1.3585E-01 / 1.3585E-01   47.10% / 47.10%
4650   5.000E-03   1.6009E+00   1.6009E+00   3.7041E-01 / 3.7041E-01   1.3873E-01 / 1.3873E-01   47.10% / 47.10%
4660   5.000E-03   1.6013E+00   1.6013E+00   3.6170E-01 / 3.6170E-01   1.4190E-01 / 1.4190E-01   47.10% / 47.10%
4670   5.000E-03   1.6009E+00   1.6009E+00   3.8493E-01 / 3.8493E-01   1.3723E-01 / 1.3723E-01   47.10% / 47.10%
4680   5.000E-03   1.6008E+00   1.6008E+00   3.8210E-01 / 3.8210E-01   1.3784E-01 / 1.3784E-01   47.10% / 47.10%
4690   5.000E-03   1.6012E+00   1.6012E+00   3.6189E-01 / 3.6189E-01   1.4194E-01 / 1.4194E-01   47.10% / 47.10%
4700   5.000E-03   1.6017E+00   1.6017E+00   3.8477E-01 / 3.8477E-01   1.3902E-01 / 1.3902E-01   47.10% / 47.10%
4710   5.000E-03   1.6007E+00   1.6007E+00   3.7238E-01 / 3.7238E-01   1.3909E-01 / 1.3909E-01   47.10% / 47.10%
4720   5.000E-03   1.6017E+00   1.6017E+00   3.9174E-01 / 3.9174E-01   1.3802E-01 / 1.3802E-01   47.10% / 47.10%
4730   5.000E-03   1.6009E+00   1.6009E+00   3.7236E-01 / 3.7236E-01   1.3771E-01 / 1.3771E-01   47.10% / 47.10%
4740   5.000E-03   1.6007E+00   1.6007E+00   3.7690E-01 / 3.7690E-01   1.3974E-01 / 1.3974E-01   47.10% / 47.10%
4750   5.000E-03   1.6012E+00   1.6012E+00   3.8329E-01 / 3.8329E-01   1.3739E-01 / 1.3739E-01   47.10% / 47.10%
4760   5.000E-03   1.6010E+00   1.6010E+00   3.8044E-01 / 3.8044E-01   1.3924E-01 / 1.3924E-01   47.10% / 47.10%
4770   5.000E-03   1.6006E+00   1.6006E+00   3.7636E-01 / 3.7636E-01   1.3840E-01 / 1.3840E-01   47.10% / 47.10%
4780   5.000E-03   1.6008E+00   1.6008E+00   3.6551E-01 / 3.6551E-01   1.4110E-01 / 1.4110E-01   47.10% / 47.10%
4790   5.000E-03   1.6011E+00   1.6011E+00   3.8350E-01 / 3.8350E-01   1.4046E-01 / 1.4046E-01   47.10% / 47.10%
4800   5.000E-03   1.6007E+00   1.6007E+00   3.7907E-01 / 3.7907E-01   1.3905E-01 / 1.3905E-01   47.10% / 47.10%
4810   5.000E-03   1.6009E+00   1.6009E+00   3.8928E-01 / 3.8928E-01   1.3653E-01 / 1.3653E-01   47.10% / 47.10%
4820   5.000E-03   1.6011E+00   1.6011E+00   3.6138E-01 / 3.6138E-01   1.4275E-01 / 1.4275E-01   47.10% / 47.10%
4830   5.000E-03   1.6006E+00   1.6006E+00   3.8204E-01 / 3.8204E-01   1.3720E-01 / 1.3720E-01   47.10% / 47.10%
4840   5.000E-03   1.6008E+00   1.6008E+00   3.7518E-01 / 3.7518E-01   1.3900E-01 / 1.3900E-01   47.10% / 47.10%
4850   5.000E-03   1.6006E+00   1.6006E+00   3.7647E-01 / 3.7647E-01   1.4080E-01 / 1.4080E-01   47.10% / 47.10%
4860   5.000E-03   1.6002E+00   1.6002E+00   3.7856E-01 / 3.7856E-01   1.3918E-01 / 1.3918E-01   47.10% / 47.10%
4870   5.000E-03   1.6004E+00   1.6004E+00   3.6479E-01 / 3.6479E-01   1.4099E-01 / 1.4099E-01   47.10% / 47.10%
4880   5.000E-03   1.6009E+00   1.6009E+00   3.5644E-01 / 3.5644E-01   1.4306E-01 / 1.4306E-01   47.10% / 47.10%
4890   5.000E-03   1.6020E+00   1.6020E+00   3.8349E-01 / 3.8349E-01   1.4215E-01 / 1.4215E-01   47.10% / 47.10%
4900   5.000E-03   1.6012E+00   1.6012E+00   3.7532E-01 / 3.7532E-01   1.4100E-01 / 1.4100E-01   47.10% / 47.10%
4910   5.000E-03   1.6099E+00   1.6099E+00   4.0552E-01 / 4.0552E-01   1.3802E-01 / 1.3802E-01   47.74% / 47.74%
4920   5.000E-03   1.6174E+00   1.6174E+00   4.1867E-01 / 4.1867E-01   1.4294E-01 / 1.4294E-01   47.10% / 47.10%
4930   5.000E-03   1.6138E+00   1.6138E+00   3.6236E-01 / 3.6236E-01   1.3698E-01 / 1.3698E-01   47.10% / 47.10%
4940   5.000E-03   1.6056E+00   1.6056E+00   3.6578E-01 / 3.6578E-01   1.4056E-01 / 1.4056E-01   47.10% / 47.10%
4950   5.000E-03   1.6007E+00   1.6007E+00   3.8658E-01 / 3.8658E-01   1.3876E-01 / 1.3876E-01   47.10% / 47.10%
4960   5.000E-03   1.6000E+00   1.6000E+00   3.7235E-01 / 3.7235E-01   1.4096E-01 / 1.4096E-01   47.10% / 47.10%
4970   5.000E-03   1.6009E+00   1.6009E+00   3.9605E-01 / 3.9605E-01   1.3637E-01 / 1.3637E-01   47.10% / 47.10%
4980   5.000E-03   1.6004E+00   1.6004E+00   3.8276E-01 / 3.8276E-01   1.4033E-01 / 1.4033E-01   47.10% / 47.10%
4990   5.000E-03   1.5998E+00   1.5998E+00   3.7042E-01 / 3.7042E-01   1.4130E-01 / 1.4130E-01   47.10% / 47.10%
5000   5.000E-03   1.6002E+00   1.6002E+00   3.9241E-01 / 3.9241E-01   1.3702E-01 / 1.3702E-01   47.10% / 47.10%
===============================================================================================================
Saved model to models/fp_memorization/TBNNiii-24Apr29_20:32:07.pickle
