=====> WARNING: Training dataset length: 0, assuming memorization test!
========== Dataset info ==========
Dataset params: {'file': '/home/ryley/WDK/ML/dataset/turbulence_dataset_clean.csv', 'Cases': ['fp_2540'], 'val_set': ['fp_2540'], 'test_set': ['fp_2540'], 'data_loader': <class 'tbnn.dataloaders.aDataset'>}
Train/Valid/Test points: 155 / 155 / 155
Memorization?: True
Cluster training?: False
EPOCH     LR        TRAIN         VALID             MSE:T/V                  RL:T/V             %NR_t/%NR_v
===============================================================================================================
  1   5.000E-02   9.6227E+01   9.6227E+01   9.6227E+01 / 9.6227E+01   0.0000E+00 / 0.0000E+00   0.00% / 0.00%
 10   5.000E-02   6.2550E+01   6.2550E+01   6.2550E+01 / 6.2550E+01   0.0000E+00 / 0.0000E+00   0.00% / 0.00%
 20   5.000E-02   2.6297E+01   2.6297E+01   2.6297E+01 / 2.6297E+01   1.5182E-03 / 1.5182E-03   36.77% / 36.77%
 30   5.000E-02   1.1068E+01   1.1068E+01   1.1068E+01 / 1.1068E+01   2.6476E-02 / 2.6476E-02   31.61% / 31.61%
 40   5.000E-02   3.9154E+00   3.9154E+00   3.9154E+00 / 3.9154E+00   4.8991E-02 / 4.8991E-02   32.90% / 32.90%
 50   5.000E-02   2.5329E+00   2.5329E+00   2.5329E+00 / 2.5329E+00   5.5506E-02 / 5.5506E-02   38.71% / 38.71%
 60   5.000E-02   1.6191E+00   1.6191E+00   1.6191E+00 / 1.6191E+00   6.1150E-02 / 6.1150E-02   40.00% / 40.00%
 70   5.000E-02   9.6263E-01   9.6263E-01   9.6263E-01 / 9.6263E-01   8.3375E-02 / 8.3375E-02   41.29% / 41.29%
 80   5.000E-02   8.6850E-01   8.6850E-01   8.6850E-01 / 8.6850E-01   9.8565E-02 / 9.8565E-02   44.52% / 44.52%
 90   5.000E-02   1.0323E+00   1.0323E+00   1.0323E+00 / 1.0323E+00   9.5088E-02 / 9.5088E-02   42.58% / 42.58%
100   5.000E-02   4.9949E-01   4.9949E-01   4.9949E-01 / 4.9949E-01   1.4186E-01 / 1.4186E-01   43.23% / 43.23%
110   5.000E-02   4.7473E-01   4.7473E-01   4.7473E-01 / 4.7473E-01   1.6176E-01 / 1.6176E-01   44.52% / 44.52%
120   5.000E-02   3.6323E-01   3.6323E-01   3.6323E-01 / 3.6323E-01   1.6010E-01 / 1.6010E-01   44.52% / 44.52%
130   5.000E-02   3.2998E-01   3.2998E-01   3.2998E-01 / 3.2998E-01   1.6580E-01 / 1.6580E-01   45.16% / 45.16%
140   5.000E-02   2.9763E-01   2.9763E-01   2.9763E-01 / 2.9763E-01   1.7965E-01 / 1.7965E-01   45.16% / 45.16%
150   5.000E-02   2.7469E-01   2.7469E-01   2.7469E-01 / 2.7469E-01   1.9118E-01 / 1.9118E-01   45.81% / 45.81%
160   5.000E-02   2.5369E-01   2.5369E-01   2.5369E-01 / 2.5369E-01   2.0108E-01 / 2.0108E-01   45.81% / 45.81%
170   5.000E-02   2.3638E-01   2.3638E-01   2.3638E-01 / 2.3638E-01   2.0990E-01 / 2.0990E-01   45.81% / 45.81%
180   5.000E-02   2.3879E-01   2.3879E-01   2.3879E-01 / 2.3879E-01   2.2354E-01 / 2.2354E-01   45.81% / 45.81%
190   5.000E-02   2.8759E-01   2.8759E-01   2.8759E-01 / 2.8759E-01   2.2065E-01 / 2.2065E-01   46.45% / 46.45%
200   5.000E-02   2.4593E-01   2.4593E-01   2.4593E-01 / 2.4593E-01   2.1177E-01 / 2.1177E-01   45.81% / 45.81%
210   5.000E-02   2.0237E-01   2.0237E-01   2.0237E-01 / 2.0237E-01   2.3977E-01 / 2.3977E-01   46.45% / 46.45%
220   5.000E-02   1.8428E-01   1.8428E-01   1.8428E-01 / 1.8428E-01   2.4090E-01 / 2.4090E-01   46.45% / 46.45%
230   5.000E-02   1.7397E-01   1.7397E-01   1.7397E-01 / 1.7397E-01   2.4764E-01 / 2.4764E-01   46.45% / 46.45%
240   5.000E-02   1.6171E-01   1.6171E-01   1.6171E-01 / 1.6171E-01   2.5803E-01 / 2.5803E-01   46.45% / 46.45%
250   5.000E-02   2.5065E-01   2.5065E-01   2.5065E-01 / 2.5065E-01   2.4966E-01 / 2.4966E-01   45.81% / 45.81%
260   5.000E-02   1.5104E-01   1.5104E-01   1.5104E-01 / 1.5104E-01   2.7558E-01 / 2.7558E-01   47.10% / 47.10%
270   5.000E-02   1.4957E-01   1.4957E-01   1.4957E-01 / 1.4957E-01   2.7730E-01 / 2.7730E-01   47.10% / 47.10%
280   5.000E-02   1.3437E-01   1.3437E-01   1.3437E-01 / 1.3437E-01   2.8258E-01 / 2.8258E-01   47.10% / 47.10%
290   5.000E-02   1.2733E-01   1.2733E-01   1.2733E-01 / 1.2733E-01   2.8950E-01 / 2.8950E-01   47.10% / 47.10%
300   5.000E-02   2.6037E-01   2.6037E-01   2.6037E-01 / 2.6037E-01   2.7743E-01 / 2.7743E-01   46.45% / 46.45%
310   5.000E-02   1.3454E-01   1.3454E-01   1.3454E-01 / 1.3454E-01   3.1216E-01 / 3.1216E-01   47.10% / 47.10%
320   5.000E-02   1.1955E-01   1.1955E-01   1.1955E-01 / 1.1955E-01   3.0452E-01 / 3.0452E-01   47.10% / 47.10%
330   5.000E-02   1.1312E-01   1.1312E-01   1.1312E-01 / 1.1312E-01   3.1622E-01 / 3.1622E-01   47.10% / 47.10%
340   5.000E-02   1.0823E-01   1.0823E-01   1.0823E-01 / 1.0823E-01   3.2115E-01 / 3.2115E-01   47.10% / 47.10%
350   5.000E-02   1.0331E-01   1.0331E-01   1.0331E-01 / 1.0331E-01   3.2372E-01 / 3.2372E-01   47.10% / 47.10%
360   5.000E-02   2.6239E-01   2.6239E-01   2.6239E-01 / 2.6239E-01   3.1308E-01 / 3.1308E-01   47.10% / 47.10%
370   5.000E-02   1.1597E-01   1.1597E-01   1.1597E-01 / 1.1597E-01   3.5110E-01 / 3.5110E-01   47.74% / 47.74%
380   5.000E-02   1.0432E-01   1.0432E-01   1.0432E-01 / 1.0432E-01   3.4990E-01 / 3.4990E-01   47.74% / 47.74%
390   5.000E-02   9.6786E-02   9.6786E-02   9.6786E-02 / 9.6786E-02   3.5290E-01 / 3.5290E-01   47.74% / 47.74%
400   5.000E-02   9.1207E-02   9.1207E-02   9.1207E-02 / 9.1207E-02   3.5390E-01 / 3.5390E-01   47.74% / 47.74%
410   5.000E-02   9.1074E-02   9.1074E-02   9.1074E-02 / 9.1074E-02   3.6819E-01 / 3.6819E-01   47.74% / 47.74%
420   5.000E-02   9.5490E-02   9.5490E-02   9.5490E-02 / 9.5490E-02   3.7494E-01 / 3.7494E-01   47.74% / 47.74%
430   5.000E-02   8.2959E-02   8.2959E-02   8.2959E-02 / 8.2959E-02   3.7172E-01 / 3.7172E-01   47.74% / 47.74%
440   5.000E-02   8.2958E-02   8.2958E-02   8.2958E-02 / 8.2958E-02   3.7323E-01 / 3.7323E-01   47.74% / 47.74%
450   5.000E-02   7.8602E-02   7.8602E-02   7.8602E-02 / 7.8602E-02   3.7988E-01 / 3.7988E-01   47.74% / 47.74%
460   5.000E-02   1.0896E-01   1.0896E-01   1.0896E-01 / 1.0896E-01   3.9947E-01 / 3.9947E-01   48.39% / 48.39%
470   5.000E-02   1.1503E-01   1.1503E-01   1.1503E-01 / 1.1503E-01   3.8543E-01 / 3.8543E-01   47.10% / 47.10%
480   5.000E-02   8.7145E-02   8.7145E-02   8.7145E-02 / 8.7145E-02   4.0440E-01 / 4.0440E-01   48.39% / 48.39%
490   5.000E-02   7.4364E-02   7.4364E-02   7.4364E-02 / 7.4364E-02   4.0787E-01 / 4.0787E-01   47.74% / 47.74%
500   5.000E-02   7.2924E-02   7.2924E-02   7.2924E-02 / 7.2924E-02   4.0569E-01 / 4.0569E-01   48.39% / 48.39%
510   5.000E-02   7.0892E-02   7.0892E-02   7.0892E-02 / 7.0892E-02   4.1666E-01 / 4.1666E-01   48.39% / 48.39%
520   5.000E-02   8.4637E-02   8.4637E-02   8.4637E-02 / 8.4637E-02   4.3271E-01 / 4.3271E-01   48.39% / 48.39%
530   5.000E-02   7.0219E-02   7.0219E-02   7.0219E-02 / 7.0219E-02   4.1965E-01 / 4.1965E-01   48.39% / 48.39%
540   5.000E-02   6.6086E-02   6.6086E-02   6.6086E-02 / 6.6086E-02   4.3475E-01 / 4.3475E-01   48.39% / 48.39%
550   5.000E-02   6.5974E-02   6.5974E-02   6.5974E-02 / 6.5974E-02   4.3951E-01 / 4.3951E-01   48.39% / 48.39%
560   5.000E-02   6.7207E-02   6.7207E-02   6.7207E-02 / 6.7207E-02   4.4728E-01 / 4.4728E-01   48.39% / 48.39%
570   5.000E-02   1.2152E-01   1.2152E-01   1.2152E-01 / 1.2152E-01   4.4951E-01 / 4.4951E-01   49.03% / 49.03%
580   5.000E-02   9.2195E-02   9.2195E-02   9.2195E-02 / 9.2195E-02   4.2857E-01 / 4.2857E-01   49.03% / 49.03%
590   5.000E-02   6.5884E-02   6.5884E-02   6.5884E-02 / 6.5884E-02   4.6402E-01 / 4.6402E-01   49.03% / 49.03%
600   5.000E-02   6.0775E-02   6.0775E-02   6.0775E-02 / 6.0775E-02   4.5640E-01 / 4.5640E-01   48.39% / 48.39%
610   5.000E-02   5.9861E-02   5.9861E-02   5.9861E-02 / 5.9861E-02   4.5802E-01 / 4.5802E-01   48.39% / 48.39%
620   5.000E-02   6.8564E-02   6.8564E-02   6.8564E-02 / 6.8564E-02   4.5770E-01 / 4.5770E-01   48.39% / 48.39%
630   5.000E-02   5.5903E-02   5.5903E-02   5.5903E-02 / 5.5903E-02   4.7118E-01 / 4.7118E-01   48.39% / 48.39%
640   5.000E-02   5.6391E-02   5.6391E-02   5.6391E-02 / 5.6391E-02   4.8330E-01 / 4.8330E-01   48.39% / 48.39%
650   5.000E-02   5.4345E-02   5.4345E-02   5.4345E-02 / 5.4345E-02   4.7992E-01 / 4.7992E-01   48.39% / 48.39%
660   5.000E-02   8.6242E-02   8.6242E-02   8.6242E-02 / 8.6242E-02   4.7202E-01 / 4.7202E-01   48.39% / 48.39%
670   5.000E-02   8.2352E-02   8.2352E-02   8.2352E-02 / 8.2352E-02   5.2005E-01 / 5.2005E-01   49.03% / 49.03%
680   5.000E-02   6.4391E-02   6.4391E-02   6.4391E-02 / 6.4391E-02   4.9566E-01 / 4.9566E-01   48.39% / 48.39%
690   5.000E-02   5.6685E-02   5.6685E-02   5.6685E-02 / 5.6685E-02   4.8643E-01 / 4.8643E-01   48.39% / 48.39%
700   5.000E-02   5.2230E-02   5.2230E-02   5.2230E-02 / 5.2230E-02   5.0443E-01 / 5.0443E-01   49.68% / 49.68%
710   5.000E-02   5.0107E-02   5.0107E-02   5.0107E-02 / 5.0107E-02   5.0737E-01 / 5.0737E-01   49.03% / 49.03%
720   5.000E-02   4.9006E-02   4.9006E-02   4.9006E-02 / 4.9006E-02   5.1373E-01 / 5.1373E-01   49.03% / 49.03%
730   5.000E-02   4.7987E-02   4.7987E-02   4.7987E-02 / 4.7987E-02   5.1804E-01 / 5.1804E-01   49.03% / 49.03%
740   5.000E-02   4.7597E-02   4.7597E-02   4.7597E-02 / 4.7597E-02   5.1974E-01 / 5.1974E-01   49.03% / 49.03%
750   5.000E-02   8.6038E-02   8.6038E-02   8.6038E-02 / 8.6038E-02   5.0861E-01 / 5.0861E-01   49.03% / 49.03%
760   5.000E-02   6.5158E-02   6.5158E-02   6.5158E-02 / 6.5158E-02   5.3328E-01 / 5.3328E-01   49.03% / 49.03%
770   5.000E-02   6.0855E-02   6.0855E-02   6.0855E-02 / 6.0855E-02   5.4596E-01 / 5.4596E-01   49.03% / 49.03%
780   5.000E-02   4.9620E-02   4.9620E-02   4.9620E-02 / 4.9620E-02   5.4363E-01 / 5.4363E-01   49.03% / 49.03%
790   5.000E-02   4.5805E-02   4.5805E-02   4.5805E-02 / 4.5805E-02   5.5011E-01 / 5.5011E-01   49.03% / 49.03%
800   5.000E-02   4.4271E-02   4.4271E-02   4.4271E-02 / 4.4271E-02   5.4922E-01 / 5.4922E-01   49.03% / 49.03%
810   5.000E-02   4.3010E-02   4.3010E-02   4.3010E-02 / 4.3010E-02   5.5607E-01 / 5.5607E-01   49.03% / 49.03%
820   5.000E-02   4.2273E-02   4.2273E-02   4.2273E-02 / 4.2273E-02   5.5662E-01 / 5.5662E-01   49.03% / 49.03%
830   5.000E-02   4.1612E-02   4.1612E-02   4.1612E-02 / 4.1612E-02   5.6293E-01 / 5.6293E-01   49.03% / 49.03%
840   5.000E-02   4.4088E-02   4.4088E-02   4.4088E-02 / 4.4088E-02   5.6127E-01 / 5.6127E-01   49.03% / 49.03%
850   5.000E-02   1.2318E-01   1.2318E-01   1.2318E-01 / 1.2318E-01   5.5743E-01 / 5.5743E-01   48.39% / 48.39%
860   5.000E-02   8.6936E-02   8.6936E-02   8.6936E-02 / 8.6936E-02   6.1951E-01 / 6.1951E-01   49.68% / 49.68%
870   5.000E-02   4.8193E-01   4.8193E-01   4.8193E-01 / 4.8193E-01   1.7916E-01 / 1.7916E-01   47.74% / 47.74%
880   5.000E-02   3.2384E+00   3.2384E+00   3.2384E+00 / 3.2384E+00   4.0183E-01 / 4.0183E-01   45.16% / 45.16%
890   5.000E-02   1.3948E+01   1.3948E+01   1.3948E+01 / 1.3948E+01   1.0813E-01 / 1.0813E-01   43.23% / 43.23%
900   5.000E-02   5.8514E+00   5.8514E+00   5.8514E+00 / 5.8514E+00   3.2313E-02 / 3.2313E-02   37.42% / 37.42%
910   5.000E-02   2.6489E+00   2.6489E+00   2.6489E+00 / 2.6489E+00   1.1223E-01 / 1.1223E-01   44.52% / 44.52%
920   5.000E-02   2.9227E+01   2.9227E+01   2.9227E+01 / 2.9227E+01   4.0366E-03 / 4.0366E-03   14.19% / 14.19%
930   5.000E-02   3.7618E+01   3.7618E+01   3.7618E+01 / 3.7618E+01   3.5327E-05 / 3.5327E-05   36.13% / 36.13%
940   5.000E-02   3.7819E+01   3.7819E+01   3.7819E+01 / 3.7819E+01   0.0000E+00 / 0.0000E+00   0.00% / 0.00%
950   5.000E-02   3.7664E+01   3.7664E+01   3.7664E+01 / 3.7664E+01   2.4005E-05 / 2.4005E-05   32.26% / 32.26%
960   5.000E-02   3.7644E+01   3.7644E+01   3.7644E+01 / 3.7644E+01   1.6122E-06 / 1.6122E-06   14.84% / 14.84%
970   5.000E-02   3.7610E+01   3.7610E+01   3.7610E+01 / 3.7610E+01   8.9234E-06 / 8.9234E-06   24.52% / 24.52%
980   5.000E-02   3.7594E+01   3.7594E+01   3.7594E+01 / 3.7594E+01   4.2662E-06 / 4.2662E-06   20.00% / 20.00%
990   5.000E-02   3.7585E+01   3.7585E+01   3.7585E+01 / 3.7585E+01   7.1134E-06 / 7.1134E-06   22.58% / 22.58%
1000   5.000E-02   3.7581E+01   3.7581E+01   3.7581E+01 / 3.7581E+01   5.0098E-06 / 5.0098E-06   20.65% / 20.65%
===============================================================================================================
Saved model to models/fp_memorization/TBNNiii-24Apr30_08:33:37.pickle
