=====> WARNING: Training dataset length: 0, assuming memorization test!
========== Dataset info ==========
Dataset params: {'file': '/home/ryley/WDK/ML/dataset/turbulence_dataset_clean.csv', 'Cases': ['fp_3630'], 'val_set': ['fp_3630'], 'test_set': ['fp_3630'], 'data_loader': <class 'tbnn.dataloaders.aDataset'>}
Train/Valid/Test points: 168 / 168 / 168
Memorization?: True
Cluster training?: False
EPOCH     LR        TRAIN         VALID             MSE:T/V                  RL:T/V             %NR_t/%NR_v
===============================================================================================================
  1   5.000E-04   2.0732E-01   2.0732E-01   2.0732E-01 / 2.0732E-01   
 10   5.000E-04   1.9272E-01   1.9272E-01   1.9272E-01 / 1.9272E-01   
 20   5.000E-04   2.0654E-02   2.0654E-02   2.0527E-02 / 2.0527E-02   
 30   5.000E-04   7.6099E-03   7.6099E-03   7.6006E-03 / 7.6006E-03   
 40   5.000E-04   6.9087E-03   6.9087E-03   6.9019E-03 / 6.9019E-03   
 50   5.000E-04   6.2889E-03   6.2889E-03   6.2814E-03 / 6.2814E-03   
 60   5.000E-04   5.6840E-03   5.6840E-03   5.6796E-03 / 5.6796E-03   
 70   5.000E-04   5.1396E-03   5.1396E-03   5.1358E-03 / 5.1358E-03   
 80   5.000E-04   4.6183E-03   4.6183E-03   4.6160E-03 / 4.6160E-03   
 90   5.000E-04   4.0712E-03   4.0712E-03   4.0685E-03 / 4.0685E-03   
100   5.000E-04   3.5848E-03   3.5848E-03   3.5829E-03 / 3.5829E-03   
110   5.000E-04   3.1340E-03   3.1340E-03   3.1326E-03 / 3.1326E-03   
120   5.000E-04   2.6334E-03   2.6334E-03   2.6315E-03 / 2.6315E-03   
130   5.000E-04   2.1311E-03   2.1311E-03   2.1302E-03 / 2.1302E-03   
140   5.000E-04   1.6772E-03   1.6772E-03   1.6766E-03 / 1.6766E-03   
150   5.000E-04   1.3227E-03   1.3227E-03   1.3225E-03 / 1.3225E-03   
160   5.000E-04   1.1160E-03   1.1160E-03   1.1159E-03 / 1.1159E-03   
170   5.000E-04   1.0165E-03   1.0165E-03   1.0165E-03 / 1.0165E-03   
180   5.000E-04   9.5311E-04   9.5311E-04   9.5307E-04 / 9.5307E-04   
190   5.000E-04   9.0714E-04   9.0714E-04   9.0704E-04 / 9.0704E-04   
200   5.000E-04   8.7207E-04   8.7207E-04   8.7193E-04 / 8.7193E-04   
210   5.000E-04   8.4746E-04   8.4746E-04   8.4732E-04 / 8.4732E-04   
220   5.000E-04   8.2679E-04   8.2679E-04   8.2666E-04 / 8.2666E-04   
230   5.000E-04   8.0931E-04   8.0931E-04   8.0916E-04 / 8.0916E-04   
240   5.000E-04   7.9412E-04   7.9412E-04   7.9395E-04 / 7.9395E-04   
250   5.000E-04   7.8104E-04   7.8104E-04   7.8085E-04 / 7.8085E-04   
260   5.000E-04   7.6862E-04   7.6862E-04   7.6842E-04 / 7.6842E-04   
270   5.000E-04   7.5677E-04   7.5677E-04   7.5655E-04 / 7.5655E-04   
280   5.000E-04   7.4613E-04   7.4613E-04   7.4595E-04 / 7.4595E-04   
290   5.000E-04   7.3683E-04   7.3683E-04   7.3665E-04 / 7.3665E-04   
300   5.000E-04   7.2699E-04   7.2699E-04   7.2671E-04 / 7.2671E-04   
310   5.000E-04   7.1529E-04   7.1529E-04   7.1500E-04 / 7.1500E-04   
320   5.000E-04   7.0512E-04   7.0512E-04   7.0488E-04 / 7.0488E-04   
330   5.000E-04   6.9837E-04   6.9837E-04   6.9810E-04 / 6.9810E-04   
340   5.000E-04   6.8628E-04   6.8628E-04   6.8615E-04 / 6.8615E-04   
350   5.000E-04   6.7401E-04   6.7401E-04   6.7382E-04 / 6.7382E-04   
360   5.000E-04   6.6124E-04   6.6124E-04   6.6107E-04 / 6.6107E-04   
370   5.000E-04   6.5031E-04   6.5031E-04   6.5012E-04 / 6.5012E-04   
380   5.000E-04   6.3640E-04   6.3640E-04   6.3612E-04 / 6.3612E-04   
390   5.000E-04   6.2351E-04   6.2351E-04   6.2341E-04 / 6.2341E-04   
400   5.000E-04   6.1083E-04   6.1083E-04   6.1054E-04 / 6.1054E-04   
410   5.000E-04   5.8895E-04   5.8895E-04   5.8880E-04 / 5.8880E-04   
420   5.000E-04   5.7119E-04   5.7119E-04   5.7109E-04 / 5.7109E-04   
430   5.000E-04   5.4660E-04   5.4660E-04   5.4644E-04 / 5.4644E-04   
440   5.000E-04   5.1490E-04   5.1490E-04   5.1477E-04 / 5.1477E-04   
450   5.000E-04   4.8125E-04   4.8125E-04   4.8108E-04 / 4.8108E-04   
460   5.000E-04   4.4023E-04   4.4023E-04   4.4012E-04 / 4.4012E-04   
470   5.000E-04   4.1835E-04   4.1835E-04   4.1821E-04 / 4.1821E-04   
480   5.000E-04   3.9671E-04   3.9671E-04   3.9661E-04 / 3.9661E-04   
490   5.000E-04   3.7789E-04   3.7789E-04   3.7772E-04 / 3.7772E-04   
500   5.000E-04   3.6455E-04   3.6455E-04   3.6433E-04 / 3.6433E-04   
510   5.000E-04   3.5126E-04   3.5126E-04   3.5120E-04 / 3.5120E-04   
520   5.000E-04   3.3517E-04   3.3517E-04   3.3498E-04 / 3.3498E-04   
530   5.000E-04   3.1873E-04   3.1873E-04   3.1868E-04 / 3.1868E-04   
540   5.000E-04   3.0782E-04   3.0782E-04   3.0777E-04 / 3.0777E-04   
550   5.000E-04   2.9733E-04   2.9733E-04   2.9722E-04 / 2.9722E-04   
560   5.000E-04   2.9066E-04   2.9066E-04   2.9054E-04 / 2.9054E-04   
570   5.000E-04   2.7645E-04   2.7645E-04   2.7630E-04 / 2.7630E-04   
580   5.000E-04   2.7092E-04   2.7092E-04   2.7082E-04 / 2.7082E-04   
590   5.000E-04   2.6260E-04   2.6260E-04   2.6246E-04 / 2.6246E-04   
600   5.000E-04   2.5704E-04   2.5704E-04   2.5690E-04 / 2.5690E-04   
610   5.000E-04   2.4935E-04   2.4935E-04   2.4921E-04 / 2.4921E-04   
620   5.000E-04   2.4707E-04   2.4707E-04   2.4694E-04 / 2.4694E-04   
630   5.000E-04   2.4579E-04   2.4579E-04   2.4564E-04 / 2.4564E-04   
640   5.000E-04   2.3598E-04   2.3598E-04   2.3593E-04 / 2.3593E-04   
650   5.000E-04   2.2917E-04   2.2917E-04   2.2907E-04 / 2.2907E-04   
660   5.000E-04   2.2412E-04   2.2412E-04   2.2403E-04 / 2.2403E-04   
670   5.000E-04   2.1876E-04   2.1876E-04   2.1865E-04 / 2.1865E-04   
680   5.000E-04   2.1828E-04   2.1828E-04   2.1819E-04 / 2.1819E-04   
690   5.000E-04   2.1027E-04   2.1027E-04   2.1017E-04 / 2.1017E-04   
700   5.000E-04   2.0896E-04   2.0896E-04   2.0885E-04 / 2.0885E-04   
710   5.000E-04   2.0298E-04   2.0298E-04   2.0282E-04 / 2.0282E-04   
720   5.000E-04   1.9968E-04   1.9968E-04   1.9958E-04 / 1.9958E-04   
730   5.000E-04   2.2313E-04   2.2313E-04   2.2299E-04 / 2.2299E-04   
740   5.000E-04   2.3775E-04   2.3775E-04   2.3762E-04 / 2.3762E-04   
750   5.000E-04   1.8799E-04   1.8799E-04   1.8790E-04 / 1.8790E-04   
760   5.000E-04   1.8900E-04   1.8900E-04   1.8894E-04 / 1.8894E-04   
770   5.000E-04   1.8279E-04   1.8279E-04   1.8273E-04 / 1.8273E-04   
780   5.000E-04   1.8245E-04   1.8245E-04   1.8237E-04 / 1.8237E-04   
790   5.000E-04   1.8144E-04   1.8144E-04   1.8127E-04 / 1.8127E-04   
800   5.000E-04   1.7365E-04   1.7365E-04   1.7357E-04 / 1.7357E-04   
810   5.000E-04   1.7247E-04   1.7247E-04   1.7242E-04 / 1.7242E-04   
820   5.000E-04   1.6973E-04   1.6973E-04   1.6968E-04 / 1.6968E-04   
830   5.000E-04   1.6663E-04   1.6663E-04   1.6652E-04 / 1.6652E-04   
840   5.000E-04   1.6444E-04   1.6444E-04   1.6434E-04 / 1.6434E-04   
850   5.000E-04   1.6662E-04   1.6662E-04   1.6653E-04 / 1.6653E-04   
860   5.000E-04   1.7838E-04   1.7838E-04   1.7825E-04 / 1.7825E-04   
870   5.000E-04   1.5819E-04   1.5819E-04   1.5810E-04 / 1.5810E-04   
880   5.000E-04   1.6767E-04   1.6767E-04   1.6756E-04 / 1.6756E-04   
890   5.000E-04   1.5125E-04   1.5125E-04   1.5114E-04 / 1.5114E-04   
900   5.000E-04   1.5208E-04   1.5208E-04   1.5195E-04 / 1.5195E-04   
910   5.000E-04   1.4615E-04   1.4615E-04   1.4608E-04 / 1.4608E-04   
920   5.000E-04   1.4390E-04   1.4390E-04   1.4379E-04 / 1.4379E-04   
930   5.000E-04   1.4538E-04   1.4538E-04   1.4533E-04 / 1.4533E-04   
940   5.000E-04   1.4066E-04   1.4066E-04   1.4056E-04 / 1.4056E-04   
950   5.000E-04   1.5135E-04   1.5135E-04   1.5118E-04 / 1.5118E-04   
960   5.000E-04   1.3601E-04   1.3601E-04   1.3586E-04 / 1.3586E-04   
970   5.000E-04   1.4560E-04   1.4560E-04   1.4547E-04 / 1.4547E-04   
980   5.000E-04   1.3368E-04   1.3368E-04   1.3354E-04 / 1.3354E-04   
990   5.000E-04   1.4244E-04   1.4244E-04   1.4228E-04 / 1.4228E-04   
1000   5.000E-04   1.2808E-04   1.2808E-04   1.2793E-04 / 1.2793E-04   
1010   5.000E-04   1.3037E-04   1.3037E-04   1.3022E-04 / 1.3022E-04   
1020   5.000E-04   1.2625E-04   1.2625E-04   1.2611E-04 / 1.2611E-04   
1030   5.000E-04   1.2318E-04   1.2318E-04   1.2310E-04 / 1.2310E-04   
1040   5.000E-04   1.2298E-04   1.2298E-04   1.2285E-04 / 1.2285E-04   
1050   5.000E-04   1.2373E-04   1.2373E-04   1.2359E-04 / 1.2359E-04   
1060   5.000E-04   1.1738E-04   1.1738E-04   1.1724E-04 / 1.1724E-04   
1070   5.000E-04   1.1790E-04   1.1790E-04   1.1784E-04 / 1.1784E-04   
1080   5.000E-04   1.1543E-04   1.1543E-04   1.1534E-04 / 1.1534E-04   
1090   5.000E-04   1.1322E-04   1.1322E-04   1.1306E-04 / 1.1306E-04   
1100   5.000E-04   1.1255E-04   1.1255E-04   1.1240E-04 / 1.1240E-04   
1110   5.000E-04   1.3028E-04   1.3028E-04   1.3015E-04 / 1.3015E-04   
1120   5.000E-04   1.1038E-04   1.1038E-04   1.1021E-04 / 1.1021E-04   
1130   5.000E-04   1.0957E-04   1.0957E-04   1.0952E-04 / 1.0952E-04   
1140   5.000E-04   1.0454E-04   1.0454E-04   1.0448E-04 / 1.0448E-04   
1150   5.000E-04   1.0464E-04   1.0464E-04   1.0454E-04 / 1.0454E-04   
1160   5.000E-04   1.0303E-04   1.0303E-04   1.0296E-04 / 1.0296E-04   
1170   5.000E-04   1.0339E-04   1.0339E-04   1.0331E-04 / 1.0331E-04   
1180   5.000E-04   1.1230E-04   1.1230E-04   1.1214E-04 / 1.1214E-04   
1190   5.000E-04   9.9039E-05   9.9039E-05   9.8928E-05 / 9.8928E-05   
1200   5.000E-04   9.8660E-05   9.8660E-05   9.8461E-05 / 9.8461E-05   
1210   5.000E-04   1.0566E-04   1.0566E-04   1.0559E-04 / 1.0559E-04   
1220   5.000E-04   9.4507E-05   9.4507E-05   9.4374E-05 / 9.4374E-05   
1230   5.000E-04   9.2758E-05   9.2758E-05   9.2647E-05 / 9.2647E-05   
1240   5.000E-04   9.3695E-05   9.3695E-05   9.3645E-05 / 9.3645E-05   
1250   5.000E-04   9.1255E-05   9.1255E-05   9.1079E-05 / 9.1079E-05   
1260   5.000E-04   9.1094E-05   9.1094E-05   9.0985E-05 / 9.0985E-05   
1270   5.000E-04   9.1853E-05   9.1853E-05   9.1711E-05 / 9.1711E-05   
1280   5.000E-04   8.8832E-05   8.8832E-05   8.8706E-05 / 8.8706E-05   
1290   5.000E-04   8.9333E-05   8.9333E-05   8.9225E-05 / 8.9225E-05   
1300   5.000E-04   9.8919E-05   9.8919E-05   9.8740E-05 / 9.8740E-05   
1310   5.000E-04   9.5800E-05   9.5800E-05   9.5683E-05 / 9.5683E-05   
1320   5.000E-04   8.4032E-05   8.4032E-05   8.3944E-05 / 8.3944E-05   
1330   5.000E-04   8.7817E-05   8.7817E-05   8.7778E-05 / 8.7778E-05   
1340   5.000E-04   8.8332E-05   8.8332E-05   8.8122E-05 / 8.8122E-05   
1350   5.000E-04   8.9332E-05   8.9332E-05   8.9208E-05 / 8.9208E-05   
1360   5.000E-04   8.3810E-05   8.3810E-05   8.3645E-05 / 8.3645E-05   
1370   5.000E-04   7.9460E-05   7.9460E-05   7.9337E-05 / 7.9337E-05   
1380   5.000E-04   7.7521E-05   7.7521E-05   7.7352E-05 / 7.7352E-05   
1390   5.000E-04   7.8766E-05   7.8766E-05   7.8675E-05 / 7.8675E-05   
1400   5.000E-04   7.6078E-05   7.6078E-05   7.5951E-05 / 7.5951E-05   
1410   5.000E-04   7.5710E-05   7.5710E-05   7.5497E-05 / 7.5497E-05   
1420   5.000E-04   8.6671E-05   8.6671E-05   8.6485E-05 / 8.6485E-05   
1430   5.000E-04   7.3628E-05   7.3628E-05   7.3554E-05 / 7.3554E-05   
1440   5.000E-04   9.4817E-05   9.4817E-05   9.4720E-05 / 9.4720E-05   
1450   5.000E-04   7.2140E-05   7.2140E-05   7.2026E-05 / 7.2026E-05   
1460   5.000E-04   7.2206E-05   7.2206E-05   7.2067E-05 / 7.2067E-05   
1470   5.000E-04   6.9446E-05   6.9446E-05   6.9334E-05 / 6.9334E-05   
1480   5.000E-04   6.8866E-05   6.8866E-05   6.8816E-05 / 6.8816E-05   
1490   5.000E-04   7.1117E-05   7.1117E-05   7.0997E-05 / 7.0997E-05   
1500   5.000E-04   7.5636E-05   7.5636E-05   7.5545E-05 / 7.5545E-05   
1510   5.000E-04   7.7957E-05   7.7957E-05   7.7844E-05 / 7.7844E-05   
1520   5.000E-04   1.3277E-04   1.3277E-04   1.3269E-04 / 1.3269E-04   
1530   5.000E-04   8.0754E-05   8.0754E-05   8.0691E-05 / 8.0691E-05   
1540   5.000E-04   8.9516E-05   8.9516E-05   8.9441E-05 / 8.9441E-05   
1550   5.000E-04   7.1369E-05   7.1369E-05   7.1307E-05 / 7.1307E-05   
1560   5.000E-04   7.0880E-05   7.0880E-05   7.0798E-05 / 7.0798E-05   
1570   5.000E-04   6.4942E-05   6.4942E-05   6.4829E-05 / 6.4829E-05   
1580   5.000E-04   6.3467E-05   6.3467E-05   6.3401E-05 / 6.3401E-05   
1590   5.000E-04   6.2809E-05   6.2809E-05   6.2711E-05 / 6.2711E-05   
1600   5.000E-04   6.3256E-05   6.3256E-05   6.3142E-05 / 6.3142E-05   
1610   5.000E-04   6.1832E-05   6.1832E-05   6.1725E-05 / 6.1725E-05   
1620   5.000E-04   6.2686E-05   6.2686E-05   6.2668E-05 / 6.2668E-05   
1630   5.000E-04   5.9992E-05   5.9992E-05   5.9892E-05 / 5.9892E-05   
1640   5.000E-04   6.0454E-05   6.0454E-05   6.0411E-05 / 6.0411E-05   
1650   5.000E-04   6.0567E-05   6.0567E-05   6.0478E-05 / 6.0478E-05   
1660   5.000E-04   5.9698E-05   5.9698E-05   5.9588E-05 / 5.9588E-05   
1670   5.000E-04   6.2467E-05   6.2467E-05   6.2447E-05 / 6.2447E-05   
1680   5.000E-04   5.9143E-05   5.9143E-05   5.9077E-05 / 5.9077E-05   
1690   5.000E-04   5.9475E-05   5.9475E-05   5.9397E-05 / 5.9397E-05   
1700   5.000E-04   6.7129E-05   6.7129E-05   6.7106E-05 / 6.7106E-05   
1710   5.000E-04   5.8544E-05   5.8544E-05   5.8433E-05 / 5.8433E-05   
1720   5.000E-04   6.2187E-05   6.2187E-05   6.2110E-05 / 6.2110E-05   
1730   5.000E-04   5.6094E-05   5.6094E-05   5.6033E-05 / 5.6033E-05   
1740   5.000E-04   5.4519E-05   5.4519E-05   5.4444E-05 / 5.4444E-05   
1750   5.000E-04   6.0851E-05   6.0851E-05   6.0782E-05 / 6.0782E-05   
1760   5.000E-04   5.4433E-05   5.4433E-05   5.4296E-05 / 5.4296E-05   
1770   5.000E-04   5.4823E-05   5.4823E-05   5.4738E-05 / 5.4738E-05   
1780   5.000E-04   5.4065E-05   5.4065E-05   5.4042E-05 / 5.4042E-05   
1790   5.000E-04   5.3377E-05   5.3377E-05   5.3309E-05 / 5.3309E-05   
1800   5.000E-04   5.1979E-05   5.1979E-05   5.1897E-05 / 5.1897E-05   
1810   5.000E-04   5.2645E-05   5.2645E-05   5.2501E-05 / 5.2501E-05   
1820   5.000E-04   5.2809E-05   5.2809E-05   5.2786E-05 / 5.2786E-05   
1830   5.000E-04   5.2031E-05   5.2031E-05   5.1979E-05 / 5.1979E-05   
1840   5.000E-04   5.6703E-05   5.6703E-05   5.6641E-05 / 5.6641E-05   
1850   5.000E-04   5.2407E-05   5.2407E-05   5.2346E-05 / 5.2346E-05   
1860   5.000E-04   6.5468E-05   6.5468E-05   6.5400E-05 / 6.5400E-05   
1870   5.000E-04   5.7140E-05   5.7140E-05   5.7025E-05 / 5.7025E-05   
1880   5.000E-04   6.4893E-05   6.4893E-05   6.4799E-05 / 6.4799E-05   
1890   5.000E-04   5.1494E-05   5.1494E-05   5.1416E-05 / 5.1416E-05   
1900   5.000E-04   5.0928E-05   5.0928E-05   5.0903E-05 / 5.0903E-05   
1910   5.000E-04   4.9397E-05   4.9397E-05   4.9333E-05 / 4.9333E-05   
1920   5.000E-04   5.9367E-05   5.9367E-05   5.9270E-05 / 5.9270E-05   
1930   5.000E-04   4.8963E-05   4.8963E-05   4.8892E-05 / 4.8892E-05   
1940   5.000E-04   4.7209E-05   4.7209E-05   4.7098E-05 / 4.7098E-05   
1950   5.000E-04   4.6815E-05   4.6815E-05   4.6730E-05 / 4.6730E-05   
1960   5.000E-04   4.7467E-05   4.7467E-05   4.7442E-05 / 4.7442E-05   
1970   5.000E-04   4.7364E-05   4.7364E-05   4.7318E-05 / 4.7318E-05   
1980   5.000E-04   4.7422E-05   4.7422E-05   4.7340E-05 / 4.7340E-05   
1990   5.000E-04   4.5613E-05   4.5613E-05   4.5524E-05 / 4.5524E-05   
2000   5.000E-04   4.7318E-05   4.7318E-05   4.7173E-05 / 4.7173E-05   
===============================================================================================================
Saved model to models/fp_memorization/TBNNiii-24May10_10:23:47.pickle
