========== Dataset info ==========
Dataset params: {'file': '/home/nikhila/WDC/kan/dataset/turbulence_dataset_clean.csv', 'Cases': ['squareDuctAve_Re_1100', 'squareDuctAve_Re_1150', 'squareDuctAve_Re_1250', 'squareDuctAve_Re_1300', 'squareDuctAve_Re_1350', 'squareDuctAve_Re_1400', 'squareDuctAve_Re_1500', 'squareDuctAve_Re_1600', 'squareDuctAve_Re_1800', 'squareDuctAve_Re_2000', 'squareDuctAve_Re_2205', 'squareDuctAve_Re_2400', 'squareDuctAve_Re_2600', 'squareDuctAve_Re_2900', 'squareDuctAve_Re_3200', 'squareDuctAve_Re_3500'], 'val_set': ['squareDuctAve_Re_1300', 'squareDuctAve_Re_1800', 'squareDuctAve_Re_3200'], 'test_set': ['squareDuctAve_Re_2000'], 'data_loader': <class 'tbnn.dataloaders.aDataset'>}
Train/Valid/Test points: 110592 / 27648 / 9216
Memorization?: False
Cluster training?: False
EPOCH     LR        TRAIN         VALID             MSE:T/V                  RL:T/V             %NR_t/%NR_v
===============================================================================================================
  1   4.368E-04   1.8796E-03   1.8636E-03   1.8694E-03 / 1.8484E-03   
 10   4.368E-04   5.3837E-04   6.4593E-04   5.3774E-04 / 6.3301E-04   
 20   4.368E-04   4.7033E-04   6.0388E-04   4.6869E-04 / 5.9978E-04   
 30   4.368E-04   4.0510E-04   5.4587E-04   4.0281E-04 / 5.1505E-04   
 40   4.368E-04   3.8283E-04   5.3039E-04   3.8189E-04 / 5.0323E-04   
 50   4.368E-04   3.6291E-04   5.3045E-04   3.6227E-04 / 5.2051E-04   
 60   4.368E-04   3.5736E-04   5.1287E-04   3.5700E-04 / 5.0635E-04   
 70   4.368E-04   3.5741E-04   5.3029E-04   3.5691E-04 / 5.2095E-04   
 80   4.368E-04   3.6694E-04   5.3199E-04   3.6534E-04 / 5.2494E-04   
 90   4.368E-04   3.4718E-04   5.1559E-04   3.4653E-04 / 5.0604E-04   
100   4.368E-04   3.3767E-04   5.1803E-04   3.3731E-04 / 5.1298E-04   
110   4.368E-04   4.1338E-04   6.0156E-04   4.1309E-04 / 5.9750E-04   
120   4.368E-04   3.4424E-04   5.6775E-04   3.4395E-04 / 5.4827E-04   
130   4.368E-04   3.3702E-04   5.1079E-04   3.3662E-04 / 5.0202E-04   
140   4.368E-04   3.4463E-04   5.4876E-04   3.4448E-04 / 5.4169E-04   
150   4.368E-04   3.3445E-04   5.3999E-04   3.3306E-04 / 5.1724E-04   
160   4.368E-04   3.2799E-04   5.1524E-04   3.2703E-04 / 4.9562E-04   
170   4.368E-04   3.2788E-04   5.6916E-04   3.2753E-04 / 5.4246E-04   
180   4.368E-04   3.2743E-04   5.0805E-04   3.2691E-04 / 4.8548E-04   
190   4.368E-04   3.4015E-04   5.6022E-04   3.3942E-04 / 5.2567E-04   
200   4.368E-04   3.2999E-04   5.3998E-04   3.2967E-04 / 5.2365E-04   
210   4.368E-04   3.4631E-04   5.0299E-04   3.4625E-04 / 5.0231E-04   
220   4.368E-04   3.2047E-04   5.2144E-04   3.2011E-04 / 5.0374E-04   
230   4.368E-04   3.3001E-04   5.5597E-04   3.2972E-04 / 5.1505E-04   
240   4.368E-04   3.1850E-04   5.3894E-04   3.1835E-04 / 5.0988E-04   
250   4.368E-04   3.1771E-04   5.4132E-04   3.1754E-04 / 5.2233E-04   
260   4.368E-04   3.2319E-04   5.2540E-04   3.2221E-04 / 4.9820E-04   
270   4.368E-04   3.1781E-04   5.1846E-04   3.1747E-04 / 5.1174E-04   
280   4.368E-04   3.2439E-04   5.5270E-04   3.2316E-04 / 5.1987E-04   
290   4.368E-04   3.2346E-04   5.2044E-04   3.2272E-04 / 5.0020E-04   
300   4.368E-04   3.2351E-04   5.5277E-04   3.2325E-04 / 5.2247E-04   
310   4.368E-04   3.2217E-04   5.0253E-04   3.2202E-04 / 4.9538E-04   
320   4.368E-04   3.1633E-04   5.2116E-04   3.1611E-04 / 4.9598E-04   
330   4.368E-04   3.3542E-04   5.2454E-04   3.3518E-04 / 5.1009E-04   
340   4.368E-04   3.2004E-04   5.5517E-04   3.1996E-04 / 5.3039E-04   
350   4.368E-04   3.1756E-04   5.3140E-04   3.1746E-04 / 5.1277E-04   
360   4.368E-04   3.2190E-04   5.7511E-04   3.2168E-04 / 5.2472E-04   
370   4.368E-04   3.1523E-04   5.6191E-04   3.1448E-04 / 5.0576E-04   
380   4.368E-04   3.1963E-04   5.1744E-04   3.1945E-04 / 5.0551E-04   
390   4.368E-04   3.2819E-04   5.7286E-04   3.2759E-04 / 5.2849E-04   
400   4.368E-04   3.2329E-04   5.4326E-04   3.2251E-04 / 5.3031E-04   
BEST MODEL
===============================================================================================================
137   4.368E-04   3.4414E-04   4.8537E-04   3.4217E-04 / 4.6665E-04   
===============================================================================================================
Saved model to /home/nikhila/WDC/kan/kanTBNN/models/multi_run/kan_experiment_29_opt/kanTBNN-25Jan26_06:35:04.pickle
