========== Dataset info ==========
Dataset params: {'file': '/home/nikhila/WDC/kan/dataset/turbulence_dataset_clean.csv', 'Cases': ['squareDuctAve_Re_1100', 'squareDuctAve_Re_1150', 'squareDuctAve_Re_1250', 'squareDuctAve_Re_1300', 'squareDuctAve_Re_1350', 'squareDuctAve_Re_1400', 'squareDuctAve_Re_1500', 'squareDuctAve_Re_1600', 'squareDuctAve_Re_1800', 'squareDuctAve_Re_2000', 'squareDuctAve_Re_2205', 'squareDuctAve_Re_2400', 'squareDuctAve_Re_2600', 'squareDuctAve_Re_2900', 'squareDuctAve_Re_3200', 'squareDuctAve_Re_3500'], 'val_set': ['squareDuctAve_Re_1300', 'squareDuctAve_Re_1800', 'squareDuctAve_Re_3200'], 'test_set': ['squareDuctAve_Re_2000'], 'data_loader': <class 'tbnn.dataloaders.aDataset'>}
Train/Valid/Test points: 110592 / 27648 / 9216
Memorization?: False
Cluster training?: False
EPOCH     LR        TRAIN         VALID             MSE:T/V                  RL:T/V             %NR_t/%NR_v
===============================================================================================================
  1   1.000E-03   1.5064E-03   1.4744E-03   1.5062E-03 / 1.4733E-03   
 10   1.000E-03   5.7749E-04   6.9141E-04   5.7278E-04 / 6.3547E-04   
 20   1.000E-03   4.5169E-04   5.9193E-04   4.4944E-04 / 5.6537E-04   
 30   1.000E-03   4.4435E-04   5.5652E-04   4.4331E-04 / 5.4977E-04   
 40   1.000E-03   4.2982E-04   5.3828E-04   4.2784E-04 / 5.3007E-04   
 50   1.000E-03   3.8812E-04   5.3859E-04   3.8692E-04 / 5.1645E-04   
 60   1.000E-03   4.4437E-04   5.9645E-04   4.4350E-04 / 5.8988E-04   
 70   1.000E-03   3.5695E-04   4.9597E-04   3.5580E-04 / 4.9084E-04   
 80   1.000E-03   3.5475E-04   5.1261E-04   3.5423E-04 / 5.0267E-04   
 90   1.000E-03   3.5121E-04   5.2530E-04   3.5043E-04 / 5.0645E-04   
100   1.000E-03   3.8337E-04   5.3105E-04   3.8276E-04 / 5.0899E-04   
110   1.000E-03   3.4877E-04   4.8789E-04   3.4846E-04 / 4.8193E-04   
120   1.000E-03   3.4771E-04   5.1323E-04   3.4658E-04 / 4.8997E-04   
130   1.000E-03   3.4018E-04   5.4196E-04   3.3950E-04 / 5.0937E-04   
140   1.000E-03   3.5983E-04   5.1537E-04   3.5956E-04 / 4.8315E-04   
150   1.000E-03   5.6534E-04   1.0693E-03   4.9151E-04 / 6.1886E-04   
160   1.000E-03   3.9937E-04   5.7166E-04   3.9930E-04 / 5.5757E-04   
170   1.000E-03   3.6170E-04   5.4710E-04   3.6111E-04 / 5.3299E-04   
180   1.000E-03   3.3902E-04   5.3763E-04   3.3840E-04 / 5.1283E-04   
190   1.000E-03   3.5460E-04   5.1505E-04   3.5439E-04 / 5.0304E-04   
200   1.000E-03   3.3931E-04   5.5839E-04   3.3890E-04 / 5.3847E-04   
210   1.000E-03   3.3912E-04   5.2612E-04   3.3874E-04 / 5.0667E-04   
220   1.000E-03   3.3323E-04   4.8177E-04   3.3239E-04 / 4.6789E-04   
230   1.000E-03   3.3568E-04   4.9110E-04   3.3519E-04 / 4.7790E-04   
240   1.000E-03   3.3927E-04   5.4726E-04   3.3900E-04 / 5.2085E-04   
250   1.000E-03   3.4328E-04   5.2176E-04   3.4286E-04 / 5.0300E-04   
260   1.000E-03   3.3985E-04   5.3391E-04   3.3941E-04 / 4.9133E-04   
270   1.000E-03   3.7914E-04   5.9163E-04   3.7733E-04 / 5.5611E-04   
280   1.000E-03   3.6147E-04   5.1657E-04   3.3290E-04 / 4.8335E-04   
290   1.000E-03   3.2764E-04   5.1107E-04   3.2734E-04 / 4.8457E-04   
300   1.000E-03   3.4014E-04   5.3840E-04   3.3965E-04 / 5.2530E-04   
310   1.000E-03   3.3104E-04   5.3067E-04   3.3083E-04 / 5.0731E-04   
320   1.000E-03   3.2930E-04   5.0311E-04   3.2897E-04 / 4.7317E-04   
330   1.000E-03   3.2902E-04   5.2065E-04   3.2807E-04 / 4.7814E-04   
340   1.000E-03   3.4261E-04   5.1704E-04   3.4178E-04 / 5.0749E-04   
350   1.000E-03   3.8743E-04   5.2745E-04   3.8680E-04 / 5.2476E-04   
360   1.000E-03   4.0805E-04   5.3382E-04   4.0791E-04 / 5.3373E-04   
370   1.000E-03   3.2923E-04   4.8883E-04   3.2901E-04 / 4.6535E-04   
380   1.000E-03   3.2698E-04   5.2685E-04   3.2674E-04 / 4.9448E-04   
390   1.000E-03   3.2512E-04   4.8616E-04   3.2495E-04 / 4.6775E-04   
400   1.000E-03   3.2890E-04   5.1445E-04   3.2855E-04 / 4.8976E-04   
410   1.000E-03   3.2462E-04   5.0422E-04   3.2446E-04 / 4.7928E-04   
420   1.000E-03   3.2650E-04   4.8872E-04   3.2633E-04 / 4.6936E-04   
430   1.000E-03   3.2648E-04   5.4957E-04   3.2587E-04 / 5.1346E-04   
440   1.000E-03   3.9467E-04   5.2660E-04   3.9378E-04 / 5.2149E-04   
450   1.000E-03   3.3432E-04   4.7186E-04   3.3414E-04 / 4.6292E-04   
460   1.000E-03   3.3588E-04   5.1528E-04   3.3577E-04 / 4.9910E-04   
470   1.000E-03   3.2793E-04   5.1007E-04   3.2765E-04 / 4.8852E-04   
480   1.000E-03   3.3534E-04   4.8130E-04   3.3512E-04 / 4.7962E-04   
BEST MODEL
===============================================================================================================
219   1.000E-03   3.6397E-04   4.6124E-04   3.6310E-04 / 4.5581E-04   
===============================================================================================================
Saved model to /home/nikhila/WDC/kan/kanTBNN/models/multi_run/duct_experiment_2/kanTBNN-25Jan21_23:22:10.pickle
