=====> WARNING: Training dataset length: 0, assuming memorization test!
========== Dataset info ==========
Dataset params: {'file': '/home/ryley/WDK/ML/dataset/turbulence_dataset_clean.csv', 'Cases': ['case_1p2'], 'val_set': ['case_1p2'], 'test_set': ['case_1p2'], 'data_loader': <class 'tbnn.dataloaders.aDataset'>}
Train/Valid/Test points: 14751 / 14751 / 14751
Memorization?: True
Cluster training?: False
EPOCH     LR        TRAIN         VALID             MSE:T/V                  RL:T/V             %NR_t/%NR_v
===============================================================================================================
  1   2.000E-04   1.9599E-01   1.9599E-01   1.9599E-01 / 1.9599E-01   
 10   2.000E-04   6.9962E-02   6.9962E-02   6.9962E-02 / 6.9962E-02   
 20   2.000E-04   4.7378E-02   4.7378E-02   4.7378E-02 / 4.7378E-02   
 30   2.000E-04   3.6371E-02   3.6371E-02   3.6371E-02 / 3.6371E-02   
 40   2.000E-04   3.2317E-02   3.2317E-02   3.2317E-02 / 3.2317E-02   
 50   2.000E-04   2.8946E-02   2.8946E-02   2.8946E-02 / 2.8946E-02   
 60   2.000E-04   2.6594E-02   2.6594E-02   2.6594E-02 / 2.6594E-02   
 70   2.000E-04   2.5696E-02   2.5696E-02   2.5696E-02 / 2.5696E-02   
 80   2.000E-04   2.4789E-02   2.4789E-02   2.4789E-02 / 2.4789E-02   
 90   2.000E-04   2.3686E-02   2.3686E-02   2.3686E-02 / 2.3686E-02   
100   2.000E-04   2.2516E-02   2.2516E-02   2.2516E-02 / 2.2516E-02   
110   2.000E-04   2.1605E-02   2.1605E-02   2.1605E-02 / 2.1605E-02   
120   2.000E-04   2.0668E-02   2.0668E-02   2.0668E-02 / 2.0668E-02   
130   2.000E-04   1.9899E-02   1.9899E-02   1.9899E-02 / 1.9899E-02   
140   2.000E-04   1.9085E-02   1.9085E-02   1.9085E-02 / 1.9085E-02   
150   2.000E-04   1.8317E-02   1.8317E-02   1.8317E-02 / 1.8317E-02   
160   2.000E-04   1.7760E-02   1.7760E-02   1.7760E-02 / 1.7760E-02   
170   2.000E-04   1.7120E-02   1.7120E-02   1.7120E-02 / 1.7120E-02   
180   2.000E-04   1.7084E-02   1.7084E-02   1.7084E-02 / 1.7084E-02   
190   2.000E-04   1.6300E-02   1.6300E-02   1.6300E-02 / 1.6300E-02   
200   2.000E-04   1.5790E-02   1.5790E-02   1.5790E-02 / 1.5790E-02   
210   2.000E-04   1.6025E-02   1.6025E-02   1.6025E-02 / 1.6025E-02   
220   2.000E-04   1.5434E-02   1.5434E-02   1.5434E-02 / 1.5434E-02   
230   2.000E-04   1.4812E-02   1.4812E-02   1.4812E-02 / 1.4812E-02   
240   2.000E-04   1.4447E-02   1.4447E-02   1.4447E-02 / 1.4447E-02   
250   2.000E-04   1.4289E-02   1.4289E-02   1.4289E-02 / 1.4289E-02   
260   2.000E-04   1.3985E-02   1.3985E-02   1.3985E-02 / 1.3985E-02   
270   2.000E-04   1.4496E-02   1.4496E-02   1.4496E-02 / 1.4496E-02   
280   2.000E-04   1.3402E-02   1.3402E-02   1.3402E-02 / 1.3402E-02   
290   2.000E-04   1.3132E-02   1.3132E-02   1.3132E-02 / 1.3132E-02   
300   2.000E-04   1.3110E-02   1.3110E-02   1.3110E-02 / 1.3110E-02   
310   2.000E-04   1.2951E-02   1.2951E-02   1.2951E-02 / 1.2951E-02   
320   2.000E-04   1.2762E-02   1.2762E-02   1.2762E-02 / 1.2762E-02   
330   2.000E-04   1.2839E-02   1.2839E-02   1.2839E-02 / 1.2839E-02   
340   2.000E-04   1.2143E-02   1.2143E-02   1.2143E-02 / 1.2143E-02   
350   2.000E-04   1.2010E-02   1.2010E-02   1.2010E-02 / 1.2010E-02   
360   2.000E-04   1.1938E-02   1.1938E-02   1.1938E-02 / 1.1938E-02   
370   2.000E-04   1.2020E-02   1.2020E-02   1.2020E-02 / 1.2020E-02   
380   2.000E-04   1.1790E-02   1.1790E-02   1.1790E-02 / 1.1790E-02   
390   2.000E-04   1.1620E-02   1.1620E-02   1.1620E-02 / 1.1620E-02   
400   2.000E-04   1.1488E-02   1.1488E-02   1.1488E-02 / 1.1488E-02   
410   2.000E-04   1.1675E-02   1.1675E-02   1.1675E-02 / 1.1675E-02   
420   2.000E-04   1.1594E-02   1.1594E-02   1.1594E-02 / 1.1594E-02   
430   2.000E-04   1.1530E-02   1.1530E-02   1.1530E-02 / 1.1530E-02   
440   2.000E-04   1.1800E-02   1.1800E-02   1.1800E-02 / 1.1800E-02   
450   2.000E-04   1.0877E-02   1.0877E-02   1.0877E-02 / 1.0877E-02   
460   2.000E-04   1.1137E-02   1.1137E-02   1.1137E-02 / 1.1137E-02   
470   2.000E-04   1.0866E-02   1.0866E-02   1.0866E-02 / 1.0866E-02   
480   2.000E-04   1.0706E-02   1.0706E-02   1.0706E-02 / 1.0706E-02   
490   2.000E-04   1.0612E-02   1.0612E-02   1.0612E-02 / 1.0612E-02   
500   2.000E-04   1.0372E-02   1.0372E-02   1.0372E-02 / 1.0372E-02   
510   2.000E-04   1.0309E-02   1.0309E-02   1.0309E-02 / 1.0309E-02   
520   2.000E-04   1.0842E-02   1.0842E-02   1.0842E-02 / 1.0842E-02   
530   2.000E-04   1.0446E-02   1.0446E-02   1.0446E-02 / 1.0446E-02   
540   2.000E-04   1.0147E-02   1.0147E-02   1.0147E-02 / 1.0147E-02   
550   2.000E-04   1.1538E-02   1.1538E-02   1.1538E-02 / 1.1538E-02   
560   2.000E-04   9.9033E-03   9.9033E-03   9.9033E-03 / 9.9033E-03   
570   2.000E-04   1.0007E-02   1.0007E-02   1.0007E-02 / 1.0007E-02   
580   2.000E-04   9.6742E-03   9.6742E-03   9.6742E-03 / 9.6742E-03   
590   2.000E-04   9.2397E-03   9.2397E-03   9.2397E-03 / 9.2397E-03   
600   2.000E-04   9.0324E-03   9.0324E-03   9.0324E-03 / 9.0324E-03   
610   2.000E-04   9.0601E-03   9.0601E-03   9.0601E-03 / 9.0601E-03   
620   2.000E-04   8.7989E-03   8.7989E-03   8.7989E-03 / 8.7989E-03   
630   2.000E-04   8.7674E-03   8.7674E-03   8.7674E-03 / 8.7674E-03   
640   2.000E-04   8.5913E-03   8.5913E-03   8.5913E-03 / 8.5913E-03   
650   2.000E-04   8.4591E-03   8.4591E-03   8.4591E-03 / 8.4591E-03   
660   2.000E-04   8.3666E-03   8.3666E-03   8.3666E-03 / 8.3666E-03   
670   2.000E-04   8.3000E-03   8.3000E-03   8.3000E-03 / 8.3000E-03   
680   2.000E-04   8.0815E-03   8.0815E-03   8.0815E-03 / 8.0815E-03   
690   2.000E-04   7.9317E-03   7.9317E-03   7.9317E-03 / 7.9317E-03   
700   2.000E-04   8.2808E-03   8.2808E-03   8.2808E-03 / 8.2808E-03   
710   2.000E-04   9.2794E-03   9.2794E-03   9.2794E-03 / 9.2794E-03   
720   2.000E-04   7.6897E-03   7.6897E-03   7.6897E-03 / 7.6897E-03   
730   2.000E-04   8.0512E-03   8.0512E-03   8.0512E-03 / 8.0512E-03   
740   2.000E-04   7.4289E-03   7.4289E-03   7.4289E-03 / 7.4289E-03   
750   2.000E-04   7.3807E-03   7.3807E-03   7.3807E-03 / 7.3807E-03   
760   2.000E-04   7.5028E-03   7.5028E-03   7.5028E-03 / 7.5028E-03   
770   2.000E-04   7.6681E-03   7.6681E-03   7.6681E-03 / 7.6681E-03   
780   2.000E-04   7.2389E-03   7.2389E-03   7.2389E-03 / 7.2389E-03   
790   2.000E-04   7.3767E-03   7.3767E-03   7.3767E-03 / 7.3767E-03   
800   2.000E-04   7.1570E-03   7.1570E-03   7.1570E-03 / 7.1570E-03   
810   2.000E-04   7.0069E-03   7.0069E-03   7.0069E-03 / 7.0069E-03   
820   2.000E-04   7.0239E-03   7.0239E-03   7.0239E-03 / 7.0239E-03   
830   2.000E-04   6.8603E-03   6.8603E-03   6.8603E-03 / 6.8603E-03   
840   2.000E-04   6.8602E-03   6.8602E-03   6.8602E-03 / 6.8602E-03   
850   2.000E-04   6.8228E-03   6.8228E-03   6.8228E-03 / 6.8228E-03   
860   2.000E-04   6.6584E-03   6.6584E-03   6.6584E-03 / 6.6584E-03   
870   2.000E-04   6.6186E-03   6.6186E-03   6.6186E-03 / 6.6186E-03   
880   2.000E-04   6.5705E-03   6.5705E-03   6.5705E-03 / 6.5705E-03   
890   2.000E-04   6.8554E-03   6.8554E-03   6.8554E-03 / 6.8554E-03   
900   2.000E-04   6.5887E-03   6.5887E-03   6.5887E-03 / 6.5887E-03   
910   2.000E-04   6.7528E-03   6.7528E-03   6.7528E-03 / 6.7528E-03   
920   2.000E-04   6.5771E-03   6.5771E-03   6.5771E-03 / 6.5771E-03   
930   2.000E-04   6.3862E-03   6.3862E-03   6.3862E-03 / 6.3862E-03   
940   2.000E-04   6.2624E-03   6.2624E-03   6.2624E-03 / 6.2624E-03   
950   2.000E-04   6.2206E-03   6.2206E-03   6.2206E-03 / 6.2206E-03   
960   2.000E-04   6.1666E-03   6.1666E-03   6.1666E-03 / 6.1666E-03   
970   2.000E-04   6.2290E-03   6.2290E-03   6.2290E-03 / 6.2290E-03   
980   2.000E-04   6.2856E-03   6.2856E-03   6.2856E-03 / 6.2856E-03   
990   2.000E-04   6.1209E-03   6.1209E-03   6.1209E-03 / 6.1209E-03   
1000   2.000E-04   5.9285E-03   5.9285E-03   5.9285E-03 / 5.9285E-03   
1010   2.000E-04   6.1738E-03   6.1738E-03   6.1738E-03 / 6.1738E-03   
1020   2.000E-04   5.9051E-03   5.9051E-03   5.9051E-03 / 5.9051E-03   
1030   2.000E-04   5.8107E-03   5.8107E-03   5.8107E-03 / 5.8107E-03   
1040   2.000E-04   5.9043E-03   5.9043E-03   5.9043E-03 / 5.9043E-03   
1050   2.000E-04   5.7828E-03   5.7828E-03   5.7828E-03 / 5.7828E-03   
1060   2.000E-04   6.1983E-03   6.1983E-03   6.1983E-03 / 6.1983E-03   
1070   2.000E-04   5.5282E-03   5.5282E-03   5.5282E-03 / 5.5282E-03   
1080   2.000E-04   5.6386E-03   5.6386E-03   5.6386E-03 / 5.6386E-03   
1090   2.000E-04   5.5409E-03   5.5409E-03   5.5409E-03 / 5.5409E-03   
1100   2.000E-04   5.4494E-03   5.4494E-03   5.4494E-03 / 5.4494E-03   
1110   2.000E-04   5.3863E-03   5.3863E-03   5.3863E-03 / 5.3863E-03   
1120   2.000E-04   5.7242E-03   5.7242E-03   5.7242E-03 / 5.7242E-03   
1130   2.000E-04   5.5106E-03   5.5106E-03   5.5106E-03 / 5.5106E-03   
1140   2.000E-04   5.2625E-03   5.2625E-03   5.2625E-03 / 5.2625E-03   
1150   2.000E-04   5.1918E-03   5.1918E-03   5.1918E-03 / 5.1918E-03   
1160   2.000E-04   5.3005E-03   5.3005E-03   5.3005E-03 / 5.3005E-03   
1170   2.000E-04   5.3700E-03   5.3700E-03   5.3700E-03 / 5.3700E-03   
1180   2.000E-04   5.3799E-03   5.3799E-03   5.3799E-03 / 5.3799E-03   
1190   2.000E-04   5.1495E-03   5.1495E-03   5.1495E-03 / 5.1495E-03   
1200   2.000E-04   5.1015E-03   5.1015E-03   5.1015E-03 / 5.1015E-03   
1210   2.000E-04   5.3609E-03   5.3609E-03   5.3609E-03 / 5.3609E-03   
1220   2.000E-04   4.9849E-03   4.9849E-03   4.9849E-03 / 4.9849E-03   
1230   2.000E-04   4.9921E-03   4.9921E-03   4.9921E-03 / 4.9921E-03   
1240   2.000E-04   4.8534E-03   4.8534E-03   4.8534E-03 / 4.8534E-03   
1250   2.000E-04   4.7866E-03   4.7866E-03   4.7866E-03 / 4.7866E-03   
1260   2.000E-04   5.3276E-03   5.3276E-03   5.3276E-03 / 5.3276E-03   
1270   2.000E-04   4.8946E-03   4.8946E-03   4.8946E-03 / 4.8946E-03   
1280   2.000E-04   4.9252E-03   4.9252E-03   4.9252E-03 / 4.9252E-03   
1290   2.000E-04   4.7725E-03   4.7725E-03   4.7725E-03 / 4.7725E-03   
1300   2.000E-04   4.8115E-03   4.8115E-03   4.8115E-03 / 4.8115E-03   
1310   2.000E-04   4.9336E-03   4.9336E-03   4.9336E-03 / 4.9336E-03   
1320   2.000E-04   4.5494E-03   4.5494E-03   4.5494E-03 / 4.5494E-03   
1330   2.000E-04   4.5558E-03   4.5558E-03   4.5558E-03 / 4.5558E-03   
1340   2.000E-04   4.6848E-03   4.6848E-03   4.6848E-03 / 4.6848E-03   
1350   2.000E-04   4.5639E-03   4.5639E-03   4.5639E-03 / 4.5639E-03   
1360   2.000E-04   4.8613E-03   4.8613E-03   4.8613E-03 / 4.8613E-03   
1370   2.000E-04   4.4713E-03   4.4713E-03   4.4713E-03 / 4.4713E-03   
1380   2.000E-04   4.5305E-03   4.5305E-03   4.5305E-03 / 4.5305E-03   
1390   2.000E-04   4.5734E-03   4.5734E-03   4.5734E-03 / 4.5734E-03   
1400   2.000E-04   4.6363E-03   4.6363E-03   4.6363E-03 / 4.6363E-03   
1410   2.000E-04   4.3598E-03   4.3598E-03   4.3598E-03 / 4.3598E-03   
1420   2.000E-04   4.4306E-03   4.4306E-03   4.4306E-03 / 4.4306E-03   
1430   2.000E-04   4.8041E-03   4.8041E-03   4.8041E-03 / 4.8041E-03   
1440   2.000E-04   4.3975E-03   4.3975E-03   4.3975E-03 / 4.3975E-03   
1450   2.000E-04   4.2511E-03   4.2511E-03   4.2511E-03 / 4.2511E-03   
1460   2.000E-04   4.7820E-03   4.7820E-03   4.7820E-03 / 4.7820E-03   
1470   2.000E-04   4.2498E-03   4.2498E-03   4.2498E-03 / 4.2498E-03   
1480   2.000E-04   4.1494E-03   4.1494E-03   4.1494E-03 / 4.1494E-03   
1490   2.000E-04   4.2976E-03   4.2976E-03   4.2976E-03 / 4.2976E-03   
1500   2.000E-04   4.2633E-03   4.2633E-03   4.2633E-03 / 4.2633E-03   
1510   2.000E-04   4.2559E-03   4.2559E-03   4.2559E-03 / 4.2559E-03   
1520   2.000E-04   4.0567E-03   4.0567E-03   4.0567E-03 / 4.0567E-03   
1530   2.000E-04   3.9758E-03   3.9758E-03   3.9758E-03 / 3.9758E-03   
1540   2.000E-04   4.2002E-03   4.2002E-03   4.2002E-03 / 4.2002E-03   
1550   2.000E-04   4.0202E-03   4.0202E-03   4.0202E-03 / 4.0202E-03   
1560   2.000E-04   3.9696E-03   3.9696E-03   3.9696E-03 / 3.9696E-03   
1570   2.000E-04   4.0611E-03   4.0611E-03   4.0611E-03 / 4.0611E-03   
1580   2.000E-04   4.1782E-03   4.1782E-03   4.1782E-03 / 4.1782E-03   
1590   2.000E-04   3.9331E-03   3.9331E-03   3.9331E-03 / 3.9331E-03   
1600   2.000E-04   3.8936E-03   3.8936E-03   3.8936E-03 / 3.8936E-03   
1610   2.000E-04   3.9242E-03   3.9242E-03   3.9242E-03 / 3.9242E-03   
1620   2.000E-04   3.8806E-03   3.8806E-03   3.8806E-03 / 3.8806E-03   
1630   2.000E-04   4.0301E-03   4.0301E-03   4.0301E-03 / 4.0301E-03   
1640   2.000E-04   3.7923E-03   3.7923E-03   3.7923E-03 / 3.7923E-03   
1650   2.000E-04   3.9495E-03   3.9495E-03   3.9495E-03 / 3.9495E-03   
1660   2.000E-04   3.7733E-03   3.7733E-03   3.7733E-03 / 3.7733E-03   
1670   2.000E-04   3.7808E-03   3.7808E-03   3.7808E-03 / 3.7808E-03   
1680   2.000E-04   3.6588E-03   3.6588E-03   3.6588E-03 / 3.6588E-03   
1690   2.000E-04   3.7710E-03   3.7710E-03   3.7710E-03 / 3.7710E-03   
1700   2.000E-04   3.7017E-03   3.7017E-03   3.7017E-03 / 3.7017E-03   
1710   2.000E-04   3.7672E-03   3.7672E-03   3.7672E-03 / 3.7672E-03   
1720   2.000E-04   3.8867E-03   3.8867E-03   3.8867E-03 / 3.8867E-03   
1730   2.000E-04   3.6186E-03   3.6186E-03   3.6186E-03 / 3.6186E-03   
1740   2.000E-04   3.6134E-03   3.6134E-03   3.6134E-03 / 3.6134E-03   
1750   2.000E-04   3.6002E-03   3.6002E-03   3.6002E-03 / 3.6002E-03   
1760   2.000E-04   3.9342E-03   3.9342E-03   3.9342E-03 / 3.9342E-03   
1770   2.000E-04   4.0379E-03   4.0379E-03   4.0379E-03 / 4.0379E-03   
1780   2.000E-04   3.6667E-03   3.6667E-03   3.6667E-03 / 3.6667E-03   
1790   2.000E-04   3.6646E-03   3.6646E-03   3.6646E-03 / 3.6646E-03   
1800   2.000E-04   3.5681E-03   3.5681E-03   3.5681E-03 / 3.5681E-03   
1810   2.000E-04   3.4687E-03   3.4687E-03   3.4687E-03 / 3.4687E-03   
1820   2.000E-04   3.4550E-03   3.4550E-03   3.4550E-03 / 3.4550E-03   
1830   2.000E-04   3.5205E-03   3.5205E-03   3.5205E-03 / 3.5205E-03   
1840   2.000E-04   3.5780E-03   3.5780E-03   3.5780E-03 / 3.5780E-03   
1850   2.000E-04   3.5572E-03   3.5572E-03   3.5572E-03 / 3.5572E-03   
1860   2.000E-04   3.4025E-03   3.4025E-03   3.4025E-03 / 3.4025E-03   
1870   2.000E-04   3.6004E-03   3.6004E-03   3.6004E-03 / 3.6004E-03   
1880   2.000E-04   3.5704E-03   3.5704E-03   3.5704E-03 / 3.5704E-03   
1890   2.000E-04   3.3677E-03   3.3677E-03   3.3677E-03 / 3.3677E-03   
1900   2.000E-04   3.3520E-03   3.3520E-03   3.3520E-03 / 3.3520E-03   
1910   2.000E-04   3.3399E-03   3.3399E-03   3.3399E-03 / 3.3399E-03   
1920   2.000E-04   3.3676E-03   3.3676E-03   3.3676E-03 / 3.3676E-03   
1930   2.000E-04   3.3830E-03   3.3830E-03   3.3830E-03 / 3.3830E-03   
1940   2.000E-04   3.2347E-03   3.2347E-03   3.2347E-03 / 3.2347E-03   
1950   2.000E-04   3.6458E-03   3.6458E-03   3.6458E-03 / 3.6458E-03   
1960   2.000E-04   3.2863E-03   3.2863E-03   3.2863E-03 / 3.2863E-03   
1970   2.000E-04   3.2620E-03   3.2620E-03   3.2620E-03 / 3.2620E-03   
1980   2.000E-04   3.3673E-03   3.3673E-03   3.3673E-03 / 3.3673E-03   
1990   2.000E-04   3.2271E-03   3.2271E-03   3.2271E-03 / 3.2271E-03   
2000   2.000E-04   3.2425E-03   3.2425E-03   3.2425E-03 / 3.2425E-03   
2010   2.000E-04   3.2808E-03   3.2808E-03   3.2808E-03 / 3.2808E-03   
2020   2.000E-04   3.2898E-03   3.2898E-03   3.2898E-03 / 3.2898E-03   
2030   2.000E-04   3.1872E-03   3.1872E-03   3.1872E-03 / 3.1872E-03   
2040   2.000E-04   3.1906E-03   3.1906E-03   3.1906E-03 / 3.1906E-03   
2050   2.000E-04   3.1005E-03   3.1005E-03   3.1005E-03 / 3.1005E-03   
2060   2.000E-04   3.1999E-03   3.1999E-03   3.1999E-03 / 3.1999E-03   
2070   2.000E-04   3.2072E-03   3.2072E-03   3.2072E-03 / 3.2072E-03   
2080   2.000E-04   3.0807E-03   3.0807E-03   3.0807E-03 / 3.0807E-03   
2090   2.000E-04   3.1264E-03   3.1264E-03   3.1264E-03 / 3.1264E-03   
2100   2.000E-04   3.2230E-03   3.2230E-03   3.2230E-03 / 3.2230E-03   
2110   2.000E-04   3.0527E-03   3.0527E-03   3.0527E-03 / 3.0527E-03   
2120   2.000E-04   3.1529E-03   3.1529E-03   3.1529E-03 / 3.1529E-03   
2130   2.000E-04   3.0712E-03   3.0712E-03   3.0712E-03 / 3.0712E-03   
2140   2.000E-04   3.0645E-03   3.0645E-03   3.0645E-03 / 3.0645E-03   
2150   2.000E-04   3.1587E-03   3.1587E-03   3.1587E-03 / 3.1587E-03   
2160   2.000E-04   3.0598E-03   3.0598E-03   3.0598E-03 / 3.0598E-03   
2170   2.000E-04   3.0509E-03   3.0509E-03   3.0509E-03 / 3.0509E-03   
2180   2.000E-04   3.0548E-03   3.0548E-03   3.0548E-03 / 3.0548E-03   
2190   2.000E-04   3.2675E-03   3.2675E-03   3.2675E-03 / 3.2675E-03   
2200   2.000E-04   3.0793E-03   3.0793E-03   3.0793E-03 / 3.0793E-03   
2210   2.000E-04   3.2068E-03   3.2068E-03   3.2068E-03 / 3.2068E-03   
2220   2.000E-04   3.0613E-03   3.0613E-03   3.0613E-03 / 3.0613E-03   
2230   2.000E-04   2.9331E-03   2.9331E-03   2.9331E-03 / 2.9331E-03   
2240   2.000E-04   3.0397E-03   3.0397E-03   3.0397E-03 / 3.0397E-03   
2250   2.000E-04   2.9604E-03   2.9604E-03   2.9604E-03 / 2.9604E-03   
2260   2.000E-04   2.9383E-03   2.9383E-03   2.9383E-03 / 2.9383E-03   
2270   2.000E-04   2.9397E-03   2.9397E-03   2.9397E-03 / 2.9397E-03   
2280   2.000E-04   2.8591E-03   2.8591E-03   2.8591E-03 / 2.8591E-03   
2290   2.000E-04   2.8554E-03   2.8554E-03   2.8554E-03 / 2.8554E-03   
2300   2.000E-04   2.9013E-03   2.9013E-03   2.9013E-03 / 2.9013E-03   
2310   2.000E-04   2.9062E-03   2.9062E-03   2.9062E-03 / 2.9062E-03   
2320   2.000E-04   2.8554E-03   2.8554E-03   2.8554E-03 / 2.8554E-03   
2330   2.000E-04   2.9718E-03   2.9718E-03   2.9718E-03 / 2.9718E-03   
2340   2.000E-04   2.8044E-03   2.8044E-03   2.8044E-03 / 2.8044E-03   
2350   2.000E-04   2.8711E-03   2.8711E-03   2.8711E-03 / 2.8711E-03   
2360   2.000E-04   2.8337E-03   2.8337E-03   2.8337E-03 / 2.8337E-03   
2370   2.000E-04   2.7557E-03   2.7557E-03   2.7557E-03 / 2.7557E-03   
2380   2.000E-04   2.8274E-03   2.8274E-03   2.8274E-03 / 2.8274E-03   
2390   2.000E-04   2.7812E-03   2.7812E-03   2.7812E-03 / 2.7812E-03   
2400   2.000E-04   2.8328E-03   2.8328E-03   2.8328E-03 / 2.8328E-03   
2410   2.000E-04   2.8609E-03   2.8609E-03   2.8609E-03 / 2.8609E-03   
2420   2.000E-04   2.7146E-03   2.7146E-03   2.7146E-03 / 2.7146E-03   
2430   2.000E-04   2.9419E-03   2.9419E-03   2.9419E-03 / 2.9419E-03   
2440   2.000E-04   2.7036E-03   2.7036E-03   2.7036E-03 / 2.7036E-03   
2450   2.000E-04   2.7112E-03   2.7112E-03   2.7112E-03 / 2.7112E-03   
2460   2.000E-04   2.7109E-03   2.7109E-03   2.7109E-03 / 2.7109E-03   
2470   2.000E-04   2.8553E-03   2.8553E-03   2.8553E-03 / 2.8553E-03   
2480   2.000E-04   2.8810E-03   2.8810E-03   2.8810E-03 / 2.8810E-03   
2490   2.000E-04   2.7494E-03   2.7494E-03   2.7494E-03 / 2.7494E-03   
2500   2.000E-04   2.6868E-03   2.6868E-03   2.6868E-03 / 2.6868E-03   
2510   2.000E-04   2.6328E-03   2.6328E-03   2.6328E-03 / 2.6328E-03   
2520   2.000E-04   2.7331E-03   2.7331E-03   2.7331E-03 / 2.7331E-03   
2530   2.000E-04   2.6343E-03   2.6343E-03   2.6343E-03 / 2.6343E-03   
2540   2.000E-04   2.5982E-03   2.5982E-03   2.5982E-03 / 2.5982E-03   
2550   2.000E-04   2.6129E-03   2.6129E-03   2.6129E-03 / 2.6129E-03   
2560   2.000E-04   2.7043E-03   2.7043E-03   2.7043E-03 / 2.7043E-03   
2570   2.000E-04   2.5707E-03   2.5707E-03   2.5707E-03 / 2.5707E-03   
2580   2.000E-04   2.6459E-03   2.6459E-03   2.6459E-03 / 2.6459E-03   
2590   2.000E-04   2.5315E-03   2.5315E-03   2.5315E-03 / 2.5315E-03   
2600   2.000E-04   2.5490E-03   2.5490E-03   2.5490E-03 / 2.5490E-03   
2610   2.000E-04   2.6320E-03   2.6320E-03   2.6320E-03 / 2.6320E-03   
2620   2.000E-04   2.5470E-03   2.5470E-03   2.5470E-03 / 2.5470E-03   
2630   2.000E-04   2.5512E-03   2.5512E-03   2.5512E-03 / 2.5512E-03   
2640   2.000E-04   2.7270E-03   2.7270E-03   2.7270E-03 / 2.7270E-03   
2650   2.000E-04   2.5876E-03   2.5876E-03   2.5876E-03 / 2.5876E-03   
2660   2.000E-04   2.5869E-03   2.5869E-03   2.5869E-03 / 2.5869E-03   
2670   2.000E-04   2.5101E-03   2.5101E-03   2.5101E-03 / 2.5101E-03   
2680   2.000E-04   2.5716E-03   2.5716E-03   2.5716E-03 / 2.5716E-03   
2690   2.000E-04   2.4898E-03   2.4898E-03   2.4898E-03 / 2.4898E-03   
2700   2.000E-04   2.6713E-03   2.6713E-03   2.6713E-03 / 2.6713E-03   
2710   2.000E-04   2.4290E-03   2.4290E-03   2.4290E-03 / 2.4290E-03   
2720   2.000E-04   2.5223E-03   2.5223E-03   2.5223E-03 / 2.5223E-03   
2730   2.000E-04   2.6857E-03   2.6857E-03   2.6857E-03 / 2.6857E-03   
2740   2.000E-04   2.4313E-03   2.4313E-03   2.4313E-03 / 2.4313E-03   
2750   2.000E-04   2.4800E-03   2.4800E-03   2.4800E-03 / 2.4800E-03   
2760   2.000E-04   2.4553E-03   2.4553E-03   2.4553E-03 / 2.4553E-03   
2770   2.000E-04   2.3920E-03   2.3920E-03   2.3920E-03 / 2.3920E-03   
2780   2.000E-04   2.4085E-03   2.4085E-03   2.4085E-03 / 2.4085E-03   
2790   2.000E-04   2.4204E-03   2.4204E-03   2.4204E-03 / 2.4204E-03   
2800   2.000E-04   2.4454E-03   2.4454E-03   2.4454E-03 / 2.4454E-03   
2810   2.000E-04   2.3383E-03   2.3383E-03   2.3383E-03 / 2.3383E-03   
2820   2.000E-04   2.4473E-03   2.4473E-03   2.4473E-03 / 2.4473E-03   
2830   2.000E-04   2.3486E-03   2.3486E-03   2.3486E-03 / 2.3486E-03   
2840   2.000E-04   2.4426E-03   2.4426E-03   2.4426E-03 / 2.4426E-03   
2850   2.000E-04   2.4544E-03   2.4544E-03   2.4544E-03 / 2.4544E-03   
2860   2.000E-04   2.3972E-03   2.3972E-03   2.3972E-03 / 2.3972E-03   
2870   2.000E-04   2.4548E-03   2.4548E-03   2.4548E-03 / 2.4548E-03   
2880   2.000E-04   2.3570E-03   2.3570E-03   2.3570E-03 / 2.3570E-03   
2890   2.000E-04   2.3770E-03   2.3770E-03   2.3770E-03 / 2.3770E-03   
2900   2.000E-04   2.3586E-03   2.3586E-03   2.3586E-03 / 2.3586E-03   
2910   2.000E-04   2.3008E-03   2.3008E-03   2.3008E-03 / 2.3008E-03   
2920   2.000E-04   2.8578E-03   2.8578E-03   2.8578E-03 / 2.8578E-03   
2930   2.000E-04   2.3107E-03   2.3107E-03   2.3107E-03 / 2.3107E-03   
2940   2.000E-04   2.3882E-03   2.3882E-03   2.3882E-03 / 2.3882E-03   
2950   2.000E-04   2.3196E-03   2.3196E-03   2.3196E-03 / 2.3196E-03   
2960   2.000E-04   2.3778E-03   2.3778E-03   2.3778E-03 / 2.3778E-03   
2970   2.000E-04   2.3078E-03   2.3078E-03   2.3078E-03 / 2.3078E-03   
2980   2.000E-04   2.3584E-03   2.3584E-03   2.3584E-03 / 2.3584E-03   
2990   2.000E-04   2.3431E-03   2.3431E-03   2.3431E-03 / 2.3431E-03   
3000   2.000E-04   2.3860E-03   2.3860E-03   2.3860E-03 / 2.3860E-03   
===============================================================================================================
Saved model to models/phll_memorization_norealiz/TBNNiii-24May09_14:17:49.pickle
