========== Dataset info ==========
Dataset params: {'file': '/home/nikki/kan/data/turbulence_dataset_clean.csv', 'Cases': ['fp_1000', 'fp_1410', 'fp_2000', 'fp_2540', 'fp_3030', 'fp_3270', 'fp_3630', 'fp_3970', 'fp_4060'], 'val_set': ['fp_3030', 'fp_1410', 'fp_4060'], 'test_set': ['fp_3630'], 'data_loader': <class 'tbnn.dataloaders.aDataset'>}
Train/Valid/Test points: 760 / 468 / 168
Memorization?: False
Cluster training?: False
EPOCH     LR        TRAIN         VALID             MSE:T/V                  RL:T/V             %NR_t/%NR_v
===============================================================================================================
  1   3.325E-03   2.4204E-01   2.4441E-01   2.4204E-01 / 2.4441E-01   
 10   3.325E-03   5.7982E-03   5.2445E-03   5.7982E-03 / 5.2445E-03   
 20   3.325E-03   2.7388E-03   2.6046E-03   2.7385E-03 / 2.6046E-03   
 30   3.325E-03   2.0692E-03   1.9923E-03   2.0685E-03 / 1.9916E-03   
 40   3.325E-03   1.7619E-03   1.7064E-03   1.7619E-03 / 1.7064E-03   
 50   3.325E-03   1.5584E-03   1.5098E-03   1.5584E-03 / 1.5098E-03   
 60   3.325E-03   1.4100E-03   1.3674E-03   1.4099E-03 / 1.3674E-03   
 70   3.325E-03   1.2934E-03   1.2563E-03   1.2934E-03 / 1.2562E-03   
 80   3.325E-03   1.1947E-03   1.1616E-03   1.1945E-03 / 1.1615E-03   
 90   3.325E-03   1.1065E-03   1.0768E-03   1.1063E-03 / 1.0766E-03   
100   3.325E-03   1.0279E-03   1.0027E-03   1.0276E-03 / 1.0023E-03   
110   3.325E-03   9.5624E-04   9.3498E-04   9.5598E-04 / 9.3476E-04   
120   3.325E-03   8.9178E-04   8.7306E-04   8.9155E-04 / 8.7289E-04   
130   3.325E-03   8.3307E-04   8.1807E-04   8.3291E-04 / 8.1793E-04   
140   3.325E-03   7.7927E-04   7.6760E-04   7.7915E-04 / 7.6752E-04   
150   3.325E-03   7.2962E-04   7.1902E-04   7.2958E-04 / 7.1899E-04   
160   3.325E-03   6.8255E-04   6.7278E-04   6.8253E-04 / 6.7276E-04   
170   3.325E-03   6.4084E-04   6.3341E-04   6.4081E-04 / 6.3340E-04   
180   3.325E-03   6.0063E-04   5.9538E-04   6.0058E-04 / 5.9528E-04   
190   3.325E-03   5.6337E-04   5.5869E-04   5.6330E-04 / 5.5860E-04   
200   3.325E-03   5.3158E-04   5.3106E-04   5.3153E-04 / 5.3099E-04   
210   3.325E-03   5.0063E-04   5.0033E-04   5.0059E-04 / 5.0028E-04   
220   3.325E-03   4.7568E-04   4.7581E-04   4.7560E-04 / 4.7577E-04   
230   3.325E-03   4.4943E-04   4.4912E-04   4.4942E-04 / 4.4910E-04   
240   3.325E-03   4.2695E-04   4.3110E-04   4.2686E-04 / 4.3101E-04   
250   3.325E-03   4.0475E-04   4.0523E-04   4.0472E-04 / 4.0521E-04   
260   3.325E-03   3.8190E-04   3.9215E-04   3.8187E-04 / 3.9212E-04   
270   3.325E-03   3.6413E-04   3.7349E-04   3.6412E-04 / 3.7349E-04   
280   3.325E-03   3.5011E-04   3.5768E-04   3.5007E-04 / 3.5763E-04   
290   3.325E-03   3.3392E-04   3.5107E-04   3.3387E-04 / 3.5094E-04   
300   3.325E-03   3.2014E-04   3.3760E-04   3.1993E-04 / 3.3716E-04   
310   3.325E-03   3.2007E-04   3.4237E-04   3.1994E-04 / 3.4222E-04   
320   3.325E-03   2.9715E-04   3.1688E-04   2.9699E-04 / 3.1676E-04   
330   3.325E-03   2.8667E-04   3.1117E-04   2.8654E-04 / 3.1104E-04   
340   3.325E-03   2.7569E-04   2.9333E-04   2.7549E-04 / 2.9318E-04   
350   3.325E-03   2.6898E-04   2.8994E-04   2.6862E-04 / 2.8959E-04   
360   3.325E-03   3.3734E-04   3.2933E-04   3.3727E-04 / 3.2926E-04   
370   3.325E-03   2.4831E-04   2.6255E-04   2.4809E-04 / 2.6222E-04   
380   3.325E-03   2.4114E-04   2.5754E-04   2.4103E-04 / 2.5734E-04   
390   3.325E-03   2.4005E-04   2.5459E-04   2.3916E-04 / 2.5352E-04   
400   3.325E-03   2.2650E-04   2.3861E-04   2.2623E-04 / 2.3831E-04   
410   3.325E-03   2.2071E-04   2.3508E-04   2.2028E-04 / 2.3467E-04   
420   3.325E-03   2.1467E-04   2.2937E-04   2.1438E-04 / 2.2917E-04   
430   3.325E-03   2.0593E-04   2.1995E-04   2.0541E-04 / 2.1957E-04   
440   3.325E-03   1.9979E-04   2.1147E-04   1.9944E-04 / 2.1125E-04   
450   3.325E-03   1.9631E-04   2.0726E-04   1.9615E-04 / 2.0711E-04   
460   3.325E-03   1.8770E-04   2.0003E-04   1.8754E-04 / 1.9988E-04   
470   3.325E-03   1.8268E-04   1.9657E-04   1.8233E-04 / 1.9621E-04   
480   3.325E-03   1.7997E-04   1.9633E-04   1.7904E-04 / 1.9537E-04   
490   3.325E-03   1.8258E-04   1.9993E-04   1.8192E-04 / 1.9914E-04   
500   3.325E-03   1.7465E-04   1.8457E-04   1.7453E-04 / 1.8442E-04   
510   3.325E-03   1.6523E-04   1.8157E-04   1.6501E-04 / 1.8130E-04   
520   3.325E-03   1.6180E-04   1.7801E-04   1.6134E-04 / 1.7749E-04   
530   3.325E-03   1.5724E-04   1.7279E-04   1.5690E-04 / 1.7243E-04   
540   3.325E-03   1.5377E-04   1.7132E-04   1.5358E-04 / 1.7111E-04   
550   3.325E-03   1.4891E-04   1.7358E-04   1.4833E-04 / 1.7300E-04   
560   3.325E-03   1.4744E-04   1.6878E-04   1.4711E-04 / 1.6847E-04   
570   3.325E-03   1.4116E-04   1.6839E-04   1.4104E-04 / 1.6827E-04   
580   3.325E-03   1.3590E-04   1.6232E-04   1.3581E-04 / 1.6221E-04   
590   3.325E-03   1.3600E-04   1.6512E-04   1.3588E-04 / 1.6498E-04   
600   3.325E-03   1.3470E-04   1.6338E-04   1.3432E-04 / 1.6298E-04   
610   3.325E-03   1.2627E-04   1.5696E-04   1.2597E-04 / 1.5661E-04   
620   3.325E-03   1.2302E-04   1.5454E-04   1.2293E-04 / 1.5442E-04   
630   3.325E-03   1.3657E-04   1.6728E-04   1.3644E-04 / 1.6711E-04   
640   3.325E-03   1.2165E-04   1.5217E-04   1.2151E-04 / 1.5198E-04   
650   3.325E-03   1.1503E-04   1.4663E-04   1.1482E-04 / 1.4638E-04   
660   3.325E-03   1.1012E-04   1.4728E-04   1.1003E-04 / 1.4716E-04   
670   3.325E-03   1.1184E-04   1.5364E-04   1.1178E-04 / 1.5356E-04   
680   3.325E-03   1.0600E-04   1.4224E-04   1.0587E-04 / 1.4212E-04   
690   3.325E-03   1.1185E-04   1.5970E-04   1.1095E-04 / 1.5883E-04   
700   3.325E-03   1.0135E-04   1.4114E-04   1.0116E-04 / 1.4098E-04   
710   3.325E-03   1.0921E-04   1.4503E-04   1.0878E-04 / 1.4471E-04   
720   3.325E-03   9.4840E-05   1.4156E-04   9.4659E-05 / 1.4137E-04   
730   3.325E-03   1.1495E-04   1.5637E-04   1.1492E-04 / 1.5632E-04   
740   3.325E-03   9.2831E-05   1.3859E-04   9.2791E-05 / 1.3851E-04   
750   3.325E-03   9.1617E-05   1.4023E-04   9.1565E-05 / 1.4014E-04   
760   3.325E-03   9.0533E-05   1.3677E-04   9.0385E-05 / 1.3652E-04   
770   3.325E-03   1.1073E-04   1.4897E-04   1.1052E-04 / 1.4876E-04   
780   3.325E-03   8.4681E-05   1.3568E-04   8.4380E-05 / 1.3530E-04   
790   3.325E-03   9.7818E-05   1.4084E-04   9.7773E-05 / 1.4078E-04   
800   3.325E-03   8.1776E-05   1.3011E-04   8.1703E-05 / 1.3001E-04   
810   3.325E-03   9.0790E-05   1.5261E-04   9.0725E-05 / 1.5252E-04   
820   3.325E-03   7.9710E-05   1.3448E-04   7.9214E-05 / 1.3395E-04   
830   3.325E-03   7.6573E-05   1.3422E-04   7.6508E-05 / 1.3413E-04   
840   3.325E-03   8.0490E-05   1.4279E-04   8.0406E-05 / 1.4271E-04   
850   3.325E-03   7.9149E-05   1.3426E-04   7.8843E-05 / 1.3402E-04   
860   3.325E-03   8.2141E-05   1.2700E-04   8.0728E-05 / 1.2559E-04   
870   3.325E-03   7.1508E-05   1.2968E-04   7.1368E-05 / 1.2952E-04   
880   3.325E-03   7.2652E-05   1.2960E-04   7.1384E-05 / 1.2836E-04   
890   3.325E-03   8.2206E-05   1.5255E-04   8.2153E-05 / 1.5250E-04   
900   3.325E-03   7.7640E-05   1.2974E-04   7.5835E-05 / 1.2783E-04   
910   3.325E-03   7.2024E-05   1.3278E-04   7.1720E-05 / 1.3246E-04   
920   3.325E-03   6.6765E-05   1.2600E-04   6.6547E-05 / 1.2576E-04   
930   3.325E-03   6.9026E-05   1.2522E-04   6.8323E-05 / 1.2456E-04   
940   3.325E-03   6.4995E-05   1.2599E-04   6.4478E-05 / 1.2547E-04   
950   3.325E-03   9.4493E-05   1.6001E-04   9.4004E-05 / 1.5945E-04   
960   3.325E-03   6.6247E-05   1.2096E-04   6.6236E-05 / 1.2094E-04   
970   3.325E-03   6.2730E-05   1.2614E-04   6.2668E-05 / 1.2606E-04   
980   3.325E-03   6.1106E-05   1.2282E-04   6.0834E-05 / 1.2253E-04   
990   3.325E-03   6.1856E-05   1.2510E-04   6.1198E-05 / 1.2443E-04   
1000   3.325E-03   6.1173E-05   1.1895E-04   6.1125E-05 / 1.1890E-04   
1010   3.325E-03   5.9037E-05   1.2159E-04   5.8832E-05 / 1.2136E-04   
1020   3.325E-03   6.0159E-05   1.2197E-04   5.9318E-05 / 1.2106E-04   
1030   3.325E-03   6.3846E-05   1.1837E-04   6.3694E-05 / 1.1823E-04   
1040   3.325E-03   7.2250E-05   1.3658E-04   7.0380E-05 / 1.3483E-04   
1050   3.325E-03   6.1513E-05   1.2245E-04   6.0970E-05 / 1.2189E-04   
1060   3.325E-03   8.0291E-05   1.4933E-04   8.0084E-05 / 1.4912E-04   
1070   3.325E-03   5.5225E-05   1.1975E-04   5.4990E-05 / 1.1952E-04   
1080   3.325E-03   6.9825E-05   1.2604E-04   6.9107E-05 / 1.2532E-04   
1090   3.325E-03   5.2915E-05   1.1764E-04   5.2881E-05 / 1.1760E-04   
1100   3.325E-03   5.5405E-05   1.2397E-04   5.4426E-05 / 1.2301E-04   
1110   3.325E-03   5.3784E-05   1.1774E-04   5.3365E-05 / 1.1735E-04   
1120   3.325E-03   5.1711E-05   1.1391E-04   5.0790E-05 / 1.1297E-04   
1130   3.325E-03   5.1196E-05   1.1080E-04   5.1168E-05 / 1.1077E-04   
1140   3.325E-03   1.3759E-04   1.7993E-04   1.3708E-04 / 1.7945E-04   
1150   3.325E-03   5.1502E-05   1.1612E-04   5.1487E-05 / 1.1608E-04   
1160   3.325E-03   5.2226E-05   1.1210E-04   5.2053E-05 / 1.1196E-04   
1170   3.325E-03   4.8357E-05   1.1158E-04   4.8301E-05 / 1.1150E-04   
1180   3.325E-03   4.8927E-05   1.1389E-04   4.8901E-05 / 1.1387E-04   
1190   3.325E-03   5.0850E-05   1.1192E-04   5.0465E-05 / 1.1157E-04   
1200   3.325E-03   4.6963E-05   1.0936E-04   4.6100E-05 / 1.0851E-04   
1210   3.325E-03   4.6915E-05   1.0900E-04   4.6718E-05 / 1.0883E-04   
1220   3.325E-03   4.5851E-05   1.1177E-04   4.5814E-05 / 1.1168E-04   
1230   3.325E-03   4.8445E-05   1.0818E-04   4.7734E-05 / 1.0747E-04   
1240   3.325E-03   4.8738E-05   1.1905E-04   4.7813E-05 / 1.1813E-04   
1250   3.325E-03   4.6642E-05   1.1538E-04   4.6404E-05 / 1.1513E-04   
1260   3.325E-03   4.3971E-05   1.0970E-04   4.3960E-05 / 1.0967E-04   
1270   3.325E-03   5.5534E-05   1.0877E-04   5.4900E-05 / 1.0813E-04   
1280   3.325E-03   4.4283E-05   1.1528E-04   4.4228E-05 / 1.1512E-04   
1290   3.325E-03   4.5864E-05   1.1147E-04   4.5800E-05 / 1.1130E-04   
1300   3.325E-03   5.0108E-05   1.1560E-04   5.0099E-05 / 1.1557E-04   
1310   3.325E-03   5.1554E-05   1.1689E-04   5.1249E-05 / 1.1657E-04   
1320   3.325E-03   5.2419E-05   1.1852E-04   5.2009E-05 / 1.1807E-04   
1330   3.325E-03   4.4915E-05   1.1002E-04   4.4880E-05 / 1.0994E-04   
1340   3.325E-03   4.3790E-05   1.0015E-04   4.3059E-05 / 9.9449E-05   
1350   3.325E-03   4.0444E-05   1.0622E-04   4.0155E-05 / 1.0592E-04   
1360   3.325E-03   4.0260E-05   1.0392E-04   3.9640E-05 / 1.0332E-04   
1370   3.325E-03   4.4321E-05   1.0856E-04   4.2527E-05 / 1.0678E-04   
1380   3.325E-03   4.1248E-05   1.0608E-04   4.0563E-05 / 1.0539E-04   
1390   3.325E-03   3.8835E-05   1.0166E-04   3.7616E-05 / 1.0046E-04   
1400   3.325E-03   4.2439E-05   1.0604E-04   4.2428E-05 / 1.0602E-04   
1410   3.325E-03   3.8831E-05   1.0318E-04   3.7606E-05 / 1.0188E-04   
1420   3.325E-03   3.9748E-05   1.0729E-04   3.9708E-05 / 1.0724E-04   
1430   3.325E-03   4.2712E-05   1.0853E-04   4.2695E-05 / 1.0850E-04   
1440   3.325E-03   4.8994E-05   1.0658E-04   4.8966E-05 / 1.0657E-04   
1450   3.325E-03   3.7397E-05   9.4583E-05   3.7256E-05 / 9.4458E-05   
1460   3.325E-03   3.8856E-05   9.3650E-05   3.8760E-05 / 9.3573E-05   
1470   3.325E-03   3.8680E-05   9.8054E-05   3.6053E-05 / 9.5432E-05   
1480   3.325E-03   3.6550E-05   9.7633E-05   3.6537E-05 / 9.7605E-05   
1490   3.325E-03   3.9474E-05   1.0055E-04   3.9463E-05 / 1.0052E-04   
1500   3.325E-03   3.4364E-05   9.5019E-05   3.3781E-05 / 9.4366E-05   
1510   3.325E-03   3.4575E-05   9.1772E-05   3.4242E-05 / 9.1427E-05   
1520   3.325E-03   5.3426E-05   1.1516E-04   5.3057E-05 / 1.1484E-04   
1530   3.325E-03   3.6632E-05   9.5475E-05   3.5870E-05 / 9.4705E-05   
1540   3.325E-03   3.3549E-05   9.0655E-05   3.3199E-05 / 9.0310E-05   
1550   3.325E-03   3.2454E-05   9.5558E-05   3.2438E-05 / 9.5542E-05   
1560   3.325E-03   3.9051E-05   9.4355E-05   3.9043E-05 / 9.4335E-05   
1570   3.325E-03   3.1671E-05   8.8471E-05   3.1493E-05 / 8.8300E-05   
1580   3.325E-03   3.6776E-05   9.2734E-05   3.6111E-05 / 9.2098E-05   
1590   3.325E-03   3.2237E-05   9.0982E-05   3.2121E-05 / 9.0861E-05   
1600   3.325E-03   3.5501E-05   9.2423E-05   3.5077E-05 / 9.1916E-05   
1610   3.325E-03   3.6159E-05   8.8515E-05   3.6135E-05 / 8.8475E-05   
1620   3.325E-03   3.7350E-05   8.8754E-05   3.7030E-05 / 8.8443E-05   
1630   3.325E-03   3.1806E-05   8.7356E-05   3.1664E-05 / 8.7238E-05   
1640   3.325E-03   3.2795E-05   8.3515E-05   3.2689E-05 / 8.3417E-05   
1650   3.325E-03   3.2837E-05   8.8417E-05   3.2268E-05 / 8.7874E-05   
1660   3.325E-03   4.6089E-05   1.0869E-04   4.5365E-05 / 1.0786E-04   
1670   3.325E-03   2.9727E-05   7.9115E-05   2.9213E-05 / 7.8627E-05   
1680   3.325E-03   3.0308E-05   8.0598E-05   3.0305E-05 / 8.0587E-05   
1690   3.325E-03   3.0755E-05   8.3487E-05   3.0740E-05 / 8.3459E-05   
1700   3.325E-03   3.1663E-05   8.5801E-05   3.1651E-05 / 8.5774E-05   
1710   3.325E-03   3.0685E-05   7.9929E-05   3.0677E-05 / 7.9886E-05   
1720   3.325E-03   3.3509E-05   8.5158E-05   3.3492E-05 / 8.5131E-05   
1730   3.325E-03   2.9792E-05   8.0464E-05   2.9702E-05 / 8.0349E-05   
1740   3.325E-03   4.9048E-05   1.0334E-04   4.7988E-05 / 1.0236E-04   
1750   3.325E-03   2.9324E-05   7.7029E-05   2.9135E-05 / 7.6834E-05   
1760   3.325E-03   2.8067E-05   8.1639E-05   2.8053E-05 / 8.1601E-05   
1770   3.325E-03   2.8219E-05   7.9365E-05   2.8045E-05 / 7.9173E-05   
1780   3.325E-03   2.6751E-05   7.6446E-05   2.6585E-05 / 7.6278E-05   
1790   3.325E-03   2.8606E-05   7.7148E-05   2.8603E-05 / 7.7138E-05   
1800   3.325E-03   3.9265E-05   8.5324E-05   3.8843E-05 / 8.4837E-05   
1810   3.325E-03   2.8347E-05   7.4265E-05   2.8342E-05 / 7.4252E-05   
1820   3.325E-03   3.4192E-05   8.4037E-05   3.3910E-05 / 8.3770E-05   
1830   3.325E-03   2.6092E-05   7.6028E-05   2.5866E-05 / 7.5743E-05   
1840   3.325E-03   3.8117E-05   8.4182E-05   3.6881E-05 / 8.2925E-05   
1850   3.325E-03   2.5563E-05   7.3863E-05   2.5423E-05 / 7.3718E-05   
1860   3.325E-03   2.5819E-05   7.2751E-05   2.5814E-05 / 7.2735E-05   
1870   3.325E-03   4.3831E-05   9.0999E-05   4.3439E-05 / 9.0552E-05   
1880   3.325E-03   3.7798E-05   7.5356E-05   3.7744E-05 / 7.5318E-05   
1890   3.325E-03   2.6390E-05   7.4753E-05   2.4599E-05 / 7.2962E-05   
1900   3.325E-03   2.5764E-05   7.2838E-05   2.4757E-05 / 7.1803E-05   
1910   3.325E-03   2.4338E-05   7.0691E-05   2.4243E-05 / 7.0592E-05   
1920   3.325E-03   2.8119E-05   6.9810E-05   2.8084E-05 / 6.9778E-05   
1930   3.325E-03   2.4180E-05   6.9558E-05   2.4165E-05 / 6.9533E-05   
1940   3.325E-03   2.6470E-05   6.9534E-05   2.5951E-05 / 6.8993E-05   
1950   3.325E-03   2.9194E-05   7.0924E-05   2.9108E-05 / 7.0837E-05   
1960   3.325E-03   2.7918E-05   7.4043E-05   2.7826E-05 / 7.3917E-05   
1970   3.325E-03   2.5811E-05   7.3706E-05   2.5544E-05 / 7.3433E-05   
1980   3.325E-03   2.9606E-05   7.1575E-05   2.8591E-05 / 7.0430E-05   
1990   3.325E-03   2.3390E-05   6.0718E-05   2.3217E-05 / 6.0528E-05   
2000   3.325E-03   3.4841E-05   7.4556E-05   3.4778E-05 / 7.4447E-05   
2010   3.325E-03   2.5180E-05   6.7802E-05   2.4946E-05 / 6.7517E-05   
2020   3.325E-03   2.4484E-05   6.3632E-05   2.3117E-05 / 6.2290E-05   
2030   3.325E-03   2.5200E-05   6.5776E-05   2.5134E-05 / 6.5681E-05   
2040   3.325E-03   2.2868E-05   6.3267E-05   2.2734E-05 / 6.3110E-05   
2050   3.325E-03   2.4629E-05   6.0268E-05   2.4512E-05 / 6.0117E-05   
2060   3.325E-03   2.3226E-05   6.2240E-05   2.3198E-05 / 6.2173E-05   
2070   3.325E-03   2.7185E-05   6.4278E-05   2.7024E-05 / 6.4095E-05   
2080   3.325E-03   3.4572E-05   7.1619E-05   3.4550E-05 / 7.1568E-05   
2090   3.325E-03   2.2426E-05   5.8113E-05   2.2269E-05 / 5.7886E-05   
2100   3.325E-03   2.4493E-05   6.1803E-05   2.4421E-05 / 6.1693E-05   
2110   3.325E-03   2.5968E-05   5.6573E-05   2.5431E-05 / 5.6020E-05   
2120   3.325E-03   2.0781E-05   5.6765E-05   2.0761E-05 / 5.6709E-05   
2130   3.325E-03   2.3754E-05   5.5778E-05   2.3754E-05 / 5.5775E-05   
2140   3.325E-03   2.1616E-05   6.2785E-05   2.1611E-05 / 6.2776E-05   
2150   3.325E-03   2.0585E-05   5.7052E-05   2.0545E-05 / 5.6978E-05   
2160   3.325E-03   2.3171E-05   5.7726E-05   2.1269E-05 / 5.5929E-05   
2170   3.325E-03   2.1347E-05   5.6528E-05   2.1305E-05 / 5.6421E-05   
2180   3.325E-03   2.2540E-05   5.6484E-05   2.2529E-05 / 5.6302E-05   
2190   3.325E-03   2.1854E-05   5.4714E-05   2.1463E-05 / 5.4247E-05   
2200   3.325E-03   2.2465E-05   5.2825E-05   2.1941E-05 / 5.2270E-05   
2210   3.325E-03   2.3928E-05   5.6443E-05   2.3754E-05 / 5.6275E-05   
2220   3.325E-03   2.8024E-05   6.4039E-05   2.8000E-05 / 6.3716E-05   
2230   3.325E-03   2.0272E-05   5.3732E-05   2.0244E-05 / 5.3659E-05   
2240   3.325E-03   2.8967E-05   5.8800E-05   2.8941E-05 / 5.8658E-05   
2250   3.325E-03   2.0973E-05   5.1900E-05   2.0940E-05 / 5.1830E-05   
2260   3.325E-03   1.9382E-05   4.9217E-05   1.9304E-05 / 4.9024E-05   
2270   3.325E-03   2.0341E-05   5.1734E-05   2.0074E-05 / 5.1475E-05   
2280   3.325E-03   1.9597E-05   5.0605E-05   1.9386E-05 / 5.0368E-05   
2290   3.325E-03   2.4054E-05   6.0155E-05   2.4054E-05 / 6.0151E-05   
2300   3.325E-03   2.3895E-05   5.2924E-05   2.3800E-05 / 5.2814E-05   
2310   3.325E-03   1.9330E-05   4.8604E-05   1.9151E-05 / 4.8354E-05   
2320   3.325E-03   2.0313E-05   5.0106E-05   1.9917E-05 / 4.9268E-05   
2330   3.325E-03   1.8386E-05   4.5520E-05   1.8210E-05 / 4.5236E-05   
2340   3.325E-03   2.0305E-05   5.1186E-05   2.0304E-05 / 5.0914E-05   
2350   3.325E-03   3.3962E-05   6.4883E-05   3.3381E-05 / 6.3662E-05   
2360   3.325E-03   1.9952E-05   4.8497E-05   1.9896E-05 / 4.8264E-05   
2370   3.325E-03   1.8407E-05   4.5581E-05   1.8402E-05 / 4.5545E-05   
2380   3.325E-03   1.9567E-05   4.7451E-05   1.9301E-05 / 4.7119E-05   
2390   3.325E-03   1.8001E-05   4.5485E-05   1.8001E-05 / 4.5447E-05   
2400   3.325E-03   2.0650E-05   4.7023E-05   1.9126E-05 / 4.5492E-05   
2410   3.325E-03   1.9803E-05   4.4977E-05   1.9801E-05 / 4.4821E-05   
2420   3.325E-03   3.0188E-05   5.4446E-05   3.0187E-05 / 5.4443E-05   
2430   3.325E-03   1.9061E-05   4.6483E-05   1.8927E-05 / 4.6323E-05   
2440   3.325E-03   1.8075E-05   4.3066E-05   1.7236E-05 / 4.2155E-05   
2450   3.325E-03   1.8037E-05   4.2708E-05   1.7732E-05 / 4.2199E-05   
2460   3.325E-03   1.9060E-05   4.6023E-05   1.9022E-05 / 4.5764E-05   
2470   3.325E-03   1.8891E-05   4.3524E-05   1.8771E-05 / 4.3251E-05   
2480   3.325E-03   2.1102E-05   4.6559E-05   2.0708E-05 / 4.6161E-05   
2490   3.325E-03   1.9353E-05   4.4341E-05   1.8042E-05 / 4.3040E-05   
2500   3.325E-03   1.6940E-05   4.1237E-05   1.6915E-05 / 4.1135E-05   
2510   3.325E-03   1.9669E-05   4.4006E-05   1.7791E-05 / 4.2116E-05   
2520   3.325E-03   2.4761E-05   4.7052E-05   2.3260E-05 / 4.5531E-05   
2530   3.325E-03   1.7383E-05   3.9929E-05   1.7368E-05 / 3.9815E-05   
2540   3.325E-03   1.8373E-05   4.3950E-05   1.8307E-05 / 4.3624E-05   
2550   3.325E-03   1.9218E-05   4.0454E-05   1.9134E-05 / 4.0023E-05   
2560   3.325E-03   1.8841E-05   4.0287E-05   1.8516E-05 / 3.9731E-05   
2570   3.325E-03   1.7452E-05   3.7828E-05   1.6975E-05 / 3.7313E-05   
2580   3.325E-03   1.6468E-05   3.8680E-05   1.6375E-05 / 3.8344E-05   
2590   3.325E-03   1.7153E-05   3.9714E-05   1.7145E-05 / 3.9594E-05   
2600   3.325E-03   1.9699E-05   4.3460E-05   1.9699E-05 / 4.3278E-05   
2610   3.325E-03   2.1139E-05   3.9851E-05   2.1132E-05 / 3.9666E-05   
2620   3.325E-03   1.8195E-05   4.1382E-05   1.8176E-05 / 4.1231E-05   
2630   3.325E-03   1.6004E-05   3.6413E-05   1.5823E-05 / 3.6156E-05   
2640   3.325E-03   4.1063E-05   5.4866E-05   4.1018E-05 / 5.4791E-05   
2650   3.325E-03   1.7445E-05   3.6749E-05   1.7152E-05 / 3.6315E-05   
2660   3.325E-03   1.5458E-05   3.4319E-05   1.5431E-05 / 3.4069E-05   
2670   3.325E-03   1.6512E-05   3.6220E-05   1.6466E-05 / 3.5961E-05   
2680   3.325E-03   1.5480E-05   3.4694E-05   1.5397E-05 / 3.4484E-05   
2690   3.325E-03   1.7318E-05   3.5403E-05   1.7171E-05 / 3.5212E-05   
2700   3.325E-03   1.9113E-05   3.2869E-05   1.9068E-05 / 3.2767E-05   
2710   3.325E-03   1.6520E-05   3.4520E-05   1.6409E-05 / 3.4373E-05   
2720   3.325E-03   1.7748E-05   3.6640E-05   1.7734E-05 / 3.6548E-05   
2730   3.325E-03   1.7184E-05   3.2708E-05   1.6596E-05 / 3.2093E-05   
2740   3.325E-03   1.6120E-05   3.4093E-05   1.5605E-05 / 3.3547E-05   
2750   3.325E-03   1.6596E-05   3.3438E-05   1.6576E-05 / 3.3292E-05   
2760   3.325E-03   1.6443E-05   3.5660E-05   1.6423E-05 / 3.5476E-05   
2770   3.325E-03   1.8238E-05   3.5203E-05   1.8201E-05 / 3.4975E-05   
2780   3.325E-03   1.7691E-05   3.5624E-05   1.5386E-05 / 3.3373E-05   
2790   3.325E-03   2.2309E-05   4.0676E-05   2.0759E-05 / 3.9148E-05   
2800   3.325E-03   2.3906E-05   3.8073E-05   2.3740E-05 / 3.7862E-05   
2810   3.325E-03   1.4748E-05   3.0923E-05   1.4500E-05 / 3.0641E-05   
2820   3.325E-03   1.5299E-05   3.0549E-05   1.5298E-05 / 3.0543E-05   
2830   3.325E-03   1.6022E-05   3.2276E-05   1.5637E-05 / 3.1850E-05   
2840   3.325E-03   1.8242E-05   3.5901E-05   1.7834E-05 / 3.5463E-05   
2850   3.325E-03   1.4834E-05   3.0548E-05   1.4812E-05 / 3.0507E-05   
2860   3.325E-03   1.6273E-05   3.2675E-05   1.4620E-05 / 3.1095E-05   
2870   3.325E-03   1.6637E-05   3.2494E-05   1.6626E-05 / 3.2479E-05   
2880   3.325E-03   1.5218E-05   3.2049E-05   1.5149E-05 / 3.1916E-05   
2890   3.325E-03   2.1570E-05   3.8882E-05   2.1437E-05 / 3.8804E-05   
2900   3.325E-03   1.5937E-05   3.0815E-05   1.5571E-05 / 3.0432E-05   
2910   3.325E-03   1.7345E-05   3.3201E-05   1.7119E-05 / 3.3045E-05   
2920   3.325E-03   1.4863E-05   2.9565E-05   1.4601E-05 / 2.9268E-05   
2930   3.325E-03   1.4332E-05   2.8944E-05   1.4130E-05 / 2.8703E-05   
2940   3.325E-03   1.4503E-05   3.0613E-05   1.4469E-05 / 3.0479E-05   
2950   3.325E-03   1.7490E-05   3.2140E-05   1.7254E-05 / 3.1981E-05   
2960   3.325E-03   2.5864E-05   4.2730E-05   2.5858E-05 / 4.2699E-05   
2970   3.325E-03   1.9388E-05   3.4517E-05   1.8567E-05 / 3.3629E-05   
2980   3.325E-03   1.5943E-05   3.2182E-05   1.5167E-05 / 3.1411E-05   
2990   3.325E-03   2.4139E-05   3.6770E-05   2.4091E-05 / 3.6709E-05   
3000   3.325E-03   1.7256E-05   3.2242E-05   1.5399E-05 / 3.0377E-05   
3010   3.325E-03   1.4194E-05   2.9262E-05   1.3786E-05 / 2.8862E-05   
3020   3.325E-03   1.6432E-05   3.2119E-05   1.6247E-05 / 3.1914E-05   
3030   3.325E-03   2.7187E-05   4.3267E-05   2.7032E-05 / 4.3141E-05   
3040   3.325E-03   1.3628E-05   2.9234E-05   1.3582E-05 / 2.9183E-05   
3050   3.325E-03   1.5952E-05   3.1338E-05   1.5952E-05 / 3.1337E-05   
3060   3.325E-03   1.4120E-05   2.9347E-05   1.4024E-05 / 2.9251E-05   
3070   3.325E-03   1.8265E-05   3.3185E-05   1.7945E-05 / 3.2927E-05   
3080   3.325E-03   1.7657E-05   3.3667E-05   1.7323E-05 / 3.3321E-05   
3090   3.325E-03   2.1299E-05   3.4095E-05   1.9663E-05 / 3.2488E-05   
3100   3.325E-03   1.4816E-05   2.8702E-05   1.4682E-05 / 2.8576E-05   
3110   3.325E-03   1.3683E-05   2.8179E-05   1.3489E-05 / 2.7983E-05   
3120   3.325E-03   1.5171E-05   2.9698E-05   1.4715E-05 / 2.9252E-05   
3130   3.325E-03   1.4225E-05   2.8523E-05   1.3848E-05 / 2.8162E-05   
3140   3.325E-03   1.4934E-05   2.9939E-05   1.4230E-05 / 2.9261E-05   
3150   3.325E-03   1.4878E-05   2.9645E-05   1.4578E-05 / 2.9376E-05   
3160   3.325E-03   1.5686E-05   2.9607E-05   1.5518E-05 / 2.9484E-05   
3170   3.325E-03   1.4829E-05   2.8324E-05   1.4821E-05 / 2.8319E-05   
3180   3.325E-03   1.3839E-05   2.8741E-05   1.3710E-05 / 2.8646E-05   
3190   3.325E-03   1.3376E-05   2.7473E-05   1.2885E-05 / 2.6999E-05   
3200   3.325E-03   1.6370E-05   3.1497E-05   1.6370E-05 / 3.1496E-05   
3210   3.325E-03   1.7839E-05   3.2824E-05   1.5692E-05 / 3.0741E-05   
3220   3.325E-03   5.8105E-05   6.5178E-05   5.7988E-05 / 6.5083E-05   
3230   3.325E-03   1.4860E-05   2.6601E-05   1.4860E-05 / 2.6601E-05   
3240   3.325E-03   1.4619E-05   2.9785E-05   1.4619E-05 / 2.9785E-05   
3250   3.325E-03   1.2928E-05   2.5915E-05   1.2817E-05 / 2.5836E-05   
3260   3.325E-03   1.7095E-05   3.0848E-05   1.7043E-05 / 3.0816E-05   
3270   3.325E-03   1.2781E-05   2.7382E-05   1.2523E-05 / 2.7165E-05   
3280   3.325E-03   1.5737E-05   2.9029E-05   1.5737E-05 / 2.9029E-05   
3290   3.325E-03   1.2547E-05   2.6319E-05   1.2465E-05 / 2.6270E-05   
3300   3.325E-03   1.4684E-05   2.8747E-05   1.4539E-05 / 2.8647E-05   
3310   3.325E-03   1.8499E-05   3.3732E-05   1.8464E-05 / 3.3723E-05   
3320   3.325E-03   1.3176E-05   2.6868E-05   1.3091E-05 / 2.6806E-05   
3330   3.325E-03   4.8898E-05   5.2454E-05   4.8846E-05 / 5.2414E-05   
3340   3.325E-03   1.4028E-05   2.7699E-05   1.4026E-05 / 2.7699E-05   
3350   3.325E-03   1.3247E-05   2.7025E-05   1.3182E-05 / 2.6994E-05   
3360   3.325E-03   1.2692E-05   2.4455E-05   1.2499E-05 / 2.4312E-05   
3370   3.325E-03   1.6531E-05   3.1523E-05   1.6508E-05 / 3.1519E-05   
3380   3.325E-03   1.3057E-05   2.6195E-05   1.2838E-05 / 2.6029E-05   
3390   3.325E-03   1.5658E-05   3.0722E-05   1.5513E-05 / 3.0620E-05   
3400   3.325E-03   1.3085E-05   2.5379E-05   1.2737E-05 / 2.5077E-05   
3410   3.325E-03   1.4373E-05   2.8988E-05   1.3961E-05 / 2.8624E-05   
3420   3.325E-03   1.2948E-05   2.5458E-05   1.2828E-05 / 2.5385E-05   
3430   3.325E-03   1.3984E-05   2.6799E-05   1.2867E-05 / 2.5723E-05   
3440   3.325E-03   1.9862E-05   3.1904E-05   1.8887E-05 / 3.0960E-05   
3450   3.325E-03   1.1713E-05   2.3657E-05   1.1612E-05 / 2.3604E-05   
3460   3.325E-03   1.2942E-05   2.5487E-05   1.2889E-05 / 2.5464E-05   
3470   3.325E-03   2.4379E-05   3.5959E-05   2.3981E-05 / 3.5580E-05   
3480   3.325E-03   1.2314E-05   2.4650E-05   1.2276E-05 / 2.4641E-05   
3490   3.325E-03   1.6779E-05   2.8345E-05   1.6551E-05 / 2.8165E-05   
3500   3.325E-03   1.1793E-05   2.3569E-05   1.1756E-05 / 2.3561E-05   
3510   3.325E-03   1.2291E-05   2.3875E-05   1.2280E-05 / 2.3862E-05   
3520   3.325E-03   1.3438E-05   2.5539E-05   1.3438E-05 / 2.5539E-05   
3530   3.325E-03   1.6920E-05   2.9851E-05   1.6920E-05 / 2.9851E-05   
3540   3.325E-03   1.4208E-05   2.5648E-05   1.4086E-05 / 2.5538E-05   
3550   3.325E-03   2.1216E-05   3.4803E-05   2.0443E-05 / 3.4072E-05   
3560   3.325E-03   1.5234E-05   2.3973E-05   1.5222E-05 / 2.3966E-05   
3570   3.325E-03   1.2191E-05   2.3636E-05   1.2185E-05 / 2.3627E-05   
3580   3.325E-03   1.1746E-05   2.3233E-05   1.1662E-05 / 2.3188E-05   
3590   3.325E-03   1.3669E-05   2.4873E-05   1.3517E-05 / 2.4732E-05   
3600   3.325E-03   1.2034E-05   2.3127E-05   1.1963E-05 / 2.3100E-05   
3610   3.325E-03   1.1264E-05   2.2265E-05   1.1047E-05 / 2.2103E-05   
3620   3.325E-03   1.3895E-05   2.4217E-05   1.3720E-05 / 2.4074E-05   
3630   3.325E-03   2.0533E-05   3.2300E-05   2.0526E-05 / 3.2300E-05   
3640   3.325E-03   1.2061E-05   2.3282E-05   1.1693E-05 / 2.2965E-05   
3650   3.325E-03   1.2137E-05   2.2548E-05   1.1268E-05 / 2.1720E-05   
3660   3.325E-03   1.3672E-05   2.5580E-05   1.3520E-05 / 2.5490E-05   
3670   3.325E-03   1.5830E-05   3.0000E-05   1.5817E-05 / 2.9997E-05   
3680   3.325E-03   1.2238E-05   2.2661E-05   1.1399E-05 / 2.1864E-05   
3690   3.325E-03   1.3921E-05   2.5321E-05   1.3763E-05 / 2.5163E-05   
3700   3.325E-03   1.2763E-05   2.2500E-05   1.2452E-05 / 2.2193E-05   
3710   3.325E-03   1.2173E-05   2.3285E-05   1.2169E-05 / 2.3277E-05   
3720   3.325E-03   1.4529E-05   2.5374E-05   1.4494E-05 / 2.5358E-05   
3730   3.325E-03   1.5003E-05   2.4867E-05   1.5003E-05 / 2.4867E-05   
3740   3.325E-03   1.3896E-05   2.4037E-05   1.3562E-05 / 2.3750E-05   
3750   3.325E-03   1.3624E-05   2.3117E-05   1.3127E-05 / 2.2661E-05   
3760   3.325E-03   1.2550E-05   2.2699E-05   1.2362E-05 / 2.2525E-05   
3770   3.325E-03   1.2265E-05   2.2441E-05   1.1744E-05 / 2.1959E-05   
3780   3.325E-03   1.1811E-05   2.1920E-05   1.1173E-05 / 2.1327E-05   
3790   3.325E-03   1.2339E-05   2.3255E-05   1.2259E-05 / 2.3198E-05   
3800   3.325E-03   1.3257E-05   2.4129E-05   1.2625E-05 / 2.3576E-05   
3810   3.325E-03   1.5343E-05   2.5678E-05   1.5198E-05 / 2.5530E-05   
3820   3.325E-03   1.2199E-05   2.2981E-05   1.2199E-05 / 2.2981E-05   
3830   3.325E-03   1.4916E-05   2.3109E-05   1.4916E-05 / 2.3109E-05   
3840   3.325E-03   3.4827E-05   3.9228E-05   3.3947E-05 / 3.8404E-05   
3850   3.325E-03   1.3022E-05   2.3309E-05   1.2845E-05 / 2.3165E-05   
3860   3.325E-03   1.1657E-05   2.2072E-05   1.1475E-05 / 2.1886E-05   
3870   3.325E-03   1.1174E-05   2.2194E-05   1.1149E-05 / 2.2178E-05   
3880   3.325E-03   1.2863E-05   2.3415E-05   1.2825E-05 / 2.3388E-05   
3890   3.325E-03   1.3123E-05   2.3521E-05   1.3010E-05 / 2.3400E-05   
3900   3.325E-03   1.3576E-05   2.2491E-05   1.1339E-05 / 2.0381E-05   
3910   3.325E-03   1.4537E-05   2.6211E-05   1.4507E-05 / 2.6206E-05   
3920   3.325E-03   1.3738E-05   2.3414E-05   1.3531E-05 / 2.3203E-05   
3930   3.325E-03   1.0823E-05   2.1428E-05   1.0793E-05 / 2.1401E-05   
3940   3.325E-03   1.1770E-05   2.1966E-05   1.1703E-05 / 2.1920E-05   
3950   3.325E-03   2.1969E-05   2.6444E-05   2.1969E-05 / 2.6444E-05   
3960   3.325E-03   3.0418E-05   3.9987E-05   2.7387E-05 / 3.7356E-05   
3970   3.325E-03   1.1501E-05   2.1450E-05   1.0421E-05 / 2.0467E-05   
3980   3.325E-03   1.2107E-05   2.1850E-05   1.2077E-05 / 2.1827E-05   
3990   3.325E-03   1.2047E-05   2.0484E-05   1.1973E-05 / 2.0425E-05   
4000   3.325E-03   1.0111E-05   1.9600E-05   1.0030E-05 / 1.9519E-05   
4010   3.325E-03   1.1758E-05   2.2309E-05   1.1417E-05 / 2.2014E-05   
4020   3.325E-03   1.2274E-05   2.3004E-05   1.2002E-05 / 2.2753E-05   
4030   3.325E-03   1.3767E-05   2.4362E-05   1.3094E-05 / 2.3743E-05   
4040   3.325E-03   1.4844E-05   2.4346E-05   1.2847E-05 / 2.2471E-05   
4050   3.325E-03   1.1230E-05   2.1310E-05   1.1221E-05 / 2.1304E-05   
4060   3.325E-03   2.0139E-05   3.1401E-05   2.0095E-05 / 3.1360E-05   
4070   3.325E-03   1.0528E-05   2.1399E-05   1.0450E-05 / 2.1322E-05   
4080   3.325E-03   1.1180E-05   2.1209E-05   1.1175E-05 / 2.1203E-05   
4090   3.325E-03   1.1139E-05   2.1508E-05   1.0585E-05 / 2.1020E-05   
4100   3.325E-03   1.4706E-05   2.5702E-05   1.4679E-05 / 2.5670E-05   
4110   3.325E-03   1.1501E-05   1.9989E-05   1.1468E-05 / 1.9953E-05   
4120   3.325E-03   9.2821E-05   1.0266E-04   9.2094E-05 / 1.0195E-04   
4130   3.325E-03   1.3101E-05   2.1760E-05   1.2946E-05 / 2.1633E-05   
4140   3.325E-03   1.0925E-05   2.0742E-05   1.0032E-05 / 1.9905E-05   
4150   3.325E-03   1.2003E-05   2.1287E-05   1.1210E-05 / 2.0529E-05   
4160   3.325E-03   1.0258E-05   2.0027E-05   1.0165E-05 / 1.9931E-05   
4170   3.325E-03   1.2641E-05   2.2065E-05   1.2601E-05 / 2.2021E-05   
4180   3.325E-03   1.0385E-05   2.0868E-05   1.0222E-05 / 2.0721E-05   
4190   3.325E-03   1.3830E-05   2.4117E-05   1.3829E-05 / 2.4117E-05   
4200   3.325E-03   9.7595E-06   1.9935E-05   9.7191E-06 / 1.9893E-05   
4210   3.325E-03   3.2023E-05   2.5307E-05   3.2019E-05 / 2.5300E-05   
4220   3.325E-03   1.2272E-05   2.1042E-05   1.2184E-05 / 2.0952E-05   
4230   3.325E-03   1.1448E-05   2.1345E-05   1.1442E-05 / 2.1343E-05   
4240   3.325E-03   1.1294E-05   2.0970E-05   1.1293E-05 / 2.0970E-05   
4250   3.325E-03   9.8890E-06   2.0272E-05   9.4393E-06 / 1.9876E-05   
4260   3.325E-03   1.1669E-05   2.0908E-05   1.1285E-05 / 2.0562E-05   
4270   3.325E-03   1.2894E-05   2.3476E-05   1.2807E-05 / 2.3387E-05   
4280   3.325E-03   1.2714E-05   2.2559E-05   1.2527E-05 / 2.2376E-05   
4290   3.325E-03   1.2904E-05   2.3725E-05   1.2593E-05 / 2.3428E-05   
4300   3.325E-03   1.0218E-05   1.9993E-05   1.0016E-05 / 1.9800E-05   
4310   3.325E-03   1.0524E-05   2.0629E-05   1.0524E-05 / 2.0629E-05   
4320   3.325E-03   1.4615E-05   2.4112E-05   1.3696E-05 / 2.3264E-05   
4330   3.325E-03   1.0237E-05   1.9810E-05   1.0145E-05 / 1.9705E-05   
4340   3.325E-03   1.0119E-05   2.0928E-05   1.0097E-05 / 2.0914E-05   
4350   3.325E-03   9.8263E-06   2.0430E-05   9.8261E-06 / 2.0430E-05   
4360   3.325E-03   1.1234E-05   2.2018E-05   1.0519E-05 / 2.1372E-05   
4370   3.325E-03   1.0432E-05   2.0436E-05   1.0116E-05 / 2.0138E-05   
4380   3.325E-03   1.0713E-05   2.2298E-05   1.0697E-05 / 2.2271E-05   
4390   3.325E-03   1.1792E-05   2.0309E-05   1.1786E-05 / 2.0309E-05   
4400   3.325E-03   1.0122E-05   2.0695E-05   1.0109E-05 / 2.0672E-05   
4410   3.325E-03   4.0052E-05   4.3500E-05   3.9967E-05 / 4.3418E-05   
4420   3.325E-03   1.0684E-05   2.1345E-05   1.0521E-05 / 2.1168E-05   
4430   3.325E-03   1.0188E-05   2.0755E-05   1.0044E-05 / 2.0591E-05   
4440   3.325E-03   1.0693E-05   2.2118E-05   1.0692E-05 / 2.2114E-05   
4450   3.325E-03   1.0344E-05   2.0889E-05   1.0294E-05 / 2.0816E-05   
4460   3.325E-03   1.3113E-05   2.3102E-05   1.3113E-05 / 2.3100E-05   
4470   3.325E-03   1.2348E-05   2.1258E-05   1.2293E-05 / 2.1184E-05   
4480   3.325E-03   1.7207E-05   2.5685E-05   1.7207E-05 / 2.5685E-05   
4490   3.325E-03   9.2144E-06   1.8815E-05   8.9377E-06 / 1.8528E-05   
4500   3.325E-03   9.8389E-06   1.9209E-05   9.8348E-06 / 1.9203E-05   
4510   3.325E-03   8.7460E-06   1.9055E-05   8.6874E-06 / 1.8975E-05   
4520   3.325E-03   9.5561E-06   1.9886E-05   9.5094E-06 / 1.9830E-05   
4530   3.325E-03   9.6441E-06   1.9078E-05   9.4995E-06 / 1.8928E-05   
4540   3.325E-03   9.6830E-06   1.9086E-05   9.5598E-06 / 1.8942E-05   
4550   3.325E-03   1.3921E-05   2.3300E-05   1.3816E-05 / 2.3228E-05   
4560   3.325E-03   8.8829E-06   1.9094E-05   8.8115E-06 / 1.9003E-05   
4570   3.325E-03   1.6597E-05   2.6319E-05   1.6481E-05 / 2.6183E-05   
4580   3.325E-03   1.4957E-05   2.4675E-05   1.4622E-05 / 2.4335E-05   
4590   3.325E-03   1.1367E-05   2.0198E-05   1.1157E-05 / 1.9983E-05   
4600   3.325E-03   9.3288E-06   1.9231E-05   9.2192E-06 / 1.9138E-05   
4610   3.325E-03   1.4510E-05   2.4604E-05   1.4370E-05 / 2.4442E-05   
4620   3.325E-03   1.4754E-05   2.4291E-05   1.3861E-05 / 2.3423E-05   
4630   3.325E-03   1.1384E-05   2.1094E-05   1.1206E-05 / 2.0890E-05   
4640   3.325E-03   8.6044E-06   1.8037E-05   8.5224E-06 / 1.7932E-05   
4650   3.325E-03   9.5376E-06   1.9766E-05   9.4592E-06 / 1.9696E-05   
4660   3.325E-03   9.4014E-06   1.9209E-05   9.3060E-06 / 1.9134E-05   
4670   3.325E-03   9.9361E-06   1.9161E-05   9.7895E-06 / 1.9002E-05   
4680   3.325E-03   1.0085E-05   1.9067E-05   1.0061E-05 / 1.9060E-05   
4690   3.325E-03   9.5705E-06   1.8512E-05   9.5553E-06 / 1.8491E-05   
4700   3.325E-03   1.0423E-05   2.1924E-05   1.0413E-05 / 2.1909E-05   
4710   3.325E-03   1.2002E-05   2.2184E-05   1.1870E-05 / 2.2036E-05   
4720   3.325E-03   1.0385E-05   2.0158E-05   1.0364E-05 / 2.0127E-05   
4730   3.325E-03   1.4050E-05   2.3286E-05   1.3992E-05 / 2.3218E-05   
4740   3.325E-03   9.4995E-06   1.8334E-05   9.4975E-06 / 1.8331E-05   
4750   3.325E-03   1.1100E-05   2.0058E-05   1.0992E-05 / 1.9978E-05   
4760   3.325E-03   9.7199E-06   1.9605E-05   9.7034E-06 / 1.9602E-05   
4770   3.325E-03   8.7305E-06   1.9035E-05   8.7089E-06 / 1.9011E-05   
4780   3.325E-03   1.0481E-05   1.9493E-05   1.0478E-05 / 1.9490E-05   
4790   3.325E-03   8.7080E-06   1.7933E-05   8.6811E-06 / 1.7904E-05   
4800   3.325E-03   8.8911E-06   1.8195E-05   8.7817E-06 / 1.8099E-05   
4810   3.325E-03   9.3390E-06   1.8177E-05   8.8861E-06 / 1.7731E-05   
4820   3.325E-03   9.9082E-06   1.9510E-05   9.8110E-06 / 1.9455E-05   
4830   3.325E-03   1.3494E-05   2.1688E-05   1.3410E-05 / 2.1600E-05   
4840   3.325E-03   1.0400E-05   2.0518E-05   1.0396E-05 / 2.0515E-05   
4850   3.325E-03   1.0895E-05   2.1601E-05   1.0506E-05 / 2.1224E-05   
4860   3.325E-03   1.0972E-05   1.9479E-05   1.0969E-05 / 1.9479E-05   
4870   3.325E-03   9.3636E-06   1.9216E-05   8.8123E-06 / 1.8674E-05   
4880   3.325E-03   1.3753E-05   2.3560E-05   1.3613E-05 / 2.3432E-05   
4890   3.325E-03   1.0241E-05   1.9664E-05   9.6482E-06 / 1.9113E-05   
4900   3.325E-03   1.1078E-05   2.1415E-05   1.1077E-05 / 2.1414E-05   
4910   3.325E-03   1.1189E-05   2.0518E-05   1.1181E-05 / 2.0518E-05   
4920   3.325E-03   1.4407E-05   2.5234E-05   1.4407E-05 / 2.5234E-05   
4930   3.325E-03   9.1368E-06   1.8142E-05   9.1341E-06 / 1.8142E-05   
4940   3.325E-03   1.9732E-05   2.8570E-05   1.9164E-05 / 2.8035E-05   
4950   3.325E-03   1.2708E-05   2.2227E-05   1.1931E-05 / 2.1465E-05   
4960   3.325E-03   9.6251E-06   1.8920E-05   9.6193E-06 / 1.8918E-05   
4970   3.325E-03   8.7810E-06   1.8819E-05   8.5309E-06 / 1.8602E-05   
4980   3.325E-03   1.2563E-05   2.2091E-05   1.2538E-05 / 2.2083E-05   
4990   3.325E-03   1.6735E-05   2.6582E-05   1.6732E-05 / 2.6580E-05   
5000   3.325E-03   8.9407E-06   1.8131E-05   8.9406E-06 / 1.8131E-05   
5010   3.325E-03   1.0257E-05   1.9316E-05   1.0221E-05 / 1.9299E-05   
5020   3.325E-03   1.2313E-05   2.0524E-05   1.2313E-05 / 2.0524E-05   
5030   3.325E-03   1.0598E-05   2.2052E-05   1.0532E-05 / 2.2013E-05   
5040   3.325E-03   9.1842E-06   1.7757E-05   8.9850E-06 / 1.7580E-05   
5050   3.325E-03   8.8067E-06   1.7748E-05   8.8036E-06 / 1.7747E-05   
5060   3.325E-03   9.4845E-06   1.8416E-05   9.4845E-06 / 1.8416E-05   
5070   3.325E-03   9.4480E-06   1.9882E-05   9.3362E-06 / 1.9793E-05   
5080   3.325E-03   8.4189E-06   1.7082E-05   7.9706E-06 / 1.6647E-05   
5090   3.325E-03   9.5695E-06   1.8823E-05   9.5284E-06 / 1.8801E-05   
5100   3.325E-03   1.2137E-05   2.3104E-05   1.2080E-05 / 2.3067E-05   
5110   3.325E-03   9.6605E-06   1.8743E-05   9.5636E-06 / 1.8673E-05   
5120   3.325E-03   8.9906E-06   1.7987E-05   8.9885E-06 / 1.7987E-05   
5130   3.325E-03   8.2050E-06   1.7413E-05   8.1409E-06 / 1.7372E-05   
5140   3.325E-03   8.8083E-06   1.6875E-05   8.7603E-06 / 1.6848E-05   
5150   3.325E-03   9.6953E-06   1.9342E-05   9.6908E-06 / 1.9342E-05   
5160   3.325E-03   1.2567E-05   2.1471E-05   1.1152E-05 / 2.0178E-05   
5170   3.325E-03   1.4662E-05   2.3116E-05   1.4590E-05 / 2.3071E-05   
5180   3.325E-03   8.8780E-06   1.7342E-05   8.8780E-06 / 1.7342E-05   
5190   3.325E-03   8.9879E-06   1.7283E-05   8.9801E-06 / 1.7282E-05   
5200   3.325E-03   8.3412E-06   1.6462E-05   8.3382E-06 / 1.6462E-05   
5210   3.325E-03   9.4971E-06   1.8672E-05   9.4932E-06 / 1.8671E-05   
5220   3.325E-03   1.0203E-05   2.0180E-05   1.0203E-05 / 2.0180E-05   
5230   3.325E-03   8.3044E-06   1.7041E-05   8.0628E-06 / 1.6830E-05   
5240   3.325E-03   7.5569E-06   1.6576E-05   7.4972E-06 / 1.6542E-05   
5250   3.325E-03   1.5864E-05   2.4146E-05   1.4472E-05 / 2.2861E-05   
5260   3.325E-03   8.2333E-06   1.6937E-05   8.2243E-06 / 1.6935E-05   
5270   3.325E-03   7.9402E-06   1.7239E-05   7.6573E-06 / 1.6980E-05   
5280   3.325E-03   7.9237E-06   1.7109E-05   7.8481E-06 / 1.7060E-05   
5290   3.325E-03   9.9349E-06   1.9547E-05   9.7946E-06 / 1.9436E-05   
5300   3.325E-03   9.3357E-06   1.8217E-05   9.3357E-06 / 1.8217E-05   
5310   3.325E-03   1.0572E-05   1.9402E-05   9.9899E-06 / 1.8829E-05   
5320   3.325E-03   8.3487E-06   1.7820E-05   8.0875E-06 / 1.7599E-05   
5330   3.325E-03   1.0705E-05   2.0865E-05   1.0610E-05 / 2.0793E-05   
5340   3.325E-03   8.6564E-06   1.7237E-05   8.5787E-06 / 1.7192E-05   
5350   3.325E-03   9.6967E-06   1.9873E-05   9.6899E-06 / 1.9872E-05   
5360   3.325E-03   8.3455E-06   1.7633E-05   8.0762E-06 / 1.7392E-05   
5370   3.325E-03   1.3650E-05   2.1084E-05   1.3605E-05 / 2.1064E-05   
5380   3.325E-03   9.3144E-06   1.8916E-05   9.3057E-06 / 1.8914E-05   
5390   3.325E-03   7.4963E-06   1.7611E-05   7.4447E-06 / 1.7584E-05   
5400   3.325E-03   1.0855E-05   2.0351E-05   1.0851E-05 / 2.0351E-05   
5410   3.325E-03   1.2274E-05   2.2922E-05   1.2049E-05 / 2.2723E-05   
5420   3.325E-03   9.1087E-06   1.9148E-05   8.8407E-06 / 1.8906E-05   
5430   3.325E-03   1.1326E-05   1.9074E-05   1.1246E-05 / 1.9022E-05   
5440   3.325E-03   8.4140E-06   1.7584E-05   8.2241E-06 / 1.7435E-05   
5450   3.325E-03   8.1237E-06   1.7473E-05   7.8155E-06 / 1.7189E-05   
5460   3.325E-03   7.8599E-06   1.6382E-05   7.6045E-06 / 1.6153E-05   
5470   3.325E-03   8.1156E-06   1.6756E-05   8.0521E-06 / 1.6718E-05   
5480   3.325E-03   1.1391E-05   2.0460E-05   1.1279E-05 / 2.0377E-05   
5490   3.325E-03   1.6963E-05   2.6397E-05   1.6941E-05 / 2.6390E-05   
5500   3.325E-03   1.2566E-05   2.1085E-05   1.2557E-05 / 2.1084E-05   
5510   3.325E-03   8.3170E-06   1.7184E-05   7.8157E-06 / 1.6702E-05   
5520   3.325E-03   1.0391E-05   1.8522E-05   1.0391E-05 / 1.8522E-05   
5530   3.325E-03   8.7081E-06   1.7399E-05   7.8058E-06 / 1.6517E-05   
5540   3.325E-03   1.8018E-05   2.6120E-05   1.8018E-05 / 2.6120E-05   
5550   3.325E-03   7.6972E-06   1.7187E-05   7.3728E-06 / 1.6895E-05   
5560   3.325E-03   7.4308E-06   1.6206E-05   7.4045E-06 / 1.6197E-05   
5570   3.325E-03   8.2703E-06   1.6982E-05   8.2237E-06 / 1.6959E-05   
5580   3.325E-03   9.3160E-06   1.7726E-05   9.3145E-06 / 1.7726E-05   
5590   3.325E-03   7.8793E-06   1.7437E-05   7.7445E-06 / 1.7334E-05   
5600   3.325E-03   7.4011E-06   1.7089E-05   7.3812E-06 / 1.7084E-05   
5610   3.325E-03   9.3370E-06   1.8005E-05   9.2372E-06 / 1.7937E-05   
5620   3.325E-03   2.7330E-05   3.3366E-05   2.7330E-05 / 3.3366E-05   
5630   3.325E-03   8.9715E-06   1.7380E-05   8.8661E-06 / 1.7330E-05   
5640   3.325E-03   7.4577E-06   1.5746E-05   7.4108E-06 / 1.5717E-05   
5650   3.325E-03   7.1007E-06   1.6499E-05   6.9890E-06 / 1.6415E-05   
5660   3.325E-03   1.1005E-05   1.9940E-05   1.0883E-05 / 1.9880E-05   
5670   3.325E-03   9.1753E-06   1.8110E-05   9.1729E-06 / 1.8110E-05   
5680   3.325E-03   7.5432E-06   1.6492E-05   7.2997E-06 / 1.6299E-05   
5690   3.325E-03   7.2688E-06   1.6714E-05   6.9045E-06 / 1.6382E-05   
5700   3.325E-03   9.3440E-06   1.7026E-05   9.3440E-06 / 1.7026E-05   
5710   3.325E-03   8.8581E-06   1.8761E-05   8.6589E-06 / 1.8601E-05   
5720   3.325E-03   8.1165E-06   1.7314E-05   7.4550E-06 / 1.6689E-05   
5730   3.325E-03   1.2370E-05   2.2006E-05   1.2202E-05 / 2.1872E-05   
5740   3.325E-03   7.1688E-06   1.5691E-05   7.0117E-06 / 1.5576E-05   
5750   3.325E-03   7.5341E-06   1.6430E-05   7.3659E-06 / 1.6292E-05   
5760   3.325E-03   8.2559E-06   1.8513E-05   7.7974E-06 / 1.8086E-05   
5770   3.325E-03   1.0272E-05   1.7852E-05   1.0236E-05 / 1.7825E-05   
5780   3.325E-03   7.7480E-06   1.5546E-05   7.6651E-06 / 1.5492E-05   
5790   3.325E-03   8.0949E-06   1.7021E-05   7.9855E-06 / 1.6930E-05   
5800   3.325E-03   8.0171E-06   1.6418E-05   7.8905E-06 / 1.6322E-05   
5810   3.325E-03   1.3132E-05   2.2305E-05   1.0748E-05 / 2.0065E-05   
5820   3.325E-03   9.9613E-06   1.9946E-05   9.7154E-06 / 1.9726E-05   
5830   3.325E-03   8.2870E-06   1.8012E-05   8.1874E-06 / 1.7932E-05   
5840   3.325E-03   8.1999E-06   1.7327E-05   8.1999E-06 / 1.7327E-05   
5850   3.325E-03   1.1436E-05   2.0082E-05   1.1281E-05 / 1.9954E-05   
5860   3.325E-03   8.2416E-06   1.6959E-05   8.1165E-06 / 1.6864E-05   
5870   3.325E-03   8.2611E-06   1.6580E-05   8.2395E-06 / 1.6568E-05   
5880   3.325E-03   7.7033E-06   1.6519E-05   7.1977E-06 / 1.6046E-05   
5890   3.325E-03   9.0651E-06   1.6963E-05   9.0586E-06 / 1.6961E-05   
5900   3.325E-03   1.0034E-05   1.7499E-05   1.0032E-05 / 1.7498E-05   
5910   3.325E-03   7.7669E-06   1.5804E-05   7.7668E-06 / 1.5804E-05   
5920   3.325E-03   8.3183E-06   1.6363E-05   8.3061E-06 / 1.6361E-05   
5930   3.325E-03   9.7393E-06   2.0092E-05   9.7393E-06 / 2.0092E-05   
5940   3.325E-03   7.2057E-06   1.6010E-05   7.1996E-06 / 1.6009E-05   
5950   3.325E-03   7.4116E-06   1.6565E-05   7.3098E-06 / 1.6492E-05   
5960   3.325E-03   1.0375E-05   1.9182E-05   9.7722E-06 / 1.8616E-05   
5970   3.325E-03   6.8863E-06   1.5634E-05   6.7748E-06 / 1.5545E-05   
5980   3.325E-03   8.9657E-06   1.6120E-05   8.9657E-06 / 1.6120E-05   
5990   3.325E-03   1.1520E-05   1.8478E-05   1.1503E-05 / 1.8471E-05   
6000   3.325E-03   1.1980E-05   2.0956E-05   1.1891E-05 / 2.0876E-05   
6010   3.325E-03   7.6758E-06   1.6900E-05   7.6314E-06 / 1.6874E-05   
6020   3.325E-03   7.4500E-06   1.5812E-05   7.3254E-06 / 1.5704E-05   
6030   3.325E-03   6.9462E-06   1.5240E-05   6.9457E-06 / 1.5240E-05   
6040   3.325E-03   6.9578E-06   1.5770E-05   6.9569E-06 / 1.5770E-05   
6050   3.325E-03   7.1937E-06   1.5964E-05   7.1126E-06 / 1.5904E-05   
6059   3.325E-03   6.9076E-06   1.6400E-05   6.8875E-06 / 1.6391E-05   
BEST MODEL
===============================================================================================================
5796   3.325E-03   7.1417E-06   1.4689E-05   7.0892E-06 / 1.4661E-05   
===============================================================================================================
Saved model to /home/nikki/kan/kanTBNN/models/multi_run/kan_experiment_125_opt/kanTBNN-24Nov07_21:02:26.pickle
