=====> WARNING: Training dataset length: 0, assuming memorization test!
========== Dataset info ==========
Dataset params: {'file': '/home/ryley/WDK/ML/dataset/turbulence_dataset_clean.csv', 'Cases': ['fp_3630'], 'val_set': ['fp_3630'], 'test_set': ['fp_3630'], 'data_loader': <class 'tbnn.dataloaders.kDataset'>}
Train/Valid/Test points: 168 / 168 / 168
Memorization?: True
Cluster training?: False
EPOCH     LR        TRAIN         VALID             MSE:T/V                  RL:T/V             %NR_t/%NR_v
===============================================================================================================
  1   5.000E-04   1.2776E+01   1.2776E+01   1.2776E+01 / 1.2776E+01   
 10   5.000E-04   7.4101E+00   7.4101E+00   7.4101E+00 / 7.4101E+00   
 20   5.000E-04   4.6624E+00   4.6624E+00   4.6624E+00 / 4.6624E+00   
 30   5.000E-04   4.3570E+00   4.3570E+00   4.3570E+00 / 4.3570E+00   
 40   5.000E-04   4.3192E+00   4.3192E+00   4.3192E+00 / 4.3192E+00   
 50   5.000E-04   4.3110E+00   4.3110E+00   4.3110E+00 / 4.3110E+00   
 60   5.000E-04   4.3015E+00   4.3015E+00   4.3015E+00 / 4.3015E+00   
 70   5.000E-04   4.2977E+00   4.2977E+00   4.2977E+00 / 4.2977E+00   
 80   5.000E-04   4.2981E+00   4.2981E+00   4.2981E+00 / 4.2981E+00   
 90   5.000E-04   4.2925E+00   4.2925E+00   4.2925E+00 / 4.2925E+00   
100   5.000E-04   4.2883E+00   4.2883E+00   4.2883E+00 / 4.2883E+00   
110   5.000E-04   4.2887E+00   4.2887E+00   4.2887E+00 / 4.2887E+00   
120   5.000E-04   4.2909E+00   4.2909E+00   4.2909E+00 / 4.2909E+00   
130   5.000E-04   4.2925E+00   4.2925E+00   4.2925E+00 / 4.2925E+00   
140   5.000E-04   4.2942E+00   4.2942E+00   4.2942E+00 / 4.2942E+00   
150   5.000E-04   4.2873E+00   4.2873E+00   4.2873E+00 / 4.2873E+00   
160   5.000E-04   4.2907E+00   4.2907E+00   4.2907E+00 / 4.2907E+00   
170   5.000E-04   4.2930E+00   4.2930E+00   4.2930E+00 / 4.2930E+00   
180   5.000E-04   4.2883E+00   4.2883E+00   4.2883E+00 / 4.2883E+00   
190   5.000E-04   4.2885E+00   4.2885E+00   4.2885E+00 / 4.2885E+00   
200   5.000E-04   4.2914E+00   4.2914E+00   4.2914E+00 / 4.2914E+00   
210   5.000E-04   4.3032E+00   4.3032E+00   4.3032E+00 / 4.3032E+00   
220   5.000E-04   4.2891E+00   4.2891E+00   4.2891E+00 / 4.2891E+00   
230   5.000E-04   4.2896E+00   4.2896E+00   4.2896E+00 / 4.2896E+00   
240   5.000E-04   4.2870E+00   4.2870E+00   4.2870E+00 / 4.2870E+00   
250   5.000E-04   4.2914E+00   4.2914E+00   4.2914E+00 / 4.2914E+00   
260   5.000E-04   4.2878E+00   4.2878E+00   4.2878E+00 / 4.2878E+00   
270   5.000E-04   4.2925E+00   4.2925E+00   4.2925E+00 / 4.2925E+00   
280   5.000E-04   4.2917E+00   4.2917E+00   4.2917E+00 / 4.2917E+00   
290   5.000E-04   4.2873E+00   4.2873E+00   4.2873E+00 / 4.2873E+00   
300   5.000E-04   4.2904E+00   4.2904E+00   4.2904E+00 / 4.2904E+00   
310   5.000E-04   4.2998E+00   4.2998E+00   4.2998E+00 / 4.2998E+00   
320   5.000E-04   4.2877E+00   4.2877E+00   4.2877E+00 / 4.2877E+00   
330   5.000E-04   4.2905E+00   4.2905E+00   4.2905E+00 / 4.2905E+00   
340   5.000E-04   4.2899E+00   4.2899E+00   4.2899E+00 / 4.2899E+00   
350   5.000E-04   4.2889E+00   4.2889E+00   4.2889E+00 / 4.2889E+00   
360   5.000E-04   4.2887E+00   4.2887E+00   4.2887E+00 / 4.2887E+00   
370   5.000E-04   4.2866E+00   4.2866E+00   4.2866E+00 / 4.2866E+00   
380   5.000E-04   4.2888E+00   4.2888E+00   4.2888E+00 / 4.2888E+00   
390   5.000E-04   4.2933E+00   4.2933E+00   4.2933E+00 / 4.2933E+00   
400   5.000E-04   4.2946E+00   4.2946E+00   4.2946E+00 / 4.2946E+00   
410   5.000E-04   4.2900E+00   4.2900E+00   4.2900E+00 / 4.2900E+00   
420   5.000E-04   4.2877E+00   4.2877E+00   4.2877E+00 / 4.2877E+00   
430   5.000E-04   4.2915E+00   4.2915E+00   4.2915E+00 / 4.2915E+00   
440   5.000E-04   4.2994E+00   4.2994E+00   4.2994E+00 / 4.2994E+00   
450   5.000E-04   4.2942E+00   4.2942E+00   4.2942E+00 / 4.2942E+00   
460   5.000E-04   4.2867E+00   4.2867E+00   4.2867E+00 / 4.2867E+00   
470   5.000E-04   4.3063E+00   4.3063E+00   4.3063E+00 / 4.3063E+00   
480   5.000E-04   4.2921E+00   4.2921E+00   4.2921E+00 / 4.2921E+00   
490   5.000E-04   4.2896E+00   4.2896E+00   4.2896E+00 / 4.2896E+00   
500   5.000E-04   4.2947E+00   4.2947E+00   4.2947E+00 / 4.2947E+00   
===============================================================================================================
Saved model to models/fp_memorization/KCNN-24May07_11:10:31.pickle
