=====> WARNING: Training dataset length: 0, assuming memorization test!
========== Dataset info ==========
Dataset params: {'file': '/home/ryley/WDK/ML/dataset/turbulence_dataset_clean.csv', 'Cases': ['fp_3630'], 'val_set': ['fp_3630'], 'test_set': ['fp_3630'], 'data_loader': <class 'tbnn.dataloaders.kDataset'>}
Train/Valid/Test points: 168 / 168 / 168
Memorization?: True
Cluster training?: False
EPOCH     LR        TRAIN         VALID             MSE:T/V                  RL:T/V             %NR_t/%NR_v
===============================================================================================================
  1   5.000E-04   8.5736E+02   8.5736E+02   8.5736E+02 / 8.5736E+02   
 10   5.000E-04   6.1994E+02   6.1994E+02   6.1994E+02 / 6.1994E+02   
 20   5.000E-04   2.6671E+02   2.6671E+02   2.6671E+02 / 2.6671E+02   
 30   5.000E-04   2.4067E+02   2.4067E+02   2.4067E+02 / 2.4067E+02   
 40   5.000E-04   2.2973E+02   2.2973E+02   2.2973E+02 / 2.2973E+02   
 50   5.000E-04   2.2279E+02   2.2279E+02   2.2279E+02 / 2.2279E+02   
 60   5.000E-04   2.1418E+02   2.1418E+02   2.1418E+02 / 2.1418E+02   
 70   5.000E-04   2.0433E+02   2.0433E+02   2.0433E+02 / 2.0433E+02   
 80   5.000E-04   1.9610E+02   1.9610E+02   1.9610E+02 / 1.9610E+02   
 90   5.000E-04   1.9063E+02   1.9063E+02   1.9063E+02 / 1.9063E+02   
100   5.000E-04   1.8801E+02   1.8801E+02   1.8801E+02 / 1.8801E+02   
110   5.000E-04   1.8699E+02   1.8699E+02   1.8699E+02 / 1.8699E+02   
120   5.000E-04   1.8553E+02   1.8553E+02   1.8553E+02 / 1.8553E+02   
130   5.000E-04   1.8437E+02   1.8437E+02   1.8437E+02 / 1.8437E+02   
140   5.000E-04   1.8390E+02   1.8390E+02   1.8390E+02 / 1.8390E+02   
150   5.000E-04   1.8323E+02   1.8323E+02   1.8323E+02 / 1.8323E+02   
160   5.000E-04   1.8255E+02   1.8255E+02   1.8255E+02 / 1.8255E+02   
170   5.000E-04   1.8270E+02   1.8270E+02   1.8270E+02 / 1.8270E+02   
180   5.000E-04   1.8202E+02   1.8202E+02   1.8202E+02 / 1.8202E+02   
190   5.000E-04   1.8145E+02   1.8145E+02   1.8145E+02 / 1.8145E+02   
200   5.000E-04   1.8106E+02   1.8106E+02   1.8106E+02 / 1.8106E+02   
210   5.000E-04   1.8065E+02   1.8065E+02   1.8065E+02 / 1.8065E+02   
220   5.000E-04   1.8059E+02   1.8059E+02   1.8059E+02 / 1.8059E+02   
230   5.000E-04   1.8025E+02   1.8025E+02   1.8025E+02 / 1.8025E+02   
240   5.000E-04   1.7993E+02   1.7993E+02   1.7993E+02 / 1.7993E+02   
250   5.000E-04   1.7957E+02   1.7957E+02   1.7957E+02 / 1.7957E+02   
260   5.000E-04   1.7981E+02   1.7981E+02   1.7981E+02 / 1.7981E+02   
270   5.000E-04   1.7899E+02   1.7899E+02   1.7899E+02 / 1.7899E+02   
280   5.000E-04   1.7915E+02   1.7915E+02   1.7915E+02 / 1.7915E+02   
290   5.000E-04   1.7905E+02   1.7905E+02   1.7905E+02 / 1.7905E+02   
300   5.000E-04   1.7830E+02   1.7830E+02   1.7830E+02 / 1.7830E+02   
310   5.000E-04   1.7818E+02   1.7818E+02   1.7818E+02 / 1.7818E+02   
320   5.000E-04   1.7816E+02   1.7816E+02   1.7816E+02 / 1.7816E+02   
330   5.000E-04   1.7843E+02   1.7843E+02   1.7843E+02 / 1.7843E+02   
340   5.000E-04   1.7814E+02   1.7814E+02   1.7814E+02 / 1.7814E+02   
350   5.000E-04   1.7716E+02   1.7716E+02   1.7716E+02 / 1.7716E+02   
360   5.000E-04   1.7720E+02   1.7720E+02   1.7720E+02 / 1.7720E+02   
370   5.000E-04   1.7705E+02   1.7705E+02   1.7705E+02 / 1.7705E+02   
380   5.000E-04   1.7668E+02   1.7668E+02   1.7668E+02 / 1.7668E+02   
390   5.000E-04   1.7646E+02   1.7646E+02   1.7646E+02 / 1.7646E+02   
400   5.000E-04   1.7707E+02   1.7707E+02   1.7707E+02 / 1.7707E+02   
410   5.000E-04   1.7666E+02   1.7666E+02   1.7666E+02 / 1.7666E+02   
420   5.000E-04   1.7575E+02   1.7575E+02   1.7575E+02 / 1.7575E+02   
430   5.000E-04   1.7654E+02   1.7654E+02   1.7654E+02 / 1.7654E+02   
440   5.000E-04   1.7665E+02   1.7665E+02   1.7665E+02 / 1.7665E+02   
450   5.000E-04   1.7616E+02   1.7616E+02   1.7616E+02 / 1.7616E+02   
460   5.000E-04   1.7484E+02   1.7484E+02   1.7484E+02 / 1.7484E+02   
470   5.000E-04   1.7745E+02   1.7745E+02   1.7745E+02 / 1.7745E+02   
480   5.000E-04   1.7435E+02   1.7435E+02   1.7435E+02 / 1.7435E+02   
490   5.000E-04   1.7497E+02   1.7497E+02   1.7497E+02 / 1.7497E+02   
500   5.000E-04   1.7420E+02   1.7420E+02   1.7420E+02 / 1.7420E+02   
510   5.000E-04   1.7452E+02   1.7452E+02   1.7452E+02 / 1.7452E+02   
520   5.000E-04   1.7363E+02   1.7363E+02   1.7363E+02 / 1.7363E+02   
530   5.000E-04   1.7341E+02   1.7341E+02   1.7341E+02 / 1.7341E+02   
540   5.000E-04   1.7313E+02   1.7313E+02   1.7313E+02 / 1.7313E+02   
550   5.000E-04   1.7308E+02   1.7308E+02   1.7308E+02 / 1.7308E+02   
560   5.000E-04   1.7292E+02   1.7292E+02   1.7292E+02 / 1.7292E+02   
570   5.000E-04   1.7301E+02   1.7301E+02   1.7301E+02 / 1.7301E+02   
580   5.000E-04   1.7229E+02   1.7229E+02   1.7229E+02 / 1.7229E+02   
590   5.000E-04   1.7243E+02   1.7243E+02   1.7243E+02 / 1.7243E+02   
600   5.000E-04   1.7167E+02   1.7167E+02   1.7167E+02 / 1.7167E+02   
610   5.000E-04   1.7323E+02   1.7323E+02   1.7323E+02 / 1.7323E+02   
620   5.000E-04   1.7146E+02   1.7146E+02   1.7146E+02 / 1.7146E+02   
630   5.000E-04   1.7161E+02   1.7161E+02   1.7161E+02 / 1.7161E+02   
640   5.000E-04   1.7236E+02   1.7236E+02   1.7236E+02 / 1.7236E+02   
650   5.000E-04   1.7274E+02   1.7274E+02   1.7274E+02 / 1.7274E+02   
660   5.000E-04   1.7078E+02   1.7078E+02   1.7078E+02 / 1.7078E+02   
670   5.000E-04   1.7278E+02   1.7278E+02   1.7278E+02 / 1.7278E+02   
680   5.000E-04   1.7040E+02   1.7040E+02   1.7040E+02 / 1.7040E+02   
690   5.000E-04   1.6996E+02   1.6996E+02   1.6996E+02 / 1.6996E+02   
700   5.000E-04   1.7032E+02   1.7032E+02   1.7032E+02 / 1.7032E+02   
710   5.000E-04   1.7033E+02   1.7033E+02   1.7033E+02 / 1.7033E+02   
720   5.000E-04   1.6933E+02   1.6933E+02   1.6933E+02 / 1.6933E+02   
730   5.000E-04   1.6904E+02   1.6904E+02   1.6904E+02 / 1.6904E+02   
740   5.000E-04   1.6892E+02   1.6892E+02   1.6892E+02 / 1.6892E+02   
750   5.000E-04   1.6879E+02   1.6879E+02   1.6879E+02 / 1.6879E+02   
760   5.000E-04   1.6923E+02   1.6923E+02   1.6923E+02 / 1.6923E+02   
770   5.000E-04   1.6840E+02   1.6840E+02   1.6840E+02 / 1.6840E+02   
780   5.000E-04   1.6798E+02   1.6798E+02   1.6798E+02 / 1.6798E+02   
790   5.000E-04   1.6853E+02   1.6853E+02   1.6853E+02 / 1.6853E+02   
800   5.000E-04   1.6862E+02   1.6862E+02   1.6862E+02 / 1.6862E+02   
810   5.000E-04   1.6815E+02   1.6815E+02   1.6815E+02 / 1.6815E+02   
820   5.000E-04   1.6814E+02   1.6814E+02   1.6814E+02 / 1.6814E+02   
830   5.000E-04   1.6726E+02   1.6726E+02   1.6726E+02 / 1.6726E+02   
840   5.000E-04   1.6718E+02   1.6718E+02   1.6718E+02 / 1.6718E+02   
850   5.000E-04   1.6667E+02   1.6667E+02   1.6667E+02 / 1.6667E+02   
860   5.000E-04   1.6663E+02   1.6663E+02   1.6663E+02 / 1.6663E+02   
870   5.000E-04   1.6702E+02   1.6702E+02   1.6702E+02 / 1.6702E+02   
880   5.000E-04   1.6658E+02   1.6658E+02   1.6658E+02 / 1.6658E+02   
890   5.000E-04   1.6595E+02   1.6595E+02   1.6595E+02 / 1.6595E+02   
900   5.000E-04   1.6579E+02   1.6579E+02   1.6579E+02 / 1.6579E+02   
910   5.000E-04   1.6644E+02   1.6644E+02   1.6644E+02 / 1.6644E+02   
920   5.000E-04   1.6725E+02   1.6725E+02   1.6725E+02 / 1.6725E+02   
930   5.000E-04   1.6506E+02   1.6506E+02   1.6506E+02 / 1.6506E+02   
940   5.000E-04   1.6637E+02   1.6637E+02   1.6637E+02 / 1.6637E+02   
950   5.000E-04   1.6486E+02   1.6486E+02   1.6486E+02 / 1.6486E+02   
960   5.000E-04   1.6594E+02   1.6594E+02   1.6594E+02 / 1.6594E+02   
970   5.000E-04   1.6514E+02   1.6514E+02   1.6514E+02 / 1.6514E+02   
980   5.000E-04   1.6538E+02   1.6538E+02   1.6538E+02 / 1.6538E+02   
990   5.000E-04   1.6623E+02   1.6623E+02   1.6623E+02 / 1.6623E+02   
1000   5.000E-04   1.6636E+02   1.6636E+02   1.6636E+02 / 1.6636E+02   
1010   5.000E-04   1.6526E+02   1.6526E+02   1.6526E+02 / 1.6526E+02   
1020   5.000E-04   1.6364E+02   1.6364E+02   1.6364E+02 / 1.6364E+02   
1030   5.000E-04   1.6386E+02   1.6386E+02   1.6386E+02 / 1.6386E+02   
1040   5.000E-04   1.6424E+02   1.6424E+02   1.6424E+02 / 1.6424E+02   
1050   5.000E-04   1.6339E+02   1.6339E+02   1.6339E+02 / 1.6339E+02   
1060   5.000E-04   1.6313E+02   1.6313E+02   1.6313E+02 / 1.6313E+02   
1070   5.000E-04   1.6302E+02   1.6302E+02   1.6302E+02 / 1.6302E+02   
1080   5.000E-04   1.6294E+02   1.6294E+02   1.6294E+02 / 1.6294E+02   
1090   5.000E-04   1.6526E+02   1.6526E+02   1.6526E+02 / 1.6526E+02   
1100   5.000E-04   1.6251E+02   1.6251E+02   1.6251E+02 / 1.6251E+02   
1110   5.000E-04   1.6257E+02   1.6257E+02   1.6257E+02 / 1.6257E+02   
1120   5.000E-04   1.6247E+02   1.6247E+02   1.6247E+02 / 1.6247E+02   
1130   5.000E-04   1.6226E+02   1.6226E+02   1.6226E+02 / 1.6226E+02   
1140   5.000E-04   1.6228E+02   1.6228E+02   1.6228E+02 / 1.6228E+02   
1150   5.000E-04   1.6179E+02   1.6179E+02   1.6179E+02 / 1.6179E+02   
1160   5.000E-04   1.6171E+02   1.6171E+02   1.6171E+02 / 1.6171E+02   
1170   5.000E-04   1.6134E+02   1.6134E+02   1.6134E+02 / 1.6134E+02   
1180   5.000E-04   1.6330E+02   1.6330E+02   1.6330E+02 / 1.6330E+02   
1190   5.000E-04   1.6136E+02   1.6136E+02   1.6136E+02 / 1.6136E+02   
1200   5.000E-04   1.6122E+02   1.6122E+02   1.6122E+02 / 1.6122E+02   
1210   5.000E-04   1.6099E+02   1.6099E+02   1.6099E+02 / 1.6099E+02   
1220   5.000E-04   1.6099E+02   1.6099E+02   1.6099E+02 / 1.6099E+02   
1230   5.000E-04   1.6134E+02   1.6134E+02   1.6134E+02 / 1.6134E+02   
1240   5.000E-04   1.6059E+02   1.6059E+02   1.6059E+02 / 1.6059E+02   
1250   5.000E-04   1.6220E+02   1.6220E+02   1.6220E+02 / 1.6220E+02   
1260   5.000E-04   1.6056E+02   1.6056E+02   1.6056E+02 / 1.6056E+02   
1270   5.000E-04   1.6545E+02   1.6545E+02   1.6545E+02 / 1.6545E+02   
1280   5.000E-04   1.6113E+02   1.6113E+02   1.6113E+02 / 1.6113E+02   
1290   5.000E-04   1.5993E+02   1.5993E+02   1.5993E+02 / 1.5993E+02   
1300   5.000E-04   1.6155E+02   1.6155E+02   1.6155E+02 / 1.6155E+02   
1310   5.000E-04   1.5968E+02   1.5968E+02   1.5968E+02 / 1.5968E+02   
1320   5.000E-04   1.6032E+02   1.6032E+02   1.6032E+02 / 1.6032E+02   
1330   5.000E-04   1.5961E+02   1.5961E+02   1.5961E+02 / 1.5961E+02   
1340   5.000E-04   1.6021E+02   1.6021E+02   1.6021E+02 / 1.6021E+02   
1350   5.000E-04   1.5913E+02   1.5913E+02   1.5913E+02 / 1.5913E+02   
1360   5.000E-04   1.5915E+02   1.5915E+02   1.5915E+02 / 1.5915E+02   
1370   5.000E-04   1.5941E+02   1.5941E+02   1.5941E+02 / 1.5941E+02   
1380   5.000E-04   1.5887E+02   1.5887E+02   1.5887E+02 / 1.5887E+02   
1390   5.000E-04   1.5929E+02   1.5929E+02   1.5929E+02 / 1.5929E+02   
1400   5.000E-04   1.5844E+02   1.5844E+02   1.5844E+02 / 1.5844E+02   
1410   5.000E-04   1.5888E+02   1.5888E+02   1.5888E+02 / 1.5888E+02   
1420   5.000E-04   1.5876E+02   1.5876E+02   1.5876E+02 / 1.5876E+02   
1430   5.000E-04   1.5826E+02   1.5826E+02   1.5826E+02 / 1.5826E+02   
1440   5.000E-04   1.5827E+02   1.5827E+02   1.5827E+02 / 1.5827E+02   
1450   5.000E-04   1.5807E+02   1.5807E+02   1.5807E+02 / 1.5807E+02   
1460   5.000E-04   1.5808E+02   1.5808E+02   1.5808E+02 / 1.5808E+02   
1470   5.000E-04   1.5778E+02   1.5778E+02   1.5778E+02 / 1.5778E+02   
1480   5.000E-04   1.5808E+02   1.5808E+02   1.5808E+02 / 1.5808E+02   
1490   5.000E-04   1.5739E+02   1.5739E+02   1.5739E+02 / 1.5739E+02   
1500   5.000E-04   1.5760E+02   1.5760E+02   1.5760E+02 / 1.5760E+02   
1510   5.000E-04   1.5713E+02   1.5713E+02   1.5713E+02 / 1.5713E+02   
1520   5.000E-04   1.5765E+02   1.5765E+02   1.5765E+02 / 1.5765E+02   
1530   5.000E-04   1.5783E+02   1.5783E+02   1.5783E+02 / 1.5783E+02   
1540   5.000E-04   1.5893E+02   1.5893E+02   1.5893E+02 / 1.5893E+02   
1550   5.000E-04   1.6066E+02   1.6066E+02   1.6066E+02 / 1.6066E+02   
1560   5.000E-04   1.5678E+02   1.5678E+02   1.5678E+02 / 1.5678E+02   
1570   5.000E-04   1.5693E+02   1.5693E+02   1.5693E+02 / 1.5693E+02   
1580   5.000E-04   1.5670E+02   1.5670E+02   1.5670E+02 / 1.5670E+02   
1590   5.000E-04   1.5706E+02   1.5706E+02   1.5706E+02 / 1.5706E+02   
1600   5.000E-04   1.5657E+02   1.5657E+02   1.5657E+02 / 1.5657E+02   
1610   5.000E-04   1.5670E+02   1.5670E+02   1.5670E+02 / 1.5670E+02   
1620   5.000E-04   1.5614E+02   1.5614E+02   1.5614E+02 / 1.5614E+02   
1630   5.000E-04   1.5604E+02   1.5604E+02   1.5604E+02 / 1.5604E+02   
1640   5.000E-04   1.5611E+02   1.5611E+02   1.5611E+02 / 1.5611E+02   
1650   5.000E-04   1.5625E+02   1.5625E+02   1.5625E+02 / 1.5625E+02   
1660   5.000E-04   1.5676E+02   1.5676E+02   1.5676E+02 / 1.5676E+02   
1670   5.000E-04   1.5526E+02   1.5526E+02   1.5526E+02 / 1.5526E+02   
1680   5.000E-04   1.5518E+02   1.5518E+02   1.5518E+02 / 1.5518E+02   
1690   5.000E-04   1.5587E+02   1.5587E+02   1.5587E+02 / 1.5587E+02   
1700   5.000E-04   1.5615E+02   1.5615E+02   1.5615E+02 / 1.5615E+02   
1710   5.000E-04   1.5510E+02   1.5510E+02   1.5510E+02 / 1.5510E+02   
1720   5.000E-04   1.5635E+02   1.5635E+02   1.5635E+02 / 1.5635E+02   
1730   5.000E-04   1.5507E+02   1.5507E+02   1.5507E+02 / 1.5507E+02   
1740   5.000E-04   1.5504E+02   1.5504E+02   1.5504E+02 / 1.5504E+02   
1750   5.000E-04   1.5473E+02   1.5473E+02   1.5473E+02 / 1.5473E+02   
1760   5.000E-04   1.5554E+02   1.5554E+02   1.5554E+02 / 1.5554E+02   
1770   5.000E-04   1.5430E+02   1.5430E+02   1.5430E+02 / 1.5430E+02   
1780   5.000E-04   1.5511E+02   1.5511E+02   1.5511E+02 / 1.5511E+02   
1790   5.000E-04   1.5523E+02   1.5523E+02   1.5523E+02 / 1.5523E+02   
1800   5.000E-04   1.5404E+02   1.5404E+02   1.5404E+02 / 1.5404E+02   
1810   5.000E-04   1.5566E+02   1.5566E+02   1.5566E+02 / 1.5566E+02   
1820   5.000E-04   1.5414E+02   1.5414E+02   1.5414E+02 / 1.5414E+02   
1830   5.000E-04   1.5565E+02   1.5565E+02   1.5565E+02 / 1.5565E+02   
1840   5.000E-04   1.5385E+02   1.5385E+02   1.5385E+02 / 1.5385E+02   
1850   5.000E-04   1.5422E+02   1.5422E+02   1.5422E+02 / 1.5422E+02   
1860   5.000E-04   1.5395E+02   1.5395E+02   1.5395E+02 / 1.5395E+02   
1870   5.000E-04   1.5521E+02   1.5521E+02   1.5521E+02 / 1.5521E+02   
1880   5.000E-04   1.5494E+02   1.5494E+02   1.5494E+02 / 1.5494E+02   
1890   5.000E-04   1.5398E+02   1.5398E+02   1.5398E+02 / 1.5398E+02   
1900   5.000E-04   1.5331E+02   1.5331E+02   1.5331E+02 / 1.5331E+02   
1910   5.000E-04   1.5339E+02   1.5339E+02   1.5339E+02 / 1.5339E+02   
1920   5.000E-04   1.5482E+02   1.5482E+02   1.5482E+02 / 1.5482E+02   
1930   5.000E-04   1.5354E+02   1.5354E+02   1.5354E+02 / 1.5354E+02   
1940   5.000E-04   1.5460E+02   1.5460E+02   1.5460E+02 / 1.5460E+02   
1950   5.000E-04   1.5363E+02   1.5363E+02   1.5363E+02 / 1.5363E+02   
1960   5.000E-04   1.5421E+02   1.5421E+02   1.5421E+02 / 1.5421E+02   
1970   5.000E-04   1.5270E+02   1.5270E+02   1.5270E+02 / 1.5270E+02   
1980   5.000E-04   1.5276E+02   1.5276E+02   1.5276E+02 / 1.5276E+02   
1990   5.000E-04   1.5303E+02   1.5303E+02   1.5303E+02 / 1.5303E+02   
2000   5.000E-04   1.5304E+02   1.5304E+02   1.5304E+02 / 1.5304E+02   
===============================================================================================================
Saved model to models/fp_memorization/KCNN-24May07_10:36:12.pickle
