=====> WARNING: Training dataset length: 0, assuming memorization test!
========== Dataset info ==========
Dataset params: {'file': '/home/ryley/WDK/ML/dataset/turbulence_dataset_clean.csv', 'Cases': ['fp_3630'], 'val_set': ['fp_3630'], 'test_set': ['fp_3630'], 'data_loader': <class 'tbnn.dataloaders.DeltaDataset'>}
Train/Valid/Test points: 168 / 168 / 168
Memorization?: True
Cluster training?: False
EPOCH     LR        TRAIN         VALID             MSE:T/V                  RL:T/V             %NR_t/%NR_v
===============================================================================================================
  1   5.000E-04   4.6920E-03   4.6920E-03   4.6920E-03 / 4.6920E-03   
 10   5.000E-04   2.6190E-03   2.6190E-03   2.6190E-03 / 2.6190E-03   
 20   5.000E-04   1.6395E-03   1.6395E-03   1.6395E-03 / 1.6395E-03   
 30   5.000E-04   1.4405E-03   1.4405E-03   1.4405E-03 / 1.4405E-03   
 40   5.000E-04   1.4306E-03   1.4306E-03   1.4306E-03 / 1.4306E-03   
 50   5.000E-04   1.4304E-03   1.4304E-03   1.4304E-03 / 1.4304E-03   
 60   5.000E-04   1.4302E-03   1.4302E-03   1.4302E-03 / 1.4302E-03   
 70   5.000E-04   1.4303E-03   1.4303E-03   1.4303E-03 / 1.4303E-03   
 80   5.000E-04   1.4303E-03   1.4303E-03   1.4303E-03 / 1.4303E-03   
 90   5.000E-04   1.4302E-03   1.4302E-03   1.4302E-03 / 1.4302E-03   
100   5.000E-04   1.4302E-03   1.4302E-03   1.4302E-03 / 1.4302E-03   
110   5.000E-04   1.4305E-03   1.4305E-03   1.4305E-03 / 1.4305E-03   
120   5.000E-04   1.4307E-03   1.4307E-03   1.4307E-03 / 1.4307E-03   
130   5.000E-04   1.4302E-03   1.4302E-03   1.4302E-03 / 1.4302E-03   
140   5.000E-04   1.4306E-03   1.4306E-03   1.4306E-03 / 1.4306E-03   
150   5.000E-04   1.4306E-03   1.4306E-03   1.4306E-03 / 1.4306E-03   
160   5.000E-04   1.4308E-03   1.4308E-03   1.4308E-03 / 1.4308E-03   
170   5.000E-04   1.4305E-03   1.4305E-03   1.4305E-03 / 1.4305E-03   
180   5.000E-04   1.4310E-03   1.4310E-03   1.4310E-03 / 1.4310E-03   
190   5.000E-04   1.4302E-03   1.4302E-03   1.4302E-03 / 1.4302E-03   
200   5.000E-04   1.4303E-03   1.4303E-03   1.4303E-03 / 1.4303E-03   
===============================================================================================================
Saved model to models/fp_memorization/KCNN-24May07_12:22:15.pickle
