=====> WARNING: Training dataset length: 0, assuming memorization test!
========== Dataset info ==========
Dataset params: {'file': '/home/ryley/WDK/ML/dataset/turbulence_dataset_clean.csv', 'Cases': ['fp_3630'], 'val_set': ['fp_3630'], 'test_set': ['fp_3630'], 'data_loader': <class 'tbnn.dataloaders.kDataset'>}
Train/Valid/Test points: 168 / 168 / 168
Memorization?: True
Cluster training?: False
EPOCH     LR        TRAIN         VALID             MSE:T/V                  RL:T/V             %NR_t/%NR_v
===============================================================================================================
  1   5.000E-04   1.9228E+02   1.9228E+02   1.9228E+02 / 1.9228E+02   
 10   5.000E-04   1.8843E+02   1.8843E+02   1.8843E+02 / 1.8843E+02   
 20   5.000E-04   1.8409E+02   1.8409E+02   1.8409E+02 / 1.8409E+02   
 30   5.000E-04   1.7965E+02   1.7965E+02   1.7965E+02 / 1.7965E+02   
 40   5.000E-04   1.7503E+02   1.7503E+02   1.7503E+02 / 1.7503E+02   
 50   5.000E-04   1.7022E+02   1.7022E+02   1.7022E+02 / 1.7022E+02   
 60   5.000E-04   1.6524E+02   1.6524E+02   1.6524E+02 / 1.6524E+02   
 70   5.000E-04   1.6001E+02   1.6001E+02   1.6001E+02 / 1.6001E+02   
 80   5.000E-04   1.5446E+02   1.5446E+02   1.5446E+02 / 1.5446E+02   
 90   5.000E-04   1.4864E+02   1.4864E+02   1.4864E+02 / 1.4864E+02   
100   5.000E-04   1.4254E+02   1.4254E+02   1.4254E+02 / 1.4254E+02   
110   5.000E-04   1.3614E+02   1.3614E+02   1.3614E+02 / 1.3614E+02   
120   5.000E-04   1.2946E+02   1.2946E+02   1.2946E+02 / 1.2946E+02   
130   5.000E-04   1.2252E+02   1.2252E+02   1.2252E+02 / 1.2252E+02   
140   5.000E-04   1.1530E+02   1.1530E+02   1.1530E+02 / 1.1530E+02   
150   5.000E-04   1.0801E+02   1.0801E+02   1.0801E+02 / 1.0801E+02   
160   5.000E-04   1.0066E+02   1.0066E+02   1.0066E+02 / 1.0066E+02   
170   5.000E-04   9.3386E+01   9.3386E+01   9.3386E+01 / 9.3386E+01   
180   5.000E-04   8.6344E+01   8.6344E+01   8.6344E+01 / 8.6344E+01   
190   5.000E-04   7.9757E+01   7.9757E+01   7.9757E+01 / 7.9757E+01   
200   5.000E-04   7.3829E+01   7.3829E+01   7.3829E+01 / 7.3829E+01   
210   5.000E-04   6.8720E+01   6.8720E+01   6.8720E+01 / 6.8720E+01   
220   5.000E-04   6.4536E+01   6.4536E+01   6.4536E+01 / 6.4536E+01   
230   5.000E-04   6.1263E+01   6.1263E+01   6.1263E+01 / 6.1263E+01   
240   5.000E-04   5.8658E+01   5.8658E+01   5.8658E+01 / 5.8658E+01   
250   5.000E-04   5.6516E+01   5.6516E+01   5.6516E+01 / 5.6516E+01   
260   5.000E-04   5.4629E+01   5.4629E+01   5.4629E+01 / 5.4629E+01   
270   5.000E-04   5.2850E+01   5.2850E+01   5.2850E+01 / 5.2850E+01   
280   5.000E-04   5.1139E+01   5.1139E+01   5.1139E+01 / 5.1139E+01   
290   5.000E-04   4.9467E+01   4.9467E+01   4.9467E+01 / 4.9467E+01   
300   5.000E-04   4.7827E+01   4.7827E+01   4.7827E+01 / 4.7827E+01   
310   5.000E-04   4.6197E+01   4.6197E+01   4.6197E+01 / 4.6197E+01   
320   5.000E-04   4.4590E+01   4.4590E+01   4.4590E+01 / 4.4590E+01   
330   5.000E-04   4.3021E+01   4.3021E+01   4.3021E+01 / 4.3021E+01   
340   5.000E-04   4.1477E+01   4.1477E+01   4.1477E+01 / 4.1477E+01   
350   5.000E-04   3.9961E+01   3.9961E+01   3.9961E+01 / 3.9961E+01   
360   5.000E-04   3.8466E+01   3.8466E+01   3.8466E+01 / 3.8466E+01   
370   5.000E-04   3.7029E+01   3.7029E+01   3.7029E+01 / 3.7029E+01   
380   5.000E-04   3.5615E+01   3.5615E+01   3.5615E+01 / 3.5615E+01   
390   5.000E-04   3.4221E+01   3.4221E+01   3.4221E+01 / 3.4221E+01   
400   5.000E-04   3.2859E+01   3.2859E+01   3.2859E+01 / 3.2859E+01   
410   5.000E-04   3.1554E+01   3.1554E+01   3.1554E+01 / 3.1554E+01   
420   5.000E-04   3.0271E+01   3.0271E+01   3.0271E+01 / 3.0271E+01   
430   5.000E-04   2.8998E+01   2.8998E+01   2.8998E+01 / 2.8998E+01   
440   5.000E-04   2.7760E+01   2.7760E+01   2.7760E+01 / 2.7760E+01   
450   5.000E-04   2.6557E+01   2.6557E+01   2.6557E+01 / 2.6557E+01   
460   5.000E-04   2.5387E+01   2.5387E+01   2.5387E+01 / 2.5387E+01   
470   5.000E-04   2.4241E+01   2.4241E+01   2.4241E+01 / 2.4241E+01   
480   5.000E-04   2.3124E+01   2.3124E+01   2.3124E+01 / 2.3124E+01   
490   5.000E-04   2.2047E+01   2.2047E+01   2.2047E+01 / 2.2047E+01   
500   5.000E-04   2.1001E+01   2.1001E+01   2.1001E+01 / 2.1001E+01   
510   5.000E-04   1.9982E+01   1.9982E+01   1.9982E+01 / 1.9982E+01   
520   5.000E-04   1.8997E+01   1.8997E+01   1.8997E+01 / 1.8997E+01   
530   5.000E-04   1.8044E+01   1.8044E+01   1.8044E+01 / 1.8044E+01   
540   5.000E-04   1.7133E+01   1.7133E+01   1.7133E+01 / 1.7133E+01   
550   5.000E-04   1.6248E+01   1.6248E+01   1.6248E+01 / 1.6248E+01   
560   5.000E-04   1.5395E+01   1.5395E+01   1.5395E+01 / 1.5395E+01   
570   5.000E-04   1.4592E+01   1.4592E+01   1.4592E+01 / 1.4592E+01   
580   5.000E-04   1.3822E+01   1.3822E+01   1.3822E+01 / 1.3822E+01   
590   5.000E-04   1.3086E+01   1.3086E+01   1.3086E+01 / 1.3086E+01   
600   5.000E-04   1.2401E+01   1.2401E+01   1.2401E+01 / 1.2401E+01   
610   5.000E-04   1.1755E+01   1.1755E+01   1.1755E+01 / 1.1755E+01   
620   5.000E-04   1.1150E+01   1.1150E+01   1.1150E+01 / 1.1150E+01   
630   5.000E-04   1.0603E+01   1.0603E+01   1.0603E+01 / 1.0603E+01   
640   5.000E-04   1.0089E+01   1.0089E+01   1.0089E+01 / 1.0089E+01   
650   5.000E-04   9.6097E+00   9.6097E+00   9.6097E+00 / 9.6097E+00   
660   5.000E-04   9.1846E+00   9.1846E+00   9.1846E+00 / 9.1846E+00   
670   5.000E-04   8.7979E+00   8.7979E+00   8.7979E+00 / 8.7979E+00   
680   5.000E-04   8.4444E+00   8.4444E+00   8.4444E+00 / 8.4444E+00   
690   5.000E-04   8.1264E+00   8.1264E+00   8.1264E+00 / 8.1264E+00   
700   5.000E-04   7.8392E+00   7.8392E+00   7.8392E+00 / 7.8392E+00   
710   5.000E-04   7.5822E+00   7.5822E+00   7.5822E+00 / 7.5822E+00   
720   5.000E-04   7.3594E+00   7.3594E+00   7.3594E+00 / 7.3594E+00   
730   5.000E-04   7.1670E+00   7.1670E+00   7.1670E+00 / 7.1670E+00   
740   5.000E-04   6.9935E+00   6.9935E+00   6.9935E+00 / 6.9935E+00   
750   5.000E-04   6.8393E+00   6.8393E+00   6.8393E+00 / 6.8393E+00   
760   5.000E-04   6.7030E+00   6.7030E+00   6.7030E+00 / 6.7030E+00   
770   5.000E-04   6.5842E+00   6.5842E+00   6.5842E+00 / 6.5842E+00   
780   5.000E-04   6.4788E+00   6.4788E+00   6.4788E+00 / 6.4788E+00   
790   5.000E-04   6.3872E+00   6.3872E+00   6.3872E+00 / 6.3872E+00   
800   5.000E-04   6.3043E+00   6.3043E+00   6.3043E+00 / 6.3043E+00   
810   5.000E-04   6.2266E+00   6.2266E+00   6.2266E+00 / 6.2266E+00   
820   5.000E-04   6.1587E+00   6.1587E+00   6.1587E+00 / 6.1587E+00   
830   5.000E-04   6.0986E+00   6.0986E+00   6.0986E+00 / 6.0986E+00   
840   5.000E-04   6.0399E+00   6.0399E+00   6.0399E+00 / 6.0399E+00   
850   5.000E-04   5.9868E+00   5.9868E+00   5.9868E+00 / 5.9868E+00   
860   5.000E-04   5.9391E+00   5.9391E+00   5.9391E+00 / 5.9391E+00   
870   5.000E-04   5.8945E+00   5.8945E+00   5.8945E+00 / 5.8945E+00   
880   5.000E-04   5.8522E+00   5.8522E+00   5.8522E+00 / 5.8522E+00   
890   5.000E-04   5.8113E+00   5.8113E+00   5.8113E+00 / 5.8113E+00   
900   5.000E-04   5.7725E+00   5.7725E+00   5.7725E+00 / 5.7725E+00   
910   5.000E-04   5.7370E+00   5.7370E+00   5.7370E+00 / 5.7370E+00   
920   5.000E-04   5.7033E+00   5.7033E+00   5.7033E+00 / 5.7033E+00   
930   5.000E-04   5.6725E+00   5.6725E+00   5.6725E+00 / 5.6725E+00   
940   5.000E-04   5.6408E+00   5.6408E+00   5.6408E+00 / 5.6408E+00   
950   5.000E-04   5.6099E+00   5.6099E+00   5.6099E+00 / 5.6099E+00   
960   5.000E-04   5.5794E+00   5.5794E+00   5.5794E+00 / 5.5794E+00   
970   5.000E-04   5.5509E+00   5.5509E+00   5.5509E+00 / 5.5509E+00   
980   5.000E-04   5.5239E+00   5.5239E+00   5.5239E+00 / 5.5239E+00   
990   5.000E-04   5.4980E+00   5.4980E+00   5.4980E+00 / 5.4980E+00   
1000   5.000E-04   5.4731E+00   5.4731E+00   5.4731E+00 / 5.4731E+00   
===============================================================================================================
Saved model to models/fp_memorization/KCNN-24May07_11:49:29.pickle
