=====> WARNING: Training dataset length: 0, assuming memorization test!
========== Dataset info ==========
Dataset params: {'file': '/home/ryley/WDK/ML/dataset/turbulence_dataset_clean.csv', 'Cases': ['fp_3630'], 'val_set': ['fp_3630'], 'test_set': ['fp_3630'], 'data_loader': <class 'tbnn.dataloaders.kDataset'>}
Train/Valid/Test points: 168 / 168 / 168
Memorization?: True
Cluster training?: False
EPOCH     LR        TRAIN         VALID             MSE:T/V                  RL:T/V             %NR_t/%NR_v
===============================================================================================================
  1   2.500E-04   2.9490E+02   2.9490E+02   2.9490E+02 / 2.9490E+02   
 10   2.500E-04   2.7917E+02   2.7917E+02   2.7917E+02 / 2.7917E+02   
 20   2.500E-04   2.5706E+02   2.5706E+02   2.5706E+02 / 2.5706E+02   
 30   2.500E-04   2.3483E+02   2.3483E+02   2.3483E+02 / 2.3483E+02   
 40   2.500E-04   2.2305E+02   2.2305E+02   2.2305E+02 / 2.2305E+02   
 50   2.500E-04   2.0179E+02   2.0179E+02   2.0179E+02 / 2.0179E+02   
 60   2.500E-04   1.7629E+02   1.7629E+02   1.7629E+02 / 1.7629E+02   
 70   2.500E-04   1.7456E+02   1.7456E+02   1.7456E+02 / 1.7456E+02   
 80   2.500E-04   1.7143E+02   1.7143E+02   1.7143E+02 / 1.7143E+02   
 90   2.500E-04   1.7124E+02   1.7124E+02   1.7124E+02 / 1.7124E+02   
100   2.500E-04   1.6942E+02   1.6942E+02   1.6942E+02 / 1.6942E+02   
110   2.500E-04   1.6888E+02   1.6888E+02   1.6888E+02 / 1.6888E+02   
120   2.500E-04   1.6743E+02   1.6743E+02   1.6743E+02 / 1.6743E+02   
130   2.500E-04   1.6684E+02   1.6684E+02   1.6684E+02 / 1.6684E+02   
140   2.500E-04   1.6656E+02   1.6656E+02   1.6656E+02 / 1.6656E+02   
150   2.500E-04   1.6558E+02   1.6558E+02   1.6558E+02 / 1.6558E+02   
160   2.500E-04   1.6520E+02   1.6520E+02   1.6520E+02 / 1.6520E+02   
170   2.500E-04   1.6620E+02   1.6620E+02   1.6620E+02 / 1.6620E+02   
180   2.500E-04   1.6446E+02   1.6446E+02   1.6446E+02 / 1.6446E+02   
190   2.500E-04   1.6402E+02   1.6402E+02   1.6402E+02 / 1.6402E+02   
200   2.500E-04   1.6353E+02   1.6353E+02   1.6353E+02 / 1.6353E+02   
210   2.500E-04   1.6338E+02   1.6338E+02   1.6338E+02 / 1.6338E+02   
220   2.500E-04   1.6293E+02   1.6293E+02   1.6293E+02 / 1.6293E+02   
230   2.500E-04   1.6276E+02   1.6276E+02   1.6276E+02 / 1.6276E+02   
240   2.500E-04   1.6227E+02   1.6227E+02   1.6227E+02 / 1.6227E+02   
250   2.500E-04   1.6232E+02   1.6232E+02   1.6232E+02 / 1.6232E+02   
260   2.500E-04   1.6624E+02   1.6624E+02   1.6624E+02 / 1.6624E+02   
270   2.500E-04   1.6154E+02   1.6154E+02   1.6154E+02 / 1.6154E+02   
280   2.500E-04   1.6123E+02   1.6123E+02   1.6123E+02 / 1.6123E+02   
290   2.500E-04   1.6078E+02   1.6078E+02   1.6078E+02 / 1.6078E+02   
300   2.500E-04   1.6063E+02   1.6063E+02   1.6063E+02 / 1.6063E+02   
310   2.500E-04   1.6068E+02   1.6068E+02   1.6068E+02 / 1.6068E+02   
320   2.500E-04   1.6027E+02   1.6027E+02   1.6027E+02 / 1.6027E+02   
330   2.500E-04   1.6047E+02   1.6047E+02   1.6047E+02 / 1.6047E+02   
340   2.500E-04   1.5949E+02   1.5949E+02   1.5949E+02 / 1.5949E+02   
350   2.500E-04   1.5973E+02   1.5973E+02   1.5973E+02 / 1.5973E+02   
360   2.500E-04   1.5935E+02   1.5935E+02   1.5935E+02 / 1.5935E+02   
370   2.500E-04   1.5855E+02   1.5855E+02   1.5855E+02 / 1.5855E+02   
380   2.500E-04   1.5813E+02   1.5813E+02   1.5813E+02 / 1.5813E+02   
390   2.500E-04   1.5873E+02   1.5873E+02   1.5873E+02 / 1.5873E+02   
400   2.500E-04   1.5888E+02   1.5888E+02   1.5888E+02 / 1.5888E+02   
410   2.500E-04   1.5784E+02   1.5784E+02   1.5784E+02 / 1.5784E+02   
420   2.500E-04   1.5969E+02   1.5969E+02   1.5969E+02 / 1.5969E+02   
430   2.500E-04   1.5834E+02   1.5834E+02   1.5834E+02 / 1.5834E+02   
440   2.500E-04   1.5685E+02   1.5685E+02   1.5685E+02 / 1.5685E+02   
450   2.500E-04   1.5637E+02   1.5637E+02   1.5637E+02 / 1.5637E+02   
460   2.500E-04   1.5616E+02   1.5616E+02   1.5616E+02 / 1.5616E+02   
470   2.500E-04   1.5593E+02   1.5593E+02   1.5593E+02 / 1.5593E+02   
480   2.500E-04   1.5545E+02   1.5545E+02   1.5545E+02 / 1.5545E+02   
490   2.500E-04   1.5517E+02   1.5517E+02   1.5517E+02 / 1.5517E+02   
500   2.500E-04   1.5572E+02   1.5572E+02   1.5572E+02 / 1.5572E+02   
510   2.500E-04   1.5527E+02   1.5527E+02   1.5527E+02 / 1.5527E+02   
520   2.500E-04   1.5376E+02   1.5376E+02   1.5376E+02 / 1.5376E+02   
530   2.500E-04   1.5470E+02   1.5470E+02   1.5470E+02 / 1.5470E+02   
540   2.500E-04   1.5407E+02   1.5407E+02   1.5407E+02 / 1.5407E+02   
550   2.500E-04   1.5514E+02   1.5514E+02   1.5514E+02 / 1.5514E+02   
560   2.500E-04   1.5480E+02   1.5480E+02   1.5480E+02 / 1.5480E+02   
570   2.500E-04   1.5295E+02   1.5295E+02   1.5295E+02 / 1.5295E+02   
580   2.500E-04   1.5209E+02   1.5209E+02   1.5209E+02 / 1.5209E+02   
590   2.500E-04   1.5170E+02   1.5170E+02   1.5170E+02 / 1.5170E+02   
600   2.500E-04   1.5630E+02   1.5630E+02   1.5630E+02 / 1.5630E+02   
610   2.500E-04   1.5230E+02   1.5230E+02   1.5230E+02 / 1.5230E+02   
620   2.500E-04   1.5265E+02   1.5265E+02   1.5265E+02 / 1.5265E+02   
630   2.500E-04   1.5164E+02   1.5164E+02   1.5164E+02 / 1.5164E+02   
640   2.500E-04   1.5053E+02   1.5053E+02   1.5053E+02 / 1.5053E+02   
650   2.500E-04   1.5069E+02   1.5069E+02   1.5069E+02 / 1.5069E+02   
660   2.500E-04   1.4962E+02   1.4962E+02   1.4962E+02 / 1.4962E+02   
670   2.500E-04   1.4981E+02   1.4981E+02   1.4981E+02 / 1.4981E+02   
680   2.500E-04   1.4930E+02   1.4930E+02   1.4930E+02 / 1.4930E+02   
690   2.500E-04   1.4909E+02   1.4909E+02   1.4909E+02 / 1.4909E+02   
700   2.500E-04   1.4879E+02   1.4879E+02   1.4879E+02 / 1.4879E+02   
710   2.500E-04   1.4868E+02   1.4868E+02   1.4868E+02 / 1.4868E+02   
720   2.500E-04   1.4860E+02   1.4860E+02   1.4860E+02 / 1.4860E+02   
730   2.500E-04   1.4820E+02   1.4820E+02   1.4820E+02 / 1.4820E+02   
740   2.500E-04   1.5434E+02   1.5434E+02   1.5434E+02 / 1.5434E+02   
750   2.500E-04   1.5184E+02   1.5184E+02   1.5184E+02 / 1.5184E+02   
760   2.500E-04   1.5045E+02   1.5045E+02   1.5045E+02 / 1.5045E+02   
770   2.500E-04   1.4815E+02   1.4815E+02   1.4815E+02 / 1.4815E+02   
780   2.500E-04   1.4905E+02   1.4905E+02   1.4905E+02 / 1.4905E+02   
790   2.500E-04   1.4784E+02   1.4784E+02   1.4784E+02 / 1.4784E+02   
800   2.500E-04   1.4777E+02   1.4777E+02   1.4777E+02 / 1.4777E+02   
810   2.500E-04   1.4741E+02   1.4741E+02   1.4741E+02 / 1.4741E+02   
820   2.500E-04   1.9176E+02   1.9176E+02   1.9176E+02 / 1.9176E+02   
830   2.500E-04   1.4770E+02   1.4770E+02   1.4770E+02 / 1.4770E+02   
840   2.500E-04   1.4790E+02   1.4790E+02   1.4790E+02 / 1.4790E+02   
850   2.500E-04   1.4730E+02   1.4730E+02   1.4730E+02 / 1.4730E+02   
860   2.500E-04   1.4712E+02   1.4712E+02   1.4712E+02 / 1.4712E+02   
870   2.500E-04   1.4698E+02   1.4698E+02   1.4698E+02 / 1.4698E+02   
880   2.500E-04   1.4752E+02   1.4752E+02   1.4752E+02 / 1.4752E+02   
890   2.500E-04   1.4711E+02   1.4711E+02   1.4711E+02 / 1.4711E+02   
900   2.500E-04   1.4773E+02   1.4773E+02   1.4773E+02 / 1.4773E+02   
910   2.500E-04   1.4679E+02   1.4679E+02   1.4679E+02 / 1.4679E+02   
920   2.500E-04   1.4747E+02   1.4747E+02   1.4747E+02 / 1.4747E+02   
930   2.500E-04   1.4670E+02   1.4670E+02   1.4670E+02 / 1.4670E+02   
940   2.500E-04   1.4710E+02   1.4710E+02   1.4710E+02 / 1.4710E+02   
950   2.500E-04   1.4656E+02   1.4656E+02   1.4656E+02 / 1.4656E+02   
960   2.500E-04   1.4689E+02   1.4689E+02   1.4689E+02 / 1.4689E+02   
970   2.500E-04   1.4709E+02   1.4709E+02   1.4709E+02 / 1.4709E+02   
980   2.500E-04   1.4647E+02   1.4647E+02   1.4647E+02 / 1.4647E+02   
990   2.500E-04   1.4678E+02   1.4678E+02   1.4678E+02 / 1.4678E+02   
1000   2.500E-04   1.4634E+02   1.4634E+02   1.4634E+02 / 1.4634E+02   
1010   2.500E-04   1.4661E+02   1.4661E+02   1.4661E+02 / 1.4661E+02   
1020   2.500E-04   1.4689E+02   1.4689E+02   1.4689E+02 / 1.4689E+02   
1030   2.500E-04   1.4622E+02   1.4622E+02   1.4622E+02 / 1.4622E+02   
1040   2.500E-04   1.4604E+02   1.4604E+02   1.4604E+02 / 1.4604E+02   
1050   2.500E-04   1.4598E+02   1.4598E+02   1.4598E+02 / 1.4598E+02   
1060   2.500E-04   1.4662E+02   1.4662E+02   1.4662E+02 / 1.4662E+02   
1070   2.500E-04   1.4701E+02   1.4701E+02   1.4701E+02 / 1.4701E+02   
1080   2.500E-04   1.4596E+02   1.4596E+02   1.4596E+02 / 1.4596E+02   
1090   2.500E-04   1.4627E+02   1.4627E+02   1.4627E+02 / 1.4627E+02   
1100   2.500E-04   1.4911E+02   1.4911E+02   1.4911E+02 / 1.4911E+02   
1110   2.500E-04   1.4938E+02   1.4938E+02   1.4938E+02 / 1.4938E+02   
1120   2.500E-04   1.4604E+02   1.4604E+02   1.4604E+02 / 1.4604E+02   
1130   2.500E-04   1.4641E+02   1.4641E+02   1.4641E+02 / 1.4641E+02   
1140   2.500E-04   1.4623E+02   1.4623E+02   1.4623E+02 / 1.4623E+02   
1150   2.500E-04   1.4772E+02   1.4772E+02   1.4772E+02 / 1.4772E+02   
1160   2.500E-04   1.4587E+02   1.4587E+02   1.4587E+02 / 1.4587E+02   
1170   2.500E-04   1.4581E+02   1.4581E+02   1.4581E+02 / 1.4581E+02   
1180   2.500E-04   1.4577E+02   1.4577E+02   1.4577E+02 / 1.4577E+02   
1190   2.500E-04   1.4597E+02   1.4597E+02   1.4597E+02 / 1.4597E+02   
1200   2.500E-04   1.4814E+02   1.4814E+02   1.4814E+02 / 1.4814E+02   
1210   2.500E-04   1.4578E+02   1.4578E+02   1.4578E+02 / 1.4578E+02   
1220   2.500E-04   1.4540E+02   1.4540E+02   1.4540E+02 / 1.4540E+02   
1230   2.500E-04   1.5625E+02   1.5625E+02   1.5625E+02 / 1.5625E+02   
1240   2.500E-04   1.4592E+02   1.4592E+02   1.4592E+02 / 1.4592E+02   
1250   2.500E-04   1.5104E+02   1.5104E+02   1.5104E+02 / 1.5104E+02   
1260   2.500E-04   1.4589E+02   1.4589E+02   1.4589E+02 / 1.4589E+02   
1270   2.500E-04   1.4549E+02   1.4549E+02   1.4549E+02 / 1.4549E+02   
1280   2.500E-04   1.4524E+02   1.4524E+02   1.4524E+02 / 1.4524E+02   
1290   2.500E-04   1.4555E+02   1.4555E+02   1.4555E+02 / 1.4555E+02   
1300   2.500E-04   1.4575E+02   1.4575E+02   1.4575E+02 / 1.4575E+02   
1310   2.500E-04   1.4516E+02   1.4516E+02   1.4516E+02 / 1.4516E+02   
1320   2.500E-04   1.4967E+02   1.4967E+02   1.4967E+02 / 1.4967E+02   
1330   2.500E-04   1.4596E+02   1.4596E+02   1.4596E+02 / 1.4596E+02   
1340   2.500E-04   1.4539E+02   1.4539E+02   1.4539E+02 / 1.4539E+02   
1350   2.500E-04   1.4671E+02   1.4671E+02   1.4671E+02 / 1.4671E+02   
1360   2.500E-04   1.4536E+02   1.4536E+02   1.4536E+02 / 1.4536E+02   
1370   2.500E-04   1.4521E+02   1.4521E+02   1.4521E+02 / 1.4521E+02   
1380   2.500E-04   1.4519E+02   1.4519E+02   1.4519E+02 / 1.4519E+02   
1390   2.500E-04   1.4547E+02   1.4547E+02   1.4547E+02 / 1.4547E+02   
1400   2.500E-04   1.4512E+02   1.4512E+02   1.4512E+02 / 1.4512E+02   
1410   2.500E-04   1.4567E+02   1.4567E+02   1.4567E+02 / 1.4567E+02   
1420   2.500E-04   1.4659E+02   1.4659E+02   1.4659E+02 / 1.4659E+02   
1430   2.500E-04   1.4767E+02   1.4767E+02   1.4767E+02 / 1.4767E+02   
1440   2.500E-04   1.4507E+02   1.4507E+02   1.4507E+02 / 1.4507E+02   
1450   2.500E-04   1.4512E+02   1.4512E+02   1.4512E+02 / 1.4512E+02   
1460   2.500E-04   1.4548E+02   1.4548E+02   1.4548E+02 / 1.4548E+02   
1470   2.500E-04   1.4498E+02   1.4498E+02   1.4498E+02 / 1.4498E+02   
1480   2.500E-04   1.4536E+02   1.4536E+02   1.4536E+02 / 1.4536E+02   
1490   2.500E-04   1.4663E+02   1.4663E+02   1.4663E+02 / 1.4663E+02   
1500   2.500E-04   1.4507E+02   1.4507E+02   1.4507E+02 / 1.4507E+02   
1510   2.500E-04   1.4503E+02   1.4503E+02   1.4503E+02 / 1.4503E+02   
1520   2.500E-04   1.4479E+02   1.4479E+02   1.4479E+02 / 1.4479E+02   
1530   2.500E-04   1.4511E+02   1.4511E+02   1.4511E+02 / 1.4511E+02   
1540   2.500E-04   1.6058E+02   1.6058E+02   1.6058E+02 / 1.6058E+02   
1550   2.500E-04   1.4486E+02   1.4486E+02   1.4486E+02 / 1.4486E+02   
1560   2.500E-04   1.4480E+02   1.4480E+02   1.4480E+02 / 1.4480E+02   
1570   2.500E-04   1.6184E+02   1.6184E+02   1.6184E+02 / 1.6184E+02   
1580   2.500E-04   1.4476E+02   1.4476E+02   1.4476E+02 / 1.4476E+02   
1590   2.500E-04   1.4492E+02   1.4492E+02   1.4492E+02 / 1.4492E+02   
1600   2.500E-04   1.4749E+02   1.4749E+02   1.4749E+02 / 1.4749E+02   
1610   2.500E-04   1.4470E+02   1.4470E+02   1.4470E+02 / 1.4470E+02   
1620   2.500E-04   1.4499E+02   1.4499E+02   1.4499E+02 / 1.4499E+02   
1630   2.500E-04   1.4669E+02   1.4669E+02   1.4669E+02 / 1.4669E+02   
1640   2.500E-04   1.4446E+02   1.4446E+02   1.4446E+02 / 1.4446E+02   
1650   2.500E-04   1.4448E+02   1.4448E+02   1.4448E+02 / 1.4448E+02   
1660   2.500E-04   1.4478E+02   1.4478E+02   1.4478E+02 / 1.4478E+02   
1670   2.500E-04   1.4431E+02   1.4431E+02   1.4431E+02 / 1.4431E+02   
1680   2.500E-04   1.4471E+02   1.4471E+02   1.4471E+02 / 1.4471E+02   
1690   2.500E-04   1.4546E+02   1.4546E+02   1.4546E+02 / 1.4546E+02   
1700   2.500E-04   1.4423E+02   1.4423E+02   1.4423E+02 / 1.4423E+02   
1710   2.500E-04   1.4466E+02   1.4466E+02   1.4466E+02 / 1.4466E+02   
1720   2.500E-04   1.5479E+02   1.5479E+02   1.5479E+02 / 1.5479E+02   
1730   2.500E-04   1.4483E+02   1.4483E+02   1.4483E+02 / 1.4483E+02   
1740   2.500E-04   1.4423E+02   1.4423E+02   1.4423E+02 / 1.4423E+02   
1750   2.500E-04   1.4420E+02   1.4420E+02   1.4420E+02 / 1.4420E+02   
1760   2.500E-04   1.4499E+02   1.4499E+02   1.4499E+02 / 1.4499E+02   
1770   2.500E-04   1.4465E+02   1.4465E+02   1.4465E+02 / 1.4465E+02   
1780   2.500E-04   1.5043E+02   1.5043E+02   1.5043E+02 / 1.5043E+02   
1790   2.500E-04   1.4445E+02   1.4445E+02   1.4445E+02 / 1.4445E+02   
1800   2.500E-04   1.4410E+02   1.4410E+02   1.4410E+02 / 1.4410E+02   
1810   2.500E-04   1.4422E+02   1.4422E+02   1.4422E+02 / 1.4422E+02   
1820   2.500E-04   1.4402E+02   1.4402E+02   1.4402E+02 / 1.4402E+02   
1830   2.500E-04   1.4418E+02   1.4418E+02   1.4418E+02 / 1.4418E+02   
1840   2.500E-04   1.4398E+02   1.4398E+02   1.4398E+02 / 1.4398E+02   
1850   2.500E-04   1.4580E+02   1.4580E+02   1.4580E+02 / 1.4580E+02   
1860   2.500E-04   1.4377E+02   1.4377E+02   1.4377E+02 / 1.4377E+02   
1870   2.500E-04   1.4434E+02   1.4434E+02   1.4434E+02 / 1.4434E+02   
1880   2.500E-04   1.4422E+02   1.4422E+02   1.4422E+02 / 1.4422E+02   
1890   2.500E-04   1.4376E+02   1.4376E+02   1.4376E+02 / 1.4376E+02   
1900   2.500E-04   1.5098E+02   1.5098E+02   1.5098E+02 / 1.5098E+02   
1910   2.500E-04   1.4369E+02   1.4369E+02   1.4369E+02 / 1.4369E+02   
1920   2.500E-04   1.4376E+02   1.4376E+02   1.4376E+02 / 1.4376E+02   
1930   2.500E-04   1.4350E+02   1.4350E+02   1.4350E+02 / 1.4350E+02   
1940   2.500E-04   1.4358E+02   1.4358E+02   1.4358E+02 / 1.4358E+02   
1950   2.500E-04   1.4531E+02   1.4531E+02   1.4531E+02 / 1.4531E+02   
1960   2.500E-04   1.5524E+02   1.5524E+02   1.5524E+02 / 1.5524E+02   
1970   2.500E-04   1.4367E+02   1.4367E+02   1.4367E+02 / 1.4367E+02   
1980   2.500E-04   1.4396E+02   1.4396E+02   1.4396E+02 / 1.4396E+02   
1990   2.500E-04   1.4839E+02   1.4839E+02   1.4839E+02 / 1.4839E+02   
2000   2.500E-04   1.4366E+02   1.4366E+02   1.4366E+02 / 1.4366E+02   
2010   2.500E-04   1.4399E+02   1.4399E+02   1.4399E+02 / 1.4399E+02   
2020   2.500E-04   1.4320E+02   1.4320E+02   1.4320E+02 / 1.4320E+02   
2030   2.500E-04   1.4864E+02   1.4864E+02   1.4864E+02 / 1.4864E+02   
2040   2.500E-04   1.4331E+02   1.4331E+02   1.4331E+02 / 1.4331E+02   
2050   2.500E-04   1.4537E+02   1.4537E+02   1.4537E+02 / 1.4537E+02   
2060   2.500E-04   1.4313E+02   1.4313E+02   1.4313E+02 / 1.4313E+02   
2070   2.500E-04   1.4341E+02   1.4341E+02   1.4341E+02 / 1.4341E+02   
2080   2.500E-04   1.4309E+02   1.4309E+02   1.4309E+02 / 1.4309E+02   
2090   2.500E-04   1.4555E+02   1.4555E+02   1.4555E+02 / 1.4555E+02   
2100   2.500E-04   1.4296E+02   1.4296E+02   1.4296E+02 / 1.4296E+02   
2110   2.500E-04   1.4405E+02   1.4405E+02   1.4405E+02 / 1.4405E+02   
2120   2.500E-04   1.4317E+02   1.4317E+02   1.4317E+02 / 1.4317E+02   
2130   2.500E-04   1.4296E+02   1.4296E+02   1.4296E+02 / 1.4296E+02   
2140   2.500E-04   1.4476E+02   1.4476E+02   1.4476E+02 / 1.4476E+02   
2150   2.500E-04   1.4404E+02   1.4404E+02   1.4404E+02 / 1.4404E+02   
2160   2.500E-04   1.4519E+02   1.4519E+02   1.4519E+02 / 1.4519E+02   
2170   2.500E-04   1.4311E+02   1.4311E+02   1.4311E+02 / 1.4311E+02   
2180   2.500E-04   1.4274E+02   1.4274E+02   1.4274E+02 / 1.4274E+02   
2190   2.500E-04   1.4291E+02   1.4291E+02   1.4291E+02 / 1.4291E+02   
2200   2.500E-04   1.4266E+02   1.4266E+02   1.4266E+02 / 1.4266E+02   
2210   2.500E-04   1.4744E+02   1.4744E+02   1.4744E+02 / 1.4744E+02   
2220   2.500E-04   1.4489E+02   1.4489E+02   1.4489E+02 / 1.4489E+02   
2230   2.500E-04   1.4242E+02   1.4242E+02   1.4242E+02 / 1.4242E+02   
2240   2.500E-04   1.4346E+02   1.4346E+02   1.4346E+02 / 1.4346E+02   
2250   2.500E-04   1.4621E+02   1.4621E+02   1.4621E+02 / 1.4621E+02   
2260   2.500E-04   1.4259E+02   1.4259E+02   1.4259E+02 / 1.4259E+02   
2270   2.500E-04   1.4375E+02   1.4375E+02   1.4375E+02 / 1.4375E+02   
2280   2.500E-04   1.4399E+02   1.4399E+02   1.4399E+02 / 1.4399E+02   
2290   2.500E-04   1.4670E+02   1.4670E+02   1.4670E+02 / 1.4670E+02   
2300   2.500E-04   1.4895E+02   1.4895E+02   1.4895E+02 / 1.4895E+02   
2310   2.500E-04   1.4243E+02   1.4243E+02   1.4243E+02 / 1.4243E+02   
2320   2.500E-04   1.4245E+02   1.4245E+02   1.4245E+02 / 1.4245E+02   
2330   2.500E-04   1.4614E+02   1.4614E+02   1.4614E+02 / 1.4614E+02   
2340   2.500E-04   1.4317E+02   1.4317E+02   1.4317E+02 / 1.4317E+02   
2350   2.500E-04   1.4223E+02   1.4223E+02   1.4223E+02 / 1.4223E+02   
2360   2.500E-04   1.5043E+02   1.5043E+02   1.5043E+02 / 1.5043E+02   
2370   2.500E-04   1.4520E+02   1.4520E+02   1.4520E+02 / 1.4520E+02   
2380   2.500E-04   1.5381E+02   1.5381E+02   1.5381E+02 / 1.5381E+02   
2390   2.500E-04   1.4237E+02   1.4237E+02   1.4237E+02 / 1.4237E+02   
2400   2.500E-04   1.4331E+02   1.4331E+02   1.4331E+02 / 1.4331E+02   
2410   2.500E-04   1.4276E+02   1.4276E+02   1.4276E+02 / 1.4276E+02   
2420   2.500E-04   1.4510E+02   1.4510E+02   1.4510E+02 / 1.4510E+02   
2430   2.500E-04   1.4294E+02   1.4294E+02   1.4294E+02 / 1.4294E+02   
2440   2.500E-04   1.4209E+02   1.4209E+02   1.4209E+02 / 1.4209E+02   
2450   2.500E-04   1.4206E+02   1.4206E+02   1.4206E+02 / 1.4206E+02   
2460   2.500E-04   1.4295E+02   1.4295E+02   1.4295E+02 / 1.4295E+02   
2470   2.500E-04   1.4201E+02   1.4201E+02   1.4201E+02 / 1.4201E+02   
2480   2.500E-04   1.4245E+02   1.4245E+02   1.4245E+02 / 1.4245E+02   
2490   2.500E-04   1.4222E+02   1.4222E+02   1.4222E+02 / 1.4222E+02   
2500   2.500E-04   1.4768E+02   1.4768E+02   1.4768E+02 / 1.4768E+02   
2510   2.500E-04   1.4229E+02   1.4229E+02   1.4229E+02 / 1.4229E+02   
2520   2.500E-04   1.4416E+02   1.4416E+02   1.4416E+02 / 1.4416E+02   
2530   2.500E-04   1.4388E+02   1.4388E+02   1.4388E+02 / 1.4388E+02   
2540   2.500E-04   1.4237E+02   1.4237E+02   1.4237E+02 / 1.4237E+02   
2550   2.500E-04   1.4188E+02   1.4188E+02   1.4188E+02 / 1.4188E+02   
2560   2.500E-04   1.4438E+02   1.4438E+02   1.4438E+02 / 1.4438E+02   
2570   2.500E-04   1.4294E+02   1.4294E+02   1.4294E+02 / 1.4294E+02   
2580   2.500E-04   1.4231E+02   1.4231E+02   1.4231E+02 / 1.4231E+02   
2590   2.500E-04   1.4179E+02   1.4179E+02   1.4179E+02 / 1.4179E+02   
2600   2.500E-04   1.4210E+02   1.4210E+02   1.4210E+02 / 1.4210E+02   
2610   2.500E-04   1.4267E+02   1.4267E+02   1.4267E+02 / 1.4267E+02   
2620   2.500E-04   1.4196E+02   1.4196E+02   1.4196E+02 / 1.4196E+02   
2630   2.500E-04   1.4634E+02   1.4634E+02   1.4634E+02 / 1.4634E+02   
2640   2.500E-04   1.4234E+02   1.4234E+02   1.4234E+02 / 1.4234E+02   
2650   2.500E-04   1.4217E+02   1.4217E+02   1.4217E+02 / 1.4217E+02   
2660   2.500E-04   1.4244E+02   1.4244E+02   1.4244E+02 / 1.4244E+02   
2670   2.500E-04   1.4181E+02   1.4181E+02   1.4181E+02 / 1.4181E+02   
2680   2.500E-04   1.4169E+02   1.4169E+02   1.4169E+02 / 1.4169E+02   
2690   2.500E-04   1.4189E+02   1.4189E+02   1.4189E+02 / 1.4189E+02   
2700   2.500E-04   1.4144E+02   1.4144E+02   1.4144E+02 / 1.4144E+02   
