=====> WARNING: Training dataset length: 0, assuming memorization test!
========== Dataset info ==========
Dataset params: {'file': '/home/ryley/WDK/ML/dataset/turbulence_dataset_clean.csv', 'Cases': ['fp_3630'], 'val_set': ['fp_3630'], 'test_set': ['fp_3630'], 'data_loader': <class 'tbnn.dataloaders.kDataset'>}
Train/Valid/Test points: 168 / 168 / 168
Memorization?: True
Cluster training?: False
EPOCH     LR        TRAIN         VALID             MSE:T/V                  RL:T/V             %NR_t/%NR_v
===============================================================================================================
  1   5.000E-04   2.1330E+01   2.1330E+01   2.1330E+01 / 2.1330E+01   
 10   5.000E-04   1.7093E+01   1.7093E+01   1.7093E+01 / 1.7093E+01   
 20   5.000E-04   1.3296E+01   1.3296E+01   1.3296E+01 / 1.3296E+01   
 30   5.000E-04   1.0466E+01   1.0466E+01   1.0466E+01 / 1.0466E+01   
 40   5.000E-04   8.5200E+00   8.5200E+00   8.5200E+00 / 8.5200E+00   
 50   5.000E-04   7.2781E+00   7.2781E+00   7.2781E+00 / 7.2781E+00   
 60   5.000E-04   6.5518E+00   6.5518E+00   6.5518E+00 / 6.5518E+00   
 70   5.000E-04   6.1595E+00   6.1595E+00   6.1595E+00 / 6.1595E+00   
 80   5.000E-04   5.9597E+00   5.9597E+00   5.9597E+00 / 5.9597E+00   
 90   5.000E-04   5.8538E+00   5.8538E+00   5.8538E+00 / 5.8538E+00   
100   5.000E-04   5.7858E+00   5.7858E+00   5.7858E+00 / 5.7858E+00   
110   5.000E-04   5.7320E+00   5.7320E+00   5.7320E+00 / 5.7320E+00   
120   5.000E-04   5.6804E+00   5.6804E+00   5.6804E+00 / 5.6804E+00   
130   5.000E-04   5.6290E+00   5.6290E+00   5.6290E+00 / 5.6290E+00   
140   5.000E-04   5.5771E+00   5.5771E+00   5.5771E+00 / 5.5771E+00   
150   5.000E-04   5.5211E+00   5.5211E+00   5.5211E+00 / 5.5211E+00   
160   5.000E-04   5.4585E+00   5.4585E+00   5.4585E+00 / 5.4585E+00   
170   5.000E-04   5.3891E+00   5.3891E+00   5.3891E+00 / 5.3891E+00   
180   5.000E-04   5.3124E+00   5.3124E+00   5.3124E+00 / 5.3124E+00   
190   5.000E-04   5.2272E+00   5.2272E+00   5.2272E+00 / 5.2272E+00   
200   5.000E-04   5.1350E+00   5.1350E+00   5.1350E+00 / 5.1350E+00   
210   5.000E-04   5.0377E+00   5.0377E+00   5.0377E+00 / 5.0377E+00   
220   5.000E-04   4.9366E+00   4.9366E+00   4.9366E+00 / 4.9366E+00   
230   5.000E-04   4.8381E+00   4.8381E+00   4.8381E+00 / 4.8381E+00   
240   5.000E-04   4.7429E+00   4.7429E+00   4.7429E+00 / 4.7429E+00   
250   5.000E-04   4.6555E+00   4.6555E+00   4.6555E+00 / 4.6555E+00   
260   5.000E-04   4.5761E+00   4.5761E+00   4.5761E+00 / 4.5761E+00   
270   5.000E-04   4.5087E+00   4.5087E+00   4.5087E+00 / 4.5087E+00   
280   5.000E-04   4.4577E+00   4.4577E+00   4.4577E+00 / 4.4577E+00   
290   5.000E-04   4.4192E+00   4.4192E+00   4.4192E+00 / 4.4192E+00   
300   5.000E-04   4.3937E+00   4.3937E+00   4.3937E+00 / 4.3937E+00   
310   5.000E-04   4.3786E+00   4.3786E+00   4.3786E+00 / 4.3786E+00   
320   5.000E-04   4.3667E+00   4.3667E+00   4.3667E+00 / 4.3667E+00   
330   5.000E-04   4.3589E+00   4.3589E+00   4.3589E+00 / 4.3589E+00   
340   5.000E-04   4.3526E+00   4.3526E+00   4.3526E+00 / 4.3526E+00   
350   5.000E-04   4.3491E+00   4.3491E+00   4.3491E+00 / 4.3491E+00   
360   5.000E-04   4.3468E+00   4.3468E+00   4.3468E+00 / 4.3468E+00   
370   5.000E-04   4.3412E+00   4.3412E+00   4.3412E+00 / 4.3412E+00   
380   5.000E-04   4.3396E+00   4.3396E+00   4.3396E+00 / 4.3396E+00   
390   5.000E-04   4.3338E+00   4.3338E+00   4.3338E+00 / 4.3338E+00   
400   5.000E-04   4.3313E+00   4.3313E+00   4.3313E+00 / 4.3313E+00   
410   5.000E-04   4.3284E+00   4.3284E+00   4.3284E+00 / 4.3284E+00   
420   5.000E-04   4.3262E+00   4.3262E+00   4.3262E+00 / 4.3262E+00   
430   5.000E-04   4.3245E+00   4.3245E+00   4.3245E+00 / 4.3245E+00   
440   5.000E-04   4.3224E+00   4.3224E+00   4.3224E+00 / 4.3224E+00   
450   5.000E-04   4.3205E+00   4.3205E+00   4.3205E+00 / 4.3205E+00   
460   5.000E-04   4.3194E+00   4.3194E+00   4.3194E+00 / 4.3194E+00   
470   5.000E-04   4.3179E+00   4.3179E+00   4.3179E+00 / 4.3179E+00   
480   5.000E-04   4.3204E+00   4.3204E+00   4.3204E+00 / 4.3204E+00   
490   5.000E-04   4.3190E+00   4.3190E+00   4.3190E+00 / 4.3190E+00   
500   5.000E-04   4.3141E+00   4.3141E+00   4.3141E+00 / 4.3141E+00   
510   5.000E-04   4.3131E+00   4.3131E+00   4.3131E+00 / 4.3131E+00   
520   5.000E-04   4.3107E+00   4.3107E+00   4.3107E+00 / 4.3107E+00   
530   5.000E-04   4.3098E+00   4.3098E+00   4.3098E+00 / 4.3098E+00   
540   5.000E-04   4.3093E+00   4.3093E+00   4.3093E+00 / 4.3093E+00   
550   5.000E-04   4.3096E+00   4.3096E+00   4.3096E+00 / 4.3096E+00   
560   5.000E-04   4.3081E+00   4.3081E+00   4.3081E+00 / 4.3081E+00   
570   5.000E-04   4.3067E+00   4.3067E+00   4.3067E+00 / 4.3067E+00   
580   5.000E-04   4.3061E+00   4.3061E+00   4.3061E+00 / 4.3061E+00   
590   5.000E-04   4.3065E+00   4.3065E+00   4.3065E+00 / 4.3065E+00   
600   5.000E-04   4.3074E+00   4.3074E+00   4.3074E+00 / 4.3074E+00   
610   5.000E-04   4.3043E+00   4.3043E+00   4.3043E+00 / 4.3043E+00   
620   5.000E-04   4.3033E+00   4.3033E+00   4.3033E+00 / 4.3033E+00   
630   5.000E-04   4.3033E+00   4.3033E+00   4.3033E+00 / 4.3033E+00   
640   5.000E-04   4.3031E+00   4.3031E+00   4.3031E+00 / 4.3031E+00   
650   5.000E-04   4.3012E+00   4.3012E+00   4.3012E+00 / 4.3012E+00   
660   5.000E-04   4.3011E+00   4.3011E+00   4.3011E+00 / 4.3011E+00   
670   5.000E-04   4.3013E+00   4.3013E+00   4.3013E+00 / 4.3013E+00   
680   5.000E-04   4.3001E+00   4.3001E+00   4.3001E+00 / 4.3001E+00   
690   5.000E-04   4.3000E+00   4.3000E+00   4.3000E+00 / 4.3000E+00   
700   5.000E-04   4.3025E+00   4.3025E+00   4.3025E+00 / 4.3025E+00   
710   5.000E-04   4.3004E+00   4.3004E+00   4.3004E+00 / 4.3004E+00   
720   5.000E-04   4.3022E+00   4.3022E+00   4.3022E+00 / 4.3022E+00   
730   5.000E-04   4.2991E+00   4.2991E+00   4.2991E+00 / 4.2991E+00   
740   5.000E-04   4.3014E+00   4.3014E+00   4.3014E+00 / 4.3014E+00   
750   5.000E-04   4.3013E+00   4.3013E+00   4.3013E+00 / 4.3013E+00   
760   5.000E-04   4.3008E+00   4.3008E+00   4.3008E+00 / 4.3008E+00   
770   5.000E-04   4.2989E+00   4.2989E+00   4.2989E+00 / 4.2989E+00   
780   5.000E-04   4.2995E+00   4.2995E+00   4.2995E+00 / 4.2995E+00   
790   5.000E-04   4.3020E+00   4.3020E+00   4.3020E+00 / 4.3020E+00   
800   5.000E-04   4.3000E+00   4.3000E+00   4.3000E+00 / 4.3000E+00   
810   5.000E-04   4.2997E+00   4.2997E+00   4.2997E+00 / 4.2997E+00   
820   5.000E-04   4.2998E+00   4.2998E+00   4.2998E+00 / 4.2998E+00   
830   5.000E-04   4.2984E+00   4.2984E+00   4.2984E+00 / 4.2984E+00   
840   5.000E-04   4.2979E+00   4.2979E+00   4.2979E+00 / 4.2979E+00   
850   5.000E-04   4.2968E+00   4.2968E+00   4.2968E+00 / 4.2968E+00   
860   5.000E-04   4.2970E+00   4.2970E+00   4.2970E+00 / 4.2970E+00   
870   5.000E-04   4.2970E+00   4.2970E+00   4.2970E+00 / 4.2970E+00   
880   5.000E-04   4.2966E+00   4.2966E+00   4.2966E+00 / 4.2966E+00   
890   5.000E-04   4.2970E+00   4.2970E+00   4.2970E+00 / 4.2970E+00   
900   5.000E-04   4.2965E+00   4.2965E+00   4.2965E+00 / 4.2965E+00   
910   5.000E-04   4.2968E+00   4.2968E+00   4.2968E+00 / 4.2968E+00   
920   5.000E-04   4.2987E+00   4.2987E+00   4.2987E+00 / 4.2987E+00   
930   5.000E-04   4.2990E+00   4.2990E+00   4.2990E+00 / 4.2990E+00   
940   5.000E-04   4.3009E+00   4.3009E+00   4.3009E+00 / 4.3009E+00   
950   5.000E-04   4.2980E+00   4.2980E+00   4.2980E+00 / 4.2980E+00   
960   5.000E-04   4.2982E+00   4.2982E+00   4.2982E+00 / 4.2982E+00   
970   5.000E-04   4.2985E+00   4.2985E+00   4.2985E+00 / 4.2985E+00   
980   5.000E-04   4.2977E+00   4.2977E+00   4.2977E+00 / 4.2977E+00   
990   5.000E-04   4.2989E+00   4.2989E+00   4.2989E+00 / 4.2989E+00   
1000   5.000E-04   4.2971E+00   4.2971E+00   4.2971E+00 / 4.2971E+00   
===============================================================================================================
Saved model to models/fp_memorization/KCNN-24May07_11:53:20.pickle
