=====> WARNING: Training dataset length: 0, assuming memorization test!
========== Dataset info ==========
Dataset params: {'file': '/home/ryley/WDK/ML/dataset/turbulence_dataset_clean.csv', 'Cases': ['fp_3630'], 'val_set': ['fp_3630'], 'test_set': ['fp_3630'], 'data_loader': <class 'tbnn.dataloaders.kDataset'>}
Train/Valid/Test points: 168 / 168 / 168
Memorization?: True
Cluster training?: False
EPOCH     LR        TRAIN         VALID             MSE:T/V                  RL:T/V             %NR_t/%NR_v
===============================================================================================================
  1   5.000E-04   8.5736E+02   8.5736E+02   8.5736E+02 / 8.5736E+02   
 10   5.000E-04   6.1994E+02   6.1994E+02   6.1994E+02 / 6.1994E+02   
 20   5.000E-04   2.6671E+02   2.6671E+02   2.6671E+02 / 2.6671E+02   
 30   5.000E-04   2.4067E+02   2.4067E+02   2.4067E+02 / 2.4067E+02   
 40   5.000E-04   2.2973E+02   2.2973E+02   2.2973E+02 / 2.2973E+02   
 50   5.000E-04   2.2279E+02   2.2279E+02   2.2279E+02 / 2.2279E+02   
 60   5.000E-04   2.1418E+02   2.1418E+02   2.1418E+02 / 2.1418E+02   
 70   5.000E-04   2.0433E+02   2.0433E+02   2.0433E+02 / 2.0433E+02   
 80   5.000E-04   1.9610E+02   1.9610E+02   1.9610E+02 / 1.9610E+02   
 90   5.000E-04   1.9063E+02   1.9063E+02   1.9063E+02 / 1.9063E+02   
100   5.000E-04   1.8801E+02   1.8801E+02   1.8801E+02 / 1.8801E+02   
110   5.000E-04   1.8699E+02   1.8699E+02   1.8699E+02 / 1.8699E+02   
120   5.000E-04   1.8553E+02   1.8553E+02   1.8553E+02 / 1.8553E+02   
130   5.000E-04   1.8437E+02   1.8437E+02   1.8437E+02 / 1.8437E+02   
140   5.000E-04   1.8390E+02   1.8390E+02   1.8390E+02 / 1.8390E+02   
150   5.000E-04   1.8323E+02   1.8323E+02   1.8323E+02 / 1.8323E+02   
160   5.000E-04   1.8255E+02   1.8255E+02   1.8255E+02 / 1.8255E+02   
170   5.000E-04   1.8270E+02   1.8270E+02   1.8270E+02 / 1.8270E+02   
180   5.000E-04   1.8202E+02   1.8202E+02   1.8202E+02 / 1.8202E+02   
190   5.000E-04   1.8145E+02   1.8145E+02   1.8145E+02 / 1.8145E+02   
200   5.000E-04   1.8106E+02   1.8106E+02   1.8106E+02 / 1.8106E+02   
===============================================================================================================
Saved model to models/fp_memorization/KCNN-24May07_10:40:51.pickle
