=====> WARNING: Training dataset length: 0, assuming memorization test!
========== Dataset info ==========
Dataset params: {'file': '/home/ryley/WDK/ML/dataset/turbulence_dataset_clean.csv', 'Cases': ['fp_3630'], 'val_set': ['fp_3630'], 'test_set': ['fp_3630'], 'data_loader': <class 'tbnn.dataloaders.DeltaDataset'>}
Train/Valid/Test points: 168 / 168 / 168
Memorization?: True
Cluster training?: False
EPOCH     LR        TRAIN         VALID             MSE:T/V                  RL:T/V             %NR_t/%NR_v
===============================================================================================================
  1   5.000E-03   3.7907E-02   3.7907E-02   3.7907E-02 / 3.7907E-02   
 10   5.000E-03   3.5027E-03   3.5027E-03   3.5027E-03 / 3.5027E-03   
 20   5.000E-03   5.8909E-04   5.8909E-04   5.8909E-04 / 5.8909E-04   
 30   5.000E-03   4.3958E-05   4.3958E-05   4.3958E-05 / 4.3958E-05   
 40   5.000E-03   4.5558E-05   4.5558E-05   4.5558E-05 / 4.5558E-05   
 50   5.000E-03   3.6285E-05   3.6285E-05   3.6285E-05 / 3.6285E-05   
 60   5.000E-03   3.0701E-05   3.0701E-05   3.0701E-05 / 3.0701E-05   
 70   5.000E-03   2.6802E-05   2.6802E-05   2.6802E-05 / 2.6802E-05   
 80   5.000E-03   2.3636E-05   2.3636E-05   2.3636E-05 / 2.3636E-05   
 90   5.000E-03   2.0360E-05   2.0360E-05   2.0360E-05 / 2.0360E-05   
100   5.000E-03   1.7952E-05   1.7952E-05   1.7952E-05 / 1.7952E-05   
110   5.000E-03   1.5757E-05   1.5757E-05   1.5757E-05 / 1.5757E-05   
120   5.000E-03   1.4418E-05   1.4418E-05   1.4418E-05 / 1.4418E-05   
130   5.000E-03   1.2565E-05   1.2565E-05   1.2565E-05 / 1.2565E-05   
140   5.000E-03   1.1520E-05   1.1520E-05   1.1520E-05 / 1.1520E-05   
150   5.000E-03   1.0644E-05   1.0644E-05   1.0644E-05 / 1.0644E-05   
160   5.000E-03   9.8914E-06   9.8914E-06   9.8914E-06 / 9.8914E-06   
170   5.000E-03   9.3584E-06   9.3584E-06   9.3584E-06 / 9.3584E-06   
180   5.000E-03   8.9492E-06   8.9492E-06   8.9492E-06 / 8.9492E-06   
190   5.000E-03   8.5595E-06   8.5595E-06   8.5595E-06 / 8.5595E-06   
200   5.000E-03   7.8851E-06   7.8851E-06   7.8851E-06 / 7.8851E-06   
===============================================================================================================
Saved model to models/fp_memorization/KCNN-24May07_14:21:57.pickle
