=====> WARNING: Training dataset length: 0, assuming memorization test!
========== Dataset info ==========
Dataset params: {'file': '/home/ryley/WDK/ML/dataset/turbulence_dataset_clean.csv', 'Cases': ['fp_2540'], 'val_set': ['fp_2540'], 'test_set': ['fp_2540'], 'data_loader': <class 'tbnn.dataloaders.aDataset'>}
Train/Valid/Test points: 155 / 155 / 155
Memorization?: True
Cluster training?: False
EPOCH     LR        TRAIN         VALID             MSE:T/V                  RL:T/V             %NR_t/%NR_v
===============================================================================================================
  1   5.000E-03   8.0990E-01   8.0990E-01   3.2439E-02 / 3.2439E-02   0.0000E+00 / 0.0000E+00   0.00% / 0.00%
 10   5.000E-03   9.6951E-02   9.6951E-02   1.3404E-02 / 1.3404E-02   0.0000E+00 / 0.0000E+00   0.00% / 0.00%
 20   5.000E-03   3.6957E-02   3.6957E-02   1.0415E-02 / 1.0415E-02   1.6780E-04 / 1.6780E-04   9.68% / 9.68%
 30   5.000E-03   2.7789E-02   2.7789E-02   1.0076E-02 / 1.0076E-02   2.8803E-05 / 2.8803E-05   7.10% / 7.10%
 40   5.000E-03   2.3890E-02   2.3890E-02   9.7231E-03 / 9.7231E-03   1.8712E-05 / 1.8712E-05   7.10% / 7.10%
 50   5.000E-03   2.1086E-02   2.1086E-02   9.3957E-03 / 9.3957E-03   1.7209E-05 / 1.7209E-05   7.10% / 7.10%
 60   5.000E-03   1.8936E-02   1.8936E-02   9.1188E-03 / 9.1188E-03   5.4504E-06 / 5.4504E-06   5.81% / 5.81%
 70   5.000E-03   1.6737E-02   1.6737E-02   8.7267E-03 / 8.7267E-03   8.6660E-06 / 8.6660E-06   7.10% / 7.10%
 80   5.000E-03   1.4041E-02   1.4041E-02   8.2725E-03 / 8.2725E-03   2.7833E-06 / 2.7833E-06   5.81% / 5.81%
 90   5.000E-03   1.0883E-02   1.0883E-02   7.6589E-03 / 7.6589E-03   3.3881E-07 / 3.3881E-07   3.87% / 3.87%
100   5.000E-03   7.7718E-03   7.7718E-03   6.9758E-03 / 6.9758E-03   0.0000E+00 / 0.0000E+00   0.00% / 0.00%
110   5.000E-03   5.6728E-03   5.6728E-03   6.4216E-03 / 6.4216E-03   0.0000E+00 / 0.0000E+00   0.00% / 0.00%
120   5.000E-03   4.7107E-03   4.7107E-03   6.1029E-03 / 6.1029E-03   5.6858E-07 / 5.6858E-07   2.58% / 2.58%
130   5.000E-03   4.2685E-03   4.2685E-03   5.9616E-03 / 5.9616E-03   6.8491E-07 / 6.8491E-07   2.58% / 2.58%
140   5.000E-03   3.9614E-03   3.9614E-03   5.8670E-03 / 5.8670E-03   8.3838E-07 / 8.3838E-07   2.58% / 2.58%
150   5.000E-03   3.6528E-03   3.6528E-03   5.7828E-03 / 5.7828E-03   2.1829E-06 / 2.1829E-06   3.23% / 3.23%
160   5.000E-03   3.3576E-03   3.3576E-03   5.7204E-03 / 5.7204E-03   1.8913E-06 / 1.8913E-06   2.58% / 2.58%
170   5.000E-03   3.0636E-03   3.0636E-03   5.6504E-03 / 5.6504E-03   2.7026E-06 / 2.7026E-06   2.58% / 2.58%
180   5.000E-03   2.7962E-03   2.7962E-03   5.5939E-03 / 5.5939E-03   2.8884E-06 / 2.8884E-06   3.23% / 3.23%
190   5.000E-03   2.5730E-03   2.5730E-03   5.5448E-03 / 5.5448E-03   2.4020E-06 / 2.4020E-06   2.58% / 2.58%
200   5.000E-03   2.4213E-03   2.4213E-03   5.5103E-03 / 5.5103E-03   2.3412E-06 / 2.3412E-06   2.58% / 2.58%
210   5.000E-03   2.2937E-03   2.2937E-03   5.4487E-03 / 5.4487E-03   5.1701E-06 / 5.1701E-06   2.58% / 2.58%
220   5.000E-03   2.2101E-03   2.2101E-03   5.4275E-03 / 5.4275E-03   3.4875E-06 / 3.4875E-06   2.58% / 2.58%
230   5.000E-03   2.1522E-03   2.1522E-03   5.4047E-03 / 5.4047E-03   3.1045E-06 / 3.1045E-06   3.23% / 3.23%
240   5.000E-03   2.0953E-03   2.0953E-03   5.3783E-03 / 5.3783E-03   3.4339E-06 / 3.4339E-06   3.23% / 3.23%
250   5.000E-03   2.0384E-03   2.0384E-03   5.3482E-03 / 5.3482E-03   3.5693E-06 / 3.5693E-06   3.23% / 3.23%
260   5.000E-03   2.0081E-03   2.0081E-03   5.3091E-03 / 5.3091E-03   4.9687E-06 / 4.9687E-06   3.23% / 3.23%
270   5.000E-03   1.9250E-03   1.9250E-03   5.2967E-03 / 5.2967E-03   2.4783E-06 / 2.4783E-06   2.58% / 2.58%
280   5.000E-03   1.8671E-03   1.8671E-03   5.2693E-03 / 5.2693E-03   3.1462E-06 / 3.1462E-06   3.23% / 3.23%
290   5.000E-03   1.8397E-03   1.8397E-03   5.2550E-03 / 5.2550E-03   1.6375E-06 / 1.6375E-06   2.58% / 2.58%
300   5.000E-03   1.7664E-03   1.7664E-03   5.2185E-03 / 5.2185E-03   2.2382E-06 / 2.2382E-06   2.58% / 2.58%
310   5.000E-03   1.7075E-03   1.7075E-03   5.1936E-03 / 5.1936E-03   1.8854E-06 / 1.8854E-06   2.58% / 2.58%
320   5.000E-03   1.6552E-03   1.6552E-03   5.1722E-03 / 5.1722E-03   1.4994E-06 / 1.4994E-06   3.23% / 3.23%
330   5.000E-03   1.6130E-03   1.6130E-03   5.1553E-03 / 5.1553E-03   7.6614E-07 / 7.6614E-07   1.94% / 1.94%
340   5.000E-03   1.5704E-03   1.5704E-03   5.1212E-03 / 5.1212E-03   1.8734E-06 / 1.8734E-06   3.87% / 3.87%
350   5.000E-03   1.5154E-03   1.5154E-03   5.0974E-03 / 5.0974E-03   1.5054E-06 / 1.5054E-06   3.87% / 3.87%
360   5.000E-03   1.4834E-03   1.4834E-03   5.0666E-03 / 5.0666E-03   2.1468E-06 / 2.1468E-06   3.23% / 3.23%
370   5.000E-03   1.4608E-03   1.4608E-03   5.0496E-03 / 5.0496E-03   1.2980E-06 / 1.2980E-06   1.94% / 1.94%
380   5.000E-03   1.4064E-03   1.4064E-03   5.0266E-03 / 5.0266E-03   1.2805E-06 / 1.2805E-06   1.94% / 1.94%
390   5.000E-03   1.3709E-03   1.3709E-03   5.0099E-03 / 5.0099E-03   7.8335E-07 / 7.8335E-07   1.29% / 1.29%
400   5.000E-03   1.3450E-03   1.3450E-03   4.9720E-03 / 4.9720E-03   2.1048E-06 / 2.1048E-06   3.23% / 3.23%
410   5.000E-03   1.3046E-03   1.3046E-03   4.9535E-03 / 4.9535E-03   1.7936E-06 / 1.7936E-06   3.23% / 3.23%
420   5.000E-03   1.2972E-03   1.2972E-03   4.9385E-03 / 4.9385E-03   1.0095E-06 / 1.0095E-06   1.94% / 1.94%
430   5.000E-03   1.2605E-03   1.2605E-03   4.9079E-03 / 4.9079E-03   2.1440E-06 / 2.1440E-06   3.23% / 3.23%
440   5.000E-03   1.2214E-03   1.2214E-03   4.8903E-03 / 4.8903E-03   1.7423E-06 / 1.7423E-06   3.23% / 3.23%
450   5.000E-03   1.1983E-03   1.1983E-03   4.8691E-03 / 4.8691E-03   1.8148E-06 / 1.8148E-06   2.58% / 2.58%
460   5.000E-03   1.1718E-03   1.1718E-03   4.8463E-03 / 4.8463E-03   1.8702E-06 / 1.8702E-06   1.29% / 1.29%
470   5.000E-03   1.1470E-03   1.1470E-03   4.8236E-03 / 4.8236E-03   2.0532E-06 / 2.0532E-06   2.58% / 2.58%
480   5.000E-03   1.1223E-03   1.1223E-03   4.7972E-03 / 4.7972E-03   2.6120E-06 / 2.6120E-06   3.23% / 3.23%
490   5.000E-03   1.1015E-03   1.1015E-03   4.7850E-03 / 4.7850E-03   1.5043E-06 / 1.5043E-06   3.23% / 3.23%
500   5.000E-03   1.0813E-03   1.0813E-03   4.7670E-03 / 4.7670E-03   1.3212E-06 / 1.3212E-06   3.23% / 3.23%
510   5.000E-03   1.0749E-03   1.0749E-03   4.7490E-03 / 4.7490E-03   1.0151E-06 / 1.0151E-06   3.23% / 3.23%
520   5.000E-03   1.0408E-03   1.0408E-03   4.7265E-03 / 4.7265E-03   1.4471E-06 / 1.4471E-06   3.23% / 3.23%
530   5.000E-03   1.0307E-03   1.0307E-03   4.7095E-03 / 4.7095E-03   1.5128E-06 / 1.5128E-06   3.23% / 3.23%
540   5.000E-03   1.0212E-03   1.0212E-03   4.6894E-03 / 4.6894E-03   1.9894E-06 / 1.9894E-06   3.23% / 3.23%
550   5.000E-03   1.0006E-03   1.0006E-03   4.6741E-03 / 4.6741E-03   1.8266E-06 / 1.8266E-06   2.58% / 2.58%
560   5.000E-03   9.7847E-04   9.7847E-04   4.6535E-03 / 4.6535E-03   2.4378E-06 / 2.4378E-06   2.58% / 2.58%
570   5.000E-03   9.8617E-04   9.8617E-04   4.6351E-03 / 4.6351E-03   2.8378E-06 / 2.8378E-06   2.58% / 2.58%
580   5.000E-03   9.5056E-04   9.5056E-04   4.6194E-03 / 4.6194E-03   2.8775E-06 / 2.8775E-06   2.58% / 2.58%
590   5.000E-03   9.5661E-04   9.5661E-04   4.5995E-03 / 4.5995E-03   3.5633E-06 / 3.5633E-06   3.23% / 3.23%
600   5.000E-03   9.3745E-04   9.3745E-04   4.5964E-03 / 4.5964E-03   1.6519E-06 / 1.6519E-06   1.94% / 1.94%
610   5.000E-03   9.3540E-04   9.3540E-04   4.5735E-03 / 4.5735E-03   3.2222E-06 / 3.2222E-06   3.87% / 3.87%
620   5.000E-03   9.2116E-04   9.2116E-04   4.5663E-03 / 4.5663E-03   2.1274E-06 / 2.1274E-06   3.23% / 3.23%
630   5.000E-03   9.0709E-04   9.0709E-04   4.5530E-03 / 4.5530E-03   2.0470E-06 / 2.0470E-06   3.23% / 3.23%
640   5.000E-03   8.9480E-04   8.9480E-04   4.5390E-03 / 4.5390E-03   1.9858E-06 / 1.9858E-06   3.23% / 3.23%
650   5.000E-03   9.4373E-04   9.4373E-04   4.5265E-03 / 4.5265E-03   2.2139E-06 / 2.2139E-06   1.94% / 1.94%
660   5.000E-03   9.0751E-04   9.0751E-04   4.5113E-03 / 4.5113E-03   2.7568E-06 / 2.7568E-06   3.87% / 3.87%
670   5.000E-03   8.6824E-04   8.6824E-04   4.5013E-03 / 4.5013E-03   2.2276E-06 / 2.2276E-06   3.23% / 3.23%
680   5.000E-03   8.5926E-04   8.5926E-04   4.4872E-03 / 4.4872E-03   2.8208E-06 / 2.8208E-06   3.87% / 3.87%
690   5.000E-03   9.1906E-04   9.1906E-04   4.4835E-03 / 4.4835E-03   2.0603E-06 / 2.0603E-06   3.23% / 3.23%
700   5.000E-03   8.5936E-04   8.5936E-04   4.4695E-03 / 4.4695E-03   2.6694E-06 / 2.6694E-06   3.23% / 3.23%
710   5.000E-03   8.4652E-04   8.4652E-04   4.4589E-03 / 4.4589E-03   3.1241E-06 / 3.1241E-06   1.94% / 1.94%
720   5.000E-03   8.7931E-04   8.7931E-04   4.4510E-03 / 4.4510E-03   3.0875E-06 / 3.0875E-06   3.23% / 3.23%
730   5.000E-03   8.3576E-04   8.3576E-04   4.4481E-03 / 4.4481E-03   1.5305E-06 / 1.5305E-06   2.58% / 2.58%
740   5.000E-03   8.1056E-04   8.1056E-04   4.4286E-03 / 4.4286E-03   2.5740E-06 / 2.5740E-06   2.58% / 2.58%
750   5.000E-03   8.7452E-04   8.7452E-04   4.4161E-03 / 4.4161E-03   2.9777E-06 / 2.9777E-06   1.29% / 1.29%
760   5.000E-03   8.2228E-04   8.2228E-04   4.4054E-03 / 4.4054E-03   2.7952E-06 / 2.7952E-06   3.23% / 3.23%
770   5.000E-03   7.7525E-04   7.7525E-04   4.3935E-03 / 4.3935E-03   2.5892E-06 / 2.5892E-06   2.58% / 2.58%
780   5.000E-03   7.8431E-04   7.8431E-04   4.3881E-03 / 4.3881E-03   2.0547E-06 / 2.0547E-06   3.23% / 3.23%
790   5.000E-03   8.8497E-04   8.8497E-04   4.3808E-03 / 4.3808E-03   1.9699E-06 / 1.9699E-06   1.29% / 1.29%
800   5.000E-03   8.2359E-04   8.2359E-04   4.3699E-03 / 4.3699E-03   2.3334E-06 / 2.3334E-06   2.58% / 2.58%
810   5.000E-03   7.6320E-04   7.6320E-04   4.3674E-03 / 4.3674E-03   1.4089E-06 / 1.4089E-06   1.29% / 1.29%
820   5.000E-03   7.7205E-04   7.7205E-04   4.3548E-03 / 4.3548E-03   1.8605E-06 / 1.8605E-06   3.87% / 3.87%
830   5.000E-03   7.3223E-04   7.3223E-04   4.3496E-03 / 4.3496E-03   1.3086E-06 / 1.3086E-06   1.29% / 1.29%
840   5.000E-03   7.9557E-04   7.9557E-04   4.3374E-03 / 4.3374E-03   1.8850E-06 / 1.8850E-06   3.87% / 3.87%
850   5.000E-03   7.5105E-04   7.5105E-04   4.3388E-03 / 4.3388E-03   8.6008E-07 / 8.6008E-07   0.65% / 0.65%
860   5.000E-03   7.5665E-04   7.5665E-04   4.3234E-03 / 4.3234E-03   1.5492E-06 / 1.5492E-06   1.94% / 1.94%
870   5.000E-03   7.2363E-04   7.2363E-04   4.3116E-03 / 4.3116E-03   1.9116E-06 / 1.9116E-06   4.52% / 4.52%
880   5.000E-03   6.9660E-04   6.9660E-04   4.3027E-03 / 4.3027E-03   1.7970E-06 / 1.7970E-06   2.58% / 2.58%
890   5.000E-03   6.8213E-04   6.8213E-04   4.2897E-03 / 4.2897E-03   2.3897E-06 / 2.3897E-06   1.29% / 1.29%
900   5.000E-03   6.9760E-04   6.9760E-04   4.2850E-03 / 4.2850E-03   1.9893E-06 / 1.9893E-06   1.29% / 1.29%
910   5.000E-03   6.7110E-04   6.7110E-04   4.2679E-03 / 4.2679E-03   3.0711E-06 / 3.0711E-06   1.29% / 1.29%
920   5.000E-03   6.6082E-04   6.6082E-04   4.2649E-03 / 4.2649E-03   1.9176E-06 / 1.9176E-06   1.29% / 1.29%
930   5.000E-03   6.4899E-04   6.4899E-04   4.2563E-03 / 4.2563E-03   1.7936E-06 / 1.7936E-06   1.29% / 1.29%
940   5.000E-03   6.5394E-04   6.5394E-04   4.2464E-03 / 4.2464E-03   1.8465E-06 / 1.8465E-06   1.29% / 1.29%
950   5.000E-03   6.4954E-04   6.4954E-04   4.2298E-03 / 4.2298E-03   3.1319E-06 / 3.1319E-06   1.29% / 1.29%
960   5.000E-03   7.0632E-04   7.0632E-04   4.2180E-03 / 4.2180E-03   4.0865E-06 / 4.0865E-06   2.58% / 2.58%
970   5.000E-03   6.9296E-04   6.9296E-04   4.2128E-03 / 4.2128E-03   3.4918E-06 / 3.4918E-06   1.29% / 1.29%
980   5.000E-03   6.8597E-04   6.8597E-04   4.2097E-03 / 4.2097E-03   2.7614E-06 / 2.7614E-06   1.29% / 1.29%
990   5.000E-03   6.4129E-04   6.4129E-04   4.1943E-03 / 4.1943E-03   3.8735E-06 / 3.8735E-06   1.29% / 1.29%
1000   5.000E-03   6.0932E-04   6.0932E-04   4.1893E-03 / 4.1893E-03   3.1290E-06 / 3.1290E-06   1.94% / 1.94%
1010   5.000E-03   5.9458E-04   5.9458E-04   4.1798E-03 / 4.1798E-03   3.0641E-06 / 3.0641E-06   1.94% / 1.94%
1020   5.000E-03   6.0778E-04   6.0778E-04   4.1824E-03 / 4.1824E-03   1.3748E-06 / 1.3748E-06   1.29% / 1.29%
1030   5.000E-03   7.1081E-04   7.1081E-04   4.1715E-03 / 4.1715E-03   2.5378E-06 / 2.5378E-06   1.29% / 1.29%
1040   5.000E-03   6.1505E-04   6.1505E-04   4.1609E-03 / 4.1609E-03   2.3827E-06 / 2.3827E-06   1.94% / 1.94%
1050   5.000E-03   6.0261E-04   6.0261E-04   4.1576E-03 / 4.1576E-03   1.7240E-06 / 1.7240E-06   1.29% / 1.29%
1060   5.000E-03   6.1127E-04   6.1127E-04   4.1617E-03 / 4.1617E-03   6.1672E-07 / 6.1672E-07   0.65% / 0.65%
1070   5.000E-03   5.7233E-04   5.7233E-04   4.1351E-03 / 4.1351E-03   2.6203E-06 / 2.6203E-06   1.94% / 1.94%
1080   5.000E-03   5.6282E-04   5.6282E-04   4.1325E-03 / 4.1325E-03   1.7820E-06 / 1.7820E-06   1.29% / 1.29%
1090   5.000E-03   5.6622E-04   5.6622E-04   4.1279E-03 / 4.1279E-03   1.4386E-06 / 1.4386E-06   1.29% / 1.29%
1100   5.000E-03   6.9793E-04   6.9793E-04   4.1158E-03 / 4.1158E-03   2.5779E-06 / 2.5779E-06   3.87% / 3.87%
1110   5.000E-03   5.7749E-04   5.7749E-04   4.1098E-03 / 4.1098E-03   1.8263E-06 / 1.8263E-06   1.29% / 1.29%
1120   5.000E-03   5.4148E-04   5.4148E-04   4.1011E-03 / 4.1011E-03   2.0348E-06 / 2.0348E-06   1.29% / 1.29%
1130   5.000E-03   5.7523E-04   5.7523E-04   4.0880E-03 / 4.0880E-03   3.1228E-06 / 3.1228E-06   3.23% / 3.23%
1140   5.000E-03   5.4160E-04   5.4160E-04   4.0775E-03 / 4.0775E-03   3.6156E-06 / 3.6156E-06   2.58% / 2.58%
1150   5.000E-03   5.4823E-04   5.4823E-04   4.0764E-03 / 4.0764E-03   2.3725E-06 / 2.3725E-06   1.94% / 1.94%
1160   5.000E-03   5.1903E-04   5.1903E-04   4.0748E-03 / 4.0748E-03   1.4344E-06 / 1.4344E-06   1.94% / 1.94%
1170   5.000E-03   5.3505E-04   5.3505E-04   4.0575E-03 / 4.0575E-03   3.0533E-06 / 3.0533E-06   1.94% / 1.94%
1180   5.000E-03   5.2609E-04   5.2609E-04   4.0469E-03 / 4.0469E-03   3.9737E-06 / 3.9737E-06   3.87% / 3.87%
1190   5.000E-03   5.2664E-04   5.2664E-04   4.0492E-03 / 4.0492E-03   2.0148E-06 / 2.0148E-06   1.94% / 1.94%
1200   5.000E-03   5.0921E-04   5.0921E-04   4.0466E-03 / 4.0466E-03   1.3707E-06 / 1.3707E-06   1.94% / 1.94%
1210   5.000E-03   5.0215E-04   5.0215E-04   4.0366E-03 / 4.0366E-03   1.6504E-06 / 1.6504E-06   1.94% / 1.94%
1220   5.000E-03   5.0334E-04   5.0334E-04   4.0327E-03 / 4.0327E-03   1.2910E-06 / 1.2910E-06   1.94% / 1.94%
1230   5.000E-03   6.8512E-04   6.8512E-04   4.0257E-03 / 4.0257E-03   2.3098E-06 / 2.3098E-06   1.94% / 1.94%
1240   5.000E-03   5.4599E-04   5.4599E-04   4.0299E-03 / 4.0299E-03   5.5949E-07 / 5.5949E-07   1.94% / 1.94%
1250   5.000E-03   4.8960E-04   4.8960E-04   4.0171E-03 / 4.0171E-03   1.1098E-06 / 1.1098E-06   1.94% / 1.94%
1260   5.000E-03   5.0732E-04   5.0732E-04   4.0098E-03 / 4.0098E-03   1.4715E-06 / 1.4715E-06   1.94% / 1.94%
1270   5.000E-03   6.2595E-04   6.2595E-04   4.0037E-03 / 4.0037E-03   1.9524E-06 / 1.9524E-06   1.94% / 1.94%
1280   5.000E-03   5.6339E-04   5.6339E-04   3.9982E-03 / 3.9982E-03   2.3180E-06 / 2.3180E-06   1.94% / 1.94%
1290   5.000E-03   4.8988E-04   4.8988E-04   3.9915E-03 / 3.9915E-03   1.9893E-06 / 1.9893E-06   1.94% / 1.94%
1300   5.000E-03   6.4882E-04   6.4882E-04   3.9869E-03 / 3.9869E-03   2.7476E-06 / 2.7476E-06   4.52% / 4.52%
1310   5.000E-03   5.0189E-04   5.0189E-04   3.9873E-03 / 3.9873E-03   1.4067E-06 / 1.4067E-06   1.94% / 1.94%
1320   5.000E-03   4.8550E-04   4.8550E-04   3.9799E-03 / 3.9799E-03   1.8019E-06 / 1.8019E-06   2.58% / 2.58%
1330   5.000E-03   5.8645E-04   5.8645E-04   3.9689E-03 / 3.9689E-03   3.4864E-06 / 3.4864E-06   2.58% / 2.58%
1340   5.000E-03   5.1250E-04   5.1250E-04   3.9746E-03 / 3.9746E-03   1.2557E-06 / 1.2557E-06   2.58% / 2.58%
1350   5.000E-03   4.8587E-04   4.8587E-04   3.9629E-03 / 3.9629E-03   2.3281E-06 / 2.3281E-06   2.58% / 2.58%
1360   5.000E-03   4.7374E-04   4.7374E-04   3.9649E-03 / 3.9649E-03   1.1794E-06 / 1.1794E-06   2.58% / 2.58%
1370   5.000E-03   4.7458E-04   4.7458E-04   3.9469E-03 / 3.9469E-03   3.6100E-06 / 3.6100E-06   2.58% / 2.58%
1380   5.000E-03   4.6413E-04   4.6413E-04   3.9583E-03 / 3.9583E-03   8.9210E-07 / 8.9210E-07   1.29% / 1.29%
1390   5.000E-03   4.7742E-04   4.7742E-04   3.9471E-03 / 3.9471E-03   1.4378E-06 / 1.4378E-06   1.94% / 1.94%
1400   5.000E-03   4.7753E-04   4.7753E-04   3.9382E-03 / 3.9382E-03   1.9645E-06 / 1.9645E-06   2.58% / 2.58%
1410   5.000E-03   4.5026E-04   4.5026E-04   3.9365E-03 / 3.9365E-03   1.3908E-06 / 1.3908E-06   2.58% / 2.58%
1420   5.000E-03   4.9218E-04   4.9218E-04   3.9270E-03 / 3.9270E-03   2.1937E-06 / 2.1937E-06   1.94% / 1.94%
1430   5.000E-03   4.7828E-04   4.7828E-04   3.9300E-03 / 3.9300E-03   1.2067E-06 / 1.2067E-06   1.29% / 1.29%
1440   5.000E-03   5.0021E-04   5.0021E-04   3.9211E-03 / 3.9211E-03   1.7430E-06 / 1.7430E-06   1.94% / 1.94%
1450   5.000E-03   4.3805E-04   4.3805E-04   3.9067E-03 / 3.9067E-03   3.1925E-06 / 3.1925E-06   3.23% / 3.23%
1460   5.000E-03   4.5153E-04   4.5153E-04   3.9047E-03 / 3.9047E-03   2.5852E-06 / 2.5852E-06   3.23% / 3.23%
1470   5.000E-03   4.3370E-04   4.3370E-04   3.8984E-03 / 3.8984E-03   2.7773E-06 / 2.7773E-06   2.58% / 2.58%
1480   5.000E-03   4.3247E-04   4.3247E-04   3.8887E-03 / 3.8887E-03   3.7497E-06 / 3.7497E-06   3.23% / 3.23%
1490   5.000E-03   4.8080E-04   4.8080E-04   3.9027E-03 / 3.9027E-03   1.1177E-06 / 1.1177E-06   1.94% / 1.94%
1500   5.000E-03   5.0116E-04   5.0116E-04   3.8851E-03 / 3.8851E-03   2.7945E-06 / 2.7945E-06   2.58% / 2.58%
1510   5.000E-03   4.2589E-04   4.2589E-04   3.8837E-03 / 3.8837E-03   1.9796E-06 / 1.9796E-06   1.94% / 1.94%
1520   5.000E-03   4.5119E-04   4.5119E-04   3.8736E-03 / 3.8736E-03   2.9738E-06 / 2.9738E-06   2.58% / 2.58%
1530   5.000E-03   5.0797E-04   5.0797E-04   3.8693E-03 / 3.8693E-03   3.0378E-06 / 3.0378E-06   2.58% / 2.58%
1540   5.000E-03   4.3372E-04   4.3372E-04   3.8705E-03 / 3.8705E-03   2.0083E-06 / 2.0083E-06   2.58% / 2.58%
1550   5.000E-03   6.1305E-04   6.1305E-04   3.8732E-03 / 3.8732E-03   1.7448E-06 / 1.7448E-06   3.23% / 3.23%
1560   5.000E-03   5.3223E-04   5.3223E-04   3.8626E-03 / 3.8626E-03   2.9115E-06 / 2.9115E-06   2.58% / 2.58%
1570   5.000E-03   5.9354E-04   5.9354E-04   3.8655E-03 / 3.8655E-03   2.3234E-06 / 2.3234E-06   1.94% / 1.94%
1580   5.000E-03   4.4210E-04   4.4210E-04   3.8579E-03 / 3.8579E-03   2.4528E-06 / 2.4528E-06   1.94% / 1.94%
1590   5.000E-03   4.1246E-04   4.1246E-04   3.8509E-03 / 3.8509E-03   2.7972E-06 / 2.7972E-06   2.58% / 2.58%
1600   5.000E-03   4.3539E-04   4.3539E-04   3.8586E-03 / 3.8586E-03   1.1939E-06 / 1.1939E-06   1.94% / 1.94%
1610   5.000E-03   4.3563E-04   4.3563E-04   3.8558E-03 / 3.8558E-03   1.0807E-06 / 1.0807E-06   2.58% / 2.58%
1620   5.000E-03   4.0983E-04   4.0983E-04   3.8430E-03 / 3.8430E-03   2.0870E-06 / 2.0870E-06   1.94% / 1.94%
1630   5.000E-03   4.6628E-04   4.6628E-04   3.8308E-03 / 3.8308E-03   4.4247E-06 / 4.4247E-06   3.87% / 3.87%
1640   5.000E-03   4.2283E-04   4.2283E-04   3.8366E-03 / 3.8366E-03   2.0665E-06 / 2.0665E-06   3.87% / 3.87%
1650   5.000E-03   4.2322E-04   4.2322E-04   3.8278E-03 / 3.8278E-03   2.9249E-06 / 2.9249E-06   2.58% / 2.58%
1660   5.000E-03   4.0609E-04   4.0609E-04   3.8308E-03 / 3.8308E-03   1.5134E-06 / 1.5134E-06   1.94% / 1.94%
1670   5.000E-03   4.0624E-04   4.0624E-04   3.8169E-03 / 3.8169E-03   3.4082E-06 / 3.4082E-06   3.23% / 3.23%
1680   5.000E-03   4.4728E-04   4.4728E-04   3.8128E-03 / 3.8128E-03   3.7761E-06 / 3.7761E-06   1.94% / 1.94%
1690   5.000E-03   4.0157E-04   4.0157E-04   3.8063E-03 / 3.8063E-03   4.2749E-06 / 4.2749E-06   1.94% / 1.94%
1700   5.000E-03   4.1737E-04   4.1737E-04   3.8003E-03 / 3.8003E-03   5.1819E-06 / 5.1819E-06   3.23% / 3.23%
1710   5.000E-03   4.0131E-04   4.0131E-04   3.8150E-03 / 3.8150E-03   1.0807E-06 / 1.0807E-06   1.94% / 1.94%
1720   5.000E-03   4.5430E-04   4.5430E-04   3.7991E-03 / 3.7991E-03   3.8148E-06 / 3.8148E-06   3.23% / 3.23%
1730   5.000E-03   4.1140E-04   4.1140E-04   3.8139E-03 / 3.8139E-03   6.0552E-07 / 6.0552E-07   1.94% / 1.94%
1740   5.000E-03   4.0660E-04   4.0660E-04   3.7933E-03 / 3.7933E-03   3.1536E-06 / 3.1536E-06   1.94% / 1.94%
1750   5.000E-03   4.8886E-04   4.8886E-04   3.7951E-03 / 3.7951E-03   2.3884E-06 / 2.3884E-06   1.94% / 1.94%
1760   5.000E-03   4.7764E-04   4.7764E-04   3.8016E-03 / 3.8016E-03   8.1983E-07 / 8.1983E-07   1.94% / 1.94%
1770   5.000E-03   5.0237E-04   5.0237E-04   3.7899E-03 / 3.7899E-03   2.1547E-06 / 2.1547E-06   2.58% / 2.58%
1780   5.000E-03   3.9393E-04   3.9393E-04   3.7804E-03 / 3.7804E-03   2.6440E-06 / 2.6440E-06   2.58% / 2.58%
1790   5.000E-03   4.5598E-04   4.5598E-04   3.7836E-03 / 3.7836E-03   1.9241E-06 / 1.9241E-06   3.23% / 3.23%
1800   5.000E-03   4.0092E-04   4.0092E-04   3.7708E-03 / 3.7708E-03   3.6321E-06 / 3.6321E-06   2.58% / 2.58%
1810   5.000E-03   4.5499E-04   4.5499E-04   3.7753E-03 / 3.7753E-03   2.0999E-06 / 2.0999E-06   1.94% / 1.94%
1820   5.000E-03   3.9878E-04   3.9878E-04   3.7700E-03 / 3.7700E-03   2.5313E-06 / 2.5313E-06   2.58% / 2.58%
1830   5.000E-03   3.9541E-04   3.9541E-04   3.7650E-03 / 3.7650E-03   2.8134E-06 / 2.8134E-06   2.58% / 2.58%
1840   5.000E-03   3.7719E-04   3.7719E-04   3.7672E-03 / 3.7672E-03   1.8426E-06 / 1.8426E-06   1.94% / 1.94%
1850   5.000E-03   4.3694E-04   4.3694E-04   3.7436E-03 / 3.7436E-03   8.8512E-06 / 8.8512E-06   2.58% / 2.58%
1860   5.000E-03   4.2775E-04   4.2775E-04   3.7675E-03 / 3.7675E-03   1.3930E-06 / 1.3930E-06   1.94% / 1.94%
1870   5.000E-03   4.9336E-04   4.9336E-04   3.7639E-03 / 3.7639E-03   1.8208E-06 / 1.8208E-06   2.58% / 2.58%
1880   5.000E-03   3.7584E-04   3.7584E-04   3.7512E-03 / 3.7512E-03   3.1450E-06 / 3.1450E-06   2.58% / 2.58%
1890   5.000E-03   4.5482E-04   4.5482E-04   3.7551E-03 / 3.7551E-03   2.2169E-06 / 2.2169E-06   2.58% / 2.58%
1900   5.000E-03   4.3046E-04   4.3046E-04   3.7537E-03 / 3.7537E-03   1.7137E-06 / 1.7137E-06   1.94% / 1.94%
1910   5.000E-03   4.0191E-04   4.0191E-04   3.7561E-03 / 3.7561E-03   1.1696E-06 / 1.1696E-06   2.58% / 2.58%
1920   5.000E-03   3.7255E-04   3.7255E-04   3.7485E-03 / 3.7485E-03   1.7141E-06 / 1.7141E-06   2.58% / 2.58%
1930   5.000E-03   3.6986E-04   3.6986E-04   3.7433E-03 / 3.7433E-03   2.0492E-06 / 2.0492E-06   2.58% / 2.58%
1940   5.000E-03   3.9112E-04   3.9112E-04   3.7381E-03 / 3.7381E-03   2.3328E-06 / 2.3328E-06   2.58% / 2.58%
1950   5.000E-03   4.5633E-04   4.5633E-04   3.7336E-03 / 3.7336E-03   3.2264E-06 / 3.2264E-06   2.58% / 2.58%
1960   5.000E-03   6.0883E-04   6.0883E-04   3.7549E-03 / 3.7549E-03   9.1889E-07 / 9.1889E-07   1.29% / 1.29%
1970   5.000E-03   6.4560E-04   6.4560E-04   3.7433E-03 / 3.7433E-03   2.1741E-06 / 2.1741E-06   2.58% / 2.58%
1980   5.000E-03   4.4379E-04   4.4379E-04   3.7370E-03 / 3.7370E-03   2.3638E-06 / 2.3638E-06   2.58% / 2.58%
1990   5.000E-03   3.9106E-04   3.9106E-04   3.7276E-03 / 3.7276E-03   3.0887E-06 / 3.0887E-06   2.58% / 2.58%
2000   5.000E-03   4.2982E-04   4.2982E-04   3.7278E-03 / 3.7278E-03   2.8974E-06 / 2.8974E-06   2.58% / 2.58%
2010   5.000E-03   3.7651E-04   3.7651E-04   3.7344E-03 / 3.7344E-03   1.3396E-06 / 1.3396E-06   1.94% / 1.94%
2020   5.000E-03   3.9414E-04   3.9414E-04   3.7223E-03 / 3.7223E-03   2.5207E-06 / 2.5207E-06   2.58% / 2.58%
2030   5.000E-03   3.7455E-04   3.7455E-04   3.7209E-03 / 3.7209E-03   2.3489E-06 / 2.3489E-06   2.58% / 2.58%
2040   5.000E-03   3.5878E-04   3.5878E-04   3.7115E-03 / 3.7115E-03   3.5873E-06 / 3.5873E-06   2.58% / 2.58%
2050   5.000E-03   3.7333E-04   3.7333E-04   3.7087E-03 / 3.7087E-03   3.9617E-06 / 3.9617E-06   3.23% / 3.23%
2060   5.000E-03   3.9947E-04   3.9947E-04   3.7106E-03 / 3.7106E-03   3.0533E-06 / 3.0533E-06   2.58% / 2.58%
2070   5.000E-03   3.5909E-04   3.5909E-04   3.6958E-03 / 3.6958E-03   6.0364E-06 / 6.0364E-06   3.23% / 3.23%
2080   5.000E-03   3.8826E-04   3.8826E-04   3.7177E-03 / 3.7177E-03   1.2640E-06 / 1.2640E-06   1.94% / 1.94%
2090   5.000E-03   3.9360E-04   3.9360E-04   3.7027E-03 / 3.7027E-03   2.7651E-06 / 2.7651E-06   2.58% / 2.58%
2100   5.000E-03   4.3035E-04   4.3035E-04   3.7091E-03 / 3.7091E-03   1.7265E-06 / 1.7265E-06   1.94% / 1.94%
2110   5.000E-03   3.6249E-04   3.6249E-04   3.6994E-03 / 3.6994E-03   2.4426E-06 / 2.4426E-06   1.94% / 1.94%
2120   5.000E-03   4.0246E-04   4.0246E-04   3.7102E-03 / 3.7102E-03   1.1394E-06 / 1.1394E-06   3.23% / 3.23%
2130   5.000E-03   4.2879E-04   4.2879E-04   3.6934E-03 / 3.6934E-03   2.9932E-06 / 2.9932E-06   2.58% / 2.58%
2140   5.000E-03   3.9790E-04   3.9790E-04   3.6913E-03 / 3.6913E-03   2.8625E-06 / 2.8625E-06   3.23% / 3.23%
2150   5.000E-03   3.7371E-04   3.7371E-04   3.6846E-03 / 3.6846E-03   3.5585E-06 / 3.5585E-06   3.87% / 3.87%
2160   5.000E-03   3.5154E-04   3.5154E-04   3.6803E-03 / 3.6803E-03   3.4612E-06 / 3.4612E-06   2.58% / 2.58%
2170   5.000E-03   3.6221E-04   3.6221E-04   3.6792E-03 / 3.6792E-03   2.9647E-06 / 2.9647E-06   2.58% / 2.58%
2180   5.000E-03   3.9291E-04   3.9291E-04   3.6754E-03 / 3.6754E-03   3.3663E-06 / 3.3663E-06   2.58% / 2.58%
2190   5.000E-03   3.7145E-04   3.7145E-04   3.6829E-03 / 3.6829E-03   1.5964E-06 / 1.5964E-06   1.94% / 1.94%
2200   5.000E-03   3.5526E-04   3.5526E-04   3.6665E-03 / 3.6665E-03   4.0462E-06 / 4.0462E-06   3.87% / 3.87%
2210   5.000E-03   3.8323E-04   3.8323E-04   3.6617E-03 / 3.6617E-03   4.2730E-06 / 4.2730E-06   2.58% / 2.58%
2220   5.000E-03   4.4255E-04   4.4255E-04   3.6707E-03 / 3.6707E-03   2.1455E-06 / 2.1455E-06   2.58% / 2.58%
2230   5.000E-03   3.9329E-04   3.9329E-04   3.6775E-03 / 3.6775E-03   1.2239E-06 / 1.2239E-06   1.94% / 1.94%
2240   5.000E-03   3.4476E-04   3.4476E-04   3.6633E-03 / 3.6633E-03   2.5750E-06 / 2.5750E-06   3.87% / 3.87%
2250   5.000E-03   3.6812E-04   3.6812E-04   3.6509E-03 / 3.6509E-03   4.3460E-06 / 4.3460E-06   2.58% / 2.58%
2260   5.000E-03   3.3666E-04   3.3666E-04   3.6553E-03 / 3.6553E-03   2.7272E-06 / 2.7272E-06   2.58% / 2.58%
2270   5.000E-03   3.5373E-04   3.5373E-04   3.6526E-03 / 3.6526E-03   2.7103E-06 / 2.7103E-06   2.58% / 2.58%
2280   5.000E-03   3.5885E-04   3.5885E-04   3.6490E-03 / 3.6490E-03   2.8543E-06 / 2.8543E-06   2.58% / 2.58%
2290   5.000E-03   3.7559E-04   3.7559E-04   3.6446E-03 / 3.6446E-03   3.3094E-06 / 3.3094E-06   2.58% / 2.58%
2300   5.000E-03   4.2782E-04   4.2782E-04   3.6490E-03 / 3.6490E-03   2.1316E-06 / 2.1316E-06   2.58% / 2.58%
2310   5.000E-03   5.4475E-04   5.4475E-04   3.6608E-03 / 3.6608E-03   1.3390E-06 / 1.3390E-06   5.16% / 5.16%
2320   5.000E-03   4.0371E-04   4.0371E-04   3.6464E-03 / 3.6464E-03   2.4665E-06 / 2.4665E-06   2.58% / 2.58%
2330   5.000E-03   3.4446E-04   3.4446E-04   3.6382E-03 / 3.6382E-03   3.1796E-06 / 3.1796E-06   2.58% / 2.58%
2340   5.000E-03   3.4598E-04   3.4598E-04   3.6298E-03 / 3.6298E-03   4.4819E-06 / 4.4819E-06   2.58% / 2.58%
2350   5.000E-03   3.8072E-04   3.8072E-04   3.6457E-03 / 3.6457E-03   1.4403E-06 / 1.4403E-06   2.58% / 2.58%
2360   5.000E-03   3.3923E-04   3.3923E-04   3.6338E-03 / 3.6338E-03   2.2785E-06 / 2.2785E-06   2.58% / 2.58%
2370   5.000E-03   3.8805E-04   3.8805E-04   3.6334E-03 / 3.6334E-03   2.3695E-06 / 2.3695E-06   4.52% / 4.52%
2380   5.000E-03   3.5328E-04   3.5328E-04   3.6355E-03 / 3.6355E-03   1.2442E-06 / 1.2442E-06   2.58% / 2.58%
2390   5.000E-03   3.3494E-04   3.3494E-04   3.6214E-03 / 3.6214E-03   3.1790E-06 / 3.1790E-06   2.58% / 2.58%
2400   5.000E-03   3.7801E-04   3.7801E-04   3.6280E-03 / 3.6280E-03   2.2002E-06 / 2.2002E-06   2.58% / 2.58%
2410   5.000E-03   3.4370E-04   3.4370E-04   3.6124E-03 / 3.6124E-03   4.7654E-06 / 4.7654E-06   2.58% / 2.58%
2420   5.000E-03   4.3419E-04   4.3419E-04   3.6262E-03 / 3.6262E-03   3.2006E-06 / 3.2006E-06   7.10% / 7.10%
2430   5.000E-03   4.5391E-04   4.5391E-04   3.6091E-03 / 3.6091E-03   7.0901E-06 / 7.0901E-06   5.81% / 5.81%
2440   5.000E-03   3.5505E-04   3.5505E-04   3.6163E-03 / 3.6163E-03   3.5531E-06 / 3.5531E-06   2.58% / 2.58%
2450   5.000E-03   4.1963E-04   4.1963E-04   3.6097E-03 / 3.6097E-03   5.6378E-06 / 5.6378E-06   2.58% / 2.58%
2460   5.000E-03   3.6904E-04   3.6904E-04   3.6318E-03 / 3.6318E-03   8.9964E-07 / 8.9964E-07   2.58% / 2.58%
2470   5.000E-03   3.7974E-04   3.7974E-04   3.6118E-03 / 3.6118E-03   3.4472E-06 / 3.4472E-06   2.58% / 2.58%
2480   5.000E-03   3.5923E-04   3.5923E-04   3.6098E-03 / 3.6098E-03   3.3015E-06 / 3.3015E-06   2.58% / 2.58%
2490   5.000E-03   3.2910E-04   3.2910E-04   3.6144E-03 / 3.6144E-03   1.7473E-06 / 1.7473E-06   1.94% / 1.94%
2500   5.000E-03   3.1465E-04   3.1465E-04   3.6038E-03 / 3.6038E-03   3.0868E-06 / 3.0868E-06   2.58% / 2.58%
2510   5.000E-03   3.0929E-04   3.0929E-04   3.6000E-03 / 3.6000E-03   3.3219E-06 / 3.3219E-06   2.58% / 2.58%
2520   5.000E-03   3.0901E-04   3.0901E-04   3.6036E-03 / 3.6036E-03   2.1377E-06 / 2.1377E-06   2.58% / 2.58%
2530   5.000E-03   3.3396E-04   3.3396E-04   3.5956E-03 / 3.5956E-03   3.2239E-06 / 3.2239E-06   3.23% / 3.23%
2540   5.000E-03   3.1079E-04   3.1079E-04   3.5966E-03 / 3.5966E-03   2.2220E-06 / 2.2220E-06   2.58% / 2.58%
2550   5.000E-03   3.0530E-04   3.0530E-04   3.5889E-03 / 3.5889E-03   3.4901E-06 / 3.4901E-06   2.58% / 2.58%
2560   5.000E-03   3.4398E-04   3.4398E-04   3.5905E-03 / 3.5905E-03   2.7012E-06 / 2.7012E-06   1.94% / 1.94%
2570   5.000E-03   3.1077E-04   3.1077E-04   3.5925E-03 / 3.5925E-03   1.7979E-06 / 1.7979E-06   1.94% / 1.94%
2580   5.000E-03   3.1988E-04   3.1988E-04   3.5814E-03 / 3.5814E-03   3.8289E-06 / 3.8289E-06   3.23% / 3.23%
2590   5.000E-03   3.2837E-04   3.2837E-04   3.5831E-03 / 3.5831E-03   3.0098E-06 / 3.0098E-06   1.94% / 1.94%
2600   5.000E-03   3.1920E-04   3.1920E-04   3.5881E-03 / 3.5881E-03   1.6396E-06 / 1.6396E-06   1.94% / 1.94%
2610   5.000E-03   3.3394E-04   3.3394E-04   3.5836E-03 / 3.5836E-03   2.1808E-06 / 2.1808E-06   2.58% / 2.58%
2620   5.000E-03   3.1556E-04   3.1556E-04   3.5753E-03 / 3.5753E-03   3.5583E-06 / 3.5583E-06   3.23% / 3.23%
2630   5.000E-03   3.5634E-04   3.5634E-04   3.5733E-03 / 3.5733E-03   3.4765E-06 / 3.4765E-06   1.94% / 1.94%
2640   5.000E-03   3.6585E-04   3.6585E-04   3.5733E-03 / 3.5733E-03   3.1843E-06 / 3.1843E-06   1.94% / 1.94%
2650   5.000E-03   4.2096E-04   4.2096E-04   3.5796E-03 / 3.5796E-03   2.3161E-06 / 2.3161E-06   5.81% / 5.81%
2660   5.000E-03   3.0608E-04   3.0608E-04   3.5685E-03 / 3.5685E-03   3.7197E-06 / 3.7197E-06   2.58% / 2.58%
2670   5.000E-03   3.2594E-04   3.2594E-04   3.5753E-03 / 3.5753E-03   1.8820E-06 / 1.8820E-06   1.94% / 1.94%
2680   5.000E-03   3.8307E-04   3.8307E-04   3.5731E-03 / 3.5731E-03   2.1297E-06 / 2.1297E-06   1.94% / 1.94%
2690   5.000E-03   3.0024E-04   3.0024E-04   3.5632E-03 / 3.5632E-03   3.5394E-06 / 3.5394E-06   3.23% / 3.23%
2700   5.000E-03   3.0616E-04   3.0616E-04   3.5685E-03 / 3.5685E-03   1.8382E-06 / 1.8382E-06   1.94% / 1.94%
2710   5.000E-03   2.9578E-04   2.9578E-04   3.5632E-03 / 3.5632E-03   2.2744E-06 / 2.2744E-06   1.94% / 1.94%
2720   5.000E-03   3.3377E-04   3.3377E-04   3.5541E-03 / 3.5541E-03   4.7758E-06 / 4.7758E-06   3.87% / 3.87%
2730   5.000E-03   3.2919E-04   3.2919E-04   3.5570E-03 / 3.5570E-03   3.1743E-06 / 3.1743E-06   3.23% / 3.23%
2740   5.000E-03   2.9884E-04   2.9884E-04   3.5563E-03 / 3.5563E-03   2.5712E-06 / 2.5712E-06   3.23% / 3.23%
2750   5.000E-03   3.0343E-04   3.0343E-04   3.5535E-03 / 3.5535E-03   2.5070E-06 / 2.5070E-06   2.58% / 2.58%
2760   5.000E-03   2.9365E-04   2.9365E-04   3.5453E-03 / 3.5453E-03   3.9721E-06 / 3.9721E-06   2.58% / 2.58%
2770   5.000E-03   3.4002E-04   3.4002E-04   3.5537E-03 / 3.5537E-03   2.0198E-06 / 2.0198E-06   1.94% / 1.94%
2780   5.000E-03   2.8788E-04   2.8788E-04   3.5457E-03 / 3.5457E-03   2.6598E-06 / 2.6598E-06   2.58% / 2.58%
2790   5.000E-03   2.9420E-04   2.9420E-04   3.5439E-03 / 3.5439E-03   2.7061E-06 / 2.7061E-06   2.58% / 2.58%
2800   5.000E-03   2.9945E-04   2.9945E-04   3.5584E-03 / 3.5584E-03   5.4136E-07 / 5.4136E-07   1.94% / 1.94%
2810   5.000E-03   3.5061E-04   3.5061E-04   3.5445E-03 / 3.5445E-03   2.1040E-06 / 2.1040E-06   1.94% / 1.94%
2820   5.000E-03   3.7039E-04   3.7039E-04   3.5365E-03 / 3.5365E-03   4.1294E-06 / 4.1294E-06   7.10% / 7.10%
2830   5.000E-03   3.0219E-04   3.0219E-04   3.5286E-03 / 3.5286E-03   5.0514E-06 / 5.0514E-06   2.58% / 2.58%
2840   5.000E-03   2.9569E-04   2.9569E-04   3.5447E-03 / 3.5447E-03   1.2518E-06 / 1.2518E-06   2.58% / 2.58%
2850   5.000E-03   2.9475E-04   2.9475E-04   3.5395E-03 / 3.5395E-03   1.5786E-06 / 1.5786E-06   2.58% / 2.58%
2860   5.000E-03   2.8788E-04   2.8788E-04   3.5269E-03 / 3.5269E-03   3.4583E-06 / 3.4583E-06   3.23% / 3.23%
2870   5.000E-03   3.6374E-04   3.6374E-04   3.5271E-03 / 3.5271E-03   3.9192E-06 / 3.9192E-06   7.10% / 7.10%
2880   5.000E-03   3.7497E-04   3.7497E-04   3.5416E-03 / 3.5416E-03   8.4095E-07 / 8.4095E-07   1.94% / 1.94%
2890   5.000E-03   3.0173E-04   3.0173E-04   3.5217E-03 / 3.5217E-03   3.7833E-06 / 3.7833E-06   2.58% / 2.58%
2900   5.000E-03   3.7698E-04   3.7698E-04   3.5400E-03 / 3.5400E-03   9.4438E-07 / 9.4438E-07   1.94% / 1.94%
2910   5.000E-03   3.8995E-04   3.8995E-04   3.5232E-03 / 3.5232E-03   3.9970E-06 / 3.9970E-06   2.58% / 2.58%
2920   5.000E-03   2.8654E-04   2.8654E-04   3.5351E-03 / 3.5351E-03   1.4974E-06 / 1.4974E-06   2.58% / 2.58%
2930   5.000E-03   2.8049E-04   2.8049E-04   3.5341E-03 / 3.5341E-03   1.1927E-06 / 1.1927E-06   1.94% / 1.94%
2940   5.000E-03   2.7984E-04   2.7984E-04   3.5237E-03 / 3.5237E-03   2.0016E-06 / 2.0016E-06   2.58% / 2.58%
2950   5.000E-03   2.8281E-04   2.8281E-04   3.5258E-03 / 3.5258E-03   1.3561E-06 / 1.3561E-06   2.58% / 2.58%
2960   5.000E-03   2.7722E-04   2.7722E-04   3.5242E-03 / 3.5242E-03   1.2836E-06 / 1.2836E-06   1.94% / 1.94%
2970   5.000E-03   2.7374E-04   2.7374E-04   3.5159E-03 / 3.5159E-03   2.1011E-06 / 2.1011E-06   2.58% / 2.58%
2980   5.000E-03   2.7797E-04   2.7797E-04   3.5247E-03 / 3.5247E-03   8.1429E-07 / 8.1429E-07   1.94% / 1.94%
2990   5.000E-03   2.9251E-04   2.9251E-04   3.5096E-03 / 3.5096E-03   2.0852E-06 / 2.0852E-06   2.58% / 2.58%
3000   5.000E-03   2.9020E-04   2.9020E-04   3.5144E-03 / 3.5144E-03   1.3983E-06 / 1.3983E-06   3.23% / 3.23%
3010   5.000E-03   2.8802E-04   2.8802E-04   3.4923E-03 / 3.4923E-03   5.2124E-06 / 5.2124E-06   2.58% / 2.58%
3020   5.000E-03   2.7864E-04   2.7864E-04   3.5077E-03 / 3.5077E-03   1.4038E-06 / 1.4038E-06   1.94% / 1.94%
3030   5.000E-03   2.6768E-04   2.6768E-04   3.4963E-03 / 3.4963E-03   2.5990E-06 / 2.5990E-06   2.58% / 2.58%
3040   5.000E-03   3.3445E-04   3.3445E-04   3.4878E-03 / 3.4878E-03   4.4431E-06 / 4.4431E-06   2.58% / 2.58%
3050   5.000E-03   2.6529E-04   2.6529E-04   3.4851E-03 / 3.4851E-03   3.7355E-06 / 3.7355E-06   2.58% / 2.58%
3060   5.000E-03   2.6462E-04   2.6462E-04   3.4849E-03 / 3.4849E-03   3.2377E-06 / 3.2377E-06   2.58% / 2.58%
3070   5.000E-03   2.7077E-04   2.7077E-04   3.4897E-03 / 3.4897E-03   1.9288E-06 / 1.9288E-06   1.94% / 1.94%
3080   5.000E-03   2.6740E-04   2.6740E-04   3.4761E-03 / 3.4761E-03   3.9997E-06 / 3.9997E-06   3.23% / 3.23%
3090   5.000E-03   2.9501E-04   2.9501E-04   3.4755E-03 / 3.4755E-03   3.5812E-06 / 3.5812E-06   3.23% / 3.23%
3100   5.000E-03   2.8590E-04   2.8590E-04   3.4927E-03 / 3.4927E-03   9.3779E-07 / 9.3779E-07   1.29% / 1.29%
3110   5.000E-03   2.7465E-04   2.7465E-04   3.4784E-03 / 3.4784E-03   2.2912E-06 / 2.2912E-06   1.94% / 1.94%
3120   5.000E-03   3.2212E-04   3.2212E-04   3.4837E-03 / 3.4837E-03   1.4457E-06 / 1.4457E-06   1.94% / 1.94%
3130   5.000E-03   2.6363E-04   2.6363E-04   3.4780E-03 / 3.4780E-03   1.7773E-06 / 1.7773E-06   1.94% / 1.94%
3140   5.000E-03   3.0433E-04   3.0433E-04   3.4661E-03 / 3.4661E-03   4.0184E-06 / 4.0184E-06   5.16% / 5.16%
3150   5.000E-03   2.5746E-04   2.5746E-04   3.4649E-03 / 3.4649E-03   3.0769E-06 / 3.0769E-06   2.58% / 2.58%
3160   5.000E-03   2.5522E-04   2.5522E-04   3.4666E-03 / 3.4666E-03   1.9475E-06 / 1.9475E-06   1.94% / 1.94%
3170   5.000E-03   3.2761E-04   3.2761E-04   3.4673E-03 / 3.4673E-03   1.8047E-06 / 1.8047E-06   1.94% / 1.94%
3180   5.000E-03   2.9715E-04   2.9715E-04   3.4665E-03 / 3.4665E-03   1.4708E-06 / 1.4708E-06   1.29% / 1.29%
3190   5.000E-03   2.5698E-04   2.5698E-04   3.4679E-03 / 3.4679E-03   9.7147E-07 / 9.7147E-07   1.29% / 1.29%
3200   5.000E-03   2.8442E-04   2.8442E-04   3.4564E-03 / 3.4564E-03   2.1419E-06 / 2.1419E-06   1.94% / 1.94%
3210   5.000E-03   4.5618E-04   4.5618E-04   3.4619E-03 / 3.4619E-03   1.6077E-06 / 1.6077E-06   1.94% / 1.94%
3220   5.000E-03   2.8849E-04   2.8849E-04   3.4395E-03 / 3.4395E-03   6.0943E-06 / 6.0943E-06   4.52% / 4.52%
3230   5.000E-03   2.7931E-04   2.7931E-04   3.4731E-03 / 3.4731E-03   1.9011E-07 / 1.9011E-07   1.29% / 1.29%
3240   5.000E-03   2.6185E-04   2.6185E-04   3.4408E-03 / 3.4408E-03   3.2834E-06 / 3.2834E-06   2.58% / 2.58%
3250   5.000E-03   3.1178E-04   3.1178E-04   3.4461E-03 / 3.4461E-03   2.1181E-06 / 2.1181E-06   1.94% / 1.94%
3260   5.000E-03   3.0275E-04   3.0275E-04   3.4391E-03 / 3.4391E-03   2.9725E-06 / 2.9725E-06   1.94% / 1.94%
3270   5.000E-03   3.2400E-04   3.2400E-04   3.4388E-03 / 3.4388E-03   3.2246E-06 / 3.2246E-06   1.94% / 1.94%
3280   5.000E-03   2.5095E-04   2.5095E-04   3.4425E-03 / 3.4425E-03   2.0652E-06 / 2.0652E-06   1.94% / 1.94%
3290   5.000E-03   2.4786E-04   2.4786E-04   3.4317E-03 / 3.4317E-03   3.8749E-06 / 3.8749E-06   3.23% / 3.23%
3300   5.000E-03   2.4370E-04   2.4370E-04   3.4296E-03 / 3.4296E-03   3.3347E-06 / 3.3347E-06   2.58% / 2.58%
3310   5.000E-03   2.5340E-04   2.5340E-04   3.4323E-03 / 3.4323E-03   2.1635E-06 / 2.1635E-06   1.94% / 1.94%
3320   5.000E-03   2.6791E-04   2.6791E-04   3.4280E-03 / 3.4280E-03   2.6103E-06 / 2.6103E-06   1.94% / 1.94%
3330   5.000E-03   2.4298E-04   2.4298E-04   3.4211E-03 / 3.4211E-03   3.5645E-06 / 3.5645E-06   3.23% / 3.23%
3340   5.000E-03   2.3842E-04   2.3842E-04   3.4184E-03 / 3.4184E-03   3.4469E-06 / 3.4469E-06   2.58% / 2.58%
3350   5.000E-03   2.9072E-04   2.9072E-04   3.4154E-03 / 3.4154E-03   4.2497E-06 / 4.2497E-06   3.23% / 3.23%
3360   5.000E-03   3.3694E-04   3.3694E-04   3.4243E-03 / 3.4243E-03   1.6152E-06 / 1.6152E-06   1.94% / 1.94%
3370   5.000E-03   2.6053E-04   2.6053E-04   3.4216E-03 / 3.4216E-03   1.7185E-06 / 1.7185E-06   1.94% / 1.94%
3380   5.000E-03   2.8255E-04   2.8255E-04   3.4291E-03 / 3.4291E-03   8.0809E-07 / 8.0809E-07   1.94% / 1.94%
3390   5.000E-03   2.4730E-04   2.4730E-04   3.4154E-03 / 3.4154E-03   2.7119E-06 / 2.7119E-06   3.23% / 3.23%
3400   5.000E-03   2.5284E-04   2.5284E-04   3.4222E-03 / 3.4222E-03   1.0299E-06 / 1.0299E-06   1.94% / 1.94%
3410   5.000E-03   2.4083E-04   2.4083E-04   3.4121E-03 / 3.4121E-03   2.1714E-06 / 2.1714E-06   1.94% / 1.94%
3420   5.000E-03   2.3392E-04   2.3392E-04   3.4071E-03 / 3.4071E-03   2.5343E-06 / 2.5343E-06   1.94% / 1.94%
3430   5.000E-03   2.4523E-04   2.4523E-04   3.4145E-03 / 3.4145E-03   1.0117E-06 / 1.0117E-06   1.94% / 1.94%
3440   5.000E-03   2.5189E-04   2.5189E-04   3.4027E-03 / 3.4027E-03   2.6554E-06 / 2.6554E-06   3.87% / 3.87%
3450   5.000E-03   1.5327E-03   1.5327E-03   3.4551E-03 / 3.4551E-03   3.1053E-05 / 3.1053E-05   12.26% / 12.26%
3460   5.000E-03   1.9439E-03   1.9439E-03   3.4401E-03 / 3.4401E-03   3.4489E-05 / 3.4489E-05   3.87% / 3.87%
3470   5.000E-03   3.9503E-04   3.9503E-04   3.4403E-03 / 3.4403E-03   4.6033E-06 / 4.6033E-06   2.58% / 2.58%
3480   5.000E-03   3.0771E-04   3.0771E-04   3.4388E-03 / 3.4388E-03   4.0311E-06 / 4.0311E-06   5.16% / 5.16%
3490   5.000E-03   2.5888E-04   2.5888E-04   3.4436E-03 / 3.4436E-03   1.7584E-06 / 1.7584E-06   2.58% / 2.58%
3500   5.000E-03   2.5164E-04   2.5164E-04   3.4253E-03 / 3.4253E-03   4.9496E-06 / 4.9496E-06   2.58% / 2.58%
3510   5.000E-03   2.4892E-04   2.4892E-04   3.4437E-03 / 3.4437E-03   7.9512E-07 / 7.9512E-07   2.58% / 2.58%
3520   5.000E-03   2.4428E-04   2.4428E-04   3.4227E-03 / 3.4227E-03   3.6383E-06 / 3.6383E-06   1.94% / 1.94%
3530   5.000E-03   2.4254E-04   2.4254E-04   3.4279E-03 / 3.4279E-03   1.8948E-06 / 1.8948E-06   2.58% / 2.58%
3540   5.000E-03   2.4114E-04   2.4114E-04   3.4222E-03 / 3.4222E-03   2.5178E-06 / 2.5178E-06   2.58% / 2.58%
3550   5.000E-03   2.3953E-04   2.3953E-04   3.4274E-03 / 3.4274E-03   1.1628E-06 / 1.1628E-06   2.58% / 2.58%
3560   5.000E-03   2.3799E-04   2.3799E-04   3.4182E-03 / 3.4182E-03   2.1343E-06 / 2.1343E-06   1.94% / 1.94%
3570   5.000E-03   2.3786E-04   2.3786E-04   3.4053E-03 / 3.4053E-03   4.9250E-06 / 4.9250E-06   3.23% / 3.23%
3580   5.000E-03   2.3732E-04   2.3732E-04   3.4025E-03 / 3.4025E-03   4.9857E-06 / 4.9857E-06   3.23% / 3.23%
3590   5.000E-03   2.3571E-04   2.3571E-04   3.4093E-03 / 3.4093E-03   2.5043E-06 / 2.5043E-06   3.23% / 3.23%
3600   5.000E-03   2.3418E-04   2.3418E-04   3.4150E-03 / 3.4150E-03   1.0680E-06 / 1.0680E-06   1.94% / 1.94%
3610   5.000E-03   2.3481E-04   2.3481E-04   3.4005E-03 / 3.4005E-03   3.4202E-06 / 3.4202E-06   2.58% / 2.58%
3620   5.000E-03   2.3753E-04   2.3753E-04   3.4218E-03 / 3.4218E-03   1.9666E-07 / 1.9666E-07   1.94% / 1.94%
3630   5.000E-03   2.3087E-04   2.3087E-04   3.3998E-03 / 3.3998E-03   2.5194E-06 / 2.5194E-06   2.58% / 2.58%
3640   5.000E-03   2.3084E-04   2.3084E-04   3.3953E-03 / 3.3953E-03   3.0738E-06 / 3.0738E-06   3.23% / 3.23%
3650   5.000E-03   2.3312E-04   2.3312E-04   3.3892E-03 / 3.3892E-03   4.2112E-06 / 4.2112E-06   3.23% / 3.23%
3660   5.000E-03   2.3008E-04   2.3008E-04   3.3896E-03 / 3.3896E-03   3.3508E-06 / 3.3508E-06   2.58% / 2.58%
3670   5.000E-03   2.2958E-04   2.2958E-04   3.3967E-03 / 3.3967E-03   1.4671E-06 / 1.4671E-06   1.94% / 1.94%
3680   5.000E-03   2.2867E-04   2.2867E-04   3.3799E-03 / 3.3799E-03   5.1448E-06 / 5.1448E-06   2.58% / 2.58%
3690   5.000E-03   2.2821E-04   2.2821E-04   3.3861E-03 / 3.3861E-03   2.7085E-06 / 2.7085E-06   2.58% / 2.58%
3700   5.000E-03   2.2598E-04   2.2598E-04   3.3898E-03 / 3.3898E-03   1.5168E-06 / 1.5168E-06   2.58% / 2.58%
3710   5.000E-03   2.3004E-04   2.3004E-04   3.3903E-03 / 3.3903E-03   1.1551E-06 / 1.1551E-06   2.58% / 2.58%
3720   5.000E-03   2.2479E-04   2.2479E-04   3.3770E-03 / 3.3770E-03   3.4281E-06 / 3.4281E-06   2.58% / 2.58%
3730   5.000E-03   2.2825E-04   2.2825E-04   3.3704E-03 / 3.3704E-03   5.0551E-06 / 5.0551E-06   2.58% / 2.58%
3740   5.000E-03   2.2455E-04   2.2455E-04   3.3812E-03 / 3.3812E-03   1.5711E-06 / 1.5711E-06   1.94% / 1.94%
3750   5.000E-03   2.2555E-04   2.2555E-04   3.3750E-03 / 3.3750E-03   2.4423E-06 / 2.4423E-06   2.58% / 2.58%
3760   5.000E-03   2.2384E-04   2.2384E-04   3.3818E-03 / 3.3818E-03   8.6902E-07 / 8.6902E-07   1.94% / 1.94%
3770   5.000E-03   2.2241E-04   2.2241E-04   3.3648E-03 / 3.3648E-03   3.9245E-06 / 3.9245E-06   2.58% / 2.58%
3780   5.000E-03   2.2169E-04   2.2169E-04   3.3739E-03 / 3.3739E-03   1.3796E-06 / 1.3796E-06   2.58% / 2.58%
3790   5.000E-03   2.2071E-04   2.2071E-04   3.3729E-03 / 3.3729E-03   1.1265E-06 / 1.1265E-06   2.58% / 2.58%
3800   5.000E-03   2.2551E-04   2.2551E-04   3.3707E-03 / 3.3707E-03   1.1767E-06 / 1.1767E-06   2.58% / 2.58%
3810   5.000E-03   2.2378E-04   2.2378E-04   3.3816E-03 / 3.3816E-03   1.2788E-07 / 1.2788E-07   2.58% / 2.58%
3820   5.000E-03   2.1941E-04   2.1941E-04   3.3565E-03 / 3.3565E-03   3.1415E-06 / 3.1415E-06   2.58% / 2.58%
3830   5.000E-03   2.2283E-04   2.2283E-04   3.3482E-03 / 3.3482E-03   5.1739E-06 / 5.1739E-06   2.58% / 2.58%
3840   5.000E-03   2.1988E-04   2.1988E-04   3.3589E-03 / 3.3589E-03   1.7856E-06 / 1.7856E-06   2.58% / 2.58%
3850   5.000E-03   2.1835E-04   2.1835E-04   3.3509E-03 / 3.3509E-03   3.0041E-06 / 3.0041E-06   2.58% / 2.58%
3860   5.000E-03   2.2150E-04   2.2150E-04   3.3408E-03 / 3.3408E-03   5.7213E-06 / 5.7213E-06   2.58% / 2.58%
3870   5.000E-03   2.3053E-04   2.3053E-04   3.3497E-03 / 3.3497E-03   2.3845E-06 / 2.3845E-06   2.58% / 2.58%
3880   5.000E-03   2.2090E-04   2.2090E-04   3.3367E-03 / 3.3367E-03   5.6683E-06 / 5.6683E-06   2.58% / 2.58%
3890   5.000E-03   2.1784E-04   2.1784E-04   3.3620E-03 / 3.3620E-03   2.6806E-07 / 2.6806E-07   1.94% / 1.94%
3900   5.000E-03   2.1943E-04   2.1943E-04   3.3698E-03 / 3.3698E-03   2.7015E-08 / 2.7015E-08   1.94% / 1.94%
3910   5.000E-03   2.2053E-04   2.2053E-04   3.3474E-03 / 3.3474E-03   1.1245E-06 / 1.1245E-06   2.58% / 2.58%
3920   5.000E-03   2.8132E-04   2.8132E-04   3.3776E-03 / 3.3776E-03   1.1808E-06 / 1.1808E-06   5.81% / 5.81%
3930   5.000E-03   2.2860E-04   2.2860E-04   3.3461E-03 / 3.3461E-03   1.1157E-06 / 1.1157E-06   5.16% / 5.16%
3940   5.000E-03   2.1749E-04   2.1749E-04   3.3305E-03 / 3.3305E-03   3.5351E-06 / 3.5351E-06   3.23% / 3.23%
3950   5.000E-03   2.2499E-04   2.2499E-04   3.3550E-03 / 3.3550E-03   1.2640E-07 / 1.2640E-07   0.65% / 0.65%
3960   5.000E-03   2.1859E-04   2.1859E-04   3.3264E-03 / 3.3264E-03   3.1403E-06 / 3.1403E-06   2.58% / 2.58%
3970   5.000E-03   2.1591E-04   2.1591E-04   3.3375E-03 / 3.3375E-03   8.1785E-07 / 8.1785E-07   2.58% / 2.58%
3980   5.000E-03   2.1072E-04   2.1072E-04   3.3206E-03 / 3.3206E-03   3.5412E-06 / 3.5412E-06   3.23% / 3.23%
3990   5.000E-03   2.1425E-04   2.1425E-04   3.3423E-03 / 3.3423E-03   3.1279E-07 / 3.1279E-07   1.29% / 1.29%
4000   5.000E-03   2.0862E-04   2.0862E-04   3.3211E-03 / 3.3211E-03   2.0559E-06 / 2.0559E-06   2.58% / 2.58%
4010   5.000E-03   2.1797E-04   2.1797E-04   3.3115E-03 / 3.3115E-03   4.1257E-06 / 4.1257E-06   1.94% / 1.94%
4020   5.000E-03   2.0820E-04   2.0820E-04   3.3170E-03 / 3.3170E-03   1.9766E-06 / 1.9766E-06   2.58% / 2.58%
4030   5.000E-03   2.1120E-04   2.1120E-04   3.3093E-03 / 3.3093E-03   3.2438E-06 / 3.2438E-06   2.58% / 2.58%
4040   5.000E-03   2.1093E-04   2.1093E-04   3.3240E-03 / 3.3240E-03   7.2928E-07 / 7.2928E-07   0.65% / 0.65%
4050   5.000E-03   3.8200E-04   3.8200E-04   3.3232E-03 / 3.3232E-03   1.4080E-06 / 1.4080E-06   0.65% / 0.65%
4060   5.000E-03   2.1608E-04   2.1608E-04   3.3153E-03 / 3.3153E-03   1.1828E-06 / 1.1828E-06   1.94% / 1.94%
4070   5.000E-03   2.1101E-04   2.1101E-04   3.3221E-03 / 3.3221E-03   4.9829E-07 / 4.9829E-07   1.29% / 1.29%
4080   5.000E-03   2.1193E-04   2.1193E-04   3.3208E-03 / 3.3208E-03   4.6002E-07 / 4.6002E-07   1.29% / 1.29%
4090   5.000E-03   2.0394E-04   2.0394E-04   3.3070E-03 / 3.3070E-03   1.3954E-06 / 1.3954E-06   1.29% / 1.29%
4100   5.000E-03   2.2699E-04   2.2699E-04   3.3036E-03 / 3.3036E-03   1.5956E-06 / 1.5956E-06   1.29% / 1.29%
4110   5.000E-03   3.4286E-04   3.4286E-04   3.3166E-03 / 3.3166E-03   1.4812E-06 / 1.4812E-06   0.65% / 0.65%
4120   5.000E-03   3.1643E-04   3.1643E-04   3.3010E-03 / 3.3010E-03   1.7050E-06 / 1.7050E-06   1.29% / 1.29%
4130   5.000E-03   2.0497E-04   2.0497E-04   3.2977E-03 / 3.2977E-03   1.9087E-06 / 1.9087E-06   3.23% / 3.23%
4140   5.000E-03   2.2210E-04   2.2210E-04   3.3080E-03 / 3.3080E-03   5.7898E-07 / 5.7898E-07   1.29% / 1.29%
4150   5.000E-03   2.0348E-04   2.0348E-04   3.2834E-03 / 3.2834E-03   3.5511E-06 / 3.5511E-06   2.58% / 2.58%
4160   5.000E-03   2.0890E-04   2.0890E-04   3.2815E-03 / 3.2815E-03   3.3542E-06 / 3.3542E-06   2.58% / 2.58%
4170   5.000E-03   2.0956E-04   2.0956E-04   3.2808E-03 / 3.2808E-03   3.0810E-06 / 3.0810E-06   1.94% / 1.94%
4180   5.000E-03   2.3843E-04   2.3843E-04   3.2872E-03 / 3.2872E-03   1.6556E-06 / 1.6556E-06   1.29% / 1.29%
4190   5.000E-03   2.1842E-04   2.1842E-04   3.2839E-03 / 3.2839E-03   1.9189E-06 / 1.9189E-06   1.94% / 1.94%
4200   5.000E-03   2.4932E-04   2.4932E-04   3.2761E-03 / 3.2761E-03   2.7106E-06 / 2.7106E-06   1.29% / 1.29%
4210   5.000E-03   2.8515E-03   2.8515E-03   3.4650E-03 / 3.4650E-03   8.4541E-07 / 8.4541E-07   0.65% / 0.65%
4220   5.000E-03   4.9892E-04   4.9892E-04   3.3330E-03 / 3.3330E-03   1.2154E-05 / 1.2154E-05   2.58% / 2.58%
4230   5.000E-03   2.7169E-04   2.7169E-04   3.3357E-03 / 3.3357E-03   2.6592E-06 / 2.6592E-06   2.58% / 2.58%
4240   5.000E-03   2.4497E-04   2.4497E-04   3.3359E-03 / 3.3359E-03   1.7329E-06 / 1.7329E-06   1.94% / 1.94%
4250   5.000E-03   2.2780E-04   2.2780E-04   3.3161E-03 / 3.3161E-03   5.4886E-06 / 5.4886E-06   2.58% / 2.58%
4260   5.000E-03   2.1999E-04   2.1999E-04   3.3220E-03 / 3.3220E-03   2.4898E-06 / 2.4898E-06   2.58% / 2.58%
4270   5.000E-03   2.1808E-04   2.1808E-04   3.3132E-03 / 3.3132E-03   4.2199E-06 / 4.2199E-06   3.87% / 3.87%
4280   5.000E-03   2.1447E-04   2.1447E-04   3.3219E-03 / 3.3219E-03   1.5308E-06 / 1.5308E-06   1.94% / 1.94%
4290   5.000E-03   2.1211E-04   2.1211E-04   3.3195E-03 / 3.3195E-03   1.5635E-06 / 1.5635E-06   1.94% / 1.94%
4300   5.000E-03   2.1038E-04   2.1038E-04   3.3075E-03 / 3.3075E-03   3.1746E-06 / 3.1746E-06   2.58% / 2.58%
4310   5.000E-03   2.0868E-04   2.0868E-04   3.3153E-03 / 3.3153E-03   1.5305E-06 / 1.5305E-06   1.94% / 1.94%
4320   5.000E-03   2.0658E-04   2.0658E-04   3.3079E-03 / 3.3079E-03   2.0957E-06 / 2.0957E-06   1.29% / 1.29%
4330   5.000E-03   2.0655E-04   2.0655E-04   3.2962E-03 / 3.2962E-03   4.3810E-06 / 4.3810E-06   2.58% / 2.58%
4340   5.000E-03   2.0457E-04   2.0457E-04   3.3090E-03 / 3.3090E-03   1.4514E-06 / 1.4514E-06   1.94% / 1.94%
4350   5.000E-03   2.0339E-04   2.0339E-04   3.2981E-03 / 3.2981E-03   2.8334E-06 / 2.8334E-06   2.58% / 2.58%
4360   5.000E-03   2.0186E-04   2.0186E-04   3.2981E-03 / 3.2981E-03   2.3573E-06 / 2.3573E-06   1.29% / 1.29%
4370   5.000E-03   2.0127E-04   2.0127E-04   3.2992E-03 / 3.2992E-03   1.8546E-06 / 1.8546E-06   1.29% / 1.29%
4380   5.000E-03   1.9997E-04   1.9997E-04   3.2938E-03 / 3.2938E-03   2.3316E-06 / 2.3316E-06   1.94% / 1.94%
4390   5.000E-03   1.9917E-04   1.9917E-04   3.2941E-03 / 3.2941E-03   1.9453E-06 / 1.9453E-06   1.94% / 1.94%
4400   5.000E-03   1.9909E-04   1.9909E-04   3.2848E-03 / 3.2848E-03   3.2773E-06 / 3.2773E-06   1.94% / 1.94%
4410   5.000E-03   1.9712E-04   1.9712E-04   3.2837E-03 / 3.2837E-03   2.9293E-06 / 2.9293E-06   1.94% / 1.94%
4420   5.000E-03   1.9693E-04   1.9693E-04   3.2815E-03 / 3.2815E-03   2.9483E-06 / 2.9483E-06   1.94% / 1.94%
4430   5.000E-03   1.9573E-04   1.9573E-04   3.2805E-03 / 3.2805E-03   2.4975E-06 / 2.4975E-06   1.29% / 1.29%
4440   5.000E-03   1.9544E-04   1.9544E-04   3.2773E-03 / 3.2773E-03   2.8664E-06 / 2.8664E-06   1.94% / 1.94%
4450   5.000E-03   1.9471E-04   1.9471E-04   3.2696E-03 / 3.2696E-03   4.1181E-06 / 4.1181E-06   2.58% / 2.58%
4460   5.000E-03   1.9407E-04   1.9407E-04   3.2720E-03 / 3.2720E-03   2.8789E-06 / 2.8789E-06   1.29% / 1.29%
4470   5.000E-03   1.9350E-04   1.9350E-04   3.2816E-03 / 3.2816E-03   1.2154E-06 / 1.2154E-06   1.29% / 1.29%
4480   5.000E-03   1.9306E-04   1.9306E-04   3.2728E-03 / 3.2728E-03   2.1769E-06 / 2.1769E-06   1.94% / 1.94%
4490   5.000E-03   1.9667E-04   1.9667E-04   3.2601E-03 / 3.2601E-03   4.3044E-06 / 4.3044E-06   3.23% / 3.23%
4500   5.000E-03   1.9617E-04   1.9617E-04   3.2735E-03 / 3.2735E-03   1.3895E-06 / 1.3895E-06   1.29% / 1.29%
4510   5.000E-03   1.9021E-04   1.9021E-04   3.2625E-03 / 3.2625E-03   2.7916E-06 / 2.7916E-06   1.94% / 1.94%
4520   5.000E-03   1.8948E-04   1.8948E-04   3.2617E-03 / 3.2617E-03   2.5851E-06 / 2.5851E-06   2.58% / 2.58%
4530   5.000E-03   1.8957E-04   1.8957E-04   3.2684E-03 / 3.2684E-03   1.2725E-06 / 1.2725E-06   1.29% / 1.29%
4540   5.000E-03   1.9034E-04   1.9034E-04   3.2481E-03 / 3.2481E-03   4.9021E-06 / 4.9021E-06   3.23% / 3.23%
4550   5.000E-03   1.9151E-04   1.9151E-04   3.2651E-03 / 3.2651E-03   1.1553E-06 / 1.1553E-06   1.29% / 1.29%
4560   5.000E-03   1.8864E-04   1.8864E-04   3.2611E-03 / 3.2611E-03   1.4315E-06 / 1.4315E-06   1.94% / 1.94%
4570   5.000E-03   1.9059E-04   1.9059E-04   3.2390E-03 / 3.2390E-03   6.1152E-06 / 6.1152E-06   2.58% / 2.58%
4580   5.000E-03   1.8812E-04   1.8812E-04   3.2645E-03 / 3.2645E-03   6.2737E-07 / 6.2737E-07   1.29% / 1.29%
4590   5.000E-03   1.9150E-04   1.9150E-04   3.2733E-03 / 3.2733E-03   1.1443E-07 / 1.1443E-07   1.94% / 1.94%
4600   5.000E-03   1.8469E-04   1.8469E-04   3.2426E-03 / 3.2426E-03   2.9999E-06 / 2.9999E-06   2.58% / 2.58%
4610   5.000E-03   1.8431E-04   1.8431E-04   3.2385E-03 / 3.2385E-03   3.4335E-06 / 3.4335E-06   2.58% / 2.58%
4620   5.000E-03   1.8649E-04   1.8649E-04   3.2556E-03 / 3.2556E-03   6.7983E-07 / 6.7983E-07   1.29% / 1.29%
4630   5.000E-03   1.8693E-04   1.8693E-04   3.2414E-03 / 3.2414E-03   2.1145E-06 / 2.1145E-06   1.94% / 1.94%
4640   5.000E-03   1.9057E-04   1.9057E-04   3.2265E-03 / 3.2265E-03   5.4068E-06 / 5.4068E-06   3.23% / 3.23%
4650   5.000E-03   1.8276E-04   1.8276E-04   3.2283E-03 / 3.2283E-03   4.0639E-06 / 4.0639E-06   2.58% / 2.58%
4660   5.000E-03   1.8405E-04   1.8405E-04   3.2201E-03 / 3.2201E-03   6.2018E-06 / 6.2018E-06   3.23% / 3.23%
4670   5.000E-03   1.8115E-04   1.8115E-04   3.2266E-03 / 3.2266E-03   3.2779E-06 / 3.2779E-06   2.58% / 2.58%
4680   5.000E-03   1.8036E-04   1.8036E-04   3.2325E-03 / 3.2325E-03   1.7627E-06 / 1.7627E-06   2.58% / 2.58%
4690   5.000E-03   1.8024E-04   1.8024E-04   3.2273E-03 / 3.2273E-03   2.3714E-06 / 2.3714E-06   3.23% / 3.23%
4700   5.000E-03   1.8097E-04   1.8097E-04   3.2274E-03 / 3.2274E-03   1.8814E-06 / 1.8814E-06   2.58% / 2.58%
4710   5.000E-03   1.8517E-04   1.8517E-04   3.2203E-03 / 3.2203E-03   3.0658E-06 / 3.0658E-06   3.23% / 3.23%
4720   5.000E-03   1.8077E-04   1.8077E-04   3.2322E-03 / 3.2322E-03   9.2457E-07 / 9.2457E-07   2.58% / 2.58%
4730   5.000E-03   1.8290E-04   1.8290E-04   3.2338E-03 / 3.2338E-03   6.0153E-07 / 6.0153E-07   1.29% / 1.29%
4740   5.000E-03   1.7965E-04   1.7965E-04   3.2085E-03 / 3.2085E-03   4.8195E-06 / 4.8195E-06   2.58% / 2.58%
4750   5.000E-03   1.7879E-04   1.7879E-04   3.2143E-03 / 3.2143E-03   2.5845E-06 / 2.5845E-06   2.58% / 2.58%
4760   5.000E-03   1.7711E-04   1.7711E-04   3.2180E-03 / 3.2180E-03   1.5869E-06 / 1.5869E-06   2.58% / 2.58%
4770   5.000E-03   1.7966E-04   1.7966E-04   3.2283E-03 / 3.2283E-03   3.8995E-07 / 3.8995E-07   0.65% / 0.65%
4780   5.000E-03   1.8243E-04   1.8243E-04   3.2028E-03 / 3.2028E-03   4.3028E-06 / 4.3028E-06   2.58% / 2.58%
4790   5.000E-03   1.8412E-04   1.8412E-04   3.2200E-03 / 3.2200E-03   6.3469E-07 / 6.3469E-07   1.94% / 1.94%
4800   5.000E-03   1.7946E-04   1.7946E-04   3.2204E-03 / 3.2204E-03   4.3756E-07 / 4.3756E-07   1.94% / 1.94%
4810   5.000E-03   1.8368E-04   1.8368E-04   3.2172E-03 / 3.2172E-03   5.4302E-07 / 5.4302E-07   0.65% / 0.65%
4820   5.000E-03   1.7739E-04   1.7739E-04   3.2104E-03 / 3.2104E-03   1.1744E-06 / 1.1744E-06   3.87% / 3.87%
4830   5.000E-03   1.7749E-04   1.7749E-04   3.2055E-03 / 3.2055E-03   1.4018E-06 / 1.4018E-06   2.58% / 2.58%
4840   5.000E-03   1.8387E-04   1.8387E-04   3.2266E-03 / 3.2266E-03   1.7627E-09 / 1.7627E-09   0.65% / 0.65%
4850   5.000E-03   1.8407E-04   1.8407E-04   3.1895E-03 / 3.1895E-03   4.4663E-06 / 4.4663E-06   2.58% / 2.58%
4860   5.000E-03   1.7659E-04   1.7659E-04   3.2053E-03 / 3.2053E-03   7.6245E-07 / 7.6245E-07   2.58% / 2.58%
4870   5.000E-03   1.7292E-04   1.7292E-04   3.1905E-03 / 3.1905E-03   3.0505E-06 / 3.0505E-06   2.58% / 2.58%
4880   5.000E-03   1.7385E-04   1.7385E-04   3.1931E-03 / 3.1931E-03   1.9767E-06 / 1.9767E-06   2.58% / 2.58%
4890   5.000E-03   1.7513E-04   1.7513E-04   3.1834E-03 / 3.1834E-03   4.0479E-06 / 4.0479E-06   2.58% / 2.58%
4900   5.000E-03   1.7314E-04   1.7314E-04   3.1769E-03 / 3.1769E-03   5.7802E-06 / 5.7802E-06   2.58% / 2.58%
4910   5.000E-03   1.7650E-04   1.7650E-04   3.1894E-03 / 3.1894E-03   1.6623E-06 / 1.6623E-06   2.58% / 2.58%
4920   5.000E-03   2.1049E-04   2.1049E-04   3.1771E-03 / 3.1771E-03   4.9845E-06 / 4.9845E-06   1.94% / 1.94%
4930   5.000E-03   1.9028E-04   1.9028E-04   3.1872E-03 / 3.1872E-03   1.4362E-06 / 1.4362E-06   2.58% / 2.58%
4940   5.000E-03   2.1294E-04   2.1294E-04   3.2076E-03 / 3.2076E-03   7.5396E-09 / 7.5396E-09   0.65% / 0.65%
4950   5.000E-03   2.0367E-04   2.0367E-04   3.1744E-03 / 3.1744E-03   4.1995E-06 / 4.1995E-06   5.16% / 5.16%
4960   5.000E-03   2.0302E-04   2.0302E-04   3.1746E-03 / 3.1746E-03   3.6736E-06 / 3.6736E-06   3.23% / 3.23%
4970   5.000E-03   2.5881E-04   2.5881E-04   3.1789E-03 / 3.1789E-03   4.4480E-06 / 4.4480E-06   8.39% / 8.39%
4980   5.000E-03   1.8030E-04   1.8030E-04   3.1988E-03 / 3.1988E-03   2.4595E-09 / 2.4595E-09   0.65% / 0.65%
4990   5.000E-03   1.7328E-04   1.7328E-04   3.1730E-03 / 3.1730E-03   2.5612E-06 / 2.5612E-06   2.58% / 2.58%
5000   5.000E-03   2.0012E-04   2.0012E-04   3.1649E-03 / 3.1649E-03   5.2576E-06 / 5.2576E-06   5.16% / 5.16%
===============================================================================================================
Saved model to models/fp_memorization/TBNNiii-24Apr29_10:48:03.pickle
===================================
=======FLAT PLATE EVALUATION=======
===================================
=====> WARNING: Training dataset length: 0, assuming memorization test!
========== Dataset info ==========
Dataset params: {'file': '/home/ryley/WDK/ML/dataset/turbulence_dataset_clean.csv', 'Cases': ['fp_2540'], 'val_set': ['fp_2540'], 'test_set': ['fp_2540'], 'data_loader': <class 'tbnn.dataloaders.aDataset'>}
Train/Valid/Test points: 155 / 155 / 155
Memorization?: True
Cluster training?: False
Final model performance:
======= Training =======
aLoss:   1.6909E-04
mse_b:   3.1720E-03
realzLoss: 3.0155E-06
%unrealiz: 3.8710%
mse_a (khat):   3.1720E-03
======= Validation =======
aLoss:   1.6909E-04
mse_b:   3.1720E-03
realzLoss: 3.0155E-06
%unrealiz: 3.8710%
mse_a (khat):   3.1720E-03
======= Testing =======
aLoss:   1.0805E-03
mse_b:   3.0076E-03
realzLoss: 2.7919E-06
%unrealiz: 2.3810%
mse_a (khat):   3.0076E-03
