========== Dataset info ==========
Dataset params: {'file': '/home/nikki/kan/data/turbulence_dataset_clean.csv', 'Cases': ['fp_1000', 'fp_1410', 'fp_2000', 'fp_2540', 'fp_3030', 'fp_3270', 'fp_3630', 'fp_3970', 'fp_4060'], 'val_set': ['fp_3030', 'fp_1410', 'fp_4060'], 'test_set': ['fp_3630'], 'data_loader': <class 'tbnn.dataloaders.aDataset'>}
Train/Valid/Test points: 760 / 468 / 168
Memorization?: False
Cluster training?: False
EPOCH     LR        TRAIN         VALID             MSE:T/V                  RL:T/V             %NR_t/%NR_v
===============================================================================================================
  1   5.580E-03   1.4497E-01   1.4067E-01   1.4497E-01 / 1.4067E-01   
 10   5.580E-03   2.2842E-03   2.1399E-03   2.2799E-03 / 2.1370E-03   
 20   5.580E-03   1.5165E-03   1.4827E-03   1.5149E-03 / 1.4818E-03   
 30   5.580E-03   1.2190E-03   1.2113E-03   1.2185E-03 / 1.2110E-03   
 40   5.580E-03   1.0316E-03   1.0381E-03   1.0312E-03 / 1.0378E-03   
 50   5.580E-03   8.9588E-04   9.2118E-04   8.9560E-04 / 9.2097E-04   
 60   5.580E-03   7.8198E-04   8.2275E-04   7.8167E-04 / 8.2246E-04   
 70   5.580E-03   7.1205E-04   7.6577E-04   7.1168E-04 / 7.6539E-04   
 80   5.580E-03   6.4063E-04   7.0780E-04   6.4031E-04 / 7.0749E-04   
 90   5.580E-03   5.8693E-04   6.6575E-04   5.8670E-04 / 6.6553E-04   
100   5.580E-03   5.4796E-04   6.3775E-04   5.4776E-04 / 6.3756E-04   
110   5.580E-03   5.0541E-04   6.0312E-04   5.0518E-04 / 6.0291E-04   
120   5.580E-03   4.7414E-04   5.8346E-04   4.7405E-04 / 5.8339E-04   
130   5.580E-03   4.5441E-04   5.8673E-04   4.5429E-04 / 5.8663E-04   
140   5.580E-03   4.0942E-04   5.4365E-04   4.0937E-04 / 5.4363E-04   
150   5.580E-03   3.8987E-04   5.3649E-04   3.8978E-04 / 5.3647E-04   
160   5.580E-03   3.6465E-04   5.3005E-04   3.6459E-04 / 5.3003E-04   
170   5.580E-03   3.4823E-04   5.1723E-04   3.4820E-04 / 5.1723E-04   
180   5.580E-03   3.3830E-04   4.3029E-04   3.3823E-04 / 4.3026E-04   
190   5.580E-03   3.3448E-04   4.4712E-04   3.3445E-04 / 4.4711E-04   
200   5.580E-03   3.1548E-04   4.4501E-04   3.1542E-04 / 4.4498E-04   
210   5.580E-03   2.9262E-04   4.2441E-04   2.9255E-04 / 4.2437E-04   
220   5.580E-03   2.9924E-04   3.6860E-04   2.9920E-04 / 3.6858E-04   
230   5.580E-03   2.6013E-04   3.5105E-04   2.6009E-04 / 3.5103E-04   
240   5.580E-03   2.5027E-04   3.4356E-04   2.5023E-04 / 3.4356E-04   
250   5.580E-03   2.4488E-04   3.6533E-04   2.4485E-04 / 3.6533E-04   
260   5.580E-03   2.9777E-04   3.9119E-04   2.9760E-04 / 3.9107E-04   
270   5.580E-03   3.3266E-04   3.7070E-04   3.3199E-04 / 3.7016E-04   
280   5.580E-03   2.2567E-04   3.0766E-04   2.2559E-04 / 3.0760E-04   
290   5.580E-03   2.3307E-04   3.3330E-04   2.3295E-04 / 3.3330E-04   
300   5.580E-03   2.0829E-04   3.0405E-04   2.0774E-04 / 3.0339E-04   
310   5.580E-03   1.9590E-04   2.8113E-04   1.9529E-04 / 2.8040E-04   
320   5.580E-03   1.9248E-04   2.8497E-04   1.9216E-04 / 2.8462E-04   
330   5.580E-03   2.3787E-04   3.0188E-04   2.3785E-04 / 3.0186E-04   
340   5.580E-03   1.9163E-04   2.7324E-04   1.9161E-04 / 2.7323E-04   
350   5.580E-03   1.7294E-04   2.4404E-04   1.7277E-04 / 2.4395E-04   
360   5.580E-03   1.7551E-04   2.4632E-04   1.7534E-04 / 2.4619E-04   
370   5.580E-03   1.7085E-04   2.4674E-04   1.7079E-04 / 2.4671E-04   
380   5.580E-03   1.7404E-04   2.6186E-04   1.7403E-04 / 2.6185E-04   
390   5.580E-03   1.5768E-04   2.5766E-04   1.5766E-04 / 2.5766E-04   
400   5.580E-03   1.5591E-04   2.4769E-04   1.5575E-04 / 2.4750E-04   
410   5.580E-03   1.6943E-04   2.6595E-04   1.6855E-04 / 2.6502E-04   
420   5.580E-03   1.4617E-04   2.1165E-04   1.4615E-04 / 2.1165E-04   
430   5.580E-03   1.3669E-04   2.1026E-04   1.3656E-04 / 2.1011E-04   
440   5.580E-03   1.6322E-04   2.4313E-04   1.6321E-04 / 2.4313E-04   
450   5.580E-03   1.3884E-04   2.2706E-04   1.3877E-04 / 2.2706E-04   
460   5.580E-03   1.2826E-04   2.1679E-04   1.2823E-04 / 2.1676E-04   
470   5.580E-03   1.4978E-04   2.2914E-04   1.4973E-04 / 2.2914E-04   
480   5.580E-03   1.2771E-04   1.8927E-04   1.2742E-04 / 1.8912E-04   
490   5.580E-03   1.1766E-04   2.0219E-04   1.1765E-04 / 2.0219E-04   
500   5.580E-03   1.1147E-04   1.9992E-04   1.1089E-04 / 1.9937E-04   
510   5.580E-03   1.1821E-04   2.0970E-04   1.1820E-04 / 2.0970E-04   
520   5.580E-03   1.1166E-04   1.8215E-04   1.1147E-04 / 1.8200E-04   
530   5.580E-03   1.0936E-04   1.8798E-04   1.0933E-04 / 1.8794E-04   
540   5.580E-03   1.0823E-04   1.7922E-04   1.0804E-04 / 1.7901E-04   
550   5.580E-03   1.0122E-04   1.9269E-04   1.0099E-04 / 1.9241E-04   
560   5.580E-03   1.0433E-04   1.8683E-04   1.0433E-04 / 1.8683E-04   
570   5.580E-03   1.1470E-04   1.9815E-04   1.1400E-04 / 1.9740E-04   
580   5.580E-03   9.5847E-05   1.8006E-04   9.5825E-05 / 1.8006E-04   
590   5.580E-03   9.4735E-05   1.7739E-04   9.4664E-05 / 1.7732E-04   
600   5.580E-03   8.8192E-05   1.8009E-04   8.7968E-05 / 1.7989E-04   
610   5.580E-03   1.0022E-04   1.7649E-04   9.9759E-05 / 1.7609E-04   
620   5.580E-03   1.0095E-04   1.7064E-04   9.9494E-05 / 1.6922E-04   
630   5.580E-03   8.5000E-05   1.6735E-04   8.4641E-05 / 1.6705E-04   
640   5.580E-03   8.1148E-05   1.5908E-04   8.0362E-05 / 1.5835E-04   
650   5.580E-03   8.8514E-05   1.8078E-04   8.8471E-05 / 1.8075E-04   
660   5.580E-03   8.1036E-05   1.6242E-04   8.0635E-05 / 1.6209E-04   
670   5.580E-03   8.0255E-05   1.5752E-04   7.9581E-05 / 1.5691E-04   
680   5.580E-03   8.7442E-05   1.7860E-04   8.7419E-05 / 1.7860E-04   
690   5.580E-03   8.3383E-05   1.6176E-04   8.1252E-05 / 1.5963E-04   
700   5.580E-03   8.1236E-05   1.5601E-04   8.0542E-05 / 1.5536E-04   
710   5.580E-03   7.7858E-05   1.5602E-04   7.7672E-05 / 1.5586E-04   
720   5.580E-03   7.5158E-05   1.6021E-04   7.3685E-05 / 1.5873E-04   
730   5.580E-03   7.8041E-05   1.6424E-04   7.7268E-05 / 1.6350E-04   
740   5.580E-03   8.5140E-05   1.7746E-04   8.5045E-05 / 1.7735E-04   
750   5.580E-03   7.8650E-05   1.5396E-04   7.7037E-05 / 1.5235E-04   
760   5.580E-03   8.7089E-05   1.5114E-04   8.6965E-05 / 1.5102E-04   
770   5.580E-03   8.8808E-05   1.4296E-04   8.6926E-05 / 1.4109E-04   
780   5.580E-03   7.1118E-05   1.3843E-04   7.1057E-05 / 1.3835E-04   
790   5.580E-03   6.7833E-05   1.4406E-04   6.7312E-05 / 1.4352E-04   
800   5.580E-03   8.0132E-05   1.4833E-04   7.9220E-05 / 1.4743E-04   
810   5.580E-03   7.1704E-05   1.4812E-04   7.1283E-05 / 1.4764E-04   
820   5.580E-03   6.8357E-05   1.5127E-04   6.7418E-05 / 1.5029E-04   
830   5.580E-03   7.6289E-05   1.5160E-04   7.2278E-05 / 1.4768E-04   
840   5.580E-03   7.5172E-05   1.4876E-04   7.5140E-05 / 1.4876E-04   
850   5.580E-03   7.3929E-05   1.5287E-04   7.3929E-05 / 1.5287E-04   
860   5.580E-03   6.7901E-05   1.4252E-04   6.7770E-05 / 1.4235E-04   
870   5.580E-03   7.1281E-05   1.5809E-04   7.0857E-05 / 1.5763E-04   
880   5.580E-03   6.8307E-05   1.5110E-04   6.8138E-05 / 1.5090E-04   
890   5.580E-03   1.0758E-04   1.9560E-04   1.0755E-04 / 1.9560E-04   
900   5.580E-03   6.4374E-05   1.4646E-04   6.4372E-05 / 1.4646E-04   
910   5.580E-03   6.1357E-05   1.4391E-04   6.0054E-05 / 1.4259E-04   
920   5.580E-03   6.6504E-05   1.4144E-04   6.5997E-05 / 1.4093E-04   
930   5.580E-03   7.4472E-05   1.4884E-04   7.2878E-05 / 1.4723E-04   
940   5.580E-03   8.9343E-05   1.8383E-04   8.8277E-05 / 1.8280E-04   
950   5.580E-03   6.0801E-05   1.3444E-04   6.0209E-05 / 1.3384E-04   
960   5.580E-03   6.4154E-05   1.4515E-04   6.4111E-05 / 1.4511E-04   
970   5.580E-03   6.3000E-05   1.4115E-04   6.2978E-05 / 1.4113E-04   
980   5.580E-03   5.7555E-05   1.3500E-04   5.5511E-05 / 1.3294E-04   
990   5.580E-03   5.9408E-05   1.3995E-04   5.8965E-05 / 1.3948E-04   
1000   5.580E-03   6.3681E-05   1.4964E-04   6.3366E-05 / 1.4936E-04   
1010   5.580E-03   7.3141E-05   1.4979E-04   7.3092E-05 / 1.4976E-04   
1020   5.580E-03   6.5133E-05   1.5214E-04   6.3394E-05 / 1.5039E-04   
1030   5.580E-03   5.1727E-05   1.2587E-04   5.0828E-05 / 1.2498E-04   
1040   5.580E-03   1.7371E-04   2.3766E-04   1.7252E-04 / 2.3649E-04   
1050   5.580E-03   6.4709E-05   1.3637E-04   6.2338E-05 / 1.3402E-04   
1060   5.580E-03   5.3895E-05   1.2463E-04   5.3895E-05 / 1.2463E-04   
1070   5.580E-03   4.8201E-05   1.2702E-04   4.8128E-05 / 1.2698E-04   
1080   5.580E-03   5.1133E-05   1.2994E-04   5.1119E-05 / 1.2994E-04   
1090   5.580E-03   5.1978E-05   1.3458E-04   5.1953E-05 / 1.3458E-04   
1100   5.580E-03   5.0476E-05   1.3834E-04   5.0071E-05 / 1.3794E-04   
1110   5.580E-03   5.1804E-05   1.2622E-04   5.1781E-05 / 1.2621E-04   
1120   5.580E-03   4.9312E-05   1.3078E-04   4.9311E-05 / 1.3078E-04   
1130   5.580E-03   6.0564E-05   1.5037E-04   6.0314E-05 / 1.5013E-04   
1140   5.580E-03   6.4438E-05   1.4216E-04   6.3115E-05 / 1.4094E-04   
1150   5.580E-03   6.4553E-05   1.5205E-04   6.4550E-05 / 1.5205E-04   
1160   5.580E-03   4.5845E-05   1.1696E-04   4.5845E-05 / 1.1696E-04   
1170   5.580E-03   4.9301E-05   1.2374E-04   4.6130E-05 / 1.2071E-04   
1180   5.580E-03   4.8057E-05   1.1798E-04   4.7899E-05 / 1.1785E-04   
1190   5.580E-03   5.5101E-05   1.3108E-04   5.2629E-05 / 1.2869E-04   
1200   5.580E-03   4.6798E-05   1.1945E-04   4.6793E-05 / 1.1945E-04   
1210   5.580E-03   4.7478E-05   1.1672E-04   4.6923E-05 / 1.1623E-04   
1220   5.580E-03   4.0959E-05   1.1601E-04   4.0715E-05 / 1.1580E-04   
1230   5.580E-03   4.7206E-05   1.2230E-04   4.7203E-05 / 1.2230E-04   
1240   5.580E-03   4.9942E-05   1.1623E-04   4.9794E-05 / 1.1612E-04   
1250   5.580E-03   4.0965E-05   1.0710E-04   4.0832E-05 / 1.0700E-04   
1260   5.580E-03   4.6521E-05   1.1999E-04   4.6509E-05 / 1.1999E-04   
1270   5.580E-03   4.1807E-05   1.1827E-04   4.1684E-05 / 1.1819E-04   
1280   5.580E-03   3.9560E-05   1.1325E-04   3.9470E-05 / 1.1321E-04   
1290   5.580E-03   4.0854E-05   1.0480E-04   3.9751E-05 / 1.0370E-04   
1300   5.580E-03   4.0529E-05   1.1406E-04   4.0483E-05 / 1.1404E-04   
1310   5.580E-03   4.4636E-05   1.1895E-04   4.4296E-05 / 1.1865E-04   
1320   5.580E-03   5.3512E-05   1.1100E-04   5.3512E-05 / 1.1100E-04   
1330   5.580E-03   4.8213E-05   9.9227E-05   4.8205E-05 / 9.9227E-05   
1340   5.580E-03   3.6417E-05   9.9168E-05   3.4965E-05 / 9.7753E-05   
1350   5.580E-03   3.4125E-05   9.7555E-05   3.3650E-05 / 9.7113E-05   
1360   5.580E-03   3.7173E-05   9.9140E-05   3.7121E-05 / 9.9090E-05   
1370   5.580E-03   3.7164E-05   1.0594E-04   3.6252E-05 / 1.0506E-04   
1380   5.580E-03   3.5269E-05   1.0341E-04   3.5268E-05 / 1.0341E-04   
1390   5.580E-03   3.5964E-05   9.6087E-05   3.5944E-05 / 9.6054E-05   
1400   5.580E-03   3.8407E-05   9.9222E-05   3.8354E-05 / 9.9155E-05   
1410   5.580E-03   4.2792E-05   1.0036E-04   4.2791E-05 / 1.0035E-04   
1420   5.580E-03   3.7170E-05   9.2577E-05   3.5319E-05 / 9.0853E-05   
1430   5.580E-03   3.3401E-05   9.4156E-05   3.3068E-05 / 9.3820E-05   
1440   5.580E-03   4.2683E-05   8.9866E-05   4.2678E-05 / 8.9856E-05   
1450   5.580E-03   4.2552E-05   9.9509E-05   4.2377E-05 / 9.9300E-05   
1460   5.580E-03   3.3124E-05   8.5135E-05   3.2939E-05 / 8.4921E-05   
1470   5.580E-03   4.1735E-05   9.0007E-05   4.1734E-05 / 9.0007E-05   
1480   5.580E-03   3.7450E-05   9.1047E-05   3.7450E-05 / 9.1047E-05   
1490   5.580E-03   5.7629E-05   1.1989E-04   4.9712E-05 / 1.1235E-04   
1500   5.580E-03   3.8273E-05   8.7360E-05   3.8149E-05 / 8.7223E-05   
1510   5.580E-03   3.7950E-05   8.7195E-05   3.7931E-05 / 8.7195E-05   
1520   5.580E-03   3.4201E-05   8.1220E-05   3.4200E-05 / 8.1220E-05   
1530   5.580E-03   3.2225E-05   8.3979E-05   3.2191E-05 / 8.3934E-05   
1540   5.580E-03   3.0338E-05   8.1230E-05   3.0296E-05 / 8.1204E-05   
1550   5.580E-03   5.9275E-05   1.0725E-04   5.8891E-05 / 1.0690E-04   
1560   5.580E-03   3.8654E-05   8.8364E-05   3.8654E-05 / 8.8364E-05   
1570   5.580E-03   3.0556E-05   7.8656E-05   3.0525E-05 / 7.8644E-05   
1580   5.580E-03   3.1247E-05   7.7153E-05   3.1247E-05 / 7.7153E-05   
1590   5.580E-03   2.8828E-05   7.2118E-05   2.8751E-05 / 7.2077E-05   
1600   5.580E-03   3.1387E-05   7.7171E-05   2.9877E-05 / 7.5763E-05   
1610   5.580E-03   3.0204E-05   7.8100E-05   2.9184E-05 / 7.7151E-05   
1620   5.580E-03   2.9724E-05   7.5992E-05   2.9444E-05 / 7.5773E-05   
1630   5.580E-03   3.2001E-05   7.8115E-05   2.9374E-05 / 7.5655E-05   
1640   5.580E-03   3.0174E-05   7.6264E-05   3.0160E-05 / 7.6263E-05   
1650   5.580E-03   3.0873E-05   7.8928E-05   3.0843E-05 / 7.8928E-05   
1660   5.580E-03   2.9611E-05   8.0144E-05   2.9093E-05 / 7.9699E-05   
1670   5.580E-03   3.2018E-05   7.8938E-05   3.1945E-05 / 7.8923E-05   
1680   5.580E-03   3.5301E-05   7.7798E-05   3.4336E-05 / 7.6914E-05   
1690   5.580E-03   3.0961E-05   7.6867E-05   3.0599E-05 / 7.6618E-05   
1700   5.580E-03   3.9749E-05   8.8916E-05   3.9703E-05 / 8.8916E-05   
1710   5.580E-03   3.1905E-05   6.6983E-05   3.1880E-05 / 6.6983E-05   
1720   5.580E-03   2.9828E-05   7.8413E-05   2.9007E-05 / 7.7688E-05   
1730   5.580E-03   3.4780E-05   7.8422E-05   3.4780E-05 / 7.8422E-05   
1740   5.580E-03   3.0771E-05   7.4401E-05   3.0700E-05 / 7.4389E-05   
1750   5.580E-03   4.2409E-05   9.0867E-05   4.2402E-05 / 9.0866E-05   
1760   5.580E-03   2.9837E-05   7.6679E-05   2.8821E-05 / 7.5785E-05   
1770   5.580E-03   2.7070E-05   7.1633E-05   2.7017E-05 / 7.1608E-05   
1780   5.580E-03   2.7651E-05   7.1249E-05   2.7109E-05 / 7.0836E-05   
1790   5.580E-03   3.2524E-05   7.8952E-05   3.1060E-05 / 7.7629E-05   
1800   5.580E-03   2.6953E-05   7.4012E-05   2.6548E-05 / 7.3738E-05   
1810   5.580E-03   3.3555E-05   7.3979E-05   3.3498E-05 / 7.3966E-05   
1820   5.580E-03   2.5588E-05   7.0360E-05   2.5502E-05 / 7.0335E-05   
1830   5.580E-03   3.6416E-05   7.4572E-05   3.2932E-05 / 7.1271E-05   
1840   5.580E-03   2.6487E-05   6.7721E-05   2.6055E-05 / 6.7419E-05   
1850   5.580E-03   2.5381E-05   7.3508E-05   2.4362E-05 / 7.2644E-05   
1860   5.580E-03   2.7393E-05   7.7483E-05   2.7142E-05 / 7.7319E-05   
1870   5.580E-03   6.4901E-05   1.2326E-04   6.4901E-05 / 1.2326E-04   
1880   5.580E-03   2.5362E-05   7.0446E-05   2.5337E-05 / 7.0443E-05   
1890   5.580E-03   2.3886E-05   6.2430E-05   2.3373E-05 / 6.2051E-05   
1900   5.580E-03   2.3470E-05   6.7755E-05   2.3169E-05 / 6.7561E-05   
1910   5.580E-03   2.4611E-05   6.7596E-05   2.3136E-05 / 6.6347E-05   
1920   5.580E-03   2.5919E-05   6.9987E-05   2.3723E-05 / 6.8067E-05   
1930   5.580E-03   2.8614E-05   7.4138E-05   2.6468E-05 / 7.2286E-05   
1940   5.580E-03   3.5595E-05   7.5850E-05   3.5507E-05 / 7.5803E-05   
1950   5.580E-03   2.3098E-05   6.8068E-05   2.2820E-05 / 6.7886E-05   
1960   5.580E-03   2.5950E-05   7.4123E-05   2.3672E-05 / 7.2134E-05   
1970   5.580E-03   2.6749E-05   7.4102E-05   2.6676E-05 / 7.4060E-05   
1980   5.580E-03   4.4346E-05   8.7703E-05   4.4277E-05 / 8.7665E-05   
1990   5.580E-03   3.1368E-05   7.2822E-05   3.1310E-05 / 7.2794E-05   
2000   5.580E-03   2.2557E-05   6.8723E-05   2.2426E-05 / 6.8646E-05   
2010   5.580E-03   5.1486E-05   8.0303E-05   5.0230E-05 / 7.9278E-05   
2020   5.580E-03   2.2179E-05   7.1280E-05   2.2053E-05 / 7.1206E-05   
2030   5.580E-03   2.2514E-05   7.1268E-05   2.2071E-05 / 7.0970E-05   
2040   5.580E-03   2.4151E-05   6.4024E-05   2.3654E-05 / 6.3674E-05   
2050   5.580E-03   2.4192E-05   6.9835E-05   2.3730E-05 / 6.9517E-05   
2060   5.580E-03   2.4035E-05   6.5857E-05   2.4030E-05 / 6.5857E-05   
2070   5.580E-03   2.2935E-05   6.9044E-05   2.2243E-05 / 6.8553E-05   
2080   5.580E-03   2.4209E-05   7.1592E-05   2.3437E-05 / 7.1049E-05   
2090   5.580E-03   2.4820E-05   6.5441E-05   2.4310E-05 / 6.5092E-05   
2100   5.580E-03   2.2478E-05   6.4965E-05   2.2405E-05 / 6.4931E-05   
2110   5.580E-03   2.2131E-05   7.0281E-05   2.1827E-05 / 7.0094E-05   
2120   5.580E-03   2.4896E-05   7.6367E-05   2.4286E-05 / 7.5959E-05   
2130   5.580E-03   2.7353E-05   7.5717E-05   2.7353E-05 / 7.5717E-05   
2140   5.580E-03   2.4259E-05   6.7624E-05   2.3293E-05 / 6.6941E-05   
2150   5.580E-03   1.4277E-04   1.9780E-04   1.4083E-04 / 1.9629E-04   
2160   5.580E-03   2.3726E-05   6.7317E-05   2.3131E-05 / 6.6926E-05   
2170   5.580E-03   2.0116E-05   6.6452E-05   2.0012E-05 / 6.6405E-05   
2180   5.580E-03   2.0589E-05   7.3059E-05   2.0490E-05 / 7.3018E-05   
2190   5.580E-03   2.0332E-05   7.3435E-05   2.0196E-05 / 7.3371E-05   
2200   5.580E-03   2.2751E-05   7.3225E-05   2.2751E-05 / 7.3225E-05   
2210   5.580E-03   2.1118E-05   6.8324E-05   2.0772E-05 / 6.8131E-05   
2220   5.580E-03   2.4911E-05   7.8482E-05   2.3803E-05 / 7.7701E-05   
2230   5.580E-03   2.1385E-05   7.6091E-05   2.1258E-05 / 7.6039E-05   
2240   5.580E-03   3.3519E-05   7.7568E-05   3.3362E-05 / 7.7501E-05   
2250   5.580E-03   3.1198E-05   9.0841E-05   2.8358E-05 / 8.8537E-05   
BEST MODEL
===============================================================================================================
1989   5.580E-03   2.5173E-05   6.1748E-05   2.5026E-05 / 6.1659E-05   
===============================================================================================================
Saved model to /home/nikki/kan/kanTBNN/models/multi_run/kan_experiment_59_opt/kanTBNN-24Nov06_09:20:10.pickle
