========== Dataset info ==========
Dataset params: {'file': '/home/nikki/kan/data/turbulence_dataset_clean.csv', 'Cases': ['fp_1000', 'fp_1410', 'fp_2000', 'fp_2540', 'fp_3030', 'fp_3270', 'fp_3630', 'fp_3970', 'fp_4060'], 'val_set': ['fp_3030', 'fp_1410', 'fp_4060'], 'test_set': ['fp_3630'], 'data_loader': <class 'tbnn.dataloaders.aDataset'>}
Train/Valid/Test points: 760 / 468 / 168
Memorization?: False
Cluster training?: False
EPOCH     LR        TRAIN         VALID             MSE:T/V                  RL:T/V             %NR_t/%NR_v
===============================================================================================================
  1   4.977E-03   1.4729E-01   1.4364E-01   1.4729E-01 / 1.4364E-01   
 10   4.977E-03   5.5020E-03   5.1754E-03   5.5020E-03 / 5.1754E-03   
 20   4.977E-03   3.0001E-03   2.8919E-03   3.0001E-03 / 2.8919E-03   
 30   4.977E-03   2.1134E-03   2.0447E-03   2.1130E-03 / 2.0442E-03   
 40   4.977E-03   1.6117E-03   1.5664E-03   1.6109E-03 / 1.5655E-03   
 50   4.977E-03   1.2710E-03   1.2418E-03   1.2706E-03 / 1.2411E-03   
 60   4.977E-03   1.0443E-03   1.0253E-03   1.0438E-03 / 1.0246E-03   
 70   4.977E-03   8.6896E-04   8.4935E-04   8.6857E-04 / 8.4847E-04   
 80   4.977E-03   7.6680E-04   7.5645E-04   7.6612E-04 / 7.5497E-04   
 90   4.977E-03   6.9489E-04   6.8281E-04   6.9378E-04 / 6.8183E-04   
100   4.977E-03   6.3412E-04   6.2523E-04   6.3307E-04 / 6.2409E-04   
110   4.977E-03   5.8353E-04   5.8199E-04   5.8272E-04 / 5.8113E-04   
120   4.977E-03   5.3769E-04   5.3453E-04   5.3700E-04 / 5.3256E-04   
130   4.977E-03   5.0177E-04   5.0203E-04   5.0109E-04 / 4.9895E-04   
140   4.977E-03   4.7258E-04   4.7076E-04   4.7177E-04 / 4.6699E-04   
150   4.977E-03   4.3581E-04   4.4032E-04   4.3550E-04 / 4.3650E-04   
160   4.977E-03   4.1515E-04   4.2706E-04   4.1496E-04 / 4.2216E-04   
170   4.977E-03   3.9880E-04   4.0515E-04   3.9870E-04 / 4.0511E-04   
180   4.977E-03   3.6670E-04   3.7826E-04   3.6665E-04 / 3.7414E-04   
190   4.977E-03   3.5022E-04   3.5733E-04   3.5020E-04 / 3.5490E-04   
200   4.977E-03   3.6184E-04   3.7845E-04   3.6182E-04 / 3.7277E-04   
210   4.977E-03   3.1544E-04   3.2738E-04   3.1530E-04 / 3.2337E-04   
220   4.977E-03   3.0445E-04   3.1416E-04   3.0435E-04 / 3.1270E-04   
230   4.977E-03   2.9511E-04   3.1504E-04   2.9500E-04 / 3.0829E-04   
240   4.977E-03   2.9730E-04   2.9817E-04   2.9723E-04 / 2.9649E-04   
250   4.977E-03   2.6863E-04   2.7864E-04   2.6850E-04 / 2.7663E-04   
260   4.977E-03   2.5159E-04   2.6416E-04   2.5148E-04 / 2.5927E-04   
270   4.977E-03   2.5566E-04   2.6243E-04   2.5512E-04 / 2.5724E-04   
280   4.977E-03   2.8030E-04   3.0225E-04   2.7834E-04 / 2.9469E-04   
290   4.977E-03   2.3124E-04   2.4553E-04   2.3124E-04 / 2.4118E-04   
300   4.977E-03   2.2692E-04   2.3325E-04   2.2686E-04 / 2.3153E-04   
310   4.977E-03   2.1325E-04   2.2699E-04   2.1313E-04 / 2.2490E-04   
320   4.977E-03   2.3413E-04   2.6246E-04   2.3246E-04 / 2.5539E-04   
330   4.977E-03   2.6046E-04   2.7126E-04   2.5860E-04 / 2.6655E-04   
340   4.977E-03   2.0643E-04   2.2398E-04   2.0641E-04 / 2.1856E-04   
350   4.977E-03   1.9026E-04   2.0689E-04   1.9024E-04 / 2.0283E-04   
360   4.977E-03   1.7903E-04   1.8989E-04   1.7903E-04 / 1.8702E-04   
370   4.977E-03   1.8934E-04   2.1067E-04   1.8926E-04 / 2.0640E-04   
380   4.977E-03   1.7054E-04   1.8640E-04   1.7049E-04 / 1.8088E-04   
390   4.977E-03   1.7146E-04   1.8550E-04   1.7119E-04 / 1.8159E-04   
400   4.977E-03   1.6381E-04   1.8540E-04   1.6312E-04 / 1.7552E-04   
410   4.977E-03   1.5988E-04   1.7563E-04   1.5977E-04 / 1.7008E-04   
420   4.977E-03   1.4750E-04   1.6620E-04   1.4737E-04 / 1.6253E-04   
430   4.977E-03   1.5862E-04   1.8209E-04   1.5851E-04 / 1.7741E-04   
440   4.977E-03   1.3951E-04   1.6041E-04   1.3946E-04 / 1.5391E-04   
450   4.977E-03   1.4157E-04   1.6484E-04   1.4157E-04 / 1.6002E-04   
460   4.977E-03   2.0899E-04   2.1296E-04   2.0799E-04 / 2.0895E-04   
470   4.977E-03   1.2780E-04   1.4941E-04   1.2753E-04 / 1.4249E-04   
480   4.977E-03   1.2250E-04   1.4257E-04   1.2245E-04 / 1.3739E-04   
490   4.977E-03   1.1872E-04   1.3834E-04   1.1848E-04 / 1.3307E-04   
500   4.977E-03   1.1694E-04   1.3571E-04   1.1687E-04 / 1.3183E-04   
510   4.977E-03   1.2640E-04   1.5359E-04   1.2630E-04 / 1.4356E-04   
520   4.977E-03   1.5994E-04   1.8961E-04   1.5405E-04 / 1.7220E-04   
530   4.977E-03   1.1242E-04   1.2520E-04   1.1239E-04 / 1.2516E-04   
540   4.977E-03   1.0886E-04   1.3233E-04   1.0879E-04 / 1.2797E-04   
550   4.977E-03   1.0288E-04   1.2862E-04   1.0277E-04 / 1.2306E-04   
560   4.977E-03   1.1745E-04   1.4249E-04   1.1740E-04 / 1.3706E-04   
570   4.977E-03   1.0342E-04   1.2637E-04   1.0316E-04 / 1.2007E-04   
580   4.977E-03   1.0550E-04   1.2863E-04   1.0546E-04 / 1.2568E-04   
590   4.977E-03   1.4189E-04   1.9031E-04   1.3789E-04 / 1.6070E-04   
600   4.977E-03   9.2298E-05   1.1935E-04   9.2242E-05 / 1.1007E-04   
610   4.977E-03   8.8323E-05   1.1727E-04   8.7795E-05 / 1.1007E-04   
620   4.977E-03   8.2369E-05   1.1216E-04   8.1904E-05 / 1.0256E-04   
630   4.977E-03   1.3913E-04   1.5498E-04   1.3845E-04 / 1.5331E-04   
640   4.977E-03   8.6174E-05   1.1365E-04   8.5944E-05 / 1.0739E-04   
650   4.977E-03   7.9177E-05   1.0542E-04   7.9091E-05 / 9.9744E-05   
660   4.977E-03   7.5496E-05   1.0186E-04   7.5490E-05 / 9.4926E-05   
670   4.977E-03   7.8652E-05   1.0557E-04   7.8346E-05 / 9.7066E-05   
680   4.977E-03   7.1796E-05   9.8049E-05   7.1654E-05 / 9.1571E-05   
690   4.977E-03   7.4938E-05   9.3813E-05   7.4916E-05 / 8.9297E-05   
700   4.977E-03   7.8623E-05   1.0043E-04   7.8566E-05 / 9.7978E-05   
710   4.977E-03   7.9333E-05   9.7605E-05   7.9309E-05 / 9.5808E-05   
720   4.977E-03   6.7445E-05   9.5787E-05   6.7355E-05 / 9.0591E-05   
730   4.977E-03   6.2026E-05   9.5579E-05   6.1980E-05 / 8.4845E-05   
740   4.977E-03   6.5631E-05   8.8378E-05   6.5631E-05 / 8.2685E-05   
750   4.977E-03   6.9127E-05   9.6292E-05   6.9101E-05 / 8.9501E-05   
760   4.977E-03   7.0603E-05   9.2415E-05   7.0386E-05 / 9.0356E-05   
770   4.977E-03   7.3922E-05   8.9059E-05   7.3803E-05 / 8.5771E-05   
780   4.977E-03   5.6585E-05   8.1900E-05   5.6344E-05 / 7.4997E-05   
790   4.977E-03   5.5089E-05   8.0177E-05   5.4695E-05 / 7.5050E-05   
800   4.977E-03   5.2612E-05   7.7469E-05   5.2447E-05 / 7.2575E-05   
810   4.977E-03   6.1081E-05   1.0696E-04   6.0597E-05 / 8.9923E-05   
820   4.977E-03   6.9917E-05   9.1914E-05   6.9539E-05 / 8.7359E-05   
830   4.977E-03   5.0142E-05   8.2759E-05   5.0066E-05 / 7.5286E-05   
840   4.977E-03   4.5744E-05   7.7660E-05   4.5685E-05 / 7.1124E-05   
850   4.977E-03   5.2067E-05   7.9529E-05   5.2067E-05 / 7.3498E-05   
860   4.977E-03   7.4029E-05   1.0399E-04   7.4006E-05 / 9.6937E-05   
870   4.977E-03   6.6085E-05   9.0697E-05   6.6061E-05 / 8.4884E-05   
880   4.977E-03   4.2425E-05   6.7068E-05   4.2389E-05 / 6.2442E-05   
890   4.977E-03   4.2314E-05   6.7899E-05   4.2295E-05 / 6.2750E-05   
900   4.977E-03   5.7632E-05   8.4450E-05   5.7632E-05 / 7.7826E-05   
910   4.977E-03   4.9380E-05   6.6677E-05   4.9078E-05 / 6.5200E-05   
920   4.977E-03   3.9787E-05   5.8224E-05   3.9734E-05 / 5.7536E-05   
930   4.977E-03   3.9526E-05   6.1013E-05   3.9389E-05 / 5.9484E-05   
940   4.977E-03   3.7781E-05   6.0464E-05   3.7650E-05 / 5.9153E-05   
950   4.977E-03   4.5093E-05   6.2216E-05   4.3676E-05 / 6.0296E-05   
960   4.977E-03   4.2095E-05   6.5948E-05   4.1990E-05 / 6.3772E-05   
970   4.977E-03   4.5175E-05   6.9920E-05   4.5173E-05 / 6.8363E-05   
980   4.977E-03   3.6457E-05   5.5587E-05   3.6046E-05 / 5.3105E-05   
990   4.977E-03   4.1656E-05   5.9471E-05   4.1625E-05 / 5.7892E-05   
1000   4.977E-03   3.6325E-05   5.7169E-05   3.6321E-05 / 5.5235E-05   
1010   4.977E-03   3.6684E-05   5.8322E-05   3.6644E-05 / 5.6486E-05   
1020   4.977E-03   3.3580E-05   5.4482E-05   3.3511E-05 / 5.2802E-05   
1030   4.977E-03   3.2659E-05   5.5758E-05   3.2657E-05 / 5.3953E-05   
1040   4.977E-03   4.1958E-05   6.5776E-05   4.1930E-05 / 6.4682E-05   
1050   4.977E-03   3.8089E-05   5.1737E-05   3.8074E-05 / 5.0488E-05   
1060   4.977E-03   3.3895E-05   5.6901E-05   3.3856E-05 / 5.5103E-05   
1070   4.977E-03   3.0917E-05   5.1188E-05   3.0850E-05 / 4.9921E-05   
1080   4.977E-03   4.8907E-05   6.7560E-05   4.7855E-05 / 6.4521E-05   
1090   4.977E-03   3.2398E-05   5.2671E-05   3.2393E-05 / 5.1766E-05   
1100   4.977E-03   2.7683E-05   4.9915E-05   2.7678E-05 / 4.8143E-05   
1110   4.977E-03   3.2121E-05   5.6247E-05   3.1866E-05 / 5.3825E-05   
1120   4.977E-03   4.5503E-05   6.3936E-05   3.7579E-05 / 5.5265E-05   
1130   4.977E-03   4.1758E-05   6.8218E-05   4.0979E-05 / 6.0352E-05   
1140   4.977E-03   4.2058E-05   6.0163E-05   4.1882E-05 / 5.8615E-05   
1150   4.977E-03   2.5386E-05   4.4408E-05   2.5355E-05 / 4.3451E-05   
1160   4.977E-03   3.1632E-05   4.9350E-05   2.8993E-05 / 4.6061E-05   
1170   4.977E-03   2.4797E-05   4.4427E-05   2.4775E-05 / 4.3475E-05   
1180   4.977E-03   2.7565E-05   4.6941E-05   2.7508E-05 / 4.6446E-05   
1190   4.977E-03   5.8726E-05   7.6876E-05   5.8726E-05 / 7.6504E-05   
1200   4.977E-03   3.9738E-05   6.3071E-05   3.9723E-05 / 6.1813E-05   
1210   4.977E-03   2.9975E-05   4.8876E-05   2.9815E-05 / 4.8357E-05   
1220   4.977E-03   2.2475E-05   4.2431E-05   2.2456E-05 / 4.1693E-05   
1230   4.977E-03   2.5150E-05   4.5294E-05   2.4378E-05 / 4.3032E-05   
1240   4.977E-03   2.6541E-05   5.0331E-05   2.6541E-05 / 4.8789E-05   
1250   4.977E-03   2.6194E-05   4.7658E-05   2.5207E-05 / 4.6199E-05   
1260   4.977E-03   2.4516E-05   4.6421E-05   2.4335E-05 / 4.4082E-05   
1270   4.977E-03   2.4423E-05   4.3364E-05   2.3973E-05 / 4.1055E-05   
1280   4.977E-03   2.9905E-05   5.1791E-05   2.9857E-05 / 4.9797E-05   
1290   4.977E-03   2.8217E-05   4.9152E-05   2.8140E-05 / 4.7128E-05   
1300   4.977E-03   2.7703E-05   4.5480E-05   2.7690E-05 / 4.4401E-05   
1310   4.977E-03   2.9317E-05   4.5874E-05   2.9083E-05 / 4.4680E-05   
1320   4.977E-03   3.7891E-05   5.9087E-05   3.7045E-05 / 5.6592E-05   
1330   4.977E-03   2.4547E-05   4.0419E-05   2.3942E-05 / 3.9663E-05   
1340   4.977E-03   2.5579E-05   4.3140E-05   2.5392E-05 / 4.2592E-05   
1350   4.977E-03   2.1714E-05   4.2519E-05   2.1434E-05 / 4.1307E-05   
1360   4.977E-03   2.0480E-05   4.0210E-05   2.0359E-05 / 3.8081E-05   
1370   4.977E-03   2.5014E-05   4.5122E-05   2.4718E-05 / 4.3445E-05   
1380   4.977E-03   4.3282E-05   5.9178E-05   3.9985E-05 / 5.5544E-05   
1390   4.977E-03   2.1642E-05   3.7321E-05   2.1488E-05 / 3.6712E-05   
1400   4.977E-03   1.8718E-05   3.6914E-05   1.8718E-05 / 3.6376E-05   
1410   4.977E-03   3.3558E-05   5.1287E-05   3.3494E-05 / 5.0779E-05   
1420   4.977E-03   1.9366E-05   3.6907E-05   1.8998E-05 / 3.5863E-05   
1430   4.977E-03   2.0099E-05   3.4889E-05   2.0020E-05 / 3.3963E-05   
1440   4.977E-03   1.8715E-05   3.4729E-05   1.8713E-05 / 3.4142E-05   
1450   4.977E-03   2.4794E-05   4.2417E-05   2.3090E-05 / 4.0169E-05   
1460   4.977E-03   1.9746E-05   3.9487E-05   1.9611E-05 / 3.8642E-05   
1470   4.977E-03   2.5902E-05   4.2089E-05   2.5865E-05 / 4.2005E-05   
1480   4.977E-03   3.0458E-05   4.4693E-05   2.8918E-05 / 4.3188E-05   
1490   4.977E-03   3.0142E-05   4.2117E-05   2.9855E-05 / 4.1703E-05   
1500   4.977E-03   2.0210E-05   3.8998E-05   2.0210E-05 / 3.8372E-05   
1510   4.977E-03   1.7472E-05   3.2680E-05   1.7466E-05 / 3.2566E-05   
1520   4.977E-03   1.8432E-05   3.2202E-05   1.8430E-05 / 3.1814E-05   
1530   4.977E-03   2.1131E-05   3.4687E-05   1.9804E-05 / 3.3385E-05   
1540   4.977E-03   1.8427E-05   3.4244E-05   1.8294E-05 / 3.3724E-05   
1550   4.977E-03   1.8768E-05   3.3233E-05   1.8396E-05 / 3.2200E-05   
1560   4.977E-03   2.6945E-05   4.2550E-05   2.6944E-05 / 4.2458E-05   
1570   4.977E-03   2.7111E-05   4.0850E-05   2.6732E-05 / 4.0412E-05   
1580   4.977E-03   2.0275E-05   3.1086E-05   1.9921E-05 / 3.0801E-05   
1590   4.977E-03   1.8827E-05   3.1593E-05   1.8827E-05 / 3.1347E-05   
1600   4.977E-03   2.4050E-05   3.8629E-05   2.4050E-05 / 3.8593E-05   
1610   4.977E-03   1.4770E-05   2.7205E-05   1.4050E-05 / 2.6541E-05   
1620   4.977E-03   2.1083E-05   3.6041E-05   2.0996E-05 / 3.5748E-05   
1630   4.977E-03   3.5639E-05   4.4796E-05   3.5635E-05 / 4.4794E-05   
1640   4.977E-03   3.0430E-05   4.3929E-05   3.0338E-05 / 4.2979E-05   
1650   4.977E-03   1.4817E-05   2.4844E-05   1.4761E-05 / 2.4771E-05   
1660   4.977E-03   1.9685E-05   3.4372E-05   1.9682E-05 / 3.4324E-05   
1670   4.977E-03   1.5404E-05   2.8204E-05   1.5366E-05 / 2.8139E-05   
1680   4.977E-03   2.2282E-05   3.3703E-05   2.2236E-05 / 3.3167E-05   
1690   4.977E-03   1.5026E-05   2.6833E-05   1.4825E-05 / 2.6657E-05   
1700   4.977E-03   1.5304E-05   2.4676E-05   1.5231E-05 / 2.4517E-05   
1710   4.977E-03   1.3858E-05   2.5401E-05   1.3711E-05 / 2.5258E-05   
1720   4.977E-03   1.7517E-05   2.6850E-05   1.7497E-05 / 2.6837E-05   
1730   4.977E-03   1.4772E-05   2.3322E-05   1.4701E-05 / 2.3279E-05   
1740   4.977E-03   1.4053E-05   2.3549E-05   1.3605E-05 / 2.3349E-05   
1750   4.977E-03   1.4440E-05   2.5288E-05   1.4431E-05 / 2.5279E-05   
1760   4.977E-03   3.4222E-05   4.7289E-05   3.2028E-05 / 4.4532E-05   
1770   4.977E-03   2.4184E-05   3.1315E-05   2.4102E-05 / 3.1294E-05   
1780   4.977E-03   1.6697E-05   2.5642E-05   1.6355E-05 / 2.5144E-05   
1790   4.977E-03   1.4253E-05   2.0934E-05   1.4216E-05 / 2.0918E-05   
1800   4.977E-03   2.1261E-05   3.1390E-05   2.1260E-05 / 3.1390E-05   
1810   4.977E-03   1.4968E-05   2.4118E-05   1.4248E-05 / 2.3460E-05   
1820   4.977E-03   1.4666E-05   2.0504E-05   1.4131E-05 / 2.0005E-05   
1830   4.977E-03   1.2282E-05   1.9707E-05   1.2276E-05 / 1.9707E-05   
1840   4.977E-03   1.1832E-05   1.9012E-05   1.1672E-05 / 1.8997E-05   
1850   4.977E-03   1.3678E-05   2.0169E-05   1.3678E-05 / 2.0169E-05   
1860   4.977E-03   1.5874E-05   2.1819E-05   1.5287E-05 / 2.1487E-05   
1870   4.977E-03   1.8455E-05   2.7979E-05   1.8423E-05 / 2.7979E-05   
1880   4.977E-03   1.6387E-05   2.4592E-05   1.6371E-05 / 2.4592E-05   
1890   4.977E-03   1.4798E-05   2.0165E-05   1.4616E-05 / 2.0130E-05   
1900   4.977E-03   1.2956E-05   1.9731E-05   1.2909E-05 / 1.9704E-05   
1910   4.977E-03   1.2826E-05   1.9128E-05   1.2780E-05 / 1.9104E-05   
1920   4.977E-03   2.1114E-05   2.6019E-05   2.1004E-05 / 2.5957E-05   
1930   4.977E-03   2.0628E-05   2.7801E-05   1.9156E-05 / 2.6280E-05   
1940   4.977E-03   1.5673E-05   2.2200E-05   1.5003E-05 / 2.1884E-05   
1950   4.977E-03   1.2076E-05   2.0691E-05   1.2075E-05 / 2.0691E-05   
1960   4.977E-03   1.6057E-05   2.4363E-05   1.6057E-05 / 2.4301E-05   
1970   4.977E-03   1.3957E-05   2.3691E-05   1.3916E-05 / 2.2572E-05   
1980   4.977E-03   2.0744E-05   3.0250E-05   1.8927E-05 / 2.7618E-05   
1990   4.977E-03   2.0576E-05   2.8784E-05   2.0276E-05 / 2.8587E-05   
2000   4.977E-03   1.1952E-05   1.8321E-05   1.1809E-05 / 1.8217E-05   
2010   4.977E-03   1.2083E-05   1.8992E-05   1.1658E-05 / 1.8833E-05   
2020   4.977E-03   1.2883E-05   2.0199E-05   1.2176E-05 / 1.9659E-05   
2030   4.977E-03   1.2086E-05   1.8437E-05   1.1502E-05 / 1.8027E-05   
2040   4.977E-03   1.1757E-05   1.8422E-05   1.1746E-05 / 1.8420E-05   
2050   4.977E-03   1.5131E-05   2.9939E-05   1.5036E-05 / 2.9742E-05   
2060   4.977E-03   1.5053E-05   2.4959E-05   1.4780E-05 / 2.4751E-05   
2070   4.977E-03   1.5680E-05   2.0235E-05   1.5639E-05 / 2.0234E-05   
2080   4.977E-03   1.3038E-05   2.1527E-05   1.3024E-05 / 2.1523E-05   
2090   4.977E-03   9.8097E-06   1.8532E-05   9.7387E-06 / 1.8499E-05   
2100   4.977E-03   1.0707E-05   1.8971E-05   1.0697E-05 / 1.8971E-05   
2110   4.977E-03   1.0307E-05   1.8391E-05   1.0114E-05 / 1.8314E-05   
2120   4.977E-03   2.3514E-05   2.9107E-05   2.3325E-05 / 2.9074E-05   
2130   4.977E-03   1.6027E-05   2.2166E-05   1.6020E-05 / 2.2166E-05   
2140   4.977E-03   1.8824E-05   2.7161E-05   1.8764E-05 / 2.7135E-05   
2150   4.977E-03   2.1863E-05   3.1790E-05   2.1863E-05 / 3.1404E-05   
2160   4.977E-03   1.8915E-05   2.5500E-05   1.8830E-05 / 2.5462E-05   
2170   4.977E-03   1.8073E-05   2.6174E-05   1.8054E-05 / 2.6174E-05   
2180   4.977E-03   1.4928E-05   2.3185E-05   1.3797E-05 / 2.2245E-05   
2190   4.977E-03   1.4325E-05   2.4629E-05   1.4325E-05 / 2.4629E-05   
2200   4.977E-03   1.8251E-05   2.9133E-05   1.7464E-05 / 2.8592E-05   
2210   4.977E-03   1.5534E-05   2.2092E-05   1.5352E-05 / 2.2036E-05   
2214   4.977E-03   1.4324E-05   2.5739E-05   1.4231E-05 / 2.5691E-05   
BEST MODEL
===============================================================================================================
1951   4.977E-03   1.2654E-05   1.6500E-05   1.2553E-05 / 1.6488E-05   
===============================================================================================================
Saved model to /home/nikki/kan/kanTBNN/models/multi_run/kan_experiment_33_opt/kanTBNN-24Nov05_01:41:59.pickle
