========== Dataset info ==========
Dataset params: {'file': '/home/nikki/kan/data/turbulence_dataset_clean.csv', 'Cases': ['case_0p5', 'case_0p8', 'case_1p0', 'case_1p2', 'case_1p5'], 'val_set': ['case_0p8'], 'test_set': ['case_1p2'], 'data_loader': <class 'tbnn.dataloaders.aDataset'>}
Train/Valid/Test points: 44253 / 14751 / 14751
Memorization?: False
Cluster training?: False
EPOCH     LR        TRAIN         VALID             MSE:T/V                  RL:T/V             %NR_t/%NR_v
===============================================================================================================
  1   1.002E-05   1.1373E+01   1.3286E+01   3.7611E-01 / 3.5590E-01   
 10   1.002E-05   5.3557E+00   5.9786E+00   2.2137E-01 / 2.0371E-01   
 20   1.002E-05   2.6805E+00   2.6311E+00   1.5890E-01 / 1.4343E-01   
 30   1.002E-05   1.5103E+00   1.2156E+00   1.2970E-01 / 1.1553E-01   
 40   1.002E-05   9.0246E-01   5.7154E-01   1.1472E-01 / 1.0161E-01   
 50   1.002E-05   5.5599E-01   2.7202E-01   1.0691E-01 / 9.4479E-02   
 60   1.002E-05   3.5190E-01   1.4364E-01   1.0154E-01 / 8.9483E-02   
 70   1.002E-05   2.3074E-01   9.7178E-02   9.7210E-02 / 8.5557E-02   
 80   1.002E-05   1.5983E-01   8.3127E-02   9.3476E-02 / 8.2310E-02   
 90   1.002E-05   1.2039E-01   7.9438E-02   9.0105E-02 / 7.9438E-02   
100   1.002E-05   9.8886E-02   7.6916E-02   8.7138E-02 / 7.6916E-02   
110   1.002E-05   8.8207E-02   7.4652E-02   8.4505E-02 / 7.4652E-02   
120   1.002E-05   8.2791E-02   7.2566E-02   8.2069E-02 / 7.2566E-02   
130   1.002E-05   7.9750E-02   7.0582E-02   7.9720E-02 / 7.0581E-02   
140   1.002E-05   7.7370E-02   6.8624E-02   7.7370E-02 / 6.8623E-02   
150   1.002E-05   7.5079E-02   6.6672E-02   7.5079E-02 / 6.6671E-02   
160   1.002E-05   7.2886E-02   6.4780E-02   7.2886E-02 / 6.4780E-02   
170   1.002E-05   7.0805E-02   6.2969E-02   7.0805E-02 / 6.2968E-02   
180   1.002E-05   6.8821E-02   6.1219E-02   6.8821E-02 / 6.1219E-02   
190   1.002E-05   6.6913E-02   5.9528E-02   6.6913E-02 / 5.9528E-02   
200   1.002E-05   6.5058E-02   5.7906E-02   6.5058E-02 / 5.7906E-02   
210   1.002E-05   6.3249E-02   5.6355E-02   6.3249E-02 / 5.6355E-02   
220   1.002E-05   6.1517E-02   5.4848E-02   6.1515E-02 / 5.4848E-02   
230   1.002E-05   5.9885E-02   5.3463E-02   5.9880E-02 / 5.3463E-02   
240   1.002E-05   5.8328E-02   5.2121E-02   5.8324E-02 / 5.2121E-02   
250   1.002E-05   5.6795E-02   5.0773E-02   5.6792E-02 / 5.0772E-02   
260   1.002E-05   5.5281E-02   4.9492E-02   5.5279E-02 / 4.9481E-02   
270   1.002E-05   5.3797E-02   4.8219E-02   5.3794E-02 / 4.8190E-02   
280   1.002E-05   5.2351E-02   4.7003E-02   5.2347E-02 / 4.6956E-02   
290   1.002E-05   5.0926E-02   4.5813E-02   5.0922E-02 / 4.5756E-02   
300   1.002E-05   4.9551E-02   4.4653E-02   4.9546E-02 / 4.4578E-02   
310   1.002E-05   4.8228E-02   4.3525E-02   4.8223E-02 / 4.3462E-02   
320   1.002E-05   4.6946E-02   4.2441E-02   4.6941E-02 / 4.2381E-02   
330   1.002E-05   4.5711E-02   4.1411E-02   4.5706E-02 / 4.1337E-02   
340   1.002E-05   4.4527E-02   4.0474E-02   4.4521E-02 / 4.0371E-02   
350   1.002E-05   4.3387E-02   3.9572E-02   4.3381E-02 / 3.9449E-02   
360   1.002E-05   4.2289E-02   3.8670E-02   4.2284E-02 / 3.8553E-02   
370   1.002E-05   4.1244E-02   3.7807E-02   4.1238E-02 / 3.7694E-02   
380   1.002E-05   4.0255E-02   3.6993E-02   4.0251E-02 / 3.6860E-02   
390   1.002E-05   3.9311E-02   3.6349E-02   3.9306E-02 / 3.6091E-02   
400   1.002E-05   3.8417E-02   3.5755E-02   3.8411E-02 / 3.5330E-02   
410   1.002E-05   3.7589E-02   3.5079E-02   3.7581E-02 / 3.4610E-02   
420   1.002E-05   3.6813E-02   3.4370E-02   3.6805E-02 / 3.3919E-02   
430   1.002E-05   3.6064E-02   3.3694E-02   3.6058E-02 / 3.3255E-02   
440   1.002E-05   3.5339E-02   3.3052E-02   3.5335E-02 / 3.2605E-02   
450   1.002E-05   3.4655E-02   3.2495E-02   3.4648E-02 / 3.2019E-02   
460   1.002E-05   3.4027E-02   3.1911E-02   3.4019E-02 / 3.1460E-02   
470   1.002E-05   3.3444E-02   3.1401E-02   3.3432E-02 / 3.0953E-02   
480   1.002E-05   3.2896E-02   3.0901E-02   3.2884E-02 / 3.0499E-02   
490   1.002E-05   3.2380E-02   3.0386E-02   3.2368E-02 / 3.0031E-02   
500   1.002E-05   3.1889E-02   2.9973E-02   3.1874E-02 / 2.9643E-02   
510   1.002E-05   3.1419E-02   2.9502E-02   3.1407E-02 / 2.9207E-02   
520   1.002E-05   3.0964E-02   2.9126E-02   3.0950E-02 / 2.8820E-02   
530   1.002E-05   3.0528E-02   2.8758E-02   3.0515E-02 / 2.8462E-02   
540   1.002E-05   3.0100E-02   2.8332E-02   3.0088E-02 / 2.8040E-02   
550   1.002E-05   2.9683E-02   2.7966E-02   2.9673E-02 / 2.7690E-02   
560   1.002E-05   2.9274E-02   2.7596E-02   2.9265E-02 / 2.7330E-02   
570   1.002E-05   2.8871E-02   2.7209E-02   2.8864E-02 / 2.6945E-02   
580   1.002E-05   2.8476E-02   2.6878E-02   2.8469E-02 / 2.6594E-02   
590   1.002E-05   2.8093E-02   2.6579E-02   2.8086E-02 / 2.6253E-02   
600   1.002E-05   2.7718E-02   2.6248E-02   2.7711E-02 / 2.5899E-02   
610   1.002E-05   2.7346E-02   2.5970E-02   2.7340E-02 / 2.5577E-02   
620   1.002E-05   2.6976E-02   2.5648E-02   2.6970E-02 / 2.5222E-02   
630   1.002E-05   2.6604E-02   2.5350E-02   2.6598E-02 / 2.4879E-02   
640   1.002E-05   2.6238E-02   2.5029E-02   2.6232E-02 / 2.4525E-02   
650   1.002E-05   2.5874E-02   2.4813E-02   2.5865E-02 / 2.4220E-02   
660   1.002E-05   2.5519E-02   2.4523E-02   2.5512E-02 / 2.3882E-02   
670   1.002E-05   2.5175E-02   2.4216E-02   2.5169E-02 / 2.3562E-02   
680   1.002E-05   2.4840E-02   2.3937E-02   2.4834E-02 / 2.3240E-02   
690   1.002E-05   2.4513E-02   2.3743E-02   2.4505E-02 / 2.2944E-02   
700   1.002E-05   2.4191E-02   2.3519E-02   2.4185E-02 / 2.2665E-02   
710   1.002E-05   2.3881E-02   2.3250E-02   2.3876E-02 / 2.2376E-02   
720   1.002E-05   2.3576E-02   2.3062E-02   2.3570E-02 / 2.2093E-02   
730   1.002E-05   2.3282E-02   2.2850E-02   2.3274E-02 / 2.1788E-02   
740   1.002E-05   2.2994E-02   2.2690E-02   2.2987E-02 / 2.1556E-02   
750   1.002E-05   2.2715E-02   2.2439E-02   2.2710E-02 / 2.1276E-02   
760   1.002E-05   2.2446E-02   2.2259E-02   2.2440E-02 / 2.1039E-02   
770   1.002E-05   2.2185E-02   2.2066E-02   2.2179E-02 / 2.0804E-02   
780   1.002E-05   2.1933E-02   2.1869E-02   2.1928E-02 / 2.0576E-02   
790   1.002E-05   2.1689E-02   2.1753E-02   2.1682E-02 / 2.0336E-02   
800   1.002E-05   2.1453E-02   2.1525E-02   2.1446E-02 / 2.0111E-02   
810   1.002E-05   2.1228E-02   2.1382E-02   2.1220E-02 / 1.9890E-02   
820   1.002E-05   2.1010E-02   2.1202E-02   2.1004E-02 / 1.9717E-02   
830   1.002E-05   2.0800E-02   2.0917E-02   2.0794E-02 / 1.9465E-02   
840   1.002E-05   2.0594E-02   2.1041E-02   2.0583E-02 / 1.9307E-02   
850   1.002E-05   2.0391E-02   2.0785E-02   2.0384E-02 / 1.9103E-02   
860   1.002E-05   2.0199E-02   2.0671E-02   2.0192E-02 / 1.8925E-02   
870   1.002E-05   2.0010E-02   2.0553E-02   2.0004E-02 / 1.8760E-02   
880   1.002E-05   1.9825E-02   2.0409E-02   1.9818E-02 / 1.8578E-02   
890   1.002E-05   1.9643E-02   2.0390E-02   1.9636E-02 / 1.8407E-02   
900   1.002E-05   1.9466E-02   2.0196E-02   1.9461E-02 / 1.8254E-02   
910   1.002E-05   1.9293E-02   2.0161E-02   1.9286E-02 / 1.8075E-02   
920   1.002E-05   1.9124E-02   2.0092E-02   1.9118E-02 / 1.7931E-02   
930   1.002E-05   1.8960E-02   2.0015E-02   1.8954E-02 / 1.7776E-02   
940   1.002E-05   1.8800E-02   1.9997E-02   1.8794E-02 / 1.7621E-02   
950   1.002E-05   1.8646E-02   1.9850E-02   1.8641E-02 / 1.7481E-02   
960   1.002E-05   1.8493E-02   1.9812E-02   1.8489E-02 / 1.7383E-02   
970   1.002E-05   1.8341E-02   1.9746E-02   1.8337E-02 / 1.7218E-02   
980   1.002E-05   1.8196E-02   1.9843E-02   1.8190E-02 / 1.7085E-02   
990   1.002E-05   1.8052E-02   1.9744E-02   1.8049E-02 / 1.6964E-02   
1000   1.002E-05   1.7912E-02   1.9705E-02   1.7909E-02 / 1.6832E-02   
1010   1.002E-05   1.7777E-02   1.9601E-02   1.7774E-02 / 1.6680E-02   
1020   1.002E-05   1.7640E-02   1.9620E-02   1.7637E-02 / 1.6565E-02   
1030   1.002E-05   1.7510E-02   1.9648E-02   1.7507E-02 / 1.6464E-02   
1040   1.002E-05   1.7381E-02   1.9639E-02   1.7378E-02 / 1.6327E-02   
1050   1.002E-05   1.7257E-02   1.9466E-02   1.7254E-02 / 1.6184E-02   
1060   1.002E-05   1.7136E-02   1.9428E-02   1.7132E-02 / 1.6061E-02   
1070   1.002E-05   1.7020E-02   1.9278E-02   1.7017E-02 / 1.5997E-02   
1080   1.002E-05   1.6902E-02   1.9272E-02   1.6900E-02 / 1.5847E-02   
1090   1.002E-05   1.6788E-02   1.9183E-02   1.6785E-02 / 1.5762E-02   
1100   1.002E-05   1.6678E-02   1.9017E-02   1.6676E-02 / 1.5648E-02   
1110   1.002E-05   1.6569E-02   1.8952E-02   1.6566E-02 / 1.5558E-02   
1120   1.002E-05   1.6460E-02   1.8912E-02   1.6457E-02 / 1.5466E-02   
1130   1.002E-05   1.6356E-02   1.8770E-02   1.6353E-02 / 1.5373E-02   
1140   1.002E-05   1.6253E-02   1.8723E-02   1.6250E-02 / 1.5265E-02   
1150   1.002E-05   1.6152E-02   1.8629E-02   1.6148E-02 / 1.5145E-02   
1160   1.002E-05   1.6053E-02   1.8673E-02   1.6050E-02 / 1.5096E-02   
1170   1.002E-05   1.5955E-02   1.8576E-02   1.5951E-02 / 1.5003E-02   
1180   1.002E-05   1.5864E-02   1.8544E-02   1.5860E-02 / 1.4969E-02   
1190   1.002E-05   1.5768E-02   1.8303E-02   1.5764E-02 / 1.4815E-02   
1200   1.002E-05   1.5676E-02   1.8237E-02   1.5672E-02 / 1.4761E-02   
1210   1.002E-05   1.5584E-02   1.8056E-02   1.5581E-02 / 1.4691E-02   
1220   1.002E-05   1.5493E-02   1.7993E-02   1.5489E-02 / 1.4570E-02   
1230   1.002E-05   1.5408E-02   1.7753E-02   1.5404E-02 / 1.4491E-02   
1240   1.002E-05   1.5319E-02   1.7895E-02   1.5315E-02 / 1.4445E-02   
1250   1.002E-05   1.5236E-02   1.7741E-02   1.5232E-02 / 1.4371E-02   
1260   1.002E-05   1.5153E-02   1.7593E-02   1.5149E-02 / 1.4285E-02   
1270   1.002E-05   1.5072E-02   1.7537E-02   1.5068E-02 / 1.4216E-02   
1280   1.002E-05   1.4992E-02   1.7510E-02   1.4988E-02 / 1.4124E-02   
1290   1.002E-05   1.4914E-02   1.7392E-02   1.4911E-02 / 1.4110E-02   
1300   1.002E-05   1.4837E-02   1.7171E-02   1.4833E-02 / 1.4000E-02   
1310   1.002E-05   1.4760E-02   1.7379E-02   1.4755E-02 / 1.3994E-02   
1320   1.002E-05   1.4687E-02   1.7135E-02   1.4682E-02 / 1.3936E-02   
1330   1.002E-05   1.4616E-02   1.6775E-02   1.4612E-02 / 1.3832E-02   
1340   1.002E-05   1.4544E-02   1.6957E-02   1.4539E-02 / 1.3825E-02   
1350   1.002E-05   1.4473E-02   1.6793E-02   1.4468E-02 / 1.3739E-02   
1360   1.002E-05   1.4408E-02   1.6868E-02   1.4402E-02 / 1.3719E-02   
1370   1.002E-05   1.4345E-02   1.6746E-02   1.4337E-02 / 1.3633E-02   
1380   1.002E-05   1.4279E-02   1.6671E-02   1.4273E-02 / 1.3602E-02   
1390   1.002E-05   1.4216E-02   1.6607E-02   1.4212E-02 / 1.3589E-02   
1400   1.002E-05   1.4152E-02   1.6515E-02   1.4146E-02 / 1.3481E-02   
1410   1.002E-05   1.4090E-02   1.6516E-02   1.4085E-02 / 1.3445E-02   
1420   1.002E-05   1.4033E-02   1.6480E-02   1.4026E-02 / 1.3388E-02   
1430   1.002E-05   1.3973E-02   1.6372E-02   1.3967E-02 / 1.3365E-02   
1440   1.002E-05   1.3917E-02   1.6332E-02   1.3912E-02 / 1.3306E-02   
1450   1.002E-05   1.3857E-02   1.6324E-02   1.3852E-02 / 1.3272E-02   
1460   1.002E-05   1.3800E-02   1.6241E-02   1.3795E-02 / 1.3224E-02   
1470   1.002E-05   1.3746E-02   1.6152E-02   1.3741E-02 / 1.3146E-02   
1480   1.002E-05   1.3690E-02   1.6330E-02   1.3684E-02 / 1.3151E-02   
1490   1.002E-05   1.3635E-02   1.6370E-02   1.3630E-02 / 1.3114E-02   
1500   1.002E-05   1.3582E-02   1.6120E-02   1.3577E-02 / 1.3064E-02   
1510   1.002E-05   1.3531E-02   1.6050E-02   1.3526E-02 / 1.2995E-02   
1520   1.002E-05   1.3478E-02   1.6155E-02   1.3474E-02 / 1.2998E-02   
1530   1.002E-05   1.3426E-02   1.6313E-02   1.3420E-02 / 1.2939E-02   
1540   1.002E-05   1.3376E-02   1.6150E-02   1.3372E-02 / 1.2932E-02   
1550   1.002E-05   1.3325E-02   1.5967E-02   1.3321E-02 / 1.2882E-02   
1560   1.002E-05   1.3274E-02   1.6102E-02   1.3270E-02 / 1.2850E-02   
1570   1.002E-05   1.3224E-02   1.6057E-02   1.3220E-02 / 1.2793E-02   
1580   1.002E-05   1.3175E-02   1.6088E-02   1.3171E-02 / 1.2778E-02   
1590   1.002E-05   1.3127E-02   1.5960E-02   1.3123E-02 / 1.2714E-02   
1600   1.002E-05   1.3079E-02   1.5803E-02   1.3076E-02 / 1.2682E-02   
1610   1.002E-05   1.3030E-02   1.5853E-02   1.3026E-02 / 1.2632E-02   
1620   1.002E-05   1.2983E-02   1.5835E-02   1.2979E-02 / 1.2600E-02   
1630   1.002E-05   1.2936E-02   1.5607E-02   1.2934E-02 / 1.2582E-02   
1640   1.002E-05   1.2890E-02   1.5809E-02   1.2887E-02 / 1.2526E-02   
1650   1.002E-05   1.2843E-02   1.5717E-02   1.2839E-02 / 1.2540E-02   
1660   1.002E-05   1.2796E-02   1.5664E-02   1.2793E-02 / 1.2477E-02   
1670   1.002E-05   1.2755E-02   1.5755E-02   1.2751E-02 / 1.2460E-02   
1680   1.002E-05   1.2705E-02   1.5806E-02   1.2701E-02 / 1.2420E-02   
1690   1.002E-05   1.2661E-02   1.5691E-02   1.2657E-02 / 1.2408E-02   
1700   1.002E-05   1.2618E-02   1.5476E-02   1.2615E-02 / 1.2372E-02   
1710   1.002E-05   1.2571E-02   1.5592E-02   1.2568E-02 / 1.2316E-02   
1720   1.002E-05   1.2528E-02   1.5599E-02   1.2525E-02 / 1.2286E-02   
1730   1.002E-05   1.2487E-02   1.5523E-02   1.2484E-02 / 1.2251E-02   
1740   1.002E-05   1.2446E-02   1.5750E-02   1.2441E-02 / 1.2215E-02   
1750   1.002E-05   1.2402E-02   1.5332E-02   1.2399E-02 / 1.2192E-02   
1760   1.002E-05   1.2360E-02   1.5288E-02   1.2356E-02 / 1.2133E-02   
1770   1.002E-05   1.2319E-02   1.5329E-02   1.2316E-02 / 1.2113E-02   
1780   1.002E-05   1.2277E-02   1.5359E-02   1.2274E-02 / 1.2085E-02   
1790   1.002E-05   1.2238E-02   1.5481E-02   1.2234E-02 / 1.2084E-02   
1800   1.002E-05   1.2199E-02   1.5210E-02   1.2195E-02 / 1.1989E-02   
1810   1.002E-05   1.2160E-02   1.4959E-02   1.2158E-02 / 1.1986E-02   
1820   1.002E-05   1.2119E-02   1.5211E-02   1.2116E-02 / 1.1966E-02   
1830   1.002E-05   1.2081E-02   1.5173E-02   1.2078E-02 / 1.1943E-02   
1840   1.002E-05   1.2044E-02   1.4811E-02   1.2042E-02 / 1.1954E-02   
1850   1.002E-05   1.2007E-02   1.5157E-02   1.2003E-02 / 1.1887E-02   
1860   1.002E-05   1.1969E-02   1.4776E-02   1.1967E-02 / 1.1846E-02   
1870   1.002E-05   1.1931E-02   1.4931E-02   1.1929E-02 / 1.1864E-02   
1880   1.002E-05   1.1896E-02   1.4828E-02   1.1894E-02 / 1.1796E-02   
1890   1.002E-05   1.1856E-02   1.4972E-02   1.1853E-02 / 1.1779E-02   
1900   1.002E-05   1.1822E-02   1.4848E-02   1.1820E-02 / 1.1760E-02   
1910   1.002E-05   1.1787E-02   1.4730E-02   1.1785E-02 / 1.1709E-02   
1920   1.002E-05   1.1752E-02   1.4740E-02   1.1750E-02 / 1.1686E-02   
1930   1.002E-05   1.1718E-02   1.4769E-02   1.1716E-02 / 1.1720E-02   
1940   1.002E-05   1.1683E-02   1.5002E-02   1.1680E-02 / 1.1699E-02   
1950   1.002E-05   1.1648E-02   1.4736E-02   1.1646E-02 / 1.1634E-02   
1960   1.002E-05   1.1615E-02   1.4958E-02   1.1613E-02 / 1.1622E-02   
1970   1.002E-05   1.1579E-02   1.4958E-02   1.1576E-02 / 1.1607E-02   
1980   1.002E-05   1.1546E-02   1.4798E-02   1.1544E-02 / 1.1553E-02   
1990   1.002E-05   1.1512E-02   1.4828E-02   1.1511E-02 / 1.1544E-02   
2000   1.002E-05   1.1481E-02   1.4807E-02   1.1478E-02 / 1.1472E-02   
2010   1.002E-05   1.1447E-02   1.5051E-02   1.1444E-02 / 1.1525E-02   
2020   1.002E-05   1.1414E-02   1.5042E-02   1.1410E-02 / 1.1509E-02   
2030   1.002E-05   1.1381E-02   1.4817E-02   1.1379E-02 / 1.1459E-02   
2040   1.002E-05   1.1350E-02   1.4681E-02   1.1349E-02 / 1.1422E-02   
2050   1.002E-05   1.1321E-02   1.4817E-02   1.1319E-02 / 1.1401E-02   
2060   1.002E-05   1.1288E-02   1.4755E-02   1.1286E-02 / 1.1375E-02   
2070   1.002E-05   1.1258E-02   1.4908E-02   1.1256E-02 / 1.1357E-02   
2080   1.002E-05   1.1228E-02   1.5148E-02   1.1225E-02 / 1.1354E-02   
2090   1.002E-05   1.1199E-02   1.5101E-02   1.1197E-02 / 1.1327E-02   
2100   1.002E-05   1.1171E-02   1.4861E-02   1.1169E-02 / 1.1329E-02   
2110   1.002E-05   1.1143E-02   1.4744E-02   1.1142E-02 / 1.1254E-02   
2120   1.002E-05   1.1110E-02   1.5056E-02   1.1109E-02 / 1.1274E-02   
2130   1.002E-05   1.1087E-02   1.5199E-02   1.1085E-02 / 1.1284E-02   
2140   1.002E-05   1.1055E-02   1.4987E-02   1.1054E-02 / 1.1218E-02   
2150   1.002E-05   1.1027E-02   1.5390E-02   1.1023E-02 / 1.1203E-02   
2160   1.002E-05   1.1000E-02   1.5554E-02   1.0997E-02 / 1.1240E-02   
2170   1.002E-05   1.0971E-02   1.5298E-02   1.0970E-02 / 1.1211E-02   
2180   1.002E-05   1.0943E-02   1.5482E-02   1.0941E-02 / 1.1169E-02   
2190   1.002E-05   1.0916E-02   1.5457E-02   1.0914E-02 / 1.1136E-02   
2200   1.002E-05   1.0890E-02   1.5658E-02   1.0887E-02 / 1.1124E-02   
2210   1.002E-05   1.0864E-02   1.5684E-02   1.0862E-02 / 1.1157E-02   
2220   1.002E-05   1.0844E-02   1.5842E-02   1.0841E-02 / 1.1182E-02   
2230   1.002E-05   1.0814E-02   1.5439E-02   1.0813E-02 / 1.1070E-02   
2240   1.002E-05   1.0787E-02   1.5372E-02   1.0786E-02 / 1.1067E-02   
2250   1.002E-05   1.0761E-02   1.6024E-02   1.0758E-02 / 1.1048E-02   
2260   1.002E-05   1.0736E-02   1.5806E-02   1.0735E-02 / 1.1087E-02   
2270   1.002E-05   1.0710E-02   1.5851E-02   1.0708E-02 / 1.1064E-02   
2280   1.002E-05   1.0686E-02   1.6038E-02   1.0684E-02 / 1.1029E-02   
2290   1.002E-05   1.0662E-02   1.6173E-02   1.0660E-02 / 1.1017E-02   
2300   1.002E-05   1.0636E-02   1.6287E-02   1.0632E-02 / 1.0978E-02   
2310   1.002E-05   1.0613E-02   1.6322E-02   1.0609E-02 / 1.0996E-02   
2320   1.002E-05   1.0589E-02   1.6313E-02   1.0587E-02 / 1.0967E-02   
2330   1.002E-05   1.0567E-02   1.6248E-02   1.0566E-02 / 1.0956E-02   
2340   1.002E-05   1.0543E-02   1.6334E-02   1.0541E-02 / 1.0948E-02   
2350   1.002E-05   1.0524E-02   1.6600E-02   1.0522E-02 / 1.0976E-02   
2360   1.002E-05   1.0496E-02   1.6725E-02   1.0493E-02 / 1.0935E-02   
2370   1.002E-05   1.0474E-02   1.6785E-02   1.0472E-02 / 1.0891E-02   
2380   1.002E-05   1.0451E-02   1.6584E-02   1.0450E-02 / 1.0904E-02   
2390   1.002E-05   1.0431E-02   1.7044E-02   1.0429E-02 / 1.0909E-02   
2400   1.002E-05   1.0408E-02   1.6884E-02   1.0406E-02 / 1.0883E-02   
2410   1.002E-05   1.0385E-02   1.6838E-02   1.0383E-02 / 1.0863E-02   
2420   1.002E-05   1.0368E-02   1.6908E-02   1.0367E-02 / 1.0845E-02   
2430   1.002E-05   1.0344E-02   1.7194E-02   1.0342E-02 / 1.0891E-02   
2440   1.002E-05   1.0321E-02   1.6831E-02   1.0319E-02 / 1.0825E-02   
2450   1.002E-05   1.0299E-02   1.7135E-02   1.0297E-02 / 1.0826E-02   
2460   1.002E-05   1.0284E-02   1.7223E-02   1.0282E-02 / 1.0756E-02   
2470   1.002E-05   1.0257E-02   1.7243E-02   1.0255E-02 / 1.0784E-02   
2480   1.002E-05   1.0236E-02   1.6988E-02   1.0235E-02 / 1.0767E-02   
2490   1.002E-05   1.0217E-02   1.7136E-02   1.0216E-02 / 1.0751E-02   
2500   1.002E-05   1.0196E-02   1.7349E-02   1.0195E-02 / 1.0770E-02   
2510   1.002E-05   1.0173E-02   1.7454E-02   1.0171E-02 / 1.0778E-02   
2520   1.002E-05   1.0153E-02   1.7500E-02   1.0151E-02 / 1.0712E-02   
2530   1.002E-05   1.0134E-02   1.7402E-02   1.0133E-02 / 1.0746E-02   
2540   1.002E-05   1.0114E-02   1.7176E-02   1.0113E-02 / 1.0707E-02   
2550   1.002E-05   1.0092E-02   1.7452E-02   1.0089E-02 / 1.0727E-02   
2560   1.002E-05   1.0071E-02   1.7241E-02   1.0069E-02 / 1.0707E-02   
2570   1.002E-05   1.0052E-02   1.6848E-02   1.0051E-02 / 1.0696E-02   
2580   1.002E-05   1.0033E-02   1.7585E-02   1.0032E-02 / 1.0705E-02   
2590   1.002E-05   1.0013E-02   1.7449E-02   1.0010E-02 / 1.0694E-02   
2600   1.002E-05   9.9935E-03   1.7591E-02   9.9916E-03 / 1.0680E-02   
2610   1.002E-05   9.9732E-03   1.7116E-02   9.9711E-03 / 1.0657E-02   
2620   1.002E-05   9.9539E-03   1.7298E-02   9.9525E-03 / 1.0651E-02   
2630   1.002E-05   9.9349E-03   1.7053E-02   9.9340E-03 / 1.0593E-02   
2640   1.002E-05   9.9152E-03   1.6927E-02   9.9139E-03 / 1.0625E-02   
2650   1.002E-05   9.8967E-03   1.7440E-02   9.8949E-03 / 1.0615E-02   
2660   1.002E-05   9.8773E-03   1.7558E-02   9.8747E-03 / 1.0617E-02   
2670   1.002E-05   9.8585E-03   1.6555E-02   9.8573E-03 / 1.0596E-02   
2680   1.002E-05   9.8380E-03   1.7147E-02   9.8367E-03 / 1.0586E-02   
2690   1.002E-05   9.8209E-03   1.7092E-02   9.8189E-03 / 1.0564E-02   
2700   1.002E-05   9.8023E-03   1.6943E-02   9.8013E-03 / 1.0604E-02   
2710   1.002E-05   9.7838E-03   1.6859E-02   9.7830E-03 / 1.0590E-02   
2720   1.002E-05   9.7637E-03   1.6841E-02   9.7619E-03 / 1.0545E-02   
2730   1.002E-05   9.7470E-03   1.7070E-02   9.7460E-03 / 1.0573E-02   
2740   1.002E-05   9.7265E-03   1.6932E-02   9.7234E-03 / 1.0526E-02   
2750   1.002E-05   9.7082E-03   1.7052E-02   9.7071E-03 / 1.0524E-02   
2760   1.002E-05   9.6907E-03   1.7071E-02   9.6897E-03 / 1.0525E-02   
2770   1.002E-05   9.6726E-03   1.6931E-02   9.6707E-03 / 1.0525E-02   
2780   1.002E-05   9.6561E-03   1.6737E-02   9.6553E-03 / 1.0498E-02   
2790   1.002E-05   9.6368E-03   1.6958E-02   9.6349E-03 / 1.0510E-02   
2800   1.002E-05   9.6214E-03   1.6426E-02   9.6201E-03 / 1.0447E-02   
2810   1.002E-05   9.6022E-03   1.7007E-02   9.6013E-03 / 1.0505E-02   
2820   1.002E-05   9.5828E-03   1.6732E-02   9.5812E-03 / 1.0470E-02   
2830   1.002E-05   9.5639E-03   1.6754E-02   9.5630E-03 / 1.0429E-02   
2840   1.002E-05   9.5466E-03   1.6865E-02   9.5445E-03 / 1.0431E-02   
2850   1.002E-05   9.5357E-03   1.7139E-02   9.5329E-03 / 1.0510E-02   
2860   1.002E-05   9.5114E-03   1.6736E-02   9.5094E-03 / 1.0386E-02   
2870   1.002E-05   9.4942E-03   1.6405E-02   9.4931E-03 / 1.0420E-02   
2880   1.002E-05   9.4771E-03   1.7019E-02   9.4754E-03 / 1.0449E-02   
2890   1.002E-05   9.4608E-03   1.6610E-02   9.4584E-03 / 1.0438E-02   
2900   1.002E-05   9.4406E-03   1.7171E-02   9.4369E-03 / 1.0410E-02   
2910   1.002E-05   9.4252E-03   1.6757E-02   9.4238E-03 / 1.0387E-02   
2920   1.002E-05   9.4089E-03   1.7106E-02   9.4071E-03 / 1.0327E-02   
2930   1.002E-05   9.3914E-03   1.6888E-02   9.3887E-03 / 1.0345E-02   
2940   1.002E-05   9.3733E-03   1.6924E-02   9.3718E-03 / 1.0366E-02   
2950   1.002E-05   9.3594E-03   1.7078E-02   9.3581E-03 / 1.0362E-02   
2960   1.002E-05   9.3400E-03   1.6843E-02   9.3385E-03 / 1.0300E-02   
2970   1.002E-05   9.3264E-03   1.6887E-02   9.3253E-03 / 1.0300E-02   
2980   1.002E-05   9.3078E-03   1.6877E-02   9.3065E-03 / 1.0338E-02   
2990   1.002E-05   9.2907E-03   1.6734E-02   9.2895E-03 / 1.0303E-02   
3000   1.002E-05   9.2767E-03   1.6486E-02   9.2757E-03 / 1.0295E-02   
3010   1.002E-05   9.2595E-03   1.6828E-02   9.2578E-03 / 1.0249E-02   
3020   1.002E-05   9.2452E-03   1.6923E-02   9.2431E-03 / 1.0332E-02   
3030   1.002E-05   9.2278E-03   1.7161E-02   9.2255E-03 / 1.0274E-02   
3040   1.002E-05   9.2135E-03   1.6446E-02   9.2120E-03 / 1.0240E-02   
3050   1.002E-05   9.1969E-03   1.6499E-02   9.1963E-03 / 1.0270E-02   
3060   1.002E-05   9.1803E-03   1.6527E-02   9.1779E-03 / 1.0245E-02   
3070   1.002E-05   9.1655E-03   1.6583E-02   9.1648E-03 / 1.0229E-02   
3080   1.002E-05   9.1508E-03   1.5559E-02   9.1504E-03 / 1.0249E-02   
3090   1.002E-05   9.1360E-03   1.5489E-02   9.1345E-03 / 1.0222E-02   
3100   1.002E-05   9.1182E-03   1.6654E-02   9.1175E-03 / 1.0190E-02   
3110   1.002E-05   9.1020E-03   1.7166E-02   9.1001E-03 / 1.0207E-02   
3120   1.002E-05   9.0858E-03   1.6809E-02   9.0838E-03 / 1.0200E-02   
3130   1.002E-05   9.0745E-03   1.6955E-02   9.0688E-03 / 1.0185E-02   
3140   1.002E-05   9.0563E-03   1.6984E-02   9.0551E-03 / 1.0213E-02   
3150   1.002E-05   9.0434E-03   1.6780E-02   9.0411E-03 / 1.0154E-02   
3160   1.002E-05   9.0244E-03   1.7019E-02   9.0224E-03 / 1.0155E-02   
3170   1.002E-05   9.0100E-03   1.7152E-02   9.0085E-03 / 1.0135E-02   
3180   1.002E-05   8.9951E-03   1.7198E-02   8.9932E-03 / 1.0157E-02   
3190   1.002E-05   8.9809E-03   1.6578E-02   8.9795E-03 / 1.0126E-02   
3200   1.002E-05   8.9652E-03   1.7024E-02   8.9630E-03 / 1.0134E-02   
3210   1.002E-05   8.9498E-03   1.7095E-02   8.9491E-03 / 1.0117E-02   
3220   1.002E-05   8.9361E-03   1.7352E-02   8.9326E-03 / 1.0121E-02   
3230   1.002E-05   8.9201E-03   1.6958E-02   8.9187E-03 / 1.0091E-02   
3240   1.002E-05   8.9088E-03   1.6773E-02   8.9069E-03 / 1.0111E-02   
3250   1.002E-05   8.8920E-03   1.6607E-02   8.8910E-03 / 1.0064E-02   
3260   1.002E-05   8.8772E-03   1.6750E-02   8.8751E-03 / 1.0086E-02   
3270   1.002E-05   8.8627E-03   1.6591E-02   8.8621E-03 / 1.0055E-02   
3280   1.002E-05   8.8489E-03   1.6591E-02   8.8468E-03 / 1.0043E-02   
3290   1.002E-05   8.8351E-03   1.7294E-02   8.8342E-03 / 1.0057E-02   
3300   1.002E-05   8.8211E-03   1.7410E-02   8.8200E-03 / 1.0065E-02   
3310   1.002E-05   8.8059E-03   1.6297E-02   8.8049E-03 / 1.0032E-02   
3320   1.002E-05   8.7912E-03   1.6543E-02   8.7903E-03 / 1.0041E-02   
3330   1.002E-05   8.7769E-03   1.7262E-02   8.7762E-03 / 1.0023E-02   
3340   1.002E-05   8.7637E-03   1.7386E-02   8.7629E-03 / 1.0037E-02   
3350   1.002E-05   8.7495E-03   1.6459E-02   8.7487E-03 / 1.0025E-02   
3360   1.002E-05   8.7366E-03   1.6993E-02   8.7357E-03 / 9.9526E-03   
3370   1.002E-05   8.7233E-03   1.6801E-02   8.7228E-03 / 1.0035E-02   
3380   1.002E-05   8.7103E-03   1.7547E-02   8.7095E-03 / 9.9954E-03   
3390   1.002E-05   8.6941E-03   1.7169E-02   8.6934E-03 / 9.9794E-03   
3400   1.002E-05   8.6817E-03   1.7515E-02   8.6808E-03 / 1.0002E-02   
3410   1.002E-05   8.6664E-03   1.7578E-02   8.6647E-03 / 9.9926E-03   
3420   1.002E-05   8.6540E-03   1.7341E-02   8.6530E-03 / 9.9627E-03   
3430   1.002E-05   8.6391E-03   1.7704E-02   8.6375E-03 / 9.9538E-03   
3440   1.002E-05   8.6255E-03   1.7542E-02   8.6243E-03 / 9.9405E-03   
3450   1.002E-05   8.6132E-03   1.7418E-02   8.6120E-03 / 9.9142E-03   
3460   1.002E-05   8.6000E-03   1.7536E-02   8.5993E-03 / 9.9211E-03   
3470   1.002E-05   8.5867E-03   1.7172E-02   8.5863E-03 / 9.9335E-03   
3480   1.002E-05   8.5740E-03   1.7803E-02   8.5697E-03 / 9.8958E-03   
3490   1.002E-05   8.5613E-03   1.7592E-02   8.5605E-03 / 9.8713E-03   
3500   1.002E-05   8.5482E-03   1.7282E-02   8.5468E-03 / 9.8555E-03   
3510   1.002E-05   8.5348E-03   1.7290E-02   8.5302E-03 / 9.9074E-03   
3520   1.002E-05   8.5224E-03   1.7617E-02   8.5220E-03 / 9.8714E-03   
3530   1.002E-05   8.5089E-03   1.8471E-02   8.5072E-03 / 9.8457E-03   
3540   1.002E-05   8.4975E-03   1.8141E-02   8.4954E-03 / 9.8877E-03   
3550   1.002E-05   8.4838E-03   1.7690E-02   8.4826E-03 / 9.8868E-03   
3560   1.002E-05   8.4731E-03   1.8455E-02   8.4726E-03 / 9.8824E-03   
3570   1.002E-05   8.4596E-03   1.8438E-02   8.4568E-03 / 9.8172E-03   
3580   1.002E-05   8.4473E-03   1.6711E-02   8.4462E-03 / 9.8349E-03   
3590   1.002E-05   8.4364E-03   1.8147E-02   8.4358E-03 / 9.8012E-03   
3600   1.002E-05   8.4214E-03   1.8336E-02   8.4198E-03 / 9.8019E-03   
3610   1.002E-05   8.4123E-03   1.8075E-02   8.4117E-03 / 9.8174E-03   
3620   1.002E-05   8.3981E-03   1.7963E-02   8.3976E-03 / 9.8162E-03   
3630   1.002E-05   8.3869E-03   1.7903E-02   8.3859E-03 / 9.7898E-03   
3640   1.002E-05   8.3736E-03   1.8685E-02   8.3725E-03 / 9.7791E-03   
3650   1.002E-05   8.3638E-03   1.7914E-02   8.3633E-03 / 9.7955E-03   
3660   1.002E-05   8.3537E-03   1.8823E-02   8.3529E-03 / 9.7631E-03   
3670   1.002E-05   8.3441E-03   1.8213E-02   8.3432E-03 / 9.7612E-03   
3680   1.002E-05   8.3297E-03   1.8435E-02   8.3291E-03 / 9.7449E-03   
3690   1.002E-05   8.3166E-03   1.8534E-02   8.3162E-03 / 9.7364E-03   
3700   1.002E-05   8.3049E-03   1.9084E-02   8.3039E-03 / 9.7613E-03   
3710   1.002E-05   8.2933E-03   1.8906E-02   8.2911E-03 / 9.7167E-03   
3720   1.002E-05   8.2828E-03   1.8353E-02   8.2823E-03 / 9.7340E-03   
3730   1.002E-05   8.2728E-03   1.8856E-02   8.2718E-03 / 9.6895E-03   
3740   1.002E-05   8.2658E-03   1.9023E-02   8.2650E-03 / 9.7049E-03   
3750   1.002E-05   8.2525E-03   1.8907E-02   8.2513E-03 / 9.6986E-03   
3760   1.002E-05   8.2375E-03   1.9013E-02   8.2366E-03 / 9.6847E-03   
3770   1.002E-05   8.2295E-03   1.8963E-02   8.2291E-03 / 9.7222E-03   
3780   1.002E-05   8.2150E-03   1.8941E-02   8.2138E-03 / 9.6607E-03   
3790   1.002E-05   8.2059E-03   1.9454E-02   8.2046E-03 / 9.6307E-03   
3800   1.002E-05   8.1954E-03   1.8860E-02   8.1949E-03 / 9.6529E-03   
3810   1.002E-05   8.1841E-03   1.9334E-02   8.1834E-03 / 9.6347E-03   
3820   1.002E-05   8.1746E-03   1.9253E-02   8.1734E-03 / 9.6347E-03   
3830   1.002E-05   8.1615E-03   2.0035E-02   8.1601E-03 / 9.6189E-03   
3840   1.002E-05   8.1523E-03   1.9509E-02   8.1517E-03 / 9.6497E-03   
3850   1.002E-05   8.1389E-03   1.9394E-02   8.1383E-03 / 9.6158E-03   
3860   1.002E-05   8.1290E-03   1.9369E-02   8.1281E-03 / 9.6064E-03   
3870   1.002E-05   8.1224E-03   1.9464E-02   8.1215E-03 / 9.5692E-03   
3880   1.002E-05   8.1077E-03   2.0298E-02   8.1047E-03 / 9.5891E-03   
3890   1.002E-05   8.0956E-03   2.0065E-02   8.0943E-03 / 9.5662E-03   
3900   1.002E-05   8.0852E-03   1.9887E-02   8.0820E-03 / 9.5298E-03   
3910   1.002E-05   8.0742E-03   1.9907E-02   8.0724E-03 / 9.5181E-03   
3920   1.002E-05   8.0658E-03   2.0253E-02   8.0649E-03 / 9.5282E-03   
3930   1.002E-05   8.0555E-03   1.9548E-02   8.0551E-03 / 9.5250E-03   
3940   1.002E-05   8.0444E-03   1.9895E-02   8.0437E-03 / 9.5315E-03   
3950   1.002E-05   8.0345E-03   1.9833E-02   8.0340E-03 / 9.5082E-03   
3960   1.002E-05   8.0243E-03   2.1046E-02   8.0228E-03 / 9.4926E-03   
3970   1.002E-05   8.0154E-03   1.9818E-02   8.0144E-03 / 9.4707E-03   
3980   1.002E-05   8.0043E-03   2.0327E-02   8.0024E-03 / 9.4861E-03   
3990   1.002E-05   7.9935E-03   2.1252E-02   7.9918E-03 / 9.4802E-03   
4000   1.002E-05   7.9844E-03   2.0726E-02   7.9825E-03 / 9.4537E-03   
4010   1.002E-05   7.9749E-03   2.0413E-02   7.9741E-03 / 9.4333E-03   
4020   1.002E-05   7.9660E-03   2.0075E-02   7.9640E-03 / 9.4541E-03   
4030   1.002E-05   7.9564E-03   2.0376E-02   7.9554E-03 / 9.4016E-03   
4040   1.002E-05   7.9457E-03   2.0980E-02   7.9448E-03 / 9.4106E-03   
4050   1.002E-05   7.9368E-03   2.1079E-02   7.9346E-03 / 9.4085E-03   
4060   1.002E-05   7.9304E-03   2.0171E-02   7.9300E-03 / 9.4211E-03   
4070   1.002E-05   7.9203E-03   2.1449E-02   7.9194E-03 / 9.4160E-03   
4080   1.002E-05   7.9100E-03   2.1979E-02   7.9081E-03 / 9.4202E-03   
4090   1.002E-05   7.9025E-03   2.2515E-02   7.9010E-03 / 9.4301E-03   
4100   1.002E-05   7.8918E-03   2.1236E-02   7.8912E-03 / 9.3830E-03   
4110   1.002E-05   7.8833E-03   2.1421E-02   7.8823E-03 / 9.3584E-03   
4120   1.002E-05   7.8737E-03   2.1115E-02   7.8731E-03 / 9.3196E-03   
4130   1.002E-05   7.8652E-03   2.1227E-02   7.8643E-03 / 9.3505E-03   
4140   1.002E-05   7.8594E-03   2.1625E-02   7.8585E-03 / 9.3813E-03   
4150   1.002E-05   7.8468E-03   2.1548E-02   7.8463E-03 / 9.3327E-03   
4160   1.002E-05   7.8372E-03   2.2023E-02   7.8364E-03 / 9.3276E-03   
4170   1.002E-05   7.8294E-03   2.2453E-02   7.8284E-03 / 9.3336E-03   
4180   1.002E-05   7.8206E-03   2.0891E-02   7.8195E-03 / 9.2815E-03   
4190   1.002E-05   7.8104E-03   2.3208E-02   7.8089E-03 / 9.3131E-03   
4200   1.002E-05   7.8037E-03   2.2587E-02   7.8030E-03 / 9.2977E-03   
4210   1.002E-05   7.7935E-03   2.2945E-02   7.7925E-03 / 9.2811E-03   
4220   1.002E-05   7.7882E-03   2.2992E-02   7.7869E-03 / 9.2738E-03   
4230   1.002E-05   7.7770E-03   2.2759E-02   7.7760E-03 / 9.2510E-03   
4240   1.002E-05   7.7674E-03   2.3141E-02   7.7654E-03 / 9.2467E-03   
4250   1.002E-05   7.7588E-03   2.3420E-02   7.7569E-03 / 9.2586E-03   
4260   1.002E-05   7.7517E-03   2.3200E-02   7.7506E-03 / 9.2399E-03   
4270   1.002E-05   7.7423E-03   2.3393E-02   7.7394E-03 / 9.2339E-03   
4280   1.002E-05   7.7359E-03   2.2727E-02   7.7334E-03 / 9.1996E-03   
4290   1.002E-05   7.7279E-03   2.3996E-02   7.7268E-03 / 9.2122E-03   
4300   1.002E-05   7.7202E-03   2.3891E-02   7.7178E-03 / 9.1947E-03   
4310   1.002E-05   7.7088E-03   2.4031E-02   7.7070E-03 / 9.1876E-03   
4320   1.002E-05   7.7028E-03   2.3970E-02   7.7003E-03 / 9.1899E-03   
4330   1.002E-05   7.6922E-03   2.4004E-02   7.6910E-03 / 9.1977E-03   
4340   1.002E-05   7.6837E-03   2.4465E-02   7.6811E-03 / 9.1880E-03   
4350   1.002E-05   7.6771E-03   2.3612E-02   7.6759E-03 / 9.1936E-03   
4360   1.002E-05   7.6651E-03   2.4322E-02   7.6638E-03 / 9.1583E-03   
4370   1.002E-05   7.6596E-03   2.3998E-02   7.6590E-03 / 9.1021E-03   
4380   1.002E-05   7.6525E-03   2.3548E-02   7.6496E-03 / 9.1326E-03   
4390   1.002E-05   7.6416E-03   2.3980E-02   7.6405E-03 / 9.1359E-03   
4400   1.002E-05   7.6373E-03   2.4433E-02   7.6356E-03 / 9.0767E-03   
4410   1.002E-05   7.6298E-03   2.5197E-02   7.6262E-03 / 9.0545E-03   
4420   1.002E-05   7.6165E-03   2.4730E-02   7.6152E-03 / 9.1025E-03   
4430   1.002E-05   7.6101E-03   2.4840E-02   7.6085E-03 / 9.0873E-03   
4440   1.002E-05   7.6000E-03   2.4694E-02   7.5990E-03 / 9.0722E-03   
4450   1.002E-05   7.5929E-03   2.5629E-02   7.5919E-03 / 9.0680E-03   
4460   1.002E-05   7.5869E-03   2.5234E-02   7.5851E-03 / 9.1011E-03   
4470   1.002E-05   7.5775E-03   2.5099E-02   7.5765E-03 / 9.0503E-03   
4480   1.002E-05   7.5696E-03   2.4802E-02   7.5687E-03 / 9.0114E-03   
4490   1.002E-05   7.5614E-03   2.4979E-02   7.5604E-03 / 9.0331E-03   
4500   1.002E-05   7.5525E-03   2.5246E-02   7.5511E-03 / 9.0473E-03   
4510   1.002E-05   7.5464E-03   2.4678E-02   7.5454E-03 / 8.9992E-03   
4520   1.002E-05   7.5398E-03   2.5869E-02   7.5377E-03 / 9.0171E-03   
4530   1.002E-05   7.5295E-03   2.5185E-02   7.5279E-03 / 8.9862E-03   
4540   1.002E-05   7.5211E-03   2.6158E-02   7.5203E-03 / 9.0255E-03   
4550   1.002E-05   7.5147E-03   2.5506E-02   7.5140E-03 / 8.9936E-03   
4560   1.002E-05   7.5062E-03   2.6361E-02   7.5054E-03 / 8.9687E-03   
4570   1.002E-05   7.4981E-03   2.6201E-02   7.4970E-03 / 8.9880E-03   
4580   1.002E-05   7.4928E-03   2.7053E-02   7.4911E-03 / 8.9797E-03   
4590   1.002E-05   7.4825E-03   2.7277E-02   7.4802E-03 / 8.9617E-03   
BEST MODEL
===============================================================================================================
1965   1.002E-05   1.1598E-02   1.4316E-02   1.1597E-02 / 1.1583E-02   
===============================================================================================================
Saved model to /home/nikki/kan/kanTBNN/models/multi_run_phll/phll_experiment_3/kanTBNN-25Feb02_03:14:31.pickle
