========== Dataset info ==========
Dataset params: {'file': '/home/nikki/kan/data/turbulence_dataset_clean.csv', 'Cases': ['fp_1000', 'fp_1410', 'fp_2000', 'fp_2540', 'fp_3030', 'fp_3270', 'fp_3630', 'fp_3970', 'fp_4060'], 'val_set': ['fp_3030', 'fp_1410', 'fp_4060'], 'test_set': ['fp_3630'], 'data_loader': <class 'tbnn.dataloaders.aDataset'>}
Train/Valid/Test points: 760 / 468 / 168
Memorization?: False
Cluster training?: False
EPOCH     LR        TRAIN         VALID             MSE:T/V                  RL:T/V             %NR_t/%NR_v
===============================================================================================================
  1   4.615E-03   1.4131E-01   1.3713E-01   1.4131E-01 / 1.3713E-01   
 10   4.615E-03   2.9349E-03   2.7381E-03   2.9328E-03 / 2.7358E-03   
 20   4.615E-03   1.8946E-03   1.8336E-03   1.8941E-03 / 1.8330E-03   
 30   4.615E-03   1.3989E-03   1.3753E-03   1.3986E-03 / 1.3751E-03   
 40   4.615E-03   1.1152E-03   1.1113E-03   1.1149E-03 / 1.1109E-03   
 50   4.615E-03   9.3420E-04   9.3683E-04   9.3401E-04 / 9.3663E-04   
 60   4.615E-03   7.8554E-04   7.8997E-04   7.8539E-04 / 7.8976E-04   
 70   4.615E-03   6.7151E-04   6.8011E-04   6.7149E-04 / 6.8009E-04   
 80   4.615E-03   5.8709E-04   6.0058E-04   5.8707E-04 / 6.0057E-04   
 90   4.615E-03   5.1881E-04   5.3182E-04   5.1877E-04 / 5.3181E-04   
100   4.615E-03   4.6861E-04   4.8237E-04   4.6858E-04 / 4.8237E-04   
110   4.615E-03   4.2383E-04   4.3494E-04   4.2381E-04 / 4.3493E-04   
120   4.615E-03   3.8811E-04   3.9820E-04   3.8810E-04 / 3.9819E-04   
130   4.615E-03   3.5918E-04   3.6962E-04   3.5917E-04 / 3.6962E-04   
140   4.615E-03   3.3348E-04   3.4181E-04   3.3348E-04 / 3.4181E-04   
150   4.615E-03   3.1081E-04   3.2027E-04   3.1079E-04 / 3.2026E-04   
160   4.615E-03   2.9152E-04   3.0074E-04   2.9152E-04 / 3.0074E-04   
170   4.615E-03   2.7481E-04   2.8272E-04   2.7481E-04 / 2.8272E-04   
180   4.615E-03   2.6032E-04   2.6828E-04   2.6032E-04 / 2.6828E-04   
190   4.615E-03   2.4639E-04   2.5380E-04   2.4638E-04 / 2.5380E-04   
200   4.615E-03   2.3509E-04   2.4558E-04   2.3507E-04 / 2.4558E-04   
210   4.615E-03   2.2772E-04   2.3270E-04   2.2772E-04 / 2.3270E-04   
220   4.615E-03   2.1472E-04   2.2269E-04   2.1472E-04 / 2.2269E-04   
230   4.615E-03   2.0188E-04   2.1145E-04   2.0188E-04 / 2.1145E-04   
240   4.615E-03   1.9242E-04   2.0380E-04   1.9242E-04 / 2.0380E-04   
250   4.615E-03   1.8886E-04   2.0123E-04   1.8886E-04 / 2.0123E-04   
260   4.615E-03   1.7948E-04   1.8876E-04   1.7918E-04 / 1.8856E-04   
270   4.615E-03   1.7613E-04   1.8534E-04   1.7613E-04 / 1.8534E-04   
280   4.615E-03   2.0103E-04   2.1824E-04   2.0103E-04 / 2.1824E-04   
290   4.615E-03   1.6659E-04   1.7720E-04   1.6658E-04 / 1.7718E-04   
300   4.615E-03   1.5196E-04   1.6404E-04   1.5190E-04 / 1.6394E-04   
310   4.615E-03   1.5133E-04   1.6038E-04   1.5132E-04 / 1.6035E-04   
320   4.615E-03   1.4366E-04   1.5523E-04   1.4360E-04 / 1.5515E-04   
330   4.615E-03   1.3650E-04   1.5018E-04   1.3649E-04 / 1.5016E-04   
340   4.615E-03   1.3466E-04   1.4974E-04   1.3453E-04 / 1.4961E-04   
350   4.615E-03   1.3121E-04   1.3993E-04   1.3118E-04 / 1.3991E-04   
360   4.615E-03   1.3128E-04   1.4281E-04   1.3027E-04 / 1.4200E-04   
370   4.615E-03   1.5585E-04   1.6424E-04   1.5584E-04 / 1.6424E-04   
380   4.615E-03   1.1704E-04   1.3230E-04   1.1701E-04 / 1.3229E-04   
390   4.615E-03   1.1136E-04   1.2388E-04   1.1136E-04 / 1.2388E-04   
400   4.615E-03   1.1246E-04   1.2460E-04   1.1245E-04 / 1.2459E-04   
410   4.615E-03   1.1070E-04   1.2292E-04   1.1069E-04 / 1.2292E-04   
420   4.615E-03   1.0241E-04   1.1358E-04   1.0235E-04 / 1.1352E-04   
430   4.615E-03   9.9821E-05   1.1234E-04   9.9616E-05 / 1.1226E-04   
440   4.615E-03   9.7793E-05   1.0926E-04   9.7752E-05 / 1.0925E-04   
450   4.615E-03   9.3406E-05   1.0478E-04   9.3018E-05 / 1.0451E-04   
460   4.615E-03   9.2937E-05   1.0432E-04   9.2639E-05 / 1.0415E-04   
470   4.615E-03   9.6508E-05   1.0823E-04   9.6508E-05 / 1.0823E-04   
480   4.615E-03   9.2203E-05   1.0515E-04   9.1463E-05 / 1.0463E-04   
490   4.615E-03   8.8885E-05   1.0716E-04   8.8709E-05 / 1.0707E-04   
500   4.615E-03   9.2057E-05   1.0330E-04   9.2057E-05 / 1.0330E-04   
510   4.615E-03   8.3140E-05   9.6739E-05   8.3140E-05 / 9.6739E-05   
520   4.615E-03   7.7528E-05   9.1486E-05   7.7526E-05 / 9.1483E-05   
530   4.615E-03   7.8328E-05   9.0825E-05   7.7906E-05 / 9.0432E-05   
540   4.615E-03   1.0892E-04   1.2710E-04   1.0889E-04 / 1.2705E-04   
550   4.615E-03   7.1510E-05   8.3732E-05   7.1497E-05 / 8.3703E-05   
560   4.615E-03   6.9856E-05   8.3825E-05   6.9856E-05 / 8.3824E-05   
570   4.615E-03   6.8227E-05   8.2703E-05   6.7859E-05 / 8.2321E-05   
580   4.615E-03   6.7095E-05   8.1374E-05   6.7090E-05 / 8.1364E-05   
590   4.615E-03   6.6611E-05   7.9891E-05   6.6604E-05 / 7.9891E-05   
600   4.615E-03   7.7156E-05   9.1296E-05   7.7121E-05 / 9.1289E-05   
610   4.615E-03   7.7909E-05   9.0130E-05   7.7408E-05 / 8.9693E-05   
620   4.615E-03   6.3425E-05   7.8198E-05   6.2330E-05 / 7.7214E-05   
630   4.615E-03   5.8461E-05   7.3995E-05   5.8250E-05 / 7.3785E-05   
640   4.615E-03   6.2408E-05   7.9165E-05   6.2406E-05 / 7.9165E-05   
650   4.615E-03   6.0546E-05   7.5456E-05   6.0513E-05 / 7.5432E-05   
660   4.615E-03   5.6063E-05   7.2082E-05   5.6021E-05 / 7.2052E-05   
670   4.615E-03   7.4641E-05   8.4198E-05   7.4631E-05 / 8.4198E-05   
680   4.615E-03   6.0270E-05   8.0543E-05   6.0270E-05 / 8.0543E-05   
690   4.615E-03   5.0609E-05   6.8376E-05   5.0586E-05 / 6.8370E-05   
700   4.615E-03   5.0170E-05   6.6339E-05   4.9397E-05 / 6.5717E-05   
710   4.615E-03   4.7071E-05   6.2271E-05   4.7027E-05 / 6.2255E-05   
720   4.615E-03   4.5628E-05   6.2786E-05   4.5614E-05 / 6.2783E-05   
730   4.615E-03   4.9850E-05   6.4469E-05   4.9717E-05 / 6.4417E-05   
740   4.615E-03   4.6382E-05   6.4502E-05   4.6380E-05 / 6.4502E-05   
750   4.615E-03   4.7811E-05   6.5510E-05   4.7489E-05 / 6.5298E-05   
760   4.615E-03   4.2553E-05   6.0835E-05   4.2506E-05 / 6.0819E-05   
770   4.615E-03   4.6317E-05   5.9769E-05   4.5891E-05 / 5.9433E-05   
780   4.615E-03   4.3523E-05   6.2213E-05   4.3509E-05 / 6.2209E-05   
790   4.615E-03   4.4821E-05   6.1032E-05   4.4820E-05 / 6.1032E-05   
800   4.615E-03   3.8927E-05   5.4489E-05   3.8761E-05 / 5.4385E-05   
810   4.615E-03   5.0877E-05   7.3898E-05   5.0866E-05 / 7.3892E-05   
820   4.615E-03   4.8542E-05   6.3891E-05   4.7285E-05 / 6.2839E-05   
830   4.615E-03   3.7334E-05   5.3054E-05   3.7289E-05 / 5.3050E-05   
840   4.615E-03   6.1067E-05   7.3393E-05   6.1046E-05 / 7.3379E-05   
850   4.615E-03   3.6221E-05   5.6194E-05   3.6080E-05 / 5.6088E-05   
860   4.615E-03   3.4305E-05   5.1237E-05   3.4305E-05 / 5.1237E-05   
870   4.615E-03   3.5998E-05   5.1215E-05   3.5998E-05 / 5.1215E-05   
880   4.615E-03   3.4537E-05   4.9468E-05   3.4537E-05 / 4.9468E-05   
890   4.615E-03   3.2578E-05   4.9564E-05   3.2574E-05 / 4.9564E-05   
900   4.615E-03   4.3432E-05   6.5363E-05   4.3426E-05 / 6.5354E-05   
910   4.615E-03   4.2869E-05   5.9693E-05   4.2856E-05 / 5.9684E-05   
920   4.615E-03   3.3255E-05   4.8239E-05   3.3087E-05 / 4.8080E-05   
930   4.615E-03   3.2356E-05   4.5556E-05   3.2106E-05 / 4.5331E-05   
940   4.615E-03   3.4662E-05   4.8079E-05   3.4322E-05 / 4.7855E-05   
950   4.615E-03   3.1601E-05   4.6430E-05   3.1539E-05 / 4.6370E-05   
960   4.615E-03   4.0140E-05   4.7906E-05   4.0119E-05 / 4.7889E-05   
970   4.615E-03   2.8888E-05   4.4592E-05   2.8456E-05 / 4.4265E-05   
980   4.615E-03   2.8846E-05   4.4334E-05   2.8837E-05 / 4.4332E-05   
990   4.615E-03   3.1719E-05   4.8456E-05   3.1719E-05 / 4.8456E-05   
1000   4.615E-03   2.7705E-05   4.2791E-05   2.7537E-05 / 4.2665E-05   
1010   4.615E-03   3.4697E-05   5.1830E-05   3.4463E-05 / 5.1673E-05   
1020   4.615E-03   3.9205E-05   5.4425E-05   3.9076E-05 / 5.4333E-05   
1030   4.615E-03   5.6237E-05   6.7261E-05   5.6103E-05 / 6.7217E-05   
1040   4.615E-03   3.1832E-05   4.5150E-05   2.9669E-05 / 4.3348E-05   
1050   4.615E-03   2.6094E-05   3.9861E-05   2.6065E-05 / 3.9856E-05   
1060   4.615E-03   2.7747E-05   4.2245E-05   2.6924E-05 / 4.1540E-05   
1070   4.615E-03   2.7314E-05   4.0387E-05   2.6816E-05 / 3.9963E-05   
1080   4.615E-03   2.7670E-05   3.9871E-05   2.7668E-05 / 3.9871E-05   
1090   4.615E-03   8.6510E-05   8.7817E-05   8.4853E-05 / 8.6387E-05   
1100   4.615E-03   2.6472E-05   3.7100E-05   2.6389E-05 / 3.7046E-05   
1110   4.615E-03   2.4465E-05   3.6433E-05   2.3845E-05 / 3.5903E-05   
1120   4.615E-03   2.7092E-05   3.9563E-05   2.5895E-05 / 3.8510E-05   
1130   4.615E-03   2.5669E-05   3.6469E-05   2.5538E-05 / 3.6365E-05   
1140   4.615E-03   2.3773E-05   3.6756E-05   2.3679E-05 / 3.6717E-05   
1150   4.615E-03   2.7761E-05   4.4530E-05   2.7594E-05 / 4.4433E-05   
1160   4.615E-03   3.6267E-05   4.7840E-05   3.6125E-05 / 4.7786E-05   
1170   4.615E-03   2.2967E-05   3.6441E-05   2.2950E-05 / 3.6437E-05   
1180   4.615E-03   2.2297E-05   3.5079E-05   2.2273E-05 / 3.5072E-05   
1190   4.615E-03   3.3750E-05   4.5072E-05   3.3749E-05 / 4.5072E-05   
1200   4.615E-03   3.2532E-05   4.1822E-05   3.2181E-05 / 4.1528E-05   
1210   4.615E-03   2.3787E-05   3.7112E-05   2.3731E-05 / 3.7092E-05   
1220   4.615E-03   2.3270E-05   3.4222E-05   2.3192E-05 / 3.4183E-05   
1230   4.615E-03   2.4909E-05   3.8533E-05   2.4018E-05 / 3.7752E-05   
1240   4.615E-03   2.1638E-05   3.4535E-05   2.1555E-05 / 3.4489E-05   
1250   4.615E-03   3.0938E-05   4.1557E-05   2.9983E-05 / 4.0804E-05   
1260   4.615E-03   2.2850E-05   3.6311E-05   2.2850E-05 / 3.6311E-05   
1270   4.615E-03   2.4379E-05   3.6412E-05   2.4029E-05 / 3.6108E-05   
1280   4.615E-03   2.3557E-05   3.7808E-05   2.3555E-05 / 3.7807E-05   
1290   4.615E-03   2.0484E-05   3.4112E-05   1.9773E-05 / 3.3511E-05   
1300   4.615E-03   2.1399E-05   3.4646E-05   2.1393E-05 / 3.4644E-05   
1310   4.615E-03   2.0942E-05   3.4944E-05   2.0685E-05 / 3.4775E-05   
1320   4.615E-03   2.2355E-05   3.4715E-05   2.2270E-05 / 3.4672E-05   
1330   4.615E-03   2.0320E-05   3.1262E-05   2.0213E-05 / 3.1186E-05   
1340   4.615E-03   1.9448E-05   3.1706E-05   1.9448E-05 / 3.1706E-05   
1350   4.615E-03   1.9803E-05   3.3620E-05   1.9765E-05 / 3.3595E-05   
1360   4.615E-03   2.0214E-05   3.2290E-05   2.0132E-05 / 3.2243E-05   
1370   4.615E-03   1.7690E-05   2.8952E-05   1.7670E-05 / 2.8949E-05   
1380   4.615E-03   1.7070E-05   2.9822E-05   1.7064E-05 / 2.9822E-05   
1390   4.615E-03   2.3644E-05   3.8768E-05   2.3117E-05 / 3.8327E-05   
1400   4.615E-03   1.7794E-05   3.1466E-05   1.7728E-05 / 3.1437E-05   
1410   4.615E-03   2.3107E-05   4.0370E-05   2.2930E-05 / 4.0230E-05   
1420   4.615E-03   1.8402E-05   2.8223E-05   1.8363E-05 / 2.8203E-05   
1430   4.615E-03   1.5800E-05   2.8426E-05   1.5706E-05 / 2.8353E-05   
1440   4.615E-03   1.7549E-05   2.8645E-05   1.7549E-05 / 2.8645E-05   
1450   4.615E-03   1.6689E-05   2.8367E-05   1.6668E-05 / 2.8349E-05   
1460   4.615E-03   1.5450E-05   2.8403E-05   1.5446E-05 / 2.8399E-05   
1470   4.615E-03   1.5203E-05   2.8442E-05   1.5113E-05 / 2.8401E-05   
1480   4.615E-03   1.8903E-05   2.8016E-05   1.8879E-05 / 2.7992E-05   
1490   4.615E-03   1.9395E-05   3.1150E-05   1.9395E-05 / 3.1150E-05   
1500   4.615E-03   2.1410E-05   3.6473E-05   2.1405E-05 / 3.6473E-05   
1510   4.615E-03   1.5488E-05   2.7178E-05   1.5487E-05 / 2.7178E-05   
1520   4.615E-03   1.5171E-05   2.7593E-05   1.4553E-05 / 2.7118E-05   
1530   4.615E-03   1.4519E-05   2.7616E-05   1.4513E-05 / 2.7616E-05   
1540   4.615E-03   1.6741E-05   3.1252E-05   1.6237E-05 / 3.0834E-05   
1550   4.615E-03   2.1235E-05   3.5258E-05   2.1228E-05 / 3.5257E-05   
1560   4.615E-03   1.6512E-05   2.9153E-05   1.6422E-05 / 2.9091E-05   
1570   4.615E-03   1.5461E-05   2.7998E-05   1.5450E-05 / 2.7996E-05   
1580   4.615E-03   1.7077E-05   2.9890E-05   1.7067E-05 / 2.9890E-05   
1590   4.615E-03   1.5564E-05   3.0053E-05   1.5494E-05 / 3.0022E-05   
1600   4.615E-03   1.5275E-05   2.7696E-05   1.5275E-05 / 2.7696E-05   
1610   4.615E-03   1.8519E-05   3.0163E-05   1.8519E-05 / 3.0163E-05   
1620   4.615E-03   1.2773E-05   2.5319E-05   1.2722E-05 / 2.5294E-05   
1630   4.615E-03   1.2312E-05   2.5267E-05   1.2278E-05 / 2.5256E-05   
1640   4.615E-03   1.4553E-05   2.7179E-05   1.4553E-05 / 2.7179E-05   
1650   4.615E-03   1.4263E-05   2.7198E-05   1.4170E-05 / 2.7155E-05   
1660   4.615E-03   1.3743E-05   2.7870E-05   1.3702E-05 / 2.7862E-05   
1670   4.615E-03   1.3895E-05   2.6886E-05   1.3831E-05 / 2.6853E-05   
1680   4.615E-03   3.1925E-05   4.6657E-05   3.1860E-05 / 4.6623E-05   
1690   4.615E-03   1.4486E-05   2.7566E-05   1.4484E-05 / 2.7566E-05   
1700   4.615E-03   1.2824E-05   2.5210E-05   1.2714E-05 / 2.5138E-05   
1710   4.615E-03   1.2947E-05   2.6375E-05   1.2933E-05 / 2.6372E-05   
1720   4.615E-03   1.3076E-05   2.6031E-05   1.3058E-05 / 2.6028E-05   
1730   4.615E-03   1.1857E-05   2.5521E-05   1.1844E-05 / 2.5516E-05   
1740   4.615E-03   1.2236E-05   2.6175E-05   1.2076E-05 / 2.6039E-05   
1750   4.615E-03   1.6794E-05   2.8100E-05   1.6511E-05 / 2.7905E-05   
1760   4.615E-03   1.2375E-05   2.5146E-05   1.2086E-05 / 2.4879E-05   
1770   4.615E-03   1.4082E-05   2.9896E-05   1.4024E-05 / 2.9856E-05   
1780   4.615E-03   1.6170E-05   2.7387E-05   1.6045E-05 / 2.7330E-05   
1790   4.615E-03   1.3212E-05   2.7294E-05   1.2974E-05 / 2.7093E-05   
1800   4.615E-03   1.3676E-05   2.8850E-05   1.3641E-05 / 2.8829E-05   
1810   4.615E-03   1.1553E-05   2.3946E-05   1.1254E-05 / 2.3675E-05   
1820   4.615E-03   1.1811E-05   2.5145E-05   1.1534E-05 / 2.4973E-05   
1830   4.615E-03   1.3417E-05   2.8834E-05   1.2812E-05 / 2.8294E-05   
1840   4.615E-03   1.7130E-05   2.7735E-05   1.7072E-05 / 2.7683E-05   
1850   4.615E-03   1.4999E-05   2.4902E-05   1.4999E-05 / 2.4902E-05   
1860   4.615E-03   1.1663E-05   2.4935E-05   1.1663E-05 / 2.4935E-05   
1870   4.615E-03   1.1580E-05   2.5723E-05   1.1023E-05 / 2.5217E-05   
1880   4.615E-03   1.2429E-05   2.7308E-05   1.2429E-05 / 2.7308E-05   
1890   4.615E-03   1.1503E-05   2.5623E-05   1.1407E-05 / 2.5545E-05   
1900   4.615E-03   1.4031E-05   2.8307E-05   1.3935E-05 / 2.8224E-05   
1910   4.615E-03   1.1281E-05   2.5155E-05   1.1050E-05 / 2.4958E-05   
1920   4.615E-03   1.1042E-05   2.4880E-05   1.1042E-05 / 2.4880E-05   
1930   4.615E-03   1.2490E-05   2.8374E-05   1.2481E-05 / 2.8374E-05   
1940   4.615E-03   1.3745E-05   2.7446E-05   1.3745E-05 / 2.7446E-05   
1950   4.615E-03   1.1540E-05   2.6050E-05   1.1540E-05 / 2.6050E-05   
1960   4.615E-03   1.6665E-05   3.2366E-05   1.6611E-05 / 3.2352E-05   
1970   4.615E-03   1.6290E-05   2.7567E-05   1.5609E-05 / 2.7057E-05   
1980   4.615E-03   1.3147E-05   2.9654E-05   1.3114E-05 / 2.9621E-05   
1990   4.615E-03   1.5857E-05   2.8043E-05   1.5314E-05 / 2.7597E-05   
2000   4.615E-03   1.1456E-05   2.5014E-05   1.1254E-05 / 2.4843E-05   
2010   4.615E-03   1.4495E-05   2.9646E-05   1.4495E-05 / 2.9646E-05   
2020   4.615E-03   1.1265E-05   2.5513E-05   1.1255E-05 / 2.5495E-05   
2030   4.615E-03   1.3023E-05   2.6876E-05   1.2792E-05 / 2.6701E-05   
2040   4.615E-03   1.3268E-05   2.8452E-05   1.3255E-05 / 2.8430E-05   
2050   4.615E-03   1.3280E-05   2.7663E-05   1.3273E-05 / 2.7663E-05   
2060   4.615E-03   1.1810E-05   2.5282E-05   1.1809E-05 / 2.5279E-05   
2070   4.615E-03   1.0871E-05   2.5062E-05   1.0400E-05 / 2.4644E-05   
2080   4.615E-03   1.0300E-05   2.5388E-05   1.0292E-05 / 2.5376E-05   
2090   4.615E-03   1.1889E-05   2.4977E-05   1.1364E-05 / 2.4523E-05   
2100   4.615E-03   2.3637E-05   3.7523E-05   2.1774E-05 / 3.5925E-05   
2110   4.615E-03   1.2420E-05   2.5232E-05   1.1849E-05 / 2.4786E-05   
2120   4.615E-03   1.0749E-05   2.5822E-05   1.0418E-05 / 2.5533E-05   
2130   4.615E-03   1.2692E-05   2.5971E-05   1.2096E-05 / 2.5450E-05   
2140   4.615E-03   1.0756E-05   2.6232E-05   1.0721E-05 / 2.6184E-05   
2150   4.615E-03   1.0865E-05   2.5632E-05   1.0865E-05 / 2.5630E-05   
2160   4.615E-03   1.1398E-05   2.8557E-05   1.1339E-05 / 2.8486E-05   
2170   4.615E-03   1.0663E-05   2.3636E-05   1.0396E-05 / 2.3447E-05   
2180   4.615E-03   1.2459E-05   2.9490E-05   1.2459E-05 / 2.9488E-05   
2190   4.615E-03   1.0945E-05   2.5295E-05   1.0944E-05 / 2.5290E-05   
2200   4.615E-03   1.0499E-05   2.5995E-05   1.0471E-05 / 2.5956E-05   
2210   4.615E-03   1.7986E-05   3.4020E-05   1.7880E-05 / 3.3952E-05   
2220   4.615E-03   1.1744E-05   2.5548E-05   1.1744E-05 / 2.5548E-05   
2230   4.615E-03   1.6076E-05   2.8826E-05   1.5983E-05 / 2.8726E-05   
2240   4.615E-03   1.0645E-05   2.4889E-05   1.0644E-05 / 2.4886E-05   
2250   4.615E-03   1.0924E-05   2.4235E-05   1.0924E-05 / 2.4232E-05   
2260   4.615E-03   1.0761E-05   2.3352E-05   1.0751E-05 / 2.3334E-05   
BEST MODEL
===============================================================================================================
1998   4.615E-03   1.1665E-05   2.2823E-05   1.1664E-05 / 2.2820E-05   
===============================================================================================================
Saved model to /home/nikki/kan/kanTBNN/models/multi_run/kan_experiment_147_opt/kanTBNN-24Nov08_07:30:59.pickle
