=====> WARNING: Training dataset length: 0, assuming memorization test!
========== Dataset info ==========
Dataset params: {'file': '/home/ryley/WDK/ML/dataset/turbulence_dataset_clean.csv', 'Cases': ['case_1p2'], 'val_set': ['case_1p2'], 'test_set': ['case_1p2'], 'data_loader': <class 'tbnn.dataloaders.aDataset'>}
Train/Valid/Test points: 14751 / 14751 / 14751
Memorization?: True
Cluster training?: False
EPOCH     LR        TRAIN         VALID             MSE:T/V                  RL:T/V             %NR_t/%NR_v
===============================================================================================================
  1   1.000E-04   3.6268E+00   3.6268E+00   3.6000E+00 / 3.6000E+00   1.1252E-06 / 1.1252E-06   0.17% / 0.17%
 10   1.000E-04   1.9996E+00   1.9996E+00   1.9698E+00 / 1.9698E+00   1.2077E-06 / 1.2077E-06   0.20% / 0.20%
 20   1.000E-04   1.8905E+00   1.8905E+00   1.8625E+00 / 1.8625E+00   1.1760E-06 / 1.1760E-06   0.20% / 0.20%
 30   1.000E-04   1.8065E+00   1.8065E+00   1.7754E+00 / 1.7754E+00   1.3895E-06 / 1.3895E-06   0.19% / 0.19%
 40   1.000E-04   1.7499E+00   1.7499E+00   1.7111E+00 / 1.7111E+00   1.7964E-06 / 1.7964E-06   0.27% / 0.27%
 50   1.000E-04   1.7238E+00   1.7238E+00   1.6807E+00 / 1.6807E+00   2.0326E-06 / 2.0326E-06   0.28% / 0.28%
 60   1.000E-04   1.6951E+00   1.6951E+00   1.6493E+00 / 1.6493E+00   2.1991E-06 / 2.1991E-06   0.26% / 0.26%
 70   1.000E-04   1.4904E+00   1.4904E+00   1.4210E+00 / 1.4210E+00   2.8764E-06 / 2.8764E-06   0.37% / 0.37%
 80   1.000E-04   1.3729E+00   1.3729E+00   1.2888E+00 / 1.2888E+00   3.2311E-06 / 3.2311E-06   0.48% / 0.48%
 90   1.000E-04   1.2743E+00   1.2743E+00   1.1911E+00 / 1.1911E+00   3.2767E-06 / 3.2767E-06   0.40% / 0.40%
100   1.000E-04   1.1837E+00   1.1837E+00   1.0969E+00 / 1.0969E+00   3.3932E-06 / 3.3932E-06   0.40% / 0.40%
110   1.000E-04   1.0856E+00   1.0856E+00   1.0203E+00 / 1.0203E+00   2.6795E-06 / 2.6795E-06   0.37% / 0.37%
120   1.000E-04   9.9968E-01   9.9968E-01   9.5094E-01 / 9.5094E-01   2.0751E-06 / 2.0751E-06   0.37% / 0.37%
130   1.000E-04   9.5405E-01   9.5405E-01   9.1399E-01 / 9.1399E-01   1.7538E-06 / 1.7538E-06   0.42% / 0.42%
140   1.000E-04   8.8578E-01   8.8578E-01   8.5445E-01 / 8.5445E-01   1.4411E-06 / 1.4411E-06   0.31% / 0.31%
150   1.000E-04   8.4730E-01   8.4730E-01   8.1938E-01 / 8.1938E-01   1.3035E-06 / 1.3035E-06   0.31% / 0.31%
160   1.000E-04   8.2288E-01   8.2288E-01   7.9765E-01 / 7.9765E-01   1.1634E-06 / 1.1634E-06   0.32% / 0.32%
170   1.000E-04   8.0441E-01   8.0441E-01   7.7964E-01 / 7.7964E-01   1.1606E-06 / 1.1606E-06   0.34% / 0.34%
180   1.000E-04   7.8396E-01   7.8396E-01   7.6451E-01 / 7.6451E-01   9.4105E-07 / 9.4105E-07   0.28% / 0.28%
190   1.000E-04   7.7219E-01   7.7219E-01   7.5250E-01 / 7.5250E-01   9.1952E-07 / 9.1952E-07   0.30% / 0.30%
200   1.000E-04   7.5795E-01   7.5795E-01   7.4032E-01 / 7.4032E-01   7.8733E-07 / 7.8733E-07   0.25% / 0.25%
210   1.000E-04   7.3996E-01   7.3996E-01   7.2449E-01 / 7.2449E-01   6.9849E-07 / 6.9849E-07   0.23% / 0.23%
220   1.000E-04   7.2918E-01   7.2918E-01   7.1533E-01 / 7.1533E-01   6.3556E-07 / 6.3556E-07   0.19% / 0.19%
230   1.000E-04   7.2102E-01   7.2102E-01   7.0757E-01 / 7.0757E-01   5.9305E-07 / 5.9305E-07   0.22% / 0.22%
240   1.000E-04   7.0325E-01   7.0325E-01   6.8873E-01 / 6.8873E-01   6.1547E-07 / 6.1547E-07   0.22% / 0.22%
250   1.000E-04   6.9411E-01   6.9411E-01   6.7678E-01 / 6.7678E-01   7.1997E-07 / 7.1997E-07   0.26% / 0.26%
260   1.000E-04   6.8292E-01   6.8292E-01   6.7077E-01 / 6.7077E-01   5.1675E-07 / 5.1675E-07   0.21% / 0.21%
270   1.000E-04   6.7722E-01   6.7722E-01   6.6607E-01 / 6.6607E-01   4.5354E-07 / 4.5354E-07   0.20% / 0.20%
280   1.000E-04   6.6708E-01   6.6708E-01   6.5605E-01 / 6.5605E-01   4.4335E-07 / 4.4335E-07   0.21% / 0.21%
290   1.000E-04   6.6198E-01   6.6198E-01   6.5187E-01 / 6.5187E-01   4.1100E-07 / 4.1100E-07   0.20% / 0.20%
300   1.000E-04   6.4778E-01   6.4778E-01   6.3701E-01 / 6.3701E-01   4.2277E-07 / 4.2277E-07   0.22% / 0.22%
310   1.000E-04   6.4250E-01   6.4250E-01   6.3446E-01 / 6.3446E-01   3.2090E-07 / 3.2090E-07   0.16% / 0.16%
320   1.000E-04   6.3558E-01   6.3558E-01   6.2712E-01 / 6.2712E-01   3.3345E-07 / 3.3345E-07   0.18% / 0.18%
330   1.000E-04   6.2532E-01   6.2532E-01   6.1502E-01 / 6.1502E-01   3.9251E-07 / 3.9251E-07   0.22% / 0.22%
340   1.000E-04   6.2055E-01   6.2055E-01   6.1221E-01 / 6.1221E-01   3.2201E-07 / 3.2201E-07   0.20% / 0.20%
350   1.000E-04   6.0858E-01   6.0858E-01   6.0014E-01 / 6.0014E-01   3.1955E-07 / 3.1955E-07   0.21% / 0.21%
360   1.000E-04   6.0192E-01   6.0192E-01   5.9392E-01 / 5.9392E-01   2.9871E-07 / 2.9871E-07   0.20% / 0.20%
370   1.000E-04   6.0208E-01   6.0208E-01   5.9522E-01 / 5.9522E-01   2.4018E-07 / 2.4018E-07   0.16% / 0.16%
380   1.000E-04   5.9136E-01   5.9136E-01   5.7609E-01 / 5.7609E-01   5.5990E-07 / 5.5990E-07   0.41% / 0.41%
390   1.000E-04   5.8218E-01   5.8218E-01   5.7299E-01 / 5.7299E-01   3.4915E-07 / 3.4915E-07   0.30% / 0.30%
400   1.000E-04   5.7139E-01   5.7139E-01   5.6368E-01 / 5.6368E-01   2.7964E-07 / 2.7964E-07   0.24% / 0.24%
410   1.000E-04   5.6735E-01   5.6735E-01   5.5964E-01 / 5.5964E-01   2.7998E-07 / 2.7998E-07   0.28% / 0.28%
420   1.000E-04   5.6004E-01   5.6004E-01   5.5482E-01 / 5.5482E-01   1.7915E-07 / 1.7915E-07   0.14% / 0.14%
430   1.000E-04   5.5116E-01   5.5116E-01   5.4581E-01 / 5.4581E-01   1.8730E-07 / 1.8730E-07   0.20% / 0.20%
440   1.000E-04   5.4210E-01   5.4210E-01   5.3721E-01 / 5.3721E-01   1.6338E-07 / 1.6338E-07   0.16% / 0.16%
450   1.000E-04   5.3966E-01   5.3966E-01   5.3259E-01 / 5.3259E-01   2.5785E-07 / 2.5785E-07   0.30% / 0.30%
460   1.000E-04   5.2935E-01   5.2935E-01   5.2467E-01 / 5.2467E-01   1.6522E-07 / 1.6522E-07   0.16% / 0.16%
470   1.000E-04   5.2528E-01   5.2528E-01   5.2072E-01 / 5.2072E-01   1.5302E-07 / 1.5302E-07   0.14% / 0.14%
480   1.000E-04   5.2428E-01   5.2428E-01   5.1899E-01 / 5.1899E-01   1.9063E-07 / 1.9063E-07   0.20% / 0.20%
490   1.000E-04   5.1342E-01   5.1342E-01   5.0882E-01 / 5.0882E-01   1.5212E-07 / 1.5212E-07   0.12% / 0.12%
500   1.000E-04   5.0436E-01   5.0436E-01   4.9992E-01 / 4.9992E-01   1.4565E-07 / 1.4565E-07   0.18% / 0.18%
510   1.000E-04   5.1414E-01   5.1414E-01   5.0967E-01 / 5.0967E-01   1.5572E-07 / 1.5572E-07   0.12% / 0.12%
520   1.000E-04   4.9338E-01   4.9338E-01   4.8881E-01 / 4.8881E-01   1.5935E-07 / 1.5935E-07   0.24% / 0.24%
530   1.000E-04   4.9006E-01   4.9006E-01   4.8636E-01 / 4.8636E-01   1.1943E-07 / 1.1943E-07   0.12% / 0.12%
540   1.000E-04   4.8499E-01   4.8499E-01   4.8021E-01 / 4.8021E-01   1.6667E-07 / 1.6667E-07   0.22% / 0.22%
550   1.000E-04   4.8282E-01   4.8282E-01   4.7869E-01 / 4.7869E-01   1.3802E-07 / 1.3802E-07   0.07% / 0.07%
560   1.000E-04   4.7301E-01   4.7301E-01   4.6870E-01 / 4.6870E-01   1.5233E-07 / 1.5233E-07   0.13% / 0.13%
570   1.000E-04   4.6740E-01   4.6740E-01   4.6275E-01 / 4.6275E-01   1.6594E-07 / 1.6594E-07   0.19% / 0.19%
580   1.000E-04   4.6060E-01   4.6060E-01   4.5611E-01 / 4.5611E-01   1.6087E-07 / 1.6087E-07   0.15% / 0.15%
590   1.000E-04   4.6739E-01   4.6739E-01   4.6293E-01 / 4.6293E-01   1.5743E-07 / 1.5743E-07   0.18% / 0.18%
600   1.000E-04   4.5633E-01   4.5633E-01   4.5087E-01 / 4.5087E-01   1.5921E-07 / 1.5921E-07   0.27% / 0.27%
610   1.000E-04   4.5025E-01   4.5025E-01   4.4688E-01 / 4.4688E-01   1.1018E-07 / 1.1018E-07   0.08% / 0.08%
620   1.000E-04   4.4245E-01   4.4245E-01   4.3869E-01 / 4.3869E-01   1.2682E-07 / 1.2682E-07   0.19% / 0.19%
630   1.000E-04   4.4374E-01   4.4374E-01   4.4030E-01 / 4.4030E-01   1.1310E-07 / 1.1310E-07   0.12% / 0.12%
640   1.000E-04   4.3003E-01   4.3003E-01   4.2637E-01 / 4.2637E-01   1.2095E-07 / 1.2095E-07   0.14% / 0.14%
650   1.000E-04   4.2649E-01   4.2649E-01   4.2235E-01 / 4.2235E-01   1.3405E-07 / 1.3405E-07   0.22% / 0.22%
660   1.000E-04   4.3023E-01   4.3023E-01   4.2669E-01 / 4.2669E-01   1.1440E-07 / 1.1440E-07   0.14% / 0.14%
670   1.000E-04   4.1809E-01   4.1809E-01   4.1414E-01 / 4.1414E-01   1.3601E-07 / 1.3601E-07   0.20% / 0.20%
680   1.000E-04   4.1796E-01   4.1796E-01   4.1440E-01 / 4.1440E-01   1.1394E-07 / 1.1394E-07   0.10% / 0.10%
690   1.000E-04   4.1021E-01   4.1021E-01   4.0567E-01 / 4.0567E-01   1.4486E-07 / 1.4486E-07   0.22% / 0.22%
700   1.000E-04   4.0550E-01   4.0550E-01   4.0166E-01 / 4.0166E-01   1.2980E-07 / 1.2980E-07   0.18% / 0.18%
710   1.000E-04   4.1106E-01   4.1106E-01   4.0757E-01 / 4.0757E-01   1.0950E-07 / 1.0950E-07   0.08% / 0.08%
720   1.000E-04   3.9798E-01   3.9798E-01   3.9425E-01 / 3.9425E-01   1.2166E-07 / 1.2166E-07   0.12% / 0.12%
730   1.000E-04   3.9885E-01   3.9885E-01   3.9508E-01 / 3.9508E-01   1.2566E-07 / 1.2566E-07   0.15% / 0.15%
740   1.000E-04   4.0180E-01   4.0180E-01   3.9800E-01 / 3.9800E-01   1.2413E-07 / 1.2413E-07   0.14% / 0.14%
750   1.000E-04   3.8953E-01   3.8953E-01   3.8492E-01 / 3.8492E-01   1.5373E-07 / 1.5373E-07   0.24% / 0.24%
760   1.000E-04   3.9249E-01   3.9249E-01   3.8907E-01 / 3.8907E-01   1.0911E-07 / 1.0911E-07   0.07% / 0.07%
770   1.000E-04   3.8307E-01   3.8307E-01   3.7943E-01 / 3.7943E-01   1.1339E-07 / 1.1339E-07   0.09% / 0.09%
780   1.000E-04   4.0332E-01   4.0332E-01   3.9911E-01 / 3.9911E-01   1.4177E-07 / 1.4177E-07   0.15% / 0.15%
790   1.000E-04   3.8255E-01   3.8255E-01   3.7756E-01 / 3.7756E-01   1.5425E-07 / 1.5425E-07   0.31% / 0.31%
800   1.000E-04   3.7419E-01   3.7419E-01   3.7062E-01 / 3.7062E-01   1.1218E-07 / 1.1218E-07   0.08% / 0.08%
810   1.000E-04   3.8261E-01   3.8261E-01   3.7804E-01 / 3.7804E-01   1.2655E-07 / 1.2655E-07   0.33% / 0.33%
820   1.000E-04   3.6727E-01   3.6727E-01   3.6225E-01 / 3.6225E-01   1.3190E-07 / 1.3190E-07   0.35% / 0.35%
830   1.000E-04   3.7317E-01   3.7317E-01   3.6976E-01 / 3.6976E-01   1.0975E-07 / 1.0975E-07   0.08% / 0.08%
840   1.000E-04   3.6559E-01   3.6559E-01   3.6187E-01 / 3.6187E-01   1.2341E-07 / 1.2341E-07   0.20% / 0.20%
850   1.000E-04   3.6485E-01   3.6485E-01   3.6143E-01 / 3.6143E-01   1.0684E-07 / 1.0684E-07   0.12% / 0.12%
860   1.000E-04   3.6092E-01   3.6092E-01   3.5731E-01 / 3.5731E-01   1.1878E-07 / 1.1878E-07   0.15% / 0.15%
870   1.000E-04   3.7150E-01   3.7150E-01   3.6835E-01 / 3.6835E-01   9.7894E-08 / 9.7894E-08   0.09% / 0.09%
880   1.000E-04   3.5409E-01   3.5409E-01   3.5032E-01 / 3.5032E-01   1.1502E-07 / 1.1502E-07   0.31% / 0.31%
890   1.000E-04   3.5571E-01   3.5571E-01   3.5144E-01 / 3.5144E-01   1.2313E-07 / 1.2313E-07   0.57% / 0.57%
900   1.000E-04   3.5996E-01   3.5996E-01   3.5694E-01 / 3.5694E-01   9.5585E-08 / 9.5585E-08   0.09% / 0.09%
910   1.000E-04   3.4392E-01   3.4392E-01   3.4041E-01 / 3.4041E-01   1.1339E-07 / 1.1339E-07   0.16% / 0.16%
920   1.000E-04   3.4970E-01   3.4970E-01   3.4676E-01 / 3.4676E-01   9.2006E-08 / 9.2006E-08   0.11% / 0.11%
930   1.000E-04   3.4627E-01   3.4627E-01   3.4184E-01 / 3.4184E-01   1.2182E-07 / 1.2182E-07   0.50% / 0.50%
940   1.000E-04   3.3821E-01   3.3821E-01   3.3478E-01 / 3.3478E-01   1.1709E-07 / 1.1709E-07   0.20% / 0.20%
950   1.000E-04   3.3915E-01   3.3915E-01   3.3389E-01 / 3.3389E-01   1.5177E-07 / 1.5177E-07   0.49% / 0.49%
960   1.000E-04   3.3402E-01   3.3402E-01   3.3121E-01 / 3.3121E-01   9.0739E-08 / 9.0739E-08   0.08% / 0.08%
970   1.000E-04   3.2889E-01   3.2889E-01   3.2581E-01 / 3.2581E-01   1.0191E-07 / 1.0191E-07   0.12% / 0.12%
980   1.000E-04   3.4388E-01   3.4388E-01   3.4103E-01 / 3.4103E-01   9.8453E-08 / 9.8453E-08   0.22% / 0.22%
990   1.000E-04   3.3987E-01   3.3987E-01   3.3724E-01 / 3.3724E-01   8.4348E-08 / 8.4348E-08   0.10% / 0.10%
1000   1.000E-04   3.4049E-01   3.4049E-01   3.3696E-01 / 3.3696E-01   1.1393E-07 / 1.1393E-07   0.22% / 0.22%
1010   1.000E-04   3.2116E-01   3.2116E-01   3.1813E-01 / 3.1813E-01   9.5923E-08 / 9.5923E-08   0.24% / 0.24%
1020   1.000E-04   3.5621E-01   3.5621E-01   3.5186E-01 / 3.5186E-01   1.1826E-07 / 1.1826E-07   0.20% / 0.20%
1030   1.000E-04   3.2108E-01   3.2108E-01   3.1829E-01 / 3.1829E-01   9.0772E-08 / 9.0772E-08   0.14% / 0.14%
1040   1.000E-04   3.2049E-01   3.2049E-01   3.1591E-01 / 3.1591E-01   1.2671E-07 / 1.2671E-07   0.61% / 0.61%
1050   1.000E-04   3.1658E-01   3.1658E-01   3.1261E-01 / 3.1261E-01   1.0565E-07 / 1.0565E-07   0.23% / 0.23%
1060   1.000E-04   3.1233E-01   3.1233E-01   3.0839E-01 / 3.0839E-01   1.3224E-07 / 1.3224E-07   0.34% / 0.34%
1070   1.000E-04   3.1267E-01   3.1267E-01   3.0953E-01 / 3.0953E-01   9.5600E-08 / 9.5600E-08   0.29% / 0.29%
1080   1.000E-04   3.1702E-01   3.1702E-01   3.0993E-01 / 3.0993E-01   1.6610E-07 / 1.6610E-07   0.72% / 0.72%
1090   1.000E-04   3.1154E-01   3.1154E-01   3.0863E-01 / 3.0863E-01   9.9065E-08 / 9.9065E-08   0.21% / 0.21%
1100   1.000E-04   3.1211E-01   3.1211E-01   3.0958E-01 / 3.0958E-01   8.6403E-08 / 8.6403E-08   0.24% / 0.24%
1110   1.000E-04   3.1264E-01   3.1264E-01   3.1023E-01 / 3.1023E-01   7.7776E-08 / 7.7776E-08   0.14% / 0.14%
1120   1.000E-04   3.0454E-01   3.0454E-01   3.0145E-01 / 3.0145E-01   1.0033E-07 / 1.0033E-07   0.43% / 0.43%
1130   1.000E-04   3.0198E-01   3.0198E-01   2.9989E-01 / 2.9989E-01   6.7553E-08 / 6.7553E-08   0.19% / 0.19%
1140   1.000E-04   3.0717E-01   3.0717E-01   3.0474E-01 / 3.0474E-01   7.7148E-08 / 7.7148E-08   0.15% / 0.15%
1150   1.000E-04   3.0161E-01   3.0161E-01   2.9936E-01 / 2.9936E-01   8.0401E-08 / 8.0401E-08   0.28% / 0.28%
1160   1.000E-04   3.0347E-01   3.0347E-01   3.0207E-01 / 3.0207E-01   4.4464E-08 / 4.4464E-08   0.16% / 0.16%
1170   1.000E-04   2.9705E-01   2.9705E-01   2.9475E-01 / 2.9475E-01   7.8857E-08 / 7.8857E-08   0.43% / 0.43%
1180   1.000E-04   2.9784E-01   2.9784E-01   2.9560E-01 / 2.9560E-01   7.1657E-08 / 7.1657E-08   0.31% / 0.31%
1190   1.000E-04   2.9573E-01   2.9573E-01   2.9387E-01 / 2.9387E-01   6.8835E-08 / 6.8835E-08   0.18% / 0.18%
1200   1.000E-04   2.9534E-01   2.9534E-01   2.9349E-01 / 2.9349E-01   6.4736E-08 / 6.4736E-08   0.20% / 0.20%
1210   1.000E-04   2.8910E-01   2.8910E-01   2.8709E-01 / 2.8709E-01   6.7179E-08 / 6.7179E-08   0.32% / 0.32%
1220   1.000E-04   2.9898E-01   2.9898E-01   2.9742E-01 / 2.9742E-01   4.8663E-08 / 4.8663E-08   0.30% / 0.30%
1230   1.000E-04   2.8857E-01   2.8857E-01   2.8755E-01 / 2.8755E-01   3.2449E-08 / 3.2449E-08   0.22% / 0.22%
1240   1.000E-04   2.9336E-01   2.9336E-01   2.9199E-01 / 2.9199E-01   4.5565E-08 / 4.5565E-08   0.18% / 0.18%
1250   1.000E-04   2.8427E-01   2.8427E-01   2.8286E-01 / 2.8286E-01   5.0998E-08 / 5.0998E-08   0.24% / 0.24%
1260   1.000E-04   2.8543E-01   2.8543E-01   2.8341E-01 / 2.8341E-01   4.8003E-08 / 4.8003E-08   0.45% / 0.45%
1270   1.000E-04   2.8377E-01   2.8377E-01   2.8239E-01 / 2.8239E-01   4.2602E-08 / 4.2602E-08   0.20% / 0.20%
1280   1.000E-04   2.8158E-01   2.8158E-01   2.8034E-01 / 2.8034E-01   3.8597E-08 / 3.8597E-08   0.26% / 0.26%
1290   1.000E-04   2.9913E-01   2.9913E-01   2.9806E-01 / 2.9806E-01   3.2590E-08 / 3.2590E-08   0.18% / 0.18%
1300   1.000E-04   2.7503E-01   2.7503E-01   2.7368E-01 / 2.7368E-01   4.5454E-08 / 4.5454E-08   0.20% / 0.20%
1310   1.000E-04   2.7219E-01   2.7219E-01   2.7094E-01 / 2.7094E-01   3.8518E-08 / 3.8518E-08   0.09% / 0.09%
1320   1.000E-04   2.7959E-01   2.7959E-01   2.7827E-01 / 2.7827E-01   4.1064E-08 / 4.1064E-08   0.20% / 0.20%
1330   1.000E-04   2.6875E-01   2.6875E-01   2.6736E-01 / 2.6736E-01   3.9124E-08 / 3.9124E-08   0.14% / 0.14%
1340   1.000E-04   2.6902E-01   2.6902E-01   2.6765E-01 / 2.6765E-01   3.9883E-08 / 3.9883E-08   0.14% / 0.14%
1350   1.000E-04   2.6803E-01   2.6803E-01   2.6604E-01 / 2.6604E-01   5.9966E-08 / 5.9966E-08   0.09% / 0.09%
1360   1.000E-04   2.6364E-01   2.6364E-01   2.6248E-01 / 2.6248E-01   3.6071E-08 / 3.6071E-08   0.14% / 0.14%
1370   1.000E-04   2.6193E-01   2.6193E-01   2.6079E-01 / 2.6079E-01   3.3852E-08 / 3.3852E-08   0.12% / 0.12%
1380   1.000E-04   2.7417E-01   2.7417E-01   2.7304E-01 / 2.7304E-01   3.3330E-08 / 3.3330E-08   0.16% / 0.16%
1390   1.000E-04   2.5398E-01   2.5398E-01   2.5295E-01 / 2.5295E-01   3.1632E-08 / 3.1632E-08   0.12% / 0.12%
1400   1.000E-04   2.5554E-01   2.5554E-01   2.5297E-01 / 2.5297E-01   5.0571E-08 / 5.0571E-08   0.36% / 0.36%
1410   1.000E-04   2.5479E-01   2.5479E-01   2.5347E-01 / 2.5347E-01   4.0812E-08 / 4.0812E-08   0.11% / 0.11%
1420   1.000E-04   2.5750E-01   2.5750E-01   2.5630E-01 / 2.5630E-01   3.7920E-08 / 3.7920E-08   0.11% / 0.11%
1430   1.000E-04   2.4705E-01   2.4705E-01   2.4560E-01 / 2.4560E-01   4.5461E-08 / 4.5461E-08   0.16% / 0.16%
1440   1.000E-04   2.4569E-01   2.4569E-01   2.4468E-01 / 2.4468E-01   3.1926E-08 / 3.1926E-08   0.14% / 0.14%
1450   1.000E-04   2.4721E-01   2.4721E-01   2.4535E-01 / 2.4535E-01   5.5737E-08 / 5.5737E-08   0.22% / 0.22%
1460   1.000E-04   2.4488E-01   2.4488E-01   2.4419E-01 / 2.4419E-01   2.1102E-08 / 2.1102E-08   0.05% / 0.05%
1470   1.000E-04   2.4001E-01   2.4001E-01   2.3863E-01 / 2.3863E-01   4.2143E-08 / 4.2143E-08   0.19% / 0.19%
1480   1.000E-04   2.3766E-01   2.3766E-01   2.3599E-01 / 2.3599E-01   4.6460E-08 / 4.6460E-08   0.24% / 0.24%
1490   1.000E-04   2.3970E-01   2.3970E-01   2.3854E-01 / 2.3854E-01   3.6120E-08 / 3.6120E-08   0.11% / 0.11%
1500   1.000E-04   2.3527E-01   2.3527E-01   2.3432E-01 / 2.3432E-01   2.9798E-08 / 2.9798E-08   0.11% / 0.11%
1510   1.000E-04   2.4279E-01   2.4279E-01   2.4090E-01 / 2.4090E-01   4.8292E-08 / 4.8292E-08   0.45% / 0.45%
1520   1.000E-04   2.3109E-01   2.3109E-01   2.3016E-01 / 2.3016E-01   2.8214E-08 / 2.8214E-08   0.18% / 0.18%
1530   1.000E-04   2.3130E-01   2.3130E-01   2.2998E-01 / 2.2998E-01   3.7818E-08 / 3.7818E-08   0.23% / 0.23%
1540   1.000E-04   2.4511E-01   2.4511E-01   2.4404E-01 / 2.4404E-01   3.2955E-08 / 3.2955E-08   0.19% / 0.19%
1550   1.000E-04   2.3687E-01   2.3687E-01   2.3546E-01 / 2.3546E-01   4.5651E-08 / 4.5651E-08   0.15% / 0.15%
1560   1.000E-04   2.2770E-01   2.2770E-01   2.2588E-01 / 2.2588E-01   4.7862E-08 / 4.7862E-08   0.39% / 0.39%
1570   1.000E-04   2.2797E-01   2.2797E-01   2.2327E-01 / 2.2327E-01   9.1156E-08 / 9.1156E-08   0.62% / 0.62%
1580   1.000E-04   2.2496E-01   2.2496E-01   2.2340E-01 / 2.2340E-01   4.5813E-08 / 4.5813E-08   0.19% / 0.19%
1590   1.000E-04   2.2819E-01   2.2819E-01   2.2600E-01 / 2.2600E-01   5.4509E-08 / 5.4509E-08   0.34% / 0.34%
1600   1.000E-04   2.2196E-01   2.2196E-01   2.2112E-01 / 2.2112E-01   2.5511E-08 / 2.5511E-08   0.09% / 0.09%
1610   1.000E-04   2.2559E-01   2.2559E-01   2.2498E-01 / 2.2498E-01   1.7631E-08 / 1.7631E-08   0.05% / 0.05%
1620   1.000E-04   2.2097E-01   2.2097E-01   2.2008E-01 / 2.2008E-01   2.7027E-08 / 2.7027E-08   0.06% / 0.06%
1630   1.000E-04   2.2590E-01   2.2590E-01   2.2505E-01 / 2.2505E-01   2.7046E-08 / 2.7046E-08   0.12% / 0.12%
1640   1.000E-04   2.1806E-01   2.1806E-01   2.1723E-01 / 2.1723E-01   2.4033E-08 / 2.4033E-08   0.17% / 0.17%
1650   1.000E-04   2.2513E-01   2.2513E-01   2.2357E-01 / 2.2357E-01   4.5024E-08 / 4.5024E-08   0.27% / 0.27%
1660   1.000E-04   2.3285E-01   2.3285E-01   2.3210E-01 / 2.3210E-01   2.3618E-08 / 2.3618E-08   0.11% / 0.11%
1670   1.000E-04   2.1619E-01   2.1619E-01   2.1532E-01 / 2.1532E-01   2.6111E-08 / 2.6111E-08   0.16% / 0.16%
1680   1.000E-04   2.1696E-01   2.1696E-01   2.1478E-01 / 2.1478E-01   5.1812E-08 / 5.1812E-08   0.43% / 0.43%
1690   1.000E-04   2.1491E-01   2.1491E-01   2.1305E-01 / 2.1305E-01   4.5271E-08 / 4.5271E-08   0.42% / 0.42%
1700   1.000E-04   2.1433E-01   2.1433E-01   2.1180E-01 / 2.1180E-01   6.8506E-08 / 6.8506E-08   0.44% / 0.44%
1710   1.000E-04   2.1261E-01   2.1261E-01   2.1181E-01 / 2.1181E-01   2.5329E-08 / 2.5329E-08   0.14% / 0.14%
1720   1.000E-04   2.0935E-01   2.0935E-01   2.0846E-01 / 2.0846E-01   2.5812E-08 / 2.5812E-08   0.24% / 0.24%
1730   1.000E-04   2.1032E-01   2.1032E-01   2.0937E-01 / 2.0937E-01   2.9975E-08 / 2.9975E-08   0.11% / 0.11%
1740   1.000E-04   2.0834E-01   2.0834E-01   2.0746E-01 / 2.0746E-01   2.8682E-08 / 2.8682E-08   0.15% / 0.15%
1750   1.000E-04   2.0805E-01   2.0805E-01   2.0722E-01 / 2.0722E-01   2.6653E-08 / 2.6653E-08   0.15% / 0.15%
1760   1.000E-04   2.0828E-01   2.0828E-01   2.0771E-01 / 2.0771E-01   1.6928E-08 / 1.6928E-08   0.05% / 0.05%
1770   1.000E-04   2.0621E-01   2.0621E-01   2.0508E-01 / 2.0508E-01   2.9974E-08 / 2.9974E-08   0.31% / 0.31%
1780   1.000E-04   2.0697E-01   2.0697E-01   2.0564E-01 / 2.0564E-01   3.9753E-08 / 3.9753E-08   0.25% / 0.25%
1790   1.000E-04   2.0883E-01   2.0883E-01   2.0787E-01 / 2.0787E-01   2.8140E-08 / 2.8140E-08   0.22% / 0.22%
1800   1.000E-04   2.1691E-01   2.1691E-01   2.0690E-01 / 2.0690E-01   1.9539E-07 / 1.9539E-07   0.53% / 0.53%
1810   1.000E-04   2.0576E-01   2.0576E-01   2.0479E-01 / 2.0479E-01   2.8905E-08 / 2.8905E-08   0.08% / 0.08%
1820   1.000E-04   2.0397E-01   2.0397E-01   2.0128E-01 / 2.0128E-01   5.3512E-08 / 5.3512E-08   0.52% / 0.52%
1830   1.000E-04   2.0549E-01   2.0549E-01   2.0492E-01 / 2.0492E-01   1.6742E-08 / 1.6742E-08   0.11% / 0.11%
1840   1.000E-04   2.0446E-01   2.0446E-01   2.0319E-01 / 2.0319E-01   3.9070E-08 / 3.9070E-08   0.27% / 0.27%
1850   1.000E-04   2.0270E-01   2.0270E-01   2.0195E-01 / 2.0195E-01   2.1375E-08 / 2.1375E-08   0.09% / 0.09%
1860   1.000E-04   2.0152E-01   2.0152E-01   2.0098E-01 / 2.0098E-01   1.4256E-08 / 1.4256E-08   0.07% / 0.07%
1870   1.000E-04   1.9780E-01   1.9780E-01   1.9703E-01 / 1.9703E-01   2.3954E-08 / 2.3954E-08   0.18% / 0.18%
1880   1.000E-04   1.9733E-01   1.9733E-01   1.9623E-01 / 1.9623E-01   3.1667E-08 / 3.1667E-08   0.28% / 0.28%
1890   1.000E-04   2.1458E-01   2.1458E-01   2.0557E-01 / 2.0557E-01   1.5774E-07 / 1.5774E-07   0.81% / 0.81%
1900   1.000E-04   1.9836E-01   1.9836E-01   1.9728E-01 / 1.9728E-01   3.1087E-08 / 3.1087E-08   0.14% / 0.14%
1910   1.000E-04   2.0119E-01   2.0119E-01   1.9948E-01 / 1.9948E-01   4.1048E-08 / 4.1048E-08   0.52% / 0.52%
1920   1.000E-04   1.9647E-01   1.9647E-01   1.9515E-01 / 1.9515E-01   3.7619E-08 / 3.7619E-08   0.16% / 0.16%
1930   1.000E-04   1.9541E-01   1.9541E-01   1.9427E-01 / 1.9427E-01   3.3346E-08 / 3.3346E-08   0.20% / 0.20%
1940   1.000E-04   1.9294E-01   1.9294E-01   1.9199E-01 / 1.9199E-01   2.8487E-08 / 2.8487E-08   0.14% / 0.14%
1950   1.000E-04   1.9340E-01   1.9340E-01   1.9271E-01 / 1.9271E-01   1.9545E-08 / 1.9545E-08   0.08% / 0.08%
1960   1.000E-04   1.9312E-01   1.9312E-01   1.9203E-01 / 1.9203E-01   3.0857E-08 / 3.0857E-08   0.22% / 0.22%
1970   1.000E-04   1.9166E-01   1.9166E-01   1.9056E-01 / 1.9056E-01   3.1019E-08 / 3.1019E-08   0.24% / 0.24%
1980   1.000E-04   1.9435E-01   1.9435E-01   1.9313E-01 / 1.9313E-01   3.7177E-08 / 3.7177E-08   0.32% / 0.32%
1990   1.000E-04   1.8997E-01   1.8997E-01   1.8885E-01 / 1.8885E-01   3.2830E-08 / 3.2830E-08   0.09% / 0.09%
2000   1.000E-04   1.9947E-01   1.9947E-01   1.9723E-01 / 1.9723E-01   5.7720E-08 / 5.7720E-08   0.26% / 0.26%
2010   1.000E-04   1.9596E-01   1.9596E-01   1.9509E-01 / 1.9509E-01   2.4722E-08 / 2.4722E-08   0.05% / 0.05%
2020   1.000E-04   1.8854E-01   1.8854E-01   1.8744E-01 / 1.8744E-01   3.0537E-08 / 3.0537E-08   0.21% / 0.21%
2030   1.000E-04   1.9520E-01   1.9520E-01   1.9447E-01 / 1.9447E-01   2.0944E-08 / 2.0944E-08   0.09% / 0.09%
2040   1.000E-04   1.9134E-01   1.9134E-01   1.9022E-01 / 1.9022E-01   3.2142E-08 / 3.2142E-08   0.05% / 0.05%
2050   1.000E-04   1.8770E-01   1.8770E-01   1.8692E-01 / 1.8692E-01   2.2076E-08 / 2.2076E-08   0.18% / 0.18%
2060   1.000E-04   1.8838E-01   1.8838E-01   1.8721E-01 / 1.8721E-01   3.1183E-08 / 3.1183E-08   0.16% / 0.16%
2070   1.000E-04   1.8968E-01   1.8968E-01   1.8859E-01 / 1.8859E-01   3.1917E-08 / 3.1917E-08   0.15% / 0.15%
2080   1.000E-04   1.9234E-01   1.9234E-01   1.9128E-01 / 1.9128E-01   2.9262E-08 / 2.9262E-08   0.20% / 0.20%
2090   1.000E-04   1.9930E-01   1.9930E-01   1.9850E-01 / 1.9850E-01   2.2912E-08 / 2.2912E-08   0.15% / 0.15%
2100   1.000E-04   1.8605E-01   1.8605E-01   1.8516E-01 / 1.8516E-01   2.5206E-08 / 2.5206E-08   0.12% / 0.12%
2110   1.000E-04   1.8652E-01   1.8652E-01   1.8501E-01 / 1.8501E-01   4.5056E-08 / 4.5056E-08   0.18% / 0.18%
2120   1.000E-04   2.0186E-01   2.0186E-01   2.0101E-01 / 2.0101E-01   2.3732E-08 / 2.3732E-08   0.07% / 0.07%
2130   1.000E-04   1.8371E-01   1.8371E-01   1.8286E-01 / 1.8286E-01   2.3769E-08 / 2.3769E-08   0.07% / 0.07%
2140   1.000E-04   1.8200E-01   1.8200E-01   1.8118E-01 / 1.8118E-01   2.3258E-08 / 2.3258E-08   0.12% / 0.12%
2150   1.000E-04   1.8135E-01   1.8135E-01   1.8038E-01 / 1.8038E-01   2.7514E-08 / 2.7514E-08   0.11% / 0.11%
2160   1.000E-04   1.8467E-01   1.8467E-01   1.8358E-01 / 1.8358E-01   2.8916E-08 / 2.8916E-08   0.11% / 0.11%
2170   1.000E-04   1.8019E-01   1.8019E-01   1.7880E-01 / 1.7880E-01   3.8860E-08 / 3.8860E-08   0.24% / 0.24%
2180   1.000E-04   1.8694E-01   1.8694E-01   1.8521E-01 / 1.8521E-01   5.3434E-08 / 5.3434E-08   0.22% / 0.22%
2190   1.000E-04   1.8230E-01   1.8230E-01   1.8121E-01 / 1.8121E-01   3.1536E-08 / 3.1536E-08   0.10% / 0.10%
2200   1.000E-04   1.7995E-01   1.7995E-01   1.7816E-01 / 1.7816E-01   4.9349E-08 / 4.9349E-08   0.17% / 0.17%
2210   1.000E-04   1.8963E-01   1.8963E-01   1.8551E-01 / 1.8551E-01   1.0992E-07 / 1.0992E-07   0.46% / 0.46%
2220   1.000E-04   1.8223E-01   1.8223E-01   1.8099E-01 / 1.8099E-01   3.3430E-08 / 3.3430E-08   0.11% / 0.11%
2230   1.000E-04   1.8358E-01   1.8358E-01   1.8262E-01 / 1.8262E-01   2.7490E-08 / 2.7490E-08   0.17% / 0.17%
2240   1.000E-04   1.9022E-01   1.9022E-01   1.8813E-01 / 1.8813E-01   6.1150E-08 / 6.1150E-08   0.13% / 0.13%
2250   1.000E-04   1.7939E-01   1.7939E-01   1.7860E-01 / 1.7860E-01   2.0845E-08 / 2.0845E-08   0.13% / 0.13%
2260   1.000E-04   1.7954E-01   1.7954E-01   1.7853E-01 / 1.7853E-01   2.6718E-08 / 2.6718E-08   0.15% / 0.15%
2270   1.000E-04   1.9623E-01   1.9623E-01   1.9509E-01 / 1.9509E-01   3.2574E-08 / 3.2574E-08   0.19% / 0.19%
2280   1.000E-04   1.7584E-01   1.7584E-01   1.7469E-01 / 1.7469E-01   3.3005E-08 / 3.3005E-08   0.05% / 0.05%
2290   1.000E-04   1.7523E-01   1.7523E-01   1.7300E-01 / 1.7300E-01   6.5232E-08 / 6.5232E-08   0.28% / 0.28%
2300   1.000E-04   1.7539E-01   1.7539E-01   1.7446E-01 / 1.7446E-01   2.5437E-08 / 2.5437E-08   0.11% / 0.11%
2310   1.000E-04   1.7519E-01   1.7519E-01   1.7413E-01 / 1.7413E-01   2.9646E-08 / 2.9646E-08   0.08% / 0.08%
2320   1.000E-04   2.0463E-01   2.0463E-01   2.0312E-01 / 2.0312E-01   3.8509E-08 / 3.8509E-08   0.12% / 0.12%
2330   1.000E-04   1.7673E-01   1.7673E-01   1.7566E-01 / 1.7566E-01   2.9821E-08 / 2.9821E-08   0.07% / 0.07%
2340   1.000E-04   1.8210E-01   1.8210E-01   1.8085E-01 / 1.8085E-01   3.4335E-08 / 3.4335E-08   0.07% / 0.07%
2350   1.000E-04   1.7237E-01   1.7237E-01   1.7084E-01 / 1.7084E-01   4.0311E-08 / 4.0311E-08   0.22% / 0.22%
2360   1.000E-04   1.8166E-01   1.8166E-01   1.8063E-01 / 1.8063E-01   2.8984E-08 / 2.8984E-08   0.12% / 0.12%
2370   1.000E-04   1.7205E-01   1.7205E-01   1.7089E-01 / 1.7089E-01   3.5847E-08 / 3.5847E-08   0.27% / 0.27%
2380   1.000E-04   1.8635E-01   1.8635E-01   1.8461E-01 / 1.8461E-01   4.4733E-08 / 4.4733E-08   0.39% / 0.39%
2390   1.000E-04   1.7054E-01   1.7054E-01   1.6949E-01 / 1.6949E-01   2.9322E-08 / 2.9322E-08   0.08% / 0.08%
2400   1.000E-04   1.6802E-01   1.6802E-01   1.6667E-01 / 1.6667E-01   3.7298E-08 / 3.7298E-08   0.19% / 0.19%
2410   1.000E-04   1.7336E-01   1.7336E-01   1.7200E-01 / 1.7200E-01   3.5303E-08 / 3.5303E-08   0.14% / 0.14%
2420   1.000E-04   1.6954E-01   1.6954E-01   1.6822E-01 / 1.6822E-01   3.8212E-08 / 3.8212E-08   0.04% / 0.04%
2430   1.000E-04   1.7446E-01   1.7446E-01   1.7007E-01 / 1.7007E-01   7.0471E-08 / 7.0471E-08   0.87% / 0.87%
2440   1.000E-04   1.6772E-01   1.6772E-01   1.6627E-01 / 1.6627E-01   3.9487E-08 / 3.9487E-08   0.23% / 0.23%
2450   1.000E-04   1.9148E-01   1.9148E-01   1.9007E-01 / 1.9007E-01   4.1062E-08 / 4.1062E-08   0.10% / 0.10%
2460   1.000E-04   1.6805E-01   1.6805E-01   1.6719E-01 / 1.6719E-01   2.3843E-08 / 2.3843E-08   0.07% / 0.07%
2470   1.000E-04   1.6672E-01   1.6672E-01   1.6486E-01 / 1.6486E-01   5.0929E-08 / 5.0929E-08   0.39% / 0.39%
2480   1.000E-04   1.6579E-01   1.6579E-01   1.6464E-01 / 1.6464E-01   3.2837E-08 / 3.2837E-08   0.10% / 0.10%
2490   1.000E-04   1.6830E-01   1.6830E-01   1.6749E-01 / 1.6749E-01   2.1868E-08 / 2.1868E-08   0.08% / 0.08%
2500   1.000E-04   1.6522E-01   1.6522E-01   1.6383E-01 / 1.6383E-01   4.4658E-08 / 4.4658E-08   0.23% / 0.23%
2510   1.000E-04   1.6452E-01   1.6452E-01   1.6346E-01 / 1.6346E-01   2.9821E-08 / 2.9821E-08   0.07% / 0.07%
2520   1.000E-04   1.6522E-01   1.6522E-01   1.6404E-01 / 1.6404E-01   3.3452E-08 / 3.3452E-08   0.08% / 0.08%
2530   1.000E-04   1.6392E-01   1.6392E-01   1.6291E-01 / 1.6291E-01   3.3258E-08 / 3.3258E-08   0.21% / 0.21%
2540   1.000E-04   1.6849E-01   1.6849E-01   1.6724E-01 / 1.6724E-01   3.5268E-08 / 3.5268E-08   0.07% / 0.07%
2550   1.000E-04   1.6409E-01   1.6409E-01   1.6296E-01 / 1.6296E-01   3.1854E-08 / 3.1854E-08   0.09% / 0.09%
2560   1.000E-04   1.6373E-01   1.6373E-01   1.6255E-01 / 1.6255E-01   3.4109E-08 / 3.4109E-08   0.18% / 0.18%
2570   1.000E-04   1.6351E-01   1.6351E-01   1.6257E-01 / 1.6257E-01   2.4433E-08 / 2.4433E-08   0.14% / 0.14%
2580   1.000E-04   1.6483E-01   1.6483E-01   1.6347E-01 / 1.6347E-01   3.9650E-08 / 3.9650E-08   0.13% / 0.13%
2590   1.000E-04   1.7606E-01   1.7606E-01   1.7505E-01 / 1.7505E-01   2.6610E-08 / 2.6610E-08   0.09% / 0.09%
2600   1.000E-04   1.6086E-01   1.6086E-01   1.5946E-01 / 1.5946E-01   3.8809E-08 / 3.8809E-08   0.10% / 0.10%
2610   1.000E-04   1.6031E-01   1.6031E-01   1.5899E-01 / 1.5899E-01   3.7007E-08 / 3.7007E-08   0.16% / 0.16%
2620   1.000E-04   1.6413E-01   1.6413E-01   1.6266E-01 / 1.6266E-01   4.1285E-08 / 4.1285E-08   0.08% / 0.08%
2630   1.000E-04   1.6285E-01   1.6285E-01   1.6125E-01 / 1.6125E-01   4.7775E-08 / 4.7775E-08   0.31% / 0.31%
2640   1.000E-04   1.6048E-01   1.6048E-01   1.5947E-01 / 1.5947E-01   2.7395E-08 / 2.7395E-08   0.09% / 0.09%
2650   1.000E-04   1.5997E-01   1.5997E-01   1.5861E-01 / 1.5861E-01   4.0262E-08 / 4.0262E-08   0.13% / 0.13%
2660   1.000E-04   1.5826E-01   1.5826E-01   1.5686E-01 / 1.5686E-01   3.9438E-08 / 3.9438E-08   0.31% / 0.31%
2670   1.000E-04   1.6344E-01   1.6344E-01   1.6223E-01 / 1.6223E-01   3.2331E-08 / 3.2331E-08   0.09% / 0.09%
2680   1.000E-04   1.6146E-01   1.6146E-01   1.6043E-01 / 1.6043E-01   2.7362E-08 / 2.7362E-08   0.10% / 0.10%
2690   1.000E-04   1.5795E-01   1.5795E-01   1.5654E-01 / 1.5654E-01   4.0756E-08 / 4.0756E-08   0.12% / 0.12%
2700   1.000E-04   1.5742E-01   1.5742E-01   1.5634E-01 / 1.5634E-01   2.9429E-08 / 2.9429E-08   0.09% / 0.09%
2710   1.000E-04   1.5721E-01   1.5721E-01   1.5612E-01 / 1.5612E-01   3.0802E-08 / 3.0802E-08   0.16% / 0.16%
2720   1.000E-04   1.6169E-01   1.6169E-01   1.6026E-01 / 1.6026E-01   3.6279E-08 / 3.6279E-08   0.35% / 0.35%
2730   1.000E-04   1.5823E-01   1.5823E-01   1.5732E-01 / 1.5732E-01   2.5423E-08 / 2.5423E-08   0.06% / 0.06%
2740   1.000E-04   1.5748E-01   1.5748E-01   1.5625E-01 / 1.5625E-01   3.5105E-08 / 3.5105E-08   0.07% / 0.07%
2750   1.000E-04   1.5592E-01   1.5592E-01   1.5474E-01 / 1.5474E-01   3.3685E-08 / 3.3685E-08   0.09% / 0.09%
2760   1.000E-04   1.5748E-01   1.5748E-01   1.5634E-01 / 1.5634E-01   3.2227E-08 / 3.2227E-08   0.06% / 0.06%
2770   1.000E-04   1.5704E-01   1.5704E-01   1.5572E-01 / 1.5572E-01   3.8780E-08 / 3.8780E-08   0.17% / 0.17%
2780   1.000E-04   1.5410E-01   1.5410E-01   1.5293E-01 / 1.5293E-01   3.3003E-08 / 3.3003E-08   0.12% / 0.12%
2790   1.000E-04   1.5600E-01   1.5600E-01   1.5496E-01 / 1.5496E-01   2.9515E-08 / 2.9515E-08   0.11% / 0.11%
2800   1.000E-04   1.5795E-01   1.5795E-01   1.5688E-01 / 1.5688E-01   2.9867E-08 / 2.9867E-08   0.10% / 0.10%
2810   1.000E-04   1.5893E-01   1.5893E-01   1.5804E-01 / 1.5804E-01   2.4209E-08 / 2.4209E-08   0.05% / 0.05%
2820   1.000E-04   1.5465E-01   1.5465E-01   1.5345E-01 / 1.5345E-01   3.8348E-08 / 3.8348E-08   0.13% / 0.13%
2830   1.000E-04   1.5228E-01   1.5228E-01   1.5087E-01 / 1.5087E-01   4.0538E-08 / 4.0538E-08   0.16% / 0.16%
2840   1.000E-04   1.5494E-01   1.5494E-01   1.5377E-01 / 1.5377E-01   3.3456E-08 / 3.3456E-08   0.14% / 0.14%
2850   1.000E-04   1.5398E-01   1.5398E-01   1.5296E-01 / 1.5296E-01   2.8316E-08 / 2.8316E-08   0.12% / 0.12%
2860   1.000E-04   1.5352E-01   1.5352E-01   1.5235E-01 / 1.5235E-01   3.4288E-08 / 3.4288E-08   0.09% / 0.09%
2870   1.000E-04   1.5397E-01   1.5397E-01   1.5294E-01 / 1.5294E-01   2.8703E-08 / 2.8703E-08   0.11% / 0.11%
2880   1.000E-04   1.5301E-01   1.5301E-01   1.5177E-01 / 1.5177E-01   3.5094E-08 / 3.5094E-08   0.22% / 0.22%
2890   1.000E-04   1.5347E-01   1.5347E-01   1.5255E-01 / 1.5255E-01   2.6841E-08 / 2.6841E-08   0.12% / 0.12%
2900   1.000E-04   1.5591E-01   1.5591E-01   1.5509E-01 / 1.5509E-01   2.2528E-08 / 2.2528E-08   0.07% / 0.07%
2910   1.000E-04   1.5990E-01   1.5990E-01   1.5756E-01 / 1.5756E-01   6.7802E-08 / 6.7802E-08   0.51% / 0.51%
2920   1.000E-04   1.4974E-01   1.4974E-01   1.4881E-01 / 1.4881E-01   2.5117E-08 / 2.5117E-08   0.14% / 0.14%
2930   1.000E-04   1.5881E-01   1.5881E-01   1.5714E-01 / 1.5714E-01   4.8889E-08 / 4.8889E-08   0.26% / 0.26%
2940   1.000E-04   1.5021E-01   1.5021E-01   1.4918E-01 / 1.4918E-01   3.0025E-08 / 3.0025E-08   0.14% / 0.14%
2950   1.000E-04   1.5226E-01   1.5226E-01   1.5125E-01 / 1.5125E-01   3.1553E-08 / 3.1553E-08   0.09% / 0.09%
2960   1.000E-04   1.5025E-01   1.5025E-01   1.4901E-01 / 1.4901E-01   3.6691E-08 / 3.6691E-08   0.18% / 0.18%
2970   1.000E-04   1.4808E-01   1.4808E-01   1.4695E-01 / 1.4695E-01   3.1837E-08 / 3.1837E-08   0.16% / 0.16%
2980   1.000E-04   1.4822E-01   1.4822E-01   1.4733E-01 / 1.4733E-01   2.4660E-08 / 2.4660E-08   0.05% / 0.05%
2990   1.000E-04   1.5132E-01   1.5132E-01   1.5037E-01 / 1.5037E-01   2.7051E-08 / 2.7051E-08   0.14% / 0.14%
3000   1.000E-04   1.5089E-01   1.5089E-01   1.4993E-01 / 1.4993E-01   2.6356E-08 / 2.6356E-08   0.10% / 0.10%
===============================================================================================================
Saved model to models/phll_memorization/TBNNiii-24May03_11:15:55.pickle
