========== Dataset info ==========
Dataset params: {'file': '/home/nikhila/WDC/kan/dataset/turbulence_dataset_clean.csv', 'Cases': ['squareDuctAve_Re_1100', 'squareDuctAve_Re_1150', 'squareDuctAve_Re_1250', 'squareDuctAve_Re_1300', 'squareDuctAve_Re_1350', 'squareDuctAve_Re_1400', 'squareDuctAve_Re_1500', 'squareDuctAve_Re_1600', 'squareDuctAve_Re_1800', 'squareDuctAve_Re_2000', 'squareDuctAve_Re_2205', 'squareDuctAve_Re_2400', 'squareDuctAve_Re_2600', 'squareDuctAve_Re_2900', 'squareDuctAve_Re_3200', 'squareDuctAve_Re_3500'], 'val_set': ['squareDuctAve_Re_1300', 'squareDuctAve_Re_1800', 'squareDuctAve_Re_3200'], 'test_set': ['squareDuctAve_Re_2000'], 'data_loader': <class 'tbnn.dataloaders.aDataset'>}
Train/Valid/Test points: 110592 / 27648 / 9216
Memorization?: False
Cluster training?: False
EPOCH     LR        TRAIN         VALID             MSE:T/V                  RL:T/V             %NR_t/%NR_v
===============================================================================================================
  1   2.000E-03   1.4497E-03   1.4195E-03   1.4378E-03 / 1.4109E-03   
 10   2.000E-03   7.7019E-04   7.5798E-04   7.6820E-04 / 7.5306E-04   
 20   2.000E-03   5.0820E-04   5.8449E-04   5.0754E-04 / 5.8103E-04   
 30   2.000E-03   4.8617E-04   5.5158E-04   4.8547E-04 / 5.4652E-04   
 40   2.000E-03   4.7967E-04   5.2436E-04   4.7797E-04 / 5.2156E-04   
 50   2.000E-03   4.3672E-04   5.2906E-04   4.3497E-04 / 5.2260E-04   
 60   2.000E-03   4.1088E-04   5.1090E-04   4.1033E-04 / 4.9525E-04   
 70   2.000E-03   4.3024E-04   5.1950E-04   4.3018E-04 / 5.1901E-04   
 80   2.000E-03   4.0413E-04   5.2930E-04   4.0252E-04 / 5.0486E-04   
 90   2.000E-03   3.9625E-04   5.0596E-04   3.9610E-04 / 4.9362E-04   
100   2.000E-03   4.0702E-04   5.6181E-04   4.0362E-04 / 5.4943E-04   
110   2.000E-03   3.9056E-04   5.0879E-04   3.9035E-04 / 4.8798E-04   
120   2.000E-03   3.8130E-04   5.4535E-04   3.8056E-04 / 4.9382E-04   
130   2.000E-03   3.8688E-04   4.9684E-04   3.8653E-04 / 4.8449E-04   
140   2.000E-03   3.8148E-04   4.8335E-04   3.8075E-04 / 4.7829E-04   
150   2.000E-03   4.2049E-04   5.6050E-04   4.2018E-04 / 5.5715E-04   
160   2.000E-03   3.8357E-04   5.0798E-04   3.8330E-04 / 5.0651E-04   
170   2.000E-03   3.8143E-04   4.9503E-04   3.8127E-04 / 4.9287E-04   
180   2.000E-03   4.0877E-04   5.5375E-04   4.0875E-04 / 5.5049E-04   
190   2.000E-03   4.3363E-04   5.3456E-04   4.3353E-04 / 5.1911E-04   
200   2.000E-03   3.8726E-04   5.3663E-04   3.8610E-04 / 5.2142E-04   
210   2.000E-03   3.7111E-04   4.9094E-04   3.7100E-04 / 4.8022E-04   
220   2.000E-03   3.7296E-04   5.3013E-04   3.7278E-04 / 5.0361E-04   
230   2.000E-03   6.5187E-04   7.2648E-04   6.4738E-04 / 7.2637E-04   
240   2.000E-03   3.8157E-04   4.8780E-04   3.8144E-04 / 4.8067E-04   
250   2.000E-03   3.7825E-04   5.4525E-04   3.7760E-04 / 5.0034E-04   
260   2.000E-03   3.9276E-04   4.9985E-04   3.9223E-04 / 4.8852E-04   
270   2.000E-03   3.8188E-04   5.4389E-04   3.8140E-04 / 5.0225E-04   
280   2.000E-03   3.8066E-04   5.1978E-04   3.7888E-04 / 4.8805E-04   
290   2.000E-03   3.7613E-04   4.9035E-04   3.7604E-04 / 4.8526E-04   
300   2.000E-03   3.7329E-04   5.1674E-04   3.7287E-04 / 5.1287E-04   
310   2.000E-03   3.8252E-04   5.2300E-04   3.8224E-04 / 5.1553E-04   
320   2.000E-03   3.7429E-04   5.6162E-04   3.7364E-04 / 5.3021E-04   
330   2.000E-03   3.9107E-04   5.6046E-04   3.9089E-04 / 5.4049E-04   
340   2.000E-03   3.6685E-04   5.1337E-04   3.6501E-04 / 4.9738E-04   
350   2.000E-03   3.6778E-04   5.1621E-04   3.6728E-04 / 4.8073E-04   
360   2.000E-03   3.6899E-04   5.2815E-04   3.6860E-04 / 4.9404E-04   
370   2.000E-03   3.6444E-04   5.1135E-04   3.6418E-04 / 4.9344E-04   
380   2.000E-03   3.6505E-04   5.0874E-04   3.6480E-04 / 5.0042E-04   
390   2.000E-03   3.6686E-04   4.9948E-04   3.6632E-04 / 4.8215E-04   
400   2.000E-03   3.6279E-04   5.4449E-04   3.6240E-04 / 5.1152E-04   
410   2.000E-03   3.6626E-04   5.7918E-04   3.6519E-04 / 5.1289E-04   
420   2.000E-03   3.6844E-04   5.2657E-04   3.6819E-04 / 5.0528E-04   
430   2.000E-03   3.7274E-04   5.1429E-04   3.7197E-04 / 4.8234E-04   
440   2.000E-03   3.7356E-04   5.1116E-04   3.7351E-04 / 5.0358E-04   
450   2.000E-03   3.6449E-04   4.9889E-04   3.6379E-04 / 4.6486E-04   
460   2.000E-03   3.6351E-04   5.4456E-04   3.6319E-04 / 5.0325E-04   
470   2.000E-03   3.6848E-04   6.0517E-04   3.6582E-04 / 5.1718E-04   
480   2.000E-03   4.0147E-04   5.1908E-04   4.0146E-04 / 5.1887E-04   
490   2.000E-03   3.7661E-04   5.3515E-04   3.7655E-04 / 5.3131E-04   
500   2.000E-03   3.8405E-04   5.7535E-04   3.8204E-04 / 5.1786E-04   
===============================================================================================================
Saved model to /home/nikhila/WDC/kan/kanTBNN/models/multi_run/duct_experiment_7/kanTBNN-25Jan22_16:15:28.pickle
