========== Dataset info ==========
Dataset params: {'file': '/home/nikki/kan/data/turbulence_dataset_clean.csv', 'Cases': ['fp_1000', 'fp_1410', 'fp_2000', 'fp_2540', 'fp_3030', 'fp_3270', 'fp_3630', 'fp_3970', 'fp_4060'], 'val_set': ['fp_3030', 'fp_1410', 'fp_4060'], 'test_set': ['fp_3630'], 'data_loader': <class 'tbnn.dataloaders.aDataset'>}
Train/Valid/Test points: 760 / 468 / 168
Memorization?: False
Cluster training?: False
EPOCH     LR        TRAIN         VALID             MSE:T/V                  RL:T/V             %NR_t/%NR_v
===============================================================================================================
  1   5.125E-03   1.6753E-01   1.6393E-01   1.6753E-01 / 1.6393E-01   
 10   5.125E-03   2.5919E-03   2.2593E-03   2.5687E-03 / 2.2375E-03   
 20   5.125E-03   1.6786E-03   1.5871E-03   1.6771E-03 / 1.5858E-03   
 30   5.125E-03   1.4029E-03   1.3749E-03   1.4007E-03 / 1.3731E-03   
 40   5.125E-03   1.2274E-03   1.2216E-03   1.2253E-03 / 1.2198E-03   
 50   5.125E-03   1.0791E-03   1.0865E-03   1.0777E-03 / 1.0855E-03   
 60   5.125E-03   9.4922E-04   9.6681E-04   9.4848E-04 / 9.6633E-04   
 70   5.125E-03   8.3433E-04   8.5763E-04   8.3387E-04 / 8.5739E-04   
 80   5.125E-03   7.3637E-04   7.6314E-04   7.3607E-04 / 7.6304E-04   
 90   5.125E-03   6.5501E-04   6.8362E-04   6.5479E-04 / 6.8355E-04   
100   5.125E-03   5.8714E-04   6.1360E-04   5.8704E-04 / 6.1354E-04   
110   5.125E-03   5.3085E-04   5.5881E-04   5.3076E-04 / 5.5876E-04   
120   5.125E-03   4.8355E-04   5.1644E-04   4.8350E-04 / 5.1642E-04   
130   5.125E-03   4.4550E-04   4.7868E-04   4.4546E-04 / 4.7867E-04   
140   5.125E-03   4.1517E-04   4.4828E-04   4.1512E-04 / 4.4825E-04   
150   5.125E-03   3.8627E-04   4.2087E-04   3.8623E-04 / 4.2085E-04   
160   5.125E-03   3.6338E-04   3.9223E-04   3.6335E-04 / 3.9223E-04   
170   5.125E-03   3.5252E-04   3.9718E-04   3.5250E-04 / 3.9717E-04   
180   5.125E-03   3.2294E-04   3.6132E-04   3.2292E-04 / 3.6130E-04   
190   5.125E-03   3.0888E-04   3.3363E-04   3.0885E-04 / 3.3361E-04   
200   5.125E-03   2.8859E-04   3.1883E-04   2.8853E-04 / 3.1880E-04   
210   5.125E-03   2.8246E-04   3.0512E-04   2.8214E-04 / 3.0493E-04   
220   5.125E-03   2.5966E-04   2.9588E-04   2.5961E-04 / 2.9585E-04   
230   5.125E-03   2.5348E-04   2.9983E-04   2.5328E-04 / 2.9971E-04   
240   5.125E-03   2.3721E-04   2.7775E-04   2.3714E-04 / 2.7767E-04   
250   5.125E-03   2.3165E-04   2.7518E-04   2.3154E-04 / 2.7503E-04   
260   5.125E-03   2.9424E-04   3.3506E-04   2.9412E-04 / 3.3506E-04   
270   5.125E-03   2.1606E-04   2.4967E-04   2.1596E-04 / 2.4958E-04   
280   5.125E-03   2.0766E-04   2.4811E-04   2.0760E-04 / 2.4810E-04   
290   5.125E-03   2.0076E-04   2.5915E-04   2.0070E-04 / 2.5914E-04   
300   5.125E-03   1.8803E-04   2.3779E-04   1.8801E-04 / 2.3779E-04   
310   5.125E-03   1.8534E-04   2.4199E-04   1.8534E-04 / 2.4199E-04   
320   5.125E-03   1.8333E-04   2.2014E-04   1.8254E-04 / 2.2002E-04   
330   5.125E-03   2.2449E-04   2.3495E-04   2.2389E-04 / 2.3460E-04   
340   5.125E-03   1.7918E-04   2.4285E-04   1.7890E-04 / 2.4251E-04   
350   5.125E-03   1.6179E-04   2.1329E-04   1.6146E-04 / 2.1313E-04   
360   5.125E-03   1.6400E-04   2.2140E-04   1.6368E-04 / 2.2109E-04   
370   5.125E-03   1.4993E-04   1.9137E-04   1.4969E-04 / 1.9117E-04   
380   5.125E-03   1.4789E-04   1.9477E-04   1.4775E-04 / 1.9468E-04   
390   5.125E-03   1.6408E-04   2.2701E-04   1.6368E-04 / 2.2670E-04   
400   5.125E-03   1.4278E-04   2.1005E-04   1.4231E-04 / 2.0970E-04   
410   5.125E-03   1.5240E-04   2.0499E-04   1.5238E-04 / 2.0499E-04   
420   5.125E-03   1.2934E-04   1.8841E-04   1.2934E-04 / 1.8841E-04   
430   5.125E-03   1.2574E-04   1.8715E-04   1.2568E-04 / 1.8712E-04   
440   5.125E-03   1.7692E-04   2.1007E-04   1.7647E-04 / 2.0987E-04   
450   5.125E-03   1.3151E-04   2.0433E-04   1.3147E-04 / 2.0431E-04   
460   5.125E-03   1.3371E-04   1.7788E-04   1.3340E-04 / 1.7758E-04   
470   5.125E-03   1.1654E-04   1.6834E-04   1.1648E-04 / 1.6829E-04   
480   5.125E-03   1.0675E-04   1.5916E-04   1.0670E-04 / 1.5915E-04   
490   5.125E-03   1.0281E-04   1.5686E-04   1.0259E-04 / 1.5671E-04   
500   5.125E-03   1.2994E-04   1.9441E-04   1.2973E-04 / 1.9430E-04   
510   5.125E-03   1.0702E-04   1.6222E-04   1.0691E-04 / 1.6221E-04   
520   5.125E-03   9.9918E-05   1.4394E-04   9.9742E-05 / 1.4386E-04   
530   5.125E-03   9.5711E-05   1.3812E-04   9.5503E-05 / 1.3802E-04   
540   5.125E-03   9.2460E-05   1.4518E-04   9.2328E-05 / 1.4506E-04   
550   5.125E-03   9.8664E-05   1.3440E-04   9.8495E-05 / 1.3422E-04   
560   5.125E-03   9.3469E-05   1.4007E-04   9.2964E-05 / 1.3982E-04   
570   5.125E-03   9.9466E-05   1.5000E-04   9.9070E-05 / 1.4956E-04   
580   5.125E-03   8.5101E-05   1.2612E-04   8.4943E-05 / 1.2592E-04   
590   5.125E-03   8.9887E-05   1.3978E-04   8.9804E-05 / 1.3978E-04   
600   5.125E-03   9.1331E-05   1.2769E-04   9.0512E-05 / 1.2681E-04   
610   5.125E-03   8.2188E-05   1.2109E-04   8.2079E-05 / 1.2102E-04   
620   5.125E-03   8.9308E-05   1.1886E-04   8.9147E-05 / 1.1866E-04   
630   5.125E-03   7.5372E-05   1.1378E-04   7.5292E-05 / 1.1369E-04   
640   5.125E-03   7.3804E-05   1.1157E-04   7.3563E-05 / 1.1132E-04   
650   5.125E-03   8.4257E-05   1.2695E-04   8.4001E-05 / 1.2668E-04   
660   5.125E-03   8.3601E-05   1.2148E-04   8.3542E-05 / 1.2143E-04   
670   5.125E-03   7.1254E-05   1.0210E-04   7.0948E-05 / 1.0181E-04   
680   5.125E-03   7.5992E-05   1.1296E-04   7.5840E-05 / 1.1284E-04   
690   5.125E-03   7.0628E-05   1.0255E-04   7.0317E-05 / 1.0227E-04   
700   5.125E-03   6.4484E-05   9.5848E-05   6.4348E-05 / 9.5747E-05   
710   5.125E-03   6.9043E-05   9.8147E-05   6.8939E-05 / 9.8080E-05   
720   5.125E-03   1.0787E-04   1.3290E-04   1.0769E-04 / 1.3276E-04   
730   5.125E-03   1.0588E-04   1.2757E-04   1.0501E-04 / 1.2709E-04   
740   5.125E-03   7.6825E-05   1.1614E-04   7.6811E-05 / 1.1614E-04   
750   5.125E-03   5.8864E-05   8.5046E-05   5.8860E-05 / 8.5046E-05   
760   5.125E-03   5.7500E-05   8.2547E-05   5.7500E-05 / 8.2547E-05   
770   5.125E-03   5.5801E-05   8.2395E-05   5.5672E-05 / 8.2298E-05   
780   5.125E-03   6.2777E-05   8.6762E-05   6.2738E-05 / 8.6746E-05   
790   5.125E-03   5.4779E-05   8.3121E-05   5.4773E-05 / 8.3121E-05   
800   5.125E-03   5.6524E-05   8.5258E-05   5.6507E-05 / 8.5258E-05   
810   5.125E-03   5.7749E-05   8.3025E-05   5.7472E-05 / 8.2784E-05   
820   5.125E-03   6.7699E-05   1.0301E-04   6.7697E-05 / 1.0301E-04   
830   5.125E-03   5.2685E-05   8.1599E-05   5.2680E-05 / 8.1598E-05   
840   5.125E-03   5.2552E-05   7.7178E-05   5.2551E-05 / 7.7178E-05   
850   5.125E-03   5.1855E-05   7.5103E-05   5.1855E-05 / 7.5103E-05   
860   5.125E-03   5.5690E-05   8.5679E-05   5.5685E-05 / 8.5679E-05   
870   5.125E-03   4.9223E-05   7.2833E-05   4.9223E-05 / 7.2833E-05   
880   5.125E-03   4.9490E-05   7.5938E-05   4.9486E-05 / 7.5938E-05   
890   5.125E-03   4.4777E-05   6.9056E-05   4.4773E-05 / 6.9056E-05   
900   5.125E-03   4.7801E-05   7.4989E-05   4.7800E-05 / 7.4989E-05   
910   5.125E-03   4.3249E-05   6.7311E-05   4.3182E-05 / 6.7280E-05   
920   5.125E-03   4.1942E-05   6.6465E-05   4.1837E-05 / 6.6410E-05   
930   5.125E-03   7.2682E-05   9.3225E-05   7.2682E-05 / 9.3225E-05   
940   5.125E-03   4.4471E-05   7.1949E-05   4.4470E-05 / 7.1949E-05   
950   5.125E-03   4.0406E-05   6.1875E-05   4.0307E-05 / 6.1803E-05   
960   5.125E-03   4.1303E-05   6.2356E-05   4.1274E-05 / 6.2338E-05   
970   5.125E-03   3.9694E-05   6.3710E-05   3.9674E-05 / 6.3702E-05   
980   5.125E-03   4.1799E-05   6.3146E-05   4.1748E-05 / 6.3098E-05   
990   5.125E-03   4.5102E-05   6.7815E-05   4.5102E-05 / 6.7815E-05   
1000   5.125E-03   3.9690E-05   6.4813E-05   3.9665E-05 / 6.4781E-05   
1010   5.125E-03   3.6123E-05   5.5748E-05   3.6123E-05 / 5.5748E-05   
1020   5.125E-03   3.8941E-05   5.8345E-05   3.8940E-05 / 5.8345E-05   
1030   5.125E-03   4.4173E-05   6.1315E-05   4.4170E-05 / 6.1315E-05   
1040   5.125E-03   3.3997E-05   5.4325E-05   3.3972E-05 / 5.4307E-05   
1050   5.125E-03   3.7300E-05   5.6383E-05   3.7288E-05 / 5.6375E-05   
1060   5.125E-03   3.6349E-05   5.2653E-05   3.6315E-05 / 5.2630E-05   
1070   5.125E-03   3.7351E-05   5.3634E-05   3.7239E-05 / 5.3538E-05   
1080   5.125E-03   5.4758E-05   7.6762E-05   5.4489E-05 / 7.6630E-05   
1090   5.125E-03   4.7205E-05   6.8846E-05   4.7184E-05 / 6.8841E-05   
1100   5.125E-03   3.7359E-05   5.5380E-05   3.7318E-05 / 5.5359E-05   
1110   5.125E-03   3.2895E-05   5.2877E-05   3.2869E-05 / 5.2871E-05   
1120   5.125E-03   3.6925E-05   5.4363E-05   3.6774E-05 / 5.4328E-05   
1130   5.125E-03   3.1188E-05   4.7855E-05   3.1165E-05 / 4.7851E-05   
1140   5.125E-03   3.0640E-05   4.6781E-05   3.0623E-05 / 4.6780E-05   
1150   5.125E-03   2.9838E-05   4.7092E-05   2.9655E-05 / 4.6973E-05   
1160   5.125E-03   3.6680E-05   5.8033E-05   3.6392E-05 / 5.7955E-05   
1170   5.125E-03   7.5569E-05   1.0028E-04   7.5500E-05 / 1.0026E-04   
1180   5.125E-03   3.0439E-05   4.9113E-05   3.0405E-05 / 4.9105E-05   
1190   5.125E-03   2.9778E-05   4.6645E-05   2.9543E-05 / 4.6496E-05   
1200   5.125E-03   2.9342E-05   4.4382E-05   2.9034E-05 / 4.4163E-05   
1210   5.125E-03   2.9210E-05   4.4872E-05   2.9017E-05 / 4.4755E-05   
1220   5.125E-03   2.8569E-05   4.3164E-05   2.8546E-05 / 4.3160E-05   
1230   5.125E-03   2.8739E-05   4.5601E-05   2.8643E-05 / 4.5552E-05   
1240   5.125E-03   2.7701E-05   4.2592E-05   2.7691E-05 / 4.2590E-05   
1250   5.125E-03   3.0070E-05   4.4829E-05   2.9294E-05 / 4.4179E-05   
1260   5.125E-03   3.4305E-05   5.1510E-05   3.4169E-05 / 5.1427E-05   
1270   5.125E-03   2.9501E-05   4.7227E-05   2.9394E-05 / 4.7164E-05   
1280   5.125E-03   2.6877E-05   4.1240E-05   2.6462E-05 / 4.0910E-05   
1290   5.125E-03   2.7437E-05   4.2915E-05   2.7188E-05 / 4.2732E-05   
1300   5.125E-03   2.7963E-05   4.2158E-05   2.7905E-05 / 4.2121E-05   
1310   5.125E-03   2.8756E-05   4.1366E-05   2.8297E-05 / 4.0990E-05   
1320   5.125E-03   2.6652E-05   4.0430E-05   2.6621E-05 / 4.0409E-05   
1330   5.125E-03   2.8380E-05   3.9647E-05   2.8310E-05 / 3.9647E-05   
1340   5.125E-03   3.3324E-05   4.8070E-05   3.3322E-05 / 4.8068E-05   
1350   5.125E-03   4.3045E-05   5.7402E-05   4.2635E-05 / 5.7151E-05   
1360   5.125E-03   2.5705E-05   4.1635E-05   2.5274E-05 / 4.1286E-05   
1370   5.125E-03   2.8361E-05   4.1394E-05   2.7662E-05 / 4.0772E-05   
1380   5.125E-03   3.1322E-05   4.2058E-05   3.1314E-05 / 4.2046E-05   
1390   5.125E-03   2.6734E-05   3.9265E-05   2.4763E-05 / 3.7426E-05   
1400   5.125E-03   3.0368E-05   4.1772E-05   3.0368E-05 / 4.1772E-05   
1410   5.125E-03   2.3591E-05   3.6422E-05   2.3579E-05 / 3.6407E-05   
1420   5.125E-03   2.9156E-05   4.4022E-05   2.9154E-05 / 4.4019E-05   
1430   5.125E-03   4.7076E-05   6.2181E-05   4.6380E-05 / 6.1617E-05   
1440   5.125E-03   2.6540E-05   3.9853E-05   2.6045E-05 / 3.9429E-05   
1450   5.125E-03   3.2847E-05   4.9309E-05   3.2190E-05 / 4.9042E-05   
1460   5.125E-03   2.5147E-05   3.7108E-05   2.5054E-05 / 3.7107E-05   
1470   5.125E-03   2.5686E-05   3.6518E-05   2.5660E-05 / 3.6502E-05   
1480   5.125E-03   2.1359E-05   3.5950E-05   2.1348E-05 / 3.5938E-05   
1490   5.125E-03   2.3767E-05   3.6220E-05   2.3597E-05 / 3.6074E-05   
1500   5.125E-03   2.2138E-05   3.5014E-05   2.2135E-05 / 3.5012E-05   
1510   5.125E-03   4.5308E-05   5.2477E-05   4.4746E-05 / 5.2006E-05   
1520   5.125E-03   4.0861E-05   5.4875E-05   4.0388E-05 / 5.4506E-05   
1530   5.125E-03   2.1604E-05   3.6168E-05   2.1604E-05 / 3.6168E-05   
1540   5.125E-03   2.1447E-05   3.6546E-05   2.1433E-05 / 3.6545E-05   
1550   5.125E-03   2.4698E-05   3.7540E-05   2.3838E-05 / 3.6995E-05   
1560   5.125E-03   2.0833E-05   3.2678E-05   2.0828E-05 / 3.2678E-05   
1570   5.125E-03   2.1439E-05   3.0610E-05   2.1304E-05 / 3.0514E-05   
1580   5.125E-03   2.1017E-05   3.5004E-05   2.1014E-05 / 3.5004E-05   
1590   5.125E-03   2.9752E-05   4.7982E-05   2.9673E-05 / 4.7981E-05   
1600   5.125E-03   5.7678E-05   6.6174E-05   5.7678E-05 / 6.6174E-05   
1610   5.125E-03   1.8954E-05   3.0763E-05   1.8954E-05 / 3.0763E-05   
1620   5.125E-03   1.8895E-05   3.2349E-05   1.8768E-05 / 3.2267E-05   
1630   5.125E-03   2.1397E-05   3.2700E-05   2.1378E-05 / 3.2699E-05   
1640   5.125E-03   1.9103E-05   3.2450E-05   1.9008E-05 / 3.2410E-05   
1650   5.125E-03   1.9161E-05   3.2941E-05   1.9049E-05 / 3.2878E-05   
1660   5.125E-03   1.8808E-05   3.0103E-05   1.8767E-05 / 3.0085E-05   
1670   5.125E-03   2.5341E-05   3.8015E-05   2.5243E-05 / 3.7957E-05   
1680   5.125E-03   2.1410E-05   3.5125E-05   2.0311E-05 / 3.4157E-05   
1690   5.125E-03   1.6902E-05   2.8478E-05   1.6834E-05 / 2.8419E-05   
1700   5.125E-03   1.7016E-05   2.8716E-05   1.7016E-05 / 2.8716E-05   
1710   5.125E-03   1.6743E-05   2.9987E-05   1.6685E-05 / 2.9932E-05   
1720   5.125E-03   1.6985E-05   2.8605E-05   1.6757E-05 / 2.8394E-05   
1730   5.125E-03   1.7059E-05   2.8844E-05   1.7018E-05 / 2.8794E-05   
1740   5.125E-03   3.2608E-05   4.8855E-05   3.2604E-05 / 4.8855E-05   
1750   5.125E-03   2.0343E-05   3.4444E-05   1.9703E-05 / 3.3869E-05   
1760   5.125E-03   1.6416E-05   2.8647E-05   1.6273E-05 / 2.8534E-05   
1770   5.125E-03   1.7225E-05   2.7557E-05   1.6720E-05 / 2.7098E-05   
1780   5.125E-03   1.5210E-05   2.7196E-05   1.5055E-05 / 2.7031E-05   
1790   5.125E-03   1.7352E-05   3.1032E-05   1.6226E-05 / 2.9974E-05   
1800   5.125E-03   1.9305E-05   3.2248E-05   1.9107E-05 / 3.2049E-05   
1810   5.125E-03   1.4996E-05   2.8412E-05   1.4940E-05 / 2.8347E-05   
1820   5.125E-03   1.8092E-05   3.0678E-05   1.8092E-05 / 3.0678E-05   
1830   5.125E-03   1.6996E-05   2.7220E-05   1.6478E-05 / 2.6787E-05   
1840   5.125E-03   1.9744E-05   3.1071E-05   1.9733E-05 / 3.1071E-05   
1850   5.125E-03   1.5022E-05   2.9162E-05   1.5008E-05 / 2.9150E-05   
1860   5.125E-03   1.6026E-05   2.7628E-05   1.5671E-05 / 2.7325E-05   
1870   5.125E-03   2.4204E-05   4.3492E-05   2.4115E-05 / 4.3466E-05   
1880   5.125E-03   1.7274E-05   2.9873E-05   1.7107E-05 / 2.9764E-05   
1890   5.125E-03   1.4981E-05   2.7961E-05   1.4931E-05 / 2.7923E-05   
1900   5.125E-03   1.4951E-05   2.7077E-05   1.4948E-05 / 2.7077E-05   
1910   5.125E-03   1.3943E-05   2.6434E-05   1.3921E-05 / 2.6425E-05   
1920   5.125E-03   1.4235E-05   2.8209E-05   1.4198E-05 / 2.8191E-05   
1930   5.125E-03   1.4087E-05   2.7435E-05   1.4000E-05 / 2.7378E-05   
1940   5.125E-03   1.4532E-05   2.9331E-05   1.4406E-05 / 2.9240E-05   
1950   5.125E-03   2.0343E-05   3.5292E-05   2.0343E-05 / 3.5292E-05   
1960   5.125E-03   1.4665E-05   2.7745E-05   1.4557E-05 / 2.7673E-05   
1970   5.125E-03   1.4969E-05   2.9235E-05   1.4854E-05 / 2.9161E-05   
1980   5.125E-03   1.4907E-05   2.8388E-05   1.4878E-05 / 2.8381E-05   
1990   5.125E-03   1.4959E-05   2.8184E-05   1.4872E-05 / 2.8137E-05   
2000   5.125E-03   1.7345E-05   3.2449E-05   1.6731E-05 / 3.1935E-05   
2010   5.125E-03   1.4762E-05   2.8899E-05   1.4712E-05 / 2.8890E-05   
2020   5.125E-03   3.3446E-05   5.8821E-05   3.3388E-05 / 5.8795E-05   
2030   5.125E-03   1.4218E-05   3.0384E-05   1.4054E-05 / 3.0296E-05   
2040   5.125E-03   1.5125E-05   3.0932E-05   1.5113E-05 / 3.0930E-05   
2050   5.125E-03   1.2719E-05   2.6404E-05   1.2689E-05 / 2.6395E-05   
2060   5.125E-03   1.4247E-05   2.6569E-05   1.4192E-05 / 2.6544E-05   
2070   5.125E-03   1.5380E-05   2.7849E-05   1.3210E-05 / 2.5782E-05   
2080   5.125E-03   1.6931E-05   2.6078E-05   1.6869E-05 / 2.6058E-05   
2090   5.125E-03   1.4091E-05   2.5648E-05   1.4041E-05 / 2.5620E-05   
2100   5.125E-03   2.4878E-05   3.8600E-05   2.1441E-05 / 3.5793E-05   
2110   5.125E-03   1.4093E-05   3.0091E-05   1.4027E-05 / 3.0053E-05   
2120   5.125E-03   1.3970E-05   2.7483E-05   1.3970E-05 / 2.7483E-05   
2130   5.125E-03   1.2869E-05   2.4755E-05   1.2602E-05 / 2.4524E-05   
2140   5.125E-03   1.4320E-05   2.8457E-05   1.4307E-05 / 2.8448E-05   
2150   5.125E-03   1.2922E-05   2.3899E-05   1.2920E-05 / 2.3898E-05   
2160   5.125E-03   1.5390E-05   2.4570E-05   1.5315E-05 / 2.4504E-05   
2170   5.125E-03   1.2393E-05   2.3513E-05   1.2183E-05 / 2.3327E-05   
2180   5.125E-03   1.1318E-05   2.3308E-05   1.1240E-05 / 2.3235E-05   
2190   5.125E-03   1.2519E-05   2.2493E-05   1.2511E-05 / 2.2484E-05   
2200   5.125E-03   1.2278E-05   2.5993E-05   1.1836E-05 / 2.5584E-05   
2210   5.125E-03   1.2497E-05   2.5041E-05   1.2496E-05 / 2.5041E-05   
2220   5.125E-03   1.1752E-05   2.2803E-05   1.1404E-05 / 2.2509E-05   
2230   5.125E-03   1.2230E-05   2.5407E-05   1.2118E-05 / 2.5313E-05   
2240   5.125E-03   1.7969E-05   3.4572E-05   1.7794E-05 / 3.4396E-05   
2250   5.125E-03   1.3984E-05   2.4775E-05   1.3304E-05 / 2.4104E-05   
2260   5.125E-03   1.6382E-05   2.5623E-05   1.6382E-05 / 2.5623E-05   
2270   5.125E-03   1.1551E-05   2.3489E-05   1.1378E-05 / 2.3349E-05   
2280   5.125E-03   1.2309E-05   2.4288E-05   1.2204E-05 / 2.4182E-05   
2290   5.125E-03   1.3968E-05   2.8284E-05   1.3830E-05 / 2.8223E-05   
2300   5.125E-03   1.1142E-05   2.2991E-05   1.0919E-05 / 2.2785E-05   
2310   5.125E-03   1.7636E-05   3.1237E-05   1.7588E-05 / 3.1170E-05   
2320   5.125E-03   1.3343E-05   2.8275E-05   1.3160E-05 / 2.8150E-05   
2330   5.125E-03   1.3240E-05   2.7610E-05   1.1982E-05 / 2.6422E-05   
2340   5.125E-03   1.2583E-05   2.3126E-05   1.2580E-05 / 2.3120E-05   
2350   5.125E-03   1.2167E-05   2.3034E-05   1.2136E-05 / 2.2985E-05   
2360   5.125E-03   1.2286E-05   2.4595E-05   1.2286E-05 / 2.4595E-05   
2370   5.125E-03   1.3488E-05   2.5957E-05   1.3488E-05 / 2.5957E-05   
2380   5.125E-03   1.3546E-05   2.3227E-05   1.3253E-05 / 2.2968E-05   
2390   5.125E-03   1.5942E-05   2.9187E-05   1.5934E-05 / 2.9168E-05   
2400   5.125E-03   1.3763E-05   2.4304E-05   1.3763E-05 / 2.4304E-05   
2410   5.125E-03   1.2003E-05   2.7300E-05   1.1766E-05 / 2.7069E-05   
2420   5.125E-03   1.0545E-05   2.3275E-05   1.0489E-05 / 2.3199E-05   
2430   5.125E-03   1.1791E-05   2.4891E-05   1.1245E-05 / 2.4431E-05   
2440   5.125E-03   1.5992E-05   3.1174E-05   1.5862E-05 / 3.1032E-05   
2450   5.125E-03   1.2199E-05   2.3232E-05   1.1870E-05 / 2.2939E-05   
2460   5.125E-03   1.4193E-05   3.3032E-05   1.4140E-05 / 3.2962E-05   
2470   5.125E-03   1.2051E-05   2.5650E-05   1.1585E-05 / 2.5232E-05   
2480   5.125E-03   1.0800E-05   2.5830E-05   1.0651E-05 / 2.5674E-05   
2490   5.125E-03   1.0225E-05   2.6085E-05   1.0135E-05 / 2.6000E-05   
2500   5.125E-03   1.4679E-05   2.8276E-05   1.4679E-05 / 2.8276E-05   
2510   5.125E-03   1.1065E-05   2.6072E-05   1.0926E-05 / 2.6036E-05   
2520   5.125E-03   1.3078E-05   3.0448E-05   1.2980E-05 / 3.0340E-05   
2530   5.125E-03   1.0856E-05   2.5333E-05   1.0840E-05 / 2.5312E-05   
2540   5.125E-03   1.1173E-05   2.6144E-05   1.1171E-05 / 2.6144E-05   
2550   5.125E-03   1.6983E-05   2.8578E-05   1.6980E-05 / 2.8573E-05   
2560   5.125E-03   1.3958E-05   2.5431E-05   1.3958E-05 / 2.5431E-05   
2570   5.125E-03   9.4815E-06   2.4268E-05   9.2772E-06 / 2.4071E-05   
2580   5.125E-03   1.0263E-05   2.3757E-05   9.7803E-06 / 2.3346E-05   
2590   5.125E-03   1.4816E-05   3.2335E-05   1.4811E-05 / 3.2331E-05   
2600   5.125E-03   1.1561E-05   2.2039E-05   1.1475E-05 / 2.1954E-05   
2610   5.125E-03   1.5413E-05   2.5461E-05   1.5380E-05 / 2.5429E-05   
2620   5.125E-03   1.1183E-05   2.4008E-05   1.1152E-05 / 2.4001E-05   
2630   5.125E-03   9.0962E-06   2.2003E-05   8.9957E-06 / 2.1907E-05   
2640   5.125E-03   9.5234E-06   2.4222E-05   9.5227E-06 / 2.4222E-05   
2650   5.125E-03   1.3250E-05   3.2986E-05   1.3158E-05 / 3.2900E-05   
2660   5.125E-03   1.0141E-05   2.1970E-05   1.0106E-05 / 2.1940E-05   
2670   5.125E-03   9.3196E-06   2.1391E-05   9.3177E-06 / 2.1391E-05   
2675   5.125E-03   9.5337E-06   2.3256E-05   9.5332E-06 / 2.3256E-05   
BEST MODEL
===============================================================================================================
2412   5.125E-03   1.1829E-05   2.0450E-05   1.1827E-05 / 2.0444E-05   
===============================================================================================================
Saved model to /home/nikki/kan/kanTBNN/models/multi_run/kan_experiment_97_opt/kanTBNN-24Nov07_01:15:59.pickle
