========== Dataset info ==========
Dataset params: {'file': '/home/nikki/kan/data/turbulence_dataset_clean.csv', 'Cases': ['fp_1000', 'fp_1410', 'fp_2000', 'fp_2540', 'fp_3030', 'fp_3270', 'fp_3630', 'fp_3970', 'fp_4060'], 'val_set': ['fp_3030', 'fp_1410', 'fp_4060'], 'test_set': ['fp_3630'], 'data_loader': <class 'tbnn.dataloaders.aDataset'>}
Train/Valid/Test points: 760 / 468 / 168
Memorization?: False
Cluster training?: False
EPOCH     LR        TRAIN         VALID             MSE:T/V                  RL:T/V             %NR_t/%NR_v
===============================================================================================================
  1   3.771E-03   2.0184E-01   1.9793E-01   2.0184E-01 / 1.9793E-01   
 10   3.771E-03   8.3887E-03   7.9361E-03   8.3505E-03 / 7.8954E-03   
 20   3.771E-03   3.7162E-03   3.5221E-03   3.7067E-03 / 3.5134E-03   
 30   3.771E-03   2.7892E-03   2.6617E-03   2.7828E-03 / 2.6568E-03   
 40   3.771E-03   2.2376E-03   2.1391E-03   2.2333E-03 / 2.1353E-03   
 50   3.771E-03   1.8270E-03   1.7519E-03   1.8251E-03 / 1.7501E-03   
 60   3.771E-03   1.5671E-03   1.5032E-03   1.5650E-03 / 1.5011E-03   
 70   3.771E-03   1.3462E-03   1.3100E-03   1.3434E-03 / 1.3073E-03   
 80   3.771E-03   1.1636E-03   1.1352E-03   1.1602E-03 / 1.1322E-03   
 90   3.771E-03   1.0074E-03   9.8475E-04   1.0045E-03 / 9.8217E-04   
100   3.771E-03   8.7949E-04   8.6602E-04   8.7652E-04 / 8.6334E-04   
110   3.771E-03   7.8339E-04   7.7398E-04   7.8112E-04 / 7.7196E-04   
120   3.771E-03   6.8844E-04   6.8546E-04   6.8679E-04 / 6.8400E-04   
130   3.771E-03   6.2699E-04   6.4183E-04   6.2566E-04 / 6.4065E-04   
140   3.771E-03   5.6507E-04   5.8830E-04   5.6422E-04 / 5.8752E-04   
150   3.771E-03   5.5995E-04   6.0093E-04   5.5903E-04 / 6.0013E-04   
160   3.771E-03   4.8966E-04   5.5616E-04   4.8901E-04 / 5.5572E-04   
170   3.771E-03   4.6277E-04   5.4026E-04   4.6199E-04 / 5.3969E-04   
180   3.771E-03   4.4181E-04   5.6493E-04   4.4085E-04 / 5.6426E-04   
190   3.771E-03   4.2039E-04   6.3040E-04   4.1945E-04 / 6.2959E-04   
200   3.771E-03   4.0256E-04   6.4721E-04   4.0138E-04 / 6.4610E-04   
210   3.771E-03   3.9456E-04   7.2278E-04   3.9332E-04 / 7.2161E-04   
220   3.771E-03   3.8125E-04   8.1861E-04   3.7996E-04 / 8.1745E-04   
230   3.771E-03   3.7665E-04   9.4673E-04   3.7541E-04 / 9.4565E-04   
240   3.771E-03   3.5416E-04   1.0322E-03   3.5300E-04 / 1.0312E-03   
250   3.771E-03   3.4248E-04   1.1180E-03   3.4139E-04 / 1.1171E-03   
260   3.771E-03   3.3069E-04   1.2058E-03   3.2963E-04 / 1.2049E-03   
270   3.771E-03   3.2560E-04   1.3272E-03   3.2459E-04 / 1.3264E-03   
280   3.771E-03   3.2810E-04   1.4340E-03   3.2741E-04 / 1.4334E-03   
290   3.771E-03   2.9667E-04   1.5807E-03   2.9581E-04 / 1.5800E-03   
300   3.771E-03   2.9581E-04   1.6932E-03   2.9494E-04 / 1.6925E-03   
310   3.771E-03   2.8172E-04   1.8650E-03   2.8088E-04 / 1.8643E-03   
320   3.771E-03   2.8640E-04   1.8872E-03   2.8507E-04 / 1.8863E-03   
330   3.771E-03   2.7384E-04   2.1634E-03   2.7305E-04 / 2.1581E-03   
340   3.771E-03   2.6582E-04   2.3532E-03   2.6507E-04 / 2.3371E-03   
350   3.771E-03   2.8055E-04   2.4797E-03   2.7983E-04 / 2.4496E-03   
360   3.771E-03   2.5264E-04   2.4991E-03   2.5189E-04 / 2.4629E-03   
370   3.771E-03   2.4963E-04   2.7168E-03   2.4881E-04 / 2.6515E-03   
380   3.771E-03   2.4566E-04   2.8945E-03   2.4501E-04 / 2.7942E-03   
390   3.771E-03   2.5201E-04   3.1993E-03   2.5131E-04 / 3.0297E-03   
400   3.771E-03   2.3879E-04   3.4935E-03   2.3794E-04 / 3.2352E-03   
410   3.771E-03   2.2989E-04   3.4528E-03   2.2915E-04 / 3.1794E-03   
420   3.771E-03   2.3684E-04   3.9337E-03   2.3613E-04 / 3.5253E-03   
430   3.771E-03   2.1750E-04   4.2032E-03   2.1681E-04 / 3.6950E-03   
BEST MODEL
===============================================================================================================
170   3.771E-03   4.6277E-04   5.4026E-04   4.6199E-04 / 5.3969E-04   
===============================================================================================================
Saved model to /home/nikki/kan/kanTBNN/models/multi_run/kan_experiment_131_opt/kanTBNN-24Nov08_01:01:19.pickle
