========== Dataset info ==========
Dataset params: {'file': '/home/nikki/kan/data/turbulence_dataset_clean.csv', 'Cases': ['fp_1000', 'fp_1410', 'fp_2000', 'fp_2540', 'fp_3030', 'fp_3270', 'fp_3630', 'fp_3970', 'fp_4060'], 'val_set': ['fp_3030', 'fp_1410', 'fp_4060'], 'test_set': ['fp_3630'], 'data_loader': <class 'tbnn.dataloaders.aDataset'>}
Train/Valid/Test points: 760 / 468 / 168
Memorization?: False
Cluster training?: False
EPOCH     LR        TRAIN         VALID             MSE:T/V                  RL:T/V             %NR_t/%NR_v
===============================================================================================================
  1   3.236E-03   1.8523E-01   1.8088E-01   1.8503E-01 / 1.8066E-01   
 10   3.236E-03   4.6828E-03   4.3103E-03   4.6789E-03 / 4.3062E-03   
 20   3.236E-03   2.7509E-03   2.6276E-03   2.7503E-03 / 2.6271E-03   
 30   3.236E-03   2.1585E-03   2.0854E-03   2.1573E-03 / 2.0842E-03   
 40   3.236E-03   1.8181E-03   1.7671E-03   1.8163E-03 / 1.7655E-03   
 50   3.236E-03   1.5824E-03   1.5436E-03   1.5816E-03 / 1.5429E-03   
 60   3.236E-03   1.4047E-03   1.3738E-03   1.4043E-03 / 1.3733E-03   
 70   3.236E-03   1.2580E-03   1.2343E-03   1.2578E-03 / 1.2340E-03   
 80   3.236E-03   1.1155E-03   1.0983E-03   1.1153E-03 / 1.0980E-03   
 90   3.236E-03   9.7398E-04   9.6333E-04   9.7383E-04 / 9.6307E-04   
100   3.236E-03   8.3706E-04   8.3458E-04   8.3686E-04 / 8.3432E-04   
110   3.236E-03   7.1959E-04   7.2261E-04   7.1946E-04 / 7.2241E-04   
120   3.236E-03   6.3307E-04   6.4339E-04   6.3294E-04 / 6.4321E-04   
130   3.236E-03   5.6452E-04   5.7762E-04   5.6441E-04 / 5.7743E-04   
140   3.236E-03   5.1214E-04   5.2955E-04   5.1207E-04 / 5.2934E-04   
150   3.236E-03   4.6995E-04   4.8965E-04   4.6991E-04 / 4.8948E-04   
160   3.236E-03   4.3469E-04   4.5580E-04   4.3463E-04 / 4.5565E-04   
170   3.236E-03   4.0545E-04   4.2964E-04   4.0516E-04 / 4.2935E-04   
180   3.236E-03   3.7917E-04   4.0384E-04   3.7915E-04 / 4.0376E-04   
190   3.236E-03   3.5464E-04   3.8000E-04   3.5464E-04 / 3.7992E-04   
200   3.236E-03   3.3401E-04   3.6188E-04   3.3401E-04 / 3.6181E-04   
210   3.236E-03   3.1622E-04   3.4784E-04   3.1621E-04 / 3.4775E-04   
220   3.236E-03   2.9788E-04   3.2880E-04   2.9786E-04 / 3.2876E-04   
230   3.236E-03   2.8262E-04   3.1293E-04   2.8257E-04 / 3.1290E-04   
240   3.236E-03   2.7059E-04   3.0762E-04   2.7059E-04 / 3.0760E-04   
250   3.236E-03   2.5742E-04   2.9506E-04   2.5738E-04 / 2.9503E-04   
260   3.236E-03   2.4443E-04   2.8478E-04   2.4440E-04 / 2.8477E-04   
270   3.236E-03   2.3431E-04   2.7505E-04   2.3410E-04 / 2.7490E-04   
280   3.236E-03   2.2493E-04   2.6733E-04   2.2491E-04 / 2.6733E-04   
290   3.236E-03   2.3511E-04   2.7849E-04   2.3507E-04 / 2.7848E-04   
300   3.236E-03   2.0732E-04   2.5346E-04   2.0728E-04 / 2.5345E-04   
310   3.236E-03   1.9928E-04   2.4714E-04   1.9914E-04 / 2.4704E-04   
320   3.236E-03   1.9494E-04   2.4246E-04   1.9483E-04 / 2.4235E-04   
330   3.236E-03   1.8354E-04   2.3204E-04   1.8350E-04 / 2.3200E-04   
340   3.236E-03   2.2016E-04   2.5708E-04   2.2002E-04 / 2.5695E-04   
350   3.236E-03   1.7480E-04   2.2916E-04   1.7459E-04 / 2.2901E-04   
360   3.236E-03   1.6582E-04   2.1308E-04   1.6574E-04 / 2.1303E-04   
370   3.236E-03   1.6087E-04   2.1511E-04   1.6084E-04 / 2.1510E-04   
380   3.236E-03   1.5638E-04   2.0652E-04   1.5634E-04 / 2.0650E-04   
390   3.236E-03   1.4859E-04   1.9883E-04   1.4858E-04 / 1.9880E-04   
400   3.236E-03   1.4431E-04   1.9009E-04   1.4430E-04 / 1.9005E-04   
410   3.236E-03   1.4964E-04   2.0079E-04   1.4940E-04 / 2.0054E-04   
420   3.236E-03   1.3395E-04   1.8436E-04   1.3395E-04 / 1.8434E-04   
430   3.236E-03   1.3179E-04   1.7784E-04   1.3170E-04 / 1.7777E-04   
440   3.236E-03   1.2575E-04   1.6798E-04   1.2562E-04 / 1.6786E-04   
450   3.236E-03   1.2118E-04   1.6393E-04   1.2114E-04 / 1.6393E-04   
460   3.236E-03   1.1859E-04   1.6015E-04   1.1847E-04 / 1.6013E-04   
470   3.236E-03   1.1558E-04   1.5943E-04   1.1558E-04 / 1.5942E-04   
480   3.236E-03   1.2063E-04   1.6498E-04   1.2062E-04 / 1.6496E-04   
490   3.236E-03   1.1036E-04   1.5202E-04   1.1032E-04 / 1.5200E-04   
500   3.236E-03   1.1821E-04   1.5347E-04   1.1783E-04 / 1.5318E-04   
510   3.236E-03   1.0572E-04   1.4893E-04   1.0563E-04 / 1.4884E-04   
520   3.236E-03   9.6983E-05   1.3582E-04   9.6980E-05 / 1.3582E-04   
530   3.236E-03   9.6449E-05   1.3311E-04   9.6373E-05 / 1.3304E-04   
540   3.236E-03   9.3407E-05   1.3171E-04   9.3404E-05 / 1.3171E-04   
550   3.236E-03   8.9134E-05   1.2778E-04   8.9005E-05 / 1.2772E-04   
560   3.236E-03   9.2338E-05   1.2841E-04   9.2334E-05 / 1.2841E-04   
570   3.236E-03   8.5045E-05   1.2056E-04   8.5025E-05 / 1.2056E-04   
580   3.236E-03   8.2989E-05   1.2085E-04   8.2692E-05 / 1.2065E-04   
590   3.236E-03   9.8653E-05   1.4375E-04   9.8561E-05 / 1.4374E-04   
600   3.236E-03   7.9280E-05   1.1179E-04   7.9278E-05 / 1.1179E-04   
610   3.236E-03   7.4319E-05   1.1098E-04   7.4177E-05 / 1.1088E-04   
620   3.236E-03   7.6774E-05   1.1183E-04   7.6285E-05 / 1.1142E-04   
630   3.236E-03   7.2528E-05   1.1266E-04   7.1887E-05 / 1.1214E-04   
640   3.236E-03   7.3371E-05   1.1071E-04   7.3182E-05 / 1.1061E-04   
650   3.236E-03   6.8474E-05   1.0755E-04   6.8253E-05 / 1.0743E-04   
660   3.236E-03   7.9856E-05   1.1543E-04   7.9692E-05 / 1.1530E-04   
670   3.236E-03   6.9692E-05   1.0473E-04   6.9689E-05 / 1.0473E-04   
680   3.236E-03   7.2761E-05   1.0139E-04   7.2761E-05 / 1.0139E-04   
690   3.236E-03   6.8164E-05   1.0482E-04   6.8159E-05 / 1.0482E-04   
700   3.236E-03   6.0362E-05   9.6991E-05   6.0361E-05 / 9.6991E-05   
710   3.236E-03   5.8771E-05   9.7382E-05   5.8746E-05 / 9.7382E-05   
720   3.236E-03   5.6124E-05   9.5406E-05   5.5940E-05 / 9.5273E-05   
730   3.236E-03   6.5595E-05   1.1679E-04   6.5507E-05 / 1.1674E-04   
740   3.236E-03   5.7511E-05   9.4302E-05   5.7485E-05 / 9.4301E-05   
750   3.236E-03   5.2470E-05   8.6613E-05   5.2443E-05 / 8.6593E-05   
760   3.236E-03   6.3388E-05   9.7942E-05   6.3306E-05 / 9.7901E-05   
770   3.236E-03   5.6119E-05   9.3368E-05   5.6077E-05 / 9.3360E-05   
780   3.236E-03   5.4664E-05   9.1490E-05   5.4647E-05 / 9.1484E-05   
790   3.236E-03   4.9193E-05   8.5617E-05   4.8929E-05 / 8.5454E-05   
800   3.236E-03   6.5651E-05   9.6458E-05   6.3273E-05 / 9.4365E-05   
810   3.236E-03   4.7507E-05   8.0207E-05   4.7506E-05 / 8.0207E-05   
820   3.236E-03   4.7011E-05   7.9184E-05   4.7007E-05 / 7.9182E-05   
830   3.236E-03   5.2402E-05   8.7041E-05   5.2402E-05 / 8.7041E-05   
840   3.236E-03   4.5326E-05   7.7709E-05   4.5245E-05 / 7.7653E-05   
850   3.236E-03   4.8145E-05   8.0322E-05   4.8084E-05 / 8.0274E-05   
860   3.236E-03   4.3460E-05   7.4831E-05   4.3083E-05 / 7.4537E-05   
870   3.236E-03   4.8435E-05   8.1708E-05   4.8433E-05 / 8.1704E-05   
880   3.236E-03   4.1250E-05   7.5616E-05   4.1193E-05 / 7.5562E-05   
890   3.236E-03   3.9692E-05   7.2258E-05   3.9244E-05 / 7.1797E-05   
900   3.236E-03   4.1495E-05   7.3592E-05   4.1206E-05 / 7.3218E-05   
910   3.236E-03   4.0296E-05   6.9170E-05   4.0286E-05 / 6.9165E-05   
920   3.236E-03   4.4806E-05   7.2797E-05   4.4761E-05 / 7.2754E-05   
930   3.236E-03   4.9224E-05   7.8701E-05   4.9080E-05 / 7.8603E-05   
940   3.236E-03   4.1425E-05   7.5283E-05   4.1399E-05 / 7.5283E-05   
950   3.236E-03   3.6363E-05   6.6811E-05   3.6079E-05 / 6.6492E-05   
960   3.236E-03   3.5355E-05   6.3385E-05   3.5291E-05 / 6.3339E-05   
970   3.236E-03   3.5393E-05   6.4909E-05   3.5372E-05 / 6.4902E-05   
980   3.236E-03   3.8734E-05   6.2076E-05   3.8365E-05 / 6.1786E-05   
990   3.236E-03   3.2728E-05   6.1353E-05   3.2467E-05 / 6.1182E-05   
1000   3.236E-03   3.2566E-05   6.1032E-05   3.2217E-05 / 6.0817E-05   
1010   3.236E-03   3.4650E-05   6.4671E-05   3.4466E-05 / 6.4592E-05   
1020   3.236E-03   3.3198E-05   6.3980E-05   3.2898E-05 / 6.3822E-05   
1030   3.236E-03   3.4471E-05   6.1904E-05   3.2641E-05 / 6.0305E-05   
1040   3.236E-03   3.5998E-05   6.8041E-05   3.5988E-05 / 6.8041E-05   
1050   3.236E-03   3.1161E-05   5.8519E-05   3.0430E-05 / 5.7984E-05   
1060   3.236E-03   3.3302E-05   6.4572E-05   3.3276E-05 / 6.4568E-05   
1070   3.236E-03   3.0983E-05   6.1771E-05   3.0419E-05 / 6.1358E-05   
1080   3.236E-03   3.0509E-05   5.7465E-05   3.0444E-05 / 5.7417E-05   
1090   3.236E-03   2.9078E-05   5.9658E-05   2.8994E-05 / 5.9581E-05   
1100   3.236E-03   2.7510E-05   5.7382E-05   2.7352E-05 / 5.7248E-05   
1110   3.236E-03   2.8021E-05   5.9899E-05   2.7895E-05 / 5.9813E-05   
1120   3.236E-03   3.1700E-05   6.0631E-05   3.0778E-05 / 5.9733E-05   
1130   3.236E-03   2.8687E-05   5.8149E-05   2.8040E-05 / 5.7597E-05   
1140   3.236E-03   2.6040E-05   5.5719E-05   2.5984E-05 / 5.5673E-05   
1150   3.236E-03   4.6856E-05   6.8016E-05   4.6847E-05 / 6.8012E-05   
1160   3.236E-03   2.8794E-05   5.4826E-05   2.8606E-05 / 5.4547E-05   
1170   3.236E-03   2.9274E-05   5.6067E-05   2.9264E-05 / 5.6066E-05   
1180   3.236E-03   2.7328E-05   5.6577E-05   2.7126E-05 / 5.6364E-05   
1190   3.236E-03   2.6712E-05   5.6691E-05   2.6629E-05 / 5.6671E-05   
1200   3.236E-03   2.5683E-05   5.2520E-05   2.5578E-05 / 5.2399E-05   
1210   3.236E-03   2.5098E-05   5.4531E-05   2.5086E-05 / 5.4525E-05   
1220   3.236E-03   3.1382E-05   5.7858E-05   3.1108E-05 / 5.7628E-05   
1230   3.236E-03   4.0246E-05   7.1799E-05   3.9948E-05 / 7.1624E-05   
1240   3.236E-03   2.2923E-05   5.0814E-05   2.2851E-05 / 5.0785E-05   
1250   3.236E-03   2.1787E-05   5.0226E-05   2.1702E-05 / 5.0199E-05   
1260   3.236E-03   2.3067E-05   5.1129E-05   2.2731E-05 / 5.0954E-05   
1270   3.236E-03   2.3307E-05   5.1999E-05   2.3260E-05 / 5.1995E-05   
1280   3.236E-03   2.3652E-05   5.1249E-05   2.3030E-05 / 5.0745E-05   
1290   3.236E-03   2.1846E-05   5.1807E-05   2.1818E-05 / 5.1806E-05   
1300   3.236E-03   2.1373E-05   4.8503E-05   2.1186E-05 / 4.8435E-05   
1310   3.236E-03   3.6582E-05   6.2465E-05   3.6515E-05 / 6.2465E-05   
1320   3.236E-03   2.1267E-05   4.8731E-05   2.1072E-05 / 4.8648E-05   
1330   3.236E-03   2.2749E-05   4.9564E-05   2.2685E-05 / 4.9556E-05   
1340   3.236E-03   1.9526E-05   4.8246E-05   1.9493E-05 / 4.8240E-05   
1350   3.236E-03   2.0562E-05   4.8832E-05   2.0404E-05 / 4.8748E-05   
1360   3.236E-03   2.0086E-05   4.9974E-05   1.9600E-05 / 4.9599E-05   
1370   3.236E-03   1.8310E-05   4.6145E-05   1.8081E-05 / 4.5982E-05   
1380   3.236E-03   2.1701E-05   5.1283E-05   2.1631E-05 / 5.1241E-05   
1390   3.236E-03   2.5522E-05   5.0623E-05   2.5186E-05 / 5.0321E-05   
1400   3.236E-03   2.0728E-05   4.7012E-05   2.0726E-05 / 4.7012E-05   
1410   3.236E-03   1.8680E-05   4.4665E-05   1.8609E-05 / 4.4559E-05   
1420   3.236E-03   1.7535E-05   4.5483E-05   1.7132E-05 / 4.5053E-05   
1430   3.236E-03   2.3543E-05   5.2622E-05   2.3415E-05 / 5.2438E-05   
1440   3.236E-03   4.0171E-05   6.7699E-05   4.0167E-05 / 6.7696E-05   
1450   3.236E-03   1.8219E-05   4.5330E-05   1.7797E-05 / 4.4871E-05   
1460   3.236E-03   1.6808E-05   4.2958E-05   1.6622E-05 / 4.2674E-05   
1470   3.236E-03   1.8099E-05   4.5225E-05   1.6643E-05 / 4.3721E-05   
1480   3.236E-03   1.6905E-05   4.2869E-05   1.6811E-05 / 4.2699E-05   
1490   3.236E-03   1.6874E-05   4.4033E-05   1.6837E-05 / 4.4026E-05   
1500   3.236E-03   1.7494E-05   4.5044E-05   1.7442E-05 / 4.4996E-05   
1510   3.236E-03   1.8163E-05   4.4303E-05   1.8130E-05 / 4.4256E-05   
1520   3.236E-03   1.5929E-05   4.3715E-05   1.5898E-05 / 4.3699E-05   
1530   3.236E-03   1.6436E-05   4.4587E-05   1.6395E-05 / 4.4539E-05   
1540   3.236E-03   1.8149E-05   4.7771E-05   1.8036E-05 / 4.7683E-05   
1550   3.236E-03   1.6722E-05   4.7236E-05   1.6722E-05 / 4.7236E-05   
1560   3.236E-03   1.6731E-05   4.6735E-05   1.6729E-05 / 4.6735E-05   
1570   3.236E-03   1.6200E-05   4.5552E-05   1.6186E-05 / 4.5550E-05   
1580   3.236E-03   1.5485E-05   4.3864E-05   1.5470E-05 / 4.3860E-05   
1590   3.236E-03   1.7017E-05   4.9538E-05   1.6990E-05 / 4.9532E-05   
1600   3.236E-03   1.8365E-05   4.6555E-05   1.8307E-05 / 4.6530E-05   
1610   3.236E-03   1.6491E-05   4.4727E-05   1.6415E-05 / 4.4696E-05   
1620   3.236E-03   1.7694E-05   4.5333E-05   1.7623E-05 / 4.5307E-05   
1630   3.236E-03   2.0566E-05   4.5569E-05   2.0542E-05 / 4.5568E-05   
1640   3.236E-03   2.3089E-05   5.0877E-05   2.3084E-05 / 5.0875E-05   
1650   3.236E-03   1.7726E-05   4.5976E-05   1.7724E-05 / 4.5976E-05   
1660   3.236E-03   1.5318E-05   4.5002E-05   1.5041E-05 / 4.4831E-05   
1670   3.236E-03   1.8391E-05   4.9751E-05   1.8353E-05 / 4.9747E-05   
1680   3.236E-03   1.5339E-05   4.6891E-05   1.5339E-05 / 4.6891E-05   
1690   3.236E-03   1.5970E-05   4.5581E-05   1.5895E-05 / 4.5562E-05   
1700   3.236E-03   1.4385E-05   4.6129E-05   1.4156E-05 / 4.6014E-05   
1710   3.236E-03   1.4737E-05   4.6390E-05   1.4106E-05 / 4.6088E-05   
1720   3.236E-03   1.5907E-05   4.8265E-05   1.5885E-05 / 4.8261E-05   
1730   3.236E-03   1.3331E-05   4.7662E-05   1.3126E-05 / 4.7555E-05   
1740   3.236E-03   1.3607E-05   4.4738E-05   1.3408E-05 / 4.4650E-05   
1750   3.236E-03   1.4332E-05   4.7981E-05   1.4240E-05 / 4.7937E-05   
1760   3.236E-03   1.3529E-05   4.8938E-05   1.3141E-05 / 4.8662E-05   
1770   3.236E-03   1.3922E-05   4.8768E-05   1.3226E-05 / 4.8270E-05   
1780   3.236E-03   1.8650E-05   4.8293E-05   1.8650E-05 / 4.8293E-05   
1790   3.236E-03   1.9259E-05   4.8842E-05   1.9161E-05 / 4.8803E-05   
1800   3.236E-03   2.3885E-05   5.4183E-05   2.3794E-05 / 5.4163E-05   
1810   3.236E-03   1.2585E-05   4.7690E-05   1.2453E-05 / 4.7628E-05   
1820   3.236E-03   1.2021E-05   4.7771E-05   1.1617E-05 / 4.7528E-05   
1830   3.236E-03   1.5278E-05   5.1183E-05   1.3842E-05 / 5.0239E-05   
1840   3.236E-03   1.6432E-05   5.5926E-05   1.6430E-05 / 5.5923E-05   
1850   3.236E-03   1.7190E-05   5.2204E-05   1.7183E-05 / 5.2204E-05   
1860   3.236E-03   1.2151E-05   4.9038E-05   1.2096E-05 / 4.8979E-05   
1870   3.236E-03   1.5313E-05   5.0104E-05   1.4988E-05 / 4.9822E-05   
1880   3.236E-03   1.3127E-05   4.7172E-05   1.2963E-05 / 4.6999E-05   
1888   3.236E-03   1.6531E-05   4.8679E-05   1.6345E-05 / 4.8634E-05   
BEST MODEL
===============================================================================================================
1625   3.236E-03   1.6000E-05   4.0900E-05   1.6000E-05 / 4.0900E-05   
===============================================================================================================
Saved model to /home/nikki/kan/kanTBNN/models/multi_run/kan_experiment_140_opt/kanTBNN-24Nov08_04:31:16.pickle
