========== Dataset info ==========
Dataset params: {'file': '/home/nikki/kan/data/turbulence_dataset_clean.csv', 'Cases': ['fp_1000', 'fp_1410', 'fp_2000', 'fp_2540', 'fp_3030', 'fp_3270', 'fp_3630', 'fp_3970', 'fp_4060'], 'val_set': ['fp_3030', 'fp_1410', 'fp_4060'], 'test_set': ['fp_3630'], 'data_loader': <class 'tbnn.dataloaders.aDataset'>}
Train/Valid/Test points: 760 / 468 / 168
Memorization?: False
Cluster training?: False
EPOCH     LR        TRAIN         VALID             MSE:T/V                  RL:T/V             %NR_t/%NR_v
===============================================================================================================
  1   2.895E-04   2.4902E-01   2.4328E-01   2.4902E-01 / 2.4328E-01   
 10   2.895E-04   2.1465E-01   2.0842E-01   2.1465E-01 / 2.0842E-01   
 20   2.895E-04   1.7613E-01   1.6943E-01   1.7613E-01 / 1.6943E-01   
 30   2.895E-04   1.4054E-01   1.3373E-01   1.4054E-01 / 1.3373E-01   
 40   2.895E-04   1.0813E-01   1.0191E-01   1.0813E-01 / 1.0191E-01   
 50   2.895E-04   7.7350E-02   7.2262E-02   7.7350E-02 / 7.2262E-02   
 60   2.895E-04   5.4636E-02   5.0658E-02   5.4636E-02 / 5.0658E-02   
 70   2.895E-04   4.0770E-02   3.7662E-02   4.0769E-02 / 3.7660E-02   
 80   2.895E-04   3.2487E-02   2.9995E-02   3.2450E-02 / 2.9941E-02   
 90   2.895E-04   2.7024E-02   2.4935E-02   2.6963E-02 / 2.4848E-02   
100   2.895E-04   2.2609E-02   2.0786E-02   2.2562E-02 / 2.0717E-02   
110   2.895E-04   1.8581E-02   1.6953E-02   1.8555E-02 / 1.6913E-02   
120   2.895E-04   1.5201E-02   1.3791E-02   1.5182E-02 / 1.3762E-02   
130   2.895E-04   1.2509E-02   1.1307E-02   1.2495E-02 / 1.1286E-02   
140   2.895E-04   1.0443E-02   9.4162E-03   1.0435E-02 / 9.4041E-03   
150   2.895E-04   8.9009E-03   8.0117E-03   8.8883E-03 / 7.9988E-03   
160   2.895E-04   7.7214E-03   6.9365E-03   7.6935E-03 / 6.9108E-03   
170   2.895E-04   6.7438E-03   6.0464E-03   6.7130E-03 / 6.0188E-03   
180   2.895E-04   5.9081E-03   5.2874E-03   5.8819E-03 / 5.2649E-03   
190   2.895E-04   5.1958E-03   4.6427E-03   5.1727E-03 / 4.6238E-03   
200   2.895E-04   4.5878E-03   4.0900E-03   4.5626E-03 / 4.0692E-03   
210   2.895E-04   4.0660E-03   3.6206E-03   4.0357E-03 / 3.5949E-03   
220   2.895E-04   3.6381E-03   3.2426E-03   3.6051E-03 / 3.2138E-03   
230   2.895E-04   3.2968E-03   2.9457E-03   3.2631E-03 / 2.9158E-03   
240   2.895E-04   3.0213E-03   2.7114E-03   2.9893E-03 / 2.6826E-03   
250   2.895E-04   2.7950E-03   2.5201E-03   2.7652E-03 / 2.4931E-03   
260   2.895E-04   2.6054E-03   2.3628E-03   2.5783E-03 / 2.3382E-03   
270   2.895E-04   2.4460E-03   2.2291E-03   2.4231E-03 / 2.2085E-03   
280   2.895E-04   2.3096E-03   2.1173E-03   2.2891E-03 / 2.0989E-03   
290   2.895E-04   2.1932E-03   2.0219E-03   2.1750E-03 / 2.0057E-03   
300   2.895E-04   2.0919E-03   1.9383E-03   2.0764E-03 / 1.9246E-03   
310   2.895E-04   2.0028E-03   1.8646E-03   1.9890E-03 / 1.8524E-03   
320   2.895E-04   1.9221E-03   1.7976E-03   1.9094E-03 / 1.7866E-03   
330   2.895E-04   1.8474E-03   1.7354E-03   1.8361E-03 / 1.7259E-03   
340   2.895E-04   1.7784E-03   1.6779E-03   1.7684E-03 / 1.6695E-03   
350   2.895E-04   1.7135E-03   1.6251E-03   1.7042E-03 / 1.6173E-03   
360   2.895E-04   1.6533E-03   1.5744E-03   1.6454E-03 / 1.5680E-03   
370   2.895E-04   1.5973E-03   1.5267E-03   1.5905E-03 / 1.5213E-03   
380   2.895E-04   1.5452E-03   1.4820E-03   1.5395E-03 / 1.4777E-03   
390   2.895E-04   1.4967E-03   1.4403E-03   1.4917E-03 / 1.4366E-03   
400   2.895E-04   1.4514E-03   1.4007E-03   1.4469E-03 / 1.3974E-03   
410   2.895E-04   1.4089E-03   1.3631E-03   1.4048E-03 / 1.3601E-03   
420   2.895E-04   1.3693E-03   1.3274E-03   1.3653E-03 / 1.3246E-03   
430   2.895E-04   1.3319E-03   1.2930E-03   1.3280E-03 / 1.2901E-03   
440   2.895E-04   1.2961E-03   1.2602E-03   1.2920E-03 / 1.2572E-03   
450   2.895E-04   1.2628E-03   1.2295E-03   1.2592E-03 / 1.2269E-03   
460   2.895E-04   1.2310E-03   1.1997E-03   1.2272E-03 / 1.1969E-03   
470   2.895E-04   1.2009E-03   1.1715E-03   1.1974E-03 / 1.1689E-03   
480   2.895E-04   1.1724E-03   1.1448E-03   1.1686E-03 / 1.1420E-03   
490   2.895E-04   1.1454E-03   1.1194E-03   1.1417E-03 / 1.1166E-03   
500   2.895E-04   1.1197E-03   1.0949E-03   1.1160E-03 / 1.0920E-03   
510   2.895E-04   1.0952E-03   1.0719E-03   1.0915E-03 / 1.0690E-03   
520   2.895E-04   1.0719E-03   1.0497E-03   1.0682E-03 / 1.0467E-03   
530   2.895E-04   1.0497E-03   1.0287E-03   1.0458E-03 / 1.0255E-03   
540   2.895E-04   1.0283E-03   1.0086E-03   1.0248E-03 / 1.0056E-03   
550   2.895E-04   1.0077E-03   9.8900E-04   1.0038E-03 / 9.8572E-04   
560   2.895E-04   9.8771E-04   9.7025E-04   9.8413E-04 / 9.6723E-04   
570   2.895E-04   9.6813E-04   9.5141E-04   9.6446E-04 / 9.4827E-04   
580   2.895E-04   9.4919E-04   9.3317E-04   9.4552E-04 / 9.3001E-04   
590   2.895E-04   9.3083E-04   9.1551E-04   9.2718E-04 / 9.1232E-04   
600   2.895E-04   9.1324E-04   8.9895E-04   9.0963E-04 / 8.9576E-04   
610   2.895E-04   8.9580E-04   8.8206E-04   8.9232E-04 / 8.7896E-04   
620   2.895E-04   8.7853E-04   8.6581E-04   8.7514E-04 / 8.6275E-04   
630   2.895E-04   8.6206E-04   8.4990E-04   8.5874E-04 / 8.4689E-04   
640   2.895E-04   8.4621E-04   8.3490E-04   8.4293E-04 / 8.3191E-04   
650   2.895E-04   8.3089E-04   8.2025E-04   8.2754E-04 / 8.1720E-04   
660   2.895E-04   8.1569E-04   8.0518E-04   8.1268E-04 / 8.0240E-04   
670   2.895E-04   8.0137E-04   7.9151E-04   7.9829E-04 / 7.8866E-04   
680   2.895E-04   7.8696E-04   7.7751E-04   7.8381E-04 / 7.7460E-04   
690   2.895E-04   7.7315E-04   7.6403E-04   7.7022E-04 / 7.6132E-04   
700   2.895E-04   7.5992E-04   7.5078E-04   7.5704E-04 / 7.4808E-04   
710   2.895E-04   7.4660E-04   7.3801E-04   7.4341E-04 / 7.3501E-04   
720   2.895E-04   7.3393E-04   7.2587E-04   7.3107E-04 / 7.2315E-04   
730   2.895E-04   7.2156E-04   7.1318E-04   7.1864E-04 / 7.1039E-04   
740   2.895E-04   7.0960E-04   7.0169E-04   7.0660E-04 / 6.9883E-04   
750   2.895E-04   6.9796E-04   6.8995E-04   6.9501E-04 / 6.8713E-04   
760   2.895E-04   6.8685E-04   6.7843E-04   6.8375E-04 / 6.7549E-04   
770   2.895E-04   6.7596E-04   6.6786E-04   6.7275E-04 / 6.6480E-04   
780   2.895E-04   6.6543E-04   6.5848E-04   6.6213E-04 / 6.5533E-04   
790   2.895E-04   6.5580E-04   6.4682E-04   6.5266E-04 / 6.4382E-04   
800   2.895E-04   6.4511E-04   6.3688E-04   6.4167E-04 / 6.3359E-04   
810   2.895E-04   6.3547E-04   6.2741E-04   6.3186E-04 / 6.2397E-04   
820   2.895E-04   6.2638E-04   6.1842E-04   6.2280E-04 / 6.1498E-04   
830   2.895E-04   6.1743E-04   6.0894E-04   6.1347E-04 / 6.0512E-04   
840   2.895E-04   6.0857E-04   6.0040E-04   6.0458E-04 / 5.9654E-04   
850   2.895E-04   6.0032E-04   5.9131E-04   5.9627E-04 / 5.8737E-04   
860   2.895E-04   5.9265E-04   5.8564E-04   5.8852E-04 / 5.8161E-04   
870   2.895E-04   5.8443E-04   5.7555E-04   5.8019E-04 / 5.7140E-04   
880   2.895E-04   5.7739E-04   5.6795E-04   5.7303E-04 / 5.6370E-04   
890   2.895E-04   5.6934E-04   5.6088E-04   5.6496E-04 / 5.5661E-04   
900   2.895E-04   5.6242E-04   5.5477E-04   5.5810E-04 / 5.5057E-04   
910   2.895E-04   5.5555E-04   5.4701E-04   5.5112E-04 / 5.4271E-04   
920   2.895E-04   5.4894E-04   5.4078E-04   5.4472E-04 / 5.3670E-04   
930   2.895E-04   5.4347E-04   5.3760E-04   5.3910E-04 / 5.3338E-04   
940   2.895E-04   5.3669E-04   5.2987E-04   5.3235E-04 / 5.2569E-04   
950   2.895E-04   5.3031E-04   5.2244E-04   5.2584E-04 / 5.1814E-04   
960   2.895E-04   5.2454E-04   5.1619E-04   5.2019E-04 / 5.1200E-04   
970   2.895E-04   5.1933E-04   5.1025E-04   5.1513E-04 / 5.0621E-04   
980   2.895E-04   5.1360E-04   5.0656E-04   5.0930E-04 / 5.0242E-04   
990   2.895E-04   5.0789E-04   5.0075E-04   5.0368E-04 / 4.9670E-04   
1000   2.895E-04   5.0315E-04   4.9734E-04   4.9886E-04 / 4.9322E-04   
1010   2.895E-04   4.9768E-04   4.9055E-04   4.9372E-04 / 4.8676E-04   
1020   2.895E-04   4.9320E-04   4.8517E-04   4.8927E-04 / 4.8141E-04   
1030   2.895E-04   4.8823E-04   4.8301E-04   4.8430E-04 / 4.7926E-04   
1040   2.895E-04   4.8343E-04   4.7653E-04   4.7958E-04 / 4.7285E-04   
1050   2.895E-04   4.8098E-04   4.7807E-04   4.7720E-04 / 4.7445E-04   
1060   2.895E-04   4.7538E-04   4.6831E-04   4.7185E-04 / 4.6493E-04   
1070   2.895E-04   4.7029E-04   4.6482E-04   4.6656E-04 / 4.6123E-04   
1080   2.895E-04   4.6641E-04   4.6088E-04   4.6304E-04 / 4.5764E-04   
1090   2.895E-04   4.6252E-04   4.5774E-04   4.5907E-04 / 4.5440E-04   
1100   2.895E-04   4.5852E-04   4.5278E-04   4.5527E-04 / 4.4964E-04   
1110   2.895E-04   4.5454E-04   4.5010E-04   4.5138E-04 / 4.4704E-04   
1120   2.895E-04   4.5082E-04   4.4559E-04   4.4766E-04 / 4.4251E-04   
1130   2.895E-04   4.4718E-04   4.4426E-04   4.4413E-04 / 4.4129E-04   
1140   2.895E-04   4.4370E-04   4.3874E-04   4.4068E-04 / 4.3580E-04   
1150   2.895E-04   4.4010E-04   4.3664E-04   4.3732E-04 / 4.3393E-04   
1160   2.895E-04   4.3687E-04   4.3553E-04   4.3397E-04 / 4.3270E-04   
1170   2.895E-04   4.3325E-04   4.3085E-04   4.3054E-04 / 4.2822E-04   
1180   2.895E-04   4.3025E-04   4.2869E-04   4.2756E-04 / 4.2607E-04   
1190   2.895E-04   4.2719E-04   4.2461E-04   4.2460E-04 / 4.2209E-04   
1200   2.895E-04   4.2378E-04   4.2051E-04   4.2111E-04 / 4.1792E-04   
1210   2.895E-04   4.2073E-04   4.1806E-04   4.1822E-04 / 4.1563E-04   
1220   2.895E-04   4.1791E-04   4.1569E-04   4.1551E-04 / 4.1337E-04   
1230   2.895E-04   4.1479E-04   4.1309E-04   4.1245E-04 / 4.1084E-04   
1240   2.895E-04   4.1240E-04   4.0920E-04   4.0995E-04 / 4.0685E-04   
1250   2.895E-04   4.0911E-04   4.0704E-04   4.0684E-04 / 4.0486E-04   
1260   2.895E-04   4.0650E-04   4.0493E-04   4.0423E-04 / 4.0275E-04   
1270   2.895E-04   4.0405E-04   4.0124E-04   4.0171E-04 / 3.9901E-04   
1280   2.895E-04   4.0098E-04   3.9915E-04   3.9883E-04 / 3.9711E-04   
1290   2.895E-04   3.9834E-04   3.9676E-04   3.9619E-04 / 3.9473E-04   
1300   2.895E-04   3.9612E-04   3.9688E-04   3.9405E-04 / 3.9492E-04   
1310   2.895E-04   3.9343E-04   3.9402E-04   3.9127E-04 / 3.9198E-04   
1320   2.895E-04   3.9094E-04   3.9050E-04   3.8883E-04 / 3.8852E-04   
1330   2.895E-04   3.8849E-04   3.8852E-04   3.8651E-04 / 3.8666E-04   
1340   2.895E-04   3.8635E-04   3.8530E-04   3.8440E-04 / 3.8348E-04   
1350   2.895E-04   3.8469E-04   3.8257E-04   3.8268E-04 / 3.8068E-04   
1360   2.895E-04   3.8184E-04   3.8164E-04   3.7986E-04 / 3.7977E-04   
1370   2.895E-04   3.7925E-04   3.7967E-04   3.7734E-04 / 3.7787E-04   
1380   2.895E-04   3.7726E-04   3.7905E-04   3.7534E-04 / 3.7724E-04   
1390   2.895E-04   3.7485E-04   3.7534E-04   3.7293E-04 / 3.7353E-04   
1400   2.895E-04   3.7280E-04   3.7237E-04   3.7092E-04 / 3.7062E-04   
1410   2.895E-04   3.7063E-04   3.7321E-04   3.6876E-04 / 3.7147E-04   
1420   2.895E-04   3.6873E-04   3.7138E-04   3.6687E-04 / 3.6966E-04   
1430   2.895E-04   3.6795E-04   3.6617E-04   3.6613E-04 / 3.6447E-04   
1440   2.895E-04   3.6442E-04   3.6474E-04   3.6259E-04 / 3.6303E-04   
1450   2.895E-04   3.6240E-04   3.6360E-04   3.6068E-04 / 3.6200E-04   
1460   2.895E-04   3.6048E-04   3.6128E-04   3.5869E-04 / 3.5961E-04   
1470   2.895E-04   3.5909E-04   3.6239E-04   3.5734E-04 / 3.6076E-04   
1480   2.895E-04   3.5691E-04   3.6031E-04   3.5511E-04 / 3.5863E-04   
1490   2.895E-04   3.5472E-04   3.5587E-04   3.5293E-04 / 3.5420E-04   
1500   2.895E-04   3.5275E-04   3.5426E-04   3.5104E-04 / 3.5266E-04   
1510   2.895E-04   3.5117E-04   3.5235E-04   3.4949E-04 / 3.5077E-04   
1520   2.895E-04   3.4920E-04   3.5098E-04   3.4756E-04 / 3.4944E-04   
1530   2.895E-04   3.4759E-04   3.5134E-04   3.4592E-04 / 3.4977E-04   
1540   2.895E-04   3.4636E-04   3.5154E-04   3.4466E-04 / 3.4993E-04   
1550   2.895E-04   3.4400E-04   3.4747E-04   3.4234E-04 / 3.4589E-04   
1560   2.895E-04   3.4222E-04   3.4384E-04   3.4055E-04 / 3.4226E-04   
1570   2.895E-04   3.4068E-04   3.4451E-04   3.3903E-04 / 3.4294E-04   
1580   2.895E-04   3.3903E-04   3.4187E-04   3.3750E-04 / 3.4042E-04   
1590   2.895E-04   3.3726E-04   3.4042E-04   3.3569E-04 / 3.3892E-04   
1600   2.895E-04   3.3591E-04   3.3958E-04   3.3431E-04 / 3.3805E-04   
1610   2.895E-04   3.3410E-04   3.3771E-04   3.3254E-04 / 3.3621E-04   
1620   2.895E-04   3.3240E-04   3.3621E-04   3.3086E-04 / 3.3473E-04   
1630   2.895E-04   3.3114E-04   3.3221E-04   3.2962E-04 / 3.3075E-04   
1640   2.895E-04   3.2944E-04   3.3342E-04   3.2783E-04 / 3.3186E-04   
1650   2.895E-04   3.2878E-04   3.3456E-04   3.2728E-04 / 3.3312E-04   
1660   2.895E-04   3.2721E-04   3.2724E-04   3.2573E-04 / 3.2581E-04   
1670   2.895E-04   3.2552E-04   3.3125E-04   3.2395E-04 / 3.2973E-04   
1680   2.895E-04   3.2366E-04   3.2874E-04   3.2218E-04 / 3.2730E-04   
1690   2.895E-04   3.2221E-04   3.2660E-04   3.2074E-04 / 3.2518E-04   
1700   2.895E-04   3.2066E-04   3.2481E-04   3.1920E-04 / 3.2340E-04   
1710   2.895E-04   3.1907E-04   3.2297E-04   3.1770E-04 / 3.2165E-04   
1720   2.895E-04   3.1793E-04   3.2265E-04   3.1655E-04 / 3.2132E-04   
1730   2.895E-04   3.1656E-04   3.1811E-04   3.1513E-04 / 3.1674E-04   
1740   2.895E-04   3.1537E-04   3.2126E-04   3.1405E-04 / 3.2000E-04   
1750   2.895E-04   3.1412E-04   3.1559E-04   3.1280E-04 / 3.1433E-04   
1760   2.895E-04   3.1378E-04   3.2113E-04   3.1239E-04 / 3.1980E-04   
1770   2.895E-04   3.1119E-04   3.1393E-04   3.0990E-04 / 3.1270E-04   
1780   2.895E-04   3.1010E-04   3.1312E-04   3.0878E-04 / 3.1187E-04   
1790   2.895E-04   3.0876E-04   3.1484E-04   3.0741E-04 / 3.1356E-04   
1800   2.895E-04   3.0776E-04   3.1075E-04   3.0647E-04 / 3.0954E-04   
1810   2.895E-04   3.0794E-04   3.1582E-04   3.0666E-04 / 3.1461E-04   
1820   2.895E-04   3.0475E-04   3.0927E-04   3.0346E-04 / 3.0806E-04   
1830   2.895E-04   3.0374E-04   3.0912E-04   3.0253E-04 / 3.0798E-04   
1840   2.895E-04   3.0269E-04   3.0790E-04   3.0140E-04 / 3.0669E-04   
1850   2.895E-04   3.0116E-04   3.0592E-04   2.9988E-04 / 3.0473E-04   
1860   2.895E-04   2.9998E-04   3.0457E-04   2.9877E-04 / 3.0343E-04   
1870   2.895E-04   2.9912E-04   3.0244E-04   2.9783E-04 / 3.0126E-04   
1880   2.895E-04   2.9827E-04   3.0148E-04   2.9709E-04 / 3.0039E-04   
1890   2.895E-04   2.9673E-04   3.0220E-04   2.9554E-04 / 3.0110E-04   
1900   2.895E-04   2.9637E-04   2.9888E-04   2.9525E-04 / 2.9785E-04   
1910   2.895E-04   2.9450E-04   3.0088E-04   2.9332E-04 / 2.9981E-04   
1920   2.895E-04   2.9309E-04   2.9750E-04   2.9192E-04 / 2.9643E-04   
1930   2.895E-04   2.9200E-04   2.9637E-04   2.9087E-04 / 2.9534E-04   
1940   2.895E-04   2.9120E-04   2.9435E-04   2.9006E-04 / 2.9331E-04   
1950   2.895E-04   2.9004E-04   2.9263E-04   2.8888E-04 / 2.9158E-04   
1960   2.895E-04   2.9004E-04   2.9762E-04   2.8887E-04 / 2.9657E-04   
1970   2.895E-04   2.8840E-04   2.9586E-04   2.8727E-04 / 2.9484E-04   
1980   2.895E-04   2.8690E-04   2.9184E-04   2.8586E-04 / 2.9091E-04   
1990   2.895E-04   2.8555E-04   2.9100E-04   2.8442E-04 / 2.8999E-04   
2000   2.895E-04   2.8445E-04   2.8866E-04   2.8337E-04 / 2.8770E-04   
2010   2.895E-04   2.8518E-04   2.9415E-04   2.8411E-04 / 2.9320E-04   
2020   2.895E-04   2.8244E-04   2.8771E-04   2.8133E-04 / 2.8673E-04   
2030   2.895E-04   2.8184E-04   2.8654E-04   2.8081E-04 / 2.8564E-04   
2040   2.895E-04   2.8053E-04   2.8443E-04   2.7943E-04 / 2.8348E-04   
2050   2.895E-04   2.7952E-04   2.8372E-04   2.7845E-04 / 2.8278E-04   
2060   2.895E-04   2.7869E-04   2.8498E-04   2.7760E-04 / 2.8403E-04   
2070   2.895E-04   2.7777E-04   2.8052E-04   2.7677E-04 / 2.7966E-04   
2080   2.895E-04   2.7740E-04   2.8011E-04   2.7643E-04 / 2.7927E-04   
2090   2.895E-04   2.7582E-04   2.8130E-04   2.7477E-04 / 2.8041E-04   
2100   2.895E-04   2.7473E-04   2.7913E-04   2.7375E-04 / 2.7829E-04   
2110   2.895E-04   2.7392E-04   2.7751E-04   2.7288E-04 / 2.7664E-04   
2120   2.895E-04   2.7301E-04   2.7715E-04   2.7195E-04 / 2.7625E-04   
2130   2.895E-04   2.7224E-04   2.7778E-04   2.7120E-04 / 2.7689E-04   
2140   2.895E-04   2.7124E-04   2.7618E-04   2.7025E-04 / 2.7533E-04   
2150   2.895E-04   2.7029E-04   2.7545E-04   2.6928E-04 / 2.7460E-04   
2160   2.895E-04   2.6937E-04   2.7426E-04   2.6835E-04 / 2.7340E-04   
2170   2.895E-04   2.6887E-04   2.7413E-04   2.6775E-04 / 2.7324E-04   
2180   2.895E-04   2.6804E-04   2.7205E-04   2.6706E-04 / 2.7122E-04   
2190   2.895E-04   2.6719E-04   2.7161E-04   2.6617E-04 / 2.7080E-04   
2200   2.895E-04   2.6716E-04   2.7453E-04   2.6611E-04 / 2.7371E-04   
2210   2.895E-04   2.6575E-04   2.7291E-04   2.6479E-04 / 2.7211E-04   
2220   2.895E-04   2.6522E-04   2.6739E-04   2.6427E-04 / 2.6659E-04   
2230   2.895E-04   2.6351E-04   2.6752E-04   2.6259E-04 / 2.6675E-04   
2240   2.895E-04   2.6267E-04   2.6805E-04   2.6180E-04 / 2.6732E-04   
2250   2.895E-04   2.6186E-04   2.6784E-04   2.6093E-04 / 2.6706E-04   
2260   2.895E-04   2.6179E-04   2.6379E-04   2.6087E-04 / 2.6301E-04   
2270   2.895E-04   2.6057E-04   2.6434E-04   2.5968E-04 / 2.6358E-04   
2280   2.895E-04   2.5960E-04   2.6617E-04   2.5869E-04 / 2.6541E-04   
2290   2.895E-04   2.5945E-04   2.6233E-04   2.5848E-04 / 2.6153E-04   
2300   2.895E-04   2.5878E-04   2.6153E-04   2.5788E-04 / 2.6077E-04   
2310   2.895E-04   2.5726E-04   2.6267E-04   2.5639E-04 / 2.6193E-04   
2320   2.895E-04   2.5726E-04   2.6310E-04   2.5636E-04 / 2.6234E-04   
2330   2.895E-04   2.5615E-04   2.6012E-04   2.5525E-04 / 2.5936E-04   
2340   2.895E-04   2.5597E-04   2.6091E-04   2.5504E-04 / 2.6015E-04   
2350   2.895E-04   2.5521E-04   2.5944E-04   2.5429E-04 / 2.5870E-04   
2360   2.895E-04   2.5399E-04   2.5619E-04   2.5308E-04 / 2.5544E-04   
2370   2.895E-04   2.5322E-04   2.6045E-04   2.5237E-04 / 2.5972E-04   
2380   2.895E-04   2.5218E-04   2.5643E-04   2.5130E-04 / 2.5570E-04   
2390   2.895E-04   2.5246E-04   2.5998E-04   2.5167E-04 / 2.5930E-04   
2400   2.895E-04   2.5060E-04   2.5470E-04   2.4973E-04 / 2.5398E-04   
2410   2.895E-04   2.5073E-04   2.5451E-04   2.4983E-04 / 2.5375E-04   
2420   2.895E-04   2.4984E-04   2.5516E-04   2.4899E-04 / 2.5443E-04   
2430   2.895E-04   2.4900E-04   2.5292E-04   2.4807E-04 / 2.5218E-04   
2440   2.895E-04   2.4888E-04   2.5340E-04   2.4805E-04 / 2.5269E-04   
2450   2.895E-04   2.4756E-04   2.5350E-04   2.4673E-04 / 2.5279E-04   
2460   2.895E-04   2.4711E-04   2.4928E-04   2.4628E-04 / 2.4858E-04   
2470   2.895E-04   2.4645E-04   2.5275E-04   2.4559E-04 / 2.5202E-04   
2480   2.895E-04   2.4563E-04   2.4920E-04   2.4477E-04 / 2.4850E-04   
2490   2.895E-04   2.4581E-04   2.5192E-04   2.4495E-04 / 2.5119E-04   
2500   2.895E-04   2.4406E-04   2.4979E-04   2.4321E-04 / 2.4908E-04   
2510   2.895E-04   2.4366E-04   2.4873E-04   2.4282E-04 / 2.4801E-04   
2520   2.895E-04   2.4348E-04   2.4953E-04   2.4272E-04 / 2.4885E-04   
2530   2.895E-04   2.4233E-04   2.4598E-04   2.4148E-04 / 2.4527E-04   
2540   2.895E-04   2.4157E-04   2.4523E-04   2.4077E-04 / 2.4453E-04   
2550   2.895E-04   2.4131E-04   2.4524E-04   2.4050E-04 / 2.4455E-04   
2560   2.895E-04   2.4098E-04   2.4461E-04   2.4020E-04 / 2.4394E-04   
2570   2.895E-04   2.3971E-04   2.4334E-04   2.3892E-04 / 2.4266E-04   
2580   2.895E-04   2.4007E-04   2.4199E-04   2.3930E-04 / 2.4132E-04   
2590   2.895E-04   2.3907E-04   2.4391E-04   2.3819E-04 / 2.4321E-04   
2600   2.895E-04   2.3814E-04   2.4351E-04   2.3729E-04 / 2.4281E-04   
2610   2.895E-04   2.3815E-04   2.4541E-04   2.3740E-04 / 2.4476E-04   
2620   2.895E-04   2.3645E-04   2.3994E-04   2.3567E-04 / 2.3927E-04   
2630   2.895E-04   2.3648E-04   2.3940E-04   2.3566E-04 / 2.3870E-04   
2640   2.895E-04   2.3580E-04   2.3868E-04   2.3505E-04 / 2.3803E-04   
2650   2.895E-04   2.3697E-04   2.4245E-04   2.3619E-04 / 2.4177E-04   
2660   2.895E-04   2.3591E-04   2.4254E-04   2.3516E-04 / 2.4188E-04   
2670   2.895E-04   2.3373E-04   2.3721E-04   2.3300E-04 / 2.3658E-04   
2680   2.895E-04   2.3323E-04   2.3700E-04   2.3248E-04 / 2.3636E-04   
2690   2.895E-04   2.3326E-04   2.3480E-04   2.3243E-04 / 2.3412E-04   
2700   2.895E-04   2.3246E-04   2.3698E-04   2.3175E-04 / 2.3634E-04   
2710   2.895E-04   2.3181E-04   2.3420E-04   2.3109E-04 / 2.3357E-04   
2720   2.895E-04   2.3090E-04   2.3519E-04   2.3022E-04 / 2.3457E-04   
2730   2.895E-04   2.3025E-04   2.3346E-04   2.2950E-04 / 2.3282E-04   
2740   2.895E-04   2.2999E-04   2.3424E-04   2.2921E-04 / 2.3359E-04   
2750   2.895E-04   2.2919E-04   2.3213E-04   2.2847E-04 / 2.3148E-04   
2760   2.895E-04   2.2891E-04   2.3317E-04   2.2813E-04 / 2.3250E-04   
2770   2.895E-04   2.2823E-04   2.3046E-04   2.2752E-04 / 2.2982E-04   
2780   2.895E-04   2.2972E-04   2.3512E-04   2.2899E-04 / 2.3448E-04   
2790   2.895E-04   2.2700E-04   2.3004E-04   2.2625E-04 / 2.2939E-04   
2800   2.895E-04   2.2642E-04   2.2933E-04   2.2573E-04 / 2.2872E-04   
2810   2.895E-04   2.2560E-04   2.2908E-04   2.2490E-04 / 2.2846E-04   
2820   2.895E-04   2.2546E-04   2.2978E-04   2.2476E-04 / 2.2916E-04   
2830   2.895E-04   2.2598E-04   2.2987E-04   2.2521E-04 / 2.2922E-04   
2840   2.895E-04   2.2450E-04   2.2734E-04   2.2383E-04 / 2.2674E-04   
2850   2.895E-04   2.2413E-04   2.2644E-04   2.2335E-04 / 2.2581E-04   
2860   2.895E-04   2.2321E-04   2.2603E-04   2.2244E-04 / 2.2541E-04   
2870   2.895E-04   2.2265E-04   2.2457E-04   2.2195E-04 / 2.2397E-04   
2880   2.895E-04   2.2228E-04   2.2519E-04   2.2159E-04 / 2.2459E-04   
2890   2.895E-04   2.2242E-04   2.2450E-04   2.2174E-04 / 2.2390E-04   
2900   2.895E-04   2.2147E-04   2.2537E-04   2.2074E-04 / 2.2476E-04   
2910   2.895E-04   2.2218E-04   2.2476E-04   2.2137E-04 / 2.2414E-04   
2920   2.895E-04   2.2090E-04   2.2525E-04   2.2026E-04 / 2.2467E-04   
2930   2.895E-04   2.1957E-04   2.2301E-04   2.1883E-04 / 2.2240E-04   
2940   2.895E-04   2.1913E-04   2.2211E-04   2.1841E-04 / 2.2153E-04   
2950   2.895E-04   2.1927E-04   2.2250E-04   2.1859E-04 / 2.2192E-04   
2960   2.895E-04   2.1846E-04   2.2211E-04   2.1781E-04 / 2.2154E-04   
2970   2.895E-04   2.1834E-04   2.2318E-04   2.1766E-04 / 2.2260E-04   
2980   2.895E-04   2.1685E-04   2.2050E-04   2.1619E-04 / 2.1991E-04   
2990   2.895E-04   2.1677E-04   2.2135E-04   2.1609E-04 / 2.2076E-04   
3000   2.895E-04   2.1830E-04   2.1968E-04   2.1765E-04 / 2.1913E-04   
3010   2.895E-04   2.1569E-04   2.1961E-04   2.1507E-04 / 2.1906E-04   
3020   2.895E-04   2.1591E-04   2.2083E-04   2.1530E-04 / 2.2028E-04   
3030   2.895E-04   2.1424E-04   2.1731E-04   2.1358E-04 / 2.1674E-04   
3040   2.895E-04   2.1395E-04   2.1782E-04   2.1335E-04 / 2.1728E-04   
3050   2.895E-04   2.1386E-04   2.1826E-04   2.1321E-04 / 2.1770E-04   
3060   2.895E-04   2.1270E-04   2.1657E-04   2.1208E-04 / 2.1604E-04   
3070   2.895E-04   2.1245E-04   2.1520E-04   2.1172E-04 / 2.1461E-04   
3080   2.895E-04   2.1233E-04   2.1556E-04   2.1168E-04 / 2.1500E-04   
3090   2.895E-04   2.1153E-04   2.1451E-04   2.1086E-04 / 2.1395E-04   
3100   2.895E-04   2.1124E-04   2.1447E-04   2.1065E-04 / 2.1395E-04   
3110   2.895E-04   2.1043E-04   2.1409E-04   2.0984E-04 / 2.1357E-04   
3120   2.895E-04   2.1034E-04   2.1317E-04   2.0969E-04 / 2.1262E-04   
3130   2.895E-04   2.0965E-04   2.1238E-04   2.0898E-04 / 2.1183E-04   
3140   2.895E-04   2.0900E-04   2.1267E-04   2.0836E-04 / 2.1213E-04   
3150   2.895E-04   2.0864E-04   2.1256E-04   2.0799E-04 / 2.1201E-04   
3160   2.895E-04   2.0808E-04   2.1098E-04   2.0747E-04 / 2.1046E-04   
3170   2.895E-04   2.0806E-04   2.1100E-04   2.0746E-04 / 2.1049E-04   
3180   2.895E-04   2.0719E-04   2.1107E-04   2.0655E-04 / 2.1052E-04   
3190   2.895E-04   2.0766E-04   2.0960E-04   2.0701E-04 / 2.0906E-04   
3200   2.895E-04   2.0816E-04   2.1150E-04   2.0759E-04 / 2.1099E-04   
3210   2.895E-04   2.0590E-04   2.1045E-04   2.0530E-04 / 2.0995E-04   
3220   2.895E-04   2.0552E-04   2.0970E-04   2.0497E-04 / 2.0920E-04   
3230   2.895E-04   2.0504E-04   2.0893E-04   2.0445E-04 / 2.0841E-04   
3240   2.895E-04   2.0507E-04   2.0792E-04   2.0447E-04 / 2.0740E-04   
3250   2.895E-04   2.0425E-04   2.0822E-04   2.0369E-04 / 2.0774E-04   
3260   2.895E-04   2.0330E-04   2.0633E-04   2.0268E-04 / 2.0580E-04   
3270   2.895E-04   2.0311E-04   2.0646E-04   2.0254E-04 / 2.0597E-04   
3280   2.895E-04   2.0278E-04   2.0601E-04   2.0224E-04 / 2.0555E-04   
3290   2.895E-04   2.0254E-04   2.0762E-04   2.0202E-04 / 2.0716E-04   
3300   2.895E-04   2.0126E-04   2.0494E-04   2.0071E-04 / 2.0446E-04   
3310   2.895E-04   2.0193E-04   2.0532E-04   2.0132E-04 / 2.0482E-04   
3320   2.895E-04   2.0152E-04   2.0538E-04   2.0097E-04 / 2.0490E-04   
3330   2.895E-04   2.0018E-04   2.0394E-04   1.9961E-04 / 2.0345E-04   
3340   2.895E-04   1.9967E-04   2.0346E-04   1.9908E-04 / 2.0297E-04   
3350   2.895E-04   1.9936E-04   2.0398E-04   1.9878E-04 / 2.0349E-04   
3360   2.895E-04   1.9947E-04   2.0347E-04   1.9888E-04 / 2.0296E-04   
3370   2.895E-04   1.9862E-04   2.0253E-04   1.9805E-04 / 2.0205E-04   
3380   2.895E-04   1.9788E-04   2.0231E-04   1.9731E-04 / 2.0182E-04   
3390   2.895E-04   1.9732E-04   2.0130E-04   1.9672E-04 / 2.0081E-04   
3400   2.895E-04   1.9672E-04   2.0137E-04   1.9616E-04 / 2.0090E-04   
3410   2.895E-04   1.9679E-04   2.0093E-04   1.9621E-04 / 2.0045E-04   
3420   2.895E-04   1.9611E-04   2.0100E-04   1.9559E-04 / 2.0054E-04   
3430   2.895E-04   1.9741E-04   2.0193E-04   1.9686E-04 / 2.0147E-04   
3440   2.895E-04   1.9523E-04   2.0014E-04   1.9466E-04 / 1.9968E-04   
3450   2.895E-04   1.9509E-04   2.0084E-04   1.9458E-04 / 2.0040E-04   
3460   2.895E-04   1.9473E-04   1.9925E-04   1.9422E-04 / 1.9881E-04   
3470   2.895E-04   1.9470E-04   2.0011E-04   1.9415E-04 / 1.9966E-04   
3480   2.895E-04   1.9332E-04   1.9813E-04   1.9276E-04 / 1.9768E-04   
3490   2.895E-04   1.9445E-04   1.9979E-04   1.9393E-04 / 1.9936E-04   
3500   2.895E-04   1.9253E-04   1.9771E-04   1.9196E-04 / 1.9726E-04   
3510   2.895E-04   1.9236E-04   1.9802E-04   1.9180E-04 / 1.9759E-04   
3520   2.895E-04   1.9280E-04   1.9637E-04   1.9227E-04 / 1.9592E-04   
3530   2.895E-04   1.9128E-04   1.9762E-04   1.9081E-04 / 1.9721E-04   
3540   2.895E-04   1.9153E-04   1.9711E-04   1.9107E-04 / 1.9672E-04   
3550   2.895E-04   1.9037E-04   1.9602E-04   1.8984E-04 / 1.9561E-04   
3560   2.895E-04   1.9109E-04   1.9689E-04   1.9055E-04 / 1.9645E-04   
3570   2.895E-04   1.8964E-04   1.9463E-04   1.8912E-04 / 1.9420E-04   
3580   2.895E-04   1.8914E-04   1.9459E-04   1.8861E-04 / 1.9418E-04   
3590   2.895E-04   1.8977E-04   1.9646E-04   1.8926E-04 / 1.9605E-04   
3600   2.895E-04   1.8869E-04   1.9521E-04   1.8822E-04 / 1.9482E-04   
3610   2.895E-04   1.8808E-04   1.9464E-04   1.8761E-04 / 1.9425E-04   
3620   2.895E-04   1.8942E-04   1.9658E-04   1.8894E-04 / 1.9618E-04   
3630   2.895E-04   1.8890E-04   1.9582E-04   1.8846E-04 / 1.9546E-04   
3640   2.895E-04   1.8742E-04   1.9447E-04   1.8691E-04 / 1.9406E-04   
3650   2.895E-04   1.8651E-04   1.9390E-04   1.8601E-04 / 1.9349E-04   
3660   2.895E-04   1.8604E-04   1.9317E-04   1.8558E-04 / 1.9278E-04   
3670   2.895E-04   1.8552E-04   1.9250E-04   1.8501E-04 / 1.9211E-04   
3680   2.895E-04   1.8663E-04   1.9413E-04   1.8623E-04 / 1.9379E-04   
3690   2.895E-04   1.8469E-04   1.9172E-04   1.8422E-04 / 1.9133E-04   
3700   2.895E-04   1.8727E-04   1.9314E-04   1.8679E-04 / 1.9276E-04   
3710   2.895E-04   1.8554E-04   1.9163E-04   1.8500E-04 / 1.9123E-04   
3720   2.895E-04   1.8435E-04   1.9072E-04   1.8388E-04 / 1.9035E-04   
3730   2.895E-04   1.8349E-04   1.9050E-04   1.8306E-04 / 1.9013E-04   
3740   2.895E-04   1.8282E-04   1.8957E-04   1.8238E-04 / 1.8921E-04   
3750   2.895E-04   1.8326E-04   1.9056E-04   1.8276E-04 / 1.9016E-04   
3760   2.895E-04   1.8215E-04   1.9035E-04   1.8175E-04 / 1.9001E-04   
3770   2.895E-04   1.8757E-04   1.9681E-04   1.8712E-04 / 1.9644E-04   
3780   2.895E-04   1.8216E-04   1.8900E-04   1.8173E-04 / 1.8864E-04   
3790   2.895E-04   1.8112E-04   1.8912E-04   1.8072E-04 / 1.8877E-04   
3800   2.895E-04   1.8053E-04   1.8803E-04   1.8009E-04 / 1.8768E-04   
3810   2.895E-04   1.8186E-04   1.8989E-04   1.8146E-04 / 1.8956E-04   
3820   2.895E-04   1.8108E-04   1.8939E-04   1.8060E-04 / 1.8902E-04   
3830   2.895E-04   1.7943E-04   1.8748E-04   1.7902E-04 / 1.8713E-04   
3840   2.895E-04   1.7905E-04   1.8820E-04   1.7867E-04 / 1.8788E-04   
3850   2.895E-04   1.7884E-04   1.8723E-04   1.7840E-04 / 1.8689E-04   
3860   2.895E-04   1.7857E-04   1.8781E-04   1.7813E-04 / 1.8746E-04   
3870   2.895E-04   1.7861E-04   1.8702E-04   1.7822E-04 / 1.8668E-04   
3880   2.895E-04   1.7764E-04   1.8741E-04   1.7723E-04 / 1.8706E-04   
3890   2.895E-04   1.7806E-04   1.8477E-04   1.7764E-04 / 1.8442E-04   
3900   2.895E-04   1.7820E-04   1.8929E-04   1.7779E-04 / 1.8896E-04   
3910   2.895E-04   1.7655E-04   1.8598E-04   1.7618E-04 / 1.8566E-04   
3920   2.895E-04   1.7649E-04   1.8547E-04   1.7609E-04 / 1.8515E-04   
3930   2.895E-04   1.7595E-04   1.8650E-04   1.7557E-04 / 1.8619E-04   
3940   2.895E-04   1.7557E-04   1.8601E-04   1.7512E-04 / 1.8565E-04   
3950   2.895E-04   1.7539E-04   1.8601E-04   1.7498E-04 / 1.8568E-04   
3960   2.895E-04   1.7483E-04   1.8432E-04   1.7446E-04 / 1.8400E-04   
3970   2.895E-04   1.7493E-04   1.8419E-04   1.7453E-04 / 1.8386E-04   
3980   2.895E-04   1.7474E-04   1.8504E-04   1.7424E-04 / 1.8469E-04   
3990   2.895E-04   1.7403E-04   1.8507E-04   1.7365E-04 / 1.8475E-04   
4000   2.895E-04   1.7456E-04   1.8467E-04   1.7415E-04 / 1.8434E-04   
4010   2.895E-04   1.7323E-04   1.8462E-04   1.7286E-04 / 1.8431E-04   
4020   2.895E-04   1.7344E-04   1.8257E-04   1.7307E-04 / 1.8225E-04   
4030   2.895E-04   1.7373E-04   1.8444E-04   1.7330E-04 / 1.8411E-04   
4040   2.895E-04   1.7312E-04   1.8560E-04   1.7279E-04 / 1.8531E-04   
4050   2.895E-04   1.7187E-04   1.8310E-04   1.7147E-04 / 1.8277E-04   
4060   2.895E-04   1.7156E-04   1.8406E-04   1.7119E-04 / 1.8375E-04   
4070   2.895E-04   1.7170E-04   1.8262E-04   1.7135E-04 / 1.8233E-04   
4080   2.895E-04   1.7108E-04   1.8359E-04   1.7074E-04 / 1.8330E-04   
4090   2.895E-04   1.7246E-04   1.8449E-04   1.7211E-04 / 1.8420E-04   
4100   2.895E-04   1.7035E-04   1.8153E-04   1.6999E-04 / 1.8122E-04   
4110   2.895E-04   1.7054E-04   1.8351E-04   1.7017E-04 / 1.8320E-04   
4120   2.895E-04   1.6979E-04   1.8192E-04   1.6944E-04 / 1.8163E-04   
4130   2.895E-04   1.7045E-04   1.8464E-04   1.7011E-04 / 1.8435E-04   
4140   2.895E-04   1.6875E-04   1.8137E-04   1.6842E-04 / 1.8109E-04   
4150   2.895E-04   1.6900E-04   1.8103E-04   1.6853E-04 / 1.8072E-04   
4160   2.895E-04   1.6900E-04   1.8304E-04   1.6868E-04 / 1.8276E-04   
4170   2.895E-04   1.6838E-04   1.8222E-04   1.6803E-04 / 1.8193E-04   
4180   2.895E-04   1.6788E-04   1.8038E-04   1.6756E-04 / 1.8011E-04   
4190   2.895E-04   1.6800E-04   1.8238E-04   1.6767E-04 / 1.8211E-04   
4200   2.895E-04   1.6782E-04   1.8270E-04   1.6749E-04 / 1.8243E-04   
4210   2.895E-04   1.6796E-04   1.7920E-04   1.6763E-04 / 1.7892E-04   
4220   2.895E-04   1.6677E-04   1.7932E-04   1.6636E-04 / 1.7903E-04   
4230   2.895E-04   1.6748E-04   1.8263E-04   1.6718E-04 / 1.8236E-04   
4240   2.895E-04   1.6604E-04   1.7989E-04   1.6574E-04 / 1.7962E-04   
4250   2.895E-04   1.6557E-04   1.7902E-04   1.6521E-04 / 1.7874E-04   
4260   2.895E-04   1.6554E-04   1.8055E-04   1.6523E-04 / 1.8028E-04   
4270   2.895E-04   1.6487E-04   1.7832E-04   1.6454E-04 / 1.7805E-04   
4280   2.895E-04   1.6463E-04   1.8066E-04   1.6430E-04 / 1.8040E-04   
4290   2.895E-04   1.6495E-04   1.8093E-04   1.6465E-04 / 1.8066E-04   
4300   2.895E-04   1.6432E-04   1.8075E-04   1.6406E-04 / 1.8052E-04   
4310   2.895E-04   1.6410E-04   1.7884E-04   1.6369E-04 / 1.7857E-04   
4320   2.895E-04   1.6431E-04   1.7965E-04   1.6398E-04 / 1.7937E-04   
4330   2.895E-04   1.6398E-04   1.8099E-04   1.6361E-04 / 1.8073E-04   
4340   2.895E-04   1.6332E-04   1.8054E-04   1.6304E-04 / 1.8032E-04   
4350   2.895E-04   1.6424E-04   1.7786E-04   1.6388E-04 / 1.7759E-04   
4360   2.895E-04   1.6225E-04   1.7780E-04   1.6194E-04 / 1.7754E-04   
4370   2.895E-04   1.6203E-04   1.7867E-04   1.6175E-04 / 1.7843E-04   
4380   2.895E-04   1.6323E-04   1.7691E-04   1.6291E-04 / 1.7664E-04   
4390   2.895E-04   1.6170E-04   1.7811E-04   1.6135E-04 / 1.7785E-04   
4400   2.895E-04   1.6122E-04   1.7848E-04   1.6089E-04 / 1.7822E-04   
4410   2.895E-04   1.6111E-04   1.7592E-04   1.6077E-04 / 1.7566E-04   
4420   2.895E-04   1.6078E-04   1.7652E-04   1.6044E-04 / 1.7628E-04   
4430   2.895E-04   1.6034E-04   1.7646E-04   1.6004E-04 / 1.7622E-04   
4440   2.895E-04   1.6034E-04   1.7562E-04   1.5998E-04 / 1.7537E-04   
4450   2.895E-04   1.6027E-04   1.7874E-04   1.5996E-04 / 1.7849E-04   
4460   2.895E-04   1.5983E-04   1.7800E-04   1.5954E-04 / 1.7776E-04   
4470   2.895E-04   1.5932E-04   1.7631E-04   1.5906E-04 / 1.7609E-04   
4480   2.895E-04   1.6007E-04   1.7828E-04   1.5981E-04 / 1.7805E-04   
4490   2.895E-04   1.5893E-04   1.7606E-04   1.5856E-04 / 1.7581E-04   
4500   2.895E-04   1.5854E-04   1.7568E-04   1.5823E-04 / 1.7543E-04   
4510   2.895E-04   1.5840E-04   1.7755E-04   1.5812E-04 / 1.7732E-04   
4520   2.895E-04   1.5798E-04   1.7756E-04   1.5768E-04 / 1.7731E-04   
4530   2.895E-04   1.5961E-04   1.7565E-04   1.5931E-04 / 1.7541E-04   
4540   2.895E-04   1.5807E-04   1.7365E-04   1.5777E-04 / 1.7342E-04   
4550   2.895E-04   1.5723E-04   1.7624E-04   1.5696E-04 / 1.7602E-04   
4560   2.895E-04   1.5710E-04   1.7622E-04   1.5684E-04 / 1.7601E-04   
4570   2.895E-04   1.5703E-04   1.7816E-04   1.5677E-04 / 1.7795E-04   
4580   2.895E-04   1.5629E-04   1.7478E-04   1.5602E-04 / 1.7457E-04   
4590   2.895E-04   1.5647E-04   1.7604E-04   1.5613E-04 / 1.7581E-04   
4600   2.895E-04   1.5736E-04   1.7563E-04   1.5710E-04 / 1.7543E-04   
4610   2.895E-04   1.5614E-04   1.7474E-04   1.5582E-04 / 1.7450E-04   
4620   2.895E-04   1.5554E-04   1.7476E-04   1.5526E-04 / 1.7454E-04   
4630   2.895E-04   1.5578E-04   1.7420E-04   1.5553E-04 / 1.7401E-04   
4640   2.895E-04   1.5493E-04   1.7383E-04   1.5465E-04 / 1.7361E-04   
4650   2.895E-04   1.5626E-04   1.7864E-04   1.5598E-04 / 1.7844E-04   
4660   2.895E-04   1.5517E-04   1.7683E-04   1.5492E-04 / 1.7664E-04   
4670   2.895E-04   1.5502E-04   1.7318E-04   1.5474E-04 / 1.7297E-04   
4680   2.895E-04   1.5422E-04   1.7560E-04   1.5400E-04 / 1.7543E-04   
4690   2.895E-04   1.5396E-04   1.7296E-04   1.5367E-04 / 1.7275E-04   
4700   2.895E-04   1.5387E-04   1.7456E-04   1.5352E-04 / 1.7435E-04   
4710   2.895E-04   1.5349E-04   1.7527E-04   1.5323E-04 / 1.7508E-04   
4720   2.895E-04   1.5359E-04   1.7404E-04   1.5333E-04 / 1.7384E-04   
4730   2.895E-04   1.5276E-04   1.7355E-04   1.5251E-04 / 1.7336E-04   
4740   2.895E-04   1.5372E-04   1.7702E-04   1.5340E-04 / 1.7682E-04   
4750   2.895E-04   1.5295E-04   1.7698E-04   1.5269E-04 / 1.7679E-04   
4760   2.895E-04   1.5275E-04   1.7598E-04   1.5249E-04 / 1.7579E-04   
4770   2.895E-04   1.5194E-04   1.7292E-04   1.5165E-04 / 1.7272E-04   
4780   2.895E-04   1.5219E-04   1.7663E-04   1.5193E-04 / 1.7644E-04   
4790   2.895E-04   1.5137E-04   1.7234E-04   1.5105E-04 / 1.7214E-04   
4800   2.895E-04   1.5109E-04   1.7221E-04   1.5082E-04 / 1.7202E-04   
4810   2.895E-04   1.5162E-04   1.7133E-04   1.5137E-04 / 1.7115E-04   
4820   2.895E-04   1.5158E-04   1.7745E-04   1.5134E-04 / 1.7727E-04   
4830   2.895E-04   1.5060E-04   1.7304E-04   1.5031E-04 / 1.7284E-04   
4840   2.895E-04   1.5269E-04   1.7332E-04   1.5244E-04 / 1.7314E-04   
4850   2.895E-04   1.5151E-04   1.7405E-04   1.5128E-04 / 1.7388E-04   
4860   2.895E-04   1.4984E-04   1.7438E-04   1.4959E-04 / 1.7420E-04   
4870   2.895E-04   1.5040E-04   1.7085E-04   1.5016E-04 / 1.7067E-04   
4880   2.895E-04   1.4921E-04   1.7148E-04   1.4897E-04 / 1.7131E-04   
4890   2.895E-04   1.4999E-04   1.7470E-04   1.4968E-04 / 1.7452E-04   
4900   2.895E-04   1.4890E-04   1.7242E-04   1.4860E-04 / 1.7223E-04   
4910   2.895E-04   1.4925E-04   1.7623E-04   1.4899E-04 / 1.7605E-04   
4920   2.895E-04   1.4837E-04   1.7228E-04   1.4811E-04 / 1.7210E-04   
4930   2.895E-04   1.4914E-04   1.7650E-04   1.4889E-04 / 1.7632E-04   
4940   2.895E-04   1.4897E-04   1.7645E-04   1.4872E-04 / 1.7629E-04   
4950   2.895E-04   1.4774E-04   1.7163E-04   1.4746E-04 / 1.7145E-04   
4960   2.895E-04   1.4761E-04   1.7157E-04   1.4735E-04 / 1.7140E-04   
4970   2.895E-04   1.4737E-04   1.7176E-04   1.4713E-04 / 1.7158E-04   
4980   2.895E-04   1.4733E-04   1.7095E-04   1.4705E-04 / 1.7078E-04   
4990   2.895E-04   1.4867E-04   1.7780E-04   1.4841E-04 / 1.7763E-04   
5000   2.895E-04   1.4665E-04   1.7161E-04   1.4636E-04 / 1.7143E-04   
5010   2.895E-04   1.4683E-04   1.7460E-04   1.4656E-04 / 1.7443E-04   
5020   2.895E-04   1.4636E-04   1.7195E-04   1.4607E-04 / 1.7179E-04   
5030   2.895E-04   1.4590E-04   1.7163E-04   1.4559E-04 / 1.7144E-04   
5040   2.895E-04   1.4578E-04   1.7313E-04   1.4551E-04 / 1.7297E-04   
5050   2.895E-04   1.4569E-04   1.6989E-04   1.4544E-04 / 1.6973E-04   
5060   2.895E-04   1.4572E-04   1.7324E-04   1.4547E-04 / 1.7308E-04   
5070   2.895E-04   1.4530E-04   1.6881E-04   1.4504E-04 / 1.6864E-04   
5080   2.895E-04   1.4513E-04   1.7243E-04   1.4486E-04 / 1.7226E-04   
5090   2.895E-04   1.4528E-04   1.7484E-04   1.4504E-04 / 1.7470E-04   
5100   2.895E-04   1.4503E-04   1.7223E-04   1.4476E-04 / 1.7206E-04   
5110   2.895E-04   1.4459E-04   1.6921E-04   1.4430E-04 / 1.6905E-04   
5120   2.895E-04   1.4462E-04   1.7322E-04   1.4438E-04 / 1.7307E-04   
5130   2.895E-04   1.4613E-04   1.6742E-04   1.4588E-04 / 1.6726E-04   
5140   2.895E-04   1.4445E-04   1.7091E-04   1.4423E-04 / 1.7078E-04   
5150   2.895E-04   1.4413E-04   1.6866E-04   1.4389E-04 / 1.6852E-04   
5160   2.895E-04   1.4338E-04   1.7254E-04   1.4316E-04 / 1.7240E-04   
5170   2.895E-04   1.4375E-04   1.6839E-04   1.4352E-04 / 1.6824E-04   
5180   2.895E-04   1.4331E-04   1.7050E-04   1.4302E-04 / 1.7035E-04   
5190   2.895E-04   1.4282E-04   1.6895E-04   1.4260E-04 / 1.6881E-04   
5200   2.895E-04   1.4289E-04   1.6981E-04   1.4263E-04 / 1.6966E-04   
5210   2.895E-04   1.4277E-04   1.7287E-04   1.4250E-04 / 1.7273E-04   
5220   2.895E-04   1.4218E-04   1.6887E-04   1.4190E-04 / 1.6873E-04   
5230   2.895E-04   1.4192E-04   1.7056E-04   1.4165E-04 / 1.7042E-04   
5240   2.895E-04   1.4224E-04   1.6689E-04   1.4195E-04 / 1.6673E-04   
5250   2.895E-04   1.4155E-04   1.7093E-04   1.4131E-04 / 1.7080E-04   
5260   2.895E-04   1.4178E-04   1.7107E-04   1.4156E-04 / 1.7093E-04   
5270   2.895E-04   1.4122E-04   1.6944E-04   1.4093E-04 / 1.6930E-04   
5280   2.895E-04   1.4225E-04   1.7464E-04   1.4203E-04 / 1.7451E-04   
5290   2.895E-04   1.4135E-04   1.7039E-04   1.4110E-04 / 1.7026E-04   
5300   2.895E-04   1.4056E-04   1.6984E-04   1.4035E-04 / 1.6972E-04   
5310   2.895E-04   1.4043E-04   1.6804E-04   1.4020E-04 / 1.6790E-04   
5320   2.895E-04   1.4035E-04   1.6947E-04   1.4013E-04 / 1.6935E-04   
5330   2.895E-04   1.4017E-04   1.6938E-04   1.3998E-04 / 1.6927E-04   
5340   2.895E-04   1.4025E-04   1.7174E-04   1.4001E-04 / 1.7161E-04   
5350   2.895E-04   1.4068E-04   1.6828E-04   1.4042E-04 / 1.6814E-04   
5360   2.895E-04   1.3975E-04   1.6899E-04   1.3946E-04 / 1.6886E-04   
5370   2.895E-04   1.3959E-04   1.7032E-04   1.3936E-04 / 1.7020E-04   
5380   2.895E-04   1.3966E-04   1.7122E-04   1.3943E-04 / 1.7110E-04   
5390   2.895E-04   1.3905E-04   1.6785E-04   1.3882E-04 / 1.6773E-04   
5400   2.895E-04   1.3997E-04   1.7379E-04   1.3973E-04 / 1.7367E-04   
5410   2.895E-04   1.4015E-04   1.7404E-04   1.3990E-04 / 1.7391E-04   
5420   2.895E-04   1.3822E-04   1.6796E-04   1.3797E-04 / 1.6783E-04   
5430   2.895E-04   1.3837E-04   1.6896E-04   1.3819E-04 / 1.6885E-04   
5440   2.895E-04   1.3786E-04   1.6788E-04   1.3764E-04 / 1.6777E-04   
5450   2.895E-04   1.3766E-04   1.6766E-04   1.3743E-04 / 1.6754E-04   
5460   2.895E-04   1.3796E-04   1.6899E-04   1.3776E-04 / 1.6889E-04   
5470   2.895E-04   1.3727E-04   1.6841E-04   1.3703E-04 / 1.6829E-04   
5480   2.895E-04   1.3728E-04   1.6667E-04   1.3708E-04 / 1.6657E-04   
5490   2.895E-04   1.3743E-04   1.6751E-04   1.3721E-04 / 1.6740E-04   
5500   2.895E-04   1.3777E-04   1.6422E-04   1.3753E-04 / 1.6410E-04   
5510   2.895E-04   1.3691E-04   1.6672E-04   1.3668E-04 / 1.6661E-04   
5520   2.895E-04   1.3707E-04   1.6963E-04   1.3683E-04 / 1.6953E-04   
5530   2.895E-04   1.3631E-04   1.6806E-04   1.3608E-04 / 1.6794E-04   
5540   2.895E-04   1.3616E-04   1.6901E-04   1.3594E-04 / 1.6890E-04   
5550   2.895E-04   1.3739E-04   1.7454E-04   1.3712E-04 / 1.7443E-04   
5560   2.895E-04   1.3651E-04   1.7103E-04   1.3633E-04 / 1.7093E-04   
5570   2.895E-04   1.3683E-04   1.6470E-04   1.3658E-04 / 1.6459E-04   
5580   2.895E-04   1.3677E-04   1.6505E-04   1.3653E-04 / 1.6494E-04   
5590   2.895E-04   1.3537E-04   1.6774E-04   1.3515E-04 / 1.6763E-04   
5600   2.895E-04   1.3651E-04   1.6406E-04   1.3627E-04 / 1.6395E-04   
5610   2.895E-04   1.3489E-04   1.6713E-04   1.3464E-04 / 1.6702E-04   
5620   2.895E-04   1.3533E-04   1.6398E-04   1.3507E-04 / 1.6387E-04   
5630   2.895E-04   1.3482E-04   1.6753E-04   1.3463E-04 / 1.6743E-04   
5640   2.895E-04   1.3445E-04   1.6672E-04   1.3424E-04 / 1.6662E-04   
5650   2.895E-04   1.3517E-04   1.6386E-04   1.3498E-04 / 1.6376E-04   
5660   2.895E-04   1.3457E-04   1.6625E-04   1.3439E-04 / 1.6615E-04   
5670   2.895E-04   1.3414E-04   1.6835E-04   1.3394E-04 / 1.6825E-04   
5680   2.895E-04   1.3440E-04   1.7059E-04   1.3417E-04 / 1.7048E-04   
5690   2.895E-04   1.3550E-04   1.7000E-04   1.3527E-04 / 1.6989E-04   
5700   2.895E-04   1.3409E-04   1.6446E-04   1.3388E-04 / 1.6436E-04   
5710   2.895E-04   1.3356E-04   1.6472E-04   1.3335E-04 / 1.6463E-04   
5720   2.895E-04   1.3682E-04   1.6608E-04   1.3625E-04 / 1.6597E-04   
5730   2.895E-04   1.3381E-04   1.6685E-04   1.3363E-04 / 1.6676E-04   
5740   2.895E-04   1.3526E-04   1.6414E-04   1.3503E-04 / 1.6403E-04   
5750   2.895E-04   1.3391E-04   1.6903E-04   1.3365E-04 / 1.6892E-04   
5760   2.895E-04   1.3261E-04   1.6631E-04   1.3241E-04 / 1.6622E-04   
5770   2.895E-04   1.3419E-04   1.6938E-04   1.3396E-04 / 1.6929E-04   
5780   2.895E-04   1.3263E-04   1.6271E-04   1.3244E-04 / 1.6263E-04   
5790   2.895E-04   1.3232E-04   1.6517E-04   1.3210E-04 / 1.6509E-04   
5800   2.895E-04   1.3286E-04   1.6931E-04   1.3267E-04 / 1.6922E-04   
5810   2.895E-04   1.3200E-04   1.6923E-04   1.3178E-04 / 1.6913E-04   
5820   2.895E-04   1.3283E-04   1.6377E-04   1.3267E-04 / 1.6368E-04   
5830   2.895E-04   1.3143E-04   1.6583E-04   1.3116E-04 / 1.6573E-04   
5840   2.895E-04   1.3217E-04   1.6758E-04   1.3194E-04 / 1.6748E-04   
5850   2.895E-04   1.3107E-04   1.6425E-04   1.3084E-04 / 1.6415E-04   
5860   2.895E-04   1.3158E-04   1.6964E-04   1.3136E-04 / 1.6955E-04   
5870   2.895E-04   1.3209E-04   1.6905E-04   1.3183E-04 / 1.6894E-04   
5880   2.895E-04   1.3126E-04   1.7042E-04   1.3108E-04 / 1.7033E-04   
5890   2.895E-04   1.3170E-04   1.6158E-04   1.3154E-04 / 1.6150E-04   
5900   2.895E-04   1.3181E-04   1.7302E-04   1.3167E-04 / 1.7294E-04   
5910   2.895E-04   1.3032E-04   1.6532E-04   1.3014E-04 / 1.6523E-04   
5920   2.895E-04   1.3128E-04   1.6146E-04   1.3105E-04 / 1.6136E-04   
5930   2.895E-04   1.3010E-04   1.6319E-04   1.2992E-04 / 1.6310E-04   
5940   2.895E-04   1.3089E-04   1.6696E-04   1.3063E-04 / 1.6687E-04   
5950   2.895E-04   1.3021E-04   1.6381E-04   1.2996E-04 / 1.6371E-04   
5960   2.895E-04   1.2973E-04   1.6410E-04   1.2953E-04 / 1.6400E-04   
5970   2.895E-04   1.2981E-04   1.6766E-04   1.2960E-04 / 1.6757E-04   
5980   2.895E-04   1.2918E-04   1.6298E-04   1.2900E-04 / 1.6289E-04   
5990   2.895E-04   1.2940E-04   1.6759E-04   1.2923E-04 / 1.6751E-04   
6000   2.895E-04   1.2911E-04   1.6625E-04   1.2889E-04 / 1.6616E-04   
6010   2.895E-04   1.2909E-04   1.6374E-04   1.2885E-04 / 1.6365E-04   
6020   2.895E-04   1.2921E-04   1.6069E-04   1.2901E-04 / 1.6060E-04   
6030   2.895E-04   1.2868E-04   1.6344E-04   1.2850E-04 / 1.6336E-04   
6040   2.895E-04   1.2960E-04   1.6975E-04   1.2939E-04 / 1.6966E-04   
6050   2.895E-04   1.2889E-04   1.6109E-04   1.2863E-04 / 1.6100E-04   
6060   2.895E-04   1.2846E-04   1.6770E-04   1.2829E-04 / 1.6761E-04   
6070   2.895E-04   1.2810E-04   1.6336E-04   1.2790E-04 / 1.6327E-04   
6080   2.895E-04   1.2795E-04   1.6519E-04   1.2777E-04 / 1.6510E-04   
6090   2.895E-04   1.2792E-04   1.6187E-04   1.2772E-04 / 1.6179E-04   
6100   2.895E-04   1.2737E-04   1.6390E-04   1.2718E-04 / 1.6381E-04   
6110   2.895E-04   1.2783E-04   1.6237E-04   1.2763E-04 / 1.6228E-04   
6120   2.895E-04   1.2732E-04   1.6633E-04   1.2710E-04 / 1.6624E-04   
6130   2.895E-04   1.2701E-04   1.6346E-04   1.2677E-04 / 1.6336E-04   
6140   2.895E-04   1.2767E-04   1.6229E-04   1.2736E-04 / 1.6220E-04   
6150   2.895E-04   1.2728E-04   1.6223E-04   1.2703E-04 / 1.6214E-04   
6160   2.895E-04   1.2676E-04   1.6127E-04   1.2658E-04 / 1.6119E-04   
6170   2.895E-04   1.2716E-04   1.6782E-04   1.2696E-04 / 1.6774E-04   
6180   2.895E-04   1.2654E-04   1.6234E-04   1.2636E-04 / 1.6226E-04   
6190   2.895E-04   1.2634E-04   1.6416E-04   1.2608E-04 / 1.6407E-04   
6200   2.895E-04   1.2633E-04   1.6298E-04   1.2609E-04 / 1.6289E-04   
6210   2.895E-04   1.2609E-04   1.6206E-04   1.2587E-04 / 1.6197E-04   
6220   2.895E-04   1.2617E-04   1.6449E-04   1.2598E-04 / 1.6441E-04   
6230   2.895E-04   1.2560E-04   1.6283E-04   1.2543E-04 / 1.6275E-04   
6240   2.895E-04   1.2566E-04   1.6303E-04   1.2546E-04 / 1.6295E-04   
6250   2.895E-04   1.2614E-04   1.6587E-04   1.2591E-04 / 1.6579E-04   
6260   2.895E-04   1.2596E-04   1.6541E-04   1.2571E-04 / 1.6533E-04   
6270   2.895E-04   1.2622E-04   1.6199E-04   1.2601E-04 / 1.6190E-04   
6280   2.895E-04   1.2527E-04   1.6278E-04   1.2505E-04 / 1.6270E-04   
6290   2.895E-04   1.2684E-04   1.6717E-04   1.2669E-04 / 1.6710E-04   
6300   2.895E-04   1.2526E-04   1.6496E-04   1.2509E-04 / 1.6487E-04   
6310   2.895E-04   1.2450E-04   1.6232E-04   1.2430E-04 / 1.6224E-04   
6320   2.895E-04   1.2467E-04   1.6551E-04   1.2444E-04 / 1.6543E-04   
6330   2.895E-04   1.2462E-04   1.6627E-04   1.2445E-04 / 1.6619E-04   
6340   2.895E-04   1.2490E-04   1.5977E-04   1.2467E-04 / 1.5968E-04   
6350   2.895E-04   1.2418E-04   1.6367E-04   1.2404E-04 / 1.6361E-04   
6360   2.895E-04   1.2426E-04   1.6023E-04   1.2408E-04 / 1.6015E-04   
6370   2.895E-04   1.2398E-04   1.6415E-04   1.2375E-04 / 1.6406E-04   
6380   2.895E-04   1.2408E-04   1.6216E-04   1.2390E-04 / 1.6208E-04   
6390   2.895E-04   1.2405E-04   1.6501E-04   1.2388E-04 / 1.6493E-04   
6400   2.895E-04   1.2462E-04   1.6147E-04   1.2428E-04 / 1.6138E-04   
6410   2.895E-04   1.2368E-04   1.6092E-04   1.2341E-04 / 1.6083E-04   
6420   2.895E-04   1.2390E-04   1.6292E-04   1.2370E-04 / 1.6284E-04   
6430   2.895E-04   1.2368E-04   1.6573E-04   1.2351E-04 / 1.6566E-04   
6440   2.895E-04   1.2360E-04   1.6258E-04   1.2337E-04 / 1.6250E-04   
6450   2.895E-04   1.2441E-04   1.5948E-04   1.2415E-04 / 1.5939E-04   
6460   2.895E-04   1.2418E-04   1.6403E-04   1.2402E-04 / 1.6396E-04   
6470   2.895E-04   1.2298E-04   1.6183E-04   1.2276E-04 / 1.6176E-04   
6480   2.895E-04   1.2450E-04   1.6806E-04   1.2435E-04 / 1.6799E-04   
6490   2.895E-04   1.2329E-04   1.5981E-04   1.2302E-04 / 1.5973E-04   
6500   2.895E-04   1.2252E-04   1.5968E-04   1.2231E-04 / 1.5960E-04   
6510   2.895E-04   1.2201E-04   1.6030E-04   1.2180E-04 / 1.6023E-04   
6520   2.895E-04   1.2227E-04   1.5886E-04   1.2206E-04 / 1.5878E-04   
6530   2.895E-04   1.2322E-04   1.5984E-04   1.2307E-04 / 1.5977E-04   
6540   2.895E-04   1.2201E-04   1.5942E-04   1.2180E-04 / 1.5934E-04   
6550   2.895E-04   1.2196E-04   1.6030E-04   1.2179E-04 / 1.6023E-04   
6560   2.895E-04   1.2256E-04   1.5973E-04   1.2231E-04 / 1.5965E-04   
6570   2.895E-04   1.2134E-04   1.5962E-04   1.2112E-04 / 1.5954E-04   
6580   2.895E-04   1.2174E-04   1.5975E-04   1.2155E-04 / 1.5968E-04   
6590   2.895E-04   1.2172E-04   1.6473E-04   1.2158E-04 / 1.6467E-04   
6600   2.895E-04   1.2123E-04   1.6146E-04   1.2107E-04 / 1.6139E-04   
6610   2.895E-04   1.2114E-04   1.6240E-04   1.2101E-04 / 1.6234E-04   
6620   2.895E-04   1.2086E-04   1.6212E-04   1.2062E-04 / 1.6204E-04   
6630   2.895E-04   1.2084E-04   1.6174E-04   1.2065E-04 / 1.6167E-04   
6640   2.895E-04   1.2144E-04   1.6021E-04   1.2125E-04 / 1.6013E-04   
6649   2.895E-04   1.2085E-04   1.6308E-04   1.2061E-04 / 1.6300E-04   
BEST MODEL
===============================================================================================================
6386   2.895E-04   1.2522E-04   1.5641E-04   1.2504E-04 / 1.5633E-04   
===============================================================================================================
Saved model to /home/nikki/kan/kanTBNN/models/multi_run/kan_experiment_36_opt/kanTBNN-24Nov05_02:53:30.pickle
