========== Dataset info ==========
Dataset params: {'file': '/home/nikki/kan/data/turbulence_dataset_clean.csv', 'Cases': ['fp_1000', 'fp_1410', 'fp_2000', 'fp_2540', 'fp_3030', 'fp_3270', 'fp_3630', 'fp_3970', 'fp_4060'], 'val_set': ['fp_3030', 'fp_1410', 'fp_4060'], 'test_set': ['fp_3630'], 'data_loader': <class 'tbnn.dataloaders.aDataset'>}
Train/Valid/Test points: 760 / 468 / 168
Memorization?: False
Cluster training?: False
EPOCH     LR        TRAIN         VALID             MSE:T/V                  RL:T/V             %NR_t/%NR_v
===============================================================================================================
  1   2.940E-03   2.4134E-01   2.3512E-01   2.1581E-01 / 2.1274E-01   
 10   2.940E-03   8.5599E-03   7.4123E-03   8.1081E-03 / 7.3457E-03   
 20   2.940E-03   3.9120E-03   3.5816E-03   3.8743E-03 / 3.5790E-03   
 30   2.940E-03   2.9589E-03   2.7727E-03   2.9536E-03 / 2.7698E-03   
 40   2.940E-03   2.4396E-03   2.3096E-03   2.4345E-03 / 2.3059E-03   
 50   2.940E-03   2.0860E-03   1.9962E-03   2.0817E-03 / 1.9926E-03   
 60   2.940E-03   1.8418E-03   1.7811E-03   1.8391E-03 / 1.7784E-03   
 70   2.940E-03   1.6500E-03   1.6017E-03   1.6475E-03 / 1.5993E-03   
 80   2.940E-03   1.4736E-03   1.4341E-03   1.4713E-03 / 1.4320E-03   
 90   2.940E-03   1.3052E-03   1.2686E-03   1.3024E-03 / 1.2662E-03   
100   2.940E-03   1.1584E-03   1.1283E-03   1.1557E-03 / 1.1259E-03   
110   2.940E-03   1.0247E-03   1.0036E-03   1.0228E-03 / 1.0020E-03   
120   2.940E-03   8.9813E-04   8.8448E-04   8.9653E-04 / 8.8323E-04   
130   2.940E-03   7.8811E-04   7.8096E-04   7.8678E-04 / 7.8010E-04   
140   2.940E-03   6.9240E-04   6.9012E-04   6.9147E-04 / 6.8965E-04   
150   2.940E-03   6.1025E-04   6.1595E-04   6.0958E-04 / 6.1564E-04   
160   2.940E-03   5.5294E-04   5.6844E-04   5.5252E-04 / 5.6827E-04   
170   2.940E-03   5.0106E-04   5.0182E-04   5.0075E-04 / 5.0171E-04   
180   2.940E-03   4.8356E-04   5.1133E-04   4.8332E-04 / 5.1124E-04   
190   2.940E-03   4.1547E-04   4.2721E-04   4.1528E-04 / 4.2716E-04   
200   2.940E-03   3.8544E-04   3.8884E-04   3.8532E-04 / 3.8881E-04   
210   2.940E-03   3.5888E-04   3.6351E-04   3.5876E-04 / 3.6349E-04   
220   2.940E-03   3.3539E-04   3.4700E-04   3.3524E-04 / 3.4694E-04   
230   2.940E-03   3.2675E-04   3.5005E-04   3.2665E-04 / 3.5004E-04   
240   2.940E-03   2.9779E-04   3.1053E-04   2.9773E-04 / 3.1053E-04   
250   2.940E-03   2.9118E-04   3.1217E-04   2.9115E-04 / 3.1217E-04   
260   2.940E-03   2.6941E-04   2.8668E-04   2.6936E-04 / 2.8668E-04   
270   2.940E-03   2.5783E-04   2.7375E-04   2.5780E-04 / 2.7375E-04   
280   2.940E-03   2.4524E-04   2.6034E-04   2.4517E-04 / 2.6031E-04   
290   2.940E-03   2.3959E-04   2.4555E-04   2.3957E-04 / 2.4555E-04   
300   2.940E-03   2.2601E-04   2.4261E-04   2.2600E-04 / 2.4261E-04   
310   2.940E-03   2.1494E-04   2.3139E-04   2.1493E-04 / 2.3139E-04   
320   2.940E-03   2.1258E-04   2.3170E-04   2.1253E-04 / 2.3166E-04   
330   2.940E-03   2.1351E-04   2.4060E-04   2.1351E-04 / 2.4060E-04   
340   2.940E-03   1.9424E-04   2.0845E-04   1.9423E-04 / 2.0844E-04   
350   2.940E-03   2.0341E-04   2.0918E-04   2.0340E-04 / 2.0918E-04   
360   2.940E-03   1.7862E-04   1.9236E-04   1.7861E-04 / 1.9236E-04   
370   2.940E-03   1.7438E-04   1.9205E-04   1.7432E-04 / 1.9200E-04   
380   2.940E-03   1.7106E-04   1.9284E-04   1.7106E-04 / 1.9284E-04   
390   2.940E-03   1.6049E-04   1.7648E-04   1.6049E-04 / 1.7648E-04   
400   2.940E-03   1.5599E-04   1.7410E-04   1.5598E-04 / 1.7408E-04   
410   2.940E-03   1.5482E-04   1.7529E-04   1.5481E-04 / 1.7528E-04   
420   2.940E-03   1.8084E-04   1.8986E-04   1.8082E-04 / 1.8984E-04   
430   2.940E-03   1.4429E-04   1.5800E-04   1.4426E-04 / 1.5794E-04   
440   2.940E-03   1.3875E-04   1.5300E-04   1.3867E-04 / 1.5288E-04   
450   2.940E-03   1.3415E-04   1.5114E-04   1.3409E-04 / 1.5107E-04   
460   2.940E-03   1.5631E-04   1.6862E-04   1.5622E-04 / 1.6853E-04   
470   2.940E-03   1.2968E-04   1.4387E-04   1.2946E-04 / 1.4365E-04   
480   2.940E-03   1.2495E-04   1.4111E-04   1.2495E-04 / 1.4111E-04   
490   2.940E-03   1.2345E-04   1.3689E-04   1.2339E-04 / 1.3687E-04   
500   2.940E-03   1.2357E-04   1.3955E-04   1.2357E-04 / 1.3955E-04   
510   2.940E-03   1.1567E-04   1.3117E-04   1.1561E-04 / 1.3115E-04   
520   2.940E-03   1.7309E-04   1.8253E-04   1.7309E-04 / 1.8253E-04   
530   2.940E-03   1.1302E-04   1.2940E-04   1.1266E-04 / 1.2915E-04   
540   2.940E-03   1.0897E-04   1.2398E-04   1.0896E-04 / 1.2397E-04   
550   2.940E-03   1.0505E-04   1.2209E-04   1.0505E-04 / 1.2209E-04   
560   2.940E-03   1.0541E-04   1.2047E-04   1.0540E-04 / 1.2045E-04   
570   2.940E-03   1.0347E-04   1.2089E-04   1.0341E-04 / 1.2079E-04   
580   2.940E-03   9.9741E-05   1.1589E-04   9.9703E-05 / 1.1583E-04   
590   2.940E-03   1.0030E-04   1.1278E-04   1.0011E-04 / 1.1253E-04   
600   2.940E-03   9.8319E-05   1.1153E-04   9.8183E-05 / 1.1135E-04   
610   2.940E-03   1.2928E-04   1.3946E-04   1.2922E-04 / 1.3938E-04   
620   2.940E-03   9.5898E-05   1.0803E-04   9.5252E-05 / 1.0733E-04   
630   2.940E-03   8.9724E-05   1.0431E-04   8.9553E-05 / 1.0412E-04   
640   2.940E-03   8.6716E-05   1.0012E-04   8.6659E-05 / 1.0007E-04   
650   2.940E-03   8.4639E-05   9.7757E-05   8.4596E-05 / 9.7731E-05   
660   2.940E-03   8.3260E-05   9.7187E-05   8.3260E-05 / 9.7187E-05   
670   2.940E-03   8.3667E-05   9.4721E-05   8.3285E-05 / 9.4424E-05   
680   2.940E-03   8.0797E-05   9.4780E-05   8.0766E-05 / 9.4768E-05   
690   2.940E-03   8.3564E-05   9.6766E-05   8.3545E-05 / 9.6758E-05   
700   2.940E-03   7.7859E-05   9.1353E-05   7.7859E-05 / 9.1353E-05   
710   2.940E-03   7.3452E-05   8.7397E-05   7.3329E-05 / 8.7281E-05   
720   2.940E-03   7.3896E-05   8.8473E-05   7.3895E-05 / 8.8473E-05   
730   2.940E-03   7.6180E-05   8.7564E-05   7.6175E-05 / 8.7552E-05   
740   2.940E-03   7.0004E-05   8.3174E-05   6.9597E-05 / 8.2773E-05   
750   2.940E-03   7.0652E-05   8.2862E-05   7.0650E-05 / 8.2859E-05   
760   2.940E-03   8.4838E-05   9.8833E-05   8.4769E-05 / 9.8746E-05   
770   2.940E-03   6.4319E-05   7.7930E-05   6.4197E-05 / 7.7800E-05   
780   2.940E-03   6.3832E-05   7.8091E-05   6.3813E-05 / 7.8077E-05   
790   2.940E-03   6.2482E-05   7.4887E-05   6.2424E-05 / 7.4837E-05   
800   2.940E-03   1.4462E-04   1.6124E-04   1.4434E-04 / 1.6101E-04   
810   2.940E-03   6.6053E-05   8.0125E-05   6.6050E-05 / 8.0121E-05   
820   2.940E-03   9.3353E-05   1.1102E-04   9.3284E-05 / 1.1099E-04   
830   2.940E-03   6.5083E-05   8.0906E-05   6.4958E-05 / 8.0841E-05   
840   2.940E-03   5.7129E-05   7.1872E-05   5.7104E-05 / 7.1867E-05   
850   2.940E-03   5.4983E-05   6.8093E-05   5.4871E-05 / 6.8030E-05   
860   2.940E-03   5.6754E-05   6.8617E-05   5.6377E-05 / 6.8295E-05   
870   2.940E-03   5.3867E-05   6.8161E-05   5.2934E-05 / 6.7282E-05   
880   2.940E-03   5.1757E-05   6.8464E-05   5.1459E-05 / 6.8204E-05   
890   2.940E-03   5.0973E-05   6.7835E-05   5.0963E-05 / 6.7821E-05   
900   2.940E-03   5.0060E-05   6.5202E-05   5.0038E-05 / 6.5168E-05   
910   2.940E-03   5.6747E-05   7.3237E-05   5.5701E-05 / 7.2231E-05   
920   2.940E-03   4.9481E-05   6.3195E-05   4.9308E-05 / 6.2995E-05   
930   2.940E-03   5.7330E-05   7.2958E-05   5.7330E-05 / 7.2958E-05   
940   2.940E-03   4.9418E-05   6.3160E-05   4.9415E-05 / 6.3160E-05   
950   2.940E-03   5.2039E-05   6.8215E-05   5.1758E-05 / 6.7926E-05   
960   2.940E-03   4.4586E-05   6.0805E-05   4.4533E-05 / 6.0744E-05   
970   2.940E-03   4.6365E-05   6.2797E-05   4.6353E-05 / 6.2784E-05   
980   2.940E-03   4.7815E-05   6.6191E-05   4.7757E-05 / 6.6148E-05   
990   2.940E-03   4.6904E-05   6.5957E-05   4.6900E-05 / 6.5957E-05   
1000   2.940E-03   4.7163E-05   6.0704E-05   4.7102E-05 / 6.0670E-05   
1010   2.940E-03   4.5984E-05   5.8878E-05   4.5965E-05 / 5.8871E-05   
1020   2.940E-03   4.2028E-05   5.3808E-05   4.2026E-05 / 5.3808E-05   
1030   2.940E-03   3.9011E-05   5.5751E-05   3.8753E-05 / 5.5539E-05   
1040   2.940E-03   4.1413E-05   5.9327E-05   4.1213E-05 / 5.9166E-05   
1050   2.940E-03   4.8389E-05   6.0288E-05   4.8318E-05 / 6.0255E-05   
1060   2.940E-03   4.1821E-05   5.8927E-05   4.1581E-05 / 5.8731E-05   
1070   2.940E-03   4.5613E-05   6.1795E-05   4.5576E-05 / 6.1770E-05   
1080   2.940E-03   4.0143E-05   5.6099E-05   3.9963E-05 / 5.5945E-05   
1090   2.940E-03   3.9380E-05   5.5139E-05   3.9374E-05 / 5.5113E-05   
1100   2.940E-03   3.6668E-05   5.3883E-05   3.6668E-05 / 5.3883E-05   
1110   2.940E-03   3.8610E-05   5.6900E-05   3.8232E-05 / 5.6544E-05   
1120   2.940E-03   3.6969E-05   5.3307E-05   3.6863E-05 / 5.3194E-05   
1130   2.940E-03   4.5484E-05   6.3520E-05   4.5484E-05 / 6.3517E-05   
1140   2.940E-03   3.3419E-05   4.9091E-05   3.3357E-05 / 4.9021E-05   
1150   2.940E-03   3.2011E-05   4.8307E-05   3.1941E-05 / 4.8224E-05   
1160   2.940E-03   3.2702E-05   5.0112E-05   3.2701E-05 / 5.0112E-05   
1170   2.940E-03   3.5921E-05   5.2910E-05   3.5762E-05 / 5.2747E-05   
1180   2.940E-03   3.4930E-05   5.2674E-05   3.4930E-05 / 5.2674E-05   
1190   2.940E-03   3.5161E-05   5.2371E-05   3.5142E-05 / 5.2356E-05   
1200   2.940E-03   3.2639E-05   4.9896E-05   3.2639E-05 / 4.9896E-05   
1210   2.940E-03   3.2639E-05   5.0165E-05   3.2504E-05 / 5.0038E-05   
1220   2.940E-03   4.3953E-05   6.1442E-05   4.3782E-05 / 6.1301E-05   
1230   2.940E-03   2.9267E-05   4.6220E-05   2.9202E-05 / 4.6176E-05   
1240   2.940E-03   3.0416E-05   4.7736E-05   3.0038E-05 / 4.7397E-05   
1250   2.940E-03   3.0726E-05   4.8913E-05   3.0313E-05 / 4.8536E-05   
1260   2.940E-03   3.0267E-05   4.9800E-05   3.0215E-05 / 4.9772E-05   
1270   2.940E-03   2.9575E-05   4.7276E-05   2.9112E-05 / 4.6833E-05   
1280   2.940E-03   3.1473E-05   4.9553E-05   3.1465E-05 / 4.9550E-05   
1290   2.940E-03   2.8568E-05   4.3101E-05   2.8560E-05 / 4.3097E-05   
1300   2.940E-03   6.0314E-05   7.2996E-05   6.0137E-05 / 7.2825E-05   
1310   2.940E-03   3.0033E-05   4.4331E-05   2.9968E-05 / 4.4269E-05   
1320   2.940E-03   2.6431E-05   4.1911E-05   2.6407E-05 / 4.1837E-05   
1330   2.940E-03   2.5497E-05   4.1081E-05   2.5359E-05 / 4.0924E-05   
1340   2.940E-03   2.9301E-05   4.5111E-05   2.9263E-05 / 4.5055E-05   
1350   2.940E-03   2.8927E-05   4.5395E-05   2.7939E-05 / 4.4374E-05   
1360   2.940E-03   2.6338E-05   4.0732E-05   2.6338E-05 / 4.0732E-05   
1370   2.940E-03   2.5593E-05   4.2570E-05   2.5525E-05 / 4.2466E-05   
1380   2.940E-03   2.7007E-05   4.1922E-05   2.7001E-05 / 4.1905E-05   
1390   2.940E-03   2.6984E-05   4.2133E-05   2.6898E-05 / 4.2015E-05   
1400   2.940E-03   2.4913E-05   3.9919E-05   2.4842E-05 / 3.9818E-05   
1410   2.940E-03   2.7188E-05   4.3611E-05   2.7176E-05 / 4.3602E-05   
1420   2.940E-03   3.4858E-05   5.0735E-05   3.4832E-05 / 5.0707E-05   
1430   2.940E-03   2.7518E-05   4.3634E-05   2.7416E-05 / 4.3512E-05   
1440   2.940E-03   2.4055E-05   3.9330E-05   2.4055E-05 / 3.9330E-05   
1450   2.940E-03   2.3444E-05   3.7176E-05   2.3293E-05 / 3.7032E-05   
1460   2.940E-03   2.4282E-05   3.8929E-05   2.4280E-05 / 3.8928E-05   
1470   2.940E-03   2.4017E-05   3.9565E-05   2.3772E-05 / 3.9325E-05   
1480   2.940E-03   2.3260E-05   3.7194E-05   2.3191E-05 / 3.7136E-05   
1490   2.940E-03   2.2861E-05   3.6834E-05   2.2824E-05 / 3.6782E-05   
1500   2.940E-03   2.6366E-05   3.8808E-05   2.6286E-05 / 3.8738E-05   
1510   2.940E-03   2.2099E-05   3.7899E-05   2.1606E-05 / 3.7469E-05   
1520   2.940E-03   2.4627E-05   3.8232E-05   2.4579E-05 / 3.8208E-05   
1530   2.940E-03   2.1804E-05   3.5339E-05   2.1725E-05 / 3.5294E-05   
1540   2.940E-03   2.8386E-05   4.0546E-05   2.8365E-05 / 4.0541E-05   
1550   2.940E-03   2.3928E-05   3.9062E-05   2.3202E-05 / 3.8414E-05   
1560   2.940E-03   2.5270E-05   3.9089E-05   2.3940E-05 / 3.7871E-05   
1570   2.940E-03   2.0361E-05   3.5578E-05   2.0329E-05 / 3.5572E-05   
1580   2.940E-03   2.1881E-05   3.6264E-05   2.1848E-05 / 3.6258E-05   
1590   2.940E-03   2.1285E-05   3.3540E-05   2.1263E-05 / 3.3517E-05   
1600   2.940E-03   2.0540E-05   3.5105E-05   2.0528E-05 / 3.5104E-05   
1610   2.940E-03   2.9604E-05   4.4490E-05   2.9401E-05 / 4.4358E-05   
1620   2.940E-03   2.0873E-05   3.4616E-05   2.0782E-05 / 3.4535E-05   
1630   2.940E-03   2.1318E-05   3.3027E-05   2.1158E-05 / 3.2931E-05   
1640   2.940E-03   2.8523E-05   3.9283E-05   2.8352E-05 / 3.9175E-05   
1650   2.940E-03   2.1211E-05   3.5258E-05   2.1211E-05 / 3.5258E-05   
1660   2.940E-03   2.0732E-05   3.4243E-05   2.0732E-05 / 3.4243E-05   
1670   2.940E-03   1.9864E-05   3.3297E-05   1.9588E-05 / 3.3075E-05   
1680   2.940E-03   2.0015E-05   3.4100E-05   1.9755E-05 / 3.3878E-05   
1690   2.940E-03   3.2238E-05   4.9966E-05   3.2237E-05 / 4.9966E-05   
1700   2.940E-03   2.4002E-05   3.6374E-05   2.3826E-05 / 3.6218E-05   
1710   2.940E-03   1.9988E-05   3.2494E-05   1.9445E-05 / 3.1969E-05   
1720   2.940E-03   1.9895E-05   3.4825E-05   1.9806E-05 / 3.4748E-05   
1730   2.940E-03   1.8454E-05   3.1411E-05   1.8119E-05 / 3.1084E-05   
1740   2.940E-03   2.2081E-05   3.5417E-05   2.2076E-05 / 3.5417E-05   
1750   2.940E-03   1.8720E-05   3.3345E-05   1.8717E-05 / 3.3345E-05   
1760   2.940E-03   4.5487E-05   5.8743E-05   4.5444E-05 / 5.8688E-05   
1770   2.940E-03   2.9746E-05   4.6313E-05   2.9622E-05 / 4.6172E-05   
1780   2.940E-03   1.8214E-05   3.1257E-05   1.8208E-05 / 3.1257E-05   
1790   2.940E-03   1.7354E-05   3.0986E-05   1.6981E-05 / 3.0597E-05   
1800   2.940E-03   1.9358E-05   3.1295E-05   1.9327E-05 / 3.1243E-05   
1810   2.940E-03   1.7539E-05   3.0530E-05   1.7282E-05 / 3.0241E-05   
1820   2.940E-03   3.0749E-05   4.0780E-05   3.0614E-05 / 4.0605E-05   
1830   2.940E-03   1.7946E-05   3.1322E-05   1.7726E-05 / 3.1059E-05   
1840   2.940E-03   2.0116E-05   3.5152E-05   1.9750E-05 / 3.4719E-05   
1850   2.940E-03   1.8294E-05   3.1836E-05   1.7935E-05 / 3.1409E-05   
1860   2.940E-03   1.7485E-05   3.0150E-05   1.7164E-05 / 2.9784E-05   
1870   2.940E-03   2.6255E-05   4.1549E-05   2.6235E-05 / 4.1508E-05   
1880   2.940E-03   2.4635E-05   3.8673E-05   2.4635E-05 / 3.8673E-05   
1890   2.940E-03   1.9264E-05   3.1256E-05   1.9238E-05 / 3.1204E-05   
1900   2.940E-03   1.6584E-05   3.0342E-05   1.6561E-05 / 3.0301E-05   
1910   2.940E-03   2.6664E-05   3.9733E-05   2.6368E-05 / 3.9414E-05   
1920   2.940E-03   1.9422E-05   3.0879E-05   1.9380E-05 / 3.0806E-05   
1930   2.940E-03   1.5872E-05   2.9390E-05   1.5526E-05 / 2.8986E-05   
1940   2.940E-03   1.5915E-05   2.9328E-05   1.5911E-05 / 2.9319E-05   
1950   2.940E-03   1.5909E-05   2.9402E-05   1.5623E-05 / 2.9083E-05   
1960   2.940E-03   1.6595E-05   2.9773E-05   1.5813E-05 / 2.8984E-05   
1970   2.940E-03   1.9023E-05   3.1607E-05   1.7063E-05 / 2.9762E-05   
1980   2.940E-03   1.5535E-05   2.9541E-05   1.5187E-05 / 2.9164E-05   
1990   2.940E-03   1.8075E-05   3.0537E-05   1.7657E-05 / 3.0098E-05   
2000   2.940E-03   1.5704E-05   2.9420E-05   1.5484E-05 / 2.9174E-05   
2010   2.940E-03   1.6131E-05   2.9888E-05   1.6131E-05 / 2.9888E-05   
2020   2.940E-03   2.0048E-05   3.1507E-05   2.0004E-05 / 3.1457E-05   
2030   2.940E-03   2.6732E-05   4.7335E-05   2.6704E-05 / 4.7303E-05   
2040   2.940E-03   2.0044E-05   3.3292E-05   1.9143E-05 / 3.2448E-05   
2050   2.940E-03   1.4675E-05   2.8591E-05   1.4544E-05 / 2.8458E-05   
2060   2.940E-03   1.7094E-05   2.8271E-05   1.7051E-05 / 2.8214E-05   
2070   2.940E-03   1.5952E-05   2.9966E-05   1.5857E-05 / 2.9880E-05   
2080   2.940E-03   1.6692E-05   3.1514E-05   1.6622E-05 / 3.1488E-05   
2090   2.940E-03   1.5436E-05   2.8150E-05   1.5384E-05 / 2.8115E-05   
2100   2.940E-03   2.4023E-05   3.7507E-05   2.3947E-05 / 3.7435E-05   
2110   2.940E-03   1.7020E-05   3.1372E-05   1.5819E-05 / 3.0279E-05   
2120   2.940E-03   1.7213E-05   2.9914E-05   1.6910E-05 / 2.9653E-05   
2130   2.940E-03   1.5680E-05   2.7417E-05   1.5602E-05 / 2.7358E-05   
2140   2.940E-03   1.4947E-05   2.8207E-05   1.4283E-05 / 2.7596E-05   
2150   2.940E-03   1.5806E-05   2.9163E-05   1.5213E-05 / 2.8578E-05   
2160   2.940E-03   1.7385E-05   3.1295E-05   1.7329E-05 / 3.1253E-05   
2170   2.940E-03   2.3890E-05   4.1376E-05   2.3889E-05 / 4.1376E-05   
2180   2.940E-03   2.0099E-05   3.4228E-05   2.0091E-05 / 3.4228E-05   
2190   2.940E-03   1.4026E-05   2.7192E-05   1.4026E-05 / 2.7192E-05   
2200   2.940E-03   1.6628E-05   3.0045E-05   1.4934E-05 / 2.8367E-05   
2210   2.940E-03   1.6234E-05   2.8885E-05   1.5087E-05 / 2.7741E-05   
2220   2.940E-03   1.4940E-05   2.8652E-05   1.4932E-05 / 2.8640E-05   
2230   2.940E-03   1.5550E-05   2.9094E-05   1.5088E-05 / 2.8630E-05   
2240   2.940E-03   1.4180E-05   2.7194E-05   1.4016E-05 / 2.7095E-05   
2250   2.940E-03   1.5842E-05   2.9956E-05   1.5817E-05 / 2.9954E-05   
2260   2.940E-03   2.0461E-05   3.3478E-05   1.6963E-05 / 2.9974E-05   
2270   2.940E-03   1.3896E-05   2.6235E-05   1.3880E-05 / 2.6221E-05   
2280   2.940E-03   1.5272E-05   2.9853E-05   1.5030E-05 / 2.9687E-05   
2290   2.940E-03   1.4447E-05   2.8416E-05   1.4215E-05 / 2.8256E-05   
2300   2.940E-03   1.6452E-05   3.2979E-05   1.6452E-05 / 3.2979E-05   
2310   2.940E-03   1.2861E-05   2.6027E-05   1.2667E-05 / 2.5888E-05   
2320   2.940E-03   1.3478E-05   2.8471E-05   1.3425E-05 / 2.8409E-05   
2330   2.940E-03   1.3423E-05   2.6646E-05   1.3413E-05 / 2.6644E-05   
2340   2.940E-03   1.3339E-05   2.8170E-05   1.2899E-05 / 2.7793E-05   
2350   2.940E-03   1.3244E-05   2.7223E-05   1.2611E-05 / 2.6642E-05   
2360   2.940E-03   1.5194E-05   2.9335E-05   1.5194E-05 / 2.9335E-05   
2370   2.940E-03   1.3862E-05   2.9571E-05   1.3288E-05 / 2.9046E-05   
2380   2.940E-03   1.5885E-05   2.7794E-05   1.5831E-05 / 2.7781E-05   
2390   2.940E-03   2.2240E-05   3.3903E-05   2.1610E-05 / 3.3250E-05   
2400   2.940E-03   1.3584E-05   2.8555E-05   1.3582E-05 / 2.8553E-05   
2410   2.940E-03   1.5489E-05   3.2600E-05   1.5438E-05 / 3.2551E-05   
2420   2.940E-03   1.2727E-05   2.6160E-05   1.2617E-05 / 2.6065E-05   
2430   2.940E-03   1.4500E-05   2.8011E-05   1.4500E-05 / 2.8011E-05   
2440   2.940E-03   1.8676E-05   3.3176E-05   1.8467E-05 / 3.2956E-05   
2450   2.940E-03   1.2001E-05   2.7061E-05   1.1956E-05 / 2.7013E-05   
2460   2.940E-03   1.4776E-05   2.6678E-05   1.4776E-05 / 2.6678E-05   
2470   2.940E-03   1.3026E-05   2.7469E-05   1.3026E-05 / 2.7469E-05   
2480   2.940E-03   1.3157E-05   2.8284E-05   1.3096E-05 / 2.8207E-05   
2490   2.940E-03   1.9346E-05   3.5400E-05   1.9344E-05 / 3.5400E-05   
2500   2.940E-03   1.2451E-05   2.7651E-05   1.2438E-05 / 2.7632E-05   
2510   2.940E-03   1.5587E-05   2.9480E-05   1.5526E-05 / 2.9399E-05   
2520   2.940E-03   1.3329E-05   2.7356E-05   1.3256E-05 / 2.7270E-05   
2530   2.940E-03   1.7054E-05   3.1595E-05   1.6657E-05 / 3.1179E-05   
2540   2.940E-03   1.1772E-05   2.5151E-05   1.1674E-05 / 2.5027E-05   
2550   2.940E-03   1.2454E-05   2.7586E-05   1.2237E-05 / 2.7319E-05   
2560   2.940E-03   1.2899E-05   2.7812E-05   1.2226E-05 / 2.7127E-05   
2570   2.940E-03   1.4373E-05   3.0116E-05   1.3399E-05 / 2.9123E-05   
2580   2.940E-03   1.3232E-05   2.8118E-05   1.3118E-05 / 2.8030E-05   
2590   2.940E-03   1.4538E-05   2.9299E-05   1.3634E-05 / 2.8413E-05   
2600   2.940E-03   1.5617E-05   2.7793E-05   1.5476E-05 / 2.7622E-05   
2610   2.940E-03   1.1723E-05   2.6037E-05   1.1686E-05 / 2.5978E-05   
2620   2.940E-03   1.1902E-05   2.6863E-05   1.1749E-05 / 2.6707E-05   
2630   2.940E-03   1.0824E-05   2.5687E-05   1.0822E-05 / 2.5682E-05   
2640   2.940E-03   1.1742E-05   2.5910E-05   1.1742E-05 / 2.5910E-05   
2650   2.940E-03   1.5803E-05   2.9883E-05   1.5759E-05 / 2.9810E-05   
2660   2.940E-03   1.2112E-05   2.6396E-05   1.2043E-05 / 2.6290E-05   
2670   2.940E-03   1.3001E-05   2.9323E-05   1.2794E-05 / 2.9072E-05   
2680   2.940E-03   1.1820E-05   2.8244E-05   1.1479E-05 / 2.7867E-05   
2690   2.940E-03   1.5636E-05   2.9056E-05   1.5536E-05 / 2.8909E-05   
2700   2.940E-03   1.1919E-05   2.5895E-05   1.1916E-05 / 2.5888E-05   
2710   2.940E-03   1.3772E-05   3.1602E-05   1.3772E-05 / 3.1602E-05   
2720   2.940E-03   1.2626E-05   2.6432E-05   1.2625E-05 / 2.6432E-05   
2730   2.940E-03   1.1477E-05   2.6062E-05   1.1474E-05 / 2.6058E-05   
2740   2.940E-03   1.0608E-05   2.5008E-05   1.0608E-05 / 2.5008E-05   
2750   2.940E-03   1.3402E-05   2.7427E-05   1.3157E-05 / 2.7177E-05   
2760   2.940E-03   1.1262E-05   2.6505E-05   1.1193E-05 / 2.6399E-05   
2770   2.940E-03   1.1896E-05   2.5383E-05   1.1893E-05 / 2.5374E-05   
2780   2.940E-03   1.4204E-05   3.1117E-05   1.4193E-05 / 3.1102E-05   
2790   2.940E-03   1.7490E-05   3.1599E-05   1.7489E-05 / 3.1596E-05   
2800   2.940E-03   1.5730E-05   3.0457E-05   1.5703E-05 / 3.0412E-05   
2810   2.940E-03   1.2513E-05   2.7869E-05   1.2508E-05 / 2.7856E-05   
2820   2.940E-03   1.0528E-05   2.5745E-05   1.0515E-05 / 2.5721E-05   
2830   2.940E-03   1.1084E-05   2.7142E-05   1.1083E-05 / 2.7138E-05   
2840   2.940E-03   1.2421E-05   2.8802E-05   1.2326E-05 / 2.8682E-05   
2850   2.940E-03   1.1942E-05   2.6566E-05   1.1859E-05 / 2.6477E-05   
2860   2.940E-03   1.2107E-05   2.7468E-05   1.2107E-05 / 2.7468E-05   
2870   2.940E-03   1.1059E-05   2.6482E-05   1.1059E-05 / 2.6482E-05   
2880   2.940E-03   1.0964E-05   2.7370E-05   1.0897E-05 / 2.7297E-05   
2890   2.940E-03   1.0702E-05   2.4147E-05   1.0702E-05 / 2.4147E-05   
2900   2.940E-03   1.2984E-05   2.8564E-05   1.2984E-05 / 2.8564E-05   
2910   2.940E-03   1.1552E-05   2.6759E-05   1.1433E-05 / 2.6629E-05   
2920   2.940E-03   9.8706E-06   2.4227E-05   9.7019E-06 / 2.4044E-05   
2930   2.940E-03   1.3010E-05   2.7737E-05   1.2831E-05 / 2.7547E-05   
2940   2.940E-03   1.1885E-05   2.8299E-05   1.1884E-05 / 2.8294E-05   
2950   2.940E-03   9.7737E-06   2.5050E-05   9.4580E-06 / 2.4732E-05   
2960   2.940E-03   1.0675E-05   2.4742E-05   1.0674E-05 / 2.4742E-05   
2970   2.940E-03   1.0087E-05   2.3558E-05   9.9403E-06 / 2.3427E-05   
2980   2.940E-03   9.3308E-06   2.3345E-05   9.2314E-06 / 2.3267E-05   
2990   2.940E-03   1.1447E-05   2.7189E-05   1.1440E-05 / 2.7188E-05   
3000   2.940E-03   9.9934E-06   2.3827E-05   9.9922E-06 / 2.3827E-05   
3010   2.940E-03   9.9159E-06   2.6785E-05   9.8406E-06 / 2.6727E-05   
3020   2.940E-03   1.1790E-05   2.8523E-05   1.1622E-05 / 2.8379E-05   
3030   2.940E-03   1.0337E-05   2.5057E-05   9.9583E-06 / 2.4692E-05   
3040   2.940E-03   9.9699E-06   2.5106E-05   9.6737E-06 / 2.4830E-05   
3050   2.940E-03   9.8461E-06   2.4014E-05   9.7759E-06 / 2.3958E-05   
3060   2.940E-03   1.4392E-05   2.7421E-05   1.4290E-05 / 2.7340E-05   
3070   2.940E-03   1.5842E-05   3.0193E-05   1.5841E-05 / 3.0191E-05   
3080   2.940E-03   1.1185E-05   2.5140E-05   1.1154E-05 / 2.5133E-05   
3090   2.940E-03   1.0772E-05   2.5406E-05   1.0567E-05 / 2.5233E-05   
3100   2.940E-03   1.2526E-05   2.7358E-05   1.2114E-05 / 2.6976E-05   
3110   2.940E-03   1.2958E-05   2.6916E-05   1.1495E-05 / 2.5351E-05   
3120   2.940E-03   1.0938E-05   2.5488E-05   1.0478E-05 / 2.5056E-05   
3130   2.940E-03   9.4465E-06   2.4702E-05   9.4230E-06 / 2.4693E-05   
3140   2.940E-03   1.0751E-05   2.7680E-05   1.0030E-05 / 2.6960E-05   
3150   2.940E-03   9.2138E-06   2.2752E-05   8.7900E-06 / 2.2350E-05   
3160   2.940E-03   1.1919E-05   2.6659E-05   1.1908E-05 / 2.6647E-05   
3170   2.940E-03   1.0162E-05   2.4643E-05   1.0162E-05 / 2.4643E-05   
3180   2.940E-03   9.5518E-06   2.4338E-05   9.4198E-06 / 2.4242E-05   
3190   2.940E-03   8.8210E-06   2.3232E-05   8.8210E-06 / 2.3232E-05   
3200   2.940E-03   1.5704E-05   2.8262E-05   1.5694E-05 / 2.8252E-05   
3210   2.940E-03   1.2849E-05   2.5590E-05   1.2849E-05 / 2.5590E-05   
3220   2.940E-03   9.1120E-06   2.2960E-05   9.0906E-06 / 2.2950E-05   
3230   2.940E-03   9.3688E-06   2.3189E-05   9.0625E-06 / 2.2934E-05   
3240   2.940E-03   9.0149E-06   2.3311E-05   8.8390E-06 / 2.3183E-05   
3250   2.940E-03   8.2995E-06   2.2725E-05   8.1524E-06 / 2.2619E-05   
3260   2.940E-03   8.3106E-06   2.3137E-05   8.2393E-06 / 2.3082E-05   
3270   2.940E-03   8.7537E-06   2.4451E-05   8.5667E-06 / 2.4309E-05   
3280   2.940E-03   9.7482E-06   2.4323E-05   9.7481E-06 / 2.4323E-05   
3290   2.940E-03   1.1351E-05   2.3579E-05   1.1351E-05 / 2.3579E-05   
3300   2.940E-03   9.7727E-06   2.3370E-05   9.5358E-06 / 2.3176E-05   
3310   2.940E-03   9.2305E-06   2.3582E-05   8.8282E-06 / 2.3221E-05   
3320   2.940E-03   1.2107E-05   2.8154E-05   1.1531E-05 / 2.7606E-05   
3330   2.940E-03   1.2171E-05   2.7392E-05   1.2171E-05 / 2.7392E-05   
3340   2.940E-03   1.0740E-05   2.3564E-05   1.0695E-05 / 2.3528E-05   
3350   2.940E-03   2.0060E-05   3.6714E-05   1.8859E-05 / 3.5483E-05   
3360   2.940E-03   9.8151E-06   2.5762E-05   9.8151E-06 / 2.5762E-05   
3370   2.940E-03   8.0004E-06   2.3045E-05   8.0004E-06 / 2.3045E-05   
3380   2.940E-03   7.9453E-06   2.4022E-05   7.9109E-06 / 2.3994E-05   
3390   2.940E-03   9.9241E-06   2.4622E-05   8.2870E-06 / 2.3007E-05   
3400   2.940E-03   7.5677E-06   2.2725E-05   7.4208E-06 / 2.2599E-05   
3410   2.940E-03   1.5527E-05   3.0693E-05   1.5525E-05 / 3.0692E-05   
3420   2.940E-03   8.4280E-06   2.3368E-05   8.4280E-06 / 2.3368E-05   
3430   2.940E-03   8.2781E-06   2.2296E-05   8.1563E-06 / 2.2177E-05   
3440   2.940E-03   8.2728E-06   2.3184E-05   8.2538E-06 / 2.3165E-05   
3450   2.940E-03   7.9753E-06   2.2258E-05   7.9678E-06 / 2.2250E-05   
3460   2.940E-03   1.0242E-05   2.4140E-05   1.0220E-05 / 2.4114E-05   
3470   2.940E-03   8.3879E-06   2.4010E-05   8.3801E-06 / 2.4002E-05   
3480   2.940E-03   1.1468E-05   2.7624E-05   1.1460E-05 / 2.7615E-05   
3490   2.940E-03   1.1991E-05   2.8003E-05   1.1932E-05 / 2.7944E-05   
3500   2.940E-03   9.2802E-06   2.3657E-05   8.8995E-06 / 2.3314E-05   
3510   2.940E-03   7.9532E-06   2.2749E-05   7.9245E-06 / 2.2721E-05   
3520   2.940E-03   1.5554E-05   3.0713E-05   1.5311E-05 / 3.0479E-05   
3530   2.940E-03   7.3642E-06   2.2403E-05   7.3202E-06 / 2.2349E-05   
3540   2.940E-03   7.6987E-06   2.2345E-05   7.6933E-06 / 2.2335E-05   
3550   2.940E-03   8.8509E-06   2.3332E-05   8.8509E-06 / 2.3332E-05   
3560   2.940E-03   9.3826E-06   2.3757E-05   9.3826E-06 / 2.3757E-05   
3570   2.940E-03   9.1256E-06   2.3088E-05   9.1256E-06 / 2.3088E-05   
3580   2.940E-03   7.2260E-06   2.1858E-05   7.1436E-06 / 2.1763E-05   
3590   2.940E-03   9.1760E-06   2.5098E-05   9.1760E-06 / 2.5098E-05   
3600   2.940E-03   1.0845E-05   2.5510E-05   1.0843E-05 / 2.5508E-05   
3610   2.940E-03   8.0239E-06   2.4010E-05   7.9065E-06 / 2.3868E-05   
3620   2.940E-03   9.7575E-06   2.6045E-05   9.7575E-06 / 2.6045E-05   
3630   2.940E-03   9.9047E-06   2.7591E-05   9.8751E-06 / 2.7562E-05   
3640   2.940E-03   9.5875E-06   2.6145E-05   9.5875E-06 / 2.6145E-05   
3650   2.940E-03   7.6658E-06   2.2523E-05   7.6513E-06 / 2.2501E-05   
3660   2.940E-03   9.0170E-06   2.4036E-05   8.9415E-06 / 2.3922E-05   
3670   2.940E-03   7.2883E-06   2.1864E-05   7.2847E-06 / 2.1861E-05   
3680   2.940E-03   7.1360E-06   2.2959E-05   6.7763E-06 / 2.2607E-05   
3690   2.940E-03   7.5151E-06   2.2646E-05   7.2356E-06 / 2.2359E-05   
3700   2.940E-03   7.9700E-06   2.0901E-05   7.8641E-06 / 2.0764E-05   
3710   2.940E-03   7.4515E-06   2.2183E-05   7.3763E-06 / 2.2091E-05   
3720   2.940E-03   7.0693E-06   2.1253E-05   6.8097E-06 / 2.0982E-05   
3730   2.940E-03   6.9577E-06   2.2006E-05   6.9298E-06 / 2.1977E-05   
3740   2.940E-03   8.7633E-06   2.3835E-05   7.9967E-06 / 2.3155E-05   
3750   2.940E-03   1.0284E-05   2.3789E-05   1.0232E-05 / 2.3707E-05   
3760   2.940E-03   6.9724E-06   2.1363E-05   6.9364E-06 / 2.1303E-05   
3770   2.940E-03   7.1915E-06   2.2240E-05   7.1882E-06 / 2.2230E-05   
3780   2.940E-03   9.4628E-06   2.3493E-05   9.4628E-06 / 2.3493E-05   
3790   2.940E-03   8.1259E-06   2.3168E-05   8.1259E-06 / 2.3168E-05   
3800   2.940E-03   1.2702E-05   2.6405E-05   1.2494E-05 / 2.6151E-05   
3810   2.940E-03   8.9328E-06   2.3803E-05   8.0947E-06 / 2.2981E-05   
3820   2.940E-03   7.4692E-06   2.3084E-05   6.6109E-06 / 2.2270E-05   
3830   2.940E-03   6.9740E-06   2.1904E-05   6.9740E-06 / 2.1904E-05   
BEST MODEL
===============================================================================================================
3569   2.940E-03   8.7618E-06   2.0761E-05   8.5942E-06 / 2.0582E-05   
===============================================================================================================
Saved model to /home/nikki/kan/kanTBNN/models/multi_run/kan_experiment_159_opt/kanTBNN-24Nov08_12:57:23.pickle
