========== Dataset info ==========
Dataset params: {'file': '/home/nikki/kan/data/turbulence_dataset_clean.csv', 'Cases': ['fp_1000', 'fp_1410', 'fp_2000', 'fp_2540', 'fp_3030', 'fp_3270', 'fp_3630', 'fp_3970', 'fp_4060'], 'val_set': ['fp_3030', 'fp_1410', 'fp_4060'], 'test_set': ['fp_3630'], 'data_loader': <class 'tbnn.dataloaders.aDataset'>}
Train/Valid/Test points: 760 / 468 / 168
Memorization?: False
Cluster training?: False
EPOCH     LR        TRAIN         VALID             MSE:T/V                  RL:T/V             %NR_t/%NR_v
===============================================================================================================
  1   4.023E-03   1.5226E-01   1.4729E-01   1.5226E-01 / 1.4729E-01   
 10   4.023E-03   4.3395E-03   4.0982E-03   4.3392E-03 / 4.0977E-03   
 20   4.023E-03   2.7035E-03   2.5980E-03   2.7025E-03 / 2.5974E-03   
 30   4.023E-03   2.0830E-03   2.0200E-03   2.0817E-03 / 2.0190E-03   
 40   4.023E-03   1.6916E-03   1.6500E-03   1.6902E-03 / 1.6489E-03   
 50   4.023E-03   1.4444E-03   1.4146E-03   1.4434E-03 / 1.4139E-03   
 60   4.023E-03   1.2763E-03   1.2470E-03   1.2758E-03 / 1.2465E-03   
 70   4.023E-03   1.1432E-03   1.1182E-03   1.1423E-03 / 1.1176E-03   
 80   4.023E-03   1.0313E-03   1.0120E-03   1.0304E-03 / 1.0112E-03   
 90   4.023E-03   9.3059E-04   9.1522E-04   9.2943E-04 / 9.1424E-04   
100   4.023E-03   8.4408E-04   8.3693E-04   8.4283E-04 / 8.3592E-04   
110   4.023E-03   7.6603E-04   7.6047E-04   7.6488E-04 / 7.5957E-04   
120   4.023E-03   6.9863E-04   7.0081E-04   6.9772E-04 / 7.0006E-04   
130   4.023E-03   6.3439E-04   6.3958E-04   6.3371E-04 / 6.3903E-04   
140   4.023E-03   5.8784E-04   5.9547E-04   5.8732E-04 / 5.9509E-04   
150   4.023E-03   5.4088E-04   5.5485E-04   5.4041E-04 / 5.5453E-04   
160   4.023E-03   5.0679E-04   5.2435E-04   5.0636E-04 / 5.2400E-04   
170   4.023E-03   4.9309E-04   5.0809E-04   4.9274E-04 / 5.0783E-04   
180   4.023E-03   4.4693E-04   4.8007E-04   4.4668E-04 / 4.7987E-04   
190   4.023E-03   4.2797E-04   4.6147E-04   4.2763E-04 / 4.6111E-04   
200   4.023E-03   4.1477E-04   4.5658E-04   4.1453E-04 / 4.5636E-04   
210   4.023E-03   3.9023E-04   4.3307E-04   3.9003E-04 / 4.3284E-04   
220   4.023E-03   3.7543E-04   4.2567E-04   3.7521E-04 / 4.2545E-04   
230   4.023E-03   3.8002E-04   4.4314E-04   3.7982E-04 / 4.4295E-04   
240   4.023E-03   3.5362E-04   4.0658E-04   3.5350E-04 / 4.0647E-04   
250   4.023E-03   3.3980E-04   3.9133E-04   3.3968E-04 / 3.9125E-04   
260   4.023E-03   3.1804E-04   3.7802E-04   3.1794E-04 / 3.7798E-04   
270   4.023E-03   2.9726E-04   3.5531E-04   2.9719E-04 / 3.5521E-04   
280   4.023E-03   3.0556E-04   3.4623E-04   3.0548E-04 / 3.4605E-04   
290   4.023E-03   3.0870E-04   3.6100E-04   3.0862E-04 / 3.6082E-04   
300   4.023E-03   2.8726E-04   3.5070E-04   2.8714E-04 / 3.5048E-04   
310   4.023E-03   2.7830E-04   3.2728E-04   2.7815E-04 / 3.2708E-04   
320   4.023E-03   2.5628E-04   3.0426E-04   2.5609E-04 / 3.0407E-04   
330   4.023E-03   2.4921E-04   2.8737E-04   2.4912E-04 / 2.8727E-04   
340   4.023E-03   2.3880E-04   2.7656E-04   2.3874E-04 / 2.7650E-04   
350   4.023E-03   2.4715E-04   2.8023E-04   2.4703E-04 / 2.8010E-04   
360   4.023E-03   2.2609E-04   2.5912E-04   2.2587E-04 / 2.5891E-04   
370   4.023E-03   2.1339E-04   2.4866E-04   2.1331E-04 / 2.4857E-04   
380   4.023E-03   2.1015E-04   2.5033E-04   2.1010E-04 / 2.5026E-04   
390   4.023E-03   2.0914E-04   2.4126E-04   2.0900E-04 / 2.4109E-04   
400   4.023E-03   2.4203E-04   2.6593E-04   2.4197E-04 / 2.6587E-04   
410   4.023E-03   2.4593E-04   2.7006E-04   2.4512E-04 / 2.6918E-04   
420   4.023E-03   1.8975E-04   2.1577E-04   1.8961E-04 / 2.1566E-04   
430   4.023E-03   1.7824E-04   2.0925E-04   1.7793E-04 / 2.0899E-04   
440   4.023E-03   1.7448E-04   2.0596E-04   1.7437E-04 / 2.0587E-04   
450   4.023E-03   1.6960E-04   1.9729E-04   1.6930E-04 / 1.9701E-04   
460   4.023E-03   1.6412E-04   1.9651E-04   1.6291E-04 / 1.9542E-04   
470   4.023E-03   1.5899E-04   1.8603E-04   1.5854E-04 / 1.8564E-04   
480   4.023E-03   1.6549E-04   1.8591E-04   1.6472E-04 / 1.8535E-04   
490   4.023E-03   1.5814E-04   1.8496E-04   1.5799E-04 / 1.8485E-04   
500   4.023E-03   2.7213E-04   3.2373E-04   2.7140E-04 / 3.2296E-04   
510   4.023E-03   1.4784E-04   1.8187E-04   1.4772E-04 / 1.8173E-04   
520   4.023E-03   1.5032E-04   1.9099E-04   1.4945E-04 / 1.9005E-04   
530   4.023E-03   1.4393E-04   1.7394E-04   1.4381E-04 / 1.7388E-04   
540   4.023E-03   1.2667E-04   1.5277E-04   1.2659E-04 / 1.5269E-04   
550   4.023E-03   1.2202E-04   1.4965E-04   1.2183E-04 / 1.4945E-04   
560   4.023E-03   1.2199E-04   1.4711E-04   1.2025E-04 / 1.4538E-04   
570   4.023E-03   1.1764E-04   1.4623E-04   1.1763E-04 / 1.4623E-04   
580   4.023E-03   1.2116E-04   1.4552E-04   1.2046E-04 / 1.4483E-04   
590   4.023E-03   1.1846E-04   1.4628E-04   1.1816E-04 / 1.4598E-04   
600   4.023E-03   1.0786E-04   1.3146E-04   1.0779E-04 / 1.3137E-04   
610   4.023E-03   1.3010E-04   1.5192E-04   1.2631E-04 / 1.4871E-04   
620   4.023E-03   2.8880E-04   3.0475E-04   2.8877E-04 / 3.0474E-04   
630   4.023E-03   9.9366E-05   1.2488E-04   9.9309E-05 / 1.2480E-04   
640   4.023E-03   1.1727E-04   1.3043E-04   1.1652E-04 / 1.2960E-04   
650   4.023E-03   9.4750E-05   1.1369E-04   9.4077E-05 / 1.1295E-04   
660   4.023E-03   8.9597E-05   1.1246E-04   8.9342E-05 / 1.1217E-04   
670   4.023E-03   9.0128E-05   1.1657E-04   8.9472E-05 / 1.1589E-04   
680   4.023E-03   8.4319E-05   1.0408E-04   8.4241E-05 / 1.0399E-04   
690   4.023E-03   8.4764E-05   1.0657E-04   8.4097E-05 / 1.0592E-04   
700   4.023E-03   7.9879E-05   9.9199E-05   7.9839E-05 / 9.9161E-05   
710   4.023E-03   1.0348E-04   1.2639E-04   1.0345E-04 / 1.2636E-04   
720   4.023E-03   8.6649E-05   1.0387E-04   8.6630E-05 / 1.0386E-04   
730   4.023E-03   8.5837E-05   1.0506E-04   8.5216E-05 / 1.0441E-04   
740   4.023E-03   8.1821E-05   9.9421E-05   8.1401E-05 / 9.8965E-05   
750   4.023E-03   8.0085E-05   1.0037E-04   7.9691E-05 / 1.0008E-04   
760   4.023E-03   8.5470E-05   1.0348E-04   8.4159E-05 / 1.0209E-04   
770   4.023E-03   7.2912E-05   9.2845E-05   7.0396E-05 / 9.0226E-05   
780   4.023E-03   6.9765E-05   8.7245E-05   6.9509E-05 / 8.6931E-05   
790   4.023E-03   7.4384E-05   9.1038E-05   7.4346E-05 / 9.1015E-05   
800   4.023E-03   8.6617E-05   1.1119E-04   8.5883E-05 / 1.1039E-04   
810   4.023E-03   8.9622E-05   1.0040E-04   8.9412E-05 / 1.0014E-04   
820   4.023E-03   6.8435E-05   8.4491E-05   6.7551E-05 / 8.3551E-05   
830   4.023E-03   7.5380E-05   9.2304E-05   6.7029E-05 / 8.3805E-05   
840   4.023E-03   6.4442E-05   8.0174E-05   6.4311E-05 / 8.0139E-05   
850   4.023E-03   6.1791E-05   7.7561E-05   6.1614E-05 / 7.7439E-05   
860   4.023E-03   6.5754E-05   8.0608E-05   6.5725E-05 / 8.0570E-05   
870   4.023E-03   7.8935E-05   9.2286E-05   7.8434E-05 / 9.1771E-05   
880   4.023E-03   6.9937E-05   8.4346E-05   6.9132E-05 / 8.3518E-05   
890   4.023E-03   6.2671E-05   8.0018E-05   6.2630E-05 / 7.9982E-05   
900   4.023E-03   7.3821E-05   8.8412E-05   7.3811E-05 / 8.8397E-05   
910   4.023E-03   6.3177E-05   7.6273E-05   5.9603E-05 / 7.2527E-05   
920   4.023E-03   5.5314E-05   6.7356E-05   5.4800E-05 / 6.6830E-05   
930   4.023E-03   1.1075E-04   1.2730E-04   1.0963E-04 / 1.2612E-04   
940   4.023E-03   5.7554E-05   7.3123E-05   5.7477E-05 / 7.3043E-05   
950   4.023E-03   7.2177E-05   8.2783E-05   7.1543E-05 / 8.2095E-05   
960   4.023E-03   6.0246E-05   7.4544E-05   5.9449E-05 / 7.3679E-05   
970   4.023E-03   5.3411E-05   6.7657E-05   5.3378E-05 / 6.7618E-05   
980   4.023E-03   4.9908E-05   6.2897E-05   4.9282E-05 / 6.2203E-05   
990   4.023E-03   5.3807E-05   6.7125E-05   5.3807E-05 / 6.7125E-05   
1000   4.023E-03   5.8010E-05   7.0070E-05   5.7783E-05 / 6.9793E-05   
1010   4.023E-03   9.3793E-05   1.0289E-04   9.3523E-05 / 1.0274E-04   
1020   4.023E-03   9.8876E-05   1.1391E-04   9.7506E-05 / 1.1244E-04   
1030   4.023E-03   7.2669E-05   9.0891E-05   7.0686E-05 / 8.8816E-05   
1040   4.023E-03   4.7118E-05   5.8137E-05   4.7115E-05 / 5.8134E-05   
1050   4.023E-03   4.5297E-05   5.7227E-05   4.4135E-05 / 5.6000E-05   
1060   4.023E-03   4.3772E-05   5.5028E-05   4.3581E-05 / 5.4800E-05   
1070   4.023E-03   4.7487E-05   5.8661E-05   4.6482E-05 / 5.7602E-05   
1080   4.023E-03   6.0195E-05   7.2363E-05   5.9525E-05 / 7.1660E-05   
1090   4.023E-03   4.5292E-05   5.9098E-05   4.5210E-05 / 5.9033E-05   
1100   4.023E-03   6.0796E-05   7.3687E-05   5.6175E-05 / 6.8928E-05   
1110   4.023E-03   4.4197E-05   5.8270E-05   4.4020E-05 / 5.8106E-05   
1120   4.023E-03   8.3029E-05   8.9998E-05   8.2941E-05 / 8.9981E-05   
1130   4.023E-03   3.9360E-05   5.0082E-05   3.9246E-05 / 5.0026E-05   
1140   4.023E-03   4.0890E-05   5.2620E-05   3.9337E-05 / 5.0975E-05   
1150   4.023E-03   3.7187E-05   4.9684E-05   3.6983E-05 / 4.9482E-05   
1160   4.023E-03   4.8354E-05   5.9725E-05   4.8353E-05 / 5.9725E-05   
1170   4.023E-03   4.1517E-05   5.2742E-05   4.0255E-05 / 5.1395E-05   
1180   4.023E-03   8.9457E-05   1.0103E-04   8.9457E-05 / 1.0103E-04   
1190   4.023E-03   4.6464E-05   5.7083E-05   4.5605E-05 / 5.6245E-05   
1200   4.023E-03   3.8248E-05   5.2441E-05   3.7517E-05 / 5.1638E-05   
1210   4.023E-03   3.5523E-05   4.8728E-05   3.5349E-05 / 4.8506E-05   
1220   4.023E-03   3.3408E-05   4.6741E-05   3.3375E-05 / 4.6719E-05   
1230   4.023E-03   3.3597E-05   4.7365E-05   3.3523E-05 / 4.7265E-05   
1240   4.023E-03   3.7192E-05   4.8795E-05   3.6977E-05 / 4.8528E-05   
1250   4.023E-03   3.4247E-05   4.7352E-05   3.3578E-05 / 4.6593E-05   
1260   4.023E-03   5.4772E-05   7.0508E-05   5.3579E-05 / 6.9376E-05   
1270   4.023E-03   5.5181E-05   7.0098E-05   5.4719E-05 / 6.9665E-05   
1280   4.023E-03   3.5242E-05   4.8609E-05   3.5055E-05 / 4.8409E-05   
1290   4.023E-03   3.3160E-05   4.6933E-05   3.2447E-05 / 4.6170E-05   
1300   4.023E-03   5.8565E-05   6.6785E-05   5.8347E-05 / 6.6671E-05   
1310   4.023E-03   3.0275E-05   4.3082E-05   3.0129E-05 / 4.2920E-05   
1320   4.023E-03   2.9242E-05   4.2629E-05   2.8977E-05 / 4.2356E-05   
1330   4.023E-03   3.2592E-05   4.2705E-05   3.2592E-05 / 4.2705E-05   
1340   4.023E-03   3.0251E-05   4.2146E-05   3.0250E-05 / 4.2146E-05   
1350   4.023E-03   3.1896E-05   4.4933E-05   3.1761E-05 / 4.4809E-05   
1360   4.023E-03   5.4524E-05   6.8869E-05   5.4360E-05 / 6.8724E-05   
1370   4.023E-03   2.8608E-05   4.0715E-05   2.8351E-05 / 4.0486E-05   
1380   4.023E-03   2.8961E-05   4.0429E-05   2.8959E-05 / 4.0429E-05   
1390   4.023E-03   2.9106E-05   4.1187E-05   2.8941E-05 / 4.1052E-05   
1400   4.023E-03   3.4234E-05   4.5017E-05   3.4124E-05 / 4.4928E-05   
1410   4.023E-03   6.5566E-05   8.5743E-05   6.4958E-05 / 8.5147E-05   
1420   4.023E-03   2.6716E-05   3.8973E-05   2.6570E-05 / 3.8847E-05   
1430   4.023E-03   4.0069E-05   5.1449E-05   3.9985E-05 / 5.1401E-05   
1440   4.023E-03   3.4043E-05   4.2572E-05   3.4039E-05 / 4.2572E-05   
1450   4.023E-03   3.1340E-05   4.1441E-05   3.0037E-05 / 4.0084E-05   
1460   4.023E-03   2.6397E-05   4.0595E-05   2.6263E-05 / 4.0459E-05   
1470   4.023E-03   6.0607E-05   6.9254E-05   6.0335E-05 / 6.8992E-05   
1480   4.023E-03   3.2584E-05   4.4279E-05   3.2220E-05 / 4.4070E-05   
1490   4.023E-03   2.5264E-05   3.7788E-05   2.5002E-05 / 3.7501E-05   
1500   4.023E-03   2.4137E-05   3.7019E-05   2.3873E-05 / 3.6727E-05   
1510   4.023E-03   2.3708E-05   3.7703E-05   2.3673E-05 / 3.7659E-05   
1520   4.023E-03   2.5159E-05   3.8301E-05   2.4630E-05 / 3.7730E-05   
1530   4.023E-03   3.0222E-05   4.4129E-05   2.9438E-05 / 4.3301E-05   
1540   4.023E-03   2.4171E-05   3.6091E-05   2.3995E-05 / 3.5879E-05   
1550   4.023E-03   2.9100E-05   4.0076E-05   2.9095E-05 / 4.0070E-05   
1560   4.023E-03   2.5497E-05   3.9037E-05   2.5473E-05 / 3.9003E-05   
1570   4.023E-03   2.4631E-05   3.5692E-05   2.4623E-05 / 3.5672E-05   
1580   4.023E-03   2.1942E-05   3.4173E-05   2.1853E-05 / 3.4045E-05   
1590   4.023E-03   2.5784E-05   3.7054E-05   2.5775E-05 / 3.7042E-05   
1600   4.023E-03   2.2936E-05   3.6241E-05   2.2862E-05 / 3.6135E-05   
1610   4.023E-03   2.4701E-05   3.6011E-05   2.3831E-05 / 3.5123E-05   
1620   4.023E-03   3.1693E-05   4.5803E-05   3.1693E-05 / 4.5803E-05   
1630   4.023E-03   2.4022E-05   3.8471E-05   2.3046E-05 / 3.7488E-05   
1640   4.023E-03   2.0521E-05   3.2884E-05   2.0493E-05 / 3.2845E-05   
1650   4.023E-03   2.1837E-05   3.4854E-05   2.1795E-05 / 3.4797E-05   
1660   4.023E-03   2.5233E-05   4.0532E-05   2.5233E-05 / 4.0532E-05   
1670   4.023E-03   2.6987E-05   4.2824E-05   2.6986E-05 / 4.2822E-05   
1680   4.023E-03   2.2301E-05   3.4879E-05   2.1329E-05 / 3.3884E-05   
1690   4.023E-03   2.4808E-05   3.6352E-05   2.4743E-05 / 3.6281E-05   
1700   4.023E-03   2.1264E-05   3.4801E-05   2.1264E-05 / 3.4801E-05   
1710   4.023E-03   2.3202E-05   3.6463E-05   2.3202E-05 / 3.6463E-05   
1720   4.023E-03   2.9522E-05   4.3384E-05   2.9451E-05 / 4.3319E-05   
1730   4.023E-03   2.2224E-05   3.4208E-05   2.2130E-05 / 3.4119E-05   
1740   4.023E-03   2.1487E-05   3.6665E-05   2.1486E-05 / 3.6664E-05   
1750   4.023E-03   2.0710E-05   3.5215E-05   2.0585E-05 / 3.5140E-05   
1760   4.023E-03   2.0034E-05   3.2184E-05   1.9855E-05 / 3.2028E-05   
1770   4.023E-03   2.6077E-05   3.8768E-05   2.6077E-05 / 3.8768E-05   
1780   4.023E-03   1.9098E-05   3.2416E-05   1.8656E-05 / 3.1985E-05   
1790   4.023E-03   1.8809E-05   3.2805E-05   1.8576E-05 / 3.2598E-05   
1800   4.023E-03   3.2995E-05   3.9072E-05   3.2964E-05 / 3.9057E-05   
1810   4.023E-03   2.1555E-05   3.7811E-05   2.0402E-05 / 3.6654E-05   
1820   4.023E-03   2.1417E-05   3.5582E-05   2.1381E-05 / 3.5562E-05   
1830   4.023E-03   3.4402E-05   4.4662E-05   3.4381E-05 / 4.4641E-05   
1840   4.023E-03   2.0137E-05   3.2894E-05   2.0048E-05 / 3.2839E-05   
1850   4.023E-03   1.8254E-05   3.2850E-05   1.8150E-05 / 3.2785E-05   
1860   4.023E-03   6.2658E-05   8.0662E-05   6.1788E-05 / 7.9787E-05   
1870   4.023E-03   1.9169E-05   3.2631E-05   1.9130E-05 / 3.2613E-05   
1880   4.023E-03   2.0506E-05   3.6904E-05   2.0461E-05 / 3.6882E-05   
1890   4.023E-03   1.9434E-05   3.4081E-05   1.8570E-05 / 3.3248E-05   
1900   4.023E-03   1.9229E-05   3.1958E-05   1.8820E-05 / 3.1689E-05   
1910   4.023E-03   1.7878E-05   3.1468E-05   1.7765E-05 / 3.1392E-05   
1920   4.023E-03   1.7152E-05   3.0022E-05   1.7149E-05 / 3.0021E-05   
1930   4.023E-03   1.8487E-05   3.4448E-05   1.8472E-05 / 3.4442E-05   
1940   4.023E-03   1.9456E-05   3.3824E-05   1.9445E-05 / 3.3819E-05   
1950   4.023E-03   1.9515E-05   3.4155E-05   1.8902E-05 / 3.3583E-05   
1960   4.023E-03   2.7443E-05   3.6297E-05   2.4945E-05 / 3.3842E-05   
1970   4.023E-03   1.6953E-05   3.1112E-05   1.6814E-05 / 3.1004E-05   
1980   4.023E-03   1.9309E-05   3.3212E-05   1.8812E-05 / 3.2762E-05   
1990   4.023E-03   1.7183E-05   3.2121E-05   1.7095E-05 / 3.2055E-05   
2000   4.023E-03   1.7904E-05   3.2129E-05   1.7851E-05 / 3.2091E-05   
2010   4.023E-03   2.0805E-05   3.6598E-05   1.8367E-05 / 3.4272E-05   
2020   4.023E-03   1.6391E-05   3.2054E-05   1.6380E-05 / 3.2044E-05   
2030   4.023E-03   1.9711E-05   3.7199E-05   1.8473E-05 / 3.6049E-05   
2040   4.023E-03   1.7877E-05   3.3863E-05   1.7820E-05 / 3.3809E-05   
2050   4.023E-03   1.8769E-05   3.5678E-05   1.8521E-05 / 3.5479E-05   
2060   4.023E-03   2.0621E-05   3.4423E-05   2.0493E-05 / 3.4306E-05   
2070   4.023E-03   1.7114E-05   3.4703E-05   1.6895E-05 / 3.4504E-05   
2080   4.023E-03   1.5804E-05   3.1290E-05   1.5729E-05 / 3.1217E-05   
2090   4.023E-03   1.7638E-05   3.3587E-05   1.6817E-05 / 3.2870E-05   
2100   4.023E-03   1.9030E-05   3.7665E-05   1.8739E-05 / 3.7420E-05   
2110   4.023E-03   2.6697E-05   4.5004E-05   2.5838E-05 / 4.4252E-05   
2120   4.023E-03   1.8473E-05   3.5077E-05   1.7581E-05 / 3.4289E-05   
2130   4.023E-03   1.5638E-05   3.1819E-05   1.5376E-05 / 3.1608E-05   
2140   4.023E-03   1.5554E-05   3.1248E-05   1.5535E-05 / 3.1220E-05   
2150   4.023E-03   2.2370E-05   4.2975E-05   2.1705E-05 / 4.2411E-05   
2160   4.023E-03   1.8146E-05   3.4935E-05   1.7705E-05 / 3.4559E-05   
2170   4.023E-03   1.5267E-05   3.2697E-05   1.5247E-05 / 3.2663E-05   
2180   4.023E-03   2.2064E-05   3.9987E-05   2.2064E-05 / 3.9987E-05   
2190   4.023E-03   1.7412E-05   3.3460E-05   1.7091E-05 / 3.3164E-05   
2200   4.023E-03   1.7007E-05   3.3375E-05   1.6731E-05 / 3.3097E-05   
2210   4.023E-03   1.6968E-05   3.3834E-05   1.6947E-05 / 3.3796E-05   
2220   4.023E-03   1.7677E-05   3.5385E-05   1.7079E-05 / 3.4885E-05   
2230   4.023E-03   1.4486E-05   3.1004E-05   1.4369E-05 / 3.0877E-05   
2240   4.023E-03   1.8479E-05   3.5636E-05   1.8464E-05 / 3.5636E-05   
2250   4.023E-03   1.5344E-05   3.2738E-05   1.5339E-05 / 3.2722E-05   
2260   4.023E-03   2.1800E-05   4.1289E-05   2.1763E-05 / 4.1232E-05   
2270   4.023E-03   1.9874E-05   3.7144E-05   1.9310E-05 / 3.6666E-05   
2280   4.023E-03   1.4957E-05   3.3814E-05   1.4932E-05 / 3.3747E-05   
2290   4.023E-03   1.9852E-05   3.5785E-05   1.6552E-05 / 3.2786E-05   
2300   4.023E-03   1.5434E-05   3.4014E-05   1.5273E-05 / 3.3845E-05   
2310   4.023E-03   1.5880E-05   3.3520E-05   1.5342E-05 / 3.3066E-05   
2320   4.023E-03   1.8660E-05   3.9181E-05   1.8626E-05 / 3.9131E-05   
2330   4.023E-03   1.4415E-05   3.2477E-05   1.4232E-05 / 3.2303E-05   
2340   4.023E-03   1.7419E-05   3.5246E-05   1.7419E-05 / 3.5246E-05   
2350   4.023E-03   1.4291E-05   3.3702E-05   1.4123E-05 / 3.3537E-05   
2360   4.023E-03   2.0080E-05   3.5918E-05   2.0080E-05 / 3.5918E-05   
2370   4.023E-03   2.8719E-05   5.0959E-05   2.8162E-05 / 5.0459E-05   
2380   4.023E-03   2.6373E-05   4.1627E-05   2.6113E-05 / 4.1384E-05   
2390   4.023E-03   1.4920E-05   3.1801E-05   1.4920E-05 / 3.1801E-05   
2400   4.023E-03   1.4099E-05   3.2549E-05   1.3950E-05 / 3.2431E-05   
2410   4.023E-03   1.4400E-05   3.2534E-05   1.4394E-05 / 3.2526E-05   
2420   4.023E-03   1.5447E-05   3.3436E-05   1.5337E-05 / 3.3320E-05   
2430   4.023E-03   1.6695E-05   3.4640E-05   1.6673E-05 / 3.4616E-05   
2440   4.023E-03   1.3716E-05   3.1588E-05   1.2607E-05 / 3.0610E-05   
2450   4.023E-03   1.6292E-05   3.5461E-05   1.6292E-05 / 3.5461E-05   
2460   4.023E-03   1.3311E-05   2.9982E-05   1.3107E-05 / 2.9785E-05   
2470   4.023E-03   1.5088E-05   3.6278E-05   1.4998E-05 / 3.6182E-05   
2480   4.023E-03   1.7176E-05   3.3526E-05   1.7146E-05 / 3.3493E-05   
2490   4.023E-03   3.3050E-05   5.2920E-05   3.3044E-05 / 5.2915E-05   
2500   4.023E-03   1.3333E-05   2.9535E-05   1.2900E-05 / 2.9138E-05   
2510   4.023E-03   1.2400E-05   2.8718E-05   1.2128E-05 / 2.8456E-05   
2520   4.023E-03   2.0383E-05   3.7526E-05   2.0383E-05 / 3.7526E-05   
2530   4.023E-03   1.3259E-05   3.1090E-05   1.2354E-05 / 3.0287E-05   
2540   4.023E-03   1.2436E-05   3.0647E-05   1.2083E-05 / 3.0320E-05   
2550   4.023E-03   1.3017E-05   3.0736E-05   1.3012E-05 / 3.0734E-05   
2560   4.023E-03   1.4621E-05   3.1020E-05   1.4621E-05 / 3.1020E-05   
2570   4.023E-03   1.3358E-05   3.1126E-05   1.3341E-05 / 3.1106E-05   
2580   4.023E-03   1.3675E-05   3.0108E-05   1.3674E-05 / 3.0108E-05   
2590   4.023E-03   1.5274E-05   2.9036E-05   1.5273E-05 / 2.9036E-05   
2600   4.023E-03   1.4026E-05   3.1407E-05   1.3321E-05 / 3.0768E-05   
2610   4.023E-03   1.5177E-05   3.4348E-05   1.5021E-05 / 3.4202E-05   
2620   4.023E-03   1.3265E-05   2.9330E-05   1.3184E-05 / 2.9257E-05   
2630   4.023E-03   1.3548E-05   2.9469E-05   1.3530E-05 / 2.9459E-05   
2640   4.023E-03   1.2618E-05   3.0022E-05   1.2614E-05 / 3.0022E-05   
2650   4.023E-03   1.2793E-05   3.1282E-05   1.2776E-05 / 3.1276E-05   
2660   4.023E-03   1.5529E-05   3.1170E-05   1.5529E-05 / 3.1170E-05   
2670   4.023E-03   1.6135E-05   3.4284E-05   1.6122E-05 / 3.4281E-05   
2680   4.023E-03   1.3307E-05   2.8832E-05   1.3289E-05 / 2.8825E-05   
2690   4.023E-03   1.2124E-05   2.9033E-05   1.2061E-05 / 2.8998E-05   
2700   4.023E-03   1.2406E-05   2.9567E-05   1.2261E-05 / 2.9446E-05   
2710   4.023E-03   1.6206E-05   3.2095E-05   1.6206E-05 / 3.2095E-05   
2720   4.023E-03   1.2469E-05   2.8582E-05   1.2423E-05 / 2.8564E-05   
2730   4.023E-03   1.1772E-05   2.9673E-05   1.1691E-05 / 2.9624E-05   
2740   4.023E-03   1.5617E-05   3.4329E-05   1.5599E-05 / 3.4327E-05   
2750   4.023E-03   1.1089E-05   2.8641E-05   1.0881E-05 / 2.8471E-05   
2760   4.023E-03   1.1724E-05   2.9582E-05   1.1628E-05 / 2.9513E-05   
2770   4.023E-03   1.3992E-05   3.3480E-05   1.3966E-05 / 3.3475E-05   
2780   4.023E-03   1.1023E-05   2.8743E-05   1.0845E-05 / 2.8597E-05   
2790   4.023E-03   1.2522E-05   3.0340E-05   1.2521E-05 / 3.0340E-05   
2800   4.023E-03   1.3785E-05   3.0945E-05   1.3785E-05 / 3.0945E-05   
2810   4.023E-03   1.4195E-05   2.9840E-05   1.4195E-05 / 2.9840E-05   
2820   4.023E-03   1.5213E-05   3.3596E-05   1.5213E-05 / 3.3596E-05   
2830   4.023E-03   1.6148E-05   3.3706E-05   1.6148E-05 / 3.3706E-05   
2840   4.023E-03   1.2051E-05   3.0015E-05   1.2037E-05 / 3.0015E-05   
2850   4.023E-03   1.1494E-05   2.8826E-05   1.1298E-05 / 2.8675E-05   
2860   4.023E-03   1.1523E-05   2.7508E-05   1.1049E-05 / 2.7088E-05   
2870   4.023E-03   1.8507E-05   3.7656E-05   1.8315E-05 / 3.7511E-05   
2880   4.023E-03   1.2326E-05   2.8444E-05   1.2319E-05 / 2.8444E-05   
2890   4.023E-03   1.0734E-05   2.7845E-05   1.0662E-05 / 2.7815E-05   
2900   4.023E-03   1.2186E-05   2.9537E-05   1.2183E-05 / 2.9537E-05   
2910   4.023E-03   1.4917E-05   3.1300E-05   1.4917E-05 / 3.1300E-05   
2920   4.023E-03   1.4683E-05   2.8834E-05   1.4323E-05 / 2.8526E-05   
2930   4.023E-03   1.3769E-05   2.8690E-05   1.3759E-05 / 2.8690E-05   
2940   4.023E-03   1.2069E-05   2.8006E-05   1.2043E-05 / 2.8005E-05   
2950   4.023E-03   1.1372E-05   2.7288E-05   1.0648E-05 / 2.6648E-05   
2960   4.023E-03   1.4461E-05   2.8794E-05   1.4460E-05 / 2.8794E-05   
2970   4.023E-03   1.2157E-05   2.8478E-05   1.2064E-05 / 2.8435E-05   
2980   4.023E-03   1.2726E-05   2.9324E-05   1.2726E-05 / 2.9324E-05   
2990   4.023E-03   1.0438E-05   2.8941E-05   1.0347E-05 / 2.8897E-05   
3000   4.023E-03   1.6924E-05   3.3417E-05   1.6924E-05 / 3.3417E-05   
3010   4.023E-03   1.9817E-05   3.4387E-05   1.9738E-05 / 3.4359E-05   
3020   4.023E-03   1.2232E-05   3.0520E-05   1.2136E-05 / 3.0472E-05   
3030   4.023E-03   1.2765E-05   2.9581E-05   1.2765E-05 / 2.9581E-05   
3040   4.023E-03   1.0716E-05   2.5862E-05   1.0680E-05 / 2.5859E-05   
3050   4.023E-03   1.1364E-05   2.9327E-05   1.1359E-05 / 2.9327E-05   
3060   4.023E-03   2.1820E-05   4.0184E-05   2.1568E-05 / 4.0000E-05   
3070   4.023E-03   1.2119E-05   2.9114E-05   1.2110E-05 / 2.9114E-05   
3080   4.023E-03   1.4020E-05   3.0450E-05   1.1625E-05 / 2.8449E-05   
3090   4.023E-03   1.1334E-05   2.8606E-05   1.0847E-05 / 2.8220E-05   
3100   4.023E-03   1.0480E-05   2.8047E-05   1.0471E-05 / 2.8047E-05   
3110   4.023E-03   9.6730E-06   2.7963E-05   9.4576E-06 / 2.7828E-05   
3120   4.023E-03   1.2554E-05   3.1040E-05   1.2534E-05 / 3.1040E-05   
3130   4.023E-03   1.0648E-05   2.8953E-05   1.0155E-05 / 2.8575E-05   
3140   4.023E-03   1.0509E-05   2.5390E-05   1.0382E-05 / 2.5334E-05   
3150   4.023E-03   1.1408E-05   2.8955E-05   1.0838E-05 / 2.8534E-05   
3160   4.023E-03   1.0364E-05   2.6385E-05   9.5949E-06 / 2.5780E-05   
3170   4.023E-03   1.1614E-05   2.8990E-05   1.1614E-05 / 2.8990E-05   
3180   4.023E-03   1.1264E-05   2.8272E-05   1.1232E-05 / 2.8269E-05   
3190   4.023E-03   1.4308E-05   3.1243E-05   1.4307E-05 / 3.1223E-05   
3200   4.023E-03   9.2758E-06   2.7582E-05   8.9871E-06 / 2.7398E-05   
3210   4.023E-03   9.3980E-06   2.6501E-05   9.2876E-06 / 2.6460E-05   
3220   4.023E-03   1.0330E-05   2.8310E-05   1.0287E-05 / 2.8301E-05   
3230   4.023E-03   1.2281E-05   2.7874E-05   1.2183E-05 / 2.7843E-05   
3240   4.023E-03   1.4596E-05   3.1052E-05   1.3430E-05 / 3.0149E-05   
3250   4.023E-03   9.8500E-06   2.9040E-05   9.8184E-06 / 2.9038E-05   
3260   4.023E-03   9.8232E-06   2.7274E-05   9.7778E-06 / 2.7264E-05   
3270   4.023E-03   1.1699E-05   2.9181E-05   1.1696E-05 / 2.9181E-05   
3280   4.023E-03   9.9058E-06   2.6523E-05   9.9035E-06 / 2.6523E-05   
3290   4.023E-03   9.8540E-06   2.6407E-05   9.7717E-06 / 2.6391E-05   
3300   4.023E-03   1.1732E-05   3.0678E-05   1.1695E-05 / 3.0671E-05   
3310   4.023E-03   1.2045E-05   2.5092E-05   1.2045E-05 / 2.5092E-05   
3320   4.023E-03   8.9598E-06   2.4725E-05   8.8867E-06 / 2.4704E-05   
3330   4.023E-03   1.1558E-05   2.7307E-05   1.1524E-05 / 2.7289E-05   
3340   4.023E-03   1.0513E-05   2.8454E-05   9.3863E-06 / 2.7677E-05   
3350   4.023E-03   1.1368E-05   2.7964E-05   1.1368E-05 / 2.7964E-05   
3360   4.023E-03   8.6233E-06   2.5579E-05   8.4490E-06 / 2.5507E-05   
3370   4.023E-03   1.1470E-05   2.5766E-05   1.1415E-05 / 2.5752E-05   
3380   4.023E-03   9.9963E-06   2.5301E-05   9.8159E-06 / 2.5222E-05   
3390   4.023E-03   8.9029E-06   2.4993E-05   8.8639E-06 / 2.4990E-05   
3400   4.023E-03   9.4377E-06   2.5562E-05   9.4288E-06 / 2.5562E-05   
3410   4.023E-03   1.1928E-05   2.8177E-05   1.1928E-05 / 2.8177E-05   
3420   4.023E-03   9.2929E-06   2.6383E-05   8.3184E-06 / 2.5767E-05   
3430   4.023E-03   8.1670E-06   2.2885E-05   8.0462E-06 / 2.2850E-05   
3440   4.023E-03   1.1232E-05   2.7618E-05   1.1232E-05 / 2.7618E-05   
3450   4.023E-03   8.3492E-06   2.4918E-05   8.0699E-06 / 2.4780E-05   
3460   4.023E-03   9.2736E-06   2.6060E-05   8.9097E-06 / 2.5875E-05   
3470   4.023E-03   9.1105E-06   2.3329E-05   8.7002E-06 / 2.3135E-05   
3480   4.023E-03   1.2475E-05   3.0524E-05   1.2311E-05 / 3.0470E-05   
3490   4.023E-03   8.2606E-06   2.3098E-05   8.1960E-06 / 2.3083E-05   
3500   4.023E-03   1.0428E-05   2.7652E-05   1.0428E-05 / 2.7648E-05   
3510   4.023E-03   9.8461E-06   2.6446E-05   8.7876E-06 / 2.5784E-05   
3520   4.023E-03   1.0298E-05   2.6830E-05   9.8264E-06 / 2.6606E-05   
3530   4.023E-03   8.0031E-06   2.3075E-05   7.8190E-06 / 2.3003E-05   
3540   4.023E-03   1.3474E-05   2.9744E-05   1.3474E-05 / 2.9744E-05   
3550   4.023E-03   8.0570E-06   2.3154E-05   7.7579E-06 / 2.3029E-05   
3560   4.023E-03   8.1279E-06   2.3506E-05   7.7805E-06 / 2.3377E-05   
3570   4.023E-03   9.0045E-06   2.5837E-05   8.9887E-06 / 2.5835E-05   
3580   4.023E-03   8.9590E-06   2.6461E-05   8.8889E-06 / 2.6450E-05   
3590   4.023E-03   1.0822E-05   2.8863E-05   1.0582E-05 / 2.8747E-05   
3600   4.023E-03   9.6947E-06   2.5090E-05   9.4229E-06 / 2.4971E-05   
3610   4.023E-03   7.6037E-06   2.4320E-05   7.4164E-06 / 2.4248E-05   
3620   4.023E-03   7.5602E-06   2.3169E-05   7.3377E-06 / 2.3101E-05   
3630   4.023E-03   7.4853E-06   2.3291E-05   7.3669E-06 / 2.3257E-05   
3640   4.023E-03   7.7194E-06   2.3348E-05   7.6964E-06 / 2.3348E-05   
3650   4.023E-03   7.7357E-06   2.2842E-05   7.5493E-06 / 2.2787E-05   
3660   4.023E-03   8.1551E-06   2.5342E-05   8.0873E-06 / 2.5329E-05   
3670   4.023E-03   3.8443E-05   4.4998E-05   3.8425E-05 / 4.4998E-05   
3680   4.023E-03   8.8586E-06   2.5504E-05   8.8584E-06 / 2.5504E-05   
3690   4.023E-03   6.8931E-06   2.2812E-05   6.8184E-06 / 2.2798E-05   
3700   4.023E-03   7.8562E-06   2.3788E-05   7.8532E-06 / 2.3788E-05   
3710   4.023E-03   7.2324E-06   2.2371E-05   7.2100E-06 / 2.2371E-05   
3720   4.023E-03   1.3964E-05   2.9745E-05   1.3964E-05 / 2.9745E-05   
3730   4.023E-03   7.7032E-06   2.4362E-05   7.6333E-06 / 2.4351E-05   
3740   4.023E-03   8.6109E-06   2.4590E-05   8.6109E-06 / 2.4590E-05   
3750   4.023E-03   7.6171E-06   2.3440E-05   7.6170E-06 / 2.3440E-05   
3760   4.023E-03   9.6462E-06   2.3618E-05   7.6147E-06 / 2.2225E-05   
3770   4.023E-03   2.9703E-05   4.1353E-05   2.9703E-05 / 4.1353E-05   
3780   4.023E-03   8.4087E-06   2.1531E-05   8.4085E-06 / 2.1531E-05   
3790   4.023E-03   7.4071E-06   2.2424E-05   7.3948E-06 / 2.2424E-05   
3800   4.023E-03   7.6223E-06   2.2668E-05   7.6095E-06 / 2.2668E-05   
3810   4.023E-03   6.9745E-06   2.2139E-05   6.9647E-06 / 2.2139E-05   
3820   4.023E-03   8.2289E-06   2.5143E-05   7.4353E-06 / 2.4699E-05   
3830   4.023E-03   7.2164E-06   2.2492E-05   7.0602E-06 / 2.2445E-05   
3840   4.023E-03   7.2724E-06   2.2837E-05   7.2714E-06 / 2.2837E-05   
3850   4.023E-03   8.6335E-06   2.3777E-05   8.6335E-06 / 2.3777E-05   
3860   4.023E-03   1.0381E-05   2.8659E-05   1.0312E-05 / 2.8652E-05   
3870   4.023E-03   6.9918E-06   2.1698E-05   6.9567E-06 / 2.1698E-05   
3880   4.023E-03   7.6152E-06   2.2158E-05   7.2614E-06 / 2.2044E-05   
3890   4.023E-03   7.0187E-06   2.3334E-05   6.9107E-06 / 2.3314E-05   
3900   4.023E-03   6.3722E-06   2.0456E-05   6.2852E-06 / 2.0443E-05   
3910   4.023E-03   6.7962E-06   2.1329E-05   6.7695E-06 / 2.1329E-05   
3920   4.023E-03   8.2992E-06   2.2891E-05   7.4759E-06 / 2.2472E-05   
3930   4.023E-03   8.8035E-06   2.2333E-05   8.8035E-06 / 2.2333E-05   
3940   4.023E-03   6.8459E-06   2.1746E-05   6.6742E-06 / 2.1706E-05   
3950   4.023E-03   9.5605E-06   2.3393E-05   9.2284E-06 / 2.3293E-05   
3960   4.023E-03   7.3342E-06   2.2006E-05   7.1105E-06 / 2.1934E-05   
3970   4.023E-03   7.7270E-06   2.1246E-05   7.2783E-06 / 2.1064E-05   
3980   4.023E-03   1.3119E-05   3.0018E-05   1.3119E-05 / 3.0018E-05   
3990   4.023E-03   9.7103E-06   2.7224E-05   9.6849E-06 / 2.7224E-05   
4000   4.023E-03   7.8722E-06   2.1167E-05   7.8000E-06 / 2.1158E-05   
4010   4.023E-03   6.2720E-06   2.0350E-05   6.2056E-06 / 2.0345E-05   
4020   4.023E-03   6.6287E-06   2.1173E-05   6.2565E-06 / 2.1039E-05   
4030   4.023E-03   8.8507E-06   2.4030E-05   8.6658E-06 / 2.3992E-05   
4040   4.023E-03   7.9975E-06   2.0877E-05   7.3002E-06 / 2.0557E-05   
4050   4.023E-03   6.7161E-06   2.0259E-05   6.6975E-06 / 2.0259E-05   
4060   4.023E-03   6.9027E-06   2.0232E-05   6.8849E-06 / 2.0232E-05   
4070   4.023E-03   7.2350E-06   2.0078E-05   6.4046E-06 / 1.9659E-05   
4080   4.023E-03   7.5359E-06   2.1363E-05   6.7060E-06 / 2.0947E-05   
4090   4.023E-03   7.3041E-06   2.1810E-05   7.3032E-06 / 2.1810E-05   
4100   4.023E-03   6.4917E-06   2.1758E-05   6.2802E-06 / 2.1707E-05   
4110   4.023E-03   8.6209E-06   2.5043E-05   8.2239E-06 / 2.4902E-05   
4120   4.023E-03   1.0156E-05   2.5025E-05   7.7524E-06 / 2.3396E-05   
4130   4.023E-03   1.0052E-05   2.3513E-05   8.0297E-06 / 2.2212E-05   
4140   4.023E-03   8.4147E-06   2.2932E-05   8.3028E-06 / 2.2915E-05   
4150   4.023E-03   7.6148E-06   2.2453E-05   7.6148E-06 / 2.2453E-05   
4160   4.023E-03   7.2546E-06   2.1251E-05   7.2546E-06 / 2.1251E-05   
4170   4.023E-03   6.3239E-06   1.9752E-05   6.0643E-06 / 1.9680E-05   
4180   4.023E-03   7.7179E-06   2.1006E-05   7.1646E-06 / 2.0766E-05   
4190   4.023E-03   7.3783E-06   2.1371E-05   7.2854E-06 / 2.1354E-05   
4200   4.023E-03   6.4956E-06   2.0041E-05   6.1943E-06 / 1.9961E-05   
4210   4.023E-03   5.9937E-06   1.9819E-05   5.8646E-06 / 1.9801E-05   
4220   4.023E-03   7.2415E-06   2.1569E-05   7.2415E-06 / 2.1569E-05   
4230   4.023E-03   8.3282E-06   2.1743E-05   8.3282E-06 / 2.1743E-05   
4240   4.023E-03   6.9288E-06   2.0726E-05   6.6760E-06 / 2.0661E-05   
4250   4.023E-03   6.4906E-06   2.0700E-05   6.4776E-06 / 2.0700E-05   
4260   4.023E-03   6.3255E-06   1.9630E-05   6.2714E-06 / 1.9626E-05   
4270   4.023E-03   6.2096E-06   1.9736E-05   6.1171E-06 / 1.9729E-05   
4280   4.023E-03   6.1654E-06   1.9561E-05   6.1210E-06 / 1.9559E-05   
4290   4.023E-03   7.3498E-06   2.0749E-05   7.3483E-06 / 2.0749E-05   
4300   4.023E-03   7.3107E-06   2.0632E-05   6.8769E-06 / 2.0477E-05   
4310   4.023E-03   6.4762E-06   1.9766E-05   6.1163E-06 / 1.9644E-05   
4320   4.023E-03   7.0156E-06   2.1004E-05   6.1349E-06 / 2.0581E-05   
4330   4.023E-03   1.0729E-05   2.3289E-05   1.0631E-05 / 2.3273E-05   
4340   4.023E-03   6.3923E-06   1.9417E-05   6.0136E-06 / 1.9291E-05   
4350   4.023E-03   6.5914E-06   2.0957E-05   6.5791E-06 / 2.0957E-05   
4360   4.023E-03   6.1547E-06   2.0413E-05   5.6089E-06 / 2.0195E-05   
4370   4.023E-03   5.9311E-06   1.9972E-05   5.5447E-06 / 1.9845E-05   
4380   4.023E-03   6.9431E-06   1.9294E-05   6.8311E-06 / 1.9278E-05   
4390   4.023E-03   9.0561E-06   2.2740E-05   9.0561E-06 / 2.2740E-05   
4400   4.023E-03   1.4576E-05   3.1610E-05   1.4467E-05 / 3.1592E-05   
4410   4.023E-03   8.5733E-06   1.8702E-05   8.5313E-06 / 1.8701E-05   
4420   4.023E-03   6.4583E-06   1.9042E-05   6.4546E-06 / 1.9042E-05   
4430   4.023E-03   6.6172E-06   2.0875E-05   6.5883E-06 / 2.0875E-05   
4440   4.023E-03   6.6808E-06   1.9345E-05   5.7447E-06 / 1.8889E-05   
4450   4.023E-03   6.1481E-06   2.0019E-05   6.0666E-06 / 2.0011E-05   
4460   4.023E-03   6.5499E-06   2.0792E-05   6.4908E-06 / 2.0788E-05   
4470   4.023E-03   6.4067E-06   2.1100E-05   6.3562E-06 / 2.1098E-05   
4480   4.023E-03   5.7711E-06   1.9439E-05   5.7143E-06 / 1.9436E-05   
4490   4.023E-03   5.7230E-06   1.8760E-05   5.4946E-06 / 1.8707E-05   
4500   4.023E-03   7.1588E-06   1.8125E-05   6.9496E-06 / 1.8074E-05   
4510   4.023E-03   8.4761E-06   1.9244E-05   7.0275E-06 / 1.8406E-05   
4520   4.023E-03   7.2052E-06   1.9123E-05   6.0229E-06 / 1.8489E-05   
4530   4.023E-03   7.0816E-06   2.0041E-05   7.0816E-06 / 2.0041E-05   
4540   4.023E-03   6.0015E-06   1.9564E-05   5.9877E-06 / 1.9564E-05   
4550   4.023E-03   9.0512E-06   2.2854E-05   9.0512E-06 / 2.2854E-05   
4560   4.023E-03   5.7517E-06   1.8618E-05   5.2155E-06 / 1.8391E-05   
4570   4.023E-03   6.7211E-06   1.8208E-05   6.7039E-06 / 1.8208E-05   
4580   4.023E-03   7.2617E-06   1.8210E-05   7.2587E-06 / 1.8210E-05   
4590   4.023E-03   6.7827E-06   2.0160E-05   6.3544E-06 / 1.9958E-05   
4600   4.023E-03   5.5835E-06   1.8586E-05   5.5230E-06 / 1.8585E-05   
4610   4.023E-03   6.6913E-06   1.7843E-05   6.3050E-06 / 1.7725E-05   
4620   4.023E-03   1.0555E-05   2.4274E-05   1.0083E-05 / 2.4109E-05   
4630   4.023E-03   6.4455E-06   1.7665E-05   5.5952E-06 / 1.7268E-05   
4640   4.023E-03   5.8771E-06   1.8350E-05   5.3404E-06 / 1.8122E-05   
4650   4.023E-03   5.7419E-06   1.7961E-05   5.5399E-06 / 1.7919E-05   
4660   4.023E-03   8.9703E-06   2.3486E-05   8.2004E-06 / 2.3143E-05   
4670   4.023E-03   6.0805E-06   1.8138E-05   6.0479E-06 / 1.8138E-05   
4680   4.023E-03   6.4212E-06   2.0009E-05   6.2081E-06 / 1.9964E-05   
4690   4.023E-03   6.5868E-06   1.6579E-05   6.4298E-06 / 1.6552E-05   
4700   4.023E-03   6.8079E-06   2.0267E-05   6.7303E-06 / 2.0261E-05   
4710   4.023E-03   5.5573E-06   1.8017E-05   5.2492E-06 / 1.7923E-05   
4720   4.023E-03   7.7864E-06   1.8644E-05   7.6704E-06 / 1.8634E-05   
4730   4.023E-03   6.0104E-06   1.8811E-05   6.0059E-06 / 1.8811E-05   
4740   4.023E-03   9.3343E-06   2.2254E-05   9.3343E-06 / 2.2254E-05   
4750   4.023E-03   5.3196E-06   1.7809E-05   5.2093E-06 / 1.7803E-05   
4760   4.023E-03   5.1756E-06   1.7431E-05   5.0210E-06 / 1.7403E-05   
4770   4.023E-03   8.1440E-06   2.2229E-05   7.9376E-06 / 2.2178E-05   
4780   4.023E-03   6.1247E-06   1.6963E-05   5.9550E-06 / 1.6934E-05   
4790   4.023E-03   6.0903E-06   1.7600E-05   6.0872E-06 / 1.7600E-05   
4800   4.023E-03   7.6940E-06   1.9726E-05   7.6723E-06 / 1.9726E-05   
4810   4.023E-03   5.1929E-06   1.7232E-05   5.0359E-06 / 1.7208E-05   
4820   4.023E-03   5.7408E-06   1.8874E-05   5.6905E-06 / 1.8874E-05   
4830   4.023E-03   6.4714E-06   1.9015E-05   6.4581E-06 / 1.9015E-05   
4840   4.023E-03   6.1811E-06   1.6929E-05   6.0030E-06 / 1.6894E-05   
4850   4.023E-03   8.0599E-06   1.6656E-05   7.7216E-06 / 1.6572E-05   
4860   4.023E-03   5.6897E-06   1.7695E-05   5.5700E-06 / 1.7649E-05   
4870   4.023E-03   5.9799E-06   1.8663E-05   5.9601E-06 / 1.8663E-05   
4880   4.023E-03   7.5952E-06   1.9160E-05   7.5829E-06 / 1.9160E-05   
4890   4.023E-03   5.3838E-06   1.8394E-05   5.2056E-06 / 1.8373E-05   
4900   4.023E-03   5.7931E-06   1.7182E-05   5.7715E-06 / 1.7182E-05   
4910   4.023E-03   6.7604E-06   1.9013E-05   6.7604E-06 / 1.9013E-05   
4920   4.023E-03   5.4492E-06   1.6778E-05   5.3755E-06 / 1.6778E-05   
4930   4.023E-03   1.2437E-05   2.1170E-05   1.2215E-05 / 2.1141E-05   
4940   4.023E-03   5.8638E-06   1.6187E-05   5.5687E-06 / 1.6113E-05   
4950   4.023E-03   5.0355E-06   1.7021E-05   4.8491E-06 / 1.6999E-05   
4960   4.023E-03   7.7479E-06   2.0050E-05   7.5297E-06 / 2.0005E-05   
4970   4.023E-03   5.5734E-06   1.7972E-05   5.0510E-06 / 1.7775E-05   
4980   4.023E-03   4.9260E-06   1.6930E-05   4.6568E-06 / 1.6853E-05   
4990   4.023E-03   5.0798E-06   1.6869E-05   4.9660E-06 / 1.6865E-05   
5000   4.023E-03   1.0970E-05   2.4595E-05   1.0245E-05 / 2.4268E-05   
5010   4.023E-03   1.0501E-05   1.8250E-05   1.0248E-05 / 1.8189E-05   
5020   4.023E-03   5.0491E-06   1.7366E-05   4.7905E-06 / 1.7307E-05   
5030   4.023E-03   4.7024E-06   1.5893E-05   4.5445E-06 / 1.5878E-05   
5040   4.023E-03   5.5752E-06   1.6161E-05   4.9070E-06 / 1.5871E-05   
5050   4.023E-03   6.4053E-06   1.8602E-05   6.4053E-06 / 1.8602E-05   
5060   4.023E-03   1.0025E-05   2.1461E-05   1.0025E-05 / 2.1461E-05   
5070   4.023E-03   6.7488E-06   1.9011E-05   6.7474E-06 / 1.9011E-05   
5080   4.023E-03   5.6334E-06   1.6637E-05   5.5218E-06 / 1.6631E-05   
5090   4.023E-03   5.5816E-06   1.7695E-05   5.5634E-06 / 1.7695E-05   
5100   4.023E-03   5.4920E-06   1.6624E-05   4.8390E-06 / 1.6352E-05   
5110   4.023E-03   7.6990E-06   1.6904E-05   7.2273E-06 / 1.6728E-05   
5120   4.023E-03   7.4752E-06   1.8738E-05   7.4752E-06 / 1.8738E-05   
5130   4.023E-03   5.6632E-06   1.7444E-05   5.5523E-06 / 1.7438E-05   
5140   4.023E-03   5.3455E-06   1.6685E-05   5.0405E-06 / 1.6605E-05   
5150   4.023E-03   5.6086E-06   1.6305E-05   5.4371E-06 / 1.6286E-05   
5160   4.023E-03   4.8948E-06   1.6195E-05   4.6648E-06 / 1.6150E-05   
5170   4.023E-03   5.2558E-06   1.6787E-05   4.9641E-06 / 1.6698E-05   
5180   4.023E-03   5.2810E-06   1.7180E-05   5.2497E-06 / 1.7180E-05   
5190   4.023E-03   6.6647E-06   1.8891E-05   6.6337E-06 / 1.8891E-05   
5200   4.023E-03   6.2645E-06   1.7310E-05   6.1639E-06 / 1.7306E-05   
5210   4.023E-03   5.3490E-06   1.5803E-05   5.2060E-06 / 1.5793E-05   
5220   4.023E-03   5.2505E-06   1.6970E-05   5.1904E-06 / 1.6970E-05   
5230   4.023E-03   5.1893E-06   1.5956E-05   4.4857E-06 / 1.5636E-05   
5240   4.023E-03   5.2679E-06   1.5778E-05   5.2093E-06 / 1.5778E-05   
5250   4.023E-03   7.9829E-06   1.8264E-05   7.9827E-06 / 1.8264E-05   
5260   4.023E-03   5.3165E-06   1.5268E-05   4.8219E-06 / 1.5076E-05   
5270   4.023E-03   4.9004E-06   1.5040E-05   4.6702E-06 / 1.4991E-05   
5280   4.023E-03   5.3999E-06   1.7631E-05   5.3657E-06 / 1.7631E-05   
5290   4.023E-03   6.4894E-06   1.7970E-05   5.3749E-06 / 1.7383E-05   
5300   4.023E-03   6.4594E-06   1.7214E-05   6.3326E-06 / 1.7208E-05   
5310   4.023E-03   9.7590E-06   2.1032E-05   9.7292E-06 / 2.1032E-05   
5320   4.023E-03   5.3631E-06   1.5796E-05   5.2486E-06 / 1.5794E-05   
5330   4.023E-03   6.1377E-06   1.7547E-05   6.1213E-06 / 1.7547E-05   
5340   4.023E-03   4.9863E-06   1.4247E-05   4.8135E-06 / 1.4227E-05   
5350   4.023E-03   5.0652E-06   1.5381E-05   5.0422E-06 / 1.5381E-05   
5360   4.023E-03   4.6825E-06   1.5806E-05   4.5837E-06 / 1.5804E-05   
5370   4.023E-03   6.1629E-06   1.5326E-05   6.0257E-06 / 1.5317E-05   
5380   4.023E-03   5.3079E-06   1.5073E-05   5.2740E-06 / 1.5073E-05   
5390   4.023E-03   6.9319E-06   1.7551E-05   6.9319E-06 / 1.7551E-05   
5400   4.023E-03   8.0146E-06   1.7175E-05   7.9994E-06 / 1.7175E-05   
5410   4.023E-03   7.2641E-06   1.8340E-05   7.2641E-06 / 1.8340E-05   
5420   4.023E-03   6.4844E-06   1.4908E-05   5.9137E-06 / 1.4666E-05   
5430   4.023E-03   5.9721E-06   1.5711E-05   4.8509E-06 / 1.5124E-05   
5440   4.023E-03   5.1445E-06   1.5375E-05   5.0910E-06 / 1.5375E-05   
5450   4.023E-03   9.3873E-06   1.7587E-05   6.0113E-06 / 1.5196E-05   
5460   4.023E-03   5.3280E-06   1.6252E-05   4.9533E-06 / 1.6139E-05   
5470   4.023E-03   4.8194E-06   1.5032E-05   4.5551E-06 / 1.4971E-05   
5480   4.023E-03   4.8756E-06   1.4486E-05   4.7156E-06 / 1.4464E-05   
5490   4.023E-03   6.3387E-06   1.5732E-05   6.3378E-06 / 1.5732E-05   
5500   4.023E-03   6.0740E-06   1.7513E-05   6.0727E-06 / 1.7513E-05   
5510   4.023E-03   5.3407E-06   1.5786E-05   5.3331E-06 / 1.5786E-05   
5520   4.023E-03   4.5946E-06   1.4992E-05   4.3484E-06 / 1.4936E-05   
5530   4.023E-03   9.5738E-06   2.0755E-05   9.5738E-06 / 2.0755E-05   
5540   4.023E-03   4.8158E-06   1.5293E-05   4.3608E-06 / 1.5147E-05   
5550   4.023E-03   5.9226E-06   1.5523E-05   5.8281E-06 / 1.5522E-05   
5560   4.023E-03   5.1361E-06   1.5313E-05   5.0879E-06 / 1.5313E-05   
5570   4.023E-03   5.0916E-06   1.5539E-05   5.0141E-06 / 1.5536E-05   
5580   4.023E-03   6.0445E-06   1.5626E-05   5.3274E-06 / 1.5312E-05   
5590   4.023E-03   1.1042E-05   2.1703E-05   1.0803E-05 / 2.1655E-05   
5600   4.023E-03   5.8897E-06   1.5834E-05   5.8891E-06 / 1.5834E-05   
5610   4.023E-03   4.5496E-06   1.4985E-05   4.3786E-06 / 1.4964E-05   
5620   4.023E-03   5.3222E-06   1.5837E-05   4.7388E-06 / 1.5599E-05   
5630   4.023E-03   4.8850E-06   1.5596E-05   4.8053E-06 / 1.5594E-05   
5640   4.023E-03   4.8946E-06   1.5431E-05   4.8566E-06 / 1.5429E-05   
5650   4.023E-03   4.7448E-06   1.4457E-05   4.6531E-06 / 1.4450E-05   
5660   4.023E-03   4.5798E-06   1.4659E-05   4.4015E-06 / 1.4640E-05   
5670   4.023E-03   4.6534E-06   1.5067E-05   4.6037E-06 / 1.5067E-05   
5680   4.023E-03   5.7399E-06   1.5156E-05   5.6693E-06 / 1.5156E-05   
5690   4.023E-03   5.3806E-06   1.6122E-05   4.9698E-06 / 1.6007E-05   
5700   4.023E-03   6.2391E-06   1.7958E-05   6.0053E-06 / 1.7927E-05   
5710   4.023E-03   6.7640E-06   1.8245E-05   6.7465E-06 / 1.8245E-05   
5720   4.023E-03   4.3621E-06   1.3753E-05   4.1940E-06 / 1.3733E-05   
5730   4.023E-03   4.4279E-06   1.5016E-05   4.1593E-06 / 1.4953E-05   
5740   4.023E-03   6.7764E-06   1.6752E-05   6.7764E-06 / 1.6752E-05   
5750   4.023E-03   4.7275E-06   1.4523E-05   4.2807E-06 / 1.4371E-05   
5760   4.023E-03   4.4985E-06   1.4989E-05   4.4495E-06 / 1.4989E-05   
5770   4.023E-03   6.4914E-06   1.7141E-05   6.4374E-06 / 1.7141E-05   
5780   4.023E-03   4.8937E-06   1.4912E-05   4.8479E-06 / 1.4912E-05   
5790   4.023E-03   5.5958E-06   1.6245E-05   5.5793E-06 / 1.6245E-05   
5800   4.023E-03   4.2671E-06   1.4241E-05   4.1359E-06 / 1.4232E-05   
5810   4.023E-03   5.0519E-06   1.5126E-05   5.0442E-06 / 1.5126E-05   
5820   4.023E-03   6.0928E-06   1.8508E-05   6.0464E-06 / 1.8508E-05   
5830   4.023E-03   6.0322E-06   1.6559E-05   5.9773E-06 / 1.6559E-05   
5840   4.023E-03   4.9050E-06   1.5437E-05   4.8771E-06 / 1.5437E-05   
5850   4.023E-03   5.9677E-06   1.5650E-05   5.2288E-06 / 1.5344E-05   
5860   4.023E-03   6.8963E-06   1.4778E-05   6.0088E-06 / 1.4367E-05   
5870   4.023E-03   9.1144E-06   1.9424E-05   9.1144E-06 / 1.9424E-05   
5880   4.023E-03   6.3389E-06   1.6214E-05   6.3389E-06 / 1.6214E-05   
5890   4.023E-03   8.3015E-06   1.6867E-05   7.2833E-06 / 1.6362E-05   
5900   4.023E-03   5.3733E-06   1.5549E-05   5.3183E-06 / 1.5549E-05   
5910   4.023E-03   6.2347E-06   1.5987E-05   6.2347E-06 / 1.5987E-05   
5920   4.023E-03   4.3412E-06   1.4641E-05   4.1200E-06 / 1.4604E-05   
5930   4.023E-03   4.6120E-06   1.4968E-05   4.5449E-06 / 1.4968E-05   
5940   4.023E-03   4.5144E-06   1.4706E-05   4.1009E-06 / 1.4592E-05   
5950   4.023E-03   6.0058E-06   1.7254E-05   6.0029E-06 / 1.7253E-05   
5960   4.023E-03   6.6430E-06   1.6446E-05   6.6430E-06 / 1.6446E-05   
5970   4.023E-03   7.2969E-06   1.9158E-05   7.2499E-06 / 1.9158E-05   
5980   4.023E-03   5.0738E-06   1.5313E-05   5.0711E-06 / 1.5313E-05   
5990   4.023E-03   4.1573E-06   1.4333E-05   4.0363E-06 / 1.4327E-05   
6000   4.023E-03   4.1747E-06   1.3616E-05   4.0350E-06 / 1.3605E-05   
6010   4.023E-03   8.7681E-06   1.8291E-05   5.8411E-06 / 1.6396E-05   
6020   4.023E-03   5.4451E-06   1.4986E-05   5.3928E-06 / 1.4983E-05   
6030   4.023E-03   4.6418E-06   1.4397E-05   4.2896E-06 / 1.4313E-05   
6040   4.023E-03   4.4792E-06   1.4561E-05   4.4425E-06 / 1.4561E-05   
6050   4.023E-03   4.6748E-06   1.5389E-05   4.6664E-06 / 1.5389E-05   
6060   4.023E-03   4.2973E-06   1.3785E-05   4.2436E-06 / 1.3785E-05   
6070   4.023E-03   5.1372E-06   1.6287E-05   5.1352E-06 / 1.6287E-05   
6080   4.023E-03   8.2452E-06   1.8177E-05   5.5736E-06 / 1.6487E-05   
6090   4.023E-03   5.0202E-06   1.4778E-05   4.9989E-06 / 1.4778E-05   
6100   4.023E-03   4.1719E-06   1.4621E-05   4.0713E-06 / 1.4616E-05   
6110   4.023E-03   4.5282E-06   1.5057E-05   4.4642E-06 / 1.5055E-05   
6120   4.023E-03   4.3418E-06   1.4291E-05   4.0734E-06 / 1.4231E-05   
6130   4.023E-03   4.6016E-06   1.5641E-05   4.2772E-06 / 1.5560E-05   
6140   4.023E-03   5.0196E-06   1.4242E-05   4.7460E-06 / 1.4194E-05   
6150   4.023E-03   4.5926E-06   1.5200E-05   4.5167E-06 / 1.5199E-05   
6160   4.023E-03   5.1666E-06   1.5098E-05   5.1663E-06 / 1.5098E-05   
6170   4.023E-03   4.8450E-06   1.4996E-05   4.6704E-06 / 1.4985E-05   
BEST MODEL
===============================================================================================================
5907   4.023E-03   5.9952E-06   1.2504E-05   5.7867E-06 / 1.2463E-05   
===============================================================================================================
Saved model to /home/nikki/kan/kanTBNN/models/multi_run/kan_experiment_133_opt/kanTBNN-24Nov08_01:13:45.pickle
