========== Dataset info ==========
Dataset params: {'file': '/home/nikki/kan/data/turbulence_dataset_clean.csv', 'Cases': ['fp_1000', 'fp_1410', 'fp_2000', 'fp_2540', 'fp_3030', 'fp_3270', 'fp_3630', 'fp_3970', 'fp_4060'], 'val_set': ['fp_3030', 'fp_1410', 'fp_4060'], 'test_set': ['fp_3630'], 'data_loader': <class 'tbnn.dataloaders.aDataset'>}
Train/Valid/Test points: 760 / 468 / 168
Memorization?: False
Cluster training?: False
EPOCH     LR        TRAIN         VALID             MSE:T/V                  RL:T/V             %NR_t/%NR_v
===============================================================================================================
  1   4.157E-03   1.9565E-01   1.9253E-01   1.9565E-01 / 1.9253E-01   
 10   4.157E-03   5.6839E-03   5.3716E-03   5.6839E-03 / 5.3716E-03   
 20   4.157E-03   3.1298E-03   2.9888E-03   3.1298E-03 / 2.9888E-03   
 30   4.157E-03   2.4526E-03   2.3709E-03   2.4514E-03 / 2.3697E-03   
 40   4.157E-03   1.9682E-03   1.9015E-03   1.9681E-03 / 1.9014E-03   
 50   4.157E-03   1.6687E-03   1.6149E-03   1.6687E-03 / 1.6149E-03   
 60   4.157E-03   1.4700E-03   1.4222E-03   1.4700E-03 / 1.4222E-03   
 70   4.157E-03   1.3186E-03   1.2738E-03   1.3186E-03 / 1.2738E-03   
 80   4.157E-03   1.1923E-03   1.1499E-03   1.1923E-03 / 1.1499E-03   
 90   4.157E-03   1.0891E-03   1.0526E-03   1.0891E-03 / 1.0526E-03   
100   4.157E-03   1.0014E-03   9.6717E-04   1.0014E-03 / 9.6717E-04   
110   4.157E-03   9.2362E-04   8.9273E-04   9.2362E-04 / 8.9273E-04   
120   4.157E-03   8.5423E-04   8.2022E-04   8.5419E-04 / 8.2017E-04   
130   4.157E-03   7.9131E-04   7.6301E-04   7.9131E-04 / 7.6301E-04   
140   4.157E-03   7.2667E-04   7.0394E-04   7.2667E-04 / 7.0394E-04   
150   4.157E-03   6.7154E-04   6.4903E-04   6.7151E-04 / 6.4903E-04   
160   4.157E-03   6.3057E-04   6.1232E-04   6.3048E-04 / 6.1223E-04   
170   4.157E-03   5.9248E-04   5.7950E-04   5.9242E-04 / 5.7944E-04   
180   4.157E-03   5.6473E-04   5.5023E-04   5.6461E-04 / 5.5013E-04   
190   4.157E-03   5.2178E-04   5.0978E-04   5.2177E-04 / 5.0978E-04   
200   4.157E-03   4.8675E-04   4.7502E-04   4.8673E-04 / 4.7501E-04   
210   4.157E-03   4.6021E-04   4.4967E-04   4.6019E-04 / 4.4967E-04   
220   4.157E-03   4.4020E-04   4.3172E-04   4.4003E-04 / 4.3158E-04   
230   4.157E-03   4.2160E-04   4.1646E-04   4.2138E-04 / 4.1629E-04   
240   4.157E-03   4.1014E-04   4.0764E-04   4.1014E-04 / 4.0764E-04   
250   4.157E-03   3.9526E-04   3.9052E-04   3.9472E-04 / 3.9023E-04   
260   4.157E-03   3.7769E-04   3.7457E-04   3.7671E-04 / 3.7387E-04   
270   4.157E-03   3.6362E-04   3.6101E-04   3.6362E-04 / 3.6101E-04   
280   4.157E-03   3.4494E-04   3.4583E-04   3.4467E-04 / 3.4558E-04   
290   4.157E-03   3.3148E-04   3.3252E-04   3.3145E-04 / 3.3250E-04   
300   4.157E-03   3.3080E-04   3.3028E-04   3.3031E-04 / 3.2984E-04   
310   4.157E-03   3.6278E-04   3.5569E-04   3.6180E-04 / 3.5495E-04   
320   4.157E-03   3.0260E-04   3.0323E-04   3.0236E-04 / 3.0307E-04   
330   4.157E-03   2.8890E-04   2.9444E-04   2.8867E-04 / 2.9431E-04   
340   4.157E-03   2.8309E-04   2.9042E-04   2.8289E-04 / 2.9036E-04   
350   4.157E-03   2.6971E-04   2.7756E-04   2.6953E-04 / 2.7752E-04   
360   4.157E-03   2.5952E-04   2.6607E-04   2.5933E-04 / 2.6603E-04   
370   4.157E-03   2.5230E-04   2.6083E-04   2.5166E-04 / 2.6048E-04   
380   4.157E-03   2.5078E-04   2.5997E-04   2.5078E-04 / 2.5997E-04   
390   4.157E-03   2.5750E-04   2.6995E-04   2.5739E-04 / 2.6980E-04   
400   4.157E-03   2.3208E-04   2.4103E-04   2.3169E-04 / 2.4075E-04   
410   4.157E-03   2.9603E-04   3.0119E-04   2.9526E-04 / 3.0063E-04   
420   4.157E-03   2.1926E-04   2.3282E-04   2.1863E-04 / 2.3245E-04   
430   4.157E-03   2.1286E-04   2.2270E-04   2.1248E-04 / 2.2254E-04   
440   4.157E-03   2.1332E-04   2.2473E-04   2.1309E-04 / 2.2466E-04   
450   4.157E-03   2.0482E-04   2.2016E-04   2.0449E-04 / 2.2002E-04   
460   4.157E-03   2.0183E-04   2.1809E-04   2.0180E-04 / 2.1805E-04   
470   4.157E-03   1.9790E-04   2.1027E-04   1.9785E-04 / 2.1026E-04   
480   4.157E-03   1.9149E-04   2.0771E-04   1.9143E-04 / 2.0766E-04   
490   4.157E-03   1.8360E-04   1.9907E-04   1.8337E-04 / 1.9890E-04   
500   4.157E-03   1.8238E-04   1.9660E-04   1.8179E-04 / 1.9619E-04   
510   4.157E-03   1.7897E-04   1.8947E-04   1.7673E-04 / 1.8791E-04   
520   4.157E-03   1.7907E-04   1.8990E-04   1.7875E-04 / 1.8972E-04   
530   4.157E-03   1.7878E-04   1.8049E-04   1.7831E-04 / 1.8021E-04   
540   4.157E-03   1.6710E-04   1.8182E-04   1.6442E-04 / 1.7997E-04   
550   4.157E-03   1.6225E-04   1.7517E-04   1.6152E-04 / 1.7472E-04   
560   4.157E-03   1.5837E-04   1.7474E-04   1.5793E-04 / 1.7457E-04   
570   4.157E-03   1.6379E-04   1.8277E-04   1.6098E-04 / 1.8065E-04   
580   4.157E-03   1.5724E-04   1.7010E-04   1.5683E-04 / 1.6995E-04   
590   4.157E-03   1.4727E-04   1.6170E-04   1.4638E-04 / 1.6119E-04   
600   4.157E-03   1.4737E-04   1.6065E-04   1.4709E-04 / 1.6061E-04   
610   4.157E-03   1.4976E-04   1.6828E-04   1.4948E-04 / 1.6817E-04   
620   4.157E-03   1.5253E-04   1.7495E-04   1.5070E-04 / 1.7365E-04   
630   4.157E-03   1.3931E-04   1.5795E-04   1.3869E-04 / 1.5766E-04   
640   4.157E-03   1.3804E-04   1.5501E-04   1.3794E-04 / 1.5499E-04   
650   4.157E-03   1.3079E-04   1.4558E-04   1.2950E-04 / 1.4481E-04   
660   4.157E-03   1.2887E-04   1.4670E-04   1.2869E-04 / 1.4663E-04   
670   4.157E-03   1.3935E-04   1.4713E-04   1.3931E-04 / 1.4713E-04   
680   4.157E-03   1.3033E-04   1.4536E-04   1.2990E-04 / 1.4511E-04   
690   4.157E-03   1.2177E-04   1.3607E-04   1.2159E-04 / 1.3602E-04   
700   4.157E-03   1.1954E-04   1.3402E-04   1.1930E-04 / 1.3394E-04   
710   4.157E-03   1.1593E-04   1.2942E-04   1.1453E-04 / 1.2855E-04   
720   4.157E-03   1.1751E-04   1.3835E-04   1.1717E-04 / 1.3822E-04   
730   4.157E-03   1.2175E-04   1.4092E-04   1.2166E-04 / 1.4092E-04   
740   4.157E-03   1.1094E-04   1.2164E-04   1.0958E-04 / 1.2074E-04   
750   4.157E-03   1.6681E-04   1.8400E-04   1.5533E-04 / 1.7378E-04   
760   4.157E-03   1.0755E-04   1.2166E-04   1.0717E-04 / 1.2153E-04   
770   4.157E-03   1.1096E-04   1.2647E-04   1.1092E-04 / 1.2647E-04   
780   4.157E-03   1.0574E-04   1.1945E-04   1.0533E-04 / 1.1940E-04   
790   4.157E-03   1.1609E-04   1.3015E-04   1.1579E-04 / 1.3007E-04   
800   4.157E-03   9.9738E-05   1.1129E-04   9.8695E-05 / 1.1072E-04   
810   4.157E-03   1.0607E-04   1.1824E-04   1.0563E-04 / 1.1810E-04   
820   4.157E-03   1.1185E-04   1.2818E-04   1.1130E-04 / 1.2792E-04   
830   4.157E-03   9.7999E-05   1.1086E-04   9.7721E-05 / 1.1078E-04   
840   4.157E-03   9.4331E-05   1.0724E-04   9.4134E-05 / 1.0719E-04   
850   4.157E-03   9.4735E-05   1.0729E-04   9.4734E-05 / 1.0729E-04   
860   4.157E-03   1.0350E-04   1.2055E-04   1.0270E-04 / 1.2020E-04   
870   4.157E-03   1.0176E-04   1.1136E-04   9.8353E-05 / 1.0843E-04   
880   4.157E-03   9.4899E-05   1.0486E-04   9.3047E-05 / 1.0378E-04   
890   4.157E-03   8.8939E-05   9.9833E-05   8.8293E-05 / 9.9424E-05   
900   4.157E-03   9.1844E-05   1.0368E-04   9.1684E-05 / 1.0367E-04   
910   4.157E-03   8.9640E-05   9.5801E-05   8.9625E-05 / 9.5801E-05   
920   4.157E-03   9.1254E-05   9.7678E-05   8.9459E-05 / 9.6647E-05   
930   4.157E-03   8.1826E-05   9.0639E-05   8.1472E-05 / 9.0542E-05   
940   4.157E-03   8.8552E-05   9.4947E-05   8.8087E-05 / 9.4797E-05   
950   4.157E-03   8.2927E-05   9.2128E-05   8.2845E-05 / 9.2128E-05   
960   4.157E-03   8.3630E-05   8.9681E-05   8.2964E-05 / 8.9400E-05   
970   4.157E-03   1.0363E-04   1.1343E-04   1.0285E-04 / 1.1305E-04   
980   4.157E-03   7.6568E-05   8.3201E-05   7.6375E-05 / 8.3195E-05   
990   4.157E-03   7.7038E-05   8.3416E-05   7.6921E-05 / 8.3416E-05   
1000   4.157E-03   7.9791E-05   8.7990E-05   7.8792E-05 / 8.7546E-05   
1010   4.157E-03   7.6861E-05   8.4459E-05   7.6721E-05 / 8.4454E-05   
1020   4.157E-03   1.1648E-04   1.2397E-04   1.0135E-04 / 1.0806E-04   
1030   4.157E-03   8.1220E-05   8.8283E-05   8.1012E-05 / 8.8269E-05   
1040   4.157E-03   8.5764E-05   8.8518E-05   8.3936E-05 / 8.7398E-05   
1050   4.157E-03   7.4019E-05   7.9935E-05   7.2631E-05 / 7.9184E-05   
1060   4.157E-03   8.1708E-05   9.0491E-05   8.1650E-05 / 9.0491E-05   
1070   4.157E-03   7.6886E-05   8.4959E-05   7.6574E-05 / 8.4919E-05   
1080   4.157E-03   9.0433E-05   1.0126E-04   9.0154E-05 / 1.0095E-04   
1090   4.157E-03   7.4800E-05   8.3769E-05   7.4800E-05 / 8.3769E-05   
1100   4.157E-03   7.1329E-05   7.6828E-05   6.9758E-05 / 7.5959E-05   
1110   4.157E-03   6.5899E-05   7.0317E-05   6.4216E-05 / 6.9417E-05   
1120   4.157E-03   7.5538E-05   8.0580E-05   7.4521E-05 / 8.0130E-05   
1130   4.157E-03   6.8371E-05   7.6177E-05   6.8264E-05 / 7.6176E-05   
1140   4.157E-03   6.9786E-05   7.6396E-05   6.9293E-05 / 7.6257E-05   
1150   4.157E-03   6.1949E-05   6.9201E-05   6.1566E-05 / 6.9116E-05   
1160   4.157E-03   6.9022E-05   7.4400E-05   6.8944E-05 / 7.4399E-05   
1170   4.157E-03   6.4451E-05   7.2241E-05   6.3950E-05 / 7.2114E-05   
1180   4.157E-03   6.2486E-05   7.1372E-05   6.2443E-05 / 7.1371E-05   
1190   4.157E-03   6.2052E-05   7.0245E-05   6.1728E-05 / 7.0193E-05   
1200   4.157E-03   6.3742E-05   7.1398E-05   6.3573E-05 / 7.1392E-05   
1210   4.157E-03   1.2479E-04   1.3873E-04   1.2087E-04 / 1.3562E-04   
1220   4.157E-03   1.1203E-04   1.1627E-04   1.0931E-04 / 1.1412E-04   
1230   4.157E-03   6.3935E-05   7.1113E-05   6.3764E-05 / 7.1105E-05   
1240   4.157E-03   6.4367E-05   7.4327E-05   6.3928E-05 / 7.4234E-05   
1250   4.157E-03   6.1229E-05   6.7985E-05   6.0408E-05 / 6.7668E-05   
1260   4.157E-03   5.8609E-05   6.3889E-05   5.7365E-05 / 6.3352E-05   
1270   4.157E-03   7.3805E-05   8.3781E-05   7.3298E-05 / 8.3672E-05   
1280   4.157E-03   5.8883E-05   6.6677E-05   5.8871E-05 / 6.6677E-05   
1290   4.157E-03   6.7990E-05   7.5172E-05   6.7807E-05 / 7.5169E-05   
1300   4.157E-03   5.5241E-05   6.2061E-05   5.4476E-05 / 6.1815E-05   
1310   4.157E-03   5.7232E-05   6.5596E-05   5.7176E-05 / 6.5596E-05   
1320   4.157E-03   5.5572E-05   6.2507E-05   5.4115E-05 / 6.1844E-05   
1330   4.157E-03   5.6812E-05   6.5753E-05   5.5052E-05 / 6.4880E-05   
1340   4.157E-03   5.3761E-05   5.9712E-05   5.1942E-05 / 5.8808E-05   
1350   4.157E-03   5.6763E-05   6.4484E-05   5.3348E-05 / 6.2446E-05   
1360   4.157E-03   5.8598E-05   6.9686E-05   5.7231E-05 / 6.8003E-05   
1370   4.157E-03   5.4738E-05   6.2568E-05   5.2591E-05 / 6.1479E-05   
1380   4.157E-03   6.5155E-05   7.2389E-05   6.3665E-05 / 7.1692E-05   
1390   4.157E-03   5.8456E-05   6.7286E-05   5.8455E-05 / 6.7285E-05   
1400   4.157E-03   4.9572E-05   5.7904E-05   4.9271E-05 / 5.7872E-05   
1410   4.157E-03   5.3004E-05   6.2258E-05   5.2192E-05 / 6.1978E-05   
1420   4.157E-03   6.9388E-05   7.9122E-05   6.9388E-05 / 7.9122E-05   
1430   4.157E-03   5.1755E-05   6.0874E-05   5.1455E-05 / 6.0717E-05   
1440   4.157E-03   5.3986E-05   6.2319E-05   5.2944E-05 / 6.1874E-05   
1450   4.157E-03   5.7460E-05   6.3088E-05   5.7141E-05 / 6.3047E-05   
1460   4.157E-03   5.3227E-05   6.2325E-05   5.2704E-05 / 6.2050E-05   
1470   4.157E-03   4.8307E-05   5.5820E-05   4.6828E-05 / 5.5125E-05   
1480   4.157E-03   4.9737E-05   5.8578E-05   4.9261E-05 / 5.8471E-05   
1490   4.157E-03   4.9401E-05   5.9362E-05   4.8853E-05 / 5.9213E-05   
1500   4.157E-03   5.0085E-05   5.9330E-05   4.9969E-05 / 5.9330E-05   
1510   4.157E-03   7.9058E-05   8.3644E-05   7.8337E-05 / 8.3465E-05   
1520   4.157E-03   4.7704E-05   5.7219E-05   4.7529E-05 / 5.7213E-05   
1530   4.157E-03   5.0745E-05   5.7872E-05   4.7380E-05 / 5.5984E-05   
1540   4.157E-03   5.7376E-05   6.0673E-05   5.7043E-05 / 6.0623E-05   
1550   4.157E-03   6.4018E-05   6.8253E-05   5.1300E-05 / 5.8700E-05   
1560   4.157E-03   5.3628E-05   6.5963E-05   5.3369E-05 / 6.5944E-05   
1570   4.157E-03   4.9781E-05   6.2130E-05   4.9707E-05 / 6.2130E-05   
1580   4.157E-03   4.5339E-05   5.5514E-05   4.4703E-05 / 5.5338E-05   
1590   4.157E-03   4.5798E-05   5.4743E-05   4.4411E-05 / 5.4150E-05   
1600   4.157E-03   4.9690E-05   5.7506E-05   4.6338E-05 / 5.5434E-05   
1610   4.157E-03   8.8597E-05   9.8203E-05   8.7612E-05 / 9.7444E-05   
1620   4.157E-03   4.5718E-05   5.3435E-05   4.3782E-05 / 5.2409E-05   
1630   4.157E-03   4.4046E-05   5.2647E-05   4.2990E-05 / 5.2263E-05   
1640   4.157E-03   4.4463E-05   5.3887E-05   4.2071E-05 / 5.2626E-05   
1650   4.157E-03   4.3356E-05   4.9861E-05   4.1680E-05 / 4.9129E-05   
1660   4.157E-03   5.5025E-05   6.5955E-05   5.3127E-05 / 6.5024E-05   
1670   4.157E-03   4.6158E-05   5.5727E-05   4.5101E-05 / 5.5320E-05   
1680   4.157E-03   5.8891E-05   6.9186E-05   5.7414E-05 / 6.8448E-05   
1690   4.157E-03   4.1969E-05   5.1342E-05   4.1483E-05 / 5.1245E-05   
1700   4.157E-03   4.3516E-05   5.1131E-05   4.3375E-05 / 5.1131E-05   
1710   4.157E-03   4.2096E-05   5.1458E-05   4.1619E-05 / 5.1355E-05   
1720   4.157E-03   4.3631E-05   5.2319E-05   4.3214E-05 / 5.2244E-05   
1730   4.157E-03   4.8035E-05   5.6532E-05   4.7697E-05 / 5.6423E-05   
1740   4.157E-03   4.1297E-05   5.0918E-05   4.0645E-05 / 5.0816E-05   
1750   4.157E-03   4.1700E-05   5.0770E-05   3.9037E-05 / 4.9382E-05   
1760   4.157E-03   4.1164E-05   5.0986E-05   4.0926E-05 / 5.0928E-05   
1770   4.157E-03   4.6291E-05   5.6126E-05   4.6041E-05 / 5.6108E-05   
1780   4.157E-03   4.6181E-05   5.4673E-05   4.5308E-05 / 5.4370E-05   
1790   4.157E-03   4.2489E-05   5.2883E-05   4.2409E-05 / 5.2883E-05   
1800   4.157E-03   3.9436E-05   4.8542E-05   3.7574E-05 / 4.7665E-05   
1810   4.157E-03   4.0612E-05   5.1128E-05   4.0312E-05 / 5.1063E-05   
1820   4.157E-03   1.0421E-04   1.2384E-04   1.0308E-04 / 1.2341E-04   
1830   4.157E-03   3.8913E-05   4.9367E-05   3.8498E-05 / 4.9293E-05   
1840   4.157E-03   3.9378E-05   4.8734E-05   3.8814E-05 / 4.8618E-05   
1850   4.157E-03   3.8604E-05   4.8743E-05   3.7588E-05 / 4.8345E-05   
1860   4.157E-03   4.0012E-05   4.8454E-05   3.8954E-05 / 4.8077E-05   
1870   4.157E-03   3.9608E-05   5.1211E-05   3.9570E-05 / 5.1211E-05   
1880   4.157E-03   5.1157E-05   5.4712E-05   4.4844E-05 / 5.0576E-05   
1890   4.157E-03   3.6872E-05   4.7819E-05   3.6328E-05 / 4.7688E-05   
1900   4.157E-03   3.8449E-05   5.0107E-05   3.8213E-05 / 5.0071E-05   
1910   4.157E-03   5.0822E-05   6.1189E-05   5.0576E-05 / 6.0861E-05   
1920   4.157E-03   4.4677E-05   5.8340E-05   4.4476E-05 / 5.8335E-05   
1930   4.157E-03   4.2795E-05   5.2277E-05   3.9029E-05 / 5.0068E-05   
1940   4.157E-03   3.7100E-05   4.9130E-05   3.6766E-05 / 4.9093E-05   
1950   4.157E-03   5.2174E-05   6.3696E-05   5.1993E-05 / 6.3550E-05   
1960   4.157E-03   4.0684E-05   5.0138E-05   4.0108E-05 / 5.0014E-05   
1970   4.157E-03   4.2821E-05   5.3269E-05   4.2445E-05 / 5.3227E-05   
1980   4.157E-03   3.8090E-05   5.0704E-05   3.7952E-05 / 5.0704E-05   
1990   4.157E-03   3.6143E-05   4.6220E-05   3.5515E-05 / 4.6054E-05   
2000   4.157E-03   4.2674E-05   5.3400E-05   3.9871E-05 / 5.1556E-05   
2010   4.157E-03   3.6975E-05   4.7161E-05   3.5478E-05 / 4.6567E-05   
2020   4.157E-03   4.5547E-05   5.8583E-05   4.5444E-05 / 5.8583E-05   
2030   4.157E-03   3.7029E-05   4.9733E-05   3.6349E-05 / 4.9539E-05   
2040   4.157E-03   4.1632E-05   5.0655E-05   4.1568E-05 / 5.0655E-05   
2050   4.157E-03   5.1477E-05   6.2152E-05   4.6316E-05 / 5.5980E-05   
2060   4.157E-03   3.8567E-05   4.8184E-05   3.6836E-05 / 4.7377E-05   
2070   4.157E-03   3.5272E-05   4.5138E-05   3.3744E-05 / 4.4480E-05   
2080   4.157E-03   3.6891E-05   4.7426E-05   3.5852E-05 / 4.7052E-05   
2090   4.157E-03   3.4907E-05   4.7403E-05   3.4628E-05 / 4.7318E-05   
2100   4.157E-03   3.4793E-05   4.6007E-05   3.4286E-05 / 4.5900E-05   
2110   4.157E-03   4.0878E-05   4.8925E-05   3.7731E-05 / 4.7194E-05   
2120   4.157E-03   3.8532E-05   5.1965E-05   3.8251E-05 / 5.1656E-05   
2130   4.157E-03   3.6421E-05   4.8386E-05   3.6336E-05 / 4.8373E-05   
2140   4.157E-03   3.5332E-05   4.5728E-05   3.3063E-05 / 4.4563E-05   
2150   4.157E-03   3.6489E-05   4.9485E-05   3.5794E-05 / 4.9288E-05   
2160   4.157E-03   5.2281E-05   5.9160E-05   4.2492E-05 / 5.1954E-05   
2170   4.157E-03   3.7281E-05   4.8561E-05   3.4836E-05 / 4.7295E-05   
2180   4.157E-03   3.6448E-05   4.6558E-05   3.5074E-05 / 4.5958E-05   
2190   4.157E-03   3.6349E-05   4.8070E-05   3.5485E-05 / 4.7778E-05   
2200   4.157E-03   4.2526E-05   5.3286E-05   3.8171E-05 / 5.0668E-05   
2210   4.157E-03   3.4790E-05   4.7901E-05   3.4621E-05 / 4.7901E-05   
2220   4.157E-03   4.1749E-05   5.5633E-05   3.9975E-05 / 5.4229E-05   
2230   4.157E-03   4.7299E-05   5.6433E-05   4.6180E-05 / 5.5995E-05   
2240   4.157E-03   4.4750E-05   5.8637E-05   4.4739E-05 / 5.8637E-05   
2250   4.157E-03   3.5103E-05   4.8735E-05   3.4338E-05 / 4.8472E-05   
2260   4.157E-03   3.5037E-05   4.9707E-05   3.4554E-05 / 4.9605E-05   
2270   4.157E-03   3.8610E-05   5.0446E-05   3.8022E-05 / 5.0027E-05   
2280   4.157E-03   3.5035E-05   5.0078E-05   3.4757E-05 / 5.0061E-05   
2290   4.157E-03   3.3806E-05   4.5668E-05   3.3590E-05 / 4.5664E-05   
2300   4.157E-03   3.5355E-05   4.8661E-05   3.5084E-05 / 4.8645E-05   
2310   4.157E-03   4.0656E-05   5.5284E-05   3.9505E-05 / 5.4222E-05   
2320   4.157E-03   3.8839E-05   4.9731E-05   3.3960E-05 / 4.6762E-05   
2330   4.157E-03   3.2732E-05   4.5572E-05   3.1676E-05 / 4.5178E-05   
2340   4.157E-03   3.1392E-05   4.5342E-05   3.0762E-05 / 4.5175E-05   
2350   4.157E-03   3.3288E-05   4.7195E-05   3.2895E-05 / 4.7135E-05   
2360   4.157E-03   3.3142E-05   4.3509E-05   3.2655E-05 / 4.3407E-05   
2370   4.157E-03   3.2578E-05   4.5454E-05   3.2167E-05 / 4.5389E-05   
2380   4.157E-03   3.3282E-05   4.7694E-05   3.2539E-05 / 4.7462E-05   
2390   4.157E-03   3.9493E-05   5.5225E-05   3.6247E-05 / 5.3323E-05   
2400   4.157E-03   4.3314E-05   5.7631E-05   4.3314E-05 / 5.7631E-05   
2410   4.157E-03   3.3209E-05   4.5446E-05   3.2055E-05 / 4.5006E-05   
2420   4.157E-03   3.1213E-05   4.1999E-05   3.0134E-05 / 4.1603E-05   
2430   4.157E-03   3.3813E-05   4.8119E-05   3.0881E-05 / 4.6553E-05   
2440   4.157E-03   5.0505E-05   5.9632E-05   4.7068E-05 / 5.7668E-05   
2450   4.157E-03   3.5180E-05   5.0061E-05   3.2236E-05 / 4.8503E-05   
2460   4.157E-03   3.7239E-05   4.7661E-05   3.2432E-05 / 4.4726E-05   
2470   4.157E-03   3.0967E-05   4.4764E-05   2.9819E-05 / 4.4314E-05   
2480   4.157E-03   3.1629E-05   4.5382E-05   3.1463E-05 / 4.5381E-05   
2490   4.157E-03   3.1677E-05   4.2475E-05   3.1047E-05 / 4.2328E-05   
2500   4.157E-03   3.8661E-05   5.1562E-05   3.3686E-05 / 4.8165E-05   
2510   4.157E-03   3.8279E-05   5.4283E-05   3.8259E-05 / 5.4258E-05   
2520   4.157E-03   3.5513E-05   4.8814E-05   3.5107E-05 / 4.8746E-05   
2530   4.157E-03   3.0952E-05   4.6134E-05   3.0621E-05 / 4.6104E-05   
2540   4.157E-03   3.4711E-05   4.5898E-05   3.0885E-05 / 4.3670E-05   
2550   4.157E-03   4.8803E-05   5.8811E-05   4.7736E-05 / 5.7785E-05   
2560   4.157E-03   3.3519E-05   4.7648E-05   3.2968E-05 / 4.7536E-05   
2570   4.157E-03   3.2114E-05   4.5277E-05   3.0873E-05 / 4.4792E-05   
2580   4.157E-03   3.4118E-05   4.7301E-05   3.1921E-05 / 4.6240E-05   
2590   4.157E-03   3.2905E-05   4.4761E-05   3.1457E-05 / 4.4149E-05   
2600   4.157E-03   3.0603E-05   4.4041E-05   2.9819E-05 / 4.3798E-05   
2610   4.157E-03   3.4168E-05   4.7937E-05   3.3914E-05 / 4.7925E-05   
2620   4.157E-03   3.7150E-05   5.4617E-05   3.6245E-05 / 5.4297E-05   
2630   4.157E-03   3.7791E-05   5.1574E-05   3.7213E-05 / 5.1440E-05   
2640   4.157E-03   3.2596E-05   4.8039E-05   3.2472E-05 / 4.8039E-05   
2650   4.157E-03   3.0601E-05   4.3286E-05   2.9283E-05 / 4.2751E-05   
2660   4.157E-03   3.1703E-05   4.6862E-05   3.1361E-05 / 4.6831E-05   
2670   4.157E-03   4.5608E-05   5.9851E-05   4.1575E-05 / 5.6419E-05   
2680   4.157E-03   2.9447E-05   4.2011E-05   2.7899E-05 / 4.1331E-05   
2690   4.157E-03   3.8750E-05   5.2313E-05   3.7157E-05 / 5.1635E-05   
2700   4.157E-03   3.1526E-05   4.3967E-05   2.9855E-05 / 4.3227E-05   
2710   4.157E-03   3.0767E-05   4.4020E-05   3.0495E-05 / 4.4004E-05   
2720   4.157E-03   5.4908E-05   6.6653E-05   5.2322E-05 / 6.5371E-05   
2730   4.157E-03   2.9217E-05   4.3067E-05   2.8193E-05 / 4.2702E-05   
2740   4.157E-03   3.4837E-05   4.9625E-05   3.4837E-05 / 4.9625E-05   
2750   4.157E-03   3.6891E-05   4.9735E-05   3.6888E-05 / 4.9735E-05   
2760   4.157E-03   3.3996E-05   4.8249E-05   3.3996E-05 / 4.8249E-05   
2770   4.157E-03   2.8063E-05   4.1317E-05   2.7295E-05 / 4.1095E-05   
2780   4.157E-03   3.0052E-05   4.3920E-05   2.9745E-05 / 4.3897E-05   
2790   4.157E-03   4.2623E-05   5.7542E-05   4.2623E-05 / 5.7542E-05   
2800   4.157E-03   3.1617E-05   4.6970E-05   3.1522E-05 / 4.6970E-05   
2810   4.157E-03   3.3641E-05   4.6412E-05   3.3502E-05 / 4.6412E-05   
2820   4.157E-03   3.3068E-05   4.7100E-05   3.3025E-05 / 4.7100E-05   
2830   4.157E-03   3.4284E-05   4.4883E-05   2.9594E-05 / 4.2016E-05   
2840   4.157E-03   3.0820E-05   4.2575E-05   2.8328E-05 / 4.1331E-05   
2850   4.157E-03   3.4436E-05   4.5676E-05   3.0440E-05 / 4.3352E-05   
2860   4.157E-03   3.3583E-05   4.6708E-05   3.0941E-05 / 4.5269E-05   
2870   4.157E-03   3.2190E-05   4.6416E-05   2.8823E-05 / 4.3581E-05   
2880   4.157E-03   3.0527E-05   4.5994E-05   3.0434E-05 / 4.5841E-05   
2890   4.157E-03   2.8472E-05   4.0945E-05   2.6800E-05 / 4.0214E-05   
2900   4.157E-03   3.9324E-05   5.3134E-05   3.9315E-05 / 5.3134E-05   
2910   4.157E-03   2.7902E-05   4.1645E-05   2.7383E-05 / 4.1554E-05   
2920   4.157E-03   2.8728E-05   4.3278E-05   2.8089E-05 / 4.3144E-05   
2930   4.157E-03   2.9337E-05   4.4041E-05   2.9208E-05 / 4.4041E-05   
2940   4.157E-03   2.6912E-05   3.9442E-05   2.5834E-05 / 3.9062E-05   
2950   4.157E-03   2.6806E-05   4.1293E-05   2.6267E-05 / 4.1204E-05   
2960   4.157E-03   3.7756E-05   5.3582E-05   3.7499E-05 / 5.3549E-05   
2970   4.157E-03   3.3358E-05   4.7749E-05   3.2904E-05 / 4.7681E-05   
2980   4.157E-03   3.0548E-05   4.6913E-05   3.0510E-05 / 4.6913E-05   
2990   4.157E-03   2.7802E-05   4.3350E-05   2.7654E-05 / 4.3350E-05   
3000   4.157E-03   2.8316E-05   4.1311E-05   2.7156E-05 / 4.0877E-05   
3010   4.157E-03   2.7854E-05   4.1696E-05   2.7657E-05 / 4.1693E-05   
3020   4.157E-03   2.7733E-05   4.0747E-05   2.7147E-05 / 4.0639E-05   
3030   4.157E-03   2.7314E-05   4.2203E-05   2.7120E-05 / 4.2193E-05   
3040   4.157E-03   3.0096E-05   4.4570E-05   2.9671E-05 / 4.4375E-05   
3050   4.157E-03   2.7667E-05   4.4069E-05   2.7337E-05 / 4.4042E-05   
3060   4.157E-03   2.7793E-05   4.3529E-05   2.6857E-05 / 4.3229E-05   
3070   4.157E-03   2.7082E-05   4.2198E-05   2.6869E-05 / 4.2193E-05   
3080   4.157E-03   4.0761E-05   5.6196E-05   4.0761E-05 / 5.6196E-05   
3090   4.157E-03   3.0520E-05   4.6402E-05   3.0516E-05 / 4.6402E-05   
3100   4.157E-03   3.6496E-05   5.2352E-05   3.5398E-05 / 4.9910E-05   
3110   4.157E-03   2.7382E-05   4.1983E-05   2.6673E-05 / 4.1826E-05   
3120   4.157E-03   2.8201E-05   4.2355E-05   2.8048E-05 / 4.2355E-05   
3130   4.157E-03   3.4356E-05   4.7987E-05   2.8046E-05 / 4.2679E-05   
3140   4.157E-03   2.9402E-05   4.3743E-05   2.9058E-05 / 4.3588E-05   
3150   4.157E-03   5.0264E-05   6.9065E-05   5.0264E-05 / 6.9065E-05   
3160   4.157E-03   2.6261E-05   3.9536E-05   2.5076E-05 / 3.9095E-05   
3170   4.157E-03   2.8648E-05   4.2766E-05   2.7123E-05 / 4.2222E-05   
3180   4.157E-03   3.2852E-05   4.7465E-05   3.2852E-05 / 4.7465E-05   
3190   4.157E-03   3.1766E-05   4.7690E-05   3.1172E-05 / 4.6601E-05   
3200   4.157E-03   3.0817E-05   4.3604E-05   2.9365E-05 / 4.3024E-05   
3210   4.157E-03   2.9874E-05   3.9671E-05   2.8809E-05 / 3.9110E-05   
3220   4.157E-03   2.9467E-05   4.2804E-05   2.8383E-05 / 4.2289E-05   
3230   4.157E-03   2.6519E-05   4.2648E-05   2.6024E-05 / 4.2579E-05   
3240   4.157E-03   3.2142E-05   4.6957E-05   3.1534E-05 / 4.6324E-05   
3250   4.157E-03   2.6587E-05   4.1903E-05   2.6421E-05 / 4.1810E-05   
3260   4.157E-03   3.9838E-05   5.4891E-05   3.9528E-05 / 5.4801E-05   
3270   4.157E-03   2.7446E-05   4.0457E-05   2.6625E-05 / 4.0165E-05   
3280   4.157E-03   2.7564E-05   4.5337E-05   2.7329E-05 / 4.5329E-05   
3290   4.157E-03   2.9703E-05   4.4175E-05   2.9691E-05 / 4.4175E-05   
3300   4.157E-03   2.8533E-05   4.4903E-05   2.8361E-05 / 4.4903E-05   
3310   4.157E-03   2.6188E-05   4.0293E-05   2.5831E-05 / 4.0259E-05   
3320   4.157E-03   2.4750E-05   3.9225E-05   2.4477E-05 / 3.9211E-05   
3330   4.157E-03   3.1180E-05   4.3267E-05   2.6085E-05 / 4.0179E-05   
3340   4.157E-03   4.3928E-05   5.9069E-05   4.3919E-05 / 5.9069E-05   
3350   4.157E-03   2.5117E-05   4.2389E-05   2.4650E-05 / 4.2206E-05   
3360   4.157E-03   2.6131E-05   4.2744E-05   2.4851E-05 / 4.2271E-05   
3370   4.157E-03   3.8675E-05   5.4230E-05   3.4681E-05 / 4.9831E-05   
3380   4.157E-03   2.4177E-05   3.8314E-05   2.3522E-05 / 3.8174E-05   
3390   4.157E-03   3.0128E-05   4.7296E-05   2.9501E-05 / 4.6902E-05   
3400   4.157E-03   2.9379E-05   4.5616E-05   2.9332E-05 / 4.5616E-05   
3410   4.157E-03   2.4178E-05   3.9300E-05   2.3695E-05 / 3.9231E-05   
3420   4.157E-03   2.7589E-05   4.3273E-05   2.7557E-05 / 4.3273E-05   
3430   4.157E-03   2.9351E-05   4.3741E-05   2.9097E-05 / 4.3736E-05   
3440   4.157E-03   3.3588E-05   4.9205E-05   3.0902E-05 / 4.7295E-05   
3450   4.157E-03   3.2407E-05   4.6914E-05   3.2405E-05 / 4.6914E-05   
3460   4.157E-03   2.6071E-05   4.3276E-05   2.5936E-05 / 4.3266E-05   
3470   4.157E-03   2.4957E-05   4.2308E-05   2.4742E-05 / 4.2305E-05   
3480   4.157E-03   2.7005E-05   4.0703E-05   2.4648E-05 / 3.9566E-05   
3490   4.157E-03   3.0011E-05   4.9091E-05   3.0009E-05 / 4.9091E-05   
3500   4.157E-03   2.5148E-05   4.2499E-05   2.4497E-05 / 4.2358E-05   
3510   4.157E-03   2.4185E-05   3.9618E-05   2.3073E-05 / 3.9234E-05   
3520   4.157E-03   2.4137E-05   3.8938E-05   2.3123E-05 / 3.8511E-05   
3530   4.157E-03   2.5397E-05   4.1769E-05   2.4392E-05 / 4.1433E-05   
3540   4.157E-03   2.4115E-05   3.7724E-05   2.3181E-05 / 3.7438E-05   
3550   4.157E-03   2.6267E-05   4.1490E-05   2.5260E-05 / 4.1091E-05   
3560   4.157E-03   2.7654E-05   4.1868E-05   2.7561E-05 / 4.1868E-05   
3570   4.157E-03   2.5924E-05   4.3483E-05   2.5853E-05 / 4.3483E-05   
3580   4.157E-03   2.8789E-05   4.7907E-05   2.8770E-05 / 4.7900E-05   
3584   4.157E-03   2.4542E-05   4.1740E-05   2.4288E-05 / 4.1733E-05   
BEST MODEL
===============================================================================================================
3321   4.157E-03   2.4796E-05   3.6393E-05   2.3767E-05 / 3.6070E-05   
===============================================================================================================
Saved model to /home/nikki/kan/kanTBNN/models/multi_run/kan_experiment_105_opt/kanTBNN-24Nov07_12:13:30.pickle
