========== Dataset info ==========
Dataset params: {'file': '/home/nikki/kan/data/turbulence_dataset_clean.csv', 'Cases': ['fp_1000', 'fp_1410', 'fp_2000', 'fp_2540', 'fp_3030', 'fp_3270', 'fp_3630', 'fp_3970', 'fp_4060'], 'val_set': ['fp_3030', 'fp_1410', 'fp_4060'], 'test_set': ['fp_3630'], 'data_loader': <class 'tbnn.dataloaders.aDataset'>}
Train/Valid/Test points: 760 / 468 / 168
Memorization?: False
Cluster training?: False
EPOCH     LR        TRAIN         VALID             MSE:T/V                  RL:T/V             %NR_t/%NR_v
===============================================================================================================
  1   6.125E-04   2.1605E-01   2.1339E-01   2.1605E-01 / 2.1339E-01   
 10   6.125E-04   1.4547E-01   1.4308E-01   1.4547E-01 / 1.4308E-01   
 20   6.125E-04   6.8004E-02   6.5336E-02   6.8004E-02 / 6.5336E-02   
 30   6.125E-04   2.8118E-02   2.6203E-02   2.8118E-02 / 2.6203E-02   
 40   6.125E-04   1.3020E-02   1.1951E-02   1.3020E-02 / 1.1951E-02   
 50   6.125E-04   7.7528E-03   7.1270E-03   7.7528E-03 / 7.1270E-03   
 60   6.125E-04   5.8579E-03   5.4344E-03   5.8579E-03 / 5.4344E-03   
 70   6.125E-04   4.9309E-03   4.6292E-03   4.9309E-03 / 4.6292E-03   
 80   6.125E-04   4.3933E-03   4.1594E-03   4.3933E-03 / 4.1594E-03   
 90   6.125E-04   4.0272E-03   3.8353E-03   4.0265E-03 / 3.8346E-03   
100   6.125E-04   3.7397E-03   3.5757E-03   3.7389E-03 / 3.5749E-03   
110   6.125E-04   3.4939E-03   3.3522E-03   3.4936E-03 / 3.3519E-03   
120   6.125E-04   3.2731E-03   3.1527E-03   3.2731E-03 / 3.1527E-03   
130   6.125E-04   3.0803E-03   2.9778E-03   3.0803E-03 / 2.9778E-03   
140   6.125E-04   2.9130E-03   2.8254E-03   2.9130E-03 / 2.8254E-03   
150   6.125E-04   2.7676E-03   2.6915E-03   2.7676E-03 / 2.6915E-03   
160   6.125E-04   2.6405E-03   2.5738E-03   2.6405E-03 / 2.5738E-03   
170   6.125E-04   2.5274E-03   2.4681E-03   2.5274E-03 / 2.4681E-03   
180   6.125E-04   2.4236E-03   2.3701E-03   2.4236E-03 / 2.3701E-03   
190   6.125E-04   2.3279E-03   2.2791E-03   2.3279E-03 / 2.2791E-03   
200   6.125E-04   2.2390E-03   2.1932E-03   2.2389E-03 / 2.1932E-03   
210   6.125E-04   2.1555E-03   2.1124E-03   2.1554E-03 / 2.1124E-03   
220   6.125E-04   2.0765E-03   2.0351E-03   2.0763E-03 / 2.0350E-03   
230   6.125E-04   2.0024E-03   1.9629E-03   2.0022E-03 / 1.9628E-03   
240   6.125E-04   1.9332E-03   1.8962E-03   1.9329E-03 / 1.8961E-03   
250   6.125E-04   1.8683E-03   1.8335E-03   1.8680E-03 / 1.8334E-03   
260   6.125E-04   1.8072E-03   1.7747E-03   1.8070E-03 / 1.7747E-03   
270   6.125E-04   1.7513E-03   1.7209E-03   1.7511E-03 / 1.7208E-03   
280   6.125E-04   1.6989E-03   1.6706E-03   1.6987E-03 / 1.6705E-03   
290   6.125E-04   1.6487E-03   1.6222E-03   1.6484E-03 / 1.6221E-03   
300   6.125E-04   1.6027E-03   1.5783E-03   1.6023E-03 / 1.5781E-03   
310   6.125E-04   1.5582E-03   1.5362E-03   1.5577E-03 / 1.5360E-03   
320   6.125E-04   1.5160E-03   1.4954E-03   1.5155E-03 / 1.4951E-03   
330   6.125E-04   1.4753E-03   1.4570E-03   1.4747E-03 / 1.4567E-03   
340   6.125E-04   1.4366E-03   1.4205E-03   1.4360E-03 / 1.4202E-03   
350   6.125E-04   1.3992E-03   1.3848E-03   1.3986E-03 / 1.3845E-03   
360   6.125E-04   1.3633E-03   1.3501E-03   1.3626E-03 / 1.3496E-03   
370   6.125E-04   1.3285E-03   1.3184E-03   1.3278E-03 / 1.3179E-03   
380   6.125E-04   1.2948E-03   1.2887E-03   1.2942E-03 / 1.2883E-03   
390   6.125E-04   1.2617E-03   1.2578E-03   1.2611E-03 / 1.2574E-03   
400   6.125E-04   1.2298E-03   1.2279E-03   1.2292E-03 / 1.2275E-03   
410   6.125E-04   1.1987E-03   1.1992E-03   1.1982E-03 / 1.1989E-03   
420   6.125E-04   1.1683E-03   1.1707E-03   1.1679E-03 / 1.1704E-03   
430   6.125E-04   1.1381E-03   1.1429E-03   1.1376E-03 / 1.1426E-03   
440   6.125E-04   1.1083E-03   1.1172E-03   1.1079E-03 / 1.1169E-03   
450   6.125E-04   1.0790E-03   1.0897E-03   1.0785E-03 / 1.0895E-03   
460   6.125E-04   1.0498E-03   1.0608E-03   1.0495E-03 / 1.0606E-03   
470   6.125E-04   1.0209E-03   1.0336E-03   1.0205E-03 / 1.0334E-03   
480   6.125E-04   9.9286E-04   1.0076E-03   9.9257E-04 / 1.0074E-03   
490   6.125E-04   9.6661E-04   9.8089E-04   9.6628E-04 / 9.8068E-04   
500   6.125E-04   9.3796E-04   9.5600E-04   9.3765E-04 / 9.5581E-04   
510   6.125E-04   9.1159E-04   9.2832E-04   9.1129E-04 / 9.2813E-04   
520   6.125E-04   8.8622E-04   9.0512E-04   8.8594E-04 / 9.0497E-04   
530   6.125E-04   8.5991E-04   8.8325E-04   8.5969E-04 / 8.8313E-04   
540   6.125E-04   8.3549E-04   8.5465E-04   8.3523E-04 / 8.5449E-04   
550   6.125E-04   8.1156E-04   8.3896E-04   8.1128E-04 / 8.3876E-04   
560   6.125E-04   7.8511E-04   8.0621E-04   7.8485E-04 / 8.0602E-04   
570   6.125E-04   7.6048E-04   7.8806E-04   7.6018E-04 / 7.8782E-04   
580   6.125E-04   7.3589E-04   7.6492E-04   7.3561E-04 / 7.6468E-04   
590   6.125E-04   7.1197E-04   7.4092E-04   7.1161E-04 / 7.4060E-04   
600   6.125E-04   6.8836E-04   7.1910E-04   6.8814E-04 / 7.1893E-04   
610   6.125E-04   6.6540E-04   6.9731E-04   6.6524E-04 / 6.9717E-04   
620   6.125E-04   6.4250E-04   6.7527E-04   6.4236E-04 / 6.7516E-04   
630   6.125E-04   6.2220E-04   6.5888E-04   6.2206E-04 / 6.5877E-04   
640   6.125E-04   6.0162E-04   6.3571E-04   6.0151E-04 / 6.3562E-04   
650   6.125E-04   5.8193E-04   6.2070E-04   5.8183E-04 / 6.2062E-04   
660   6.125E-04   5.6370E-04   6.0214E-04   5.6362E-04 / 6.0209E-04   
670   6.125E-04   5.4732E-04   5.7738E-04   5.4723E-04 / 5.7732E-04   
680   6.125E-04   5.2874E-04   5.6236E-04   5.2867E-04 / 5.6231E-04   
690   6.125E-04   5.1457E-04   5.4512E-04   5.1450E-04 / 5.4506E-04   
700   6.125E-04   4.9803E-04   5.3074E-04   4.9794E-04 / 5.3068E-04   
710   6.125E-04   4.8697E-04   5.2219E-04   4.8690E-04 / 5.2214E-04   
720   6.125E-04   4.7217E-04   5.0919E-04   4.7208E-04 / 5.0913E-04   
730   6.125E-04   4.5888E-04   4.9373E-04   4.5876E-04 / 4.9365E-04   
740   6.125E-04   4.4707E-04   4.8176E-04   4.4695E-04 / 4.8168E-04   
750   6.125E-04   4.3613E-04   4.7229E-04   4.3602E-04 / 4.7222E-04   
760   6.125E-04   4.2541E-04   4.6366E-04   4.2525E-04 / 4.6355E-04   
770   6.125E-04   4.1619E-04   4.5694E-04   4.1602E-04 / 4.5682E-04   
780   6.125E-04   4.0827E-04   4.4571E-04   4.0806E-04 / 4.4557E-04   
790   6.125E-04   3.9887E-04   4.3891E-04   3.9859E-04 / 4.3873E-04   
800   6.125E-04   3.9112E-04   4.3391E-04   3.9083E-04 / 4.3370E-04   
810   6.125E-04   3.8859E-04   4.3348E-04   3.8831E-04 / 4.3324E-04   
820   6.125E-04   3.7696E-04   4.2091E-04   3.7660E-04 / 4.2058E-04   
830   6.125E-04   3.6867E-04   4.1044E-04   3.6831E-04 / 4.1009E-04   
840   6.125E-04   3.6283E-04   4.1464E-04   3.6244E-04 / 4.1426E-04   
850   6.125E-04   3.5546E-04   4.0599E-04   3.5503E-04 / 4.0556E-04   
860   6.125E-04   3.5229E-04   3.9939E-04   3.5192E-04 / 3.9899E-04   
870   6.125E-04   3.4387E-04   3.9562E-04   3.4347E-04 / 3.9520E-04   
880   6.125E-04   3.3886E-04   3.9652E-04   3.3843E-04 / 3.9606E-04   
890   6.125E-04   3.3326E-04   3.8713E-04   3.3284E-04 / 3.8669E-04   
900   6.125E-04   3.2713E-04   3.8223E-04   3.2677E-04 / 3.8185E-04   
910   6.125E-04   3.2302E-04   3.8536E-04   3.2269E-04 / 3.8503E-04   
920   6.125E-04   3.1741E-04   3.7230E-04   3.1703E-04 / 3.7193E-04   
930   6.125E-04   3.1449E-04   3.7580E-04   3.1419E-04 / 3.7553E-04   
940   6.125E-04   3.1139E-04   3.7825E-04   3.1107E-04 / 3.7798E-04   
950   6.125E-04   3.0482E-04   3.7394E-04   3.0452E-04 / 3.7370E-04   
960   6.125E-04   2.9894E-04   3.6608E-04   2.9868E-04 / 3.6588E-04   
970   6.125E-04   2.9498E-04   3.6521E-04   2.9477E-04 / 3.6508E-04   
980   6.125E-04   2.9068E-04   3.6782E-04   2.9046E-04 / 3.6768E-04   
990   6.125E-04   2.8666E-04   3.6487E-04   2.8645E-04 / 3.6475E-04   
1000   6.125E-04   2.8353E-04   3.6411E-04   2.8335E-04 / 3.6401E-04   
1010   6.125E-04   2.8040E-04   3.6401E-04   2.8018E-04 / 3.6389E-04   
1020   6.125E-04   2.7659E-04   3.6304E-04   2.7641E-04 / 3.6294E-04   
1030   6.125E-04   2.7273E-04   3.6156E-04   2.7256E-04 / 3.6147E-04   
1040   6.125E-04   2.6931E-04   3.6078E-04   2.6918E-04 / 3.6070E-04   
1050   6.125E-04   2.6812E-04   3.6004E-04   2.6800E-04 / 3.5998E-04   
1060   6.125E-04   2.6320E-04   3.6283E-04   2.6307E-04 / 3.6274E-04   
1070   6.125E-04   2.6020E-04   3.6391E-04   2.6008E-04 / 3.6383E-04   
1080   6.125E-04   2.5602E-04   3.6037E-04   2.5591E-04 / 3.6029E-04   
1090   6.125E-04   2.5427E-04   3.6142E-04   2.5414E-04 / 3.6131E-04   
1100   6.125E-04   2.5323E-04   3.5973E-04   2.5310E-04 / 3.5961E-04   
1110   6.125E-04   2.5306E-04   3.5841E-04   2.5292E-04 / 3.5829E-04   
1120   6.125E-04   2.4583E-04   3.5563E-04   2.4570E-04 / 3.5551E-04   
1130   6.125E-04   2.4541E-04   3.5935E-04   2.4526E-04 / 3.5922E-04   
1140   6.125E-04   2.4113E-04   3.5780E-04   2.4097E-04 / 3.5765E-04   
1150   6.125E-04   2.4643E-04   3.8811E-04   2.4624E-04 / 3.8793E-04   
1160   6.125E-04   2.3685E-04   3.6438E-04   2.3669E-04 / 3.6424E-04   
1170   6.125E-04   2.3489E-04   3.6333E-04   2.3473E-04 / 3.6318E-04   
1180   6.125E-04   2.3326E-04   3.6533E-04   2.3309E-04 / 3.6518E-04   
1190   6.125E-04   2.3635E-04   3.7492E-04   2.3619E-04 / 3.7479E-04   
1200   6.125E-04   2.2874E-04   3.6824E-04   2.2858E-04 / 3.6810E-04   
1210   6.125E-04   2.2691E-04   3.6279E-04   2.2674E-04 / 3.6264E-04   
1220   6.125E-04   2.2688E-04   3.6555E-04   2.2670E-04 / 3.6540E-04   
1230   6.125E-04   2.2246E-04   3.6812E-04   2.2230E-04 / 3.6799E-04   
1240   6.125E-04   2.2041E-04   3.6773E-04   2.2025E-04 / 3.6761E-04   
1250   6.125E-04   2.1806E-04   3.8522E-04   2.1790E-04 / 3.8510E-04   
1260   6.125E-04   2.1715E-04   3.7997E-04   2.1700E-04 / 3.7986E-04   
1270   6.125E-04   2.1546E-04   3.9274E-04   2.1531E-04 / 3.9264E-04   
1280   6.125E-04   2.1384E-04   3.9434E-04   2.1370E-04 / 3.9424E-04   
1290   6.125E-04   2.1305E-04   3.8059E-04   2.1295E-04 / 3.8053E-04   
1300   6.125E-04   2.0878E-04   3.9170E-04   2.0866E-04 / 3.9163E-04   
1310   6.125E-04   2.1027E-04   3.9422E-04   2.1016E-04 / 3.9416E-04   
1320   6.125E-04   2.0474E-04   3.9223E-04   2.0463E-04 / 3.9217E-04   
1330   6.125E-04   2.0479E-04   3.8689E-04   2.0466E-04 / 3.8681E-04   
1340   6.125E-04   2.0131E-04   3.9681E-04   2.0121E-04 / 3.9676E-04   
1350   6.125E-04   2.0018E-04   3.9384E-04   2.0008E-04 / 3.9377E-04   
1360   6.125E-04   2.0108E-04   3.9943E-04   2.0097E-04 / 3.9936E-04   
1370   6.125E-04   1.9698E-04   3.8335E-04   1.9688E-04 / 3.8329E-04   
1376   6.125E-04   1.9610E-04   3.9688E-04   1.9601E-04 / 3.9682E-04   
BEST MODEL
===============================================================================================================
1113   6.125E-04   2.4803E-04   3.5061E-04   2.4792E-04 / 3.5050E-04   
===============================================================================================================
Saved model to /home/nikki/kan/kanTBNN/models/multi_run/kan_experiment_51_opt/kanTBNN-24Nov06_06:09:17.pickle
