========== Dataset info ==========
Dataset params: {'file': '/home/nikki/kan/data/turbulence_dataset_clean.csv', 'Cases': ['fp_1000', 'fp_1410', 'fp_2000', 'fp_2540', 'fp_3030', 'fp_3270', 'fp_3630', 'fp_3970', 'fp_4060'], 'val_set': ['fp_3030', 'fp_1410', 'fp_4060'], 'test_set': ['fp_3630'], 'data_loader': <class 'tbnn.dataloaders.aDataset'>}
Train/Valid/Test points: 760 / 468 / 168
Memorization?: False
Cluster training?: False
EPOCH     LR        TRAIN         VALID             MSE:T/V                  RL:T/V             %NR_t/%NR_v
===============================================================================================================
  1   8.658E-03   9.5855E-02   9.2161E-02   9.5855E-02 / 9.2161E-02   
 10   8.658E-03   2.3270E-03   2.2870E-03   2.3248E-03 / 2.2847E-03   
 20   8.658E-03   1.1135E-03   1.1308E-03   1.1131E-03 / 1.1303E-03   
 30   8.658E-03   8.3374E-04   8.3979E-04   8.3240E-04 / 8.3846E-04   
 40   8.658E-03   7.0507E-04   6.9697E-04   7.0125E-04 / 6.9322E-04   
 50   8.658E-03   6.3599E-04   6.2316E-04   6.3199E-04 / 6.1920E-04   
 60   8.658E-03   5.9426E-04   5.7533E-04   5.9177E-04 / 5.7285E-04   
 70   8.658E-03   5.5314E-04   5.3943E-04   5.5095E-04 / 5.3727E-04   
 80   8.658E-03   5.2356E-04   5.1448E-04   5.2166E-04 / 5.1261E-04   
 90   8.658E-03   4.9937E-04   4.9021E-04   4.9786E-04 / 4.8874E-04   
100   8.658E-03   4.7573E-04   4.6559E-04   4.7359E-04 / 4.6347E-04   
110   8.658E-03   4.5539E-04   4.4955E-04   4.5473E-04 / 4.4888E-04   
120   8.658E-03   4.3494E-04   4.2853E-04   4.3277E-04 / 4.2639E-04   
130   8.658E-03   4.0928E-04   4.0359E-04   4.0858E-04 / 4.0289E-04   
140   8.658E-03   3.9315E-04   3.9064E-04   3.9262E-04 / 3.9012E-04   
150   8.658E-03   3.7676E-04   3.7307E-04   3.7625E-04 / 3.7271E-04   
160   8.658E-03   3.6312E-04   3.5869E-04   3.6195E-04 / 3.5755E-04   
170   8.658E-03   3.4528E-04   3.4401E-04   3.4478E-04 / 3.4350E-04   
180   8.658E-03   3.3804E-04   3.3580E-04   3.3774E-04 / 3.3548E-04   
190   8.658E-03   3.2119E-04   3.1924E-04   3.2047E-04 / 3.1855E-04   
200   8.658E-03   3.1714E-04   3.1900E-04   3.1654E-04 / 3.1881E-04   
210   8.658E-03   7.7394E-04   7.5829E-04   7.7394E-04 / 7.5829E-04   
220   8.658E-03   2.9143E-04   2.9138E-04   2.9095E-04 / 2.9090E-04   
230   8.658E-03   2.8063E-04   2.8174E-04   2.8049E-04 / 2.8159E-04   
240   8.658E-03   2.7227E-04   2.7324E-04   2.7157E-04 / 2.7278E-04   
250   8.658E-03   2.6704E-04   2.7191E-04   2.6667E-04 / 2.7157E-04   
260   8.658E-03   2.6420E-04   2.6200E-04   2.6410E-04 / 2.6193E-04   
270   8.658E-03   2.5119E-04   2.5119E-04   2.5075E-04 / 2.5076E-04   
280   8.658E-03   2.4269E-04   2.4021E-04   2.4241E-04 / 2.3992E-04   
290   8.658E-03   2.5800E-04   2.5503E-04   2.5787E-04 / 2.5489E-04   
300   8.658E-03   2.2936E-04   2.2972E-04   2.2908E-04 / 2.2940E-04   
310   8.658E-03   2.1938E-04   2.1936E-04   2.1923E-04 / 2.1919E-04   
320   8.658E-03   2.0989E-04   2.1065E-04   2.0961E-04 / 2.1034E-04   
330   8.658E-03   2.0449E-04   2.0652E-04   2.0365E-04 / 2.0573E-04   
340   8.658E-03   2.5685E-03   2.4862E-03   1.6417E-03 / 1.6236E-03   
350   8.658E-03   2.2618E-04   2.2198E-04   2.2607E-04 / 2.2191E-04   
360   8.658E-03   2.1255E-04   2.1170E-04   2.1179E-04 / 2.1106E-04   
370   8.658E-03   1.9971E-04   2.0104E-04   1.9962E-04 / 2.0096E-04   
380   8.658E-03   1.9189E-04   1.9520E-04   1.9163E-04 / 1.9499E-04   
390   8.658E-03   1.8522E-04   1.8917E-04   1.8511E-04 / 1.8908E-04   
400   8.658E-03   1.7856E-04   1.8335E-04   1.7843E-04 / 1.8324E-04   
410   8.658E-03   1.7320E-04   1.8140E-04   1.7256E-04 / 1.8084E-04   
420   8.658E-03   1.6967E-04   1.7638E-04   1.6954E-04 / 1.7625E-04   
430   8.658E-03   1.5909E-04   1.6958E-04   1.5895E-04 / 1.6942E-04   
440   8.658E-03   1.5523E-04   1.6355E-04   1.5507E-04 / 1.6335E-04   
450   8.658E-03   1.5051E-04   1.5987E-04   1.5026E-04 / 1.5962E-04   
460   8.658E-03   1.4506E-04   1.5461E-04   1.4490E-04 / 1.5444E-04   
470   8.658E-03   1.4341E-04   1.5514E-04   1.4336E-04 / 1.5508E-04   
480   8.658E-03   1.3545E-04   1.4882E-04   1.3530E-04 / 1.4873E-04   
490   8.658E-03   1.3038E-04   1.4329E-04   1.3009E-04 / 1.4300E-04   
500   8.658E-03   1.2769E-04   1.3646E-04   1.2736E-04 / 1.3613E-04   
510   8.658E-03   1.4127E-04   1.5992E-04   1.4110E-04 / 1.5974E-04   
520   8.658E-03   1.2522E-04   1.3589E-04   1.2504E-04 / 1.3577E-04   
530   8.658E-03   1.2974E-04   1.4040E-04   1.2967E-04 / 1.4031E-04   
540   8.658E-03   2.0697E-04   2.2043E-04   2.0558E-04 / 2.1951E-04   
550   8.658E-03   1.1449E-04   1.2433E-04   1.1444E-04 / 1.2426E-04   
560   8.658E-03   1.0897E-04   1.1849E-04   1.0894E-04 / 1.1846E-04   
570   8.658E-03   1.0652E-04   1.1650E-04   1.0636E-04 / 1.1636E-04   
580   8.658E-03   1.0332E-04   1.1190E-04   1.0326E-04 / 1.1185E-04   
590   8.658E-03   1.0105E-04   1.1275E-04   1.0104E-04 / 1.1274E-04   
600   8.658E-03   1.0131E-04   1.0888E-04   1.0129E-04 / 1.0888E-04   
610   8.658E-03   9.5152E-05   1.0605E-04   9.5117E-05 / 1.0603E-04   
620   8.658E-03   8.8883E-05   1.0062E-04   8.8487E-05 / 1.0020E-04   
630   8.658E-03   8.7849E-05   1.0061E-04   8.7849E-05 / 1.0061E-04   
640   8.658E-03   8.3538E-05   9.7401E-05   8.3537E-05 / 9.7401E-05   
650   8.658E-03   8.6906E-05   1.0188E-04   8.6904E-05 / 1.0188E-04   
660   8.658E-03   8.0092E-05   8.8119E-05   8.0091E-05 / 8.8118E-05   
670   8.658E-03   1.4975E-04   1.5002E-04   1.4960E-04 / 1.4986E-04   
680   8.658E-03   7.7020E-05   9.1047E-05   7.7018E-05 / 9.1045E-05   
690   8.658E-03   1.0154E-04   1.0909E-04   1.0143E-04 / 1.0905E-04   
700   8.658E-03   7.4079E-05   8.6578E-05   7.4079E-05 / 8.6578E-05   
710   8.658E-03   7.8217E-05   8.8763E-05   7.8062E-05 / 8.8595E-05   
720   8.658E-03   6.6550E-05   7.9660E-05   6.6490E-05 / 7.9587E-05   
730   8.658E-03   6.2617E-04   6.2010E-04   3.5805E-04 / 3.5776E-04   
740   8.658E-03   6.4416E-05   7.8223E-05   6.4356E-05 / 7.8159E-05   
750   8.658E-03   6.2943E-05   7.5303E-05   6.2942E-05 / 7.5303E-05   
760   8.658E-03   6.2373E-05   7.5150E-05   6.2367E-05 / 7.5144E-05   
770   8.658E-03   5.8350E-05   7.2454E-05   5.8313E-05 / 7.2416E-05   
780   8.658E-03   6.3701E-05   7.5853E-05   6.1167E-05 / 7.3142E-05   
790   8.658E-03   7.5691E-05   9.0146E-05   7.2879E-05 / 8.7461E-05   
800   8.658E-03   7.5211E-05   8.9637E-05   7.5211E-05 / 8.9637E-05   
810   8.658E-03   5.3964E-05   6.9384E-05   5.3905E-05 / 6.9311E-05   
820   8.658E-03   5.2127E-05   6.7539E-05   5.1981E-05 / 6.7356E-05   
830   8.658E-03   5.0756E-05   6.7869E-05   5.0672E-05 / 6.7761E-05   
840   8.658E-03   5.0492E-05   6.4565E-05   5.0479E-05 / 6.4548E-05   
850   8.658E-03   5.1048E-05   6.8458E-05   5.1038E-05 / 6.8458E-05   
860   8.658E-03   4.8189E-05   6.4526E-05   4.7908E-05 / 6.4233E-05   
870   8.658E-03   4.9068E-05   6.4316E-05   4.9006E-05 / 6.4314E-05   
880   8.658E-03   5.1156E-05   6.7968E-05   5.1086E-05 / 6.7898E-05   
890   8.658E-03   4.5371E-05   6.2246E-05   4.5370E-05 / 6.2245E-05   
900   8.658E-03   4.4517E-05   6.0849E-05   4.4517E-05 / 6.0848E-05   
910   8.658E-03   5.0223E-05   6.3666E-05   4.9354E-05 / 6.2706E-05   
920   8.658E-03   1.7301E-04   1.7518E-04   1.6746E-04 / 1.6995E-04   
930   8.658E-03   4.4158E-05   6.2154E-05   4.4114E-05 / 6.2102E-05   
940   8.658E-03   4.0158E-05   5.7993E-05   4.0157E-05 / 5.7993E-05   
950   8.658E-03   3.9882E-05   5.7731E-05   3.9068E-05 / 5.6813E-05   
960   8.658E-03   4.0975E-04   4.2560E-04   4.0156E-04 / 4.1854E-04   
970   8.658E-03   7.3810E-05   8.4944E-05   7.3797E-05 / 8.4944E-05   
980   8.658E-03   5.2548E-05   6.7497E-05   5.1654E-05 / 6.6629E-05   
990   8.658E-03   4.8058E-05   6.3771E-05   4.7987E-05 / 6.3696E-05   
1000   8.658E-03   4.8695E-05   6.6367E-05   4.8695E-05 / 6.6367E-05   
1010   8.658E-03   4.7054E-05   6.6393E-05   4.4659E-05 / 6.3822E-05   
1020   8.658E-03   3.8748E-05   5.5420E-05   3.8627E-05 / 5.5274E-05   
1030   8.658E-03   3.8054E-05   5.7400E-05   3.7186E-05 / 5.6433E-05   
1040   8.658E-03   4.8648E-05   6.5456E-05   4.8637E-05 / 6.5456E-05   
1050   8.658E-03   3.5735E-05   5.6125E-05   3.5699E-05 / 5.6078E-05   
1060   8.658E-03   3.8768E-05   5.9964E-05   3.7249E-05 / 5.8380E-05   
1070   8.658E-03   3.5396E-05   5.2735E-05   3.5303E-05 / 5.2629E-05   
1080   8.658E-03   3.3990E-05   5.3983E-05   3.2930E-05 / 5.2904E-05   
1090   8.658E-03   3.2685E-05   5.1755E-05   3.2685E-05 / 5.1755E-05   
1100   8.658E-03   3.8277E-05   5.6693E-05   3.8277E-05 / 5.6693E-05   
1110   8.658E-03   3.1882E-05   5.0553E-05   3.1882E-05 / 5.0553E-05   
1120   8.658E-03   3.0552E-05   5.2452E-05   3.0552E-05 / 5.2452E-05   
1130   8.658E-03   3.1802E-05   5.1830E-05   3.1565E-05 / 5.1586E-05   
1140   8.658E-03   3.1611E-05   4.9874E-05   3.1611E-05 / 4.9874E-05   
1150   8.658E-03   5.2197E-05   7.6634E-05   5.2197E-05 / 7.6634E-05   
1160   8.658E-03   3.1966E-05   5.3114E-05   3.1827E-05 / 5.2942E-05   
1170   8.658E-03   3.2262E-05   5.4020E-05   3.2195E-05 / 5.3934E-05   
1180   8.658E-03   2.7052E-05   4.9980E-05   2.6521E-05 / 4.9358E-05   
1190   8.658E-03   2.6117E-05   5.0655E-05   2.6098E-05 / 5.0637E-05   
1200   8.658E-03   3.1162E-05   5.0751E-05   3.0549E-05 / 5.0116E-05   
1210   8.658E-03   1.0314E-04   1.2151E-04   1.0314E-04 / 1.2151E-04   
1220   8.658E-03   2.7307E-05   5.2125E-05   2.6880E-05 / 5.1625E-05   
1230   8.658E-03   2.6888E-05   5.3132E-05   2.6323E-05 / 5.2508E-05   
1240   8.658E-03   2.5347E-05   5.2697E-05   2.5321E-05 / 5.2666E-05   
1250   8.658E-03   2.5596E-05   5.3677E-05   2.5596E-05 / 5.3677E-05   
1260   8.658E-03   2.5314E-05   5.3727E-05   2.5314E-05 / 5.3727E-05   
1270   8.658E-03   2.4429E-05   5.1261E-05   2.4429E-05 / 5.1261E-05   
1280   8.658E-03   2.5156E-05   5.4396E-05   2.3272E-05 / 5.2471E-05   
1290   8.658E-03   2.6596E-05   5.7618E-05   2.6560E-05 / 5.7596E-05   
1300   8.658E-03   2.3004E-05   5.1728E-05   2.3004E-05 / 5.1728E-05   
1310   8.658E-03   2.2939E-05   5.1689E-05   2.2661E-05 / 5.1440E-05   
1320   8.658E-03   2.1411E-05   5.0500E-05   2.1306E-05 / 5.0413E-05   
1330   8.658E-03   2.1823E-05   4.7404E-05   2.1815E-05 / 4.7398E-05   
1340   8.658E-03   7.9307E-05   1.1020E-04   7.8839E-05 / 1.0992E-04   
1350   8.658E-03   2.2382E-05   4.7229E-05   2.2357E-05 / 4.7224E-05   
1360   8.658E-03   2.2544E-05   4.9710E-05   2.2013E-05 / 4.9186E-05   
1370   8.658E-03   2.0245E-05   4.8741E-05   2.0244E-05 / 4.8740E-05   
1380   8.658E-03   2.0122E-05   4.7940E-05   2.0106E-05 / 4.7923E-05   
1390   8.658E-03   2.1942E-05   5.1427E-05   2.1923E-05 / 5.1414E-05   
1400   8.658E-03   2.4470E-05   5.0610E-05   2.4456E-05 / 5.0604E-05   
1410   8.658E-03   2.2260E-05   5.0186E-05   2.1776E-05 / 4.9660E-05   
1420   8.658E-03   2.3341E-05   5.2672E-05   2.2141E-05 / 5.1542E-05   
1430   8.658E-03   2.3062E-05   5.3370E-05   2.2833E-05 / 5.3076E-05   
1440   8.658E-03   2.2797E-05   4.7534E-05   2.2749E-05 / 4.7462E-05   
1450   8.658E-03   5.1151E-05   7.6549E-05   5.0556E-05 / 7.5881E-05   
1460   8.658E-03   2.1587E-05   4.8973E-05   2.1587E-05 / 4.8973E-05   
1470   8.658E-03   2.4099E-05   5.4668E-05   2.3977E-05 / 5.4513E-05   
1480   8.658E-03   1.9952E-05   5.1325E-05   1.9672E-05 / 5.1065E-05   
1490   8.658E-03   1.8101E-05   4.7970E-05   1.8028E-05 / 4.7879E-05   
1500   8.658E-03   3.1770E-05   5.5752E-05   3.1770E-05 / 5.5752E-05   
1510   8.658E-03   1.9199E-05   4.4160E-05   1.9183E-05 / 4.4143E-05   
1520   8.658E-03   1.8281E-05   4.7415E-05   1.8252E-05 / 4.7389E-05   
1530   8.658E-03   1.5743E-05   4.2981E-05   1.5743E-05 / 4.2981E-05   
1540   8.658E-03   1.5401E-05   4.3747E-05   1.5391E-05 / 4.3747E-05   
1550   8.658E-03   1.4996E-05   4.4031E-05   1.4996E-05 / 4.4031E-05   
1560   8.658E-03   1.4849E-05   4.3176E-05   1.4780E-05 / 4.3128E-05   
1570   8.658E-03   4.7859E-04   4.9048E-04   4.7859E-04 / 4.9048E-04   
1580   8.658E-03   2.0130E-05   4.6814E-05   2.0130E-05 / 4.6814E-05   
1590   8.658E-03   1.6015E-05   4.2872E-05   1.6015E-05 / 4.2872E-05   
1600   8.658E-03   1.4709E-05   4.3622E-05   1.4466E-05 / 4.3403E-05   
1610   8.658E-03   1.3986E-05   4.1090E-05   1.3912E-05 / 4.1011E-05   
1620   8.658E-03   1.4625E-05   4.1771E-05   1.4567E-05 / 4.1723E-05   
1630   8.658E-03   1.3262E-05   4.1113E-05   1.3227E-05 / 4.1083E-05   
1640   8.658E-03   1.4208E-05   4.1319E-05   1.4208E-05 / 4.1319E-05   
1650   8.658E-03   1.7150E-05   4.3676E-05   1.7150E-05 / 4.3676E-05   
1660   8.658E-03   1.3515E-05   3.8256E-05   1.2588E-05 / 3.7266E-05   
1670   8.658E-03   2.0073E-05   4.3411E-05   1.9989E-05 / 4.3311E-05   
1680   8.658E-03   1.3324E-05   4.0790E-05   1.3065E-05 / 4.0488E-05   
1690   8.658E-03   1.3496E-05   3.8160E-05   1.3493E-05 / 3.8159E-05   
1700   8.658E-03   1.2360E-05   3.7116E-05   1.2248E-05 / 3.6978E-05   
1710   8.658E-03   1.6149E-05   4.2192E-05   1.6026E-05 / 4.2029E-05   
1720   8.658E-03   1.5624E-05   3.9108E-05   1.5410E-05 / 3.8916E-05   
1730   8.658E-03   1.3794E-05   3.6229E-05   1.3130E-05 / 3.5514E-05   
1740   8.658E-03   1.1980E-05   3.9358E-05   1.1938E-05 / 3.9291E-05   
1750   8.658E-03   1.2185E-05   3.6024E-05   1.2126E-05 / 3.5963E-05   
1760   8.658E-03   1.4633E-05   4.0568E-05   1.4200E-05 / 4.0079E-05   
1770   8.658E-03   1.1606E-05   3.7772E-05   1.1371E-05 / 3.7548E-05   
1780   8.658E-03   1.2220E-05   3.5021E-05   1.2167E-05 / 3.4950E-05   
1790   8.658E-03   1.2676E-05   3.8963E-05   1.2599E-05 / 3.8864E-05   
1800   8.658E-03   2.9910E-05   5.2833E-05   2.9447E-05 / 5.2591E-05   
1810   8.658E-03   6.7165E-05   9.6461E-05   6.7108E-05 / 9.6404E-05   
1820   8.658E-03   1.9032E-05   4.6125E-05   1.7985E-05 / 4.5185E-05   
1830   8.658E-03   1.0416E-05   3.6855E-05   1.0242E-05 / 3.6692E-05   
1840   8.658E-03   1.0329E-05   3.5446E-05   1.0243E-05 / 3.5361E-05   
1850   8.658E-03   1.6086E-05   4.0964E-05   1.4436E-05 / 3.9463E-05   
1860   8.658E-03   1.0530E-05   3.4553E-05   1.0516E-05 / 3.4542E-05   
1870   8.658E-03   1.0139E-05   3.4356E-05   1.0108E-05 / 3.4340E-05   
1880   8.658E-03   1.2963E-04   1.4931E-04   1.2866E-04 / 1.4836E-04   
1890   8.658E-03   9.5352E-06   3.3890E-05   9.4308E-06 / 3.3823E-05   
1900   8.658E-03   9.8119E-06   3.4738E-05   9.7431E-06 / 3.4708E-05   
1910   8.658E-03   9.2197E-06   3.2790E-05   9.0123E-06 / 3.2656E-05   
1920   8.658E-03   1.0183E-05   3.5490E-05   1.0138E-05 / 3.5471E-05   
1930   8.658E-03   1.0081E-05   3.3718E-05   9.9027E-06 / 3.3615E-05   
1940   8.658E-03   9.9069E-06   3.4688E-05   9.9044E-06 / 3.4688E-05   
1950   8.658E-03   9.8000E-06   3.2589E-05   9.6911E-06 / 3.2524E-05   
1960   8.658E-03   1.2540E-05   3.5211E-05   1.2527E-05 / 3.5211E-05   
1970   8.658E-03   1.6232E-05   3.7969E-05   1.4820E-05 / 3.6707E-05   
1980   8.658E-03   9.1109E-06   3.3756E-05   9.0813E-06 / 3.3748E-05   
1990   8.658E-03   8.4503E-06   3.1038E-05   8.3885E-06 / 3.1010E-05   
2000   8.658E-03   8.8944E-06   3.1539E-05   8.8267E-06 / 3.1505E-05   
2010   8.658E-03   1.1113E-05   3.4259E-05   1.1091E-05 / 3.4252E-05   
2020   8.658E-03   4.0893E-05   6.0431E-05   4.0773E-05 / 6.0344E-05   
2030   8.658E-03   1.1883E-05   3.1473E-05   1.1883E-05 / 3.1473E-05   
2040   8.658E-03   8.9361E-06   3.2550E-05   8.9361E-06 / 3.2550E-05   
2050   8.658E-03   9.2111E-06   3.0410E-05   9.1861E-06 / 3.0392E-05   
2060   8.658E-03   8.0576E-06   3.0273E-05   7.9870E-06 / 3.0212E-05   
2070   8.658E-03   1.0399E-05   3.2197E-05   1.0399E-05 / 3.2197E-05   
2080   8.658E-03   8.6281E-06   3.0162E-05   8.6169E-06 / 3.0162E-05   
2090   8.658E-03   1.0456E-05   3.3764E-05   1.0448E-05 / 3.3764E-05   
2100   8.658E-03   1.2971E-05   3.2972E-05   1.2970E-05 / 3.2971E-05   
2110   8.658E-03   1.3789E-05   3.2056E-05   1.3699E-05 / 3.1967E-05   
2120   8.658E-03   8.9810E-06   3.1990E-05   8.9791E-06 / 3.1984E-05   
2130   8.658E-03   8.1952E-06   2.9653E-05   8.1727E-06 / 2.9644E-05   
2140   8.658E-03   1.0139E-05   2.8508E-05   1.0076E-05 / 2.8474E-05   
2150   8.658E-03   9.8485E-06   2.8557E-05   9.8316E-06 / 2.8550E-05   
2160   8.658E-03   1.1383E-05   2.7494E-05   1.1371E-05 / 2.7487E-05   
2170   8.658E-03   9.0659E-06   2.7182E-05   8.6484E-06 / 2.6838E-05   
2180   8.658E-03   1.5338E-05   3.6033E-05   1.4984E-05 / 3.5831E-05   
2190   8.658E-03   7.7108E-06   2.7398E-05   7.7094E-06 / 2.7398E-05   
2200   8.658E-03   2.8243E-05   4.9105E-05   2.7959E-05 / 4.8878E-05   
2210   8.658E-03   7.8194E-06   2.7202E-05   7.8123E-06 / 2.7198E-05   
2220   8.658E-03   8.9593E-06   2.6906E-05   8.9593E-06 / 2.6906E-05   
2230   8.658E-03   9.1777E-06   2.9619E-05   9.0440E-06 / 2.9532E-05   
2240   8.658E-03   1.1876E-05   3.1629E-05   1.1320E-05 / 3.1218E-05   
2250   8.658E-03   9.9235E-06   2.8952E-05   8.6814E-06 / 2.7937E-05   
2260   8.658E-03   6.9343E-06   2.6766E-05   6.7631E-06 / 2.6651E-05   
2270   8.658E-03   8.0813E-06   2.7334E-05   7.3316E-06 / 2.6781E-05   
2280   8.658E-03   8.4399E-06   2.7751E-05   7.9038E-06 / 2.7368E-05   
2290   8.658E-03   7.0940E-06   2.5558E-05   7.0186E-06 / 2.5519E-05   
2300   8.658E-03   8.2543E-06   2.5127E-05   8.2489E-06 / 2.5127E-05   
2310   8.658E-03   4.9087E-05   7.5402E-05   4.9013E-05 / 7.5337E-05   
2320   8.658E-03   7.5348E-06   2.6904E-05   7.5331E-06 / 2.6904E-05   
2330   8.658E-03   1.5091E-05   3.2966E-05   1.5091E-05 / 3.2966E-05   
2340   8.658E-03   7.8693E-05   9.6852E-05   5.2010E-05 / 7.0941E-05   
2350   8.658E-03   7.5881E-06   2.6337E-05   7.5540E-06 / 2.6327E-05   
2360   8.658E-03   6.9708E-06   2.5073E-05   6.9232E-06 / 2.5067E-05   
2370   8.658E-03   6.1360E-06   2.4324E-05   6.0881E-06 / 2.4313E-05   
2380   8.658E-03   7.1729E-06   2.6830E-05   7.1729E-06 / 2.6830E-05   
2390   8.658E-03   7.1578E-06   2.6242E-05   7.1504E-06 / 2.6242E-05   
2400   8.658E-03   7.4097E-06   2.6294E-05   7.2585E-06 / 2.6184E-05   
2410   8.658E-03   9.0082E-06   2.6907E-05   8.7918E-06 / 2.6789E-05   
2420   8.658E-03   8.7795E-06   2.8234E-05   8.3666E-06 / 2.7891E-05   
2430   8.658E-03   9.3421E-06   2.7980E-05   8.9341E-06 / 2.7747E-05   
2440   8.658E-03   8.4862E-06   2.8268E-05   8.2986E-06 / 2.8184E-05   
2450   8.658E-03   6.0742E-06   2.5414E-05   6.0247E-06 / 2.5405E-05   
2460   8.658E-03   9.7377E-06   2.7600E-05   9.6849E-06 / 2.7600E-05   
2470   8.658E-03   1.1500E-05   2.5733E-05   1.1243E-05 / 2.5609E-05   
2480   8.658E-03   6.9032E-06   2.5716E-05   6.5004E-06 / 2.5486E-05   
2490   8.658E-03   7.6479E-06   2.5848E-05   7.5404E-06 / 2.5811E-05   
2500   8.658E-03   7.6190E-06   2.5525E-05   7.5453E-06 / 2.5506E-05   
2510   8.658E-03   6.6467E-06   2.3964E-05   6.6416E-06 / 2.3964E-05   
2520   8.658E-03   6.5300E-06   2.4695E-05   6.5036E-06 / 2.4695E-05   
2530   8.658E-03   6.5655E-05   7.9680E-05   6.2726E-05 / 7.7187E-05   
2540   8.658E-03   7.7844E-06   2.5714E-05   7.7844E-06 / 2.5714E-05   
2550   8.658E-03   6.4665E-06   2.5554E-05   6.2788E-06 / 2.5461E-05   
2560   8.658E-03   6.0783E-06   2.3806E-05   6.0627E-06 / 2.3803E-05   
2570   8.658E-03   5.5153E-06   2.3623E-05   5.2860E-06 / 2.3502E-05   
2580   8.658E-03   5.9785E-06   2.4506E-05   5.9686E-06 / 2.4505E-05   
2590   8.658E-03   5.6364E-06   2.4134E-05   5.5106E-06 / 2.4074E-05   
2600   8.658E-03   6.0457E-06   2.5398E-05   5.9662E-06 / 2.5380E-05   
2610   8.658E-03   5.9457E-06   2.4846E-05   5.8897E-06 / 2.4839E-05   
2620   8.658E-03   1.6889E-05   3.1689E-05   1.6879E-05 / 3.1688E-05   
2630   8.658E-03   7.4455E-06   2.5539E-05   7.2388E-06 / 2.5377E-05   
2640   8.658E-03   7.0744E-06   2.5551E-05   6.7967E-06 / 2.5308E-05   
2650   8.658E-03   6.8706E-06   2.4908E-05   6.8455E-06 / 2.4908E-05   
2660   8.658E-03   1.6099E-05   3.3018E-05   1.5671E-05 / 3.2635E-05   
2670   8.658E-03   5.7441E-06   2.4597E-05   5.7258E-06 / 2.4596E-05   
2680   8.658E-03   6.4347E-06   2.3047E-05   6.2559E-06 / 2.2887E-05   
2690   8.658E-03   6.4994E-06   2.4598E-05   6.4788E-06 / 2.4591E-05   
2700   8.658E-03   7.4231E-06   2.3822E-05   7.4225E-06 / 2.3822E-05   
2710   8.658E-03   9.0102E-06   2.8795E-05   9.0006E-06 / 2.8789E-05   
2720   8.658E-03   7.3423E-06   2.3896E-05   7.0761E-06 / 2.3701E-05   
2730   8.658E-03   1.0269E-05   2.9933E-05   1.0268E-05 / 2.9933E-05   
2740   8.658E-03   6.4321E-06   2.2973E-05   6.2091E-06 / 2.2827E-05   
2750   8.658E-03   1.0353E-05   2.6686E-05   8.0887E-06 / 2.4849E-05   
2760   8.658E-03   9.3421E-06   2.7084E-05   9.0736E-06 / 2.6895E-05   
2770   8.658E-03   6.9567E-06   2.5662E-05   6.7031E-06 / 2.5422E-05   
2780   8.658E-03   8.1279E-06   2.6691E-05   8.1279E-06 / 2.6691E-05   
2790   8.658E-03   6.2076E-05   7.8584E-05   6.1862E-05 / 7.8516E-05   
2800   8.658E-03   6.6934E-06   2.3443E-05   6.6904E-06 / 2.3443E-05   
2810   8.658E-03   6.1253E-06   2.3576E-05   6.1171E-06 / 2.3575E-05   
2820   8.658E-03   7.4142E-06   2.5357E-05   7.4142E-06 / 2.5357E-05   
2830   8.658E-03   5.6827E-06   2.5191E-05   5.6149E-06 / 2.5118E-05   
2840   8.658E-03   9.5665E-06   2.7530E-05   9.2848E-06 / 2.7298E-05   
2850   8.658E-03   6.0702E-06   2.3031E-05   6.0585E-06 / 2.3031E-05   
2860   8.658E-03   8.4017E-06   2.4172E-05   8.3850E-06 / 2.4172E-05   
2870   8.658E-03   5.9282E-06   2.3785E-05   5.8435E-06 / 2.3756E-05   
2880   8.658E-03   5.0553E-06   2.2169E-05   5.0221E-06 / 2.2160E-05   
2890   8.658E-03   8.8379E-06   2.7564E-05   8.8202E-06 / 2.7563E-05   
2900   8.658E-03   1.1235E-05   2.7823E-05   1.1166E-05 / 2.7788E-05   
2910   8.658E-03   5.8052E-06   2.4005E-05   5.7669E-06 / 2.3981E-05   
2920   8.658E-03   5.4847E-06   2.2811E-05   5.2038E-06 / 2.2641E-05   
2930   8.658E-03   6.2648E-06   2.2806E-05   6.2418E-06 / 2.2806E-05   
2940   8.658E-03   1.5857E-05   3.1749E-05   1.5455E-05 / 3.1505E-05   
2950   8.658E-03   5.6764E-06   2.3680E-05   5.6218E-06 / 2.3671E-05   
2960   8.658E-03   5.3558E-06   2.2641E-05   5.2957E-06 / 2.2616E-05   
2970   8.658E-03   4.6612E-06   2.2952E-05   4.5684E-06 / 2.2932E-05   
2980   8.658E-03   6.0731E-06   2.4128E-05   5.9183E-06 / 2.4060E-05   
2990   8.658E-03   5.9470E-06   2.3771E-05   5.9470E-06 / 2.3771E-05   
3000   8.658E-03   5.2014E-06   2.3280E-05   5.0894E-06 / 2.3239E-05   
3010   8.658E-03   4.5333E-06   2.2275E-05   4.2840E-06 / 2.2155E-05   
3020   8.658E-03   5.8368E-06   2.3827E-05   5.8332E-06 / 2.3827E-05   
3030   8.658E-03   6.1710E-06   2.2741E-05   6.1583E-06 / 2.2741E-05   
3040   8.658E-03   6.6534E-06   2.4247E-05   6.6095E-06 / 2.4230E-05   
3050   8.658E-03   9.8109E-06   2.8373E-05   9.8108E-06 / 2.8373E-05   
3060   8.658E-03   7.9388E-06   2.4590E-05   7.9385E-06 / 2.4590E-05   
3070   8.658E-03   6.6783E-06   2.3737E-05   5.3409E-06 / 2.2721E-05   
3080   8.658E-03   4.8223E-06   2.3637E-05   4.8086E-06 / 2.3637E-05   
3090   8.658E-03   6.7574E-06   2.4118E-05   6.5270E-06 / 2.3968E-05   
BEST MODEL
===============================================================================================================
2827   8.658E-03   6.3037E-06   2.0635E-05   6.2143E-06 / 2.0562E-05   
===============================================================================================================
Saved model to /home/nikki/kan/kanTBNN/models/multi_run/kan_experiment_99_opt/kanTBNN-24Nov07_01:57:02.pickle
