========== Dataset info ==========
Dataset params: {'file': '/home/nikki/kan/data/turbulence_dataset_clean.csv', 'Cases': ['fp_1000', 'fp_1410', 'fp_2000', 'fp_2540', 'fp_3030', 'fp_3270', 'fp_3630', 'fp_3970', 'fp_4060'], 'val_set': ['fp_3030', 'fp_1410', 'fp_4060'], 'test_set': ['fp_3630'], 'data_loader': <class 'tbnn.dataloaders.aDataset'>}
Train/Valid/Test points: 760 / 468 / 168
Memorization?: False
Cluster training?: False
EPOCH     LR        TRAIN         VALID             MSE:T/V                  RL:T/V             %NR_t/%NR_v
===============================================================================================================
  1   2.756E-03   1.6754E-01   1.6318E-01   1.6754E-01 / 1.6318E-01   
 10   2.756E-03   4.2647E-03   3.9357E-03   4.2647E-03 / 3.9357E-03   
 20   2.756E-03   2.3839E-03   2.2337E-03   2.3839E-03 / 2.2337E-03   
 30   2.756E-03   1.7694E-03   1.6960E-03   1.7684E-03 / 1.6951E-03   
 40   2.756E-03   1.4389E-03   1.3869E-03   1.4383E-03 / 1.3865E-03   
 50   2.756E-03   1.2203E-03   1.1815E-03   1.2201E-03 / 1.1813E-03   
 60   2.756E-03   1.0679E-03   1.0416E-03   1.0676E-03 / 1.0414E-03   
 70   2.756E-03   9.4841E-04   9.2931E-04   9.4829E-04 / 9.2923E-04   
 80   2.756E-03   8.4750E-04   8.3695E-04   8.4742E-04 / 8.3690E-04   
 90   2.756E-03   7.6084E-04   7.5721E-04   7.6065E-04 / 7.5708E-04   
100   2.756E-03   6.8841E-04   6.9058E-04   6.8830E-04 / 6.9051E-04   
110   2.756E-03   6.2777E-04   6.3481E-04   6.2775E-04 / 6.3480E-04   
120   2.756E-03   5.7559E-04   5.8691E-04   5.7553E-04 / 5.8686E-04   
130   2.756E-03   5.3213E-04   5.4737E-04   5.3203E-04 / 5.4728E-04   
140   2.756E-03   4.9444E-04   5.1212E-04   4.9438E-04 / 5.1206E-04   
150   2.756E-03   4.6188E-04   4.8274E-04   4.6174E-04 / 4.8262E-04   
160   2.756E-03   4.3379E-04   4.5535E-04   4.3366E-04 / 4.5525E-04   
170   2.756E-03   4.0851E-04   4.3442E-04   4.0836E-04 / 4.3429E-04   
180   2.756E-03   3.8598E-04   4.1444E-04   3.8586E-04 / 4.1434E-04   
190   2.756E-03   3.6594E-04   3.9336E-04   3.6588E-04 / 3.9331E-04   
200   2.756E-03   3.4704E-04   3.7483E-04   3.4700E-04 / 3.7479E-04   
210   2.756E-03   3.3077E-04   3.5775E-04   3.3075E-04 / 3.5773E-04   
220   2.756E-03   3.1589E-04   3.4159E-04   3.1572E-04 / 3.4140E-04   
230   2.756E-03   3.0136E-04   3.2430E-04   3.0126E-04 / 3.2421E-04   
240   2.756E-03   2.8863E-04   3.0828E-04   2.8861E-04 / 3.0826E-04   
250   2.756E-03   2.7560E-04   2.9210E-04   2.7560E-04 / 2.9210E-04   
260   2.756E-03   2.6380E-04   2.7988E-04   2.6377E-04 / 2.7986E-04   
270   2.756E-03   2.5305E-04   2.6681E-04   2.5291E-04 / 2.6667E-04   
280   2.756E-03   2.4314E-04   2.5539E-04   2.4308E-04 / 2.5532E-04   
290   2.756E-03   2.3311E-04   2.4463E-04   2.3308E-04 / 2.4460E-04   
300   2.756E-03   2.2491E-04   2.3536E-04   2.2490E-04 / 2.3536E-04   
310   2.756E-03   2.1632E-04   2.2707E-04   2.1622E-04 / 2.2701E-04   
320   2.756E-03   2.0825E-04   2.1940E-04   2.0819E-04 / 2.1938E-04   
330   2.756E-03   2.0187E-04   2.1439E-04   2.0185E-04 / 2.1439E-04   
340   2.756E-03   1.9427E-04   2.0349E-04   1.9427E-04 / 2.0348E-04   
350   2.756E-03   1.8916E-04   1.9864E-04   1.8910E-04 / 1.9857E-04   
360   2.756E-03   1.8203E-04   1.9279E-04   1.8194E-04 / 1.9270E-04   
370   2.756E-03   1.7709E-04   1.8781E-04   1.7708E-04 / 1.8781E-04   
380   2.756E-03   1.7242E-04   1.8258E-04   1.7240E-04 / 1.8258E-04   
390   2.756E-03   1.6495E-04   1.7531E-04   1.6493E-04 / 1.7530E-04   
400   2.756E-03   1.6054E-04   1.7221E-04   1.6048E-04 / 1.7218E-04   
410   2.756E-03   1.5802E-04   1.6653E-04   1.5770E-04 / 1.6633E-04   
420   2.756E-03   1.5568E-04   1.6743E-04   1.5568E-04 / 1.6743E-04   
430   2.756E-03   1.4611E-04   1.5820E-04   1.4607E-04 / 1.5816E-04   
440   2.756E-03   1.4349E-04   1.5450E-04   1.4345E-04 / 1.5444E-04   
450   2.756E-03   1.3986E-04   1.5222E-04   1.3984E-04 / 1.5218E-04   
460   2.756E-03   1.3483E-04   1.4677E-04   1.3478E-04 / 1.4670E-04   
470   2.756E-03   1.3082E-04   1.4281E-04   1.3080E-04 / 1.4280E-04   
480   2.756E-03   1.2984E-04   1.4121E-04   1.2974E-04 / 1.4112E-04   
490   2.756E-03   1.2518E-04   1.3634E-04   1.2514E-04 / 1.3632E-04   
500   2.756E-03   1.2169E-04   1.3217E-04   1.2097E-04 / 1.3159E-04   
510   2.756E-03   1.1917E-04   1.3238E-04   1.1910E-04 / 1.3236E-04   
520   2.756E-03   1.1617E-04   1.2880E-04   1.1609E-04 / 1.2877E-04   
530   2.756E-03   1.1141E-04   1.2270E-04   1.1138E-04 / 1.2269E-04   
540   2.756E-03   1.1016E-04   1.2124E-04   1.1016E-04 / 1.2124E-04   
550   2.756E-03   1.1186E-04   1.2402E-04   1.1161E-04 / 1.2379E-04   
560   2.756E-03   1.0355E-04   1.1518E-04   1.0355E-04 / 1.1518E-04   
570   2.756E-03   1.1079E-04   1.2236E-04   1.1079E-04 / 1.2234E-04   
580   2.756E-03   9.9002E-05   1.1198E-04   9.8756E-05 / 1.1173E-04   
590   2.756E-03   9.6480E-05   1.0992E-04   9.6401E-05 / 1.0982E-04   
600   2.756E-03   9.5102E-05   1.0822E-04   9.4952E-05 / 1.0807E-04   
610   2.756E-03   9.9846E-05   1.1138E-04   9.9793E-05 / 1.1134E-04   
620   2.756E-03   8.9749E-05   1.0423E-04   8.9642E-05 / 1.0415E-04   
630   2.756E-03   8.9883E-05   1.0510E-04   8.9756E-05 / 1.0508E-04   
640   2.756E-03   8.5885E-05   9.8915E-05   8.5477E-05 / 9.8629E-05   
650   2.756E-03   8.5080E-05   9.6797E-05   8.5026E-05 / 9.6777E-05   
660   2.756E-03   8.8687E-05   9.8176E-05   8.8344E-05 / 9.7925E-05   
670   2.756E-03   8.2187E-05   9.9257E-05   8.1916E-05 / 9.9078E-05   
680   2.756E-03   8.2387E-05   9.4126E-05   8.2338E-05 / 9.4107E-05   
690   2.756E-03   7.6965E-05   9.0163E-05   7.6817E-05 / 9.0055E-05   
700   2.756E-03   7.5810E-05   9.1280E-05   7.5763E-05 / 9.1232E-05   
710   2.756E-03   7.6882E-05   9.5188E-05   7.6503E-05 / 9.4851E-05   
720   2.756E-03   7.2698E-05   8.6314E-05   7.2272E-05 / 8.5893E-05   
730   2.756E-03   7.0163E-05   8.4944E-05   7.0094E-05 / 8.4879E-05   
740   2.756E-03   6.8553E-05   8.4257E-05   6.8170E-05 / 8.3882E-05   
750   2.756E-03   7.0949E-05   8.7563E-05   7.0545E-05 / 8.7188E-05   
760   2.756E-03   7.4051E-05   9.1371E-05   7.1550E-05 / 8.9178E-05   
770   2.756E-03   6.8868E-05   8.6458E-05   6.8820E-05 / 8.6433E-05   
780   2.756E-03   6.5747E-05   7.7637E-05   6.5744E-05 / 7.7637E-05   
790   2.756E-03   6.2755E-05   7.8148E-05   6.2588E-05 / 7.8048E-05   
800   2.756E-03   6.1967E-05   7.6796E-05   6.1839E-05 / 7.6738E-05   
810   2.756E-03   6.2444E-05   7.8716E-05   6.2271E-05 / 7.8595E-05   
820   2.756E-03   6.0640E-05   7.6714E-05   5.9481E-05 / 7.5755E-05   
830   2.756E-03   5.8054E-05   7.4168E-05   5.8016E-05 / 7.4149E-05   
840   2.756E-03   6.2528E-05   7.7474E-05   6.2527E-05 / 7.7474E-05   
850   2.756E-03   5.5644E-05   7.0678E-05   5.5625E-05 / 7.0666E-05   
860   2.756E-03   7.1513E-05   8.4738E-05   7.0027E-05 / 8.3388E-05   
870   2.756E-03   5.7760E-05   7.5707E-05   5.7754E-05 / 7.5707E-05   
880   2.756E-03   5.3204E-05   6.6386E-05   5.3128E-05 / 6.6302E-05   
890   2.756E-03   5.6023E-05   6.6692E-05   5.6022E-05 / 6.6692E-05   
900   2.756E-03   5.4841E-05   7.4468E-05   5.4756E-05 / 7.4403E-05   
910   2.756E-03   5.0455E-05   6.6441E-05   5.0408E-05 / 6.6430E-05   
920   2.756E-03   5.5071E-05   6.2789E-05   5.5016E-05 / 6.2745E-05   
930   2.756E-03   5.2273E-05   6.6859E-05   5.2217E-05 / 6.6816E-05   
940   2.756E-03   4.9737E-05   6.7444E-05   4.9333E-05 / 6.7109E-05   
950   2.756E-03   4.6262E-05   6.0245E-05   4.5952E-05 / 5.9999E-05   
960   2.756E-03   4.6965E-05   5.8461E-05   4.6724E-05 / 5.8280E-05   
970   2.756E-03   4.6928E-05   6.0262E-05   4.6664E-05 / 6.0077E-05   
980   2.756E-03   4.7357E-05   6.3586E-05   4.6997E-05 / 6.3334E-05   
990   2.756E-03   4.8736E-05   6.2176E-05   4.8684E-05 / 6.2154E-05   
1000   2.756E-03   4.3298E-05   5.7986E-05   4.3120E-05 / 5.7889E-05   
1010   2.756E-03   4.5934E-05   6.2536E-05   4.5424E-05 / 6.2170E-05   
1020   2.756E-03   4.2688E-05   5.8287E-05   4.2247E-05 / 5.7986E-05   
1030   2.756E-03   4.5351E-05   6.0151E-05   4.5099E-05 / 6.0010E-05   
1040   2.756E-03   4.2654E-05   5.9886E-05   4.2576E-05 / 5.9869E-05   
1050   2.756E-03   4.1231E-05   5.5463E-05   4.1132E-05 / 5.5433E-05   
1060   2.756E-03   4.0991E-05   5.6899E-05   4.0809E-05 / 5.6790E-05   
1070   2.756E-03   4.0452E-05   5.6515E-05   4.0451E-05 / 5.6515E-05   
1080   2.756E-03   4.0319E-05   5.5616E-05   3.9836E-05 / 5.5213E-05   
1090   2.756E-03   3.9344E-05   5.3629E-05   3.9285E-05 / 5.3589E-05   
1100   2.756E-03   3.9376E-05   5.2718E-05   3.8811E-05 / 5.2300E-05   
1110   2.756E-03   4.2116E-05   5.7194E-05   4.1403E-05 / 5.6568E-05   
1120   2.756E-03   4.0218E-05   4.8714E-05   4.0214E-05 / 4.8712E-05   
1130   2.756E-03   4.2108E-05   5.1640E-05   4.1786E-05 / 5.1330E-05   
1140   2.756E-03   3.7405E-05   5.1214E-05   3.7372E-05 / 5.1214E-05   
1150   2.756E-03   3.6673E-05   5.1007E-05   3.6659E-05 / 5.0984E-05   
1160   2.756E-03   3.5945E-05   5.0915E-05   3.5639E-05 / 5.0639E-05   
1170   2.756E-03   3.8379E-05   4.9043E-05   3.7939E-05 / 4.8683E-05   
1180   2.756E-03   3.9275E-05   5.0555E-05   3.9275E-05 / 5.0555E-05   
1190   2.756E-03   4.0954E-05   5.0118E-05   4.0605E-05 / 4.9901E-05   
1200   2.756E-03   3.3989E-05   4.5997E-05   3.3833E-05 / 4.5789E-05   
1210   2.756E-03   3.3575E-05   4.5855E-05   3.3207E-05 / 4.5526E-05   
1220   2.756E-03   3.5667E-05   4.6342E-05   3.5600E-05 / 4.6269E-05   
1230   2.756E-03   3.4024E-05   4.4967E-05   3.3999E-05 / 4.4954E-05   
1240   2.756E-03   3.2996E-05   4.7129E-05   3.2987E-05 / 4.7122E-05   
1250   2.756E-03   3.9770E-05   5.1036E-05   3.9394E-05 / 5.0666E-05   
1260   2.756E-03   3.4073E-05   4.5984E-05   3.4073E-05 / 4.5984E-05   
1270   2.756E-03   3.2772E-05   4.6857E-05   3.2711E-05 / 4.6792E-05   
1280   2.756E-03   3.0996E-05   4.2488E-05   3.0695E-05 / 4.2242E-05   
1290   2.756E-03   3.2885E-05   4.7453E-05   3.2666E-05 / 4.7367E-05   
1300   2.756E-03   4.4805E-05   6.3818E-05   4.4785E-05 / 6.3795E-05   
1310   2.756E-03   3.6976E-05   5.1944E-05   3.6965E-05 / 5.1938E-05   
1320   2.756E-03   3.5653E-05   4.8400E-05   3.5636E-05 / 4.8392E-05   
1330   2.756E-03   3.6172E-05   5.1572E-05   3.6142E-05 / 5.1558E-05   
1340   2.756E-03   2.9215E-05   4.1131E-05   2.9117E-05 / 4.1084E-05   
1350   2.756E-03   2.9073E-05   4.0334E-05   2.8985E-05 / 4.0292E-05   
1360   2.756E-03   2.9445E-05   4.0742E-05   2.9445E-05 / 4.0742E-05   
1370   2.756E-03   2.8800E-05   3.9619E-05   2.8799E-05 / 3.9619E-05   
1380   2.756E-03   3.0076E-05   4.3044E-05   3.0076E-05 / 4.3044E-05   
1390   2.756E-03   3.1504E-05   3.9957E-05   3.1503E-05 / 3.9957E-05   
1400   2.756E-03   2.9967E-05   3.9895E-05   2.9960E-05 / 3.9895E-05   
1410   2.756E-03   2.7929E-05   3.8714E-05   2.7868E-05 / 3.8702E-05   
1420   2.756E-03   2.9438E-05   3.9974E-05   2.9198E-05 / 3.9888E-05   
1430   2.756E-03   2.9484E-05   4.2999E-05   2.9435E-05 / 4.2996E-05   
1440   2.756E-03   2.7694E-05   3.8312E-05   2.7601E-05 / 3.8287E-05   
1450   2.756E-03   2.7900E-05   3.8144E-05   2.7899E-05 / 3.8144E-05   
1460   2.756E-03   3.0924E-05   4.3007E-05   2.9058E-05 / 4.1365E-05   
1470   2.756E-03   3.1372E-05   4.1498E-05   3.1228E-05 / 4.1449E-05   
1480   2.756E-03   2.7761E-05   3.8927E-05   2.7760E-05 / 3.8927E-05   
1490   2.756E-03   2.9076E-05   3.9322E-05   2.7354E-05 / 3.7816E-05   
1500   2.756E-03   2.5503E-05   3.7227E-05   2.5322E-05 / 3.7113E-05   
1510   2.756E-03   2.5399E-05   3.5391E-05   2.5399E-05 / 3.5391E-05   
1520   2.756E-03   2.6338E-05   3.5004E-05   2.6261E-05 / 3.4979E-05   
1530   2.756E-03   2.4077E-05   3.5611E-05   2.3975E-05 / 3.5517E-05   
1540   2.756E-03   2.6754E-05   3.7044E-05   2.5945E-05 / 3.6357E-05   
1550   2.756E-03   2.5405E-05   3.5907E-05   2.5317E-05 / 3.5859E-05   
1560   2.756E-03   3.1522E-05   3.8262E-05   3.1436E-05 / 3.8189E-05   
1570   2.756E-03   2.5407E-05   3.4429E-05   2.5041E-05 / 3.4137E-05   
1580   2.756E-03   2.5836E-05   3.8117E-05   2.5836E-05 / 3.8117E-05   
1590   2.756E-03   2.3201E-05   3.4318E-05   2.3130E-05 / 3.4249E-05   
1600   2.756E-03   2.3544E-05   3.6209E-05   2.3048E-05 / 3.5832E-05   
1610   2.756E-03   2.3453E-05   3.7259E-05   2.3263E-05 / 3.7050E-05   
1620   2.756E-03   2.5356E-05   3.7666E-05   2.5356E-05 / 3.7666E-05   
1630   2.756E-03   2.3530E-05   4.1396E-05   2.3133E-05 / 4.1103E-05   
1640   2.756E-03   2.6601E-05   3.8450E-05   2.6594E-05 / 3.8433E-05   
1650   2.756E-03   2.4290E-05   3.7001E-05   2.4237E-05 / 3.6928E-05   
1660   2.756E-03   2.4538E-05   3.8204E-05   2.4538E-05 / 3.8202E-05   
1670   2.756E-03   2.2481E-05   3.3889E-05   2.2325E-05 / 3.3788E-05   
1680   2.756E-03   2.9003E-05   4.0273E-05   2.6497E-05 / 3.8303E-05   
1690   2.756E-03   3.0822E-05   3.5375E-05   3.0621E-05 / 3.5332E-05   
1700   2.756E-03   2.7539E-05   4.3329E-05   2.7404E-05 / 4.3173E-05   
1710   2.756E-03   2.2621E-05   3.7306E-05   2.2621E-05 / 3.7306E-05   
1720   2.756E-03   2.3667E-05   4.7817E-05   2.3450E-05 / 4.7590E-05   
1730   2.756E-03   2.0696E-05   4.5087E-05   2.0662E-05 / 4.5071E-05   
1740   2.756E-03   2.1076E-05   4.6645E-05   2.0796E-05 / 4.6485E-05   
1750   2.756E-03   2.6536E-05   4.8531E-05   2.6366E-05 / 4.8378E-05   
1760   2.756E-03   2.2909E-05   4.0291E-05   2.2688E-05 / 4.0208E-05   
1770   2.756E-03   2.4144E-05   4.0457E-05   2.4127E-05 / 4.0439E-05   
1780   2.756E-03   2.0952E-05   6.4471E-05   2.0689E-05 / 6.4234E-05   
1790   2.756E-03   2.3874E-05   1.4970E-04   2.3414E-05 / 1.4935E-04   
1800   2.756E-03   2.1237E-05   2.9467E-04   2.1220E-05 / 2.9112E-04   
1810   2.756E-03   2.0635E-05   3.4357E-04   2.0546E-05 / 3.3325E-04   
1820   2.756E-03   1.9802E-05   2.8895E-04   1.9663E-05 / 2.8561E-04   
1830   2.756E-03   2.3394E-05   6.9763E-04   2.3182E-05 / 5.8277E-04   
1840   2.756E-03   4.6191E-05   9.1482E-05   4.6142E-05 / 9.1477E-05   
1850   2.756E-03   2.8983E-05   1.3005E-04   2.8976E-05 / 1.3005E-04   
1860   2.756E-03   1.9918E-05   1.2175E-04   1.9804E-05 / 1.2167E-04   
1870   2.756E-03   2.0284E-05   9.2088E-05   2.0192E-05 / 9.2025E-05   
1880   2.756E-03   1.9823E-05   8.5498E-05   1.9818E-05 / 8.5498E-05   
1890   2.756E-03   1.9531E-05   1.7092E-04   1.9384E-05 / 1.7085E-04   
1900   2.756E-03   2.1923E-05   3.1472E-04   2.1762E-05 / 3.0942E-04   
1910   2.756E-03   1.9433E-05   1.9401E-04   1.9379E-05 / 1.9399E-04   
1920   2.756E-03   2.0335E-05   3.5571E-04   2.0285E-05 / 3.4404E-04   
1930   2.756E-03   1.9323E-05   2.9605E-04   1.9111E-05 / 2.9332E-04   
1940   2.756E-03   1.9914E-05   7.1953E-05   1.9890E-05 / 7.1949E-05   
1950   2.756E-03   1.9037E-05   2.1012E-04   1.8679E-05 / 2.0996E-04   
1960   2.756E-03   1.9275E-05   6.1104E-04   1.9044E-05 / 5.2577E-04   
BEST MODEL
===============================================================================================================
1698   2.756E-03   2.3241E-05   3.1274E-05   2.3084E-05 / 3.1131E-05   
===============================================================================================================
Saved model to /home/nikki/kan/kanTBNN/models/multi_run/kan_experiment_165_opt/kanTBNN-24Nov08_15:48:43.pickle
