========== Dataset info ==========
Dataset params: {'file': '/home/nikki/kan/data/turbulence_dataset_clean.csv', 'Cases': ['case_0p5', 'case_0p8', 'case_1p0', 'case_1p2', 'case_1p5'], 'val_set': ['case_0p8'], 'test_set': ['case_1p2'], 'data_loader': <class 'tbnn.dataloaders.aDataset'>}
Train/Valid/Test points: 44253 / 14751 / 14751
Memorization?: False
Cluster training?: False
EPOCH     LR        TRAIN         VALID             MSE:T/V                  RL:T/V             %NR_t/%NR_v
===============================================================================================================
  1   8.062E-06   2.8356E-01   2.6259E-01   2.8356E-01 / 2.6258E-01   
 10   8.062E-06   1.3937E-01   1.2778E-01   1.3937E-01 / 1.2778E-01   
 20   8.062E-06   1.0421E-01   9.3116E-02   1.0421E-01 / 9.3115E-02   
 30   8.062E-06   8.9679E-02   7.9018E-02   8.9679E-02 / 7.9017E-02   
 40   8.062E-06   8.2118E-02   7.2129E-02   8.2118E-02 / 7.2129E-02   
 50   8.062E-06   7.6686E-02   6.7263E-02   7.6686E-02 / 6.7262E-02   
 60   8.062E-06   7.2393E-02   6.3324E-02   7.2392E-02 / 6.3323E-02   
 70   8.062E-06   6.8793E-02   5.9970E-02   6.8791E-02 / 5.9968E-02   
 80   8.062E-06   6.5524E-02   5.6981E-02   6.5522E-02 / 5.6975E-02   
 90   8.062E-06   6.2451E-02   5.4253E-02   6.2450E-02 / 5.4249E-02   
100   8.062E-06   5.9572E-02   5.1748E-02   5.9570E-02 / 5.1745E-02   
110   8.062E-06   5.6943E-02   4.9501E-02   5.6941E-02 / 4.9499E-02   
120   8.062E-06   5.4546E-02   4.7470E-02   5.4544E-02 / 4.7468E-02   
130   8.062E-06   5.2382E-02   4.5658E-02   5.2381E-02 / 4.5656E-02   
140   8.062E-06   5.0429E-02   4.4045E-02   5.0428E-02 / 4.4042E-02   
150   8.062E-06   4.8665E-02   4.2585E-02   4.8664E-02 / 4.2580E-02   
160   8.062E-06   4.7039E-02   4.1243E-02   4.7038E-02 / 4.1239E-02   
170   8.062E-06   4.5530E-02   4.0002E-02   4.5529E-02 / 4.0000E-02   
180   8.062E-06   4.4125E-02   3.8841E-02   4.4124E-02 / 3.8840E-02   
190   8.062E-06   4.2825E-02   3.7783E-02   4.2824E-02 / 3.7782E-02   
200   8.062E-06   4.1617E-02   3.6796E-02   4.1615E-02 / 3.6795E-02   
210   8.062E-06   4.0478E-02   3.5890E-02   4.0476E-02 / 3.5889E-02   
220   8.062E-06   3.9405E-02   3.5036E-02   3.9402E-02 / 3.5036E-02   
230   8.062E-06   3.8391E-02   3.4238E-02   3.8389E-02 / 3.4238E-02   
240   8.062E-06   3.7433E-02   3.3495E-02   3.7430E-02 / 3.3495E-02   
250   8.062E-06   3.6525E-02   3.2807E-02   3.6521E-02 / 3.2804E-02   
260   8.062E-06   3.5662E-02   3.2140E-02   3.5659E-02 / 3.2136E-02   
270   8.062E-06   3.4841E-02   3.1555E-02   3.4837E-02 / 3.1538E-02   
280   8.062E-06   3.4055E-02   3.0986E-02   3.4052E-02 / 3.0942E-02   
290   8.062E-06   3.3303E-02   3.0474E-02   3.3300E-02 / 3.0390E-02   
300   8.062E-06   3.2585E-02   2.9990E-02   3.2581E-02 / 2.9845E-02   
310   8.062E-06   3.1904E-02   2.9603E-02   3.1899E-02 / 2.9357E-02   
320   8.062E-06   3.1255E-02   2.9176E-02   3.1252E-02 / 2.8835E-02   
330   8.062E-06   3.0644E-02   2.8854E-02   3.0640E-02 / 2.8392E-02   
340   8.062E-06   3.0063E-02   2.8582E-02   3.0059E-02 / 2.7952E-02   
350   8.062E-06   2.9511E-02   2.8332E-02   2.9507E-02 / 2.7540E-02   
360   8.062E-06   2.8984E-02   2.8231E-02   2.8979E-02 / 2.7149E-02   
370   8.062E-06   2.8482E-02   2.8134E-02   2.8478E-02 / 2.6765E-02   
380   8.062E-06   2.8007E-02   2.7952E-02   2.8002E-02 / 2.6399E-02   
390   8.062E-06   2.7554E-02   2.7771E-02   2.7550E-02 / 2.6042E-02   
400   8.062E-06   2.7119E-02   2.7727E-02   2.7115E-02 / 2.5705E-02   
410   8.062E-06   2.6705E-02   2.7585E-02   2.6701E-02 / 2.5387E-02   
420   8.062E-06   2.6310E-02   2.7535E-02   2.6304E-02 / 2.5082E-02   
430   8.062E-06   2.5933E-02   2.7394E-02   2.5928E-02 / 2.4796E-02   
440   8.062E-06   2.5571E-02   2.7233E-02   2.5567E-02 / 2.4500E-02   
450   8.062E-06   2.5221E-02   2.7199E-02   2.5216E-02 / 2.4238E-02   
460   8.062E-06   2.4885E-02   2.7154E-02   2.4881E-02 / 2.3977E-02   
470   8.062E-06   2.4563E-02   2.7212E-02   2.4559E-02 / 2.3735E-02   
480   8.062E-06   2.4252E-02   2.7232E-02   2.4248E-02 / 2.3507E-02   
490   8.062E-06   2.3950E-02   2.7296E-02   2.3947E-02 / 2.3270E-02   
500   8.062E-06   2.3658E-02   2.7559E-02   2.3654E-02 / 2.3042E-02   
510   8.062E-06   2.3377E-02   2.7831E-02   2.3374E-02 / 2.2823E-02   
520   8.062E-06   2.3103E-02   2.8152E-02   2.3101E-02 / 2.2614E-02   
530   8.062E-06   2.2840E-02   2.8541E-02   2.2837E-02 / 2.2408E-02   
540   8.062E-06   2.2584E-02   2.8902E-02   2.2582E-02 / 2.2205E-02   
550   8.062E-06   2.2336E-02   2.9295E-02   2.2334E-02 / 2.2012E-02   
560   8.062E-06   2.2099E-02   2.9691E-02   2.2096E-02 / 2.1850E-02   
570   8.062E-06   2.1867E-02   3.0065E-02   2.1864E-02 / 2.1660E-02   
580   8.062E-06   2.1643E-02   3.0327E-02   2.1641E-02 / 2.1480E-02   
590   8.062E-06   2.1425E-02   3.0723E-02   2.1422E-02 / 2.1325E-02   
600   8.062E-06   2.1214E-02   3.0723E-02   2.1213E-02 / 2.1145E-02   
610   8.062E-06   2.1009E-02   3.0988E-02   2.1008E-02 / 2.0978E-02   
620   8.062E-06   2.0812E-02   3.1383E-02   2.0811E-02 / 2.0849E-02   
630   8.062E-06   2.0620E-02   3.1576E-02   2.0619E-02 / 2.0698E-02   
640   8.062E-06   2.0436E-02   3.1958E-02   2.0435E-02 / 2.0542E-02   
650   8.062E-06   2.0257E-02   3.2499E-02   2.0255E-02 / 2.0425E-02   
660   8.062E-06   2.0085E-02   3.2832E-02   2.0083E-02 / 2.0306E-02   
670   8.062E-06   1.9919E-02   3.3084E-02   1.9917E-02 / 2.0187E-02   
680   8.062E-06   1.9756E-02   3.3350E-02   1.9755E-02 / 2.0047E-02   
690   8.062E-06   1.9599E-02   3.3753E-02   1.9597E-02 / 1.9948E-02   
700   8.062E-06   1.9447E-02   3.3735E-02   1.9446E-02 / 1.9828E-02   
710   8.062E-06   1.9298E-02   3.4223E-02   1.9297E-02 / 1.9710E-02   
720   8.062E-06   1.9155E-02   3.4546E-02   1.9153E-02 / 1.9617E-02   
730   8.062E-06   1.9014E-02   3.4733E-02   1.9013E-02 / 1.9500E-02   
740   8.062E-06   1.8879E-02   3.4828E-02   1.8877E-02 / 1.9404E-02   
750   8.062E-06   1.8746E-02   3.5155E-02   1.8745E-02 / 1.9308E-02   
760   8.062E-06   1.8617E-02   3.5164E-02   1.8616E-02 / 1.9211E-02   
770   8.062E-06   1.8491E-02   3.5403E-02   1.8490E-02 / 1.9132E-02   
780   8.062E-06   1.8369E-02   3.5527E-02   1.8367E-02 / 1.9047E-02   
790   8.062E-06   1.8250E-02   3.5457E-02   1.8248E-02 / 1.8960E-02   
800   8.062E-06   1.8132E-02   3.5705E-02   1.8130E-02 / 1.8896E-02   
810   8.062E-06   1.8017E-02   3.5869E-02   1.8016E-02 / 1.8816E-02   
820   8.062E-06   1.7906E-02   3.6087E-02   1.7905E-02 / 1.8743E-02   
830   8.062E-06   1.7796E-02   3.6370E-02   1.7795E-02 / 1.8675E-02   
840   8.062E-06   1.7689E-02   3.6899E-02   1.7688E-02 / 1.8600E-02   
850   8.062E-06   1.7585E-02   3.7202E-02   1.7584E-02 / 1.8524E-02   
860   8.062E-06   1.7484E-02   3.7296E-02   1.7482E-02 / 1.8464E-02   
870   8.062E-06   1.7385E-02   3.7909E-02   1.7383E-02 / 1.8402E-02   
880   8.062E-06   1.7287E-02   3.8068E-02   1.7286E-02 / 1.8335E-02   
890   8.062E-06   1.7191E-02   3.8526E-02   1.7190E-02 / 1.8274E-02   
900   8.062E-06   1.7099E-02   3.8955E-02   1.7097E-02 / 1.8214E-02   
910   8.062E-06   1.7009E-02   3.9218E-02   1.7008E-02 / 1.8150E-02   
920   8.062E-06   1.6922E-02   3.9832E-02   1.6920E-02 / 1.8083E-02   
930   8.062E-06   1.6836E-02   4.0284E-02   1.6833E-02 / 1.8033E-02   
940   8.062E-06   1.6752E-02   4.0520E-02   1.6750E-02 / 1.7958E-02   
950   8.062E-06   1.6672E-02   4.0521E-02   1.6670E-02 / 1.7907E-02   
960   8.062E-06   1.6591E-02   4.1376E-02   1.6590E-02 / 1.7855E-02   
970   8.062E-06   1.6513E-02   4.2109E-02   1.6511E-02 / 1.7796E-02   
980   8.062E-06   1.6436E-02   4.2385E-02   1.6434E-02 / 1.7743E-02   
990   8.062E-06   1.6360E-02   4.2965E-02   1.6358E-02 / 1.7688E-02   
1000   8.062E-06   1.6287E-02   4.3480E-02   1.6285E-02 / 1.7646E-02   
1010   8.062E-06   1.6214E-02   4.3526E-02   1.6213E-02 / 1.7575E-02   
1020   8.062E-06   1.6143E-02   4.4097E-02   1.6142E-02 / 1.7538E-02   
1030   8.062E-06   1.6074E-02   4.4802E-02   1.6072E-02 / 1.7494E-02   
1040   8.062E-06   1.6005E-02   4.5354E-02   1.6003E-02 / 1.7445E-02   
1050   8.062E-06   1.5937E-02   4.5787E-02   1.5935E-02 / 1.7413E-02   
1060   8.062E-06   1.5872E-02   4.5875E-02   1.5870E-02 / 1.7363E-02   
1070   8.062E-06   1.5806E-02   4.6457E-02   1.5805E-02 / 1.7324E-02   
1080   8.062E-06   1.5742E-02   4.6800E-02   1.5741E-02 / 1.7280E-02   
1090   8.062E-06   1.5679E-02   4.6993E-02   1.5677E-02 / 1.7238E-02   
1100   8.062E-06   1.5617E-02   4.6868E-02   1.5615E-02 / 1.7185E-02   
1110   8.062E-06   1.5555E-02   4.7748E-02   1.5553E-02 / 1.7152E-02   
1120   8.062E-06   1.5495E-02   4.8014E-02   1.5493E-02 / 1.7108E-02   
1130   8.062E-06   1.5437E-02   4.8406E-02   1.5435E-02 / 1.7071E-02   
1140   8.062E-06   1.5379E-02   4.8793E-02   1.5377E-02 / 1.7030E-02   
1150   8.062E-06   1.5321E-02   4.8966E-02   1.5320E-02 / 1.6999E-02   
1160   8.062E-06   1.5267E-02   4.8674E-02   1.5266E-02 / 1.6958E-02   
1170   8.062E-06   1.5211E-02   4.9854E-02   1.5208E-02 / 1.6947E-02   
1180   8.062E-06   1.5155E-02   4.9991E-02   1.5152E-02 / 1.6910E-02   
1190   8.062E-06   1.5100E-02   5.0415E-02   1.5097E-02 / 1.6870E-02   
1200   8.062E-06   1.5046E-02   5.0799E-02   1.5043E-02 / 1.6834E-02   
1210   8.062E-06   1.4995E-02   5.0587E-02   1.4993E-02 / 1.6798E-02   
1220   8.062E-06   1.4942E-02   5.0264E-02   1.4940E-02 / 1.6769E-02   
1230   8.062E-06   1.4892E-02   5.0785E-02   1.4890E-02 / 1.6724E-02   
1240   8.062E-06   1.4841E-02   5.0481E-02   1.4839E-02 / 1.6685E-02   
1250   8.062E-06   1.4791E-02   5.1422E-02   1.4789E-02 / 1.6634E-02   
1260   8.062E-06   1.4742E-02   5.1251E-02   1.4740E-02 / 1.6644E-02   
1270   8.062E-06   1.4694E-02   5.1214E-02   1.4692E-02 / 1.6579E-02   
1280   8.062E-06   1.4644E-02   5.1105E-02   1.4642E-02 / 1.6577E-02   
1290   8.062E-06   1.4597E-02   5.1347E-02   1.4595E-02 / 1.6519E-02   
1300   8.062E-06   1.4549E-02   5.1531E-02   1.4547E-02 / 1.6501E-02   
1310   8.062E-06   1.4504E-02   5.0991E-02   1.4501E-02 / 1.6483E-02   
1320   8.062E-06   1.4458E-02   5.1189E-02   1.4455E-02 / 1.6448E-02   
1330   8.062E-06   1.4413E-02   5.0110E-02   1.4411E-02 / 1.6413E-02   
1340   8.062E-06   1.4368E-02   5.0401E-02   1.4366E-02 / 1.6381E-02   
1350   8.062E-06   1.4323E-02   5.0091E-02   1.4321E-02 / 1.6367E-02   
1360   8.062E-06   1.4280E-02   4.9097E-02   1.4279E-02 / 1.6326E-02   
1370   8.062E-06   1.4238E-02   4.9140E-02   1.4236E-02 / 1.6308E-02   
1380   8.062E-06   1.4193E-02   4.9176E-02   1.4191E-02 / 1.6274E-02   
1390   8.062E-06   1.4151E-02   4.9054E-02   1.4149E-02 / 1.6261E-02   
1400   8.062E-06   1.4112E-02   4.8945E-02   1.4108E-02 / 1.6233E-02   
1410   8.062E-06   1.4068E-02   4.7928E-02   1.4067E-02 / 1.6193E-02   
1420   8.062E-06   1.4028E-02   4.7793E-02   1.4026E-02 / 1.6175E-02   
1430   8.062E-06   1.3985E-02   4.7345E-02   1.3983E-02 / 1.6150E-02   
1440   8.062E-06   1.3947E-02   4.6709E-02   1.3945E-02 / 1.6153E-02   
1450   8.062E-06   1.3905E-02   4.6497E-02   1.3903E-02 / 1.6128E-02   
1460   8.062E-06   1.3866E-02   4.5737E-02   1.3864E-02 / 1.6098E-02   
1470   8.062E-06   1.3826E-02   4.5533E-02   1.3823E-02 / 1.6089E-02   
1480   8.062E-06   1.3786E-02   4.4990E-02   1.3784E-02 / 1.6058E-02   
1490   8.062E-06   1.3746E-02   4.4409E-02   1.3743E-02 / 1.6026E-02   
1500   8.062E-06   1.3707E-02   4.2946E-02   1.3705E-02 / 1.6014E-02   
1510   8.062E-06   1.3670E-02   4.2032E-02   1.3669E-02 / 1.6000E-02   
1520   8.062E-06   1.3630E-02   4.0544E-02   1.3629E-02 / 1.5983E-02   
1530   8.062E-06   1.3590E-02   4.0786E-02   1.3589E-02 / 1.5967E-02   
1540   8.062E-06   1.3555E-02   4.0936E-02   1.3553E-02 / 1.5912E-02   
1550   8.062E-06   1.3514E-02   3.9865E-02   1.3513E-02 / 1.5923E-02   
1560   8.062E-06   1.3476E-02   3.9542E-02   1.3474E-02 / 1.5924E-02   
1570   8.062E-06   1.3439E-02   3.9043E-02   1.3438E-02 / 1.5892E-02   
1580   8.062E-06   1.3402E-02   3.9423E-02   1.3401E-02 / 1.5862E-02   
1590   8.062E-06   1.3367E-02   3.8952E-02   1.3366E-02 / 1.5863E-02   
1600   8.062E-06   1.3333E-02   3.9442E-02   1.3331E-02 / 1.5835E-02   
1610   8.062E-06   1.3295E-02   3.8767E-02   1.3293E-02 / 1.5835E-02   
1620   8.062E-06   1.3259E-02   3.8676E-02   1.3258E-02 / 1.5807E-02   
1630   8.062E-06   1.3225E-02   3.8817E-02   1.3224E-02 / 1.5790E-02   
1640   8.062E-06   1.3187E-02   3.8928E-02   1.3185E-02 / 1.5796E-02   
1650   8.062E-06   1.3152E-02   3.8526E-02   1.3151E-02 / 1.5771E-02   
1660   8.062E-06   1.3119E-02   3.7921E-02   1.3118E-02 / 1.5754E-02   
1670   8.062E-06   1.3084E-02   3.8271E-02   1.3082E-02 / 1.5746E-02   
1680   8.062E-06   1.3049E-02   3.8095E-02   1.3048E-02 / 1.5733E-02   
1690   8.062E-06   1.3014E-02   3.8007E-02   1.3013E-02 / 1.5713E-02   
1700   8.062E-06   1.2980E-02   3.7784E-02   1.2978E-02 / 1.5702E-02   
1710   8.062E-06   1.2947E-02   3.7338E-02   1.2946E-02 / 1.5715E-02   
1720   8.062E-06   1.2913E-02   3.7510E-02   1.2912E-02 / 1.5706E-02   
1730   8.062E-06   1.2879E-02   3.7816E-02   1.2878E-02 / 1.5672E-02   
1740   8.062E-06   1.2847E-02   3.7104E-02   1.2846E-02 / 1.5662E-02   
1750   8.062E-06   1.2813E-02   3.7370E-02   1.2812E-02 / 1.5658E-02   
1760   8.062E-06   1.2780E-02   3.6949E-02   1.2779E-02 / 1.5632E-02   
1770   8.062E-06   1.2749E-02   3.6751E-02   1.2748E-02 / 1.5618E-02   
1780   8.062E-06   1.2716E-02   3.6823E-02   1.2715E-02 / 1.5618E-02   
1790   8.062E-06   1.2684E-02   3.6678E-02   1.2682E-02 / 1.5601E-02   
1800   8.062E-06   1.2652E-02   3.6566E-02   1.2651E-02 / 1.5572E-02   
1810   8.062E-06   1.2621E-02   3.6123E-02   1.2620E-02 / 1.5577E-02   
1820   8.062E-06   1.2591E-02   3.6153E-02   1.2590E-02 / 1.5540E-02   
1830   8.062E-06   1.2559E-02   3.5789E-02   1.2558E-02 / 1.5533E-02   
1840   8.062E-06   1.2529E-02   3.5710E-02   1.2527E-02 / 1.5518E-02   
1850   8.062E-06   1.2499E-02   3.5663E-02   1.2498E-02 / 1.5488E-02   
1860   8.062E-06   1.2468E-02   3.5271E-02   1.2466E-02 / 1.5474E-02   
1870   8.062E-06   1.2439E-02   3.5153E-02   1.2437E-02 / 1.5455E-02   
1880   8.062E-06   1.2410E-02   3.3948E-02   1.2409E-02 / 1.5450E-02   
1890   8.062E-06   1.2381E-02   3.4480E-02   1.2380E-02 / 1.5415E-02   
1900   8.062E-06   1.2352E-02   3.4194E-02   1.2351E-02 / 1.5416E-02   
1910   8.062E-06   1.2324E-02   3.4017E-02   1.2322E-02 / 1.5377E-02   
1920   8.062E-06   1.2295E-02   3.3881E-02   1.2293E-02 / 1.5371E-02   
1930   8.062E-06   1.2266E-02   3.3507E-02   1.2264E-02 / 1.5356E-02   
1940   8.062E-06   1.2238E-02   3.3270E-02   1.2237E-02 / 1.5331E-02   
1950   8.062E-06   1.2211E-02   3.3197E-02   1.2211E-02 / 1.5309E-02   
1960   8.062E-06   1.2183E-02   3.3090E-02   1.2181E-02 / 1.5298E-02   
1970   8.062E-06   1.2155E-02   3.2270E-02   1.2154E-02 / 1.5297E-02   
1980   8.062E-06   1.2128E-02   3.2275E-02   1.2126E-02 / 1.5259E-02   
1990   8.062E-06   1.2103E-02   3.2088E-02   1.2102E-02 / 1.5293E-02   
2000   8.062E-06   1.2073E-02   3.1932E-02   1.2072E-02 / 1.5245E-02   
2010   8.062E-06   1.2046E-02   3.1850E-02   1.2045E-02 / 1.5225E-02   
2020   8.062E-06   1.2021E-02   3.1569E-02   1.2020E-02 / 1.5210E-02   
2030   8.062E-06   1.1991E-02   3.1680E-02   1.1990E-02 / 1.5210E-02   
2040   8.062E-06   1.1965E-02   3.1433E-02   1.1964E-02 / 1.5191E-02   
2050   8.062E-06   1.1937E-02   3.1670E-02   1.1936E-02 / 1.5174E-02   
2060   8.062E-06   1.1911E-02   3.1215E-02   1.1910E-02 / 1.5175E-02   
2070   8.062E-06   1.1888E-02   3.1621E-02   1.1884E-02 / 1.5192E-02   
2080   8.062E-06   1.1858E-02   3.1151E-02   1.1858E-02 / 1.5158E-02   
2090   8.062E-06   1.1832E-02   3.1109E-02   1.1831E-02 / 1.5139E-02   
2100   8.062E-06   1.1808E-02   3.1119E-02   1.1807E-02 / 1.5135E-02   
2110   8.062E-06   1.1783E-02   3.1131E-02   1.1781E-02 / 1.5104E-02   
2120   8.062E-06   1.1755E-02   3.0965E-02   1.1754E-02 / 1.5100E-02   
2130   8.062E-06   1.1731E-02   3.0804E-02   1.1730E-02 / 1.5072E-02   
2140   8.062E-06   1.1705E-02   3.0817E-02   1.1704E-02 / 1.5092E-02   
2150   8.062E-06   1.1681E-02   3.0842E-02   1.1680E-02 / 1.5046E-02   
2160   8.062E-06   1.1654E-02   3.0640E-02   1.1654E-02 / 1.5051E-02   
2170   8.062E-06   1.1632E-02   3.0465E-02   1.1632E-02 / 1.5026E-02   
2180   8.062E-06   1.1608E-02   3.0654E-02   1.1607E-02 / 1.5017E-02   
2190   8.062E-06   1.1584E-02   3.0560E-02   1.1583E-02 / 1.5001E-02   
2200   8.062E-06   1.1557E-02   3.0657E-02   1.1556E-02 / 1.5008E-02   
2210   8.062E-06   1.1533E-02   3.0123E-02   1.1532E-02 / 1.4995E-02   
2220   8.062E-06   1.1509E-02   3.0124E-02   1.1508E-02 / 1.4985E-02   
2230   8.062E-06   1.1486E-02   3.0017E-02   1.1486E-02 / 1.4979E-02   
2240   8.062E-06   1.1461E-02   3.0226E-02   1.1460E-02 / 1.4968E-02   
2250   8.062E-06   1.1438E-02   2.9882E-02   1.1437E-02 / 1.4954E-02   
2260   8.062E-06   1.1413E-02   2.9993E-02   1.1412E-02 / 1.4966E-02   
2270   8.062E-06   1.1389E-02   3.0107E-02   1.1388E-02 / 1.4933E-02   
2280   8.062E-06   1.1366E-02   3.0105E-02   1.1365E-02 / 1.4941E-02   
2290   8.062E-06   1.1344E-02   3.0004E-02   1.1344E-02 / 1.4911E-02   
2300   8.062E-06   1.1318E-02   2.9993E-02   1.1318E-02 / 1.4917E-02   
2310   8.062E-06   1.1294E-02   2.9830E-02   1.1293E-02 / 1.4918E-02   
2320   8.062E-06   1.1272E-02   2.9594E-02   1.1271E-02 / 1.4902E-02   
2330   8.062E-06   1.1249E-02   2.9908E-02   1.1248E-02 / 1.4895E-02   
2340   8.062E-06   1.1225E-02   2.9366E-02   1.1224E-02 / 1.4900E-02   
2350   8.062E-06   1.1201E-02   2.9439E-02   1.1200E-02 / 1.4890E-02   
2360   8.062E-06   1.1176E-02   2.9118E-02   1.1176E-02 / 1.4860E-02   
2370   8.062E-06   1.1155E-02   2.9150E-02   1.1154E-02 / 1.4872E-02   
2380   8.062E-06   1.1134E-02   2.8782E-02   1.1133E-02 / 1.4861E-02   
2390   8.062E-06   1.1111E-02   2.8787E-02   1.1111E-02 / 1.4852E-02   
2400   8.062E-06   1.1090E-02   2.8748E-02   1.1089E-02 / 1.4830E-02   
2410   8.062E-06   1.1068E-02   2.8652E-02   1.1068E-02 / 1.4827E-02   
2420   8.062E-06   1.1046E-02   2.8399E-02   1.1045E-02 / 1.4805E-02   
2430   8.062E-06   1.1024E-02   2.7898E-02   1.1024E-02 / 1.4801E-02   
2440   8.062E-06   1.1003E-02   2.7858E-02   1.1003E-02 / 1.4788E-02   
2450   8.062E-06   1.0983E-02   2.8045E-02   1.0982E-02 / 1.4808E-02   
2460   8.062E-06   1.0963E-02   2.7495E-02   1.0962E-02 / 1.4761E-02   
2470   8.062E-06   1.0942E-02   2.7672E-02   1.0941E-02 / 1.4786E-02   
2480   8.062E-06   1.0921E-02   2.7732E-02   1.0920E-02 / 1.4770E-02   
2490   8.062E-06   1.0903E-02   2.7200E-02   1.0902E-02 / 1.4761E-02   
2500   8.062E-06   1.0881E-02   2.7190E-02   1.0880E-02 / 1.4745E-02   
2510   8.062E-06   1.0863E-02   2.7460E-02   1.0862E-02 / 1.4727E-02   
2520   8.062E-06   1.0842E-02   2.6983E-02   1.0841E-02 / 1.4733E-02   
2530   8.062E-06   1.0822E-02   2.6842E-02   1.0821E-02 / 1.4719E-02   
2540   8.062E-06   1.0803E-02   2.7049E-02   1.0802E-02 / 1.4714E-02   
2550   8.062E-06   1.0786E-02   2.6778E-02   1.0785E-02 / 1.4707E-02   
2560   8.062E-06   1.0765E-02   2.6501E-02   1.0764E-02 / 1.4692E-02   
2570   8.062E-06   1.0748E-02   2.6564E-02   1.0747E-02 / 1.4654E-02   
2580   8.062E-06   1.0729E-02   2.6381E-02   1.0728E-02 / 1.4674E-02   
2590   8.062E-06   1.0709E-02   2.6477E-02   1.0708E-02 / 1.4649E-02   
2600   8.062E-06   1.0691E-02   2.6361E-02   1.0690E-02 / 1.4656E-02   
2610   8.062E-06   1.0673E-02   2.6504E-02   1.0672E-02 / 1.4623E-02   
2620   8.062E-06   1.0656E-02   2.6552E-02   1.0655E-02 / 1.4636E-02   
2630   8.062E-06   1.0639E-02   2.6249E-02   1.0638E-02 / 1.4625E-02   
2640   8.062E-06   1.0621E-02   2.6180E-02   1.0620E-02 / 1.4615E-02   
2650   8.062E-06   1.0602E-02   2.5983E-02   1.0602E-02 / 1.4599E-02   
2660   8.062E-06   1.0584E-02   2.6120E-02   1.0583E-02 / 1.4596E-02   
2670   8.062E-06   1.0567E-02   2.6079E-02   1.0566E-02 / 1.4582E-02   
2680   8.062E-06   1.0551E-02   2.5774E-02   1.0550E-02 / 1.4572E-02   
2690   8.062E-06   1.0533E-02   2.5942E-02   1.0532E-02 / 1.4557E-02   
2700   8.062E-06   1.0516E-02   2.5905E-02   1.0515E-02 / 1.4579E-02   
2710   8.062E-06   1.0500E-02   2.5695E-02   1.0499E-02 / 1.4537E-02   
2720   8.062E-06   1.0480E-02   2.5761E-02   1.0480E-02 / 1.4540E-02   
2730   8.062E-06   1.0465E-02   2.5901E-02   1.0465E-02 / 1.4530E-02   
2740   8.062E-06   1.0449E-02   2.5920E-02   1.0448E-02 / 1.4515E-02   
2750   8.062E-06   1.0432E-02   2.5653E-02   1.0431E-02 / 1.4504E-02   
2760   8.062E-06   1.0416E-02   2.5752E-02   1.0415E-02 / 1.4520E-02   
2770   8.062E-06   1.0400E-02   2.5719E-02   1.0399E-02 / 1.4497E-02   
2780   8.062E-06   1.0382E-02   2.5866E-02   1.0382E-02 / 1.4488E-02   
2790   8.062E-06   1.0366E-02   2.5911E-02   1.0365E-02 / 1.4508E-02   
2800   8.062E-06   1.0350E-02   2.5892E-02   1.0348E-02 / 1.4489E-02   
2810   8.062E-06   1.0335E-02   2.5828E-02   1.0334E-02 / 1.4495E-02   
2820   8.062E-06   1.0318E-02   2.5934E-02   1.0317E-02 / 1.4485E-02   
2830   8.062E-06   1.0308E-02   2.5466E-02   1.0308E-02 / 1.4449E-02   
2840   8.062E-06   1.0288E-02   2.5794E-02   1.0288E-02 / 1.4462E-02   
2850   8.062E-06   1.0273E-02   2.5919E-02   1.0272E-02 / 1.4440E-02   
2860   8.062E-06   1.0256E-02   2.6103E-02   1.0255E-02 / 1.4460E-02   
2870   8.062E-06   1.0238E-02   2.6063E-02   1.0237E-02 / 1.4465E-02   
2880   8.062E-06   1.0223E-02   2.6347E-02   1.0222E-02 / 1.4460E-02   
2890   8.062E-06   1.0208E-02   2.6100E-02   1.0207E-02 / 1.4456E-02   
2900   8.062E-06   1.0192E-02   2.6281E-02   1.0191E-02 / 1.4438E-02   
2910   8.062E-06   1.0176E-02   2.6338E-02   1.0175E-02 / 1.4454E-02   
2920   8.062E-06   1.0160E-02   2.6013E-02   1.0159E-02 / 1.4455E-02   
2930   8.062E-06   1.0146E-02   2.6218E-02   1.0145E-02 / 1.4457E-02   
2940   8.062E-06   1.0132E-02   2.6336E-02   1.0131E-02 / 1.4441E-02   
2950   8.062E-06   1.0116E-02   2.6158E-02   1.0115E-02 / 1.4435E-02   
2960   8.062E-06   1.0101E-02   2.6375E-02   1.0101E-02 / 1.4421E-02   
2970   8.062E-06   1.0087E-02   2.6485E-02   1.0085E-02 / 1.4419E-02   
2980   8.062E-06   1.0072E-02   2.6327E-02   1.0071E-02 / 1.4405E-02   
2990   8.062E-06   1.0058E-02   2.6605E-02   1.0057E-02 / 1.4448E-02   
3000   8.062E-06   1.0043E-02   2.6573E-02   1.0042E-02 / 1.4416E-02   
3010   8.062E-06   1.0029E-02   2.6661E-02   1.0028E-02 / 1.4406E-02   
3020   8.062E-06   1.0013E-02   2.6846E-02   1.0012E-02 / 1.4420E-02   
3030   8.062E-06   9.9976E-03   2.6885E-02   9.9971E-03 / 1.4425E-02   
3040   8.062E-06   9.9828E-03   2.7132E-02   9.9822E-03 / 1.4434E-02   
3050   8.062E-06   9.9692E-03   2.7048E-02   9.9688E-03 / 1.4420E-02   
3060   8.062E-06   9.9544E-03   2.7250E-02   9.9537E-03 / 1.4411E-02   
3070   8.062E-06   9.9412E-03   2.7614E-02   9.9404E-03 / 1.4423E-02   
3080   8.062E-06   9.9270E-03   2.7529E-02   9.9264E-03 / 1.4440E-02   
3090   8.062E-06   9.9135E-03   2.7808E-02   9.9129E-03 / 1.4443E-02   
3100   8.062E-06   9.8968E-03   2.8011E-02   9.8953E-03 / 1.4437E-02   
3110   8.062E-06   9.8842E-03   2.8150E-02   9.8832E-03 / 1.4418E-02   
3120   8.062E-06   9.8676E-03   2.8458E-02   9.8666E-03 / 1.4428E-02   
3130   8.062E-06   9.8555E-03   2.8399E-02   9.8545E-03 / 1.4430E-02   
3140   8.062E-06   9.8399E-03   2.8758E-02   9.8392E-03 / 1.4426E-02   
3150   8.062E-06   9.8283E-03   2.8768E-02   9.8276E-03 / 1.4427E-02   
3160   8.062E-06   9.8146E-03   2.9080E-02   9.8132E-03 / 1.4455E-02   
3170   8.062E-06   9.8023E-03   2.8790E-02   9.8016E-03 / 1.4433E-02   
3180   8.062E-06   9.7867E-03   2.9332E-02   9.7855E-03 / 1.4476E-02   
3190   8.062E-06   9.7748E-03   2.9174E-02   9.7741E-03 / 1.4454E-02   
3200   8.062E-06   9.7598E-03   2.9716E-02   9.7591E-03 / 1.4457E-02   
3210   8.062E-06   9.7467E-03   2.9684E-02   9.7457E-03 / 1.4460E-02   
3220   8.062E-06   9.7332E-03   3.0099E-02   9.7324E-03 / 1.4459E-02   
3230   8.062E-06   9.7246E-03   2.9932E-02   9.7240E-03 / 1.4472E-02   
3240   8.062E-06   9.7062E-03   3.0370E-02   9.7057E-03 / 1.4471E-02   
3250   8.062E-06   9.6961E-03   3.0709E-02   9.6930E-03 / 1.4506E-02   
3260   8.062E-06   9.6808E-03   3.0920E-02   9.6798E-03 / 1.4523E-02   
3270   8.062E-06   9.6687E-03   3.1321E-02   9.6673E-03 / 1.4546E-02   
3280   8.062E-06   9.6542E-03   3.1075E-02   9.6531E-03 / 1.4477E-02   
3290   8.062E-06   9.6415E-03   3.1257E-02   9.6407E-03 / 1.4519E-02   
3300   8.062E-06   9.6282E-03   3.1586E-02   9.6273E-03 / 1.4516E-02   
3310   8.062E-06   9.6176E-03   3.1822E-02   9.6165E-03 / 1.4546E-02   
3320   8.062E-06   9.6051E-03   3.2154E-02   9.6031E-03 / 1.4559E-02   
3330   8.062E-06   9.5904E-03   3.2257E-02   9.5896E-03 / 1.4570E-02   
3340   8.062E-06   9.5792E-03   3.2463E-02   9.5769E-03 / 1.4574E-02   
3350   8.062E-06   9.5639E-03   3.2728E-02   9.5629E-03 / 1.4572E-02   
3360   8.062E-06   9.5522E-03   3.2985E-02   9.5514E-03 / 1.4572E-02   
3370   8.062E-06   9.5368E-03   3.3153E-02   9.5361E-03 / 1.4587E-02   
3380   8.062E-06   9.5248E-03   3.3192E-02   9.5242E-03 / 1.4592E-02   
3390   8.062E-06   9.5125E-03   3.3142E-02   9.5119E-03 / 1.4603E-02   
3400   8.062E-06   9.5017E-03   3.3999E-02   9.5003E-03 / 1.4626E-02   
3410   8.062E-06   9.4886E-03   3.3566E-02   9.4882E-03 / 1.4627E-02   
3420   8.062E-06   9.4749E-03   3.3842E-02   9.4739E-03 / 1.4643E-02   
3430   8.062E-06   9.4634E-03   3.4240E-02   9.4630E-03 / 1.4683E-02   
3440   8.062E-06   9.4502E-03   3.4487E-02   9.4493E-03 / 1.4682E-02   
3450   8.062E-06   9.4376E-03   3.4668E-02   9.4368E-03 / 1.4691E-02   
3460   8.062E-06   9.4239E-03   3.4739E-02   9.4235E-03 / 1.4696E-02   
3470   8.062E-06   9.4144E-03   3.4969E-02   9.4137E-03 / 1.4724E-02   
3480   8.062E-06   9.4006E-03   3.5471E-02   9.3997E-03 / 1.4750E-02   
3490   8.062E-06   9.3895E-03   3.5408E-02   9.3888E-03 / 1.4740E-02   
3500   8.062E-06   9.3751E-03   3.6151E-02   9.3744E-03 / 1.4768E-02   
3510   8.062E-06   9.3622E-03   3.6156E-02   9.3611E-03 / 1.4797E-02   
3520   8.062E-06   9.3504E-03   3.6948E-02   9.3492E-03 / 1.4813E-02   
3530   8.062E-06   9.3386E-03   3.7038E-02   9.3382E-03 / 1.4834E-02   
3540   8.062E-06   9.3262E-03   3.6942E-02   9.3256E-03 / 1.4836E-02   
3550   8.062E-06   9.3146E-03   3.7007E-02   9.3136E-03 / 1.4846E-02   
3560   8.062E-06   9.3034E-03   3.7644E-02   9.3025E-03 / 1.4864E-02   
3570   8.062E-06   9.2927E-03   3.7858E-02   9.2922E-03 / 1.4892E-02   
3580   8.062E-06   9.2799E-03   3.8153E-02   9.2791E-03 / 1.4887E-02   
3590   8.062E-06   9.2681E-03   3.8218E-02   9.2671E-03 / 1.4901E-02   
3600   8.062E-06   9.2572E-03   3.8625E-02   9.2551E-03 / 1.4922E-02   
3610   8.062E-06   9.2490E-03   3.8979E-02   9.2478E-03 / 1.4919E-02   
3620   8.062E-06   9.2374E-03   3.9082E-02   9.2359E-03 / 1.4951E-02   
3630   8.062E-06   9.2258E-03   3.9300E-02   9.2241E-03 / 1.4934E-02   
3640   8.062E-06   9.2152E-03   3.9613E-02   9.2133E-03 / 1.4978E-02   
3650   8.062E-06   9.2052E-03   3.9818E-02   9.2032E-03 / 1.4939E-02   
3660   8.062E-06   9.1935E-03   4.0443E-02   9.1915E-03 / 1.4983E-02   
3670   8.062E-06   9.1829E-03   4.0529E-02   9.1805E-03 / 1.4995E-02   
3680   8.062E-06   9.1744E-03   4.0708E-02   9.1721E-03 / 1.4994E-02   
3690   8.062E-06   9.1631E-03   4.1105E-02   9.1605E-03 / 1.4989E-02   
3700   8.062E-06   9.1547E-03   4.1226E-02   9.1519E-03 / 1.5018E-02   
3710   8.062E-06   9.1450E-03   4.1885E-02   9.1416E-03 / 1.5053E-02   
3720   8.062E-06   9.1352E-03   4.2060E-02   9.1312E-03 / 1.5048E-02   
3730   8.062E-06   9.1244E-03   4.2047E-02   9.1215E-03 / 1.5025E-02   
3740   8.062E-06   9.1157E-03   4.2904E-02   9.1113E-03 / 1.5072E-02   
3750   8.062E-06   9.1044E-03   4.3322E-02   9.1000E-03 / 1.5055E-02   
3760   8.062E-06   9.0956E-03   4.2448E-02   9.0923E-03 / 1.5071E-02   
3770   8.062E-06   9.0882E-03   4.3275E-02   9.0841E-03 / 1.5079E-02   
3780   8.062E-06   9.0812E-03   4.3352E-02   9.0769E-03 / 1.5086E-02   
3790   8.062E-06   9.0689E-03   4.3767E-02   9.0642E-03 / 1.5119E-02   
3800   8.062E-06   9.0615E-03   4.4179E-02   9.0550E-03 / 1.5107E-02   
3810   8.062E-06   9.0535E-03   4.4201E-02   9.0489E-03 / 1.5109E-02   
3820   8.062E-06   9.0401E-03   4.4779E-02   9.0360E-03 / 1.5142E-02   
3830   8.062E-06   9.0311E-03   4.4955E-02   9.0276E-03 / 1.5138E-02   
3840   8.062E-06   9.0225E-03   4.5124E-02   9.0189E-03 / 1.5151E-02   
3850   8.062E-06   9.0141E-03   4.5961E-02   9.0112E-03 / 1.5163E-02   
3860   8.062E-06   9.0034E-03   4.6220E-02   9.0002E-03 / 1.5189E-02   
3870   8.062E-06   8.9961E-03   4.6760E-02   8.9933E-03 / 1.5183E-02   
3880   8.062E-06   8.9862E-03   4.6937E-02   8.9838E-03 / 1.5184E-02   
3890   8.062E-06   8.9747E-03   4.7424E-02   8.9724E-03 / 1.5202E-02   
3900   8.062E-06   8.9669E-03   4.7184E-02   8.9647E-03 / 1.5215E-02   
3910   8.062E-06   8.9589E-03   4.7590E-02   8.9572E-03 / 1.5243E-02   
3920   8.062E-06   8.9506E-03   4.7455E-02   8.9483E-03 / 1.5267E-02   
3930   8.062E-06   8.9402E-03   4.9257E-02   8.9384E-03 / 1.5239E-02   
3940   8.062E-06   8.9298E-03   4.9508E-02   8.9274E-03 / 1.5316E-02   
3950   8.062E-06   8.9206E-03   4.9096E-02   8.9188E-03 / 1.5302E-02   
3960   8.062E-06   8.9124E-03   4.9584E-02   8.9110E-03 / 1.5286E-02   
3970   8.062E-06   8.9001E-03   5.0472E-02   8.8987E-03 / 1.5325E-02   
3980   8.062E-06   8.8911E-03   5.1209E-02   8.8894E-03 / 1.5324E-02   
3990   8.062E-06   8.8837E-03   5.1253E-02   8.8823E-03 / 1.5343E-02   
4000   8.062E-06   8.8738E-03   5.1746E-02   8.8719E-03 / 1.5324E-02   
4010   8.062E-06   8.8660E-03   5.2598E-02   8.8647E-03 / 1.5353E-02   
4020   8.062E-06   8.8557E-03   5.2284E-02   8.8547E-03 / 1.5378E-02   
4030   8.062E-06   8.8472E-03   5.2311E-02   8.8459E-03 / 1.5384E-02   
4040   8.062E-06   8.8391E-03   5.3026E-02   8.8361E-03 / 1.5397E-02   
4050   8.062E-06   8.8294E-03   5.3631E-02   8.8281E-03 / 1.5411E-02   
4060   8.062E-06   8.8188E-03   5.4392E-02   8.8177E-03 / 1.5428E-02   
4070   8.062E-06   8.8112E-03   5.4561E-02   8.8087E-03 / 1.5422E-02   
4080   8.062E-06   8.8015E-03   5.4214E-02   8.8005E-03 / 1.5429E-02   
4090   8.062E-06   8.7928E-03   5.4822E-02   8.7914E-03 / 1.5461E-02   
4100   8.062E-06   8.7825E-03   5.5187E-02   8.7814E-03 / 1.5437E-02   
4110   8.062E-06   8.7760E-03   5.5211E-02   8.7747E-03 / 1.5437E-02   
4120   8.062E-06   8.7661E-03   5.5949E-02   8.7633E-03 / 1.5461E-02   
4130   8.062E-06   8.7556E-03   5.6226E-02   8.7538E-03 / 1.5456E-02   
4140   8.062E-06   8.7472E-03   5.7100E-02   8.7457E-03 / 1.5494E-02   
4150   8.062E-06   8.7372E-03   5.6382E-02   8.7360E-03 / 1.5505E-02   
4160   8.062E-06   8.7295E-03   5.6637E-02   8.7282E-03 / 1.5507E-02   
4170   8.062E-06   8.7217E-03   5.7611E-02   8.7206E-03 / 1.5540E-02   
4180   8.062E-06   8.7121E-03   5.7866E-02   8.7116E-03 / 1.5545E-02   
4190   8.062E-06   8.7035E-03   5.8785E-02   8.7025E-03 / 1.5569E-02   
4200   8.062E-06   8.6938E-03   5.8707E-02   8.6932E-03 / 1.5563E-02   
4210   8.062E-06   8.6850E-03   5.9217E-02   8.6839E-03 / 1.5574E-02   
4220   8.062E-06   8.6803E-03   5.9147E-02   8.6796E-03 / 1.5547E-02   
4230   8.062E-06   8.6696E-03   5.9517E-02   8.6689E-03 / 1.5591E-02   
4240   8.062E-06   8.6592E-03   5.9578E-02   8.6580E-03 / 1.5564E-02   
4250   8.062E-06   8.6521E-03   5.9485E-02   8.6505E-03 / 1.5575E-02   
4260   8.062E-06   8.6421E-03   6.0570E-02   8.6402E-03 / 1.5594E-02   
4270   8.062E-06   8.6342E-03   6.0942E-02   8.6329E-03 / 1.5607E-02   
4280   8.062E-06   8.6257E-03   6.0949E-02   8.6248E-03 / 1.5602E-02   
4290   8.062E-06   8.6179E-03   6.1359E-02   8.6170E-03 / 1.5617E-02   
4300   8.062E-06   8.6116E-03   6.1877E-02   8.6091E-03 / 1.5672E-02   
4310   8.062E-06   8.6017E-03   6.2052E-02   8.5990E-03 / 1.5630E-02   
4320   8.062E-06   8.5955E-03   6.2217E-02   8.5947E-03 / 1.5634E-02   
4330   8.062E-06   8.5842E-03   6.2938E-02   8.5834E-03 / 1.5676E-02   
4340   8.062E-06   8.5765E-03   6.3619E-02   8.5744E-03 / 1.5657E-02   
4350   8.062E-06   8.5662E-03   6.3278E-02   8.5656E-03 / 1.5656E-02   
4360   8.062E-06   8.5577E-03   6.3650E-02   8.5565E-03 / 1.5662E-02   
4370   8.062E-06   8.5516E-03   6.3457E-02   8.5499E-03 / 1.5657E-02   
4380   8.062E-06   8.5416E-03   6.3581E-02   8.5404E-03 / 1.5674E-02   
4390   8.062E-06   8.5329E-03   6.3880E-02   8.5317E-03 / 1.5683E-02   
4400   8.062E-06   8.5264E-03   6.4632E-02   8.5257E-03 / 1.5693E-02   
4410   8.062E-06   8.5181E-03   6.5144E-02   8.5168E-03 / 1.5706E-02   
4420   8.062E-06   8.5108E-03   6.5633E-02   8.5102E-03 / 1.5704E-02   
4430   8.062E-06   8.5039E-03   6.4911E-02   8.5036E-03 / 1.5678E-02   
4440   8.062E-06   8.4941E-03   6.5588E-02   8.4935E-03 / 1.5709E-02   
4450   8.062E-06   8.4873E-03   6.6442E-02   8.4867E-03 / 1.5695E-02   
4460   8.062E-06   8.4778E-03   6.6150E-02   8.4774E-03 / 1.5715E-02   
4470   8.062E-06   8.4723E-03   6.7327E-02   8.4680E-03 / 1.5723E-02   
4480   8.062E-06   8.4638E-03   6.6599E-02   8.4631E-03 / 1.5705E-02   
4490   8.062E-06   8.4548E-03   6.7687E-02   8.4540E-03 / 1.5746E-02   
4500   8.062E-06   8.4468E-03   6.8085E-02   8.4459E-03 / 1.5696E-02   
4510   8.062E-06   8.4392E-03   6.7979E-02   8.4388E-03 / 1.5729E-02   
4520   8.062E-06   8.4300E-03   6.8240E-02   8.4292E-03 / 1.5747E-02   
4530   8.062E-06   8.4228E-03   6.9223E-02   8.4225E-03 / 1.5756E-02   
4540   8.062E-06   8.4148E-03   6.9450E-02   8.4142E-03 / 1.5761E-02   
4550   8.062E-06   8.4070E-03   6.9629E-02   8.4065E-03 / 1.5730E-02   
4560   8.062E-06   8.4017E-03   6.9369E-02   8.4013E-03 / 1.5751E-02   
4570   8.062E-06   8.3961E-03   6.8096E-02   8.3955E-03 / 1.5728E-02   
4580   8.062E-06   8.3854E-03   6.9883E-02   8.3847E-03 / 1.5752E-02   
4590   8.062E-06   8.3789E-03   6.9771E-02   8.3784E-03 / 1.5745E-02   
4600   8.062E-06   8.3701E-03   6.9469E-02   8.3696E-03 / 1.5734E-02   
4610   8.062E-06   8.3619E-03   7.0577E-02   8.3610E-03 / 1.5750E-02   
4620   8.062E-06   8.3539E-03   7.0241E-02   8.3535E-03 / 1.5758E-02   
4630   8.062E-06   8.3473E-03   7.1851E-02   8.3438E-03 / 1.5782E-02   
4640   8.062E-06   8.3392E-03   7.0468E-02   8.3389E-03 / 1.5785E-02   
4650   8.062E-06   8.3316E-03   7.0574E-02   8.3304E-03 / 1.5752E-02   
4660   8.062E-06   8.3231E-03   7.1048E-02   8.3223E-03 / 1.5761E-02   
4670   8.062E-06   8.3157E-03   7.1713E-02   8.3132E-03 / 1.5770E-02   
4680   8.062E-06   8.3090E-03   7.1956E-02   8.3071E-03 / 1.5787E-02   
4690   8.062E-06   8.3007E-03   7.2095E-02   8.3002E-03 / 1.5764E-02   
4700   8.062E-06   8.2945E-03   7.2165E-02   8.2936E-03 / 1.5800E-02   
4710   8.062E-06   8.2869E-03   7.2391E-02   8.2860E-03 / 1.5780E-02   
4720   8.062E-06   8.2802E-03   7.2598E-02   8.2793E-03 / 1.5784E-02   
4730   8.062E-06   8.2735E-03   7.3127E-02   8.2715E-03 / 1.5766E-02   
4740   8.062E-06   8.2655E-03   7.3024E-02   8.2652E-03 / 1.5775E-02   
4750   8.062E-06   8.2579E-03   7.3228E-02   8.2563E-03 / 1.5759E-02   
4760   8.062E-06   8.2505E-03   7.3434E-02   8.2486E-03 / 1.5733E-02   
4770   8.062E-06   8.2425E-03   7.4556E-02   8.2416E-03 / 1.5772E-02   
4780   8.062E-06   8.2364E-03   7.3061E-02   8.2344E-03 / 1.5758E-02   
4790   8.062E-06   8.2292E-03   7.5305E-02   8.2287E-03 / 1.5806E-02   
4800   8.062E-06   8.2208E-03   7.5472E-02   8.2194E-03 / 1.5771E-02   
4810   8.062E-06   8.2144E-03   7.4799E-02   8.2138E-03 / 1.5768E-02   
4820   8.062E-06   8.2101E-03   7.4677E-02   8.2096E-03 / 1.5774E-02   
4830   8.062E-06   8.2011E-03   7.5694E-02   8.1989E-03 / 1.5736E-02   
4840   8.062E-06   8.1946E-03   7.5255E-02   8.1937E-03 / 1.5765E-02   
4850   8.062E-06   8.1867E-03   7.6012E-02   8.1849E-03 / 1.5746E-02   
4860   8.062E-06   8.1819E-03   7.5831E-02   8.1795E-03 / 1.5767E-02   
4870   8.062E-06   8.1729E-03   7.5805E-02   8.1720E-03 / 1.5755E-02   
4880   8.062E-06   8.1691E-03   7.5790E-02   8.1684E-03 / 1.5728E-02   
4890   8.062E-06   8.1621E-03   7.6144E-02   8.1609E-03 / 1.5755E-02   
4900   8.062E-06   8.1546E-03   7.6282E-02   8.1541E-03 / 1.5758E-02   
4910   8.062E-06   8.1509E-03   7.6056E-02   8.1506E-03 / 1.5756E-02   
4920   8.062E-06   8.1437E-03   7.6304E-02   8.1433E-03 / 1.5760E-02   
4930   8.062E-06   8.1354E-03   7.6128E-02   8.1334E-03 / 1.5758E-02   
4940   8.062E-06   8.1293E-03   7.6197E-02   8.1288E-03 / 1.5775E-02   
4950   8.062E-06   8.1242E-03   7.6193E-02   8.1208E-03 / 1.5778E-02   
4960   8.062E-06   8.1158E-03   7.5836E-02   8.1148E-03 / 1.5766E-02   
4970   8.062E-06   8.1076E-03   7.6740E-02   8.1064E-03 / 1.5716E-02   
4980   8.062E-06   8.1044E-03   7.6201E-02   8.1038E-03 / 1.5781E-02   
4990   8.062E-06   8.0950E-03   7.5974E-02   8.0946E-03 / 1.5723E-02   
5000   8.062E-06   8.0887E-03   7.6728E-02   8.0880E-03 / 1.5739E-02   
5010   8.062E-06   8.0821E-03   7.6182E-02   8.0815E-03 / 1.5729E-02   
5020   8.062E-06   8.0777E-03   7.7435E-02   8.0767E-03 / 1.5778E-02   
5030   8.062E-06   8.0696E-03   7.6567E-02   8.0673E-03 / 1.5733E-02   
5040   8.062E-06   8.0624E-03   7.6416E-02   8.0611E-03 / 1.5766E-02   
5050   8.062E-06   8.0560E-03   7.6732E-02   8.0552E-03 / 1.5734E-02   
5060   8.062E-06   8.0512E-03   7.4884E-02   8.0508E-03 / 1.5707E-02   
5070   8.062E-06   8.0409E-03   7.6679E-02   8.0404E-03 / 1.5753E-02   
5080   8.062E-06   8.0363E-03   7.6411E-02   8.0358E-03 / 1.5751E-02   
5090   8.062E-06   8.0307E-03   7.6572E-02   8.0295E-03 / 1.5765E-02   
