========== Dataset info ==========
Dataset params: {'file': '/home/nikki/kan/data/turbulence_dataset_clean.csv', 'Cases': ['case_0p5', 'case_0p8', 'case_1p0', 'case_1p2', 'case_1p5'], 'val_set': ['case_0p8'], 'test_set': ['case_1p2'], 'data_loader': <class 'tbnn.dataloaders.aDataset'>}
Train/Valid/Test points: 44253 / 14751 / 14751
Memorization?: False
Cluster training?: False
EPOCH     LR        TRAIN         VALID             MSE:T/V                  RL:T/V             %NR_t/%NR_v
===============================================================================================================
  1   2.727E-05   2.6267E-01   2.4132E-01   2.6196E-01 / 2.3767E-01   
 10   2.727E-05   1.0953E-01   9.5497E-02   1.0953E-01 / 9.5496E-02   
 20   2.727E-05   8.4163E-02   7.3950E-02   8.4162E-02 / 7.3949E-02   
 30   2.727E-05   7.2853E-02   6.4825E-02   7.2847E-02 / 6.4812E-02   
 40   2.727E-05   6.5726E-02   5.8994E-02   6.5716E-02 / 5.8989E-02   
 50   2.727E-05   6.0220E-02   5.4660E-02   6.0199E-02 / 5.4657E-02   
 60   2.727E-05   5.5450E-02   5.0832E-02   5.5435E-02 / 5.0831E-02   
 70   2.727E-05   5.1105E-02   4.7205E-02   5.1092E-02 / 4.7203E-02   
 80   2.727E-05   4.7174E-02   4.3747E-02   4.7160E-02 / 4.3745E-02   
 90   2.727E-05   4.3654E-02   4.0648E-02   4.3645E-02 / 4.0646E-02   
100   2.727E-05   4.0514E-02   3.7800E-02   4.0505E-02 / 3.7798E-02   
110   2.727E-05   3.7671E-02   3.5290E-02   3.7665E-02 / 3.5287E-02   
120   2.727E-05   3.5162E-02   3.3054E-02   3.5156E-02 / 3.3054E-02   
130   2.727E-05   3.3068E-02   3.1309E-02   3.3052E-02 / 3.1308E-02   
140   2.727E-05   3.1356E-02   2.9933E-02   3.1334E-02 / 2.9932E-02   
150   2.727E-05   2.9946E-02   2.8832E-02   2.9920E-02 / 2.8823E-02   
160   2.727E-05   2.8718E-02   2.7903E-02   2.8698E-02 / 2.7886E-02   
170   2.727E-05   2.7644E-02   2.7091E-02   2.7618E-02 / 2.7057E-02   
180   2.727E-05   2.6670E-02   2.6334E-02   2.6645E-02 / 2.6270E-02   
190   2.727E-05   2.5781E-02   2.5848E-02   2.5753E-02 / 2.5565E-02   
200   2.727E-05   2.4976E-02   2.5612E-02   2.4954E-02 / 2.4938E-02   
210   2.727E-05   2.4230E-02   2.5384E-02   2.4210E-02 / 2.4338E-02   
220   2.727E-05   2.3528E-02   2.5197E-02   2.3513E-02 / 2.3792E-02   
230   2.727E-05   2.2883E-02   2.5024E-02   2.2863E-02 / 2.3239E-02   
240   2.727E-05   2.2278E-02   2.4967E-02   2.2260E-02 / 2.2697E-02   
250   2.727E-05   2.1721E-02   2.5091E-02   2.1703E-02 / 2.2249E-02   
260   2.727E-05   2.1206E-02   2.5217E-02   2.1191E-02 / 2.1808E-02   
270   2.727E-05   2.0729E-02   2.5490E-02   2.0710E-02 / 2.1400E-02   
280   2.727E-05   2.0287E-02   2.5714E-02   2.0268E-02 / 2.0994E-02   
290   2.727E-05   1.9859E-02   2.6166E-02   1.9836E-02 / 2.0682E-02   
300   2.727E-05   1.9454E-02   2.6478E-02   1.9424E-02 / 2.0293E-02   
310   2.727E-05   1.9069E-02   2.6690E-02   1.9041E-02 / 1.9948E-02   
320   2.727E-05   1.8692E-02   2.7191E-02   1.8659E-02 / 1.9545E-02   
330   2.727E-05   1.8347E-02   2.7655E-02   1.8308E-02 / 1.9256E-02   
340   2.727E-05   1.8015E-02   2.8655E-02   1.7969E-02 / 1.8904E-02   
350   2.727E-05   1.7713E-02   2.9165E-02   1.7661E-02 / 1.8641E-02   
360   2.727E-05   1.7437E-02   2.9907E-02   1.7378E-02 / 1.8395E-02   
370   2.727E-05   1.7168E-02   3.0641E-02   1.7107E-02 / 1.8142E-02   
380   2.727E-05   1.6912E-02   3.1322E-02   1.6848E-02 / 1.7916E-02   
390   2.727E-05   1.6661E-02   3.1468E-02   1.6605E-02 / 1.7701E-02   
400   2.727E-05   1.6422E-02   3.2685E-02   1.6365E-02 / 1.7487E-02   
410   2.727E-05   1.6190E-02   3.3770E-02   1.6142E-02 / 1.7325E-02   
420   2.727E-05   1.5986E-02   3.4432E-02   1.5943E-02 / 1.7074E-02   
430   2.727E-05   1.5767E-02   3.5464E-02   1.5726E-02 / 1.6917E-02   
440   2.727E-05   1.5571E-02   3.6852E-02   1.5527E-02 / 1.6786E-02   
450   2.727E-05   1.5394E-02   3.7343E-02   1.5355E-02 / 1.6704E-02   
460   2.727E-05   1.5212E-02   3.8729E-02   1.5170E-02 / 1.6498E-02   
470   2.727E-05   1.5042E-02   4.0020E-02   1.5001E-02 / 1.6403E-02   
480   2.727E-05   1.4880E-02   4.0204E-02   1.4843E-02 / 1.6245E-02   
490   2.727E-05   1.4720E-02   4.1655E-02   1.4684E-02 / 1.6164E-02   
500   2.727E-05   1.4568E-02   4.1768E-02   1.4531E-02 / 1.6043E-02   
510   2.727E-05   1.4429E-02   4.3213E-02   1.4396E-02 / 1.5984E-02   
520   2.727E-05   1.4290E-02   4.3280E-02   1.4259E-02 / 1.5854E-02   
530   2.727E-05   1.4158E-02   4.4032E-02   1.4126E-02 / 1.5760E-02   
540   2.727E-05   1.4029E-02   4.4175E-02   1.4001E-02 / 1.5648E-02   
550   2.727E-05   1.3915E-02   4.3545E-02   1.3890E-02 / 1.5587E-02   
560   2.727E-05   1.3787E-02   4.4022E-02   1.3760E-02 / 1.5474E-02   
570   2.727E-05   1.3666E-02   4.3509E-02   1.3643E-02 / 1.5404E-02   
580   2.727E-05   1.3546E-02   4.3045E-02   1.3520E-02 / 1.5333E-02   
590   2.727E-05   1.3428E-02   4.2411E-02   1.3406E-02 / 1.5254E-02   
600   2.727E-05   1.3328E-02   4.1651E-02   1.3308E-02 / 1.5164E-02   
610   2.727E-05   1.3215E-02   4.1833E-02   1.3196E-02 / 1.5116E-02   
620   2.727E-05   1.3106E-02   4.0999E-02   1.3083E-02 / 1.5008E-02   
630   2.727E-05   1.2993E-02   4.1327E-02   1.2971E-02 / 1.4924E-02   
640   2.727E-05   1.2895E-02   4.1295E-02   1.2876E-02 / 1.4884E-02   
650   2.727E-05   1.2792E-02   4.1016E-02   1.2770E-02 / 1.4786E-02   
660   2.727E-05   1.2700E-02   4.0354E-02   1.2679E-02 / 1.4737E-02   
670   2.727E-05   1.2601E-02   3.9749E-02   1.2581E-02 / 1.4659E-02   
680   2.727E-05   1.2509E-02   3.9579E-02   1.2490E-02 / 1.4570E-02   
690   2.727E-05   1.2422E-02   3.9192E-02   1.2404E-02 / 1.4529E-02   
700   2.727E-05   1.2340E-02   4.1380E-02   1.2322E-02 / 1.4432E-02   
710   2.727E-05   1.2253E-02   4.0422E-02   1.2235E-02 / 1.4410E-02   
720   2.727E-05   1.2168E-02   4.3223E-02   1.2148E-02 / 1.4324E-02   
730   2.727E-05   1.2083E-02   4.0509E-02   1.2063E-02 / 1.4314E-02   
740   2.727E-05   1.1998E-02   4.0552E-02   1.1978E-02 / 1.4249E-02   
750   2.727E-05   1.1926E-02   4.2356E-02   1.1907E-02 / 1.4206E-02   
760   2.727E-05   1.1845E-02   4.2411E-02   1.1821E-02 / 1.4135E-02   
770   2.727E-05   1.1772E-02   4.2612E-02   1.1753E-02 / 1.4063E-02   
780   2.727E-05   1.1701E-02   4.3436E-02   1.1682E-02 / 1.4038E-02   
790   2.727E-05   1.1631E-02   4.3472E-02   1.1612E-02 / 1.3966E-02   
800   2.727E-05   1.1558E-02   4.4830E-02   1.1538E-02 / 1.3933E-02   
810   2.727E-05   1.1499E-02   4.4143E-02   1.1482E-02 / 1.3844E-02   
820   2.727E-05   1.1438E-02   4.4995E-02   1.1420E-02 / 1.3854E-02   
830   2.727E-05   1.1369E-02   4.5267E-02   1.1351E-02 / 1.3817E-02   
840   2.727E-05   1.1299E-02   4.6629E-02   1.1281E-02 / 1.3782E-02   
850   2.727E-05   1.1238E-02   4.6563E-02   1.1218E-02 / 1.3736E-02   
860   2.727E-05   1.1184E-02   4.6388E-02   1.1165E-02 / 1.3699E-02   
870   2.727E-05   1.1122E-02   4.6078E-02   1.1102E-02 / 1.3703E-02   
880   2.727E-05   1.1058E-02   4.7248E-02   1.1041E-02 / 1.3630E-02   
890   2.727E-05   1.0995E-02   4.6017E-02   1.0978E-02 / 1.3543E-02   
900   2.727E-05   1.0934E-02   4.5998E-02   1.0917E-02 / 1.3564E-02   
910   2.727E-05   1.0875E-02   4.7430E-02   1.0859E-02 / 1.3547E-02   
920   2.727E-05   1.0820E-02   4.7621E-02   1.0804E-02 / 1.3441E-02   
930   2.727E-05   1.0765E-02   4.6093E-02   1.0749E-02 / 1.3432E-02   
940   2.727E-05   1.0702E-02   4.7726E-02   1.0686E-02 / 1.3396E-02   
950   2.727E-05   1.0655E-02   4.5545E-02   1.0641E-02 / 1.3344E-02   
960   2.727E-05   1.0609E-02   4.5477E-02   1.0595E-02 / 1.3321E-02   
970   2.727E-05   1.0540E-02   4.7187E-02   1.0526E-02 / 1.3300E-02   
980   2.727E-05   1.0485E-02   4.7066E-02   1.0468E-02 / 1.3237E-02   
990   2.727E-05   1.0428E-02   4.6471E-02   1.0415E-02 / 1.3203E-02   
1000   2.727E-05   1.0409E-02   4.5007E-02   1.0397E-02 / 1.3179E-02   
1010   2.727E-05   1.0331E-02   4.6256E-02   1.0318E-02 / 1.3095E-02   
1020   2.727E-05   1.0291E-02   4.5607E-02   1.0278E-02 / 1.3067E-02   
1030   2.727E-05   1.0228E-02   4.5606E-02   1.0216E-02 / 1.3031E-02   
1040   2.727E-05   1.0190E-02   4.4435E-02   1.0180E-02 / 1.3008E-02   
1050   2.727E-05   1.0149E-02   4.5846E-02   1.0135E-02 / 1.2964E-02   
1060   2.727E-05   1.0094E-02   4.3150E-02   1.0085E-02 / 1.2907E-02   
1070   2.727E-05   1.0073E-02   4.2663E-02   1.0066E-02 / 1.2850E-02   
1080   2.727E-05   1.0008E-02   4.4315E-02   9.9973E-03 / 1.2871E-02   
1090   2.727E-05   9.9585E-03   4.4580E-02   9.9501E-03 / 1.2816E-02   
1100   2.727E-05   9.9180E-03   4.5105E-02   9.9115E-03 / 1.2816E-02   
1110   2.727E-05   9.8755E-03   4.2765E-02   9.8680E-03 / 1.2757E-02   
1120   2.727E-05   9.8408E-03   4.2280E-02   9.8344E-03 / 1.2673E-02   
1130   2.727E-05   9.7966E-03   4.2091E-02   9.7897E-03 / 1.2658E-02   
1140   2.727E-05   9.7656E-03   4.1984E-02   9.7594E-03 / 1.2678E-02   
1150   2.727E-05   9.7255E-03   4.2084E-02   9.7200E-03 / 1.2605E-02   
1160   2.727E-05   9.6817E-03   4.1009E-02   9.6753E-03 / 1.2560E-02   
1170   2.727E-05   9.6635E-03   3.9459E-02   9.6589E-03 / 1.2537E-02   
1180   2.727E-05   9.6114E-03   3.9415E-02   9.6065E-03 / 1.2519E-02   
1190   2.727E-05   9.5725E-03   3.9579E-02   9.5673E-03 / 1.2439E-02   
1200   2.727E-05   9.5446E-03   3.9643E-02   9.5371E-03 / 1.2410E-02   
1210   2.727E-05   9.4994E-03   3.8860E-02   9.4929E-03 / 1.2433E-02   
1220   2.727E-05   9.4757E-03   3.7358E-02   9.4719E-03 / 1.2374E-02   
1230   2.727E-05   9.4354E-03   3.7884E-02   9.4285E-03 / 1.2379E-02   
1240   2.727E-05   9.4001E-03   3.7184E-02   9.3955E-03 / 1.2297E-02   
1250   2.727E-05   9.3683E-03   3.6139E-02   9.3646E-03 / 1.2260E-02   
1260   2.727E-05   9.3218E-03   3.5549E-02   9.3178E-03 / 1.2248E-02   
1270   2.727E-05   9.3011E-03   3.3972E-02   9.2967E-03 / 1.2168E-02   
1280   2.727E-05   9.2669E-03   3.2832E-02   9.2641E-03 / 1.2122E-02   
1290   2.727E-05   9.2312E-03   3.2557E-02   9.2281E-03 / 1.2144E-02   
1300   2.727E-05   9.1980E-03   3.1962E-02   9.1951E-03 / 1.2134E-02   
1310   2.727E-05   9.1686E-03   3.2236E-02   9.1628E-03 / 1.2066E-02   
1320   2.727E-05   9.1310E-03   3.1718E-02   9.1272E-03 / 1.2051E-02   
1330   2.727E-05   9.1008E-03   3.0457E-02   9.0983E-03 / 1.1965E-02   
1340   2.727E-05   9.0683E-03   2.9911E-02   9.0659E-03 / 1.2005E-02   
1350   2.727E-05   9.0434E-03   3.0475E-02   9.0410E-03 / 1.1989E-02   
1360   2.727E-05   8.9993E-03   3.0835E-02   8.9967E-03 / 1.1957E-02   
1370   2.727E-05   8.9711E-03   3.0384E-02   8.9653E-03 / 1.1925E-02   
1380   2.727E-05   8.9296E-03   2.9905E-02   8.9245E-03 / 1.1878E-02   
1390   2.727E-05   8.9142E-03   2.7498E-02   8.9128E-03 / 1.1852E-02   
1400   2.727E-05   8.8724E-03   2.8999E-02   8.8681E-03 / 1.1854E-02   
1410   2.727E-05   8.8557E-03   2.8197E-02   8.8539E-03 / 1.1898E-02   
1420   2.727E-05   8.8113E-03   2.7689E-02   8.8088E-03 / 1.1787E-02   
1430   2.727E-05   8.7807E-03   2.8588E-02   8.7733E-03 / 1.1813E-02   
1440   2.727E-05   8.7513E-03   2.7961E-02   8.7469E-03 / 1.1773E-02   
1450   2.727E-05   8.7335E-03   2.6399E-02   8.7320E-03 / 1.1736E-02   
1460   2.727E-05   8.6947E-03   2.7653E-02   8.6909E-03 / 1.1670E-02   
1470   2.727E-05   8.6651E-03   2.7651E-02   8.6557E-03 / 1.1698E-02   
1480   2.727E-05   8.6364E-03   2.7148E-02   8.6330E-03 / 1.1629E-02   
1490   2.727E-05   8.6108E-03   2.6857E-02   8.5957E-03 / 1.1645E-02   
1500   2.727E-05   8.5904E-03   2.5800E-02   8.5886E-03 / 1.1608E-02   
1510   2.727E-05   8.5459E-03   2.6355E-02   8.5416E-03 / 1.1545E-02   
1520   2.727E-05   8.5286E-03   2.5919E-02   8.5255E-03 / 1.1555E-02   
1530   2.727E-05   8.4978E-03   2.5263E-02   8.4947E-03 / 1.1563E-02   
1540   2.727E-05   8.4740E-03   2.4837E-02   8.4696E-03 / 1.1538E-02   
1550   2.727E-05   8.4511E-03   2.4669E-02   8.4458E-03 / 1.1493E-02   
1560   2.727E-05   8.4388E-03   2.3438E-02   8.4371E-03 / 1.1464E-02   
1570   2.727E-05   8.3943E-03   2.4556E-02   8.3893E-03 / 1.1455E-02   
1580   2.727E-05   8.3875E-03   2.5646E-02   8.3681E-03 / 1.1379E-02   
1590   2.727E-05   8.3600E-03   2.4025E-02   8.3555E-03 / 1.1420E-02   
1600   2.727E-05   8.3292E-03   2.3821E-02   8.3256E-03 / 1.1364E-02   
1610   2.727E-05   8.3003E-03   2.3369E-02   8.2982E-03 / 1.1341E-02   
1620   2.727E-05   8.2748E-03   2.3573E-02   8.2687E-03 / 1.1389E-02   
1630   2.727E-05   8.2416E-03   2.4280E-02   8.2367E-03 / 1.1353E-02   
1640   2.727E-05   8.2234E-03   2.2244E-02   8.2220E-03 / 1.1297E-02   
1650   2.727E-05   8.2024E-03   2.2152E-02   8.2001E-03 / 1.1352E-02   
1660   2.727E-05   8.1717E-03   2.3971E-02   8.1669E-03 / 1.1321E-02   
1670   2.727E-05   8.1505E-03   2.3308E-02   8.1415E-03 / 1.1282E-02   
1680   2.727E-05   8.1279E-03   2.1667E-02   8.1267E-03 / 1.1259E-02   
1690   2.727E-05   8.0992E-03   2.2103E-02   8.0980E-03 / 1.1249E-02   
1700   2.727E-05   8.0816E-03   2.2655E-02   8.0747E-03 / 1.1292E-02   
1710   2.727E-05   8.0615E-03   2.1474E-02   8.0611E-03 / 1.1229E-02   
1720   2.727E-05   8.0311E-03   2.1788E-02   8.0299E-03 / 1.1203E-02   
1730   2.727E-05   8.0161E-03   2.1265E-02   8.0149E-03 / 1.1189E-02   
1740   2.727E-05   7.9827E-03   2.1760E-02   7.9812E-03 / 1.1164E-02   
1750   2.727E-05   7.9584E-03   2.2162E-02   7.9550E-03 / 1.1259E-02   
1760   2.727E-05   7.9364E-03   2.2563E-02   7.9320E-03 / 1.1167E-02   
1770   2.727E-05   7.9219E-03   2.2128E-02   7.9192E-03 / 1.1158E-02   
1780   2.727E-05   7.8965E-03   2.2797E-02   7.8899E-03 / 1.1184E-02   
1790   2.727E-05   7.8781E-03   2.1470E-02   7.8773E-03 / 1.1176E-02   
1800   2.727E-05   7.8796E-03   2.0732E-02   7.8779E-03 / 1.1133E-02   
1810   2.727E-05   7.8374E-03   2.2396E-02   7.8359E-03 / 1.1201E-02   
1820   2.727E-05   7.8211E-03   2.0607E-02   7.8151E-03 / 1.1118E-02   
1830   2.727E-05   7.7960E-03   2.2270E-02   7.7919E-03 / 1.1215E-02   
1840   2.727E-05   7.7733E-03   2.1337E-02   7.7715E-03 / 1.1157E-02   
1850   2.727E-05   7.7630E-03   2.0153E-02   7.7619E-03 / 1.1114E-02   
1860   2.727E-05   7.7468E-03   2.0077E-02   7.7454E-03 / 1.1052E-02   
1870   2.727E-05   7.7254E-03   2.2620E-02   7.7112E-03 / 1.1140E-02   
1880   2.727E-05   7.6923E-03   2.1478E-02   7.6901E-03 / 1.1104E-02   
1890   2.727E-05   7.6861E-03   2.1140E-02   7.6839E-03 / 1.1137E-02   
1900   2.727E-05   7.6541E-03   2.1349E-02   7.6523E-03 / 1.1108E-02   
1910   2.727E-05   7.6401E-03   2.1815E-02   7.6304E-03 / 1.1083E-02   
1920   2.727E-05   7.6194E-03   2.0350E-02   7.6180E-03 / 1.1072E-02   
1930   2.727E-05   7.6009E-03   2.0510E-02   7.6003E-03 / 1.1034E-02   
1940   2.727E-05   7.5686E-03   2.1648E-02   7.5652E-03 / 1.1038E-02   
1950   2.727E-05   7.5539E-03   2.0579E-02   7.5529E-03 / 1.1043E-02   
1960   2.727E-05   7.5360E-03   2.0772E-02   7.5331E-03 / 1.0980E-02   
1970   2.727E-05   7.5171E-03   2.0818E-02   7.5148E-03 / 1.1031E-02   
1980   2.727E-05   7.5039E-03   1.9713E-02   7.5032E-03 / 1.0956E-02   
1990   2.727E-05   7.4863E-03   2.1586E-02   7.4751E-03 / 1.0985E-02   
2000   2.727E-05   7.4605E-03   2.0107E-02   7.4589E-03 / 1.0949E-02   
2010   2.727E-05   7.4383E-03   1.9980E-02   7.4360E-03 / 1.0960E-02   
2020   2.727E-05   7.4516E-03   1.7506E-02   7.4505E-03 / 1.0944E-02   
2030   2.727E-05   7.3957E-03   2.0242E-02   7.3929E-03 / 1.0934E-02   
2040   2.727E-05   7.3919E-03   1.9938E-02   7.3905E-03 / 1.0865E-02   
2050   2.727E-05   7.3803E-03   1.8619E-02   7.3794E-03 / 1.0955E-02   
2060   2.727E-05   7.3540E-03   1.9596E-02   7.3472E-03 / 1.0971E-02   
2070   2.727E-05   7.3383E-03   1.9462E-02   7.3317E-03 / 1.0867E-02   
2080   2.727E-05   7.3218E-03   2.1460E-02   7.3073E-03 / 1.0967E-02   
2090   2.727E-05   7.3103E-03   1.8889E-02   7.3093E-03 / 1.0878E-02   
2100   2.727E-05   7.2781E-03   2.0485E-02   7.2759E-03 / 1.0851E-02   
2110   2.727E-05   7.2783E-03   1.8670E-02   7.2770E-03 / 1.0791E-02   
2120   2.727E-05   7.2355E-03   2.0818E-02   7.2341E-03 / 1.0825E-02   
2130   2.727E-05   7.2265E-03   2.2172E-02   7.2119E-03 / 1.0790E-02   
2140   2.727E-05   7.2096E-03   2.1041E-02   7.2055E-03 / 1.0804E-02   
2150   2.727E-05   7.1978E-03   2.0391E-02   7.1969E-03 / 1.0868E-02   
2160   2.727E-05   7.1772E-03   2.1421E-02   7.1759E-03 / 1.0884E-02   
2170   2.727E-05   7.1548E-03   2.1290E-02   7.1523E-03 / 1.0795E-02   
2180   2.727E-05   7.1455E-03   2.2664E-02   7.1432E-03 / 1.0780E-02   
2190   2.727E-05   7.1264E-03   2.3623E-02   7.1112E-03 / 1.0809E-02   
2200   2.727E-05   7.0966E-03   2.2454E-02   7.0929E-03 / 1.0722E-02   
2210   2.727E-05   7.0856E-03   2.1898E-02   7.0842E-03 / 1.0707E-02   
2220   2.727E-05   7.0817E-03   2.0538E-02   7.0809E-03 / 1.0692E-02   
2230   2.727E-05   7.0524E-03   2.3075E-02   7.0499E-03 / 1.0702E-02   
2240   2.727E-05   7.0393E-03   2.3730E-02   7.0385E-03 / 1.0736E-02   
2250   2.727E-05   7.0310E-03   2.2755E-02   7.0301E-03 / 1.0633E-02   
2260   2.727E-05   7.0006E-03   2.3749E-02   6.9983E-03 / 1.0742E-02   
2270   2.727E-05   6.9896E-03   2.5840E-02   6.9882E-03 / 1.0695E-02   
2280   2.727E-05   6.9726E-03   2.4403E-02   6.9701E-03 / 1.0683E-02   
2290   2.727E-05   6.9521E-03   2.3731E-02   6.9506E-03 / 1.0649E-02   
2300   2.727E-05   6.9427E-03   2.3549E-02   6.9400E-03 / 1.0681E-02   
2310   2.727E-05   6.9158E-03   2.6797E-02   6.9120E-03 / 1.0620E-02   
2320   2.727E-05   6.9009E-03   2.5742E-02   6.8971E-03 / 1.0591E-02   
2330   2.727E-05   6.8884E-03   2.5622E-02   6.8858E-03 / 1.0623E-02   
2340   2.727E-05   6.8712E-03   2.6723E-02   6.8691E-03 / 1.0648E-02   
2350   2.727E-05   6.8547E-03   2.7816E-02   6.8471E-03 / 1.0619E-02   
2360   2.727E-05   6.8429E-03   2.7790E-02   6.8413E-03 / 1.0691E-02   
2370   2.727E-05   6.8371E-03   3.1598E-02   6.8301E-03 / 1.0621E-02   
2380   2.727E-05   6.8238E-03   2.9212E-02   6.8200E-03 / 1.0617E-02   
2390   2.727E-05   6.8070E-03   2.8702E-02   6.8066E-03 / 1.0621E-02   
2400   2.727E-05   6.7876E-03   3.0093E-02   6.7870E-03 / 1.0593E-02   
2410   2.727E-05   6.7697E-03   3.1728E-02   6.7682E-03 / 1.0601E-02   
2420   2.727E-05   6.7518E-03   3.2671E-02   6.7501E-03 / 1.0651E-02   
2430   2.727E-05   6.7413E-03   3.4651E-02   6.7353E-03 / 1.0657E-02   
2440   2.727E-05   6.7297E-03   3.2779E-02   6.7276E-03 / 1.0611E-02   
2450   2.727E-05   6.7166E-03   3.4012E-02   6.7148E-03 / 1.0543E-02   
2460   2.727E-05   6.7035E-03   3.5401E-02   6.7014E-03 / 1.0638E-02   
2470   2.727E-05   6.7123E-03   3.7976E-02   6.6985E-03 / 1.0635E-02   
2480   2.727E-05   6.6798E-03   3.7101E-02   6.6750E-03 / 1.0615E-02   
2490   2.727E-05   6.6636E-03   3.9164E-02   6.6618E-03 / 1.0598E-02   
2500   2.727E-05   6.6526E-03   3.7443E-02   6.6467E-03 / 1.0627E-02   
2510   2.727E-05   6.6421E-03   3.9473E-02   6.6406E-03 / 1.0591E-02   
2520   2.727E-05   6.6325E-03   3.4939E-02   6.6308E-03 / 1.0611E-02   
2530   2.727E-05   6.6165E-03   3.9161E-02   6.6158E-03 / 1.0574E-02   
2540   2.727E-05   6.6117E-03   3.8533E-02   6.6105E-03 / 1.0570E-02   
2550   2.727E-05   6.5905E-03   4.1806E-02   6.5875E-03 / 1.0570E-02   
2560   2.727E-05   6.6038E-03   3.6742E-02   6.6034E-03 / 1.0589E-02   
2570   2.727E-05   6.5698E-03   4.2804E-02   6.5664E-03 / 1.0603E-02   
2580   2.727E-05   6.5580E-03   4.0997E-02   6.5550E-03 / 1.0571E-02   
2590   2.727E-05   6.5520E-03   4.4635E-02   6.5483E-03 / 1.0614E-02   
2600   2.727E-05   6.5422E-03   5.2617E-02   6.5418E-03 / 1.0625E-02   
2610   2.727E-05   6.5273E-03   4.7845E-02   6.5246E-03 / 1.0629E-02   
2620   2.727E-05   6.5173E-03   4.3278E-02   6.5161E-03 / 1.0569E-02   
2630   2.727E-05   6.5143E-03   4.6006E-02   6.5132E-03 / 1.0554E-02   
2640   2.727E-05   6.4954E-03   5.0079E-02   6.4941E-03 / 1.0587E-02   
2650   2.727E-05   6.4908E-03   5.0239E-02   6.4879E-03 / 1.0628E-02   
2660   2.727E-05   6.4911E-03   4.5824E-02   6.4899E-03 / 1.0576E-02   
2670   2.727E-05   6.4701E-03   4.9867E-02   6.4682E-03 / 1.0595E-02   
2680   2.727E-05   6.4844E-03   4.8159E-02   6.4830E-03 / 1.0594E-02   
2690   2.727E-05   6.4694E-03   5.2491E-02   6.4681E-03 / 1.0586E-02   
2700   2.727E-05   6.4330E-03   5.3840E-02   6.4319E-03 / 1.0606E-02   
2710   2.727E-05   6.4311E-03   5.4630E-02   6.4300E-03 / 1.0601E-02   
2720   2.727E-05   6.4164E-03   5.9006E-02   6.4152E-03 / 1.0572E-02   
2730   2.727E-05   6.4110E-03   5.8381E-02   6.4072E-03 / 1.0560E-02   
2740   2.727E-05   6.3987E-03   5.5276E-02   6.3897E-03 / 1.0550E-02   
2750   2.727E-05   6.3961E-03   5.1132E-02   6.3953E-03 / 1.0565E-02   
2760   2.727E-05   6.3884E-03   5.9353E-02   6.3869E-03 / 1.0579E-02   
2770   2.727E-05   6.3679E-03   6.4409E-02   6.3579E-03 / 1.0662E-02   
2780   2.727E-05   6.3575E-03   5.9024E-02   6.3553E-03 / 1.0572E-02   
2790   2.727E-05   6.3472E-03   6.7588E-02   6.3441E-03 / 1.0595E-02   
2800   2.727E-05   6.3474E-03   6.5745E-02   6.3465E-03 / 1.0619E-02   
2810   2.727E-05   6.3360E-03   6.6729E-02   6.3347E-03 / 1.0595E-02   
2820   2.727E-05   6.3222E-03   6.6905E-02   6.3156E-03 / 1.0576E-02   
2830   2.727E-05   6.3231E-03   7.2239E-02   6.3222E-03 / 1.0554E-02   
2840   2.727E-05   6.3065E-03   6.5548E-02   6.3050E-03 / 1.0584E-02   
2850   2.727E-05   6.2911E-03   6.7372E-02   6.2890E-03 / 1.0594E-02   
2860   2.727E-05   6.2887E-03   6.9260E-02   6.2826E-03 / 1.0567E-02   
2870   2.727E-05   6.2845E-03   6.9435E-02   6.2821E-03 / 1.0564E-02   
2880   2.727E-05   6.2764E-03   7.2860E-02   6.2756E-03 / 1.0584E-02   
2890   2.727E-05   6.2668E-03   7.7693E-02   6.2647E-03 / 1.0631E-02   
2900   2.727E-05   6.2642E-03   6.6786E-02   6.2626E-03 / 1.0555E-02   
2910   2.727E-05   6.2512E-03   8.1791E-02   6.2487E-03 / 1.0602E-02   
2920   2.727E-05   6.2388E-03   7.4776E-02   6.2383E-03 / 1.0588E-02   
2930   2.727E-05   6.2285E-03   6.8165E-02   6.2271E-03 / 1.0553E-02   
2940   2.727E-05   6.2421E-03   7.0088E-02   6.2419E-03 / 1.0552E-02   
2950   2.727E-05   6.2063E-03   7.6550E-02   6.2037E-03 / 1.0563E-02   
2960   2.727E-05   6.2055E-03   7.6267E-02   6.2015E-03 / 1.0569E-02   
2970   2.727E-05   6.1886E-03   8.6024E-02   6.1853E-03 / 1.0555E-02   
2980   2.727E-05   6.1784E-03   7.7568E-02   6.1755E-03 / 1.0540E-02   
2990   2.727E-05   6.1824E-03   7.9250E-02   6.1821E-03 / 1.0553E-02   
3000   2.727E-05   6.1994E-03   9.1556E-02   6.1563E-03 / 1.0541E-02   
3010   2.727E-05   6.1575E-03   9.3411E-02   6.1535E-03 / 1.0589E-02   
3020   2.727E-05   6.1497E-03   9.3809E-02   6.1446E-03 / 1.0543E-02   
3030   2.727E-05   6.1464E-03   9.2088E-02   6.1439E-03 / 1.0571E-02   
3040   2.727E-05   6.1838E-03   8.6386E-02   6.1835E-03 / 1.0482E-02   
3050   2.727E-05   6.1265E-03   9.8949E-02   6.1231E-03 / 1.0594E-02   
3060   2.727E-05   6.1210E-03   8.6431E-02   6.1202E-03 / 1.0520E-02   
3070   2.727E-05   6.1075E-03   8.9475E-02   6.1034E-03 / 1.0575E-02   
3080   2.727E-05   6.1015E-03   1.0030E-01   6.0892E-03 / 1.0514E-02   
3090   2.727E-05   6.1160E-03   8.5426E-02   6.1147E-03 / 1.0536E-02   
3100   2.727E-05   6.0849E-03   1.0001E-01   6.0808E-03 / 1.0503E-02   
3110   2.727E-05   6.0767E-03   9.5785E-02   6.0721E-03 / 1.0575E-02   
3120   2.727E-05   6.0720E-03   9.5769E-02   6.0706E-03 / 1.0522E-02   
3130   2.727E-05   6.0648E-03   1.0866E-01   6.0591E-03 / 1.0547E-02   
3140   2.727E-05   6.0512E-03   1.1032E-01   6.0454E-03 / 1.0505E-02   
3150   2.727E-05   6.0510E-03   8.4745E-02   6.0508E-03 / 1.0535E-02   
3160   2.727E-05   6.0327E-03   8.6507E-02   6.0312E-03 / 1.0493E-02   
3170   2.727E-05   6.0341E-03   9.3526E-02   6.0289E-03 / 1.0520E-02   
3180   2.727E-05   6.0280E-03   9.5295E-02   6.0274E-03 / 1.0519E-02   
3190   2.727E-05   6.0263E-03   9.6591E-02   6.0257E-03 / 1.0437E-02   
3200   2.727E-05   6.0017E-03   1.0383E-01   6.0012E-03 / 1.0532E-02   
3210   2.727E-05   6.0046E-03   1.0438E-01   6.0040E-03 / 1.0523E-02   
3220   2.727E-05   5.9966E-03   9.4795E-02   5.9955E-03 / 1.0489E-02   
3230   2.727E-05   5.9876E-03   1.0802E-01   5.9830E-03 / 1.0485E-02   
3240   2.727E-05   5.9702E-03   1.0500E-01   5.9661E-03 / 1.0510E-02   
3250   2.727E-05   5.9741E-03   8.9335E-02   5.9740E-03 / 1.0419E-02   
3260   2.727E-05   5.9628E-03   1.0922E-01   5.9560E-03 / 1.0580E-02   
3270   2.727E-05   5.9535E-03   1.1154E-01   5.9419E-03 / 1.0475E-02   
3280   2.727E-05   5.9524E-03   1.3369E-01   5.9326E-03 / 1.0583E-02   
3290   2.727E-05   5.9428E-03   1.2104E-01   5.9268E-03 / 1.0592E-02   
3300   2.727E-05   5.9311E-03   1.1141E-01   5.9275E-03 / 1.0497E-02   
3310   2.727E-05   5.9136E-03   1.1510E-01   5.9110E-03 / 1.0507E-02   
3320   2.727E-05   5.9127E-03   1.2230E-01   5.9063E-03 / 1.0487E-02   
3330   2.727E-05   5.9062E-03   1.1485E-01   5.8987E-03 / 1.0471E-02   
3340   2.727E-05   5.9069E-03   1.1954E-01   5.9027E-03 / 1.0477E-02   
3350   2.727E-05   5.9136E-03   1.0469E-01   5.9047E-03 / 1.0528E-02   
3360   2.727E-05   5.8936E-03   1.0858E-01   5.8934E-03 / 1.0478E-02   
3370   2.727E-05   5.8891E-03   1.0366E-01   5.8884E-03 / 1.0467E-02   
3380   2.727E-05   5.8713E-03   1.2202E-01   5.8698E-03 / 1.0531E-02   
3390   2.727E-05   5.8621E-03   1.1741E-01   5.8572E-03 / 1.0474E-02   
3400   2.727E-05   5.8596E-03   1.1893E-01   5.8554E-03 / 1.0471E-02   
3410   2.727E-05   5.8518E-03   1.1093E-01   5.8515E-03 / 1.0464E-02   
3420   2.727E-05   5.8356E-03   1.1556E-01   5.8324E-03 / 1.0437E-02   
3430   2.727E-05   5.8298E-03   1.2184E-01   5.8252E-03 / 1.0441E-02   
3440   2.727E-05   5.8276E-03   1.3377E-01   5.8246E-03 / 1.0517E-02   
3450   2.727E-05   5.8234E-03   1.2087E-01   5.8223E-03 / 1.0469E-02   
3460   2.727E-05   5.8100E-03   1.2323E-01   5.8080E-03 / 1.0499E-02   
3470   2.727E-05   5.8147E-03   1.1240E-01   5.8142E-03 / 1.0482E-02   
3480   2.727E-05   5.8067E-03   1.1899E-01   5.8061E-03 / 1.0443E-02   
3490   2.727E-05   5.7968E-03   1.1882E-01   5.7867E-03 / 1.0475E-02   
3500   2.727E-05   5.7866E-03   1.2326E-01   5.7794E-03 / 1.0439E-02   
3510   2.727E-05   5.7773E-03   1.1949E-01   5.7726E-03 / 1.0437E-02   
3520   2.727E-05   5.7722E-03   1.1809E-01   5.7709E-03 / 1.0445E-02   
3530   2.727E-05   5.7911E-03   1.3463E-01   5.7909E-03 / 1.0472E-02   
3540   2.727E-05   5.7666E-03   1.0363E-01   5.7661E-03 / 1.0357E-02   
3550   2.727E-05   5.7464E-03   1.1384E-01   5.7421E-03 / 1.0391E-02   
3560   2.727E-05   5.7504E-03   1.2810E-01   5.7500E-03 / 1.0398E-02   
3570   2.727E-05   5.7376E-03   1.2153E-01   5.7346E-03 / 1.0478E-02   
3580   2.727E-05   5.7309E-03   1.2812E-01   5.7298E-03 / 1.0425E-02   
3590   2.727E-05   5.7351E-03   1.1434E-01   5.7334E-03 / 1.0350E-02   
3600   2.727E-05   5.7256E-03   1.2318E-01   5.7227E-03 / 1.0381E-02   
3610   2.727E-05   5.7161E-03   1.2947E-01   5.6997E-03 / 1.0445E-02   
3620   2.727E-05   5.7053E-03   1.2680E-01   5.7041E-03 / 1.0415E-02   
3630   2.727E-05   5.7131E-03   1.2744E-01   5.7131E-03 / 1.0434E-02   
3640   2.727E-05   5.6866E-03   1.2016E-01   5.6860E-03 / 1.0387E-02   
3650   2.727E-05   5.6822E-03   1.2450E-01   5.6803E-03 / 1.0366E-02   
3660   2.727E-05   5.6997E-03   1.1715E-01   5.6992E-03 / 1.0363E-02   
3670   2.727E-05   5.6642E-03   1.1834E-01   5.6627E-03 / 1.0333E-02   
3680   2.727E-05   5.6673E-03   1.4297E-01   5.6656E-03 / 1.0475E-02   
3690   2.727E-05   5.6661E-03   1.2805E-01   5.6653E-03 / 1.0375E-02   
3700   2.727E-05   5.6476E-03   1.1554E-01   5.6461E-03 / 1.0402E-02   
3710   2.727E-05   5.6391E-03   1.2652E-01   5.6386E-03 / 1.0371E-02   
3720   2.727E-05   5.6383E-03   1.2555E-01   5.6380E-03 / 1.0347E-02   
3730   2.727E-05   5.6365E-03   1.1680E-01   5.6364E-03 / 1.0385E-02   
3740   2.727E-05   5.6191E-03   1.2219E-01   5.6187E-03 / 1.0322E-02   
3750   2.727E-05   5.6174E-03   1.4028E-01   5.6079E-03 / 1.0421E-02   
3760   2.727E-05   5.6081E-03   1.1435E-01   5.6036E-03 / 1.0319E-02   
3770   2.727E-05   5.6054E-03   1.2488E-01   5.5928E-03 / 1.0308E-02   
3780   2.727E-05   5.5981E-03   1.3477E-01   5.5978E-03 / 1.0355E-02   
3790   2.727E-05   5.5852E-03   1.3903E-01   5.5848E-03 / 1.0362E-02   
3800   2.727E-05   5.5801E-03   1.3264E-01   5.5771E-03 / 1.0347E-02   
3810   2.727E-05   5.5808E-03   1.3882E-01   5.5776E-03 / 1.0410E-02   
3820   2.727E-05   5.5674E-03   1.3274E-01   5.5628E-03 / 1.0357E-02   
3830   2.727E-05   5.5764E-03   1.2284E-01   5.5764E-03 / 1.0328E-02   
3840   2.727E-05   5.5604E-03   1.3851E-01   5.5581E-03 / 1.0292E-02   
3850   2.727E-05   5.5533E-03   1.4084E-01   5.5521E-03 / 1.0361E-02   
3860   2.727E-05   5.5483E-03   1.5310E-01   5.5474E-03 / 1.0405E-02   
3870   2.727E-05   5.5425E-03   1.4006E-01   5.5383E-03 / 1.0345E-02   
3880   2.727E-05   5.5359E-03   1.3857E-01   5.5285E-03 / 1.0313E-02   
3890   2.727E-05   5.5329E-03   1.5097E-01   5.5210E-03 / 1.0365E-02   
3900   2.727E-05   5.5295E-03   1.3741E-01   5.5285E-03 / 1.0300E-02   
3910   2.727E-05   5.5207E-03   1.3989E-01   5.5173E-03 / 1.0285E-02   
3920   2.727E-05   5.5097E-03   1.4409E-01   5.5075E-03 / 1.0349E-02   
3930   2.727E-05   5.5182E-03   1.4230E-01   5.5181E-03 / 1.0317E-02   
3940   2.727E-05   5.5024E-03   1.2936E-01   5.5010E-03 / 1.0272E-02   
3950   2.727E-05   5.5087E-03   1.7898E-01   5.5064E-03 / 1.0465E-02   
3960   2.727E-05   5.4876E-03   1.6317E-01   5.4872E-03 / 1.0397E-02   
3970   2.727E-05   5.4877E-03   1.5334E-01   5.4876E-03 / 1.0345E-02   
3980   2.727E-05   5.4728E-03   1.7606E-01   5.4708E-03 / 1.0412E-02   
3990   2.727E-05   5.4717E-03   1.5974E-01   5.4705E-03 / 1.0343E-02   
4000   2.727E-05   5.4659E-03   1.6449E-01   5.4640E-03 / 1.0378E-02   
4010   2.727E-05   5.4555E-03   1.7563E-01   5.4534E-03 / 1.0366E-02   
4020   2.727E-05   5.4503E-03   1.5949E-01   5.4487E-03 / 1.0353E-02   
4030   2.727E-05   5.4471E-03   1.6389E-01   5.4430E-03 / 1.0396E-02   
4040   2.727E-05   5.4348E-03   1.7302E-01   5.4312E-03 / 1.0341E-02   
4050   2.727E-05   5.4416E-03   1.7997E-01   5.4366E-03 / 1.0351E-02   
4060   2.727E-05   5.4386E-03   1.5992E-01   5.4381E-03 / 1.0400E-02   
4070   2.727E-05   5.4228E-03   1.6912E-01   5.4209E-03 / 1.0340E-02   
4080   2.727E-05   5.4330E-03   1.5558E-01   5.4327E-03 / 1.0311E-02   
4090   2.727E-05   5.4316E-03   1.5627E-01   5.4311E-03 / 1.0287E-02   
4100   2.727E-05   5.4123E-03   1.6367E-01   5.4114E-03 / 1.0402E-02   
4110   2.727E-05   5.4057E-03   1.5523E-01   5.4056E-03 / 1.0331E-02   
4120   2.727E-05   5.4007E-03   1.3466E-01   5.3962E-03 / 1.0269E-02   
4130   2.727E-05   5.3966E-03   1.3672E-01   5.3926E-03 / 1.0201E-02   
4140   2.727E-05   5.3872E-03   1.4777E-01   5.3839E-03 / 1.0221E-02   
4150   2.727E-05   5.3827E-03   1.3143E-01   5.3706E-03 / 1.0268E-02   
4160   2.727E-05   5.3702E-03   1.5417E-01   5.3687E-03 / 1.0295E-02   
4170   2.727E-05   5.3975E-03   1.3268E-01   5.3974E-03 / 1.0230E-02   
4180   2.727E-05   5.3626E-03   1.3548E-01   5.3621E-03 / 1.0206E-02   
4190   2.727E-05   5.3725E-03   1.4398E-01   5.3648E-03 / 1.0246E-02   
4200   2.727E-05   5.3659E-03   1.6044E-01   5.3552E-03 / 1.0289E-02   
4210   2.727E-05   5.3550E-03   1.2349E-01   5.3512E-03 / 1.0166E-02   
4220   2.727E-05   5.3682E-03   1.3964E-01   5.3678E-03 / 1.0249E-02   
4230   2.727E-05   5.3430E-03   1.2192E-01   5.3418E-03 / 1.0193E-02   
4240   2.727E-05   5.3475E-03   1.4497E-01   5.3405E-03 / 1.0184E-02   
4250   2.727E-05   5.3307E-03   1.5352E-01   5.3211E-03 / 1.0286E-02   
4260   2.727E-05   5.3259E-03   1.2058E-01   5.3252E-03 / 1.0156E-02   
4270   2.727E-05   5.3179E-03   1.3793E-01   5.3139E-03 / 1.0202E-02   
4280   2.727E-05   5.3097E-03   1.2219E-01   5.3039E-03 / 1.0193E-02   
4290   2.727E-05   5.3087E-03   1.3192E-01   5.3077E-03 / 1.0201E-02   
4300   2.727E-05   5.2989E-03   1.4996E-01   5.2971E-03 / 1.0182E-02   
4310   2.727E-05   5.3068E-03   1.3315E-01   5.3059E-03 / 1.0198E-02   
4320   2.727E-05   5.3101E-03   1.2630E-01   5.2964E-03 / 1.0146E-02   
4330   2.727E-05   5.2999E-03   1.3753E-01   5.2980E-03 / 1.0238E-02   
4340   2.727E-05   5.2869E-03   1.3076E-01   5.2824E-03 / 1.0164E-02   
4350   2.727E-05   5.2783E-03   1.2289E-01   5.2749E-03 / 1.0154E-02   
4360   2.727E-05   5.2815E-03   1.2344E-01   5.2812E-03 / 1.0218E-02   
4370   2.727E-05   5.2686E-03   1.2383E-01   5.2668E-03 / 1.0166E-02   
4380   2.727E-05   5.2618E-03   1.3451E-01   5.2569E-03 / 1.0117E-02   
4390   2.727E-05   5.2641E-03   1.1681E-01   5.2624E-03 / 1.0052E-02   
4400   2.727E-05   5.2588E-03   1.2353E-01   5.2534E-03 / 1.0083E-02   
4410   2.727E-05   5.2755E-03   1.3096E-01   5.2753E-03 / 1.0159E-02   
4420   2.727E-05   5.2525E-03   1.1579E-01   5.2523E-03 / 1.0170E-02   
4430   2.727E-05   5.2337E-03   1.2139E-01   5.2323E-03 / 1.0122E-02   
4440   2.727E-05   5.2315E-03   1.2531E-01   5.2294E-03 / 1.0131E-02   
4450   2.727E-05   5.2286E-03   1.2472E-01   5.2265E-03 / 1.0117E-02   
4460   2.727E-05   5.2334E-03   1.3706E-01   5.2330E-03 / 1.0141E-02   
4470   2.727E-05   5.2227E-03   1.2757E-01   5.2214E-03 / 1.0117E-02   
4480   2.727E-05   5.2174E-03   1.4208E-01   5.2160E-03 / 1.0204E-02   
4490   2.727E-05   5.2092E-03   1.3020E-01   5.2011E-03 / 1.0116E-02   
4500   2.727E-05   5.2104E-03   1.2589E-01   5.2081E-03 / 1.0229E-02   
4510   2.727E-05   5.2114E-03   1.2914E-01   5.2109E-03 / 1.0152E-02   
4520   2.727E-05   5.2500E-03   1.3148E-01   5.1940E-03 / 1.0139E-02   
4530   2.727E-05   5.2040E-03   1.2362E-01   5.2035E-03 / 1.0064E-02   
4540   2.727E-05   5.1963E-03   1.3173E-01   5.1916E-03 / 1.0179E-02   
4550   2.727E-05   5.1915E-03   1.2384E-01   5.1836E-03 / 1.0101E-02   
4560   2.727E-05   5.1856E-03   1.4166E-01   5.1842E-03 / 1.0104E-02   
4570   2.727E-05   5.1824E-03   1.3008E-01   5.1784E-03 / 1.0062E-02   
4580   2.727E-05   5.1786E-03   1.3581E-01   5.1782E-03 / 1.0166E-02   
4590   2.727E-05   5.1736E-03   1.3358E-01   5.1722E-03 / 1.0137E-02   
4600   2.727E-05   5.1770E-03   1.2592E-01   5.1761E-03 / 1.0115E-02   
4610   2.727E-05   5.1695E-03   1.2750E-01   5.1695E-03 / 1.0088E-02   
4620   2.727E-05   5.1593E-03   1.3403E-01   5.1584E-03 / 1.0135E-02   
4630   2.727E-05   5.1616E-03   1.2666E-01   5.1614E-03 / 1.0110E-02   
4640   2.727E-05   5.1612E-03   1.3280E-01   5.1610E-03 / 1.0163E-02   
4650   2.727E-05   5.1531E-03   1.3764E-01   5.1528E-03 / 1.0158E-02   
4652   2.727E-05   5.1569E-03   1.3510E-01   5.1567E-03 / 1.0154E-02   
BEST MODEL
===============================================================================================================
2020   2.727E-05   7.4516E-03   1.7506E-02   7.4505E-03 / 1.0944E-02   
===============================================================================================================
Saved model to /home/nikki/kan/kanTBNN/models/multi_run_phll/phll_experiment_2/kanTBNN-25Feb01_16:25:02.pickle
