========== Dataset info ==========
Dataset params: {'file': '/home/nikki/kan/data/turbulence_dataset_clean.csv', 'Cases': ['fp_1000', 'fp_1410', 'fp_2000', 'fp_2540', 'fp_3030', 'fp_3270', 'fp_3630', 'fp_3970', 'fp_4060'], 'val_set': ['fp_3030', 'fp_1410', 'fp_4060'], 'test_set': ['fp_3630'], 'data_loader': <class 'tbnn.dataloaders.aDataset'>}
Train/Valid/Test points: 760 / 468 / 168
Memorization?: False
Cluster training?: False
EPOCH     LR        TRAIN         VALID             MSE:T/V                  RL:T/V             %NR_t/%NR_v
===============================================================================================================
  1   2.802E-03   1.5810E-01   1.5556E-01   1.5810E-01 / 1.5556E-01   
 10   2.802E-03   5.0087E-03   4.5371E-03   5.0077E-03 / 4.5370E-03   
 20   2.802E-03   3.2133E-03   2.9520E-03   3.2130E-03 / 2.9520E-03   
 30   2.802E-03   2.5213E-03   2.3968E-03   2.5212E-03 / 2.3968E-03   
 40   2.802E-03   2.1307E-03   2.0875E-03   2.1306E-03 / 2.0874E-03   
 50   2.802E-03   1.8685E-03   1.8560E-03   1.8685E-03 / 1.8559E-03   
 60   2.802E-03   1.6738E-03   1.6638E-03   1.6738E-03 / 1.6638E-03   
 70   2.802E-03   1.4910E-03   1.4829E-03   1.4909E-03 / 1.4828E-03   
 80   2.802E-03   1.3466E-03   1.3410E-03   1.3464E-03 / 1.3408E-03   
 90   2.802E-03   1.2096E-03   1.2046E-03   1.2092E-03 / 1.2042E-03   
100   2.802E-03   1.0813E-03   1.0821E-03   1.0810E-03 / 1.0819E-03   
110   2.802E-03   9.6429E-04   9.7373E-04   9.6417E-04 / 9.7367E-04   
120   2.802E-03   8.5904E-04   8.7732E-04   8.5890E-04 / 8.7725E-04   
130   2.802E-03   7.6642E-04   7.9852E-04   7.6630E-04 / 7.9844E-04   
140   2.802E-03   6.8617E-04   7.3092E-04   6.8607E-04 / 7.3085E-04   
150   2.802E-03   6.1825E-04   6.7419E-04   6.1820E-04 / 6.7412E-04   
160   2.802E-03   5.6251E-04   6.3048E-04   5.6243E-04 / 6.3042E-04   
170   2.802E-03   5.1792E-04   5.9189E-04   5.1790E-04 / 5.9186E-04   
180   2.802E-03   4.7957E-04   5.7133E-04   4.7955E-04 / 5.7132E-04   
190   2.802E-03   4.4470E-04   5.5114E-04   4.4467E-04 / 5.5114E-04   
200   2.802E-03   4.1880E-04   5.3155E-04   4.1869E-04 / 5.3152E-04   
210   2.802E-03   3.9303E-04   5.1621E-04   3.9282E-04 / 5.1606E-04   
220   2.802E-03   3.7096E-04   5.0723E-04   3.7089E-04 / 5.0719E-04   
230   2.802E-03   3.5472E-04   4.9773E-04   3.5464E-04 / 4.9761E-04   
240   2.802E-03   3.3918E-04   4.8444E-04   3.3917E-04 / 4.8442E-04   
250   2.802E-03   3.1554E-04   4.8890E-04   3.1549E-04 / 4.8881E-04   
260   2.802E-03   3.0270E-04   4.8530E-04   3.0240E-04 / 4.8522E-04   
270   2.802E-03   2.9034E-04   4.8189E-04   2.9026E-04 / 4.8179E-04   
280   2.802E-03   2.8081E-04   4.7655E-04   2.8078E-04 / 4.7651E-04   
290   2.802E-03   2.6200E-04   4.8530E-04   2.6200E-04 / 4.8529E-04   
300   2.802E-03   2.5582E-04   4.9043E-04   2.5580E-04 / 4.9041E-04   
310   2.802E-03   2.4469E-04   5.2009E-04   2.4465E-04 / 5.2004E-04   
320   2.802E-03   2.3532E-04   5.2013E-04   2.3514E-04 / 5.2001E-04   
330   2.802E-03   2.2300E-04   5.3174E-04   2.2297E-04 / 5.3174E-04   
340   2.802E-03   2.2627E-04   5.2426E-04   2.2618E-04 / 5.2422E-04   
350   2.802E-03   2.1147E-04   5.6306E-04   2.1080E-04 / 5.6250E-04   
360   2.802E-03   2.0824E-04   5.8372E-04   2.0806E-04 / 5.8357E-04   
370   2.802E-03   1.9324E-04   5.8406E-04   1.9322E-04 / 5.8402E-04   
380   2.802E-03   1.8924E-04   5.9304E-04   1.8920E-04 / 5.9297E-04   
390   2.802E-03   1.8136E-04   6.0662E-04   1.8131E-04 / 6.0653E-04   
400   2.802E-03   1.8174E-04   5.9796E-04   1.8169E-04 / 5.9788E-04   
410   2.802E-03   1.7184E-04   5.9930E-04   1.7171E-04 / 5.9915E-04   
420   2.802E-03   1.6441E-04   5.7672E-04   1.6404E-04 / 5.7662E-04   
430   2.802E-03   1.5630E-04   5.8280E-04   1.5621E-04 / 5.8271E-04   
440   2.802E-03   1.5795E-04   5.6962E-04   1.5751E-04 / 5.6924E-04   
450   2.802E-03   1.4863E-04   5.9687E-04   1.4855E-04 / 5.9673E-04   
460   2.802E-03   1.5750E-04   5.6302E-04   1.5731E-04 / 5.6281E-04   
470   2.802E-03   1.4220E-04   5.9135E-04   1.4214E-04 / 5.9120E-04   
480   2.802E-03   1.3336E-04   5.5529E-04   1.3323E-04 / 5.5509E-04   
490   2.802E-03   1.3329E-04   5.3898E-04   1.3307E-04 / 5.3871E-04   
500   2.802E-03   1.3001E-04   5.3328E-04   1.2967E-04 / 5.3293E-04   
510   2.802E-03   1.2378E-04   5.4994E-04   1.2366E-04 / 5.4981E-04   
520   2.802E-03   1.3048E-04   5.3861E-04   1.3031E-04 / 5.3845E-04   
530   2.802E-03   1.1532E-04   5.3256E-04   1.1507E-04 / 5.3235E-04   
540   2.802E-03   1.1616E-04   4.9435E-04   1.1612E-04 / 4.9432E-04   
546   2.802E-03   1.1701E-04   5.1663E-04   1.1698E-04 / 5.1659E-04   
BEST MODEL
===============================================================================================================
283   2.802E-03   2.7705E-04   4.7234E-04   2.7704E-04 / 4.7232E-04   
===============================================================================================================
Saved model to /home/nikki/kan/kanTBNN/models/multi_run/kan_experiment_81_opt/kanTBNN-24Nov06_18:44:24.pickle
