========== Dataset info ==========
Dataset params: {'file': '/home/ryley/WDK/ML/dataset/turbulence_dataset_clean.csv', 'Cases': ['fp_1000', 'fp_1410', 'fp_2000', 'fp_2540', 'fp_3030', 'fp_3270', 'fp_3630', 'fp_3970', 'fp_4060'], 'val_set': ['fp_3030', 'fp_1410', 'fp_4060'], 'test_set': ['fp_3630'], 'data_loader': <class 'tbnn.dataloaders.aDataset'>}
Train/Valid/Test points: 760 / 468 / 168
Memorization?: False
Cluster training?: False
EPOCH     LR        TRAIN         VALID             MSE:T/V                  RL:T/V             %NR_t/%NR_v
===============================================================================================================
  1   2.000E-03   3.7710E-02   3.6877E-02   3.7710E-02 / 3.6877E-02   0.0000E+00 / 0.0000E+00   0.00% / 0.00%
 10   2.000E-03   1.1657E-03   1.0905E-03   1.1657E-03 / 1.0905E-03   5.9000E-05 / 5.9078E-05   8.68% / 8.76%
 20   2.000E-03   8.0955E-04   7.5555E-04   8.0955E-04 / 7.5555E-04   2.2326E-05 / 2.2187E-05   8.82% / 8.55%
 30   2.000E-03   5.5108E-04   5.0890E-04   5.5108E-04 / 5.0890E-04   8.4678E-06 / 8.2563E-06   8.16% / 7.91%
 40   2.000E-03   2.6726E-04   2.4294E-04   2.6726E-04 / 2.4294E-04   3.5913E-09 / 9.0459E-10   0.79% / 0.64%
 50   2.000E-03   2.0095E-04   1.8416E-04   2.0095E-04 / 1.8416E-04   8.6808E-09 / 4.8532E-09   0.79% / 0.64%
 60   2.000E-03   1.6804E-04   1.5756E-04   1.6804E-04 / 1.5756E-04   1.6973E-08 / 1.2286E-08   0.79% / 0.85%
 70   2.000E-03   1.4958E-04   1.4049E-04   1.4958E-04 / 1.4049E-04   3.4917E-07 / 3.1628E-07   1.71% / 1.71%
 80   2.000E-03   1.3171E-04   1.2550E-04   1.3171E-04 / 1.2550E-04   6.9520E-07 / 6.4466E-07   1.84% / 1.71%
 90   2.000E-03   1.1475E-04   1.0781E-04   1.1475E-04 / 1.0781E-04   1.1760E-06 / 1.0920E-06   1.97% / 1.92%
100   2.000E-03   1.0100E-04   9.3869E-05   1.0100E-04 / 9.3869E-05   1.3386E-06 / 1.2479E-06   2.11% / 1.92%
110   2.000E-03   9.1254E-05   8.4080E-05   9.1254E-05 / 8.4080E-05   1.7846E-06 / 1.6681E-06   2.11% / 1.92%
120   2.000E-03   8.3187E-05   7.6787E-05   8.3187E-05 / 7.6787E-05   2.6043E-06 / 2.4657E-06   2.24% / 1.92%
130   2.000E-03   7.6001E-05   7.0417E-05   7.6001E-05 / 7.0417E-05   2.6133E-06 / 2.4500E-06   1.97% / 1.92%
140   2.000E-03   6.9877E-05   6.4414E-05   6.9877E-05 / 6.4414E-05   2.7350E-06 / 2.5720E-06   2.11% / 1.92%
150   2.000E-03   6.5482E-05   6.1000E-05   6.5482E-05 / 6.1000E-05   4.1949E-06 / 3.9927E-06   2.11% / 2.14%
160   2.000E-03   6.1110E-05   5.6392E-05   6.1110E-05 / 5.6392E-05   3.1237E-06 / 2.9486E-06   2.11% / 2.14%
170   2.000E-03   5.8011E-05   5.2955E-05   5.8011E-05 / 5.2955E-05   3.8560E-06 / 3.6339E-06   2.11% / 1.92%
180   2.000E-03   5.4704E-05   5.0404E-05   5.4704E-05 / 5.0404E-05   3.1999E-06 / 3.0120E-06   1.97% / 1.92%
190   2.000E-03   5.3017E-05   4.9305E-05   5.3017E-05 / 4.9305E-05   4.5722E-06 / 4.3351E-06   2.37% / 2.35%
200   2.000E-03   4.8571E-05   4.4361E-05   4.8571E-05 / 4.4361E-05   5.8635E-06 / 5.6103E-06   2.63% / 2.14%
210   2.000E-03   4.6338E-05   4.1990E-05   4.6338E-05 / 4.1990E-05   6.0340E-06 / 5.7530E-06   2.50% / 2.35%
220   2.000E-03   4.4026E-05   4.0140E-05   4.4026E-05 / 4.0140E-05   5.8210E-06 / 5.5151E-06   2.24% / 2.14%
230   2.000E-03   4.1519E-05   3.8309E-05   4.1519E-05 / 3.8309E-05   5.8177E-06 / 5.4855E-06   2.11% / 2.14%
240   2.000E-03   4.0278E-05   3.7581E-05   4.0278E-05 / 3.7581E-05   6.0137E-06 / 5.6738E-06   2.24% / 2.35%
250   2.000E-03   3.8869E-05   3.5884E-05   3.8869E-05 / 3.5884E-05   6.5416E-06 / 6.2062E-06   2.37% / 2.35%
260   2.000E-03   3.7539E-05   3.4748E-05   3.7539E-05 / 3.4748E-05   6.4521E-06 / 6.1502E-06   2.24% / 2.14%
270   2.000E-03   3.6268E-05   3.3956E-05   3.6268E-05 / 3.3956E-05   6.7697E-06 / 6.4727E-06   2.50% / 2.35%
280   2.000E-03   3.5522E-05   3.3237E-05   3.5522E-05 / 3.3237E-05   5.1349E-06 / 4.8954E-06   2.24% / 2.14%
290   2.000E-03   3.4575E-05   3.2547E-05   3.4575E-05 / 3.2547E-05   6.6319E-06 / 6.3389E-06   2.63% / 2.14%
300   2.000E-03   3.4616E-05   3.2452E-05   3.4616E-05 / 3.2452E-05   8.4886E-06 / 8.1122E-06   2.76% / 2.35%
310   2.000E-03   3.3351E-05   3.1856E-05   3.3351E-05 / 3.1856E-05   6.4989E-06 / 6.1803E-06   2.50% / 2.14%
320   2.000E-03   3.3793E-05   3.1310E-05   3.3793E-05 / 3.1310E-05   7.9963E-06 / 7.5682E-06   3.82% / 3.63%
330   2.000E-03   3.2416E-05   3.1001E-05   3.2416E-05 / 3.1001E-05   7.0905E-06 / 6.6898E-06   2.11% / 2.35%
340   2.000E-03   3.2232E-05   2.9549E-05   3.2232E-05 / 2.9549E-05   7.9832E-06 / 7.5347E-06   2.50% / 2.78%
350   2.000E-03   3.1508E-05   3.0256E-05   3.1508E-05 / 3.0256E-05   7.8903E-06 / 7.4652E-06   2.50% / 2.35%
360   2.000E-03   3.0230E-05   2.7669E-05   3.0230E-05 / 2.7669E-05   7.8739E-06 / 7.4666E-06   2.50% / 2.35%
370   2.000E-03   2.9850E-05   2.8915E-05   2.9850E-05 / 2.8915E-05   6.5861E-06 / 6.2396E-06   2.24% / 2.35%
380   2.000E-03   3.2414E-05   3.0391E-05   3.2414E-05 / 3.0391E-05   5.6840E-06 / 5.4060E-06   2.24% / 2.14%
390   2.000E-03   2.9125E-05   2.6986E-05   2.9125E-05 / 2.6986E-05   8.2163E-06 / 7.8510E-06   2.50% / 2.56%
400   2.000E-03   2.7892E-05   2.6515E-05   2.7892E-05 / 2.6515E-05   8.1363E-06 / 7.7778E-06   2.76% / 2.35%
410   2.000E-03   2.7796E-05   2.5780E-05   2.7796E-05 / 2.5780E-05   8.5704E-06 / 8.2084E-06   2.76% / 2.35%
420   2.000E-03   2.7077E-05   2.5196E-05   2.7077E-05 / 2.5196E-05   8.6208E-06 / 8.2653E-06   2.50% / 2.35%
430   2.000E-03   2.9687E-05   2.8586E-05   2.9687E-05 / 2.8586E-05   8.2617E-06 / 7.9113E-06   2.76% / 2.56%
440   2.000E-03   2.6431E-05   2.5088E-05   2.6431E-05 / 2.5088E-05   8.4785E-06 / 8.1230E-06   2.24% / 2.14%
450   2.000E-03   2.6911E-05   2.5023E-05   2.6911E-05 / 2.5023E-05   9.1740E-06 / 8.7807E-06   2.89% / 2.35%
460   2.000E-03   2.5037E-05   2.3742E-05   2.5037E-05 / 2.3742E-05   8.1135E-06 / 7.7438E-06   2.50% / 2.14%
470   2.000E-03   2.4952E-05   2.3683E-05   2.4952E-05 / 2.3683E-05   5.6856E-06 / 5.3930E-06   2.11% / 1.92%
480   2.000E-03   2.5033E-05   2.3713E-05   2.5033E-05 / 2.3713E-05   6.4628E-06 / 6.1240E-06   2.11% / 1.92%
490   2.000E-03   2.5219E-05   2.3826E-05   2.5219E-05 / 2.3826E-05   8.3892E-06 / 7.9305E-06   2.37% / 2.35%
500   2.000E-03   2.3670E-05   2.3040E-05   2.3670E-05 / 2.3040E-05   7.5137E-06 / 7.0838E-06   2.24% / 2.35%
510   2.000E-03   2.3430E-05   2.2792E-05   2.3430E-05 / 2.2792E-05   6.8921E-06 / 6.4743E-06   2.37% / 2.35%
520   2.000E-03   2.3431E-05   2.3470E-05   2.3431E-05 / 2.3470E-05   7.4014E-06 / 6.9572E-06   2.24% / 2.35%
530   2.000E-03   2.3037E-05   2.1296E-05   2.3037E-05 / 2.1296E-05   8.1153E-06 / 7.6536E-06   2.37% / 2.35%
540   2.000E-03   2.4833E-05   2.4469E-05   2.4833E-05 / 2.4469E-05   9.3933E-06 / 8.8990E-06   3.16% / 2.99%
550   2.000E-03   2.3382E-05   2.3080E-05   2.3382E-05 / 2.3080E-05   8.6648E-06 / 8.1801E-06   4.21% / 4.06%
560   2.000E-03   2.1474E-05   2.1242E-05   2.1474E-05 / 2.1242E-05   7.5288E-06 / 7.1239E-06   2.50% / 2.35%
570   2.000E-03   2.1341E-05   2.1143E-05   2.1341E-05 / 2.1143E-05   5.9495E-06 / 5.6163E-06   2.24% / 2.14%
580   2.000E-03   2.0943E-05   2.0116E-05   2.0943E-05 / 2.0116E-05   8.9666E-06 / 8.5288E-06   3.03% / 2.99%
590   2.000E-03   2.1258E-05   2.1008E-05   2.1258E-05 / 2.1008E-05   8.4407E-06 / 8.0337E-06   2.89% / 2.56%
600   2.000E-03   1.9657E-05   1.9489E-05   1.9657E-05 / 1.9489E-05   6.7352E-06 / 6.4118E-06   2.37% / 2.35%
610   2.000E-03   2.0015E-05   2.0129E-05   2.0015E-05 / 2.0129E-05   7.6384E-06 / 7.2618E-06   4.08% / 4.06%
620   2.000E-03   1.9233E-05   1.9245E-05   1.9233E-05 / 1.9245E-05   8.5418E-06 / 8.1736E-06   2.76% / 2.35%
630   2.000E-03   1.9287E-05   1.9679E-05   1.9287E-05 / 1.9679E-05   6.6345E-06 / 6.3503E-06   2.63% / 2.14%
640   2.000E-03   2.3449E-05   2.3302E-05   2.3449E-05 / 2.3302E-05   5.9509E-06 / 5.6881E-06   2.37% / 2.14%
650   2.000E-03   1.8742E-05   1.9444E-05   1.8742E-05 / 1.9444E-05   5.7641E-06 / 5.5035E-06   2.24% / 2.14%
660   2.000E-03   1.8585E-05   1.8740E-05   1.8585E-05 / 1.8740E-05   6.5770E-06 / 6.2925E-06   2.24% / 2.14%
670   2.000E-03   1.7087E-05   1.7913E-05   1.7087E-05 / 1.7913E-05   6.1855E-06 / 5.9066E-06   2.24% / 2.14%
680   2.000E-03   1.6942E-05   1.7248E-05   1.6942E-05 / 1.7248E-05   8.7908E-06 / 8.4199E-06   2.50% / 2.14%
690   2.000E-03   1.6842E-05   1.7805E-05   1.6842E-05 / 1.7805E-05   9.7317E-06 / 9.2911E-06   2.50% / 2.14%
700   2.000E-03   1.8944E-05   1.9804E-05   1.8944E-05 / 1.9804E-05   9.0996E-06 / 8.6538E-06   3.16% / 2.14%
710   2.000E-03   1.5580E-05   1.6216E-05   1.5580E-05 / 1.6216E-05   9.0621E-06 / 8.5665E-06   2.11% / 2.35%
720   2.000E-03   1.9536E-05   1.9913E-05   1.9536E-05 / 1.9913E-05   9.0436E-06 / 8.5296E-06   2.24% / 2.35%
730   2.000E-03   1.4905E-05   1.5671E-05   1.4905E-05 / 1.5671E-05   1.2409E-05 / 1.1783E-05   2.50% / 2.35%
740   2.000E-03   1.6554E-05   1.7778E-05   1.6554E-05 / 1.7778E-05   1.1861E-05 / 1.1265E-05   3.68% / 3.42%
750   2.000E-03   1.7202E-05   1.8609E-05   1.7202E-05 / 1.8609E-05   1.3507E-05 / 1.2873E-05   4.47% / 4.49%
760   2.000E-03   1.4459E-05   1.4856E-05   1.4459E-05 / 1.4856E-05   1.0442E-05 / 9.9634E-06   2.76% / 2.78%
770   2.000E-03   1.3306E-05   1.4202E-05   1.3306E-05 / 1.4202E-05   1.0281E-05 / 9.8512E-06   3.29% / 3.21%
780   2.000E-03   1.5811E-05   1.6998E-05   1.5811E-05 / 1.6998E-05   8.4238E-06 / 8.0635E-06   4.87% / 3.63%
790   2.000E-03   1.2767E-05   1.3730E-05   1.2767E-05 / 1.3730E-05   7.0162E-06 / 6.7283E-06   2.63% / 2.35%
800   2.000E-03   1.2522E-05   1.3390E-05   1.2522E-05 / 1.3390E-05   1.1999E-05 / 1.1578E-05   2.76% / 2.35%
810   2.000E-03   1.2288E-05   1.3313E-05   1.2288E-05 / 1.3313E-05   6.7790E-06 / 6.5131E-06   2.24% / 2.14%
820   2.000E-03   1.2730E-05   1.3347E-05   1.2730E-05 / 1.3347E-05   6.0320E-06 / 5.7888E-06   2.24% / 1.92%
830   2.000E-03   1.6096E-05   1.7344E-05   1.6096E-05 / 1.7344E-05   7.3460E-06 / 7.0540E-06   2.24% / 1.92%
840   2.000E-03   1.2044E-05   1.2843E-05   1.2044E-05 / 1.2843E-05   6.9379E-06 / 6.6486E-06   2.11% / 1.92%
850   2.000E-03   1.1526E-05   1.2261E-05   1.1526E-05 / 1.2261E-05   7.7951E-06 / 7.4284E-06   3.68% / 3.21%
860   2.000E-03   1.1123E-05   1.1992E-05   1.1123E-05 / 1.1992E-05   8.5878E-06 / 8.1278E-06   2.11% / 2.35%
870   2.000E-03   1.2539E-05   1.4043E-05   1.2539E-05 / 1.4043E-05   1.0244E-05 / 9.6811E-06   2.89% / 2.78%
880   2.000E-03   1.0641E-05   1.1778E-05   1.0641E-05 / 1.1778E-05   6.8926E-06 / 6.4698E-06   2.11% / 2.35%
890   2.000E-03   1.0978E-05   1.2078E-05   1.0978E-05 / 1.2078E-05   7.0561E-06 / 6.6167E-06   2.24% / 2.35%
900   2.000E-03   1.3355E-05   1.5105E-05   1.3355E-05 / 1.5105E-05   6.1837E-06 / 5.7815E-06   2.11% / 2.35%
910   2.000E-03   1.1107E-05   1.2316E-05   1.1107E-05 / 1.2316E-05   1.1047E-05 / 1.0502E-05   2.50% / 2.35%
920   2.000E-03   1.0606E-05   1.1679E-05   1.0606E-05 / 1.1679E-05   8.5283E-06 / 8.0669E-06   2.11% / 2.35%
930   2.000E-03   1.0167E-05   1.1380E-05   1.0167E-05 / 1.1380E-05   8.5327E-06 / 8.0924E-06   2.63% / 2.56%
940   2.000E-03   1.0096E-05   1.1193E-05   1.0096E-05 / 1.1193E-05   9.5904E-06 / 9.1626E-06   2.37% / 2.14%
950   2.000E-03   1.0272E-05   1.1642E-05   1.0272E-05 / 1.1642E-05   5.4272E-06 / 5.1017E-06   2.50% / 1.92%
960   2.000E-03   1.0376E-05   1.1294E-05   1.0376E-05 / 1.1294E-05   7.4260E-06 / 7.0504E-06   4.34% / 3.85%
970   2.000E-03   1.0967E-05   1.2028E-05   1.0967E-05 / 1.2028E-05   7.1609E-06 / 6.8410E-06   2.63% / 2.14%
980   2.000E-03   9.4947E-06   1.0534E-05   9.4947E-06 / 1.0534E-05   6.6585E-06 / 6.3719E-06   2.11% / 1.92%
990   2.000E-03   9.7760E-06   1.0870E-05   9.7760E-06 / 1.0870E-05   5.7993E-06 / 5.5462E-06   1.97% / 1.92%
1000   2.000E-03   9.7968E-06   1.0675E-05   9.7968E-06 / 1.0675E-05   9.0138E-06 / 8.7120E-06   2.11% / 1.92%
1010   2.000E-03   9.1159E-06   1.0363E-05   9.1159E-06 / 1.0363E-05   1.0519E-05 / 1.0185E-05   2.37% / 2.14%
1020   2.000E-03   9.2177E-06   1.0449E-05   9.2177E-06 / 1.0449E-05   9.1419E-06 / 8.8121E-06   4.74% / 4.06%
1030   2.000E-03   8.9232E-06   1.0167E-05   8.9232E-06 / 1.0167E-05   3.6141E-06 / 3.5210E-06   1.84% / 1.50%
1040   2.000E-03   8.7503E-06   1.0063E-05   8.7503E-06 / 1.0063E-05   8.2120E-06 / 7.9461E-06   2.50% / 2.56%
1050   2.000E-03   9.4707E-06   1.1202E-05   9.4707E-06 / 1.1202E-05   6.9984E-06 / 6.7763E-06   3.16% / 2.78%
1060   2.000E-03   8.8847E-06   9.8329E-06   8.8847E-06 / 9.8329E-06   9.0894E-06 / 8.7345E-06   3.55% / 2.99%
1070   2.000E-03   8.6803E-06   1.0102E-05   8.6803E-06 / 1.0102E-05   7.8669E-06 / 7.5791E-06   3.16% / 2.35%
1080   2.000E-03   8.6957E-06   9.7775E-06   8.6957E-06 / 9.7775E-06   6.3002E-06 / 6.0707E-06   2.89% / 2.35%
1090   2.000E-03   8.9118E-06   1.0175E-05   8.9118E-06 / 1.0175E-05   6.6891E-06 / 6.3970E-06   2.76% / 2.35%
1100   2.000E-03   8.2719E-06   9.6744E-06   8.2719E-06 / 9.6744E-06   4.7594E-06 / 4.5387E-06   2.63% / 2.14%
1110   2.000E-03   8.0523E-06   9.2618E-06   8.0523E-06 / 9.2618E-06   4.9579E-06 / 4.6764E-06   2.37% / 2.14%
1120   2.000E-03   8.3909E-06   1.0110E-05   8.3909E-06 / 1.0110E-05   8.4980E-06 / 7.9551E-06   5.39% / 5.13%
1130   2.000E-03   8.0670E-06   9.6337E-06   8.0670E-06 / 9.6337E-06   9.6202E-06 / 9.0599E-06   3.42% / 2.99%
1140   2.000E-03   8.2217E-06   9.6076E-06   8.2217E-06 / 9.6076E-06   4.7152E-06 / 4.3396E-06   1.84% / 1.92%
1150   2.000E-03   7.7311E-06   9.1646E-06   7.7311E-06 / 9.1646E-06   7.3929E-06 / 6.8952E-06   2.24% / 2.14%
1160   2.000E-03   7.8005E-06   9.2133E-06   7.8005E-06 / 9.2133E-06   8.6718E-06 / 8.1342E-06   3.03% / 2.99%
1170   2.000E-03   7.6814E-06   9.1390E-06   7.6814E-06 / 9.1390E-06   5.8753E-06 / 5.4291E-06   1.97% / 1.92%
1180   2.000E-03   9.2761E-06   1.0427E-05   9.2761E-06 / 1.0427E-05   6.1353E-06 / 5.6951E-06   2.24% / 2.14%
1190   2.000E-03   8.1924E-06   9.6771E-06   8.1924E-06 / 9.6771E-06   6.8965E-06 / 6.4655E-06   1.71% / 1.92%
1200   2.000E-03   7.0689E-06   8.8674E-06   7.0689E-06 / 8.8674E-06   8.1993E-06 / 7.7868E-06   2.76% / 2.78%
1210   2.000E-03   7.1586E-06   8.6798E-06   7.1586E-06 / 8.6798E-06   7.1786E-06 / 6.8058E-06   3.16% / 3.21%
1220   2.000E-03   1.2839E-05   1.3390E-05   1.2839E-05 / 1.3390E-05   6.6623E-06 / 6.3380E-06   3.42% / 3.21%
1230   2.000E-03   9.9978E-06   1.1483E-05   9.9978E-06 / 1.1483E-05   7.8535E-06 / 7.5625E-06   2.76% / 2.56%
1240   2.000E-03   7.7283E-06   8.9946E-06   7.7283E-06 / 8.9946E-06   6.1178E-06 / 5.9280E-06   1.97% / 1.92%
1250   2.000E-03   6.7453E-06   8.2573E-06   6.7453E-06 / 8.2573E-06   4.0873E-06 / 3.9480E-06   2.50% / 2.14%
1260   2.000E-03   7.2071E-06   8.6654E-06   7.2071E-06 / 8.6654E-06   7.7520E-06 / 7.5746E-06   2.89% / 2.78%
1270   2.000E-03   6.8577E-06   8.7790E-06   6.8577E-06 / 8.7790E-06   6.5643E-06 / 6.4276E-06   3.03% / 2.35%
1280   2.000E-03   6.7193E-06   8.2481E-06   6.7193E-06 / 8.2481E-06   6.3747E-06 / 6.2253E-06   3.03% / 2.99%
1290   2.000E-03   6.9811E-06   8.7151E-06   6.9811E-06 / 8.7151E-06   6.7260E-07 / 5.2276E-07   1.05% / 1.28%
1300   2.000E-03   6.4311E-06   8.0445E-06   6.4311E-06 / 8.0445E-06   7.7106E-06 / 7.5264E-06   3.29% / 2.56%
1310   2.000E-03   7.6676E-06   8.9143E-06   7.6676E-06 / 8.9143E-06   1.1639E-05 / 1.1228E-05   3.29% / 2.99%
1320   2.000E-03   6.3688E-06   7.8047E-06   6.3688E-06 / 7.8047E-06   7.3508E-06 / 7.1421E-06   2.63% / 2.14%
1330   2.000E-03   6.3319E-06   8.1426E-06   6.3319E-06 / 8.1426E-06   1.5263E-06 / 1.4687E-06   1.45% / 1.28%
1340   2.000E-03   7.7594E-06   1.0017E-05   7.7594E-06 / 1.0017E-05   9.1489E-06 / 8.7437E-06   3.29% / 2.99%
1350   2.000E-03   6.4752E-06   7.9924E-06   6.4752E-06 / 7.9924E-06   5.2845E-06 / 5.1191E-06   1.84% / 1.28%
1360   2.000E-03   6.1070E-06   7.5889E-06   6.1070E-06 / 7.5889E-06   1.6612E-05 / 1.5722E-05   3.16% / 3.42%
1370   2.000E-03   6.5755E-06   8.0267E-06   6.5755E-06 / 8.0267E-06   4.7098E-06 / 4.5278E-06   1.97% / 1.28%
1380   2.000E-03   6.2614E-06   7.9130E-06   6.2614E-06 / 7.9130E-06   6.5681E-06 / 6.2129E-06   3.55% / 2.99%
1390   2.000E-03   6.2641E-06   7.4115E-06   6.2641E-06 / 7.4115E-06   1.1005E-05 / 1.0379E-05   2.11% / 1.92%
1400   2.000E-03   6.3067E-06   8.0678E-06   6.3067E-06 / 8.0678E-06   1.0565E-09 / 0.0000E+00   0.39% / 0.00%
1410   2.000E-03   5.7085E-06   7.4962E-06   5.7085E-06 / 7.4962E-06   6.2513E-06 / 5.8596E-06   3.29% / 2.78%
1420   2.000E-03   5.9735E-06   7.7966E-06   5.9735E-06 / 7.7966E-06   1.6449E-05 / 1.5581E-05   3.42% / 3.63%
1430   2.000E-03   5.7887E-06   7.7089E-06   5.7887E-06 / 7.7089E-06   3.8169E-06 / 3.5549E-06   1.71% / 1.71%
BEST MODEL
===============================================================================================================
1386   2.000E-03   5.8367E-06   7.0433E-06   5.8367E-06 / 7.0433E-06   7.0734E-06 / 6.6724E-06   3.03% / 2.99%
===============================================================================================================
Saved model to models/fp_only_norealiz/TBNNiii-23Aug19_20:41:13.pickle
===================================
=======FLAT PLATE EVALUATION=======
===================================
========== Dataset info ==========
Dataset params: {'file': '/home/ryley/WDK/ML/dataset/turbulence_dataset_clean.csv', 'Cases': ['fp_1000', 'fp_1410', 'fp_2000', 'fp_2540', 'fp_3030', 'fp_3270', 'fp_3630', 'fp_3970', 'fp_4060'], 'val_set': ['fp_3030', 'fp_1410', 'fp_4060'], 'test_set': ['fp_3630'], 'data_loader': <class 'tbnn.dataloaders.aDataset'>}
Train/Valid/Test points: 760 / 468 / 168
Memorization?: False
Cluster training?: False
Final model performance:
======= Training =======
aLoss:   5.8367E-06
mse_b:   3.0543E-03
realzLoss: 7.0734E-06
%unrealiz: 3.0263%
mse_a (khat):   5.8367E-06
======= Validation =======
aLoss:   7.0433E-06
mse_b:   2.9880E-03
realzLoss: 6.6724E-06
%unrealiz: 2.9915%
mse_a (khat):   7.0433E-06
======= Testing =======
aLoss:   5.3015E-06
mse_b:   2.8188E-03
realzLoss: 6.1748E-06
%unrealiz: 1.7857%
mse_a (khat):   5.3015E-06
