========== Dataset info ==========
Dataset params: {'file': '/home/nikki/kan/data/turbulence_dataset_clean.csv', 'Cases': ['fp_1000', 'fp_1410', 'fp_2000', 'fp_2540', 'fp_3030', 'fp_3270', 'fp_3630', 'fp_3970', 'fp_4060'], 'val_set': ['fp_3030', 'fp_1410', 'fp_4060'], 'test_set': ['fp_3630'], 'data_loader': <class 'tbnn.dataloaders.aDataset'>}
Train/Valid/Test points: 760 / 468 / 168
Memorization?: False
Cluster training?: False
EPOCH     LR        TRAIN         VALID             MSE:T/V                  RL:T/V             %NR_t/%NR_v
===============================================================================================================
  1   4.395E-03   1.5865E-01   1.5479E-01   1.5865E-01 / 1.5479E-01   
 10   4.395E-03   4.5863E-03   4.2854E-03   4.5761E-03 / 4.2751E-03   
 20   4.395E-03   2.4402E-03   2.3497E-03   2.4386E-03 / 2.3482E-03   
 30   4.395E-03   1.7167E-03   1.6660E-03   1.7152E-03 / 1.6646E-03   
 40   4.395E-03   1.3779E-03   1.3410E-03   1.3762E-03 / 1.3395E-03   
 50   4.395E-03   1.1982E-03   1.1764E-03   1.1964E-03 / 1.1749E-03   
 60   4.395E-03   1.0854E-03   1.0716E-03   1.0841E-03 / 1.0704E-03   
 70   4.395E-03   9.9302E-04   9.8973E-04   9.9092E-04 / 9.8792E-04   
 80   4.395E-03   9.2139E-04   9.2889E-04   9.1918E-04 / 9.2693E-04   
 90   4.395E-03   8.5952E-04   8.7835E-04   8.5591E-04 / 8.7503E-04   
100   4.395E-03   8.0985E-04   8.3614E-04   8.0715E-04 / 8.3354E-04   
110   4.395E-03   7.6694E-04   8.1540E-04   7.6358E-04 / 8.1228E-04   
120   4.395E-03   7.1733E-04   7.4269E-04   7.1479E-04 / 7.4030E-04   
130   4.395E-03   6.8267E-04   6.9760E-04   6.8089E-04 / 6.9584E-04   
140   4.395E-03   6.3945E-04   6.6501E-04   6.3705E-04 / 6.6317E-04   
150   4.395E-03   6.1116E-04   6.4122E-04   6.0847E-04 / 6.3954E-04   
160   4.395E-03   5.7374E-04   5.9360E-04   5.7134E-04 / 5.9227E-04   
170   4.395E-03   5.4045E-04   5.6000E-04   5.3941E-04 / 5.5913E-04   
180   4.395E-03   5.0366E-04   5.2640E-04   5.0260E-04 / 5.2573E-04   
190   4.395E-03   4.7263E-04   4.9246E-04   4.7171E-04 / 4.9188E-04   
200   4.395E-03   4.4748E-04   4.6655E-04   4.4633E-04 / 4.6595E-04   
210   4.395E-03   4.2898E-04   4.4698E-04   4.2827E-04 / 4.4636E-04   
220   4.395E-03   4.1085E-04   4.2928E-04   4.0960E-04 / 4.2824E-04   
230   4.395E-03   3.9361E-04   4.1033E-04   3.9206E-04 / 4.0887E-04   
240   4.395E-03   3.8554E-04   4.0905E-04   3.8344E-04 / 4.0708E-04   
250   4.395E-03   3.7431E-04   3.9205E-04   3.7176E-04 / 3.8967E-04   
260   4.395E-03   3.8686E-04   3.9434E-04   3.8245E-04 / 3.9069E-04   
270   4.395E-03   3.5973E-04   3.8550E-04   3.5648E-04 / 3.8234E-04   
280   4.395E-03   3.6064E-04   3.8513E-04   3.5752E-04 / 3.8208E-04   
290   4.395E-03   3.4880E-04   3.6822E-04   3.4538E-04 / 3.6487E-04   
300   4.395E-03   3.4263E-04   3.6171E-04   3.3886E-04 / 3.5805E-04   
310   4.395E-03   3.4243E-04   3.6370E-04   3.3837E-04 / 3.5973E-04   
320   4.395E-03   3.3664E-04   3.5198E-04   3.3310E-04 / 3.4850E-04   
330   4.395E-03   3.3513E-04   3.4735E-04   3.3089E-04 / 3.4320E-04   
340   4.395E-03   3.2833E-04   3.4467E-04   3.2439E-04 / 3.4078E-04   
350   4.395E-03   3.2347E-04   3.4247E-04   3.1948E-04 / 3.3860E-04   
360   4.395E-03   3.2405E-04   3.5187E-04   3.2059E-04 / 3.4847E-04   
370   4.395E-03   3.2768E-04   3.5260E-04   3.2266E-04 / 3.4780E-04   
380   4.395E-03   3.1075E-04   3.3953E-04   3.0753E-04 / 3.3638E-04   
390   4.395E-03   3.1368E-04   3.3107E-04   3.1018E-04 / 3.2769E-04   
400   4.395E-03   3.0313E-04   3.3138E-04   2.9969E-04 / 3.2802E-04   
410   4.395E-03   2.9872E-04   3.2863E-04   2.9603E-04 / 3.2603E-04   
420   4.395E-03   3.1309E-04   3.3995E-04   3.1078E-04 / 3.3775E-04   
430   4.395E-03   2.9880E-04   3.3024E-04   2.9622E-04 / 3.2777E-04   
440   4.395E-03   2.9433E-04   3.2200E-04   2.9056E-04 / 3.1915E-04   
450   4.395E-03   2.9935E-04   3.2148E-04   2.9321E-04 / 3.1603E-04   
460   4.395E-03   2.9803E-04   3.1492E-04   2.9289E-04 / 3.1084E-04   
470   4.395E-03   2.8549E-04   3.0328E-04   2.8080E-04 / 2.9891E-04   
480   4.395E-03   2.6733E-04   2.8959E-04   2.6556E-04 / 2.8793E-04   
490   4.395E-03   2.6467E-04   2.8448E-04   2.6340E-04 / 2.8331E-04   
500   4.395E-03   2.7874E-04   2.8967E-04   2.7601E-04 / 2.8748E-04   
510   4.395E-03   2.7620E-04   2.9281E-04   2.7003E-04 / 2.8783E-04   
520   4.395E-03   2.9545E-04   3.1105E-04   2.9410E-04 / 3.0982E-04   
530   4.395E-03   2.5262E-04   2.6922E-04   2.5082E-04 / 2.6752E-04   
540   4.395E-03   2.4668E-04   2.6213E-04   2.4514E-04 / 2.6069E-04   
550   4.395E-03   2.4731E-04   2.6440E-04   2.4572E-04 / 2.6283E-04   
560   4.395E-03   2.9673E-04   3.0760E-04   2.9442E-04 / 3.0597E-04   
570   4.395E-03   2.4209E-04   2.5895E-04   2.4052E-04 / 2.5703E-04   
580   4.395E-03   2.5968E-04   2.7777E-04   2.5468E-04 / 2.7178E-04   
590   4.395E-03   2.4526E-04   2.6382E-04   2.4372E-04 / 2.6207E-04   
600   4.395E-03   2.3132E-04   2.4730E-04   2.2981E-04 / 2.4587E-04   
610   4.395E-03   2.4551E-04   2.6675E-04   2.4277E-04 / 2.5964E-04   
620   4.395E-03   2.4585E-04   2.5657E-04   2.4487E-04 / 2.5533E-04   
630   4.395E-03   2.4880E-04   2.6423E-04   2.4731E-04 / 2.6267E-04   
640   4.395E-03   2.3383E-04   2.4730E-04   2.3260E-04 / 2.4612E-04   
650   4.395E-03   2.2346E-04   2.3899E-04   2.2237E-04 / 2.3772E-04   
660   4.395E-03   2.2524E-04   2.4378E-04   2.2403E-04 / 2.4260E-04   
670   4.395E-03   3.3524E-04   3.5475E-04   3.1197E-04 / 3.2821E-04   
680   4.395E-03   2.3787E-04   2.5963E-04   2.3630E-04 / 2.5805E-04   
690   4.395E-03   2.3204E-04   2.5689E-04   2.3024E-04 / 2.5461E-04   
700   4.395E-03   2.2444E-04   2.4494E-04   2.2299E-04 / 2.4338E-04   
710   4.395E-03   2.2112E-04   2.4075E-04   2.1988E-04 / 2.3956E-04   
720   4.395E-03   2.1969E-04   2.4098E-04   2.1843E-04 / 2.3973E-04   
730   4.395E-03   2.1879E-04   2.3556E-04   2.1740E-04 / 2.3392E-04   
740   4.395E-03   2.1587E-04   2.3762E-04   2.1471E-04 / 2.3597E-04   
750   4.395E-03   2.4144E-04   2.7262E-04   2.3991E-04 / 2.7112E-04   
760   4.395E-03   2.0983E-04   2.3350E-04   2.0880E-04 / 2.3199E-04   
770   4.395E-03   2.0547E-04   2.2887E-04   2.0453E-04 / 2.2769E-04   
780   4.395E-03   2.2163E-04   2.5452E-04   2.1512E-04 / 2.3782E-04   
790   4.395E-03   2.1318E-04   2.4150E-04   2.1224E-04 / 2.4027E-04   
800   4.395E-03   2.0280E-04   2.2745E-04   2.0203E-04 / 2.2481E-04   
810   4.395E-03   3.6209E-04   3.8382E-04   3.0534E-04 / 3.2531E-04   
820   4.395E-03   2.3621E-04   2.5110E-04   2.3562E-04 / 2.5051E-04   
830   4.395E-03   2.0640E-04   2.2932E-04   2.0548E-04 / 2.2735E-04   
840   4.395E-03   2.0838E-04   2.3403E-04   2.0782E-04 / 2.3342E-04   
850   4.395E-03   1.9448E-04   2.1930E-04   1.9383E-04 / 2.1834E-04   
860   4.395E-03   1.9731E-04   2.2633E-04   1.9676E-04 / 2.2532E-04   
870   4.395E-03   1.9720E-04   2.2918E-04   1.9653E-04 / 2.2780E-04   
880   4.395E-03   1.8790E-04   2.2679E-04   1.8739E-04 / 2.2526E-04   
890   4.395E-03   1.9011E-04   2.3201E-04   1.8981E-04 / 2.3123E-04   
900   4.395E-03   1.9343E-04   2.2926E-04   1.9301E-04 / 2.2747E-04   
910   4.395E-03   2.6026E-04   2.9161E-04   2.5548E-04 / 2.8683E-04   
920   4.395E-03   1.9587E-04   2.2578E-04   1.9561E-04 / 2.2427E-04   
930   4.395E-03   1.9885E-04   2.2345E-04   1.9854E-04 / 2.2310E-04   
940   4.395E-03   1.8638E-04   2.2576E-04   1.8607E-04 / 2.2378E-04   
950   4.395E-03   1.8386E-04   2.2602E-04   1.8356E-04 / 2.2516E-04   
960   4.395E-03   1.9465E-04   2.3935E-04   1.9439E-04 / 2.3884E-04   
970   4.395E-03   1.8462E-04   2.2940E-04   1.8429E-04 / 2.2728E-04   
980   4.395E-03   1.8445E-04   2.3886E-04   1.8364E-04 / 2.3277E-04   
990   4.395E-03   1.8218E-04   2.2372E-04   1.8186E-04 / 2.2290E-04   
1000   4.395E-03   1.9737E-04   2.3940E-04   1.9686E-04 / 2.3777E-04   
1010   4.395E-03   1.7712E-04   2.2322E-04   1.7688E-04 / 2.2210E-04   
1020   4.395E-03   1.8394E-04   2.2996E-04   1.8298E-04 / 2.2926E-04   
1030   4.395E-03   1.8521E-04   2.6666E-04   1.8496E-04 / 2.6519E-04   
1040   4.395E-03   1.7722E-04   2.3759E-04   1.7694E-04 / 2.3196E-04   
1050   4.395E-03   1.7914E-04   2.2430E-04   1.7851E-04 / 2.2358E-04   
1060   4.395E-03   1.7337E-04   2.3052E-04   1.7317E-04 / 2.3031E-04   
1070   4.395E-03   1.9067E-04   2.4055E-04   1.9037E-04 / 2.3926E-04   
1080   4.395E-03   1.7310E-04   2.5244E-04   1.7286E-04 / 2.4998E-04   
1090   4.395E-03   1.7685E-04   2.1854E-04   1.7628E-04 / 2.1794E-04   
1100   4.395E-03   1.6826E-04   2.2306E-04   1.6804E-04 / 2.2201E-04   
1110   4.395E-03   2.0305E-04   2.6147E-04   2.0282E-04 / 2.6124E-04   
1120   4.395E-03   1.6594E-04   2.1551E-04   1.6574E-04 / 2.1528E-04   
1130   4.395E-03   1.6284E-04   2.2092E-04   1.6258E-04 / 2.1911E-04   
1140   4.395E-03   4.5171E-04   4.9650E-04   3.8275E-04 / 4.3263E-04   
1150   4.395E-03   1.7157E-04   2.0987E-04   1.7146E-04 / 2.0978E-04   
1160   4.395E-03   1.6597E-04   2.1075E-04   1.6583E-04 / 2.1061E-04   
1170   4.395E-03   1.9400E-04   2.8055E-04   1.9381E-04 / 2.8036E-04   
1180   4.395E-03   1.6226E-04   2.1515E-04   1.6210E-04 / 2.1496E-04   
1190   4.395E-03   1.6145E-04   2.1348E-04   1.6128E-04 / 2.1328E-04   
1200   4.395E-03   1.6322E-04   2.1390E-04   1.6300E-04 / 2.1345E-04   
1210   4.395E-03   1.5852E-04   2.2862E-04   1.5829E-04 / 2.2783E-04   
1220   4.395E-03   1.6178E-04   2.2731E-04   1.6156E-04 / 2.2655E-04   
1230   4.395E-03   1.6052E-04   2.3746E-04   1.6036E-04 / 2.3684E-04   
1240   4.395E-03   1.5726E-04   2.3847E-04   1.5694E-04 / 2.3740E-04   
1250   4.395E-03   1.6099E-04   2.6291E-04   1.6046E-04 / 2.6152E-04   
1260   4.395E-03   1.6045E-04   2.3189E-04   1.6022E-04 / 2.2876E-04   
1270   4.395E-03   1.5768E-04   2.3981E-04   1.5751E-04 / 2.3914E-04   
1280   4.395E-03   1.5338E-04   2.4820E-04   1.5303E-04 / 2.4610E-04   
1290   4.395E-03   4.7545E-04   1.1825E-03   4.7167E-04 / 1.1794E-03   
1300   4.395E-03   1.7345E-04   2.4118E-04   1.7252E-04 / 2.3818E-04   
1310   4.395E-03   1.6093E-04   2.3271E-04   1.6065E-04 / 2.3019E-04   
1320   4.395E-03   2.0405E-04   2.7216E-04   2.0383E-04 / 2.7189E-04   
1330   4.395E-03   1.5616E-04   2.3030E-04   1.5586E-04 / 2.2798E-04   
1340   4.395E-03   1.5599E-04   2.2688E-04   1.5566E-04 / 2.2319E-04   
1350   4.395E-03   1.8445E-04   2.6543E-04   1.8407E-04 / 2.6515E-04   
1360   4.395E-03   1.5555E-04   2.6079E-04   1.5534E-04 / 2.5838E-04   
1370   4.395E-03   3.0433E-04   3.9802E-04   3.0417E-04 / 3.9781E-04   
1380   4.395E-03   1.7043E-04   2.6801E-04   1.6849E-04 / 2.5631E-04   
1390   4.395E-03   1.5838E-04   2.5410E-04   1.5820E-04 / 2.5394E-04   
1400   4.395E-03   1.5246E-04   2.4273E-04   1.5221E-04 / 2.4026E-04   
1410   4.395E-03   1.5044E-04   2.5258E-04   1.5004E-04 / 2.4897E-04   
1417   4.395E-03   1.5762E-04   2.3469E-04   1.5747E-04 / 2.3270E-04   
BEST MODEL
===============================================================================================================
1154   4.395E-03   1.6808E-04   2.0302E-04   1.6797E-04 / 2.0291E-04   
===============================================================================================================
Saved model to /home/nikki/kan/kanTBNN/models/multi_run/kan_experiment_109_opt/kanTBNN-24Nov07_14:28:04.pickle
