========== Dataset info ==========
Dataset params: {'file': '/home/ryley/WDK/ML/dataset/turbulence_dataset_clean.csv', 'Cases': ['case_0p5', 'case_0p8', 'case_1p0', 'case_1p2', 'case_1p5'], 'val_set': ['case_0p8'], 'test_set': ['case_1p2'], 'data_loader': <class 'tbnn.dataloaders.DeltaDataset'>}
Train/Valid/Test points: 4425 / 14751 / 14751
Memorization?: False
Cluster training?: False
EPOCH     LR        TRAIN         VALID             MSE:T/V                  RL:T/V             %NR_t/%NR_v
===============================================================================================================
  1   5.000E-05   2.0217E+00   1.9904E+00   2.0217E+00 / 1.9904E+00   
 10   5.000E-05   3.1621E-01   2.7304E-01   3.1621E-01 / 2.7304E-01   
 20   5.000E-05   2.8658E-01   2.4193E-01   2.8658E-01 / 2.4193E-01   
 30   5.000E-05   2.5652E-01   2.1442E-01   2.5652E-01 / 2.1442E-01   
 40   5.000E-05   2.2813E-01   1.8756E-01   2.2813E-01 / 1.8756E-01   
 50   5.000E-05   2.0754E-01   1.6860E-01   2.0754E-01 / 1.6860E-01   
 60   5.000E-05   1.9799E-01   1.6007E-01   1.9799E-01 / 1.6007E-01   
 70   5.000E-05   2.0049E-01   1.6429E-01   2.0049E-01 / 1.6429E-01   
 80   5.000E-05   1.8972E-01   1.5224E-01   1.8972E-01 / 1.5224E-01   
 90   5.000E-05   1.8706E-01   1.4925E-01   1.8706E-01 / 1.4925E-01   
100   5.000E-05   1.8495E-01   1.4684E-01   1.8495E-01 / 1.4684E-01   
110   5.000E-05   1.8307E-01   1.4504E-01   1.8307E-01 / 1.4504E-01   
120   5.000E-05   1.8214E-01   1.4454E-01   1.8214E-01 / 1.4454E-01   
130   5.000E-05   1.8025E-01   1.4196E-01   1.8025E-01 / 1.4196E-01   
140   5.000E-05   1.8044E-01   1.4166E-01   1.8044E-01 / 1.4166E-01   
150   5.000E-05   1.8081E-01   1.4364E-01   1.8081E-01 / 1.4364E-01   
160   5.000E-05   1.7756E-01   1.3998E-01   1.7756E-01 / 1.3998E-01   
170   5.000E-05   1.7767E-01   1.3895E-01   1.7767E-01 / 1.3895E-01   
180   5.000E-05   1.7613E-01   1.3745E-01   1.7613E-01 / 1.3745E-01   
190   5.000E-05   1.7361E-01   1.3552E-01   1.7361E-01 / 1.3552E-01   
200   5.000E-05   1.7266E-01   1.3495E-01   1.7266E-01 / 1.3495E-01   
210   5.000E-05   1.7281E-01   1.3553E-01   1.7281E-01 / 1.3553E-01   
220   5.000E-05   1.7513E-01   1.3835E-01   1.7513E-01 / 1.3835E-01   
230   5.000E-05   1.7351E-01   1.3667E-01   1.7351E-01 / 1.3667E-01   
240   5.000E-05   1.7076E-01   1.3359E-01   1.7076E-01 / 1.3359E-01   
250   5.000E-05   1.6983E-01   1.3173E-01   1.6983E-01 / 1.3173E-01   
260   5.000E-05   1.7083E-01   1.3394E-01   1.7083E-01 / 1.3394E-01   
270   5.000E-05   1.6822E-01   1.3128E-01   1.6822E-01 / 1.3128E-01   
280   5.000E-05   1.6940E-01   1.3285E-01   1.6940E-01 / 1.3285E-01   
290   5.000E-05   1.6887E-01   1.3080E-01   1.6887E-01 / 1.3080E-01   
300   5.000E-05   1.6504E-01   1.2799E-01   1.6504E-01 / 1.2799E-01   
310   5.000E-05   1.6631E-01   1.2983E-01   1.6631E-01 / 1.2983E-01   
320   5.000E-05   1.6338E-01   1.2632E-01   1.6338E-01 / 1.2632E-01   
330   5.000E-05   1.6262E-01   1.2585E-01   1.6262E-01 / 1.2585E-01   
340   5.000E-05   1.6202E-01   1.2536E-01   1.6202E-01 / 1.2536E-01   
350   5.000E-05   1.6380E-01   1.2782E-01   1.6380E-01 / 1.2782E-01   
360   5.000E-05   1.6095E-01   1.2403E-01   1.6095E-01 / 1.2403E-01   
370   5.000E-05   1.6075E-01   1.2377E-01   1.6075E-01 / 1.2377E-01   
380   5.000E-05   1.6008E-01   1.2438E-01   1.6008E-01 / 1.2438E-01   
390   5.000E-05   1.5749E-01   1.2155E-01   1.5749E-01 / 1.2155E-01   
400   5.000E-05   1.5677E-01   1.2075E-01   1.5677E-01 / 1.2075E-01   
410   5.000E-05   1.5584E-01   1.2007E-01   1.5584E-01 / 1.2007E-01   
420   5.000E-05   1.5560E-01   1.1964E-01   1.5560E-01 / 1.1964E-01   
430   5.000E-05   1.5439E-01   1.1887E-01   1.5439E-01 / 1.1887E-01   
440   5.000E-05   1.5490E-01   1.1994E-01   1.5490E-01 / 1.1994E-01   
450   5.000E-05   1.5374E-01   1.1804E-01   1.5374E-01 / 1.1804E-01   
460   5.000E-05   1.5373E-01   1.1919E-01   1.5373E-01 / 1.1919E-01   
470   5.000E-05   1.5737E-01   1.2334E-01   1.5737E-01 / 1.2334E-01   
480   5.000E-05   1.5152E-01   1.1687E-01   1.5152E-01 / 1.1687E-01   
490   5.000E-05   1.5065E-01   1.1578E-01   1.5065E-01 / 1.1578E-01   
500   5.000E-05   1.5174E-01   1.1676E-01   1.5174E-01 / 1.1676E-01   
510   5.000E-05   1.5014E-01   1.1510E-01   1.5014E-01 / 1.1510E-01   
520   5.000E-05   1.4853E-01   1.1408E-01   1.4853E-01 / 1.1408E-01   
530   5.000E-05   1.4786E-01   1.1387E-01   1.4786E-01 / 1.1387E-01   
540   5.000E-05   1.4776E-01   1.1380E-01   1.4776E-01 / 1.1380E-01   
550   5.000E-05   1.5107E-01   1.1777E-01   1.5107E-01 / 1.1777E-01   
560   5.000E-05   1.4967E-01   1.1642E-01   1.4967E-01 / 1.1642E-01   
570   5.000E-05   1.4523E-01   1.1146E-01   1.4523E-01 / 1.1146E-01   
580   5.000E-05   1.4498E-01   1.1101E-01   1.4498E-01 / 1.1101E-01   
590   5.000E-05   1.4424E-01   1.1070E-01   1.4424E-01 / 1.1070E-01   
600   5.000E-05   1.4344E-01   1.0988E-01   1.4344E-01 / 1.0988E-01   
610   5.000E-05   1.4269E-01   1.0914E-01   1.4269E-01 / 1.0914E-01   
620   5.000E-05   1.4189E-01   1.0881E-01   1.4189E-01 / 1.0881E-01   
630   5.000E-05   1.4096E-01   1.0828E-01   1.4096E-01 / 1.0828E-01   
640   5.000E-05   1.4230E-01   1.1018E-01   1.4230E-01 / 1.1018E-01   
650   5.000E-05   1.4093E-01   1.0837E-01   1.4093E-01 / 1.0837E-01   
660   5.000E-05   1.3938E-01   1.0716E-01   1.3938E-01 / 1.0716E-01   
670   5.000E-05   1.4110E-01   1.0872E-01   1.4110E-01 / 1.0872E-01   
680   5.000E-05   1.3681E-01   1.0503E-01   1.3681E-01 / 1.0503E-01   
690   5.000E-05   1.3699E-01   1.0506E-01   1.3699E-01 / 1.0506E-01   
700   5.000E-05   1.3520E-01   1.0331E-01   1.3520E-01 / 1.0331E-01   
710   5.000E-05   1.3886E-01   1.0725E-01   1.3886E-01 / 1.0725E-01   
720   5.000E-05   1.3745E-01   1.0557E-01   1.3745E-01 / 1.0557E-01   
730   5.000E-05   1.4053E-01   1.0853E-01   1.4053E-01 / 1.0853E-01   
740   5.000E-05   1.3155E-01   1.0026E-01   1.3155E-01 / 1.0026E-01   
750   5.000E-05   1.3067E-01   9.9599E-02   1.3067E-01 / 9.9599E-02   
760   5.000E-05   1.2995E-01   9.9052E-02   1.2995E-01 / 9.9052E-02   
770   5.000E-05   1.3010E-01   9.8792E-02   1.3010E-01 / 9.8792E-02   
780   5.000E-05   1.2825E-01   9.7561E-02   1.2825E-01 / 9.7561E-02   
790   5.000E-05   1.2815E-01   9.7618E-02   1.2815E-01 / 9.7618E-02   
800   5.000E-05   1.3048E-01   1.0016E-01   1.3048E-01 / 1.0016E-01   
810   5.000E-05   1.2766E-01   9.7286E-02   1.2766E-01 / 9.7286E-02   
820   5.000E-05   1.2598E-01   9.5952E-02   1.2598E-01 / 9.5952E-02   
830   5.000E-05   1.4308E-01   1.1302E-01   1.4308E-01 / 1.1302E-01   
840   5.000E-05   1.2544E-01   9.5797E-02   1.2544E-01 / 9.5797E-02   
850   5.000E-05   1.2393E-01   9.3881E-02   1.2393E-01 / 9.3881E-02   
860   5.000E-05   1.2375E-01   9.4241E-02   1.2375E-01 / 9.4241E-02   
870   5.000E-05   1.2489E-01   9.5305E-02   1.2489E-01 / 9.5305E-02   
880   5.000E-05   1.2442E-01   9.4489E-02   1.2442E-01 / 9.4489E-02   
890   5.000E-05   1.2400E-01   9.4771E-02   1.2400E-01 / 9.4771E-02   
900   5.000E-05   1.2730E-01   9.7838E-02   1.2730E-01 / 9.7838E-02   
910   5.000E-05   1.2617E-01   9.7057E-02   1.2617E-01 / 9.7057E-02   
920   5.000E-05   1.2357E-01   9.4824E-02   1.2357E-01 / 9.4824E-02   
930   5.000E-05   1.2032E-01   9.0812E-02   1.2032E-01 / 9.0812E-02   
940   5.000E-05   1.2259E-01   9.3683E-02   1.2259E-01 / 9.3683E-02   
950   5.000E-05   1.1953E-01   9.0841E-02   1.1953E-01 / 9.0841E-02   
960   5.000E-05   1.1998E-01   9.1288E-02   1.1998E-01 / 9.1288E-02   
970   5.000E-05   1.1947E-01   9.0951E-02   1.1947E-01 / 9.0951E-02   
980   5.000E-05   1.2138E-01   9.2970E-02   1.2138E-01 / 9.2970E-02   
990   5.000E-05   1.2031E-01   9.1031E-02   1.2031E-01 / 9.1031E-02   
1000   5.000E-05   1.2479E-01   9.6731E-02   1.2479E-01 / 9.6731E-02   
1010   5.000E-05   1.1886E-01   9.0788E-02   1.1886E-01 / 9.0788E-02   
1020   5.000E-05   1.2266E-01   9.3711E-02   1.2266E-01 / 9.3711E-02   
1030   5.000E-05   1.3645E-01   1.1009E-01   1.3645E-01 / 1.1009E-01   
1040   5.000E-05   1.3134E-01   1.0372E-01   1.3134E-01 / 1.0372E-01   
1050   5.000E-05   1.1738E-01   8.9118E-02   1.1738E-01 / 8.9118E-02   
1060   5.000E-05   1.1683E-01   8.9573E-02   1.1683E-01 / 8.9573E-02   
1070   5.000E-05   1.1746E-01   8.9709E-02   1.1746E-01 / 8.9709E-02   
1080   5.000E-05   1.1816E-01   9.0681E-02   1.1816E-01 / 9.0681E-02   
1090   5.000E-05   1.1665E-01   8.8668E-02   1.1665E-01 / 8.8668E-02   
1100   5.000E-05   1.1819E-01   8.9859E-02   1.1819E-01 / 8.9859E-02   
1110   5.000E-05   1.1752E-01   8.9456E-02   1.1752E-01 / 8.9456E-02   
1120   5.000E-05   1.1720E-01   8.9459E-02   1.1720E-01 / 8.9459E-02   
1130   5.000E-05   1.1557E-01   8.8104E-02   1.1557E-01 / 8.8104E-02   
1140   5.000E-05   1.2768E-01   1.0147E-01   1.2768E-01 / 1.0147E-01   
1150   5.000E-05   1.1551E-01   8.7989E-02   1.1551E-01 / 8.7989E-02   
1160   5.000E-05   1.1758E-01   9.0904E-02   1.1758E-01 / 9.0904E-02   
1170   5.000E-05   1.1465E-01   8.7454E-02   1.1465E-01 / 8.7454E-02   
1180   5.000E-05   1.2125E-01   9.3647E-02   1.2125E-01 / 9.3647E-02   
1190   5.000E-05   1.1383E-01   8.6646E-02   1.1383E-01 / 8.6646E-02   
1200   5.000E-05   1.1353E-01   8.6736E-02   1.1353E-01 / 8.6736E-02   
1210   5.000E-05   1.1288E-01   8.5933E-02   1.1288E-01 / 8.5933E-02   
1220   5.000E-05   1.1691E-01   8.9382E-02   1.1691E-01 / 8.9382E-02   
1230   5.000E-05   1.1794E-01   9.0124E-02   1.1794E-01 / 9.0124E-02   
1240   5.000E-05   1.1641E-01   9.0663E-02   1.1641E-01 / 9.0663E-02   
1250   5.000E-05   1.1325E-01   8.5925E-02   1.1325E-01 / 8.5925E-02   
1260   5.000E-05   1.1211E-01   8.5721E-02   1.1211E-01 / 8.5721E-02   
1270   5.000E-05   1.1268E-01   8.6549E-02   1.1268E-01 / 8.6549E-02   
1280   5.000E-05   1.1217E-01   8.6036E-02   1.1217E-01 / 8.6036E-02   
1290   5.000E-05   1.2176E-01   9.6458E-02   1.2176E-01 / 9.6458E-02   
1300   5.000E-05   1.1860E-01   9.3102E-02   1.1860E-01 / 9.3102E-02   
1310   5.000E-05   1.1665E-01   9.0885E-02   1.1665E-01 / 9.0885E-02   
1320   5.000E-05   1.1507E-01   8.9959E-02   1.1507E-01 / 8.9959E-02   
1330   5.000E-05   1.1260E-01   8.6897E-02   1.1260E-01 / 8.6897E-02   
1340   5.000E-05   1.0994E-01   8.3733E-02   1.0994E-01 / 8.3733E-02   
1350   5.000E-05   1.1086E-01   8.5574E-02   1.1086E-01 / 8.5574E-02   
1360   5.000E-05   1.1063E-01   8.4521E-02   1.1063E-01 / 8.4521E-02   
1370   5.000E-05   1.1080E-01   8.4558E-02   1.1080E-01 / 8.4558E-02   
1380   5.000E-05   1.0876E-01   8.3041E-02   1.0876E-01 / 8.3041E-02   
1390   5.000E-05   1.0898E-01   8.3647E-02   1.0898E-01 / 8.3647E-02   
1400   5.000E-05   1.0847E-01   8.2355E-02   1.0847E-01 / 8.2355E-02   
1410   5.000E-05   1.0910E-01   8.3812E-02   1.0910E-01 / 8.3812E-02   
1420   5.000E-05   1.0915E-01   8.3667E-02   1.0915E-01 / 8.3667E-02   
1430   5.000E-05   1.0751E-01   8.2440E-02   1.0751E-01 / 8.2440E-02   
1440   5.000E-05   1.0708E-01   8.1692E-02   1.0708E-01 / 8.1692E-02   
1450   5.000E-05   1.0983E-01   8.4268E-02   1.0983E-01 / 8.4268E-02   
1460   5.000E-05   1.0731E-01   8.2539E-02   1.0731E-01 / 8.2539E-02   
1470   5.000E-05   1.0834E-01   8.3673E-02   1.0834E-01 / 8.3673E-02   
1480   5.000E-05   1.0627E-01   8.1596E-02   1.0627E-01 / 8.1596E-02   
1490   5.000E-05   1.0633E-01   8.0725E-02   1.0633E-01 / 8.0725E-02   
1500   5.000E-05   1.0895E-01   8.4508E-02   1.0895E-01 / 8.4508E-02   
1510   5.000E-05   1.1888E-01   9.4979E-02   1.1888E-01 / 9.4979E-02   
1520   5.000E-05   1.0683E-01   8.2570E-02   1.0683E-01 / 8.2570E-02   
1530   5.000E-05   1.0870E-01   8.4960E-02   1.0870E-01 / 8.4960E-02   
1540   5.000E-05   1.1101E-01   8.5375E-02   1.1101E-01 / 8.5375E-02   
1550   5.000E-05   1.3849E-01   1.1088E-01   1.3849E-01 / 1.1088E-01   
1560   5.000E-05   1.0576E-01   8.1859E-02   1.0576E-01 / 8.1859E-02   
1570   5.000E-05   1.0784E-01   8.2724E-02   1.0784E-01 / 8.2724E-02   
1580   5.000E-05   1.0280E-01   7.8539E-02   1.0280E-01 / 7.8539E-02   
1590   5.000E-05   1.0193E-01   7.7709E-02   1.0193E-01 / 7.7709E-02   
1600   5.000E-05   1.0292E-01   7.8027E-02   1.0292E-01 / 7.8027E-02   
1610   5.000E-05   1.0254E-01   7.7729E-02   1.0254E-01 / 7.7729E-02   
1620   5.000E-05   1.0226E-01   7.7991E-02   1.0226E-01 / 7.7991E-02   
1630   5.000E-05   1.0542E-01   8.2215E-02   1.0542E-01 / 8.2215E-02   
1640   5.000E-05   1.0219E-01   7.9105E-02   1.0219E-01 / 7.9105E-02   
1650   5.000E-05   9.9460E-02   7.5645E-02   9.9460E-02 / 7.5645E-02   
1660   5.000E-05   1.0105E-01   7.7915E-02   1.0105E-01 / 7.7915E-02   
1670   5.000E-05   1.0083E-01   7.6555E-02   1.0083E-01 / 7.6555E-02   
1680   5.000E-05   9.8881E-02   7.5544E-02   9.8881E-02 / 7.5544E-02   
1690   5.000E-05   9.7437E-02   7.3929E-02   9.7437E-02 / 7.3929E-02   
1700   5.000E-05   9.9665E-02   7.4986E-02   9.9665E-02 / 7.4986E-02   
1710   5.000E-05   1.0103E-01   7.6391E-02   1.0103E-01 / 7.6391E-02   
1720   5.000E-05   9.7036E-02   7.3211E-02   9.7036E-02 / 7.3211E-02   
1730   5.000E-05   9.5880E-02   7.2697E-02   9.5880E-02 / 7.2697E-02   
1740   5.000E-05   9.8296E-02   7.5677E-02   9.8296E-02 / 7.5677E-02   
1750   5.000E-05   9.6693E-02   7.4161E-02   9.6693E-02 / 7.4161E-02   
1760   5.000E-05   9.4690E-02   7.0665E-02   9.4690E-02 / 7.0665E-02   
1770   5.000E-05   9.7852E-02   7.5493E-02   9.7852E-02 / 7.5493E-02   
1780   5.000E-05   9.4341E-02   7.0186E-02   9.4341E-02 / 7.0186E-02   
1790   5.000E-05   9.3382E-02   7.0662E-02   9.3382E-02 / 7.0662E-02   
1800   5.000E-05   9.2651E-02   6.9902E-02   9.2651E-02 / 6.9902E-02   
1810   5.000E-05   9.4142E-02   7.1177E-02   9.4142E-02 / 7.1177E-02   
1820   5.000E-05   9.3282E-02   6.9451E-02   9.3282E-02 / 6.9451E-02   
1830   5.000E-05   1.0677E-01   8.5206E-02   1.0677E-01 / 8.5206E-02   
1840   5.000E-05   9.3874E-02   6.8858E-02   9.3874E-02 / 6.8858E-02   
1850   5.000E-05   9.3974E-02   7.1912E-02   9.3974E-02 / 7.1912E-02   
1860   5.000E-05   8.9385E-02   6.5882E-02   8.9385E-02 / 6.5882E-02   
1870   5.000E-05   8.9164E-02   6.5746E-02   8.9164E-02 / 6.5746E-02   
1880   5.000E-05   1.0398E-01   7.7173E-02   1.0398E-01 / 7.7173E-02   
1890   5.000E-05   9.8800E-02   7.8389E-02   9.8800E-02 / 7.8389E-02   
1900   5.000E-05   9.3549E-02   6.8210E-02   9.3549E-02 / 6.8210E-02   
1910   5.000E-05   9.4751E-02   7.0180E-02   9.4751E-02 / 7.0180E-02   
1920   5.000E-05   8.8276E-02   6.6133E-02   8.8276E-02 / 6.6133E-02   
1930   5.000E-05   9.6359E-02   7.4978E-02   9.6359E-02 / 7.4978E-02   
1940   5.000E-05   9.8042E-02   7.7572E-02   9.8042E-02 / 7.7572E-02   
1950   5.000E-05   9.6507E-02   7.1277E-02   9.6507E-02 / 7.1277E-02   
1960   5.000E-05   8.3173E-02   5.9267E-02   8.3173E-02 / 5.9267E-02   
1970   5.000E-05   8.2272E-02   5.8749E-02   8.2272E-02 / 5.8749E-02   
1980   5.000E-05   8.1778E-02   5.8642E-02   8.1778E-02 / 5.8642E-02   
1990   5.000E-05   8.0425E-02   5.7654E-02   8.0425E-02 / 5.7654E-02   
2000   5.000E-05   8.2944E-02   6.1641E-02   8.2944E-02 / 6.1641E-02   
2010   5.000E-05   1.1688E-01   8.8212E-02   1.1688E-01 / 8.8212E-02   
2020   5.000E-05   8.4794E-02   6.4020E-02   8.4794E-02 / 6.4020E-02   
2030   5.000E-05   8.4368E-02   6.3694E-02   8.4368E-02 / 6.3694E-02   
2040   5.000E-05   7.8653E-02   5.4612E-02   7.8653E-02 / 5.4612E-02   
2050   5.000E-05   8.0351E-02   5.8942E-02   8.0351E-02 / 5.8942E-02   
2060   5.000E-05   7.8817E-02   5.5062E-02   7.8817E-02 / 5.5062E-02   
2070   5.000E-05   7.5160E-02   5.3400E-02   7.5160E-02 / 5.3400E-02   
2080   5.000E-05   9.0525E-02   6.4128E-02   9.0525E-02 / 6.4128E-02   
2090   5.000E-05   8.6241E-02   6.6010E-02   8.6241E-02 / 6.6010E-02   
2100   5.000E-05   8.0320E-02   6.0013E-02   8.0320E-02 / 6.0013E-02   
2110   5.000E-05   7.1859E-02   5.0007E-02   7.1859E-02 / 5.0007E-02   
2120   5.000E-05   7.1775E-02   5.0412E-02   7.1775E-02 / 5.0412E-02   
2130   5.000E-05   7.0712E-02   4.7411E-02   7.0712E-02 / 4.7411E-02   
2140   5.000E-05   7.0003E-02   4.8606E-02   7.0003E-02 / 4.8606E-02   
2150   5.000E-05   6.9238E-02   4.6397E-02   6.9238E-02 / 4.6397E-02   
2160   5.000E-05   8.1539E-02   6.1263E-02   8.1539E-02 / 6.1263E-02   
2170   5.000E-05   6.9021E-02   4.5886E-02   6.9021E-02 / 4.5886E-02   
2180   5.000E-05   7.9610E-02   6.0284E-02   7.9610E-02 / 6.0284E-02   
2190   5.000E-05   7.4421E-02   5.3896E-02   7.4421E-02 / 5.3896E-02   
2200   5.000E-05   7.0082E-02   4.8449E-02   7.0082E-02 / 4.8449E-02   
2210   5.000E-05   7.4761E-02   5.4394E-02   7.4761E-02 / 5.4394E-02   
2220   5.000E-05   7.0829E-02   5.0492E-02   7.0829E-02 / 5.0492E-02   
2230   5.000E-05   7.1026E-02   5.0893E-02   7.1026E-02 / 5.0893E-02   
2240   5.000E-05   6.6989E-02   4.6238E-02   6.6989E-02 / 4.6238E-02   
2250   5.000E-05   6.3496E-02   4.0833E-02   6.3496E-02 / 4.0833E-02   
2260   5.000E-05   6.5026E-02   4.2143E-02   6.5026E-02 / 4.2143E-02   
2270   5.000E-05   6.7052E-02   4.7177E-02   6.7052E-02 / 4.7177E-02   
2280   5.000E-05   6.1772E-02   3.9902E-02   6.1772E-02 / 3.9902E-02   
2290   5.000E-05   6.2788E-02   4.2146E-02   6.2788E-02 / 4.2146E-02   
2300   5.000E-05   7.3907E-02   5.4882E-02   7.3907E-02 / 5.4882E-02   
2310   5.000E-05   6.1151E-02   3.9433E-02   6.1151E-02 / 3.9433E-02   
2320   5.000E-05   6.2608E-02   4.0889E-02   6.2608E-02 / 4.0889E-02   
2330   5.000E-05   6.2984E-02   4.1004E-02   6.2984E-02 / 4.1004E-02   
2340   5.000E-05   7.4396E-02   5.5108E-02   7.4396E-02 / 5.5108E-02   
2350   5.000E-05   6.1916E-02   3.9006E-02   6.1916E-02 / 3.9006E-02   
2360   5.000E-05   6.8315E-02   4.5199E-02   6.8315E-02 / 4.5199E-02   
2370   5.000E-05   6.1534E-02   4.1375E-02   6.1534E-02 / 4.1375E-02   
2380   5.000E-05   6.2393E-02   3.8780E-02   6.2393E-02 / 3.8780E-02   
2390   5.000E-05   8.6770E-02   5.8905E-02   8.6770E-02 / 5.8905E-02   
2400   5.000E-05   6.6608E-02   4.1594E-02   6.6608E-02 / 4.1594E-02   
2410   5.000E-05   6.1032E-02   3.9251E-02   6.1032E-02 / 3.9251E-02   
2420   5.000E-05   5.8551E-02   3.7606E-02   5.8551E-02 / 3.7606E-02   
2430   5.000E-05   7.0410E-02   4.9709E-02   7.0410E-02 / 4.9709E-02   
2440   5.000E-05   6.0391E-02   3.8267E-02   6.0391E-02 / 3.8267E-02   
2450   5.000E-05   6.0149E-02   4.0223E-02   6.0149E-02 / 4.0223E-02   
2460   5.000E-05   6.2817E-02   4.3281E-02   6.2817E-02 / 4.3281E-02   
2470   5.000E-05   6.8082E-02   4.8957E-02   6.8082E-02 / 4.8957E-02   
2480   5.000E-05   9.9515E-02   6.9532E-02   9.9515E-02 / 6.9532E-02   
2490   5.000E-05   6.6884E-02   4.2175E-02   6.6884E-02 / 4.2175E-02   
2500   5.000E-05   5.7715E-02   3.7461E-02   5.7715E-02 / 3.7461E-02   
2510   5.000E-05   6.2977E-02   4.3798E-02   6.2977E-02 / 4.3798E-02   
2520   5.000E-05   5.7273E-02   3.7434E-02   5.7273E-02 / 3.7434E-02   
2530   5.000E-05   5.6382E-02   3.5525E-02   5.6382E-02 / 3.5525E-02   
2540   5.000E-05   5.9142E-02   3.9613E-02   5.9142E-02 / 3.9613E-02   
2550   5.000E-05   7.7070E-02   5.0001E-02   7.7070E-02 / 5.0001E-02   
2560   5.000E-05   5.8266E-02   3.8625E-02   5.8266E-02 / 3.8625E-02   
2570   5.000E-05   6.7819E-02   4.5016E-02   6.7819E-02 / 4.5016E-02   
2580   5.000E-05   6.0881E-02   4.1756E-02   6.0881E-02 / 4.1756E-02   
2590   5.000E-05   6.1347E-02   4.2824E-02   6.1347E-02 / 4.2824E-02   
2600   5.000E-05   5.7660E-02   3.6653E-02   5.7660E-02 / 3.6653E-02   
2610   5.000E-05   8.0722E-02   5.5005E-02   8.0722E-02 / 5.5005E-02   
2620   5.000E-05   6.7396E-02   4.9208E-02   6.7396E-02 / 4.9208E-02   
2630   5.000E-05   5.8962E-02   3.6911E-02   5.8962E-02 / 3.6911E-02   
2640   5.000E-05   6.2876E-02   3.9359E-02   6.2876E-02 / 3.9359E-02   
2650   5.000E-05   5.6475E-02   3.5108E-02   5.6475E-02 / 3.5108E-02   
2660   5.000E-05   6.3633E-02   4.2601E-02   6.3633E-02 / 4.2601E-02   
2670   5.000E-05   5.7151E-02   3.8357E-02   5.7151E-02 / 3.8357E-02   
2680   5.000E-05   5.5359E-02   3.4880E-02   5.5359E-02 / 3.4880E-02   
2690   5.000E-05   5.6333E-02   3.6999E-02   5.6333E-02 / 3.6999E-02   
2700   5.000E-05   6.9399E-02   4.5522E-02   6.9399E-02 / 4.5522E-02   
2710   5.000E-05   5.5370E-02   3.5552E-02   5.5370E-02 / 3.5552E-02   
2720   5.000E-05   6.0849E-02   4.1419E-02   6.0849E-02 / 4.1419E-02   
2730   5.000E-05   6.0443E-02   4.2510E-02   6.0443E-02 / 4.2510E-02   
2740   5.000E-05   7.7227E-02   5.9228E-02   7.7227E-02 / 5.9228E-02   
2750   5.000E-05   5.4431E-02   3.4272E-02   5.4431E-02 / 3.4272E-02   
2760   5.000E-05   5.6708E-02   3.4989E-02   5.6708E-02 / 3.4989E-02   
2770   5.000E-05   5.5056E-02   3.4320E-02   5.5056E-02 / 3.4320E-02   
2780   5.000E-05   5.4192E-02   3.4704E-02   5.4192E-02 / 3.4704E-02   
2790   5.000E-05   7.5933E-02   5.1622E-02   7.5933E-02 / 5.1622E-02   
2800   5.000E-05   5.6090E-02   3.4873E-02   5.6090E-02 / 3.4873E-02   
2810   5.000E-05   5.9071E-02   3.6708E-02   5.9071E-02 / 3.6708E-02   
2820   5.000E-05   5.5064E-02   3.3938E-02   5.5064E-02 / 3.3938E-02   
2830   5.000E-05   7.7598E-02   5.2145E-02   7.7598E-02 / 5.2145E-02   
2840   5.000E-05   6.1256E-02   4.2651E-02   6.1256E-02 / 4.2651E-02   
2850   5.000E-05   5.8293E-02   3.9538E-02   5.8293E-02 / 3.9538E-02   
2860   5.000E-05   5.8960E-02   3.7798E-02   5.8960E-02 / 3.7798E-02   
2870   5.000E-05   6.0229E-02   4.2161E-02   6.0229E-02 / 4.2161E-02   
2880   5.000E-05   5.5028E-02   3.6665E-02   5.5028E-02 / 3.6665E-02   
2890   5.000E-05   5.5924E-02   3.5499E-02   5.5924E-02 / 3.5499E-02   
2900   5.000E-05   5.8574E-02   4.1084E-02   5.8574E-02 / 4.1084E-02   
2910   5.000E-05   5.6969E-02   3.9393E-02   5.6969E-02 / 3.9393E-02   
2920   5.000E-05   5.9929E-02   4.2704E-02   5.9929E-02 / 4.2704E-02   
2930   5.000E-05   5.7284E-02   3.5754E-02   5.7284E-02 / 3.5754E-02   
2940   5.000E-05   1.0734E-01   8.9243E-02   1.0734E-01 / 8.9243E-02   
2950   5.000E-05   5.3871E-02   3.5507E-02   5.3871E-02 / 3.5507E-02   
2960   5.000E-05   5.3350E-02   3.3862E-02   5.3350E-02 / 3.3862E-02   
2970   5.000E-05   5.5267E-02   3.5218E-02   5.5267E-02 / 3.5218E-02   
2980   5.000E-05   6.1761E-02   4.1588E-02   6.1761E-02 / 4.1588E-02   
2990   5.000E-05   5.7051E-02   3.9443E-02   5.7051E-02 / 3.9443E-02   
3000   5.000E-05   5.3026E-02   3.4186E-02   5.3026E-02 / 3.4186E-02   
===============================================================================================================
Saved model to models/phll_only/KCNN-24May28_09:10:42.pickle
