========== Dataset info ==========
Dataset params: {'file': '/home/ryley/WDK/ML/dataset/turbulence_dataset_clean.csv', 'Cases': ['case_0p5', 'case_0p8', 'case_1p0', 'case_1p2', 'case_1p5'], 'val_set': ['case_0p8'], 'test_set': ['case_1p2'], 'data_loader': <class 'tbnn.dataloaders.DeltaDataset'>}
Train/Valid/Test points: 44253 / 14751 / 14751
Memorization?: False
Cluster training?: False
EPOCH     LR        TRAIN         VALID             MSE:T/V                  RL:T/V             %NR_t/%NR_v
===============================================================================================================
  1   1.000E-04   3.1663E-01   2.6046E-01   3.1663E-01 / 2.6046E-01   
 10   1.000E-04   1.9328E-01   1.4558E-01   1.9328E-01 / 1.4558E-01   
 20   1.000E-04   1.7233E-01   1.2373E-01   1.7233E-01 / 1.2373E-01   
 30   1.000E-04   1.6035E-01   1.1447E-01   1.6035E-01 / 1.1447E-01   
 40   1.000E-04   1.5295E-01   1.0760E-01   1.5295E-01 / 1.0760E-01   
 50   1.000E-04   1.4577E-01   1.0193E-01   1.4577E-01 / 1.0193E-01   
 60   1.000E-04   1.3508E-01   9.5569E-02   1.3508E-01 / 9.5569E-02   
 70   1.000E-04   1.2976E-01   9.1016E-02   1.2976E-01 / 9.1016E-02   
 80   1.000E-04   1.2707E-01   8.8682E-02   1.2707E-01 / 8.8682E-02   
 90   1.000E-04   1.2299E-01   8.7410E-02   1.2299E-01 / 8.7410E-02   
100   1.000E-04   1.2021E-01   8.6531E-02   1.2021E-01 / 8.6531E-02   
110   1.000E-04   1.1522E-01   7.9968E-02   1.1522E-01 / 7.9968E-02   
120   1.000E-04   1.1636E-01   8.5024E-02   1.1636E-01 / 8.5024E-02   
130   1.000E-04   1.0562E-01   7.3673E-02   1.0562E-01 / 7.3673E-02   
140   1.000E-04   1.0461E-01   7.2260E-02   1.0461E-01 / 7.2260E-02   
150   1.000E-04   9.7586E-02   6.7436E-02   9.7586E-02 / 6.7436E-02   
160   1.000E-04   9.3882E-02   6.5109E-02   9.3882E-02 / 6.5109E-02   
170   1.000E-04   8.8141E-02   5.8779E-02   8.8141E-02 / 5.8779E-02   
180   1.000E-04   9.1630E-02   6.2718E-02   9.1630E-02 / 6.2718E-02   
190   1.000E-04   9.3180E-02   6.5304E-02   9.3180E-02 / 6.5304E-02   
200   1.000E-04   7.3125E-02   4.4694E-02   7.3125E-02 / 4.4694E-02   
210   1.000E-04   8.0189E-02   5.4064E-02   8.0189E-02 / 5.4064E-02   
220   1.000E-04   6.5104E-02   3.6092E-02   6.5104E-02 / 3.6092E-02   
230   1.000E-04   6.3341E-02   3.3342E-02   6.3341E-02 / 3.3342E-02   
240   1.000E-04   7.1256E-02   4.2511E-02   7.1256E-02 / 4.2511E-02   
250   1.000E-04   6.7444E-02   3.9619E-02   6.7444E-02 / 3.9619E-02   
260   1.000E-04   7.3722E-02   4.4333E-02   7.3722E-02 / 4.4333E-02   
270   1.000E-04   5.8606E-02   3.2634E-02   5.8606E-02 / 3.2634E-02   
280   1.000E-04   5.7828E-02   3.3166E-02   5.7828E-02 / 3.3166E-02   
290   1.000E-04   5.9942E-02   3.4747E-02   5.9942E-02 / 3.4747E-02   
300   1.000E-04   6.9624E-02   4.4571E-02   6.9624E-02 / 4.4571E-02   
310   1.000E-04   5.8459E-02   3.2063E-02   5.8459E-02 / 3.2063E-02   
320   1.000E-04   5.6762E-02   3.2520E-02   5.6762E-02 / 3.2520E-02   
330   1.000E-04   5.5464E-02   3.1390E-02   5.5464E-02 / 3.1390E-02   
340   1.000E-04   6.5734E-02   4.3038E-02   6.5734E-02 / 4.3038E-02   
350   1.000E-04   7.2609E-02   5.1457E-02   7.2609E-02 / 5.1457E-02   
360   1.000E-04   6.0686E-02   3.4804E-02   6.0686E-02 / 3.4804E-02   
370   1.000E-04   5.7241E-02   3.2816E-02   5.7241E-02 / 3.2816E-02   
380   1.000E-04   5.2721E-02   3.0326E-02   5.2721E-02 / 3.0326E-02   
390   1.000E-04   8.6482E-02   6.6495E-02   8.6482E-02 / 6.6495E-02   
400   1.000E-04   5.5690E-02   2.9916E-02   5.5690E-02 / 2.9916E-02   
410   1.000E-04   5.1355E-02   2.9918E-02   5.1355E-02 / 2.9918E-02   
420   1.000E-04   5.0253E-02   2.7390E-02   5.0253E-02 / 2.7390E-02   
430   1.000E-04   5.6298E-02   3.4712E-02   5.6298E-02 / 3.4712E-02   
440   1.000E-04   5.3410E-02   3.1814E-02   5.3410E-02 / 3.1814E-02   
450   1.000E-04   5.5367E-02   3.4441E-02   5.5367E-02 / 3.4441E-02   
460   1.000E-04   5.4243E-02   3.6663E-02   5.4243E-02 / 3.6663E-02   
470   1.000E-04   5.4410E-02   3.2837E-02   5.4410E-02 / 3.2837E-02   
480   1.000E-04   4.9171E-02   2.8459E-02   4.9171E-02 / 2.8459E-02   
490   1.000E-04   5.2905E-02   3.2373E-02   5.2905E-02 / 3.2373E-02   
500   1.000E-04   4.8294E-02   2.8256E-02   4.8294E-02 / 2.8256E-02   
510   1.000E-04   4.7395E-02   2.6707E-02   4.7395E-02 / 2.6707E-02   
520   1.000E-04   4.7801E-02   2.8347E-02   4.7801E-02 / 2.8347E-02   
530   1.000E-04   5.4681E-02   3.0374E-02   5.4681E-02 / 3.0374E-02   
540   1.000E-04   4.7627E-02   2.7145E-02   4.7627E-02 / 2.7145E-02   
550   1.000E-04   5.4108E-02   3.1663E-02   5.4108E-02 / 3.1663E-02   
560   1.000E-04   5.2758E-02   3.1098E-02   5.2758E-02 / 3.1098E-02   
570   1.000E-04   5.9534E-02   3.9911E-02   5.9534E-02 / 3.9911E-02   
580   1.000E-04   5.3697E-02   3.2371E-02   5.3697E-02 / 3.2371E-02   
590   1.000E-04   4.4920E-02   2.6446E-02   4.4920E-02 / 2.6446E-02   
600   1.000E-04   4.8505E-02   3.0099E-02   4.8505E-02 / 3.0099E-02   
610   1.000E-04   4.4886E-02   2.5079E-02   4.4886E-02 / 2.5079E-02   
620   1.000E-04   5.0469E-02   3.2341E-02   5.0469E-02 / 3.2341E-02   
630   1.000E-04   4.4689E-02   2.6129E-02   4.4689E-02 / 2.6129E-02   
640   1.000E-04   4.4503E-02   2.6691E-02   4.4503E-02 / 2.6691E-02   
650   1.000E-04   5.3670E-02   3.6067E-02   5.3670E-02 / 3.6067E-02   
660   1.000E-04   4.9265E-02   3.2794E-02   4.9265E-02 / 3.2794E-02   
670   1.000E-04   4.3450E-02   2.5410E-02   4.3450E-02 / 2.5410E-02   
680   1.000E-04   5.4695E-02   3.4812E-02   5.4695E-02 / 3.4812E-02   
690   1.000E-04   4.4015E-02   2.5098E-02   4.4015E-02 / 2.5098E-02   
700   1.000E-04   6.0443E-02   4.1279E-02   6.0443E-02 / 4.1279E-02   
710   1.000E-04   4.5111E-02   2.6838E-02   4.5111E-02 / 2.6838E-02   
720   1.000E-04   5.4670E-02   3.6909E-02   5.4670E-02 / 3.6909E-02   
730   1.000E-04   4.7752E-02   2.8842E-02   4.7752E-02 / 2.8842E-02   
740   1.000E-04   4.5865E-02   2.7895E-02   4.5865E-02 / 2.7895E-02   
750   1.000E-04   4.3398E-02   2.6362E-02   4.3398E-02 / 2.6362E-02   
760   1.000E-04   4.5806E-02   3.0677E-02   4.5806E-02 / 3.0677E-02   
770   1.000E-04   4.4446E-02   3.1679E-02   4.4446E-02 / 3.1679E-02   
780   1.000E-04   4.1475E-02   2.7064E-02   4.1475E-02 / 2.7064E-02   
790   1.000E-04   5.3311E-02   3.4715E-02   5.3311E-02 / 3.4715E-02   
800   1.000E-04   4.0741E-02   2.3781E-02   4.0741E-02 / 2.3781E-02   
810   1.000E-04   4.2512E-02   2.9872E-02   4.2512E-02 / 2.9872E-02   
820   1.000E-04   4.0002E-02   2.5304E-02   4.0002E-02 / 2.5304E-02   
830   1.000E-04   4.3365E-02   3.1070E-02   4.3365E-02 / 3.1070E-02   
840   1.000E-04   5.6599E-02   4.3548E-02   5.6599E-02 / 4.3548E-02   
850   1.000E-04   4.0656E-02   2.5167E-02   4.0656E-02 / 2.5167E-02   
860   1.000E-04   4.6483E-02   3.3258E-02   4.6483E-02 / 3.3258E-02   
870   1.000E-04   3.9944E-02   2.3581E-02   3.9944E-02 / 2.3581E-02   
880   1.000E-04   6.7890E-02   5.3889E-02   6.7890E-02 / 5.3889E-02   
890   1.000E-04   4.5608E-02   2.7380E-02   4.5608E-02 / 2.7380E-02   
900   1.000E-04   4.3258E-02   2.8262E-02   4.3258E-02 / 2.8262E-02   
910   1.000E-04   4.4605E-02   2.9861E-02   4.4605E-02 / 2.9861E-02   
920   1.000E-04   4.0934E-02   2.8816E-02   4.0934E-02 / 2.8816E-02   
930   1.000E-04   4.0776E-02   2.4986E-02   4.0776E-02 / 2.4986E-02   
940   1.000E-04   3.8697E-02   2.4942E-02   3.8697E-02 / 2.4942E-02   
950   1.000E-04   3.9540E-02   2.4176E-02   3.9540E-02 / 2.4176E-02   
960   1.000E-04   3.9007E-02   2.4259E-02   3.9007E-02 / 2.4259E-02   
970   1.000E-04   7.9718E-02   6.6386E-02   7.9718E-02 / 6.6386E-02   
980   1.000E-04   3.7157E-02   2.5555E-02   3.7157E-02 / 2.5555E-02   
990   1.000E-04   3.7964E-02   2.3783E-02   3.7964E-02 / 2.3783E-02   
1000   1.000E-04   3.7937E-02   2.6966E-02   3.7937E-02 / 2.6966E-02   
1010   1.000E-04   3.9676E-02   2.4754E-02   3.9676E-02 / 2.4754E-02   
1020   1.000E-04   3.8412E-02   2.7240E-02   3.8412E-02 / 2.7240E-02   
1030   1.000E-04   4.0457E-02   3.1356E-02   4.0457E-02 / 3.1356E-02   
1040   1.000E-04   3.9167E-02   2.6104E-02   3.9167E-02 / 2.6104E-02   
1050   1.000E-04   3.9649E-02   2.5102E-02   3.9649E-02 / 2.5102E-02   
1060   1.000E-04   4.8800E-02   3.4211E-02   4.8800E-02 / 3.4211E-02   
1070   1.000E-04   3.7552E-02   2.4866E-02   3.7552E-02 / 2.4866E-02   
1080   1.000E-04   3.5741E-02   2.4676E-02   3.5741E-02 / 2.4676E-02   
1090   1.000E-04   3.7098E-02   2.5910E-02   3.7098E-02 / 2.5910E-02   
1100   1.000E-04   3.6195E-02   2.2802E-02   3.6195E-02 / 2.2802E-02   
1110   1.000E-04   4.4396E-02   3.4540E-02   4.4396E-02 / 3.4540E-02   
1120   1.000E-04   4.4237E-02   3.3052E-02   4.4237E-02 / 3.3052E-02   
1130   1.000E-04   3.7826E-02   2.8499E-02   3.7826E-02 / 2.8499E-02   
1140   1.000E-04   3.6078E-02   2.2634E-02   3.6078E-02 / 2.2634E-02   
1150   1.000E-04   3.6525E-02   2.3001E-02   3.6525E-02 / 2.3001E-02   
1160   1.000E-04   3.5765E-02   2.7296E-02   3.5765E-02 / 2.7296E-02   
1170   1.000E-04   4.6550E-02   3.7215E-02   4.6550E-02 / 3.7215E-02   
1180   1.000E-04   3.2794E-02   2.2698E-02   3.2794E-02 / 2.2698E-02   
1190   1.000E-04   3.4965E-02   2.3471E-02   3.4965E-02 / 2.3471E-02   
1200   1.000E-04   3.9701E-02   3.1878E-02   3.9701E-02 / 3.1878E-02   
1210   1.000E-04   3.5092E-02   2.4861E-02   3.5092E-02 / 2.4861E-02   
1220   1.000E-04   3.4166E-02   2.4007E-02   3.4166E-02 / 2.4007E-02   
1230   1.000E-04   3.3278E-02   2.5475E-02   3.3278E-02 / 2.5475E-02   
1240   1.000E-04   3.2326E-02   2.1393E-02   3.2326E-02 / 2.1393E-02   
1250   1.000E-04   3.2298E-02   2.3826E-02   3.2298E-02 / 2.3826E-02   
1260   1.000E-04   3.1633E-02   2.2109E-02   3.1633E-02 / 2.2109E-02   
1270   1.000E-04   3.5458E-02   2.2222E-02   3.5458E-02 / 2.2222E-02   
1280   1.000E-04   3.3286E-02   2.1419E-02   3.3286E-02 / 2.1419E-02   
1290   1.000E-04   3.3998E-02   2.6879E-02   3.3998E-02 / 2.6879E-02   
1300   1.000E-04   3.1990E-02   2.1522E-02   3.1990E-02 / 2.1522E-02   
1310   1.000E-04   3.7264E-02   3.1755E-02   3.7264E-02 / 3.1755E-02   
1320   1.000E-04   3.3345E-02   2.2356E-02   3.3345E-02 / 2.2356E-02   
1330   1.000E-04   4.3161E-02   3.3540E-02   4.3161E-02 / 3.3540E-02   
1340   1.000E-04   3.4336E-02   2.7030E-02   3.4336E-02 / 2.7030E-02   
1350   1.000E-04   3.0946E-02   2.2058E-02   3.0946E-02 / 2.2058E-02   
1360   1.000E-04   3.1144E-02   2.1455E-02   3.1144E-02 / 2.1455E-02   
1370   1.000E-04   4.3478E-02   3.2673E-02   4.3478E-02 / 3.2673E-02   
1380   1.000E-04   3.2932E-02   2.4654E-02   3.2932E-02 / 2.4654E-02   
1390   1.000E-04   3.0958E-02   2.3731E-02   3.0958E-02 / 2.3731E-02   
1400   1.000E-04   2.9573E-02   2.1634E-02   2.9573E-02 / 2.1634E-02   
1410   1.000E-04   3.4865E-02   2.4336E-02   3.4865E-02 / 2.4336E-02   
1420   1.000E-04   3.1009E-02   2.1460E-02   3.1009E-02 / 2.1460E-02   
1430   1.000E-04   2.9829E-02   2.1547E-02   2.9829E-02 / 2.1547E-02   
1440   1.000E-04   3.0219E-02   2.2744E-02   3.0219E-02 / 2.2744E-02   
1450   1.000E-04   8.5709E-02   7.3122E-02   8.5709E-02 / 7.3122E-02   
1460   1.000E-04   3.1258E-02   2.2828E-02   3.1258E-02 / 2.2828E-02   
1470   1.000E-04   3.0009E-02   2.0581E-02   3.0009E-02 / 2.0581E-02   
1480   1.000E-04   2.8885E-02   2.1991E-02   2.8885E-02 / 2.1991E-02   
1490   1.000E-04   3.2461E-02   2.2510E-02   3.2461E-02 / 2.2510E-02   
1500   1.000E-04   2.8897E-02   2.1715E-02   2.8897E-02 / 2.1715E-02   
1510   1.000E-04   3.0906E-02   2.1514E-02   3.0906E-02 / 2.1514E-02   
1520   1.000E-04   2.9969E-02   2.2400E-02   2.9969E-02 / 2.2400E-02   
1530   1.000E-04   2.8809E-02   2.0793E-02   2.8809E-02 / 2.0793E-02   
1540   1.000E-04   3.8356E-02   2.7428E-02   3.8356E-02 / 2.7428E-02   
1550   1.000E-04   2.9611E-02   2.0253E-02   2.9611E-02 / 2.0253E-02   
1560   1.000E-04   3.1108E-02   2.1936E-02   3.1108E-02 / 2.1936E-02   
1570   1.000E-04   4.5392E-02   3.9991E-02   4.5392E-02 / 3.9991E-02   
1580   1.000E-04   2.8811E-02   2.2135E-02   2.8811E-02 / 2.2135E-02   
1590   1.000E-04   2.9637E-02   2.1462E-02   2.9637E-02 / 2.1462E-02   
1600   1.000E-04   3.0176E-02   2.2893E-02   3.0176E-02 / 2.2893E-02   
1610   1.000E-04   2.9434E-02   2.0086E-02   2.9434E-02 / 2.0086E-02   
1620   1.000E-04   3.0350E-02   2.4806E-02   3.0350E-02 / 2.4806E-02   
1630   1.000E-04   5.7637E-02   5.3349E-02   5.7637E-02 / 5.3349E-02   
1640   1.000E-04   2.9060E-02   2.2723E-02   2.9060E-02 / 2.2723E-02   
1650   1.000E-04   3.0411E-02   2.4948E-02   3.0411E-02 / 2.4948E-02   
1660   1.000E-04   3.4893E-02   2.8970E-02   3.4893E-02 / 2.8970E-02   
1670   1.000E-04   3.6332E-02   2.4818E-02   3.6332E-02 / 2.4818E-02   
1680   1.000E-04   2.9153E-02   2.0823E-02   2.9153E-02 / 2.0823E-02   
1690   1.000E-04   2.9475E-02   2.2263E-02   2.9475E-02 / 2.2263E-02   
1700   1.000E-04   3.5600E-02   2.6538E-02   3.5600E-02 / 2.6538E-02   
1710   1.000E-04   3.3671E-02   2.8830E-02   3.3671E-02 / 2.8830E-02   
1720   1.000E-04   3.7333E-02   2.8078E-02   3.7333E-02 / 2.8078E-02   
1730   1.000E-04   3.1967E-02   2.3731E-02   3.1967E-02 / 2.3731E-02   
1740   1.000E-04   3.5877E-02   2.4117E-02   3.5877E-02 / 2.4117E-02   
1750   1.000E-04   2.6660E-02   1.9291E-02   2.6660E-02 / 1.9291E-02   
1760   1.000E-04   3.3217E-02   2.5540E-02   3.3217E-02 / 2.5540E-02   
1770   1.000E-04   2.6837E-02   1.9274E-02   2.6837E-02 / 1.9274E-02   
1780   1.000E-04   2.8930E-02   2.0385E-02   2.8930E-02 / 2.0385E-02   
1790   1.000E-04   2.7299E-02   2.0317E-02   2.7299E-02 / 2.0317E-02   
1800   1.000E-04   3.1328E-02   2.1316E-02   3.1328E-02 / 2.1316E-02   
1810   1.000E-04   2.9810E-02   2.1467E-02   2.9810E-02 / 2.1467E-02   
1820   1.000E-04   2.8858E-02   2.4442E-02   2.8858E-02 / 2.4442E-02   
1830   1.000E-04   3.4327E-02   2.7584E-02   3.4327E-02 / 2.7584E-02   
1840   1.000E-04   2.7230E-02   2.0228E-02   2.7230E-02 / 2.0228E-02   
1850   1.000E-04   3.5201E-02   2.7100E-02   3.5201E-02 / 2.7100E-02   
1860   1.000E-04   4.2205E-02   3.3659E-02   4.2205E-02 / 3.3659E-02   
1870   1.000E-04   2.6078E-02   1.9212E-02   2.6078E-02 / 1.9212E-02   
1880   1.000E-04   2.8196E-02   2.3234E-02   2.8196E-02 / 2.3234E-02   
1890   1.000E-04   7.0545E-02   6.2189E-02   7.0545E-02 / 6.2189E-02   
1900   1.000E-04   3.2997E-02   2.5604E-02   3.2997E-02 / 2.5604E-02   
1910   1.000E-04   2.6191E-02   2.0532E-02   2.6191E-02 / 2.0532E-02   
1920   1.000E-04   3.1097E-02   2.5268E-02   3.1097E-02 / 2.5268E-02   
1930   1.000E-04   2.7960E-02   2.2490E-02   2.7960E-02 / 2.2490E-02   
1940   1.000E-04   2.8023E-02   2.0106E-02   2.8023E-02 / 2.0106E-02   
1950   1.000E-04   2.6897E-02   2.1151E-02   2.6897E-02 / 2.1151E-02   
1960   1.000E-04   2.5990E-02   1.9757E-02   2.5990E-02 / 1.9757E-02   
1970   1.000E-04   3.8379E-02   2.8219E-02   3.8379E-02 / 2.8219E-02   
1980   1.000E-04   3.5694E-02   3.1704E-02   3.5694E-02 / 3.1704E-02   
1990   1.000E-04   2.8611E-02   2.3305E-02   2.8611E-02 / 2.3305E-02   
2000   1.000E-04   3.0661E-02   2.3495E-02   3.0661E-02 / 2.3495E-02   
2010   1.000E-04   4.7578E-02   3.5534E-02   4.7578E-02 / 3.5534E-02   
2020   1.000E-04   3.0584E-02   2.3499E-02   3.0584E-02 / 2.3499E-02   
2030   1.000E-04   2.5664E-02   1.9777E-02   2.5664E-02 / 1.9777E-02   
2040   1.000E-04   2.9494E-02   2.0426E-02   2.9494E-02 / 2.0426E-02   
2050   1.000E-04   2.5738E-02   2.0922E-02   2.5738E-02 / 2.0922E-02   
2060   1.000E-04   4.8918E-02   4.1821E-02   4.8918E-02 / 4.1821E-02   
2070   1.000E-04   2.9979E-02   2.0458E-02   2.9979E-02 / 2.0458E-02   
2080   1.000E-04   3.3794E-02   2.9308E-02   3.3794E-02 / 2.9308E-02   
2090   1.000E-04   2.9961E-02   2.3518E-02   2.9961E-02 / 2.3518E-02   
2100   1.000E-04   2.5895E-02   1.9499E-02   2.5895E-02 / 1.9499E-02   
2110   1.000E-04   2.8812E-02   2.2385E-02   2.8812E-02 / 2.2385E-02   
2120   1.000E-04   2.7943E-02   1.8938E-02   2.7943E-02 / 1.8938E-02   
2130   1.000E-04   2.6037E-02   1.8780E-02   2.6037E-02 / 1.8780E-02   
2140   1.000E-04   2.7344E-02   2.2876E-02   2.7344E-02 / 2.2876E-02   
2150   1.000E-04   2.8092E-02   2.0622E-02   2.8092E-02 / 2.0622E-02   
2160   1.000E-04   2.5778E-02   2.0549E-02   2.5778E-02 / 2.0549E-02   
2170   1.000E-04   2.6540E-02   2.0120E-02   2.6540E-02 / 2.0120E-02   
2180   1.000E-04   2.8393E-02   2.1908E-02   2.8393E-02 / 2.1908E-02   
2190   1.000E-04   2.5709E-02   2.1180E-02   2.5709E-02 / 2.1180E-02   
2200   1.000E-04   2.6226E-02   2.1062E-02   2.6226E-02 / 2.1062E-02   
2210   1.000E-04   2.4850E-02   1.8486E-02   2.4850E-02 / 1.8486E-02   
2220   1.000E-04   2.8687E-02   2.3622E-02   2.8687E-02 / 2.3622E-02   
2230   1.000E-04   2.4484E-02   1.9140E-02   2.4484E-02 / 1.9140E-02   
2240   1.000E-04   2.8856E-02   2.0636E-02   2.8856E-02 / 2.0636E-02   
2250   1.000E-04   5.2451E-02   4.7683E-02   5.2451E-02 / 4.7683E-02   
2260   1.000E-04   2.9807E-02   1.9962E-02   2.9807E-02 / 1.9962E-02   
2270   1.000E-04   3.7428E-02   3.0338E-02   3.7428E-02 / 3.0338E-02   
2280   1.000E-04   2.5799E-02   1.9406E-02   2.5799E-02 / 1.9406E-02   
2290   1.000E-04   2.6178E-02   2.1201E-02   2.6178E-02 / 2.1201E-02   
2300   1.000E-04   2.5143E-02   1.9329E-02   2.5143E-02 / 1.9329E-02   
2310   1.000E-04   2.7288E-02   1.9758E-02   2.7288E-02 / 1.9758E-02   
2320   1.000E-04   2.4222E-02   1.8016E-02   2.4222E-02 / 1.8016E-02   
2330   1.000E-04   3.0137E-02   2.5195E-02   3.0137E-02 / 2.5195E-02   
2340   1.000E-04   2.9543E-02   2.5300E-02   2.9543E-02 / 2.5300E-02   
2350   1.000E-04   3.3350E-02   2.9019E-02   3.3350E-02 / 2.9019E-02   
2360   1.000E-04   2.9271E-02   2.2245E-02   2.9271E-02 / 2.2245E-02   
2370   1.000E-04   2.3997E-02   1.9047E-02   2.3997E-02 / 1.9047E-02   
2380   1.000E-04   2.5824E-02   1.8578E-02   2.5824E-02 / 1.8578E-02   
2390   1.000E-04   3.0945E-02   2.7428E-02   3.0945E-02 / 2.7428E-02   
2400   1.000E-04   3.3008E-02   2.1319E-02   3.3008E-02 / 2.1319E-02   
2410   1.000E-04   3.4232E-02   2.4165E-02   3.4232E-02 / 2.4165E-02   
2420   1.000E-04   2.5238E-02   1.9342E-02   2.5238E-02 / 1.9342E-02   
2430   1.000E-04   2.4646E-02   1.9013E-02   2.4646E-02 / 1.9013E-02   
2440   1.000E-04   2.5574E-02   1.9656E-02   2.5574E-02 / 1.9656E-02   
2450   1.000E-04   2.5158E-02   2.0525E-02   2.5158E-02 / 2.0525E-02   
2460   1.000E-04   2.8061E-02   2.2791E-02   2.8061E-02 / 2.2791E-02   
2470   1.000E-04   2.3416E-02   1.7587E-02   2.3416E-02 / 1.7587E-02   
2480   1.000E-04   2.4842E-02   1.9896E-02   2.4842E-02 / 1.9896E-02   
2490   1.000E-04   2.6835E-02   1.9447E-02   2.6835E-02 / 1.9447E-02   
2500   1.000E-04   2.5951E-02   2.0783E-02   2.5951E-02 / 2.0783E-02   
2510   1.000E-04   3.5422E-02   2.7948E-02   3.5422E-02 / 2.7948E-02   
2520   1.000E-04   2.5093E-02   1.7699E-02   2.5093E-02 / 1.7699E-02   
2530   1.000E-04   3.0224E-02   2.2071E-02   3.0224E-02 / 2.2071E-02   
2540   1.000E-04   2.4463E-02   1.7562E-02   2.4463E-02 / 1.7562E-02   
2550   1.000E-04   2.4784E-02   2.0694E-02   2.4784E-02 / 2.0694E-02   
2560   1.000E-04   2.4026E-02   1.8263E-02   2.4026E-02 / 1.8263E-02   
2570   1.000E-04   3.5391E-02   2.8744E-02   3.5391E-02 / 2.8744E-02   
2580   1.000E-04   2.6391E-02   2.2637E-02   2.6391E-02 / 2.2637E-02   
2590   1.000E-04   2.9319E-02   2.0515E-02   2.9319E-02 / 2.0515E-02   
2600   1.000E-04   2.4692E-02   1.7405E-02   2.4692E-02 / 1.7405E-02   
2610   1.000E-04   2.3524E-02   1.8242E-02   2.3524E-02 / 1.8242E-02   
2620   1.000E-04   2.4722E-02   1.8125E-02   2.4722E-02 / 1.8125E-02   
2630   1.000E-04   2.6907E-02   2.2286E-02   2.6907E-02 / 2.2286E-02   
2640   1.000E-04   2.5807E-02   1.8851E-02   2.5807E-02 / 1.8851E-02   
2650   1.000E-04   2.4198E-02   1.8759E-02   2.4198E-02 / 1.8759E-02   
2660   1.000E-04   2.3539E-02   1.8946E-02   2.3539E-02 / 1.8946E-02   
2670   1.000E-04   2.3792E-02   1.7436E-02   2.3792E-02 / 1.7436E-02   
2680   1.000E-04   2.4723E-02   1.8590E-02   2.4723E-02 / 1.8590E-02   
2690   1.000E-04   2.4213E-02   1.9574E-02   2.4213E-02 / 1.9574E-02   
2700   1.000E-04   2.3046E-02   1.8477E-02   2.3046E-02 / 1.8477E-02   
2710   1.000E-04   2.6162E-02   2.0836E-02   2.6162E-02 / 2.0836E-02   
2720   1.000E-04   3.1171E-02   2.5724E-02   3.1171E-02 / 2.5724E-02   
2730   1.000E-04   2.6977E-02   2.3102E-02   2.6977E-02 / 2.3102E-02   
2740   1.000E-04   2.3820E-02   1.7460E-02   2.3820E-02 / 1.7460E-02   
2750   1.000E-04   2.2988E-02   1.7551E-02   2.2988E-02 / 1.7551E-02   
2760   1.000E-04   2.4389E-02   1.8158E-02   2.4389E-02 / 1.8158E-02   
2770   1.000E-04   3.4784E-02   3.1413E-02   3.4784E-02 / 3.1413E-02   
2780   1.000E-04   3.3743E-02   2.8537E-02   3.3743E-02 / 2.8537E-02   
2790   1.000E-04   2.2903E-02   1.8953E-02   2.2903E-02 / 1.8953E-02   
2800   1.000E-04   2.2685E-02   1.7746E-02   2.2685E-02 / 1.7746E-02   
2810   1.000E-04   4.0551E-02   2.9860E-02   4.0551E-02 / 2.9860E-02   
2820   1.000E-04   3.5691E-02   2.7499E-02   3.5691E-02 / 2.7499E-02   
2830   1.000E-04   2.3435E-02   1.7115E-02   2.3435E-02 / 1.7115E-02   
2840   1.000E-04   2.2004E-02   1.7698E-02   2.2004E-02 / 1.7698E-02   
2850   1.000E-04   2.2937E-02   1.8677E-02   2.2937E-02 / 1.8677E-02   
2860   1.000E-04   3.0139E-02   2.5511E-02   3.0139E-02 / 2.5511E-02   
2870   1.000E-04   2.4660E-02   1.8747E-02   2.4660E-02 / 1.8747E-02   
2880   1.000E-04   3.0764E-02   2.2744E-02   3.0764E-02 / 2.2744E-02   
2890   1.000E-04   2.2122E-02   1.7577E-02   2.2122E-02 / 1.7577E-02   
2900   1.000E-04   2.2258E-02   1.7854E-02   2.2258E-02 / 1.7854E-02   
2910   1.000E-04   2.3728E-02   1.7098E-02   2.3728E-02 / 1.7098E-02   
2920   1.000E-04   2.5055E-02   1.8782E-02   2.5055E-02 / 1.8782E-02   
2930   1.000E-04   2.3466E-02   1.9457E-02   2.3466E-02 / 1.9457E-02   
2940   1.000E-04   2.6909E-02   2.2326E-02   2.6909E-02 / 2.2326E-02   
2950   1.000E-04   2.8191E-02   2.0175E-02   2.8191E-02 / 2.0175E-02   
2960   1.000E-04   2.2955E-02   1.6866E-02   2.2955E-02 / 1.6866E-02   
2970   1.000E-04   2.3104E-02   1.9574E-02   2.3104E-02 / 1.9574E-02   
2980   1.000E-04   2.6326E-02   2.1128E-02   2.6326E-02 / 2.1128E-02   
2990   1.000E-04   2.7579E-02   2.1000E-02   2.7579E-02 / 2.1000E-02   
3000   1.000E-04   2.1888E-02   1.6231E-02   2.1888E-02 / 1.6231E-02   
===============================================================================================================
Saved model to models/phll_only/KCNN-24May11_20:13:31.pickle
