========== Dataset info ==========
Dataset params: {'file': '/home/ryley/WDK/ML/dataset/turbulence_dataset_clean.csv', 'Cases': ['case_0p5', 'case_0p8', 'case_1p0', 'case_1p2', 'case_1p5'], 'val_set': ['case_0p8'], 'test_set': ['case_1p2'], 'data_loader': <class 'tbnn.dataloaders.DeltaDataset'>}
Train/Valid/Test points: 4425 / 14751 / 14751
Memorization?: False
Cluster training?: False
EPOCH     LR        TRAIN         VALID             MSE:T/V                  RL:T/V             %NR_t/%NR_v
===============================================================================================================
  1   1.000E-04   1.8313E+00   1.7971E+00   1.8313E+00 / 1.7971E+00   
 10   1.000E-04   3.0371E-01   2.6463E-01   3.0371E-01 / 2.6463E-01   
 20   1.000E-04   2.6735E-01   2.2571E-01   2.6735E-01 / 2.2571E-01   
 30   1.000E-04   2.3805E-01   1.9742E-01   2.3805E-01 / 1.9742E-01   
 40   1.000E-04   2.1304E-01   1.7494E-01   2.1304E-01 / 1.7494E-01   
 50   1.000E-04   1.9663E-01   1.6055E-01   1.9663E-01 / 1.6055E-01   
 60   1.000E-04   1.9657E-01   1.5995E-01   1.9657E-01 / 1.5995E-01   
 70   1.000E-04   1.8370E-01   1.4950E-01   1.8370E-01 / 1.4950E-01   
 80   1.000E-04   1.7978E-01   1.4601E-01   1.7978E-01 / 1.4601E-01   
 90   1.000E-04   1.7916E-01   1.4384E-01   1.7916E-01 / 1.4384E-01   
100   1.000E-04   1.7556E-01   1.4286E-01   1.7556E-01 / 1.4286E-01   
110   1.000E-04   1.7001E-01   1.3605E-01   1.7001E-01 / 1.3605E-01   
120   1.000E-04   1.6737E-01   1.3411E-01   1.6737E-01 / 1.3411E-01   
130   1.000E-04   1.6932E-01   1.3746E-01   1.6932E-01 / 1.3746E-01   
140   1.000E-04   1.6457E-01   1.3234E-01   1.6457E-01 / 1.3234E-01   
150   1.000E-04   1.6285E-01   1.2996E-01   1.6285E-01 / 1.2996E-01   
160   1.000E-04   1.6123E-01   1.2947E-01   1.6123E-01 / 1.2947E-01   
170   1.000E-04   1.6486E-01   1.3213E-01   1.6486E-01 / 1.3213E-01   
180   1.000E-04   1.5894E-01   1.2721E-01   1.5894E-01 / 1.2721E-01   
190   1.000E-04   1.6289E-01   1.3053E-01   1.6289E-01 / 1.3053E-01   
200   1.000E-04   1.5695E-01   1.2573E-01   1.5695E-01 / 1.2573E-01   
210   1.000E-04   1.5557E-01   1.2546E-01   1.5557E-01 / 1.2546E-01   
220   1.000E-04   1.5632E-01   1.2694E-01   1.5632E-01 / 1.2694E-01   
230   1.000E-04   1.5361E-01   1.2349E-01   1.5361E-01 / 1.2349E-01   
240   1.000E-04   1.5270E-01   1.2324E-01   1.5270E-01 / 1.2324E-01   
250   1.000E-04   1.5677E-01   1.2605E-01   1.5677E-01 / 1.2605E-01   
260   1.000E-04   1.5265E-01   1.2297E-01   1.5265E-01 / 1.2297E-01   
270   1.000E-04   1.4967E-01   1.2100E-01   1.4967E-01 / 1.2100E-01   
280   1.000E-04   1.4968E-01   1.2044E-01   1.4968E-01 / 1.2044E-01   
290   1.000E-04   1.4750E-01   1.1882E-01   1.4750E-01 / 1.1882E-01   
300   1.000E-04   1.5526E-01   1.2901E-01   1.5526E-01 / 1.2901E-01   
310   1.000E-04   1.4557E-01   1.1790E-01   1.4557E-01 / 1.1790E-01   
320   1.000E-04   1.4633E-01   1.1825E-01   1.4633E-01 / 1.1825E-01   
330   1.000E-04   1.4585E-01   1.1975E-01   1.4585E-01 / 1.1975E-01   
340   1.000E-04   1.4424E-01   1.1865E-01   1.4424E-01 / 1.1865E-01   
350   1.000E-04   1.4387E-01   1.1891E-01   1.4387E-01 / 1.1891E-01   
360   1.000E-04   1.4053E-01   1.1566E-01   1.4053E-01 / 1.1566E-01   
370   1.000E-04   1.3817E-01   1.1316E-01   1.3817E-01 / 1.1316E-01   
380   1.000E-04   1.3726E-01   1.1298E-01   1.3726E-01 / 1.1298E-01   
390   1.000E-04   1.3851E-01   1.1381E-01   1.3851E-01 / 1.1381E-01   
400   1.000E-04   1.3729E-01   1.1290E-01   1.3729E-01 / 1.1290E-01   
410   1.000E-04   1.3781E-01   1.1418E-01   1.3781E-01 / 1.1418E-01   
420   1.000E-04   1.3421E-01   1.1256E-01   1.3421E-01 / 1.1256E-01   
430   1.000E-04   1.3323E-01   1.1094E-01   1.3323E-01 / 1.1094E-01   
440   1.000E-04   1.3121E-01   1.0983E-01   1.3121E-01 / 1.0983E-01   
450   1.000E-04   1.3032E-01   1.0974E-01   1.3032E-01 / 1.0974E-01   
460   1.000E-04   1.3057E-01   1.1092E-01   1.3057E-01 / 1.1092E-01   
470   1.000E-04   1.2883E-01   1.0902E-01   1.2883E-01 / 1.0902E-01   
480   1.000E-04   1.2808E-01   1.0883E-01   1.2808E-01 / 1.0883E-01   
490   1.000E-04   1.2751E-01   1.0879E-01   1.2751E-01 / 1.0879E-01   
500   1.000E-04   1.2706E-01   1.0928E-01   1.2706E-01 / 1.0928E-01   
510   1.000E-04   1.3013E-01   1.1116E-01   1.3013E-01 / 1.1116E-01   
520   1.000E-04   1.2546E-01   1.0788E-01   1.2546E-01 / 1.0788E-01   
530   1.000E-04   1.2493E-01   1.0836E-01   1.2493E-01 / 1.0836E-01   
540   1.000E-04   1.2486E-01   1.0771E-01   1.2486E-01 / 1.0771E-01   
550   1.000E-04   1.2367E-01   1.0734E-01   1.2367E-01 / 1.0734E-01   
560   1.000E-04   1.2322E-01   1.0720E-01   1.2322E-01 / 1.0720E-01   
570   1.000E-04   1.2332E-01   1.0782E-01   1.2332E-01 / 1.0782E-01   
580   1.000E-04   1.2223E-01   1.0639E-01   1.2223E-01 / 1.0639E-01   
590   1.000E-04   1.2198E-01   1.0583E-01   1.2198E-01 / 1.0583E-01   
600   1.000E-04   1.2157E-01   1.0581E-01   1.2157E-01 / 1.0581E-01   
610   1.000E-04   1.2117E-01   1.0644E-01   1.2117E-01 / 1.0644E-01   
620   1.000E-04   1.2084E-01   1.0572E-01   1.2084E-01 / 1.0572E-01   
630   1.000E-04   1.2168E-01   1.0559E-01   1.2168E-01 / 1.0559E-01   
640   1.000E-04   1.2064E-01   1.0590E-01   1.2064E-01 / 1.0590E-01   
650   1.000E-04   1.2428E-01   1.0770E-01   1.2428E-01 / 1.0770E-01   
660   1.000E-04   1.2074E-01   1.0505E-01   1.2074E-01 / 1.0505E-01   
670   1.000E-04   1.1903E-01   1.0437E-01   1.1903E-01 / 1.0437E-01   
680   1.000E-04   1.2393E-01   1.0751E-01   1.2393E-01 / 1.0751E-01   
690   1.000E-04   1.1904E-01   1.0361E-01   1.1904E-01 / 1.0361E-01   
700   1.000E-04   1.1859E-01   1.0428E-01   1.1859E-01 / 1.0428E-01   
710   1.000E-04   1.1769E-01   1.0262E-01   1.1769E-01 / 1.0262E-01   
720   1.000E-04   1.1937E-01   1.0535E-01   1.1937E-01 / 1.0535E-01   
730   1.000E-04   1.1800E-01   1.0355E-01   1.1800E-01 / 1.0355E-01   
740   1.000E-04   1.1726E-01   1.0177E-01   1.1726E-01 / 1.0177E-01   
750   1.000E-04   1.2060E-01   1.0445E-01   1.2060E-01 / 1.0445E-01   
760   1.000E-04   1.1733E-01   1.0186E-01   1.1733E-01 / 1.0186E-01   
770   1.000E-04   1.1846E-01   1.0240E-01   1.1846E-01 / 1.0240E-01   
780   1.000E-04   1.1860E-01   1.0390E-01   1.1860E-01 / 1.0390E-01   
790   1.000E-04   1.1656E-01   1.0208E-01   1.1656E-01 / 1.0208E-01   
800   1.000E-04   1.2616E-01   1.0942E-01   1.2616E-01 / 1.0942E-01   
810   1.000E-04   1.1664E-01   1.0206E-01   1.1664E-01 / 1.0206E-01   
820   1.000E-04   1.1519E-01   9.9940E-02   1.1519E-01 / 9.9940E-02   
830   1.000E-04   1.1534E-01   1.0055E-01   1.1534E-01 / 1.0055E-01   
840   1.000E-04   1.2158E-01   1.0778E-01   1.2158E-01 / 1.0778E-01   
850   1.000E-04   1.1451E-01   9.8929E-02   1.1451E-01 / 9.8929E-02   
860   1.000E-04   1.1403E-01   9.7977E-02   1.1403E-01 / 9.7977E-02   
870   1.000E-04   1.1419E-01   9.8709E-02   1.1419E-01 / 9.8709E-02   
880   1.000E-04   1.1658E-01   9.9832E-02   1.1658E-01 / 9.9832E-02   
890   1.000E-04   1.1354E-01   9.8337E-02   1.1354E-01 / 9.8337E-02   
900   1.000E-04   1.1289E-01   9.6794E-02   1.1289E-01 / 9.6794E-02   
910   1.000E-04   1.1437E-01   9.9558E-02   1.1437E-01 / 9.9558E-02   
920   1.000E-04   1.1274E-01   9.6793E-02   1.1274E-01 / 9.6793E-02   
930   1.000E-04   1.1531E-01   9.9729E-02   1.1531E-01 / 9.9729E-02   
940   1.000E-04   1.1433E-01   9.7570E-02   1.1433E-01 / 9.7570E-02   
950   1.000E-04   1.1289E-01   9.6630E-02   1.1289E-01 / 9.6630E-02   
960   1.000E-04   1.1170E-01   9.5646E-02   1.1170E-01 / 9.5646E-02   
970   1.000E-04   1.1167E-01   9.5579E-02   1.1167E-01 / 9.5579E-02   
980   1.000E-04   1.1734E-01   1.0042E-01   1.1734E-01 / 1.0042E-01   
990   1.000E-04   1.1068E-01   9.4575E-02   1.1068E-01 / 9.4575E-02   
1000   1.000E-04   1.1260E-01   9.7103E-02   1.1260E-01 / 9.7103E-02   
1010   1.000E-04   1.1164E-01   9.4572E-02   1.1164E-01 / 9.4572E-02   
1020   1.000E-04   1.0878E-01   9.2800E-02   1.0878E-01 / 9.2800E-02   
1030   1.000E-04   1.0966E-01   9.3310E-02   1.0966E-01 / 9.3310E-02   
1040   1.000E-04   1.0828E-01   9.1815E-02   1.0828E-01 / 9.1815E-02   
1050   1.000E-04   1.1363E-01   9.7727E-02   1.1363E-01 / 9.7727E-02   
1060   1.000E-04   1.0765E-01   9.1529E-02   1.0765E-01 / 9.1529E-02   
1070   1.000E-04   1.1791E-01   1.0211E-01   1.1791E-01 / 1.0211E-01   
1080   1.000E-04   1.0843E-01   9.1512E-02   1.0843E-01 / 9.1512E-02   
1090   1.000E-04   1.0687E-01   9.0448E-02   1.0687E-01 / 9.0448E-02   
1100   1.000E-04   1.1108E-01   9.4518E-02   1.1108E-01 / 9.4518E-02   
1110   1.000E-04   1.0681E-01   9.1033E-02   1.0681E-01 / 9.1033E-02   
1120   1.000E-04   1.0672E-01   9.0341E-02   1.0672E-01 / 9.0341E-02   
1130   1.000E-04   1.0775E-01   9.1979E-02   1.0775E-01 / 9.1979E-02   
1140   1.000E-04   1.0470E-01   8.9316E-02   1.0470E-01 / 8.9316E-02   
1150   1.000E-04   1.0605E-01   8.9803E-02   1.0605E-01 / 8.9803E-02   
1160   1.000E-04   1.0447E-01   8.8199E-02   1.0447E-01 / 8.8199E-02   
1170   1.000E-04   1.0533E-01   8.9222E-02   1.0533E-01 / 8.9222E-02   
1180   1.000E-04   1.0537E-01   9.0430E-02   1.0537E-01 / 9.0430E-02   
1190   1.000E-04   1.0283E-01   8.6937E-02   1.0283E-01 / 8.6937E-02   
1200   1.000E-04   1.0435E-01   8.8770E-02   1.0435E-01 / 8.8770E-02   
1210   1.000E-04   1.0153E-01   8.6302E-02   1.0153E-01 / 8.6302E-02   
1220   1.000E-04   1.0336E-01   8.7826E-02   1.0336E-01 / 8.7826E-02   
1230   1.000E-04   1.0490E-01   8.9228E-02   1.0490E-01 / 8.9228E-02   
1240   1.000E-04   1.0414E-01   9.0033E-02   1.0414E-01 / 9.0033E-02   
1250   1.000E-04   9.9954E-02   8.4686E-02   9.9954E-02 / 8.4686E-02   
1260   1.000E-04   1.0555E-01   9.0773E-02   1.0555E-01 / 9.0773E-02   
1270   1.000E-04   1.0244E-01   8.7020E-02   1.0244E-01 / 8.7020E-02   
1280   1.000E-04   1.0419E-01   8.9781E-02   1.0419E-01 / 8.9781E-02   
1290   1.000E-04   9.7796E-02   8.3427E-02   9.7796E-02 / 8.3427E-02   
1300   1.000E-04   1.0022E-01   8.5693E-02   1.0022E-01 / 8.5693E-02   
1310   1.000E-04   9.7013E-02   8.2489E-02   9.7013E-02 / 8.2489E-02   
1320   1.000E-04   9.9943E-02   8.6474E-02   9.9943E-02 / 8.6474E-02   
1330   1.000E-04   9.9405E-02   8.6255E-02   9.9405E-02 / 8.6255E-02   
1340   1.000E-04   9.7024E-02   8.3313E-02   9.7024E-02 / 8.3313E-02   
1350   1.000E-04   9.5725E-02   8.1511E-02   9.5725E-02 / 8.1511E-02   
1360   1.000E-04   9.4523E-02   8.0797E-02   9.4523E-02 / 8.0797E-02   
1370   1.000E-04   9.4730E-02   8.1602E-02   9.4730E-02 / 8.1602E-02   
1380   1.000E-04   9.4653E-02   8.2571E-02   9.4653E-02 / 8.2571E-02   
1390   1.000E-04   9.4631E-02   8.1608E-02   9.4631E-02 / 8.1608E-02   
1400   1.000E-04   9.5795E-02   8.3274E-02   9.5795E-02 / 8.3274E-02   
1410   1.000E-04   1.0122E-01   8.9963E-02   1.0122E-01 / 8.9963E-02   
1420   1.000E-04   9.7116E-02   8.4070E-02   9.7116E-02 / 8.4070E-02   
1430   1.000E-04   9.8459E-02   8.6750E-02   9.8459E-02 / 8.6750E-02   
1440   1.000E-04   9.4815E-02   8.3152E-02   9.4815E-02 / 8.3152E-02   
1450   1.000E-04   9.2018E-02   7.9774E-02   9.2018E-02 / 7.9774E-02   
1460   1.000E-04   9.3342E-02   8.2815E-02   9.3342E-02 / 8.2815E-02   
1470   1.000E-04   8.9182E-02   7.8616E-02   8.9182E-02 / 7.8616E-02   
1480   1.000E-04   9.1324E-02   8.0167E-02   9.1324E-02 / 8.0167E-02   
1490   1.000E-04   9.2564E-02   8.0844E-02   9.2564E-02 / 8.0844E-02   
1500   1.000E-04   9.3515E-02   8.1149E-02   9.3515E-02 / 8.1149E-02   
1510   1.000E-04   8.7500E-02   7.7313E-02   8.7500E-02 / 7.7313E-02   
1520   1.000E-04   9.9054E-02   8.6002E-02   9.9054E-02 / 8.6002E-02   
1530   1.000E-04   8.6964E-02   7.6855E-02   8.6964E-02 / 7.6855E-02   
1540   1.000E-04   8.8503E-02   7.8445E-02   8.8503E-02 / 7.8445E-02   
1550   1.000E-04   9.1873E-02   8.3240E-02   9.1873E-02 / 8.3240E-02   
1560   1.000E-04   8.5558E-02   7.7752E-02   8.5558E-02 / 7.7752E-02   
1570   1.000E-04   8.4617E-02   7.5050E-02   8.4617E-02 / 7.5050E-02   
1580   1.000E-04   8.8858E-02   8.0736E-02   8.8858E-02 / 8.0736E-02   
1590   1.000E-04   8.5365E-02   7.5890E-02   8.5365E-02 / 7.5890E-02   
1600   1.000E-04   8.4055E-02   7.5159E-02   8.4055E-02 / 7.5159E-02   
1610   1.000E-04   8.4071E-02   7.6903E-02   8.4071E-02 / 7.6903E-02   
1620   1.000E-04   8.3520E-02   7.5581E-02   8.3520E-02 / 7.5581E-02   
1630   1.000E-04   8.8210E-02   8.0980E-02   8.8210E-02 / 8.0980E-02   
1640   1.000E-04   8.4567E-02   7.6429E-02   8.4567E-02 / 7.6429E-02   
1650   1.000E-04   8.3267E-02   7.6369E-02   8.3267E-02 / 7.6369E-02   
1660   1.000E-04   8.3268E-02   7.4310E-02   8.3268E-02 / 7.4310E-02   
1670   1.000E-04   8.1322E-02   7.2146E-02   8.1322E-02 / 7.2146E-02   
1680   1.000E-04   8.6772E-02   7.8995E-02   8.6772E-02 / 7.8995E-02   
1690   1.000E-04   8.1681E-02   7.4737E-02   8.1681E-02 / 7.4737E-02   
1700   1.000E-04   7.7073E-02   6.9747E-02   7.7073E-02 / 6.9747E-02   
1710   1.000E-04   8.2508E-02   7.6247E-02   8.2508E-02 / 7.6247E-02   
1720   1.000E-04   8.2730E-02   7.6379E-02   8.2730E-02 / 7.6379E-02   
1730   1.000E-04   7.6221E-02   7.1273E-02   7.6221E-02 / 7.1273E-02   
1740   1.000E-04   7.5303E-02   6.9970E-02   7.5303E-02 / 6.9970E-02   
1750   1.000E-04   7.7353E-02   7.3387E-02   7.7353E-02 / 7.3387E-02   
1760   1.000E-04   7.3711E-02   6.7054E-02   7.3711E-02 / 6.7054E-02   
1770   1.000E-04   7.6877E-02   7.0248E-02   7.6877E-02 / 7.0248E-02   
1780   1.000E-04   7.2403E-02   6.6507E-02   7.2403E-02 / 6.6507E-02   
1790   1.000E-04   7.2519E-02   6.6152E-02   7.2519E-02 / 6.6152E-02   
1800   1.000E-04   7.1504E-02   6.5240E-02   7.1504E-02 / 6.5240E-02   
1810   1.000E-04   7.5735E-02   6.9665E-02   7.5735E-02 / 6.9665E-02   
1820   1.000E-04   8.3456E-02   7.3676E-02   8.3456E-02 / 7.3676E-02   
1830   1.000E-04   7.0391E-02   6.3305E-02   7.0391E-02 / 6.3305E-02   
1840   1.000E-04   7.4969E-02   7.0038E-02   7.4969E-02 / 7.0038E-02   
1850   1.000E-04   7.1953E-02   6.4798E-02   7.1953E-02 / 6.4798E-02   
1860   1.000E-04   6.9175E-02   6.4707E-02   6.9175E-02 / 6.4707E-02   
1870   1.000E-04   6.8182E-02   6.3835E-02   6.8182E-02 / 6.3835E-02   
1880   1.000E-04   7.0752E-02   6.6212E-02   7.0752E-02 / 6.6212E-02   
1890   1.000E-04   6.7289E-02   6.3420E-02   6.7289E-02 / 6.3420E-02   
1900   1.000E-04   6.7307E-02   5.9916E-02   6.7307E-02 / 5.9916E-02   
1910   1.000E-04   6.8391E-02   6.2801E-02   6.8391E-02 / 6.2801E-02   
1920   1.000E-04   6.5817E-02   6.2854E-02   6.5817E-02 / 6.2854E-02   
1930   1.000E-04   6.5042E-02   6.1572E-02   6.5042E-02 / 6.1572E-02   
1940   1.000E-04   6.2885E-02   5.7467E-02   6.2885E-02 / 5.7467E-02   
1950   1.000E-04   6.4719E-02   6.2781E-02   6.4719E-02 / 6.2781E-02   
1960   1.000E-04   6.8612E-02   6.5502E-02   6.8612E-02 / 6.5502E-02   
1970   1.000E-04   8.1602E-02   7.2557E-02   8.1602E-02 / 7.2557E-02   
1980   1.000E-04   6.9788E-02   6.7642E-02   6.9788E-02 / 6.7642E-02   
1990   1.000E-04   6.3223E-02   5.9310E-02   6.3223E-02 / 5.9310E-02   
2000   1.000E-04   5.9428E-02   5.5375E-02   5.9428E-02 / 5.5375E-02   
2010   1.000E-04   6.0095E-02   5.7191E-02   6.0095E-02 / 5.7191E-02   
2020   1.000E-04   8.1879E-02   7.7400E-02   8.1879E-02 / 7.7400E-02   
2030   1.000E-04   6.4096E-02   5.8438E-02   6.4096E-02 / 5.8438E-02   
2040   1.000E-04   9.9777E-02   8.6912E-02   9.9777E-02 / 8.6912E-02   
2050   1.000E-04   6.1359E-02   6.0048E-02   6.1359E-02 / 6.0048E-02   
2060   1.000E-04   7.7045E-02   7.4621E-02   7.7045E-02 / 7.4621E-02   
2070   1.000E-04   5.7477E-02   5.4958E-02   5.7477E-02 / 5.4958E-02   
2080   1.000E-04   6.1712E-02   5.5185E-02   6.1712E-02 / 5.5185E-02   
2090   1.000E-04   5.5512E-02   5.1105E-02   5.5512E-02 / 5.1105E-02   
2100   1.000E-04   7.6329E-02   6.7719E-02   7.6329E-02 / 6.7719E-02   
2110   1.000E-04   5.4432E-02   5.1080E-02   5.4432E-02 / 5.1080E-02   
2120   1.000E-04   5.6915E-02   5.0465E-02   5.6915E-02 / 5.0465E-02   
2130   1.000E-04   8.7749E-02   7.8476E-02   8.7749E-02 / 7.8476E-02   
2140   1.000E-04   5.7688E-02   5.3987E-02   5.7688E-02 / 5.3987E-02   
2150   1.000E-04   5.3579E-02   4.8485E-02   5.3579E-02 / 4.8485E-02   
2160   1.000E-04   5.8043E-02   5.3108E-02   5.8043E-02 / 5.3108E-02   
2170   1.000E-04   5.3637E-02   4.8951E-02   5.3637E-02 / 4.8951E-02   
2180   1.000E-04   5.3600E-02   4.8997E-02   5.3600E-02 / 4.8997E-02   
2190   1.000E-04   5.2115E-02   4.8163E-02   5.2115E-02 / 4.8163E-02   
2200   1.000E-04   5.1541E-02   4.7184E-02   5.1541E-02 / 4.7184E-02   
2210   1.000E-04   5.1839E-02   4.7501E-02   5.1839E-02 / 4.7501E-02   
2220   1.000E-04   5.4270E-02   4.8692E-02   5.4270E-02 / 4.8692E-02   
2230   1.000E-04   8.0059E-02   6.8135E-02   8.0059E-02 / 6.8135E-02   
2240   1.000E-04   5.6114E-02   5.3414E-02   5.6114E-02 / 5.3414E-02   
2250   1.000E-04   5.0951E-02   4.6067E-02   5.0951E-02 / 4.6067E-02   
2260   1.000E-04   5.0422E-02   4.5952E-02   5.0422E-02 / 4.5952E-02   
2270   1.000E-04   4.9398E-02   4.5541E-02   4.9398E-02 / 4.5541E-02   
2280   1.000E-04   5.1245E-02   4.7579E-02   5.1245E-02 / 4.7579E-02   
2290   1.000E-04   4.9887E-02   4.5920E-02   4.9887E-02 / 4.5920E-02   
2300   1.000E-04   5.3820E-02   4.7464E-02   5.3820E-02 / 4.7464E-02   
2310   1.000E-04   5.1402E-02   4.4426E-02   5.1402E-02 / 4.4426E-02   
2320   1.000E-04   6.5209E-02   6.2980E-02   6.5209E-02 / 6.2980E-02   
2330   1.000E-04   6.8652E-02   5.5991E-02   6.8652E-02 / 5.5991E-02   
2340   1.000E-04   6.4831E-02   5.7143E-02   6.4831E-02 / 5.7143E-02   
2350   1.000E-04   7.7436E-02   7.3856E-02   7.7436E-02 / 7.3856E-02   
2360   1.000E-04   5.5753E-02   4.9005E-02   5.5753E-02 / 4.9005E-02   
2370   1.000E-04   5.0189E-02   4.4992E-02   5.0189E-02 / 4.4992E-02   
2380   1.000E-04   5.1179E-02   4.4742E-02   5.1179E-02 / 4.4742E-02   
2390   1.000E-04   4.7898E-02   4.3429E-02   4.7898E-02 / 4.3429E-02   
2400   1.000E-04   7.1199E-02   6.2908E-02   7.1199E-02 / 6.2908E-02   
2410   1.000E-04   5.6016E-02   4.8835E-02   5.6016E-02 / 4.8835E-02   
2420   1.000E-04   5.1489E-02   4.7086E-02   5.1489E-02 / 4.7086E-02   
2430   1.000E-04   4.8860E-02   4.5086E-02   4.8860E-02 / 4.5086E-02   
2440   1.000E-04   5.0651E-02   4.3708E-02   5.0651E-02 / 4.3708E-02   
2450   1.000E-04   5.5908E-02   4.7964E-02   5.5908E-02 / 4.7964E-02   
2460   1.000E-04   5.0305E-02   4.6603E-02   5.0305E-02 / 4.6603E-02   
2470   1.000E-04   4.8679E-02   4.4796E-02   4.8679E-02 / 4.4796E-02   
2480   1.000E-04   4.9104E-02   4.3660E-02   4.9104E-02 / 4.3660E-02   
2490   1.000E-04   5.1812E-02   4.8433E-02   5.1812E-02 / 4.8433E-02   
2500   1.000E-04   5.1902E-02   4.6921E-02   5.1902E-02 / 4.6921E-02   
2510   1.000E-04   8.4295E-02   7.0990E-02   8.4295E-02 / 7.0990E-02   
2520   1.000E-04   4.9295E-02   4.4704E-02   4.9295E-02 / 4.4704E-02   
2530   1.000E-04   4.7458E-02   4.2680E-02   4.7458E-02 / 4.2680E-02   
2540   1.000E-04   4.9211E-02   4.2184E-02   4.9211E-02 / 4.2184E-02   
2550   1.000E-04   5.5076E-02   4.8315E-02   5.5076E-02 / 4.8315E-02   
2560   1.000E-04   5.9895E-02   5.6260E-02   5.9895E-02 / 5.6260E-02   
2570   1.000E-04   5.4279E-02   4.9412E-02   5.4279E-02 / 4.9412E-02   
2580   1.000E-04   4.6606E-02   4.1805E-02   4.6606E-02 / 4.1805E-02   
2590   1.000E-04   4.6730E-02   4.0343E-02   4.6730E-02 / 4.0343E-02   
2600   1.000E-04   4.6761E-02   4.0691E-02   4.6761E-02 / 4.0691E-02   
2610   1.000E-04   7.0093E-02   6.6212E-02   7.0093E-02 / 6.6212E-02   
2620   1.000E-04   4.9338E-02   4.5652E-02   4.9338E-02 / 4.5652E-02   
2630   1.000E-04   4.8408E-02   4.4453E-02   4.8408E-02 / 4.4453E-02   
2640   1.000E-04   5.2038E-02   4.6948E-02   5.2038E-02 / 4.6948E-02   
2650   1.000E-04   6.4051E-02   6.0647E-02   6.4051E-02 / 6.0647E-02   
2660   1.000E-04   5.2752E-02   4.3687E-02   5.2752E-02 / 4.3687E-02   
2670   1.000E-04   5.1926E-02   4.7152E-02   5.1926E-02 / 4.7152E-02   
2680   1.000E-04   4.7017E-02   4.0956E-02   4.7017E-02 / 4.0956E-02   
2690   1.000E-04   4.9861E-02   4.3159E-02   4.9861E-02 / 4.3159E-02   
2700   1.000E-04   4.6118E-02   4.1463E-02   4.6118E-02 / 4.1463E-02   
2710   1.000E-04   4.5931E-02   4.1103E-02   4.5931E-02 / 4.1103E-02   
2720   1.000E-04   4.7586E-02   4.0054E-02   4.7586E-02 / 4.0054E-02   
2730   1.000E-04   5.9227E-02   5.5440E-02   5.9227E-02 / 5.5440E-02   
2740   1.000E-04   4.5257E-02   3.9930E-02   4.5257E-02 / 3.9930E-02   
2750   1.000E-04   4.5221E-02   3.9646E-02   4.5221E-02 / 3.9646E-02   
2760   1.000E-04   6.0289E-02   5.5195E-02   6.0289E-02 / 5.5195E-02   
2770   1.000E-04   5.0826E-02   4.2663E-02   5.0826E-02 / 4.2663E-02   
2780   1.000E-04   6.0971E-02   5.7330E-02   6.0971E-02 / 5.7330E-02   
2790   1.000E-04   4.6341E-02   3.9216E-02   4.6341E-02 / 3.9216E-02   
2800   1.000E-04   4.6730E-02   4.2751E-02   4.6730E-02 / 4.2751E-02   
2810   1.000E-04   5.3711E-02   4.9664E-02   5.3711E-02 / 4.9664E-02   
2820   1.000E-04   4.5986E-02   4.1200E-02   4.5986E-02 / 4.1200E-02   
2830   1.000E-04   4.5859E-02   3.9024E-02   4.5859E-02 / 3.9024E-02   
2840   1.000E-04   4.6331E-02   4.0472E-02   4.6331E-02 / 4.0472E-02   
2850   1.000E-04   7.5316E-02   7.0846E-02   7.5316E-02 / 7.0846E-02   
2860   1.000E-04   4.6987E-02   3.8816E-02   4.6987E-02 / 3.8816E-02   
2870   1.000E-04   4.6356E-02   4.0469E-02   4.6356E-02 / 4.0469E-02   
2880   1.000E-04   5.1432E-02   4.4241E-02   5.1432E-02 / 4.4241E-02   
2890   1.000E-04   4.5100E-02   3.8695E-02   4.5100E-02 / 3.8695E-02   
2900   1.000E-04   4.7038E-02   4.0650E-02   4.7038E-02 / 4.0650E-02   
2910   1.000E-04   4.9566E-02   4.4923E-02   4.9566E-02 / 4.4923E-02   
2920   1.000E-04   4.8944E-02   4.1975E-02   4.8944E-02 / 4.1975E-02   
2930   1.000E-04   5.0738E-02   4.5367E-02   5.0738E-02 / 4.5367E-02   
2940   1.000E-04   4.4682E-02   3.9184E-02   4.4682E-02 / 3.9184E-02   
2950   1.000E-04   4.4995E-02   3.7585E-02   4.4995E-02 / 3.7585E-02   
2960   1.000E-04   6.7132E-02   6.2486E-02   6.7132E-02 / 6.2486E-02   
2970   1.000E-04   5.6945E-02   4.7860E-02   5.6945E-02 / 4.7860E-02   
2980   1.000E-04   5.1443E-02   4.3011E-02   5.1443E-02 / 4.3011E-02   
2990   1.000E-04   4.7480E-02   4.3057E-02   4.7480E-02 / 4.3057E-02   
3000   1.000E-04   4.9716E-02   4.5744E-02   4.9716E-02 / 4.5744E-02   
===============================================================================================================
Saved model to models/phll_only/KCNN-24May27_20:22:34.pickle
