========== Dataset info ==========
Dataset params: {'file': '/home/ryley/WDK/ML/dataset/turbulence_dataset_clean.csv', 'Cases': ['case_0p5', 'case_0p8', 'case_1p0', 'case_1p2', 'case_1p5'], 'val_set': ['case_0p8'], 'test_set': ['case_1p2'], 'data_loader': <class 'tbnn.dataloaders.aDataset'>}
Train/Valid/Test points: 44253 / 14751 / 14751
Memorization?: False
EPOCH     LR        TRAIN         VALID             MSE:T/V                  RL:T/V             %NR_t/%NR_v
===============================================================================================================
  1   1.000E-04   4.7849E-03   4.3638E-03   4.7743E-03 / 4.3188E-03   7.3932E-06 / 3.2449E-05   0.11% / 0.12%
 10   1.000E-04   1.9509E-03   1.6618E-03   1.9334E-03 / 1.6311E-03   1.2287E-05 / 2.2145E-05   3.23% / 2.98%
 20   1.000E-04   1.3345E-03   1.1364E-03   1.3324E-03 / 1.1069E-03   1.4918E-06 / 2.1288E-05   0.64% / 0.40%
 30   1.000E-04   1.1641E-03   9.7163E-04   1.1626E-03 / 9.3963E-04   1.0070E-06 / 2.3084E-05   0.35% / 0.28%
 40   1.000E-04   1.0345E-03   8.6656E-04   1.0330E-03 / 8.3562E-04   1.0804E-06 / 2.2319E-05   0.20% / 0.31%
 50   1.000E-04   9.4383E-04   7.8150E-04   9.4033E-04 / 7.4530E-04   2.4600E-06 / 2.6114E-05   0.38% / 0.40%
 60   1.000E-04   8.8456E-04   7.3340E-04   8.8286E-04 / 7.0267E-04   1.1950E-06 / 2.2168E-05   0.25% / 0.28%
 70   1.000E-04   8.2738E-04   6.9614E-04   8.2544E-04 / 6.6394E-04   1.3671E-06 / 2.3227E-05   0.89% / 0.89%
 80   1.000E-04   8.0768E-04   6.5484E-04   8.0727E-04 / 6.2553E-04   2.8451E-07 / 2.1143E-05   0.28% / 0.12%
 90   1.000E-04   7.5088E-04   6.1120E-04   7.4873E-04 / 5.7975E-04   1.5131E-06 / 2.2687E-05   0.24% / 0.28%
100   1.000E-04   7.1662E-04   5.7603E-04   7.1585E-04 / 5.4622E-04   5.4078E-07 / 2.1502E-05   0.25% / 0.14%
110   1.000E-04   6.9455E-04   5.4747E-04   6.9365E-04 / 5.1769E-04   6.2642E-07 / 2.1479E-05   0.11% / 0.14%
120   1.000E-04   6.7134E-04   5.5276E-04   6.6815E-04 / 5.1940E-04   2.2359E-06 / 2.4065E-05   1.05% / 0.65%
130   1.000E-04   6.5338E-04   5.2284E-04   6.5276E-04 / 4.9252E-04   4.3437E-07 / 2.1877E-05   0.26% / 0.31%
140   1.000E-04   6.3018E-04   5.2329E-04   6.2933E-04 / 4.9292E-04   5.9778E-07 / 2.1911E-05   0.63% / 0.52%
150   1.000E-04   6.0654E-04   4.8117E-04   6.0246E-04 / 4.4623E-04   2.8629E-06 / 2.5206E-05   1.39% / 1.17%
160   1.000E-04   5.9310E-04   4.6333E-04   5.9218E-04 / 4.3260E-04   6.5041E-07 / 2.2169E-05   0.17% / 0.21%
170   1.000E-04   5.7674E-04   4.7132E-04   5.7639E-04 / 4.4179E-04   2.4055E-07 / 2.1298E-05   0.59% / 0.54%
180   1.000E-04   5.5422E-04   4.4880E-04   5.5233E-04 / 4.1561E-04   1.3312E-06 / 2.3943E-05   0.49% / 0.47%
190   1.000E-04   5.8960E-04   4.7676E-04   5.8901E-04 / 4.4721E-04   4.1275E-07 / 2.1317E-05   0.69% / 0.62%
200   1.000E-04   5.3409E-04   4.4781E-04   5.2378E-04 / 4.0421E-04   7.2400E-06 / 3.1448E-05   1.52% / 1.49%
210   1.000E-04   5.2012E-04   4.5779E-04   5.1966E-04 / 4.2790E-04   3.2627E-07 / 2.1560E-05   0.36% / 0.22%
220   1.000E-04   4.9334E-04   4.2808E-04   4.9167E-04 / 3.9693E-04   1.1751E-06 / 2.2473E-05   0.38% / 0.41%
230   1.000E-04   4.7995E-04   4.1412E-04   4.7853E-04 / 3.8284E-04   9.9742E-07 / 2.2565E-05   0.28% / 0.41%
240   1.000E-04   4.7025E-04   4.1467E-04   4.6981E-04 / 3.8462E-04   3.0882E-07 / 2.1677E-05   0.12% / 0.19%
250   1.000E-04   5.0014E-04   5.0421E-04   4.8760E-04 / 4.5304E-04   8.8033E-06 / 3.6909E-05   2.51% / 2.46%
260   1.000E-04   4.4764E-04   4.0808E-04   4.3565E-04 / 3.6531E-04   8.4143E-06 / 3.0853E-05   1.78% / 1.82%
270   1.000E-04   4.3076E-04   3.9188E-04   4.3039E-04 / 3.6133E-04   2.5483E-07 / 2.2038E-05   0.53% / 0.51%
280   1.000E-04   4.0974E-04   3.7796E-04   4.0943E-04 / 3.4766E-04   2.1795E-07 / 2.1853E-05   0.21% / 0.21%
290   1.000E-04   4.1483E-04   4.0216E-04   4.1454E-04 / 3.7197E-04   2.0943E-07 / 2.1777E-05   0.19% / 0.25%
300   1.000E-04   3.9424E-04   3.7156E-04   3.9404E-04 / 3.4201E-04   1.3941E-07 / 2.1317E-05   0.12% / 0.18%
310   1.000E-04   3.9824E-04   3.7308E-04   3.9806E-04 / 3.4349E-04   1.2467E-07 / 2.1345E-05   0.17% / 0.14%
320   1.000E-04   3.7520E-04   3.7132E-04   3.7475E-04 / 3.4034E-04   3.1404E-07 / 2.2351E-05   0.35% / 0.37%
330   1.000E-04   3.6485E-04   3.4700E-04   3.6460E-04 / 3.1725E-04   1.7578E-07 / 2.1456E-05   0.16% / 0.17%
340   1.000E-04   3.7712E-04   3.7732E-04   3.7688E-04 / 3.4752E-04   1.7295E-07 / 2.1494E-05   0.12% / 0.22%
350   1.000E-04   3.4666E-04   3.4990E-04   3.4595E-04 / 3.1912E-04   4.9755E-07 / 2.2198E-05   0.36% / 0.35%
360   1.000E-04   3.3784E-04   3.5981E-04   3.3726E-04 / 3.2890E-04   4.0294E-07 / 2.2298E-05   0.25% / 0.31%
370   1.000E-04   3.2376E-04   3.3451E-04   3.2341E-04 / 3.0440E-04   2.4109E-07 / 2.1717E-05   0.26% / 0.32%
380   1.000E-04   3.1253E-04   3.3079E-04   3.1236E-04 / 3.0118E-04   1.2409E-07 / 2.1357E-05   0.07% / 0.12%
390   1.000E-04   3.1439E-04   3.3900E-04   3.1415E-04 / 3.0913E-04   1.6778E-07 / 2.1549E-05   0.15% / 0.31%
400   1.000E-04   3.1405E-04   3.3855E-04   3.0977E-04 / 3.0144E-04   3.0064E-06 / 2.6766E-05   0.95% / 1.11%
410   1.000E-04   2.9989E-04   3.3364E-04   2.9974E-04 / 3.0421E-04   1.0611E-07 / 2.1237E-05   0.11% / 0.17%
420   1.000E-04   3.4165E-04   3.5952E-04   3.4159E-04 / 3.3068E-04   4.3401E-08 / 2.0804E-05   0.05% / 0.04%
430   1.000E-04   2.8651E-04   3.5245E-04   2.8589E-04 / 3.2154E-04   4.3263E-07 / 2.2298E-05   0.31% / 0.30%
440   1.000E-04   2.8986E-04   3.3887E-04   2.8158E-04 / 2.9633E-04   5.8122E-06 / 3.0686E-05   1.00% / 1.24%
450   1.000E-04   2.7327E-04   3.2374E-04   2.7313E-04 / 2.9466E-04   1.0181E-07 / 2.0976E-05   0.15% / 0.14%
460   1.000E-04   2.6275E-04   3.1876E-04   2.6241E-04 / 2.8901E-04   2.3731E-07 / 2.1464E-05   0.25% / 0.28%
470   1.000E-04   2.5822E-04   3.1672E-04   2.5670E-04 / 2.8407E-04   1.0717E-06 / 2.3555E-05   0.65% / 0.86%
480   1.000E-04   2.4770E-04   3.1201E-04   2.4755E-04 / 2.8258E-04   1.0967E-07 / 2.1227E-05   0.11% / 0.14%
490   1.000E-04   2.5120E-04   3.1930E-04   2.5112E-04 / 2.9023E-04   5.9001E-08 / 2.0972E-05   0.07% / 0.12%
500   1.000E-04   2.5545E-04   3.2503E-04   2.5527E-04 / 2.9567E-04   1.2789E-07 / 2.1175E-05   0.19% / 0.20%
510   1.000E-04   2.5914E-04   3.2280E-04   2.5898E-04 / 2.9373E-04   1.1817E-07 / 2.0968E-05   0.15% / 0.16%
520   1.000E-04   2.3168E-04   3.2171E-04   2.3147E-04 / 2.9221E-04   1.5249E-07 / 2.1278E-05   0.24% / 0.23%
530   1.000E-04   2.3851E-04   3.2963E-04   2.3794E-04 / 2.9904E-04   4.0011E-07 / 2.2065E-05   0.34% / 0.42%
540   1.000E-04   2.6405E-04   3.5006E-04   2.6399E-04 / 3.2106E-04   4.0724E-08 / 2.0920E-05   0.09% / 0.09%
550   1.000E-04   2.1708E-04   3.0238E-04   2.1695E-04 / 2.7323E-04   8.6543E-08 / 2.1029E-05   0.09% / 0.14%
560   1.000E-04   2.2471E-04   3.1493E-04   2.2463E-04 / 2.8558E-04   6.1900E-08 / 2.1174E-05   0.12% / 0.13%
570   1.000E-04   2.2760E-04   3.0585E-04   2.2713E-04 / 2.7535E-04   3.3536E-07 / 2.2005E-05   0.21% / 0.30%
580   1.000E-04   2.2649E-04   3.2941E-04   2.2642E-04 / 3.0052E-04   4.9745E-08 / 2.0839E-05   0.14% / 0.06%
590   1.000E-04   2.1225E-04   3.1762E-04   2.1186E-04 / 2.8710E-04   2.7910E-07 / 2.2020E-05   0.25% / 0.36%
600   1.000E-04   2.0858E-04   3.0400E-04   2.0849E-04 / 2.7479E-04   6.3999E-08 / 2.1070E-05   0.08% / 0.10%
610   1.000E-04   2.1080E-04   3.0504E-04   2.1068E-04 / 2.7588E-04   8.0162E-08 / 2.1036E-05   0.07% / 0.09%
620   1.000E-04   2.1150E-04   3.0685E-04   2.1146E-04 / 2.7799E-04   2.5675E-08 / 2.0817E-05   0.10% / 0.08%
630   1.000E-04   2.0410E-04   3.1469E-04   2.0400E-04 / 2.8564E-04   6.4868E-08 / 2.0955E-05   0.24% / 0.14%
640   1.000E-04   1.9423E-04   3.0176E-04   1.9328E-04 / 2.6948E-04   6.7000E-07 / 2.3287E-05   0.38% / 0.52%
650   1.000E-04   2.1998E-04   3.2014E-04   2.1980E-04 / 2.9090E-04   1.2805E-07 / 2.1095E-05   0.18% / 0.24%
===============================================================================================================
Saved model to models/phll_only/model_TBNNiii_7x40.pickle
===================================
=====PERIODIC HILLS EVALUATION=====
===================================
========== Dataset info ==========
Dataset params: {'file': '/home/ryley/WDK/ML/dataset/turbulence_dataset_clean.csv', 'Cases': ['case_0p5', 'case_0p8', 'case_1p0', 'case_1p2', 'case_1p5'], 'val_set': ['case_0p8'], 'test_set': ['case_1p2'], 'data_loader': <class 'tbnn.dataloaders.aDataset'>}
Train/Valid/Test points: 44253 / 14751 / 14751
Memorization?: False
Final model performance:
======= Training =======
aLoss:   2.0204E-04
mse_b:   1.4141E-03
realzLoss: 8.0659E-08
%unrealiz: 0.0678%
mse_a (khat):   2.0193E-04
======= Validation =======
aLoss:   2.7790E-04
mse_b:   1.3424E-03
realzLoss: 2.1253E-05
%unrealiz: 0.1288%
mse_a (khat):   3.2915E-04
======= Testing =======
aLoss:   2.1787E-04
mse_b:   1.3338E-03
realzLoss: 6.7532E-09
%unrealiz: 0.0271%
mse_a (khat):   7.9111E-04
[dataFoam] Writing nut_L to file /home/ryley/WDK/ML/scratch/injection/case_1p2_phll_only/0/nut_L
[dataFoam] Writing aperp to file /home/ryley/WDK/ML/scratch/injection/case_1p2_phll_only/0/aperp
