========== Dataset info ==========
Dataset params: {'file': '/home/ryley/WDK/ML/dataset/turbulence_dataset_clean.csv', 'Cases': ['fp_1000', 'fp_1410', 'fp_2000', 'fp_2540', 'fp_3030', 'fp_3270', 'fp_3630', 'fp_3970', 'fp_4060'], 'val_set': ['fp_3030', 'fp_1410', 'fp_4060'], 'test_set': ['fp_3630'], 'data_loader': <class 'tbnn.dataloaders.DeltaDataset'>}
Train/Valid/Test points: 76 / 468 / 168
Memorization?: False
Cluster training?: False
EPOCH     LR        TRAIN         VALID             MSE:T/V                  RL:T/V             %NR_t/%NR_v
===============================================================================================================
  1   5.000E-04   2.3286E+00   2.1623E+00   2.3286E+00 / 2.1623E+00   
 10   5.000E-04   2.1866E+00   2.0180E+00   2.1866E+00 / 2.0180E+00   
 20   5.000E-04   1.9328E+00   1.7623E+00   1.9328E+00 / 1.7623E+00   
 30   5.000E-04   1.3771E+00   1.2104E+00   1.3771E+00 / 1.2104E+00   
 40   5.000E-04   3.9137E-01   3.1151E-01   3.9137E-01 / 3.1151E-01   
 50   5.000E-04   2.0157E-01   2.5952E-01   2.0157E-01 / 2.5952E-01   
 60   5.000E-04   1.7591E-01   2.1833E-01   1.7591E-01 / 2.1833E-01   
 70   5.000E-04   1.5308E-01   1.9234E-01   1.5308E-01 / 1.9234E-01   
 80   5.000E-04   1.2676E-01   1.7004E-01   1.2676E-01 / 1.7004E-01   
 90   5.000E-04   1.0103E-01   1.6376E-01   1.0103E-01 / 1.6376E-01   
100   5.000E-04   7.5833E-02   1.2920E-01   7.5833E-02 / 1.2920E-01   
110   5.000E-04   5.6376E-02   1.0509E-01   5.6376E-02 / 1.0509E-01   
120   5.000E-04   4.9378E-02   8.6407E-02   4.9378E-02 / 8.6407E-02   
130   5.000E-04   4.0166E-02   7.9411E-02   4.0166E-02 / 7.9411E-02   
140   5.000E-04   3.7279E-02   7.0649E-02   3.7279E-02 / 7.0649E-02   
150   5.000E-04   3.5928E-02   6.7570E-02   3.5928E-02 / 6.7570E-02   
160   5.000E-04   3.5668E-02   6.7150E-02   3.5668E-02 / 6.7150E-02   
170   5.000E-04   3.3943E-02   6.2982E-02   3.3943E-02 / 6.2982E-02   
180   5.000E-04   3.4275E-02   6.2397E-02   3.4275E-02 / 6.2397E-02   
190   5.000E-04   3.3016E-02   6.3037E-02   3.3016E-02 / 6.3037E-02   
200   5.000E-04   3.1882E-02   6.0562E-02   3.1882E-02 / 6.0562E-02   
210   5.000E-04   3.1125E-02   5.8273E-02   3.1125E-02 / 5.8273E-02   
220   5.000E-04   3.1260E-02   5.8454E-02   3.1260E-02 / 5.8454E-02   
230   5.000E-04   3.2360E-02   5.9844E-02   3.2360E-02 / 5.9844E-02   
240   5.000E-04   2.9130E-02   5.3930E-02   2.9130E-02 / 5.3930E-02   
250   5.000E-04   2.9377E-02   5.5073E-02   2.9377E-02 / 5.5073E-02   
260   5.000E-04   2.7978E-02   5.2891E-02   2.7978E-02 / 5.2891E-02   
270   5.000E-04   2.7695E-02   5.1243E-02   2.7695E-02 / 5.1243E-02   
280   5.000E-04   2.6820E-02   5.0868E-02   2.6820E-02 / 5.0868E-02   
290   5.000E-04   2.6648E-02   4.8986E-02   2.6648E-02 / 4.8986E-02   
300   5.000E-04   2.7110E-02   5.0658E-02   2.7110E-02 / 5.0658E-02   
310   5.000E-04   2.5887E-02   4.9689E-02   2.5887E-02 / 4.9689E-02   
320   5.000E-04   2.4794E-02   4.7980E-02   2.4794E-02 / 4.7980E-02   
330   5.000E-04   2.4329E-02   4.6824E-02   2.4329E-02 / 4.6824E-02   
340   5.000E-04   2.5036E-02   4.7483E-02   2.5036E-02 / 4.7483E-02   
350   5.000E-04   2.5371E-02   4.6560E-02   2.5371E-02 / 4.6560E-02   
360   5.000E-04   2.6577E-02   4.7484E-02   2.6577E-02 / 4.7484E-02   
370   5.000E-04   2.4094E-02   4.4732E-02   2.4094E-02 / 4.4732E-02   
380   5.000E-04   2.2374E-02   4.3809E-02   2.2374E-02 / 4.3809E-02   
390   5.000E-04   2.1837E-02   4.0978E-02   2.1837E-02 / 4.0978E-02   
400   5.000E-04   2.4080E-02   4.5376E-02   2.4080E-02 / 4.5376E-02   
410   5.000E-04   2.1100E-02   3.8070E-02   2.1100E-02 / 3.8070E-02   
420   5.000E-04   2.1096E-02   3.9863E-02   2.1096E-02 / 3.9863E-02   
430   5.000E-04   2.0131E-02   3.9432E-02   2.0131E-02 / 3.9432E-02   
440   5.000E-04   1.9527E-02   3.6974E-02   1.9527E-02 / 3.6974E-02   
450   5.000E-04   2.0453E-02   3.8268E-02   2.0453E-02 / 3.8268E-02   
460   5.000E-04   1.9777E-02   3.6819E-02   1.9777E-02 / 3.6819E-02   
470   5.000E-04   1.8424E-02   3.5074E-02   1.8424E-02 / 3.5074E-02   
480   5.000E-04   1.8533E-02   3.5139E-02   1.8533E-02 / 3.5139E-02   
490   5.000E-04   1.7913E-02   3.3937E-02   1.7913E-02 / 3.3937E-02   
500   5.000E-04   1.6862E-02   3.2172E-02   1.6862E-02 / 3.2172E-02   
510   5.000E-04   1.6361E-02   3.1432E-02   1.6361E-02 / 3.1432E-02   
520   5.000E-04   1.6073E-02   3.1067E-02   1.6073E-02 / 3.1067E-02   
530   5.000E-04   1.5830E-02   3.0049E-02   1.5830E-02 / 3.0049E-02   
540   5.000E-04   1.4735E-02   2.8515E-02   1.4735E-02 / 2.8515E-02   
550   5.000E-04   1.4307E-02   2.7007E-02   1.4307E-02 / 2.7007E-02   
560   5.000E-04   1.3773E-02   2.6572E-02   1.3773E-02 / 2.6572E-02   
570   5.000E-04   1.3494E-02   2.6200E-02   1.3494E-02 / 2.6200E-02   
580   5.000E-04   1.2880E-02   2.4360E-02   1.2880E-02 / 2.4360E-02   
590   5.000E-04   1.1949E-02   2.3619E-02   1.1949E-02 / 2.3619E-02   
600   5.000E-04   1.1425E-02   2.1569E-02   1.1425E-02 / 2.1569E-02   
610   5.000E-04   1.4225E-02   2.6982E-02   1.4225E-02 / 2.6982E-02   
620   5.000E-04   1.2868E-02   2.2170E-02   1.2868E-02 / 2.2170E-02   
630   5.000E-04   9.9427E-03   1.8584E-02   9.9427E-03 / 1.8584E-02   
640   5.000E-04   9.4066E-03   1.8667E-02   9.4066E-03 / 1.8667E-02   
650   5.000E-04   9.5213E-03   1.8135E-02   9.5213E-03 / 1.8135E-02   
660   5.000E-04   8.6828E-03   1.6481E-02   8.6828E-03 / 1.6481E-02   
670   5.000E-04   7.9661E-03   1.5556E-02   7.9661E-03 / 1.5556E-02   
680   5.000E-04   7.7505E-03   1.4652E-02   7.7505E-03 / 1.4652E-02   
690   5.000E-04   7.3984E-03   1.4397E-02   7.3984E-03 / 1.4397E-02   
700   5.000E-04   1.0395E-02   1.7164E-02   1.0395E-02 / 1.7164E-02   
710   5.000E-04   6.8356E-03   1.3547E-02   6.8356E-03 / 1.3547E-02   
720   5.000E-04   6.3364E-03   1.3032E-02   6.3364E-03 / 1.3032E-02   
730   5.000E-04   7.3657E-03   1.4917E-02   7.3657E-03 / 1.4917E-02   
740   5.000E-04   6.8148E-03   1.1606E-02   6.8148E-03 / 1.1606E-02   
750   5.000E-04   5.7559E-03   1.2032E-02   5.7559E-03 / 1.2032E-02   
760   5.000E-04   5.0608E-03   1.0361E-02   5.0608E-03 / 1.0361E-02   
770   5.000E-04   5.1022E-03   9.6627E-03   5.1022E-03 / 9.6627E-03   
780   5.000E-04   4.6518E-03   9.3688E-03   4.6518E-03 / 9.3688E-03   
790   5.000E-04   4.7606E-03   9.9504E-03   4.7606E-03 / 9.9504E-03   
800   5.000E-04   4.9305E-03   9.0267E-03   4.9305E-03 / 9.0267E-03   
810   5.000E-04   5.5808E-03   9.3479E-03   5.5808E-03 / 9.3479E-03   
820   5.000E-04   4.3531E-03   8.1584E-03   4.3531E-03 / 8.1584E-03   
830   5.000E-04   4.9759E-03   8.4681E-03   4.9759E-03 / 8.4681E-03   
840   5.000E-04   3.8284E-03   8.3504E-03   3.8284E-03 / 8.3504E-03   
850   5.000E-04   3.5070E-03   7.4398E-03   3.5070E-03 / 7.4398E-03   
860   5.000E-04   3.5247E-03   7.1030E-03   3.5247E-03 / 7.1030E-03   
870   5.000E-04   3.6786E-03   8.1244E-03   3.6786E-03 / 8.1244E-03   
880   5.000E-04   3.4849E-03   7.7071E-03   3.4849E-03 / 7.7071E-03   
890   5.000E-04   3.2411E-03   6.4819E-03   3.2411E-03 / 6.4819E-03   
900   5.000E-04   3.0293E-03   6.3227E-03   3.0293E-03 / 6.3227E-03   
910   5.000E-04   2.9346E-03   6.2361E-03   2.9346E-03 / 6.2361E-03   
920   5.000E-04   3.5313E-03   6.4146E-03   3.5313E-03 / 6.4146E-03   
930   5.000E-04   3.3773E-03   6.1109E-03   3.3773E-03 / 6.1109E-03   
940   5.000E-04   2.6983E-03   5.9135E-03   2.6983E-03 / 5.9135E-03   
950   5.000E-04   3.2701E-03   7.4729E-03   3.2701E-03 / 7.4729E-03   
960   5.000E-04   4.0473E-03   8.5018E-03   4.0473E-03 / 8.5018E-03   
970   5.000E-04   3.2511E-03   7.1542E-03   3.2511E-03 / 7.1542E-03   
980   5.000E-04   2.6165E-03   6.0095E-03   2.6165E-03 / 6.0095E-03   
990   5.000E-04   2.6531E-03   5.3212E-03   2.6531E-03 / 5.3212E-03   
1000   5.000E-04   3.8981E-03   6.4652E-03   3.8981E-03 / 6.4652E-03   
===============================================================================================================
Saved model to models/fp_only/KCNN-24May23_09:58:17.pickle
