========== Dataset info ==========
Dataset params: {'file': '/home/ryley/WDK/ML/dataset/turbulence_dataset_clean.csv', 'Cases': ['fp_1000', 'fp_1410', 'fp_2000', 'fp_2540', 'fp_3030', 'fp_3270', 'fp_3630', 'fp_3970', 'fp_4060'], 'val_set': ['fp_3030', 'fp_1410', 'fp_4060'], 'test_set': ['fp_3630'], 'data_loader': <class 'tbnn.dataloaders.DeltaDataset'>}
Train/Valid/Test points: 76 / 468 / 168
Memorization?: False
Cluster training?: False
EPOCH     LR        TRAIN         VALID             MSE:T/V                  RL:T/V             %NR_t/%NR_v
===============================================================================================================
  1   2.500E-04   2.2187E+00   2.0412E+00   2.2187E+00 / 2.0412E+00   
 10   2.500E-04   2.1411E+00   1.9633E+00   2.1411E+00 / 1.9633E+00   
 20   2.500E-04   2.0542E+00   1.8759E+00   2.0542E+00 / 1.8759E+00   
 30   2.500E-04   1.9477E+00   1.7683E+00   1.9477E+00 / 1.7683E+00   
 40   2.500E-04   1.8182E+00   1.6375E+00   1.8182E+00 / 1.6375E+00   
 50   2.500E-04   1.6523E+00   1.4707E+00   1.6523E+00 / 1.4707E+00   
 60   2.500E-04   1.4362E+00   1.2557E+00   1.4362E+00 / 1.2557E+00   
 70   2.500E-04   1.1699E+00   9.9578E-01   1.1699E+00 / 9.9578E-01   
 80   2.500E-04   9.0192E-01   7.4152E-01   9.0192E-01 / 7.4152E-01   
 90   2.500E-04   6.6284E-01   5.2469E-01   6.6284E-01 / 5.2469E-01   
100   2.500E-04   4.4971E-01   3.4930E-01   4.4971E-01 / 3.4930E-01   
110   2.500E-04   3.1153E-01   2.6009E-01   3.1153E-01 / 2.6009E-01   
120   2.500E-04   2.4729E-01   2.4683E-01   2.4729E-01 / 2.4683E-01   
130   2.500E-04   2.2935E-01   2.5355E-01   2.2935E-01 / 2.5355E-01   
140   2.500E-04   2.1967E-01   2.5152E-01   2.1967E-01 / 2.5152E-01   
150   2.500E-04   2.1137E-01   2.4470E-01   2.1137E-01 / 2.4470E-01   
160   2.500E-04   2.0292E-01   2.3164E-01   2.0292E-01 / 2.3164E-01   
170   2.500E-04   1.9482E-01   2.2645E-01   1.9482E-01 / 2.2645E-01   
180   2.500E-04   1.8638E-01   2.3082E-01   1.8638E-01 / 2.3082E-01   
190   2.500E-04   1.7865E-01   2.3518E-01   1.7865E-01 / 2.3518E-01   
200   2.500E-04   1.6775E-01   2.1849E-01   1.6775E-01 / 2.1849E-01   
210   2.500E-04   1.5833E-01   2.0329E-01   1.5833E-01 / 2.0329E-01   
220   2.500E-04   1.4900E-01   1.9613E-01   1.4900E-01 / 1.9613E-01   
230   2.500E-04   1.3943E-01   1.8777E-01   1.3943E-01 / 1.8777E-01   
240   2.500E-04   1.3260E-01   1.7001E-01   1.3260E-01 / 1.7001E-01   
250   2.500E-04   1.2296E-01   1.6724E-01   1.2296E-01 / 1.6724E-01   
260   2.500E-04   1.1268E-01   1.6382E-01   1.1268E-01 / 1.6382E-01   
270   2.500E-04   1.0465E-01   1.6484E-01   1.0465E-01 / 1.6484E-01   
280   2.500E-04   9.4407E-02   1.4596E-01   9.4407E-02 / 1.4596E-01   
290   2.500E-04   8.6165E-02   1.3860E-01   8.6165E-02 / 1.3860E-01   
300   2.500E-04   7.8217E-02   1.3072E-01   7.8217E-02 / 1.3072E-01   
310   2.500E-04   7.1920E-02   1.2536E-01   7.1920E-02 / 1.2536E-01   
320   2.500E-04   6.6228E-02   1.1806E-01   6.6228E-02 / 1.1806E-01   
330   2.500E-04   6.1030E-02   1.1559E-01   6.1030E-02 / 1.1559E-01   
340   2.500E-04   5.6229E-02   1.0539E-01   5.6229E-02 / 1.0539E-01   
350   2.500E-04   5.2523E-02   9.9636E-02   5.2523E-02 / 9.9636E-02   
360   2.500E-04   5.0029E-02   9.4429E-02   5.0029E-02 / 9.4429E-02   
370   2.500E-04   4.7158E-02   9.2460E-02   4.7158E-02 / 9.2460E-02   
380   2.500E-04   4.5584E-02   9.2578E-02   4.5584E-02 / 9.2578E-02   
390   2.500E-04   4.3403E-02   8.6821E-02   4.3403E-02 / 8.6821E-02   
400   2.500E-04   4.2282E-02   8.4688E-02   4.2282E-02 / 8.4688E-02   
410   2.500E-04   4.1182E-02   8.1654E-02   4.1182E-02 / 8.1654E-02   
420   2.500E-04   4.0439E-02   7.9604E-02   4.0439E-02 / 7.9604E-02   
430   2.500E-04   3.9812E-02   7.7916E-02   3.9812E-02 / 7.7916E-02   
440   2.500E-04   3.9651E-02   7.6429E-02   3.9651E-02 / 7.6429E-02   
450   2.500E-04   3.9404E-02   7.7752E-02   3.9404E-02 / 7.7752E-02   
460   2.500E-04   3.8441E-02   7.4640E-02   3.8441E-02 / 7.4640E-02   
470   2.500E-04   3.8071E-02   7.4496E-02   3.8071E-02 / 7.4496E-02   
480   2.500E-04   3.7738E-02   7.3430E-02   3.7738E-02 / 7.3430E-02   
490   2.500E-04   3.7757E-02   7.4254E-02   3.7757E-02 / 7.4254E-02   
500   2.500E-04   3.8847E-02   7.5838E-02   3.8847E-02 / 7.5838E-02   
510   2.500E-04   3.7660E-02   7.1339E-02   3.7660E-02 / 7.1339E-02   
520   2.500E-04   3.8715E-02   7.5664E-02   3.8715E-02 / 7.5664E-02   
530   2.500E-04   3.6652E-02   7.0139E-02   3.6652E-02 / 7.0139E-02   
540   2.500E-04   3.5913E-02   6.9526E-02   3.5913E-02 / 6.9526E-02   
550   2.500E-04   3.6223E-02   6.9179E-02   3.6223E-02 / 6.9179E-02   
560   2.500E-04   3.5561E-02   6.8762E-02   3.5561E-02 / 6.8762E-02   
570   2.500E-04   3.5355E-02   6.8684E-02   3.5355E-02 / 6.8684E-02   
580   2.500E-04   3.5212E-02   6.8359E-02   3.5212E-02 / 6.8359E-02   
590   2.500E-04   3.5008E-02   6.8500E-02   3.5008E-02 / 6.8500E-02   
600   2.500E-04   3.6881E-02   6.8852E-02   3.6881E-02 / 6.8852E-02   
610   2.500E-04   3.7214E-02   7.2659E-02   3.7214E-02 / 7.2659E-02   
620   2.500E-04   3.4316E-02   6.7089E-02   3.4316E-02 / 6.7089E-02   
630   2.500E-04   3.4130E-02   6.6675E-02   3.4130E-02 / 6.6675E-02   
640   2.500E-04   3.4788E-02   6.6973E-02   3.4788E-02 / 6.6973E-02   
650   2.500E-04   3.5165E-02   6.5538E-02   3.5165E-02 / 6.5538E-02   
660   2.500E-04   3.5612E-02   6.8414E-02   3.5612E-02 / 6.8414E-02   
670   2.500E-04   3.3607E-02   6.5423E-02   3.3607E-02 / 6.5423E-02   
680   2.500E-04   3.3587E-02   6.3723E-02   3.3587E-02 / 6.3723E-02   
690   2.500E-04   3.3174E-02   6.3779E-02   3.3174E-02 / 6.3779E-02   
700   2.500E-04   3.2749E-02   6.3265E-02   3.2749E-02 / 6.3265E-02   
710   2.500E-04   3.2662E-02   6.3030E-02   3.2662E-02 / 6.3030E-02   
720   2.500E-04   3.2876E-02   6.4162E-02   3.2876E-02 / 6.4162E-02   
730   2.500E-04   3.2564E-02   6.3281E-02   3.2564E-02 / 6.3281E-02   
740   2.500E-04   3.2325E-02   6.3072E-02   3.2325E-02 / 6.3072E-02   
750   2.500E-04   3.4799E-02   6.7446E-02   3.4799E-02 / 6.7446E-02   
760   2.500E-04   3.1892E-02   6.2385E-02   3.1892E-02 / 6.2385E-02   
770   2.500E-04   3.1829E-02   6.1513E-02   3.1829E-02 / 6.1513E-02   
780   2.500E-04   3.1721E-02   6.1395E-02   3.1721E-02 / 6.1395E-02   
790   2.500E-04   3.1414E-02   6.2140E-02   3.1414E-02 / 6.2140E-02   
800   2.500E-04   3.1225E-02   6.1667E-02   3.1225E-02 / 6.1667E-02   
810   2.500E-04   3.1966E-02   6.1370E-02   3.1966E-02 / 6.1370E-02   
820   2.500E-04   3.0968E-02   6.0849E-02   3.0968E-02 / 6.0849E-02   
830   2.500E-04   3.0707E-02   6.0328E-02   3.0707E-02 / 6.0328E-02   
840   2.500E-04   3.0543E-02   5.9784E-02   3.0543E-02 / 5.9784E-02   
850   2.500E-04   3.1377E-02   5.9976E-02   3.1377E-02 / 5.9976E-02   
860   2.500E-04   3.0489E-02   5.9928E-02   3.0489E-02 / 5.9928E-02   
870   2.500E-04   3.0416E-02   5.8798E-02   3.0416E-02 / 5.8798E-02   
880   2.500E-04   3.0445E-02   5.8732E-02   3.0445E-02 / 5.8732E-02   
890   2.500E-04   3.0009E-02   5.9467E-02   3.0009E-02 / 5.9467E-02   
900   2.500E-04   2.9638E-02   5.8506E-02   2.9638E-02 / 5.8506E-02   
910   2.500E-04   2.9753E-02   5.8524E-02   2.9753E-02 / 5.8524E-02   
920   2.500E-04   2.9864E-02   5.8496E-02   2.9864E-02 / 5.8496E-02   
930   2.500E-04   2.9474E-02   5.7831E-02   2.9474E-02 / 5.7831E-02   
940   2.500E-04   2.9071E-02   5.7646E-02   2.9071E-02 / 5.7646E-02   
950   2.500E-04   2.8998E-02   5.8196E-02   2.8998E-02 / 5.8196E-02   
960   2.500E-04   2.9446E-02   5.7415E-02   2.9446E-02 / 5.7415E-02   
970   2.500E-04   3.2642E-02   6.3419E-02   3.2642E-02 / 6.3419E-02   
980   2.500E-04   3.0179E-02   5.8057E-02   3.0179E-02 / 5.8057E-02   
990   2.500E-04   2.8224E-02   5.6900E-02   2.8224E-02 / 5.6900E-02   
1000   2.500E-04   2.8372E-02   5.6145E-02   2.8372E-02 / 5.6145E-02   
===============================================================================================================
Saved model to models/fp_only/KCNN-24May23_10:13:51.pickle
