========== Dataset info ==========
Dataset params: {'file': '/home/ryley/WDK/ML/dataset/turbulence_dataset_clean.csv', 'Cases': ['fp_1000', 'fp_1410', 'fp_2000', 'fp_2540', 'fp_3030', 'fp_3270', 'fp_3630', 'fp_3970', 'fp_4060'], 'val_set': ['fp_3030', 'fp_1410', 'fp_4060'], 'test_set': ['fp_3630'], 'data_loader': <class 'tbnn.dataloaders.DeltaDataset'>}
Train/Valid/Test points: 760 / 468 / 168
Memorization?: False
Cluster training?: False
EPOCH     LR        TRAIN         VALID             MSE:T/V                  RL:T/V             %NR_t/%NR_v
===============================================================================================================
  1   5.000E-03   5.5437E-01   5.4026E-01   5.5437E-01 / 5.4026E-01   
 10   5.000E-03   1.0829E-01   1.0656E-01   1.0829E-01 / 1.0656E-01   
 20   5.000E-03   9.4133E-02   9.2372E-02   9.4133E-02 / 9.2372E-02   
 30   5.000E-03   8.8365E-02   8.6522E-02   8.8365E-02 / 8.6522E-02   
 40   5.000E-03   8.2162E-02   8.0979E-02   8.2162E-02 / 8.0979E-02   
 50   5.000E-03   1.1581E-01   1.1270E-01   1.1581E-01 / 1.1270E-01   
 60   5.000E-03   8.7847E-02   8.5665E-02   8.7847E-02 / 8.5665E-02   
 70   5.000E-03   9.3830E-02   9.1439E-02   9.3830E-02 / 9.1439E-02   
 80   5.000E-03   1.1822E-01   1.1775E-01   1.1822E-01 / 1.1775E-01   
 90   5.000E-03   2.0322E-01   2.0240E-01   2.0322E-01 / 2.0240E-01   
100   5.000E-03   1.0963E-01   1.0902E-01   1.0963E-01 / 1.0902E-01   
110   5.000E-03   8.7257E-02   8.6457E-02   8.7257E-02 / 8.6457E-02   
120   5.000E-03   8.7194E-02   8.4917E-02   8.7194E-02 / 8.4917E-02   
130   5.000E-03   7.6951E-02   7.5888E-02   7.6951E-02 / 7.5888E-02   
140   5.000E-03   1.2869E-01   1.2823E-01   1.2869E-01 / 1.2823E-01   
150   5.000E-03   7.5332E-02   7.4226E-02   7.5332E-02 / 7.4226E-02   
160   5.000E-03   7.3653E-02   7.2399E-02   7.3653E-02 / 7.2399E-02   
170   5.000E-03   9.1475E-02   8.9142E-02   9.1475E-02 / 8.9142E-02   
180   5.000E-03   7.3800E-02   7.2543E-02   7.3800E-02 / 7.2543E-02   
190   5.000E-03   8.2201E-02   8.0124E-02   8.2201E-02 / 8.0124E-02   
200   5.000E-03   8.6280E-02   8.4166E-02   8.6280E-02 / 8.4166E-02   
===============================================================================================================
Saved model to models/fp_only/KCNN-24May10_16:14:49.pickle
