========== Dataset info ==========
Dataset params: {'file': '/home/ryley/WDK/ML/dataset/turbulence_dataset_clean.csv', 'Cases': ['fp_1000', 'fp_1410', 'fp_2000', 'fp_2540', 'fp_3030', 'fp_3270', 'fp_3630', 'fp_3970', 'fp_4060'], 'val_set': ['fp_3030', 'fp_1410', 'fp_4060'], 'test_set': ['fp_3630'], 'data_loader': <class 'tbnn.dataloaders.DeltaDataset'>}
Train/Valid/Test points: 76 / 468 / 168
Memorization?: False
Cluster training?: False
EPOCH     LR        TRAIN         VALID             MSE:T/V                  RL:T/V             %NR_t/%NR_v
===============================================================================================================
  1   2.500E-04   2.6168E+00   2.4533E+00   2.6168E+00 / 2.4533E+00   
 10   2.500E-04   2.5200E+00   2.3548E+00   2.5200E+00 / 2.3548E+00   
 20   2.500E-04   2.3807E+00   2.2128E+00   2.3807E+00 / 2.2128E+00   
 30   2.500E-04   2.0945E+00   1.9203E+00   2.0945E+00 / 1.9203E+00   
 40   2.500E-04   1.2618E+00   1.0857E+00   1.2618E+00 / 1.0857E+00   
 50   2.500E-04   2.6979E-01   2.7463E-01   2.6979E-01 / 2.7463E-01   
 60   2.500E-04   2.2920E-01   2.6547E-01   2.2920E-01 / 2.6547E-01   
 70   2.500E-04   1.9669E-01   2.3623E-01   1.9669E-01 / 2.3623E-01   
 80   2.500E-04   1.6294E-01   2.0483E-01   1.6294E-01 / 2.0483E-01   
 90   2.500E-04   1.3528E-01   1.7301E-01   1.3528E-01 / 1.7301E-01   
100   2.500E-04   1.0067E-01   1.5892E-01   1.0067E-01 / 1.5892E-01   
110   2.500E-04   7.0618E-02   1.1909E-01   7.0618E-02 / 1.1909E-01   
120   2.500E-04   5.1516E-02   9.5503E-02   5.1516E-02 / 9.5503E-02   
130   2.500E-04   4.2096E-02   8.0904E-02   4.2096E-02 / 8.0904E-02   
140   2.500E-04   3.7878E-02   7.2963E-02   3.7878E-02 / 7.2963E-02   
150   2.500E-04   3.6797E-02   6.9439E-02   3.6797E-02 / 6.9439E-02   
160   2.500E-04   3.5318E-02   6.6610E-02   3.5318E-02 / 6.6610E-02   
170   2.500E-04   3.4599E-02   6.5899E-02   3.4599E-02 / 6.5899E-02   
180   2.500E-04   3.4048E-02   6.4909E-02   3.4048E-02 / 6.4909E-02   
190   2.500E-04   3.3420E-02   6.3444E-02   3.3420E-02 / 6.3444E-02   
200   2.500E-04   3.3213E-02   6.3065E-02   3.3213E-02 / 6.3065E-02   
210   2.500E-04   3.2524E-02   6.1273E-02   3.2524E-02 / 6.1273E-02   
220   2.500E-04   3.1519E-02   6.0461E-02   3.1519E-02 / 6.0461E-02   
230   2.500E-04   3.1089E-02   5.9589E-02   3.1089E-02 / 5.9589E-02   
240   2.500E-04   3.0483E-02   5.8584E-02   3.0483E-02 / 5.8584E-02   
250   2.500E-04   3.0324E-02   5.7684E-02   3.0324E-02 / 5.7684E-02   
260   2.500E-04   2.9503E-02   5.6992E-02   2.9503E-02 / 5.6992E-02   
270   2.500E-04   3.0473E-02   5.7199E-02   3.0473E-02 / 5.7199E-02   
280   2.500E-04   2.8675E-02   5.6287E-02   2.8675E-02 / 5.6287E-02   
290   2.500E-04   2.8303E-02   5.5452E-02   2.8303E-02 / 5.5452E-02   
300   2.500E-04   2.7594E-02   5.2807E-02   2.7594E-02 / 5.2807E-02   
310   2.500E-04   2.7284E-02   5.2778E-02   2.7284E-02 / 5.2778E-02   
320   2.500E-04   2.6778E-02   5.2526E-02   2.6778E-02 / 5.2526E-02   
330   2.500E-04   2.9482E-02   5.4141E-02   2.9482E-02 / 5.4141E-02   
340   2.500E-04   2.5945E-02   5.0859E-02   2.5945E-02 / 5.0859E-02   
350   2.500E-04   2.5351E-02   4.9929E-02   2.5351E-02 / 4.9929E-02   
360   2.500E-04   2.5197E-02   4.8793E-02   2.5197E-02 / 4.8793E-02   
370   2.500E-04   2.4473E-02   4.7816E-02   2.4473E-02 / 4.7816E-02   
380   2.500E-04   2.4058E-02   4.6669E-02   2.4058E-02 / 4.6669E-02   
390   2.500E-04   2.3707E-02   4.7042E-02   2.3707E-02 / 4.7042E-02   
400   2.500E-04   2.3420E-02   4.6589E-02   2.3420E-02 / 4.6589E-02   
410   2.500E-04   2.4329E-02   4.6064E-02   2.4329E-02 / 4.6064E-02   
420   2.500E-04   2.2680E-02   4.4712E-02   2.2680E-02 / 4.4712E-02   
430   2.500E-04   2.2912E-02   4.5208E-02   2.2912E-02 / 4.5208E-02   
440   2.500E-04   2.2275E-02   4.2174E-02   2.2275E-02 / 4.2174E-02   
450   2.500E-04   2.1244E-02   4.1503E-02   2.1244E-02 / 4.1503E-02   
460   2.500E-04   2.0594E-02   4.0816E-02   2.0594E-02 / 4.0816E-02   
470   2.500E-04   2.0209E-02   4.0344E-02   2.0209E-02 / 4.0344E-02   
480   2.500E-04   1.9948E-02   3.8232E-02   1.9948E-02 / 3.8232E-02   
490   2.500E-04   1.9719E-02   3.9131E-02   1.9719E-02 / 3.9131E-02   
500   2.500E-04   1.9258E-02   3.8001E-02   1.9258E-02 / 3.8001E-02   
510   2.500E-04   1.8780E-02   3.7140E-02   1.8780E-02 / 3.7140E-02   
520   2.500E-04   1.9663E-02   3.8056E-02   1.9663E-02 / 3.8056E-02   
530   2.500E-04   1.8390E-02   3.6123E-02   1.8390E-02 / 3.6123E-02   
540   2.500E-04   1.8012E-02   3.5633E-02   1.8012E-02 / 3.5633E-02   
550   2.500E-04   1.7623E-02   3.4553E-02   1.7623E-02 / 3.4553E-02   
560   2.500E-04   1.7159E-02   3.3312E-02   1.7159E-02 / 3.3312E-02   
570   2.500E-04   1.6684E-02   3.3080E-02   1.6684E-02 / 3.3080E-02   
580   2.500E-04   1.5691E-02   3.1112E-02   1.5691E-02 / 3.1112E-02   
590   2.500E-04   1.5496E-02   3.0644E-02   1.5496E-02 / 3.0644E-02   
600   2.500E-04   1.5385E-02   3.0915E-02   1.5385E-02 / 3.0915E-02   
610   2.500E-04   1.4448E-02   2.8959E-02   1.4448E-02 / 2.8959E-02   
620   2.500E-04   1.3972E-02   2.8000E-02   1.3972E-02 / 2.8000E-02   
630   2.500E-04   1.3597E-02   2.7537E-02   1.3597E-02 / 2.7537E-02   
640   2.500E-04   1.4490E-02   2.7692E-02   1.4490E-02 / 2.7692E-02   
650   2.500E-04   1.4975E-02   2.9480E-02   1.4975E-02 / 2.9480E-02   
660   2.500E-04   1.2377E-02   2.5092E-02   1.2377E-02 / 2.5092E-02   
670   2.500E-04   1.4080E-02   2.7689E-02   1.4080E-02 / 2.7689E-02   
680   2.500E-04   1.1594E-02   2.3620E-02   1.1594E-02 / 2.3620E-02   
690   2.500E-04   1.2394E-02   2.4928E-02   1.2394E-02 / 2.4928E-02   
700   2.500E-04   1.0513E-02   2.1524E-02   1.0513E-02 / 2.1524E-02   
710   2.500E-04   1.0181E-02   2.0749E-02   1.0181E-02 / 2.0749E-02   
720   2.500E-04   1.0472E-02   2.0883E-02   1.0472E-02 / 2.0883E-02   
730   2.500E-04   9.4799E-03   1.9530E-02   9.4799E-03 / 1.9530E-02   
740   2.500E-04   9.1876E-03   1.8947E-02   9.1876E-03 / 1.8947E-02   
750   2.500E-04   9.0432E-03   1.8825E-02   9.0432E-03 / 1.8825E-02   
760   2.500E-04   8.5403E-03   1.7819E-02   8.5403E-03 / 1.7819E-02   
770   2.500E-04   1.0304E-02   2.0653E-02   1.0304E-02 / 2.0653E-02   
780   2.500E-04   9.3168E-03   1.8969E-02   9.3168E-03 / 1.8969E-02   
790   2.500E-04   9.0841E-03   1.6634E-02   9.0841E-03 / 1.6634E-02   
800   2.500E-04   8.1708E-03   1.5204E-02   8.1708E-03 / 1.5204E-02   
810   2.500E-04   7.2979E-03   1.5301E-02   7.2979E-03 / 1.5301E-02   
820   2.500E-04   7.5210E-03   1.4039E-02   7.5210E-03 / 1.4039E-02   
830   2.500E-04   7.3125E-03   1.4023E-02   7.3125E-03 / 1.4023E-02   
840   2.500E-04   6.2277E-03   1.3060E-02   6.2277E-03 / 1.3060E-02   
850   2.500E-04   6.1274E-03   1.3096E-02   6.1274E-03 / 1.3096E-02   
860   2.500E-04   5.9557E-03   1.2411E-02   5.9557E-03 / 1.2411E-02   
870   2.500E-04   5.8050E-03   1.1540E-02   5.8050E-03 / 1.1540E-02   
880   2.500E-04   5.7598E-03   1.1574E-02   5.7598E-03 / 1.1574E-02   
890   2.500E-04   5.2821E-03   1.1429E-02   5.2821E-03 / 1.1429E-02   
900   2.500E-04   7.0939E-03   1.4422E-02   7.0939E-03 / 1.4422E-02   
910   2.500E-04   4.9156E-03   1.0455E-02   4.9156E-03 / 1.0455E-02   
920   2.500E-04   4.8794E-03   1.0623E-02   4.8794E-03 / 1.0623E-02   
930   2.500E-04   4.9268E-03   9.8228E-03   4.9268E-03 / 9.8228E-03   
940   2.500E-04   4.4909E-03   9.8241E-03   4.4909E-03 / 9.8241E-03   
950   2.500E-04   4.3098E-03   9.3614E-03   4.3098E-03 / 9.3614E-03   
960   2.500E-04   4.2552E-03   9.1014E-03   4.2552E-03 / 9.1014E-03   
970   2.500E-04   4.1032E-03   8.8922E-03   4.1032E-03 / 8.8922E-03   
980   2.500E-04   3.9856E-03   8.7012E-03   3.9856E-03 / 8.7012E-03   
990   2.500E-04   4.0586E-03   9.0480E-03   4.0586E-03 / 9.0480E-03   
1000   2.500E-04   4.1741E-03   8.3085E-03   4.1741E-03 / 8.3085E-03   
1010   2.500E-04   3.6903E-03   8.2543E-03   3.6903E-03 / 8.2543E-03   
1020   2.500E-04   3.9257E-03   8.7986E-03   3.9257E-03 / 8.7986E-03   
1030   2.500E-04   3.5361E-03   7.7913E-03   3.5361E-03 / 7.7913E-03   
1040   2.500E-04   3.5521E-03   7.9968E-03   3.5521E-03 / 7.9968E-03   
1050   2.500E-04   3.2885E-03   7.3853E-03   3.2885E-03 / 7.3853E-03   
1060   2.500E-04   3.2254E-03   7.2598E-03   3.2254E-03 / 7.2598E-03   
1070   2.500E-04   3.5313E-03   7.9456E-03   3.5313E-03 / 7.9456E-03   
1080   2.500E-04   3.0609E-03   6.9336E-03   3.0609E-03 / 6.9336E-03   
1090   2.500E-04   3.0088E-03   6.7746E-03   3.0088E-03 / 6.7746E-03   
1100   2.500E-04   3.0294E-03   6.9293E-03   3.0294E-03 / 6.9293E-03   
1110   2.500E-04   2.9972E-03   6.5141E-03   2.9972E-03 / 6.5141E-03   
1120   2.500E-04   2.9356E-03   6.8493E-03   2.9356E-03 / 6.8493E-03   
1130   2.500E-04   3.0288E-03   6.4671E-03   3.0288E-03 / 6.4671E-03   
1140   2.500E-04   2.8721E-03   6.6716E-03   2.8721E-03 / 6.6716E-03   
1150   2.500E-04   2.8925E-03   6.6712E-03   2.8925E-03 / 6.6712E-03   
1160   2.500E-04   2.6792E-03   6.2061E-03   2.6792E-03 / 6.2061E-03   
1170   2.500E-04   2.6500E-03   6.1222E-03   2.6500E-03 / 6.1222E-03   
1180   2.500E-04   2.6313E-03   6.1334E-03   2.6313E-03 / 6.1334E-03   
1190   2.500E-04   2.6458E-03   6.0078E-03   2.6458E-03 / 6.0078E-03   
1200   2.500E-04   2.7857E-03   6.4379E-03   2.7857E-03 / 6.4379E-03   
1210   2.500E-04   2.8101E-03   6.4021E-03   2.8101E-03 / 6.4021E-03   
1220   2.500E-04   2.4763E-03   5.7167E-03   2.4763E-03 / 5.7167E-03   
1230   2.500E-04   2.6189E-03   6.0686E-03   2.6189E-03 / 6.0686E-03   
1240   2.500E-04   2.4601E-03   5.7631E-03   2.4601E-03 / 5.7631E-03   
1250   2.500E-04   2.4239E-03   5.5928E-03   2.4239E-03 / 5.5928E-03   
1260   2.500E-04   3.2295E-03   6.2442E-03   3.2295E-03 / 6.2442E-03   
1270   2.500E-04   3.0242E-03   6.6132E-03   3.0242E-03 / 6.6132E-03   
1280   2.500E-04   2.6675E-03   5.8179E-03   2.6675E-03 / 5.8179E-03   
1290   2.500E-04   2.4301E-03   5.4837E-03   2.4301E-03 / 5.4837E-03   
1300   2.500E-04   2.4248E-03   5.4906E-03   2.4248E-03 / 5.4906E-03   
1310   2.500E-04   2.3012E-03   5.3259E-03   2.3012E-03 / 5.3259E-03   
1320   2.500E-04   2.7300E-03   6.0547E-03   2.7300E-03 / 6.0547E-03   
1330   2.500E-04   2.5678E-03   5.4614E-03   2.5678E-03 / 5.4614E-03   
1340   2.500E-04   2.1874E-03   5.2150E-03   2.1874E-03 / 5.2150E-03   
1350   2.500E-04   2.3839E-03   5.4545E-03   2.3839E-03 / 5.4545E-03   
1360   2.500E-04   2.4901E-03   5.7128E-03   2.4901E-03 / 5.7128E-03   
1370   2.500E-04   2.7484E-03   5.5928E-03   2.7484E-03 / 5.5928E-03   
1380   2.500E-04   2.1607E-03   5.2236E-03   2.1607E-03 / 5.2236E-03   
1390   2.500E-04   2.1260E-03   5.1329E-03   2.1260E-03 / 5.1329E-03   
1400   2.500E-04   2.4896E-03   5.4453E-03   2.4896E-03 / 5.4453E-03   
1410   2.500E-04   2.0712E-03   5.0222E-03   2.0712E-03 / 5.0222E-03   
1420   2.500E-04   2.1000E-03   4.9856E-03   2.1000E-03 / 4.9856E-03   
1430   2.500E-04   2.1349E-03   5.1058E-03   2.1349E-03 / 5.1058E-03   
1440   2.500E-04   3.7415E-03   7.1945E-03   3.7415E-03 / 7.1945E-03   
1450   2.500E-04   2.7662E-03   5.6307E-03   2.7662E-03 / 5.6307E-03   
1460   2.500E-04   2.1927E-03   5.1141E-03   2.1927E-03 / 5.1141E-03   
1470   2.500E-04   2.1262E-03   5.0513E-03   2.1262E-03 / 5.0513E-03   
1480   2.500E-04   2.0283E-03   4.8699E-03   2.0283E-03 / 4.8699E-03   
1490   2.500E-04   1.9747E-03   4.9104E-03   1.9747E-03 / 4.9104E-03   
1500   2.500E-04   2.0715E-03   5.0032E-03   2.0715E-03 / 5.0032E-03   
1510   2.500E-04   2.0049E-03   4.9280E-03   2.0049E-03 / 4.9280E-03   
1520   2.500E-04   2.2617E-03   5.0900E-03   2.2617E-03 / 5.0900E-03   
1530   2.500E-04   2.0165E-03   4.9955E-03   2.0165E-03 / 4.9955E-03   
1540   2.500E-04   2.1150E-03   5.0292E-03   2.1150E-03 / 5.0292E-03   
1550   2.500E-04   2.8574E-03   5.9186E-03   2.8574E-03 / 5.9186E-03   
1560   2.500E-04   1.8997E-03   4.7663E-03   1.8997E-03 / 4.7663E-03   
1570   2.500E-04   1.9701E-03   4.8693E-03   1.9701E-03 / 4.8693E-03   
1580   2.500E-04   1.9821E-03   4.8944E-03   1.9821E-03 / 4.8944E-03   
1590   2.500E-04   2.2897E-03   5.2010E-03   2.2897E-03 / 5.2010E-03   
1600   2.500E-04   2.0705E-03   4.9330E-03   2.0705E-03 / 4.9330E-03   
1610   2.500E-04   1.8928E-03   4.7509E-03   1.8928E-03 / 4.7509E-03   
1620   2.500E-04   2.0498E-03   4.9409E-03   2.0498E-03 / 4.9409E-03   
1630   2.500E-04   2.5546E-03   5.5110E-03   2.5546E-03 / 5.5110E-03   
1640   2.500E-04   2.2951E-03   5.1726E-03   2.2951E-03 / 5.1726E-03   
1650   2.500E-04   2.6091E-03   5.6402E-03   2.6091E-03 / 5.6402E-03   
1660   2.500E-04   2.2229E-03   5.1385E-03   2.2229E-03 / 5.1385E-03   
1670   2.500E-04   1.9510E-03   4.8059E-03   1.9510E-03 / 4.8059E-03   
1680   2.500E-04   2.0976E-03   4.7946E-03   2.0976E-03 / 4.7946E-03   
1690   2.500E-04   1.8829E-03   4.7529E-03   1.8829E-03 / 4.7529E-03   
1700   2.500E-04   1.9862E-03   4.8194E-03   1.9862E-03 / 4.8194E-03   
1710   2.500E-04   2.0255E-03   5.0167E-03   2.0255E-03 / 5.0167E-03   
1720   2.500E-04   2.0134E-03   5.0207E-03   2.0134E-03 / 5.0207E-03   
1730   2.500E-04   1.7976E-03   4.6738E-03   1.7976E-03 / 4.6738E-03   
1740   2.500E-04   2.8914E-03   5.8866E-03   2.8914E-03 / 5.8866E-03   
1750   2.500E-04   1.8245E-03   4.6837E-03   1.8245E-03 / 4.6837E-03   
1760   2.500E-04   2.1556E-03   5.0347E-03   2.1556E-03 / 5.0347E-03   
1770   2.500E-04   2.0296E-03   4.9865E-03   2.0296E-03 / 4.9865E-03   
1780   2.500E-04   1.7884E-03   4.5806E-03   1.7884E-03 / 4.5806E-03   
1790   2.500E-04   1.7469E-03   4.5594E-03   1.7469E-03 / 4.5594E-03   
1800   2.500E-04   1.7841E-03   4.7673E-03   1.7841E-03 / 4.7673E-03   
1810   2.500E-04   2.1153E-03   4.9899E-03   2.1153E-03 / 4.9899E-03   
1820   2.500E-04   1.7860E-03   4.6291E-03   1.7860E-03 / 4.6291E-03   
1830   2.500E-04   1.8856E-03   4.9070E-03   1.8856E-03 / 4.9070E-03   
1840   2.500E-04   1.7525E-03   4.6306E-03   1.7525E-03 / 4.6306E-03   
1850   2.500E-04   2.3884E-03   5.1965E-03   2.3884E-03 / 5.1965E-03   
1860   2.500E-04   1.8443E-03   4.6942E-03   1.8443E-03 / 4.6942E-03   
1870   2.500E-04   1.7211E-03   4.5296E-03   1.7211E-03 / 4.5296E-03   
1880   2.500E-04   1.8651E-03   4.7385E-03   1.8651E-03 / 4.7385E-03   
1890   2.500E-04   2.1704E-03   4.8607E-03   2.1704E-03 / 4.8607E-03   
1900   2.500E-04   2.2473E-03   5.4078E-03   2.2473E-03 / 5.4078E-03   
1910   2.500E-04   2.3383E-03   5.2341E-03   2.3383E-03 / 5.2341E-03   
1920   2.500E-04   1.8828E-03   5.0117E-03   1.8828E-03 / 5.0117E-03   
1930   2.500E-04   1.9352E-03   4.8059E-03   1.9352E-03 / 4.8059E-03   
1940   2.500E-04   1.7203E-03   4.6521E-03   1.7203E-03 / 4.6521E-03   
1950   2.500E-04   1.8684E-03   5.0225E-03   1.8684E-03 / 5.0225E-03   
1960   2.500E-04   1.9440E-03   5.2446E-03   1.9440E-03 / 5.2446E-03   
1970   2.500E-04   2.4697E-03   5.7751E-03   2.4697E-03 / 5.7751E-03   
1980   2.500E-04   1.6260E-03   4.5437E-03   1.6260E-03 / 4.5437E-03   
1990   2.500E-04   1.6096E-03   4.6598E-03   1.6096E-03 / 4.6598E-03   
2000   2.500E-04   1.7830E-03   4.8602E-03   1.7830E-03 / 4.8602E-03   
2010   2.500E-04   1.6433E-03   4.5478E-03   1.6433E-03 / 4.5478E-03   
2020   2.500E-04   2.0244E-03   5.1957E-03   2.0244E-03 / 5.1957E-03   
2030   2.500E-04   1.6885E-03   4.8356E-03   1.6885E-03 / 4.8356E-03   
2040   2.500E-04   1.6286E-03   4.6853E-03   1.6286E-03 / 4.6853E-03   
2050   2.500E-04   1.5400E-03   4.5006E-03   1.5400E-03 / 4.5006E-03   
2060   2.500E-04   1.5230E-03   4.5474E-03   1.5230E-03 / 4.5474E-03   
2070   2.500E-04   2.3157E-03   5.1805E-03   2.3157E-03 / 5.1805E-03   
2080   2.500E-04   1.6845E-03   4.6510E-03   1.6845E-03 / 4.6510E-03   
2090   2.500E-04   1.5983E-03   4.5404E-03   1.5983E-03 / 4.5404E-03   
2100   2.500E-04   1.7071E-03   4.6012E-03   1.7071E-03 / 4.6012E-03   
2110   2.500E-04   1.5673E-03   4.5520E-03   1.5673E-03 / 4.5520E-03   
2120   2.500E-04   1.5165E-03   4.5905E-03   1.5165E-03 / 4.5905E-03   
2130   2.500E-04   1.5443E-03   4.5206E-03   1.5443E-03 / 4.5206E-03   
2140   2.500E-04   1.7613E-03   5.0655E-03   1.7613E-03 / 5.0655E-03   
2150   2.500E-04   1.7689E-03   5.1012E-03   1.7689E-03 / 5.1012E-03   
2160   2.500E-04   1.5296E-03   4.5484E-03   1.5296E-03 / 4.5484E-03   
2170   2.500E-04   1.6364E-03   4.9260E-03   1.6364E-03 / 4.9260E-03   
2180   2.500E-04   1.5493E-03   4.4727E-03   1.5493E-03 / 4.4727E-03   
2190   2.500E-04   2.3088E-03   5.5557E-03   2.3088E-03 / 5.5557E-03   
2200   2.500E-04   1.5451E-03   4.4824E-03   1.5451E-03 / 4.4824E-03   
2210   2.500E-04   1.9056E-03   4.8618E-03   1.9056E-03 / 4.8618E-03   
2220   2.500E-04   3.0606E-03   5.8578E-03   3.0606E-03 / 5.8578E-03   
2230   2.500E-04   1.6501E-03   4.9104E-03   1.6501E-03 / 4.9104E-03   
2240   2.500E-04   1.4400E-03   4.5818E-03   1.4400E-03 / 4.5818E-03   
2250   2.500E-04   1.4402E-03   4.5046E-03   1.4402E-03 / 4.5046E-03   
2260   2.500E-04   1.4714E-03   4.5082E-03   1.4714E-03 / 4.5082E-03   
2270   2.500E-04   1.7349E-03   4.6583E-03   1.7349E-03 / 4.6583E-03   
2280   2.500E-04   1.9352E-03   5.3430E-03   1.9352E-03 / 5.3430E-03   
2290   2.500E-04   1.6454E-03   4.6797E-03   1.6454E-03 / 4.6797E-03   
2300   2.500E-04   1.9750E-03   4.8319E-03   1.9750E-03 / 4.8319E-03   
2310   2.500E-04   2.1068E-03   5.0224E-03   2.1068E-03 / 5.0224E-03   
2320   2.500E-04   1.5446E-03   4.6350E-03   1.5446E-03 / 4.6350E-03   
2330   2.500E-04   1.4424E-03   4.6391E-03   1.4424E-03 / 4.6391E-03   
2340   2.500E-04   1.6192E-03   4.9131E-03   1.6192E-03 / 4.9131E-03   
2350   2.500E-04   1.4359E-03   4.4853E-03   1.4359E-03 / 4.4853E-03   
2360   2.500E-04   1.3989E-03   4.5000E-03   1.3989E-03 / 4.5000E-03   
2370   2.500E-04   1.5058E-03   4.5614E-03   1.5058E-03 / 4.5614E-03   
2380   2.500E-04   1.4647E-03   4.8046E-03   1.4647E-03 / 4.8046E-03   
2390   2.500E-04   1.4432E-03   4.5197E-03   1.4432E-03 / 4.5197E-03   
2400   2.500E-04   1.5861E-03   4.5932E-03   1.5861E-03 / 4.5932E-03   
2410   2.500E-04   1.9287E-03   5.5981E-03   1.9287E-03 / 5.5981E-03   
2420   2.500E-04   1.5699E-03   4.5795E-03   1.5699E-03 / 4.5795E-03   
2430   2.500E-04   1.7002E-03   4.6888E-03   1.7002E-03 / 4.6888E-03   
2440   2.500E-04   1.7933E-03   4.7031E-03   1.7933E-03 / 4.7031E-03   
2450   2.500E-04   1.4293E-03   4.7798E-03   1.4293E-03 / 4.7798E-03   
2460   2.500E-04   1.3783E-03   4.5673E-03   1.3783E-03 / 4.5673E-03   
2470   2.500E-04   1.5687E-03   4.9103E-03   1.5687E-03 / 4.9103E-03   
2480   2.500E-04   1.3462E-03   4.5313E-03   1.3462E-03 / 4.5313E-03   
2490   2.500E-04   1.5208E-03   4.6719E-03   1.5208E-03 / 4.6719E-03   
2500   2.500E-04   1.4527E-03   4.5955E-03   1.4527E-03 / 4.5955E-03   
2510   2.500E-04   1.3990E-03   4.7046E-03   1.3990E-03 / 4.7046E-03   
2520   2.500E-04   2.1309E-03   5.9155E-03   2.1309E-03 / 5.9155E-03   
2530   2.500E-04   1.3521E-03   4.5153E-03   1.3521E-03 / 4.5153E-03   
2540   2.500E-04   1.9518E-03   4.9028E-03   1.9518E-03 / 4.9028E-03   
2550   2.500E-04   1.4493E-03   4.6975E-03   1.4493E-03 / 4.6975E-03   
2560   2.500E-04   2.3289E-03   6.2861E-03   2.3289E-03 / 6.2861E-03   
2570   2.500E-04   1.4898E-03   4.8423E-03   1.4898E-03 / 4.8423E-03   
2580   2.500E-04   1.3820E-03   4.7940E-03   1.3820E-03 / 4.7940E-03   
2590   2.500E-04   1.5741E-03   4.8411E-03   1.5741E-03 / 4.8411E-03   
2600   2.500E-04   1.3180E-03   4.6031E-03   1.3180E-03 / 4.6031E-03   
2610   2.500E-04   1.2983E-03   4.5246E-03   1.2983E-03 / 4.5246E-03   
2620   2.500E-04   1.3362E-03   4.6900E-03   1.3362E-03 / 4.6900E-03   
2630   2.500E-04   1.3245E-03   4.7295E-03   1.3245E-03 / 4.7295E-03   
2640   2.500E-04   1.4908E-03   4.6094E-03   1.4908E-03 / 4.6094E-03   
2650   2.500E-04   1.5439E-03   4.6359E-03   1.5439E-03 / 4.6359E-03   
2660   2.500E-04   1.3466E-03   4.7739E-03   1.3466E-03 / 4.7739E-03   
2670   2.500E-04   1.2814E-03   4.5913E-03   1.2814E-03 / 4.5913E-03   
2680   2.500E-04   1.8304E-03   4.8062E-03   1.8304E-03 / 4.8062E-03   
2690   2.500E-04   1.2831E-03   4.6331E-03   1.2831E-03 / 4.6331E-03   
2700   2.500E-04   1.3452E-03   4.5275E-03   1.3452E-03 / 4.5275E-03   
2710   2.500E-04   1.2975E-03   4.6372E-03   1.2975E-03 / 4.6372E-03   
2720   2.500E-04   1.3112E-03   4.7583E-03   1.3112E-03 / 4.7583E-03   
2730   2.500E-04   1.9233E-03   4.9024E-03   1.9233E-03 / 4.9024E-03   
2740   2.500E-04   2.1214E-03   5.0815E-03   2.1214E-03 / 5.0815E-03   
2750   2.500E-04   1.2885E-03   4.6527E-03   1.2885E-03 / 4.6527E-03   
2760   2.500E-04   1.2798E-03   4.5761E-03   1.2798E-03 / 4.5761E-03   
2770   2.500E-04   1.6108E-03   4.7151E-03   1.6108E-03 / 4.7151E-03   
2780   2.500E-04   1.3570E-03   4.6640E-03   1.3570E-03 / 4.6640E-03   
2790   2.500E-04   4.6747E-03   7.6229E-03   4.6747E-03 / 7.6229E-03   
2800   2.500E-04   1.3335E-03   4.5248E-03   1.3335E-03 / 4.5248E-03   
2810   2.500E-04   1.2309E-03   4.5695E-03   1.2309E-03 / 4.5695E-03   
2820   2.500E-04   1.2960E-03   4.7673E-03   1.2960E-03 / 4.7673E-03   
2830   2.500E-04   1.2331E-03   4.5874E-03   1.2331E-03 / 4.5874E-03   
2840   2.500E-04   1.2244E-03   4.6248E-03   1.2244E-03 / 4.6248E-03   
2850   2.500E-04   1.2699E-03   4.7837E-03   1.2699E-03 / 4.7837E-03   
2860   2.500E-04   1.3755E-03   4.5593E-03   1.3755E-03 / 4.5593E-03   
2870   2.500E-04   1.9936E-03   5.0206E-03   1.9936E-03 / 5.0206E-03   
2880   2.500E-04   1.4022E-03   4.5325E-03   1.4022E-03 / 4.5325E-03   
2890   2.500E-04   1.6179E-03   4.7149E-03   1.6179E-03 / 4.7149E-03   
2900   2.500E-04   1.2420E-03   4.7331E-03   1.2420E-03 / 4.7331E-03   
2910   2.500E-04   1.5465E-03   5.1444E-03   1.5465E-03 / 5.1444E-03   
2920   2.500E-04   1.4908E-03   4.9398E-03   1.4908E-03 / 4.9398E-03   
2930   2.500E-04   1.2666E-03   4.7971E-03   1.2666E-03 / 4.7971E-03   
2940   2.500E-04   1.4578E-03   4.6119E-03   1.4578E-03 / 4.6119E-03   
2950   2.500E-04   1.2128E-03   4.6030E-03   1.2128E-03 / 4.6030E-03   
2960   2.500E-04   1.2232E-03   4.5715E-03   1.2232E-03 / 4.5715E-03   
2970   2.500E-04   1.2195E-03   4.5058E-03   1.2195E-03 / 4.5058E-03   
2980   2.500E-04   1.7594E-03   5.4037E-03   1.7594E-03 / 5.4037E-03   
2990   2.500E-04   1.3049E-03   4.6743E-03   1.3049E-03 / 4.6743E-03   
3000   2.500E-04   1.2459E-03   4.7159E-03   1.2459E-03 / 4.7159E-03   
===============================================================================================================
Saved model to models/fp_only/KCNN-24May23_10:19:17.pickle
