========== Dataset info ==========
Dataset params: {'file': '/home/ryley/WDK/ML/dataset/turbulence_dataset_clean.csv', 'Cases': ['fp_1000', 'fp_1410', 'fp_2000', 'fp_2540', 'fp_3030', 'fp_3270', 'fp_3630', 'fp_3970', 'fp_4060'], 'val_set': ['fp_3030', 'fp_1410', 'fp_4060'], 'test_set': ['fp_3630'], 'data_loader': <class 'tbnn.dataloaders.aDataset'>}
Train/Valid/Test points: 760 / 468 / 168
Memorization?: False
Cluster training?: False
EPOCH     LR        TRAIN         VALID             MSE:T/V                  RL:T/V             %NR_t/%NR_v
===============================================================================================================
  1   1.000E-03   2.1628E-01   2.1254E-01   2.1628E-01 / 2.1254E-01   
 10   1.000E-03   7.4543E-03   7.2248E-03   7.3525E-03 / 7.1203E-03   
 20   1.000E-03   2.1315E-03   2.0540E-03   2.1172E-03 / 2.0395E-03   
 30   1.000E-03   1.6289E-03   1.5695E-03   1.6205E-03 / 1.5610E-03   
 40   1.000E-03   1.4185E-03   1.3634E-03   1.4130E-03 / 1.3579E-03   
 50   1.000E-03   1.2719E-03   1.2191E-03   1.2683E-03 / 1.2156E-03   
 60   1.000E-03   1.1369E-03   1.0992E-03   1.1343E-03 / 1.0967E-03   
 70   1.000E-03   9.8120E-04   9.3779E-04   9.8073E-04 / 9.3732E-04   
 80   1.000E-03   8.3242E-04   7.8475E-04   8.3174E-04 / 7.8408E-04   
 90   1.000E-03   7.3555E-04   6.9303E-04   7.3424E-04 / 6.9173E-04   
100   1.000E-03   6.5484E-04   6.1494E-04   6.4983E-04 / 6.1002E-04   
110   1.000E-03   6.0493E-04   5.5330E-04   6.0369E-04 / 5.5210E-04   
120   1.000E-03   5.5831E-04   5.2375E-04   5.3393E-04 / 4.9981E-04   
130   1.000E-03   4.8972E-04   4.6701E-04   4.8410E-04 / 4.6155E-04   
140   1.000E-03   4.2513E-04   3.9009E-04   4.2423E-04 / 3.8922E-04   
150   1.000E-03   3.7827E-04   3.5839E-04   3.7550E-04 / 3.5570E-04   
160   1.000E-03   3.5207E-04   3.2507E-04   3.5198E-04 / 3.2498E-04   
170   1.000E-03   3.0959E-04   2.9849E-04   3.0800E-04 / 2.9695E-04   
180   1.000E-03   2.8417E-04   2.6642E-04   2.8304E-04 / 2.6534E-04   
190   1.000E-03   2.5908E-04   2.4107E-04   2.5738E-04 / 2.3945E-04   
200   1.000E-03   2.5455E-04   2.4260E-04   2.5119E-04 / 2.3933E-04   
210   1.000E-03   2.2637E-04   2.0610E-04   2.2489E-04 / 2.0468E-04   
220   1.000E-03   2.1438E-04   1.9622E-04   2.1337E-04 / 1.9528E-04   
230   1.000E-03   2.1289E-04   1.9261E-04   2.1201E-04 / 1.9178E-04   
240   1.000E-03   1.9214E-04   1.7356E-04   1.9174E-04 / 1.7318E-04   
250   1.000E-03   1.7963E-04   1.6346E-04   1.7946E-04 / 1.6330E-04   
260   1.000E-03   1.7133E-04   1.5847E-04   1.6994E-04 / 1.5717E-04   
270   1.000E-03   1.6111E-04   1.4542E-04   1.6049E-04 / 1.4486E-04   
280   1.000E-03   1.5651E-04   1.4020E-04   1.5632E-04 / 1.4004E-04   
290   1.000E-03   1.4787E-04   1.3749E-04   1.4716E-04 / 1.3683E-04   
300   1.000E-03   1.5291E-04   1.4070E-04   1.5291E-04 / 1.4070E-04   
310   1.000E-03   1.4563E-04   1.3683E-04   1.4415E-04 / 1.3542E-04   
320   1.000E-03   1.4572E-04   1.3875E-04   1.4509E-04 / 1.3817E-04   
330   1.000E-03   1.3052E-04   1.1732E-04   1.3028E-04 / 1.1710E-04   
340   1.000E-03   1.3390E-04   1.2116E-04   1.3389E-04 / 1.2116E-04   
350   1.000E-03   1.2043E-04   1.1037E-04   1.2035E-04 / 1.1031E-04   
360   1.000E-03   1.2221E-04   1.1507E-04   1.2193E-04 / 1.1485E-04   
370   1.000E-03   1.1434E-04   1.0549E-04   1.1408E-04 / 1.0527E-04   
380   1.000E-03   1.1497E-04   1.0697E-04   1.1438E-04 / 1.0644E-04   
390   1.000E-03   1.2721E-04   1.2263E-04   1.2721E-04 / 1.2263E-04   
400   1.000E-03   2.0631E-04   1.9695E-04   2.0631E-04 / 1.9695E-04   
410   1.000E-03   1.0409E-04   9.8995E-05   1.0343E-04 / 9.8399E-05   
420   1.000E-03   1.0260E-04   9.6363E-05   1.0238E-04 / 9.6147E-05   
430   1.000E-03   1.0102E-04   9.4122E-05   1.0080E-04 / 9.3901E-05   
440   1.000E-03   9.6497E-05   9.0188E-05   9.6299E-05 / 8.9988E-05   
450   1.000E-03   9.4720E-05   8.8859E-05   9.4433E-05 / 8.8585E-05   
460   1.000E-03   9.7265E-05   9.0413E-05   9.5744E-05 / 8.9019E-05   
470   1.000E-03   9.6394E-05   8.9042E-05   9.5623E-05 / 8.8320E-05   
480   1.000E-03   8.9843E-05   8.3809E-05   8.9749E-05 / 8.3780E-05   
490   1.000E-03   9.2090E-05   8.4923E-05   9.2090E-05 / 8.4923E-05   
500   1.000E-03   8.2520E-05   7.6997E-05   8.2442E-05 / 7.6964E-05   
510   1.000E-03   8.5671E-05   8.2939E-05   8.5536E-05 / 8.2868E-05   
520   1.000E-03   8.5413E-05   8.3173E-05   8.5175E-05 / 8.3004E-05   
530   1.000E-03   1.0714E-04   1.0078E-04   1.0542E-04 / 9.9515E-05   
540   1.000E-03   8.2703E-05   7.4769E-05   8.1646E-05 / 7.3809E-05   
550   1.000E-03   8.2141E-05   7.5592E-05   8.1959E-05 / 7.5458E-05   
560   1.000E-03   9.4853E-05   8.9488E-05   9.4442E-05 / 8.9151E-05   
570   1.000E-03   7.2954E-05   7.0172E-05   7.2730E-05 / 6.9989E-05   
580   1.000E-03   7.3532E-05   6.9046E-05   7.3338E-05 / 6.8877E-05   
590   1.000E-03   7.5050E-05   7.2560E-05   7.4986E-05 / 7.2482E-05   
600   1.000E-03   7.5296E-05   7.2401E-05   7.4345E-05 / 7.1522E-05   
610   1.000E-03   8.2908E-05   8.3321E-05   8.2056E-05 / 8.2558E-05   
620   1.000E-03   7.9931E-05   7.5555E-05   7.7768E-05 / 7.4722E-05   
630   1.000E-03   7.5843E-05   7.3030E-05   7.5842E-05 / 7.3030E-05   
640   1.000E-03   6.4642E-05   6.4835E-05   6.4109E-05 / 6.4355E-05   
650   1.000E-03   7.1980E-05   6.8331E-05   7.0297E-05 / 6.7241E-05   
660   1.000E-03   6.4113E-05   6.2689E-05   6.4088E-05 / 6.2675E-05   
670   1.000E-03   1.6566E-04   1.5838E-04   1.6561E-04 / 1.5835E-04   
680   1.000E-03   6.9312E-05   6.8255E-05   6.9170E-05 / 6.8139E-05   
690   1.000E-03   6.1470E-05   6.1036E-05   6.1280E-05 / 6.0885E-05   
700   1.000E-03   6.7594E-05   6.5038E-05   6.7284E-05 / 6.4949E-05   
710   1.000E-03   6.1109E-05   6.2498E-05   6.0421E-05 / 6.1884E-05   
720   1.000E-03   5.9694E-05   6.0602E-05   5.9586E-05 / 6.0547E-05   
730   1.000E-03   7.4499E-05   7.5490E-05   7.4353E-05 / 7.5411E-05   
740   1.000E-03   5.8635E-05   6.0273E-05   5.8431E-05 / 6.0140E-05   
750   1.000E-03   5.4958E-05   5.5207E-05   5.4759E-05 / 5.5079E-05   
760   1.000E-03   5.7156E-05   5.9458E-05   5.6622E-05 / 5.9139E-05   
770   1.000E-03   5.8963E-05   5.9643E-05   5.8860E-05 / 5.9605E-05   
780   1.000E-03   5.5050E-05   5.7740E-05   5.4985E-05 / 5.7725E-05   
790   1.000E-03   6.9075E-05   7.0054E-05   6.9024E-05 / 7.0043E-05   
800   1.000E-03   5.7350E-05   5.9532E-05   5.7124E-05 / 5.9392E-05   
810   1.000E-03   5.4418E-05   5.8257E-05   5.4288E-05 / 5.8189E-05   
820   1.000E-03   5.0390E-05   5.3683E-05   5.0152E-05 / 5.3523E-05   
830   1.000E-03   4.9705E-05   5.3954E-05   4.9469E-05 / 5.3788E-05   
840   1.000E-03   5.1622E-05   5.5722E-05   5.1522E-05 / 5.5653E-05   
850   1.000E-03   5.5099E-05   6.1308E-05   5.5028E-05 / 6.1264E-05   
860   1.000E-03   6.1187E-05   6.4402E-05   6.1175E-05 / 6.4388E-05   
870   1.000E-03   5.2558E-05   5.7679E-05   5.2385E-05 / 5.7572E-05   
880   1.000E-03   5.3416E-05   5.5514E-05   5.3379E-05 / 5.5473E-05   
890   1.000E-03   4.9698E-05   5.4481E-05   4.9510E-05 / 5.4331E-05   
900   1.000E-03   4.7119E-05   5.3462E-05   4.6808E-05 / 5.3207E-05   
910   1.000E-03   4.7617E-05   5.3047E-05   4.7597E-05 / 5.3018E-05   
920   1.000E-03   6.0207E-05   6.3380E-05   5.9905E-05 / 6.3120E-05   
930   1.000E-03   5.0279E-05   5.5334E-05   4.9651E-05 / 5.4826E-05   
940   1.000E-03   4.6865E-05   5.3690E-05   4.6600E-05 / 5.3471E-05   
950   1.000E-03   5.1189E-05   5.8958E-05   5.1137E-05 / 5.8904E-05   
960   1.000E-03   5.9015E-05   6.3983E-05   5.8563E-05 / 6.3595E-05   
970   1.000E-03   4.4384E-05   5.0185E-05   4.4350E-05 / 5.0153E-05   
980   1.000E-03   5.2798E-05   6.1016E-05   5.2757E-05 / 6.0965E-05   
990   1.000E-03   4.9257E-05   5.2953E-05   4.9257E-05 / 5.2953E-05   
1000   1.000E-03   4.7748E-05   5.8466E-05   4.7490E-05 / 5.8224E-05   
1010   1.000E-03   4.2471E-05   5.0601E-05   4.2426E-05 / 5.0565E-05   
1020   1.000E-03   4.5938E-05   5.0359E-05   4.5848E-05 / 5.0271E-05   
1030   1.000E-03   4.1116E-05   4.9563E-05   4.0886E-05 / 4.9350E-05   
1040   1.000E-03   4.0212E-05   4.7838E-05   4.0059E-05 / 4.7704E-05   
1050   1.000E-03   4.2398E-05   5.0692E-05   4.2299E-05 / 5.0617E-05   
1060   1.000E-03   4.1492E-05   5.0209E-05   4.0840E-05 / 4.9642E-05   
1070   1.000E-03   4.1844E-05   4.7891E-05   4.1808E-05 / 4.7879E-05   
1080   1.000E-03   4.6030E-05   5.1319E-05   4.5704E-05 / 5.1051E-05   
1090   1.000E-03   2.3031E-04   2.2683E-04   2.3013E-04 / 2.2667E-04   
1100   1.000E-03   4.0360E-05   4.6522E-05   4.0256E-05 / 4.6466E-05   
1110   1.000E-03   3.9297E-05   4.7537E-05   3.9258E-05 / 4.7530E-05   
1120   1.000E-03   3.9580E-05   4.7363E-05   3.9506E-05 / 4.7336E-05   
1130   1.000E-03   4.1989E-05   4.8706E-05   4.1925E-05 / 4.8706E-05   
1140   1.000E-03   3.6877E-05   4.5849E-05   3.6832E-05 / 4.5844E-05   
1150   1.000E-03   3.8281E-05   4.7782E-05   3.8210E-05 / 4.7768E-05   
1160   1.000E-03   3.7519E-05   4.6073E-05   3.7283E-05 / 4.5930E-05   
1170   1.000E-03   3.7177E-05   4.5989E-05   3.6836E-05 / 4.5758E-05   
1180   1.000E-03   3.6418E-05   4.5488E-05   3.6116E-05 / 4.5281E-05   
1190   1.000E-03   4.0893E-05   5.0606E-05   4.0786E-05 / 5.0574E-05   
1200   1.000E-03   3.5409E-05   4.3780E-05   3.5138E-05 / 4.3615E-05   
1210   1.000E-03   3.5813E-05   4.1403E-05   3.5649E-05 / 4.1335E-05   
1220   1.000E-03   3.6537E-05   4.6301E-05   3.6436E-05 / 4.6277E-05   
1230   1.000E-03   3.5412E-05   4.4906E-05   3.5359E-05 / 4.4899E-05   
1240   1.000E-03   3.7630E-05   4.5615E-05   3.7505E-05 / 4.5567E-05   
1250   1.000E-03   5.3457E-05   6.6304E-05   4.9310E-05 / 6.2830E-05   
1260   1.000E-03   8.1271E-05   8.4556E-05   8.1256E-05 / 8.4553E-05   
1270   1.000E-03   3.4974E-05   4.6638E-05   3.4766E-05 / 4.6520E-05   
1280   1.000E-03   4.5218E-05   5.4927E-05   4.4978E-05 / 5.4796E-05   
1290   1.000E-03   3.3726E-05   4.2530E-05   3.3540E-05 / 4.2425E-05   
1300   1.000E-03   1.1410E-04   1.2143E-04   1.0346E-04 / 1.1244E-04   
1310   1.000E-03   3.2133E-05   4.0693E-05   3.2112E-05 / 4.0681E-05   
1320   1.000E-03   3.8627E-05   4.9210E-05   3.8625E-05 / 4.9209E-05   
1330   1.000E-03   6.7879E-05   7.7614E-05   6.7879E-05 / 7.7614E-05   
1340   1.000E-03   3.4594E-05   4.4771E-05   3.4113E-05 / 4.4426E-05   
1350   1.000E-03   3.0595E-05   3.8828E-05   3.0550E-05 / 3.8796E-05   
1360   1.000E-03   3.4027E-05   4.4501E-05   3.3165E-05 / 4.3815E-05   
1370   1.000E-03   3.0243E-05   3.9244E-05   3.0171E-05 / 3.9186E-05   
1380   1.000E-03   5.5131E-05   6.2181E-05   5.5131E-05 / 6.2179E-05   
1390   1.000E-03   3.0110E-05   3.9524E-05   3.0069E-05 / 3.9481E-05   
1400   1.000E-03   3.6601E-05   4.7002E-05   3.6368E-05 / 4.6835E-05   
1410   1.000E-03   2.9303E-05   3.7826E-05   2.9227E-05 / 3.7759E-05   
1420   1.000E-03   3.0206E-05   3.9935E-05   3.0206E-05 / 3.9935E-05   
1430   1.000E-03   3.7115E-05   4.7481E-05   3.4432E-05 / 4.4973E-05   
1440   1.000E-03   3.0264E-05   3.9168E-05   3.0249E-05 / 3.9149E-05   
1450   1.000E-03   8.8873E-05   9.9385E-05   8.8458E-05 / 9.9048E-05   
1460   1.000E-03   2.8466E-05   3.6720E-05   2.8395E-05 / 3.6648E-05   
1470   1.000E-03   2.9659E-05   4.0671E-05   2.9354E-05 / 4.0426E-05   
1480   1.000E-03   4.0620E-05   5.2218E-05   4.0126E-05 / 5.1814E-05   
1490   1.000E-03   3.0692E-05   3.8838E-05   3.0383E-05 / 3.8578E-05   
1500   1.000E-03   3.3556E-05   4.4257E-05   3.3536E-05 / 4.4240E-05   
1510   1.000E-03   2.9585E-05   3.6985E-05   2.9533E-05 / 3.6936E-05   
1520   1.000E-03   3.0756E-05   4.2044E-05   3.0668E-05 / 4.1972E-05   
1530   1.000E-03   4.0780E-05   5.1700E-05   3.7495E-05 / 4.8802E-05   
1540   1.000E-03   3.0683E-05   3.8874E-05   2.9734E-05 / 3.8094E-05   
1550   1.000E-03   3.4655E-05   4.0105E-05   3.4483E-05 / 3.9967E-05   
1560   1.000E-03   2.7784E-05   3.5839E-05   2.7637E-05 / 3.5727E-05   
1570   1.000E-03   4.9555E-05   6.1894E-05   4.9477E-05 / 6.1843E-05   
1580   1.000E-03   3.0530E-05   4.2096E-05   3.0244E-05 / 4.1864E-05   
1590   1.000E-03   2.8713E-05   4.0089E-05   2.8587E-05 / 4.0004E-05   
1600   1.000E-03   2.6305E-05   3.6107E-05   2.6090E-05 / 3.5953E-05   
1610   1.000E-03   3.4329E-05   4.8135E-05   3.4269E-05 / 4.8113E-05   
1620   1.000E-03   2.6308E-05   3.3205E-05   2.6203E-05 / 3.3152E-05   
1630   1.000E-03   2.5462E-05   3.6501E-05   2.5238E-05 / 3.6350E-05   
1640   1.000E-03   2.9040E-05   3.9711E-05   2.8477E-05 / 3.9258E-05   
1650   1.000E-03   2.5639E-05   3.7295E-05   2.5542E-05 / 3.7258E-05   
1660   1.000E-03   2.7357E-05   3.7695E-05   2.7325E-05 / 3.7695E-05   
1670   1.000E-03   2.6673E-05   3.5261E-05   2.6619E-05 / 3.5255E-05   
1680   1.000E-03   2.4409E-05   3.4711E-05   2.4286E-05 / 3.4665E-05   
1690   1.000E-03   3.0773E-05   4.0792E-05   3.0448E-05 / 4.0566E-05   
1700   1.000E-03   2.8507E-05   3.3251E-05   2.8480E-05 / 3.3251E-05   
1710   1.000E-03   2.3109E-05   3.3271E-05   2.3076E-05 / 3.3271E-05   
1720   1.000E-03   2.5276E-05   3.5992E-05   2.5243E-05 / 3.5992E-05   
1730   1.000E-03   6.1362E-05   7.1425E-05   6.1359E-05 / 7.1425E-05   
1740   1.000E-03   3.4015E-05   4.3249E-05   3.3988E-05 / 4.3248E-05   
1750   1.000E-03   2.3517E-05   3.4466E-05   2.3497E-05 / 3.4466E-05   
1760   1.000E-03   2.8406E-05   4.2697E-05   2.8308E-05 / 4.2660E-05   
1770   1.000E-03   2.4397E-05   3.6916E-05   2.4247E-05 / 3.6838E-05   
1780   1.000E-03   3.2159E-05   3.7669E-05   3.1436E-05 / 3.7119E-05   
1790   1.000E-03   7.0277E-05   8.4487E-05   7.0240E-05 / 8.4475E-05   
1800   1.000E-03   2.4365E-05   3.2560E-05   2.4293E-05 / 3.2526E-05   
1810   1.000E-03   3.6785E-05   4.5749E-05   3.6723E-05 / 4.5723E-05   
1820   1.000E-03   2.2587E-05   3.1256E-05   2.2562E-05 / 3.1246E-05   
1830   1.000E-03   2.5869E-05   3.6057E-05   2.5122E-05 / 3.5434E-05   
1840   1.000E-03   2.7242E-05   4.0187E-05   2.7189E-05 / 4.0138E-05   
1850   1.000E-03   2.1979E-05   3.2749E-05   2.1680E-05 / 3.2532E-05   
1860   1.000E-03   2.3023E-05   3.3328E-05   2.2996E-05 / 3.3312E-05   
1870   1.000E-03   2.5857E-05   3.3652E-05   2.5424E-05 / 3.3314E-05   
1880   1.000E-03   2.3722E-05   3.3789E-05   2.3693E-05 / 3.3770E-05   
1890   1.000E-03   2.5532E-05   3.2596E-05   2.5155E-05 / 3.2309E-05   
1900   1.000E-03   2.1679E-05   3.2678E-05   2.1611E-05 / 3.2636E-05   
1910   1.000E-03   2.5920E-05   4.1909E-05   2.5865E-05 / 4.1872E-05   
1920   1.000E-03   2.1746E-05   3.2486E-05   2.1658E-05 / 3.2426E-05   
1930   1.000E-03   2.1449E-05   3.4645E-05   2.1317E-05 / 3.4548E-05   
1940   1.000E-03   2.0960E-05   3.2627E-05   2.0915E-05 / 3.2594E-05   
1950   1.000E-03   2.2979E-05   3.6035E-05   2.2762E-05 / 3.5876E-05   
1960   1.000E-03   2.4869E-05   3.7050E-05   2.4829E-05 / 3.7020E-05   
1970   1.000E-03   2.0653E-05   3.0944E-05   2.0502E-05 / 3.0834E-05   
1980   1.000E-03   2.1522E-05   3.3457E-05   2.1457E-05 / 3.3414E-05   
1990   1.000E-03   2.5040E-05   3.6981E-05   2.4961E-05 / 3.6927E-05   
2000   1.000E-03   2.8695E-05   4.2200E-05   2.6440E-05 / 4.0173E-05   
2010   1.000E-03   2.0197E-05   2.7661E-05   1.9799E-05 / 2.7366E-05   
2020   1.000E-03   2.3636E-05   3.6660E-05   2.3633E-05 / 3.6660E-05   
2030   1.000E-03   2.0726E-05   3.4175E-05   2.0648E-05 / 3.4124E-05   
2040   1.000E-03   2.3680E-05   3.7038E-05   2.3620E-05 / 3.7009E-05   
2050   1.000E-03   1.9837E-05   2.8961E-05   1.9760E-05 / 2.8920E-05   
2060   1.000E-03   2.6559E-05   3.5678E-05   2.6343E-05 / 3.5532E-05   
2070   1.000E-03   1.9669E-05   3.0277E-05   1.9221E-05 / 2.9954E-05   
2080   1.000E-03   2.0294E-05   3.3483E-05   2.0232E-05 / 3.3454E-05   
2090   1.000E-03   2.8895E-05   4.2082E-05   2.8727E-05 / 4.1976E-05   
2100   1.000E-03   1.9162E-05   3.0188E-05   1.8982E-05 / 3.0080E-05   
2110   1.000E-03   2.4273E-05   3.5969E-05   2.4218E-05 / 3.5949E-05   
2120   1.000E-03   1.9971E-05   3.0911E-05   1.9169E-05 / 3.0296E-05   
2130   1.000E-03   2.6121E-05   3.1981E-05   2.6040E-05 / 3.1946E-05   
2140   1.000E-03   2.1156E-05   3.0310E-05   2.1061E-05 / 3.0270E-05   
2150   1.000E-03   1.9993E-05   2.7641E-05   1.9874E-05 / 2.7587E-05   
2160   1.000E-03   1.7805E-05   2.9174E-05   1.7690E-05 / 2.9128E-05   
2170   1.000E-03   2.7005E-05   3.6249E-05   2.7000E-05 / 3.6249E-05   
2180   1.000E-03   1.7240E-05   2.7270E-05   1.7083E-05 / 2.7200E-05   
2190   1.000E-03   1.7374E-05   2.8598E-05   1.7019E-05 / 2.8377E-05   
2200   1.000E-03   2.5178E-05   3.5487E-05   2.3115E-05 / 3.3762E-05   
2210   1.000E-03   1.8971E-05   2.8739E-05   1.8855E-05 / 2.8700E-05   
2220   1.000E-03   1.7428E-05   2.6384E-05   1.7275E-05 / 2.6324E-05   
2230   1.000E-03   1.8731E-05   3.0332E-05   1.8703E-05 / 3.0332E-05   
2240   1.000E-03   1.7156E-05   2.7958E-05   1.7125E-05 / 2.7958E-05   
2250   1.000E-03   1.9260E-05   3.1471E-05   1.9108E-05 / 3.1410E-05   
2260   1.000E-03   1.7863E-05   2.8435E-05   1.7851E-05 / 2.8435E-05   
2270   1.000E-03   1.7452E-05   2.8606E-05   1.7162E-05 / 2.8446E-05   
2280   1.000E-03   1.9841E-05   3.1092E-05   1.9396E-05 / 3.0807E-05   
2290   1.000E-03   1.7327E-05   2.9856E-05   1.7078E-05 / 2.9730E-05   
2300   1.000E-03   1.7431E-05   2.7387E-05   1.7264E-05 / 2.7313E-05   
2310   1.000E-03   2.0391E-05   3.0329E-05   2.0329E-05 / 3.0318E-05   
2320   1.000E-03   1.8551E-05   2.9645E-05   1.8533E-05 / 2.9643E-05   
2330   1.000E-03   2.0918E-05   3.1233E-05   2.0874E-05 / 3.1229E-05   
2340   1.000E-03   1.5328E-05   2.6509E-05   1.5090E-05 / 2.6386E-05   
2350   1.000E-03   1.7087E-05   2.8783E-05   1.6662E-05 / 2.8506E-05   
2360   1.000E-03   1.6158E-05   2.7010E-05   1.5952E-05 / 2.6903E-05   
2370   1.000E-03   1.9541E-05   2.8452E-05   1.9336E-05 / 2.8265E-05   
2380   1.000E-03   2.9128E-05   4.2507E-05   2.9126E-05 / 4.2507E-05   
2390   1.000E-03   1.6993E-05   2.8773E-05   1.6984E-05 / 2.8773E-05   
2400   1.000E-03   2.5468E-05   3.6048E-05   2.2405E-05 / 3.3300E-05   
2410   1.000E-03   1.5603E-05   2.5745E-05   1.5516E-05 / 2.5710E-05   
2420   1.000E-03   2.1288E-05   3.2237E-05   2.1258E-05 / 3.2229E-05   
2430   1.000E-03   1.7480E-05   2.8923E-05   1.7461E-05 / 2.8921E-05   
2440   1.000E-03   2.1105E-05   2.9685E-05   2.1105E-05 / 2.9685E-05   
2450   1.000E-03   3.7017E-05   4.1605E-05   3.6988E-05 / 4.1595E-05   
2460   1.000E-03   1.6045E-05   2.7240E-05   1.6023E-05 / 2.7234E-05   
2470   1.000E-03   1.4476E-05   2.4689E-05   1.4384E-05 / 2.4642E-05   
2480   1.000E-03   1.7500E-05   3.0495E-05   1.7449E-05 / 3.0475E-05   
2490   1.000E-03   2.8869E-05   3.8588E-05   2.8814E-05 / 3.8560E-05   
2500   1.000E-03   1.7647E-05   2.9472E-05   1.7601E-05 / 2.9453E-05   
2510   1.000E-03   1.5764E-05   2.6892E-05   1.5659E-05 / 2.6837E-05   
2520   1.000E-03   2.7552E-05   3.6996E-05   2.7475E-05 / 3.6952E-05   
2530   1.000E-03   1.6453E-05   2.6629E-05   1.6417E-05 / 2.6612E-05   
2540   1.000E-03   1.7785E-05   2.8203E-05   1.7734E-05 / 2.8175E-05   
2550   1.000E-03   1.3832E-05   2.3363E-05   1.3683E-05 / 2.3279E-05   
2560   1.000E-03   1.6227E-05   2.5103E-05   1.5664E-05 / 2.4701E-05   
2570   1.000E-03   1.4474E-05   2.5172E-05   1.4117E-05 / 2.4877E-05   
2580   1.000E-03   1.7151E-05   2.7144E-05   1.7145E-05 / 2.7143E-05   
2590   1.000E-03   1.6282E-05   2.4445E-05   1.5996E-05 / 2.4260E-05   
2600   1.000E-03   1.4345E-05   2.4416E-05   1.4129E-05 / 2.4279E-05   
2610   1.000E-03   1.5356E-05   2.8362E-05   1.4809E-05 / 2.7972E-05   
2620   1.000E-03   1.5375E-05   2.3965E-05   1.5272E-05 / 2.3906E-05   
2630   1.000E-03   1.5608E-05   2.5880E-05   1.4863E-05 / 2.5263E-05   
2640   1.000E-03   2.1195E-05   3.1843E-05   1.8117E-05 / 2.8970E-05   
2650   1.000E-03   3.8160E-05   4.9300E-05   3.8134E-05 / 4.9291E-05   
2660   1.000E-03   1.6972E-05   2.3124E-05   1.6897E-05 / 2.3088E-05   
2670   1.000E-03   1.4265E-05   2.3937E-05   1.4074E-05 / 2.3820E-05   
2680   1.000E-03   1.8450E-05   2.6359E-05   1.8388E-05 / 2.6322E-05   
2690   1.000E-03   1.3362E-05   2.4801E-05   1.3253E-05 / 2.4739E-05   
2700   1.000E-03   1.4996E-05   2.4450E-05   1.4743E-05 / 2.4293E-05   
2710   1.000E-03   1.4347E-05   2.6163E-05   1.4004E-05 / 2.5907E-05   
2720   1.000E-03   1.3857E-05   2.3122E-05   1.3684E-05 / 2.3022E-05   
2730   1.000E-03   1.9728E-05   2.7850E-05   1.9650E-05 / 2.7839E-05   
2740   1.000E-03   1.7615E-05   2.9489E-05   1.7387E-05 / 2.9353E-05   
2750   1.000E-03   1.2688E-05   2.2297E-05   1.2622E-05 / 2.2270E-05   
2760   1.000E-03   2.0007E-05   2.8060E-05   1.7784E-05 / 2.6009E-05   
2770   1.000E-03   2.6472E-05   3.3877E-05   2.6407E-05 / 3.3870E-05   
2780   1.000E-03   1.3695E-05   2.4216E-05   1.3599E-05 / 2.4172E-05   
2790   1.000E-03   1.5236E-05   2.4903E-05   1.4338E-05 / 2.4235E-05   
2800   1.000E-03   1.7056E-05   2.6059E-05   1.6871E-05 / 2.5958E-05   
2810   1.000E-03   1.2831E-05   2.2816E-05   1.2715E-05 / 2.2764E-05   
2820   1.000E-03   1.2640E-05   2.2948E-05   1.2560E-05 / 2.2913E-05   
2830   1.000E-03   1.4541E-05   2.3588E-05   1.4529E-05 / 2.3588E-05   
2840   1.000E-03   1.6390E-05   2.3947E-05   1.6374E-05 / 2.3947E-05   
2850   1.000E-03   1.4490E-05   2.4284E-05   1.4360E-05 / 2.4228E-05   
2860   1.000E-03   1.3346E-05   1.9399E-05   1.3301E-05 / 1.9390E-05   
2870   1.000E-03   1.4545E-05   2.4331E-05   1.4525E-05 / 2.4331E-05   
2880   1.000E-03   1.2003E-05   2.1407E-05   1.1924E-05 / 2.1386E-05   
2890   1.000E-03   2.1103E-05   2.9884E-05   2.0413E-05 / 2.9373E-05   
2900   1.000E-03   1.2325E-05   2.2980E-05   1.2286E-05 / 2.2976E-05   
2910   1.000E-03   1.2822E-05   2.3059E-05   1.2108E-05 / 2.2542E-05   
2920   1.000E-03   1.2808E-05   2.1790E-05   1.2773E-05 / 2.1790E-05   
2930   1.000E-03   1.2254E-05   2.2808E-05   1.2001E-05 / 2.2677E-05   
2940   1.000E-03   1.2409E-05   2.2636E-05   1.2399E-05 / 2.2636E-05   
2950   1.000E-03   1.3540E-05   2.1568E-05   1.3491E-05 / 2.1565E-05   
2960   1.000E-03   1.4338E-05   2.2777E-05   1.4338E-05 / 2.2777E-05   
2970   1.000E-03   1.3887E-05   2.2238E-05   1.3506E-05 / 2.2011E-05   
2980   1.000E-03   1.4600E-05   2.3139E-05   1.4042E-05 / 2.2759E-05   
2990   1.000E-03   1.1320E-05   2.0414E-05   1.1199E-05 / 2.0381E-05   
3000   1.000E-03   1.1504E-05   2.1694E-05   1.1400E-05 / 2.1663E-05   
3010   1.000E-03   1.5300E-05   2.3854E-05   1.5245E-05 / 2.3851E-05   
3020   1.000E-03   1.5191E-05   2.6882E-05   1.4915E-05 / 2.6730E-05   
3030   1.000E-03   1.3111E-05   2.1182E-05   1.3087E-05 / 2.1182E-05   
3040   1.000E-03   1.2762E-05   2.2148E-05   1.2684E-05 / 2.2133E-05   
3050   1.000E-03   1.2053E-05   2.0811E-05   1.1710E-05 / 2.0623E-05   
3060   1.000E-03   1.1353E-05   1.8860E-05   1.1208E-05 / 1.8818E-05   
3070   1.000E-03   1.2684E-05   2.0848E-05   1.2191E-05 / 2.0545E-05   
3080   1.000E-03   1.1919E-05   2.2122E-05   1.1847E-05 / 2.2111E-05   
3090   1.000E-03   1.8122E-05   2.7415E-05   1.8114E-05 / 2.7415E-05   
3100   1.000E-03   1.4832E-05   2.5648E-05   1.3690E-05 / 2.4831E-05   
3110   1.000E-03   1.0648E-05   2.0951E-05   1.0584E-05 / 2.0947E-05   
3120   1.000E-03   1.3420E-05   2.4004E-05   1.3380E-05 / 2.4001E-05   
3130   1.000E-03   1.3643E-05   2.2927E-05   1.3540E-05 / 2.2906E-05   
3140   1.000E-03   1.8398E-05   2.5746E-05   1.8355E-05 / 2.5743E-05   
3150   1.000E-03   1.9521E-05   2.4144E-05   1.9422E-05 / 2.4118E-05   
3160   1.000E-03   1.1218E-05   2.1220E-05   1.1081E-05 / 2.1175E-05   
3170   1.000E-03   1.0186E-05   1.9046E-05   1.0050E-05 / 1.8998E-05   
3180   1.000E-03   1.0945E-05   2.0515E-05   1.0825E-05 / 2.0481E-05   
3190   1.000E-03   1.4979E-05   2.4645E-05   1.4903E-05 / 2.4630E-05   
3200   1.000E-03   1.4385E-05   2.3535E-05   1.4192E-05 / 2.3451E-05   
3210   1.000E-03   1.3521E-05   2.1794E-05   1.3495E-05 / 2.1792E-05   
3220   1.000E-03   1.1148E-05   2.1862E-05   1.0884E-05 / 2.1724E-05   
3230   1.000E-03   1.1323E-05   2.0268E-05   1.1278E-05 / 2.0260E-05   
3240   1.000E-03   1.2150E-05   2.2576E-05   1.1873E-05 / 2.2423E-05   
3250   1.000E-03   1.2171E-05   2.1644E-05   1.2145E-05 / 2.1641E-05   
3260   1.000E-03   1.0334E-05   1.9101E-05   1.0145E-05 / 1.9016E-05   
3270   1.000E-03   1.6986E-05   2.6687E-05   1.6986E-05 / 2.6687E-05   
3280   1.000E-03   1.7107E-05   2.7919E-05   1.7067E-05 / 2.7909E-05   
3290   1.000E-03   1.2205E-05   1.9871E-05   1.2093E-05 / 1.9821E-05   
3300   1.000E-03   1.6634E-05   2.3925E-05   1.6632E-05 / 2.3925E-05   
3310   1.000E-03   2.8207E-05   3.7515E-05   2.8169E-05 / 3.7505E-05   
3320   1.000E-03   1.0889E-05   1.7556E-05   1.0698E-05 / 1.7455E-05   
3330   1.000E-03   1.4500E-05   2.3214E-05   1.3719E-05 / 2.2693E-05   
3340   1.000E-03   1.1684E-05   2.1181E-05   1.1647E-05 / 2.1174E-05   
3350   1.000E-03   1.6247E-05   2.6811E-05   1.5487E-05 / 2.6299E-05   
3360   1.000E-03   9.8283E-06   1.7673E-05   9.6857E-06 / 1.7607E-05   
3370   1.000E-03   1.1150E-05   1.9321E-05   1.0743E-05 / 1.9082E-05   
3380   1.000E-03   2.0603E-05   2.9999E-05   2.0603E-05 / 2.9999E-05   
3390   1.000E-03   1.1901E-05   2.1014E-05   1.1894E-05 / 2.1014E-05   
3400   1.000E-03   1.5581E-05   2.3950E-05   1.3873E-05 / 2.2485E-05   
3410   1.000E-03   9.6534E-06   1.9835E-05   9.5899E-06 / 1.9810E-05   
3420   1.000E-03   1.0441E-05   1.8837E-05   1.0336E-05 / 1.8794E-05   
3430   1.000E-03   1.1375E-05   1.8290E-05   1.1311E-05 / 1.8265E-05   
3440   1.000E-03   1.0618E-05   1.9660E-05   1.0313E-05 / 1.9493E-05   
3450   1.000E-03   9.2591E-06   1.8665E-05   8.8540E-06 / 1.8429E-05   
3460   1.000E-03   1.4038E-05   2.0314E-05   1.3356E-05 / 1.9873E-05   
3470   1.000E-03   1.0252E-05   1.8898E-05   1.0226E-05 / 1.8894E-05   
3480   1.000E-03   1.0826E-05   1.8336E-05   1.0667E-05 / 1.8259E-05   
3490   1.000E-03   9.8762E-06   2.0312E-05   9.2986E-06 / 1.9941E-05   
3500   1.000E-03   9.6602E-06   1.8318E-05   9.4508E-06 / 1.8219E-05   
3510   1.000E-03   1.0463E-05   1.9767E-05   1.0347E-05 / 1.9721E-05   
3520   1.000E-03   9.8273E-06   1.9865E-05   9.7703E-06 / 1.9846E-05   
3530   1.000E-03   2.5652E-05   3.4437E-05   2.4242E-05 / 3.3434E-05   
3540   1.000E-03   2.2131E-05   2.9681E-05   2.2092E-05 / 2.9670E-05   
3550   1.000E-03   9.0847E-06   1.8651E-05   8.4488E-06 / 1.8257E-05   
3560   1.000E-03   9.4956E-06   1.7185E-05   9.2344E-06 / 1.7047E-05   
3570   1.000E-03   3.4865E-05   3.9828E-05   3.4405E-05 / 3.9557E-05   
3580   1.000E-03   1.0256E-05   2.0085E-05   1.0243E-05 / 2.0085E-05   
3590   1.000E-03   9.2947E-06   1.8907E-05   9.2215E-06 / 1.8885E-05   
3600   1.000E-03   1.1698E-05   2.0854E-05   1.0900E-05 / 2.0326E-05   
3610   1.000E-03   9.1445E-06   1.8677E-05   9.1155E-06 / 1.8673E-05   
3620   1.000E-03   1.0005E-05   1.9407E-05   9.9252E-06 / 1.9376E-05   
3630   1.000E-03   8.7440E-06   1.8002E-05   8.6788E-06 / 1.7983E-05   
3640   1.000E-03   1.9469E-05   2.7708E-05   1.9369E-05 / 2.7668E-05   
3650   1.000E-03   1.3297E-05   2.2718E-05   1.3089E-05 / 2.2618E-05   
3660   1.000E-03   8.5523E-06   1.7607E-05   8.1208E-06 / 1.7355E-05   
3670   1.000E-03   9.1059E-06   1.7845E-05   8.9945E-06 / 1.7808E-05   
3680   1.000E-03   8.9026E-06   1.6799E-05   8.4987E-06 / 1.6565E-05   
3690   1.000E-03   1.7078E-05   2.3791E-05   1.6667E-05 / 2.3550E-05   
3700   1.000E-03   9.3379E-06   1.9310E-05   9.2380E-06 / 1.9276E-05   
3710   1.000E-03   9.4185E-06   1.9513E-05   9.3621E-06 / 1.9509E-05   
3720   1.000E-03   1.1268E-05   2.0196E-05   1.0000E-05 / 1.9155E-05   
3730   1.000E-03   8.2995E-06   1.6984E-05   8.0779E-06 / 1.6882E-05   
3740   1.000E-03   8.9765E-06   1.7114E-05   8.9357E-06 / 1.7111E-05   
3750   1.000E-03   8.1349E-06   1.6964E-05   8.1129E-06 / 1.6964E-05   
3760   1.000E-03   8.5755E-06   1.7304E-05   8.4131E-06 / 1.7238E-05   
3770   1.000E-03   8.2653E-06   1.7123E-05   7.9750E-06 / 1.6973E-05   
3780   1.000E-03   9.9128E-06   1.9908E-05   9.6244E-06 / 1.9768E-05   
3790   1.000E-03   9.0886E-06   1.8903E-05   8.9387E-06 / 1.8858E-05   
3800   1.000E-03   1.4956E-05   2.6199E-05   1.4921E-05 / 2.6199E-05   
3810   1.000E-03   1.0415E-05   2.0148E-05   1.0019E-05 / 1.9927E-05   
3820   1.000E-03   1.9015E-05   2.7962E-05   1.8627E-05 / 2.7736E-05   
3830   1.000E-03   8.4303E-06   1.6971E-05   8.3822E-06 / 1.6970E-05   
3840   1.000E-03   9.8083E-06   1.6817E-05   9.7500E-06 / 1.6813E-05   
3850   1.000E-03   8.4801E-06   1.7340E-05   8.4789E-06 / 1.7340E-05   
3860   1.000E-03   8.5688E-06   1.7927E-05   8.5203E-06 / 1.7926E-05   
3870   1.000E-03   1.1372E-05   1.9089E-05   1.1287E-05 / 1.9075E-05   
3880   1.000E-03   8.4873E-06   1.7615E-05   8.3914E-06 / 1.7603E-05   
3890   1.000E-03   1.1139E-05   2.1894E-05   1.0747E-05 / 2.1685E-05   
3900   1.000E-03   8.7823E-06   1.9238E-05   8.5159E-06 / 1.9080E-05   
3910   1.000E-03   9.4104E-06   1.8746E-05   9.3901E-06 / 1.8746E-05   
3920   1.000E-03   1.4286E-05   2.1900E-05   1.4286E-05 / 2.1900E-05   
3930   1.000E-03   7.9976E-06   1.6903E-05   7.3849E-06 / 1.6535E-05   
3940   1.000E-03   9.5351E-06   1.8406E-05   9.4135E-06 / 1.8376E-05   
3950   1.000E-03   9.9768E-06   1.9066E-05   9.9023E-06 / 1.9062E-05   
3960   1.000E-03   1.6670E-05   2.6370E-05   1.6587E-05 / 2.6359E-05   
3970   1.000E-03   8.1730E-06   1.7658E-05   7.6622E-06 / 1.7369E-05   
3980   1.000E-03   9.0202E-06   1.8060E-05   8.3526E-06 / 1.7660E-05   
3990   1.000E-03   9.8293E-06   1.9858E-05   9.8288E-06 / 1.9858E-05   
4000   1.000E-03   9.3622E-06   1.8287E-05   9.2309E-06 / 1.8259E-05   
4010   1.000E-03   1.0949E-05   1.7331E-05   1.0436E-05 / 1.7035E-05   
4020   1.000E-03   9.8087E-06   1.7296E-05   9.6928E-06 / 1.7277E-05   
4030   1.000E-03   1.1629E-05   2.0046E-05   1.0069E-05 / 1.8670E-05   
4040   1.000E-03   1.0690E-05   2.0795E-05   1.0217E-05 / 2.0523E-05   
4050   1.000E-03   8.3470E-06   1.6923E-05   7.9977E-06 / 1.6762E-05   
4060   1.000E-03   8.1836E-06   1.5794E-05   8.0997E-06 / 1.5787E-05   
4070   1.000E-03   7.2041E-06   1.6488E-05   7.1485E-06 / 1.6487E-05   
4080   1.000E-03   7.1170E-06   1.6361E-05   7.0465E-06 / 1.6356E-05   
4090   1.000E-03   7.9659E-06   1.6763E-05   7.9531E-06 / 1.6763E-05   
4100   1.000E-03   8.7345E-06   1.7251E-05   8.5542E-06 / 1.7189E-05   
4110   1.000E-03   7.7845E-06   1.7152E-05   7.7344E-06 / 1.7150E-05   
4120   1.000E-03   7.6654E-06   1.7803E-05   7.5775E-06 / 1.7788E-05   
4130   1.000E-03   9.0206E-06   1.6547E-05   8.8748E-06 / 1.6503E-05   
4140   1.000E-03   1.3693E-05   2.3515E-05   1.3589E-05 / 2.3489E-05   
4150   1.000E-03   7.5317E-06   1.6405E-05   7.2013E-06 / 1.6257E-05   
4160   1.000E-03   7.9401E-06   1.7493E-05   7.6067E-06 / 1.7343E-05   
4170   1.000E-03   8.6057E-06   1.7499E-05   8.5020E-06 / 1.7469E-05   
4180   1.000E-03   9.1596E-06   1.9188E-05   9.0677E-06 / 1.9177E-05   
4190   1.000E-03   7.0915E-06   1.7536E-05   6.9773E-06 / 1.7514E-05   
4200   1.000E-03   7.7097E-06   1.7036E-05   7.5231E-06 / 1.6974E-05   
4210   1.000E-03   8.5590E-06   2.0119E-05   8.4388E-06 / 2.0087E-05   
4220   1.000E-03   9.1430E-06   1.8989E-05   8.8609E-06 / 1.8865E-05   
4230   1.000E-03   7.5205E-06   1.6599E-05   7.1602E-06 / 1.6432E-05   
4240   1.000E-03   1.3861E-05   1.7668E-05   1.3794E-05 / 1.7658E-05   
4250   1.000E-03   1.1225E-05   1.9272E-05   1.1143E-05 / 1.9255E-05   
4260   1.000E-03   8.5472E-06   1.7301E-05   8.5444E-06 / 1.7301E-05   
4270   1.000E-03   9.1136E-06   1.8068E-05   9.0987E-06 / 1.8068E-05   
4280   1.000E-03   6.9513E-06   1.5471E-05   6.9430E-06 / 1.5471E-05   
4290   1.000E-03   6.6579E-06   1.5249E-05   6.5560E-06 / 1.5231E-05   
4300   1.000E-03   1.0473E-05   1.9329E-05   1.0395E-05 / 1.9320E-05   
4310   1.000E-03   7.4073E-06   1.5707E-05   7.2092E-06 / 1.5612E-05   
4320   1.000E-03   9.7814E-06   2.0326E-05   9.3186E-06 / 2.0079E-05   
4330   1.000E-03   1.3995E-05   2.3226E-05   1.3811E-05 / 2.3159E-05   
4340   1.000E-03   7.2957E-06   1.6332E-05   7.1766E-06 / 1.6262E-05   
4350   1.000E-03   8.4916E-06   1.8522E-05   8.4916E-06 / 1.8522E-05   
4360   1.000E-03   7.6192E-06   1.6468E-05   7.6059E-06 / 1.6468E-05   
4370   1.000E-03   7.1678E-06   1.6246E-05   6.8147E-06 / 1.6039E-05   
4380   1.000E-03   7.7900E-06   1.7127E-05   7.7481E-06 / 1.7121E-05   
4390   1.000E-03   1.0470E-05   1.7860E-05   1.0444E-05 / 1.7859E-05   
4400   1.000E-03   9.0552E-06   1.7252E-05   8.8247E-06 / 1.7116E-05   
4410   1.000E-03   6.7787E-06   1.4187E-05   6.6737E-06 / 1.4166E-05   
4420   1.000E-03   7.4655E-06   1.7768E-05   7.2855E-06 / 1.7711E-05   
4430   1.000E-03   6.4019E-06   1.5774E-05   6.2974E-06 / 1.5745E-05   
4440   1.000E-03   6.8914E-06   1.6170E-05   6.5491E-06 / 1.6014E-05   
4450   1.000E-03   1.0300E-05   1.9017E-05   1.0227E-05 / 1.8998E-05   
4460   1.000E-03   9.9136E-06   2.0344E-05   9.6902E-06 / 2.0266E-05   
4470   1.000E-03   7.9288E-06   1.6098E-05   7.9019E-06 / 1.6096E-05   
4480   1.000E-03   7.3527E-06   1.5998E-05   7.0970E-06 / 1.5895E-05   
4490   1.000E-03   1.2347E-05   2.3440E-05   1.2101E-05 / 2.3342E-05   
4500   1.000E-03   6.7288E-06   1.5238E-05   6.6284E-06 / 1.5216E-05   
4510   1.000E-03   1.2470E-05   2.2030E-05   1.2409E-05 / 2.2016E-05   
4520   1.000E-03   6.9367E-06   1.4680E-05   6.8733E-06 / 1.4668E-05   
4530   1.000E-03   6.5919E-06   1.5974E-05   6.4961E-06 / 1.5948E-05   
4540   1.000E-03   8.4648E-06   1.7307E-05   8.0906E-06 / 1.7117E-05   
4550   1.000E-03   8.1866E-06   1.6270E-05   8.1863E-06 / 1.6270E-05   
4560   1.000E-03   6.4493E-06   1.6355E-05   6.3108E-06 / 1.6315E-05   
4570   1.000E-03   6.4600E-06   1.7198E-05   6.4131E-06 / 1.7194E-05   
4580   1.000E-03   7.5539E-06   1.5092E-05   7.5393E-06 / 1.5092E-05   
4590   1.000E-03   6.9284E-06   1.5905E-05   6.7578E-06 / 1.5849E-05   
4600   1.000E-03   3.3162E-05   3.5246E-05   3.2269E-05 / 3.4687E-05   
4610   1.000E-03   6.8910E-06   1.5151E-05   6.8773E-06 / 1.5151E-05   
4620   1.000E-03   5.8129E-06   1.5210E-05   5.7181E-06 / 1.5188E-05   
4630   1.000E-03   6.8128E-06   1.5713E-05   6.5819E-06 / 1.5620E-05   
4640   1.000E-03   7.3364E-06   1.6476E-05   7.2997E-06 / 1.6472E-05   
4650   1.000E-03   5.8715E-06   1.5391E-05   5.5457E-06 / 1.5243E-05   
4660   1.000E-03   6.0903E-06   1.4954E-05   6.0546E-06 / 1.4952E-05   
4670   1.000E-03   8.6795E-06   1.7579E-05   8.6628E-06 / 1.7579E-05   
4680   1.000E-03   8.5000E-06   1.5960E-05   8.1877E-06 / 1.5817E-05   
4690   1.000E-03   6.3973E-06   1.6643E-05   6.2618E-06 / 1.6603E-05   
4700   1.000E-03   1.1946E-05   1.9398E-05   1.1944E-05 / 1.9398E-05   
4710   1.000E-03   6.6823E-06   1.5944E-05   6.6698E-06 / 1.5944E-05   
4720   1.000E-03   5.9042E-06   1.4729E-05   5.7169E-06 / 1.4659E-05   
4730   1.000E-03   8.4017E-06   1.7726E-05   7.4762E-06 / 1.7008E-05   
4740   1.000E-03   7.3256E-06   1.6671E-05   7.2451E-06 / 1.6657E-05   
4750   1.000E-03   6.6411E-06   1.6186E-05   6.6098E-06 / 1.6181E-05   
4760   1.000E-03   6.0464E-06   1.5483E-05   6.0132E-06 / 1.5478E-05   
4770   1.000E-03   1.9362E-05   2.8267E-05   1.9274E-05 / 2.8236E-05   
4780   1.000E-03   5.9422E-06   1.7111E-05   5.8476E-06 / 1.7091E-05   
4790   1.000E-03   7.0483E-06   1.6947E-05   6.9269E-06 / 1.6905E-05   
4800   1.000E-03   7.0078E-06   1.6542E-05   6.9983E-06 / 1.6542E-05   
4810   1.000E-03   6.4828E-06   1.5386E-05   6.3302E-06 / 1.5324E-05   
4820   1.000E-03   7.9285E-06   1.8343E-05   7.8285E-06 / 1.8309E-05   
4830   1.000E-03   6.5657E-06   1.5760E-05   6.3457E-06 / 1.5672E-05   
4840   1.000E-03   5.9854E-06   1.6505E-05   5.9368E-06 / 1.6501E-05   
4850   1.000E-03   9.8958E-06   2.1949E-05   9.7390E-06 / 2.1869E-05   
4860   1.000E-03   7.8253E-06   1.7635E-05   7.8135E-06 / 1.7635E-05   
4870   1.000E-03   6.2015E-06   1.6402E-05   6.0159E-06 / 1.6337E-05   
4880   1.000E-03   7.3437E-06   1.5515E-05   7.0863E-06 / 1.5405E-05   
4890   1.000E-03   7.7252E-06   1.8366E-05   7.3987E-06 / 1.8201E-05   
4900   1.000E-03   6.6877E-06   1.6106E-05   6.5893E-06 / 1.6086E-05   
4910   1.000E-03   6.9086E-06   1.6875E-05   6.8953E-06 / 1.6875E-05   
4920   1.000E-03   7.8108E-06   1.8397E-05   6.4749E-06 / 1.7295E-05   
4930   1.000E-03   8.8101E-06   2.0111E-05   8.6371E-06 / 2.0050E-05   
4940   1.000E-03   6.2763E-06   1.5264E-05   6.2621E-06 / 1.5264E-05   
4950   1.000E-03   5.6030E-06   1.6463E-05   5.5256E-06 / 1.6450E-05   
4960   1.000E-03   8.9743E-06   1.7831E-05   8.9613E-06 / 1.7831E-05   
4970   1.000E-03   8.8318E-06   1.8155E-05   8.8137E-06 / 1.8155E-05   
4980   1.000E-03   5.6960E-06   1.5005E-05   5.5900E-06 / 1.4980E-05   
4990   1.000E-03   7.2864E-06   1.6378E-05   7.2175E-06 / 1.6366E-05   
5000   1.000E-03   8.3141E-06   1.6831E-05   8.1359E-06 / 1.6774E-05   
===============================================================================================================
Saved model to models/fp_only/TBNNiii-24May22_10:43:49.pickle
