========== Dataset info ==========
Dataset params: {'file': '/home/ryley/WDK/ML/dataset/turbulence_dataset_clean.csv', 'Cases': ['fp_1000', 'fp_1410', 'fp_2000', 'fp_2540', 'fp_3030', 'fp_3270', 'fp_3630', 'fp_3970', 'fp_4060'], 'val_set': ['fp_3030', 'fp_1410', 'fp_4060'], 'test_set': ['fp_3630'], 'data_loader': <class 'tbnn.dataloaders.aDataset'>}
Train/Valid/Test points: 760 / 468 / 168
Memorization?: False
Cluster training?: False
EPOCH     LR        TRAIN         VALID             MSE:T/V                  RL:T/V             %NR_t/%NR_v
===============================================================================================================
  1   2.000E-03   3.7710E-02   3.6877E-02   3.7710E-02 / 3.6877E-02   0.0000E+00 / 0.0000E+00   0.00% / 0.00%
 10   2.000E-03   1.1938E-03   1.1190E-03   1.1721E-03 / 1.0972E-03   1.8131E-05 / 1.8291E-05   6.71% / 6.84%
 20   2.000E-03   8.1390E-04   7.6180E-04   8.0378E-04 / 7.5175E-04   8.4522E-06 / 8.4203E-06   7.11% / 7.05%
 30   2.000E-03   5.5396E-04   5.1133E-04   5.5147E-04 / 5.0893E-04   2.0765E-06 / 2.0075E-06   6.18% / 5.98%
 40   2.000E-03   2.6931E-04   2.4453E-04   2.6931E-04 / 2.4453E-04   0.0000E+00 / 0.0000E+00   0.00% / 0.00%
 50   2.000E-03   2.0261E-04   1.8565E-04   2.0261E-04 / 1.8565E-04   0.0000E+00 / 0.0000E+00   0.00% / 0.00%
 60   2.000E-03   1.6933E-04   1.5854E-04   1.6933E-04 / 1.5854E-04   2.0947E-09 / 4.2595E-10   0.13% / 0.21%
 70   2.000E-03   1.5121E-04   1.4154E-04   1.5112E-04 / 1.4146E-04   8.0545E-08 / 6.5236E-08   1.05% / 1.28%
 80   2.000E-03   1.3301E-04   1.2654E-04   1.3284E-04 / 1.2640E-04   1.3587E-07 / 1.1672E-07   1.32% / 1.07%
 90   2.000E-03   1.1638E-04   1.0921E-04   1.1624E-04 / 1.0909E-04   1.1757E-07 / 9.9390E-08   1.18% / 1.07%
100   2.000E-03   1.0286E-04   9.5760E-05   1.0269E-04 / 9.5612E-05   1.4487E-07 / 1.2439E-07   1.32% / 1.07%
110   2.000E-03   9.3071E-05   8.5792E-05   9.2752E-05 / 8.5511E-05   2.6655E-07 / 2.3551E-07   1.45% / 1.28%
120   2.000E-03   8.4972E-05   7.8526E-05   8.4599E-05 / 7.8201E-05   3.1155E-07 / 2.7208E-07   1.58% / 1.50%
130   2.000E-03   7.7850E-05   7.2169E-05   7.7608E-05 / 7.1961E-05   2.0215E-07 / 1.7412E-07   1.18% / 1.07%
140   2.000E-03   7.1893E-05   6.6310E-05   7.1647E-05 / 6.6104E-05   2.0528E-07 / 1.7290E-07   1.05% / 1.07%
150   2.000E-03   6.7282E-05   6.2619E-05   6.6822E-05 / 6.2220E-05   3.8359E-07 / 3.3397E-07   1.32% / 1.28%
160   2.000E-03   6.3227E-05   5.8236E-05   6.3046E-05 / 5.8081E-05   1.5102E-07 / 1.2941E-07   1.05% / 1.07%
170   2.000E-03   6.0073E-05   5.4971E-05   5.9893E-05 / 5.4824E-05   1.5038E-07 / 1.2312E-07   1.18% / 1.07%
180   2.000E-03   5.6974E-05   5.2412E-05   5.6882E-05 / 5.2349E-05   7.6535E-08 / 5.2543E-08   0.92% / 1.07%
190   2.000E-03   5.4841E-05   5.0953E-05   5.4686E-05 / 5.0828E-05   1.2955E-07 / 1.0478E-07   0.92% / 1.07%
200   2.000E-03   5.0877E-05   4.6737E-05   5.0554E-05 / 4.6459E-05   2.6982E-07 / 2.3306E-07   1.18% / 1.07%
210   2.000E-03   4.8606E-05   4.4030E-05   4.8354E-05 / 4.3810E-05   2.1045E-07 / 1.8421E-07   1.18% / 0.85%
220   2.000E-03   4.6105E-05   4.2301E-05   4.5861E-05 / 4.2094E-05   2.0394E-07 / 1.7371E-07   1.18% / 1.07%
230   2.000E-03   4.3455E-05   4.0155E-05   4.3310E-05 / 4.0047E-05   1.2044E-07 / 9.0791E-08   0.92% / 0.85%
240   2.000E-03   4.2268E-05   3.9597E-05   4.2235E-05 / 3.9583E-05   2.7854E-08 / 1.2329E-08   0.79% / 0.85%
250   2.000E-03   4.0651E-05   3.7656E-05   4.0436E-05 / 3.7482E-05   1.7936E-07 / 1.4509E-07   1.05% / 1.07%
260   2.000E-03   3.9305E-05   3.6650E-05   3.9263E-05 / 3.6618E-05   3.4963E-08 / 2.6938E-08   0.92% / 0.64%
270   2.000E-03   3.7761E-05   3.5516E-05   3.7566E-05 / 3.5353E-05   1.6334E-07 / 1.3670E-07   1.18% / 1.28%
280   2.000E-03   3.6906E-05   3.4669E-05   3.6799E-05 / 3.4574E-05   8.9244E-08 / 7.9123E-08   1.18% / 0.85%
290   2.000E-03   3.6144E-05   3.4024E-05   3.5941E-05 / 3.3848E-05   1.6998E-07 / 1.4685E-07   1.18% / 0.85%
300   2.000E-03   3.6533E-05   3.4337E-05   3.6150E-05 / 3.4009E-05   3.1921E-07 / 2.7471E-07   1.32% / 1.28%
310   2.000E-03   3.5016E-05   3.3700E-05   3.4848E-05 / 3.3562E-05   1.4061E-07 / 1.1612E-07   1.05% / 0.85%
320   2.000E-03   3.4703E-05   3.2002E-05   3.4411E-05 / 3.1754E-05   2.4382E-07 / 2.0805E-07   1.18% / 1.07%
330   2.000E-03   3.3450E-05   3.1923E-05   3.3361E-05 / 3.1865E-05   7.4008E-08 / 4.8383E-08   0.79% / 0.85%
340   2.000E-03   3.3732E-05   3.0843E-05   3.3460E-05 / 3.0619E-05   2.2709E-07 / 1.8815E-07   1.18% / 1.28%
350   2.000E-03   3.2352E-05   3.0917E-05   3.2175E-05 / 3.0783E-05   1.4738E-07 / 1.1218E-07   0.92% / 1.07%
360   2.000E-03   3.2004E-05   2.9450E-05   3.1677E-05 / 2.9172E-05   2.7325E-07 / 2.3291E-07   1.05% / 1.07%
370   2.000E-03   3.0931E-05   2.9997E-05   3.0730E-05 / 2.9837E-05   1.6834E-07 / 1.3394E-07   1.05% / 1.07%
380   2.000E-03   3.1251E-05   2.9696E-05   3.1250E-05 / 2.9695E-05   9.6280E-10 / 1.0074E-09   0.53% / 0.21%
390   2.000E-03   3.0346E-05   2.8663E-05   3.0314E-05 / 2.8638E-05   2.7129E-08 / 2.0928E-08   0.79% / 0.64%
400   2.000E-03   2.9122E-05   2.7946E-05   2.9109E-05 / 2.7936E-05   1.0674E-08 / 8.4762E-09   0.66% / 0.64%
410   2.000E-03   2.8708E-05   2.7022E-05   2.8503E-05 / 2.6853E-05   1.7105E-07 / 1.4174E-07   1.18% / 1.28%
420   2.000E-03   2.8226E-05   2.6521E-05   2.8056E-05 / 2.6376E-05   1.4227E-07 / 1.2113E-07   1.18% / 1.07%
430   2.000E-03   2.9197E-05   2.7897E-05   2.8860E-05 / 2.7616E-05   2.8067E-07 / 2.3540E-07   1.32% / 1.28%
440   2.000E-03   2.9005E-05   2.8274E-05   2.8975E-05 / 2.8251E-05   2.5095E-08 / 1.9241E-08   0.66% / 0.43%
450   2.000E-03   2.7329E-05   2.5403E-05   2.7064E-05 / 2.5176E-05   2.2134E-07 / 1.8940E-07   1.32% / 0.85%
460   2.000E-03   2.6906E-05   2.5642E-05   2.6852E-05 / 2.5602E-05   4.4536E-08 / 3.3133E-08   0.79% / 0.64%
470   2.000E-03   2.6502E-05   2.5456E-05   2.6439E-05 / 2.5412E-05   5.2426E-08 / 3.7502E-08   0.79% / 0.64%
480   2.000E-03   2.6809E-05   2.5903E-05   2.6742E-05 / 2.5857E-05   5.5865E-08 / 3.8877E-08   0.66% / 0.64%
490   2.000E-03   2.6400E-05   2.4976E-05   2.6302E-05 / 2.4906E-05   8.1497E-08 / 5.8479E-08   0.92% / 0.64%
500   2.000E-03   2.5171E-05   2.4769E-05   2.5166E-05 / 2.4769E-05   3.5687E-09 / 0.0000E+00   0.13% / 0.00%
510   2.000E-03   2.4553E-05   2.4506E-05   2.4490E-05 / 2.4469E-05   5.2535E-08 / 3.0549E-08   0.79% / 0.64%
520   2.000E-03   2.4534E-05   2.5403E-05   2.4298E-05 / 2.5211E-05   1.9774E-07 / 1.6037E-07   1.18% / 1.28%
530   2.000E-03   2.3967E-05   2.3106E-05   2.3742E-05 / 2.2925E-05   1.8808E-07 / 1.5156E-07   1.18% / 1.07%
540   2.000E-03   2.4780E-05   2.4473E-05   2.4522E-05 / 2.4259E-05   2.1525E-07 / 1.7854E-07   1.32% / 1.07%
550   2.000E-03   2.4472E-05   2.4426E-05   2.4265E-05 / 2.4272E-05   1.7312E-07 / 1.2942E-07   1.58% / 1.50%
560   2.000E-03   2.2352E-05   2.2520E-05   2.2239E-05 / 2.2443E-05   9.4578E-08 / 6.4698E-08   1.05% / 1.07%
570   2.000E-03   2.2412E-05   2.2687E-05   2.2378E-05 / 2.2673E-05   2.8020E-08 / 1.2255E-08   0.79% / 1.07%
580   2.000E-03   2.1997E-05   2.1798E-05   2.1722E-05 / 2.1568E-05   2.2927E-07 / 1.9238E-07   1.32% / 1.07%
590   2.000E-03   2.2733E-05   2.2894E-05   2.2699E-05 / 2.2876E-05   2.8549E-08 / 1.4738E-08   0.79% / 0.64%
600   2.000E-03   2.2301E-05   2.1991E-05   2.2257E-05 / 2.1959E-05   3.6717E-08 / 2.6442E-08   0.92% / 0.64%
610   2.000E-03   2.2425E-05   2.3283E-05   2.2067E-05 / 2.2992E-05   2.9897E-07 / 2.4435E-07   2.24% / 1.71%
620   2.000E-03   2.1473E-05   2.2461E-05   2.1402E-05 / 2.2407E-05   6.0008E-08 / 4.5737E-08   0.92% / 0.64%
630   2.000E-03   2.0245E-05   2.1319E-05   2.0203E-05 / 2.1287E-05   3.5158E-08 / 2.6978E-08   0.79% / 0.64%
640   2.000E-03   2.3994E-05   2.4131E-05   2.3900E-05 / 2.4058E-05   7.8507E-08 / 6.1440E-08   1.18% / 0.85%
650   2.000E-03   2.0035E-05   2.1630E-05   2.0027E-05 / 2.1626E-05   6.5556E-09 / 2.8992E-09   0.26% / 0.43%
660   2.000E-03   1.9754E-05   2.0737E-05   1.9739E-05 / 2.0729E-05   1.2353E-08 / 7.1158E-09   0.39% / 0.43%
670   2.000E-03   1.8844E-05   1.9999E-05   1.8691E-05 / 1.9879E-05   1.2704E-07 / 1.0096E-07   1.05% / 0.85%
680   2.000E-03   1.8451E-05   2.0034E-05   1.8447E-05 / 2.0034E-05   3.7040E-09 / 1.2703E-12   0.13% / 0.21%
690   2.000E-03   1.8768E-05   2.1174E-05   1.8748E-05 / 2.1167E-05   1.6317E-08 / 5.9132E-09   0.66% / 0.64%
700   2.000E-03   2.0402E-05   2.1321E-05   2.0255E-05 / 2.1242E-05   1.2269E-07 / 6.5588E-08   3.29% / 1.92%
710   2.000E-03   1.8838E-05   2.0526E-05   1.8838E-05 / 2.0526E-05   0.0000E+00 / 0.0000E+00   0.00% / 0.00%
720   2.000E-03   1.7389E-05   1.8328E-05   1.7336E-05 / 1.8300E-05   4.4266E-08 / 2.3611E-08   0.92% / 0.85%
730   2.000E-03   1.6984E-05   1.8132E-05   1.6817E-05 / 1.7997E-05   1.3920E-07 / 1.1322E-07   1.32% / 1.07%
740   2.000E-03   1.6835E-05   1.8866E-05   1.6826E-05 / 1.8866E-05   7.1093E-09 / 0.0000E+00   0.26% / 0.00%
750   2.000E-03   1.9800E-05   2.3290E-05   1.9722E-05 / 2.3234E-05   6.5499E-08 / 4.6876E-08   1.18% / 1.07%
760   2.000E-03   1.5783E-05   1.7470E-05   1.5736E-05 / 1.7441E-05   3.9158E-08 / 2.4917E-08   0.92% / 1.07%
770   2.000E-03   1.6982E-05   1.9153E-05   1.6974E-05 / 1.9152E-05   7.3528E-09 / 3.6466E-10   0.39% / 0.43%
780   2.000E-03   1.6486E-05   1.9413E-05   1.6457E-05 / 1.9402E-05   2.3878E-08 / 9.0523E-09   1.58% / 1.07%
790   2.000E-03   1.5007E-05   1.7878E-05   1.5007E-05 / 1.7878E-05   1.0342E-11 / 0.0000E+00   0.13% / 0.00%
800   2.000E-03   1.4425E-05   1.6785E-05   1.4425E-05 / 1.6785E-05   0.0000E+00 / 0.0000E+00   0.00% / 0.00%
810   2.000E-03   1.4151E-05   1.7038E-05   1.4105E-05 / 1.7010E-05   3.8269E-08 / 2.3641E-08   0.92% / 0.64%
820   2.000E-03   1.3633E-05   1.6171E-05   1.3602E-05 / 1.6158E-05   2.5693E-08 / 1.1156E-08   0.92% / 0.64%
830   2.000E-03   1.4602E-05   1.7393E-05   1.4534E-05 / 1.7354E-05   5.6767E-08 / 3.2510E-08   0.92% / 0.64%
840   2.000E-03   1.4472E-05   1.6966E-05   1.4438E-05 / 1.6956E-05   2.8585E-08 / 8.3359E-09   1.05% / 0.85%
850   2.000E-03   1.3243E-05   1.5046E-05   1.3188E-05 / 1.5032E-05   4.6365E-08 / 1.1794E-08   1.32% / 1.28%
860   2.000E-03   1.2796E-05   1.5556E-05   1.2738E-05 / 1.5539E-05   4.8815E-08 / 1.4114E-08   1.05% / 0.85%
870   2.000E-03   1.3733E-05   1.6265E-05   1.3720E-05 / 1.6265E-05   1.1165E-08 / 1.0568E-10   0.92% / 0.21%
880   2.000E-03   1.3068E-05   1.5347E-05   1.3065E-05 / 1.5347E-05   2.3389E-09 / 0.0000E+00   0.39% / 0.00%
890   2.000E-03   1.4833E-05   1.8440E-05   1.4776E-05 / 1.8409E-05   4.8076E-08 / 2.6045E-08   1.32% / 1.28%
900   2.000E-03   1.2430E-05   1.4814E-05   1.2380E-05 / 1.4771E-05   4.1735E-08 / 3.5880E-08   0.92% / 0.85%
910   2.000E-03   1.2393E-05   1.4708E-05   1.2365E-05 / 1.4670E-05   2.3940E-08 / 3.1438E-08   0.92% / 0.64%
920   2.000E-03   1.6411E-05   1.9967E-05   1.5630E-05 / 1.9302E-05   6.5243E-07 / 5.5666E-07   5.13% / 4.70%
930   2.000E-03   1.2052E-05   1.5191E-05   1.2041E-05 / 1.5191E-05   9.5375E-09 / 4.3476E-10   0.66% / 0.43%
940   2.000E-03   1.3306E-05   1.5933E-05   1.3265E-05 / 1.5920E-05   3.4080E-08 / 1.1170E-08   1.84% / 1.07%
950   2.000E-03   1.1314E-05   1.3846E-05   1.1289E-05 / 1.3809E-05   2.1296E-08 / 3.1399E-08   0.92% / 0.43%
960   2.000E-03   1.1845E-05   1.4597E-05   1.1484E-05 / 1.4237E-05   3.0218E-07 / 3.0201E-07   2.76% / 1.92%
970   2.000E-03   1.1139E-05   1.4113E-05   1.1116E-05 / 1.4087E-05   1.9675E-08 / 2.2050E-08   0.79% / 0.64%
980   2.000E-03   1.0794E-05   1.3947E-05   1.0789E-05 / 1.3947E-05   3.8888E-09 / 2.9800E-11   0.26% / 0.21%
990   2.000E-03   1.0995E-05   1.3954E-05   1.0993E-05 / 1.3954E-05   1.5641E-09 / 0.0000E+00   0.26% / 0.00%
1000   2.000E-03   1.0662E-05   1.3449E-05   1.0597E-05 / 1.3414E-05   5.3989E-08 / 2.9306E-08   0.66% / 0.64%
1010   2.000E-03   1.0915E-05   1.3755E-05   1.0900E-05 / 1.3755E-05   1.2623E-08 / 1.6290E-11   0.66% / 0.21%
1020   2.000E-03   1.1791E-05   1.4726E-05   1.1536E-05 / 1.4556E-05   2.1278E-07 / 1.4273E-07   1.18% / 1.07%
1030   2.000E-03   1.1059E-05   1.4335E-05   1.0913E-05 / 1.4275E-05   1.2194E-07 / 5.0241E-08   0.79% / 0.64%
1040   2.000E-03   1.0919E-05   1.3882E-05   1.0891E-05 / 1.3874E-05   2.3346E-08 / 7.0388E-09   0.92% / 0.85%
1050   2.000E-03   1.1399E-05   1.4929E-05   1.1399E-05 / 1.4929E-05   1.4580E-10 / 0.0000E+00   0.13% / 0.00%
1060   2.000E-03   9.7523E-06   1.2876E-05   9.6576E-06 / 1.2854E-05   7.9072E-08 / 1.8194E-08   0.92% / 0.43%
1070   2.000E-03   9.6990E-06   1.3200E-05   9.6982E-06 / 1.3200E-05   7.1872E-10 / 0.0000E+00   0.26% / 0.00%
1080   2.000E-03   1.0540E-05   1.3508E-05   1.0504E-05 / 1.3504E-05   3.0131E-08 / 2.6401E-09   0.79% / 0.43%
1090   2.000E-03   9.4795E-06   1.2437E-05   9.4741E-06 / 1.2437E-05   4.5008E-09 / 1.0335E-10   0.39% / 0.21%
1100   2.000E-03   9.4818E-06   1.2357E-05   9.4111E-06 / 1.2306E-05   5.9034E-08 / 4.2704E-08   0.92% / 0.64%
1110   2.000E-03   9.9695E-06   1.3097E-05   9.9355E-06 / 1.3084E-05   2.8325E-08 / 1.0808E-08   1.32% / 1.07%
1120   2.000E-03   9.1970E-06   1.2483E-05   9.1708E-06 / 1.2433E-05   2.1897E-08 / 4.1814E-08   0.79% / 0.43%
1130   2.000E-03   8.8204E-06   1.1756E-05   8.8198E-06 / 1.1754E-05   4.7363E-10 / 2.2624E-09   0.26% / 0.43%
1140   2.000E-03   9.2180E-06   1.2231E-05   9.2124E-06 / 1.2231E-05   4.7184E-09 / 0.0000E+00   0.66% / 0.00%
BEST MODEL
===============================================================================================================
1094   2.000E-03   9.5032E-06   1.1671E-05   9.3907E-06 / 1.1610E-05   9.3934E-08 / 5.1637E-08   1.32% / 1.07%
===============================================================================================================
Saved model to models/fp_only/TBNNiii-23Aug19_20:39:47.pickle
===================================
=======FLAT PLATE EVALUATION=======
===================================
========== Dataset info ==========
Dataset params: {'file': '/home/ryley/WDK/ML/dataset/turbulence_dataset_clean.csv', 'Cases': ['fp_1000', 'fp_1410', 'fp_2000', 'fp_2540', 'fp_3030', 'fp_3270', 'fp_3630', 'fp_3970', 'fp_4060'], 'val_set': ['fp_3030', 'fp_1410', 'fp_4060'], 'test_set': ['fp_3630'], 'data_loader': <class 'tbnn.dataloaders.aDataset'>}
Train/Valid/Test points: 760 / 468 / 168
Memorization?: False
Cluster training?: False
Final model performance:
======= Training =======
aLoss:   9.5032E-06
mse_b:   3.3460E-03
realzLoss: 9.3934E-08
%unrealiz: 1.3158%
mse_a (khat):   9.3907E-06
======= Validation =======
aLoss:   1.1671E-05
mse_b:   3.2744E-03
realzLoss: 5.1637E-08
%unrealiz: 1.0684%
mse_a (khat):   1.1610E-05
======= Testing =======
aLoss:   8.6422E-06
mse_b:   3.0882E-03
realzLoss: 0.0000E+00
%unrealiz: 0.0000%
mse_a (khat):   8.6422E-06
