========== Dataset info ==========
Dataset params: {'file': '/home/ryley/WDK/ML/dataset/turbulence_dataset_clean.csv', 'Cases': ['fp_1000', 'fp_1410', 'fp_2000', 'fp_2540', 'fp_3030', 'fp_3270', 'fp_3630', 'fp_3970', 'fp_4060'], 'val_set': ['fp_3030', 'fp_1410', 'fp_4060'], 'test_set': ['fp_3630'], 'data_loader': <class 'tbnn.dataloaders.aDataset'>}
Train/Valid/Test points: 760 / 468 / 168
Memorization?: False
Cluster training?: False
EPOCH     LR        TRAIN         VALID             MSE:T/V                  RL:T/V             %NR_t/%NR_v
===============================================================================================================
  1   1.000E-03   2.1198E-01   2.0826E-01   2.1198E-01 / 2.0826E-01   
 10   1.000E-03   1.1322E-02   1.1030E-02   1.1276E-02 / 1.0981E-02   
 20   1.000E-03   2.0956E-03   2.0060E-03   2.0858E-03 / 1.9958E-03   
 30   1.000E-03   1.6317E-03   1.5577E-03   1.6291E-03 / 1.5551E-03   
 40   1.000E-03   1.4277E-03   1.3674E-03   1.4224E-03 / 1.3621E-03   
 50   1.000E-03   1.3026E-03   1.2403E-03   1.3010E-03 / 1.2387E-03   
 60   1.000E-03   1.1828E-03   1.1403E-03   1.1810E-03 / 1.1385E-03   
 70   1.000E-03   1.0494E-03   9.9867E-04   1.0468E-03 / 9.9611E-04   
 80   1.000E-03   9.2283E-04   8.7021E-04   9.2110E-04 / 8.6849E-04   
 90   1.000E-03   8.1506E-04   7.6993E-04   8.0969E-04 / 7.6467E-04   
100   1.000E-03   7.4013E-04   6.9612E-04   7.3366E-04 / 6.8974E-04   
110   1.000E-03   6.9295E-04   6.4439E-04   6.8868E-04 / 6.4020E-04   
120   1.000E-03   6.3862E-04   5.7884E-04   6.3287E-04 / 5.7316E-04   
130   1.000E-03   5.9462E-04   5.3347E-04   5.9251E-04 / 5.3142E-04   
140   1.000E-03   5.3974E-04   4.8982E-04   5.3768E-04 / 4.8780E-04   
150   1.000E-03   4.9762E-04   4.4828E-04   4.9754E-04 / 4.4820E-04   
160   1.000E-03   4.5449E-04   4.0777E-04   4.5308E-04 / 4.0640E-04   
170   1.000E-03   4.2382E-04   3.8466E-04   4.2136E-04 / 3.8229E-04   
180   1.000E-03   4.1506E-04   3.7459E-04   4.1506E-04 / 3.7459E-04   
190   1.000E-03   3.6273E-04   3.1482E-04   3.6203E-04 / 3.1415E-04   
200   1.000E-03   3.3345E-04   2.9071E-04   3.3338E-04 / 2.9065E-04   
210   1.000E-03   3.0105E-04   2.6641E-04   3.0103E-04 / 2.6640E-04   
220   1.000E-03   2.7740E-04   2.5382E-04   2.7638E-04 / 2.5283E-04   
230   1.000E-03   2.5833E-04   2.3641E-04   2.5730E-04 / 2.3538E-04   
240   1.000E-03   2.3707E-04   2.1446E-04   2.3651E-04 / 2.1393E-04   
250   1.000E-03   2.2733E-04   2.0252E-04   2.2701E-04 / 2.0222E-04   
260   1.000E-03   2.1502E-04   2.0066E-04   2.1308E-04 / 1.9878E-04   
270   1.000E-03   2.0187E-04   1.8443E-04   2.0051E-04 / 1.8312E-04   
280   1.000E-03   1.8874E-04   1.7232E-04   1.8865E-04 / 1.7226E-04   
290   1.000E-03   1.8686E-04   1.6947E-04   1.8595E-04 / 1.6859E-04   
300   1.000E-03   1.6994E-04   1.5439E-04   1.6972E-04 / 1.5418E-04   
310   1.000E-03   1.6175E-04   1.4665E-04   1.6168E-04 / 1.4659E-04   
320   1.000E-03   1.6924E-04   1.5000E-04   1.6924E-04 / 1.5000E-04   
330   1.000E-03   1.5036E-04   1.3718E-04   1.4850E-04 / 1.3543E-04   
340   1.000E-03   1.4266E-04   1.3256E-04   1.4109E-04 / 1.3108E-04   
350   1.000E-03   1.3406E-04   1.2582E-04   1.3384E-04 / 1.2565E-04   
360   1.000E-03   1.2870E-04   1.1826E-04   1.2811E-04 / 1.1773E-04   
370   1.000E-03   1.2703E-04   1.1873E-04   1.2666E-04 / 1.1841E-04   
380   1.000E-03   1.2164E-04   1.1245E-04   1.1932E-04 / 1.1029E-04   
390   1.000E-03   1.1822E-04   1.1154E-04   1.1534E-04 / 1.0885E-04   
400   1.000E-03   1.2372E-04   1.1372E-04   1.2217E-04 / 1.1226E-04   
410   1.000E-03   1.1269E-04   1.0620E-04   1.1207E-04 / 1.0564E-04   
420   1.000E-03   2.0274E-04   1.8763E-04   2.0274E-04 / 1.8763E-04   
430   1.000E-03   1.0377E-04   9.8113E-05   1.0299E-04 / 9.7406E-05   
440   1.000E-03   1.0984E-04   1.0564E-04   1.0952E-04 / 1.0534E-04   
450   1.000E-03   1.0042E-04   9.3906E-05   9.9807E-05 / 9.3349E-05   
460   1.000E-03   9.4269E-05   8.8370E-05   9.3578E-05 / 8.7741E-05   
470   1.000E-03   1.1037E-04   1.0804E-04   1.1035E-04 / 1.0804E-04   
480   1.000E-03   1.6955E-04   1.6268E-04   1.6955E-04 / 1.6268E-04   
490   1.000E-03   9.6479E-05   9.3189E-05   9.6329E-05 / 9.3077E-05   
500   1.000E-03   8.8861E-05   8.2751E-05   8.8649E-05 / 8.2583E-05   
510   1.000E-03   9.4492E-05   9.2228E-05   9.1131E-05 / 8.9071E-05   
520   1.000E-03   8.9576E-05   8.2899E-05   8.8364E-05 / 8.1813E-05   
530   1.000E-03   8.2954E-05   7.8675E-05   8.2440E-05 / 7.8226E-05   
540   1.000E-03   8.8258E-05   8.1477E-05   8.7909E-05 / 8.1170E-05   
550   1.000E-03   7.9798E-05   7.5553E-05   7.9268E-05 / 7.5075E-05   
560   1.000E-03   8.5773E-05   8.0870E-05   8.5754E-05 / 8.0849E-05   
570   1.000E-03   8.0570E-05   7.6082E-05   8.0563E-05 / 7.6079E-05   
580   1.000E-03   7.6817E-05   7.4465E-05   7.6137E-05 / 7.3849E-05   
590   1.000E-03   7.9772E-05   7.3987E-05   7.9379E-05 / 7.3634E-05   
600   1.000E-03   7.6189E-05   7.3687E-05   7.6061E-05 / 7.3571E-05   
610   1.000E-03   7.4380E-05   7.1804E-05   7.4116E-05 / 7.1565E-05   
620   1.000E-03   7.7103E-05   7.7299E-05   7.6259E-05 / 7.6526E-05   
630   1.000E-03   8.2468E-05   7.8765E-05   8.1799E-05 / 7.8143E-05   
640   1.000E-03   7.0699E-05   6.9087E-05   7.0049E-05 / 6.8495E-05   
650   1.000E-03   7.5214E-05   7.2975E-05   7.5195E-05 / 7.2975E-05   
660   1.000E-03   7.0483E-05   6.9118E-05   6.9640E-05 / 6.8337E-05   
670   1.000E-03   8.4830E-05   8.0239E-05   8.4652E-05 / 8.0112E-05   
680   1.000E-03   6.6020E-05   6.5391E-05   6.5767E-05 / 6.5193E-05   
690   1.000E-03   6.5640E-05   6.6019E-05   6.4800E-05 / 6.5257E-05   
700   1.000E-03   6.2760E-05   6.2473E-05   6.2573E-05 / 6.2347E-05   
710   1.000E-03   6.8748E-05   6.6457E-05   6.8207E-05 / 6.6006E-05   
720   1.000E-03   6.0439E-05   6.2206E-05   6.0081E-05 / 6.1926E-05   
730   1.000E-03   5.9200E-05   6.0031E-05   5.8403E-05 / 5.9354E-05   
740   1.000E-03   6.5263E-05   6.5498E-05   6.5187E-05 / 6.5441E-05   
750   1.000E-03   7.8745E-05   7.7636E-05   7.8726E-05 / 7.7616E-05   
760   1.000E-03   6.6121E-05   6.7804E-05   6.5860E-05 / 6.7597E-05   
770   1.000E-03   6.0103E-05   5.9707E-05   6.0010E-05 / 5.9626E-05   
780   1.000E-03   5.9910E-05   6.1097E-05   5.9904E-05 / 6.1088E-05   
790   1.000E-03   5.7542E-05   5.9111E-05   5.6770E-05 / 5.8468E-05   
800   1.000E-03   5.5306E-05   5.7430E-05   5.4963E-05 / 5.7139E-05   
810   1.000E-03   6.8146E-05   6.7593E-05   6.8144E-05 / 6.7592E-05   
820   1.000E-03   5.5080E-05   5.7612E-05   5.5044E-05 / 5.7591E-05   
830   1.000E-03   5.3816E-05   5.5760E-05   5.3748E-05 / 5.5689E-05   
840   1.000E-03   5.5400E-05   5.6118E-05   5.5240E-05 / 5.5967E-05   
850   1.000E-03   5.2102E-05   5.3671E-05   5.2075E-05 / 5.3651E-05   
860   1.000E-03   5.2208E-05   5.4767E-05   5.2052E-05 / 5.4627E-05   
870   1.000E-03   1.4639E-04   1.4708E-04   1.4440E-04 / 1.4524E-04   
880   1.000E-03   4.9704E-05   5.3440E-05   4.9675E-05 / 5.3427E-05   
890   1.000E-03   4.9492E-05   5.2885E-05   4.9444E-05 / 5.2858E-05   
900   1.000E-03   6.5633E-05   6.7091E-05   6.5565E-05 / 6.7053E-05   
910   1.000E-03   5.1695E-05   5.3279E-05   5.1689E-05 / 5.3279E-05   
920   1.000E-03   6.3971E-05   6.8691E-05   6.1306E-05 / 6.6386E-05   
930   1.000E-03   4.6767E-05   5.0119E-05   4.6360E-05 / 4.9759E-05   
940   1.000E-03   4.6121E-05   4.8950E-05   4.5990E-05 / 4.8866E-05   
950   1.000E-03   5.2311E-05   5.3855E-05   5.2293E-05 / 5.3855E-05   
960   1.000E-03   4.6527E-05   4.8296E-05   4.6286E-05 / 4.8112E-05   
970   1.000E-03   4.5942E-05   4.6955E-05   4.5900E-05 / 4.6950E-05   
980   1.000E-03   4.4644E-05   4.7658E-05   4.4338E-05 / 4.7419E-05   
990   1.000E-03   5.7589E-05   6.5467E-05   5.3872E-05 / 6.2014E-05   
1000   1.000E-03   7.4596E-05   7.7328E-05   6.7360E-05 / 7.0971E-05   
1010   1.000E-03   4.2556E-05   4.7483E-05   4.2263E-05 / 4.7275E-05   
1020   1.000E-03   6.9032E-05   7.3437E-05   6.8831E-05 / 7.3334E-05   
1030   1.000E-03   4.1385E-05   4.5460E-05   4.1251E-05 / 4.5386E-05   
1040   1.000E-03   4.3148E-05   4.6353E-05   4.3047E-05 / 4.6301E-05   
1050   1.000E-03   4.0498E-05   4.3423E-05   4.0345E-05 / 4.3333E-05   
1060   1.000E-03   4.7845E-05   5.2800E-05   4.6019E-05 / 5.1165E-05   
1070   1.000E-03   4.4124E-05   4.8488E-05   4.3585E-05 / 4.8085E-05   
1080   1.000E-03   4.1558E-05   4.4400E-05   4.1336E-05 / 4.4251E-05   
1090   1.000E-03   6.0393E-05   6.7638E-05   5.6449E-05 / 6.4127E-05   
1100   1.000E-03   4.0872E-05   4.6259E-05   4.0824E-05 / 4.6221E-05   
1110   1.000E-03   4.5096E-05   4.9519E-05   4.4950E-05 / 4.9411E-05   
1120   1.000E-03   3.7867E-05   4.2366E-05   3.7815E-05 / 4.2317E-05   
1130   1.000E-03   4.0764E-05   4.5387E-05   4.0631E-05 / 4.5282E-05   
1140   1.000E-03   3.8153E-05   4.2167E-05   3.8005E-05 / 4.2049E-05   
1150   1.000E-03   3.8316E-05   4.5408E-05   3.8020E-05 / 4.5177E-05   
1160   1.000E-03   4.0242E-05   4.4351E-05   3.9595E-05 / 4.3861E-05   
1170   1.000E-03   5.5283E-05   5.9492E-05   5.5270E-05 / 5.9483E-05   
1180   1.000E-03   3.6826E-05   4.2047E-05   3.6161E-05 / 4.1521E-05   
1190   1.000E-03   3.7626E-05   4.4129E-05   3.7302E-05 / 4.3856E-05   
1200   1.000E-03   3.8284E-05   4.0765E-05   3.8078E-05 / 4.0580E-05   
1210   1.000E-03   3.6746E-05   4.0959E-05   3.6700E-05 / 4.0919E-05   
1220   1.000E-03   3.6996E-05   4.2074E-05   3.6964E-05 / 4.2053E-05   
1230   1.000E-03   3.5883E-05   4.1490E-05   3.5789E-05 / 4.1415E-05   
1240   1.000E-03   3.8973E-05   4.4999E-05   3.7918E-05 / 4.4058E-05   
1250   1.000E-03   3.4267E-05   4.1819E-05   3.4136E-05 / 4.1715E-05   
1260   1.000E-03   3.8859E-05   4.3595E-05   3.8587E-05 / 4.3356E-05   
1270   1.000E-03   4.5417E-05   5.2760E-05   4.3442E-05 / 5.1137E-05   
1280   1.000E-03   3.6557E-05   4.2426E-05   3.6234E-05 / 4.2146E-05   
1290   1.000E-03   3.5050E-05   4.0777E-05   3.4847E-05 / 4.0625E-05   
1300   1.000E-03   3.4254E-05   4.1452E-05   3.3677E-05 / 4.0945E-05   
1310   1.000E-03   4.8377E-05   5.4351E-05   4.7306E-05 / 5.3859E-05   
1320   1.000E-03   3.4247E-05   4.0365E-05   3.4116E-05 / 4.0284E-05   
1330   1.000E-03   3.4093E-05   3.9541E-05   3.4074E-05 / 3.9541E-05   
1340   1.000E-03   3.8099E-05   4.2877E-05   3.7871E-05 / 4.2719E-05   
1350   1.000E-03   3.5195E-05   4.2311E-05   3.4522E-05 / 4.1795E-05   
1360   1.000E-03   3.1668E-05   3.7905E-05   3.1526E-05 / 3.7835E-05   
1370   1.000E-03   3.1480E-05   3.7750E-05   3.1381E-05 / 3.7719E-05   
1380   1.000E-03   3.4634E-05   4.0672E-05   3.4505E-05 / 4.0671E-05   
1390   1.000E-03   3.2172E-05   3.8541E-05   3.2043E-05 / 3.8491E-05   
1400   1.000E-03   3.2169E-05   3.8923E-05   3.1849E-05 / 3.8728E-05   
1410   1.000E-03   3.6182E-05   4.2191E-05   3.6075E-05 / 4.2182E-05   
1420   1.000E-03   3.6882E-05   4.4449E-05   3.6602E-05 / 4.4292E-05   
1430   1.000E-03   3.8358E-05   4.2680E-05   3.8199E-05 / 4.2614E-05   
1440   1.000E-03   3.2910E-05   4.0889E-05   3.2712E-05 / 4.0803E-05   
1450   1.000E-03   3.0554E-05   3.7507E-05   3.0381E-05 / 3.7419E-05   
1460   1.000E-03   2.9964E-05   3.7285E-05   2.9781E-05 / 3.7198E-05   
1470   1.000E-03   3.0893E-05   3.8206E-05   3.0874E-05 / 3.8204E-05   
1480   1.000E-03   3.0027E-05   3.7119E-05   2.9791E-05 / 3.6994E-05   
1490   1.000E-03   3.0991E-05   3.7644E-05   3.0772E-05 / 3.7538E-05   
1500   1.000E-03   2.9743E-05   3.7077E-05   2.9713E-05 / 3.7067E-05   
1510   1.000E-03   3.5685E-05   4.0438E-05   3.5389E-05 / 4.0277E-05   
1520   1.000E-03   3.1210E-05   3.9825E-05   3.1092E-05 / 3.9763E-05   
1530   1.000E-03   2.9553E-05   3.4978E-05   2.9497E-05 / 3.4950E-05   
1540   1.000E-03   4.0057E-05   4.9859E-05   3.9816E-05 / 4.9674E-05   
1550   1.000E-03   4.2946E-05   4.8570E-05   4.2943E-05 / 4.8570E-05   
1560   1.000E-03   2.9101E-05   3.5706E-05   2.9069E-05 / 3.5684E-05   
1570   1.000E-03   3.1890E-05   3.9442E-05   3.1807E-05 / 3.9388E-05   
1580   1.000E-03   3.1333E-05   3.9078E-05   3.1259E-05 / 3.9029E-05   
1590   1.000E-03   3.0604E-05   3.8095E-05   3.0257E-05 / 3.7880E-05   
1600   1.000E-03   2.7719E-05   3.5132E-05   2.7628E-05 / 3.5071E-05   
1610   1.000E-03   2.9527E-05   3.7042E-05   2.8893E-05 / 3.6540E-05   
1620   1.000E-03   3.1380E-05   3.8826E-05   3.0893E-05 / 3.8478E-05   
1630   1.000E-03   3.2513E-05   4.0397E-05   3.1423E-05 / 3.9582E-05   
1640   1.000E-03   2.8907E-05   3.5582E-05   2.8905E-05 / 3.5582E-05   
1650   1.000E-03   1.4382E-04   1.5071E-04   1.4381E-04 / 1.5070E-04   
1660   1.000E-03   2.6896E-05   3.4221E-05   2.6839E-05 / 3.4170E-05   
1670   1.000E-03   2.6418E-05   3.3765E-05   2.6341E-05 / 3.3698E-05   
1680   1.000E-03   2.7228E-05   3.5328E-05   2.7181E-05 / 3.5287E-05   
1690   1.000E-03   2.7555E-05   3.5824E-05   2.7516E-05 / 3.5788E-05   
1700   1.000E-03   2.8857E-05   3.7823E-05   2.8697E-05 / 3.7683E-05   
1710   1.000E-03   2.7827E-05   3.4731E-05   2.7776E-05 / 3.4684E-05   
1720   1.000E-03   2.8654E-05   3.6093E-05   2.8499E-05 / 3.5956E-05   
1730   1.000E-03   2.7146E-05   3.4458E-05   2.7119E-05 / 3.4442E-05   
1740   1.000E-03   2.5847E-05   3.3243E-05   2.5718E-05 / 3.3123E-05   
1750   1.000E-03   2.5640E-05   3.3536E-05   2.5611E-05 / 3.3515E-05   
1760   1.000E-03   2.8089E-05   3.6690E-05   2.7921E-05 / 3.6539E-05   
1770   1.000E-03   2.7060E-05   3.5837E-05   2.7002E-05 / 3.5793E-05   
1780   1.000E-03   2.6255E-05   3.4124E-05   2.6174E-05 / 3.4056E-05   
1790   1.000E-03   2.9152E-05   3.5677E-05   2.8975E-05 / 3.5521E-05   
1800   1.000E-03   2.5614E-05   3.2993E-05   2.5500E-05 / 3.2899E-05   
1810   1.000E-03   2.6405E-05   3.5256E-05   2.6184E-05 / 3.5063E-05   
1820   1.000E-03   2.4747E-05   3.3806E-05   2.4695E-05 / 3.3775E-05   
1830   1.000E-03   2.5799E-05   3.3259E-05   2.5746E-05 / 3.3228E-05   
1840   1.000E-03   2.8029E-05   3.6014E-05   2.7791E-05 / 3.5814E-05   
1850   1.000E-03   2.5414E-05   3.4331E-05   2.5368E-05 / 3.4310E-05   
1860   1.000E-03   2.7683E-05   3.1493E-05   2.7620E-05 / 3.1461E-05   
1870   1.000E-03   2.7314E-05   3.4708E-05   2.7304E-05 / 3.4708E-05   
1880   1.000E-03   2.9525E-05   3.7435E-05   2.9466E-05 / 3.7413E-05   
1890   1.000E-03   3.0734E-05   3.7300E-05   3.0653E-05 / 3.7288E-05   
1900   1.000E-03   2.5007E-05   3.1747E-05   2.4882E-05 / 3.1678E-05   
1910   1.000E-03   2.7949E-05   3.6040E-05   2.7908E-05 / 3.6031E-05   
1920   1.000E-03   2.5551E-05   3.3923E-05   2.5089E-05 / 3.3538E-05   
1930   1.000E-03   2.7075E-05   3.7098E-05   2.6736E-05 / 3.6841E-05   
1940   1.000E-03   2.5568E-05   3.5434E-05   2.4475E-05 / 3.4475E-05   
1950   1.000E-03   2.3744E-05   3.2174E-05   2.3639E-05 / 3.2132E-05   
1960   1.000E-03   2.3325E-05   3.0716E-05   2.3265E-05 / 3.0702E-05   
1970   1.000E-03   2.5751E-05   3.4753E-05   2.5369E-05 / 3.4500E-05   
1980   1.000E-03   2.3514E-05   3.1687E-05   2.3180E-05 / 3.1435E-05   
1990   1.000E-03   2.7194E-05   3.5108E-05   2.7052E-05 / 3.5039E-05   
2000   1.000E-03   2.7065E-05   3.7818E-05   2.6917E-05 / 3.7749E-05   
===============================================================================================================
Saved model to models/fp_only/TBNNiii-24May22_10:22:42.pickle
