========== Dataset info ==========
Dataset params: {'file': '/home/nikhila/WDC/kan/dataset/turbulence_dataset_clean.csv', 'Cases': ['squareDuctAve_Re_1100', 'squareDuctAve_Re_1150', 'squareDuctAve_Re_1250', 'squareDuctAve_Re_1300', 'squareDuctAve_Re_1350', 'squareDuctAve_Re_1400', 'squareDuctAve_Re_1500', 'squareDuctAve_Re_1600', 'squareDuctAve_Re_1800', 'squareDuctAve_Re_2000', 'squareDuctAve_Re_2205', 'squareDuctAve_Re_2400', 'squareDuctAve_Re_2600', 'squareDuctAve_Re_2900', 'squareDuctAve_Re_3200', 'squareDuctAve_Re_3500'], 'val_set': ['squareDuctAve_Re_1300', 'squareDuctAve_Re_1800', 'squareDuctAve_Re_3200'], 'test_set': ['squareDuctAve_Re_2000'], 'data_loader': <class 'tbnn.dataloaders.aDataset'>}
Train/Valid/Test points: 110592 / 27648 / 9216
Memorization?: False
Cluster training?: False
EPOCH     LR        TRAIN         VALID             MSE:T/V                  RL:T/V             %NR_t/%NR_v
===============================================================================================================
  1   4.038E-04   2.4871E-03   2.4506E-03   2.4850E-03 / 2.4452E-03   
 10   4.038E-04   5.6413E-04   6.5773E-04   5.6353E-04 / 6.5259E-04   
 20   4.038E-04   4.9056E-04   5.9526E-04   4.9023E-04 / 5.9149E-04   
 30   4.038E-04   4.3143E-04   5.9217E-04   4.3025E-04 / 5.6222E-04   
 40   4.038E-04   3.8896E-04   5.4030E-04   3.8838E-04 / 5.2299E-04   
 50   4.038E-04   3.9866E-04   5.8112E-04   3.9745E-04 / 5.6147E-04   
 60   4.038E-04   3.6701E-04   5.3106E-04   3.6588E-04 / 5.0542E-04   
 70   4.038E-04   3.7204E-04   5.6614E-04   3.7144E-04 / 5.4988E-04   
 80   4.038E-04   3.6166E-04   5.1865E-04   3.6111E-04 / 4.9962E-04   
 90   4.038E-04   3.7473E-04   5.3615E-04   3.7430E-04 / 5.2647E-04   
100   4.038E-04   4.8137E-04   6.4627E-04   4.7941E-04 / 6.2798E-04   
110   4.038E-04   3.5730E-04   5.3227E-04   3.5710E-04 / 5.2590E-04   
120   4.038E-04   3.7064E-04   5.2268E-04   3.6998E-04 / 5.0215E-04   
130   4.038E-04   3.5490E-04   5.3196E-04   3.5451E-04 / 5.1353E-04   
140   4.038E-04   3.4394E-04   5.2863E-04   3.4262E-04 / 5.1680E-04   
150   4.038E-04   3.3861E-04   5.0037E-04   3.3812E-04 / 4.9047E-04   
160   4.038E-04   3.3501E-04   5.7409E-04   3.3425E-04 / 5.2181E-04   
170   4.038E-04   3.3815E-04   5.4356E-04   3.3654E-04 / 4.9412E-04   
180   4.038E-04   3.3238E-04   5.3142E-04   3.3197E-04 / 5.1959E-04   
190   4.038E-04   3.2980E-04   5.0914E-04   3.2954E-04 / 5.0110E-04   
200   4.038E-04   3.5372E-04   5.2065E-04   3.5361E-04 / 5.1393E-04   
210   4.038E-04   3.5013E-04   5.1107E-04   3.4947E-04 / 5.0452E-04   
220   4.038E-04   3.3474E-04   5.3524E-04   3.3347E-04 / 5.1635E-04   
230   4.038E-04   3.3018E-04   5.5207E-04   3.3000E-04 / 5.1351E-04   
240   4.038E-04   3.3657E-04   5.7013E-04   3.3637E-04 / 5.4438E-04   
250   4.038E-04   3.3446E-04   5.5507E-04   3.3428E-04 / 5.4359E-04   
260   4.038E-04   3.3325E-04   5.3368E-04   3.3310E-04 / 5.2255E-04   
270   4.038E-04   3.2583E-04   5.5172E-04   3.2555E-04 / 5.3194E-04   
280   4.038E-04   3.2060E-04   5.3223E-04   3.2040E-04 / 5.0940E-04   
290   4.038E-04   3.2417E-04   5.6311E-04   3.2407E-04 / 5.5274E-04   
300   4.038E-04   3.1986E-04   5.5079E-04   3.1953E-04 / 5.2591E-04   
310   4.038E-04   3.1736E-04   5.3232E-04   3.1725E-04 / 5.1541E-04   
320   4.038E-04   3.2298E-04   5.2074E-04   3.2260E-04 / 5.0134E-04   
330   4.038E-04   3.1665E-04   5.5260E-04   3.1628E-04 / 5.3145E-04   
340   4.038E-04   3.3408E-04   5.3485E-04   3.1842E-04 / 5.2402E-04   
350   4.038E-04   3.3480E-04   5.9681E-04   3.2809E-04 / 5.8908E-04   
360   4.038E-04   3.2750E-04   6.3456E-04   3.2720E-04 / 5.8265E-04   
370   4.038E-04   3.1625E-04   5.6752E-04   3.1575E-04 / 5.4846E-04   
380   4.038E-04   3.2127E-04   5.9001E-04   3.2105E-04 / 5.5161E-04   
390   4.038E-04   3.2733E-04   1.0012E-03   3.2662E-04 / 5.8023E-04   
400   4.038E-04   3.2317E-04   8.8997E-04   3.2217E-04 / 5.8237E-04   
410   4.038E-04   3.5075E-04   8.0759E-04   3.4151E-04 / 7.2326E-04   
420   4.038E-04   3.1775E-04   6.1987E-04   3.1760E-04 / 5.9880E-04   
430   4.038E-04   3.1088E-04   1.3556E-03   3.1076E-04 / 6.3675E-04   
440   4.038E-04   3.1171E-04   6.0449E-04   3.1150E-04 / 5.9503E-04   
450   4.038E-04   3.1286E-04   1.4284E-03   3.1226E-04 / 6.1292E-04   
460   4.038E-04   3.4889E-04   6.0064E-04   3.4853E-04 / 5.8868E-04   
470   4.038E-04   3.1271E-04   6.9589E-04   3.1250E-04 / 5.8212E-04   
480   4.038E-04   3.1615E-04   7.2295E-04   3.1601E-04 / 5.9098E-04   
BEST MODEL
===============================================================================================================
217   4.038E-04   3.4489E-04   4.9097E-04   3.4481E-04 / 4.8506E-04   
===============================================================================================================
Saved model to /home/nikhila/WDC/kan/kanTBNN/models/multi_run/kan_experiment_25_opt/kanTBNN-25Jan25_13:44:42.pickle
