========== Dataset info ==========
Dataset params: {'file': '/home/nikki/kan/data/turbulence_dataset_clean.csv', 'Cases': ['fp_1000', 'fp_1410', 'fp_2000', 'fp_2540', 'fp_3030', 'fp_3270', 'fp_3630', 'fp_3970', 'fp_4060'], 'val_set': ['fp_3030', 'fp_1410', 'fp_4060'], 'test_set': ['fp_3630'], 'data_loader': <class 'tbnn.dataloaders.aDataset'>}
Train/Valid/Test points: 760 / 468 / 168
Memorization?: False
Cluster training?: False
EPOCH     LR        TRAIN         VALID             MSE:T/V                  RL:T/V             %NR_t/%NR_v
===============================================================================================================
  1   3.149E-03   1.9479E-01   1.8951E-01   1.9479E-01 / 1.8951E-01   
 10   3.149E-03   1.1487E-02   1.0646E-02   1.1421E-02 / 1.0576E-02   
 20   3.149E-03   2.7993E-03   2.5667E-03   2.7808E-03 / 2.5489E-03   
 30   3.149E-03   1.7968E-03   1.7011E-03   1.7898E-03 / 1.6946E-03   
 40   3.149E-03   1.5016E-03   1.4471E-03   1.4937E-03 / 1.4393E-03   
 50   3.149E-03   1.3120E-03   1.2791E-03   1.3046E-03 / 1.2716E-03   
 60   3.149E-03   1.1694E-03   1.1433E-03   1.1620E-03 / 1.1363E-03   
 70   3.149E-03   1.0474E-03   1.0273E-03   1.0399E-03 / 1.0200E-03   
 80   3.149E-03   9.3725E-04   9.1994E-04   9.3025E-04 / 9.1315E-04   
 90   3.149E-03   8.3839E-04   8.2219E-04   8.3171E-04 / 8.1589E-04   
100   3.149E-03   7.3832E-04   7.2559E-04   7.3394E-04 / 7.2151E-04   
110   3.149E-03   6.5809E-04   6.4848E-04   6.5341E-04 / 6.4397E-04   
120   3.149E-03   5.9137E-04   5.8400E-04   5.8734E-04 / 5.8015E-04   
130   3.149E-03   5.3506E-04   5.2998E-04   5.3204E-04 / 5.2716E-04   
140   3.149E-03   4.9078E-04   4.8853E-04   4.8829E-04 / 4.8628E-04   
150   3.149E-03   4.5293E-04   4.5206E-04   4.5107E-04 / 4.5040E-04   
160   3.149E-03   4.2332E-04   4.2706E-04   4.2171E-04 / 4.2564E-04   
170   3.149E-03   3.9307E-04   3.9699E-04   3.9179E-04 / 3.9589E-04   
180   3.149E-03   3.7271E-04   3.7834E-04   3.7139E-04 / 3.7718E-04   
190   3.149E-03   3.5162E-04   3.5843E-04   3.5018E-04 / 3.5711E-04   
200   3.149E-03   3.3640E-04   3.4253E-04   3.3489E-04 / 3.4113E-04   
210   3.149E-03   3.2391E-04   3.2935E-04   3.2186E-04 / 3.2742E-04   
220   3.149E-03   3.0726E-04   3.1431E-04   3.0518E-04 / 3.1240E-04   
230   3.149E-03   2.9447E-04   2.9949E-04   2.9255E-04 / 2.9767E-04   
240   3.149E-03   2.8471E-04   2.8979E-04   2.8284E-04 / 2.8803E-04   
250   3.149E-03   2.7677E-04   2.8219E-04   2.7501E-04 / 2.8053E-04   
260   3.149E-03   2.6770E-04   2.7214E-04   2.6570E-04 / 2.7025E-04   
270   3.149E-03   2.6372E-04   2.6815E-04   2.6203E-04 / 2.6656E-04   
280   3.149E-03   2.5522E-04   2.6339E-04   2.5371E-04 / 2.6198E-04   
290   3.149E-03   2.4679E-04   2.5428E-04   2.4510E-04 / 2.5273E-04   
300   3.149E-03   2.4746E-04   2.5372E-04   2.4611E-04 / 2.5251E-04   
310   3.149E-03   2.3466E-04   2.4108E-04   2.3331E-04 / 2.3989E-04   
320   3.149E-03   2.2971E-04   2.3993E-04   2.2841E-04 / 2.3880E-04   
330   3.149E-03   2.2284E-04   2.3342E-04   2.2173E-04 / 2.3248E-04   
340   3.149E-03   2.1690E-04   2.2809E-04   2.1601E-04 / 2.2735E-04   
350   3.149E-03   2.1097E-04   2.2448E-04   2.1012E-04 / 2.2380E-04   
360   3.149E-03   2.0473E-04   2.1764E-04   2.0401E-04 / 2.1705E-04   
370   3.149E-03   2.0113E-04   2.1894E-04   2.0035E-04 / 2.1827E-04   
380   3.149E-03   1.9940E-04   2.1598E-04   1.9864E-04 / 2.1533E-04   
390   3.149E-03   1.9672E-04   2.1609E-04   1.9605E-04 / 2.1551E-04   
400   3.149E-03   1.8568E-04   2.0437E-04   1.8519E-04 / 2.0395E-04   
410   3.149E-03   1.8165E-04   2.0074E-04   1.8118E-04 / 2.0035E-04   
420   3.149E-03   1.7553E-04   1.9760E-04   1.7500E-04 / 1.9715E-04   
430   3.149E-03   1.7496E-04   1.9986E-04   1.7451E-04 / 1.9950E-04   
440   3.149E-03   1.7358E-04   1.8414E-04   1.7317E-04 / 1.8380E-04   
450   3.149E-03   1.6107E-04   1.8251E-04   1.6068E-04 / 1.8215E-04   
460   3.149E-03   1.5744E-04   1.8150E-04   1.5708E-04 / 1.8111E-04   
470   3.149E-03   1.5381E-04   1.7751E-04   1.5353E-04 / 1.7716E-04   
480   3.149E-03   1.4688E-04   1.7093E-04   1.4663E-04 / 1.7062E-04   
490   3.149E-03   1.4466E-04   1.6812E-04   1.4426E-04 / 1.6767E-04   
500   3.149E-03   1.4462E-04   1.7136E-04   1.4428E-04 / 1.7102E-04   
510   3.149E-03   1.3879E-04   1.6897E-04   1.3847E-04 / 1.6870E-04   
520   3.149E-03   1.3239E-04   1.5542E-04   1.3212E-04 / 1.5522E-04   
530   3.149E-03   1.3098E-04   1.5029E-04   1.3082E-04 / 1.5014E-04   
540   3.149E-03   1.2507E-04   1.4891E-04   1.2475E-04 / 1.4873E-04   
550   3.149E-03   1.2136E-04   1.4705E-04   1.2111E-04 / 1.4688E-04   
560   3.149E-03   1.2650E-04   1.4900E-04   1.2631E-04 / 1.4886E-04   
570   3.149E-03   1.1652E-04   1.4018E-04   1.1635E-04 / 1.4007E-04   
580   3.149E-03   1.1277E-04   1.3732E-04   1.1266E-04 / 1.3725E-04   
590   3.149E-03   1.1120E-04   1.3182E-04   1.1107E-04 / 1.3168E-04   
600   3.149E-03   1.2974E-04   1.4919E-04   1.2957E-04 / 1.4900E-04   
610   3.149E-03   1.0697E-04   1.2486E-04   1.0603E-04 / 1.2418E-04   
620   3.149E-03   1.0108E-04   1.1890E-04   1.0093E-04 / 1.1883E-04   
630   3.149E-03   9.9207E-05   1.2075E-04   9.9082E-05 / 1.2068E-04   
640   3.149E-03   9.7354E-05   1.1799E-04   9.7266E-05 / 1.1795E-04   
650   3.149E-03   9.9361E-05   1.1439E-04   9.8692E-05 / 1.1385E-04   
660   3.149E-03   9.4247E-05   1.1567E-04   9.3575E-05 / 1.1511E-04   
670   3.149E-03   9.0945E-05   1.0926E-04   9.0569E-05 / 1.0898E-04   
680   3.149E-03   9.2804E-05   1.1445E-04   9.2656E-05 / 1.1442E-04   
690   3.149E-03   8.7702E-05   1.0786E-04   8.7596E-05 / 1.0779E-04   
700   3.149E-03   8.7515E-05   1.0602E-04   8.6976E-05 / 1.0596E-04   
710   3.149E-03   8.4239E-05   1.0257E-04   8.3934E-05 / 1.0253E-04   
720   3.149E-03   8.3240E-05   1.0304E-04   8.3185E-05 / 1.0300E-04   
730   3.149E-03   7.9202E-05   1.0004E-04   7.8726E-05 / 9.9551E-05   
740   3.149E-03   7.6524E-05   9.7011E-05   7.6460E-05 / 9.6944E-05   
750   3.149E-03   8.0628E-05   1.0034E-04   8.0281E-05 / 9.9947E-05   
760   3.149E-03   8.0097E-05   9.6372E-05   7.9903E-05 / 9.6158E-05   
770   3.149E-03   7.5705E-05   9.3591E-05   7.5217E-05 / 9.3105E-05   
780   3.149E-03   7.0386E-05   9.0620E-05   7.0188E-05 / 9.0466E-05   
790   3.149E-03   6.9213E-05   9.0556E-05   6.9082E-05 / 9.0421E-05   
800   3.149E-03   6.8620E-05   9.0764E-05   6.8565E-05 / 9.0738E-05   
810   3.149E-03   7.6284E-05   1.0024E-04   7.5194E-05 / 9.9273E-05   
820   3.149E-03   6.7059E-05   9.0458E-05   6.6695E-05 / 9.0194E-05   
830   3.149E-03   6.6551E-05   8.8094E-05   6.5901E-05 / 8.7607E-05   
840   3.149E-03   6.4594E-05   8.4337E-05   6.3890E-05 / 8.3746E-05   
850   3.149E-03   6.5942E-05   8.7928E-05   6.5855E-05 / 8.7895E-05   
860   3.149E-03   6.9604E-05   9.0654E-05   6.8537E-05 / 8.9621E-05   
870   3.149E-03   6.1892E-05   8.3455E-05   6.1462E-05 / 8.3130E-05   
880   3.149E-03   6.1681E-05   8.3393E-05   6.1538E-05 / 8.3161E-05   
890   3.149E-03   5.9536E-05   8.2376E-05   5.9391E-05 / 8.2275E-05   
900   3.149E-03   5.8007E-05   8.1168E-05   5.7812E-05 / 8.1021E-05   
910   3.149E-03   6.5361E-05   8.3750E-05   6.3353E-05 / 8.1843E-05   
920   3.149E-03   5.7896E-05   7.9799E-05   5.7792E-05 / 7.9665E-05   
930   3.149E-03   6.1040E-05   7.9113E-05   6.0281E-05 / 7.8422E-05   
940   3.149E-03   5.7551E-05   7.8779E-05   5.7393E-05 / 7.8621E-05   
950   3.149E-03   5.4908E-05   7.7121E-05   5.4621E-05 / 7.6740E-05   
960   3.149E-03   5.7718E-05   8.3053E-05   5.7689E-05 / 8.3027E-05   
970   3.149E-03   5.5051E-05   7.7903E-05   5.4237E-05 / 7.7140E-05   
980   3.149E-03   5.3045E-05   7.6938E-05   5.2713E-05 / 7.6591E-05   
990   3.149E-03   5.2647E-05   7.7078E-05   5.2217E-05 / 7.6657E-05   
1000   3.149E-03   5.1343E-05   7.6104E-05   5.0342E-05 / 7.5174E-05   
1010   3.149E-03   4.9963E-05   7.2729E-05   4.9531E-05 / 7.2287E-05   
1020   3.149E-03   5.7206E-05   7.8708E-05   5.7005E-05 / 7.8429E-05   
1030   3.149E-03   4.7762E-05   7.0175E-05   4.7720E-05 / 7.0097E-05   
1040   3.149E-03   4.8699E-05   7.1647E-05   4.8612E-05 / 7.1545E-05   
1050   3.149E-03   4.7068E-05   7.0425E-05   4.6262E-05 / 6.9689E-05   
1060   3.149E-03   5.6850E-05   7.7047E-05   5.6699E-05 / 7.6953E-05   
1070   3.149E-03   4.6574E-05   7.1476E-05   4.5874E-05 / 7.0839E-05   
1080   3.149E-03   4.6494E-05   7.2894E-05   4.6082E-05 / 7.2500E-05   
1090   3.149E-03   4.7093E-05   7.2036E-05   4.5766E-05 / 7.0777E-05   
1100   3.149E-03   4.8265E-05   7.1667E-05   4.6839E-05 / 7.0332E-05   
1110   3.149E-03   4.9960E-05   7.3819E-05   4.9700E-05 / 7.3722E-05   
1120   3.149E-03   4.2750E-05   6.7325E-05   4.2705E-05 / 6.7305E-05   
1130   3.149E-03   4.7386E-05   6.7909E-05   4.6162E-05 / 6.6751E-05   
1140   3.149E-03   4.2355E-05   6.6043E-05   4.2260E-05 / 6.5983E-05   
1150   3.149E-03   4.2684E-05   6.7234E-05   4.2662E-05 / 6.7179E-05   
1160   3.149E-03   4.0878E-05   6.2302E-05   4.0791E-05 / 6.2236E-05   
1170   3.149E-03   4.1582E-05   6.3723E-05   4.1581E-05 / 6.3723E-05   
1180   3.149E-03   5.9650E-05   8.3663E-05   5.9530E-05 / 8.3571E-05   
1190   3.149E-03   4.4768E-05   7.4366E-05   4.4484E-05 / 7.4055E-05   
1200   3.149E-03   3.9898E-05   6.0181E-05   3.9887E-05 / 6.0180E-05   
1210   3.149E-03   3.8931E-05   6.1186E-05   3.8804E-05 / 6.0974E-05   
1220   3.149E-03   3.8432E-05   6.5101E-05   3.8381E-05 / 6.5063E-05   
1230   3.149E-03   3.9275E-05   6.1874E-05   3.8981E-05 / 6.1603E-05   
1240   3.149E-03   3.5965E-05   5.6390E-05   3.5911E-05 / 5.6342E-05   
1250   3.149E-03   6.4158E-05   8.5333E-05   6.3904E-05 / 8.5090E-05   
1260   3.149E-03   3.5261E-05   5.9079E-05   3.5163E-05 / 5.8993E-05   
1270   3.149E-03   3.4838E-05   5.9968E-05   3.4832E-05 / 5.9943E-05   
1280   3.149E-03   3.5558E-05   5.6898E-05   3.5547E-05 / 5.6880E-05   
1290   3.149E-03   3.4507E-05   5.7801E-05   3.4471E-05 / 5.7721E-05   
1300   3.149E-03   3.5800E-05   5.9546E-05   3.5758E-05 / 5.9493E-05   
1310   3.149E-03   3.3630E-05   5.6699E-05   3.3555E-05 / 5.6555E-05   
1320   3.149E-03   3.4073E-05   5.6644E-05   3.3392E-05 / 5.6007E-05   
1330   3.149E-03   3.8375E-05   6.1291E-05   3.8198E-05 / 6.1062E-05   
1340   3.149E-03   3.8717E-05   5.7514E-05   3.8593E-05 / 5.7248E-05   
1350   3.149E-03   3.5436E-05   5.7630E-05   3.5261E-05 / 5.7260E-05   
1360   3.149E-03   3.4698E-05   6.0188E-05   3.4612E-05 / 6.0095E-05   
1370   3.149E-03   3.5219E-05   5.6512E-05   3.3654E-05 / 5.4789E-05   
1380   3.149E-03   3.4782E-05   5.5659E-05   3.4605E-05 / 5.5485E-05   
1390   3.149E-03   3.1165E-05   5.3330E-05   3.1003E-05 / 5.3130E-05   
1400   3.149E-03   3.3042E-05   5.7829E-05   3.2957E-05 / 5.7744E-05   
1410   3.149E-03   3.5651E-05   6.1102E-05   3.4706E-05 / 5.9952E-05   
1420   3.149E-03   3.2907E-05   5.7870E-05   3.2774E-05 / 5.7694E-05   
1430   3.149E-03   3.2208E-05   5.2794E-05   3.2157E-05 / 5.2749E-05   
1440   3.149E-03   3.1203E-05   5.3636E-05   3.0858E-05 / 5.3272E-05   
1450   3.149E-03   3.6943E-05   5.3884E-05   3.6878E-05 / 5.3839E-05   
1460   3.149E-03   3.6490E-05   5.9806E-05   3.5827E-05 / 5.9189E-05   
1470   3.149E-03   2.9874E-05   5.0767E-05   2.9713E-05 / 5.0626E-05   
1480   3.149E-03   2.8789E-05   5.1913E-05   2.8712E-05 / 5.1845E-05   
1490   3.149E-03   3.1244E-05   5.6848E-05   3.0421E-05 / 5.6044E-05   
1500   3.149E-03   2.8811E-05   5.1776E-05   2.8796E-05 / 5.1774E-05   
1510   3.149E-03   3.1156E-05   5.1560E-05   3.0821E-05 / 5.1245E-05   
1520   3.149E-03   2.9042E-05   5.0678E-05   2.8892E-05 / 5.0562E-05   
1530   3.149E-03   2.8200E-05   5.4457E-05   2.8124E-05 / 5.4385E-05   
1540   3.149E-03   3.1293E-05   5.4220E-05   3.0946E-05 / 5.3890E-05   
1550   3.149E-03   3.1037E-05   5.2768E-05   3.0845E-05 / 5.2606E-05   
1560   3.149E-03   2.8627E-05   5.0046E-05   2.7909E-05 / 4.9355E-05   
1570   3.149E-03   3.0602E-05   4.9780E-05   3.0557E-05 / 4.9757E-05   
1580   3.149E-03   2.6867E-05   4.8282E-05   2.6838E-05 / 4.8222E-05   
1590   3.149E-03   2.8352E-05   5.0432E-05   2.8036E-05 / 5.0139E-05   
1600   3.149E-03   2.9151E-05   4.8106E-05   2.8969E-05 / 4.7860E-05   
1610   3.149E-03   3.1500E-05   5.4509E-05   3.1446E-05 / 5.4473E-05   
1620   3.149E-03   2.7062E-05   4.8343E-05   2.6539E-05 / 4.7826E-05   
1630   3.149E-03   2.5943E-05   4.8084E-05   2.5739E-05 / 4.7920E-05   
1640   3.149E-03   3.1116E-05   4.8682E-05   3.0869E-05 / 4.8440E-05   
1650   3.149E-03   3.8477E-05   5.9436E-05   3.8424E-05 / 5.9344E-05   
1660   3.149E-03   2.6567E-05   5.0568E-05   2.6362E-05 / 5.0283E-05   
1670   3.149E-03   2.6168E-05   4.9393E-05   2.6059E-05 / 4.9291E-05   
1680   3.149E-03   2.7645E-05   4.7699E-05   2.7224E-05 / 4.7289E-05   
1690   3.149E-03   3.0137E-05   5.4428E-05   3.0137E-05 / 5.4428E-05   
1700   3.149E-03   2.7228E-05   4.9408E-05   2.6832E-05 / 4.9014E-05   
1710   3.149E-03   2.5408E-05   4.6762E-05   2.5262E-05 / 4.6591E-05   
1720   3.149E-03   2.4477E-05   4.7800E-05   2.4370E-05 / 4.7676E-05   
1730   3.149E-03   2.7134E-05   4.9163E-05   2.7121E-05 / 4.9149E-05   
1740   3.149E-03   3.1292E-05   5.2617E-05   3.1267E-05 / 5.2596E-05   
1750   3.149E-03   2.5963E-05   4.5805E-05   2.5948E-05 / 4.5798E-05   
1760   3.149E-03   2.8015E-05   4.9316E-05   2.7989E-05 / 4.9291E-05   
1770   3.149E-03   2.6743E-05   4.9277E-05   2.6695E-05 / 4.9232E-05   
1780   3.149E-03   2.3401E-05   4.6770E-05   2.3247E-05 / 4.6619E-05   
1790   3.149E-03   2.4409E-05   4.6907E-05   2.4127E-05 / 4.6643E-05   
1800   3.149E-03   2.8453E-05   5.0263E-05   2.7854E-05 / 4.9563E-05   
1810   3.149E-03   2.5847E-05   5.0102E-05   2.5499E-05 / 4.9724E-05   
1820   3.149E-03   3.4364E-05   4.9472E-05   3.4176E-05 / 4.9292E-05   
1830   3.149E-03   3.1893E-05   5.4284E-05   3.1808E-05 / 5.4187E-05   
1840   3.149E-03   2.7054E-05   4.6449E-05   2.7038E-05 / 4.6432E-05   
1850   3.149E-03   2.4178E-05   4.4247E-05   2.3918E-05 / 4.3959E-05   
1860   3.149E-03   2.2999E-05   4.4164E-05   2.2871E-05 / 4.4039E-05   
1870   3.149E-03   2.2578E-05   4.5822E-05   2.2537E-05 / 4.5770E-05   
1880   3.149E-03   2.8450E-05   5.2914E-05   2.7983E-05 / 5.2303E-05   
1890   3.149E-03   2.2512E-05   4.3788E-05   2.2409E-05 / 4.3682E-05   
1900   3.149E-03   2.3902E-05   4.3235E-05   2.3121E-05 / 4.2502E-05   
1910   3.149E-03   2.4470E-05   4.2905E-05   2.4463E-05 / 4.2904E-05   
1920   3.149E-03   2.5087E-05   4.7844E-05   2.4448E-05 / 4.7255E-05   
1930   3.149E-03   2.6040E-05   4.4249E-05   2.5873E-05 / 4.4059E-05   
1940   3.149E-03   2.2987E-05   4.3270E-05   2.2685E-05 / 4.2989E-05   
1950   3.149E-03   2.4859E-05   4.4977E-05   2.4793E-05 / 4.4845E-05   
1960   3.149E-03   2.3110E-05   4.4927E-05   2.3074E-05 / 4.4845E-05   
1970   3.149E-03   2.2960E-05   4.4494E-05   2.2802E-05 / 4.4329E-05   
1980   3.149E-03   2.3126E-05   4.4304E-05   2.2803E-05 / 4.3998E-05   
1990   3.149E-03   2.1712E-05   4.3970E-05   2.1640E-05 / 4.3826E-05   
2000   3.149E-03   2.1248E-05   4.2919E-05   2.1222E-05 / 4.2853E-05   
2010   3.149E-03   2.2057E-05   4.1982E-05   2.1857E-05 / 4.1794E-05   
2020   3.149E-03   2.3156E-05   4.7521E-05   2.3108E-05 / 4.7452E-05   
2030   3.149E-03   2.8812E-05   4.7475E-05   2.5669E-05 / 4.4521E-05   
2040   3.149E-03   2.2639E-05   4.5581E-05   2.2449E-05 / 4.5268E-05   
2050   3.149E-03   2.6177E-05   4.7712E-05   2.6053E-05 / 4.7585E-05   
2060   3.149E-03   2.6300E-05   4.6134E-05   2.6002E-05 / 4.5768E-05   
2070   3.149E-03   2.4091E-05   4.4169E-05   2.3996E-05 / 4.3985E-05   
2080   3.149E-03   2.1450E-05   4.0895E-05   2.1392E-05 / 4.0833E-05   
2090   3.149E-03   2.0872E-05   4.1361E-05   2.0763E-05 / 4.1252E-05   
2100   3.149E-03   2.1554E-05   3.9701E-05   2.1516E-05 / 3.9650E-05   
2110   3.149E-03   2.1484E-05   4.0250E-05   2.1425E-05 / 4.0190E-05   
2120   3.149E-03   2.3491E-05   4.2021E-05   2.3113E-05 / 4.1698E-05   
2130   3.149E-03   2.4913E-05   4.7245E-05   2.4725E-05 / 4.6942E-05   
2140   3.149E-03   2.4689E-05   4.8295E-05   2.4487E-05 / 4.8110E-05   
2150   3.149E-03   2.0369E-05   4.0103E-05   2.0128E-05 / 3.9883E-05   
2160   3.149E-03   2.2833E-05   4.4555E-05   2.2816E-05 / 4.4544E-05   
2170   3.149E-03   2.1730E-05   4.1924E-05   2.1243E-05 / 4.1501E-05   
2180   3.149E-03   1.9609E-05   3.9734E-05   1.9330E-05 / 3.9484E-05   
2190   3.149E-03   2.1069E-05   4.3169E-05   2.0852E-05 / 4.2979E-05   
2200   3.149E-03   2.4956E-05   4.6232E-05   2.3694E-05 / 4.5101E-05   
2210   3.149E-03   2.3638E-05   3.8539E-05   2.3586E-05 / 3.8490E-05   
2220   3.149E-03   1.9265E-05   3.8933E-05   1.9147E-05 / 3.8833E-05   
2230   3.149E-03   2.0203E-05   4.0024E-05   1.9800E-05 / 3.9685E-05   
2240   3.149E-03   3.9133E-05   5.5671E-05   3.3829E-05 / 5.0779E-05   
2250   3.149E-03   2.1221E-05   3.8842E-05   2.0595E-05 / 3.8278E-05   
2260   3.149E-03   1.9382E-05   3.9501E-05   1.9267E-05 / 3.9403E-05   
2270   3.149E-03   3.5391E-05   5.7426E-05   3.5038E-05 / 5.7149E-05   
2280   3.149E-03   1.9170E-05   3.8885E-05   1.9139E-05 / 3.8870E-05   
2290   3.149E-03   2.0328E-05   3.8336E-05   2.0280E-05 / 3.8256E-05   
2300   3.149E-03   1.8175E-05   3.7115E-05   1.8033E-05 / 3.6997E-05   
2310   3.149E-03   1.9477E-05   3.6347E-05   1.9120E-05 / 3.6043E-05   
2320   3.149E-03   2.0586E-05   3.6562E-05   2.0554E-05 / 3.6548E-05   
2330   3.149E-03   1.9577E-05   3.7643E-05   1.9559E-05 / 3.7639E-05   
2340   3.149E-03   1.9987E-05   3.8312E-05   1.9736E-05 / 3.8091E-05   
2350   3.149E-03   1.8175E-05   3.6999E-05   1.8078E-05 / 3.6927E-05   
2360   3.149E-03   1.9328E-05   3.8385E-05   1.9211E-05 / 3.8301E-05   
2370   3.149E-03   2.0604E-05   3.8603E-05   2.0584E-05 / 3.8585E-05   
2380   3.149E-03   1.8410E-05   3.7097E-05   1.8397E-05 / 3.7067E-05   
2390   3.149E-03   1.9180E-05   3.6625E-05   1.8637E-05 / 3.6114E-05   
2400   3.149E-03   2.7431E-05   4.7673E-05   2.7246E-05 / 4.7433E-05   
2410   3.149E-03   2.0223E-05   3.7642E-05   1.9830E-05 / 3.7281E-05   
2420   3.149E-03   1.8370E-05   3.4307E-05   1.8014E-05 / 3.3995E-05   
2430   3.149E-03   1.7576E-05   3.6535E-05   1.7518E-05 / 3.6474E-05   
2440   3.149E-03   1.9929E-05   3.7965E-05   1.8934E-05 / 3.7032E-05   
2450   3.149E-03   2.0706E-05   3.8688E-05   2.0643E-05 / 3.8647E-05   
2460   3.149E-03   1.8712E-05   3.5713E-05   1.8170E-05 / 3.5182E-05   
2470   3.149E-03   1.8493E-05   3.7392E-05   1.7999E-05 / 3.6908E-05   
2480   3.149E-03   2.0757E-05   3.6258E-05   2.0727E-05 / 3.6132E-05   
2490   3.149E-03   1.7910E-05   3.5955E-05   1.7879E-05 / 3.5931E-05   
2500   3.149E-03   1.7449E-05   3.4550E-05   1.7443E-05 / 3.4550E-05   
2510   3.149E-03   1.8474E-05   3.7282E-05   1.8241E-05 / 3.7104E-05   
2520   3.149E-03   1.7325E-05   3.4051E-05   1.7195E-05 / 3.3910E-05   
2530   3.149E-03   1.8343E-05   3.6719E-05   1.7311E-05 / 3.5702E-05   
2540   3.149E-03   1.8086E-05   3.4434E-05   1.8054E-05 / 3.4427E-05   
2550   3.149E-03   1.8896E-05   3.8634E-05   1.8754E-05 / 3.8519E-05   
2560   3.149E-03   1.9411E-05   3.5365E-05   1.9033E-05 / 3.4966E-05   
2570   3.149E-03   3.0407E-05   4.6377E-05   2.6835E-05 / 4.3510E-05   
2580   3.149E-03   1.9463E-05   3.7481E-05   1.9377E-05 / 3.7413E-05   
2590   3.149E-03   1.6922E-05   3.3451E-05   1.6776E-05 / 3.3337E-05   
2600   3.149E-03   1.8095E-05   3.5620E-05   1.7274E-05 / 3.4820E-05   
2610   3.149E-03   1.7211E-05   3.3032E-05   1.7179E-05 / 3.2987E-05   
2620   3.149E-03   1.6577E-05   3.4349E-05   1.6530E-05 / 3.4299E-05   
2630   3.149E-03   1.7599E-05   3.4036E-05   1.7563E-05 / 3.3908E-05   
2640   3.149E-03   1.7089E-05   3.1895E-05   1.7048E-05 / 3.1866E-05   
2650   3.149E-03   1.7508E-05   3.2093E-05   1.7067E-05 / 3.1678E-05   
2660   3.149E-03   1.7180E-05   3.2601E-05   1.6986E-05 / 3.2358E-05   
2670   3.149E-03   1.7036E-05   3.4047E-05   1.7035E-05 / 3.4047E-05   
2680   3.149E-03   2.0499E-05   3.7662E-05   2.0496E-05 / 3.7661E-05   
2690   3.149E-03   1.9530E-05   3.5940E-05   1.9192E-05 / 3.5606E-05   
2700   3.149E-03   2.1780E-05   3.9323E-05   1.9467E-05 / 3.7053E-05   
2710   3.149E-03   1.8167E-05   3.4688E-05   1.8164E-05 / 3.4687E-05   
2720   3.149E-03   1.6345E-05   3.3846E-05   1.6335E-05 / 3.3820E-05   
2730   3.149E-03   1.7626E-05   3.3577E-05   1.7266E-05 / 3.3224E-05   
2740   3.149E-03   1.5958E-05   3.2597E-05   1.5817E-05 / 3.2327E-05   
2750   3.149E-03   1.8123E-05   3.2183E-05   1.8039E-05 / 3.2104E-05   
2760   3.149E-03   1.7684E-05   3.4808E-05   1.7435E-05 / 3.4280E-05   
2770   3.149E-03   1.9520E-05   3.4747E-05   1.9453E-05 / 3.4698E-05   
2780   3.149E-03   2.0032E-05   3.5669E-05   2.0008E-05 / 3.5643E-05   
2790   3.149E-03   1.6009E-05   3.1501E-05   1.5985E-05 / 3.1405E-05   
2800   3.149E-03   1.6233E-05   3.2236E-05   1.5943E-05 / 3.1927E-05   
2810   3.149E-03   1.5223E-05   3.0707E-05   1.5070E-05 / 3.0529E-05   
2820   3.149E-03   1.6615E-05   3.2109E-05   1.6613E-05 / 3.2056E-05   
2830   3.149E-03   1.5849E-05   3.0394E-05   1.5793E-05 / 3.0356E-05   
2840   3.149E-03   1.7397E-05   3.2878E-05   1.6475E-05 / 3.2033E-05   
2850   3.149E-03   1.6664E-05   3.0741E-05   1.6654E-05 / 3.0720E-05   
2860   3.149E-03   2.0883E-05   3.7600E-05   2.0883E-05 / 3.7600E-05   
2870   3.149E-03   1.8962E-05   3.5548E-05   1.8822E-05 / 3.5180E-05   
2880   3.149E-03   1.6670E-05   3.0721E-05   1.6664E-05 / 3.0700E-05   
2890   3.149E-03   1.9304E-05   3.4335E-05   1.7585E-05 / 3.2771E-05   
2900   3.149E-03   2.0374E-05   3.4273E-05   1.9936E-05 / 3.3862E-05   
2910   3.149E-03   1.6378E-05   3.1177E-05   1.6140E-05 / 3.0924E-05   
2920   3.149E-03   1.4728E-05   2.9860E-05   1.4680E-05 / 2.9774E-05   
2930   3.149E-03   1.5618E-05   3.1072E-05   1.5392E-05 / 3.0843E-05   
2940   3.149E-03   1.7313E-05   3.3487E-05   1.7078E-05 / 3.3035E-05   
2950   3.149E-03   1.5685E-05   3.0634E-05   1.5653E-05 / 3.0517E-05   
2960   3.149E-03   1.6143E-05   3.0414E-05   1.6005E-05 / 3.0280E-05   
2970   3.149E-03   1.5958E-05   2.9927E-05   1.5948E-05 / 2.9906E-05   
2980   3.149E-03   1.5963E-05   3.0328E-05   1.5650E-05 / 3.0004E-05   
2990   3.149E-03   1.4910E-05   3.0630E-05   1.4621E-05 / 3.0326E-05   
3000   3.149E-03   1.4431E-05   2.9050E-05   1.4327E-05 / 2.8934E-05   
3010   3.149E-03   1.7220E-05   3.2391E-05   1.7216E-05 / 3.2290E-05   
3020   3.149E-03   1.6756E-05   3.2495E-05   1.6565E-05 / 3.2286E-05   
3030   3.149E-03   1.6854E-05   3.1565E-05   1.6602E-05 / 3.1189E-05   
3040   3.149E-03   1.9887E-05   3.4912E-05   1.9750E-05 / 3.4762E-05   
3050   3.149E-03   1.5572E-05   2.8992E-05   1.4858E-05 / 2.8383E-05   
3060   3.149E-03   1.4643E-05   2.9854E-05   1.4203E-05 / 2.9425E-05   
3070   3.149E-03   1.4767E-05   3.0756E-05   1.4674E-05 / 3.0625E-05   
3080   3.149E-03   1.8896E-05   3.2953E-05   1.8896E-05 / 3.2953E-05   
3090   3.149E-03   2.4904E-05   3.8818E-05   2.3469E-05 / 3.7264E-05   
3100   3.149E-03   1.5036E-05   2.9406E-05   1.4710E-05 / 2.9068E-05   
3110   3.149E-03   1.4176E-05   2.8477E-05   1.4134E-05 / 2.8409E-05   
3120   3.149E-03   1.4873E-05   2.8487E-05   1.4519E-05 / 2.8067E-05   
3130   3.149E-03   1.4836E-05   2.8840E-05   1.4683E-05 / 2.8653E-05   
3140   3.149E-03   1.4689E-05   2.9970E-05   1.4683E-05 / 2.9934E-05   
3150   3.149E-03   1.4943E-05   2.6799E-05   1.4833E-05 / 2.6589E-05   
3160   3.149E-03   1.4121E-05   2.7869E-05   1.4048E-05 / 2.7787E-05   
3170   3.149E-03   1.4739E-05   2.7779E-05   1.4592E-05 / 2.7634E-05   
3180   3.149E-03   1.7787E-05   3.2360E-05   1.6299E-05 / 3.1052E-05   
3190   3.149E-03   1.8548E-05   3.2250E-05   1.8510E-05 / 3.2200E-05   
3200   3.149E-03   2.1908E-05   3.3766E-05   1.9773E-05 / 3.1767E-05   
3210   3.149E-03   1.3856E-05   2.7015E-05   1.3832E-05 / 2.6958E-05   
3220   3.149E-03   1.4269E-05   2.9111E-05   1.4147E-05 / 2.8986E-05   
3230   3.149E-03   1.7345E-05   3.0808E-05   1.7286E-05 / 3.0542E-05   
3240   3.149E-03   1.3877E-05   2.7423E-05   1.3552E-05 / 2.7122E-05   
3250   3.149E-03   1.4697E-05   2.9257E-05   1.4617E-05 / 2.9194E-05   
3260   3.149E-03   1.3924E-05   2.7433E-05   1.3882E-05 / 2.7267E-05   
3270   3.149E-03   1.5276E-05   2.9655E-05   1.5164E-05 / 2.9536E-05   
3280   3.149E-03   1.4205E-05   2.6411E-05   1.4081E-05 / 2.6292E-05   
3290   3.149E-03   2.3679E-05   3.5271E-05   2.1241E-05 / 3.3025E-05   
3300   3.149E-03   2.0005E-05   3.2357E-05   1.7248E-05 / 2.9068E-05   
3310   3.149E-03   1.5382E-05   2.8344E-05   1.5371E-05 / 2.8332E-05   
3320   3.149E-03   1.4199E-05   2.7086E-05   1.4189E-05 / 2.7049E-05   
3330   3.149E-03   2.7252E-05   4.0640E-05   2.1656E-05 / 3.4285E-05   
3340   3.149E-03   1.3984E-05   2.7326E-05   1.3611E-05 / 2.6776E-05   
3350   3.149E-03   1.3975E-05   2.7408E-05   1.3915E-05 / 2.7263E-05   
3360   3.149E-03   1.3560E-05   2.6252E-05   1.3534E-05 / 2.6226E-05   
3370   3.149E-03   1.4390E-05   2.8084E-05   1.4337E-05 / 2.8032E-05   
3380   3.149E-03   1.5895E-05   2.8704E-05   1.5725E-05 / 2.8533E-05   
3390   3.149E-03   2.5475E-05   4.0765E-05   2.2632E-05 / 3.7920E-05   
3400   3.149E-03   1.3301E-05   2.6099E-05   1.3287E-05 / 2.5974E-05   
3410   3.149E-03   1.4657E-05   2.7485E-05   1.4657E-05 / 2.7420E-05   
3420   3.149E-03   1.3489E-05   2.7218E-05   1.3438E-05 / 2.7170E-05   
3430   3.149E-03   1.5513E-05   2.9101E-05   1.4128E-05 / 2.7850E-05   
3440   3.149E-03   1.4095E-05   2.7446E-05   1.3901E-05 / 2.7264E-05   
3450   3.149E-03   1.7985E-05   3.0983E-05   1.7699E-05 / 3.0726E-05   
3460   3.149E-03   1.4825E-05   2.6812E-05   1.4326E-05 / 2.6358E-05   
3470   3.149E-03   1.3822E-05   2.6510E-05   1.3744E-05 / 2.6447E-05   
3480   3.149E-03   1.4150E-05   2.7734E-05   1.3967E-05 / 2.7570E-05   
3490   3.149E-03   1.3318E-05   2.6067E-05   1.3207E-05 / 2.5966E-05   
3500   3.149E-03   1.3879E-05   2.6530E-05   1.3843E-05 / 2.6452E-05   
3510   3.149E-03   1.3788E-05   2.5679E-05   1.3571E-05 / 2.5491E-05   
3520   3.149E-03   1.5103E-05   2.6040E-05   1.4931E-05 / 2.5864E-05   
3530   3.149E-03   1.6567E-05   3.0758E-05   1.6550E-05 / 3.0745E-05   
3540   3.149E-03   1.2708E-05   2.5130E-05   1.2640E-05 / 2.5050E-05   
3550   3.149E-03   1.2975E-05   2.5738E-05   1.2931E-05 / 2.5645E-05   
3560   3.149E-03   1.4731E-05   2.6884E-05   1.4480E-05 / 2.6628E-05   
3570   3.149E-03   1.3692E-05   2.6860E-05   1.3295E-05 / 2.6467E-05   
3580   3.149E-03   1.2634E-05   2.5136E-05   1.2584E-05 / 2.5097E-05   
3590   3.149E-03   2.4619E-05   3.5870E-05   2.4619E-05 / 3.5870E-05   
3600   3.149E-03   1.3877E-05   2.5211E-05   1.3758E-05 / 2.5111E-05   
3610   3.149E-03   1.2377E-05   2.4125E-05   1.2301E-05 / 2.3967E-05   
3620   3.149E-03   1.2699E-05   2.5124E-05   1.2245E-05 / 2.4722E-05   
3630   3.149E-03   1.3169E-05   2.5344E-05   1.2529E-05 / 2.4785E-05   
3640   3.149E-03   1.4192E-05   2.6465E-05   1.4053E-05 / 2.6084E-05   
3650   3.149E-03   1.3599E-05   2.6133E-05   1.2826E-05 / 2.5436E-05   
3660   3.149E-03   1.8380E-05   2.8587E-05   1.8332E-05 / 2.8570E-05   
3670   3.149E-03   1.4238E-05   2.5787E-05   1.3778E-05 / 2.5330E-05   
3680   3.149E-03   1.4025E-05   2.6494E-05   1.3764E-05 / 2.5899E-05   
3690   3.149E-03   1.3834E-05   2.4897E-05   1.3671E-05 / 2.4757E-05   
3700   3.149E-03   1.2215E-05   2.4552E-05   1.2069E-05 / 2.4370E-05   
3710   3.149E-03   1.3354E-05   2.5079E-05   1.3247E-05 / 2.4970E-05   
3720   3.149E-03   1.8396E-05   2.8938E-05   1.8395E-05 / 2.8936E-05   
3730   3.149E-03   1.3272E-05   2.4193E-05   1.3138E-05 / 2.4064E-05   
3740   3.149E-03   1.2603E-05   2.4254E-05   1.2428E-05 / 2.4097E-05   
3750   3.149E-03   1.7785E-05   3.0908E-05   1.7716E-05 / 3.0697E-05   
3760   3.149E-03   1.2691E-05   2.3755E-05   1.2585E-05 / 2.3683E-05   
3770   3.149E-03   1.9900E-05   3.0791E-05   1.9876E-05 / 3.0748E-05   
3780   3.149E-03   2.4683E-05   3.6546E-05   2.3259E-05 / 3.5439E-05   
3790   3.149E-03   1.2401E-05   2.5914E-05   1.2275E-05 / 2.5799E-05   
3800   3.149E-03   1.5735E-05   2.7582E-05   1.5515E-05 / 2.7400E-05   
3810   3.149E-03   1.8535E-05   3.0677E-05   1.8531E-05 / 3.0656E-05   
3820   3.149E-03   1.3742E-05   2.6244E-05   1.3682E-05 / 2.5935E-05   
3830   3.149E-03   1.3976E-05   2.4769E-05   1.3777E-05 / 2.4335E-05   
3840   3.149E-03   1.2267E-05   2.4311E-05   1.2215E-05 / 2.4164E-05   
3850   3.149E-03   1.2958E-05   2.5542E-05   1.2902E-05 / 2.5459E-05   
3860   3.149E-03   1.2023E-05   2.4094E-05   1.1842E-05 / 2.3875E-05   
3870   3.149E-03   1.2567E-05   2.4925E-05   1.2417E-05 / 2.4511E-05   
3880   3.149E-03   1.2261E-05   2.2119E-05   1.2191E-05 / 2.2045E-05   
3890   3.149E-03   1.2889E-05   2.4388E-05   1.2872E-05 / 2.4284E-05   
3900   3.149E-03   1.3143E-05   2.3937E-05   1.2674E-05 / 2.3523E-05   
3910   3.149E-03   1.5483E-05   2.8116E-05   1.5428E-05 / 2.8085E-05   
3920   3.149E-03   1.4698E-05   2.4143E-05   1.4222E-05 / 2.3536E-05   
3930   3.149E-03   1.3553E-05   2.5369E-05   1.3423E-05 / 2.5240E-05   
3940   3.149E-03   1.2472E-05   2.4315E-05   1.2402E-05 / 2.4246E-05   
3950   3.149E-03   1.2683E-05   2.4928E-05   1.2490E-05 / 2.4744E-05   
3960   3.149E-03   1.2222E-05   2.4507E-05   1.2073E-05 / 2.4354E-05   
3970   3.149E-03   3.1086E-05   4.1907E-05   2.1212E-05 / 3.2226E-05   
3980   3.149E-03   1.3779E-05   2.5105E-05   1.3668E-05 / 2.5022E-05   
3990   3.149E-03   1.1868E-05   2.3494E-05   1.1826E-05 / 2.3437E-05   
4000   3.149E-03   1.2573E-05   2.4762E-05   1.2401E-05 / 2.4508E-05   
4010   3.149E-03   1.7200E-05   2.7684E-05   1.5677E-05 / 2.6233E-05   
4020   3.149E-03   1.3495E-05   2.4712E-05   1.3458E-05 / 2.4695E-05   
4030   3.149E-03   1.9785E-05   3.2738E-05   1.7892E-05 / 2.9614E-05   
4040   3.149E-03   1.2008E-05   2.3659E-05   1.1961E-05 / 2.3632E-05   
4050   3.149E-03   1.2705E-05   2.3382E-05   1.2414E-05 / 2.3157E-05   
4060   3.149E-03   1.3199E-05   2.5511E-05   1.3184E-05 / 2.5422E-05   
4070   3.149E-03   1.1653E-05   2.1980E-05   1.1631E-05 / 2.1938E-05   
4080   3.149E-03   1.5122E-05   2.6056E-05   1.4955E-05 / 2.5671E-05   
4090   3.149E-03   1.2140E-05   2.3278E-05   1.2058E-05 / 2.3118E-05   
4100   3.149E-03   1.2248E-05   2.3677E-05   1.1828E-05 / 2.3282E-05   
4110   3.149E-03   1.4094E-05   2.4860E-05   1.3979E-05 / 2.4584E-05   
4120   3.149E-03   1.2640E-05   2.4142E-05   1.2425E-05 / 2.3784E-05   
4130   3.149E-03   1.2499E-05   2.2929E-05   1.2486E-05 / 2.2903E-05   
4140   3.149E-03   1.2778E-05   2.3586E-05   1.2693E-05 / 2.3517E-05   
4150   3.149E-03   1.4480E-05   2.6256E-05   1.4157E-05 / 2.5601E-05   
4160   3.149E-03   1.1961E-05   2.3387E-05   1.1831E-05 / 2.3286E-05   
4170   3.149E-03   1.4215E-05   2.5344E-05   1.3834E-05 / 2.4765E-05   
4180   3.149E-03   2.3590E-05   3.3135E-05   1.8157E-05 / 2.7863E-05   
4190   3.149E-03   1.1381E-05   2.2479E-05   1.1247E-05 / 2.2369E-05   
4200   3.149E-03   1.1448E-05   2.2878E-05   1.1412E-05 / 2.2858E-05   
4210   3.149E-03   1.8597E-05   2.9697E-05   1.8078E-05 / 2.8869E-05   
4220   3.149E-03   1.1327E-05   2.3552E-05   1.1098E-05 / 2.3356E-05   
4230   3.149E-03   1.3449E-05   2.5919E-05   1.2651E-05 / 2.4718E-05   
4240   3.149E-03   1.1836E-05   2.4506E-05   1.1736E-05 / 2.4428E-05   
4250   3.149E-03   1.2301E-05   2.2800E-05   1.2258E-05 / 2.2769E-05   
4260   3.149E-03   1.2474E-05   2.3741E-05   1.2426E-05 / 2.3679E-05   
4270   3.149E-03   1.2820E-05   2.4570E-05   1.2782E-05 / 2.4538E-05   
4280   3.149E-03   1.2538E-05   2.3280E-05   1.2436E-05 / 2.3199E-05   
4290   3.149E-03   1.2069E-05   2.4227E-05   1.1919E-05 / 2.4105E-05   
4300   3.149E-03   1.2258E-05   2.3711E-05   1.2218E-05 / 2.3518E-05   
4310   3.149E-03   1.1853E-05   2.3551E-05   1.1822E-05 / 2.3448E-05   
4320   3.149E-03   1.0961E-05   2.3092E-05   1.0875E-05 / 2.3025E-05   
4330   3.149E-03   1.1884E-05   2.3914E-05   1.1474E-05 / 2.3543E-05   
4340   3.149E-03   1.6819E-05   2.8477E-05   1.6801E-05 / 2.8443E-05   
4350   3.149E-03   1.2387E-05   2.4078E-05   1.2243E-05 / 2.3954E-05   
4360   3.149E-03   1.1171E-05   2.3408E-05   1.1038E-05 / 2.3294E-05   
BEST MODEL
===============================================================================================================
4099   3.149E-03   1.2008E-05   2.1482E-05   1.1817E-05 / 2.1316E-05   
===============================================================================================================
Saved model to /home/nikki/kan/kanTBNN/models/multi_run/kan_experiment_174_opt/kanTBNN-24Nov08_20:16:43.pickle
