========== Dataset info ==========
Dataset params: {'file': '/home/nikki/kan/data/turbulence_dataset_clean.csv', 'Cases': ['fp_1000', 'fp_1410', 'fp_2000', 'fp_2540', 'fp_3030', 'fp_3270', 'fp_3630', 'fp_3970', 'fp_4060'], 'val_set': ['fp_3030', 'fp_1410', 'fp_4060'], 'test_set': ['fp_3630'], 'data_loader': <class 'tbnn.dataloaders.aDataset'>}
Train/Valid/Test points: 760 / 468 / 168
Memorization?: False
Cluster training?: False
EPOCH     LR        TRAIN         VALID             MSE:T/V                  RL:T/V             %NR_t/%NR_v
===============================================================================================================
  1   1.764E-04   2.6873E-01   2.6183E-01   2.4064E-01 / 2.3347E-01   
 10   1.764E-04   2.3249E-01   2.2544E-01   2.1246E-01 / 2.0526E-01   
 20   1.764E-04   1.9592E-01   1.8880E-01   1.8210E-01 / 1.7494E-01   
 30   1.764E-04   1.5798E-01   1.5094E-01   1.5090E-01 / 1.4404E-01   
 40   1.764E-04   1.2767E-01   1.2123E-01   1.2413E-01 / 1.1784E-01   
 50   1.764E-04   1.0556E-01   9.9817E-02   1.0361E-01 / 9.8001E-02   
 60   1.764E-04   8.8613E-02   8.3609E-02   8.7540E-02 / 8.2650E-02   
 70   1.764E-04   7.4662E-02   7.0296E-02   7.4118E-02 / 6.9846E-02   
 80   1.764E-04   6.2485E-02   5.8677E-02   6.2270E-02 / 5.8531E-02   
 90   1.764E-04   5.1403E-02   4.8126E-02   5.1351E-02 / 4.8107E-02   
100   1.764E-04   4.2473E-02   3.9605E-02   4.2453E-02 / 3.9602E-02   
110   1.764E-04   3.4618E-02   3.2105E-02   3.4605E-02 / 3.2105E-02   
120   1.764E-04   2.8289E-02   2.6064E-02   2.8281E-02 / 2.6064E-02   
130   1.764E-04   2.3961E-02   2.1956E-02   2.3957E-02 / 2.1956E-02   
140   1.764E-04   2.0943E-02   1.9113E-02   2.0942E-02 / 1.9113E-02   
150   1.764E-04   1.8700E-02   1.7021E-02   1.8700E-02 / 1.7021E-02   
160   1.764E-04   1.6876E-02   1.5341E-02   1.6876E-02 / 1.5341E-02   
170   1.764E-04   1.5285E-02   1.3890E-02   1.5285E-02 / 1.3890E-02   
180   1.764E-04   1.3834E-02   1.2573E-02   1.3834E-02 / 1.2573E-02   
190   1.764E-04   1.2484E-02   1.1352E-02   1.2484E-02 / 1.1352E-02   
200   1.764E-04   1.1237E-02   1.0234E-02   1.1237E-02 / 1.0234E-02   
210   1.764E-04   1.0118E-02   9.2331E-03   1.0117E-02 / 9.2324E-03   
220   1.764E-04   9.1398E-03   8.3534E-03   9.1389E-03 / 8.3523E-03   
230   1.764E-04   8.3267E-03   7.6194E-03   8.3260E-03 / 7.6186E-03   
240   1.764E-04   7.6536E-03   7.0149E-03   7.6532E-03 / 7.0145E-03   
250   1.764E-04   7.0944E-03   6.5149E-03   7.0944E-03 / 6.5149E-03   
260   1.764E-04   6.6364E-03   6.1056E-03   6.6364E-03 / 6.1056E-03   
270   1.764E-04   6.2608E-03   5.7726E-03   6.2608E-03 / 5.7726E-03   
280   1.764E-04   5.9455E-03   5.4936E-03   5.9440E-03 / 5.4936E-03   
290   1.764E-04   5.6751E-03   5.2543E-03   5.6694E-03 / 5.2521E-03   
300   1.764E-04   5.4473E-03   5.0536E-03   5.4362E-03 / 5.0474E-03   
310   1.764E-04   5.2458E-03   4.8784E-03   5.2314E-03 / 4.8696E-03   
320   1.764E-04   5.0613E-03   4.7183E-03   5.0463E-03 / 4.7090E-03   
330   1.764E-04   4.8856E-03   4.5653E-03   4.8722E-03 / 4.5571E-03   
340   1.764E-04   4.7160E-03   4.4159E-03   4.7039E-03 / 4.4085E-03   
350   1.764E-04   4.5518E-03   4.2692E-03   4.5406E-03 / 4.2622E-03   
360   1.764E-04   4.3993E-03   4.1322E-03   4.3880E-03 / 4.1250E-03   
370   1.764E-04   4.2526E-03   4.0005E-03   4.2411E-03 / 3.9929E-03   
380   1.764E-04   4.1125E-03   3.8742E-03   4.1003E-03 / 3.8658E-03   
390   1.764E-04   3.9787E-03   3.7535E-03   3.9661E-03 / 3.7446E-03   
400   1.764E-04   3.8497E-03   3.6365E-03   3.8365E-03 / 3.6269E-03   
410   1.764E-04   3.7265E-03   3.5247E-03   3.7128E-03 / 3.5146E-03   
420   1.764E-04   3.6092E-03   3.4196E-03   3.5955E-03 / 3.4094E-03   
430   1.764E-04   3.4955E-03   3.3166E-03   3.4815E-03 / 3.3062E-03   
440   1.764E-04   3.3853E-03   3.2166E-03   3.3714E-03 / 3.2062E-03   
450   1.764E-04   3.2774E-03   3.1183E-03   3.2634E-03 / 3.1078E-03   
460   1.764E-04   3.1735E-03   3.0234E-03   3.1599E-03 / 3.0134E-03   
470   1.764E-04   3.0739E-03   2.9325E-03   3.0607E-03 / 2.9228E-03   
480   1.764E-04   2.9774E-03   2.8452E-03   2.9649E-03 / 2.8360E-03   
490   1.764E-04   2.8851E-03   2.7615E-03   2.8737E-03 / 2.7534E-03   
500   1.764E-04   2.7951E-03   2.6802E-03   2.7843E-03 / 2.6725E-03   
510   1.764E-04   2.7097E-03   2.6031E-03   2.7000E-03 / 2.5965E-03   
520   1.764E-04   2.6267E-03   2.5263E-03   2.6172E-03 / 2.5198E-03   
530   1.764E-04   2.5479E-03   2.4541E-03   2.5393E-03 / 2.4483E-03   
540   1.764E-04   2.4720E-03   2.3843E-03   2.4638E-03 / 2.3787E-03   
550   1.764E-04   2.4001E-03   2.3183E-03   2.3926E-03 / 2.3132E-03   
560   1.764E-04   2.3308E-03   2.2549E-03   2.3232E-03 / 2.2496E-03   
570   1.764E-04   2.2652E-03   2.1950E-03   2.2584E-03 / 2.1902E-03   
580   1.764E-04   2.2021E-03   2.1354E-03   2.1958E-03 / 2.1307E-03   
590   1.764E-04   2.1423E-03   2.0796E-03   2.1364E-03 / 2.0752E-03   
600   1.764E-04   2.0847E-03   2.0261E-03   2.0793E-03 / 2.0219E-03   
610   1.764E-04   2.0299E-03   1.9743E-03   2.0247E-03 / 1.9703E-03   
620   1.764E-04   1.9776E-03   1.9251E-03   1.9730E-03 / 1.9216E-03   
630   1.764E-04   1.9283E-03   1.8779E-03   1.9238E-03 / 1.8746E-03   
640   1.764E-04   1.8808E-03   1.8323E-03   1.8766E-03 / 1.8291E-03   
650   1.764E-04   1.8353E-03   1.7888E-03   1.8309E-03 / 1.7855E-03   
660   1.764E-04   1.7921E-03   1.7476E-03   1.7882E-03 / 1.7447E-03   
670   1.764E-04   1.7500E-03   1.7068E-03   1.7460E-03 / 1.7039E-03   
680   1.764E-04   1.7100E-03   1.6686E-03   1.7061E-03 / 1.6659E-03   
690   1.764E-04   1.6711E-03   1.6305E-03   1.6674E-03 / 1.6280E-03   
700   1.764E-04   1.6335E-03   1.5949E-03   1.6301E-03 / 1.5927E-03   
710   1.764E-04   1.5971E-03   1.5594E-03   1.5938E-03 / 1.5574E-03   
720   1.764E-04   1.5615E-03   1.5256E-03   1.5583E-03 / 1.5237E-03   
730   1.764E-04   1.5272E-03   1.4925E-03   1.5242E-03 / 1.4907E-03   
740   1.764E-04   1.4939E-03   1.4601E-03   1.4912E-03 / 1.4585E-03   
750   1.764E-04   1.4615E-03   1.4298E-03   1.4591E-03 / 1.4283E-03   
760   1.764E-04   1.4301E-03   1.4003E-03   1.4276E-03 / 1.3988E-03   
770   1.764E-04   1.3998E-03   1.3716E-03   1.3976E-03 / 1.3703E-03   
780   1.764E-04   1.3704E-03   1.3442E-03   1.3683E-03 / 1.3429E-03   
790   1.764E-04   1.3418E-03   1.3172E-03   1.3397E-03 / 1.3160E-03   
800   1.764E-04   1.3140E-03   1.2915E-03   1.3121E-03 / 1.2904E-03   
810   1.764E-04   1.2869E-03   1.2668E-03   1.2851E-03 / 1.2657E-03   
820   1.764E-04   1.2610E-03   1.2425E-03   1.2592E-03 / 1.2414E-03   
830   1.764E-04   1.2360E-03   1.2190E-03   1.2343E-03 / 1.2180E-03   
840   1.764E-04   1.2118E-03   1.1972E-03   1.2102E-03 / 1.1962E-03   
850   1.764E-04   1.1882E-03   1.1757E-03   1.1866E-03 / 1.1748E-03   
860   1.764E-04   1.1654E-03   1.1549E-03   1.1639E-03 / 1.1540E-03   
870   1.764E-04   1.1433E-03   1.1356E-03   1.1418E-03 / 1.1347E-03   
880   1.764E-04   1.1219E-03   1.1163E-03   1.1204E-03 / 1.1155E-03   
890   1.764E-04   1.1012E-03   1.0973E-03   1.0998E-03 / 1.0964E-03   
900   1.764E-04   1.0809E-03   1.0778E-03   1.0796E-03 / 1.0770E-03   
910   1.764E-04   1.0614E-03   1.0601E-03   1.0601E-03 / 1.0593E-03   
920   1.764E-04   1.0423E-03   1.0431E-03   1.0410E-03 / 1.0422E-03   
930   1.764E-04   1.0237E-03   1.0256E-03   1.0223E-03 / 1.0246E-03   
940   1.764E-04   1.0057E-03   1.0083E-03   1.0043E-03 / 1.0072E-03   
950   1.764E-04   9.8810E-04   9.9312E-04   9.8672E-04 / 9.9201E-04   
960   1.764E-04   9.7089E-04   9.7505E-04   9.6940E-04 / 9.7381E-04   
970   1.764E-04   9.5404E-04   9.5880E-04   9.5269E-04 / 9.5765E-04   
980   1.764E-04   9.3757E-04   9.4376E-04   9.3622E-04 / 9.4258E-04   
990   1.764E-04   9.2121E-04   9.2735E-04   9.1991E-04 / 9.2615E-04   
1000   1.764E-04   9.0490E-04   9.1327E-04   9.0364E-04 / 9.1203E-04   
1010   1.764E-04   8.8882E-04   8.9739E-04   8.8747E-04 / 8.9601E-04   
1020   1.764E-04   8.7267E-04   8.8221E-04   8.7142E-04 / 8.8087E-04   
1030   1.764E-04   8.5704E-04   8.6751E-04   8.5587E-04 / 8.6626E-04   
1040   1.764E-04   8.4147E-04   8.5265E-04   8.4041E-04 / 8.5152E-04   
1050   1.764E-04   8.2652E-04   8.3962E-04   8.2549E-04 / 8.3854E-04   
1060   1.764E-04   8.1206E-04   8.2681E-04   8.1108E-04 / 8.2582E-04   
1070   1.764E-04   7.9728E-04   8.1318E-04   7.9636E-04 / 8.1228E-04   
1080   1.764E-04   7.8344E-04   8.0230E-04   7.8265E-04 / 8.0152E-04   
1090   1.764E-04   7.7004E-04   7.8909E-04   7.6928E-04 / 7.8834E-04   
1100   1.764E-04   7.5701E-04   7.7796E-04   7.5629E-04 / 7.7727E-04   
1110   1.764E-04   7.4443E-04   7.6920E-04   7.4379E-04 / 7.6856E-04   
1120   1.764E-04   7.3206E-04   7.5699E-04   7.3143E-04 / 7.5638E-04   
1130   1.764E-04   7.2026E-04   7.4855E-04   7.1970E-04 / 7.4799E-04   
1140   1.764E-04   7.0903E-04   7.3891E-04   7.0855E-04 / 7.3842E-04   
1150   1.764E-04   6.9768E-04   7.2991E-04   6.9730E-04 / 7.2948E-04   
1160   1.764E-04   6.8689E-04   7.2130E-04   6.8642E-04 / 7.2082E-04   
1170   1.764E-04   6.7641E-04   7.1484E-04   6.7602E-04 / 7.1442E-04   
1180   1.764E-04   6.6750E-04   7.1190E-04   6.6713E-04 / 7.1150E-04   
1190   1.764E-04   6.5639E-04   6.9905E-04   6.5608E-04 / 6.9869E-04   
1200   1.764E-04   6.4695E-04   6.8983E-04   6.4664E-04 / 6.8949E-04   
1210   1.764E-04   6.3736E-04   6.8459E-04   6.3708E-04 / 6.8428E-04   
1220   1.764E-04   6.2841E-04   6.7907E-04   6.2816E-04 / 6.7877E-04   
1230   1.764E-04   6.1981E-04   6.7242E-04   6.1953E-04 / 6.7213E-04   
1240   1.764E-04   6.1091E-04   6.6721E-04   6.1062E-04 / 6.6694E-04   
1250   1.764E-04   6.0259E-04   6.6282E-04   6.0236E-04 / 6.6257E-04   
1260   1.764E-04   5.9427E-04   6.5670E-04   5.9396E-04 / 6.5642E-04   
1270   1.764E-04   5.8626E-04   6.5335E-04   5.8602E-04 / 6.5312E-04   
1280   1.764E-04   5.7914E-04   6.4546E-04   5.7888E-04 / 6.4522E-04   
1290   1.764E-04   5.7060E-04   6.4180E-04   5.7028E-04 / 6.4152E-04   
1300   1.764E-04   5.6339E-04   6.3587E-04   5.6310E-04 / 6.3562E-04   
1310   1.764E-04   5.5618E-04   6.3305E-04   5.5590E-04 / 6.3279E-04   
1320   1.764E-04   5.4899E-04   6.2820E-04   5.4871E-04 / 6.2796E-04   
1330   1.764E-04   5.4190E-04   6.2381E-04   5.4159E-04 / 6.2354E-04   
1340   1.764E-04   5.3533E-04   6.1835E-04   5.3499E-04 / 6.1806E-04   
1350   1.764E-04   5.2917E-04   6.1772E-04   5.2886E-04 / 6.1743E-04   
1360   1.764E-04   5.2221E-04   6.1097E-04   5.2189E-04 / 6.1069E-04   
1370   1.764E-04   5.1592E-04   6.0764E-04   5.1550E-04 / 6.0729E-04   
1380   1.764E-04   5.0971E-04   6.0219E-04   5.0942E-04 / 6.0190E-04   
1390   1.764E-04   5.0368E-04   5.9892E-04   5.0335E-04 / 5.9860E-04   
1400   1.764E-04   4.9781E-04   5.9557E-04   4.9746E-04 / 5.9521E-04   
1410   1.764E-04   4.9215E-04   5.9068E-04   4.9178E-04 / 5.9031E-04   
1420   1.764E-04   4.8665E-04   5.8718E-04   4.8631E-04 / 5.8681E-04   
1430   1.764E-04   4.8142E-04   5.8549E-04   4.8107E-04 / 5.8512E-04   
1440   1.764E-04   4.7579E-04   5.8121E-04   4.7542E-04 / 5.8080E-04   
1450   1.764E-04   4.7061E-04   5.7552E-04   4.7019E-04 / 5.7507E-04   
1460   1.764E-04   4.6567E-04   5.7338E-04   4.6530E-04 / 5.7295E-04   
1470   1.764E-04   4.6041E-04   5.6895E-04   4.5999E-04 / 5.6849E-04   
1480   1.764E-04   4.5539E-04   5.6418E-04   4.5499E-04 / 5.6371E-04   
1490   1.764E-04   4.5075E-04   5.6037E-04   4.5041E-04 / 5.5994E-04   
1500   1.764E-04   4.4609E-04   5.5735E-04   4.4574E-04 / 5.5689E-04   
1510   1.764E-04   4.4168E-04   5.5433E-04   4.4132E-04 / 5.5387E-04   
1520   1.764E-04   4.3669E-04   5.5070E-04   4.3637E-04 / 5.5026E-04   
1530   1.764E-04   4.3225E-04   5.4741E-04   4.3192E-04 / 5.4697E-04   
1540   1.764E-04   4.2789E-04   5.4266E-04   4.2756E-04 / 5.4223E-04   
1550   1.764E-04   4.2357E-04   5.3853E-04   4.2329E-04 / 5.3811E-04   
1560   1.764E-04   4.1992E-04   5.3387E-04   4.1965E-04 / 5.3347E-04   
1570   1.764E-04   4.1523E-04   5.3363E-04   4.1498E-04 / 5.3325E-04   
1580   1.764E-04   4.1114E-04   5.2819E-04   4.1086E-04 / 5.2779E-04   
1590   1.764E-04   4.0719E-04   5.2484E-04   4.0698E-04 / 5.2450E-04   
1600   1.764E-04   4.0339E-04   5.2130E-04   4.0313E-04 / 5.2092E-04   
1610   1.764E-04   3.9999E-04   5.1802E-04   3.9976E-04 / 5.1768E-04   
1620   1.764E-04   3.9581E-04   5.1464E-04   3.9559E-04 / 5.1431E-04   
1630   1.764E-04   3.9231E-04   5.1397E-04   3.9207E-04 / 5.1364E-04   
1640   1.764E-04   3.8854E-04   5.0642E-04   3.8834E-04 / 5.0612E-04   
1650   1.764E-04   3.8502E-04   5.0651E-04   3.8482E-04 / 5.0621E-04   
1660   1.764E-04   3.8199E-04   4.9999E-04   3.8177E-04 / 4.9969E-04   
1670   1.764E-04   3.7832E-04   4.9955E-04   3.7812E-04 / 4.9926E-04   
1680   1.764E-04   3.7630E-04   4.9813E-04   3.7604E-04 / 4.9781E-04   
1690   1.764E-04   3.7204E-04   4.9155E-04   3.7184E-04 / 4.9127E-04   
1700   1.764E-04   3.6902E-04   4.8787E-04   3.6884E-04 / 4.8760E-04   
1710   1.764E-04   3.6585E-04   4.9050E-04   3.6564E-04 / 4.9024E-04   
1720   1.764E-04   3.6308E-04   4.8477E-04   3.6286E-04 / 4.8450E-04   
1730   1.764E-04   3.6042E-04   4.8278E-04   3.6021E-04 / 4.8253E-04   
1740   1.764E-04   3.5757E-04   4.7910E-04   3.5735E-04 / 4.7886E-04   
1750   1.764E-04   3.5420E-04   4.7440E-04   3.5396E-04 / 4.7416E-04   
1760   1.764E-04   3.5153E-04   4.7409E-04   3.5131E-04 / 4.7386E-04   
1770   1.764E-04   3.4873E-04   4.6808E-04   3.4849E-04 / 4.6784E-04   
1780   1.764E-04   3.4605E-04   4.6802E-04   3.4577E-04 / 4.6775E-04   
1790   1.764E-04   3.4373E-04   4.6378E-04   3.4350E-04 / 4.6356E-04   
1800   1.764E-04   3.4150E-04   4.6459E-04   3.4121E-04 / 4.6435E-04   
1810   1.764E-04   3.3839E-04   4.5926E-04   3.3812E-04 / 4.5902E-04   
1820   1.764E-04   3.3569E-04   4.5857E-04   3.3542E-04 / 4.5832E-04   
1830   1.764E-04   3.3356E-04   4.5718E-04   3.3329E-04 / 4.5695E-04   
1840   1.764E-04   3.3107E-04   4.5449E-04   3.3077E-04 / 4.5425E-04   
1850   1.764E-04   3.2925E-04   4.5082E-04   3.2898E-04 / 4.5060E-04   
1860   1.764E-04   3.2642E-04   4.4870E-04   3.2616E-04 / 4.4849E-04   
1870   1.764E-04   3.2493E-04   4.4846E-04   3.2465E-04 / 4.4824E-04   
1880   1.764E-04   3.2140E-04   4.4371E-04   3.2114E-04 / 4.4350E-04   
1890   1.764E-04   3.1930E-04   4.4212E-04   3.1908E-04 / 4.4194E-04   
1900   1.764E-04   3.1699E-04   4.4074E-04   3.1674E-04 / 4.4055E-04   
1910   1.764E-04   3.1476E-04   4.3813E-04   3.1452E-04 / 4.3796E-04   
1920   1.764E-04   3.1263E-04   4.3413E-04   3.1240E-04 / 4.3396E-04   
1930   1.764E-04   3.1054E-04   4.3387E-04   3.1031E-04 / 4.3371E-04   
1940   1.764E-04   3.0835E-04   4.3234E-04   3.0814E-04 / 4.3220E-04   
1950   1.764E-04   3.0640E-04   4.3044E-04   3.0617E-04 / 4.3028E-04   
1960   1.764E-04   3.0425E-04   4.2938E-04   3.0402E-04 / 4.2922E-04   
1970   1.764E-04   3.0220E-04   4.2491E-04   3.0199E-04 / 4.2477E-04   
1980   1.764E-04   3.0015E-04   4.2507E-04   2.9995E-04 / 4.2494E-04   
1990   1.764E-04   2.9806E-04   4.2170E-04   2.9784E-04 / 4.2156E-04   
2000   1.764E-04   2.9645E-04   4.2085E-04   2.9625E-04 / 4.2072E-04   
2010   1.764E-04   2.9432E-04   4.1803E-04   2.9408E-04 / 4.1787E-04   
2020   1.764E-04   2.9233E-04   4.1741E-04   2.9212E-04 / 4.1728E-04   
2030   1.764E-04   2.9048E-04   4.1686E-04   2.9026E-04 / 4.1673E-04   
2040   1.764E-04   2.8890E-04   4.1383E-04   2.8867E-04 / 4.1368E-04   
2050   1.764E-04   2.8713E-04   4.1205E-04   2.8694E-04 / 4.1194E-04   
2060   1.764E-04   2.8514E-04   4.1211E-04   2.8492E-04 / 4.1197E-04   
2070   1.764E-04   2.8338E-04   4.0809E-04   2.8315E-04 / 4.0795E-04   
2080   1.764E-04   2.8149E-04   4.0749E-04   2.8128E-04 / 4.0737E-04   
2090   1.764E-04   2.8014E-04   4.0526E-04   2.7994E-04 / 4.0514E-04   
2100   1.764E-04   2.7812E-04   4.0697E-04   2.7792E-04 / 4.0685E-04   
2110   1.764E-04   2.7653E-04   4.0392E-04   2.7635E-04 / 4.0382E-04   
2120   1.764E-04   2.7468E-04   4.0180E-04   2.7447E-04 / 4.0167E-04   
2130   1.764E-04   2.7335E-04   4.0293E-04   2.7314E-04 / 4.0279E-04   
2140   1.764E-04   2.7142E-04   4.0041E-04   2.7121E-04 / 4.0028E-04   
2150   1.764E-04   2.6999E-04   3.9766E-04   2.6982E-04 / 3.9756E-04   
2160   1.764E-04   2.6851E-04   3.9690E-04   2.6831E-04 / 3.9678E-04   
2170   1.764E-04   2.6713E-04   3.9747E-04   2.6694E-04 / 3.9735E-04   
2180   1.764E-04   2.6555E-04   3.9546E-04   2.6535E-04 / 3.9534E-04   
2190   1.764E-04   2.6428E-04   3.9314E-04   2.6411E-04 / 3.9304E-04   
2200   1.764E-04   2.6257E-04   3.9108E-04   2.6240E-04 / 3.9097E-04   
2210   1.764E-04   2.6090E-04   3.9302E-04   2.6071E-04 / 3.9291E-04   
2220   1.764E-04   2.5930E-04   3.9040E-04   2.5914E-04 / 3.9031E-04   
2230   1.764E-04   2.5811E-04   3.8926E-04   2.5793E-04 / 3.8915E-04   
2240   1.764E-04   2.5670E-04   3.8775E-04   2.5654E-04 / 3.8765E-04   
2250   1.764E-04   2.5544E-04   3.8735E-04   2.5526E-04 / 3.8723E-04   
2260   1.764E-04   2.5389E-04   3.8555E-04   2.5373E-04 / 3.8544E-04   
2270   1.764E-04   2.5263E-04   3.8420E-04   2.5246E-04 / 3.8408E-04   
2280   1.764E-04   2.5155E-04   3.8470E-04   2.5140E-04 / 3.8460E-04   
2290   1.764E-04   2.5027E-04   3.8207E-04   2.5009E-04 / 3.8194E-04   
2300   1.764E-04   2.4867E-04   3.8113E-04   2.4848E-04 / 3.8099E-04   
2310   1.764E-04   2.4806E-04   3.8097E-04   2.4789E-04 / 3.8083E-04   
2320   1.764E-04   2.4616E-04   3.8026E-04   2.4600E-04 / 3.8013E-04   
2330   1.764E-04   2.4490E-04   3.7952E-04   2.4472E-04 / 3.7937E-04   
2340   1.764E-04   2.4414E-04   3.7783E-04   2.4396E-04 / 3.7768E-04   
2350   1.764E-04   2.4265E-04   3.7791E-04   2.4247E-04 / 3.7776E-04   
2360   1.764E-04   2.4161E-04   3.7712E-04   2.4143E-04 / 3.7697E-04   
2370   1.764E-04   2.4025E-04   3.7547E-04   2.4007E-04 / 3.7531E-04   
2380   1.764E-04   2.3899E-04   3.7354E-04   2.3882E-04 / 3.7340E-04   
2390   1.764E-04   2.3787E-04   3.7381E-04   2.3769E-04 / 3.7366E-04   
2400   1.764E-04   2.3703E-04   3.7243E-04   2.3686E-04 / 3.7228E-04   
2410   1.764E-04   2.3582E-04   3.7268E-04   2.3564E-04 / 3.7252E-04   
2420   1.764E-04   2.3490E-04   3.7339E-04   2.3473E-04 / 3.7324E-04   
2430   1.764E-04   2.3359E-04   3.7097E-04   2.3340E-04 / 3.7080E-04   
2440   1.764E-04   2.3284E-04   3.7102E-04   2.3264E-04 / 3.7084E-04   
2450   1.764E-04   2.3176E-04   3.7159E-04   2.3159E-04 / 3.7144E-04   
2460   1.764E-04   2.3038E-04   3.6999E-04   2.3019E-04 / 3.6981E-04   
2470   1.764E-04   2.2942E-04   3.6886E-04   2.2924E-04 / 3.6870E-04   
2480   1.764E-04   2.2828E-04   3.6814E-04   2.2809E-04 / 3.6798E-04   
2490   1.764E-04   2.2730E-04   3.6871E-04   2.2711E-04 / 3.6854E-04   
2500   1.764E-04   2.2643E-04   3.6633E-04   2.2624E-04 / 3.6616E-04   
2510   1.764E-04   2.2558E-04   3.6415E-04   2.2539E-04 / 3.6399E-04   
2520   1.764E-04   2.2422E-04   3.6520E-04   2.2404E-04 / 3.6505E-04   
2530   1.764E-04   2.2347E-04   3.6422E-04   2.2327E-04 / 3.6406E-04   
2540   1.764E-04   2.2256E-04   3.6516E-04   2.2237E-04 / 3.6500E-04   
2550   1.764E-04   2.2159E-04   3.6600E-04   2.2140E-04 / 3.6584E-04   
2560   1.764E-04   2.2064E-04   3.6373E-04   2.2046E-04 / 3.6358E-04   
2570   1.764E-04   2.1968E-04   3.6302E-04   2.1949E-04 / 3.6286E-04   
2580   1.764E-04   2.1873E-04   3.6382E-04   2.1854E-04 / 3.6366E-04   
2590   1.764E-04   2.1780E-04   3.6211E-04   2.1760E-04 / 3.6194E-04   
2600   1.764E-04   2.1691E-04   3.6439E-04   2.1672E-04 / 3.6424E-04   
2610   1.764E-04   2.1576E-04   3.6373E-04   2.1556E-04 / 3.6357E-04   
2620   1.764E-04   2.1565E-04   3.6241E-04   2.1547E-04 / 3.6225E-04   
2630   1.764E-04   2.1433E-04   3.6164E-04   2.1416E-04 / 3.6149E-04   
2640   1.764E-04   2.1332E-04   3.6002E-04   2.1315E-04 / 3.5988E-04   
2650   1.764E-04   2.1240E-04   3.6012E-04   2.1221E-04 / 3.5997E-04   
2660   1.764E-04   2.1171E-04   3.5893E-04   2.1150E-04 / 3.5876E-04   
2670   1.764E-04   2.1113E-04   3.5903E-04   2.1094E-04 / 3.5887E-04   
2680   1.764E-04   2.0997E-04   3.5908E-04   2.0979E-04 / 3.5894E-04   
2690   1.764E-04   2.0895E-04   3.5887E-04   2.0878E-04 / 3.5873E-04   
2700   1.764E-04   2.0879E-04   3.5746E-04   2.0860E-04 / 3.5730E-04   
2710   1.764E-04   2.0745E-04   3.5684E-04   2.0728E-04 / 3.5670E-04   
2720   1.764E-04   2.0667E-04   3.6041E-04   2.0650E-04 / 3.6028E-04   
2730   1.764E-04   2.0599E-04   3.5761E-04   2.0580E-04 / 3.5745E-04   
2740   1.764E-04   2.0519E-04   3.5828E-04   2.0502E-04 / 3.5815E-04   
2750   1.764E-04   2.0413E-04   3.5706E-04   2.0396E-04 / 3.5692E-04   
2760   1.764E-04   2.0357E-04   3.5817E-04   2.0340E-04 / 3.5803E-04   
2770   1.764E-04   2.0265E-04   3.5675E-04   2.0249E-04 / 3.5662E-04   
2780   1.764E-04   2.0215E-04   3.5208E-04   2.0197E-04 / 3.5194E-04   
2790   1.764E-04   2.0146E-04   3.5618E-04   2.0127E-04 / 3.5603E-04   
2800   1.764E-04   2.0046E-04   3.5413E-04   2.0030E-04 / 3.5400E-04   
2810   1.764E-04   1.9988E-04   3.5477E-04   1.9973E-04 / 3.5465E-04   
2820   1.764E-04   1.9892E-04   3.5274E-04   1.9875E-04 / 3.5260E-04   
2830   1.764E-04   1.9821E-04   3.5562E-04   1.9804E-04 / 3.5547E-04   
2840   1.764E-04   2.0025E-04   3.6022E-04   2.0009E-04 / 3.6009E-04   
2850   1.764E-04   1.9676E-04   3.5433E-04   1.9659E-04 / 3.5418E-04   
2860   1.764E-04   1.9614E-04   3.5277E-04   1.9599E-04 / 3.5265E-04   
2870   1.764E-04   1.9577E-04   3.4981E-04   1.9562E-04 / 3.4969E-04   
2880   1.764E-04   1.9457E-04   3.5182E-04   1.9441E-04 / 3.5170E-04   
2890   1.764E-04   1.9388E-04   3.5237E-04   1.9373E-04 / 3.5225E-04   
2900   1.764E-04   1.9344E-04   3.5277E-04   1.9329E-04 / 3.5265E-04   
2910   1.764E-04   1.9305E-04   3.5299E-04   1.9290E-04 / 3.5287E-04   
2920   1.764E-04   1.9186E-04   3.5033E-04   1.9170E-04 / 3.5020E-04   
2930   1.764E-04   1.9127E-04   3.5145E-04   1.9112E-04 / 3.5132E-04   
2940   1.764E-04   1.9044E-04   3.4825E-04   1.9028E-04 / 3.4812E-04   
2950   1.764E-04   1.9011E-04   3.5134E-04   1.8997E-04 / 3.5122E-04   
2960   1.764E-04   1.8922E-04   3.5036E-04   1.8908E-04 / 3.5024E-04   
2970   1.764E-04   1.8858E-04   3.4732E-04   1.8843E-04 / 3.4719E-04   
2980   1.764E-04   1.8791E-04   3.4966E-04   1.8777E-04 / 3.4953E-04   
2990   1.764E-04   1.8754E-04   3.5079E-04   1.8741E-04 / 3.5068E-04   
3000   1.764E-04   1.8698E-04   3.5108E-04   1.8685E-04 / 3.5095E-04   
3010   1.764E-04   1.8633E-04   3.5131E-04   1.8619E-04 / 3.5118E-04   
3020   1.764E-04   1.8574E-04   3.4831E-04   1.8559E-04 / 3.4819E-04   
3030   1.764E-04   1.8477E-04   3.4437E-04   1.8463E-04 / 3.4424E-04   
3040   1.764E-04   1.8426E-04   3.4621E-04   1.8413E-04 / 3.4608E-04   
3050   1.764E-04   1.8371E-04   3.4744E-04   1.8358E-04 / 3.4733E-04   
3060   1.764E-04   1.8310E-04   3.4575E-04   1.8297E-04 / 3.4564E-04   
3070   1.764E-04   1.8273E-04   3.4426E-04   1.8259E-04 / 3.4413E-04   
3080   1.764E-04   1.8213E-04   3.4459E-04   1.8199E-04 / 3.4446E-04   
3090   1.764E-04   1.8135E-04   3.4667E-04   1.8122E-04 / 3.4656E-04   
3100   1.764E-04   1.8092E-04   3.4295E-04   1.8079E-04 / 3.4283E-04   
3110   1.764E-04   1.8014E-04   3.4389E-04   1.8001E-04 / 3.4376E-04   
3120   1.764E-04   1.7969E-04   3.4214E-04   1.7956E-04 / 3.4201E-04   
3130   1.764E-04   1.7947E-04   3.4282E-04   1.7933E-04 / 3.4269E-04   
3140   1.764E-04   1.7903E-04   3.4736E-04   1.7891E-04 / 3.4724E-04   
3150   1.764E-04   1.7808E-04   3.4343E-04   1.7796E-04 / 3.4332E-04   
3160   1.764E-04   1.7739E-04   3.4262E-04   1.7728E-04 / 3.4251E-04   
3170   1.764E-04   1.7686E-04   3.4224E-04   1.7675E-04 / 3.4213E-04   
3180   1.764E-04   1.7656E-04   3.4425E-04   1.7643E-04 / 3.4413E-04   
3190   1.764E-04   1.7645E-04   3.4283E-04   1.7633E-04 / 3.4272E-04   
3200   1.764E-04   1.7529E-04   3.4095E-04   1.7518E-04 / 3.4085E-04   
3210   1.764E-04   1.7483E-04   3.4105E-04   1.7472E-04 / 3.4094E-04   
3220   1.764E-04   1.7419E-04   3.4118E-04   1.7408E-04 / 3.4108E-04   
3230   1.764E-04   1.7373E-04   3.3979E-04   1.7361E-04 / 3.3968E-04   
3240   1.764E-04   1.7319E-04   3.4200E-04   1.7308E-04 / 3.4190E-04   
3250   1.764E-04   1.7254E-04   3.3778E-04   1.7242E-04 / 3.3768E-04   
3260   1.764E-04   1.7217E-04   3.3897E-04   1.7206E-04 / 3.3886E-04   
3270   1.764E-04   1.7185E-04   3.4121E-04   1.7173E-04 / 3.4110E-04   
3280   1.764E-04   1.7129E-04   3.3837E-04   1.7117E-04 / 3.3826E-04   
3290   1.764E-04   1.7061E-04   3.3629E-04   1.7049E-04 / 3.3617E-04   
3300   1.764E-04   1.7052E-04   3.3565E-04   1.7042E-04 / 3.3557E-04   
3310   1.764E-04   1.6975E-04   3.3985E-04   1.6964E-04 / 3.3975E-04   
3320   1.764E-04   1.6950E-04   3.3671E-04   1.6939E-04 / 3.3663E-04   
3330   1.764E-04   1.6894E-04   3.3601E-04   1.6884E-04 / 3.3593E-04   
3340   1.764E-04   1.6823E-04   3.3573E-04   1.6812E-04 / 3.3564E-04   
3350   1.764E-04   1.6764E-04   3.3706E-04   1.6753E-04 / 3.3697E-04   
3360   1.764E-04   1.6751E-04   3.3758E-04   1.6740E-04 / 3.3750E-04   
3370   1.764E-04   1.6688E-04   3.3656E-04   1.6677E-04 / 3.3649E-04   
3380   1.764E-04   1.6631E-04   3.3456E-04   1.6620E-04 / 3.3448E-04   
3390   1.764E-04   1.6628E-04   3.3368E-04   1.6617E-04 / 3.3359E-04   
3400   1.764E-04   1.6604E-04   3.3543E-04   1.6594E-04 / 3.3534E-04   
3410   1.764E-04   1.6493E-04   3.3312E-04   1.6482E-04 / 3.3304E-04   
3420   1.764E-04   1.6445E-04   3.3437E-04   1.6435E-04 / 3.3430E-04   
3430   1.764E-04   1.6414E-04   3.3586E-04   1.6404E-04 / 3.3579E-04   
3440   1.764E-04   1.6360E-04   3.3448E-04   1.6349E-04 / 3.3440E-04   
3450   1.764E-04   1.6306E-04   3.3273E-04   1.6296E-04 / 3.3265E-04   
3460   1.764E-04   1.6281E-04   3.3261E-04   1.6271E-04 / 3.3253E-04   
3470   1.764E-04   1.6328E-04   3.3142E-04   1.6318E-04 / 3.3136E-04   
3480   1.764E-04   1.6211E-04   3.3480E-04   1.6201E-04 / 3.3473E-04   
3490   1.764E-04   1.6153E-04   3.3135E-04   1.6143E-04 / 3.3128E-04   
3500   1.764E-04   1.6160E-04   3.3473E-04   1.6149E-04 / 3.3466E-04   
3510   1.764E-04   1.6061E-04   3.3202E-04   1.6052E-04 / 3.3197E-04   
3520   1.764E-04   1.6038E-04   3.2834E-04   1.6028E-04 / 3.2828E-04   
3530   1.764E-04   1.6166E-04   3.2977E-04   1.6157E-04 / 3.2971E-04   
3540   1.764E-04   1.5940E-04   3.2858E-04   1.5931E-04 / 3.2852E-04   
3550   1.764E-04   1.6038E-04   3.3039E-04   1.6028E-04 / 3.3032E-04   
3560   1.764E-04   1.5960E-04   3.2904E-04   1.5950E-04 / 3.2898E-04   
3570   1.764E-04   1.5828E-04   3.2910E-04   1.5819E-04 / 3.2904E-04   
3580   1.764E-04   1.5827E-04   3.3203E-04   1.5819E-04 / 3.3198E-04   
3590   1.764E-04   1.5729E-04   3.2821E-04   1.5720E-04 / 3.2815E-04   
3600   1.764E-04   1.5697E-04   3.2840E-04   1.5688E-04 / 3.2835E-04   
3610   1.764E-04   1.5680E-04   3.3011E-04   1.5671E-04 / 3.3007E-04   
3620   1.764E-04   1.5616E-04   3.2811E-04   1.5608E-04 / 3.2807E-04   
3630   1.764E-04   1.5581E-04   3.2562E-04   1.5573E-04 / 3.2558E-04   
3640   1.764E-04   1.5555E-04   3.2761E-04   1.5547E-04 / 3.2755E-04   
3650   1.764E-04   1.5502E-04   3.2889E-04   1.5493E-04 / 3.2883E-04   
3660   1.764E-04   1.5499E-04   3.2922E-04   1.5492E-04 / 3.2917E-04   
3670   1.764E-04   1.5477E-04   3.2811E-04   1.5470E-04 / 3.2806E-04   
3680   1.764E-04   1.5412E-04   3.2805E-04   1.5405E-04 / 3.2801E-04   
3690   1.764E-04   1.5368E-04   3.2706E-04   1.5362E-04 / 3.2701E-04   
3700   1.764E-04   1.5335E-04   3.2461E-04   1.5328E-04 / 3.2456E-04   
3710   1.764E-04   1.5273E-04   3.2443E-04   1.5265E-04 / 3.2438E-04   
3720   1.764E-04   1.5260E-04   3.2668E-04   1.5253E-04 / 3.2664E-04   
3730   1.764E-04   1.5203E-04   3.2500E-04   1.5196E-04 / 3.2494E-04   
3740   1.764E-04   1.5189E-04   3.2463E-04   1.5181E-04 / 3.2458E-04   
3750   1.764E-04   1.5119E-04   3.2446E-04   1.5112E-04 / 3.2441E-04   
3760   1.764E-04   1.5109E-04   3.2578E-04   1.5103E-04 / 3.2573E-04   
3770   1.764E-04   1.5062E-04   3.2603E-04   1.5054E-04 / 3.2598E-04   
3780   1.764E-04   1.5050E-04   3.2786E-04   1.5043E-04 / 3.2782E-04   
3790   1.764E-04   1.4989E-04   3.2210E-04   1.4982E-04 / 3.2206E-04   
3800   1.764E-04   1.4951E-04   3.2451E-04   1.4944E-04 / 3.2445E-04   
3810   1.764E-04   1.4906E-04   3.2451E-04   1.4899E-04 / 3.2445E-04   
3820   1.764E-04   1.4910E-04   3.2361E-04   1.4904E-04 / 3.2357E-04   
3830   1.764E-04   1.4829E-04   3.2200E-04   1.4823E-04 / 3.2195E-04   
3840   1.764E-04   1.4823E-04   3.2232E-04   1.4817E-04 / 3.2228E-04   
3850   1.764E-04   1.4786E-04   3.2180E-04   1.4781E-04 / 3.2176E-04   
3860   1.764E-04   1.4773E-04   3.2581E-04   1.4766E-04 / 3.2575E-04   
3870   1.764E-04   1.4761E-04   3.1980E-04   1.4755E-04 / 3.1974E-04   
3880   1.764E-04   1.4679E-04   3.2160E-04   1.4672E-04 / 3.2156E-04   
3890   1.764E-04   1.4644E-04   3.2375E-04   1.4638E-04 / 3.2370E-04   
3900   1.764E-04   1.4611E-04   3.2041E-04   1.4605E-04 / 3.2037E-04   
3910   1.764E-04   1.4595E-04   3.2143E-04   1.4588E-04 / 3.2137E-04   
3920   1.764E-04   1.4634E-04   3.2166E-04   1.4627E-04 / 3.2160E-04   
3930   1.764E-04   1.4511E-04   3.1877E-04   1.4505E-04 / 3.1872E-04   
3940   1.764E-04   1.4572E-04   3.2484E-04   1.4566E-04 / 3.2479E-04   
3950   1.764E-04   1.4494E-04   3.1580E-04   1.4488E-04 / 3.1574E-04   
3960   1.764E-04   1.4408E-04   3.1847E-04   1.4402E-04 / 3.1841E-04   
3970   1.764E-04   1.4394E-04   3.1941E-04   1.4389E-04 / 3.1936E-04   
3980   1.764E-04   1.4344E-04   3.2185E-04   1.4338E-04 / 3.2179E-04   
3990   1.764E-04   1.4314E-04   3.1879E-04   1.4309E-04 / 3.1875E-04   
4000   1.764E-04   1.4328E-04   3.1830E-04   1.4322E-04 / 3.1825E-04   
4010   1.764E-04   1.4265E-04   3.1896E-04   1.4259E-04 / 3.1889E-04   
4020   1.764E-04   1.4227E-04   3.1914E-04   1.4222E-04 / 3.1909E-04   
4030   1.764E-04   1.4187E-04   3.1968E-04   1.4181E-04 / 3.1963E-04   
4040   1.764E-04   1.4208E-04   3.2110E-04   1.4202E-04 / 3.2103E-04   
4050   1.764E-04   1.4138E-04   3.1972E-04   1.4132E-04 / 3.1966E-04   
4060   1.764E-04   1.4091E-04   3.1845E-04   1.4085E-04 / 3.1839E-04   
4070   1.764E-04   1.4089E-04   3.2019E-04   1.4084E-04 / 3.2014E-04   
4080   1.764E-04   1.4039E-04   3.1982E-04   1.4033E-04 / 3.1977E-04   
4090   1.764E-04   1.4039E-04   3.2042E-04   1.4034E-04 / 3.2036E-04   
4100   1.764E-04   1.4006E-04   3.1587E-04   1.4001E-04 / 3.1581E-04   
4110   1.764E-04   1.3951E-04   3.1858E-04   1.3945E-04 / 3.1851E-04   
4120   1.764E-04   1.3914E-04   3.1812E-04   1.3908E-04 / 3.1804E-04   
4130   1.764E-04   1.3933E-04   3.1452E-04   1.3927E-04 / 3.1445E-04   
4140   1.764E-04   1.3956E-04   3.1558E-04   1.3949E-04 / 3.1550E-04   
4150   1.764E-04   1.3856E-04   3.1590E-04   1.3850E-04 / 3.1583E-04   
4160   1.764E-04   1.3808E-04   3.1374E-04   1.3802E-04 / 3.1367E-04   
4170   1.764E-04   1.3765E-04   3.1754E-04   1.3758E-04 / 3.1746E-04   
4180   1.764E-04   1.3759E-04   3.1386E-04   1.3753E-04 / 3.1379E-04   
4190   1.764E-04   1.3755E-04   3.1910E-04   1.3748E-04 / 3.1902E-04   
4200   1.764E-04   1.3775E-04   3.1662E-04   1.3767E-04 / 3.1653E-04   
4210   1.764E-04   1.3659E-04   3.1411E-04   1.3653E-04 / 3.1403E-04   
4220   1.764E-04   1.3671E-04   3.1379E-04   1.3665E-04 / 3.1372E-04   
4230   1.764E-04   1.3605E-04   3.1510E-04   1.3597E-04 / 3.1502E-04   
4240   1.764E-04   1.3581E-04   3.1393E-04   1.3575E-04 / 3.1385E-04   
4250   1.764E-04   1.3571E-04   3.1783E-04   1.3564E-04 / 3.1775E-04   
4260   1.764E-04   1.3541E-04   3.1620E-04   1.3534E-04 / 3.1612E-04   
4270   1.764E-04   1.3512E-04   3.1194E-04   1.3506E-04 / 3.1187E-04   
4280   1.764E-04   1.3467E-04   3.1546E-04   1.3461E-04 / 3.1539E-04   
4290   1.764E-04   1.3475E-04   3.1420E-04   1.3468E-04 / 3.1412E-04   
4300   1.764E-04   1.3431E-04   3.1169E-04   1.3423E-04 / 3.1161E-04   
4310   1.764E-04   1.3399E-04   3.1742E-04   1.3392E-04 / 3.1734E-04   
4320   1.764E-04   1.3367E-04   3.1323E-04   1.3359E-04 / 3.1314E-04   
4330   1.764E-04   1.3337E-04   3.1440E-04   1.3330E-04 / 3.1432E-04   
4340   1.764E-04   1.3342E-04   3.1222E-04   1.3335E-04 / 3.1214E-04   
4350   1.764E-04   1.3365E-04   3.1541E-04   1.3357E-04 / 3.1533E-04   
4360   1.764E-04   1.3277E-04   3.1544E-04   1.3269E-04 / 3.1535E-04   
4370   1.764E-04   1.3229E-04   3.1112E-04   1.3222E-04 / 3.1105E-04   
4380   1.764E-04   1.3223E-04   3.1300E-04   1.3215E-04 / 3.1292E-04   
4390   1.764E-04   1.3189E-04   3.1216E-04   1.3182E-04 / 3.1208E-04   
4400   1.764E-04   1.3221E-04   3.1228E-04   1.3213E-04 / 3.1220E-04   
4410   1.764E-04   1.3165E-04   3.1218E-04   1.3157E-04 / 3.1210E-04   
4420   1.764E-04   1.3137E-04   3.0892E-04   1.3128E-04 / 3.0883E-04   
4430   1.764E-04   1.3131E-04   3.1184E-04   1.3123E-04 / 3.1176E-04   
4440   1.764E-04   1.3070E-04   3.1370E-04   1.3062E-04 / 3.1362E-04   
4450   1.764E-04   1.3052E-04   3.1422E-04   1.3043E-04 / 3.1413E-04   
4460   1.764E-04   1.3118E-04   3.1194E-04   1.3109E-04 / 3.1186E-04   
4470   1.764E-04   1.2995E-04   3.1091E-04   1.2987E-04 / 3.1083E-04   
4480   1.764E-04   1.2978E-04   3.1108E-04   1.2969E-04 / 3.1099E-04   
4490   1.764E-04   1.2955E-04   3.1164E-04   1.2946E-04 / 3.1156E-04   
4500   1.764E-04   1.2922E-04   3.1161E-04   1.2915E-04 / 3.1155E-04   
4510   1.764E-04   1.2953E-04   3.1197E-04   1.2944E-04 / 3.1188E-04   
4520   1.764E-04   1.2870E-04   3.1065E-04   1.2861E-04 / 3.1058E-04   
4530   1.764E-04   1.2858E-04   3.0920E-04   1.2849E-04 / 3.0913E-04   
4540   1.764E-04   1.2894E-04   3.0631E-04   1.2884E-04 / 3.0623E-04   
4550   1.764E-04   1.2825E-04   3.0899E-04   1.2816E-04 / 3.0892E-04   
4560   1.764E-04   1.2887E-04   3.1271E-04   1.2879E-04 / 3.1265E-04   
4570   1.764E-04   1.2792E-04   3.1412E-04   1.2785E-04 / 3.1406E-04   
4580   1.764E-04   1.2758E-04   3.0663E-04   1.2749E-04 / 3.0655E-04   
4590   1.764E-04   1.2758E-04   3.1319E-04   1.2750E-04 / 3.1313E-04   
4600   1.764E-04   1.2760E-04   3.0637E-04   1.2754E-04 / 3.0633E-04   
4610   1.764E-04   1.2674E-04   3.0803E-04   1.2665E-04 / 3.0797E-04   
4620   1.764E-04   1.2631E-04   3.1032E-04   1.2623E-04 / 3.1026E-04   
4630   1.764E-04   1.2630E-04   3.0872E-04   1.2620E-04 / 3.0865E-04   
4640   1.764E-04   1.2587E-04   3.0568E-04   1.2579E-04 / 3.0562E-04   
4650   1.764E-04   1.2651E-04   3.0918E-04   1.2643E-04 / 3.0912E-04   
4660   1.764E-04   1.2554E-04   3.0057E-04   1.2546E-04 / 3.0051E-04   
4670   1.764E-04   1.2504E-04   3.0520E-04   1.2495E-04 / 3.0514E-04   
4680   1.764E-04   1.2534E-04   3.0887E-04   1.2525E-04 / 3.0881E-04   
4690   1.764E-04   1.2529E-04   3.0368E-04   1.2518E-04 / 3.0360E-04   
4700   1.764E-04   1.2448E-04   3.0640E-04   1.2439E-04 / 3.0634E-04   
4710   1.764E-04   1.2440E-04   3.0488E-04   1.2432E-04 / 3.0483E-04   
4720   1.764E-04   1.2414E-04   3.0354E-04   1.2405E-04 / 3.0348E-04   
4730   1.764E-04   1.2509E-04   3.0919E-04   1.2500E-04 / 3.0913E-04   
4740   1.764E-04   1.2451E-04   3.0505E-04   1.2442E-04 / 3.0500E-04   
4750   1.764E-04   1.2377E-04   3.0462E-04   1.2367E-04 / 3.0456E-04   
4760   1.764E-04   1.2342E-04   3.0770E-04   1.2332E-04 / 3.0764E-04   
4770   1.764E-04   1.2357E-04   3.0080E-04   1.2346E-04 / 3.0073E-04   
4780   1.764E-04   1.2306E-04   3.0306E-04   1.2296E-04 / 3.0301E-04   
4790   1.764E-04   1.2289E-04   3.0376E-04   1.2279E-04 / 3.0371E-04   
4800   1.764E-04   1.2245E-04   3.0205E-04   1.2236E-04 / 3.0201E-04   
4810   1.764E-04   1.2379E-04   3.1038E-04   1.2370E-04 / 3.1032E-04   
4820   1.764E-04   1.2221E-04   3.0371E-04   1.2211E-04 / 3.0365E-04   
4830   1.764E-04   1.2203E-04   3.0484E-04   1.2193E-04 / 3.0479E-04   
4840   1.764E-04   1.2579E-04   3.0646E-04   1.2569E-04 / 3.0640E-04   
4850   1.764E-04   1.2268E-04   3.0378E-04   1.2258E-04 / 3.0372E-04   
4860   1.764E-04   1.2164E-04   2.9787E-04   1.2154E-04 / 2.9782E-04   
4870   1.764E-04   1.2113E-04   2.9854E-04   1.2103E-04 / 2.9849E-04   
4880   1.764E-04   1.2088E-04   3.0507E-04   1.2078E-04 / 3.0502E-04   
4890   1.764E-04   1.2052E-04   3.0102E-04   1.2044E-04 / 3.0098E-04   
4900   1.764E-04   1.2032E-04   3.0145E-04   1.2022E-04 / 3.0140E-04   
4910   1.764E-04   1.2101E-04   3.0446E-04   1.2090E-04 / 3.0441E-04   
4920   1.764E-04   1.2039E-04   2.9938E-04   1.2029E-04 / 2.9934E-04   
4930   1.764E-04   1.2052E-04   3.0322E-04   1.2042E-04 / 3.0317E-04   
4940   1.764E-04   1.1951E-04   2.9837E-04   1.1941E-04 / 2.9833E-04   
4950   1.764E-04   1.1935E-04   3.0039E-04   1.1925E-04 / 3.0034E-04   
4960   1.764E-04   1.1957E-04   2.9300E-04   1.1945E-04 / 2.9294E-04   
4970   1.764E-04   1.1950E-04   3.0354E-04   1.1940E-04 / 3.0350E-04   
4980   1.764E-04   1.1964E-04   2.9525E-04   1.1953E-04 / 2.9521E-04   
4990   1.764E-04   1.1854E-04   2.9933E-04   1.1845E-04 / 2.9929E-04   
5000   1.764E-04   1.1826E-04   2.9858E-04   1.1817E-04 / 2.9854E-04   
5010   1.764E-04   1.1906E-04   2.9677E-04   1.1895E-04 / 2.9672E-04   
5020   1.764E-04   1.1809E-04   2.9955E-04   1.1799E-04 / 2.9950E-04   
5030   1.764E-04   1.1791E-04   2.9775E-04   1.1780E-04 / 2.9771E-04   
5040   1.764E-04   1.1792E-04   2.9908E-04   1.1784E-04 / 2.9905E-04   
5050   1.764E-04   1.1781E-04   2.9938E-04   1.1772E-04 / 2.9934E-04   
5060   1.764E-04   1.1796E-04   2.9412E-04   1.1784E-04 / 2.9407E-04   
5070   1.764E-04   1.1800E-04   2.9001E-04   1.1790E-04 / 2.8997E-04   
5080   1.764E-04   1.1726E-04   2.9797E-04   1.1715E-04 / 2.9793E-04   
5090   1.764E-04   1.1699E-04   2.9424E-04   1.1690E-04 / 2.9421E-04   
5100   1.764E-04   1.1695E-04   2.9762E-04   1.1683E-04 / 2.9758E-04   
5110   1.764E-04   1.1669E-04   2.9601E-04   1.1661E-04 / 2.9597E-04   
5120   1.764E-04   1.1609E-04   2.9437E-04   1.1599E-04 / 2.9433E-04   
5130   1.764E-04   1.1587E-04   2.9454E-04   1.1577E-04 / 2.9450E-04   
5140   1.764E-04   1.1586E-04   2.9577E-04   1.1576E-04 / 2.9573E-04   
5150   1.764E-04   1.1615E-04   2.9233E-04   1.1606E-04 / 2.9230E-04   
5160   1.764E-04   1.1567E-04   2.9169E-04   1.1558E-04 / 2.9166E-04   
5170   1.764E-04   1.1549E-04   2.9274E-04   1.1538E-04 / 2.9270E-04   
5180   1.764E-04   1.1485E-04   2.9374E-04   1.1476E-04 / 2.9370E-04   
5190   1.764E-04   1.1506E-04   2.9452E-04   1.1497E-04 / 2.9449E-04   
5200   1.764E-04   1.1467E-04   2.9279E-04   1.1458E-04 / 2.9275E-04   
5210   1.764E-04   1.1520E-04   2.9389E-04   1.1511E-04 / 2.9386E-04   
5220   1.764E-04   1.1432E-04   2.9490E-04   1.1422E-04 / 2.9486E-04   
5230   1.764E-04   1.1425E-04   2.9046E-04   1.1415E-04 / 2.9043E-04   
5240   1.764E-04   1.1405E-04   2.9307E-04   1.1396E-04 / 2.9304E-04   
5250   1.764E-04   1.1470E-04   2.9681E-04   1.1462E-04 / 2.9678E-04   
5260   1.764E-04   1.1415E-04   2.9807E-04   1.1405E-04 / 2.9803E-04   
5270   1.764E-04   1.1352E-04   2.9055E-04   1.1342E-04 / 2.9051E-04   
5280   1.764E-04   1.1311E-04   2.9176E-04   1.1302E-04 / 2.9172E-04   
5290   1.764E-04   1.1391E-04   2.9559E-04   1.1382E-04 / 2.9556E-04   
5300   1.764E-04   1.1308E-04   2.9432E-04   1.1299E-04 / 2.9428E-04   
5310   1.764E-04   1.1278E-04   2.9028E-04   1.1268E-04 / 2.9024E-04   
5320   1.764E-04   1.1395E-04   2.9774E-04   1.1386E-04 / 2.9770E-04   
5330   1.764E-04   1.1255E-04   2.9450E-04   1.1245E-04 / 2.9446E-04   
5340   1.764E-04   1.1276E-04   2.8950E-04   1.1268E-04 / 2.8947E-04   
5350   1.764E-04   1.1251E-04   2.9464E-04   1.1242E-04 / 2.9461E-04   
5360   1.764E-04   1.1202E-04   2.8906E-04   1.1192E-04 / 2.8902E-04   
5370   1.764E-04   1.1175E-04   2.9218E-04   1.1167E-04 / 2.9215E-04   
5380   1.764E-04   1.1141E-04   2.9097E-04   1.1132E-04 / 2.9093E-04   
5390   1.764E-04   1.1144E-04   2.9257E-04   1.1135E-04 / 2.9253E-04   
5400   1.764E-04   1.1119E-04   2.8751E-04   1.1109E-04 / 2.8746E-04   
5410   1.764E-04   1.1149E-04   2.8902E-04   1.1140E-04 / 2.8897E-04   
5420   1.764E-04   1.1126E-04   2.9296E-04   1.1117E-04 / 2.9292E-04   
5430   1.764E-04   1.1063E-04   2.9222E-04   1.1053E-04 / 2.9217E-04   
5440   1.764E-04   1.1071E-04   2.9050E-04   1.1062E-04 / 2.9046E-04   
5450   1.764E-04   1.1028E-04   2.8539E-04   1.1019E-04 / 2.8534E-04   
5460   1.764E-04   1.1032E-04   2.8544E-04   1.1022E-04 / 2.8539E-04   
5470   1.764E-04   1.1027E-04   2.8374E-04   1.1017E-04 / 2.8369E-04   
5480   1.764E-04   1.0991E-04   2.8783E-04   1.0981E-04 / 2.8778E-04   
5490   1.764E-04   1.0979E-04   2.8886E-04   1.0970E-04 / 2.8881E-04   
5500   1.764E-04   1.0945E-04   2.8759E-04   1.0936E-04 / 2.8754E-04   
5510   1.764E-04   1.0972E-04   2.8460E-04   1.0962E-04 / 2.8454E-04   
5520   1.764E-04   1.0915E-04   2.8812E-04   1.0905E-04 / 2.8806E-04   
5530   1.764E-04   1.0895E-04   2.8580E-04   1.0886E-04 / 2.8575E-04   
5540   1.764E-04   1.0888E-04   2.8727E-04   1.0879E-04 / 2.8721E-04   
5550   1.764E-04   1.0906E-04   2.8601E-04   1.0897E-04 / 2.8595E-04   
5560   1.764E-04   1.0917E-04   2.8895E-04   1.0908E-04 / 2.8889E-04   
5570   1.764E-04   1.0868E-04   2.8926E-04   1.0860E-04 / 2.8921E-04   
5580   1.764E-04   1.0800E-04   2.8616E-04   1.0790E-04 / 2.8608E-04   
5590   1.764E-04   1.0845E-04   2.8423E-04   1.0835E-04 / 2.8416E-04   
5600   1.764E-04   1.0864E-04   2.9108E-04   1.0853E-04 / 2.9099E-04   
5610   1.764E-04   1.0857E-04   2.8904E-04   1.0849E-04 / 2.8898E-04   
5620   1.764E-04   1.0758E-04   2.8635E-04   1.0749E-04 / 2.8628E-04   
5630   1.764E-04   1.0749E-04   2.8364E-04   1.0741E-04 / 2.8357E-04   
5640   1.764E-04   1.0763E-04   2.8681E-04   1.0754E-04 / 2.8674E-04   
5650   1.764E-04   1.0760E-04   2.8761E-04   1.0751E-04 / 2.8754E-04   
5660   1.764E-04   1.0693E-04   2.8679E-04   1.0684E-04 / 2.8671E-04   
5670   1.764E-04   1.0703E-04   2.8474E-04   1.0693E-04 / 2.8465E-04   
5680   1.764E-04   1.0707E-04   2.8305E-04   1.0700E-04 / 2.8298E-04   
5690   1.764E-04   1.0639E-04   2.8472E-04   1.0629E-04 / 2.8462E-04   
5700   1.764E-04   1.0634E-04   2.8263E-04   1.0626E-04 / 2.8256E-04   
5710   1.764E-04   1.0642E-04   2.8108E-04   1.0634E-04 / 2.8100E-04   
5720   1.764E-04   1.0604E-04   2.8578E-04   1.0596E-04 / 2.8570E-04   
5730   1.764E-04   1.0604E-04   2.8503E-04   1.0595E-04 / 2.8495E-04   
5740   1.764E-04   1.0601E-04   2.8384E-04   1.0594E-04 / 2.8376E-04   
5750   1.764E-04   1.0585E-04   2.8053E-04   1.0578E-04 / 2.8046E-04   
5760   1.764E-04   1.0521E-04   2.8249E-04   1.0512E-04 / 2.8241E-04   
5770   1.764E-04   1.0517E-04   2.8226E-04   1.0509E-04 / 2.8218E-04   
5780   1.764E-04   1.0490E-04   2.8311E-04   1.0482E-04 / 2.8302E-04   
5790   1.764E-04   1.0476E-04   2.8111E-04   1.0469E-04 / 2.8103E-04   
5800   1.764E-04   1.0564E-04   2.8297E-04   1.0557E-04 / 2.8289E-04   
5810   1.764E-04   1.0460E-04   2.8458E-04   1.0451E-04 / 2.8447E-04   
5820   1.764E-04   1.0458E-04   2.8443E-04   1.0450E-04 / 2.8434E-04   
5830   1.764E-04   1.0452E-04   2.7798E-04   1.0443E-04 / 2.7787E-04   
5840   1.764E-04   1.0411E-04   2.8493E-04   1.0402E-04 / 2.8482E-04   
5850   1.764E-04   1.0470E-04   2.8164E-04   1.0462E-04 / 2.8154E-04   
5860   1.764E-04   1.0425E-04   2.7993E-04   1.0417E-04 / 2.7984E-04   
5870   1.764E-04   1.0366E-04   2.8414E-04   1.0357E-04 / 2.8403E-04   
5880   1.764E-04   1.0343E-04   2.8135E-04   1.0335E-04 / 2.8124E-04   
5890   1.764E-04   1.0336E-04   2.8103E-04   1.0328E-04 / 2.8092E-04   
5900   1.764E-04   1.0329E-04   2.7791E-04   1.0321E-04 / 2.7780E-04   
5910   1.764E-04   1.0315E-04   2.8262E-04   1.0308E-04 / 2.8252E-04   
5920   1.764E-04   1.0288E-04   2.8144E-04   1.0279E-04 / 2.8133E-04   
5930   1.764E-04   1.0294E-04   2.8404E-04   1.0284E-04 / 2.8392E-04   
5940   1.764E-04   1.0278E-04   2.7874E-04   1.0269E-04 / 2.7862E-04   
5950   1.764E-04   1.0326E-04   2.7771E-04   1.0315E-04 / 2.7757E-04   
5960   1.764E-04   1.0248E-04   2.8131E-04   1.0239E-04 / 2.8119E-04   
5970   1.764E-04   1.0260E-04   2.8251E-04   1.0250E-04 / 2.8238E-04   
5980   1.764E-04   1.0210E-04   2.8030E-04   1.0200E-04 / 2.8017E-04   
5990   1.764E-04   1.0230E-04   2.8179E-04   1.0221E-04 / 2.8167E-04   
6000   1.764E-04   1.0200E-04   2.8175E-04   1.0191E-04 / 2.8162E-04   
6010   1.764E-04   1.0216E-04   2.7998E-04   1.0205E-04 / 2.7985E-04   
6020   1.764E-04   1.0202E-04   2.7937E-04   1.0191E-04 / 2.7923E-04   
6030   1.764E-04   1.0160E-04   2.7758E-04   1.0148E-04 / 2.7742E-04   
6040   1.764E-04   1.0211E-04   2.8181E-04   1.0202E-04 / 2.8168E-04   
6050   1.764E-04   1.0094E-04   2.7616E-04   1.0085E-04 / 2.7603E-04   
6060   1.764E-04   1.0249E-04   2.8225E-04   1.0239E-04 / 2.8212E-04   
6070   1.764E-04   1.0134E-04   2.7643E-04   1.0123E-04 / 2.7628E-04   
6080   1.764E-04   1.0071E-04   2.7566E-04   1.0060E-04 / 2.7552E-04   
6090   1.764E-04   1.0069E-04   2.8156E-04   1.0060E-04 / 2.8143E-04   
6100   1.764E-04   1.0083E-04   2.7308E-04   1.0072E-04 / 2.7294E-04   
6110   1.764E-04   1.0123E-04   2.8389E-04   1.0111E-04 / 2.8373E-04   
6120   1.764E-04   1.0040E-04   2.7227E-04   1.0030E-04 / 2.7214E-04   
6130   1.764E-04   1.0019E-04   2.7823E-04   1.0006E-04 / 2.7807E-04   
6140   1.764E-04   9.9842E-05   2.7510E-04   9.9746E-05 / 2.7497E-04   
6150   1.764E-04   9.9887E-05   2.7457E-04   9.9771E-05 / 2.7442E-04   
6160   1.764E-04   9.9688E-05   2.7794E-04   9.9589E-05 / 2.7780E-04   
6170   1.764E-04   9.9690E-05   2.7584E-04   9.9578E-05 / 2.7569E-04   
6180   1.764E-04   9.9499E-05   2.7272E-04   9.9384E-05 / 2.7257E-04   
6190   1.764E-04   9.9616E-05   2.7899E-04   9.9499E-05 / 2.7883E-04   
6200   1.764E-04   9.9384E-05   2.7489E-04   9.9263E-05 / 2.7473E-04   
6210   1.764E-04   9.8972E-05   2.7526E-04   9.8839E-05 / 2.7509E-04   
6220   1.764E-04   9.9202E-05   2.7425E-04   9.9084E-05 / 2.7409E-04   
6230   1.764E-04   9.8863E-05   2.7345E-04   9.8747E-05 / 2.7329E-04   
6240   1.764E-04   9.8962E-05   2.7583E-04   9.8848E-05 / 2.7568E-04   
6250   1.764E-04   9.8463E-05   2.7299E-04   9.8342E-05 / 2.7283E-04   
6260   1.764E-04   9.8410E-05   2.7295E-04   9.8270E-05 / 2.7277E-04   
6270   1.764E-04   9.8624E-05   2.7227E-04   9.8485E-05 / 2.7208E-04   
6280   1.764E-04   9.7976E-05   2.7346E-04   9.7840E-05 / 2.7328E-04   
6290   1.764E-04   9.7945E-05   2.7693E-04   9.7827E-05 / 2.7677E-04   
6300   1.764E-04   9.7930E-05   2.7359E-04   9.7806E-05 / 2.7343E-04   
6310   1.764E-04   9.7708E-05   2.7683E-04   9.7569E-05 / 2.7665E-04   
6320   1.764E-04   9.8096E-05   2.7129E-04   9.7980E-05 / 2.7114E-04   
6330   1.764E-04   9.7513E-05   2.7372E-04   9.7382E-05 / 2.7355E-04   
6340   1.764E-04   9.7401E-05   2.7458E-04   9.7294E-05 / 2.7443E-04   
6350   1.764E-04   9.7138E-05   2.7262E-04   9.7021E-05 / 2.7247E-04   
6360   1.764E-04   9.7200E-05   2.7454E-04   9.7049E-05 / 2.7435E-04   
6370   1.764E-04   9.6779E-05   2.7429E-04   9.6654E-05 / 2.7413E-04   
6380   1.764E-04   9.7041E-05   2.7366E-04   9.6905E-05 / 2.7348E-04   
6390   1.764E-04   9.6590E-05   2.7027E-04   9.6468E-05 / 2.7011E-04   
6400   1.764E-04   9.6898E-05   2.7100E-04   9.6767E-05 / 2.7083E-04   
6410   1.764E-04   9.6364E-05   2.7083E-04   9.6238E-05 / 2.7067E-04   
6420   1.764E-04   9.6881E-05   2.7666E-04   9.6746E-05 / 2.7649E-04   
6430   1.764E-04   9.6312E-05   2.7403E-04   9.6187E-05 / 2.7387E-04   
6440   1.764E-04   9.6930E-05   2.7012E-04   9.6795E-05 / 2.6995E-04   
6450   1.764E-04   9.5989E-05   2.7123E-04   9.5839E-05 / 2.7104E-04   
6460   1.764E-04   9.5718E-05   2.7021E-04   9.5580E-05 / 2.7003E-04   
6470   1.764E-04   9.5588E-05   2.7166E-04   9.5457E-05 / 2.7150E-04   
6480   1.764E-04   9.5693E-05   2.7303E-04   9.5552E-05 / 2.7286E-04   
6490   1.764E-04   9.5701E-05   2.7312E-04   9.5573E-05 / 2.7297E-04   
6500   1.764E-04   9.5688E-05   2.7385E-04   9.5546E-05 / 2.7368E-04   
6510   1.764E-04   9.5387E-05   2.7294E-04   9.5242E-05 / 2.7276E-04   
6520   1.764E-04   9.5874E-05   2.7583E-04   9.5726E-05 / 2.7565E-04   
6530   1.764E-04   9.5278E-05   2.7337E-04   9.5150E-05 / 2.7321E-04   
6540   1.764E-04   9.5244E-05   2.7135E-04   9.5100E-05 / 2.7118E-04   
6550   1.764E-04   9.4903E-05   2.7106E-04   9.4747E-05 / 2.7087E-04   
6560   1.764E-04   9.4980E-05   2.7344E-04   9.4830E-05 / 2.7326E-04   
6570   1.764E-04   9.4399E-05   2.7177E-04   9.4246E-05 / 2.7159E-04   
6580   1.764E-04   9.4811E-05   2.7129E-04   9.4660E-05 / 2.7111E-04   
6590   1.764E-04   9.4409E-05   2.6519E-04   9.4256E-05 / 2.6501E-04   
6600   1.764E-04   9.4130E-05   2.6817E-04   9.3978E-05 / 2.6799E-04   
6610   1.764E-04   9.5591E-05   2.6867E-04   9.5439E-05 / 2.6850E-04   
6620   1.764E-04   9.4041E-05   2.6900E-04   9.3891E-05 / 2.6883E-04   
6630   1.764E-04   9.3827E-05   2.6528E-04   9.3690E-05 / 2.6513E-04   
6640   1.764E-04   9.3640E-05   2.6702E-04   9.3496E-05 / 2.6686E-04   
6650   1.764E-04   9.3318E-05   2.6745E-04   9.3175E-05 / 2.6729E-04   
6660   1.764E-04   9.4140E-05   2.7591E-04   9.3984E-05 / 2.7574E-04   
6670   1.764E-04   9.3440E-05   2.6837E-04   9.3266E-05 / 2.6818E-04   
6680   1.764E-04   9.3880E-05   2.7372E-04   9.3722E-05 / 2.7355E-04   
6690   1.764E-04   9.3052E-05   2.6712E-04   9.2909E-05 / 2.6696E-04   
6700   1.764E-04   9.2890E-05   2.6907E-04   9.2724E-05 / 2.6889E-04   
6710   1.764E-04   9.2815E-05   2.6882E-04   9.2658E-05 / 2.6865E-04   
6720   1.764E-04   9.2692E-05   2.6425E-04   9.2531E-05 / 2.6407E-04   
6730   1.764E-04   9.3129E-05   2.7170E-04   9.2972E-05 / 2.7154E-04   
6740   1.764E-04   9.2568E-05   2.6613E-04   9.2402E-05 / 2.6596E-04   
6750   1.764E-04   9.2732E-05   2.6510E-04   9.2574E-05 / 2.6494E-04   
6760   1.764E-04   9.2353E-05   2.7085E-04   9.2214E-05 / 2.7071E-04   
6770   1.764E-04   9.2996E-05   2.6669E-04   9.2809E-05 / 2.6650E-04   
6780   1.764E-04   9.2119E-05   2.6219E-04   9.1965E-05 / 2.6203E-04   
6790   1.764E-04   9.1806E-05   2.6759E-04   9.1646E-05 / 2.6742E-04   
6800   1.764E-04   9.2114E-05   2.6984E-04   9.1967E-05 / 2.6969E-04   
6810   1.764E-04   9.2539E-05   2.6533E-04   9.2375E-05 / 2.6516E-04   
6820   1.764E-04   9.2513E-05   2.5886E-04   9.2362E-05 / 2.5871E-04   
6830   1.764E-04   9.1395E-05   2.6647E-04   9.1236E-05 / 2.6631E-04   
6840   1.764E-04   9.1427E-05   2.6663E-04   9.1259E-05 / 2.6647E-04   
6850   1.764E-04   9.1089E-05   2.6670E-04   9.0928E-05 / 2.6654E-04   
6860   1.764E-04   9.1133E-05   2.6401E-04   9.0987E-05 / 2.6387E-04   
6870   1.764E-04   9.1302E-05   2.6690E-04   9.1129E-05 / 2.6674E-04   
6880   1.764E-04   9.1555E-05   2.6001E-04   9.1415E-05 / 2.5988E-04   
6890   1.764E-04   9.0841E-05   2.6137E-04   9.0691E-05 / 2.6124E-04   
6900   1.764E-04   9.0668E-05   2.6388E-04   9.0512E-05 / 2.6374E-04   
6910   1.764E-04   9.0518E-05   2.6528E-04   9.0374E-05 / 2.6515E-04   
6920   1.764E-04   9.0732E-05   2.6730E-04   9.0571E-05 / 2.6716E-04   
6930   1.764E-04   9.0859E-05   2.5940E-04   9.0705E-05 / 2.5926E-04   
6940   1.764E-04   9.0437E-05   2.6562E-04   9.0283E-05 / 2.6548E-04   
6950   1.764E-04   9.0571E-05   2.6208E-04   9.0410E-05 / 2.6194E-04   
6960   1.764E-04   9.0219E-05   2.6385E-04   9.0060E-05 / 2.6371E-04   
6970   1.764E-04   9.0154E-05   2.6402E-04   9.0013E-05 / 2.6390E-04   
6980   1.764E-04   8.9762E-05   2.6432E-04   8.9590E-05 / 2.6417E-04   
6990   1.764E-04   8.9878E-05   2.6518E-04   8.9702E-05 / 2.6503E-04   
7000   1.764E-04   8.9984E-05   2.6235E-04   8.9808E-05 / 2.6220E-04   
7010   1.764E-04   8.9912E-05   2.5990E-04   8.9728E-05 / 2.5975E-04   
7020   1.764E-04   8.9227E-05   2.6429E-04   8.9076E-05 / 2.6417E-04   
7030   1.764E-04   8.9247E-05   2.6560E-04   8.9096E-05 / 2.6548E-04   
7040   1.764E-04   8.9280E-05   2.5936E-04   8.9107E-05 / 2.5922E-04   
7050   1.764E-04   8.9306E-05   2.6309E-04   8.9149E-05 / 2.6296E-04   
7060   1.764E-04   8.8635E-05   2.6034E-04   8.8470E-05 / 2.6021E-04   
7070   1.764E-04   8.8946E-05   2.6057E-04   8.8798E-05 / 2.6045E-04   
7080   1.764E-04   8.8894E-05   2.5932E-04   8.8713E-05 / 2.5918E-04   
7090   1.764E-04   8.8680E-05   2.6133E-04   8.8514E-05 / 2.6120E-04   
7100   1.764E-04   8.8617E-05   2.6075E-04   8.8447E-05 / 2.6062E-04   
7110   1.764E-04   8.8373E-05   2.5752E-04   8.8203E-05 / 2.5739E-04   
7120   1.764E-04   8.8958E-05   2.6297E-04   8.8799E-05 / 2.6286E-04   
7130   1.764E-04   8.8131E-05   2.5665E-04   8.7960E-05 / 2.5652E-04   
7140   1.764E-04   8.8142E-05   2.6199E-04   8.7996E-05 / 2.6189E-04   
7150   1.764E-04   8.8231E-05   2.6397E-04   8.8073E-05 / 2.6386E-04   
7160   1.764E-04   8.7836E-05   2.5830E-04   8.7672E-05 / 2.5819E-04   
7170   1.764E-04   8.8158E-05   2.6008E-04   8.8001E-05 / 2.5997E-04   
7180   1.764E-04   8.8159E-05   2.5939E-04   8.7984E-05 / 2.5926E-04   
7190   1.764E-04   8.7644E-05   2.6284E-04   8.7476E-05 / 2.6272E-04   
7200   1.764E-04   8.7256E-05   2.5653E-04   8.7087E-05 / 2.5641E-04   
7210   1.764E-04   8.6977E-05   2.5563E-04   8.6816E-05 / 2.5552E-04   
7220   1.764E-04   8.7973E-05   2.6304E-04   8.7792E-05 / 2.6291E-04   
7230   1.764E-04   8.7810E-05   2.5252E-04   8.7654E-05 / 2.5241E-04   
7240   1.764E-04   8.7183E-05   2.5682E-04   8.7025E-05 / 2.5672E-04   
7250   1.764E-04   8.6942E-05   2.6112E-04   8.6769E-05 / 2.6101E-04   
7260   1.764E-04   8.9417E-05   2.6082E-04   8.9268E-05 / 2.6072E-04   
7270   1.764E-04   8.6551E-05   2.5574E-04   8.6390E-05 / 2.5564E-04   
7280   1.764E-04   8.6816E-05   2.5656E-04   8.6659E-05 / 2.5647E-04   
7290   1.764E-04   8.6741E-05   2.5802E-04   8.6585E-05 / 2.5792E-04   
7300   1.764E-04   8.6682E-05   2.5860E-04   8.6529E-05 / 2.5851E-04   
7310   1.764E-04   8.7500E-05   2.5266E-04   8.7334E-05 / 2.5256E-04   
7320   1.764E-04   8.6710E-05   2.5343E-04   8.6525E-05 / 2.5332E-04   
7330   1.764E-04   8.5924E-05   2.5299E-04   8.5770E-05 / 2.5290E-04   
7340   1.764E-04   8.5754E-05   2.5452E-04   8.5600E-05 / 2.5443E-04   
7350   1.764E-04   8.6347E-05   2.5691E-04   8.6212E-05 / 2.5684E-04   
7360   1.764E-04   8.6555E-05   2.5845E-04   8.6390E-05 / 2.5835E-04   
7370   1.764E-04   8.6008E-05   2.5451E-04   8.5841E-05 / 2.5442E-04   
7380   1.764E-04   8.5621E-05   2.5379E-04   8.5476E-05 / 2.5371E-04   
7390   1.764E-04   8.5395E-05   2.5621E-04   8.5225E-05 / 2.5612E-04   
7400   1.764E-04   8.5214E-05   2.5591E-04   8.5053E-05 / 2.5582E-04   
7410   1.764E-04   8.5889E-05   2.5907E-04   8.5747E-05 / 2.5900E-04   
7420   1.764E-04   8.5317E-05   2.5272E-04   8.5159E-05 / 2.5264E-04   
7430   1.764E-04   8.6242E-05   2.5811E-04   8.6109E-05 / 2.5805E-04   
7440   1.764E-04   8.6169E-05   2.6034E-04   8.5993E-05 / 2.6025E-04   
7450   1.764E-04   8.4810E-05   2.5243E-04   8.4670E-05 / 2.5237E-04   
7460   1.764E-04   8.4627E-05   2.5579E-04   8.4469E-05 / 2.5572E-04   
7470   1.764E-04   8.5913E-05   2.5080E-04   8.5764E-05 / 2.5073E-04   
7480   1.764E-04   8.4378E-05   2.5492E-04   8.4214E-05 / 2.5484E-04   
7490   1.764E-04   8.4898E-05   2.5515E-04   8.4739E-05 / 2.5508E-04   
7500   1.764E-04   8.4663E-05   2.6057E-04   8.4503E-05 / 2.6050E-04   
7510   1.764E-04   8.4097E-05   2.5030E-04   8.3942E-05 / 2.5023E-04   
7520   1.764E-04   8.4853E-05   2.5159E-04   8.4712E-05 / 2.5154E-04   
7530   1.764E-04   8.4290E-05   2.5417E-04   8.4138E-05 / 2.5410E-04   
7540   1.764E-04   8.4278E-05   2.5086E-04   8.4123E-05 / 2.5079E-04   
7550   1.764E-04   8.3727E-05   2.4757E-04   8.3591E-05 / 2.4751E-04   
7560   1.764E-04   8.3546E-05   2.4926E-04   8.3394E-05 / 2.4920E-04   
7570   1.764E-04   8.4094E-05   2.4758E-04   8.3939E-05 / 2.4751E-04   
7580   1.764E-04   8.4036E-05   2.5460E-04   8.3899E-05 / 2.5455E-04   
7590   1.764E-04   8.3513E-05   2.5061E-04   8.3353E-05 / 2.5054E-04   
7600   1.764E-04   8.3251E-05   2.5059E-04   8.3103E-05 / 2.5053E-04   
7610   1.764E-04   8.3037E-05   2.4964E-04   8.2896E-05 / 2.4959E-04   
7620   1.764E-04   8.3089E-05   2.5110E-04   8.2954E-05 / 2.5105E-04   
7630   1.764E-04   8.3207E-05   2.5240E-04   8.3058E-05 / 2.5234E-04   
7640   1.764E-04   8.2972E-05   2.4735E-04   8.2823E-05 / 2.4729E-04   
7650   1.764E-04   8.3034E-05   2.4520E-04   8.2883E-05 / 2.4514E-04   
7660   1.764E-04   8.3669E-05   2.4944E-04   8.3533E-05 / 2.4939E-04   
7670   1.764E-04   8.2579E-05   2.5007E-04   8.2425E-05 / 2.5001E-04   
7680   1.764E-04   8.2745E-05   2.4542E-04   8.2615E-05 / 2.4538E-04   
7690   1.764E-04   8.2728E-05   2.5119E-04   8.2596E-05 / 2.5114E-04   
7700   1.764E-04   8.3143E-05   2.5378E-04   8.3020E-05 / 2.5374E-04   
7710   1.764E-04   8.2926E-05   2.4978E-04   8.2788E-05 / 2.4973E-04   
7720   1.764E-04   8.2352E-05   2.4702E-04   8.2234E-05 / 2.4698E-04   
7730   1.764E-04   8.1986E-05   2.4868E-04   8.1853E-05 / 2.4864E-04   
7740   1.764E-04   8.1902E-05   2.4610E-04   8.1750E-05 / 2.4605E-04   
7750   1.764E-04   8.1771E-05   2.4655E-04   8.1604E-05 / 2.4649E-04   
7760   1.764E-04   8.1944E-05   2.4741E-04   8.1808E-05 / 2.4736E-04   
7770   1.764E-04   8.1533E-05   2.4496E-04   8.1411E-05 / 2.4492E-04   
7780   1.764E-04   8.1493E-05   2.4364E-04   8.1359E-05 / 2.4359E-04   
7790   1.764E-04   8.2268E-05   2.4742E-04   8.2133E-05 / 2.4737E-04   
7800   1.764E-04   8.1833E-05   2.4343E-04   8.1697E-05 / 2.4338E-04   
7810   1.764E-04   8.1435E-05   2.4554E-04   8.1315E-05 / 2.4550E-04   
7820   1.764E-04   8.1044E-05   2.4537E-04   8.0909E-05 / 2.4532E-04   
7830   1.764E-04   8.1239E-05   2.4237E-04   8.1105E-05 / 2.4232E-04   
7840   1.764E-04   8.0980E-05   2.4118E-04   8.0841E-05 / 2.4113E-04   
7850   1.764E-04   8.1159E-05   2.4661E-04   8.1043E-05 / 2.4657E-04   
7860   1.764E-04   8.1205E-05   2.4144E-04   8.1072E-05 / 2.4140E-04   
7870   1.764E-04   8.1001E-05   2.4421E-04   8.0883E-05 / 2.4417E-04   
7880   1.764E-04   8.1308E-05   2.4957E-04   8.1192E-05 / 2.4953E-04   
7890   1.764E-04   8.1126E-05   2.4917E-04   8.1008E-05 / 2.4913E-04   
7900   1.764E-04   8.1240E-05   2.4604E-04   8.1108E-05 / 2.4599E-04   
7910   1.764E-04   8.0358E-05   2.4261E-04   8.0232E-05 / 2.4256E-04   
7920   1.764E-04   8.0382E-05   2.3942E-04   8.0259E-05 / 2.3937E-04   
7930   1.764E-04   8.1805E-05   2.4498E-04   8.1664E-05 / 2.4493E-04   
7940   1.764E-04   8.0359E-05   2.4137E-04   8.0235E-05 / 2.4132E-04   
7950   1.764E-04   8.0268E-05   2.4264E-04   8.0148E-05 / 2.4259E-04   
7960   1.764E-04   8.0231E-05   2.4458E-04   8.0111E-05 / 2.4454E-04   
7970   1.764E-04   7.9920E-05   2.4100E-04   7.9806E-05 / 2.4095E-04   
7980   1.764E-04   8.0136E-05   2.4315E-04   8.0008E-05 / 2.4309E-04   
7990   1.764E-04   8.0115E-05   2.4162E-04   7.9998E-05 / 2.4157E-04   
8000   1.764E-04   7.9745E-05   2.3944E-04   7.9623E-05 / 2.3939E-04   
===============================================================================================================
Saved model to /home/nikki/kan/kanTBNN/models/multi_run/kan_experiment_43_opt/kanTBNN-24Nov06_00:45:21.pickle
