========== Dataset info ==========
Dataset params: {'file': '/home/nikki/kan/data/turbulence_dataset_clean.csv', 'Cases': ['fp_1000', 'fp_1410', 'fp_2000', 'fp_2540', 'fp_3030', 'fp_3270', 'fp_3630', 'fp_3970', 'fp_4060'], 'val_set': ['fp_3030', 'fp_1410', 'fp_4060'], 'test_set': ['fp_3630'], 'data_loader': <class 'tbnn.dataloaders.aDataset'>}
Train/Valid/Test points: 760 / 468 / 168
Memorization?: False
Cluster training?: False
EPOCH     LR        TRAIN         VALID             MSE:T/V                  RL:T/V             %NR_t/%NR_v
===============================================================================================================
  1   4.200E-03   1.2319E-01   1.1564E-01   1.2319E-01 / 1.1564E-01   
 10   4.200E-03   6.6031E-03   5.6166E-03   6.5879E-03 / 5.6028E-03   
 20   4.200E-03   3.0811E-03   2.8057E-03   3.0744E-03 / 2.7993E-03   
 30   4.200E-03   2.1684E-03   2.0450E-03   2.1618E-03 / 2.0386E-03   
 40   4.200E-03   1.7805E-03   1.7118E-03   1.7760E-03 / 1.7074E-03   
 50   4.200E-03   1.5409E-03   1.4857E-03   1.5360E-03 / 1.4809E-03   
 60   4.200E-03   1.3691E-03   1.3309E-03   1.3649E-03 / 1.3267E-03   
 70   4.200E-03   1.2259E-03   1.1968E-03   1.2247E-03 / 1.1956E-03   
 80   4.200E-03   1.1189E-03   1.1003E-03   1.1177E-03 / 1.0992E-03   
 90   4.200E-03   1.0315E-03   1.0229E-03   1.0305E-03 / 1.0219E-03   
100   4.200E-03   9.5596E-04   9.4478E-04   9.5527E-04 / 9.4411E-04   
110   4.200E-03   8.9591E-04   8.8967E-04   8.9531E-04 / 8.8909E-04   
120   4.200E-03   8.4512E-04   8.4768E-04   8.4443E-04 / 8.4702E-04   
130   4.200E-03   7.9661E-04   8.0223E-04   7.9558E-04 / 8.0124E-04   
140   4.200E-03   7.5037E-04   7.5564E-04   7.4959E-04 / 7.5487E-04   
150   4.200E-03   7.0461E-04   7.1696E-04   7.0405E-04 / 7.1638E-04   
160   4.200E-03   6.6109E-04   6.7699E-04   6.6061E-04 / 6.7653E-04   
170   4.200E-03   6.1800E-04   6.3708E-04   6.1758E-04 / 6.3672E-04   
180   4.200E-03   5.7427E-04   5.9162E-04   5.7376E-04 / 5.9114E-04   
190   4.200E-03   5.3804E-04   5.6168E-04   5.3763E-04 / 5.6127E-04   
200   4.200E-03   4.9986E-04   5.2417E-04   4.9954E-04 / 5.2385E-04   
210   4.200E-03   4.6263E-04   4.8176E-04   4.6239E-04 / 4.8154E-04   
220   4.200E-03   4.3230E-04   4.5492E-04   4.3203E-04 / 4.5470E-04   
230   4.200E-03   4.0394E-04   4.2208E-04   4.0356E-04 / 4.2170E-04   
240   4.200E-03   3.8129E-04   4.0313E-04   3.8070E-04 / 4.0243E-04   
250   4.200E-03   3.5420E-04   3.7400E-04   3.5406E-04 / 3.7386E-04   
260   4.200E-03   3.3467E-04   3.5606E-04   3.3380E-04 / 3.5533E-04   
270   4.200E-03   3.1677E-04   3.4038E-04   3.1558E-04 / 3.3932E-04   
280   4.200E-03   3.0048E-04   3.2325E-04   3.0037E-04 / 3.2315E-04   
290   4.200E-03   2.8364E-04   3.0073E-04   2.8349E-04 / 3.0055E-04   
300   4.200E-03   2.7051E-04   2.9147E-04   2.7029E-04 / 2.9121E-04   
310   4.200E-03   2.5767E-04   2.7557E-04   2.5690E-04 / 2.7480E-04   
320   4.200E-03   2.4695E-04   2.7151E-04   2.4642E-04 / 2.7106E-04   
330   4.200E-03   2.3523E-04   2.5547E-04   2.3392E-04 / 2.5434E-04   
340   4.200E-03   2.2234E-04   2.4472E-04   2.2141E-04 / 2.4391E-04   
350   4.200E-03   2.1333E-04   2.3574E-04   2.1242E-04 / 2.3488E-04   
360   4.200E-03   2.0381E-04   2.2216E-04   2.0298E-04 / 2.2131E-04   
370   4.200E-03   1.9992E-04   2.1948E-04   1.9981E-04 / 2.1945E-04   
380   4.200E-03   1.8998E-04   2.0671E-04   1.8963E-04 / 2.0646E-04   
390   4.200E-03   1.8201E-04   2.0554E-04   1.8132E-04 / 2.0483E-04   
400   4.200E-03   1.7726E-04   1.9320E-04   1.7700E-04 / 1.9298E-04   
410   4.200E-03   1.6902E-04   1.8346E-04   1.6826E-04 / 1.8276E-04   
420   4.200E-03   1.6229E-04   1.8374E-04   1.6184E-04 / 1.8336E-04   
430   4.200E-03   1.9145E-04   2.0204E-04   1.9075E-04 / 2.0142E-04   
440   4.200E-03   1.5555E-04   1.7660E-04   1.5550E-04 / 1.7657E-04   
450   4.200E-03   1.4891E-04   1.7278E-04   1.4889E-04 / 1.7276E-04   
460   4.200E-03   1.4139E-04   1.6344E-04   1.4121E-04 / 1.6326E-04   
470   4.200E-03   1.3679E-04   1.5296E-04   1.3667E-04 / 1.5284E-04   
480   4.200E-03   1.3215E-04   1.4895E-04   1.3195E-04 / 1.4875E-04   
490   4.200E-03   1.4703E-04   1.7239E-04   1.4638E-04 / 1.7177E-04   
500   4.200E-03   1.2646E-04   1.3794E-04   1.2644E-04 / 1.3793E-04   
510   4.200E-03   1.2544E-04   1.3930E-04   1.2542E-04 / 1.3929E-04   
520   4.200E-03   1.1700E-04   1.3438E-04   1.1699E-04 / 1.3438E-04   
530   4.200E-03   1.1863E-04   1.2715E-04   1.1851E-04 / 1.2707E-04   
540   4.200E-03   1.2768E-04   1.5810E-04   1.2767E-04 / 1.5809E-04   
550   4.200E-03   1.0811E-04   1.2694E-04   1.0776E-04 / 1.2664E-04   
560   4.200E-03   1.0577E-04   1.2331E-04   1.0574E-04 / 1.2328E-04   
570   4.200E-03   1.0183E-04   1.2025E-04   1.0160E-04 / 1.2005E-04   
580   4.200E-03   9.7640E-05   1.1224E-04   9.7639E-05 / 1.1223E-04   
590   4.200E-03   9.7568E-05   1.1927E-04   9.7441E-05 / 1.1915E-04   
600   4.200E-03   1.2521E-04   1.2109E-04   1.2520E-04 / 1.2107E-04   
610   4.200E-03   9.0350E-05   1.0662E-04   9.0327E-05 / 1.0660E-04   
620   4.200E-03   8.9699E-05   1.0038E-04   8.9467E-05 / 1.0016E-04   
630   4.200E-03   8.5111E-05   9.9777E-05   8.5108E-05 / 9.9777E-05   
640   4.200E-03   8.4176E-05   9.7135E-05   8.4058E-05 / 9.7032E-05   
650   4.200E-03   8.0843E-05   9.7116E-05   8.0841E-05 / 9.7114E-05   
660   4.200E-03   8.7199E-05   1.0241E-04   8.6369E-05 / 1.0164E-04   
670   4.200E-03   8.0114E-05   9.4307E-05   7.9412E-05 / 9.3644E-05   
680   4.200E-03   7.5758E-05   9.2952E-05   7.5709E-05 / 9.2929E-05   
690   4.200E-03   9.2170E-05   1.0610E-04   9.2148E-05 / 1.0607E-04   
700   4.200E-03   7.0933E-05   8.5205E-05   7.0845E-05 / 8.5124E-05   
710   4.200E-03   7.0051E-05   8.5069E-05   7.0028E-05 / 8.5047E-05   
720   4.200E-03   7.0394E-05   8.7267E-05   7.0348E-05 / 8.7206E-05   
730   4.200E-03   7.2123E-05   8.2747E-05   7.2123E-05 / 8.2747E-05   
740   4.200E-03   6.6287E-05   7.5944E-05   6.6206E-05 / 7.5880E-05   
750   4.200E-03   6.5114E-05   8.0401E-05   6.4814E-05 / 8.0139E-05   
760   4.200E-03   6.1961E-05   7.4268E-05   6.1878E-05 / 7.4189E-05   
770   4.200E-03   6.9045E-05   8.1572E-05   6.8992E-05 / 8.1528E-05   
780   4.200E-03   5.9442E-05   7.4837E-05   5.9114E-05 / 7.4551E-05   
790   4.200E-03   6.0426E-05   6.8768E-05   6.0324E-05 / 6.8712E-05   
800   4.200E-03   6.1007E-05   7.5644E-05   6.0749E-05 / 7.5470E-05   
810   4.200E-03   9.6970E-05   1.2408E-04   9.3934E-05 / 1.2172E-04   
820   4.200E-03   5.6587E-05   7.0460E-05   5.6541E-05 / 7.0412E-05   
830   4.200E-03   5.3786E-05   6.7060E-05   5.3752E-05 / 6.7048E-05   
840   4.200E-03   5.2575E-05   6.4279E-05   5.2510E-05 / 6.4239E-05   
850   4.200E-03   5.2728E-05   6.5256E-05   5.2726E-05 / 6.5256E-05   
860   4.200E-03   5.2547E-05   6.1116E-05   5.1633E-05 / 6.0221E-05   
870   4.200E-03   5.0911E-05   5.7418E-05   5.0689E-05 / 5.7210E-05   
880   4.200E-03   5.1653E-05   6.5035E-05   5.1316E-05 / 6.4828E-05   
890   4.200E-03   4.8314E-05   5.7788E-05   4.8167E-05 / 5.7647E-05   
900   4.200E-03   4.7179E-05   5.6214E-05   4.7179E-05 / 5.6214E-05   
910   4.200E-03   4.6734E-05   5.7577E-05   4.6103E-05 / 5.7018E-05   
920   4.200E-03   4.5716E-05   5.8172E-05   4.5714E-05 / 5.8172E-05   
930   4.200E-03   4.7909E-05   5.3726E-05   4.7615E-05 / 5.3483E-05   
940   4.200E-03   4.5594E-05   5.8372E-05   4.5538E-05 / 5.8335E-05   
950   4.200E-03   4.3679E-05   5.4972E-05   4.3652E-05 / 5.4953E-05   
960   4.200E-03   4.2496E-05   5.2997E-05   4.2457E-05 / 5.2984E-05   
970   4.200E-03   4.5664E-05   4.7960E-05   4.5637E-05 / 4.7956E-05   
980   4.200E-03   4.4056E-05   5.2588E-05   4.4056E-05 / 5.2588E-05   
990   4.200E-03   4.0028E-05   4.7417E-05   4.0025E-05 / 4.7417E-05   
1000   4.200E-03   4.1417E-05   5.1599E-05   4.1417E-05 / 5.1599E-05   
1010   4.200E-03   3.9810E-05   4.7777E-05   3.9309E-05 / 4.7320E-05   
1020   4.200E-03   3.8552E-05   4.7456E-05   3.8525E-05 / 4.7443E-05   
1030   4.200E-03   3.9199E-05   4.4198E-05   3.8857E-05 / 4.3887E-05   
1040   4.200E-03   3.8510E-05   4.1361E-05   3.8478E-05 / 4.1336E-05   
1050   4.200E-03   3.6010E-05   4.4098E-05   3.6010E-05 / 4.4098E-05   
1060   4.200E-03   3.6966E-05   4.5099E-05   3.6966E-05 / 4.5099E-05   
1070   4.200E-03   1.3510E-04   1.5824E-04   1.3476E-04 / 1.5789E-04   
1080   4.200E-03   3.4168E-05   4.0689E-05   3.4167E-05 / 4.0687E-05   
1090   4.200E-03   3.4527E-05   4.2915E-05   3.4297E-05 / 4.2707E-05   
1100   4.200E-03   3.3748E-05   3.9768E-05   3.3492E-05 / 3.9530E-05   
1110   4.200E-03   3.2966E-05   3.8867E-05   3.2608E-05 / 3.8532E-05   
1120   4.200E-03   3.4258E-05   3.8744E-05   3.3933E-05 / 3.8447E-05   
1130   4.200E-03   3.3884E-05   4.4070E-05   3.3557E-05 / 4.3779E-05   
1140   4.200E-03   3.9675E-05   3.8204E-05   3.9639E-05 / 3.8176E-05   
1150   4.200E-03   3.0603E-05   3.7359E-05   3.0500E-05 / 3.7278E-05   
1160   4.200E-03   3.3247E-05   3.9617E-05   3.3247E-05 / 3.9617E-05   
1170   4.200E-03   2.9914E-05   3.5576E-05   2.9914E-05 / 3.5576E-05   
1180   4.200E-03   3.1332E-05   3.5270E-05   3.1245E-05 / 3.5223E-05   
1190   4.200E-03   2.9701E-05   3.6840E-05   2.9550E-05 / 3.6743E-05   
1200   4.200E-03   2.9496E-05   3.6218E-05   2.9496E-05 / 3.6218E-05   
1210   4.200E-03   2.9724E-05   3.7766E-05   2.9691E-05 / 3.7764E-05   
1220   4.200E-03   3.4623E-05   4.6653E-05   3.4196E-05 / 4.6307E-05   
1230   4.200E-03   3.0521E-05   3.3872E-05   3.0502E-05 / 3.3871E-05   
1240   4.200E-03   2.6542E-05   3.1626E-05   2.6460E-05 / 3.1586E-05   
1250   4.200E-03   2.8235E-05   3.4312E-05   2.7631E-05 / 3.3753E-05   
1260   4.200E-03   3.2132E-05   3.9236E-05   3.2126E-05 / 3.9235E-05   
1270   4.200E-03   2.7880E-05   3.2995E-05   2.6443E-05 / 3.1649E-05   
1280   4.200E-03   2.6530E-05   3.3326E-05   2.6484E-05 / 3.3294E-05   
1290   4.200E-03   3.1406E-05   3.3378E-05   3.1264E-05 / 3.3258E-05   
1300   4.200E-03   2.8067E-05   3.0808E-05   2.8067E-05 / 3.0808E-05   
1310   4.200E-03   2.5018E-05   3.0907E-05   2.4973E-05 / 3.0871E-05   
1320   4.200E-03   2.4401E-05   2.9655E-05   2.3894E-05 / 2.9196E-05   
1330   4.200E-03   2.4687E-05   2.7456E-05   2.4682E-05 / 2.7444E-05   
1340   4.200E-03   2.3338E-05   2.6844E-05   2.3191E-05 / 2.6687E-05   
1350   4.200E-03   4.1379E-05   5.1153E-05   4.1379E-05 / 5.1152E-05   
1360   4.200E-03   2.2646E-05   2.6231E-05   2.2390E-05 / 2.5975E-05   
1370   4.200E-03   2.4608E-05   2.8254E-05   2.3820E-05 / 2.7537E-05   
1380   4.200E-03   2.2909E-05   2.8783E-05   2.2771E-05 / 2.8646E-05   
1390   4.200E-03   2.3145E-05   2.8010E-05   2.3081E-05 / 2.7934E-05   
1400   4.200E-03   2.2449E-05   2.6741E-05   2.2449E-05 / 2.6741E-05   
1410   4.200E-03   2.2915E-05   2.7830E-05   2.2795E-05 / 2.7699E-05   
1420   4.200E-03   2.1795E-05   2.6238E-05   2.1502E-05 / 2.5960E-05   
1430   4.200E-03   3.4342E-05   3.8995E-05   3.0103E-05 / 3.4966E-05   
1440   4.200E-03   2.2693E-05   2.6592E-05   2.2690E-05 / 2.6592E-05   
1450   4.200E-03   2.4128E-05   2.8148E-05   2.4085E-05 / 2.8120E-05   
1460   4.200E-03   2.2049E-05   2.5488E-05   2.1813E-05 / 2.5289E-05   
1470   4.200E-03   3.1640E-05   3.8266E-05   3.1637E-05 / 3.8266E-05   
1480   4.200E-03   2.9437E-05   3.6131E-05   2.9419E-05 / 3.6126E-05   
1490   4.200E-03   2.2240E-05   2.7647E-05   2.2137E-05 / 2.7587E-05   
1500   4.200E-03   2.0730E-05   2.5268E-05   2.0686E-05 / 2.5248E-05   
1510   4.200E-03   2.2799E-05   2.7424E-05   2.2799E-05 / 2.7424E-05   
1520   4.200E-03   2.0788E-05   2.3080E-05   2.0784E-05 / 2.3080E-05   
1530   4.200E-03   1.9784E-05   2.3264E-05   1.9723E-05 / 2.3248E-05   
1540   4.200E-03   3.0341E-05   3.8352E-05   3.0187E-05 / 3.8255E-05   
1550   4.200E-03   1.8417E-05   2.3181E-05   1.8347E-05 / 2.3159E-05   
1560   4.200E-03   1.8573E-05   2.4188E-05   1.8397E-05 / 2.4076E-05   
1570   4.200E-03   1.8582E-05   2.2127E-05   1.8200E-05 / 2.1814E-05   
1580   4.200E-03   1.9280E-05   2.1392E-05   1.9217E-05 / 2.1368E-05   
1590   4.200E-03   2.3187E-05   2.8112E-05   1.9710E-05 / 2.4815E-05   
1600   4.200E-03   1.8687E-05   2.2768E-05   1.8506E-05 / 2.2651E-05   
1610   4.200E-03   3.0237E-05   3.0347E-05   3.0203E-05 / 3.0331E-05   
1620   4.200E-03   1.7832E-05   2.2819E-05   1.7300E-05 / 2.2352E-05   
1630   4.200E-03   2.0416E-05   2.3740E-05   2.0387E-05 / 2.3728E-05   
1640   4.200E-03   1.7744E-05   2.3185E-05   1.7643E-05 / 2.3123E-05   
1650   4.200E-03   2.1937E-05   3.0830E-05   2.1496E-05 / 3.0453E-05   
1660   4.200E-03   1.7766E-05   2.0784E-05   1.7547E-05 / 2.0601E-05   
1670   4.200E-03   1.7429E-05   2.1517E-05   1.7258E-05 / 2.1365E-05   
1680   4.200E-03   1.6437E-05   2.1325E-05   1.6284E-05 / 2.1195E-05   
1690   4.200E-03   2.1767E-05   3.1310E-05   2.1460E-05 / 3.1024E-05   
1700   4.200E-03   1.7388E-05   2.1609E-05   1.7353E-05 / 2.1568E-05   
1710   4.200E-03   1.9719E-05   2.6302E-05   1.9719E-05 / 2.6302E-05   
1720   4.200E-03   1.9412E-05   2.5899E-05   1.9355E-05 / 2.5879E-05   
1730   4.200E-03   1.8490E-05   2.2255E-05   1.8489E-05 / 2.2255E-05   
1740   4.200E-03   1.6860E-05   2.0850E-05   1.6835E-05 / 2.0834E-05   
1750   4.200E-03   1.6708E-05   2.1166E-05   1.6685E-05 / 2.1131E-05   
1760   4.200E-03   1.9778E-05   2.4284E-05   1.9778E-05 / 2.4284E-05   
1770   4.200E-03   1.6401E-05   2.1481E-05   1.6401E-05 / 2.1479E-05   
1780   4.200E-03   1.7592E-05   2.3539E-05   1.7565E-05 / 2.3498E-05   
1790   4.200E-03   1.6791E-05   2.5171E-05   1.6760E-05 / 2.5138E-05   
1800   4.200E-03   2.6280E-05   3.2547E-05   2.6265E-05 / 3.2542E-05   
1810   4.200E-03   1.6333E-05   2.1919E-05   1.6333E-05 / 2.1919E-05   
1820   4.200E-03   1.5983E-05   1.9387E-05   1.5776E-05 / 1.9196E-05   
1830   4.200E-03   1.5898E-05   2.1230E-05   1.5889E-05 / 2.1219E-05   
1840   4.200E-03   1.5726E-05   2.0507E-05   1.5696E-05 / 2.0472E-05   
1850   4.200E-03   1.5097E-05   2.0941E-05   1.5097E-05 / 2.0941E-05   
1860   4.200E-03   1.6794E-05   2.2140E-05   1.6609E-05 / 2.1960E-05   
1870   4.200E-03   1.9292E-05   2.4484E-05   1.9177E-05 / 2.4374E-05   
1880   4.200E-03   1.5538E-05   2.2510E-05   1.5515E-05 / 2.2492E-05   
1890   4.200E-03   1.6046E-05   2.0753E-05   1.5901E-05 / 2.0619E-05   
1900   4.200E-03   1.6231E-05   2.0884E-05   1.6172E-05 / 2.0836E-05   
1910   4.200E-03   3.1713E-05   3.1796E-05   3.1712E-05 / 3.1796E-05   
1920   4.200E-03   1.4065E-05   1.9747E-05   1.3987E-05 / 1.9687E-05   
1930   4.200E-03   1.4019E-05   1.9578E-05   1.4015E-05 / 1.9578E-05   
1940   4.200E-03   1.3556E-05   1.9054E-05   1.3354E-05 / 1.8885E-05   
1950   4.200E-03   1.3885E-05   1.9730E-05   1.3832E-05 / 1.9700E-05   
1960   4.200E-03   1.4357E-05   1.8746E-05   1.4338E-05 / 1.8742E-05   
1970   4.200E-03   1.4083E-05   1.8815E-05   1.3441E-05 / 1.8240E-05   
1980   4.200E-03   1.3206E-05   1.7896E-05   1.3164E-05 / 1.7880E-05   
1990   4.200E-03   1.9481E-05   2.2536E-05   1.9282E-05 / 2.2381E-05   
2000   4.200E-03   3.7235E-05   4.2733E-05   3.6875E-05 / 4.2437E-05   
2010   4.200E-03   1.4908E-05   2.1480E-05   1.4705E-05 / 2.1326E-05   
2020   4.200E-03   1.3458E-05   1.9066E-05   1.2996E-05 / 1.8660E-05   
2030   4.200E-03   1.3526E-05   1.9392E-05   1.3526E-05 / 1.9392E-05   
2040   4.200E-03   1.3036E-05   1.8184E-05   1.2981E-05 / 1.8168E-05   
2050   4.200E-03   1.4943E-05   1.9075E-05   1.4829E-05 / 1.9009E-05   
2060   4.200E-03   1.4451E-05   1.7808E-05   1.4443E-05 / 1.7808E-05   
2070   4.200E-03   1.3091E-05   1.8912E-05   1.3044E-05 / 1.8900E-05   
2080   4.200E-03   1.2282E-05   1.8174E-05   1.2218E-05 / 1.8150E-05   
2090   4.200E-03   1.3258E-05   1.7507E-05   1.3085E-05 / 1.7390E-05   
2100   4.200E-03   1.6656E-05   2.1903E-05   1.4919E-05 / 2.0268E-05   
2110   4.200E-03   1.6310E-05   2.5094E-05   1.6044E-05 / 2.4879E-05   
2120   4.200E-03   1.3378E-05   1.9195E-05   1.3361E-05 / 1.9190E-05   
2130   4.200E-03   1.3868E-05   2.1362E-05   1.3844E-05 / 2.1356E-05   
2140   4.200E-03   1.6122E-05   1.8315E-05   1.5876E-05 / 1.8127E-05   
2150   4.200E-03   1.2583E-05   1.8739E-05   1.2572E-05 / 1.8737E-05   
2160   4.200E-03   1.4103E-05   1.8982E-05   1.4103E-05 / 1.8982E-05   
2170   4.200E-03   1.2625E-05   1.9558E-05   1.2619E-05 / 1.9558E-05   
2180   4.200E-03   1.3418E-05   1.9426E-05   1.3399E-05 / 1.9423E-05   
2190   4.200E-03   1.4538E-05   2.2780E-05   1.4303E-05 / 2.2594E-05   
2200   4.200E-03   1.7555E-05   1.9951E-05   1.7555E-05 / 1.9951E-05   
2210   4.200E-03   1.4437E-05   1.9927E-05   1.3772E-05 / 1.9312E-05   
2220   4.200E-03   1.3446E-05   1.8681E-05   1.3446E-05 / 1.8681E-05   
2230   4.200E-03   1.3216E-05   1.6958E-05   1.3216E-05 / 1.6958E-05   
2240   4.200E-03   1.1773E-05   1.7018E-05   1.1748E-05 / 1.7010E-05   
2250   4.200E-03   1.1827E-05   1.6940E-05   1.1826E-05 / 1.6940E-05   
2260   4.200E-03   1.9862E-05   2.5751E-05   1.9591E-05 / 2.5498E-05   
2270   4.200E-03   1.3404E-05   1.8081E-05   1.3402E-05 / 1.8081E-05   
2280   4.200E-03   1.2333E-05   1.7582E-05   1.2143E-05 / 1.7434E-05   
2290   4.200E-03   1.1923E-05   1.6397E-05   1.1890E-05 / 1.6377E-05   
2300   4.200E-03   1.1036E-05   1.7097E-05   1.1004E-05 / 1.7068E-05   
2310   4.200E-03   1.2459E-05   1.8306E-05   1.2428E-05 / 1.8275E-05   
2320   4.200E-03   1.1953E-05   1.7964E-05   1.1952E-05 / 1.7963E-05   
2330   4.200E-03   2.0493E-05   2.5721E-05   2.0377E-05 / 2.5617E-05   
2340   4.200E-03   1.3173E-05   1.9792E-05   1.3171E-05 / 1.9790E-05   
2350   4.200E-03   1.2576E-05   1.6959E-05   1.2066E-05 / 1.6495E-05   
2360   4.200E-03   1.1551E-05   1.6186E-05   1.1518E-05 / 1.6158E-05   
2370   4.200E-03   1.2467E-05   1.5896E-05   1.2467E-05 / 1.5896E-05   
2380   4.200E-03   1.2541E-05   1.8680E-05   1.1579E-05 / 1.7826E-05   
2390   4.200E-03   1.1371E-05   1.6529E-05   1.1289E-05 / 1.6445E-05   
2400   4.200E-03   1.0639E-05   1.5558E-05   1.0639E-05 / 1.5558E-05   
2410   4.200E-03   1.0612E-05   1.5399E-05   1.0544E-05 / 1.5323E-05   
2420   4.200E-03   1.2798E-05   1.7484E-05   1.2793E-05 / 1.7481E-05   
2430   4.200E-03   1.2679E-05   1.9466E-05   1.2456E-05 / 1.9253E-05   
2440   4.200E-03   1.0560E-05   1.6550E-05   1.0549E-05 / 1.6530E-05   
2450   4.200E-03   1.0816E-05   1.7182E-05   1.0773E-05 / 1.7155E-05   
2460   4.200E-03   1.2322E-05   1.6548E-05   1.2322E-05 / 1.6548E-05   
2470   4.200E-03   1.1364E-05   1.6963E-05   1.0876E-05 / 1.6529E-05   
2480   4.200E-03   1.2646E-05   2.0362E-05   1.2544E-05 / 2.0255E-05   
2490   4.200E-03   1.2835E-05   1.8931E-05   1.2835E-05 / 1.8931E-05   
2500   4.200E-03   1.1974E-05   1.8840E-05   1.1683E-05 / 1.8566E-05   
2510   4.200E-03   1.1393E-05   1.6959E-05   1.1384E-05 / 1.6948E-05   
2520   4.200E-03   1.1538E-05   1.7381E-05   1.0760E-05 / 1.6694E-05   
2530   4.200E-03   1.0037E-05   1.6959E-05   9.9940E-06 / 1.6908E-05   
2540   4.200E-03   1.2727E-05   2.0225E-05   1.2593E-05 / 2.0090E-05   
2550   4.200E-03   1.6898E-05   1.9638E-05   1.6865E-05 / 1.9601E-05   
2560   4.200E-03   1.4208E-05   1.9720E-05   1.4089E-05 / 1.9602E-05   
2570   4.200E-03   1.0546E-05   1.8589E-05   1.0522E-05 / 1.8562E-05   
2580   4.200E-03   9.8038E-06   1.6919E-05   9.7998E-06 / 1.6915E-05   
2590   4.200E-03   9.5252E-06   1.7015E-05   9.4794E-06 / 1.6968E-05   
2600   4.200E-03   1.0093E-05   1.6183E-05   9.9554E-06 / 1.6048E-05   
2610   4.200E-03   1.0873E-05   1.5740E-05   1.0439E-05 / 1.5358E-05   
2620   4.200E-03   1.0982E-05   1.8102E-05   1.0982E-05 / 1.8102E-05   
2630   4.200E-03   1.1718E-05   1.7215E-05   1.1718E-05 / 1.7215E-05   
2640   4.200E-03   1.0854E-05   1.5830E-05   1.0848E-05 / 1.5828E-05   
2650   4.200E-03   9.8464E-06   1.5099E-05   9.7820E-06 / 1.5042E-05   
2660   4.200E-03   1.0720E-05   1.7044E-05   1.0523E-05 / 1.6864E-05   
2670   4.200E-03   1.1264E-05   2.0277E-05   1.1262E-05 / 2.0276E-05   
2680   4.200E-03   1.3560E-05   1.9735E-05   1.3507E-05 / 1.9695E-05   
2690   4.200E-03   9.6606E-06   1.4398E-05   9.6406E-06 / 1.4388E-05   
2700   4.200E-03   9.3074E-06   1.5491E-05   9.2211E-06 / 1.5426E-05   
2710   4.200E-03   1.2038E-05   1.9966E-05   1.1819E-05 / 1.9775E-05   
2720   4.200E-03   2.2680E-05   2.5150E-05   2.1904E-05 / 2.4451E-05   
2730   4.200E-03   9.4393E-06   1.6042E-05   9.4350E-06 / 1.6042E-05   
2740   4.200E-03   1.0385E-05   1.7421E-05   1.0381E-05 / 1.7421E-05   
2750   4.200E-03   9.1710E-06   1.6433E-05   8.9642E-06 / 1.6259E-05   
2760   4.200E-03   9.6823E-06   1.6006E-05   9.6794E-06 / 1.6006E-05   
2770   4.200E-03   1.1359E-05   1.9349E-05   1.1269E-05 / 1.9286E-05   
2776   4.200E-03   1.0013E-05   1.4583E-05   9.9732E-06 / 1.4564E-05   
BEST MODEL
===============================================================================================================
2513   4.200E-03   1.0075E-05   1.4264E-05   1.0062E-05 / 1.4242E-05   
===============================================================================================================
Saved model to /home/nikki/kan/kanTBNN/models/multi_run/kan_experiment_118_opt/kanTBNN-24Nov07_18:11:03.pickle
