========== Dataset info ==========
Dataset params: {'file': '/home/nikki/kan/data/turbulence_dataset_clean.csv', 'Cases': ['fp_1000', 'fp_1410', 'fp_2000', 'fp_2540', 'fp_3030', 'fp_3270', 'fp_3630', 'fp_3970', 'fp_4060'], 'val_set': ['fp_3030', 'fp_1410', 'fp_4060'], 'test_set': ['fp_3630'], 'data_loader': <class 'tbnn.dataloaders.aDataset'>}
Train/Valid/Test points: 760 / 468 / 168
Memorization?: False
Cluster training?: False
EPOCH     LR        TRAIN         VALID             MSE:T/V                  RL:T/V             %NR_t/%NR_v
===============================================================================================================
  1   3.343E-03   1.6104E-01   1.5768E-01   1.6104E-01 / 1.5768E-01   
 10   3.343E-03   4.1694E-03   3.8768E-03   4.1694E-03 / 3.8768E-03   
 20   3.343E-03   2.3113E-03   2.2014E-03   2.3112E-03 / 2.2013E-03   
 30   3.343E-03   1.8842E-03   1.8166E-03   1.8839E-03 / 1.8163E-03   
 40   3.343E-03   1.5891E-03   1.5372E-03   1.5887E-03 / 1.5369E-03   
 50   3.343E-03   1.3585E-03   1.3172E-03   1.3583E-03 / 1.3170E-03   
 60   3.343E-03   1.1836E-03   1.1488E-03   1.1833E-03 / 1.1485E-03   
 70   3.343E-03   1.0537E-03   1.0242E-03   1.0535E-03 / 1.0239E-03   
 80   3.343E-03   9.4074E-04   9.1617E-04   9.4058E-04 / 9.1604E-04   
 90   3.343E-03   8.4127E-04   8.2169E-04   8.4119E-04 / 8.2163E-04   
100   3.343E-03   7.5778E-04   7.4208E-04   7.5766E-04 / 7.4195E-04   
110   3.343E-03   6.7937E-04   6.6546E-04   6.7915E-04 / 6.6526E-04   
120   3.343E-03   6.1177E-04   6.0098E-04   6.1144E-04 / 6.0067E-04   
130   3.343E-03   5.5668E-04   5.4846E-04   5.5626E-04 / 5.4813E-04   
140   3.343E-03   5.1093E-04   5.0449E-04   5.1051E-04 / 5.0415E-04   
150   3.343E-03   4.7134E-04   4.6571E-04   4.7100E-04 / 4.6546E-04   
160   3.343E-03   4.3719E-04   4.3195E-04   4.3711E-04 / 4.3185E-04   
170   3.343E-03   4.0532E-04   4.0221E-04   4.0529E-04 / 4.0218E-04   
180   3.343E-03   3.7901E-04   3.7702E-04   3.7896E-04 / 3.7698E-04   
190   3.343E-03   3.5559E-04   3.5527E-04   3.5557E-04 / 3.5524E-04   
200   3.343E-03   3.3551E-04   3.3521E-04   3.3542E-04 / 3.3509E-04   
210   3.343E-03   3.2031E-04   3.1715E-04   3.2017E-04 / 3.1701E-04   
220   3.343E-03   3.0154E-04   3.0334E-04   3.0148E-04 / 3.0330E-04   
230   3.343E-03   2.8913E-04   2.9197E-04   2.8900E-04 / 2.9189E-04   
240   3.343E-03   2.7278E-04   2.7300E-04   2.7276E-04 / 2.7298E-04   
250   3.343E-03   2.5993E-04   2.6263E-04   2.5992E-04 / 2.6262E-04   
260   3.343E-03   2.4874E-04   2.4886E-04   2.4864E-04 / 2.4875E-04   
270   3.343E-03   2.3875E-04   2.4178E-04   2.3865E-04 / 2.4168E-04   
280   3.343E-03   2.2970E-04   2.3126E-04   2.2969E-04 / 2.3126E-04   
290   3.343E-03   2.1875E-04   2.2067E-04   2.1866E-04 / 2.2063E-04   
300   3.343E-03   2.0993E-04   2.1071E-04   2.0990E-04 / 2.1071E-04   
310   3.343E-03   2.1228E-04   2.1067E-04   2.1226E-04 / 2.1065E-04   
320   3.343E-03   1.9428E-04   1.9570E-04   1.9422E-04 / 1.9564E-04   
330   3.343E-03   1.9163E-04   1.9018E-04   1.9143E-04 / 1.8997E-04   
340   3.343E-03   1.8758E-04   1.8786E-04   1.8757E-04 / 1.8786E-04   
350   3.343E-03   1.7513E-04   1.7638E-04   1.7486E-04 / 1.7616E-04   
360   3.343E-03   1.7113E-04   1.7126E-04   1.7112E-04 / 1.7126E-04   
370   3.343E-03   1.7730E-04   1.7611E-04   1.7730E-04 / 1.7611E-04   
380   3.343E-03   1.5848E-04   1.6182E-04   1.5848E-04 / 1.6182E-04   
390   3.343E-03   1.5324E-04   1.5395E-04   1.5283E-04 / 1.5363E-04   
400   3.343E-03   1.4679E-04   1.4758E-04   1.4658E-04 / 1.4738E-04   
410   3.343E-03   1.4348E-04   1.4538E-04   1.4345E-04 / 1.4533E-04   
420   3.343E-03   1.3828E-04   1.3705E-04   1.3809E-04 / 1.3683E-04   
430   3.343E-03   1.3674E-04   1.3611E-04   1.3674E-04 / 1.3611E-04   
440   3.343E-03   1.2939E-04   1.3108E-04   1.2938E-04 / 1.3108E-04   
450   3.343E-03   1.2594E-04   1.2661E-04   1.2584E-04 / 1.2655E-04   
460   3.343E-03   1.2405E-04   1.2597E-04   1.2370E-04 / 1.2573E-04   
470   3.343E-03   1.1770E-04   1.1946E-04   1.1751E-04 / 1.1937E-04   
480   3.343E-03   1.1511E-04   1.1883E-04   1.1505E-04 / 1.1881E-04   
490   3.343E-03   1.2051E-04   1.2174E-04   1.2051E-04 / 1.2174E-04   
500   3.343E-03   1.1132E-04   1.1188E-04   1.1123E-04 / 1.1178E-04   
510   3.343E-03   1.0560E-04   1.0682E-04   1.0559E-04 / 1.0680E-04   
520   3.343E-03   1.0357E-04   1.0643E-04   1.0352E-04 / 1.0636E-04   
530   3.343E-03   1.1912E-04   1.2382E-04   1.1910E-04 / 1.2380E-04   
540   3.343E-03   9.8612E-05   9.8285E-05   9.8581E-05 / 9.8258E-05   
550   3.343E-03   9.5917E-05   9.9625E-05   9.5910E-05 / 9.9625E-05   
560   3.343E-03   9.3958E-05   9.7587E-05   9.3947E-05 / 9.7587E-05   
570   3.343E-03   8.9597E-05   9.4259E-05   8.9157E-05 / 9.3940E-05   
580   3.343E-03   8.6486E-05   8.9339E-05   8.6475E-05 / 8.9339E-05   
590   3.343E-03   8.5074E-05   9.0669E-05   8.5045E-05 / 9.0665E-05   
600   3.343E-03   8.5223E-05   8.7220E-05   8.5178E-05 / 8.7212E-05   
610   3.343E-03   7.9304E-05   8.3186E-05   7.9125E-05 / 8.3061E-05   
620   3.343E-03   8.0924E-05   8.6178E-05   8.0838E-05 / 8.6101E-05   
630   3.343E-03   7.7964E-05   8.3484E-05   7.7936E-05 / 8.3446E-05   
640   3.343E-03   7.6745E-05   8.3503E-05   7.6723E-05 / 8.3453E-05   
650   3.343E-03   8.1860E-05   8.8021E-05   8.1826E-05 / 8.8012E-05   
660   3.343E-03   6.9738E-05   7.4668E-05   6.9606E-05 / 7.4523E-05   
670   3.343E-03   6.8290E-05   7.3762E-05   6.8056E-05 / 7.3525E-05   
680   3.343E-03   6.6603E-05   7.2302E-05   6.6034E-05 / 7.1703E-05   
690   3.343E-03   6.5598E-05   7.1912E-05   6.5524E-05 / 7.1867E-05   
700   3.343E-03   6.4634E-05   7.0271E-05   6.4633E-05 / 7.0271E-05   
710   3.343E-03   6.2487E-05   6.8169E-05   6.2453E-05 / 6.8167E-05   
720   3.343E-03   6.8689E-05   7.4852E-05   6.8366E-05 / 7.4688E-05   
730   3.343E-03   5.9749E-05   6.5834E-05   5.9589E-05 / 6.5774E-05   
740   3.343E-03   5.7535E-05   6.4495E-05   5.7462E-05 / 6.4477E-05   
750   3.343E-03   6.2750E-05   6.8380E-05   6.2537E-05 / 6.8241E-05   
760   3.343E-03   5.8505E-05   6.6379E-05   5.8434E-05 / 6.6325E-05   
770   3.343E-03   5.5906E-05   6.2001E-05   5.5684E-05 / 6.1801E-05   
780   3.343E-03   5.3168E-05   5.8907E-05   5.3157E-05 / 5.8877E-05   
790   3.343E-03   5.1321E-05   5.7904E-05   5.1321E-05 / 5.7901E-05   
800   3.343E-03   5.0642E-05   5.8034E-05   5.0430E-05 / 5.7774E-05   
810   3.343E-03   6.2131E-05   6.3639E-05   6.1849E-05 / 6.3298E-05   
820   3.343E-03   5.0320E-05   5.6579E-05   4.9897E-05 / 5.6093E-05   
830   3.343E-03   4.6913E-05   5.5129E-05   4.6626E-05 / 5.4791E-05   
840   3.343E-03   4.5922E-05   5.3637E-05   4.5838E-05 / 5.3573E-05   
850   3.343E-03   4.6100E-05   5.3802E-05   4.6020E-05 / 5.3748E-05   
860   3.343E-03   4.5603E-05   5.2959E-05   4.5417E-05 / 5.2806E-05   
870   3.343E-03   4.3937E-05   5.1780E-05   4.3864E-05 / 5.1752E-05   
880   3.343E-03   4.4419E-05   5.0384E-05   4.3760E-05 / 4.9834E-05   
890   3.343E-03   4.3118E-05   4.9661E-05   4.3090E-05 / 4.9661E-05   
900   3.343E-03   4.4583E-05   5.1373E-05   4.4315E-05 / 5.1226E-05   
910   3.343E-03   4.4708E-05   5.4705E-05   4.4708E-05 / 5.4705E-05   
920   3.343E-03   4.0097E-05   4.8374E-05   4.0097E-05 / 4.8374E-05   
930   3.343E-03   4.5528E-05   5.4892E-05   4.4804E-05 / 5.4317E-05   
940   3.343E-03   4.2893E-05   4.8774E-05   4.2739E-05 / 4.8728E-05   
950   3.343E-03   3.8388E-05   4.6682E-05   3.8388E-05 / 4.6682E-05   
960   3.343E-03   3.6645E-05   4.4709E-05   3.6122E-05 / 4.4248E-05   
970   3.343E-03   3.7481E-05   4.2900E-05   3.6970E-05 / 4.2421E-05   
980   3.343E-03   4.2115E-05   5.0637E-05   4.1796E-05 / 5.0287E-05   
990   3.343E-03   3.6896E-05   4.4215E-05   3.6894E-05 / 4.4215E-05   
1000   3.343E-03   3.8447E-05   4.7581E-05   3.8447E-05 / 4.7581E-05   
1010   3.343E-03   3.2902E-05   4.1336E-05   3.2875E-05 / 4.1297E-05   
1020   3.343E-03   3.2636E-05   4.0947E-05   3.2558E-05 / 4.0856E-05   
1030   3.343E-03   3.6094E-05   4.3166E-05   3.5580E-05 / 4.2622E-05   
1040   3.343E-03   3.1448E-05   3.8321E-05   3.1365E-05 / 3.8238E-05   
1050   3.343E-03   3.2225E-05   4.0420E-05   3.1996E-05 / 4.0315E-05   
1060   3.343E-03   3.5033E-05   4.3242E-05   3.4852E-05 / 4.3077E-05   
1070   3.343E-03   2.9273E-05   3.7939E-05   2.9219E-05 / 3.7906E-05   
1080   3.343E-03   3.1294E-05   3.7758E-05   3.0663E-05 / 3.7126E-05   
1090   3.343E-03   2.9216E-05   3.7928E-05   2.9180E-05 / 3.7902E-05   
1100   3.343E-03   3.0367E-05   3.9772E-05   3.0198E-05 / 3.9666E-05   
1110   3.343E-03   5.3136E-05   6.2709E-05   5.2959E-05 / 6.2606E-05   
1120   3.343E-03   2.7497E-05   3.5930E-05   2.6839E-05 / 3.5370E-05   
1130   3.343E-03   2.8052E-05   3.7942E-05   2.7332E-05 / 3.7446E-05   
1140   3.343E-03   2.7369E-05   3.6150E-05   2.7363E-05 / 3.6150E-05   
1150   3.343E-03   2.8291E-05   3.7505E-05   2.7859E-05 / 3.7222E-05   
1160   3.343E-03   2.7770E-05   3.6005E-05   2.7767E-05 / 3.6002E-05   
1170   3.343E-03   2.6235E-05   3.5615E-05   2.5940E-05 / 3.5353E-05   
1180   3.343E-03   3.1467E-05   3.8227E-05   3.0528E-05 / 3.7382E-05   
1190   3.343E-03   2.4425E-05   3.3222E-05   2.4378E-05 / 3.3160E-05   
1200   3.343E-03   2.8624E-05   3.7932E-05   2.8564E-05 / 3.7910E-05   
1210   3.343E-03   2.6328E-05   3.3040E-05   2.6160E-05 / 3.2825E-05   
1220   3.343E-03   2.3544E-05   3.3097E-05   2.3537E-05 / 3.3088E-05   
1230   3.343E-03   2.3662E-05   3.2465E-05   2.3662E-05 / 3.2465E-05   
1240   3.343E-03   2.4814E-05   3.4098E-05   2.4099E-05 / 3.3425E-05   
1250   3.343E-03   2.4055E-05   3.4045E-05   2.3715E-05 / 3.3669E-05   
1260   3.343E-03   2.5735E-05   3.4575E-05   2.5582E-05 / 3.4390E-05   
1270   3.343E-03   2.2737E-05   2.9230E-05   2.2733E-05 / 2.9226E-05   
1280   3.343E-03   2.2461E-05   3.0321E-05   2.2295E-05 / 3.0277E-05   
1290   3.343E-03   2.4088E-05   3.2601E-05   2.2843E-05 / 3.1549E-05   
1300   3.343E-03   2.4521E-05   3.3955E-05   2.4425E-05 / 3.3916E-05   
1310   3.343E-03   2.1355E-05   2.8846E-05   2.1339E-05 / 2.8843E-05   
1320   3.343E-03   2.1843E-05   3.1319E-05   2.1397E-05 / 3.0865E-05   
1330   3.343E-03   2.2901E-05   3.1340E-05   2.2368E-05 / 3.1069E-05   
1340   3.343E-03   2.3658E-05   3.2489E-05   2.3658E-05 / 3.2489E-05   
1350   3.343E-03   2.2103E-05   3.0058E-05   2.1945E-05 / 2.9943E-05   
1360   3.343E-03   1.8817E-05   2.7423E-05   1.8803E-05 / 2.7417E-05   
1370   3.343E-03   2.0199E-05   2.6864E-05   1.9910E-05 / 2.6631E-05   
1380   3.343E-03   1.9418E-05   2.6733E-05   1.9416E-05 / 2.6733E-05   
1390   3.343E-03   1.8101E-05   2.7171E-05   1.8014E-05 / 2.7154E-05   
1400   3.343E-03   1.8334E-05   2.5870E-05   1.8334E-05 / 2.5870E-05   
1410   3.343E-03   1.9555E-05   2.8722E-05   1.9509E-05 / 2.8720E-05   
1420   3.343E-03   1.8695E-05   2.6328E-05   1.8684E-05 / 2.6326E-05   
1430   3.343E-03   1.9692E-05   2.7619E-05   1.9681E-05 / 2.7618E-05   
1440   3.343E-03   1.7520E-05   2.5429E-05   1.7435E-05 / 2.5372E-05   
1450   3.343E-03   2.5046E-05   3.2494E-05   2.5040E-05 / 3.2494E-05   
1460   3.343E-03   1.7837E-05   2.5502E-05   1.7834E-05 / 2.5502E-05   
1470   3.343E-03   1.6621E-05   2.5391E-05   1.6536E-05 / 2.5313E-05   
1480   3.343E-03   1.7530E-05   2.3872E-05   1.7495E-05 / 2.3845E-05   
1490   3.343E-03   1.9282E-05   2.7501E-05   1.9074E-05 / 2.7295E-05   
1500   3.343E-03   1.7720E-05   2.7032E-05   1.7689E-05 / 2.7019E-05   
1510   3.343E-03   1.5808E-05   2.3931E-05   1.5699E-05 / 2.3874E-05   
1520   3.343E-03   1.5696E-05   2.3830E-05   1.5560E-05 / 2.3725E-05   
1530   3.343E-03   1.6688E-05   2.5450E-05   1.6680E-05 / 2.5450E-05   
1540   3.343E-03   1.5573E-05   2.3935E-05   1.5536E-05 / 2.3934E-05   
1550   3.343E-03   1.5950E-05   2.4107E-05   1.5903E-05 / 2.4106E-05   
1560   3.343E-03   1.7518E-05   2.5787E-05   1.7208E-05 / 2.5600E-05   
1570   3.343E-03   1.5299E-05   2.3580E-05   1.5251E-05 / 2.3534E-05   
1580   3.343E-03   1.6077E-05   2.4660E-05   1.5987E-05 / 2.4586E-05   
1590   3.343E-03   1.4512E-05   2.3248E-05   1.4359E-05 / 2.3084E-05   
1600   3.343E-03   1.5667E-05   2.5181E-05   1.5145E-05 / 2.4840E-05   
1610   3.343E-03   1.8866E-05   2.9091E-05   1.8024E-05 / 2.8284E-05   
1620   3.343E-03   1.6819E-05   2.5197E-05   1.6639E-05 / 2.4988E-05   
1630   3.343E-03   2.6429E-05   3.4348E-05   2.2146E-05 / 3.0886E-05   
1640   3.343E-03   1.4859E-05   2.3965E-05   1.4191E-05 / 2.3318E-05   
1650   3.343E-03   1.3533E-05   2.2525E-05   1.3264E-05 / 2.2241E-05   
1660   3.343E-03   1.5246E-05   2.3540E-05   1.5235E-05 / 2.3527E-05   
1670   3.343E-03   1.4379E-05   2.3702E-05   1.4153E-05 / 2.3473E-05   
1680   3.343E-03   1.9137E-05   2.7303E-05   1.9064E-05 / 2.7235E-05   
1690   3.343E-03   1.3842E-05   2.3052E-05   1.3790E-05 / 2.3014E-05   
1700   3.343E-03   1.3760E-05   2.1989E-05   1.3760E-05 / 2.1989E-05   
1710   3.343E-03   1.2426E-05   2.1127E-05   1.2373E-05 / 2.1090E-05   
1720   3.343E-03   1.4536E-05   2.2889E-05   1.4300E-05 / 2.2664E-05   
1730   3.343E-03   1.3332E-05   2.2901E-05   1.3331E-05 / 2.2901E-05   
1740   3.343E-03   1.3906E-05   2.1571E-05   1.3901E-05 / 2.1570E-05   
1750   3.343E-03   1.6443E-05   2.5203E-05   1.5994E-05 / 2.4787E-05   
1760   3.343E-03   1.4709E-05   2.2544E-05   1.4566E-05 / 2.2449E-05   
1770   3.343E-03   1.2719E-05   2.0551E-05   1.2505E-05 / 2.0371E-05   
1780   3.343E-03   1.2685E-05   2.0695E-05   1.2673E-05 / 2.0693E-05   
1790   3.343E-03   1.4025E-05   2.3247E-05   1.3651E-05 / 2.2913E-05   
1800   3.343E-03   1.2614E-05   2.1533E-05   1.2614E-05 / 2.1533E-05   
1810   3.343E-03   1.1573E-05   1.9853E-05   1.1451E-05 / 1.9772E-05   
1820   3.343E-03   1.2357E-05   2.1575E-05   1.2308E-05 / 2.1552E-05   
1830   3.343E-03   1.3623E-05   2.1201E-05   1.3362E-05 / 2.0985E-05   
1840   3.343E-03   1.2923E-05   2.1816E-05   1.2916E-05 / 2.1816E-05   
1850   3.343E-03   1.2668E-05   2.1184E-05   1.1759E-05 / 2.0284E-05   
1860   3.343E-03   1.1996E-05   1.9284E-05   1.1546E-05 / 1.8895E-05   
1870   3.343E-03   1.2944E-05   1.9977E-05   1.2897E-05 / 1.9968E-05   
1880   3.343E-03   1.6614E-05   2.2794E-05   1.6135E-05 / 2.2427E-05   
1890   3.343E-03   2.6582E-05   2.7748E-05   2.6045E-05 / 2.7274E-05   
1900   3.343E-03   1.1136E-05   1.8951E-05   1.1108E-05 / 1.8938E-05   
1910   3.343E-03   1.1883E-05   1.8516E-05   1.1880E-05 / 1.8514E-05   
1920   3.343E-03   1.0863E-05   1.9682E-05   1.0840E-05 / 1.9665E-05   
1930   3.343E-03   1.0638E-05   1.9218E-05   1.0478E-05 / 1.9099E-05   
1940   3.343E-03   1.1238E-05   1.8315E-05   1.1238E-05 / 1.8315E-05   
1950   3.343E-03   1.0190E-05   1.8880E-05   1.0101E-05 / 1.8795E-05   
1960   3.343E-03   1.0413E-05   1.7723E-05   1.0407E-05 / 1.7723E-05   
1970   3.343E-03   1.1045E-05   1.9323E-05   1.1004E-05 / 1.9275E-05   
1980   3.343E-03   1.1416E-05   1.8184E-05   1.1361E-05 / 1.8168E-05   
1990   3.343E-03   1.3290E-05   2.1285E-05   1.3227E-05 / 2.1247E-05   
2000   3.343E-03   1.0161E-05   1.7468E-05   1.0149E-05 / 1.7467E-05   
2010   3.343E-03   1.1625E-05   2.1067E-05   1.1624E-05 / 2.1061E-05   
2020   3.343E-03   1.0172E-05   1.8975E-05   1.0154E-05 / 1.8950E-05   
2030   3.343E-03   1.2520E-05   2.2361E-05   1.2520E-05 / 2.2360E-05   
2040   3.343E-03   1.8648E-05   2.5993E-05   1.8644E-05 / 2.5988E-05   
2050   3.343E-03   9.6789E-06   1.7797E-05   9.6463E-06 / 1.7746E-05   
2060   3.343E-03   1.0159E-05   1.7346E-05   1.0108E-05 / 1.7274E-05   
2070   3.343E-03   9.5649E-06   1.7994E-05   9.5649E-06 / 1.7994E-05   
2080   3.343E-03   9.4388E-06   1.7336E-05   9.3205E-06 / 1.7200E-05   
2090   3.343E-03   1.1823E-05   2.1740E-05   1.1557E-05 / 2.1609E-05   
2100   3.343E-03   1.0563E-05   2.0259E-05   1.0551E-05 / 2.0240E-05   
2110   3.343E-03   1.3352E-05   2.1191E-05   1.2998E-05 / 2.0887E-05   
2120   3.343E-03   1.2454E-05   1.9289E-05   1.2331E-05 / 1.9224E-05   
2130   3.343E-03   9.8777E-06   1.7675E-05   9.8777E-06 / 1.7675E-05   
2140   3.343E-03   1.0187E-05   1.8393E-05   1.0156E-05 / 1.8391E-05   
2150   3.343E-03   1.1009E-05   1.6364E-05   1.1009E-05 / 1.6364E-05   
2160   3.343E-03   9.0083E-06   1.7419E-05   8.9078E-06 / 1.7302E-05   
2170   3.343E-03   9.8918E-06   1.8181E-05   9.8687E-06 / 1.8158E-05   
2180   3.343E-03   1.2164E-05   2.0025E-05   1.0903E-05 / 1.9074E-05   
2190   3.343E-03   1.1379E-05   1.6889E-05   1.1185E-05 / 1.6707E-05   
2200   3.343E-03   1.1836E-05   1.8432E-05   1.1817E-05 / 1.8431E-05   
2210   3.343E-03   8.8846E-06   1.6826E-05   8.7499E-06 / 1.6770E-05   
2220   3.343E-03   8.5547E-06   1.6419E-05   8.4344E-06 / 1.6291E-05   
2230   3.343E-03   9.3052E-06   1.6204E-05   8.9337E-06 / 1.5837E-05   
2240   3.343E-03   1.3124E-05   1.9703E-05   1.3075E-05 / 1.9663E-05   
2250   3.343E-03   9.8923E-06   1.6663E-05   9.8734E-06 / 1.6646E-05   
2260   3.343E-03   9.4045E-06   1.7135E-05   9.3005E-06 / 1.7033E-05   
2270   3.343E-03   8.8363E-06   1.6164E-05   8.5098E-06 / 1.5866E-05   
2280   3.343E-03   9.2438E-06   1.7018E-05   9.2438E-06 / 1.7018E-05   
2290   3.343E-03   1.0843E-05   1.8928E-05   1.0640E-05 / 1.8730E-05   
2300   3.343E-03   1.2242E-05   1.9907E-05   1.2242E-05 / 1.9907E-05   
2310   3.343E-03   9.8684E-06   1.6816E-05   9.8666E-06 / 1.6814E-05   
2320   3.343E-03   8.9517E-06   1.6772E-05   8.9167E-06 / 1.6759E-05   
2330   3.343E-03   8.8676E-06   1.6905E-05   8.6825E-06 / 1.6736E-05   
2340   3.343E-03   1.6220E-05   2.1160E-05   1.5871E-05 / 2.0883E-05   
2350   3.343E-03   9.2735E-06   1.7485E-05   9.1300E-06 / 1.7360E-05   
2360   3.343E-03   9.2755E-06   1.7609E-05   9.2570E-06 / 1.7600E-05   
2370   3.343E-03   8.9118E-06   1.6620E-05   8.9001E-06 / 1.6618E-05   
2380   3.343E-03   9.6511E-06   1.6895E-05   9.6511E-06 / 1.6895E-05   
2390   3.343E-03   2.7500E-05   3.3060E-05   2.7346E-05 / 3.2986E-05   
2400   3.343E-03   8.2307E-06   1.5710E-05   8.0431E-06 / 1.5603E-05   
2410   3.343E-03   8.3980E-06   1.4842E-05   8.2325E-06 / 1.4789E-05   
2420   3.343E-03   8.5968E-06   1.5736E-05   8.5968E-06 / 1.5736E-05   
2430   3.343E-03   9.0629E-06   1.5746E-05   8.8355E-06 / 1.5629E-05   
2440   3.343E-03   7.4938E-06   1.5028E-05   7.3698E-06 / 1.4915E-05   
2450   3.343E-03   9.7778E-06   1.6808E-05   9.7778E-06 / 1.6808E-05   
2460   3.343E-03   7.6893E-06   1.4426E-05   7.6634E-06 / 1.4422E-05   
2470   3.343E-03   7.7683E-06   1.4753E-05   7.7666E-06 / 1.4753E-05   
2480   3.343E-03   8.6381E-06   1.4509E-05   8.4711E-06 / 1.4352E-05   
2490   3.343E-03   1.1664E-05   1.7161E-05   1.1093E-05 / 1.6841E-05   
2500   3.343E-03   8.1058E-06   1.4076E-05   7.9123E-06 / 1.3995E-05   
2510   3.343E-03   9.2521E-06   1.6849E-05   9.2521E-06 / 1.6849E-05   
2520   3.343E-03   8.2527E-06   1.5354E-05   8.0269E-06 / 1.5145E-05   
2530   3.343E-03   7.8554E-06   1.4867E-05   7.8445E-06 / 1.4867E-05   
2540   3.343E-03   8.3072E-06   1.5726E-05   8.2339E-06 / 1.5668E-05   
2550   3.343E-03   8.3185E-06   1.5552E-05   8.1053E-06 / 1.5336E-05   
2560   3.343E-03   8.4356E-06   1.6057E-05   8.3923E-06 / 1.6044E-05   
2570   3.343E-03   7.6575E-06   1.5314E-05   7.6165E-06 / 1.5285E-05   
2580   3.343E-03   9.1980E-06   1.8001E-05   9.1752E-06 / 1.7988E-05   
2590   3.343E-03   8.5991E-06   1.5727E-05   8.5991E-06 / 1.5727E-05   
2600   3.343E-03   8.1865E-06   1.4706E-05   8.1758E-06 / 1.4706E-05   
2610   3.343E-03   7.9182E-06   1.4561E-05   7.8955E-06 / 1.4551E-05   
2620   3.343E-03   7.2380E-06   1.4287E-05   7.2306E-06 / 1.4287E-05   
2630   3.343E-03   7.3095E-06   1.4573E-05   7.3030E-06 / 1.4572E-05   
2640   3.343E-03   6.8534E-06   1.3829E-05   6.7766E-06 / 1.3788E-05   
2650   3.343E-03   8.1606E-06   1.6230E-05   7.3487E-06 / 1.5363E-05   
2660   3.343E-03   9.7198E-06   1.7963E-05   9.7196E-06 / 1.7963E-05   
2670   3.343E-03   9.1283E-06   1.5271E-05   9.1227E-06 / 1.5271E-05   
2680   3.343E-03   7.3245E-06   1.5285E-05   6.9644E-06 / 1.4930E-05   
2690   3.343E-03   8.6862E-06   1.6559E-05   8.3625E-06 / 1.6230E-05   
2700   3.343E-03   6.8869E-06   1.4303E-05   6.7719E-06 / 1.4193E-05   
2710   3.343E-03   6.9001E-06   1.4501E-05   6.7809E-06 / 1.4417E-05   
2720   3.343E-03   8.4212E-06   1.6834E-05   8.4028E-06 / 1.6828E-05   
2730   3.343E-03   9.0014E-06   1.6224E-05   8.3682E-06 / 1.5563E-05   
2740   3.343E-03   7.2195E-06   1.4319E-05   7.0209E-06 / 1.4115E-05   
2750   3.343E-03   8.0589E-06   1.4487E-05   8.0528E-06 / 1.4484E-05   
2760   3.343E-03   9.9171E-06   1.4917E-05   9.8915E-06 / 1.4896E-05   
2770   3.343E-03   9.1494E-06   1.4567E-05   9.1420E-06 / 1.4567E-05   
2780   3.343E-03   7.7090E-06   1.4674E-05   7.7090E-06 / 1.4674E-05   
2790   3.343E-03   7.4794E-06   1.4883E-05   7.4794E-06 / 1.4883E-05   
2800   3.343E-03   1.2420E-05   1.8413E-05   1.2350E-05 / 1.8353E-05   
2810   3.343E-03   1.3879E-05   1.8976E-05   1.3876E-05 / 1.8975E-05   
2820   3.343E-03   7.1996E-06   1.3577E-05   6.7733E-06 / 1.3130E-05   
2830   3.343E-03   6.8148E-06   1.4015E-05   6.7651E-06 / 1.3989E-05   
2840   3.343E-03   1.0152E-05   1.6339E-05   1.0152E-05 / 1.6339E-05   
2850   3.343E-03   8.9136E-06   1.5034E-05   8.9124E-06 / 1.5034E-05   
2860   3.343E-03   8.1355E-06   1.4875E-05   7.9408E-06 / 1.4682E-05   
2870   3.343E-03   6.7411E-06   1.3302E-05   6.3905E-06 / 1.2980E-05   
2880   3.343E-03   7.1336E-06   1.4118E-05   7.1188E-06 / 1.4117E-05   
2890   3.343E-03   7.2741E-06   1.3962E-05   7.0890E-06 / 1.3899E-05   
2900   3.343E-03   7.3267E-06   1.3495E-05   7.2933E-06 / 1.3486E-05   
2910   3.343E-03   7.5526E-06   1.5554E-05   7.5152E-06 / 1.5518E-05   
2920   3.343E-03   7.1646E-06   1.2668E-05   7.1020E-06 / 1.2657E-05   
2930   3.343E-03   7.2092E-06   1.4208E-05   7.2092E-06 / 1.4208E-05   
2940   3.343E-03   7.3825E-06   1.4680E-05   7.3500E-06 / 1.4644E-05   
2950   3.343E-03   6.6386E-06   1.3342E-05   6.4788E-06 / 1.3255E-05   
2960   3.343E-03   6.6297E-06   1.2562E-05   6.5854E-06 / 1.2513E-05   
2970   3.343E-03   7.9655E-06   1.5224E-05   7.9428E-06 / 1.5198E-05   
2980   3.343E-03   7.2909E-06   1.3072E-05   7.2678E-06 / 1.3045E-05   
2990   3.343E-03   8.5633E-06   1.5781E-05   8.3216E-06 / 1.5555E-05   
3000   3.343E-03   6.7210E-06   1.4833E-05   6.5759E-06 / 1.4772E-05   
3010   3.343E-03   6.9631E-06   1.7656E-05   6.9347E-06 / 1.7650E-05   
3020   3.343E-03   8.3274E-06   1.5561E-05   8.2379E-06 / 1.5545E-05   
3030   3.343E-03   8.1245E-06   1.6216E-05   8.1213E-06 / 1.6216E-05   
3040   3.343E-03   6.3895E-06   2.2565E-05   6.3720E-06 / 2.2561E-05   
3050   3.343E-03   6.6326E-06   2.0248E-05   6.5450E-06 / 2.0160E-05   
3060   3.343E-03   6.6341E-06   2.4481E-05   6.6323E-06 / 2.4478E-05   
3070   3.343E-03   6.9164E-06   2.8283E-05   6.8466E-06 / 2.8259E-05   
3080   3.343E-03   6.3596E-06   1.6018E-05   6.3532E-06 / 1.6016E-05   
3090   3.343E-03   8.3027E-06   2.0527E-05   8.2302E-06 / 2.0448E-05   
3100   3.343E-03   6.4456E-06   1.6892E-05   6.3866E-06 / 1.6866E-05   
3110   3.343E-03   6.2816E-06   1.6295E-05   6.2522E-06 / 1.6292E-05   
3120   3.343E-03   6.8116E-06   2.4041E-05   6.8001E-06 / 2.4039E-05   
3130   3.343E-03   7.4777E-06   2.7018E-05   6.8563E-06 / 2.6616E-05   
3140   3.343E-03   8.4336E-06   2.0726E-05   8.4205E-06 / 2.0725E-05   
3150   3.343E-03   7.0849E-06   1.8443E-05   7.0757E-06 / 1.8443E-05   
3160   3.343E-03   6.8673E-06   3.0967E-05   6.7470E-06 / 3.0917E-05   
3170   3.343E-03   6.2469E-06   2.7448E-05   6.2065E-06 / 2.7407E-05   
3180   3.343E-03   6.0645E-06   2.3103E-05   6.0238E-06 / 2.3095E-05   
3190   3.343E-03   1.8913E-05   2.5486E-05   1.8794E-05 / 2.5370E-05   
3200   3.343E-03   7.0014E-06   7.8288E-05   6.6240E-06 / 7.7959E-05   
3210   3.343E-03   7.1570E-06   5.5223E-05   6.8914E-06 / 5.4992E-05   
BEST MODEL
===============================================================================================================
2949   3.343E-03   6.4029E-06   1.2298E-05   6.3754E-06 / 1.2272E-05   
===============================================================================================================
Saved model to /home/nikki/kan/kanTBNN/models/multi_run/kan_experiment_167_opt/kanTBNN-24Nov08_16:56:38.pickle
