========== Dataset info ==========
Dataset params: {'file': '/home/nikki/kan/data/turbulence_dataset_clean.csv', 'Cases': ['squareDuctAve_Re_1100', 'squareDuctAve_Re_1300', 'squareDuctAve_Re_1350', 'squareDuctAve_Re_1400', 'squareDuctAve_Re_1800', 'squareDuctAve_Re_2000', 'squareDuctAve_Re_2400', 'squareDuctAve_Re_2900', 'squareDuctAve_Re_3200', 'squareDuctAve_Re_3500'], 'val_set': ['squareDuctAve_Re_1300', 'squareDuctAve_Re_1800', 'squareDuctAve_Re_3200'], 'test_set': ['squareDuctAve_Re_2000'], 'data_loader': <class 'tbnn.dataloaders.aDataset'>}
Train/Valid/Test points: 55296 / 27648 / 9216
Memorization?: False
Cluster training?: False
EPOCH     LR        TRAIN         VALID             MSE:T/V                  RL:T/V             %NR_t/%NR_v
===============================================================================================================
  1   5.000E-04   7.6367E-03   6.6738E-03   7.6070E-03 / 6.6088E-03   
 10   5.000E-04   1.5227E-03   1.7878E-03   1.5200E-03 / 1.7865E-03   
 20   5.000E-04   1.3052E-03   1.5820E-03   1.3031E-03 / 1.5815E-03   
 30   5.000E-04   1.1980E-03   1.5447E-03   1.1969E-03 / 1.5438E-03   
 40   5.000E-04   1.1293E-03   1.4950E-03   1.1274E-03 / 1.4929E-03   
 50   5.000E-04   1.0876E-03   1.4956E-03   1.0848E-03 / 1.4853E-03   
 60   5.000E-04   1.0697E-03   1.4910E-03   1.0682E-03 / 1.4822E-03   
 70   5.000E-04   1.0360E-03   1.5123E-03   1.0343E-03 / 1.5020E-03   
 80   5.000E-04   1.0240E-03   1.5106E-03   1.0236E-03 / 1.5085E-03   
 90   5.000E-04   1.0018E-03   1.4690E-03   1.0008E-03 / 1.4538E-03   
100   5.000E-04   1.0057E-03   1.5013E-03   1.0029E-03 / 1.4830E-03   
110   5.000E-04   9.9169E-04   1.5009E-03   9.9061E-04 / 1.4924E-03   
120   5.000E-04   9.8598E-04   1.5007E-03   9.8567E-04 / 1.4977E-03   
130   5.000E-04   9.7680E-04   1.5058E-03   9.7489E-04 / 1.4973E-03   
140   5.000E-04   9.5491E-04   1.4854E-03   9.5388E-04 / 1.4695E-03   
150   5.000E-04   9.4962E-04   1.4589E-03   9.4679E-04 / 1.4455E-03   
160   5.000E-04   9.4422E-04   1.4755E-03   9.4293E-04 / 1.4674E-03   
170   5.000E-04   9.3411E-04   1.4367E-03   9.3296E-04 / 1.4281E-03   
180   5.000E-04   9.2799E-04   1.4417E-03   9.2741E-04 / 1.4374E-03   
190   5.000E-04   9.2991E-04   1.4500E-03   9.2947E-04 / 1.4473E-03   
200   5.000E-04   9.2135E-04   1.4350E-03   9.1989E-04 / 1.4300E-03   
210   5.000E-04   9.1572E-04   1.4482E-03   9.1483E-04 / 1.4378E-03   
220   5.000E-04   9.0267E-04   1.4636E-03   9.0014E-04 / 1.4509E-03   
230   5.000E-04   9.0066E-04   1.4415E-03   8.9915E-04 / 1.4302E-03   
240   5.000E-04   8.9467E-04   1.4133E-03   8.9121E-04 / 1.3878E-03   
250   5.000E-04   9.0031E-04   1.4687E-03   8.9959E-04 / 1.4623E-03   
260   5.000E-04   8.8623E-04   1.4309E-03   8.8048E-04 / 1.4095E-03   
270   5.000E-04   8.7467E-04   1.4256E-03   8.7387E-04 / 1.4123E-03   
280   5.000E-04   8.8006E-04   1.3904E-03   8.7885E-04 / 1.3687E-03   
290   5.000E-04   8.6771E-04   1.3981E-03   8.6384E-04 / 1.3682E-03   
300   5.000E-04   8.6847E-04   1.4064E-03   8.6784E-04 / 1.3917E-03   
310   5.000E-04   8.6339E-04   1.3923E-03   8.6278E-04 / 1.3692E-03   
