========== Dataset info ==========
Dataset params: {'file': '/home/nikki/kan/data/turbulence_dataset_clean.csv', 'Cases': ['squareDuctAve_Re_1100', 'squareDuctAve_Re_1150', 'squareDuctAve_Re_1300', 'squareDuctAve_Re_1400', 'squareDuctAve_Re_1600', 'squareDuctAve_Re_1800', 'squareDuctAve_Re_2000', 'squareDuctAve_Re_2400', 'squareDuctAve_Re_3200', 'squareDuctAve_Re_3500'], 'val_set': ['squareDuctAve_Re_1300', 'squareDuctAve_Re_1800', 'squareDuctAve_Re_3200'], 'test_set': ['squareDuctAve_Re_2000'], 'data_loader': <class 'tbnn.dataloaders.aDataset'>}
Train/Valid/Test points: 55296 / 27648 / 9216
Memorization?: False
Cluster training?: False
EPOCH     LR        TRAIN         VALID             MSE:T/V                  RL:T/V             %NR_t/%NR_v
===============================================================================================================
  1   5.000E-04   4.7106E-02   4.0572E-02   4.7059E-02 / 4.0572E-02   
 10   5.000E-04   2.6655E-03   2.7279E-03   2.6585E-03 / 2.7253E-03   
 20   5.000E-04   2.0639E-03   2.0964E-03   2.0566E-03 / 2.0924E-03   
 30   5.000E-04   1.8378E-03   1.8708E-03   1.8354E-03 / 1.8690E-03   
 40   5.000E-04   1.7090E-03   1.7092E-03   1.7072E-03 / 1.7090E-03   
 50   5.000E-04   1.6326E-03   1.6127E-03   1.6175E-03 / 1.6098E-03   
 60   5.000E-04   1.5776E-03   1.5833E-03   1.5746E-03 / 1.5814E-03   
 70   5.000E-04   1.5719E-03   1.5792E-03   1.5703E-03 / 1.5781E-03   
 80   5.000E-04   1.6729E-03   1.6540E-03   1.6715E-03 / 1.6534E-03   
 90   5.000E-04   1.5182E-03   1.5197E-03   1.5166E-03 / 1.5192E-03   
100   5.000E-04   1.4942E-03   1.4785E-03   1.4905E-03 / 1.4779E-03   
110   5.000E-04   1.4481E-03   1.4314E-03   1.4435E-03 / 1.4309E-03   
120   5.000E-04   1.4312E-03   1.4039E-03   1.4253E-03 / 1.4032E-03   
130   5.000E-04   1.4136E-03   1.3943E-03   1.4080E-03 / 1.3939E-03   
140   5.000E-04   1.4160E-03   1.4091E-03   1.4128E-03 / 1.4086E-03   
150   5.000E-04   1.4008E-03   1.3805E-03   1.3998E-03 / 1.3802E-03   
160   5.000E-04   1.3860E-03   1.3680E-03   1.3849E-03 / 1.3676E-03   
170   5.000E-04   1.3772E-03   1.3542E-03   1.3759E-03 / 1.3537E-03   
180   5.000E-04   1.3557E-03   1.3266E-03   1.3503E-03 / 1.3250E-03   
190   5.000E-04   1.3438E-03   1.3607E-03   1.3399E-03 / 1.3594E-03   
200   5.000E-04   1.3166E-03   1.3140E-03   1.3127E-03 / 1.3113E-03   
210   5.000E-04   1.3150E-03   1.2877E-03   1.3129E-03 / 1.2871E-03   
220   5.000E-04   1.3089E-03   1.3048E-03   1.3019E-03 / 1.3028E-03   
230   5.000E-04   1.2860E-03   1.2624E-03   1.2798E-03 / 1.2612E-03   
240   5.000E-04   1.2881E-03   1.2956E-03   1.2872E-03 / 1.2953E-03   
250   5.000E-04   1.2715E-03   1.2661E-03   1.2701E-03 / 1.2657E-03   
260   5.000E-04   1.2743E-03   1.2594E-03   1.2727E-03 / 1.2591E-03   
270   5.000E-04   1.2838E-03   1.2699E-03   1.2832E-03 / 1.2696E-03   
280   5.000E-04   1.2689E-03   1.2719E-03   1.2665E-03 / 1.2710E-03   
290   5.000E-04   1.2739E-03   1.2366E-03   1.2648E-03 / 1.2362E-03   
300   5.000E-04   1.2512E-03   1.2171E-03   1.2499E-03 / 1.2166E-03   
310   5.000E-04   1.2655E-03   1.2272E-03   1.2652E-03 / 1.2270E-03   
320   5.000E-04   1.2434E-03   1.2244E-03   1.2403E-03 / 1.2242E-03   
330   5.000E-04   1.2471E-03   1.2155E-03   1.2460E-03 / 1.2153E-03   
340   5.000E-04   1.2461E-03   1.2334E-03   1.2448E-03 / 1.2333E-03   
350   5.000E-04   1.2304E-03   1.2031E-03   1.2286E-03 / 1.2029E-03   
360   5.000E-04   1.2263E-03   1.2056E-03   1.2255E-03 / 1.2054E-03   
370   5.000E-04   1.2249E-03   1.2018E-03   1.2234E-03 / 1.2016E-03   
380   5.000E-04   1.2200E-03   1.2071E-03   1.2148E-03 / 1.2068E-03   
390   5.000E-04   1.2272E-03   1.1899E-03   1.2257E-03 / 1.1896E-03   
400   5.000E-04   1.2254E-03   1.2111E-03   1.2241E-03 / 1.2107E-03   
410   5.000E-04   1.2149E-03   1.2016E-03   1.2140E-03 / 1.2014E-03   
420   5.000E-04   1.2282E-03   1.2024E-03   1.2275E-03 / 1.2021E-03   
430   5.000E-04   1.2187E-03   1.1999E-03   1.2172E-03 / 1.1995E-03   
440   5.000E-04   1.2147E-03   1.1738E-03   1.2123E-03 / 1.1735E-03   
450   5.000E-04   1.2084E-03   1.1978E-03   1.2052E-03 / 1.1975E-03   
460   5.000E-04   1.2224E-03   1.2010E-03   1.2169E-03 / 1.2007E-03   
470   5.000E-04   1.2312E-03   1.2554E-03   1.2286E-03 / 1.2550E-03   
480   5.000E-04   1.2173E-03   1.1886E-03   1.2160E-03 / 1.1882E-03   
490   5.000E-04   1.2038E-03   1.1781E-03   1.2028E-03 / 1.1779E-03   
500   5.000E-04   1.2242E-03   1.2273E-03   1.2224E-03 / 1.2264E-03   
===============================================================================================================
Saved model to models/duct_only/kanTBNN-24Oct12_07:35:03.pickle
