========== Dataset info ==========
Dataset params: {'file': '/home/ryley/WDK/ML/dataset/turbulence_dataset_clean.csv', 'Cases': ['squareDuctAve_Re_1100', 'squareDuctAve_Re_1150', 'squareDuctAve_Re_1250', 'squareDuctAve_Re_1300', 'squareDuctAve_Re_1350', 'squareDuctAve_Re_1400', 'squareDuctAve_Re_1500', 'squareDuctAve_Re_1600', 'squareDuctAve_Re_1800', 'squareDuctAve_Re_2000', 'squareDuctAve_Re_2205', 'squareDuctAve_Re_2400', 'squareDuctAve_Re_2600', 'squareDuctAve_Re_2900', 'squareDuctAve_Re_3200', 'squareDuctAve_Re_3500'], 'val_set': ['squareDuctAve_Re_1300', 'squareDuctAve_Re_1800', 'squareDuctAve_Re_3200'], 'test_set': ['squareDuctAve_Re_2000'], 'data_loader': <class 'tbnn.dataloaders.aDataset'>}
Train/Valid/Test points: 110592 / 27648 / 9216
Memorization?: False
Cluster training?: False
EPOCH     LR        TRAIN         VALID             MSE:T/V                  RL:T/V             %NR_t/%NR_v
===============================================================================================================
  1   5.000E-04   1.0661E-02   8.8519E-03   9.2718E-03 / 8.8519E-03   
 10   5.000E-04   1.5182E-03   1.0891E-03   1.4546E-03 / 1.0867E-03   
 20   5.000E-04   9.8135E-04   8.1944E-04   9.7073E-04 / 8.1922E-04   
 30   5.000E-04   1.7614E-03   1.4798E-03   1.7489E-03 / 1.4797E-03   
 40   5.000E-04   7.4773E-04   7.9881E-04   7.4097E-04 / 7.9270E-04   
 50   5.000E-04   7.4883E-04   7.9965E-04   7.4668E-04 / 7.9946E-04   
 60   5.000E-04   7.6614E-04   6.6969E-04   7.6251E-04 / 6.6903E-04   
 70   5.000E-04   5.7450E-04   6.8285E-04   5.7282E-04 / 6.7952E-04   
 80   5.000E-04   5.6202E-04   7.1337E-04   5.5402E-04 / 6.9979E-04   
 90   5.000E-04   5.7356E-04   7.1028E-04   5.7249E-04 / 7.0596E-04   
100   5.000E-04   8.4108E-04   6.3429E-04   8.2606E-04 / 6.3406E-04   
110   5.000E-04   5.4380E-04   7.3699E-04   5.3867E-04 / 7.1125E-04   
120   5.000E-04   5.4090E-04   6.9109E-04   5.3702E-04 / 6.7257E-04   
130   5.000E-04   5.4723E-04   7.2893E-04   5.4612E-04 / 7.2454E-04   
140   5.000E-04   5.5550E-04   6.6538E-04   5.5365E-04 / 6.6036E-04   
150   5.000E-04   5.4433E-04   6.5603E-04   5.3390E-04 / 6.4434E-04   
160   5.000E-04   5.5670E-04   7.6944E-04   5.5664E-04 / 7.6690E-04   
170   5.000E-04   5.2232E-04   6.8932E-04   5.2147E-04 / 6.8225E-04   
180   5.000E-04   5.1782E-04   6.8782E-04   5.1734E-04 / 6.8123E-04   
190   5.000E-04   5.1933E-04   6.7345E-04   5.1300E-04 / 6.4421E-04   
200   5.000E-04   5.2419E-04   6.8985E-04   5.2320E-04 / 6.8129E-04   
210   5.000E-04   5.3961E-04   6.8232E-04   5.3716E-04 / 6.6438E-04   
220   5.000E-04   5.2150E-04   6.9457E-04   5.2096E-04 / 6.8587E-04   
230   5.000E-04   5.2751E-04   6.9942E-04   5.2685E-04 / 6.9555E-04   
240   5.000E-04   5.6204E-04   7.7559E-04   5.5760E-04 / 7.6476E-04   
250   5.000E-04   5.3708E-04   6.8597E-04   5.3662E-04 / 6.8485E-04   
260   5.000E-04   5.0843E-04   6.9494E-04   5.0681E-04 / 6.8900E-04   
270   5.000E-04   5.6372E-04   7.1675E-04   5.6189E-04 / 7.0521E-04   
280   5.000E-04   6.0610E-04   6.7997E-04   6.0267E-04 / 6.6514E-04   
290   5.000E-04   5.1788E-04   6.7157E-04   5.1595E-04 / 6.6213E-04   
300   5.000E-04   1.7491E-03   1.1961E-03   1.3669E-03 / 1.1866E-03   
310   5.000E-04   5.1191E-04   6.7897E-04   5.1114E-04 / 6.7122E-04   
320   5.000E-04   5.4756E-04   7.3424E-04   5.4099E-04 / 7.1870E-04   
330   5.000E-04   5.1691E-04   7.2516E-04   5.1674E-04 / 7.1640E-04   
340   5.000E-04   5.1042E-04   6.9377E-04   5.1033E-04 / 6.8861E-04   
350   5.000E-04   5.0681E-04   7.1048E-04   5.0596E-04 / 7.0294E-04   
360   5.000E-04   5.1060E-04   7.0945E-04   5.0978E-04 / 6.9414E-04   
BEST MODEL
===============================================================================================================
100   5.000E-04   8.4108E-04   6.3429E-04   8.2606E-04 / 6.3406E-04   
===============================================================================================================
Saved model to models/duct_only/TBNNiii-24May29_15:23:28.pickle
