========== Dataset info ==========
Dataset params: {'file': '/home/nikhila/WDC/kan/dataset/turbulence_dataset_clean.csv', 'Cases': ['squareDuctAve_Re_1100', 'squareDuctAve_Re_1150', 'squareDuctAve_Re_1250', 'squareDuctAve_Re_1300', 'squareDuctAve_Re_1350', 'squareDuctAve_Re_1400', 'squareDuctAve_Re_1500', 'squareDuctAve_Re_1600', 'squareDuctAve_Re_1800', 'squareDuctAve_Re_2000', 'squareDuctAve_Re_2205', 'squareDuctAve_Re_2400', 'squareDuctAve_Re_2600', 'squareDuctAve_Re_2900', 'squareDuctAve_Re_3200', 'squareDuctAve_Re_3500'], 'val_set': ['squareDuctAve_Re_1300', 'squareDuctAve_Re_1800', 'squareDuctAve_Re_3200'], 'test_set': ['squareDuctAve_Re_2000'], 'data_loader': <class 'tbnn.dataloaders.aDataset'>}
Train/Valid/Test points: 110592 / 27648 / 9216
Memorization?: False
Cluster training?: False
EPOCH     LR        TRAIN         VALID             MSE:T/V                  RL:T/V             %NR_t/%NR_v
===============================================================================================================
  1   1.000E-03   2.3125E-03   2.2088E-03   2.3014E-03 / 2.1905E-03   
 10   1.000E-03   5.4960E-04   6.5338E-04   5.4504E-04 / 6.3191E-04   
 20   1.000E-03   4.6274E-04   5.7059E-04   4.6198E-04 / 5.6480E-04   
 30   1.000E-03   4.5293E-04   5.4647E-04   4.5192E-04 / 5.3975E-04   
 40   1.000E-03   3.9672E-04   5.3344E-04   3.9595E-04 / 5.2076E-04   
 50   1.000E-03   4.0232E-04   5.6246E-04   4.0099E-04 / 5.3406E-04   
 60   1.000E-03   4.0387E-04   5.6601E-04   3.9592E-04 / 5.4762E-04   
 70   1.000E-03   3.7954E-04   5.1645E-04   3.7918E-04 / 5.0716E-04   
 80   1.000E-03   3.8957E-04   4.7368E-04   3.8931E-04 / 4.7278E-04   
 90   1.000E-03   3.9947E-04   4.9944E-04   3.9820E-04 / 4.9372E-04   
100   1.000E-03   3.6043E-04   5.0628E-04   3.5962E-04 / 4.8539E-04   
110   1.000E-03   3.5695E-04   5.2279E-04   3.5623E-04 / 4.9726E-04   
120   1.000E-03   3.6238E-04   4.8774E-04   3.6182E-04 / 4.7608E-04   
130   1.000E-03   3.6963E-04   4.6855E-04   3.6916E-04 / 4.4670E-04   
140   1.000E-03   3.6107E-04   5.2644E-04   3.6069E-04 / 5.1001E-04   
150   1.000E-03   3.7422E-04   4.7177E-04   3.7378E-04 / 4.6593E-04   
160   1.000E-03   3.7178E-04   4.8005E-04   3.7089E-04 / 4.7225E-04   
170   1.000E-03   3.7551E-04   4.9295E-04   3.7535E-04 / 4.9031E-04   
180   1.000E-03   3.6446E-04   4.8475E-04   3.6375E-04 / 4.6374E-04   
190   1.000E-03   3.7147E-04   5.7229E-04   3.7039E-04 / 5.4358E-04   
200   1.000E-03   3.8267E-04   5.1380E-04   3.8256E-04 / 5.1316E-04   
210   1.000E-03   4.0994E-04   5.3018E-04   4.0993E-04 / 5.3017E-04   
220   1.000E-03   3.7800E-04   5.2893E-04   3.7795E-04 / 5.2768E-04   
230   1.000E-03   3.4851E-04   4.9250E-04   3.4823E-04 / 4.7479E-04   
240   1.000E-03   3.5380E-04   5.2223E-04   3.5239E-04 / 4.8015E-04   
250   1.000E-03   3.4595E-04   4.9618E-04   3.4581E-04 / 4.8117E-04   
260   1.000E-03   3.4432E-04   4.9585E-04   3.4408E-04 / 4.8763E-04   
270   1.000E-03   3.4448E-04   4.7560E-04   3.4431E-04 / 4.5540E-04   
280   1.000E-03   3.5943E-04   4.8936E-04   3.5802E-04 / 4.6074E-04   
290   1.000E-03   3.4880E-04   4.9046E-04   3.4862E-04 / 4.8352E-04   
300   1.000E-03   3.5424E-04   5.3566E-04   3.5370E-04 / 4.9920E-04   
310   1.000E-03   3.6546E-04   5.2770E-04   3.6541E-04 / 5.0216E-04   
320   1.000E-03   3.4342E-04   4.7511E-04   3.4313E-04 / 4.6409E-04   
330   1.000E-03   3.5408E-04   5.1467E-04   3.5387E-04 / 4.9817E-04   
340   1.000E-03   3.6083E-04   4.6434E-04   3.6009E-04 / 4.5133E-04   
350   1.000E-03   3.5989E-04   4.7667E-04   3.5599E-04 / 4.4703E-04   
360   1.000E-03   4.0403E-04   4.7637E-04   4.0356E-04 / 4.7567E-04   
370   1.000E-03   3.4819E-04   5.3479E-04   3.4812E-04 / 5.1168E-04   
380   1.000E-03   3.4574E-04   5.2517E-04   3.4513E-04 / 4.8514E-04   
390   1.000E-03   3.3846E-04   4.9332E-04   3.3752E-04 / 4.7723E-04   
400   1.000E-03   3.4913E-04   5.1417E-04   3.4864E-04 / 4.8750E-04   
410   1.000E-03   3.7771E-04   5.4793E-04   3.7760E-04 / 5.3243E-04   
420   1.000E-03   3.4025E-04   4.7193E-04   3.4015E-04 / 4.5629E-04   
430   1.000E-03   3.5285E-04   4.9411E-04   3.5163E-04 / 4.5590E-04   
440   1.000E-03   3.4304E-04   4.8234E-04   3.4248E-04 / 4.7815E-04   
450   1.000E-03   3.4099E-04   4.6708E-04   3.4071E-04 / 4.5742E-04   
460   1.000E-03   3.5700E-04   5.5909E-04   3.5602E-04 / 5.2477E-04   
470   1.000E-03   3.5260E-04   4.8803E-04   3.5241E-04 / 4.7971E-04   
480   1.000E-03   3.5363E-04   4.8028E-04   3.5241E-04 / 4.6068E-04   
490   1.000E-03   3.4745E-04   5.0093E-04   3.4640E-04 / 4.8247E-04   
500   1.000E-03   3.3550E-04   5.0611E-04   3.3519E-04 / 4.8791E-04   
===============================================================================================================
Saved model to /home/nikhila/WDC/kan/kanTBNN/models/multi_run/duct_experiment_8/kanTBNN-25Jan22_20:12:40.pickle
