========== Dataset info ==========
Dataset params: {'file': '/home/nikki/kan/data/turbulence_dataset_clean.csv', 'Cases': ['fp_1000', 'fp_1410', 'fp_2000', 'fp_2540', 'fp_3030', 'fp_3270', 'fp_3630', 'fp_3970', 'fp_4060'], 'val_set': ['fp_3030', 'fp_1410', 'fp_4060'], 'test_set': ['fp_3630'], 'data_loader': <class 'tbnn.dataloaders.aDataset'>}
Train/Valid/Test points: 760 / 468 / 168
Memorization?: False
Cluster training?: False
EPOCH     LR        TRAIN         VALID             MSE:T/V                  RL:T/V             %NR_t/%NR_v
===============================================================================================================
  1   4.187E-03   2.3405E-01   2.2795E-01   2.0027E-01 / 1.9518E-01   
 10   4.187E-03   6.0631E-03   5.4459E-03   5.9864E-03 / 5.3973E-03   
 20   4.187E-03   2.7161E-03   2.5114E-03   2.7070E-03 / 2.5020E-03   
 30   4.187E-03   2.1373E-03   2.0204E-03   2.1299E-03 / 2.0132E-03   
 40   4.187E-03   1.8367E-03   1.7586E-03   1.8333E-03 / 1.7550E-03   
 50   4.187E-03   1.6242E-03   1.5681E-03   1.6198E-03 / 1.5637E-03   
 60   4.187E-03   1.4605E-03   1.4183E-03   1.4555E-03 / 1.4134E-03   
 70   4.187E-03   1.3127E-03   1.2826E-03   1.3075E-03 / 1.2773E-03   
 80   4.187E-03   1.1806E-03   1.1582E-03   1.1757E-03 / 1.1534E-03   
 90   4.187E-03   1.0606E-03   1.0450E-03   1.0562E-03 / 1.0408E-03   
100   4.187E-03   9.5431E-04   9.4303E-04   9.5087E-04 / 9.3974E-04   
110   4.187E-03   8.5740E-04   8.5073E-04   8.5478E-04 / 8.4822E-04   
120   4.187E-03   7.6726E-04   7.6273E-04   7.6570E-04 / 7.6124E-04   
130   4.187E-03   6.8744E-04   6.8502E-04   6.8613E-04 / 6.8403E-04   
140   4.187E-03   6.1859E-04   6.1923E-04   6.1732E-04 / 6.1801E-04   
150   4.187E-03   5.6084E-04   5.6337E-04   5.5999E-04 / 5.6260E-04   
160   4.187E-03   5.1134E-04   5.1483E-04   5.1008E-04 / 5.1380E-04   
170   4.187E-03   4.7036E-04   4.7777E-04   4.6920E-04 / 4.7696E-04   
180   4.187E-03   4.3184E-04   4.3976E-04   4.3100E-04 / 4.3902E-04   
190   4.187E-03   4.0152E-04   4.1392E-04   4.0075E-04 / 4.1313E-04   
200   4.187E-03   3.7230E-04   3.8408E-04   3.7159E-04 / 3.8347E-04   
210   4.187E-03   3.4808E-04   3.6245E-04   3.4757E-04 / 3.6212E-04   
220   4.187E-03   3.2540E-04   3.4006E-04   3.2470E-04 / 3.3952E-04   
230   4.187E-03   3.0806E-04   3.2577E-04   3.0796E-04 / 3.2569E-04   
240   4.187E-03   2.8830E-04   3.0677E-04   2.8795E-04 / 3.0643E-04   
250   4.187E-03   2.8518E-04   3.0699E-04   2.8425E-04 / 3.0618E-04   
260   4.187E-03   2.6049E-04   2.8158E-04   2.5911E-04 / 2.8047E-04   
270   4.187E-03   2.4580E-04   2.6968E-04   2.4574E-04 / 2.6965E-04   
280   4.187E-03   2.3296E-04   2.5694E-04   2.3093E-04 / 2.5512E-04   
290   4.187E-03   2.2068E-04   2.4754E-04   2.2042E-04 / 2.4726E-04   
300   4.187E-03   2.1180E-04   2.3864E-04   2.1129E-04 / 2.3819E-04   
310   4.187E-03   2.1143E-04   2.3828E-04   2.1062E-04 / 2.3757E-04   
320   4.187E-03   1.9352E-04   2.2008E-04   1.9182E-04 / 2.1858E-04   
330   4.187E-03   1.8466E-04   2.1239E-04   1.8326E-04 / 2.1123E-04   
340   4.187E-03   1.7534E-04   2.0367E-04   1.7508E-04 / 2.0349E-04   
350   4.187E-03   1.7034E-04   1.9733E-04   1.6940E-04 / 1.9651E-04   
360   4.187E-03   1.7176E-04   1.9939E-04   1.7151E-04 / 1.9911E-04   
370   4.187E-03   1.5701E-04   1.8395E-04   1.5687E-04 / 1.8378E-04   
380   4.187E-03   1.5204E-04   1.7977E-04   1.5203E-04 / 1.7977E-04   
390   4.187E-03   1.4622E-04   1.7860E-04   1.4539E-04 / 1.7786E-04   
400   4.187E-03   1.4425E-04   1.7185E-04   1.4287E-04 / 1.7064E-04   
410   4.187E-03   1.4303E-04   1.7767E-04   1.4283E-04 / 1.7759E-04   
420   4.187E-03   1.4644E-04   1.7775E-04   1.4618E-04 / 1.7764E-04   
430   4.187E-03   1.2665E-04   1.5754E-04   1.2660E-04 / 1.5752E-04   
440   4.187E-03   1.2166E-04   1.4879E-04   1.2141E-04 / 1.4857E-04   
450   4.187E-03   1.1763E-04   1.4694E-04   1.1762E-04 / 1.4691E-04   
460   4.187E-03   1.1567E-04   1.4339E-04   1.1491E-04 / 1.4266E-04   
470   4.187E-03   1.0948E-04   1.3989E-04   1.0942E-04 / 1.3982E-04   
480   4.187E-03   1.0658E-04   1.3496E-04   1.0652E-04 / 1.3491E-04   
490   4.187E-03   1.0474E-04   1.3376E-04   1.0419E-04 / 1.3326E-04   
500   4.187E-03   1.0357E-04   1.3780E-04   1.0228E-04 / 1.3668E-04   
510   4.187E-03   9.8287E-05   1.2651E-04   9.8183E-05 / 1.2647E-04   
520   4.187E-03   1.0294E-04   1.3640E-04   1.0183E-04 / 1.3544E-04   
530   4.187E-03   9.5097E-05   1.2023E-04   9.4900E-05 / 1.2012E-04   
540   4.187E-03   1.1432E-04   1.3831E-04   1.1426E-04 / 1.3827E-04   
550   4.187E-03   8.3492E-05   1.1120E-04   8.3331E-05 / 1.1104E-04   
560   4.187E-03   8.4618E-05   1.1401E-04   8.4251E-05 / 1.1360E-04   
570   4.187E-03   7.9632E-05   1.0843E-04   7.9562E-05 / 1.0832E-04   
580   4.187E-03   7.6804E-05   1.0309E-04   7.6584E-05 / 1.0282E-04   
590   4.187E-03   7.5479E-05   1.0372E-04   7.5116E-05 / 1.0335E-04   
600   4.187E-03   7.6705E-05   1.0300E-04   7.4601E-05 / 1.0102E-04   
610   4.187E-03   7.5869E-05   1.0834E-04   7.5794E-05 / 1.0832E-04   
620   4.187E-03   7.0918E-05   1.0097E-04   7.0887E-05 / 1.0097E-04   
630   4.187E-03   7.0021E-05   9.9908E-05   6.9911E-05 / 9.9865E-05   
640   4.187E-03   6.5822E-05   8.9633E-05   6.5599E-05 / 8.9520E-05   
650   4.187E-03   7.8202E-05   9.8886E-05   7.8036E-05 / 9.8763E-05   
660   4.187E-03   7.9055E-05   1.0258E-04   7.8784E-05 / 1.0232E-04   
670   4.187E-03   6.1553E-05   8.4527E-05   6.1108E-05 / 8.4187E-05   
680   4.187E-03   6.1459E-05   8.7011E-05   6.1455E-05 / 8.7011E-05   
690   4.187E-03   6.0263E-05   8.5842E-05   5.9482E-05 / 8.5108E-05   
700   4.187E-03   5.5842E-05   7.8900E-05   5.5633E-05 / 7.8641E-05   
710   4.187E-03   5.4750E-05   7.9641E-05   5.4395E-05 / 7.9280E-05   
720   4.187E-03   5.8514E-05   7.7949E-05   5.8005E-05 / 7.7385E-05   
730   4.187E-03   6.1129E-05   8.8681E-05   6.0385E-05 / 8.7951E-05   
740   4.187E-03   8.0403E-05   9.9205E-05   8.0362E-05 / 9.9184E-05   
750   4.187E-03   4.9556E-05   7.3432E-05   4.9052E-05 / 7.3015E-05   
760   4.187E-03   4.9261E-05   7.5928E-05   4.8791E-05 / 7.5527E-05   
770   4.187E-03   4.7395E-05   7.2000E-05   4.6692E-05 / 7.1361E-05   
780   4.187E-03   4.8043E-05   7.1366E-05   4.7488E-05 / 7.0935E-05   
790   4.187E-03   5.5140E-05   7.8237E-05   5.5016E-05 / 7.8188E-05   
800   4.187E-03   4.6229E-05   7.0905E-05   4.5757E-05 / 7.0556E-05   
810   4.187E-03   4.9573E-05   7.0663E-05   4.7135E-05 / 6.8228E-05   
820   4.187E-03   4.3027E-05   6.7189E-05   4.2940E-05 / 6.7124E-05   
830   4.187E-03   4.1573E-05   6.2691E-05   4.1392E-05 / 6.2533E-05   
840   4.187E-03   4.9892E-05   7.2172E-05   4.9861E-05 / 7.2121E-05   
850   4.187E-03   4.6970E-05   6.9657E-05   4.5937E-05 / 6.8713E-05   
860   4.187E-03   4.1496E-05   6.0161E-05   4.0399E-05 / 5.9333E-05   
870   4.187E-03   4.1851E-05   6.2404E-05   4.1646E-05 / 6.2334E-05   
880   4.187E-03   4.3839E-05   6.7364E-05   4.3685E-05 / 6.7150E-05   
890   4.187E-03   4.1442E-05   6.6299E-05   4.1239E-05 / 6.6070E-05   
900   4.187E-03   3.6528E-05   6.1009E-05   3.6399E-05 / 6.0937E-05   
910   4.187E-03   3.5053E-05   5.6698E-05   3.4912E-05 / 5.6548E-05   
920   4.187E-03   4.4570E-05   6.5795E-05   4.4543E-05 / 6.5795E-05   
930   4.187E-03   3.5370E-05   5.8741E-05   3.5117E-05 / 5.8519E-05   
940   4.187E-03   4.2207E-05   5.8625E-05   4.2201E-05 / 5.8624E-05   
950   4.187E-03   3.4868E-05   5.6736E-05   3.4582E-05 / 5.6494E-05   
960   4.187E-03   3.2702E-05   5.6203E-05   3.2625E-05 / 5.6166E-05   
970   4.187E-03   3.2844E-05   5.3515E-05   3.2325E-05 / 5.3075E-05   
980   4.187E-03   3.1701E-05   5.3353E-05   3.1520E-05 / 5.3210E-05   
990   4.187E-03   3.1264E-05   5.3276E-05   3.1073E-05 / 5.3163E-05   
1000   4.187E-03   3.5208E-05   5.4835E-05   3.5202E-05 / 5.4834E-05   
1010   4.187E-03   3.2861E-05   5.4433E-05   3.2671E-05 / 5.4345E-05   
1020   4.187E-03   4.5428E-05   6.4611E-05   3.7660E-05 / 5.7512E-05   
1030   4.187E-03   3.0906E-05   5.0855E-05   3.0895E-05 / 5.0854E-05   
1040   4.187E-03   2.8237E-05   4.8815E-05   2.7704E-05 / 4.8368E-05   
1050   4.187E-03   2.7887E-05   4.8949E-05   2.7853E-05 / 4.8914E-05   
1060   4.187E-03   8.9028E-05   1.1250E-04   8.8881E-05 / 1.1235E-04   
1070   4.187E-03   2.8670E-05   5.1639E-05   2.8653E-05 / 5.1617E-05   
1080   4.187E-03   2.8574E-05   5.0990E-05   2.8556E-05 / 5.0955E-05   
1090   4.187E-03   2.9706E-05   4.9135E-05   2.9539E-05 / 4.8916E-05   
1100   4.187E-03   2.6634E-05   4.7750E-05   2.6565E-05 / 4.7717E-05   
1110   4.187E-03   2.5576E-05   4.5086E-05   2.4987E-05 / 4.4486E-05   
1120   4.187E-03   2.9117E-05   4.9257E-05   2.6625E-05 / 4.7032E-05   
1130   4.187E-03   3.3182E-05   5.4195E-05   3.3087E-05 / 5.4064E-05   
1140   4.187E-03   3.5603E-05   5.3120E-05   3.5600E-05 / 5.3117E-05   
1150   4.187E-03   2.7851E-05   4.9894E-05   2.7851E-05 / 4.9894E-05   
1160   4.187E-03   2.4751E-05   4.4448E-05   2.4731E-05 / 4.4440E-05   
1170   4.187E-03   2.3153E-05   4.2838E-05   2.2848E-05 / 4.2555E-05   
1180   4.187E-03   2.6092E-05   4.5040E-05   2.5861E-05 / 4.4837E-05   
1190   4.187E-03   2.2382E-05   4.2426E-05   2.2367E-05 / 4.2426E-05   
1200   4.187E-03   2.2906E-05   4.2711E-05   2.2902E-05 / 4.2711E-05   
1210   4.187E-03   2.4775E-05   4.6773E-05   2.4099E-05 / 4.6180E-05   
1220   4.187E-03   2.5395E-05   4.4367E-05   2.4182E-05 / 4.3376E-05   
1230   4.187E-03   3.0518E-05   5.0260E-05   2.9976E-05 / 4.9838E-05   
1240   4.187E-03   2.6281E-05   4.2700E-05   2.6205E-05 / 4.2667E-05   
1250   4.187E-03   2.0898E-05   3.9816E-05   2.0623E-05 / 3.9600E-05   
1260   4.187E-03   2.7600E-05   4.4990E-05   2.7557E-05 / 4.4966E-05   
1270   4.187E-03   2.2513E-05   3.8915E-05   2.2256E-05 / 3.8724E-05   
1280   4.187E-03   1.9809E-05   3.9276E-05   1.9390E-05 / 3.8917E-05   
1290   4.187E-03   2.1802E-05   3.8146E-05   2.1016E-05 / 3.7351E-05   
1300   4.187E-03   2.1723E-05   3.8476E-05   2.1545E-05 / 3.8350E-05   
1310   4.187E-03   2.6071E-05   4.6167E-05   2.5677E-05 / 4.5800E-05   
1320   4.187E-03   2.1318E-05   3.8738E-05   2.1318E-05 / 3.8738E-05   
1330   4.187E-03   1.9398E-05   3.7885E-05   1.9274E-05 / 3.7780E-05   
1340   4.187E-03   2.1710E-05   3.7563E-05   2.1687E-05 / 3.7554E-05   
1350   4.187E-03   2.8287E-05   4.5764E-05   2.8287E-05 / 4.5764E-05   
1360   4.187E-03   2.2323E-05   4.0383E-05   2.1546E-05 / 3.9638E-05   
1370   4.187E-03   2.2287E-05   3.9141E-05   1.9796E-05 / 3.6771E-05   
1380   4.187E-03   1.8345E-05   3.4831E-05   1.8215E-05 / 3.4758E-05   
1390   4.187E-03   3.2251E-05   4.7678E-05   3.2229E-05 / 4.7661E-05   
1400   4.187E-03   1.8311E-05   3.5977E-05   1.8261E-05 / 3.5911E-05   
1410   4.187E-03   1.8134E-05   3.4470E-05   1.7966E-05 / 3.4278E-05   
1420   4.187E-03   1.6806E-05   3.3151E-05   1.6600E-05 / 3.2917E-05   
1430   4.187E-03   1.9640E-05   3.4711E-05   1.9638E-05 / 3.4711E-05   
1440   4.187E-03   2.1299E-05   3.7251E-05   2.1299E-05 / 3.7251E-05   
1450   4.187E-03   1.5980E-05   3.2257E-05   1.5967E-05 / 3.2228E-05   
1460   4.187E-03   1.6611E-05   3.1625E-05   1.6451E-05 / 3.1436E-05   
1470   4.187E-03   1.6383E-05   3.2333E-05   1.6249E-05 / 3.2174E-05   
1480   4.187E-03   2.0855E-05   3.5872E-05   1.9822E-05 / 3.5047E-05   
1490   4.187E-03   1.6130E-05   3.1471E-05   1.6130E-05 / 3.1471E-05   
1500   4.187E-03   1.5619E-05   3.2094E-05   1.4898E-05 / 3.1437E-05   
1510   4.187E-03   1.6707E-05   2.9732E-05   1.6615E-05 / 2.9708E-05   
1520   4.187E-03   1.4852E-05   3.0592E-05   1.4731E-05 / 3.0489E-05   
1530   4.187E-03   1.6755E-05   3.1878E-05   1.6651E-05 / 3.1864E-05   
1540   4.187E-03   2.2796E-05   3.9540E-05   2.2239E-05 / 3.9035E-05   
1550   4.187E-03   2.3506E-05   3.8857E-05   2.3448E-05 / 3.8833E-05   
1560   4.187E-03   1.4735E-05   3.1303E-05   1.4713E-05 / 3.1296E-05   
1570   4.187E-03   1.5520E-05   3.2213E-05   1.5516E-05 / 3.2213E-05   
1580   4.187E-03   1.5515E-05   3.1542E-05   1.5487E-05 / 3.1540E-05   
1590   4.187E-03   2.7417E-05   4.3051E-05   2.7406E-05 / 4.3051E-05   
1600   4.187E-03   2.2915E-05   4.1635E-05   2.2906E-05 / 4.1634E-05   
1610   4.187E-03   2.0369E-05   3.7383E-05   2.0247E-05 / 3.7300E-05   
1620   4.187E-03   1.4135E-05   3.1192E-05   1.3880E-05 / 3.0977E-05   
1630   4.187E-03   1.4143E-05   3.0752E-05   1.3940E-05 / 3.0659E-05   
1640   4.187E-03   1.6081E-05   3.3506E-05   1.6006E-05 / 3.3469E-05   
1650   4.187E-03   1.4452E-05   3.1169E-05   1.4452E-05 / 3.1169E-05   
1660   4.187E-03   1.2953E-05   2.9807E-05   1.2849E-05 / 2.9740E-05   
1670   4.187E-03   2.9278E-05   4.6217E-05   2.9187E-05 / 4.6171E-05   
1680   4.187E-03   1.5906E-05   3.3541E-05   1.4560E-05 / 3.2258E-05   
1690   4.187E-03   2.5790E-05   3.8111E-05   2.5790E-05 / 3.8111E-05   
1700   4.187E-03   1.2582E-05   2.8967E-05   1.2575E-05 / 2.8967E-05   
1710   4.187E-03   1.2253E-05   2.9559E-05   1.2202E-05 / 2.9521E-05   
1720   4.187E-03   1.4313E-05   3.1204E-05   1.4313E-05 / 3.1204E-05   
1730   4.187E-03   1.5906E-05   3.0713E-05   1.5906E-05 / 3.0713E-05   
1740   4.187E-03   1.2600E-05   2.9087E-05   1.2435E-05 / 2.8933E-05   
1750   4.187E-03   1.3438E-05   2.8598E-05   1.3067E-05 / 2.8299E-05   
1760   4.187E-03   1.4398E-05   3.1819E-05   1.4397E-05 / 3.1819E-05   
1770   4.187E-03   1.1691E-05   2.9598E-05   1.1482E-05 / 2.9435E-05   
1780   4.187E-03   2.2082E-05   4.3673E-05   2.1884E-05 / 4.3530E-05   
1790   4.187E-03   1.3039E-05   3.1821E-05   1.3037E-05 / 3.1821E-05   
1800   4.187E-03   1.1632E-05   2.8709E-05   1.1468E-05 / 2.8534E-05   
1810   4.187E-03   1.3998E-05   3.2594E-05   1.3889E-05 / 3.2472E-05   
1820   4.187E-03   1.2420E-05   2.8487E-05   1.2286E-05 / 2.8456E-05   
1830   4.187E-03   1.2577E-05   2.9097E-05   1.2413E-05 / 2.8916E-05   
1840   4.187E-03   1.3825E-05   3.2013E-05   1.3708E-05 / 3.2000E-05   
1850   4.187E-03   1.2477E-05   2.9969E-05   1.2469E-05 / 2.9952E-05   
1860   4.187E-03   1.0608E-05   2.8683E-05   1.0492E-05 / 2.8549E-05   
1870   4.187E-03   1.1463E-05   2.9600E-05   1.1442E-05 / 2.9595E-05   
1880   4.187E-03   1.4582E-05   2.9863E-05   1.4580E-05 / 2.9860E-05   
1890   4.187E-03   1.1285E-05   2.8421E-05   1.1207E-05 / 2.8339E-05   
1900   4.187E-03   1.1718E-05   2.6681E-05   1.1624E-05 / 2.6646E-05   
1910   4.187E-03   1.4453E-05   3.0156E-05   1.4453E-05 / 3.0156E-05   
1920   4.187E-03   1.1882E-05   2.9390E-05   1.1873E-05 / 2.9390E-05   
1930   4.187E-03   1.2891E-05   2.7745E-05   1.2843E-05 / 2.7745E-05   
1940   4.187E-03   1.0860E-05   2.7981E-05   1.0837E-05 / 2.7981E-05   
1950   4.187E-03   1.7722E-05   3.4815E-05   1.6682E-05 / 3.3885E-05   
1960   4.187E-03   1.0670E-05   2.8553E-05   1.0581E-05 / 2.8535E-05   
1970   4.187E-03   1.0070E-05   2.6185E-05   1.0030E-05 / 2.6147E-05   
1980   4.187E-03   1.3486E-05   3.1148E-05   1.2540E-05 / 3.0550E-05   
1990   4.187E-03   1.0598E-05   2.8287E-05   1.0598E-05 / 2.8287E-05   
2000   4.187E-03   1.1278E-05   2.9191E-05   1.1156E-05 / 2.9070E-05   
2010   4.187E-03   1.3922E-05   3.0033E-05   1.3898E-05 / 3.0012E-05   
2020   4.187E-03   1.1165E-05   2.9739E-05   1.1087E-05 / 2.9733E-05   
2030   4.187E-03   1.0111E-05   2.6238E-05   1.0040E-05 / 2.6173E-05   
2040   4.187E-03   1.0706E-05   2.8504E-05   1.0706E-05 / 2.8504E-05   
2050   4.187E-03   9.4059E-06   2.6732E-05   9.3948E-06 / 2.6732E-05   
2060   4.187E-03   2.2247E-05   3.8678E-05   2.2236E-05 / 3.8677E-05   
2070   4.187E-03   1.2014E-05   2.7159E-05   1.1967E-05 / 2.7138E-05   
2080   4.187E-03   1.5408E-05   3.0572E-05   1.5361E-05 / 3.0541E-05   
2090   4.187E-03   1.4530E-05   2.8427E-05   1.4514E-05 / 2.8422E-05   
2100   4.187E-03   1.0046E-05   2.6756E-05   1.0025E-05 / 2.6756E-05   
2110   4.187E-03   9.4169E-06   2.6160E-05   9.2870E-06 / 2.6078E-05   
2120   4.187E-03   1.0334E-05   2.8913E-05   1.0119E-05 / 2.8782E-05   
2130   4.187E-03   1.0491E-05   2.7186E-05   9.8453E-06 / 2.6617E-05   
2140   4.187E-03   9.5331E-06   2.6158E-05   9.5182E-06 / 2.6156E-05   
2150   4.187E-03   9.8550E-06   2.6321E-05   9.8519E-06 / 2.6321E-05   
2160   4.187E-03   9.9997E-06   2.6370E-05   9.9682E-06 / 2.6362E-05   
2170   4.187E-03   1.1243E-05   2.9485E-05   1.0145E-05 / 2.8748E-05   
2180   4.187E-03   9.3947E-06   2.6112E-05   9.3291E-06 / 2.6075E-05   
2190   4.187E-03   1.1339E-05   2.7691E-05   1.1086E-05 / 2.7613E-05   
2200   4.187E-03   9.3300E-06   2.6863E-05   9.3273E-06 / 2.6863E-05   
2210   4.187E-03   9.4008E-06   2.5735E-05   9.2626E-06 / 2.5712E-05   
2220   4.187E-03   9.4261E-06   2.6696E-05   9.4261E-06 / 2.6696E-05   
2230   4.187E-03   1.0043E-05   2.7368E-05   1.0002E-05 / 2.7368E-05   
2240   4.187E-03   1.3215E-05   2.9665E-05   1.2993E-05 / 2.9475E-05   
2250   4.187E-03   9.1153E-06   2.5881E-05   9.0357E-06 / 2.5831E-05   
2260   4.187E-03   2.3361E-05   4.1405E-05   2.3033E-05 / 4.1204E-05   
2270   4.187E-03   8.5863E-06   2.5173E-05   8.4430E-06 / 2.5106E-05   
2280   4.187E-03   8.7903E-06   2.6187E-05   8.5436E-06 / 2.5970E-05   
2290   4.187E-03   8.5138E-06   2.7418E-05   8.3788E-06 / 2.7310E-05   
2300   4.187E-03   8.1717E-06   2.6077E-05   8.1379E-06 / 2.6062E-05   
2310   4.187E-03   9.7516E-06   2.5146E-05   9.7347E-06 / 2.5140E-05   
2320   4.187E-03   8.0661E-06   2.5991E-05   8.0639E-06 / 2.5991E-05   
2330   4.187E-03   1.7517E-05   3.8416E-05   1.7514E-05 / 3.8416E-05   
2340   4.187E-03   1.0704E-05   2.6775E-05   1.0695E-05 / 2.6770E-05   
2350   4.187E-03   1.0626E-05   2.9726E-05   1.0204E-05 / 2.9322E-05   
2360   4.187E-03   1.0081E-05   2.8521E-05   9.8910E-06 / 2.8346E-05   
2370   4.187E-03   9.6451E-06   2.7026E-05   9.5012E-06 / 2.6995E-05   
2380   4.187E-03   1.0559E-05   2.9501E-05   1.0544E-05 / 2.9500E-05   
2390   4.187E-03   1.1706E-05   3.1129E-05   1.1706E-05 / 3.1129E-05   
2400   4.187E-03   1.0472E-05   2.8457E-05   8.4007E-06 / 2.6413E-05   
2410   4.187E-03   7.8746E-06   2.6704E-05   7.7838E-06 / 2.6627E-05   
2420   4.187E-03   8.7571E-06   2.6537E-05   8.7463E-06 / 2.6535E-05   
2430   4.187E-03   1.2025E-05   2.8873E-05   1.2025E-05 / 2.8873E-05   
2440   4.187E-03   8.2733E-06   2.4638E-05   7.7060E-06 / 2.4090E-05   
2450   4.187E-03   1.1480E-05   2.8996E-05   9.3642E-06 / 2.6932E-05   
2460   4.187E-03   9.5608E-06   2.8281E-05   9.5590E-06 / 2.8281E-05   
2470   4.187E-03   8.5739E-06   2.7795E-05   8.5633E-06 / 2.7795E-05   
2480   4.187E-03   8.8596E-06   2.7085E-05   8.8539E-06 / 2.7076E-05   
2490   4.187E-03   9.1336E-06   2.6987E-05   9.0863E-06 / 2.6924E-05   
2500   4.187E-03   8.6870E-06   2.5557E-05   8.6863E-06 / 2.5557E-05   
2510   4.187E-03   9.4595E-06   2.5807E-05   9.4123E-06 / 2.5775E-05   
2520   4.187E-03   9.0575E-06   2.7711E-05   9.0572E-06 / 2.7711E-05   
2530   4.187E-03   1.0664E-05   2.6730E-05   1.0365E-05 / 2.6609E-05   
2540   4.187E-03   7.8545E-06   2.4887E-05   7.8512E-06 / 2.4887E-05   
2550   4.187E-03   8.8935E-06   2.6881E-05   8.8926E-06 / 2.6881E-05   
2560   4.187E-03   9.0626E-06   2.8064E-05   9.0006E-06 / 2.8061E-05   
2570   4.187E-03   8.1368E-06   2.4283E-05   8.0021E-06 / 2.4147E-05   
2580   4.187E-03   9.7534E-06   2.7786E-05   9.7132E-06 / 2.7727E-05   
2590   4.187E-03   9.0480E-06   2.7620E-05   8.9127E-06 / 2.7467E-05   
2600   4.187E-03   7.4702E-06   2.4950E-05   7.4679E-06 / 2.4943E-05   
2610   4.187E-03   9.3130E-06   2.6000E-05   9.3130E-06 / 2.6000E-05   
2620   4.187E-03   1.7199E-05   3.4787E-05   1.7154E-05 / 3.4709E-05   
2630   4.187E-03   7.5471E-06   2.5255E-05   7.5467E-06 / 2.5252E-05   
2640   4.187E-03   7.0418E-06   2.3437E-05   7.0308E-06 / 2.3437E-05   
2650   4.187E-03   6.7458E-06   2.3721E-05   6.6125E-06 / 2.3574E-05   
2660   4.187E-03   7.7311E-06   2.5971E-05   7.6097E-06 / 2.5961E-05   
2670   4.187E-03   7.2971E-06   2.4633E-05   7.2971E-06 / 2.4633E-05   
2680   4.187E-03   7.8869E-06   2.5283E-05   7.8865E-06 / 2.5283E-05   
2690   4.187E-03   6.8968E-06   2.3332E-05   6.8902E-06 / 2.3332E-05   
2700   4.187E-03   9.0103E-06   2.9242E-05   8.7974E-06 / 2.9071E-05   
2710   4.187E-03   8.9266E-06   2.5049E-05   8.4429E-06 / 2.4794E-05   
2720   4.187E-03   8.1136E-06   2.5612E-05   8.0750E-06 / 2.5611E-05   
2730   4.187E-03   9.4150E-06   2.6087E-05   9.2471E-06 / 2.5898E-05   
2740   4.187E-03   7.4202E-06   2.5719E-05   7.3539E-06 / 2.5639E-05   
2750   4.187E-03   7.4115E-06   2.4599E-05   7.2239E-06 / 2.4397E-05   
2760   4.187E-03   7.6820E-06   2.4000E-05   7.0576E-06 / 2.3406E-05   
2770   4.187E-03   2.2502E-05   3.8733E-05   1.4158E-05 / 3.0578E-05   
2780   4.187E-03   8.0809E-06   2.6664E-05   7.3488E-06 / 2.5969E-05   
2790   4.187E-03   7.3404E-06   2.3718E-05   7.1345E-06 / 2.3505E-05   
2800   4.187E-03   7.1529E-06   2.4245E-05   7.1523E-06 / 2.4243E-05   
2810   4.187E-03   7.2360E-06   2.4320E-05   7.0650E-06 / 2.4182E-05   
2820   4.187E-03   7.1711E-06   2.4007E-05   6.7974E-06 / 2.3641E-05   
2830   4.187E-03   9.8716E-06   2.6666E-05   9.8562E-06 / 2.6666E-05   
2840   4.187E-03   9.0429E-06   2.5924E-05   8.9817E-06 / 2.5862E-05   
2850   4.187E-03   8.3173E-06   2.5034E-05   8.0393E-06 / 2.4757E-05   
2860   4.187E-03   6.8802E-06   2.3550E-05   6.7626E-06 / 2.3449E-05   
2870   4.187E-03   1.1785E-05   2.5481E-05   1.1532E-05 / 2.5344E-05   
2880   4.187E-03   7.0283E-06   2.3679E-05   6.9194E-06 / 2.3615E-05   
2890   4.187E-03   7.2155E-06   2.4546E-05   7.2108E-06 / 2.4546E-05   
2900   4.187E-03   6.5795E-06   2.3699E-05   6.4789E-06 / 2.3679E-05   
2910   4.187E-03   7.2950E-06   2.5511E-05   7.2175E-06 / 2.5452E-05   
2920   4.187E-03   7.1135E-06   2.3422E-05   6.9075E-06 / 2.3227E-05   
2930   4.187E-03   6.7622E-06   2.3264E-05   6.6887E-06 / 2.3207E-05   
2940   4.187E-03   7.2027E-06   2.2243E-05   7.1143E-06 / 2.2182E-05   
2950   4.187E-03   7.3077E-06   2.2332E-05   7.0169E-06 / 2.2135E-05   
2960   4.187E-03   6.7107E-06   2.2614E-05   6.6857E-06 / 2.2611E-05   
2970   4.187E-03   7.0024E-06   2.2405E-05   6.9829E-06 / 2.2405E-05   
2980   4.187E-03   8.5173E-06   2.4080E-05   8.4380E-06 / 2.4038E-05   
2990   4.187E-03   6.5688E-06   2.2099E-05   6.5522E-06 / 2.2093E-05   
3000   4.187E-03   9.6728E-06   2.6116E-05   9.6591E-06 / 2.6114E-05   
3010   4.187E-03   7.4964E-06   2.2788E-05   7.4694E-06 / 2.2780E-05   
3020   4.187E-03   8.3143E-06   2.2960E-05   8.1972E-06 / 2.2928E-05   
3030   4.187E-03   7.6925E-06   2.3928E-05   7.6429E-06 / 2.3926E-05   
3040   4.187E-03   5.9123E-06   2.1597E-05   5.8516E-06 / 2.1561E-05   
3050   4.187E-03   6.8063E-06   2.1752E-05   6.8063E-06 / 2.1752E-05   
3060   4.187E-03   6.3167E-06   2.1551E-05   6.2568E-06 / 2.1518E-05   
3070   4.187E-03   6.9399E-06   2.2553E-05   6.5001E-06 / 2.2226E-05   
3080   4.187E-03   6.2330E-06   2.2016E-05   6.2225E-06 / 2.2015E-05   
3090   4.187E-03   6.5416E-06   2.0473E-05   6.5383E-06 / 2.0473E-05   
3100   4.187E-03   1.1659E-05   2.7064E-05   1.1648E-05 / 2.7064E-05   
3110   4.187E-03   5.6885E-06   2.1237E-05   5.6551E-06 / 2.1229E-05   
3120   4.187E-03   8.8243E-06   2.4732E-05   8.4426E-06 / 2.4520E-05   
3130   4.187E-03   5.8789E-06   2.0313E-05   5.8108E-06 / 2.0298E-05   
3140   4.187E-03   6.0550E-06   2.1083E-05   5.9801E-06 / 2.1066E-05   
3150   4.187E-03   8.1856E-06   2.2627E-05   6.6428E-06 / 2.1129E-05   
3160   4.187E-03   6.4258E-06   2.1034E-05   6.2492E-06 / 2.0908E-05   
3170   4.187E-03   5.9540E-06   1.9413E-05   5.8721E-06 / 1.9400E-05   
3180   4.187E-03   8.8842E-06   2.1953E-05   8.8620E-06 / 2.1953E-05   
3190   4.187E-03   6.3245E-06   2.0716E-05   6.3167E-06 / 2.0716E-05   
3200   4.187E-03   7.2754E-06   2.0750E-05   7.2743E-06 / 2.0742E-05   
3210   4.187E-03   6.9177E-06   2.1527E-05   6.9081E-06 / 2.1527E-05   
3220   4.187E-03   6.9033E-06   1.9096E-05   6.9032E-06 / 1.9096E-05   
3230   4.187E-03   7.5872E-06   2.4679E-05   7.4064E-06 / 2.4596E-05   
3240   4.187E-03   6.1851E-06   2.0446E-05   5.9397E-06 / 2.0256E-05   
3250   4.187E-03   6.0035E-06   2.0394E-05   5.9784E-06 / 2.0386E-05   
3260   4.187E-03   6.2171E-06   2.1411E-05   6.1243E-06 / 2.1390E-05   
3270   4.187E-03   7.5444E-06   2.0590E-05   7.3802E-06 / 2.0481E-05   
3280   4.187E-03   6.1193E-06   1.8522E-05   6.1111E-06 / 1.8520E-05   
3290   4.187E-03   6.3880E-06   1.9936E-05   5.9085E-06 / 1.9518E-05   
3300   4.187E-03   6.6074E-06   1.9693E-05   6.5851E-06 / 1.9686E-05   
3310   4.187E-03   6.0968E-06   2.0426E-05   6.0060E-06 / 2.0399E-05   
3320   4.187E-03   6.1616E-06   1.9038E-05   6.0222E-06 / 1.8947E-05   
3330   4.187E-03   7.2794E-06   2.0888E-05   7.2177E-06 / 2.0870E-05   
3340   4.187E-03   5.7602E-06   1.8943E-05   5.7591E-06 / 1.8943E-05   
3350   4.187E-03   7.4509E-06   2.0281E-05   7.4219E-06 / 2.0281E-05   
3360   4.187E-03   6.8438E-06   2.0207E-05   6.8222E-06 / 2.0198E-05   
3370   4.187E-03   6.9716E-06   1.9726E-05   6.6073E-06 / 1.9427E-05   
3380   4.187E-03   6.6389E-06   2.0744E-05   6.6333E-06 / 2.0744E-05   
3390   4.187E-03   4.8948E-05   5.9185E-05   2.3701E-05 / 3.5402E-05   
3400   4.187E-03   6.8052E-06   2.0202E-05   6.8042E-06 / 2.0202E-05   
3410   4.187E-03   5.9798E-06   1.8870E-05   5.7059E-06 / 1.8652E-05   
3420   4.187E-03   5.2345E-06   1.8210E-05   5.2107E-06 / 1.8195E-05   
3430   4.187E-03   6.1052E-06   2.0341E-05   6.1011E-06 / 2.0341E-05   
3440   4.187E-03   5.5890E-06   1.7583E-05   5.5413E-06 / 1.7577E-05   
3450   4.187E-03   6.7425E-06   1.9737E-05   6.6975E-06 / 1.9731E-05   
3460   4.187E-03   5.3570E-06   1.7571E-05   5.2854E-06 / 1.7519E-05   
3470   4.187E-03   5.6014E-06   1.8691E-05   5.4601E-06 / 1.8653E-05   
3480   4.187E-03   5.7308E-06   1.7746E-05   5.7213E-06 / 1.7746E-05   
3490   4.187E-03   6.5351E-06   1.8547E-05   6.5351E-06 / 1.8547E-05   
3500   4.187E-03   5.5075E-06   1.8579E-05   5.4328E-06 / 1.8554E-05   
3510   4.187E-03   1.1962E-05   2.4377E-05   1.1768E-05 / 2.4312E-05   
3520   4.187E-03   5.3449E-06   1.7707E-05   5.1417E-06 / 1.7546E-05   
3530   4.187E-03   6.2882E-06   1.8612E-05   6.1644E-06 / 1.8578E-05   
3540   4.187E-03   5.7235E-06   1.8296E-05   5.3735E-06 / 1.8092E-05   
3550   4.187E-03   5.8629E-06   1.8310E-05   5.8221E-06 / 1.8304E-05   
3560   4.187E-03   5.7448E-06   1.8385E-05   5.7295E-06 / 1.8385E-05   
3570   4.187E-03   5.0436E-06   1.7421E-05   4.9821E-06 / 1.7416E-05   
3580   4.187E-03   5.7032E-06   1.8349E-05   5.7032E-06 / 1.8349E-05   
3590   4.187E-03   5.7131E-06   1.7102E-05   5.7053E-06 / 1.7102E-05   
3600   4.187E-03   7.1283E-06   1.9698E-05   6.9657E-06 / 1.9576E-05   
3610   4.187E-03   7.6311E-06   2.1198E-05   7.6106E-06 / 2.1198E-05   
3620   4.187E-03   5.8152E-06   1.7356E-05   5.8152E-06 / 1.7356E-05   
3630   4.187E-03   5.2080E-06   1.7430E-05   5.1601E-06 / 1.7424E-05   
3640   4.187E-03   5.4401E-06   1.7698E-05   5.3660E-06 / 1.7696E-05   
3650   4.187E-03   5.7911E-06   1.7687E-05   5.7758E-06 / 1.7687E-05   
3660   4.187E-03   5.9105E-06   1.9118E-05   5.9105E-06 / 1.9118E-05   
3670   4.187E-03   5.4404E-06   1.7015E-05   5.4399E-06 / 1.7015E-05   
3680   4.187E-03   1.5429E-05   2.8700E-05   1.3396E-05 / 2.6792E-05   
3690   4.187E-03   8.3353E-06   1.9053E-05   8.3353E-06 / 1.9053E-05   
3700   4.187E-03   5.1457E-06   1.7437E-05   5.0897E-06 / 1.7392E-05   
3710   4.187E-03   5.3623E-06   1.6515E-05   5.2742E-06 / 1.6503E-05   
3720   4.187E-03   5.6006E-06   1.6749E-05   5.5403E-06 / 1.6749E-05   
3730   4.187E-03   5.0921E-06   1.6602E-05   4.8343E-06 / 1.6338E-05   
3740   4.187E-03   4.9525E-06   1.7802E-05   4.9472E-06 / 1.7801E-05   
3750   4.187E-03   5.2391E-06   1.6729E-05   5.2391E-06 / 1.6729E-05   
3760   4.187E-03   5.0332E-06   1.7209E-05   4.8963E-06 / 1.7047E-05   
3770   4.187E-03   5.0990E-06   1.8118E-05   5.0638E-06 / 1.8118E-05   
3780   4.187E-03   5.4024E-06   1.8214E-05   5.4005E-06 / 1.8212E-05   
3790   4.187E-03   5.1396E-06   1.6893E-05   5.1135E-06 / 1.6866E-05   
3800   4.187E-03   5.3795E-06   1.7182E-05   5.1666E-06 / 1.6943E-05   
3810   4.187E-03   5.2234E-06   1.6779E-05   5.2110E-06 / 1.6779E-05   
3820   4.187E-03   5.7150E-06   1.7135E-05   5.6175E-06 / 1.7105E-05   
3830   4.187E-03   5.6443E-06   1.7773E-05   5.5731E-06 / 1.7670E-05   
3840   4.187E-03   5.9546E-06   1.6669E-05   5.8167E-06 / 1.6655E-05   
3850   4.187E-03   4.8634E-06   1.6397E-05   4.8560E-06 / 1.6397E-05   
3860   4.187E-03   4.9369E-06   1.6110E-05   4.9173E-06 / 1.6072E-05   
3870   4.187E-03   5.5437E-06   1.6448E-05   5.3990E-06 / 1.6403E-05   
3880   4.187E-03   5.0921E-06   1.6484E-05   4.9572E-06 / 1.6361E-05   
3890   4.187E-03   4.7330E-06   1.6033E-05   4.6811E-06 / 1.5972E-05   
3900   4.187E-03   7.8402E-06   1.8937E-05   7.7804E-06 / 1.8935E-05   
3910   4.187E-03   5.0151E-06   1.6771E-05   4.6598E-06 / 1.6367E-05   
3920   4.187E-03   5.1614E-06   1.5804E-05   5.1142E-06 / 1.5727E-05   
3930   4.187E-03   4.9576E-06   1.5207E-05   4.9572E-06 / 1.5204E-05   
3940   4.187E-03   4.7640E-06   1.5561E-05   4.7326E-06 / 1.5560E-05   
3950   4.187E-03   4.2293E-06   1.5204E-05   4.2179E-06 / 1.5187E-05   
3960   4.187E-03   5.2843E-06   1.6418E-05   5.2839E-06 / 1.6417E-05   
3970   4.187E-03   5.1122E-06   1.5694E-05   5.0657E-06 / 1.5630E-05   
3980   4.187E-03   5.8692E-06   1.5765E-05   5.8692E-06 / 1.5765E-05   
3990   4.187E-03   7.1903E-06   1.8730E-05   7.1452E-06 / 1.8722E-05   
4000   4.187E-03   5.2378E-06   1.6639E-05   5.2235E-06 / 1.6625E-05   
4010   4.187E-03   1.3828E-05   2.5328E-05   1.3828E-05 / 2.5328E-05   
4020   4.187E-03   6.3718E-06   1.6647E-05   5.6909E-06 / 1.5910E-05   
4030   4.187E-03   4.4916E-06   1.4911E-05   4.4704E-06 / 1.4911E-05   
4040   4.187E-03   4.8401E-06   1.6631E-05   4.8388E-06 / 1.6626E-05   
4050   4.187E-03   4.8490E-06   1.6673E-05   4.8438E-06 / 1.6673E-05   
4060   4.187E-03   5.8963E-06   1.7949E-05   5.8949E-06 / 1.7949E-05   
4070   4.187E-03   5.1505E-06   1.6421E-05   5.1505E-06 / 1.6421E-05   
4080   4.187E-03   5.6186E-06   1.7484E-05   5.6131E-06 / 1.7484E-05   
4090   4.187E-03   6.2451E-06   1.7805E-05   5.4533E-06 / 1.6958E-05   
4100   4.187E-03   4.2381E-06   1.5722E-05   4.0612E-06 / 1.5578E-05   
4110   4.187E-03   4.4471E-06   1.5724E-05   4.2549E-06 / 1.5488E-05   
4120   4.187E-03   5.0386E-06   1.6448E-05   5.0215E-06 / 1.6439E-05   
4130   4.187E-03   4.7401E-06   1.5995E-05   4.7219E-06 / 1.5967E-05   
4140   4.187E-03   5.0196E-06   1.6634E-05   4.4627E-06 / 1.6148E-05   
4150   4.187E-03   5.0797E-06   1.6535E-05   5.0767E-06 / 1.6535E-05   
4160   4.187E-03   6.4096E-06   1.7841E-05   6.4030E-06 / 1.7841E-05   
4170   4.187E-03   1.0932E-05   2.0687E-05   7.9778E-06 / 1.7762E-05   
4180   4.187E-03   4.9982E-06   1.7127E-05   4.9954E-06 / 1.7127E-05   
4190   4.187E-03   4.6802E-06   1.6789E-05   4.5980E-06 / 1.6684E-05   
4200   4.187E-03   4.1239E-06   1.6826E-05   4.1000E-06 / 1.6826E-05   
4210   4.187E-03   4.0993E-06   1.5970E-05   4.0380E-06 / 1.5953E-05   
4220   4.187E-03   4.4263E-06   1.6090E-05   4.4234E-06 / 1.6086E-05   
4230   4.187E-03   4.2946E-06   1.7046E-05   4.2774E-06 / 1.7042E-05   
4240   4.187E-03   4.2468E-06   1.6562E-05   4.1606E-06 / 1.6524E-05   
4250   4.187E-03   4.7015E-06   1.6491E-05   4.5974E-06 / 1.6455E-05   
4260   4.187E-03   3.9098E-06   1.5716E-05   3.8584E-06 / 1.5685E-05   
4270   4.187E-03   4.1827E-06   1.5620E-05   4.1509E-06 / 1.5613E-05   
4280   4.187E-03   4.0297E-06   1.5293E-05   3.9880E-06 / 1.5282E-05   
4290   4.187E-03   7.4398E-06   1.8932E-05   6.1643E-06 / 1.7623E-05   
4300   4.187E-03   4.1925E-06   1.5877E-05   4.1784E-06 / 1.5862E-05   
4310   4.187E-03   4.2645E-06   1.5028E-05   4.2229E-06 / 1.5020E-05   
4320   4.187E-03   4.2391E-06   1.4974E-05   4.1902E-06 / 1.4968E-05   
4330   4.187E-03   4.9410E-06   1.5823E-05   4.9202E-06 / 1.5821E-05   
4340   4.187E-03   4.6415E-06   1.7207E-05   4.4137E-06 / 1.6972E-05   
4350   4.187E-03   4.0270E-06   1.4893E-05   3.9611E-06 / 1.4839E-05   
4360   4.187E-03   3.8871E-06   1.5030E-05   3.8868E-06 / 1.5030E-05   
4370   4.187E-03   5.1987E-06   1.6937E-05   5.1782E-06 / 1.6935E-05   
4379   4.187E-03   5.1370E-06   1.6130E-05   4.8030E-06 / 1.5798E-05   
BEST MODEL
===============================================================================================================
4116   4.187E-03   4.3986E-06   1.4445E-05   4.2608E-06 / 1.4371E-05   
===============================================================================================================
Saved model to /home/nikki/kan/kanTBNN/models/multi_run/kan_experiment_170_opt/kanTBNN-24Nov08_17:59:05.pickle
