=====> WARNING: Training dataset length: 0, assuming memorization test!
========== Dataset info ==========
Dataset params: {'file': '/home/ryley/WDK/ML/dataset/turbulence_dataset_clean.csv', 'Cases': ['case_1p2'], 'val_set': ['case_1p2'], 'test_set': ['case_1p2'], 'data_loader': <class 'tbnn.dataloaders.aDataset'>}
Train/Valid/Test points: 14751 / 14751 / 14751
Memorization?: True
Cluster training?: False
EPOCH     LR        TRAIN         VALID             MSE:T/V                  RL:T/V             %NR_t/%NR_v
===============================================================================================================
  1   2.000E-04   1.9190E-01   1.9190E-01   1.9190E-01 / 1.9190E-01   
 10   2.000E-04   5.6015E-02   5.6015E-02   5.6015E-02 / 5.6015E-02   
 20   2.000E-04   3.4099E-02   3.4099E-02   3.4099E-02 / 3.4099E-02   
 30   2.000E-04   2.5546E-02   2.5546E-02   2.5546E-02 / 2.5546E-02   
 40   2.000E-04   2.2507E-02   2.2507E-02   2.2507E-02 / 2.2507E-02   
 50   2.000E-04   2.0775E-02   2.0775E-02   2.0775E-02 / 2.0775E-02   
 60   2.000E-04   1.9258E-02   1.9258E-02   1.9258E-02 / 1.9258E-02   
 70   2.000E-04   1.8018E-02   1.8018E-02   1.8018E-02 / 1.8018E-02   
 80   2.000E-04   1.6698E-02   1.6698E-02   1.6698E-02 / 1.6698E-02   
 90   2.000E-04   1.5654E-02   1.5654E-02   1.5654E-02 / 1.5654E-02   
100   2.000E-04   1.4811E-02   1.4811E-02   1.4811E-02 / 1.4811E-02   
110   2.000E-04   1.4173E-02   1.4173E-02   1.4173E-02 / 1.4173E-02   
120   2.000E-04   1.3610E-02   1.3610E-02   1.3610E-02 / 1.3610E-02   
130   2.000E-04   1.3278E-02   1.3278E-02   1.3278E-02 / 1.3278E-02   
140   2.000E-04   1.3249E-02   1.3249E-02   1.3249E-02 / 1.3249E-02   
150   2.000E-04   1.2617E-02   1.2617E-02   1.2617E-02 / 1.2617E-02   
160   2.000E-04   1.1929E-02   1.1929E-02   1.1929E-02 / 1.1929E-02   
170   2.000E-04   1.1590E-02   1.1590E-02   1.1590E-02 / 1.1590E-02   
180   2.000E-04   1.1252E-02   1.1252E-02   1.1252E-02 / 1.1252E-02   
190   2.000E-04   1.1031E-02   1.1031E-02   1.1031E-02 / 1.1031E-02   
200   2.000E-04   1.0600E-02   1.0600E-02   1.0600E-02 / 1.0600E-02   
210   2.000E-04   1.0485E-02   1.0485E-02   1.0485E-02 / 1.0485E-02   
220   2.000E-04   1.0038E-02   1.0038E-02   1.0038E-02 / 1.0038E-02   
230   2.000E-04   9.8478E-03   9.8478E-03   9.8478E-03 / 9.8478E-03   
240   2.000E-04   9.4084E-03   9.4084E-03   9.4084E-03 / 9.4084E-03   
250   2.000E-04   9.2649E-03   9.2649E-03   9.2649E-03 / 9.2649E-03   
260   2.000E-04   9.1009E-03   9.1009E-03   9.1009E-03 / 9.1009E-03   
270   2.000E-04   8.7784E-03   8.7784E-03   8.7784E-03 / 8.7784E-03   
280   2.000E-04   8.5550E-03   8.5550E-03   8.5550E-03 / 8.5550E-03   
290   2.000E-04   8.2631E-03   8.2631E-03   8.2631E-03 / 8.2631E-03   
300   2.000E-04   7.9373E-03   7.9373E-03   7.9373E-03 / 7.9373E-03   
310   2.000E-04   7.7665E-03   7.7665E-03   7.7665E-03 / 7.7665E-03   
320   2.000E-04   7.6714E-03   7.6714E-03   7.6714E-03 / 7.6714E-03   
330   2.000E-04   7.3597E-03   7.3597E-03   7.3597E-03 / 7.3597E-03   
340   2.000E-04   7.2051E-03   7.2051E-03   7.2051E-03 / 7.2051E-03   
350   2.000E-04   7.0826E-03   7.0826E-03   7.0826E-03 / 7.0826E-03   
360   2.000E-04   7.0242E-03   7.0242E-03   7.0242E-03 / 7.0242E-03   
370   2.000E-04   6.8395E-03   6.8395E-03   6.8395E-03 / 6.8395E-03   
380   2.000E-04   6.6958E-03   6.6958E-03   6.6958E-03 / 6.6958E-03   
390   2.000E-04   6.6077E-03   6.6077E-03   6.6077E-03 / 6.6077E-03   
400   2.000E-04   6.6397E-03   6.6397E-03   6.6397E-03 / 6.6397E-03   
410   2.000E-04   6.3583E-03   6.3583E-03   6.3583E-03 / 6.3583E-03   
420   2.000E-04   6.4173E-03   6.4173E-03   6.4173E-03 / 6.4173E-03   
430   2.000E-04   6.2867E-03   6.2867E-03   6.2867E-03 / 6.2867E-03   
440   2.000E-04   6.2381E-03   6.2381E-03   6.2381E-03 / 6.2381E-03   
450   2.000E-04   6.0354E-03   6.0354E-03   6.0354E-03 / 6.0354E-03   
460   2.000E-04   5.9177E-03   5.9177E-03   5.9177E-03 / 5.9177E-03   
470   2.000E-04   5.8553E-03   5.8553E-03   5.8553E-03 / 5.8553E-03   
480   2.000E-04   6.1296E-03   6.1296E-03   6.1296E-03 / 6.1296E-03   
490   2.000E-04   5.8191E-03   5.8191E-03   5.8191E-03 / 5.8191E-03   
500   2.000E-04   5.6254E-03   5.6254E-03   5.6254E-03 / 5.6254E-03   
510   2.000E-04   5.5731E-03   5.5731E-03   5.5731E-03 / 5.5731E-03   
520   2.000E-04   5.5328E-03   5.5328E-03   5.5328E-03 / 5.5328E-03   
530   2.000E-04   5.4310E-03   5.4310E-03   5.4310E-03 / 5.4310E-03   
540   2.000E-04   5.3442E-03   5.3442E-03   5.3442E-03 / 5.3442E-03   
550   2.000E-04   5.3452E-03   5.3452E-03   5.3452E-03 / 5.3452E-03   
560   2.000E-04   5.2268E-03   5.2268E-03   5.2268E-03 / 5.2268E-03   
570   2.000E-04   5.2419E-03   5.2419E-03   5.2419E-03 / 5.2419E-03   
580   2.000E-04   5.0960E-03   5.0960E-03   5.0960E-03 / 5.0960E-03   
590   2.000E-04   5.1333E-03   5.1333E-03   5.1333E-03 / 5.1333E-03   
600   2.000E-04   5.1469E-03   5.1469E-03   5.1469E-03 / 5.1469E-03   
610   2.000E-04   4.9902E-03   4.9902E-03   4.9902E-03 / 4.9902E-03   
620   2.000E-04   4.9408E-03   4.9408E-03   4.9408E-03 / 4.9408E-03   
630   2.000E-04   4.9516E-03   4.9516E-03   4.9516E-03 / 4.9516E-03   
640   2.000E-04   4.8163E-03   4.8163E-03   4.8163E-03 / 4.8163E-03   
650   2.000E-04   4.9103E-03   4.9103E-03   4.9103E-03 / 4.9103E-03   
660   2.000E-04   4.7130E-03   4.7130E-03   4.7130E-03 / 4.7130E-03   
670   2.000E-04   4.7316E-03   4.7316E-03   4.7316E-03 / 4.7316E-03   
680   2.000E-04   4.5678E-03   4.5678E-03   4.5678E-03 / 4.5678E-03   
690   2.000E-04   4.5968E-03   4.5968E-03   4.5968E-03 / 4.5968E-03   
700   2.000E-04   4.4519E-03   4.4519E-03   4.4519E-03 / 4.4519E-03   
710   2.000E-04   4.6635E-03   4.6635E-03   4.6635E-03 / 4.6635E-03   
720   2.000E-04   4.4177E-03   4.4177E-03   4.4177E-03 / 4.4177E-03   
730   2.000E-04   4.5246E-03   4.5246E-03   4.5246E-03 / 4.5246E-03   
740   2.000E-04   4.3864E-03   4.3864E-03   4.3864E-03 / 4.3864E-03   
750   2.000E-04   4.2601E-03   4.2601E-03   4.2601E-03 / 4.2601E-03   
760   2.000E-04   4.2445E-03   4.2445E-03   4.2445E-03 / 4.2445E-03   
770   2.000E-04   4.2245E-03   4.2245E-03   4.2245E-03 / 4.2245E-03   
780   2.000E-04   4.1430E-03   4.1430E-03   4.1430E-03 / 4.1430E-03   
790   2.000E-04   4.1179E-03   4.1179E-03   4.1179E-03 / 4.1179E-03   
800   2.000E-04   4.1034E-03   4.1034E-03   4.1034E-03 / 4.1034E-03   
810   2.000E-04   4.0851E-03   4.0851E-03   4.0851E-03 / 4.0851E-03   
820   2.000E-04   4.1711E-03   4.1711E-03   4.1711E-03 / 4.1711E-03   
830   2.000E-04   4.0906E-03   4.0906E-03   4.0906E-03 / 4.0906E-03   
840   2.000E-04   3.9253E-03   3.9253E-03   3.9253E-03 / 3.9253E-03   
850   2.000E-04   3.9199E-03   3.9199E-03   3.9199E-03 / 3.9199E-03   
860   2.000E-04   3.8772E-03   3.8772E-03   3.8772E-03 / 3.8772E-03   
870   2.000E-04   3.8313E-03   3.8313E-03   3.8313E-03 / 3.8313E-03   
880   2.000E-04   3.8194E-03   3.8194E-03   3.8194E-03 / 3.8194E-03   
890   2.000E-04   3.8250E-03   3.8250E-03   3.8250E-03 / 3.8250E-03   
900   2.000E-04   3.6925E-03   3.6925E-03   3.6925E-03 / 3.6925E-03   
910   2.000E-04   3.7343E-03   3.7343E-03   3.7343E-03 / 3.7343E-03   
920   2.000E-04   3.7625E-03   3.7625E-03   3.7625E-03 / 3.7625E-03   
930   2.000E-04   3.5806E-03   3.5806E-03   3.5806E-03 / 3.5806E-03   
940   2.000E-04   3.6134E-03   3.6134E-03   3.6134E-03 / 3.6134E-03   
950   2.000E-04   3.6191E-03   3.6191E-03   3.6191E-03 / 3.6191E-03   
960   2.000E-04   3.7028E-03   3.7028E-03   3.7028E-03 / 3.7028E-03   
970   2.000E-04   3.4735E-03   3.4735E-03   3.4735E-03 / 3.4735E-03   
980   2.000E-04   3.5286E-03   3.5286E-03   3.5286E-03 / 3.5286E-03   
990   2.000E-04   3.4712E-03   3.4712E-03   3.4712E-03 / 3.4712E-03   
1000   2.000E-04   3.4628E-03   3.4628E-03   3.4628E-03 / 3.4628E-03   
1010   2.000E-04   3.4329E-03   3.4329E-03   3.4329E-03 / 3.4329E-03   
1020   2.000E-04   3.3472E-03   3.3472E-03   3.3472E-03 / 3.3472E-03   
1030   2.000E-04   3.3448E-03   3.3448E-03   3.3448E-03 / 3.3448E-03   
1040   2.000E-04   3.3467E-03   3.3467E-03   3.3467E-03 / 3.3467E-03   
1050   2.000E-04   3.2695E-03   3.2695E-03   3.2695E-03 / 3.2695E-03   
1060   2.000E-04   3.2992E-03   3.2992E-03   3.2992E-03 / 3.2992E-03   
1070   2.000E-04   3.2584E-03   3.2584E-03   3.2584E-03 / 3.2584E-03   
1080   2.000E-04   3.2145E-03   3.2145E-03   3.2145E-03 / 3.2145E-03   
1090   2.000E-04   3.1487E-03   3.1487E-03   3.1487E-03 / 3.1487E-03   
1100   2.000E-04   3.2269E-03   3.2269E-03   3.2269E-03 / 3.2269E-03   
1110   2.000E-04   3.1031E-03   3.1031E-03   3.1031E-03 / 3.1031E-03   
1120   2.000E-04   3.1250E-03   3.1250E-03   3.1250E-03 / 3.1250E-03   
1130   2.000E-04   3.1267E-03   3.1267E-03   3.1267E-03 / 3.1267E-03   
1140   2.000E-04   3.0905E-03   3.0905E-03   3.0905E-03 / 3.0905E-03   
1150   2.000E-04   3.0250E-03   3.0250E-03   3.0250E-03 / 3.0250E-03   
1160   2.000E-04   3.0433E-03   3.0433E-03   3.0433E-03 / 3.0433E-03   
1170   2.000E-04   3.1107E-03   3.1107E-03   3.1107E-03 / 3.1107E-03   
1180   2.000E-04   3.0109E-03   3.0109E-03   3.0109E-03 / 3.0109E-03   
1190   2.000E-04   2.9953E-03   2.9953E-03   2.9953E-03 / 2.9953E-03   
1200   2.000E-04   2.9593E-03   2.9593E-03   2.9593E-03 / 2.9593E-03   
1210   2.000E-04   2.9553E-03   2.9553E-03   2.9553E-03 / 2.9553E-03   
1220   2.000E-04   2.9428E-03   2.9428E-03   2.9428E-03 / 2.9428E-03   
1230   2.000E-04   3.1434E-03   3.1434E-03   3.1434E-03 / 3.1434E-03   
1240   2.000E-04   2.8678E-03   2.8678E-03   2.8678E-03 / 2.8678E-03   
1250   2.000E-04   2.9837E-03   2.9837E-03   2.9837E-03 / 2.9837E-03   
1260   2.000E-04   2.8732E-03   2.8732E-03   2.8732E-03 / 2.8732E-03   
1270   2.000E-04   2.9148E-03   2.9148E-03   2.9148E-03 / 2.9148E-03   
1280   2.000E-04   2.8613E-03   2.8613E-03   2.8613E-03 / 2.8613E-03   
1290   2.000E-04   2.8465E-03   2.8465E-03   2.8465E-03 / 2.8465E-03   
1300   2.000E-04   2.8512E-03   2.8512E-03   2.8512E-03 / 2.8512E-03   
1310   2.000E-04   2.8260E-03   2.8260E-03   2.8260E-03 / 2.8260E-03   
1320   2.000E-04   2.7834E-03   2.7834E-03   2.7834E-03 / 2.7834E-03   
1330   2.000E-04   2.7564E-03   2.7564E-03   2.7564E-03 / 2.7564E-03   
1340   2.000E-04   2.7615E-03   2.7615E-03   2.7615E-03 / 2.7615E-03   
1350   2.000E-04   2.8638E-03   2.8638E-03   2.8638E-03 / 2.8638E-03   
1360   2.000E-04   2.8222E-03   2.8222E-03   2.8222E-03 / 2.8222E-03   
1370   2.000E-04   2.6845E-03   2.6845E-03   2.6845E-03 / 2.6845E-03   
1380   2.000E-04   2.8198E-03   2.8198E-03   2.8198E-03 / 2.8198E-03   
1390   2.000E-04   2.7060E-03   2.7060E-03   2.7060E-03 / 2.7060E-03   
1400   2.000E-04   2.6542E-03   2.6542E-03   2.6542E-03 / 2.6542E-03   
1410   2.000E-04   2.6342E-03   2.6342E-03   2.6342E-03 / 2.6342E-03   
1420   2.000E-04   2.6769E-03   2.6769E-03   2.6769E-03 / 2.6769E-03   
1430   2.000E-04   2.6761E-03   2.6761E-03   2.6761E-03 / 2.6761E-03   
1440   2.000E-04   2.6326E-03   2.6326E-03   2.6326E-03 / 2.6326E-03   
1450   2.000E-04   2.6451E-03   2.6451E-03   2.6451E-03 / 2.6451E-03   
1460   2.000E-04   2.6190E-03   2.6190E-03   2.6190E-03 / 2.6190E-03   
1470   2.000E-04   2.5836E-03   2.5836E-03   2.5836E-03 / 2.5836E-03   
1480   2.000E-04   2.6308E-03   2.6308E-03   2.6308E-03 / 2.6308E-03   
1490   2.000E-04   2.5190E-03   2.5190E-03   2.5190E-03 / 2.5190E-03   
1500   2.000E-04   2.5413E-03   2.5413E-03   2.5413E-03 / 2.5413E-03   
1510   2.000E-04   2.6231E-03   2.6231E-03   2.6231E-03 / 2.6231E-03   
1520   2.000E-04   2.5338E-03   2.5338E-03   2.5338E-03 / 2.5338E-03   
1530   2.000E-04   2.4985E-03   2.4985E-03   2.4985E-03 / 2.4985E-03   
1540   2.000E-04   2.5574E-03   2.5574E-03   2.5574E-03 / 2.5574E-03   
1550   2.000E-04   2.5047E-03   2.5047E-03   2.5047E-03 / 2.5047E-03   
1560   2.000E-04   2.4941E-03   2.4941E-03   2.4941E-03 / 2.4941E-03   
1570   2.000E-04   2.5235E-03   2.5235E-03   2.5235E-03 / 2.5235E-03   
1580   2.000E-04   2.4107E-03   2.4107E-03   2.4107E-03 / 2.4107E-03   
1590   2.000E-04   2.4346E-03   2.4346E-03   2.4346E-03 / 2.4346E-03   
1600   2.000E-04   2.4735E-03   2.4735E-03   2.4735E-03 / 2.4735E-03   
1610   2.000E-04   2.4149E-03   2.4149E-03   2.4149E-03 / 2.4149E-03   
1620   2.000E-04   2.4249E-03   2.4249E-03   2.4249E-03 / 2.4249E-03   
1630   2.000E-04   2.3736E-03   2.3736E-03   2.3736E-03 / 2.3736E-03   
1640   2.000E-04   2.4592E-03   2.4592E-03   2.4592E-03 / 2.4592E-03   
1650   2.000E-04   2.3533E-03   2.3533E-03   2.3533E-03 / 2.3533E-03   
1660   2.000E-04   2.3873E-03   2.3873E-03   2.3873E-03 / 2.3873E-03   
1670   2.000E-04   2.3919E-03   2.3919E-03   2.3919E-03 / 2.3919E-03   
1680   2.000E-04   2.3620E-03   2.3620E-03   2.3620E-03 / 2.3620E-03   
1690   2.000E-04   2.3615E-03   2.3615E-03   2.3615E-03 / 2.3615E-03   
1700   2.000E-04   2.3277E-03   2.3277E-03   2.3277E-03 / 2.3277E-03   
1710   2.000E-04   2.2931E-03   2.2931E-03   2.2931E-03 / 2.2931E-03   
1720   2.000E-04   2.2964E-03   2.2964E-03   2.2964E-03 / 2.2964E-03   
1730   2.000E-04   2.3091E-03   2.3091E-03   2.3091E-03 / 2.3091E-03   
1740   2.000E-04   2.3047E-03   2.3047E-03   2.3047E-03 / 2.3047E-03   
1750   2.000E-04   2.2722E-03   2.2722E-03   2.2722E-03 / 2.2722E-03   
1760   2.000E-04   2.2908E-03   2.2908E-03   2.2908E-03 / 2.2908E-03   
1770   2.000E-04   2.3050E-03   2.3050E-03   2.3050E-03 / 2.3050E-03   
1780   2.000E-04   2.3076E-03   2.3076E-03   2.3076E-03 / 2.3076E-03   
1790   2.000E-04   2.3209E-03   2.3209E-03   2.3209E-03 / 2.3209E-03   
1800   2.000E-04   2.2669E-03   2.2669E-03   2.2669E-03 / 2.2669E-03   
1810   2.000E-04   2.2770E-03   2.2770E-03   2.2770E-03 / 2.2770E-03   
1820   2.000E-04   2.3562E-03   2.3562E-03   2.3562E-03 / 2.3562E-03   
1830   2.000E-04   2.4728E-03   2.4728E-03   2.4728E-03 / 2.4728E-03   
1840   2.000E-04   2.2310E-03   2.2310E-03   2.2310E-03 / 2.2310E-03   
1850   2.000E-04   2.2323E-03   2.2323E-03   2.2323E-03 / 2.2323E-03   
1860   2.000E-04   2.2863E-03   2.2863E-03   2.2863E-03 / 2.2863E-03   
1870   2.000E-04   2.1889E-03   2.1889E-03   2.1889E-03 / 2.1889E-03   
1880   2.000E-04   2.2029E-03   2.2029E-03   2.2029E-03 / 2.2029E-03   
1890   2.000E-04   2.1834E-03   2.1834E-03   2.1834E-03 / 2.1834E-03   
1900   2.000E-04   2.1848E-03   2.1848E-03   2.1848E-03 / 2.1848E-03   
1910   2.000E-04   2.2171E-03   2.2171E-03   2.2171E-03 / 2.2171E-03   
1920   2.000E-04   2.1734E-03   2.1734E-03   2.1734E-03 / 2.1734E-03   
1930   2.000E-04   2.1533E-03   2.1533E-03   2.1533E-03 / 2.1533E-03   
1940   2.000E-04   2.1577E-03   2.1577E-03   2.1577E-03 / 2.1577E-03   
1950   2.000E-04   2.1206E-03   2.1206E-03   2.1206E-03 / 2.1206E-03   
1960   2.000E-04   2.1522E-03   2.1522E-03   2.1522E-03 / 2.1522E-03   
1970   2.000E-04   2.2910E-03   2.2910E-03   2.2910E-03 / 2.2910E-03   
1980   2.000E-04   2.1373E-03   2.1373E-03   2.1373E-03 / 2.1373E-03   
1990   2.000E-04   2.1713E-03   2.1713E-03   2.1713E-03 / 2.1713E-03   
2000   2.000E-04   2.0664E-03   2.0664E-03   2.0664E-03 / 2.0664E-03   
2010   2.000E-04   2.1175E-03   2.1175E-03   2.1175E-03 / 2.1175E-03   
2020   2.000E-04   2.0330E-03   2.0330E-03   2.0330E-03 / 2.0330E-03   
2030   2.000E-04   2.1647E-03   2.1647E-03   2.1647E-03 / 2.1647E-03   
2040   2.000E-04   2.0419E-03   2.0419E-03   2.0419E-03 / 2.0419E-03   
2050   2.000E-04   2.1034E-03   2.1034E-03   2.1034E-03 / 2.1034E-03   
2060   2.000E-04   2.0853E-03   2.0853E-03   2.0853E-03 / 2.0853E-03   
2070   2.000E-04   2.0902E-03   2.0902E-03   2.0902E-03 / 2.0902E-03   
2080   2.000E-04   2.0173E-03   2.0173E-03   2.0173E-03 / 2.0173E-03   
2090   2.000E-04   2.0604E-03   2.0604E-03   2.0604E-03 / 2.0604E-03   
2100   2.000E-04   2.0071E-03   2.0071E-03   2.0071E-03 / 2.0071E-03   
2110   2.000E-04   2.0615E-03   2.0615E-03   2.0615E-03 / 2.0615E-03   
2120   2.000E-04   2.0247E-03   2.0247E-03   2.0247E-03 / 2.0247E-03   
2130   2.000E-04   2.0469E-03   2.0469E-03   2.0469E-03 / 2.0469E-03   
2140   2.000E-04   2.1572E-03   2.1572E-03   2.1572E-03 / 2.1572E-03   
2150   2.000E-04   1.9961E-03   1.9961E-03   1.9961E-03 / 1.9961E-03   
2160   2.000E-04   2.0217E-03   2.0217E-03   2.0217E-03 / 2.0217E-03   
2170   2.000E-04   1.9701E-03   1.9701E-03   1.9701E-03 / 1.9701E-03   
2180   2.000E-04   1.9971E-03   1.9971E-03   1.9971E-03 / 1.9971E-03   
2190   2.000E-04   1.9357E-03   1.9357E-03   1.9357E-03 / 1.9357E-03   
2200   2.000E-04   1.9840E-03   1.9840E-03   1.9840E-03 / 1.9840E-03   
2210   2.000E-04   2.0167E-03   2.0167E-03   2.0167E-03 / 2.0167E-03   
2220   2.000E-04   1.9169E-03   1.9169E-03   1.9169E-03 / 1.9169E-03   
2230   2.000E-04   1.9566E-03   1.9566E-03   1.9566E-03 / 1.9566E-03   
2240   2.000E-04   1.9502E-03   1.9502E-03   1.9502E-03 / 1.9502E-03   
2250   2.000E-04   1.9425E-03   1.9425E-03   1.9425E-03 / 1.9425E-03   
2260   2.000E-04   1.9472E-03   1.9472E-03   1.9472E-03 / 1.9472E-03   
2270   2.000E-04   1.9282E-03   1.9282E-03   1.9282E-03 / 1.9282E-03   
2280   2.000E-04   1.8746E-03   1.8746E-03   1.8746E-03 / 1.8746E-03   
2290   2.000E-04   1.8783E-03   1.8783E-03   1.8783E-03 / 1.8783E-03   
2300   2.000E-04   1.8653E-03   1.8653E-03   1.8653E-03 / 1.8653E-03   
2310   2.000E-04   1.9049E-03   1.9049E-03   1.9049E-03 / 1.9049E-03   
2320   2.000E-04   1.9176E-03   1.9176E-03   1.9176E-03 / 1.9176E-03   
2330   2.000E-04   1.8844E-03   1.8844E-03   1.8844E-03 / 1.8844E-03   
2340   2.000E-04   1.8739E-03   1.8739E-03   1.8739E-03 / 1.8739E-03   
2350   2.000E-04   1.8601E-03   1.8601E-03   1.8601E-03 / 1.8601E-03   
2360   2.000E-04   1.8229E-03   1.8229E-03   1.8229E-03 / 1.8229E-03   
2370   2.000E-04   1.8287E-03   1.8287E-03   1.8287E-03 / 1.8287E-03   
2380   2.000E-04   1.9001E-03   1.9001E-03   1.9001E-03 / 1.9001E-03   
2390   2.000E-04   1.8079E-03   1.8079E-03   1.8079E-03 / 1.8079E-03   
2400   2.000E-04   1.9212E-03   1.9212E-03   1.9212E-03 / 1.9212E-03   
2410   2.000E-04   1.8667E-03   1.8667E-03   1.8667E-03 / 1.8667E-03   
2420   2.000E-04   1.7902E-03   1.7902E-03   1.7902E-03 / 1.7902E-03   
2430   2.000E-04   1.8148E-03   1.8148E-03   1.8148E-03 / 1.8148E-03   
2440   2.000E-04   1.7828E-03   1.7828E-03   1.7828E-03 / 1.7828E-03   
2450   2.000E-04   1.8104E-03   1.8104E-03   1.8104E-03 / 1.8104E-03   
2460   2.000E-04   1.8102E-03   1.8102E-03   1.8102E-03 / 1.8102E-03   
2470   2.000E-04   1.7792E-03   1.7792E-03   1.7792E-03 / 1.7792E-03   
2480   2.000E-04   1.7634E-03   1.7634E-03   1.7634E-03 / 1.7634E-03   
2490   2.000E-04   1.8027E-03   1.8027E-03   1.8027E-03 / 1.8027E-03   
2500   2.000E-04   1.7578E-03   1.7578E-03   1.7578E-03 / 1.7578E-03   
2510   2.000E-04   1.7543E-03   1.7543E-03   1.7543E-03 / 1.7543E-03   
2520   2.000E-04   1.7899E-03   1.7899E-03   1.7899E-03 / 1.7899E-03   
2530   2.000E-04   1.7578E-03   1.7578E-03   1.7578E-03 / 1.7578E-03   
2540   2.000E-04   1.7982E-03   1.7982E-03   1.7982E-03 / 1.7982E-03   
2550   2.000E-04   1.7807E-03   1.7807E-03   1.7807E-03 / 1.7807E-03   
2560   2.000E-04   1.7232E-03   1.7232E-03   1.7232E-03 / 1.7232E-03   
2570   2.000E-04   1.7009E-03   1.7009E-03   1.7009E-03 / 1.7009E-03   
2580   2.000E-04   1.7738E-03   1.7738E-03   1.7738E-03 / 1.7738E-03   
2590   2.000E-04   1.7098E-03   1.7098E-03   1.7098E-03 / 1.7098E-03   
2600   2.000E-04   1.6971E-03   1.6971E-03   1.6971E-03 / 1.6971E-03   
2610   2.000E-04   1.7539E-03   1.7539E-03   1.7539E-03 / 1.7539E-03   
2620   2.000E-04   1.6782E-03   1.6782E-03   1.6782E-03 / 1.6782E-03   
2630   2.000E-04   1.7024E-03   1.7024E-03   1.7024E-03 / 1.7024E-03   
2640   2.000E-04   1.7621E-03   1.7621E-03   1.7621E-03 / 1.7621E-03   
2650   2.000E-04   1.6586E-03   1.6586E-03   1.6586E-03 / 1.6586E-03   
2660   2.000E-04   1.6582E-03   1.6582E-03   1.6582E-03 / 1.6582E-03   
2670   2.000E-04   1.7054E-03   1.7054E-03   1.7054E-03 / 1.7054E-03   
2680   2.000E-04   1.8285E-03   1.8285E-03   1.8285E-03 / 1.8285E-03   
2690   2.000E-04   1.6817E-03   1.6817E-03   1.6817E-03 / 1.6817E-03   
2700   2.000E-04   1.6854E-03   1.6854E-03   1.6854E-03 / 1.6854E-03   
2710   2.000E-04   1.6292E-03   1.6292E-03   1.6292E-03 / 1.6292E-03   
2720   2.000E-04   1.6822E-03   1.6822E-03   1.6822E-03 / 1.6822E-03   
2730   2.000E-04   1.6304E-03   1.6304E-03   1.6304E-03 / 1.6304E-03   
2740   2.000E-04   1.6371E-03   1.6371E-03   1.6371E-03 / 1.6371E-03   
2750   2.000E-04   1.6418E-03   1.6418E-03   1.6418E-03 / 1.6418E-03   
2760   2.000E-04   1.7025E-03   1.7025E-03   1.7025E-03 / 1.7025E-03   
2770   2.000E-04   1.5949E-03   1.5949E-03   1.5949E-03 / 1.5949E-03   
2780   2.000E-04   1.6903E-03   1.6903E-03   1.6903E-03 / 1.6903E-03   
2790   2.000E-04   1.6371E-03   1.6371E-03   1.6371E-03 / 1.6371E-03   
2800   2.000E-04   1.5946E-03   1.5946E-03   1.5946E-03 / 1.5946E-03   
2810   2.000E-04   1.5690E-03   1.5690E-03   1.5690E-03 / 1.5690E-03   
2820   2.000E-04   1.5740E-03   1.5740E-03   1.5740E-03 / 1.5740E-03   
2830   2.000E-04   1.5633E-03   1.5633E-03   1.5633E-03 / 1.5633E-03   
2840   2.000E-04   1.6230E-03   1.6230E-03   1.6230E-03 / 1.6230E-03   
2850   2.000E-04   1.6195E-03   1.6195E-03   1.6195E-03 / 1.6195E-03   
2860   2.000E-04   1.5943E-03   1.5943E-03   1.5943E-03 / 1.5943E-03   
2870   2.000E-04   1.5383E-03   1.5383E-03   1.5383E-03 / 1.5383E-03   
2880   2.000E-04   1.5518E-03   1.5518E-03   1.5518E-03 / 1.5518E-03   
2890   2.000E-04   1.5351E-03   1.5351E-03   1.5351E-03 / 1.5351E-03   
2900   2.000E-04   1.5876E-03   1.5876E-03   1.5876E-03 / 1.5876E-03   
2910   2.000E-04   1.5271E-03   1.5271E-03   1.5271E-03 / 1.5271E-03   
2920   2.000E-04   1.5722E-03   1.5722E-03   1.5722E-03 / 1.5722E-03   
2930   2.000E-04   1.5369E-03   1.5369E-03   1.5369E-03 / 1.5369E-03   
2940   2.000E-04   1.5512E-03   1.5512E-03   1.5512E-03 / 1.5512E-03   
2950   2.000E-04   1.5688E-03   1.5688E-03   1.5688E-03 / 1.5688E-03   
2960   2.000E-04   1.7856E-03   1.7856E-03   1.7856E-03 / 1.7856E-03   
2970   2.000E-04   1.5101E-03   1.5101E-03   1.5101E-03 / 1.5101E-03   
2980   2.000E-04   1.5097E-03   1.5097E-03   1.5097E-03 / 1.5097E-03   
2990   2.000E-04   1.5377E-03   1.5377E-03   1.5377E-03 / 1.5377E-03   
3000   2.000E-04   1.4939E-03   1.4939E-03   1.4939E-03 / 1.4939E-03   
===============================================================================================================
Saved model to models/phll_memorization_norealiz/TBNNiii-24May10_08:40:09.pickle
