=====> WARNING: Training dataset length: 0, assuming memorization test!
========== Dataset info ==========
Dataset params: {'file': '/home/ryley/WDK/ML/dataset/turbulence_dataset_clean.csv', 'Cases': ['case_1p2'], 'val_set': ['case_1p2'], 'test_set': ['case_1p2'], 'data_loader': <class 'tbnn.dataloaders.aDataset'>}
Train/Valid/Test points: 14751 / 14751 / 14751
Memorization?: True
Cluster training?: False
EPOCH     LR        TRAIN         VALID             MSE:T/V                  RL:T/V             %NR_t/%NR_v
===============================================================================================================
  1   2.000E-04   2.0400E-01   2.0400E-01   2.0400E-01 / 2.0400E-01   1.1217E-06 / 1.1217E-06   0.18% / 0.18%
 10   2.000E-04   1.0321E-01   1.0321E-01   1.0321E-01 / 1.0321E-01   1.1712E-05 / 1.1712E-05   0.53% / 0.53%
 20   2.000E-04   9.3295E-02   9.3295E-02   9.3295E-02 / 9.3295E-02   5.8545E-03 / 5.8545E-03   29.26% / 29.26%
 30   2.000E-04   6.9729E-02   6.9729E-02   6.9729E-02 / 6.9729E-02   1.1262E-02 / 1.1262E-02   40.07% / 40.07%
 40   2.000E-04   4.9576E-02   4.9576E-02   4.9576E-02 / 4.9576E-02   5.1986E-02 / 5.1986E-02   40.35% / 40.35%
 50   2.000E-04   4.2798E-02   4.2798E-02   4.2798E-02 / 4.2798E-02   7.9062E-02 / 7.9062E-02   33.77% / 33.77%
 60   2.000E-04   3.9286E-02   3.9286E-02   3.9286E-02 / 3.9286E-02   7.7645E-02 / 7.7645E-02   32.95% / 32.95%
 70   2.000E-04   3.6996E-02   3.6996E-02   3.6996E-02 / 3.6996E-02   6.4185E-02 / 6.4185E-02   33.08% / 33.08%
 80   2.000E-04   3.4421E-02   3.4421E-02   3.4421E-02 / 3.4421E-02   6.0893E-02 / 6.0893E-02   33.90% / 33.90%
 90   2.000E-04   3.0214E-02   3.0214E-02   3.0214E-02 / 3.0214E-02   5.6601E-02 / 5.6601E-02   34.45% / 34.45%
100   2.000E-04   2.8160E-02   2.8160E-02   2.8160E-02 / 2.8160E-02   5.6127E-02 / 5.6127E-02   35.15% / 35.15%
110   2.000E-04   2.5868E-02   2.5868E-02   2.5868E-02 / 2.5868E-02   6.2764E-02 / 6.2764E-02   35.90% / 35.90%
120   2.000E-04   2.4016E-02   2.4016E-02   2.4016E-02 / 2.4016E-02   7.8452E-02 / 7.8452E-02   37.81% / 37.81%
130   2.000E-04   2.3888E-02   2.3888E-02   2.3888E-02 / 2.3888E-02   9.5301E-02 / 9.5301E-02   39.62% / 39.62%
140   2.000E-04   2.1921E-02   2.1921E-02   2.1921E-02 / 2.1921E-02   1.0248E-01 / 1.0248E-01   41.90% / 41.90%
150   2.000E-04   2.0379E-02   2.0379E-02   2.0379E-02 / 2.0379E-02   1.1458E-01 / 1.1458E-01   44.10% / 44.10%
160   2.000E-04   2.0209E-02   2.0209E-02   2.0209E-02 / 2.0209E-02   1.1702E-01 / 1.1702E-01   44.52% / 44.52%
170   2.000E-04   1.9379E-02   1.9379E-02   1.9379E-02 / 1.9379E-02   1.2567E-01 / 1.2567E-01   45.67% / 45.67%
180   2.000E-04   1.8607E-02   1.8607E-02   1.8607E-02 / 1.8607E-02   1.4044E-01 / 1.4044E-01   47.05% / 47.05%
190   2.000E-04   1.9737E-02   1.9737E-02   1.9737E-02 / 1.9737E-02   1.4245E-01 / 1.4245E-01   47.49% / 47.49%
200   2.000E-04   1.7801E-02   1.7801E-02   1.7801E-02 / 1.7801E-02   1.6103E-01 / 1.6103E-01   48.80% / 48.80%
210   2.000E-04   1.8685E-02   1.8685E-02   1.8685E-02 / 1.8685E-02   1.6193E-01 / 1.6193E-01   49.24% / 49.24%
220   2.000E-04   1.8572E-02   1.8572E-02   1.8572E-02 / 1.8572E-02   1.6739E-01 / 1.6739E-01   49.89% / 49.89%
230   2.000E-04   1.7557E-02   1.7557E-02   1.7557E-02 / 1.7557E-02   1.7325E-01 / 1.7325E-01   50.65% / 50.65%
240   2.000E-04   1.6593E-02   1.6593E-02   1.6593E-02 / 1.6593E-02   1.7401E-01 / 1.7401E-01   50.88% / 50.88%
250   2.000E-04   1.6312E-02   1.6312E-02   1.6312E-02 / 1.6312E-02   1.8532E-01 / 1.8532E-01   51.97% / 51.97%
260   2.000E-04   1.6131E-02   1.6131E-02   1.6131E-02 / 1.6131E-02   1.8581E-01 / 1.8581E-01   51.72% / 51.72%
270   2.000E-04   1.6302E-02   1.6302E-02   1.6302E-02 / 1.6302E-02   1.9923E-01 / 1.9923E-01   52.80% / 52.80%
280   2.000E-04   1.5667E-02   1.5667E-02   1.5667E-02 / 1.5667E-02   2.0516E-01 / 2.0516E-01   53.37% / 53.37%
290   2.000E-04   1.5947E-02   1.5947E-02   1.5947E-02 / 1.5947E-02   2.0599E-01 / 2.0599E-01   53.66% / 53.66%
300   2.000E-04   1.5486E-02   1.5486E-02   1.5486E-02 / 1.5486E-02   2.0430E-01 / 2.0430E-01   53.99% / 53.99%
310   2.000E-04   1.5032E-02   1.5032E-02   1.5032E-02 / 1.5032E-02   2.1349E-01 / 2.1349E-01   54.35% / 54.35%
320   2.000E-04   1.5070E-02   1.5070E-02   1.5070E-02 / 1.5070E-02   2.2295E-01 / 2.2295E-01   54.80% / 54.80%
330   2.000E-04   1.5316E-02   1.5316E-02   1.5316E-02 / 1.5316E-02   2.1529E-01 / 2.1529E-01   54.90% / 54.90%
340   2.000E-04   1.4736E-02   1.4736E-02   1.4736E-02 / 1.4736E-02   2.2368E-01 / 2.2368E-01   55.07% / 55.07%
350   2.000E-04   1.4497E-02   1.4497E-02   1.4497E-02 / 1.4497E-02   2.2907E-01 / 2.2907E-01   55.45% / 55.45%
360   2.000E-04   1.5908E-02   1.5908E-02   1.5908E-02 / 1.5908E-02   2.2687E-01 / 2.2687E-01   55.47% / 55.47%
370   2.000E-04   1.4400E-02   1.4400E-02   1.4400E-02 / 1.4400E-02   2.4088E-01 / 2.4088E-01   56.01% / 56.01%
380   2.000E-04   1.4377E-02   1.4377E-02   1.4377E-02 / 1.4377E-02   2.4844E-01 / 2.4844E-01   56.71% / 56.71%
390   2.000E-04   1.3958E-02   1.3958E-02   1.3958E-02 / 1.3958E-02   2.3387E-01 / 2.3387E-01   55.88% / 55.88%
400   2.000E-04   1.4098E-02   1.4098E-02   1.4098E-02 / 1.4098E-02   2.4049E-01 / 2.4049E-01   56.74% / 56.74%
410   2.000E-04   1.3959E-02   1.3959E-02   1.3959E-02 / 1.3959E-02   2.4576E-01 / 2.4576E-01   56.97% / 56.97%
420   2.000E-04   1.3505E-02   1.3505E-02   1.3505E-02 / 1.3505E-02   2.3603E-01 / 2.3603E-01   56.69% / 56.69%
430   2.000E-04   1.3609E-02   1.3609E-02   1.3609E-02 / 1.3609E-02   2.4095E-01 / 2.4095E-01   57.09% / 57.09%
440   2.000E-04   1.6111E-02   1.6111E-02   1.6111E-02 / 1.6111E-02   2.3887E-01 / 2.3887E-01   57.61% / 57.61%
450   2.000E-04   1.3457E-02   1.3457E-02   1.3457E-02 / 1.3457E-02   2.5264E-01 / 2.5264E-01   57.49% / 57.49%
460   2.000E-04   1.3157E-02   1.3157E-02   1.3157E-02 / 1.3157E-02   2.5285E-01 / 2.5285E-01   57.73% / 57.73%
470   2.000E-04   1.3808E-02   1.3808E-02   1.3808E-02 / 1.3808E-02   2.5635E-01 / 2.5635E-01   58.15% / 58.15%
480   2.000E-04   1.3876E-02   1.3876E-02   1.3876E-02 / 1.3876E-02   2.6507E-01 / 2.6507E-01   58.22% / 58.22%
490   2.000E-04   1.2587E-02   1.2587E-02   1.2587E-02 / 1.2587E-02   2.6816E-01 / 2.6816E-01   58.50% / 58.50%
500   2.000E-04   1.2950E-02   1.2950E-02   1.2950E-02 / 1.2950E-02   2.7192E-01 / 2.7192E-01   58.99% / 58.99%
510   2.000E-04   1.4184E-02   1.4184E-02   1.4184E-02 / 1.4184E-02   2.7176E-01 / 2.7176E-01   58.45% / 58.45%
520   2.000E-04   1.2447E-02   1.2447E-02   1.2447E-02 / 1.2447E-02   2.7927E-01 / 2.7927E-01   59.45% / 59.45%
530   2.000E-04   1.2025E-02   1.2025E-02   1.2025E-02 / 1.2025E-02   2.8109E-01 / 2.8109E-01   59.80% / 59.80%
540   2.000E-04   1.2010E-02   1.2010E-02   1.2010E-02 / 1.2010E-02   3.0104E-01 / 3.0104E-01   60.22% / 60.22%
550   2.000E-04   1.2175E-02   1.2175E-02   1.2175E-02 / 1.2175E-02   2.9085E-01 / 2.9085E-01   60.58% / 60.58%
560   2.000E-04   1.1910E-02   1.1910E-02   1.1910E-02 / 1.1910E-02   2.9388E-01 / 2.9388E-01   60.21% / 60.21%
570   2.000E-04   1.1644E-02   1.1644E-02   1.1644E-02 / 1.1644E-02   3.0124E-01 / 3.0124E-01   60.42% / 60.42%
580   2.000E-04   1.1547E-02   1.1547E-02   1.1547E-02 / 1.1547E-02   3.1067E-01 / 3.1067E-01   60.75% / 60.75%
590   2.000E-04   1.1534E-02   1.1534E-02   1.1534E-02 / 1.1534E-02   3.2148E-01 / 3.2148E-01   61.00% / 61.00%
600   2.000E-04   1.1347E-02   1.1347E-02   1.1347E-02 / 1.1347E-02   3.1371E-01 / 3.1371E-01   61.57% / 61.57%
610   2.000E-04   1.1092E-02   1.1092E-02   1.1092E-02 / 1.1092E-02   3.2336E-01 / 3.2336E-01   61.96% / 61.96%
620   2.000E-04   1.2223E-02   1.2223E-02   1.2223E-02 / 1.2223E-02   3.2965E-01 / 3.2965E-01   62.59% / 62.59%
630   2.000E-04   1.0888E-02   1.0888E-02   1.0888E-02 / 1.0888E-02   3.3411E-01 / 3.3411E-01   64.39% / 64.39%
640   2.000E-04   1.0839E-02   1.0839E-02   1.0839E-02 / 1.0839E-02   3.5718E-01 / 3.5718E-01   65.07% / 65.07%
650   2.000E-04   1.1564E-02   1.1564E-02   1.1564E-02 / 1.1564E-02   3.5737E-01 / 3.5737E-01   65.93% / 65.93%
660   2.000E-04   1.1070E-02   1.1070E-02   1.1070E-02 / 1.1070E-02   3.7920E-01 / 3.7920E-01   66.56% / 66.56%
670   2.000E-04   1.0509E-02   1.0509E-02   1.0509E-02 / 1.0509E-02   3.7746E-01 / 3.7746E-01   67.71% / 67.71%
680   2.000E-04   1.0493E-02   1.0493E-02   1.0493E-02 / 1.0493E-02   3.6995E-01 / 3.6995E-01   67.27% / 67.27%
690   2.000E-04   1.0291E-02   1.0291E-02   1.0291E-02 / 1.0291E-02   3.8298E-01 / 3.8298E-01   68.40% / 68.40%
700   2.000E-04   1.0305E-02   1.0305E-02   1.0305E-02 / 1.0305E-02   3.8966E-01 / 3.8966E-01   68.86% / 68.86%
710   2.000E-04   1.0818E-02   1.0818E-02   1.0818E-02 / 1.0818E-02   3.8786E-01 / 3.8786E-01   68.98% / 68.98%
720   2.000E-04   9.9520E-03   9.9520E-03   9.9520E-03 / 9.9520E-03   4.0981E-01 / 4.0981E-01   69.35% / 69.35%
730   2.000E-04   1.0698E-02   1.0698E-02   1.0698E-02 / 1.0698E-02   4.0804E-01 / 4.0804E-01   70.08% / 70.08%
740   2.000E-04   1.0032E-02   1.0032E-02   1.0032E-02 / 1.0032E-02   4.1567E-01 / 4.1567E-01   70.17% / 70.17%
750   2.000E-04   1.0218E-02   1.0218E-02   1.0218E-02 / 1.0218E-02   4.1693E-01 / 4.1693E-01   70.52% / 70.52%
760   2.000E-04   1.0329E-02   1.0329E-02   1.0329E-02 / 1.0329E-02   3.9432E-01 / 3.9432E-01   70.38% / 70.38%
770   2.000E-04   9.7455E-03   9.7455E-03   9.7455E-03 / 9.7455E-03   4.2294E-01 / 4.2294E-01   70.98% / 70.98%
780   2.000E-04   9.5384E-03   9.5384E-03   9.5384E-03 / 9.5384E-03   4.2172E-01 / 4.2172E-01   71.17% / 71.17%
790   2.000E-04   1.0048E-02   1.0048E-02   1.0048E-02 / 1.0048E-02   4.3345E-01 / 4.3345E-01   71.43% / 71.43%
800   2.000E-04   9.4419E-03   9.4419E-03   9.4419E-03 / 9.4419E-03   4.0479E-01 / 4.0479E-01   71.44% / 71.44%
810   2.000E-04   9.2105E-03   9.2105E-03   9.2105E-03 / 9.2105E-03   4.2782E-01 / 4.2782E-01   71.61% / 71.61%
820   2.000E-04   9.2108E-03   9.2108E-03   9.2108E-03 / 9.2108E-03   4.1400E-01 / 4.1400E-01   71.99% / 71.99%
830   2.000E-04   1.0454E-02   1.0454E-02   1.0454E-02 / 1.0454E-02   4.1187E-01 / 4.1187E-01   71.89% / 71.89%
840   2.000E-04   9.2025E-03   9.2025E-03   9.2025E-03 / 9.2025E-03   4.1108E-01 / 4.1108E-01   71.90% / 71.90%
850   2.000E-04   9.1873E-03   9.1873E-03   9.1873E-03 / 9.1873E-03   4.2117E-01 / 4.2117E-01   72.13% / 72.13%
860   2.000E-04   9.0200E-03   9.0200E-03   9.0200E-03 / 9.0200E-03   4.4864E-01 / 4.4864E-01   72.37% / 72.37%
870   2.000E-04   9.0804E-03   9.0804E-03   9.0804E-03 / 9.0804E-03   4.3177E-01 / 4.3177E-01   72.33% / 72.33%
880   2.000E-04   9.1562E-03   9.1562E-03   9.1562E-03 / 9.1562E-03   4.2622E-01 / 4.2622E-01   72.52% / 72.52%
890   2.000E-04   8.8176E-03   8.8176E-03   8.8176E-03 / 8.8176E-03   4.4545E-01 / 4.4545E-01   73.03% / 73.03%
900   2.000E-04   8.7993E-03   8.7993E-03   8.7993E-03 / 8.7993E-03   4.3948E-01 / 4.3948E-01   73.00% / 73.00%
910   2.000E-04   8.6076E-03   8.6076E-03   8.6076E-03 / 8.6076E-03   4.2615E-01 / 4.2615E-01   73.05% / 73.05%
920   2.000E-04   8.4734E-03   8.4734E-03   8.4734E-03 / 8.4734E-03   4.3653E-01 / 4.3653E-01   73.19% / 73.19%
930   2.000E-04   8.5220E-03   8.5220E-03   8.5220E-03 / 8.5220E-03   4.1664E-01 / 4.1664E-01   73.12% / 73.12%
940   2.000E-04   8.4103E-03   8.4103E-03   8.4103E-03 / 8.4103E-03   4.4025E-01 / 4.4025E-01   73.47% / 73.47%
950   2.000E-04   8.6726E-03   8.6726E-03   8.6726E-03 / 8.6726E-03   4.2402E-01 / 4.2402E-01   73.43% / 73.43%
960   2.000E-04   9.2441E-03   9.2441E-03   9.2441E-03 / 9.2441E-03   4.2288E-01 / 4.2288E-01   73.76% / 73.76%
970   2.000E-04   8.3120E-03   8.3120E-03   8.3120E-03 / 8.3120E-03   4.3968E-01 / 4.3968E-01   74.05% / 74.05%
980   2.000E-04   8.7580E-03   8.7580E-03   8.7580E-03 / 8.7580E-03   4.2310E-01 / 4.2310E-01   73.87% / 73.87%
990   2.000E-04   8.6954E-03   8.6954E-03   8.6954E-03 / 8.6954E-03   4.3826E-01 / 4.3826E-01   74.25% / 74.25%
1000   2.000E-04   9.0015E-03   9.0015E-03   9.0015E-03 / 9.0015E-03   4.1350E-01 / 4.1350E-01   74.07% / 74.07%
1010   2.000E-04   8.0845E-03   8.0845E-03   8.0845E-03 / 8.0845E-03   4.1250E-01 / 4.1250E-01   74.12% / 74.12%
1020   2.000E-04   7.9284E-03   7.9284E-03   7.9284E-03 / 7.9284E-03   4.2641E-01 / 4.2641E-01   74.60% / 74.60%
1030   2.000E-04   8.1310E-03   8.1310E-03   8.1310E-03 / 8.1310E-03   4.0006E-01 / 4.0006E-01   74.53% / 74.53%
1040   2.000E-04   7.9972E-03   7.9972E-03   7.9972E-03 / 7.9972E-03   4.1323E-01 / 4.1323E-01   74.41% / 74.41%
1050   2.000E-04   8.0521E-03   8.0521E-03   8.0521E-03 / 8.0521E-03   3.9533E-01 / 3.9533E-01   74.57% / 74.57%
1060   2.000E-04   7.7215E-03   7.7215E-03   7.7215E-03 / 7.7215E-03   3.9080E-01 / 3.9080E-01   74.61% / 74.61%
1070   2.000E-04   8.6796E-03   8.6796E-03   8.6796E-03 / 8.6796E-03   3.8538E-01 / 3.8538E-01   74.74% / 74.74%
1080   2.000E-04   7.6975E-03   7.6975E-03   7.6975E-03 / 7.6975E-03   3.8479E-01 / 3.8479E-01   74.96% / 74.96%
1090   2.000E-04   7.7985E-03   7.7985E-03   7.7985E-03 / 7.7985E-03   3.6709E-01 / 3.6709E-01   74.62% / 74.62%
1100   2.000E-04   8.5747E-03   8.5747E-03   8.5747E-03 / 8.5747E-03   3.8581E-01 / 3.8581E-01   75.18% / 75.18%
1110   2.000E-04   7.9407E-03   7.9407E-03   7.9407E-03 / 7.9407E-03   3.6960E-01 / 3.6960E-01   74.87% / 74.87%
1120   2.000E-04   7.7355E-03   7.7355E-03   7.7355E-03 / 7.7355E-03   3.5755E-01 / 3.5755E-01   75.06% / 75.06%
1130   2.000E-04   8.9500E-03   8.9500E-03   8.9500E-03 / 8.9500E-03   3.6078E-01 / 3.6078E-01   75.41% / 75.41%
1140   2.000E-04   7.3683E-03   7.3683E-03   7.3683E-03 / 7.3683E-03   3.7466E-01 / 3.7466E-01   75.29% / 75.29%
1150   2.000E-04   7.9453E-03   7.9453E-03   7.9453E-03 / 7.9453E-03   3.8292E-01 / 3.8292E-01   76.19% / 76.19%
1160   2.000E-04   7.3415E-03   7.3415E-03   7.3415E-03 / 7.3415E-03   3.9437E-01 / 3.9437E-01   76.29% / 76.29%
1170   2.000E-04   7.5359E-03   7.5359E-03   7.5359E-03 / 7.5359E-03   3.8366E-01 / 3.8366E-01   76.28% / 76.28%
1180   2.000E-04   7.8345E-03   7.8345E-03   7.8345E-03 / 7.8345E-03   3.5413E-01 / 3.5413E-01   76.39% / 76.39%
1190   2.000E-04   9.0645E-03   9.0645E-03   9.0645E-03 / 9.0645E-03   3.8131E-01 / 3.8131E-01   76.48% / 76.48%
1200   2.000E-04   7.9233E-03   7.9233E-03   7.9233E-03 / 7.9233E-03   3.5780E-01 / 3.5780E-01   76.28% / 76.28%
1210   2.000E-04   7.2761E-03   7.2761E-03   7.2761E-03 / 7.2761E-03   3.7154E-01 / 3.7154E-01   76.44% / 76.44%
1220   2.000E-04   7.3889E-03   7.3889E-03   7.3889E-03 / 7.3889E-03   3.6541E-01 / 3.6541E-01   76.82% / 76.82%
1230   2.000E-04   7.2246E-03   7.2246E-03   7.2246E-03 / 7.2246E-03   3.6173E-01 / 3.6173E-01   76.50% / 76.50%
1240   2.000E-04   6.9856E-03   6.9856E-03   6.9856E-03 / 6.9856E-03   3.7467E-01 / 3.7467E-01   76.57% / 76.57%
1250   2.000E-04   8.0432E-03   8.0432E-03   8.0432E-03 / 8.0432E-03   3.4856E-01 / 3.4856E-01   76.65% / 76.65%
1260   2.000E-04   7.4885E-03   7.4885E-03   7.4885E-03 / 7.4885E-03   3.4996E-01 / 3.4996E-01   76.62% / 76.62%
1270   2.000E-04   7.3554E-03   7.3554E-03   7.3554E-03 / 7.3554E-03   3.6522E-01 / 3.6522E-01   76.65% / 76.65%
1280   2.000E-04   6.8816E-03   6.8816E-03   6.8816E-03 / 6.8816E-03   3.5480E-01 / 3.5480E-01   76.62% / 76.62%
1290   2.000E-04   6.8594E-03   6.8594E-03   6.8594E-03 / 6.8594E-03   3.7334E-01 / 3.7334E-01   76.72% / 76.72%
1300   2.000E-04   8.1778E-03   8.1778E-03   8.1778E-03 / 8.1778E-03   3.7241E-01 / 3.7241E-01   77.07% / 77.07%
1310   2.000E-04   6.6947E-03   6.6947E-03   6.6947E-03 / 6.6947E-03   3.6271E-01 / 3.6271E-01   77.07% / 77.07%
1320   2.000E-04   6.7256E-03   6.7256E-03   6.7256E-03 / 6.7256E-03   3.6045E-01 / 3.6045E-01   77.08% / 77.08%
1330   2.000E-04   6.6317E-03   6.6317E-03   6.6317E-03 / 6.6317E-03   3.7835E-01 / 3.7835E-01   77.23% / 77.23%
1340   2.000E-04   6.7465E-03   6.7465E-03   6.7465E-03 / 6.7465E-03   3.7102E-01 / 3.7102E-01   77.36% / 77.36%
1350   2.000E-04   6.6181E-03   6.6181E-03   6.6181E-03 / 6.6181E-03   3.6536E-01 / 3.6536E-01   77.13% / 77.13%
1360   2.000E-04   7.1831E-03   7.1831E-03   7.1831E-03 / 7.1831E-03   3.7029E-01 / 3.7029E-01   77.39% / 77.39%
1370   2.000E-04   6.4525E-03   6.4525E-03   6.4525E-03 / 6.4525E-03   3.6041E-01 / 3.6041E-01   77.34% / 77.34%
1380   2.000E-04   6.5834E-03   6.5834E-03   6.5834E-03 / 6.5834E-03   3.6698E-01 / 3.6698E-01   77.62% / 77.62%
1390   2.000E-04   6.6130E-03   6.6130E-03   6.6130E-03 / 6.6130E-03   3.3732E-01 / 3.3732E-01   77.67% / 77.67%
1400   2.000E-04   6.4393E-03   6.4393E-03   6.4393E-03 / 6.4393E-03   3.6157E-01 / 3.6157E-01   77.78% / 77.78%
1410   2.000E-04   6.5652E-03   6.5652E-03   6.5652E-03 / 6.5652E-03   3.3556E-01 / 3.3556E-01   77.36% / 77.36%
1420   2.000E-04   6.3697E-03   6.3697E-03   6.3697E-03 / 6.3697E-03   3.6097E-01 / 3.6097E-01   77.49% / 77.49%
1430   2.000E-04   6.7834E-03   6.7834E-03   6.7834E-03 / 6.7834E-03   3.4830E-01 / 3.4830E-01   77.42% / 77.42%
1440   2.000E-04   6.6681E-03   6.6681E-03   6.6681E-03 / 6.6681E-03   3.4989E-01 / 3.4989E-01   77.75% / 77.75%
1450   2.000E-04   6.5361E-03   6.5361E-03   6.5361E-03 / 6.5361E-03   3.7319E-01 / 3.7319E-01   77.83% / 77.83%
1460   2.000E-04   6.9453E-03   6.9453E-03   6.9453E-03 / 6.9453E-03   3.5097E-01 / 3.5097E-01   78.08% / 78.08%
1470   2.000E-04   6.2203E-03   6.2203E-03   6.2203E-03 / 6.2203E-03   3.4948E-01 / 3.4948E-01   77.62% / 77.62%
1480   2.000E-04   6.2780E-03   6.2780E-03   6.2780E-03 / 6.2780E-03   3.6038E-01 / 3.6038E-01   78.12% / 78.12%
1490   2.000E-04   6.0974E-03   6.0974E-03   6.0974E-03 / 6.0974E-03   3.5349E-01 / 3.5349E-01   78.15% / 78.15%
1500   2.000E-04   6.4076E-03   6.4076E-03   6.4076E-03 / 6.4076E-03   3.4931E-01 / 3.4931E-01   78.16% / 78.16%
1510   2.000E-04   6.0540E-03   6.0540E-03   6.0540E-03 / 6.0540E-03   3.5195E-01 / 3.5195E-01   78.16% / 78.16%
1520   2.000E-04   6.3200E-03   6.3200E-03   6.3200E-03 / 6.3200E-03   3.6643E-01 / 3.6643E-01   78.54% / 78.54%
1530   2.000E-04   6.0175E-03   6.0175E-03   6.0175E-03 / 6.0175E-03   3.6088E-01 / 3.6088E-01   78.30% / 78.30%
1540   2.000E-04   6.4232E-03   6.4232E-03   6.4232E-03 / 6.4232E-03   3.4393E-01 / 3.4393E-01   77.93% / 77.93%
1550   2.000E-04   6.0272E-03   6.0272E-03   6.0272E-03 / 6.0272E-03   3.6418E-01 / 3.6418E-01   78.48% / 78.48%
1560   2.000E-04   8.3802E-03   8.3802E-03   8.3802E-03 / 8.3802E-03   3.4531E-01 / 3.4531E-01   78.39% / 78.39%
1570   2.000E-04   6.1429E-03   6.1429E-03   6.1429E-03 / 6.1429E-03   3.5032E-01 / 3.5032E-01   78.42% / 78.42%
1580   2.000E-04   6.1508E-03   6.1508E-03   6.1508E-03 / 6.1508E-03   3.5712E-01 / 3.5712E-01   78.95% / 78.95%
1590   2.000E-04   6.0872E-03   6.0872E-03   6.0872E-03 / 6.0872E-03   3.5211E-01 / 3.5211E-01   78.70% / 78.70%
1600   2.000E-04   5.9044E-03   5.9044E-03   5.9044E-03 / 5.9044E-03   3.5818E-01 / 3.5818E-01   78.70% / 78.70%
1610   2.000E-04   5.8490E-03   5.8490E-03   5.8490E-03 / 5.8490E-03   3.5399E-01 / 3.5399E-01   78.62% / 78.62%
1620   2.000E-04   6.4224E-03   6.4224E-03   6.4224E-03 / 6.4224E-03   3.4004E-01 / 3.4004E-01   78.77% / 78.77%
1630   2.000E-04   5.8599E-03   5.8599E-03   5.8599E-03 / 5.8599E-03   3.5591E-01 / 3.5591E-01   79.00% / 79.00%
1640   2.000E-04   8.6701E-03   8.6701E-03   8.6701E-03 / 8.6701E-03   3.2687E-01 / 3.2687E-01   78.77% / 78.77%
1650   2.000E-04   5.7369E-03   5.7369E-03   5.7369E-03 / 5.7369E-03   3.6346E-01 / 3.6346E-01   79.05% / 79.05%
1660   2.000E-04   5.9466E-03   5.9466E-03   5.9466E-03 / 5.9466E-03   3.6016E-01 / 3.6016E-01   79.11% / 79.11%
1670   2.000E-04   5.8228E-03   5.8228E-03   5.8228E-03 / 5.8228E-03   3.6235E-01 / 3.6235E-01   78.94% / 78.94%
1680   2.000E-04   6.6218E-03   6.6218E-03   6.6218E-03 / 6.6218E-03   3.2961E-01 / 3.2961E-01   78.50% / 78.50%
1690   2.000E-04   6.1531E-03   6.1531E-03   6.1531E-03 / 6.1531E-03   3.4573E-01 / 3.4573E-01   78.67% / 78.67%
1700   2.000E-04   6.0717E-03   6.0717E-03   6.0717E-03 / 6.0717E-03   3.5835E-01 / 3.5835E-01   79.02% / 79.02%
1710   2.000E-04   5.7094E-03   5.7094E-03   5.7094E-03 / 5.7094E-03   3.5215E-01 / 3.5215E-01   79.13% / 79.13%
1720   2.000E-04   6.1050E-03   6.1050E-03   6.1050E-03 / 6.1050E-03   3.6485E-01 / 3.6485E-01   79.08% / 79.08%
1730   2.000E-04   5.8633E-03   5.8633E-03   5.8633E-03 / 5.8633E-03   3.5801E-01 / 3.5801E-01   79.61% / 79.61%
1740   2.000E-04   5.6451E-03   5.6451E-03   5.6451E-03 / 5.6451E-03   3.4949E-01 / 3.4949E-01   79.19% / 79.19%
1750   2.000E-04   5.5981E-03   5.5981E-03   5.5981E-03 / 5.5981E-03   3.2905E-01 / 3.2905E-01   79.09% / 79.09%
1760   2.000E-04   5.5971E-03   5.5971E-03   5.5971E-03 / 5.5971E-03   3.4180E-01 / 3.4180E-01   79.19% / 79.19%
1770   2.000E-04   6.4081E-03   6.4081E-03   6.4081E-03 / 6.4081E-03   3.4317E-01 / 3.4317E-01   78.86% / 78.86%
1780   2.000E-04   5.7962E-03   5.7962E-03   5.7962E-03 / 5.7962E-03   3.3743E-01 / 3.3743E-01   79.13% / 79.13%
1790   2.000E-04   5.5212E-03   5.5212E-03   5.5212E-03 / 5.5212E-03   3.5358E-01 / 3.5358E-01   79.33% / 79.33%
1800   2.000E-04   6.0528E-03   6.0528E-03   6.0528E-03 / 6.0528E-03   3.4597E-01 / 3.4597E-01   79.00% / 79.00%
1810   2.000E-04   5.5008E-03   5.5008E-03   5.5008E-03 / 5.5008E-03   3.5144E-01 / 3.5144E-01   79.53% / 79.53%
1820   2.000E-04   5.4758E-03   5.4758E-03   5.4758E-03 / 5.4758E-03   3.6915E-01 / 3.6915E-01   79.31% / 79.31%
1830   2.000E-04   6.0342E-03   6.0342E-03   6.0342E-03 / 6.0342E-03   3.5754E-01 / 3.5754E-01   79.61% / 79.61%
1840   2.000E-04   5.6431E-03   5.6431E-03   5.6431E-03 / 5.6431E-03   3.4780E-01 / 3.4780E-01   79.36% / 79.36%
1850   2.000E-04   5.5154E-03   5.5154E-03   5.5154E-03 / 5.5154E-03   3.5565E-01 / 3.5565E-01   79.77% / 79.77%
1860   2.000E-04   5.5625E-03   5.5625E-03   5.5625E-03 / 5.5625E-03   3.4972E-01 / 3.4972E-01   79.43% / 79.43%
1870   2.000E-04   5.4000E-03   5.4000E-03   5.4000E-03 / 5.4000E-03   3.6898E-01 / 3.6898E-01   79.62% / 79.62%
1880   2.000E-04   5.3892E-03   5.3892E-03   5.3892E-03 / 5.3892E-03   3.5422E-01 / 3.5422E-01   79.27% / 79.27%
1890   2.000E-04   5.3590E-03   5.3590E-03   5.3590E-03 / 5.3590E-03   3.5038E-01 / 3.5038E-01   79.26% / 79.26%
1900   2.000E-04   6.4130E-03   6.4130E-03   6.4130E-03 / 6.4130E-03   3.5724E-01 / 3.5724E-01   79.61% / 79.61%
1910   2.000E-04   5.4105E-03   5.4105E-03   5.4105E-03 / 5.4105E-03   3.6402E-01 / 3.6402E-01   79.88% / 79.88%
1920   2.000E-04   5.3343E-03   5.3343E-03   5.3343E-03 / 5.3343E-03   3.4720E-01 / 3.4720E-01   79.21% / 79.21%
1930   2.000E-04   5.4978E-03   5.4978E-03   5.4978E-03 / 5.4978E-03   3.4151E-01 / 3.4151E-01   79.65% / 79.65%
1940   2.000E-04   5.2923E-03   5.2923E-03   5.2923E-03 / 5.2923E-03   3.5650E-01 / 3.5650E-01   79.80% / 79.80%
1941   2.000E-04   5.3948E-03   5.3948E-03   5.3948E-03 / 5.3948E-03   3.5686E-01 / 3.5686E-01   80.12% / 80.12%
BEST MODEL
===============================================================================================================
1888   2.000E-04   5.2386E-03   5.2386E-03   5.2386E-03 / 5.2386E-03   3.6035E-01 / 3.6035E-01   79.57% / 79.57%
===============================================================================================================
Saved model to models/phll_memorization_norealiz/TBNNiii-24May06_14:56:54.pickle
