========== Dataset info ==========
Dataset params: {'file': '/home/nikki/kan/data/turbulence_dataset_clean.csv', 'Cases': ['fp_1000', 'fp_1410', 'fp_2000', 'fp_2540', 'fp_3030', 'fp_3270', 'fp_3630', 'fp_3970', 'fp_4060'], 'val_set': ['fp_3030', 'fp_1410', 'fp_4060'], 'test_set': ['fp_3630'], 'data_loader': <class 'tbnn.dataloaders.aDataset'>}
Train/Valid/Test points: 760 / 468 / 168
Memorization?: False
Cluster training?: False
EPOCH     LR        TRAIN         VALID             MSE:T/V                  RL:T/V             %NR_t/%NR_v
===============================================================================================================
  1   3.146E-04   1.9602E-01   1.9354E-01   1.9602E-01 / 1.9354E-01   
 10   3.146E-04   1.3505E-01   1.3251E-01   1.3505E-01 / 1.3251E-01   
 20   3.146E-04   8.1247E-02   7.8744E-02   8.1247E-02 / 7.8744E-02   
 30   3.146E-04   4.3262E-02   4.0913E-02   4.3262E-02 / 4.0913E-02   
 40   3.146E-04   2.1009E-02   1.9110E-02   2.0947E-02 / 1.9055E-02   
 50   3.146E-04   1.2043E-02   1.0475E-02   1.1927E-02 / 1.0381E-02   
 60   3.146E-04   8.7711E-03   7.4841E-03   8.6881E-03 / 7.4221E-03   
 70   3.146E-04   6.8518E-03   5.7653E-03   6.7959E-03 / 5.7269E-03   
 80   3.146E-04   5.5340E-03   4.6128E-03   5.4999E-03 / 4.5924E-03   
 90   3.146E-04   4.6358E-03   3.8398E-03   4.6148E-03 / 3.8287E-03   
100   3.146E-04   4.0304E-03   3.3295E-03   4.0168E-03 / 3.3227E-03   
110   3.146E-04   3.6074E-03   2.9848E-03   3.5982E-03 / 2.9799E-03   
120   3.146E-04   3.2927E-03   2.7390E-03   3.2859E-03 / 2.7350E-03   
130   3.146E-04   3.0490E-03   2.5543E-03   3.0435E-03 / 2.5507E-03   
140   3.146E-04   2.8525E-03   2.4113E-03   2.8483E-03 / 2.4086E-03   
150   3.146E-04   2.6903E-03   2.2949E-03   2.6869E-03 / 2.2928E-03   
160   3.146E-04   2.5549E-03   2.2016E-03   2.5523E-03 / 2.2000E-03   
170   3.146E-04   2.4385E-03   2.1218E-03   2.4361E-03 / 2.1202E-03   
180   3.146E-04   2.3367E-03   2.0537E-03   2.3345E-03 / 2.0522E-03   
190   3.146E-04   2.2477E-03   1.9929E-03   2.2456E-03 / 1.9914E-03   
200   3.146E-04   2.1670E-03   1.9383E-03   2.1650E-03 / 1.9369E-03   
210   3.146E-04   2.0934E-03   1.8878E-03   2.0914E-03 / 1.8862E-03   
220   3.146E-04   2.0256E-03   1.8412E-03   2.0238E-03 / 1.8398E-03   
230   3.146E-04   1.9630E-03   1.7964E-03   1.9612E-03 / 1.7950E-03   
240   3.146E-04   1.9032E-03   1.7536E-03   1.9014E-03 / 1.7522E-03   
250   3.146E-04   1.8474E-03   1.7126E-03   1.8457E-03 / 1.7112E-03   
260   3.146E-04   1.7950E-03   1.6732E-03   1.7934E-03 / 1.6720E-03   
270   3.146E-04   1.7454E-03   1.6346E-03   1.7438E-03 / 1.6334E-03   
280   3.146E-04   1.6984E-03   1.5983E-03   1.6969E-03 / 1.5972E-03   
290   3.146E-04   1.6532E-03   1.5626E-03   1.6517E-03 / 1.5615E-03   
300   3.146E-04   1.6107E-03   1.5280E-03   1.6093E-03 / 1.5270E-03   
310   3.146E-04   1.5699E-03   1.4946E-03   1.5685E-03 / 1.4936E-03   
320   3.146E-04   1.5307E-03   1.4616E-03   1.5295E-03 / 1.4608E-03   
330   3.146E-04   1.4933E-03   1.4302E-03   1.4922E-03 / 1.4295E-03   
340   3.146E-04   1.4572E-03   1.3988E-03   1.4561E-03 / 1.3979E-03   
350   3.146E-04   1.4222E-03   1.3692E-03   1.4210E-03 / 1.3683E-03   
360   3.146E-04   1.3887E-03   1.3395E-03   1.3877E-03 / 1.3387E-03   
370   3.146E-04   1.3560E-03   1.3098E-03   1.3550E-03 / 1.3090E-03   
380   3.146E-04   1.3243E-03   1.2807E-03   1.3233E-03 / 1.2800E-03   
390   3.146E-04   1.2934E-03   1.2526E-03   1.2924E-03 / 1.2519E-03   
400   3.146E-04   1.2626E-03   1.2242E-03   1.2617E-03 / 1.2235E-03   
410   3.146E-04   1.2325E-03   1.1957E-03   1.2315E-03 / 1.1950E-03   
420   3.146E-04   1.2023E-03   1.1672E-03   1.2014E-03 / 1.1665E-03   
430   3.146E-04   1.1724E-03   1.1396E-03   1.1717E-03 / 1.1390E-03   
440   3.146E-04   1.1418E-03   1.1092E-03   1.1412E-03 / 1.1086E-03   
450   3.146E-04   1.1110E-03   1.0797E-03   1.1103E-03 / 1.0791E-03   
460   3.146E-04   1.0803E-03   1.0499E-03   1.0795E-03 / 1.0492E-03   
470   3.146E-04   1.0498E-03   1.0213E-03   1.0490E-03 / 1.0206E-03   
480   3.146E-04   1.0200E-03   9.9284E-04   1.0191E-03 / 9.9205E-04   
490   3.146E-04   9.9122E-04   9.6469E-04   9.9018E-04 / 9.6375E-04   
500   3.146E-04   9.6295E-04   9.3715E-04   9.6194E-04 / 9.3621E-04   
510   3.146E-04   9.3559E-04   9.1184E-04   9.3444E-04 / 9.1072E-04   
520   3.146E-04   9.0890E-04   8.8636E-04   9.0785E-04 / 8.8532E-04   
530   3.146E-04   8.8268E-04   8.6052E-04   8.8169E-04 / 8.5951E-04   
540   3.146E-04   8.5701E-04   8.3669E-04   8.5603E-04 / 8.3574E-04   
550   3.146E-04   8.3187E-04   8.1286E-04   8.3091E-04 / 8.1198E-04   
560   3.146E-04   8.0750E-04   7.8914E-04   8.0660E-04 / 7.8835E-04   
570   3.146E-04   7.8365E-04   7.6781E-04   7.8273E-04 / 7.6702E-04   
580   3.146E-04   7.6038E-04   7.4609E-04   7.5954E-04 / 7.4536E-04   
590   3.146E-04   7.3692E-04   7.2479E-04   7.3613E-04 / 7.2407E-04   
600   3.146E-04   7.1408E-04   7.0239E-04   7.1337E-04 / 7.0171E-04   
610   3.146E-04   6.9232E-04   6.8237E-04   6.9160E-04 / 6.8167E-04   
620   3.146E-04   6.7193E-04   6.6276E-04   6.7127E-04 / 6.6212E-04   
630   3.146E-04   6.5260E-04   6.4586E-04   6.5198E-04 / 6.4531E-04   
640   3.146E-04   6.3340E-04   6.2672E-04   6.3274E-04 / 6.2614E-04   
650   3.146E-04   6.1508E-04   6.0923E-04   6.1444E-04 / 6.0868E-04   
660   3.146E-04   5.9716E-04   5.9180E-04   5.9657E-04 / 5.9126E-04   
670   3.146E-04   5.7977E-04   5.7490E-04   5.7921E-04 / 5.7438E-04   
680   3.146E-04   5.6314E-04   5.5910E-04   5.6264E-04 / 5.5863E-04   
690   3.146E-04   5.4683E-04   5.4384E-04   5.4638E-04 / 5.4343E-04   
700   3.146E-04   5.3113E-04   5.2740E-04   5.3071E-04 / 5.2705E-04   
710   3.146E-04   5.1608E-04   5.1265E-04   5.1567E-04 / 5.1235E-04   
720   3.146E-04   5.0155E-04   4.9847E-04   5.0116E-04 / 4.9822E-04   
730   3.146E-04   4.8769E-04   4.8600E-04   4.8730E-04 / 4.8573E-04   
740   3.146E-04   4.7435E-04   4.7225E-04   4.7393E-04 / 4.7196E-04   
750   3.146E-04   4.6190E-04   4.5954E-04   4.6144E-04 / 4.5919E-04   
760   3.146E-04   4.5015E-04   4.4879E-04   4.4966E-04 / 4.4834E-04   
770   3.146E-04   4.3920E-04   4.3781E-04   4.3872E-04 / 4.3733E-04   
780   3.146E-04   4.2775E-04   4.2767E-04   4.2717E-04 / 4.2708E-04   
790   3.146E-04   4.1740E-04   4.1724E-04   4.1679E-04 / 4.1663E-04   
800   3.146E-04   4.0752E-04   4.0778E-04   4.0697E-04 / 4.0727E-04   
810   3.146E-04   3.9771E-04   3.9866E-04   3.9718E-04 / 3.9823E-04   
820   3.146E-04   3.8824E-04   3.8964E-04   3.8770E-04 / 3.8928E-04   
830   3.146E-04   3.7935E-04   3.8097E-04   3.7890E-04 / 3.8071E-04   
840   3.146E-04   3.7050E-04   3.7291E-04   3.7004E-04 / 3.7265E-04   
850   3.146E-04   3.6226E-04   3.6514E-04   3.6185E-04 / 3.6490E-04   
860   3.146E-04   3.5422E-04   3.5839E-04   3.5388E-04 / 3.5816E-04   
870   3.146E-04   3.4641E-04   3.5071E-04   3.4611E-04 / 3.5048E-04   
880   3.146E-04   3.3896E-04   3.4318E-04   3.3872E-04 / 3.4297E-04   
890   3.146E-04   3.3194E-04   3.3850E-04   3.3165E-04 / 3.3823E-04   
900   3.146E-04   3.2505E-04   3.3123E-04   3.2477E-04 / 3.3096E-04   
910   3.146E-04   3.1824E-04   3.2569E-04   3.1788E-04 / 3.2533E-04   
920   3.146E-04   3.1191E-04   3.1972E-04   3.1164E-04 / 3.1944E-04   
930   3.146E-04   3.0599E-04   3.1440E-04   3.0570E-04 / 3.1410E-04   
940   3.146E-04   2.9995E-04   3.0937E-04   2.9969E-04 / 3.0912E-04   
950   3.146E-04   2.9407E-04   3.0326E-04   2.9382E-04 / 3.0302E-04   
960   3.146E-04   2.8813E-04   2.9956E-04   2.8785E-04 / 2.9932E-04   
970   3.146E-04   2.8288E-04   2.9486E-04   2.8260E-04 / 2.9463E-04   
980   3.146E-04   2.7761E-04   2.9070E-04   2.7741E-04 / 2.9056E-04   
990   3.146E-04   2.7232E-04   2.8647E-04   2.7209E-04 / 2.8632E-04   
1000   3.146E-04   2.6743E-04   2.8314E-04   2.6726E-04 / 2.8304E-04   
1010   3.146E-04   2.6242E-04   2.7942E-04   2.6227E-04 / 2.7933E-04   
1020   3.146E-04   2.5786E-04   2.7349E-04   2.5770E-04 / 2.7339E-04   
1030   3.146E-04   2.5335E-04   2.7024E-04   2.5320E-04 / 2.7015E-04   
1040   3.146E-04   2.4914E-04   2.6852E-04   2.4894E-04 / 2.6839E-04   
1050   3.146E-04   2.4497E-04   2.6445E-04   2.4480E-04 / 2.6434E-04   
1060   3.146E-04   2.4100E-04   2.6109E-04   2.4080E-04 / 2.6095E-04   
1070   3.146E-04   2.3742E-04   2.5747E-04   2.3722E-04 / 2.5734E-04   
1080   3.146E-04   2.3415E-04   2.5637E-04   2.3397E-04 / 2.5627E-04   
1090   3.146E-04   2.3007E-04   2.5327E-04   2.2990E-04 / 2.5317E-04   
1100   3.146E-04   2.2710E-04   2.5108E-04   2.2694E-04 / 2.5100E-04   
1110   3.146E-04   2.2397E-04   2.4788E-04   2.2378E-04 / 2.4777E-04   
1120   3.146E-04   2.2087E-04   2.4744E-04   2.2070E-04 / 2.4735E-04   
1130   3.146E-04   2.1766E-04   2.4524E-04   2.1750E-04 / 2.4515E-04   
1140   3.146E-04   2.1482E-04   2.4373E-04   2.1466E-04 / 2.4364E-04   
1150   3.146E-04   2.1187E-04   2.4036E-04   2.1173E-04 / 2.4029E-04   
1160   3.146E-04   2.0901E-04   2.3696E-04   2.0887E-04 / 2.3688E-04   
1170   3.146E-04   2.0667E-04   2.3518E-04   2.0653E-04 / 2.3509E-04   
1180   3.146E-04   2.0359E-04   2.3394E-04   2.0343E-04 / 2.3382E-04   
1190   3.146E-04   2.0139E-04   2.3077E-04   2.0127E-04 / 2.3067E-04   
1200   3.146E-04   1.9870E-04   2.3062E-04   1.9858E-04 / 2.3051E-04   
1210   3.146E-04   1.9632E-04   2.2936E-04   1.9619E-04 / 2.2923E-04   
1220   3.146E-04   1.9446E-04   2.2763E-04   1.9432E-04 / 2.2749E-04   
1230   3.146E-04   1.9219E-04   2.2420E-04   1.9204E-04 / 2.2403E-04   
1240   3.146E-04   1.9039E-04   2.2559E-04   1.9022E-04 / 2.2541E-04   
1250   3.146E-04   1.8804E-04   2.2154E-04   1.8788E-04 / 2.2137E-04   
1260   3.146E-04   1.8591E-04   2.2047E-04   1.8571E-04 / 2.2026E-04   
1270   3.146E-04   1.8389E-04   2.1788E-04   1.8371E-04 / 2.1770E-04   
1280   3.146E-04   1.8185E-04   2.1601E-04   1.8167E-04 / 2.1583E-04   
1290   3.146E-04   1.8103E-04   2.1831E-04   1.8085E-04 / 2.1814E-04   
1300   3.146E-04   1.7873E-04   2.1308E-04   1.7854E-04 / 2.1291E-04   
1310   3.146E-04   1.7678E-04   2.1353E-04   1.7656E-04 / 2.1334E-04   
1320   3.146E-04   1.7473E-04   2.1007E-04   1.7451E-04 / 2.0988E-04   
1330   3.146E-04   1.7300E-04   2.0831E-04   1.7283E-04 / 2.0818E-04   
1340   3.146E-04   1.7211E-04   2.0607E-04   1.7192E-04 / 2.0594E-04   
1350   3.146E-04   1.6976E-04   2.0700E-04   1.6955E-04 / 2.0684E-04   
1360   3.146E-04   1.6826E-04   2.0460E-04   1.6806E-04 / 2.0447E-04   
1370   3.146E-04   1.6700E-04   2.0328E-04   1.6682E-04 / 2.0317E-04   
1380   3.146E-04   1.6504E-04   2.0217E-04   1.6486E-04 / 2.0206E-04   
1390   3.146E-04   1.6359E-04   1.9990E-04   1.6341E-04 / 1.9979E-04   
1400   3.146E-04   1.6230E-04   1.9792E-04   1.6211E-04 / 1.9781E-04   
1410   3.146E-04   1.6097E-04   1.9882E-04   1.6081E-04 / 1.9872E-04   
1420   3.146E-04   1.5961E-04   1.9778E-04   1.5942E-04 / 1.9766E-04   
1430   3.146E-04   1.5800E-04   1.9553E-04   1.5782E-04 / 1.9542E-04   
1440   3.146E-04   1.5673E-04   1.9522E-04   1.5657E-04 / 1.9511E-04   
1450   3.146E-04   1.5539E-04   1.9317E-04   1.5521E-04 / 1.9305E-04   
1460   3.146E-04   1.5387E-04   1.9227E-04   1.5371E-04 / 1.9215E-04   
1470   3.146E-04   1.5307E-04   1.9370E-04   1.5291E-04 / 1.9358E-04   
1480   3.146E-04   1.5160E-04   1.9027E-04   1.5144E-04 / 1.9014E-04   
1490   3.146E-04   1.5059E-04   1.8998E-04   1.5043E-04 / 1.8984E-04   
1500   3.146E-04   1.4915E-04   1.8957E-04   1.4899E-04 / 1.8942E-04   
1510   3.146E-04   1.4809E-04   1.8780E-04   1.4795E-04 / 1.8767E-04   
1520   3.146E-04   1.4686E-04   1.8824E-04   1.4671E-04 / 1.8809E-04   
1530   3.146E-04   1.4609E-04   1.8801E-04   1.4593E-04 / 1.8784E-04   
1540   3.146E-04   1.4518E-04   1.8601E-04   1.4500E-04 / 1.8583E-04   
1550   3.146E-04   1.4521E-04   1.8755E-04   1.4503E-04 / 1.8738E-04   
1560   3.146E-04   1.4269E-04   1.8355E-04   1.4252E-04 / 1.8337E-04   
1570   3.146E-04   1.4170E-04   1.8302E-04   1.4150E-04 / 1.8282E-04   
1580   3.146E-04   1.4101E-04   1.8346E-04   1.4083E-04 / 1.8328E-04   
1590   3.146E-04   1.4182E-04   1.8770E-04   1.4158E-04 / 1.8747E-04   
1600   3.146E-04   1.3910E-04   1.8394E-04   1.3889E-04 / 1.8375E-04   
1610   3.146E-04   1.3773E-04   1.8120E-04   1.3751E-04 / 1.8100E-04   
1620   3.146E-04   1.3695E-04   1.8181E-04   1.3675E-04 / 1.8163E-04   
1630   3.146E-04   1.3580E-04   1.8116E-04   1.3561E-04 / 1.8101E-04   
1640   3.146E-04   1.3507E-04   1.8012E-04   1.3486E-04 / 1.7995E-04   
1650   3.146E-04   1.3426E-04   1.8088E-04   1.3407E-04 / 1.8074E-04   
1660   3.146E-04   1.3351E-04   1.7979E-04   1.3328E-04 / 1.7962E-04   
1670   3.146E-04   1.3239E-04   1.8036E-04   1.3217E-04 / 1.8020E-04   
1680   3.146E-04   1.3151E-04   1.7883E-04   1.3130E-04 / 1.7870E-04   
1690   3.146E-04   1.3087E-04   1.7916E-04   1.3063E-04 / 1.7900E-04   
1700   3.146E-04   1.3012E-04   1.7976E-04   1.2986E-04 / 1.7960E-04   
1710   3.146E-04   1.2964E-04   1.7718E-04   1.2941E-04 / 1.7705E-04   
1720   3.146E-04   1.2865E-04   1.7860E-04   1.2842E-04 / 1.7847E-04   
1730   3.146E-04   1.2815E-04   1.7864E-04   1.2791E-04 / 1.7851E-04   
1740   3.146E-04   1.2790E-04   1.7928E-04   1.2766E-04 / 1.7916E-04   
1750   3.146E-04   1.2619E-04   1.7894E-04   1.2594E-04 / 1.7881E-04   
1760   3.146E-04   1.2589E-04   1.7717E-04   1.2564E-04 / 1.7705E-04   
1770   3.146E-04   1.2637E-04   1.8222E-04   1.2614E-04 / 1.8211E-04   
1780   3.146E-04   1.2427E-04   1.7612E-04   1.2401E-04 / 1.7601E-04   
1790   3.146E-04   1.2339E-04   1.7739E-04   1.2316E-04 / 1.7729E-04   
1800   3.146E-04   1.2268E-04   1.7738E-04   1.2246E-04 / 1.7728E-04   
1810   3.146E-04   1.2208E-04   1.7605E-04   1.2184E-04 / 1.7594E-04   
1820   3.146E-04   1.2184E-04   1.7795E-04   1.2161E-04 / 1.7785E-04   
1830   3.146E-04   1.2104E-04   1.7294E-04   1.2082E-04 / 1.7285E-04   
1840   3.146E-04   1.1995E-04   1.7778E-04   1.1974E-04 / 1.7768E-04   
1850   3.146E-04   1.1939E-04   1.7707E-04   1.1917E-04 / 1.7697E-04   
1860   3.146E-04   1.2007E-04   1.7900E-04   1.1985E-04 / 1.7889E-04   
1870   3.146E-04   1.1858E-04   1.7957E-04   1.1838E-04 / 1.7947E-04   
1880   3.146E-04   1.1756E-04   1.7534E-04   1.1735E-04 / 1.7522E-04   
1890   3.146E-04   1.1704E-04   1.7590E-04   1.1681E-04 / 1.7577E-04   
1900   3.146E-04   1.1644E-04   1.7749E-04   1.1622E-04 / 1.7736E-04   
1910   3.146E-04   1.1559E-04   1.7525E-04   1.1540E-04 / 1.7512E-04   
1920   3.146E-04   1.1533E-04   1.7442E-04   1.1511E-04 / 1.7426E-04   
1930   3.146E-04   1.1453E-04   1.7433E-04   1.1432E-04 / 1.7417E-04   
1940   3.146E-04   1.1436E-04   1.7537E-04   1.1414E-04 / 1.7519E-04   
1950   3.146E-04   1.1347E-04   1.7483E-04   1.1325E-04 / 1.7464E-04   
1960   3.146E-04   1.1301E-04   1.7625E-04   1.1280E-04 / 1.7606E-04   
1970   3.146E-04   1.1244E-04   1.7492E-04   1.1224E-04 / 1.7474E-04   
1980   3.146E-04   1.1183E-04   1.7554E-04   1.1167E-04 / 1.7537E-04   
1990   3.146E-04   1.1148E-04   1.7738E-04   1.1129E-04 / 1.7718E-04   
2000   3.146E-04   1.1112E-04   1.7670E-04   1.1095E-04 / 1.7651E-04   
2010   3.146E-04   1.1018E-04   1.7353E-04   1.0997E-04 / 1.7330E-04   
2020   3.146E-04   1.0974E-04   1.7204E-04   1.0954E-04 / 1.7182E-04   
2030   3.146E-04   1.0946E-04   1.7293E-04   1.0928E-04 / 1.7271E-04   
2040   3.146E-04   1.0878E-04   1.7507E-04   1.0858E-04 / 1.7483E-04   
2050   3.146E-04   1.0839E-04   1.7397E-04   1.0818E-04 / 1.7372E-04   
2060   3.146E-04   1.0800E-04   1.7556E-04   1.0780E-04 / 1.7531E-04   
2070   3.146E-04   1.0732E-04   1.7251E-04   1.0712E-04 / 1.7226E-04   
2080   3.146E-04   1.0668E-04   1.7362E-04   1.0646E-04 / 1.7336E-04   
2090   3.146E-04   1.0658E-04   1.7063E-04   1.0635E-04 / 1.7034E-04   
2100   3.146E-04   1.0872E-04   1.7505E-04   1.0852E-04 / 1.7481E-04   
2110   3.146E-04   1.0562E-04   1.7204E-04   1.0541E-04 / 1.7177E-04   
2120   3.146E-04   1.0569E-04   1.7320E-04   1.0548E-04 / 1.7293E-04   
2130   3.146E-04   1.0439E-04   1.7178E-04   1.0418E-04 / 1.7151E-04   
2140   3.146E-04   1.0488E-04   1.7308E-04   1.0465E-04 / 1.7279E-04   
2150   3.146E-04   1.0370E-04   1.7084E-04   1.0350E-04 / 1.7059E-04   
2160   3.146E-04   1.0293E-04   1.7011E-04   1.0272E-04 / 1.6984E-04   
2170   3.146E-04   1.0290E-04   1.6898E-04   1.0266E-04 / 1.6868E-04   
2180   3.146E-04   1.0264E-04   1.7035E-04   1.0241E-04 / 1.7006E-04   
2190   3.146E-04   1.0187E-04   1.6926E-04   1.0162E-04 / 1.6896E-04   
2200   3.146E-04   1.0151E-04   1.6984E-04   1.0130E-04 / 1.6958E-04   
2210   3.146E-04   1.0173E-04   1.6935E-04   1.0148E-04 / 1.6907E-04   
2220   3.146E-04   1.0064E-04   1.6990E-04   1.0039E-04 / 1.6961E-04   
2230   3.146E-04   1.0050E-04   1.7086E-04   1.0028E-04 / 1.7060E-04   
2240   3.146E-04   1.0079E-04   1.7114E-04   1.0056E-04 / 1.7087E-04   
2250   3.146E-04   9.9422E-05   1.6962E-04   9.9181E-05 / 1.6934E-04   
2260   3.146E-04   9.9145E-05   1.6705E-04   9.8927E-05 / 1.6680E-04   
2270   3.146E-04   9.8709E-05   1.6693E-04   9.8487E-05 / 1.6668E-04   
2280   3.146E-04   9.8570E-05   1.6732E-04   9.8313E-05 / 1.6704E-04   
2290   3.146E-04   9.9074E-05   1.6414E-04   9.8827E-05 / 1.6387E-04   
2300   3.146E-04   9.7913E-05   1.7014E-04   9.7698E-05 / 1.6991E-04   
2310   3.146E-04   9.7881E-05   1.6493E-04   9.7654E-05 / 1.6469E-04   
2320   3.146E-04   9.8175E-05   1.6882E-04   9.7908E-05 / 1.6854E-04   
2330   3.146E-04   9.6656E-05   1.6543E-04   9.6437E-05 / 1.6521E-04   
2340   3.146E-04   9.6309E-05   1.6533E-04   9.6088E-05 / 1.6511E-04   
2350   3.146E-04   9.6869E-05   1.6646E-04   9.6630E-05 / 1.6623E-04   
2360   3.146E-04   9.5366E-05   1.6671E-04   9.5123E-05 / 1.6648E-04   
2370   3.146E-04   9.5340E-05   1.6687E-04   9.5112E-05 / 1.6665E-04   
2380   3.146E-04   9.4697E-05   1.6750E-04   9.4449E-05 / 1.6726E-04   
2390   3.146E-04   9.4487E-05   1.6595E-04   9.4256E-05 / 1.6573E-04   
2400   3.146E-04   9.4506E-05   1.6529E-04   9.4281E-05 / 1.6509E-04   
2410   3.146E-04   9.4217E-05   1.6596E-04   9.3987E-05 / 1.6576E-04   
2420   3.146E-04   9.4003E-05   1.6463E-04   9.3782E-05 / 1.6444E-04   
2430   3.146E-04   9.3087E-05   1.6702E-04   9.2852E-05 / 1.6681E-04   
2440   3.146E-04   9.3318E-05   1.6834E-04   9.3069E-05 / 1.6813E-04   
2450   3.146E-04   9.2652E-05   1.6465E-04   9.2417E-05 / 1.6445E-04   
2460   3.146E-04   9.2144E-05   1.6430E-04   9.1925E-05 / 1.6412E-04   
2470   3.146E-04   9.2213E-05   1.6593E-04   9.1975E-05 / 1.6574E-04   
2480   3.146E-04   9.1524E-05   1.6462E-04   9.1287E-05 / 1.6443E-04   
2490   3.146E-04   9.1070E-05   1.6324E-04   9.0823E-05 / 1.6304E-04   
2500   3.146E-04   9.0756E-05   1.6540E-04   9.0500E-05 / 1.6520E-04   
2510   3.146E-04   9.1319E-05   1.6930E-04   9.1104E-05 / 1.6914E-04   
2520   3.146E-04   9.0526E-05   1.6487E-04   9.0282E-05 / 1.6469E-04   
2530   3.146E-04   8.9774E-05   1.6325E-04   8.9542E-05 / 1.6308E-04   
2540   3.146E-04   8.9692E-05   1.6491E-04   8.9498E-05 / 1.6478E-04   
2550   3.146E-04   8.9374E-05   1.6646E-04   8.9115E-05 / 1.6627E-04   
2560   3.146E-04   8.8610E-05   1.6387E-04   8.8405E-05 / 1.6373E-04   
2570   3.146E-04   8.8597E-05   1.6277E-04   8.8416E-05 / 1.6266E-04   
2580   3.146E-04   8.8178E-05   1.6399E-04   8.7965E-05 / 1.6385E-04   
2590   3.146E-04   8.8114E-05   1.6349E-04   8.7909E-05 / 1.6336E-04   
2600   3.146E-04   8.7781E-05   1.6286E-04   8.7578E-05 / 1.6274E-04   
2610   3.146E-04   8.8076E-05   1.6519E-04   8.7876E-05 / 1.6507E-04   
2620   3.146E-04   8.8346E-05   1.6535E-04   8.8138E-05 / 1.6522E-04   
2630   3.146E-04   8.6969E-05   1.6222E-04   8.6765E-05 / 1.6211E-04   
2640   3.146E-04   8.6091E-05   1.6164E-04   8.5885E-05 / 1.6152E-04   
2650   3.146E-04   8.5866E-05   1.6186E-04   8.5648E-05 / 1.6173E-04   
2660   3.146E-04   8.6685E-05   1.6356E-04   8.6476E-05 / 1.6344E-04   
2670   3.146E-04   8.6072E-05   1.6214E-04   8.5864E-05 / 1.6202E-04   
2680   3.146E-04   8.4999E-05   1.6143E-04   8.4801E-05 / 1.6133E-04   
2690   3.146E-04   8.5012E-05   1.6217E-04   8.4803E-05 / 1.6206E-04   
2700   3.146E-04   8.4958E-05   1.6248E-04   8.4766E-05 / 1.6239E-04   
2710   3.146E-04   8.4677E-05   1.6195E-04   8.4499E-05 / 1.6187E-04   
2720   3.146E-04   8.4055E-05   1.6177E-04   8.3864E-05 / 1.6168E-04   
2730   3.146E-04   8.3639E-05   1.6052E-04   8.3452E-05 / 1.6044E-04   
2740   3.146E-04   8.3466E-05   1.6063E-04   8.3281E-05 / 1.6054E-04   
2750   3.146E-04   8.5870E-05   1.6167E-04   8.5722E-05 / 1.6162E-04   
2760   3.146E-04   8.3030E-05   1.6153E-04   8.2837E-05 / 1.6144E-04   
2770   3.146E-04   8.2526E-05   1.5846E-04   8.2349E-05 / 1.5839E-04   
2780   3.146E-04   8.2104E-05   1.5899E-04   8.1908E-05 / 1.5891E-04   
2790   3.146E-04   8.2406E-05   1.6101E-04   8.2176E-05 / 1.6091E-04   
2800   3.146E-04   8.1958E-05   1.6266E-04   8.1788E-05 / 1.6259E-04   
2810   3.146E-04   8.1844E-05   1.6309E-04   8.1676E-05 / 1.6303E-04   
2820   3.146E-04   8.1650E-05   1.5678E-04   8.1487E-05 / 1.5672E-04   
2830   3.146E-04   8.1264E-05   1.6155E-04   8.1093E-05 / 1.6149E-04   
2840   3.146E-04   8.0906E-05   1.6051E-04   8.0749E-05 / 1.6046E-04   
2850   3.146E-04   8.0420E-05   1.5593E-04   8.0244E-05 / 1.5586E-04   
2860   3.146E-04   8.0189E-05   1.5777E-04   8.0030E-05 / 1.5771E-04   
2870   3.146E-04   8.0251E-05   1.5965E-04   8.0112E-05 / 1.5960E-04   
2880   3.146E-04   8.0549E-05   1.6030E-04   8.0353E-05 / 1.6022E-04   
2890   3.146E-04   7.9464E-05   1.5986E-04   7.9329E-05 / 1.5982E-04   
2900   3.146E-04   7.9433E-05   1.5940E-04   7.9272E-05 / 1.5934E-04   
2910   3.146E-04   7.9009E-05   1.5677E-04   7.8854E-05 / 1.5672E-04   
2920   3.146E-04   7.8579E-05   1.5670E-04   7.8442E-05 / 1.5666E-04   
2930   3.146E-04   7.9465E-05   1.5518E-04   7.9308E-05 / 1.5512E-04   
2940   3.146E-04   7.8258E-05   1.5858E-04   7.8089E-05 / 1.5852E-04   
2950   3.146E-04   7.7652E-05   1.5867E-04   7.7510E-05 / 1.5862E-04   
2960   3.146E-04   7.7500E-05   1.5747E-04   7.7348E-05 / 1.5741E-04   
2970   3.146E-04   7.7828E-05   1.5997E-04   7.7712E-05 / 1.5993E-04   
2980   3.146E-04   7.8800E-05   1.5601E-04   7.8685E-05 / 1.5598E-04   
2990   3.146E-04   7.7129E-05   1.5509E-04   7.6986E-05 / 1.5504E-04   
3000   3.146E-04   7.6377E-05   1.5417E-04   7.6243E-05 / 1.5411E-04   
3010   3.146E-04   7.6999E-05   1.5818E-04   7.6872E-05 / 1.5813E-04   
3020   3.146E-04   7.6215E-05   1.5669E-04   7.6086E-05 / 1.5663E-04   
3030   3.146E-04   7.5931E-05   1.5982E-04   7.5808E-05 / 1.5977E-04   
3040   3.146E-04   7.6376E-05   1.5718E-04   7.6215E-05 / 1.5710E-04   
3050   3.146E-04   7.5304E-05   1.5537E-04   7.5158E-05 / 1.5530E-04   
3060   3.146E-04   7.5127E-05   1.5712E-04   7.5008E-05 / 1.5706E-04   
3070   3.146E-04   7.4690E-05   1.5878E-04   7.4564E-05 / 1.5872E-04   
3080   3.146E-04   7.5133E-05   1.5833E-04   7.5037E-05 / 1.5828E-04   
3090   3.146E-04   7.4218E-05   1.5695E-04   7.4102E-05 / 1.5689E-04   
3100   3.146E-04   7.4147E-05   1.5910E-04   7.4031E-05 / 1.5903E-04   
3110   3.146E-04   7.4436E-05   1.5646E-04   7.4333E-05 / 1.5640E-04   
3120   3.146E-04   7.3390E-05   1.5674E-04   7.3295E-05 / 1.5669E-04   
3130   3.146E-04   7.4556E-05   1.5366E-04   7.4461E-05 / 1.5361E-04   
3140   3.146E-04   7.4184E-05   1.5907E-04   7.4091E-05 / 1.5902E-04   
3150   3.146E-04   7.3215E-05   1.5692E-04   7.3113E-05 / 1.5686E-04   
3160   3.146E-04   7.4327E-05   1.5503E-04   7.4244E-05 / 1.5499E-04   
3170   3.146E-04   7.2437E-05   1.5500E-04   7.2329E-05 / 1.5492E-04   
3180   3.146E-04   7.2373E-05   1.5670E-04   7.2267E-05 / 1.5663E-04   
3190   3.146E-04   7.1844E-05   1.5392E-04   7.1749E-05 / 1.5386E-04   
3200   3.146E-04   7.1490E-05   1.5292E-04   7.1393E-05 / 1.5286E-04   
3210   3.146E-04   7.2031E-05   1.5331E-04   7.1939E-05 / 1.5324E-04   
3220   3.146E-04   7.1025E-05   1.5459E-04   7.0949E-05 / 1.5454E-04   
3230   3.146E-04   7.1438E-05   1.5492E-04   7.1345E-05 / 1.5485E-04   
3240   3.146E-04   7.0886E-05   1.5325E-04   7.0792E-05 / 1.5318E-04   
3250   3.146E-04   7.2331E-05   1.6018E-04   7.2237E-05 / 1.6011E-04   
3260   3.146E-04   7.1976E-05   1.5732E-04   7.1879E-05 / 1.5725E-04   
3270   3.146E-04   6.9994E-05   1.5209E-04   6.9900E-05 / 1.5201E-04   
3280   3.146E-04   6.9914E-05   1.5193E-04   6.9838E-05 / 1.5187E-04   
3290   3.146E-04   7.0523E-05   1.5407E-04   7.0441E-05 / 1.5400E-04   
3300   3.146E-04   6.9813E-05   1.5252E-04   6.9723E-05 / 1.5244E-04   
3310   3.146E-04   6.9571E-05   1.5556E-04   6.9511E-05 / 1.5550E-04   
3320   3.146E-04   6.9847E-05   1.5035E-04   6.9770E-05 / 1.5028E-04   
3330   3.146E-04   7.1145E-05   1.5540E-04   7.1060E-05 / 1.5532E-04   
3340   3.146E-04   6.8382E-05   1.5415E-04   6.8298E-05 / 1.5408E-04   
3350   3.146E-04   6.8822E-05   1.4765E-04   6.8740E-05 / 1.4757E-04   
3360   3.146E-04   6.9187E-05   1.5811E-04   6.9108E-05 / 1.5804E-04   
3370   3.146E-04   6.8281E-05   1.5120E-04   6.8210E-05 / 1.5114E-04   
3380   3.146E-04   6.8506E-05   1.5472E-04   6.8445E-05 / 1.5467E-04   
3390   3.146E-04   6.7418E-05   1.5078E-04   6.7359E-05 / 1.5072E-04   
3400   3.146E-04   6.7476E-05   1.5123E-04   6.7399E-05 / 1.5116E-04   
3410   3.146E-04   6.7982E-05   1.5299E-04   6.7903E-05 / 1.5291E-04   
3420   3.146E-04   6.7167E-05   1.5573E-04   6.7103E-05 / 1.5567E-04   
3430   3.146E-04   6.7151E-05   1.5155E-04   6.7074E-05 / 1.5147E-04   
3440   3.146E-04   6.7211E-05   1.5576E-04   6.7136E-05 / 1.5569E-04   
3450   3.146E-04   6.6479E-05   1.5425E-04   6.6411E-05 / 1.5418E-04   
3460   3.146E-04   6.6366E-05   1.5237E-04   6.6297E-05 / 1.5230E-04   
3470   3.146E-04   6.6042E-05   1.5056E-04   6.5968E-05 / 1.5050E-04   
3480   3.146E-04   6.5938E-05   1.5050E-04   6.5881E-05 / 1.5045E-04   
3490   3.146E-04   6.5769E-05   1.4934E-04   6.5692E-05 / 1.4926E-04   
3500   3.146E-04   6.5606E-05   1.4842E-04   6.5522E-05 / 1.4835E-04   
3510   3.146E-04   6.5256E-05   1.5119E-04   6.5190E-05 / 1.5112E-04   
3520   3.146E-04   6.5339E-05   1.5069E-04   6.5265E-05 / 1.5062E-04   
3530   3.146E-04   6.4752E-05   1.5131E-04   6.4699E-05 / 1.5126E-04   
3540   3.146E-04   6.4916E-05   1.5265E-04   6.4845E-05 / 1.5259E-04   
3550   3.146E-04   6.4854E-05   1.4799E-04   6.4776E-05 / 1.4792E-04   
3560   3.146E-04   6.4482E-05   1.5156E-04   6.4420E-05 / 1.5150E-04   
3570   3.146E-04   6.4631E-05   1.5233E-04   6.4559E-05 / 1.5226E-04   
3580   3.146E-04   6.4022E-05   1.4963E-04   6.3951E-05 / 1.4957E-04   
3590   3.146E-04   6.4348E-05   1.4501E-04   6.4268E-05 / 1.4493E-04   
3600   3.146E-04   6.3859E-05   1.4902E-04   6.3781E-05 / 1.4895E-04   
3610   3.146E-04   6.4116E-05   1.4860E-04   6.4051E-05 / 1.4854E-04   
3620   3.146E-04   6.3514E-05   1.5166E-04   6.3454E-05 / 1.5161E-04   
3630   3.146E-04   6.3396E-05   1.5225E-04   6.3324E-05 / 1.5219E-04   
3640   3.146E-04   6.3176E-05   1.4867E-04   6.3098E-05 / 1.4860E-04   
3650   3.146E-04   6.5386E-05   1.5825E-04   6.5306E-05 / 1.5818E-04   
3660   3.146E-04   6.2583E-05   1.4910E-04   6.2508E-05 / 1.4903E-04   
3670   3.146E-04   6.3209E-05   1.4987E-04   6.3141E-05 / 1.4981E-04   
3680   3.146E-04   6.2530E-05   1.4743E-04   6.2466E-05 / 1.4739E-04   
3690   3.146E-04   6.2811E-05   1.5014E-04   6.2740E-05 / 1.5008E-04   
3700   3.146E-04   6.2265E-05   1.5144E-04   6.2193E-05 / 1.5138E-04   
3710   3.146E-04   6.2343E-05   1.5359E-04   6.2280E-05 / 1.5354E-04   
3720   3.146E-04   6.1582E-05   1.5248E-04   6.1501E-05 / 1.5241E-04   
3730   3.146E-04   6.1267E-05   1.5039E-04   6.1197E-05 / 1.5034E-04   
3740   3.146E-04   6.1437E-05   1.4927E-04   6.1369E-05 / 1.4922E-04   
3750   3.146E-04   6.1486E-05   1.5215E-04   6.1423E-05 / 1.5210E-04   
3760   3.146E-04   6.1068E-05   1.4710E-04   6.0999E-05 / 1.4706E-04   
3770   3.146E-04   6.2088E-05   1.4667E-04   6.2020E-05 / 1.4663E-04   
3780   3.146E-04   6.1380E-05   1.5039E-04   6.1326E-05 / 1.5036E-04   
3790   3.146E-04   6.0410E-05   1.5014E-04   6.0345E-05 / 1.5010E-04   
3800   3.146E-04   6.1892E-05   1.5111E-04   6.1824E-05 / 1.5106E-04   
3810   3.146E-04   6.0598E-05   1.4930E-04   6.0532E-05 / 1.4926E-04   
3820   3.146E-04   6.0286E-05   1.5404E-04   6.0218E-05 / 1.5401E-04   
3830   3.146E-04   5.9885E-05   1.4976E-04   5.9828E-05 / 1.4972E-04   
3840   3.146E-04   5.9771E-05   1.4894E-04   5.9702E-05 / 1.4889E-04   
3850   3.146E-04   5.9846E-05   1.4726E-04   5.9778E-05 / 1.4722E-04   
3860   3.146E-04   5.9937E-05   1.5115E-04   5.9873E-05 / 1.5112E-04   
3870   3.146E-04   5.9200E-05   1.4933E-04   5.9133E-05 / 1.4930E-04   
3880   3.146E-04   5.9654E-05   1.5012E-04   5.9580E-05 / 1.5008E-04   
3890   3.146E-04   5.9319E-05   1.4852E-04   5.9216E-05 / 1.4845E-04   
3900   3.146E-04   5.8933E-05   1.4726E-04   5.8865E-05 / 1.4723E-04   
3910   3.146E-04   5.8773E-05   1.4748E-04   5.8689E-05 / 1.4744E-04   
3920   3.146E-04   5.8944E-05   1.4849E-04   5.8872E-05 / 1.4846E-04   
3930   3.146E-04   5.8493E-05   1.4798E-04   5.8427E-05 / 1.4795E-04   
3940   3.146E-04   5.8029E-05   1.4825E-04   5.7961E-05 / 1.4823E-04   
3950   3.146E-04   5.8253E-05   1.5252E-04   5.8174E-05 / 1.5248E-04   
3960   3.146E-04   5.8692E-05   1.4798E-04   5.8618E-05 / 1.4795E-04   
3970   3.146E-04   5.7875E-05   1.4915E-04   5.7809E-05 / 1.4912E-04   
3980   3.146E-04   5.9579E-05   1.4340E-04   5.9512E-05 / 1.4338E-04   
3990   3.146E-04   5.7399E-05   1.4695E-04   5.7334E-05 / 1.4693E-04   
4000   3.146E-04   5.8580E-05   1.5395E-04   5.8516E-05 / 1.5393E-04   
4010   3.146E-04   5.7444E-05   1.4723E-04   5.7364E-05 / 1.4720E-04   
4020   3.146E-04   5.7140E-05   1.4817E-04   5.7081E-05 / 1.4816E-04   
4030   3.146E-04   5.6840E-05   1.4983E-04   5.6780E-05 / 1.4981E-04   
4040   3.146E-04   5.6974E-05   1.4828E-04   5.6905E-05 / 1.4826E-04   
4050   3.146E-04   5.6473E-05   1.4750E-04   5.6397E-05 / 1.4747E-04   
4060   3.146E-04   5.6492E-05   1.5108E-04   5.6432E-05 / 1.5106E-04   
4070   3.146E-04   5.6813E-05   1.4730E-04   5.6741E-05 / 1.4727E-04   
4080   3.146E-04   5.6441E-05   1.5169E-04   5.6387E-05 / 1.5168E-04   
4090   3.146E-04   5.6350E-05   1.4938E-04   5.6290E-05 / 1.4936E-04   
4100   3.146E-04   5.7603E-05   1.5272E-04   5.7549E-05 / 1.5270E-04   
4110   3.146E-04   5.7932E-05   1.5246E-04   5.7867E-05 / 1.5244E-04   
4120   3.146E-04   5.5998E-05   1.5127E-04   5.5937E-05 / 1.5126E-04   
4130   3.146E-04   5.5589E-05   1.4987E-04   5.5523E-05 / 1.4985E-04   
4140   3.146E-04   5.5377E-05   1.4843E-04   5.5320E-05 / 1.4842E-04   
4150   3.146E-04   5.6002E-05   1.4848E-04   5.5944E-05 / 1.4847E-04   
4160   3.146E-04   5.5107E-05   1.4642E-04   5.5051E-05 / 1.4641E-04   
4170   3.146E-04   5.5178E-05   1.4920E-04   5.5120E-05 / 1.4918E-04   
4180   3.146E-04   5.4869E-05   1.4578E-04   5.4806E-05 / 1.4576E-04   
4190   3.146E-04   5.4894E-05   1.5040E-04   5.4832E-05 / 1.5038E-04   
4200   3.146E-04   5.4755E-05   1.4617E-04   5.4698E-05 / 1.4615E-04   
4210   3.146E-04   5.4525E-05   1.4539E-04   5.4450E-05 / 1.4536E-04   
4220   3.146E-04   5.4425E-05   1.5177E-04   5.4369E-05 / 1.5176E-04   
4230   3.146E-04   5.4588E-05   1.4581E-04   5.4524E-05 / 1.4578E-04   
4240   3.146E-04   5.4653E-05   1.4706E-04   5.4602E-05 / 1.4704E-04   
4250   3.146E-04   5.4366E-05   1.5218E-04   5.4314E-05 / 1.5216E-04   
4260   3.146E-04   5.4537E-05   1.5075E-04   5.4473E-05 / 1.5072E-04   
4268   3.146E-04   5.4937E-05   1.4642E-04   5.4883E-05 / 1.4639E-04   
BEST MODEL
===============================================================================================================
4005   3.146E-04   5.8643E-05   1.4246E-04   5.8583E-05 / 1.4244E-04   
===============================================================================================================
Saved model to /home/nikki/kan/kanTBNN/models/multi_run/kan_experiment_72_opt/kanTBNN-24Nov06_14:43:11.pickle
