========== Dataset info ==========
Dataset params: {'file': '/home/nikki/kan/data/turbulence_dataset_clean.csv', 'Cases': ['fp_1000', 'fp_1410', 'fp_2000', 'fp_2540', 'fp_3030', 'fp_3270', 'fp_3630', 'fp_3970', 'fp_4060'], 'val_set': ['fp_3030', 'fp_1410', 'fp_4060'], 'test_set': ['fp_3630'], 'data_loader': <class 'tbnn.dataloaders.aDataset'>}
Train/Valid/Test points: 760 / 468 / 168
Memorization?: False
Cluster training?: False
EPOCH     LR        TRAIN         VALID             MSE:T/V                  RL:T/V             %NR_t/%NR_v
===============================================================================================================
  1   2.664E-03   2.0793E-01   2.0493E-01   2.0793E-01 / 2.0493E-01   
 10   2.664E-03   1.3592E-02   1.2818E-02   1.3592E-02 / 1.2818E-02   
 20   2.664E-03   3.7051E-03   3.3034E-03   3.7049E-03 / 3.3034E-03   
 30   2.664E-03   2.6114E-03   2.3793E-03   2.6034E-03 / 2.3727E-03   
 40   2.664E-03   2.2045E-03   2.0295E-03   2.2019E-03 / 2.0279E-03   
 50   2.664E-03   1.9536E-03   1.8153E-03   1.9523E-03 / 1.8147E-03   
 60   2.664E-03   1.7724E-03   1.6588E-03   1.7715E-03 / 1.6581E-03   
 70   2.664E-03   1.6269E-03   1.5298E-03   1.6264E-03 / 1.5294E-03   
 80   2.664E-03   1.5083E-03   1.4247E-03   1.5079E-03 / 1.4245E-03   
 90   2.664E-03   1.4082E-03   1.3357E-03   1.4075E-03 / 1.3351E-03   
100   2.664E-03   1.3209E-03   1.2580E-03   1.3204E-03 / 1.2574E-03   
110   2.664E-03   1.2448E-03   1.1920E-03   1.2442E-03 / 1.1914E-03   
120   2.664E-03   1.1751E-03   1.1316E-03   1.1743E-03 / 1.1308E-03   
130   2.664E-03   1.1105E-03   1.0744E-03   1.1098E-03 / 1.0736E-03   
140   2.664E-03   1.0494E-03   1.0214E-03   1.0488E-03 / 1.0208E-03   
150   2.664E-03   9.9463E-04   9.7271E-04   9.9422E-04 / 9.7236E-04   
160   2.664E-03   9.4552E-04   9.2742E-04   9.4518E-04 / 9.2716E-04   
170   2.664E-03   8.9910E-04   8.8673E-04   8.9878E-04 / 8.8644E-04   
180   2.664E-03   8.5113E-04   8.5124E-04   8.5083E-04 / 8.5098E-04   
190   2.664E-03   8.0856E-04   8.0942E-04   8.0829E-04 / 8.0921E-04   
200   2.664E-03   7.6527E-04   7.6772E-04   7.6496E-04 / 7.6746E-04   
210   2.664E-03   7.2017E-04   7.2632E-04   7.2006E-04 / 7.2623E-04   
220   2.664E-03   6.7702E-04   6.8106E-04   6.7697E-04 / 6.8102E-04   
230   2.664E-03   6.3525E-04   6.3755E-04   6.3520E-04 / 6.3753E-04   
240   2.664E-03   5.9939E-04   6.0195E-04   5.9936E-04 / 6.0194E-04   
250   2.664E-03   5.6763E-04   5.6602E-04   5.6749E-04 / 5.6598E-04   
260   2.664E-03   5.3809E-04   5.3903E-04   5.3794E-04 / 5.3894E-04   
270   2.664E-03   5.1478E-04   5.1468E-04   5.1466E-04 / 5.1465E-04   
280   2.664E-03   4.9155E-04   4.9503E-04   4.9146E-04 / 4.9499E-04   
290   2.664E-03   4.6684E-04   4.6641E-04   4.6678E-04 / 4.6633E-04   
300   2.664E-03   4.4426E-04   4.4825E-04   4.4421E-04 / 4.4819E-04   
310   2.664E-03   4.2946E-04   4.3327E-04   4.2941E-04 / 4.3323E-04   
320   2.664E-03   4.1037E-04   4.1627E-04   4.1034E-04 / 4.1626E-04   
330   2.664E-03   3.9284E-04   3.9663E-04   3.9280E-04 / 3.9663E-04   
340   2.664E-03   3.7333E-04   3.7963E-04   3.7332E-04 / 3.7963E-04   
350   2.664E-03   3.6154E-04   3.6390E-04   3.6152E-04 / 3.6390E-04   
360   2.664E-03   3.5495E-04   3.6428E-04   3.5490E-04 / 3.6426E-04   
370   2.664E-03   3.3812E-04   3.4750E-04   3.3809E-04 / 3.4746E-04   
380   2.664E-03   3.3046E-04   3.3549E-04   3.3038E-04 / 3.3539E-04   
390   2.664E-03   3.3322E-04   3.4379E-04   3.3307E-04 / 3.4376E-04   
400   2.664E-03   3.0356E-04   3.1356E-04   3.0351E-04 / 3.1355E-04   
410   2.664E-03   2.9259E-04   3.0511E-04   2.9252E-04 / 3.0510E-04   
420   2.664E-03   2.8187E-04   2.9234E-04   2.8182E-04 / 2.9233E-04   
430   2.664E-03   2.7915E-04   2.8907E-04   2.7895E-04 / 2.8905E-04   
440   2.664E-03   2.7165E-04   2.8372E-04   2.7158E-04 / 2.8369E-04   
450   2.664E-03   2.5909E-04   2.7106E-04   2.5907E-04 / 2.7105E-04   
460   2.664E-03   2.5472E-04   2.6341E-04   2.5465E-04 / 2.6339E-04   
470   2.664E-03   2.4806E-04   2.5839E-04   2.4738E-04 / 2.5826E-04   
480   2.664E-03   2.4618E-04   2.5716E-04   2.4614E-04 / 2.5711E-04   
490   2.664E-03   2.3645E-04   2.4697E-04   2.3522E-04 / 2.4662E-04   
500   2.664E-03   2.2059E-04   2.3169E-04   2.2051E-04 / 2.3165E-04   
510   2.664E-03   2.1453E-04   2.3026E-04   2.1448E-04 / 2.3022E-04   
520   2.664E-03   2.0910E-04   2.2670E-04   2.0907E-04 / 2.2666E-04   
530   2.664E-03   2.0385E-04   2.1824E-04   2.0380E-04 / 2.1820E-04   
540   2.664E-03   1.9925E-04   2.1548E-04   1.9919E-04 / 2.1543E-04   
550   2.664E-03   1.9451E-04   2.0696E-04   1.9443E-04 / 2.0690E-04   
560   2.664E-03   1.9076E-04   2.0689E-04   1.9057E-04 / 2.0672E-04   
570   2.664E-03   2.0149E-04   2.1980E-04   2.0133E-04 / 2.1960E-04   
580   2.664E-03   1.7657E-04   1.9367E-04   1.7645E-04 / 1.9353E-04   
590   2.664E-03   1.7269E-04   1.8873E-04   1.7247E-04 / 1.8849E-04   
600   2.664E-03   1.7230E-04   1.8918E-04   1.7201E-04 / 1.8885E-04   
610   2.664E-03   1.6728E-04   1.8346E-04   1.6695E-04 / 1.8314E-04   
620   2.664E-03   1.6224E-04   1.7818E-04   1.6201E-04 / 1.7805E-04   
630   2.664E-03   1.5755E-04   1.7207E-04   1.5735E-04 / 1.7200E-04   
640   2.664E-03   1.5675E-04   1.7297E-04   1.5650E-04 / 1.7289E-04   
650   2.664E-03   1.6057E-04   1.7175E-04   1.6039E-04 / 1.7170E-04   
660   2.664E-03   1.4762E-04   1.6172E-04   1.4732E-04 / 1.6161E-04   
670   2.664E-03   1.4250E-04   1.6064E-04   1.4225E-04 / 1.6055E-04   
680   2.664E-03   1.4102E-04   1.5564E-04   1.4088E-04 / 1.5558E-04   
690   2.664E-03   1.6039E-04   1.6799E-04   1.6033E-04 / 1.6797E-04   
700   2.664E-03   1.4292E-04   1.5954E-04   1.4279E-04 / 1.5948E-04   
710   2.664E-03   1.2936E-04   1.4882E-04   1.2924E-04 / 1.4871E-04   
720   2.664E-03   1.3024E-04   1.4990E-04   1.3007E-04 / 1.4969E-04   
730   2.664E-03   1.2666E-04   1.4648E-04   1.2634E-04 / 1.4609E-04   
740   2.664E-03   1.2927E-04   1.4861E-04   1.2910E-04 / 1.4837E-04   
750   2.664E-03   1.1898E-04   1.3756E-04   1.1871E-04 / 1.3720E-04   
760   2.664E-03   1.2335E-04   1.4316E-04   1.2317E-04 / 1.4292E-04   
770   2.664E-03   1.1658E-04   1.3595E-04   1.1624E-04 / 1.3555E-04   
780   2.664E-03   1.1594E-04   1.3421E-04   1.1571E-04 / 1.3394E-04   
790   2.664E-03   1.1015E-04   1.2898E-04   1.0987E-04 / 1.2871E-04   
800   2.664E-03   1.3229E-04   1.5344E-04   1.3151E-04 / 1.5304E-04   
810   2.664E-03   1.2222E-04   1.4157E-04   1.2191E-04 / 1.4131E-04   
820   2.664E-03   1.0419E-04   1.2317E-04   1.0368E-04 / 1.2275E-04   
830   2.664E-03   1.0557E-04   1.2508E-04   1.0538E-04 / 1.2498E-04   
840   2.664E-03   1.0326E-04   1.2222E-04   1.0305E-04 / 1.2213E-04   
850   2.664E-03   1.0197E-04   1.1936E-04   1.0196E-04 / 1.1936E-04   
860   2.664E-03   1.0092E-04   1.2027E-04   1.0081E-04 / 1.2024E-04   
870   2.664E-03   1.3824E-04   1.5065E-04   1.3685E-04 / 1.4992E-04   
880   2.664E-03   9.3905E-05   1.1399E-04   9.3676E-05 / 1.1387E-04   
890   2.664E-03   9.1325E-05   1.0955E-04   9.1176E-05 / 1.0945E-04   
900   2.664E-03   9.0306E-05   1.1093E-04   9.0246E-05 / 1.1088E-04   
910   2.664E-03   8.7308E-05   1.0901E-04   8.7282E-05 / 1.0898E-04   
920   2.664E-03   9.1387E-05   1.1000E-04   9.1318E-05 / 1.0991E-04   
930   2.664E-03   8.5084E-05   1.0615E-04   8.4984E-05 / 1.0601E-04   
940   2.664E-03   8.4232E-05   1.0672E-04   8.4105E-05 / 1.0654E-04   
950   2.664E-03   8.5833E-05   1.0666E-04   8.5702E-05 / 1.0648E-04   
960   2.664E-03   8.3819E-05   1.0874E-04   8.3459E-05 / 1.0832E-04   
970   2.664E-03   7.9993E-05   9.8830E-05   7.9973E-05 / 9.8799E-05   
980   2.664E-03   8.2474E-05   1.0347E-04   8.2087E-05 / 1.0303E-04   
990   2.664E-03   9.0854E-05   1.0936E-04   9.0660E-05 / 1.0913E-04   
1000   2.664E-03   7.5810E-05   9.7014E-05   7.5804E-05 / 9.7014E-05   
1010   2.664E-03   7.6977E-05   9.9075E-05   7.6909E-05 / 9.9050E-05   
1020   2.664E-03   7.7932E-05   1.0139E-04   7.7362E-05 / 1.0082E-04   
1030   2.664E-03   9.2694E-05   1.0770E-04   9.2538E-05 / 1.0757E-04   
1040   2.664E-03   7.4147E-05   9.8437E-05   7.4050E-05 / 9.8375E-05   
1050   2.664E-03   8.3805E-05   1.0462E-04   8.3231E-05 / 1.0412E-04   
1060   2.664E-03   8.0915E-05   1.0401E-04   8.0682E-05 / 1.0385E-04   
1070   2.664E-03   8.5223E-05   1.0359E-04   8.5104E-05 / 1.0355E-04   
1080   2.664E-03   6.9601E-05   9.2458E-05   6.9479E-05 / 9.2409E-05   
1090   2.664E-03   7.7486E-05   9.9849E-05   7.7329E-05 / 9.9825E-05   
1100   2.664E-03   7.0633E-05   9.0563E-05   7.0492E-05 / 9.0513E-05   
1110   2.664E-03   6.5233E-05   8.8850E-05   6.5020E-05 / 8.8750E-05   
1120   2.664E-03   6.8376E-05   9.0233E-05   6.8344E-05 / 9.0230E-05   
1130   2.664E-03   7.3530E-05   9.2738E-05   7.3439E-05 / 9.2711E-05   
1140   2.664E-03   6.7330E-05   9.0765E-05   6.6527E-05 / 9.0094E-05   
1150   2.664E-03   6.7178E-05   9.0363E-05   6.6671E-05 / 8.9984E-05   
1160   2.664E-03   8.1409E-05   1.0559E-04   8.1183E-05 / 1.0545E-04   
1170   2.664E-03   6.5029E-05   8.5386E-05   6.4917E-05 / 8.5315E-05   
1180   2.664E-03   7.8817E-05   1.0840E-04   7.8718E-05 / 1.0834E-04   
1190   2.664E-03   6.6748E-05   8.8007E-05   6.6642E-05 / 8.7925E-05   
1200   2.664E-03   5.6949E-05   8.0683E-05   5.6590E-05 / 8.0389E-05   
1210   2.664E-03   6.0525E-05   8.4152E-05   6.0438E-05 / 8.4071E-05   
1220   2.664E-03   6.2208E-05   8.4555E-05   6.2186E-05 / 8.4525E-05   
1230   2.664E-03   5.6994E-05   7.8383E-05   5.6990E-05 / 7.8376E-05   
1240   2.664E-03   5.5994E-05   7.9757E-05   5.5982E-05 / 7.9757E-05   
1250   2.664E-03   5.4779E-05   8.0148E-05   5.4706E-05 / 8.0057E-05   
1260   2.664E-03   1.4474E-04   1.6747E-04   1.4422E-04 / 1.6722E-04   
1270   2.664E-03   5.4569E-05   7.6779E-05   5.4512E-05 / 7.6703E-05   
1280   2.664E-03   5.2673E-05   7.6897E-05   5.2177E-05 / 7.6418E-05   
1290   2.664E-03   5.3192E-05   7.6108E-05   5.2820E-05 / 7.5733E-05   
1300   2.664E-03   5.2931E-05   7.8104E-05   5.2816E-05 / 7.7964E-05   
1310   2.664E-03   5.0957E-05   7.5963E-05   5.0337E-05 / 7.5366E-05   
1320   2.664E-03   5.5650E-05   8.1745E-05   5.5607E-05 / 8.1683E-05   
1330   2.664E-03   5.4259E-05   7.8225E-05   5.4161E-05 / 7.8104E-05   
1340   2.664E-03   5.4516E-05   7.8792E-05   5.4516E-05 / 7.8792E-05   
1350   2.664E-03   4.8489E-05   7.2524E-05   4.8314E-05 / 7.2338E-05   
1360   2.664E-03   5.2299E-05   7.5631E-05   5.2241E-05 / 7.5563E-05   
1370   2.664E-03   5.0247E-05   7.3035E-05   5.0059E-05 / 7.2839E-05   
1380   2.664E-03   5.4571E-05   7.7357E-05   5.4565E-05 / 7.7356E-05   
1390   2.664E-03   5.4953E-05   8.1904E-05   5.4714E-05 / 8.1670E-05   
1400   2.664E-03   4.9110E-05   7.2704E-05   4.8813E-05 / 7.2426E-05   
1410   2.664E-03   5.9011E-05   8.2574E-05   5.8995E-05 / 8.2566E-05   
1420   2.664E-03   4.8716E-05   7.4382E-05   4.7958E-05 / 7.3720E-05   
1430   2.664E-03   5.7107E-05   7.5662E-05   5.7094E-05 / 7.5662E-05   
1440   2.664E-03   4.9108E-05   7.4604E-05   4.8909E-05 / 7.4435E-05   
1450   2.664E-03   4.5868E-05   6.9700E-05   4.5744E-05 / 6.9606E-05   
1460   2.664E-03   5.1046E-05   7.3600E-05   5.1043E-05 / 7.3600E-05   
1470   2.664E-03   4.3783E-05   6.7687E-05   4.3732E-05 / 6.7660E-05   
1480   2.664E-03   4.7750E-05   7.3957E-05   4.7365E-05 / 7.3642E-05   
1490   2.664E-03   5.0074E-05   7.1949E-05   4.9972E-05 / 7.1916E-05   
1500   2.664E-03   4.3153E-05   6.8692E-05   4.3140E-05 / 6.8692E-05   
1510   2.664E-03   5.5141E-05   7.9329E-05   5.4572E-05 / 7.8848E-05   
1520   2.664E-03   4.1252E-05   6.4786E-05   4.1166E-05 / 6.4747E-05   
1530   2.664E-03   6.1527E-05   7.8220E-05   6.1028E-05 / 7.8097E-05   
1540   2.664E-03   4.4737E-05   6.7180E-05   4.4357E-05 / 6.6865E-05   
1550   2.664E-03   4.0192E-05   6.4328E-05   3.9961E-05 / 6.4152E-05   
1560   2.664E-03   3.9692E-05   6.2942E-05   3.9631E-05 / 6.2919E-05   
1570   2.664E-03   4.0973E-05   6.3010E-05   4.0961E-05 / 6.3010E-05   
1580   2.664E-03   5.5156E-05   7.8629E-05   5.4929E-05 / 7.8458E-05   
1590   2.664E-03   4.0329E-05   6.4022E-05   4.0329E-05 / 6.4022E-05   
1600   2.664E-03   3.7801E-05   6.2912E-05   3.7751E-05 / 6.2888E-05   
1610   2.664E-03   3.7131E-05   6.1900E-05   3.7116E-05 / 6.1894E-05   
1620   2.664E-03   5.4688E-05   8.1955E-05   5.4509E-05 / 8.1806E-05   
1630   2.664E-03   3.6840E-05   6.2408E-05   3.6744E-05 / 6.2334E-05   
1640   2.664E-03   3.6406E-05   6.1074E-05   3.6295E-05 / 6.0983E-05   
1650   2.664E-03   3.6058E-05   6.2061E-05   3.5795E-05 / 6.1820E-05   
1660   2.664E-03   4.1469E-05   6.8724E-05   4.1469E-05 / 6.8724E-05   
1670   2.664E-03   3.6209E-05   6.2001E-05   3.5965E-05 / 6.1772E-05   
1680   2.664E-03   3.6505E-05   6.2612E-05   3.6483E-05 / 6.2587E-05   
1690   2.664E-03   3.9771E-05   6.2810E-05   3.9734E-05 / 6.2776E-05   
1700   2.664E-03   3.6378E-05   6.0825E-05   3.6062E-05 / 6.0519E-05   
1710   2.664E-03   6.2356E-05   8.8341E-05   6.2356E-05 / 8.8341E-05   
1720   2.664E-03   4.5415E-05   6.8582E-05   4.5273E-05 / 6.8442E-05   
1730   2.664E-03   3.6235E-05   6.1129E-05   3.6160E-05 / 6.1050E-05   
1740   2.664E-03   3.5211E-05   6.0298E-05   3.4877E-05 / 5.9977E-05   
1750   2.664E-03   3.5074E-05   6.0316E-05   3.4860E-05 / 6.0107E-05   
1760   2.664E-03   5.3617E-05   6.4449E-05   5.3230E-05 / 6.4160E-05   
1770   2.664E-03   3.4168E-05   6.0142E-05   3.4106E-05 / 6.0075E-05   
1780   2.664E-03   3.2390E-05   5.7214E-05   3.2241E-05 / 5.7064E-05   
1790   2.664E-03   4.5077E-05   7.1329E-05   4.5052E-05 / 7.1296E-05   
1800   2.664E-03   3.2039E-05   5.6228E-05   3.1867E-05 / 5.6061E-05   
1810   2.664E-03   3.1329E-05   5.5999E-05   3.1325E-05 / 5.5998E-05   
1820   2.664E-03   3.8817E-05   5.9538E-05   3.8817E-05 / 5.9538E-05   
1830   2.664E-03   3.6624E-05   6.3475E-05   3.6002E-05 / 6.2935E-05   
1840   2.664E-03   3.2552E-05   5.6490E-05   3.2497E-05 / 5.6439E-05   
1850   2.664E-03   3.9226E-05   6.1534E-05   3.9208E-05 / 6.1518E-05   
1860   2.664E-03   3.1348E-05   5.4468E-05   3.1256E-05 / 5.4384E-05   
1870   2.664E-03   3.1296E-05   5.5130E-05   3.0800E-05 / 5.4707E-05   
1880   2.664E-03   3.0757E-05   5.3542E-05   3.0634E-05 / 5.3437E-05   
1890   2.664E-03   3.0145E-05   5.3725E-05   3.0018E-05 / 5.3622E-05   
1900   2.664E-03   2.9679E-05   5.2100E-05   2.9669E-05 / 5.2098E-05   
1910   2.664E-03   3.3167E-05   5.7137E-05   3.3149E-05 / 5.7137E-05   
1920   2.664E-03   3.0831E-05   5.5031E-05   3.0591E-05 / 5.4845E-05   
1930   2.664E-03   3.1440E-05   5.8128E-05   3.1391E-05 / 5.8103E-05   
1940   2.664E-03   3.4525E-05   6.3070E-05   3.4099E-05 / 6.2729E-05   
1950   2.664E-03   3.0294E-05   5.4135E-05   3.0272E-05 / 5.4135E-05   
1960   2.664E-03   3.0947E-05   5.6160E-05   3.0938E-05 / 5.6160E-05   
1970   2.664E-03   2.8570E-05   5.0192E-05   2.8396E-05 / 5.0068E-05   
1980   2.664E-03   2.8934E-05   5.3886E-05   2.8920E-05 / 5.3885E-05   
1990   2.664E-03   4.7019E-05   7.0153E-05   4.6127E-05 / 6.9417E-05   
2000   2.664E-03   3.6828E-05   6.0515E-05   3.6706E-05 / 6.0439E-05   
2010   2.664E-03   3.0176E-05   5.3320E-05   3.0165E-05 / 5.3320E-05   
2020   2.664E-03   2.8763E-05   5.1915E-05   2.8741E-05 / 5.1915E-05   
2030   2.664E-03   2.7846E-05   5.1888E-05   2.7845E-05 / 5.1888E-05   
2040   2.664E-03   2.7523E-05   5.0666E-05   2.7477E-05 / 5.0653E-05   
2050   2.664E-03   3.0644E-05   5.1072E-05   3.0567E-05 / 5.1041E-05   
2060   2.664E-03   3.4605E-05   6.0866E-05   3.4040E-05 / 6.0394E-05   
2070   2.664E-03   3.0097E-05   5.3100E-05   2.9948E-05 / 5.3010E-05   
2080   2.664E-03   3.0698E-05   5.5450E-05   3.0025E-05 / 5.4891E-05   
2090   2.664E-03   3.3743E-05   5.5961E-05   3.3692E-05 / 5.5941E-05   
2100   2.664E-03   3.2137E-05   5.6479E-05   3.2003E-05 / 5.6417E-05   
2110   2.664E-03   3.7445E-05   5.9547E-05   3.7318E-05 / 5.9473E-05   
2120   2.664E-03   3.5956E-05   5.3925E-05   3.5754E-05 / 5.3768E-05   
2130   2.664E-03   2.9670E-05   5.2487E-05   2.8481E-05 / 5.1365E-05   
2140   2.664E-03   2.7308E-05   5.0299E-05   2.7304E-05 / 5.0299E-05   
2150   2.664E-03   2.8951E-05   5.1522E-05   2.8848E-05 / 5.1450E-05   
2160   2.664E-03   3.2276E-05   5.3836E-05   3.2267E-05 / 5.3834E-05   
2170   2.664E-03   2.7756E-05   5.1443E-05   2.7668E-05 / 5.1384E-05   
2180   2.664E-03   2.9241E-05   5.1202E-05   2.9022E-05 / 5.1021E-05   
2190   2.664E-03   2.7322E-05   5.0274E-05   2.7228E-05 / 5.0208E-05   
2200   2.664E-03   2.8213E-05   5.3382E-05   2.8212E-05 / 5.3382E-05   
2210   2.664E-03   2.4473E-05   4.7178E-05   2.4379E-05 / 4.7108E-05   
2220   2.664E-03   2.6628E-05   4.7496E-05   2.6627E-05 / 4.7496E-05   
2230   2.664E-03   3.3255E-05   5.5943E-05   3.3121E-05 / 5.5832E-05   
2240   2.664E-03   2.5574E-05   4.5614E-05   2.5510E-05 / 4.5563E-05   
2250   2.664E-03   2.6388E-05   4.8008E-05   2.6387E-05 / 4.8008E-05   
2260   2.664E-03   4.4002E-05   6.6381E-05   4.3558E-05 / 6.6203E-05   
2270   2.664E-03   2.5439E-05   4.6507E-05   2.5065E-05 / 4.6146E-05   
2280   2.664E-03   3.8804E-05   6.3304E-05   3.8804E-05 / 6.3304E-05   
2290   2.664E-03   2.4299E-05   4.6902E-05   2.4291E-05 / 4.6891E-05   
2300   2.664E-03   2.8090E-05   4.7885E-05   2.7956E-05 / 4.7757E-05   
2310   2.664E-03   2.6023E-05   4.7600E-05   2.5310E-05 / 4.6898E-05   
2320   2.664E-03   2.6153E-05   5.0603E-05   2.6138E-05 / 5.0581E-05   
2330   2.664E-03   2.4631E-05   4.6496E-05   2.4631E-05 / 4.6496E-05   
2340   2.664E-03   2.6724E-05   4.9732E-05   2.6642E-05 / 4.9648E-05   
2350   2.664E-03   2.5621E-05   5.0962E-05   2.5230E-05 / 5.0574E-05   
2360   2.664E-03   2.3367E-05   4.6189E-05   2.3122E-05 / 4.5973E-05   
2370   2.664E-03   3.5031E-05   5.3347E-05   3.4597E-05 / 5.2939E-05   
2380   2.664E-03   2.7720E-05   4.9301E-05   2.7699E-05 / 4.9270E-05   
2390   2.664E-03   2.5354E-05   4.8025E-05   2.5343E-05 / 4.8004E-05   
2400   2.664E-03   2.5401E-05   4.7600E-05   2.5401E-05 / 4.7600E-05   
2410   2.664E-03   2.3254E-05   4.3632E-05   2.3089E-05 / 4.3459E-05   
2420   2.664E-03   2.7064E-05   4.6891E-05   2.7057E-05 / 4.6876E-05   
2430   2.664E-03   2.5767E-05   4.8001E-05   2.4261E-05 / 4.6534E-05   
2440   2.664E-03   2.2576E-05   4.5144E-05   2.2242E-05 / 4.4807E-05   
2450   2.664E-03   2.4600E-05   4.4590E-05   2.4594E-05 / 4.4590E-05   
2460   2.664E-03   2.5046E-05   4.8738E-05   2.4443E-05 / 4.8144E-05   
2470   2.664E-03   2.3584E-05   4.7372E-05   2.3439E-05 / 4.7218E-05   
2480   2.664E-03   3.0669E-05   5.0111E-05   3.0265E-05 / 4.9694E-05   
2490   2.664E-03   2.5286E-05   4.8432E-05   2.5286E-05 / 4.8431E-05   
2500   2.664E-03   2.7709E-05   4.8954E-05   2.7606E-05 / 4.8854E-05   
2510   2.664E-03   2.4854E-05   4.4465E-05   2.4416E-05 / 4.4017E-05   
2520   2.664E-03   2.2445E-05   4.3894E-05   2.2421E-05 / 4.3854E-05   
2530   2.664E-03   2.2501E-05   4.3355E-05   2.2501E-05 / 4.3355E-05   
2540   2.664E-03   2.3527E-05   4.4706E-05   2.3527E-05 / 4.4706E-05   
2550   2.664E-03   2.4468E-05   4.5719E-05   2.4442E-05 / 4.5679E-05   
2560   2.664E-03   2.2587E-05   4.3078E-05   2.2563E-05 / 4.3044E-05   
2570   2.664E-03   2.7631E-05   5.1267E-05   2.6625E-05 / 5.0290E-05   
2580   2.664E-03   2.6871E-05   4.6467E-05   2.6867E-05 / 4.6467E-05   
2590   2.664E-03   2.3212E-05   4.5581E-05   2.3212E-05 / 4.5581E-05   
2600   2.664E-03   2.1777E-05   4.4254E-05   2.1623E-05 / 4.4082E-05   
2610   2.664E-03   2.3543E-05   4.5034E-05   2.3433E-05 / 4.4921E-05   
2620   2.664E-03   2.2058E-05   4.3474E-05   2.2045E-05 / 4.3456E-05   
2630   2.664E-03   2.9970E-05   4.8933E-05   2.9726E-05 / 4.8688E-05   
2640   2.664E-03   2.4163E-05   4.7083E-05   2.4161E-05 / 4.7081E-05   
2650   2.664E-03   2.3107E-05   4.5912E-05   2.2726E-05 / 4.5541E-05   
2660   2.664E-03   2.1292E-05   4.3656E-05   2.1209E-05 / 4.3544E-05   
2670   2.664E-03   2.1811E-05   4.4125E-05   2.1733E-05 / 4.4071E-05   
2680   2.664E-03   2.9343E-05   5.0417E-05   2.9116E-05 / 5.0232E-05   
2690   2.664E-03   2.7789E-05   4.9660E-05   2.7497E-05 / 4.9344E-05   
2700   2.664E-03   3.0638E-05   4.8150E-05   3.0381E-05 / 4.7895E-05   
2710   2.664E-03   2.2716E-05   4.3575E-05   2.2637E-05 / 4.3489E-05   
2720   2.664E-03   2.4758E-05   4.3439E-05   2.4039E-05 / 4.2769E-05   
2730   2.664E-03   3.4596E-05   5.6366E-05   3.2473E-05 / 5.4969E-05   
2740   2.664E-03   2.0715E-05   4.2918E-05   2.0544E-05 / 4.2732E-05   
2750   2.664E-03   2.1552E-05   4.3410E-05   2.1415E-05 / 4.3263E-05   
2760   2.664E-03   2.4112E-05   4.7817E-05   2.4107E-05 / 4.7814E-05   
2770   2.664E-03   3.0168E-05   5.0518E-05   3.0091E-05 / 5.0439E-05   
2780   2.664E-03   2.2039E-05   4.4816E-05   2.1529E-05 / 4.4319E-05   
2790   2.664E-03   2.1634E-05   4.4607E-05   2.1201E-05 / 4.4172E-05   
2800   2.664E-03   2.2007E-05   4.6596E-05   2.1624E-05 / 4.6238E-05   
2810   2.664E-03   2.3179E-05   4.4429E-05   2.2894E-05 / 4.4146E-05   
2820   2.664E-03   2.0599E-05   4.3872E-05   2.0145E-05 / 4.3446E-05   
2830   2.664E-03   8.5391E-05   1.0705E-04   8.5023E-05 / 1.0673E-04   
2840   2.664E-03   2.1136E-05   4.3423E-05   1.9934E-05 / 4.2275E-05   
2850   2.664E-03   2.0666E-05   4.2603E-05   2.0437E-05 / 4.2376E-05   
2860   2.664E-03   2.1098E-05   4.4115E-05   2.1055E-05 / 4.4070E-05   
2870   2.664E-03   1.9995E-05   4.2652E-05   1.9669E-05 / 4.2357E-05   
2880   2.664E-03   2.2381E-05   4.4488E-05   2.1780E-05 / 4.3909E-05   
2890   2.664E-03   2.0697E-05   4.4632E-05   2.0600E-05 / 4.4541E-05   
2900   2.664E-03   3.5549E-05   5.2301E-05   3.5065E-05 / 5.2145E-05   
2910   2.664E-03   2.3054E-05   4.5725E-05   2.2182E-05 / 4.4889E-05   
2920   2.664E-03   2.0082E-05   4.4009E-05   2.0012E-05 / 4.3952E-05   
2930   2.664E-03   2.0745E-05   4.3027E-05   2.0744E-05 / 4.3027E-05   
2940   2.664E-03   2.2553E-05   4.2622E-05   2.2370E-05 / 4.2441E-05   
2950   2.664E-03   2.0336E-05   4.4160E-05   1.9975E-05 / 4.3820E-05   
2960   2.664E-03   2.2343E-05   4.5065E-05   2.2180E-05 / 4.4915E-05   
2970   2.664E-03   3.4663E-05   5.4764E-05   3.4663E-05 / 5.4764E-05   
2980   2.664E-03   1.9789E-05   4.2240E-05   1.9259E-05 / 4.1730E-05   
2990   2.664E-03   1.9582E-05   4.0926E-05   1.9004E-05 / 4.0376E-05   
3000   2.664E-03   2.3668E-05   4.4520E-05   2.3508E-05 / 4.4373E-05   
3010   2.664E-03   2.6450E-05   4.6903E-05   2.6445E-05 / 4.6903E-05   
3020   2.664E-03   3.0538E-05   5.2040E-05   3.0472E-05 / 5.1984E-05   
3030   2.664E-03   2.1321E-05   4.3877E-05   2.1321E-05 / 4.3877E-05   
3040   2.664E-03   2.1932E-05   4.4635E-05   2.1932E-05 / 4.4635E-05   
3050   2.664E-03   1.9561E-05   4.2004E-05   1.9560E-05 / 4.2004E-05   
3060   2.664E-03   2.0048E-05   4.1761E-05   2.0044E-05 / 4.1761E-05   
3070   2.664E-03   2.3349E-05   4.6352E-05   2.3347E-05 / 4.6352E-05   
3080   2.664E-03   2.1176E-05   4.2046E-05   2.0764E-05 / 4.1654E-05   
3090   2.664E-03   3.1639E-05   5.2425E-05   3.1565E-05 / 5.2376E-05   
3100   2.664E-03   2.4057E-05   4.4620E-05   2.3992E-05 / 4.4577E-05   
3110   2.664E-03   1.8852E-05   4.0659E-05   1.8841E-05 / 4.0659E-05   
3120   2.664E-03   1.8860E-05   4.1348E-05   1.8666E-05 / 4.1173E-05   
3130   2.664E-03   1.8685E-05   4.2074E-05   1.8262E-05 / 4.1678E-05   
3140   2.664E-03   2.0099E-05   4.1830E-05   1.9329E-05 / 4.1105E-05   
3150   2.664E-03   2.1104E-05   4.1953E-05   2.1104E-05 / 4.1953E-05   
3160   2.664E-03   1.8775E-05   4.0927E-05   1.8724E-05 / 4.0898E-05   
3170   2.664E-03   1.9286E-05   4.0835E-05   1.8744E-05 / 4.0330E-05   
3180   2.664E-03   1.9219E-05   4.1788E-05   1.8881E-05 / 4.1486E-05   
3190   2.664E-03   2.1030E-05   4.4786E-05   2.1029E-05 / 4.4786E-05   
3200   2.664E-03   1.9597E-05   4.1252E-05   1.9297E-05 / 4.0983E-05   
3210   2.664E-03   2.8413E-05   5.0642E-05   2.8153E-05 / 5.0409E-05   
3220   2.664E-03   2.7779E-05   4.8998E-05   2.7779E-05 / 4.8998E-05   
3230   2.664E-03   3.9914E-05   6.2067E-05   3.9914E-05 / 6.2067E-05   
3240   2.664E-03   1.9626E-05   4.2737E-05   1.9625E-05 / 4.2737E-05   
3250   2.664E-03   1.8358E-05   4.1587E-05   1.8320E-05 / 4.1572E-05   
3260   2.664E-03   1.9276E-05   4.1036E-05   1.9274E-05 / 4.1036E-05   
3270   2.664E-03   2.1876E-05   4.4513E-05   2.1088E-05 / 4.3778E-05   
3280   2.664E-03   2.7570E-05   5.0265E-05   2.7456E-05 / 5.0176E-05   
3290   2.664E-03   2.5208E-05   4.5296E-05   2.4497E-05 / 4.4638E-05   
3300   2.664E-03   2.0989E-05   4.4697E-05   2.0988E-05 / 4.4697E-05   
3310   2.664E-03   2.2419E-05   4.6014E-05   2.1079E-05 / 4.4744E-05   
3320   2.664E-03   1.7950E-05   4.0703E-05   1.7561E-05 / 4.0345E-05   
3330   2.664E-03   2.8441E-05   4.1129E-05   2.8427E-05 / 4.1129E-05   
3340   2.664E-03   2.0113E-05   4.2068E-05   2.0076E-05 / 4.2055E-05   
3350   2.664E-03   1.9984E-05   4.1535E-05   1.9983E-05 / 4.1535E-05   
3360   2.664E-03   1.9032E-05   4.1777E-05   1.8730E-05 / 4.1511E-05   
3370   2.664E-03   2.2828E-05   4.5412E-05   2.2475E-05 / 4.5106E-05   
3380   2.664E-03   2.4261E-05   4.7094E-05   2.4081E-05 / 4.6951E-05   
3390   2.664E-03   1.9412E-05   4.1095E-05   1.9243E-05 / 4.0971E-05   
3400   2.664E-03   1.8238E-05   4.0577E-05   1.8031E-05 / 4.0410E-05   
3410   2.664E-03   1.9067E-05   4.0830E-05   1.9067E-05 / 4.0830E-05   
3420   2.664E-03   1.9625E-05   4.2380E-05   1.9502E-05 / 4.2294E-05   
3430   2.664E-03   1.8796E-05   3.8269E-05   1.8547E-05 / 3.8059E-05   
3440   2.664E-03   1.8198E-05   4.0593E-05   1.8115E-05 / 4.0546E-05   
3450   2.664E-03   1.9872E-05   4.1857E-05   1.9793E-05 / 4.1813E-05   
3460   2.664E-03   1.8284E-05   4.0401E-05   1.8247E-05 / 4.0390E-05   
3470   2.664E-03   1.8284E-05   3.9936E-05   1.8172E-05 / 3.9865E-05   
3480   2.664E-03   1.9301E-05   4.1113E-05   1.9301E-05 / 4.1113E-05   
3490   2.664E-03   2.0774E-05   4.4274E-05   2.0401E-05 / 4.3941E-05   
3500   2.664E-03   1.9483E-05   4.2228E-05   1.9483E-05 / 4.2228E-05   
3510   2.664E-03   2.1452E-05   4.0508E-05   2.1452E-05 / 4.0508E-05   
3520   2.664E-03   2.7647E-05   4.3569E-05   2.7629E-05 / 4.3568E-05   
3530   2.664E-03   1.8551E-05   4.0646E-05   1.8439E-05 / 4.0576E-05   
3540   2.664E-03   2.2841E-05   4.3811E-05   2.2840E-05 / 4.3811E-05   
3550   2.664E-03   1.9324E-05   4.5492E-05   1.9217E-05 / 4.5425E-05   
3560   2.664E-03   2.6390E-05   4.9442E-05   2.6231E-05 / 4.9328E-05   
3570   2.664E-03   1.7277E-05   3.8573E-05   1.7035E-05 / 3.8382E-05   
3580   2.664E-03   2.5407E-05   4.9454E-05   2.4536E-05 / 4.8651E-05   
3590   2.664E-03   2.0132E-05   4.2475E-05   1.9359E-05 / 4.1749E-05   
3600   2.664E-03   1.7910E-05   3.8735E-05   1.7831E-05 / 3.8692E-05   
3610   2.664E-03   4.2889E-05   6.6292E-05   4.0375E-05 / 6.3949E-05   
3620   2.664E-03   1.8401E-05   3.8469E-05   1.8160E-05 / 3.8288E-05   
3630   2.664E-03   1.8848E-05   4.1673E-05   1.8672E-05 / 4.1542E-05   
3640   2.664E-03   1.6723E-05   3.9475E-05   1.6511E-05 / 3.9298E-05   
3650   2.664E-03   1.7435E-05   3.9235E-05   1.7317E-05 / 3.9156E-05   
3660   2.664E-03   1.7319E-05   3.9719E-05   1.7122E-05 / 3.9575E-05   
3670   2.664E-03   1.7116E-05   3.9094E-05   1.7082E-05 / 3.9082E-05   
3680   2.664E-03   4.2570E-05   6.4433E-05   4.2357E-05 / 6.4256E-05   
3690   2.664E-03   2.5857E-05   4.1291E-05   2.5007E-05 / 4.0518E-05   
3700   2.664E-03   1.7414E-05   3.8749E-05   1.7413E-05 / 3.8749E-05   
3710   2.664E-03   1.8148E-05   3.9250E-05   1.8145E-05 / 3.9250E-05   
3720   2.664E-03   1.7669E-05   3.9759E-05   1.7537E-05 / 3.9665E-05   
3730   2.664E-03   1.6703E-05   3.7009E-05   1.6636E-05 / 3.6972E-05   
3740   2.664E-03   1.7952E-05   3.8692E-05   1.7533E-05 / 3.8332E-05   
3750   2.664E-03   1.9419E-05   3.9666E-05   1.9382E-05 / 3.9654E-05   
3760   2.664E-03   1.8114E-05   3.9275E-05   1.7669E-05 / 3.8895E-05   
3770   2.664E-03   1.8900E-05   4.1491E-05   1.6653E-05 / 3.9427E-05   
3780   2.664E-03   1.7240E-05   4.0124E-05   1.7102E-05 / 4.0049E-05   
3790   2.664E-03   1.8523E-05   4.1415E-05   1.8384E-05 / 4.1337E-05   
3800   2.664E-03   1.7298E-05   3.9001E-05   1.7293E-05 / 3.9001E-05   
3810   2.664E-03   1.8653E-05   3.8935E-05   1.8512E-05 / 3.8833E-05   
3820   2.664E-03   2.4646E-05   4.3738E-05   2.4197E-05 / 4.3374E-05   
3830   2.664E-03   2.0762E-05   4.2080E-05   2.0566E-05 / 4.1927E-05   
3840   2.664E-03   1.7771E-05   3.9200E-05   1.6902E-05 / 3.8424E-05   
3850   2.664E-03   1.7217E-05   3.8564E-05   1.6921E-05 / 3.8310E-05   
3860   2.664E-03   2.2730E-05   4.8230E-05   2.0455E-05 / 4.6156E-05   
3870   2.664E-03   1.8970E-05   4.0233E-05   1.6649E-05 / 3.8122E-05   
3880   2.664E-03   1.7033E-05   3.9813E-05   1.6337E-05 / 3.9160E-05   
3890   2.664E-03   1.6049E-05   3.7893E-05   1.5816E-05 / 3.7688E-05   
3900   2.664E-03   2.8473E-05   4.9665E-05   2.8400E-05 / 4.9613E-05   
3910   2.664E-03   1.7464E-05   3.6852E-05   1.7293E-05 / 3.6727E-05   
3920   2.664E-03   1.8202E-05   3.8874E-05   1.7761E-05 / 3.8488E-05   
3930   2.664E-03   1.9657E-05   3.5820E-05   1.9612E-05 / 3.5796E-05   
3940   2.664E-03   1.8720E-05   3.9760E-05   1.8684E-05 / 3.9741E-05   
3950   2.664E-03   1.8139E-05   3.9676E-05   1.6717E-05 / 3.8398E-05   
3960   2.664E-03   1.9637E-05   4.2039E-05   1.9637E-05 / 4.2039E-05   
3970   2.664E-03   1.7619E-05   3.8847E-05   1.7135E-05 / 3.8421E-05   
3980   2.664E-03   2.9867E-05   4.4128E-05   2.9460E-05 / 4.3774E-05   
3990   2.664E-03   1.6260E-05   3.7168E-05   1.5919E-05 / 3.6868E-05   
4000   2.664E-03   1.7323E-05   3.9080E-05   1.6171E-05 / 3.8072E-05   
4010   2.664E-03   1.5938E-05   3.7138E-05   1.5908E-05 / 3.7120E-05   
4020   2.664E-03   1.6784E-05   3.8546E-05   1.5772E-05 / 3.7646E-05   
4030   2.664E-03   1.7032E-05   4.0449E-05   1.6306E-05 / 3.9809E-05   
4040   2.664E-03   1.6069E-05   3.6914E-05   1.6030E-05 / 3.6888E-05   
4050   2.664E-03   1.5820E-05   3.6936E-05   1.5678E-05 / 3.6817E-05   
4060   2.664E-03   1.7388E-05   3.9911E-05   1.7388E-05 / 3.9911E-05   
4070   2.664E-03   1.8883E-05   4.2698E-05   1.7905E-05 / 4.1819E-05   
4080   2.664E-03   1.5871E-05   3.7275E-05   1.5605E-05 / 3.7030E-05   
4090   2.664E-03   3.2536E-05   6.0853E-05   3.2332E-05 / 6.0669E-05   
4100   2.664E-03   1.6191E-05   3.9230E-05   1.6147E-05 / 3.9200E-05   
4110   2.664E-03   1.6093E-05   3.7986E-05   1.6021E-05 / 3.7930E-05   
4120   2.664E-03   1.6103E-05   3.6226E-05   1.5840E-05 / 3.6002E-05   
4130   2.664E-03   1.6012E-05   3.7027E-05   1.5974E-05 / 3.7004E-05   
4140   2.664E-03   2.4301E-05   4.9940E-05   2.4019E-05 / 4.9677E-05   
4150   2.664E-03   2.1117E-05   4.2240E-05   2.0494E-05 / 4.1644E-05   
4160   2.664E-03   2.0259E-05   4.3779E-05   2.0259E-05 / 4.3777E-05   
4170   2.664E-03   1.7214E-05   3.9251E-05   1.7211E-05 / 3.9250E-05   
4180   2.664E-03   1.7967E-05   3.9432E-05   1.7966E-05 / 3.9428E-05   
4190   2.664E-03   1.5754E-05   3.6385E-05   1.5626E-05 / 3.6280E-05   
4200   2.664E-03   2.3988E-05   4.6334E-05   2.3980E-05 / 4.6334E-05   
4210   2.664E-03   1.6070E-05   3.7598E-05   1.5754E-05 / 3.7325E-05   
4220   2.664E-03   1.6779E-05   3.6547E-05   1.6694E-05 / 3.6477E-05   
4230   2.664E-03   1.7792E-05   3.7811E-05   1.7777E-05 / 3.7796E-05   
4240   2.664E-03   1.6700E-05   3.7981E-05   1.6700E-05 / 3.7980E-05   
4250   2.664E-03   1.9677E-05   3.9561E-05   1.9677E-05 / 3.9561E-05   
4260   2.664E-03   1.6009E-05   3.9022E-05   1.5194E-05 / 3.8269E-05   
4270   2.664E-03   1.5826E-05   3.8208E-05   1.5762E-05 / 3.8149E-05   
4280   2.664E-03   1.7636E-05   4.0915E-05   1.6113E-05 / 3.9551E-05   
4290   2.664E-03   7.9181E-05   9.1889E-05   7.8837E-05 / 9.1562E-05   
4300   2.664E-03   1.7023E-05   3.7120E-05   1.7023E-05 / 3.7120E-05   
4310   2.664E-03   1.5046E-05   3.7076E-05   1.4574E-05 / 3.6661E-05   
4320   2.664E-03   1.4974E-05   3.7363E-05   1.4560E-05 / 3.7001E-05   
4326   2.664E-03   1.5322E-05   3.6366E-05   1.4516E-05 / 3.5637E-05   
BEST MODEL
===============================================================================================================
4063   2.664E-03   1.7601E-05   3.3721E-05   1.7339E-05 / 3.3475E-05   
===============================================================================================================
Saved model to /home/nikki/kan/kanTBNN/models/multi_run/kan_experiment_42_opt/kanTBNN-24Nov05_05:23:44.pickle
