========== Dataset info ==========
Dataset params: {'file': '/home/nikki/kan/data/turbulence_dataset_clean.csv', 'Cases': ['fp_1000', 'fp_1410', 'fp_2000', 'fp_2540', 'fp_3030', 'fp_3270', 'fp_3630', 'fp_3970', 'fp_4060'], 'val_set': ['fp_3030', 'fp_1410', 'fp_4060'], 'test_set': ['fp_3630'], 'data_loader': <class 'tbnn.dataloaders.aDataset'>}
Train/Valid/Test points: 760 / 468 / 168
Memorization?: False
Cluster training?: False
EPOCH     LR        TRAIN         VALID             MSE:T/V                  RL:T/V             %NR_t/%NR_v
===============================================================================================================
  1   5.997E-03   1.0966E-01   1.0821E-01   1.0958E-01 / 1.0815E-01   
 10   5.997E-03   4.3689E-03   3.8460E-03   4.3689E-03 / 3.8460E-03   
 20   5.997E-03   2.2680E-03   2.1746E-03   2.2678E-03 / 2.1744E-03   
 30   5.997E-03   1.6115E-03   1.6017E-03   1.6113E-03 / 1.6014E-03   
 40   5.997E-03   1.2728E-03   1.2829E-03   1.2728E-03 / 1.2827E-03   
 50   5.997E-03   9.7652E-04   9.9967E-04   9.7586E-04 / 9.9923E-04   
 60   5.997E-03   7.5903E-04   7.9788E-04   7.5893E-04 / 7.9721E-04   
 70   5.997E-03   6.0717E-04   6.5288E-04   6.0716E-04 / 6.5220E-04   
 80   5.997E-03   5.1593E-04   5.6300E-04   5.1582E-04 / 5.6275E-04   
 90   5.997E-03   4.5554E-04   5.0286E-04   4.5554E-04 / 5.0285E-04   
100   5.997E-03   4.0498E-04   4.5886E-04   4.0488E-04 / 4.5829E-04   
110   5.997E-03   3.6188E-04   4.0753E-04   3.6188E-04 / 4.0714E-04   
120   5.997E-03   3.3647E-04   3.7870E-04   3.3551E-04 / 3.7733E-04   
130   5.997E-03   3.0882E-04   3.4831E-04   3.0882E-04 / 3.4828E-04   
140   5.997E-03   2.8586E-04   3.2337E-04   2.8586E-04 / 3.2317E-04   
150   5.997E-03   2.6179E-04   3.0018E-04   2.6139E-04 / 2.9934E-04   
160   5.997E-03   2.4362E-04   2.8641E-04   2.4325E-04 / 2.8561E-04   
170   5.997E-03   2.3051E-04   2.6848E-04   2.3046E-04 / 2.6822E-04   
180   5.997E-03   2.2070E-04   2.5464E-04   2.1977E-04 / 2.5384E-04   
190   5.997E-03   2.1549E-04   2.5332E-04   2.1491E-04 / 2.5183E-04   
200   5.997E-03   1.9485E-04   2.2721E-04   1.9481E-04 / 2.2655E-04   
210   5.997E-03   2.0669E-04   2.3591E-04   2.0504E-04 / 2.3421E-04   
220   5.997E-03   1.8145E-04   2.1013E-04   1.8105E-04 / 2.0936E-04   
230   5.997E-03   1.7003E-04   1.9593E-04   1.6994E-04 / 1.9548E-04   
240   5.997E-03   1.7373E-04   1.9922E-04   1.6946E-04 / 1.9439E-04   
250   5.997E-03   1.5861E-04   1.8372E-04   1.5860E-04 / 1.8366E-04   
260   5.997E-03   1.5347E-04   1.8064E-04   1.5334E-04 / 1.8041E-04   
270   5.997E-03   1.4418E-04   1.6928E-04   1.4384E-04 / 1.6883E-04   
280   5.997E-03   1.4604E-04   1.6756E-04   1.4597E-04 / 1.6753E-04   
290   5.997E-03   1.6759E-04   1.8513E-04   1.6751E-04 / 1.8512E-04   
300   5.997E-03   1.3606E-04   1.5396E-04   1.3593E-04 / 1.5369E-04   
310   5.997E-03   1.2815E-04   1.4700E-04   1.2809E-04 / 1.4695E-04   
320   5.997E-03   1.2097E-04   1.4365E-04   1.2096E-04 / 1.4364E-04   
330   5.997E-03   1.1841E-04   1.3761E-04   1.1840E-04 / 1.3760E-04   
340   5.997E-03   1.2155E-04   1.4645E-04   1.2110E-04 / 1.4592E-04   
350   5.997E-03   1.5199E-04   1.7310E-04   1.5199E-04 / 1.7310E-04   
360   5.997E-03   1.1948E-04   1.3446E-04   1.1936E-04 / 1.3434E-04   
370   5.997E-03   1.0571E-04   1.2274E-04   1.0570E-04 / 1.2274E-04   
380   5.997E-03   1.0980E-04   1.2671E-04   1.0735E-04 / 1.2400E-04   
390   5.997E-03   1.0006E-04   1.2014E-04   9.9995E-05 / 1.2012E-04   
400   5.997E-03   1.0028E-04   1.1918E-04   1.0028E-04 / 1.1918E-04   
410   5.997E-03   9.2435E-05   1.1031E-04   9.0569E-05 / 1.0817E-04   
420   5.997E-03   8.6087E-05   1.0076E-04   8.6024E-05 / 1.0067E-04   
430   5.997E-03   8.9773E-05   1.0541E-04   8.9773E-05 / 1.0541E-04   
440   5.997E-03   8.8917E-05   1.0466E-04   8.8911E-05 / 1.0463E-04   
450   5.997E-03   8.0539E-05   9.4709E-05   8.0104E-05 / 9.4164E-05   
460   5.997E-03   9.1247E-05   1.0229E-04   8.9473E-05 / 1.0043E-04   
470   5.997E-03   7.3719E-05   8.9137E-05   7.3701E-05 / 8.9131E-05   
480   5.997E-03   7.4165E-05   8.9775E-05   7.3661E-05 / 8.9302E-05   
490   5.997E-03   7.0571E-05   8.5618E-05   7.0532E-05 / 8.5604E-05   
500   5.997E-03   7.3316E-05   8.8496E-05   7.3316E-05 / 8.8496E-05   
510   5.997E-03   7.1489E-05   8.4413E-05   7.1454E-05 / 8.4406E-05   
520   5.997E-03   7.5974E-05   9.1618E-05   7.5708E-05 / 9.1454E-05   
530   5.997E-03   6.4825E-05   8.1322E-05   6.4804E-05 / 8.1302E-05   
540   5.997E-03   7.0851E-05   9.0407E-05   7.0764E-05 / 9.0282E-05   
550   5.997E-03   6.0262E-05   7.9146E-05   6.0191E-05 / 7.9019E-05   
560   5.997E-03   1.7286E-04   1.9564E-04   1.0002E-04 / 1.2267E-04   
570   5.997E-03   5.8627E-05   7.8064E-05   5.8620E-05 / 7.8046E-05   
580   5.997E-03   5.7007E-05   7.5246E-05   5.6974E-05 / 7.5195E-05   
590   5.997E-03   5.8425E-05   7.6662E-05   5.8273E-05 / 7.6476E-05   
600   5.997E-03   5.7614E-05   7.6000E-05   5.7559E-05 / 7.5982E-05   
610   5.997E-03   7.6372E-05   9.2471E-05   7.6139E-05 / 9.2240E-05   
620   5.997E-03   5.0226E-05   6.8862E-05   5.0165E-05 / 6.8836E-05   
630   5.997E-03   5.1165E-05   6.9866E-05   5.0837E-05 / 6.9684E-05   
640   5.997E-03   5.5586E-05   7.5195E-05   5.2181E-05 / 7.1931E-05   
650   5.997E-03   4.7781E-05   6.7469E-05   4.7378E-05 / 6.7107E-05   
660   5.997E-03   4.7840E-05   6.6431E-05   4.7840E-05 / 6.6431E-05   
670   5.997E-03   5.3437E-05   7.1812E-05   5.2890E-05 / 7.1292E-05   
680   5.997E-03   5.5203E-05   6.9185E-05   5.5114E-05 / 6.9075E-05   
690   5.997E-03   4.5798E-05   6.5168E-05   4.5076E-05 / 6.4419E-05   
700   5.997E-03   4.2506E-05   6.0525E-05   4.2486E-05 / 6.0489E-05   
710   5.997E-03   4.8105E-05   6.4964E-05   4.8096E-05 / 6.4936E-05   
720   5.997E-03   4.2779E-05   5.6596E-05   4.2779E-05 / 5.6593E-05   
730   5.997E-03   4.0999E-05   5.9739E-05   4.0969E-05 / 5.9689E-05   
740   5.997E-03   4.3896E-05   5.6571E-05   4.3300E-05 / 5.5811E-05   
750   5.997E-03   3.8808E-05   5.4863E-05   3.8772E-05 / 5.4833E-05   
760   5.997E-03   4.1493E-05   5.7831E-05   4.1162E-05 / 5.7529E-05   
770   5.997E-03   3.5464E-05   5.2625E-05   3.5241E-05 / 5.2415E-05   
780   5.997E-03   3.6354E-05   5.1502E-05   3.6295E-05 / 5.1463E-05   
790   5.997E-03   3.4110E-05   4.9886E-05   3.4063E-05 / 4.9844E-05   
800   5.997E-03   4.2052E-05   5.8426E-05   4.2042E-05 / 5.8426E-05   
810   5.997E-03   3.3895E-05   4.8121E-05   3.3646E-05 / 4.7920E-05   
820   5.997E-03   3.3151E-05   4.8333E-05   3.2964E-05 / 4.8238E-05   
830   5.997E-03   3.7838E-05   5.2748E-05   3.6411E-05 / 5.1300E-05   
840   5.997E-03   5.9792E-05   7.3045E-05   5.9786E-05 / 7.3040E-05   
850   5.997E-03   4.5740E-05   5.9892E-05   4.5584E-05 / 5.9749E-05   
860   5.997E-03   3.1239E-05   4.6479E-05   3.1231E-05 / 4.6474E-05   
870   5.997E-03   3.0724E-05   4.6768E-05   3.0559E-05 / 4.6553E-05   
880   5.997E-03   2.9656E-05   4.6079E-05   2.9349E-05 / 4.5697E-05   
890   5.997E-03   2.7728E-05   4.3622E-05   2.7489E-05 / 4.3295E-05   
900   5.997E-03   3.4045E-05   5.1559E-05   3.2182E-05 / 4.9718E-05   
910   5.997E-03   2.9366E-05   4.4367E-05   2.9310E-05 / 4.4273E-05   
920   5.997E-03   3.6621E-05   5.7038E-05   3.4627E-05 / 5.5097E-05   
930   5.997E-03   3.3504E-05   4.6061E-05   3.3504E-05 / 4.6061E-05   
940   5.997E-03   3.7156E-05   5.2729E-05   3.4274E-05 / 4.9751E-05   
950   5.997E-03   3.1126E-05   4.9796E-05   3.1109E-05 / 4.9787E-05   
960   5.997E-03   2.8367E-05   4.3017E-05   2.7874E-05 / 4.2580E-05   
970   5.997E-03   2.6318E-05   4.3163E-05   2.6315E-05 / 4.3163E-05   
980   5.997E-03   2.5170E-05   4.0373E-05   2.4963E-05 / 4.0175E-05   
990   5.997E-03   2.4833E-05   4.2273E-05   2.4770E-05 / 4.2234E-05   
1000   5.997E-03   3.0501E-05   4.7337E-05   3.0501E-05 / 4.7337E-05   
1010   5.997E-03   3.0545E-05   4.5661E-05   2.6960E-05 / 4.2330E-05   
1020   5.997E-03   2.8262E-05   4.4300E-05   2.8048E-05 / 4.4191E-05   
1030   5.997E-03   2.4963E-05   4.0230E-05   2.4573E-05 / 3.9849E-05   
1040   5.997E-03   4.0269E-05   5.8218E-05   4.0214E-05 / 5.8158E-05   
1050   5.997E-03   2.8636E-05   4.2068E-05   2.8611E-05 / 4.2042E-05   
1060   5.997E-03   3.2540E-05   4.6051E-05   3.2306E-05 / 4.5896E-05   
1070   5.997E-03   2.1400E-05   3.6104E-05   2.1400E-05 / 3.6104E-05   
1080   5.997E-03   3.3359E-05   5.1534E-05   3.3294E-05 / 5.1491E-05   
1090   5.997E-03   2.4264E-05   3.8172E-05   2.4210E-05 / 3.8117E-05   
1100   5.997E-03   1.9054E-05   3.1884E-05   1.9046E-05 / 3.1871E-05   
1110   5.997E-03   2.3910E-05   3.7983E-05   2.3903E-05 / 3.7976E-05   
1120   5.997E-03   3.3977E-05   4.3626E-05   3.3977E-05 / 4.3626E-05   
1130   5.997E-03   3.2812E-05   4.9671E-05   3.2641E-05 / 4.9482E-05   
1140   5.997E-03   2.3112E-05   3.7717E-05   2.2876E-05 / 3.7448E-05   
1150   5.997E-03   1.8978E-05   3.1991E-05   1.8816E-05 / 3.1809E-05   
1160   5.997E-03   9.3978E-05   1.0331E-04   9.3964E-05 / 1.0329E-04   
1170   5.997E-03   2.0188E-05   3.6544E-05   2.0150E-05 / 3.6473E-05   
1180   5.997E-03   2.2336E-05   4.0881E-05   2.2207E-05 / 4.0694E-05   
1190   5.997E-03   1.7489E-05   3.0563E-05   1.7478E-05 / 3.0541E-05   
1200   5.997E-03   1.8456E-05   3.2165E-05   1.8393E-05 / 3.2071E-05   
1210   5.997E-03   3.2385E-05   5.2364E-05   3.1594E-05 / 5.1509E-05   
1220   5.997E-03   2.1580E-05   3.5777E-05   2.1580E-05 / 3.5777E-05   
1230   5.997E-03   2.7126E-05   4.0240E-05   2.7112E-05 / 4.0226E-05   
1240   5.997E-03   1.8526E-05   3.2587E-05   1.8404E-05 / 3.2448E-05   
1250   5.997E-03   1.9066E-05   3.5031E-05   1.8969E-05 / 3.4938E-05   
1260   5.997E-03   1.6796E-05   3.3450E-05   1.6509E-05 / 3.3167E-05   
1270   5.997E-03   1.9602E-05   3.3648E-05   1.9589E-05 / 3.3644E-05   
1280   5.997E-03   1.7355E-05   3.2204E-05   1.7037E-05 / 3.1916E-05   
1290   5.997E-03   2.7091E-05   4.2532E-05   2.6753E-05 / 4.2233E-05   
1300   5.997E-03   1.8927E-05   3.3773E-05   1.8616E-05 / 3.3507E-05   
1310   5.997E-03   1.8214E-05   3.2580E-05   1.8029E-05 / 3.2446E-05   
1320   5.997E-03   2.0120E-05   2.9720E-05   2.0108E-05 / 2.9720E-05   
1330   5.997E-03   1.7172E-05   3.4278E-05   1.6777E-05 / 3.3945E-05   
1340   5.997E-03   2.0668E-05   3.8299E-05   1.9818E-05 / 3.7465E-05   
1350   5.997E-03   1.5870E-05   3.0668E-05   1.5848E-05 / 3.0652E-05   
1360   5.997E-03   1.6300E-05   3.0211E-05   1.6250E-05 / 3.0196E-05   
1370   5.997E-03   1.5369E-05   2.8313E-05   1.5355E-05 / 2.8310E-05   
1380   5.997E-03   1.9337E-05   2.9839E-05   1.9334E-05 / 2.9839E-05   
1390   5.997E-03   1.6164E-05   3.4712E-05   1.5638E-05 / 3.4235E-05   
1400   5.997E-03   1.8359E-05   3.1217E-05   1.8359E-05 / 3.1217E-05   
1410   5.997E-03   1.8799E-05   3.2561E-05   1.7750E-05 / 3.1871E-05   
1420   5.997E-03   1.4796E-05   3.0272E-05   1.4159E-05 / 2.9706E-05   
1430   5.997E-03   2.0958E-05   3.1673E-05   2.0957E-05 / 3.1673E-05   
1440   5.997E-03   3.0092E-05   3.5928E-05   3.0090E-05 / 3.5927E-05   
1450   5.997E-03   1.8410E-05   3.6205E-05   1.7423E-05 / 3.5364E-05   
1460   5.997E-03   1.9023E-05   3.3072E-05   1.8505E-05 / 3.2595E-05   
1470   5.997E-03   1.5424E-05   2.8788E-05   1.3203E-05 / 2.6634E-05   
1480   5.997E-03   1.7168E-05   3.1134E-05   1.6889E-05 / 3.0883E-05   
1490   5.997E-03   4.3366E-05   7.1894E-05   4.0748E-05 / 6.9411E-05   
1500   5.997E-03   2.1313E-05   4.1720E-05   2.1261E-05 / 4.1653E-05   
1510   5.997E-03   1.3430E-05   2.8571E-05   1.3329E-05 / 2.8504E-05   
1520   5.997E-03   1.3481E-05   2.8197E-05   1.3481E-05 / 2.8197E-05   
1530   5.997E-03   2.0142E-05   3.1076E-05   2.0142E-05 / 3.1076E-05   
1540   5.997E-03   1.5401E-05   2.9217E-05   1.5401E-05 / 2.9217E-05   
1550   5.997E-03   2.6306E-05   6.4734E-05   2.6207E-05 / 6.4635E-05   
1560   5.997E-03   1.3157E-05   3.4649E-05   1.3049E-05 / 3.4550E-05   
1570   5.997E-03   1.4287E-05   3.1070E-05   1.4287E-05 / 3.1070E-05   
1580   5.997E-03   1.2672E-05   3.8519E-05   1.2216E-05 / 3.8099E-05   
1590   5.997E-03   1.5809E-05   3.1441E-05   1.5786E-05 / 3.1432E-05   
1600   5.997E-03   1.3369E-05   3.7953E-05   1.3364E-05 / 3.7940E-05   
1610   5.997E-03   1.2940E-05   4.4916E-05   1.2718E-05 / 4.4690E-05   
1620   5.997E-03   1.8230E-05   4.1300E-05   1.7226E-05 / 4.0335E-05   
1630   5.997E-03   1.3511E-05   4.2227E-05   1.1891E-05 / 4.0670E-05   
1640   5.997E-03   1.8510E-05   3.3856E-05   1.8373E-05 / 3.3747E-05   
1650   5.997E-03   1.2060E-05   5.1319E-05   1.2046E-05 / 5.1300E-05   
1660   5.997E-03   1.8212E-05   7.8499E-05   1.8197E-05 / 7.8497E-05   
1670   5.997E-03   1.6263E-05   6.4313E-05   1.6234E-05 / 6.4276E-05   
1680   5.997E-03   1.3215E-05   6.0715E-05   1.3205E-05 / 6.0703E-05   
1690   5.997E-03   1.1130E-05   7.7043E-05   1.0657E-05 / 7.6599E-05   
1700   5.997E-03   2.8193E-05   5.8001E-05   2.8170E-05 / 5.7977E-05   
1710   5.997E-03   1.0972E-05   6.9164E-05   1.0453E-05 / 6.8677E-05   
1720   5.997E-03   1.1019E-05   5.8906E-05   1.1013E-05 / 5.8901E-05   
1730   5.997E-03   1.2240E-05   7.7295E-05   1.2236E-05 / 7.7288E-05   
1740   5.997E-03   1.2284E-05   7.6118E-05   1.2274E-05 / 7.6108E-05   
1750   5.997E-03   3.5202E-05   1.3101E-04   3.4047E-05 / 1.3013E-04   
1760   5.997E-03   1.2128E-05   5.6501E-05   1.1818E-05 / 5.6207E-05   
1770   5.997E-03   1.4545E-05   9.0751E-05   1.3662E-05 / 8.9912E-05   
1780   5.997E-03   1.3855E-05   6.0370E-05   1.2933E-05 / 5.9470E-05   
1789   5.997E-03   1.1230E-05   7.7584E-05   1.0968E-05 / 7.7343E-05   
BEST MODEL
===============================================================================================================
1526   5.997E-03   1.2552E-05   2.4293E-05   1.2426E-05 / 2.4154E-05   
===============================================================================================================
Saved model to /home/nikki/kan/kanTBNN/models/multi_run/kan_experiment_70_opt/kanTBNN-24Nov06_13:49:41.pickle
