=====> WARNING: Training dataset length: 0, assuming memorization test!
========== Dataset info ==========
Dataset params: {'file': '/home/ryley/WDK/ML/dataset/turbulence_dataset_clean.csv', 'Cases': ['fp_3630'], 'val_set': ['fp_3630'], 'test_set': ['fp_3630'], 'data_loader': <class 'tbnn.dataloaders.aDataset'>}
Train/Valid/Test points: 168 / 168 / 168
Memorization?: True
Cluster training?: False
EPOCH     LR        TRAIN         VALID             MSE:T/V                  RL:T/V             %NR_t/%NR_v
===============================================================================================================
  1   5.000E-04   2.0980E-01   2.0980E-01   2.0980E-01 / 2.0980E-01   
 10   5.000E-04   2.0117E-01   2.0117E-01   2.0117E-01 / 2.0117E-01   
 20   5.000E-04   5.7570E-02   5.7570E-02   5.7570E-02 / 5.7570E-02   
 30   5.000E-04   1.1724E-02   1.1724E-02   1.1724E-02 / 1.1724E-02   
 40   5.000E-04   1.0163E-02   1.0163E-02   1.0163E-02 / 1.0163E-02   
 50   5.000E-04   9.6726E-03   9.6726E-03   9.6726E-03 / 9.6726E-03   
 60   5.000E-04   9.2539E-03   9.2539E-03   9.2539E-03 / 9.2539E-03   
 70   5.000E-04   8.8687E-03   8.8687E-03   8.8687E-03 / 8.8687E-03   
 80   5.000E-04   8.4780E-03   8.4780E-03   8.4780E-03 / 8.4780E-03   
 90   5.000E-04   8.0838E-03   8.0838E-03   8.0838E-03 / 8.0838E-03   
100   5.000E-04   7.7098E-03   7.7098E-03   7.7098E-03 / 7.7098E-03   
110   5.000E-04   7.3749E-03   7.3749E-03   7.3749E-03 / 7.3749E-03   
120   5.000E-04   7.0161E-03   7.0161E-03   7.0161E-03 / 7.0161E-03   
130   5.000E-04   6.7029E-03   6.7029E-03   6.7029E-03 / 6.7029E-03   
140   5.000E-04   6.4202E-03   6.4202E-03   6.4202E-03 / 6.4202E-03   
150   5.000E-04   6.1362E-03   6.1362E-03   6.1362E-03 / 6.1362E-03   
160   5.000E-04   5.8486E-03   5.8486E-03   5.8486E-03 / 5.8486E-03   
170   5.000E-04   5.6122E-03   5.6122E-03   5.6122E-03 / 5.6122E-03   
180   5.000E-04   5.3420E-03   5.3420E-03   5.3420E-03 / 5.3420E-03   
190   5.000E-04   5.0584E-03   5.0584E-03   5.0584E-03 / 5.0584E-03   
200   5.000E-04   4.7279E-03   4.7279E-03   4.7279E-03 / 4.7279E-03   
210   5.000E-04   4.3960E-03   4.3960E-03   4.3960E-03 / 4.3960E-03   
220   5.000E-04   3.9704E-03   3.9704E-03   3.9704E-03 / 3.9704E-03   
230   5.000E-04   3.4484E-03   3.4484E-03   3.4484E-03 / 3.4484E-03   
240   5.000E-04   2.8645E-03   2.8645E-03   2.8645E-03 / 2.8645E-03   
250   5.000E-04   2.3018E-03   2.3018E-03   2.3018E-03 / 2.3018E-03   
260   5.000E-04   1.9188E-03   1.9188E-03   1.9188E-03 / 1.9188E-03   
270   5.000E-04   1.7024E-03   1.7024E-03   1.7024E-03 / 1.7024E-03   
280   5.000E-04   1.5575E-03   1.5575E-03   1.5575E-03 / 1.5575E-03   
290   5.000E-04   1.4599E-03   1.4599E-03   1.4599E-03 / 1.4599E-03   
300   5.000E-04   1.3564E-03   1.3564E-03   1.3564E-03 / 1.3564E-03   
310   5.000E-04   1.2736E-03   1.2736E-03   1.2736E-03 / 1.2736E-03   
320   5.000E-04   1.2062E-03   1.2062E-03   1.2062E-03 / 1.2062E-03   
330   5.000E-04   1.1473E-03   1.1473E-03   1.1473E-03 / 1.1473E-03   
340   5.000E-04   1.0896E-03   1.0896E-03   1.0896E-03 / 1.0896E-03   
350   5.000E-04   1.0416E-03   1.0416E-03   1.0416E-03 / 1.0416E-03   
360   5.000E-04   1.0096E-03   1.0096E-03   1.0096E-03 / 1.0096E-03   
370   5.000E-04   9.6688E-04   9.6688E-04   9.6688E-04 / 9.6688E-04   
380   5.000E-04   9.2216E-04   9.2216E-04   9.2216E-04 / 9.2216E-04   
390   5.000E-04   8.8959E-04   8.8959E-04   8.8959E-04 / 8.8959E-04   
400   5.000E-04   8.5062E-04   8.5062E-04   8.5062E-04 / 8.5062E-04   
410   5.000E-04   8.1657E-04   8.1657E-04   8.1657E-04 / 8.1657E-04   
420   5.000E-04   7.8828E-04   7.8828E-04   7.8828E-04 / 7.8828E-04   
430   5.000E-04   7.7086E-04   7.7086E-04   7.7086E-04 / 7.7086E-04   
440   5.000E-04   7.4735E-04   7.4735E-04   7.4735E-04 / 7.4735E-04   
450   5.000E-04   7.2268E-04   7.2268E-04   7.2268E-04 / 7.2268E-04   
460   5.000E-04   7.0392E-04   7.0392E-04   7.0392E-04 / 7.0392E-04   
470   5.000E-04   6.8405E-04   6.8405E-04   6.8405E-04 / 6.8405E-04   
480   5.000E-04   6.6996E-04   6.6996E-04   6.6996E-04 / 6.6996E-04   
490   5.000E-04   6.6308E-04   6.6308E-04   6.6308E-04 / 6.6308E-04   
500   5.000E-04   6.4126E-04   6.4126E-04   6.4126E-04 / 6.4126E-04   
510   5.000E-04   6.2444E-04   6.2444E-04   6.2444E-04 / 6.2444E-04   
520   5.000E-04   6.0288E-04   6.0288E-04   6.0288E-04 / 6.0288E-04   
530   5.000E-04   5.8867E-04   5.8867E-04   5.8867E-04 / 5.8867E-04   
540   5.000E-04   5.7790E-04   5.7790E-04   5.7790E-04 / 5.7790E-04   
550   5.000E-04   5.6888E-04   5.6888E-04   5.6888E-04 / 5.6888E-04   
560   5.000E-04   5.5882E-04   5.5882E-04   5.5882E-04 / 5.5882E-04   
570   5.000E-04   5.4950E-04   5.4950E-04   5.4950E-04 / 5.4950E-04   
580   5.000E-04   5.3693E-04   5.3693E-04   5.3693E-04 / 5.3693E-04   
590   5.000E-04   5.3768E-04   5.3768E-04   5.3768E-04 / 5.3768E-04   
600   5.000E-04   5.6341E-04   5.6341E-04   5.6341E-04 / 5.6341E-04   
610   5.000E-04   5.1380E-04   5.1380E-04   5.1380E-04 / 5.1380E-04   
620   5.000E-04   5.1799E-04   5.1799E-04   5.1799E-04 / 5.1799E-04   
630   5.000E-04   5.0182E-04   5.0182E-04   5.0182E-04 / 5.0182E-04   
640   5.000E-04   4.9785E-04   4.9785E-04   4.9785E-04 / 4.9785E-04   
650   5.000E-04   4.9229E-04   4.9229E-04   4.9229E-04 / 4.9229E-04   
660   5.000E-04   4.7391E-04   4.7391E-04   4.7391E-04 / 4.7391E-04   
670   5.000E-04   4.8369E-04   4.8369E-04   4.8369E-04 / 4.8369E-04   
680   5.000E-04   4.6706E-04   4.6706E-04   4.6706E-04 / 4.6706E-04   
690   5.000E-04   4.5726E-04   4.5726E-04   4.5726E-04 / 4.5726E-04   
700   5.000E-04   4.5609E-04   4.5609E-04   4.5609E-04 / 4.5609E-04   
710   5.000E-04   4.4577E-04   4.4577E-04   4.4577E-04 / 4.4577E-04   
720   5.000E-04   4.4391E-04   4.4391E-04   4.4391E-04 / 4.4391E-04   
730   5.000E-04   4.5772E-04   4.5772E-04   4.5772E-04 / 4.5772E-04   
740   5.000E-04   4.3666E-04   4.3666E-04   4.3666E-04 / 4.3666E-04   
750   5.000E-04   5.0511E-04   5.0511E-04   5.0511E-04 / 5.0511E-04   
760   5.000E-04   4.2314E-04   4.2314E-04   4.2314E-04 / 4.2314E-04   
770   5.000E-04   4.2531E-04   4.2531E-04   4.2531E-04 / 4.2531E-04   
780   5.000E-04   4.2009E-04   4.2009E-04   4.2009E-04 / 4.2009E-04   
790   5.000E-04   4.4233E-04   4.4233E-04   4.4233E-04 / 4.4233E-04   
800   5.000E-04   4.1270E-04   4.1270E-04   4.1270E-04 / 4.1270E-04   
810   5.000E-04   4.0236E-04   4.0236E-04   4.0236E-04 / 4.0236E-04   
820   5.000E-04   3.9780E-04   3.9780E-04   3.9780E-04 / 3.9780E-04   
830   5.000E-04   3.9718E-04   3.9718E-04   3.9718E-04 / 3.9718E-04   
840   5.000E-04   3.9364E-04   3.9364E-04   3.9364E-04 / 3.9364E-04   
850   5.000E-04   3.9657E-04   3.9657E-04   3.9657E-04 / 3.9657E-04   
860   5.000E-04   3.8689E-04   3.8689E-04   3.8689E-04 / 3.8689E-04   
870   5.000E-04   3.8067E-04   3.8067E-04   3.8067E-04 / 3.8067E-04   
880   5.000E-04   3.8145E-04   3.8145E-04   3.8145E-04 / 3.8145E-04   
890   5.000E-04   3.7028E-04   3.7028E-04   3.7028E-04 / 3.7028E-04   
900   5.000E-04   3.6879E-04   3.6879E-04   3.6879E-04 / 3.6879E-04   
910   5.000E-04   3.6809E-04   3.6809E-04   3.6809E-04 / 3.6809E-04   
920   5.000E-04   3.6696E-04   3.6696E-04   3.6696E-04 / 3.6696E-04   
930   5.000E-04   3.5794E-04   3.5794E-04   3.5794E-04 / 3.5794E-04   
940   5.000E-04   3.5217E-04   3.5217E-04   3.5217E-04 / 3.5217E-04   
950   5.000E-04   3.5317E-04   3.5317E-04   3.5317E-04 / 3.5317E-04   
960   5.000E-04   3.4541E-04   3.4541E-04   3.4541E-04 / 3.4541E-04   
970   5.000E-04   3.4346E-04   3.4346E-04   3.4346E-04 / 3.4346E-04   
980   5.000E-04   3.6529E-04   3.6529E-04   3.6529E-04 / 3.6529E-04   
990   5.000E-04   3.4699E-04   3.4699E-04   3.4699E-04 / 3.4699E-04   
1000   5.000E-04   3.3399E-04   3.3399E-04   3.3399E-04 / 3.3399E-04   
===============================================================================================================
Saved model to models/fp_memorization_norealiz/TBNNiii-24May09_10:18:37.pickle
