=====> WARNING: Training dataset length: 0, assuming memorization test!
========== Dataset info ==========
Dataset params: {'file': '/home/ryley/WDK/ML/dataset/turbulence_dataset_clean.csv', 'Cases': ['fp_3630'], 'val_set': ['fp_3630'], 'test_set': ['fp_3630'], 'data_loader': <class 'tbnn.dataloaders.aDataset'>}
Train/Valid/Test points: 168 / 168 / 168
Memorization?: True
Cluster training?: False
EPOCH     LR        TRAIN         VALID             MSE:T/V                  RL:T/V             %NR_t/%NR_v
===============================================================================================================
  1   5.000E-04   2.1282E-01   2.1282E-01   2.1282E-01 / 2.1282E-01   
 10   5.000E-04   1.9808E-01   1.9808E-01   1.9808E-01 / 1.9808E-01   
 20   5.000E-04   2.2981E-02   2.2981E-02   2.2981E-02 / 2.2981E-02   
 30   5.000E-04   8.5875E-03   8.5875E-03   8.5875E-03 / 8.5875E-03   
 40   5.000E-04   7.6657E-03   7.6657E-03   7.6657E-03 / 7.6657E-03   
 50   5.000E-04   6.9750E-03   6.9750E-03   6.9750E-03 / 6.9750E-03   
 60   5.000E-04   6.3248E-03   6.3248E-03   6.3248E-03 / 6.3248E-03   
 70   5.000E-04   5.7394E-03   5.7394E-03   5.7394E-03 / 5.7394E-03   
 80   5.000E-04   5.1739E-03   5.1739E-03   5.1739E-03 / 5.1739E-03   
 90   5.000E-04   4.5801E-03   4.5801E-03   4.5801E-03 / 4.5801E-03   
100   5.000E-04   4.0417E-03   4.0417E-03   4.0417E-03 / 4.0417E-03   
110   5.000E-04   3.5360E-03   3.5360E-03   3.5360E-03 / 3.5360E-03   
120   5.000E-04   2.9798E-03   2.9798E-03   2.9798E-03 / 2.9798E-03   
130   5.000E-04   2.4214E-03   2.4214E-03   2.4214E-03 / 2.4214E-03   
140   5.000E-04   1.9253E-03   1.9253E-03   1.9253E-03 / 1.9253E-03   
150   5.000E-04   1.5391E-03   1.5391E-03   1.5391E-03 / 1.5391E-03   
160   5.000E-04   1.2968E-03   1.2968E-03   1.2968E-03 / 1.2968E-03   
170   5.000E-04   1.1522E-03   1.1522E-03   1.1522E-03 / 1.1522E-03   
180   5.000E-04   1.0426E-03   1.0426E-03   1.0426E-03 / 1.0426E-03   
190   5.000E-04   9.5448E-04   9.5448E-04   9.5448E-04 / 9.5448E-04   
200   5.000E-04   8.8212E-04   8.8212E-04   8.8212E-04 / 8.8212E-04   
210   5.000E-04   8.2777E-04   8.2777E-04   8.2777E-04 / 8.2777E-04   
220   5.000E-04   7.8670E-04   7.8670E-04   7.8670E-04 / 7.8670E-04   
230   5.000E-04   7.5554E-04   7.5554E-04   7.5554E-04 / 7.5554E-04   
240   5.000E-04   7.3198E-04   7.3198E-04   7.3198E-04 / 7.3198E-04   
250   5.000E-04   7.1340E-04   7.1340E-04   7.1340E-04 / 7.1340E-04   
260   5.000E-04   6.9608E-04   6.9608E-04   6.9608E-04 / 6.9608E-04   
270   5.000E-04   6.8173E-04   6.8173E-04   6.8173E-04 / 6.8173E-04   
280   5.000E-04   6.6915E-04   6.6915E-04   6.6915E-04 / 6.6915E-04   
290   5.000E-04   6.5709E-04   6.5709E-04   6.5709E-04 / 6.5709E-04   
300   5.000E-04   6.4493E-04   6.4493E-04   6.4493E-04 / 6.4493E-04   
310   5.000E-04   6.3194E-04   6.3194E-04   6.3194E-04 / 6.3194E-04   
320   5.000E-04   6.2026E-04   6.2026E-04   6.2026E-04 / 6.2026E-04   
330   5.000E-04   6.1360E-04   6.1360E-04   6.1360E-04 / 6.1360E-04   
340   5.000E-04   5.9771E-04   5.9771E-04   5.9771E-04 / 5.9771E-04   
350   5.000E-04   5.8580E-04   5.8580E-04   5.8580E-04 / 5.8580E-04   
360   5.000E-04   5.7252E-04   5.7252E-04   5.7252E-04 / 5.7252E-04   
370   5.000E-04   5.6204E-04   5.6204E-04   5.6204E-04 / 5.6204E-04   
380   5.000E-04   5.4506E-04   5.4506E-04   5.4506E-04 / 5.4506E-04   
390   5.000E-04   5.3055E-04   5.3055E-04   5.3055E-04 / 5.3055E-04   
400   5.000E-04   5.1404E-04   5.1404E-04   5.1404E-04 / 5.1404E-04   
410   5.000E-04   4.9271E-04   4.9271E-04   4.9271E-04 / 4.9271E-04   
420   5.000E-04   4.6684E-04   4.6684E-04   4.6684E-04 / 4.6684E-04   
430   5.000E-04   4.3056E-04   4.3056E-04   4.3056E-04 / 4.3056E-04   
440   5.000E-04   3.9347E-04   3.9347E-04   3.9347E-04 / 3.9347E-04   
450   5.000E-04   3.7704E-04   3.7704E-04   3.7704E-04 / 3.7704E-04   
460   5.000E-04   3.6177E-04   3.6177E-04   3.6177E-04 / 3.6177E-04   
470   5.000E-04   3.4846E-04   3.4846E-04   3.4846E-04 / 3.4846E-04   
480   5.000E-04   3.4119E-04   3.4119E-04   3.4119E-04 / 3.4119E-04   
490   5.000E-04   3.2882E-04   3.2882E-04   3.2882E-04 / 3.2882E-04   
500   5.000E-04   3.2099E-04   3.2099E-04   3.2099E-04 / 3.2099E-04   
510   5.000E-04   3.1424E-04   3.1424E-04   3.1424E-04 / 3.1424E-04   
520   5.000E-04   3.0324E-04   3.0324E-04   3.0324E-04 / 3.0324E-04   
530   5.000E-04   2.9698E-04   2.9698E-04   2.9698E-04 / 2.9698E-04   
540   5.000E-04   2.8834E-04   2.8834E-04   2.8834E-04 / 2.8834E-04   
550   5.000E-04   2.8362E-04   2.8362E-04   2.8362E-04 / 2.8362E-04   
560   5.000E-04   2.8013E-04   2.8013E-04   2.8013E-04 / 2.8013E-04   
570   5.000E-04   2.6934E-04   2.6934E-04   2.6934E-04 / 2.6934E-04   
580   5.000E-04   2.6413E-04   2.6413E-04   2.6413E-04 / 2.6413E-04   
590   5.000E-04   2.5718E-04   2.5718E-04   2.5718E-04 / 2.5718E-04   
600   5.000E-04   2.5445E-04   2.5445E-04   2.5445E-04 / 2.5445E-04   
610   5.000E-04   2.5372E-04   2.5372E-04   2.5372E-04 / 2.5372E-04   
620   5.000E-04   2.5126E-04   2.5126E-04   2.5126E-04 / 2.5126E-04   
630   5.000E-04   2.3807E-04   2.3807E-04   2.3807E-04 / 2.3807E-04   
640   5.000E-04   2.4162E-04   2.4162E-04   2.4162E-04 / 2.4162E-04   
650   5.000E-04   2.3303E-04   2.3303E-04   2.3303E-04 / 2.3303E-04   
660   5.000E-04   2.2880E-04   2.2880E-04   2.2880E-04 / 2.2880E-04   
670   5.000E-04   2.2470E-04   2.2470E-04   2.2470E-04 / 2.2470E-04   
680   5.000E-04   2.2034E-04   2.2034E-04   2.2034E-04 / 2.2034E-04   
690   5.000E-04   2.1495E-04   2.1495E-04   2.1495E-04 / 2.1495E-04   
700   5.000E-04   2.1644E-04   2.1644E-04   2.1644E-04 / 2.1644E-04   
710   5.000E-04   2.0792E-04   2.0792E-04   2.0792E-04 / 2.0792E-04   
720   5.000E-04   2.0662E-04   2.0662E-04   2.0662E-04 / 2.0662E-04   
730   5.000E-04   2.1307E-04   2.1307E-04   2.1307E-04 / 2.1307E-04   
740   5.000E-04   2.0484E-04   2.0484E-04   2.0484E-04 / 2.0484E-04   
750   5.000E-04   1.9892E-04   1.9892E-04   1.9892E-04 / 1.9892E-04   
760   5.000E-04   1.9142E-04   1.9142E-04   1.9142E-04 / 1.9142E-04   
770   5.000E-04   1.9957E-04   1.9957E-04   1.9957E-04 / 1.9957E-04   
780   5.000E-04   1.8627E-04   1.8627E-04   1.8627E-04 / 1.8627E-04   
790   5.000E-04   1.8347E-04   1.8347E-04   1.8347E-04 / 1.8347E-04   
800   5.000E-04   1.8224E-04   1.8224E-04   1.8224E-04 / 1.8224E-04   
810   5.000E-04   1.7608E-04   1.7608E-04   1.7608E-04 / 1.7608E-04   
820   5.000E-04   1.8317E-04   1.8317E-04   1.8317E-04 / 1.8317E-04   
830   5.000E-04   1.8236E-04   1.8236E-04   1.8236E-04 / 1.8236E-04   
840   5.000E-04   1.7492E-04   1.7492E-04   1.7492E-04 / 1.7492E-04   
850   5.000E-04   1.8205E-04   1.8205E-04   1.8205E-04 / 1.8205E-04   
860   5.000E-04   1.8836E-04   1.8836E-04   1.8836E-04 / 1.8836E-04   
870   5.000E-04   1.8533E-04   1.8533E-04   1.8533E-04 / 1.8533E-04   
880   5.000E-04   1.5892E-04   1.5892E-04   1.5892E-04 / 1.5892E-04   
890   5.000E-04   1.5641E-04   1.5641E-04   1.5641E-04 / 1.5641E-04   
900   5.000E-04   1.6312E-04   1.6312E-04   1.6312E-04 / 1.6312E-04   
910   5.000E-04   1.5390E-04   1.5390E-04   1.5390E-04 / 1.5390E-04   
920   5.000E-04   1.5040E-04   1.5040E-04   1.5040E-04 / 1.5040E-04   
930   5.000E-04   1.4994E-04   1.4994E-04   1.4994E-04 / 1.4994E-04   
940   5.000E-04   1.4604E-04   1.4604E-04   1.4604E-04 / 1.4604E-04   
950   5.000E-04   1.4693E-04   1.4693E-04   1.4693E-04 / 1.4693E-04   
960   5.000E-04   1.4852E-04   1.4852E-04   1.4852E-04 / 1.4852E-04   
970   5.000E-04   1.5055E-04   1.5055E-04   1.5055E-04 / 1.5055E-04   
980   5.000E-04   1.3780E-04   1.3780E-04   1.3780E-04 / 1.3780E-04   
990   5.000E-04   1.3863E-04   1.3863E-04   1.3863E-04 / 1.3863E-04   
1000   5.000E-04   1.3417E-04   1.3417E-04   1.3417E-04 / 1.3417E-04   
1010   5.000E-04   1.3597E-04   1.3597E-04   1.3597E-04 / 1.3597E-04   
1020   5.000E-04   1.3760E-04   1.3760E-04   1.3760E-04 / 1.3760E-04   
1030   5.000E-04   1.2946E-04   1.2946E-04   1.2946E-04 / 1.2946E-04   
1040   5.000E-04   1.3966E-04   1.3966E-04   1.3966E-04 / 1.3966E-04   
1050   5.000E-04   1.3114E-04   1.3114E-04   1.3114E-04 / 1.3114E-04   
1060   5.000E-04   1.2733E-04   1.2733E-04   1.2733E-04 / 1.2733E-04   
1070   5.000E-04   1.2767E-04   1.2767E-04   1.2767E-04 / 1.2767E-04   
1080   5.000E-04   1.2151E-04   1.2151E-04   1.2151E-04 / 1.2151E-04   
1090   5.000E-04   1.1968E-04   1.1968E-04   1.1968E-04 / 1.1968E-04   
1100   5.000E-04   1.2049E-04   1.2049E-04   1.2049E-04 / 1.2049E-04   
1110   5.000E-04   1.2160E-04   1.2160E-04   1.2160E-04 / 1.2160E-04   
1120   5.000E-04   1.1591E-04   1.1591E-04   1.1591E-04 / 1.1591E-04   
1130   5.000E-04   1.1949E-04   1.1949E-04   1.1949E-04 / 1.1949E-04   
1140   5.000E-04   1.1651E-04   1.1651E-04   1.1651E-04 / 1.1651E-04   
1150   5.000E-04   1.1212E-04   1.1212E-04   1.1212E-04 / 1.1212E-04   
1160   5.000E-04   1.1540E-04   1.1540E-04   1.1540E-04 / 1.1540E-04   
1170   5.000E-04   1.0961E-04   1.0961E-04   1.0961E-04 / 1.0961E-04   
1180   5.000E-04   1.1981E-04   1.1981E-04   1.1981E-04 / 1.1981E-04   
1190   5.000E-04   1.0691E-04   1.0691E-04   1.0691E-04 / 1.0691E-04   
1200   5.000E-04   1.0873E-04   1.0873E-04   1.0873E-04 / 1.0873E-04   
1210   5.000E-04   1.0499E-04   1.0499E-04   1.0499E-04 / 1.0499E-04   
1220   5.000E-04   1.0391E-04   1.0391E-04   1.0391E-04 / 1.0391E-04   
1230   5.000E-04   1.0326E-04   1.0326E-04   1.0326E-04 / 1.0326E-04   
1240   5.000E-04   1.0556E-04   1.0556E-04   1.0556E-04 / 1.0556E-04   
1250   5.000E-04   9.9393E-05   9.9393E-05   9.9393E-05 / 9.9393E-05   
1260   5.000E-04   9.7625E-05   9.7625E-05   9.7625E-05 / 9.7625E-05   
1270   5.000E-04   9.8240E-05   9.8240E-05   9.8240E-05 / 9.8240E-05   
1280   5.000E-04   9.8175E-05   9.8175E-05   9.8175E-05 / 9.8175E-05   
1290   5.000E-04   9.7393E-05   9.7393E-05   9.7393E-05 / 9.7393E-05   
1300   5.000E-04   9.7366E-05   9.7366E-05   9.7366E-05 / 9.7366E-05   
1310   5.000E-04   9.1633E-05   9.1633E-05   9.1633E-05 / 9.1633E-05   
1320   5.000E-04   9.0749E-05   9.0749E-05   9.0749E-05 / 9.0749E-05   
1330   5.000E-04   1.2371E-04   1.2371E-04   1.2371E-04 / 1.2371E-04   
1340   5.000E-04   8.9822E-05   8.9822E-05   8.9822E-05 / 8.9822E-05   
1350   5.000E-04   8.6767E-05   8.6767E-05   8.6767E-05 / 8.6767E-05   
1360   5.000E-04   9.3061E-05   9.3061E-05   9.3061E-05 / 9.3061E-05   
1370   5.000E-04   8.7373E-05   8.7373E-05   8.7373E-05 / 8.7373E-05   
1380   5.000E-04   8.4971E-05   8.4971E-05   8.4971E-05 / 8.4971E-05   
1390   5.000E-04   8.4576E-05   8.4576E-05   8.4576E-05 / 8.4576E-05   
1400   5.000E-04   8.7061E-05   8.7061E-05   8.7061E-05 / 8.7061E-05   
1410   5.000E-04   8.1496E-05   8.1496E-05   8.1496E-05 / 8.1496E-05   
1420   5.000E-04   1.9494E-04   1.9494E-04   1.9494E-04 / 1.9494E-04   
1430   5.000E-04   1.0167E-04   1.0167E-04   1.0167E-04 / 1.0167E-04   
1440   5.000E-04   7.9195E-05   7.9195E-05   7.9195E-05 / 7.9195E-05   
1450   5.000E-04   7.9685E-05   7.9685E-05   7.9685E-05 / 7.9685E-05   
1460   5.000E-04   8.5814E-05   8.5814E-05   8.5814E-05 / 8.5814E-05   
1470   5.000E-04   7.6769E-05   7.6769E-05   7.6769E-05 / 7.6769E-05   
1480   5.000E-04   7.4313E-05   7.4313E-05   7.4313E-05 / 7.4313E-05   
1490   5.000E-04   8.1026E-05   8.1026E-05   8.1026E-05 / 8.1026E-05   
1500   5.000E-04   7.9206E-05   7.9206E-05   7.9206E-05 / 7.9206E-05   
1510   5.000E-04   7.5648E-05   7.5648E-05   7.5648E-05 / 7.5648E-05   
1520   5.000E-04   7.8450E-05   7.8450E-05   7.8450E-05 / 7.8450E-05   
1530   5.000E-04   7.4001E-05   7.4001E-05   7.4001E-05 / 7.4001E-05   
1540   5.000E-04   7.8074E-05   7.8074E-05   7.8074E-05 / 7.8074E-05   
1550   5.000E-04   8.5225E-05   8.5225E-05   8.5225E-05 / 8.5225E-05   
1560   5.000E-04   8.0061E-05   8.0061E-05   8.0061E-05 / 8.0061E-05   
1570   5.000E-04   7.5270E-05   7.5270E-05   7.5270E-05 / 7.5270E-05   
1580   5.000E-04   7.2322E-05   7.2322E-05   7.2322E-05 / 7.2322E-05   
1590   5.000E-04   6.7713E-05   6.7713E-05   6.7713E-05 / 6.7713E-05   
1600   5.000E-04   6.7030E-05   6.7030E-05   6.7030E-05 / 6.7030E-05   
1610   5.000E-04   6.6609E-05   6.6609E-05   6.6609E-05 / 6.6609E-05   
1620   5.000E-04   6.6927E-05   6.6927E-05   6.6927E-05 / 6.6927E-05   
1630   5.000E-04   6.5040E-05   6.5040E-05   6.5040E-05 / 6.5040E-05   
1640   5.000E-04   6.4678E-05   6.4678E-05   6.4678E-05 / 6.4678E-05   
1650   5.000E-04   7.2226E-05   7.2226E-05   7.2226E-05 / 7.2226E-05   
1660   5.000E-04   6.8979E-05   6.8979E-05   6.8979E-05 / 6.8979E-05   
1670   5.000E-04   6.5014E-05   6.5014E-05   6.5014E-05 / 6.5014E-05   
1680   5.000E-04   7.2002E-05   7.2002E-05   7.2002E-05 / 7.2002E-05   
1690   5.000E-04   8.2401E-05   8.2401E-05   8.2401E-05 / 8.2401E-05   
1700   5.000E-04   6.2484E-05   6.2484E-05   6.2484E-05 / 6.2484E-05   
1710   5.000E-04   6.1112E-05   6.1112E-05   6.1112E-05 / 6.1112E-05   
1720   5.000E-04   6.0323E-05   6.0323E-05   6.0323E-05 / 6.0323E-05   
1730   5.000E-04   5.9349E-05   5.9349E-05   5.9349E-05 / 5.9349E-05   
1740   5.000E-04   6.0652E-05   6.0652E-05   6.0652E-05 / 6.0652E-05   
1750   5.000E-04   6.3853E-05   6.3853E-05   6.3853E-05 / 6.3853E-05   
1760   5.000E-04   6.3085E-05   6.3085E-05   6.3085E-05 / 6.3085E-05   
1770   5.000E-04   6.5779E-05   6.5779E-05   6.5779E-05 / 6.5779E-05   
1780   5.000E-04   5.7399E-05   5.7399E-05   5.7399E-05 / 5.7399E-05   
1790   5.000E-04   5.8043E-05   5.8043E-05   5.8043E-05 / 5.8043E-05   
1800   5.000E-04   5.6958E-05   5.6958E-05   5.6958E-05 / 5.6958E-05   
1810   5.000E-04   5.7480E-05   5.7480E-05   5.7480E-05 / 5.7480E-05   
1820   5.000E-04   5.6161E-05   5.6161E-05   5.6161E-05 / 5.6161E-05   
1830   5.000E-04   5.7945E-05   5.7945E-05   5.7945E-05 / 5.7945E-05   
1840   5.000E-04   6.0233E-05   6.0233E-05   6.0233E-05 / 6.0233E-05   
1850   5.000E-04   5.3892E-05   5.3892E-05   5.3892E-05 / 5.3892E-05   
1860   5.000E-04   5.4926E-05   5.4926E-05   5.4926E-05 / 5.4926E-05   
1870   5.000E-04   5.3818E-05   5.3818E-05   5.3818E-05 / 5.3818E-05   
1880   5.000E-04   5.6303E-05   5.6303E-05   5.6303E-05 / 5.6303E-05   
1890   5.000E-04   5.6843E-05   5.6843E-05   5.6843E-05 / 5.6843E-05   
1900   5.000E-04   5.3368E-05   5.3368E-05   5.3368E-05 / 5.3368E-05   
1910   5.000E-04   5.5106E-05   5.5106E-05   5.5106E-05 / 5.5106E-05   
1920   5.000E-04   7.0135E-05   7.0135E-05   7.0135E-05 / 7.0135E-05   
1930   5.000E-04   5.6191E-05   5.6191E-05   5.6191E-05 / 5.6191E-05   
1940   5.000E-04   5.3892E-05   5.3892E-05   5.3892E-05 / 5.3892E-05   
1950   5.000E-04   5.0435E-05   5.0435E-05   5.0435E-05 / 5.0435E-05   
1960   5.000E-04   5.1511E-05   5.1511E-05   5.1511E-05 / 5.1511E-05   
1970   5.000E-04   5.3427E-05   5.3427E-05   5.3427E-05 / 5.3427E-05   
1980   5.000E-04   5.0662E-05   5.0662E-05   5.0662E-05 / 5.0662E-05   
1990   5.000E-04   4.9028E-05   4.9028E-05   4.9028E-05 / 4.9028E-05   
2000   5.000E-04   5.1085E-05   5.1085E-05   5.1085E-05 / 5.1085E-05   
===============================================================================================================
Saved model to models/fp_memorization_norealiz/TBNNiii-24May09_10:26:29.pickle
