=====> WARNING: Training dataset length: 0, assuming memorization test!
========== Dataset info ==========
Dataset params: {'file': '/home/ryley/WDK/ML/dataset/turbulence_dataset_clean.csv', 'Cases': ['fp_3630'], 'val_set': ['fp_3630'], 'test_set': ['fp_3630'], 'data_loader': <class 'tbnn.dataloaders.aDataset'>}
Train/Valid/Test points: 168 / 168 / 168
Memorization?: True
Cluster training?: False
EPOCH     LR        TRAIN         VALID             MSE:T/V                  RL:T/V             %NR_t/%NR_v
===============================================================================================================
  1   1.000E-04   2.8705E+04   2.8705E+04   2.8705E+04 / 2.8705E+04   1.9934E-03 / 1.9934E-03   79.17% / 79.17%
 10   1.000E-04   3.1176E+04   3.1176E+04   3.1176E+04 / 3.1176E+04   1.8746E+07 / 1.8746E+07   97.02% / 97.02%
 20   1.000E-04   3.1176E+04   3.1176E+04   3.1176E+04 / 3.1176E+04   1.9850E+07 / 1.9850E+07   97.02% / 97.02%
 30   1.000E-04   3.1176E+04   3.1176E+04   3.1176E+04 / 3.1176E+04   1.9852E+07 / 1.9852E+07   97.02% / 97.02%
 40   1.000E-04   3.1176E+04   3.1176E+04   3.1176E+04 / 3.1176E+04   1.9852E+07 / 1.9852E+07   97.02% / 97.02%
 50   1.000E-04   3.1176E+04   3.1176E+04   3.1176E+04 / 3.1176E+04   1.9852E+07 / 1.9852E+07   97.02% / 97.02%
 60   1.000E-04   3.1176E+04   3.1176E+04   3.1176E+04 / 3.1176E+04   1.9852E+07 / 1.9852E+07   97.02% / 97.02%
 70   1.000E-04   3.1176E+04   3.1176E+04   3.1176E+04 / 3.1176E+04   1.9852E+07 / 1.9852E+07   97.02% / 97.02%
 80   1.000E-04   3.1176E+04   3.1176E+04   3.1176E+04 / 3.1176E+04   1.9852E+07 / 1.9852E+07   97.02% / 97.02%
 90   1.000E-04   3.1176E+04   3.1176E+04   3.1176E+04 / 3.1176E+04   1.9852E+07 / 1.9852E+07   97.02% / 97.02%
100   1.000E-04   3.1176E+04   3.1176E+04   3.1176E+04 / 3.1176E+04   1.9852E+07 / 1.9852E+07   97.02% / 97.02%
110   1.000E-04   3.1176E+04   3.1176E+04   3.1176E+04 / 3.1176E+04   1.9852E+07 / 1.9852E+07   97.02% / 97.02%
120   1.000E-04   3.1176E+04   3.1176E+04   3.1176E+04 / 3.1176E+04   1.9852E+07 / 1.9852E+07   97.02% / 97.02%
130   1.000E-04   3.1176E+04   3.1176E+04   3.1176E+04 / 3.1176E+04   1.9852E+07 / 1.9852E+07   97.02% / 97.02%
140   1.000E-04   3.1176E+04   3.1176E+04   3.1176E+04 / 3.1176E+04   1.9852E+07 / 1.9852E+07   97.02% / 97.02%
150   1.000E-04   3.1176E+04   3.1176E+04   3.1176E+04 / 3.1176E+04   1.9852E+07 / 1.9852E+07   97.02% / 97.02%
160   1.000E-04   3.1176E+04   3.1176E+04   3.1176E+04 / 3.1176E+04   1.9852E+07 / 1.9852E+07   97.02% / 97.02%
170   1.000E-04   3.1176E+04   3.1176E+04   3.1176E+04 / 3.1176E+04   1.9852E+07 / 1.9852E+07   97.02% / 97.02%
180   1.000E-04   3.1176E+04   3.1176E+04   3.1176E+04 / 3.1176E+04   1.9852E+07 / 1.9852E+07   97.02% / 97.02%
190   1.000E-04   3.1176E+04   3.1176E+04   3.1176E+04 / 3.1176E+04   1.9852E+07 / 1.9852E+07   97.02% / 97.02%
200   1.000E-04   3.1176E+04   3.1176E+04   3.1176E+04 / 3.1176E+04   1.9852E+07 / 1.9852E+07   97.02% / 97.02%
210   1.000E-04   3.1176E+04   3.1176E+04   3.1176E+04 / 3.1176E+04   1.9852E+07 / 1.9852E+07   97.02% / 97.02%
220   1.000E-04   3.1176E+04   3.1176E+04   3.1176E+04 / 3.1176E+04   1.9852E+07 / 1.9852E+07   97.02% / 97.02%
230   1.000E-04   3.1176E+04   3.1176E+04   3.1176E+04 / 3.1176E+04   1.9852E+07 / 1.9852E+07   97.02% / 97.02%
240   1.000E-04   3.1176E+04   3.1176E+04   3.1176E+04 / 3.1176E+04   1.9852E+07 / 1.9852E+07   97.02% / 97.02%
250   1.000E-04   3.1176E+04   3.1176E+04   3.1176E+04 / 3.1176E+04   1.9852E+07 / 1.9852E+07   97.02% / 97.02%
260   1.000E-04   3.1176E+04   3.1176E+04   3.1176E+04 / 3.1176E+04   1.9852E+07 / 1.9852E+07   97.02% / 97.02%
265   1.000E-04   3.1176E+04   3.1176E+04   3.1176E+04 / 3.1176E+04   1.9852E+07 / 1.9852E+07   97.02% / 97.02%
BEST MODEL
===============================================================================================================
  2   1.000E-04   2.6559E+04   2.6559E+04   2.6559E+04 / 2.6559E+04   2.3122E-02 / 2.3122E-02   81.55% / 81.55%
===============================================================================================================
Saved model to models/fp_memorization_norealiz/TBNNiii-24May03_10:23:54.pickle
