=====> WARNING: Training dataset length: 0, assuming memorization test!
========== Dataset info ==========
Dataset params: {'file': '/home/ryley/WDK/ML/dataset/turbulence_dataset_clean.csv', 'Cases': ['fp_3630'], 'val_set': ['fp_3630'], 'test_set': ['fp_3630'], 'data_loader': <class 'tbnn.dataloaders.aDataset'>}
Train/Valid/Test points: 168 / 168 / 168
Memorization?: True
Cluster training?: False
EPOCH     LR        TRAIN         VALID             MSE:T/V                  RL:T/V             %NR_t/%NR_v
===============================================================================================================
  1   5.000E-04   2.0980E-01   2.0980E-01   2.0980E-01 / 2.0980E-01   
 10   5.000E-04   2.0117E-01   2.0117E-01   2.0117E-01 / 2.0117E-01   
 20   5.000E-04   5.7570E-02   5.7570E-02   5.7570E-02 / 5.7570E-02   
 30   5.000E-04   1.1724E-02   1.1724E-02   1.1724E-02 / 1.1724E-02   
 40   5.000E-04   1.0163E-02   1.0163E-02   1.0163E-02 / 1.0163E-02   
 50   5.000E-04   9.6726E-03   9.6726E-03   9.6726E-03 / 9.6726E-03   
 60   5.000E-04   9.2539E-03   9.2539E-03   9.2539E-03 / 9.2539E-03   
 70   5.000E-04   8.8687E-03   8.8687E-03   8.8687E-03 / 8.8687E-03   
 80   5.000E-04   8.4780E-03   8.4780E-03   8.4780E-03 / 8.4780E-03   
 90   5.000E-04   8.0838E-03   8.0838E-03   8.0838E-03 / 8.0838E-03   
100   5.000E-04   7.7098E-03   7.7098E-03   7.7098E-03 / 7.7098E-03   
===============================================================================================================
Saved model to models/fp_memorization_norealiz/TBNNiii-24May09_10:16:56.pickle
