========== Dataset info ==========
Dataset params: {'file': '/home/nikki/kan/data/turbulence_dataset_clean.csv', 'Cases': ['fp_1000', 'fp_1410', 'fp_2000', 'fp_2540', 'fp_3030', 'fp_3270', 'fp_3630', 'fp_3970', 'fp_4060'], 'val_set': ['fp_3030', 'fp_1410', 'fp_4060'], 'test_set': ['fp_3630'], 'data_loader': <class 'tbnn.dataloaders.aDataset'>}
Train/Valid/Test points: 760 / 468 / 168
Memorization?: False
Cluster training?: False
EPOCH     LR        TRAIN         VALID             MSE:T/V                  RL:T/V             %NR_t/%NR_v
===============================================================================================================
  1   8.251E-04   5.3633E-01   5.3548E-01   2.5424E-01 / 2.4989E-01   
 10   8.251E-04   1.3400E-01   1.2909E-01   9.0088E-02 / 8.5644E-02   
 20   8.251E-04   3.3441E-02   3.0702E-02   2.7099E-02 / 2.4900E-02   
 30   8.251E-04   1.4671E-02   1.3171E-02   1.3184E-02 / 1.1995E-02   
 40   8.251E-04   8.6953E-03   7.8369E-03   8.2489E-03 / 7.5586E-03   
 50   8.251E-04   6.5534E-03   6.0153E-03   6.3927E-03 / 5.9391E-03   
 60   8.251E-04   5.5125E-03   5.1492E-03   5.4460E-03 / 5.1233E-03   
 70   8.251E-04   4.8623E-03   4.5939E-03   4.8343E-03 / 4.5850E-03   
 80   8.251E-04   4.3971E-03   4.1975E-03   4.3857E-03 / 4.1952E-03   
 90   8.251E-04   4.0540E-03   3.9050E-03   4.0488E-03 / 3.9029E-03   
100   8.251E-04   3.7856E-03   3.6738E-03   3.7834E-03 / 3.6718E-03   
110   8.251E-04   3.5623E-03   3.4793E-03   3.5606E-03 / 3.4772E-03   
120   8.251E-04   3.3862E-03   3.3173E-03   3.3847E-03 / 3.3152E-03   
130   8.251E-04   3.2423E-03   3.1892E-03   3.2411E-03 / 3.1874E-03   
140   8.251E-04   3.1145E-03   3.0780E-03   3.1136E-03 / 3.0765E-03   
150   8.251E-04   2.9944E-03   2.9681E-03   2.9932E-03 / 2.9666E-03   
160   8.251E-04   2.8784E-03   2.8621E-03   2.8775E-03 / 2.8609E-03   
170   8.251E-04   2.7654E-03   2.7575E-03   2.7647E-03 / 2.7562E-03   
180   8.251E-04   2.6525E-03   2.6522E-03   2.6519E-03 / 2.6510E-03   
190   8.251E-04   2.5434E-03   2.5521E-03   2.5430E-03 / 2.5511E-03   
200   8.251E-04   2.4315E-03   2.4513E-03   2.4311E-03 / 2.4505E-03   
210   8.251E-04   2.3149E-03   2.3471E-03   2.3146E-03 / 2.3466E-03   
220   8.251E-04   2.2022E-03   2.2480E-03   2.2020E-03 / 2.2474E-03   
230   8.251E-04   2.0970E-03   2.1564E-03   2.0968E-03 / 2.1560E-03   
240   8.251E-04   2.0012E-03   2.0734E-03   2.0010E-03 / 2.0729E-03   
250   8.251E-04   1.9099E-03   1.9952E-03   1.9099E-03 / 1.9951E-03   
260   8.251E-04   1.8219E-03   1.9180E-03   1.8219E-03 / 1.9179E-03   
270   8.251E-04   1.7349E-03   1.8389E-03   1.7349E-03 / 1.8388E-03   
280   8.251E-04   1.6421E-03   1.7580E-03   1.6421E-03 / 1.7580E-03   
290   8.251E-04   1.5332E-03   1.6568E-03   1.5330E-03 / 1.6568E-03   
300   8.251E-04   1.4358E-03   1.5658E-03   1.4357E-03 / 1.5658E-03   
310   8.251E-04   1.3545E-03   1.4915E-03   1.3544E-03 / 1.4915E-03   
320   8.251E-04   1.2834E-03   1.4289E-03   1.2833E-03 / 1.4288E-03   
330   8.251E-04   1.2179E-03   1.3713E-03   1.2178E-03 / 1.3712E-03   
340   8.251E-04   1.1581E-03   1.3188E-03   1.1581E-03 / 1.3187E-03   
350   8.251E-04   1.1006E-03   1.2688E-03   1.1004E-03 / 1.2686E-03   
360   8.251E-04   1.0491E-03   1.2219E-03   1.0486E-03 / 1.2210E-03   
370   8.251E-04   1.0010E-03   1.1853E-03   1.0001E-03 / 1.1840E-03   
380   8.251E-04   9.5441E-04   1.1374E-03   9.5344E-04 / 1.1361E-03   
390   8.251E-04   9.0988E-04   1.1018E-03   9.0918E-04 / 1.1007E-03   
400   8.251E-04   8.6476E-04   1.0605E-03   8.6445E-04 / 1.0599E-03   
410   8.251E-04   8.2227E-04   1.0256E-03   8.2196E-04 / 1.0250E-03   
420   8.251E-04   7.8096E-04   9.8509E-04   7.8087E-04 / 9.8483E-04   
430   8.251E-04   7.4289E-04   9.4621E-04   7.4280E-04 / 9.4601E-04   
440   8.251E-04   7.0426E-04   9.2165E-04   7.0401E-04 / 9.2119E-04   
450   8.251E-04   6.6751E-04   8.8489E-04   6.6713E-04 / 8.8445E-04   
460   8.251E-04   6.3732E-04   8.6331E-04   6.3648E-04 / 8.6292E-04   
470   8.251E-04   6.0652E-04   8.4155E-04   6.0539E-04 / 8.4128E-04   
480   8.251E-04   5.7783E-04   8.1980E-04   5.7661E-04 / 8.1952E-04   
490   8.251E-04   5.4722E-04   7.9713E-04   5.4602E-04 / 7.9670E-04   
500   8.251E-04   5.2199E-04   7.7635E-04   5.2082E-04 / 7.7577E-04   
510   8.251E-04   4.9727E-04   7.7322E-04   4.9621E-04 / 7.7207E-04   
520   8.251E-04   4.7161E-04   7.5207E-04   4.7033E-04 / 7.5100E-04   
530   8.251E-04   4.4856E-04   7.4673E-04   4.4783E-04 / 7.4585E-04   
540   8.251E-04   4.2545E-04   7.2883E-04   4.2502E-04 / 7.2715E-04   
550   8.251E-04   4.0897E-04   7.2147E-04   4.0826E-04 / 7.2025E-04   
560   8.251E-04   3.8705E-04   7.1340E-04   3.8645E-04 / 7.1222E-04   
570   8.251E-04   3.6831E-04   7.1097E-04   3.6814E-04 / 7.0965E-04   
580   8.251E-04   3.5115E-04   6.9555E-04   3.5087E-04 / 6.9469E-04   
590   8.251E-04   3.3670E-04   6.9930E-04   3.3662E-04 / 6.9833E-04   
600   8.251E-04   3.2452E-04   6.8847E-04   3.2413E-04 / 6.8801E-04   
610   8.251E-04   3.1479E-04   7.0121E-04   3.1473E-04 / 7.0040E-04   
620   8.251E-04   3.0025E-04   6.8432E-04   3.0005E-04 / 6.8357E-04   
630   8.251E-04   2.9073E-04   6.8209E-04   2.9055E-04 / 6.8119E-04   
640   8.251E-04   2.8824E-04   6.8720E-04   2.8797E-04 / 6.8619E-04   
650   8.251E-04   2.7487E-04   6.8190E-04   2.7454E-04 / 6.8090E-04   
660   8.251E-04   2.6666E-04   6.7253E-04   2.6626E-04 / 6.7119E-04   
670   8.251E-04   2.6095E-04   6.6457E-04   2.6063E-04 / 6.6344E-04   
680   8.251E-04   2.5483E-04   6.6488E-04   2.5458E-04 / 6.6384E-04   
690   8.251E-04   2.6237E-04   6.7254E-04   2.6188E-04 / 6.7111E-04   
700   8.251E-04   2.4295E-04   6.5943E-04   2.4264E-04 / 6.5785E-04   
710   8.251E-04   2.3715E-04   6.5358E-04   2.3692E-04 / 6.5228E-04   
720   8.251E-04   2.3163E-04   6.5014E-04   2.3131E-04 / 6.4845E-04   
730   8.251E-04   2.2734E-04   6.4372E-04   2.2716E-04 / 6.4264E-04   
740   8.251E-04   2.2315E-04   6.2721E-04   2.2278E-04 / 6.2621E-04   
750   8.251E-04   2.1750E-04   6.4931E-04   2.1737E-04 / 6.4766E-04   
760   8.251E-04   2.1580E-04   6.3902E-04   2.1570E-04 / 6.3778E-04   
770   8.251E-04   2.1605E-04   6.3252E-04   2.1595E-04 / 6.3117E-04   
780   8.251E-04   2.0457E-04   6.3226E-04   2.0441E-04 / 6.3095E-04   
790   8.251E-04   2.0354E-04   6.3952E-04   2.0351E-04 / 6.3895E-04   
800   8.251E-04   2.0864E-04   6.4018E-04   2.0840E-04 / 6.3932E-04   
810   8.251E-04   2.0235E-04   6.2961E-04   2.0204E-04 / 6.2836E-04   
820   8.251E-04   1.9346E-04   6.1864E-04   1.9330E-04 / 6.1736E-04   
830   8.251E-04   1.8829E-04   6.1704E-04   1.8809E-04 / 6.1589E-04   
840   8.251E-04   1.8556E-04   6.1035E-04   1.8533E-04 / 6.0910E-04   
850   8.251E-04   1.8876E-04   6.1694E-04   1.8861E-04 / 6.1588E-04   
860   8.251E-04   2.1745E-04   6.3092E-04   2.1725E-04 / 6.2960E-04   
870   8.251E-04   1.7880E-04   5.9168E-04   1.7833E-04 / 5.8946E-04   
880   8.251E-04   1.7376E-04   5.9902E-04   1.7353E-04 / 5.9803E-04   
890   8.251E-04   1.7306E-04   6.0058E-04   1.7273E-04 / 5.9936E-04   
900   8.251E-04   1.7209E-04   5.9648E-04   1.7176E-04 / 5.9513E-04   
910   8.251E-04   1.6554E-04   5.9218E-04   1.6531E-04 / 5.9092E-04   
920   8.251E-04   1.6433E-04   6.0439E-04   1.6419E-04 / 6.0309E-04   
930   8.251E-04   2.0688E-04   5.7828E-04   2.0667E-04 / 5.7662E-04   
940   8.251E-04   1.7184E-04   5.9248E-04   1.7170E-04 / 5.9104E-04   
950   8.251E-04   1.5538E-04   5.7930E-04   1.5530E-04 / 5.7803E-04   
960   8.251E-04   1.5306E-04   5.7570E-04   1.5288E-04 / 5.7409E-04   
970   8.251E-04   1.5281E-04   5.8532E-04   1.5276E-04 / 5.8407E-04   
980   8.251E-04   1.4936E-04   5.7266E-04   1.4916E-04 / 5.7106E-04   
990   8.251E-04   1.4806E-04   5.7397E-04   1.4790E-04 / 5.7243E-04   
1000   8.251E-04   1.5096E-04   5.6626E-04   1.5033E-04 / 5.6420E-04   
1010   8.251E-04   1.4748E-04   5.7047E-04   1.4720E-04 / 5.6907E-04   
1020   8.251E-04   1.7782E-04   5.9643E-04   1.7751E-04 / 5.9432E-04   
1030   8.251E-04   1.4221E-04   5.5829E-04   1.4204E-04 / 5.5652E-04   
1040   8.251E-04   1.4005E-04   5.5505E-04   1.4001E-04 / 5.5311E-04   
1050   8.251E-04   1.3671E-04   5.5587E-04   1.3640E-04 / 5.5435E-04   
1060   8.251E-04   1.4792E-04   5.4800E-04   1.4766E-04 / 5.4594E-04   
1070   8.251E-04   1.4187E-04   5.6083E-04   1.4177E-04 / 5.5897E-04   
1080   8.251E-04   1.3238E-04   5.4518E-04   1.3205E-04 / 5.4342E-04   
1090   8.251E-04   1.3247E-04   5.2892E-04   1.3240E-04 / 5.2801E-04   
1100   8.251E-04   1.3485E-04   5.5127E-04   1.3448E-04 / 5.4984E-04   
1110   8.251E-04   1.2779E-04   5.3425E-04   1.2759E-04 / 5.3281E-04   
1120   8.251E-04   1.2394E-04   5.3952E-04   1.2383E-04 / 5.3777E-04   
1130   8.251E-04   1.3319E-04   5.3898E-04   1.3305E-04 / 5.3658E-04   
1140   8.251E-04   1.3301E-04   5.1621E-04   1.3283E-04 / 5.1374E-04   
1150   8.251E-04   1.4311E-04   5.3984E-04   1.4223E-04 / 5.3745E-04   
1160   8.251E-04   1.2264E-04   5.3695E-04   1.2256E-04 / 5.3519E-04   
1170   8.251E-04   1.1746E-04   5.2525E-04   1.1728E-04 / 5.2370E-04   
1180   8.251E-04   1.1616E-04   5.1766E-04   1.1606E-04 / 5.1629E-04   
1190   8.251E-04   1.1740E-04   5.1832E-04   1.1727E-04 / 5.1673E-04   
1200   8.251E-04   1.1558E-04   5.2307E-04   1.1540E-04 / 5.2140E-04   
1210   8.251E-04   1.3715E-04   5.0890E-04   1.3709E-04 / 5.0732E-04   
1220   8.251E-04   1.1141E-04   4.9997E-04   1.1134E-04 / 4.9805E-04   
1230   8.251E-04   1.1247E-04   5.0628E-04   1.1238E-04 / 5.0460E-04   
1240   8.251E-04   1.0935E-04   5.0653E-04   1.0916E-04 / 5.0461E-04   
1250   8.251E-04   1.0751E-04   5.0286E-04   1.0741E-04 / 5.0170E-04   
1260   8.251E-04   1.0663E-04   5.0340E-04   1.0631E-04 / 5.0192E-04   
1270   8.251E-04   1.0753E-04   5.0803E-04   1.0742E-04 / 5.0673E-04   
1280   8.251E-04   1.1246E-04   5.0753E-04   1.1237E-04 / 5.0609E-04   
1290   8.251E-04   1.5175E-04   5.3437E-04   1.5095E-04 / 5.3247E-04   
1300   8.251E-04   1.0723E-04   4.7905E-04   1.0708E-04 / 4.7685E-04   
1310   8.251E-04   1.0191E-04   4.8894E-04   1.0176E-04 / 4.8752E-04   
1320   8.251E-04   1.0189E-04   4.9669E-04   1.0184E-04 / 4.9474E-04   
1330   8.251E-04   1.0591E-04   5.0303E-04   1.0583E-04 / 5.0137E-04   
1340   8.251E-04   1.0035E-04   5.0143E-04   1.0002E-04 / 5.0011E-04   
1350   8.251E-04   1.0659E-04   4.8954E-04   1.0649E-04 / 4.8818E-04   
1360   8.251E-04   9.9634E-05   5.0548E-04   9.9543E-05 / 5.0382E-04   
1370   8.251E-04   9.6985E-05   4.8870E-04   9.6951E-05 / 4.8743E-04   
1380   8.251E-04   9.6073E-05   4.8850E-04   9.6062E-05 / 4.8703E-04   
1390   8.251E-04   1.0600E-04   4.8381E-04   1.0580E-04 / 4.8244E-04   
1400   8.251E-04   1.9357E-04   5.6983E-04   1.9352E-04 / 5.6803E-04   
1410   8.251E-04   9.3553E-05   4.8190E-04   9.3448E-05 / 4.8089E-04   
1420   8.251E-04   9.1682E-05   4.8822E-04   9.1454E-05 / 4.8610E-04   
1430   8.251E-04   8.9652E-05   4.8525E-04   8.9577E-05 / 4.8365E-04   
1440   8.251E-04   9.0987E-05   4.7841E-04   9.0135E-05 / 4.7708E-04   
1450   8.251E-04   8.8440E-05   4.7470E-04   8.8353E-05 / 4.7357E-04   
1460   8.251E-04   8.8066E-05   4.7895E-04   8.7906E-05 / 4.7752E-04   
1470   8.251E-04   8.7997E-05   4.7492E-04   8.7885E-05 / 4.7331E-04   
1480   8.251E-04   8.6321E-05   4.8513E-04   8.6072E-05 / 4.8316E-04   
1490   8.251E-04   1.0868E-04   4.6501E-04   1.0862E-04 / 4.6343E-04   
1500   8.251E-04   1.0020E-04   4.6113E-04   1.0020E-04 / 4.5979E-04   
1510   8.251E-04   8.3610E-05   4.6688E-04   8.3490E-05 / 4.6569E-04   
1520   8.251E-04   8.3904E-05   4.7594E-04   8.3870E-05 / 4.7446E-04   
1530   8.251E-04   9.2124E-05   4.7446E-04   9.2109E-05 / 4.7328E-04   
1540   8.251E-04   1.3085E-04   5.0434E-04   1.3028E-04 / 5.0309E-04   
1550   8.251E-04   8.1170E-05   4.6217E-04   8.1034E-05 / 4.6058E-04   
1560   8.251E-04   8.1117E-05   4.5988E-04   8.0942E-05 / 4.5847E-04   
1570   8.251E-04   8.2321E-05   4.5655E-04   8.2040E-05 / 4.5458E-04   
1580   8.251E-04   8.3246E-05   4.5435E-04   8.3240E-05 / 4.5388E-04   
1590   8.251E-04   8.1700E-05   4.6161E-04   8.1497E-05 / 4.6101E-04   
1600   8.251E-04   9.9690E-05   4.5996E-04   9.9419E-05 / 4.5846E-04   
1610   8.251E-04   8.5007E-05   4.4585E-04   8.4826E-05 / 4.4393E-04   
1620   8.251E-04   7.7738E-05   4.4891E-04   7.7548E-05 / 4.4783E-04   
1630   8.251E-04   9.2094E-05   4.5124E-04   9.1873E-05 / 4.4943E-04   
1640   8.251E-04   7.9322E-05   4.5480E-04   7.9169E-05 / 4.5355E-04   
1650   8.251E-04   7.4536E-05   4.4468E-04   7.4471E-05 / 4.4341E-04   
1660   8.251E-04   7.5864E-05   4.4708E-04   7.5711E-05 / 4.4473E-04   
1670   8.251E-04   7.5572E-05   4.4083E-04   7.5408E-05 / 4.3976E-04   
1680   8.251E-04   8.1710E-05   4.5895E-04   8.1617E-05 / 4.5699E-04   
1690   8.251E-04   7.8494E-05   4.3793E-04   7.8179E-05 / 4.3763E-04   
1700   8.251E-04   7.4660E-05   4.4066E-04   7.4324E-05 / 4.3915E-04   
1710   8.251E-04   1.3033E-04   4.9671E-04   1.3027E-04 / 4.9521E-04   
1720   8.251E-04   7.7345E-05   4.4272E-04   7.7150E-05 / 4.4163E-04   
1730   8.251E-04   7.3343E-05   4.4043E-04   7.2772E-05 / 4.3884E-04   
1740   8.251E-04   7.0415E-05   4.3530E-04   7.0136E-05 / 4.3327E-04   
1750   8.251E-04   6.9997E-05   4.2965E-04   6.9870E-05 / 4.2861E-04   
1760   8.251E-04   7.0122E-05   4.3633E-04   6.9906E-05 / 4.3394E-04   
1770   8.251E-04   6.9037E-05   4.2612E-04   6.8978E-05 / 4.2502E-04   
1780   8.251E-04   7.5344E-05   4.2716E-04   7.5195E-05 / 4.2578E-04   
1790   8.251E-04   1.2451E-04   4.5333E-04   1.2439E-04 / 4.5230E-04   
1800   8.251E-04   6.9158E-05   4.2583E-04   6.9103E-05 / 4.2485E-04   
1810   8.251E-04   6.6921E-05   4.1795E-04   6.6706E-05 / 4.1679E-04   
1820   8.251E-04   6.6633E-05   4.1640E-04   6.6415E-05 / 4.1515E-04   
1830   8.251E-04   6.6342E-05   4.1993E-04   6.5905E-05 / 4.1878E-04   
1840   8.251E-04   6.7403E-05   4.1458E-04   6.7137E-05 / 4.1330E-04   
1850   8.251E-04   6.7003E-05   4.1918E-04   6.6717E-05 / 4.1824E-04   
1860   8.251E-04   6.8664E-05   4.2661E-04   6.8266E-05 / 4.2491E-04   
1870   8.251E-04   6.7125E-05   4.2229E-04   6.7070E-05 / 4.2077E-04   
1880   8.251E-04   6.6168E-05   4.2269E-04   6.5857E-05 / 4.2107E-04   
1890   8.251E-04   6.5077E-05   4.2055E-04   6.4866E-05 / 4.1916E-04   
1900   8.251E-04   1.1776E-04   4.3933E-04   1.1767E-04 / 4.3705E-04   
1910   8.251E-04   6.6050E-05   3.9869E-04   6.5807E-05 / 3.9722E-04   
1920   8.251E-04   6.2665E-05   4.1166E-04   6.2550E-05 / 4.1056E-04   
1930   8.251E-04   6.2296E-05   4.0775E-04   6.2121E-05 / 4.0629E-04   
1940   8.251E-04   6.2786E-05   4.0154E-04   6.2566E-05 / 4.0092E-04   
1950   8.251E-04   6.1562E-05   4.1075E-04   6.1332E-05 / 4.0950E-04   
1960   8.251E-04   6.1653E-05   4.1089E-04   6.1575E-05 / 4.0965E-04   
1970   8.251E-04   6.1561E-05   4.0237E-04   6.1343E-05 / 4.0164E-04   
1980   8.251E-04   6.0491E-05   4.0048E-04   6.0309E-05 / 3.9938E-04   
1990   8.251E-04   6.2815E-05   4.0711E-04   6.2636E-05 / 4.0616E-04   
2000   8.251E-04   7.1924E-05   4.0141E-04   7.1397E-05 / 4.0074E-04   
2010   8.251E-04   6.1807E-05   3.9018E-04   6.1585E-05 / 3.8918E-04   
2020   8.251E-04   6.3241E-05   3.8974E-04   6.2958E-05 / 3.8887E-04   
2030   8.251E-04   7.9158E-05   4.2019E-04   7.8090E-05 / 4.1860E-04   
2040   8.251E-04   5.8981E-05   3.8253E-04   5.8533E-05 / 3.8142E-04   
2050   8.251E-04   5.8559E-05   3.8101E-04   5.8452E-05 / 3.8010E-04   
2060   8.251E-04   6.1928E-05   3.9127E-04   6.1760E-05 / 3.8959E-04   
2070   8.251E-04   5.8053E-05   3.8132E-04   5.7969E-05 / 3.8050E-04   
2080   8.251E-04   5.8853E-05   3.8081E-04   5.8207E-05 / 3.7991E-04   
2090   8.251E-04   5.6938E-05   3.8069E-04   5.6622E-05 / 3.7967E-04   
2100   8.251E-04   5.8980E-05   3.8207E-04   5.8529E-05 / 3.8129E-04   
2110   8.251E-04   9.5641E-05   3.9488E-04   9.5363E-05 / 3.9362E-04   
2120   8.251E-04   5.6928E-05   3.8002E-04   5.6886E-05 / 3.7961E-04   
2130   8.251E-04   5.6951E-05   3.7827E-04   5.6657E-05 / 3.7708E-04   
2140   8.251E-04   6.8023E-05   3.6988E-04   6.7498E-05 / 3.6861E-04   
2150   8.251E-04   5.8830E-05   3.8424E-04   5.8516E-05 / 3.8297E-04   
2160   8.251E-04   8.2917E-05   4.0045E-04   8.2473E-05 / 3.9989E-04   
2170   8.251E-04   5.8292E-05   3.8821E-04   5.7970E-05 / 3.8731E-04   
2180   8.251E-04   5.5380E-05   3.7864E-04   5.5317E-05 / 3.7787E-04   
2190   8.251E-04   5.4319E-05   3.7277E-04   5.4259E-05 / 3.7195E-04   
2200   8.251E-04   5.4967E-05   3.7137E-04   5.4720E-05 / 3.7051E-04   
2210   8.251E-04   5.4222E-05   3.6626E-04   5.4017E-05 / 3.6561E-04   
2220   8.251E-04   5.4279E-05   3.6702E-04   5.4196E-05 / 3.6590E-04   
2230   8.251E-04   5.5720E-05   3.8027E-04   5.5510E-05 / 3.7940E-04   
2240   8.251E-04   5.4734E-05   3.7074E-04   5.4594E-05 / 3.6985E-04   
2250   8.251E-04   6.7859E-05   3.6984E-04   6.7435E-05 / 3.6860E-04   
2260   8.251E-04   6.8027E-05   3.8763E-04   6.7134E-05 / 3.8606E-04   
2270   8.251E-04   5.3115E-05   3.6537E-04   5.2611E-05 / 3.6465E-04   
2280   8.251E-04   5.5130E-05   3.7548E-04   5.4444E-05 / 3.7448E-04   
2290   8.251E-04   6.1959E-05   3.5891E-04   6.1846E-05 / 3.5828E-04   
2300   8.251E-04   6.8862E-05   4.0177E-04   6.8525E-05 / 4.0031E-04   
2310   8.251E-04   5.3953E-05   3.5181E-04   5.3725E-05 / 3.5130E-04   
2320   8.251E-04   5.1479E-05   3.6040E-04   5.1461E-05 / 3.5941E-04   
2330   8.251E-04   5.1603E-05   3.6206E-04   5.1181E-05 / 3.6063E-04   
2340   8.251E-04   5.0393E-05   3.5678E-04   5.0040E-05 / 3.5561E-04   
2350   8.251E-04   5.2149E-05   3.5379E-04   5.2001E-05 / 3.5308E-04   
2360   8.251E-04   6.8581E-05   3.7041E-04   6.8268E-05 / 3.7028E-04   
2370   8.251E-04   5.8809E-05   3.8082E-04   5.8711E-05 / 3.8024E-04   
2380   8.251E-04   5.0386E-05   3.6132E-04   5.0127E-05 / 3.6096E-04   
2390   8.251E-04   4.9456E-05   3.5543E-04   4.9049E-05 / 3.5468E-04   
2400   8.251E-04   4.8974E-05   3.5503E-04   4.8691E-05 / 3.5424E-04   
2410   8.251E-04   5.1465E-05   3.5709E-04   5.1207E-05 / 3.5636E-04   
2420   8.251E-04   6.0676E-05   3.6340E-04   6.0651E-05 / 3.6273E-04   
2430   8.251E-04   5.6613E-05   3.7069E-04   5.6399E-05 / 3.6963E-04   
2440   8.251E-04   7.4064E-05   3.4519E-04   7.3830E-05 / 3.4501E-04   
2450   8.251E-04   4.9304E-05   3.5137E-04   4.9101E-05 / 3.5094E-04   
2460   8.251E-04   4.7759E-05   3.5005E-04   4.7691E-05 / 3.4943E-04   
2470   8.251E-04   4.7604E-05   3.4633E-04   4.7341E-05 / 3.4552E-04   
2480   8.251E-04   4.9568E-05   3.4575E-04   4.9412E-05 / 3.4528E-04   
2490   8.251E-04   6.0140E-05   3.4283E-04   5.9746E-05 / 3.4212E-04   
2500   8.251E-04   7.9150E-05   3.8401E-04   7.9086E-05 / 3.8378E-04   
2510   8.251E-04   4.7032E-05   3.3658E-04   4.6933E-05 / 3.3588E-04   
2520   8.251E-04   4.8552E-05   3.4280E-04   4.8545E-05 / 3.4226E-04   
2530   8.251E-04   4.7498E-05   3.4052E-04   4.7340E-05 / 3.3935E-04   
2540   8.251E-04   4.6925E-05   3.4014E-04   4.6838E-05 / 3.3918E-04   
2550   8.251E-04   4.7384E-05   3.4299E-04   4.6875E-05 / 3.4174E-04   
2560   8.251E-04   4.6632E-05   3.4268E-04   4.6391E-05 / 3.4207E-04   
2570   8.251E-04   1.0776E-04   3.7356E-04   1.0776E-04 / 3.7289E-04   
2580   8.251E-04   4.6122E-05   3.3184E-04   4.6070E-05 / 3.3138E-04   
2590   8.251E-04   4.5474E-05   3.3429E-04   4.5400E-05 / 3.3362E-04   
2600   8.251E-04   5.0415E-05   3.4016E-04   5.0033E-05 / 3.3860E-04   
2610   8.251E-04   4.5628E-05   3.3336E-04   4.5540E-05 / 3.3284E-04   
2620   8.251E-04   4.5398E-05   3.3403E-04   4.5264E-05 / 3.3309E-04   
2630   8.251E-04   4.6177E-05   3.3654E-04   4.6161E-05 / 3.3589E-04   
2640   8.251E-04   5.5749E-05   3.4599E-04   5.5032E-05 / 3.4511E-04   
2650   8.251E-04   4.4786E-05   3.2564E-04   4.4495E-05 / 3.2463E-04   
2660   8.251E-04   5.3404E-05   3.2784E-04   5.3337E-05 / 3.2693E-04   
2670   8.251E-04   5.4029E-05   3.2731E-04   5.3867E-05 / 3.2692E-04   
2680   8.251E-04   4.5988E-05   3.2916E-04   4.5800E-05 / 3.2854E-04   
2690   8.251E-04   4.4214E-05   3.2953E-04   4.4164E-05 / 3.2890E-04   
2700   8.251E-04   4.3717E-05   3.2713E-04   4.3669E-05 / 3.2674E-04   
2710   8.251E-04   4.5723E-05   3.2270E-04   4.5254E-05 / 3.2156E-04   
2720   8.251E-04   4.3995E-05   3.2899E-04   4.3807E-05 / 3.2875E-04   
2730   8.251E-04   4.4755E-05   3.2852E-04   4.3778E-05 / 3.2700E-04   
2740   8.251E-04   4.3377E-05   3.2214E-04   4.3277E-05 / 3.2171E-04   
2750   8.251E-04   4.4707E-05   3.2544E-04   4.4698E-05 / 3.2445E-04   
2760   8.251E-04   9.4175E-05   3.6839E-04   9.4147E-05 / 3.6755E-04   
2770   8.251E-04   4.6687E-05   3.1805E-04   4.6278E-05 / 3.1715E-04   
2780   8.251E-04   4.2647E-05   3.2067E-04   4.2476E-05 / 3.1994E-04   
2790   8.251E-04   4.2526E-05   3.1475E-04   4.2253E-05 / 3.1408E-04   
2800   8.251E-04   4.4214E-05   3.0905E-04   4.3687E-05 / 3.0773E-04   
2810   8.251E-04   4.8729E-05   3.2802E-04   4.8585E-05 / 3.2759E-04   
2820   8.251E-04   5.1212E-05   3.3642E-04   5.1159E-05 / 3.3622E-04   
2830   8.251E-04   4.3200E-05   3.0934E-04   4.3014E-05 / 3.0859E-04   
2840   8.251E-04   6.0499E-05   3.1464E-04   6.0398E-05 / 3.1440E-04   
2850   8.251E-04   4.4187E-05   3.2512E-04   4.4034E-05 / 3.2405E-04   
2860   8.251E-04   5.3050E-05   3.2189E-04   5.2880E-05 / 3.2138E-04   
2870   8.251E-04   4.1231E-05   3.0993E-04   4.1046E-05 / 3.0923E-04   
2880   8.251E-04   4.2106E-05   3.1028E-04   4.2007E-05 / 3.0992E-04   
2890   8.251E-04   4.3881E-05   3.2299E-04   4.3870E-05 / 3.2268E-04   
2900   8.251E-04   4.4385E-05   3.1420E-04   4.3917E-05 / 3.1340E-04   
2910   8.251E-04   4.4463E-05   3.1827E-04   4.4151E-05 / 3.1744E-04   
2920   8.251E-04   4.0956E-05   3.1181E-04   4.0527E-05 / 3.1104E-04   
2930   8.251E-04   4.2601E-05   3.1197E-04   4.2452E-05 / 3.1059E-04   
2940   8.251E-04   4.3356E-05   3.0791E-04   4.3348E-05 / 3.0786E-04   
2950   8.251E-04   7.1451E-05   3.2917E-04   7.1303E-05 / 3.2877E-04   
2960   8.251E-04   5.9884E-05   2.9365E-04   5.9815E-05 / 2.9361E-04   
2970   8.251E-04   4.0638E-05   3.0775E-04   4.0370E-05 / 3.0734E-04   
2980   8.251E-04   3.9689E-05   3.0253E-04   3.9047E-05 / 3.0146E-04   
2990   8.251E-04   3.9797E-05   3.0252E-04   3.9388E-05 / 3.0187E-04   
3000   8.251E-04   4.0589E-05   3.0250E-04   4.0444E-05 / 3.0170E-04   
3010   8.251E-04   3.9894E-05   3.0137E-04   3.9573E-05 / 3.0070E-04   
3020   8.251E-04   3.9616E-05   2.9926E-04   3.9424E-05 / 2.9883E-04   
3030   8.251E-04   4.2906E-05   2.9937E-04   4.2513E-05 / 2.9850E-04   
3040   8.251E-04   5.6910E-05   3.0642E-04   5.6779E-05 / 3.0603E-04   
3050   8.251E-04   4.1777E-05   3.0243E-04   4.1658E-05 / 3.0154E-04   
3060   8.251E-04   3.9874E-05   3.0610E-04   3.9630E-05 / 3.0520E-04   
3070   8.251E-04   3.9558E-05   2.9838E-04   3.9290E-05 / 2.9795E-04   
3080   8.251E-04   4.1304E-05   2.9119E-04   4.1142E-05 / 2.9021E-04   
3090   8.251E-04   3.9044E-05   2.8565E-04   3.8440E-05 / 2.8450E-04   
3100   8.251E-04   3.8888E-05   2.9042E-04   3.8308E-05 / 2.8955E-04   
3110   8.251E-04   6.0167E-05   3.1896E-04   5.8690E-05 / 3.1568E-04   
3120   8.251E-04   4.9315E-05   2.8852E-04   4.8607E-05 / 2.8760E-04   
3130   8.251E-04   5.5995E-05   3.1444E-04   5.5950E-05 / 3.1415E-04   
3140   8.251E-04   4.1177E-05   2.8790E-04   4.0791E-05 / 2.8731E-04   
3150   8.251E-04   3.7940E-05   2.8785E-04   3.7504E-05 / 2.8713E-04   
3160   8.251E-04   3.7634E-05   2.8449E-04   3.7480E-05 / 2.8410E-04   
3170   8.251E-04   3.7660E-05   2.8734E-04   3.7447E-05 / 2.8700E-04   
3180   8.251E-04   3.7273E-05   2.8504E-04   3.6939E-05 / 2.8432E-04   
3190   8.251E-04   3.7634E-05   2.8655E-04   3.7237E-05 / 2.8564E-04   
3200   8.251E-04   3.8382E-05   2.8894E-04   3.7520E-05 / 2.8787E-04   
3210   8.251E-04   6.1711E-05   3.1897E-04   5.9435E-05 / 3.1563E-04   
3220   8.251E-04   3.7497E-05   2.8358E-04   3.7155E-05 / 2.8295E-04   
3230   8.251E-04   3.6969E-05   2.7827E-04   3.6818E-05 / 2.7764E-04   
3240   8.251E-04   3.6932E-05   2.7692E-04   3.6750E-05 / 2.7651E-04   
3250   8.251E-04   3.7268E-05   2.7881E-04   3.7216E-05 / 2.7844E-04   
3260   8.251E-04   3.9298E-05   2.8459E-04   3.9134E-05 / 2.8336E-04   
3270   8.251E-04   3.7611E-05   2.8034E-04   3.7583E-05 / 2.8000E-04   
3280   8.251E-04   6.1007E-05   3.2310E-04   6.0407E-05 / 3.2228E-04   
3290   8.251E-04   3.9932E-05   2.7215E-04   3.9699E-05 / 2.7142E-04   
3300   8.251E-04   3.8409E-05   2.8465E-04   3.8249E-05 / 2.8448E-04   
3310   8.251E-04   3.7573E-05   2.7752E-04   3.7431E-05 / 2.7687E-04   
3320   8.251E-04   3.9189E-05   2.7642E-04   3.9017E-05 / 2.7576E-04   
3330   8.251E-04   4.1199E-05   2.7721E-04   4.0953E-05 / 2.7676E-04   
3340   8.251E-04   5.0918E-05   2.5882E-04   5.0699E-05 / 2.5829E-04   
3350   8.251E-04   3.6672E-05   2.7571E-04   3.6285E-05 / 2.7477E-04   
3360   8.251E-04   3.6497E-05   2.6939E-04   3.6485E-05 / 2.6908E-04   
3370   8.251E-04   3.5996E-05   2.7698E-04   3.5776E-05 / 2.7621E-04   
3380   8.251E-04   3.6531E-05   2.7085E-04   3.6463E-05 / 2.7017E-04   
3390   8.251E-04   3.6623E-05   2.7249E-04   3.6619E-05 / 2.7223E-04   
3400   8.251E-04   3.7475E-05   2.7147E-04   3.7270E-05 / 2.7091E-04   
3410   8.251E-04   4.4461E-05   2.9612E-04   4.4330E-05 / 2.9566E-04   
3420   8.251E-04   4.0181E-05   2.7010E-04   3.9603E-05 / 2.6916E-04   
3430   8.251E-04   3.6321E-05   2.7139E-04   3.6090E-05 / 2.7091E-04   
3440   8.251E-04   3.5165E-05   2.6647E-04   3.4736E-05 / 2.6599E-04   
3450   8.251E-04   3.4721E-05   2.6260E-04   3.4620E-05 / 2.6245E-04   
3460   8.251E-04   3.5468E-05   2.6609E-04   3.5446E-05 / 2.6596E-04   
3470   8.251E-04   3.7609E-05   2.6778E-04   3.7554E-05 / 2.6744E-04   
3480   8.251E-04   3.6457E-05   2.6637E-04   3.6452E-05 / 2.6572E-04   
3490   8.251E-04   3.5032E-05   2.6067E-04   3.4564E-05 / 2.5990E-04   
3500   8.251E-04   5.0026E-05   2.6845E-04   4.9589E-05 / 2.6741E-04   
3510   8.251E-04   3.9183E-05   2.5643E-04   3.8923E-05 / 2.5606E-04   
3520   8.251E-04   3.9181E-05   2.7540E-04   3.9092E-05 / 2.7511E-04   
3530   8.251E-04   3.4089E-05   2.5584E-04   3.3695E-05 / 2.5512E-04   
3540   8.251E-04   3.3928E-05   2.5916E-04   3.3653E-05 / 2.5858E-04   
3550   8.251E-04   3.4658E-05   2.5678E-04   3.4563E-05 / 2.5619E-04   
3560   8.251E-04   3.4294E-05   2.5986E-04   3.4154E-05 / 2.5935E-04   
3570   8.251E-04   3.8635E-05   2.5278E-04   3.8506E-05 / 2.5202E-04   
3580   8.251E-04   6.2532E-05   2.8605E-04   6.2377E-05 / 2.8528E-04   
3590   8.251E-04   3.4254E-05   2.5304E-04   3.4035E-05 / 2.5245E-04   
3600   8.251E-04   3.4863E-05   2.5740E-04   3.4721E-05 / 2.5695E-04   
3610   8.251E-04   4.8494E-05   2.5161E-04   4.8315E-05 / 2.5147E-04   
3620   8.251E-04   4.4950E-05   2.6778E-04   4.4551E-05 / 2.6729E-04   
3630   8.251E-04   3.3213E-05   2.4952E-04   3.3023E-05 / 2.4900E-04   
3640   8.251E-04   3.4711E-05   2.5224E-04   3.4193E-05 / 2.5055E-04   
3650   8.251E-04   3.4001E-05   2.4748E-04   3.3172E-05 / 2.4656E-04   
3660   8.251E-04   3.3026E-05   2.4563E-04   3.2878E-05 / 2.4533E-04   
3670   8.251E-04   3.4435E-05   2.4778E-04   3.4220E-05 / 2.4748E-04   
3680   8.251E-04   3.2894E-05   2.4878E-04   3.2827E-05 / 2.4839E-04   
3690   8.251E-04   3.4376E-05   2.4559E-04   3.4287E-05 / 2.4540E-04   
3700   8.251E-04   3.3083E-05   2.4298E-04   3.2906E-05 / 2.4240E-04   
3710   8.251E-04   4.9769E-05   2.5572E-04   4.8873E-05 / 2.5456E-04   
3720   8.251E-04   3.3276E-05   2.5194E-04   3.3253E-05 / 2.5156E-04   
3730   8.251E-04   3.5485E-05   2.5084E-04   3.5101E-05 / 2.5024E-04   
3740   8.251E-04   3.3601E-05   2.4467E-04   3.2704E-05 / 2.4354E-04   
3750   8.251E-04   3.4982E-05   2.3649E-04   3.4772E-05 / 2.3592E-04   
3760   8.251E-04   3.6498E-05   2.5088E-04   3.6484E-05 / 2.5063E-04   
3770   8.251E-04   3.3472E-05   2.4775E-04   3.2744E-05 / 2.4678E-04   
3780   8.251E-04   3.5281E-05   2.4772E-04   3.5224E-05 / 2.4750E-04   
3790   8.251E-04   3.3708E-05   2.4224E-04   3.2916E-05 / 2.4123E-04   
3800   8.251E-04   3.6339E-05   2.4042E-04   3.6223E-05 / 2.3986E-04   
3810   8.251E-04   4.4985E-05   2.5038E-04   4.4038E-05 / 2.4919E-04   
3820   8.251E-04   3.1542E-05   2.4481E-04   3.1285E-05 / 2.4404E-04   
3830   8.251E-04   3.1904E-05   2.4469E-04   3.1830E-05 / 2.4433E-04   
3840   8.251E-04   3.2104E-05   2.4049E-04   3.1980E-05 / 2.3994E-04   
3850   8.251E-04   3.2730E-05   2.3952E-04   3.2600E-05 / 2.3904E-04   
3860   8.251E-04   8.0440E-05   2.8616E-04   7.9496E-05 / 2.8499E-04   
3870   8.251E-04   3.4424E-05   2.4607E-04   3.4312E-05 / 2.4585E-04   
3880   8.251E-04   3.1451E-05   2.4358E-04   3.1405E-05 / 2.4326E-04   
3890   8.251E-04   3.1166E-05   2.3977E-04   3.1116E-05 / 2.3927E-04   
3900   8.251E-04   3.0766E-05   2.3971E-04   3.0403E-05 / 2.3912E-04   
3910   8.251E-04   3.0895E-05   2.3789E-04   3.0578E-05 / 2.3727E-04   
3920   8.251E-04   3.1603E-05   2.3709E-04   3.1544E-05 / 2.3663E-04   
3930   8.251E-04   3.1290E-05   2.3570E-04   3.1107E-05 / 2.3525E-04   
3940   8.251E-04   3.3729E-05   2.3633E-04   3.2618E-05 / 2.3509E-04   
3950   8.251E-04   4.6353E-05   2.3139E-04   4.6042E-05 / 2.3068E-04   
3960   8.251E-04   3.0855E-05   2.3091E-04   3.0490E-05 / 2.3018E-04   
3970   8.251E-04   3.2460E-05   2.3433E-04   3.2118E-05 / 2.3384E-04   
3980   8.251E-04   3.2143E-05   2.3124E-04   3.1992E-05 / 2.3083E-04   
3990   8.251E-04   3.3698E-05   2.3123E-04   3.3580E-05 / 2.3085E-04   
4000   8.251E-04   3.1019E-05   2.3489E-04   3.0997E-05 / 2.3463E-04   
4010   8.251E-04   3.2323E-05   2.2668E-04   3.1853E-05 / 2.2576E-04   
4020   8.251E-04   3.3313E-05   2.3231E-04   3.3025E-05 / 2.3187E-04   
4030   8.251E-04   3.0805E-05   2.3501E-04   3.0704E-05 / 2.3474E-04   
4040   8.251E-04   3.0913E-05   2.3148E-04   3.0842E-05 / 2.3102E-04   
4050   8.251E-04   3.1401E-05   2.3142E-04   3.0386E-05 / 2.3031E-04   
4060   8.251E-04   4.6933E-05   2.4479E-04   4.6861E-05 / 2.4432E-04   
4070   8.251E-04   6.0537E-05   2.7852E-04   6.0488E-05 / 2.7846E-04   
4080   8.251E-04   3.0112E-05   2.3140E-04   2.9847E-05 / 2.3099E-04   
4090   8.251E-04   3.0410E-05   2.2776E-04   3.0367E-05 / 2.2768E-04   
4100   8.251E-04   3.0505E-05   2.2702E-04   3.0502E-05 / 2.2674E-04   
4110   8.251E-04   2.9971E-05   2.2432E-04   2.9855E-05 / 2.2375E-04   
4120   8.251E-04   3.0863E-05   2.2341E-04   3.0495E-05 / 2.2278E-04   
4130   8.251E-04   2.9726E-05   2.2581E-04   2.9514E-05 / 2.2537E-04   
4140   8.251E-04   2.9571E-05   2.2247E-04   2.9509E-05 / 2.2217E-04   
4150   8.251E-04   3.0470E-05   2.2970E-04   3.0192E-05 / 2.2867E-04   
4160   8.251E-04   3.4372E-05   2.3177E-04   3.4005E-05 / 2.3096E-04   
4170   8.251E-04   3.2005E-05   2.2318E-04   3.2004E-05 / 2.2294E-04   
4180   8.251E-04   6.1902E-05   2.4788E-04   6.1156E-05 / 2.4706E-04   
4190   8.251E-04   3.2195E-05   2.2464E-04   3.1936E-05 / 2.2402E-04   
4200   8.251E-04   3.0389E-05   2.1460E-04   2.9686E-05 / 2.1357E-04   
4210   8.251E-04   2.9417E-05   2.1653E-04   2.9227E-05 / 2.1595E-04   
4220   8.251E-04   2.9429E-05   2.1423E-04   2.9409E-05 / 2.1407E-04   
4230   8.251E-04   2.9768E-05   2.1953E-04   2.9702E-05 / 2.1897E-04   
4240   8.251E-04   3.1456E-05   2.1759E-04   3.0657E-05 / 2.1670E-04   
4250   8.251E-04   3.3719E-05   2.1964E-04   3.3552E-05 / 2.1928E-04   
4260   8.251E-04   3.0984E-05   2.1913E-04   3.0911E-05 / 2.1879E-04   
4270   8.251E-04   3.2062E-05   2.1950E-04   3.1916E-05 / 2.1874E-04   
4280   8.251E-04   3.0987E-05   2.1697E-04   3.0730E-05 / 2.1625E-04   
4290   8.251E-04   3.7172E-05   2.0829E-04   3.7080E-05 / 2.0744E-04   
4300   8.251E-04   4.7916E-05   2.0407E-04   4.7558E-05 / 2.0326E-04   
4310   8.251E-04   2.9543E-05   2.1067E-04   2.9519E-05 / 2.1040E-04   
4320   8.251E-04   2.8666E-05   2.1005E-04   2.7949E-05 / 2.0910E-04   
4330   8.251E-04   2.9015E-05   2.1261E-04   2.8990E-05 / 2.1232E-04   
4340   8.251E-04   2.9336E-05   2.1178E-04   2.8646E-05 / 2.1101E-04   
4350   8.251E-04   3.0942E-05   2.1256E-04   3.0012E-05 / 2.1162E-04   
4360   8.251E-04   2.9673E-05   2.1139E-04   2.9529E-05 / 2.1081E-04   
4370   8.251E-04   4.0602E-05   2.1534E-04   3.9333E-05 / 2.1377E-04   
4380   8.251E-04   3.1858E-05   2.1696E-04   3.1420E-05 / 2.1654E-04   
4390   8.251E-04   2.8313E-05   2.1026E-04   2.8068E-05 / 2.0969E-04   
4400   8.251E-04   2.8266E-05   2.0854E-04   2.7877E-05 / 2.0804E-04   
4410   8.251E-04   3.1570E-05   2.0880E-04   3.0991E-05 / 2.0793E-04   
4420   8.251E-04   3.4777E-05   2.1074E-04   3.4541E-05 / 2.1004E-04   
4430   8.251E-04   3.0693E-05   2.1019E-04   3.0323E-05 / 2.0880E-04   
4440   8.251E-04   2.9775E-05   2.0751E-04   2.9607E-05 / 2.0682E-04   
4450   8.251E-04   3.5500E-05   2.0901E-04   3.5291E-05 / 2.0848E-04   
4460   8.251E-04   3.1989E-05   2.0440E-04   3.1639E-05 / 2.0390E-04   
4470   8.251E-04   3.2920E-05   2.1021E-04   3.2445E-05 / 2.0844E-04   
4480   8.251E-04   3.0084E-05   2.1075E-04   2.9648E-05 / 2.1002E-04   
4490   8.251E-04   2.7713E-05   2.0604E-04   2.7566E-05 / 2.0533E-04   
4500   8.251E-04   2.9616E-05   2.1083E-04   2.9192E-05 / 2.0996E-04   
4510   8.251E-04   3.1965E-05   2.0914E-04   3.1700E-05 / 2.0866E-04   
4520   8.251E-04   2.9240E-05   2.0547E-04   2.9240E-05 / 2.0512E-04   
4530   8.251E-04   5.9114E-05   2.0941E-04   5.8845E-05 / 2.0875E-04   
4540   8.251E-04   2.7886E-05   2.0193E-04   2.7634E-05 / 2.0151E-04   
4550   8.251E-04   2.7579E-05   2.0378E-04   2.7251E-05 / 2.0331E-04   
4560   8.251E-04   2.7478E-05   2.0076E-04   2.7443E-05 / 2.0052E-04   
4570   8.251E-04   2.7274E-05   1.9935E-04   2.7017E-05 / 1.9866E-04   
4580   8.251E-04   2.8972E-05   2.0072E-04   2.8945E-05 / 2.0039E-04   
4590   8.251E-04   2.7164E-05   1.9755E-04   2.7068E-05 / 1.9736E-04   
4600   8.251E-04   2.9981E-05   2.0320E-04   2.9579E-05 / 2.0261E-04   
4610   8.251E-04   2.8779E-05   1.9948E-04   2.8755E-05 / 1.9883E-04   
4620   8.251E-04   3.1135E-05   2.0329E-04   3.1091E-05 / 2.0274E-04   
4630   8.251E-04   8.8659E-05   2.5462E-04   8.8179E-05 / 2.5394E-04   
4640   8.251E-04   3.6119E-05   1.9616E-04   3.6021E-05 / 1.9551E-04   
4650   8.251E-04   2.7596E-05   1.9664E-04   2.7496E-05 / 1.9585E-04   
4660   8.251E-04   2.6509E-05   1.9552E-04   2.6072E-05 / 1.9480E-04   
4670   8.251E-04   2.6480E-05   1.9311E-04   2.6297E-05 / 1.9258E-04   
4680   8.251E-04   2.6879E-05   1.9508E-04   2.6656E-05 / 1.9458E-04   
4690   8.251E-04   2.6811E-05   1.9056E-04   2.6561E-05 / 1.9004E-04   
4700   8.251E-04   2.6839E-05   1.9184E-04   2.6341E-05 / 1.9118E-04   
4710   8.251E-04   2.7412E-05   1.9355E-04   2.7311E-05 / 1.9312E-04   
4720   8.251E-04   2.9858E-05   1.9368E-04   2.9093E-05 / 1.9200E-04   
4730   8.251E-04   3.2781E-05   1.8744E-04   3.2434E-05 / 1.8699E-04   
4740   8.251E-04   3.0017E-05   1.9130E-04   2.9179E-05 / 1.9047E-04   
4750   8.251E-04   2.8276E-05   1.8455E-04   2.8271E-05 / 1.8449E-04   
4760   8.251E-04   2.7473E-05   1.8371E-04   2.7287E-05 / 1.8313E-04   
4770   8.251E-04   2.9419E-05   1.8756E-04   2.9203E-05 / 1.8670E-04   
4780   8.251E-04   2.6531E-05   1.8950E-04   2.6424E-05 / 1.8905E-04   
4790   8.251E-04   2.6375E-05   1.8436E-04   2.6318E-05 / 1.8422E-04   
4800   8.251E-04   2.7298E-05   1.8904E-04   2.6863E-05 / 1.8845E-04   
4810   8.251E-04   2.6633E-05   1.9277E-04   2.6268E-05 / 1.9221E-04   
4820   8.251E-04   5.4025E-05   2.1457E-04   5.3500E-05 / 2.1380E-04   
4830   8.251E-04   3.3326E-05   1.8730E-04   3.2867E-05 / 1.8675E-04   
4840   8.251E-04   2.6112E-05   1.8195E-04   2.5694E-05 / 1.8139E-04   
4850   8.251E-04   2.6132E-05   1.8422E-04   2.5911E-05 / 1.8368E-04   
4860   8.251E-04   2.6305E-05   1.8374E-04   2.5811E-05 / 1.8302E-04   
4870   8.251E-04   2.6117E-05   1.8377E-04   2.6065E-05 / 1.8362E-04   
4880   8.251E-04   2.5701E-05   1.8046E-04   2.5438E-05 / 1.7998E-04   
4890   8.251E-04   2.7056E-05   1.8242E-04   2.6260E-05 / 1.8137E-04   
4900   8.251E-04   3.9116E-05   1.9476E-04   3.7876E-05 / 1.9257E-04   
4910   8.251E-04   2.6917E-05   1.8255E-04   2.6468E-05 / 1.8195E-04   
4920   8.251E-04   2.5706E-05   1.8144E-04   2.5646E-05 / 1.8133E-04   
4930   8.251E-04   2.6261E-05   1.8218E-04   2.6066E-05 / 1.8181E-04   
4940   8.251E-04   2.6134E-05   1.8327E-04   2.6070E-05 / 1.8312E-04   
4950   8.251E-04   2.8273E-05   1.7416E-04   2.8179E-05 / 1.7368E-04   
4960   8.251E-04   2.8251E-05   1.8564E-04   2.8174E-05 / 1.8539E-04   
4970   8.251E-04   2.5830E-05   1.8138E-04   2.5719E-05 / 1.8111E-04   
4980   8.251E-04   3.6152E-05   1.9649E-04   3.5872E-05 / 1.9611E-04   
4990   8.251E-04   5.4371E-05   1.8359E-04   5.4077E-05 / 1.8313E-04   
5000   8.251E-04   2.6812E-05   1.8165E-04   2.6669E-05 / 1.8143E-04   
5010   8.251E-04   2.5254E-05   1.7681E-04   2.5195E-05 / 1.7661E-04   
5020   8.251E-04   2.5215E-05   1.7530E-04   2.5190E-05 / 1.7508E-04   
5030   8.251E-04   2.5488E-05   1.7636E-04   2.5099E-05 / 1.7582E-04   
5040   8.251E-04   2.6811E-05   1.7797E-04   2.6684E-05 / 1.7765E-04   
5050   8.251E-04   2.8144E-05   1.8105E-04   2.8005E-05 / 1.8057E-04   
5060   8.251E-04   2.6803E-05   1.7718E-04   2.6550E-05 / 1.7681E-04   
5070   8.251E-04   2.4793E-05   1.7383E-04   2.4614E-05 / 1.7353E-04   
5080   8.251E-04   2.6226E-05   1.7761E-04   2.6214E-05 / 1.7751E-04   
5090   8.251E-04   2.8132E-05   1.7639E-04   2.7529E-05 / 1.7560E-04   
5100   8.251E-04   2.7335E-05   1.6801E-04   2.7149E-05 / 1.6770E-04   
5110   8.251E-04   2.8869E-05   1.6786E-04   2.8578E-05 / 1.6738E-04   
5120   8.251E-04   2.4942E-05   1.7110E-04   2.4907E-05 / 1.7088E-04   
5130   8.251E-04   2.5929E-05   1.6266E-04   2.5910E-05 / 1.6247E-04   
5140   8.251E-04   3.2039E-05   1.7197E-04   3.1804E-05 / 1.7172E-04   
5150   8.251E-04   2.5242E-05   1.7722E-04   2.5100E-05 / 1.7694E-04   
5160   8.251E-04   2.6054E-05   1.7547E-04   2.5392E-05 / 1.7477E-04   
5170   8.251E-04   3.0653E-05   1.6712E-04   3.0519E-05 / 1.6668E-04   
5180   8.251E-04   2.8059E-05   1.6590E-04   2.7774E-05 / 1.6527E-04   
5190   8.251E-04   3.1963E-05   1.7498E-04   3.1618E-05 / 1.7474E-04   
5200   8.251E-04   2.4365E-05   1.6529E-04   2.4147E-05 / 1.6492E-04   
5210   8.251E-04   2.4912E-05   1.6522E-04   2.4695E-05 / 1.6488E-04   
5220   8.251E-04   2.7454E-05   1.6967E-04   2.7452E-05 / 1.6958E-04   
5230   8.251E-04   2.8263E-05   1.7434E-04   2.8157E-05 / 1.7415E-04   
5240   8.251E-04   2.7973E-05   1.6844E-04   2.7970E-05 / 1.6825E-04   
5250   8.251E-04   2.9708E-05   1.7756E-04   2.9426E-05 / 1.7713E-04   
5260   8.251E-04   2.7991E-05   1.7067E-04   2.7739E-05 / 1.7038E-04   
5270   8.251E-04   2.7277E-05   1.6431E-04   2.6975E-05 / 1.6387E-04   
5280   8.251E-04   2.5048E-05   1.6388E-04   2.4691E-05 / 1.6321E-04   
5290   8.251E-04   2.3937E-05   1.6102E-04   2.3791E-05 / 1.6074E-04   
5300   8.251E-04   2.4201E-05   1.6407E-04   2.3974E-05 / 1.6366E-04   
5310   8.251E-04   2.4937E-05   1.6860E-04   2.4914E-05 / 1.6837E-04   
5320   8.251E-04   3.6951E-05   1.7208E-04   3.6809E-05 / 1.7192E-04   
5330   8.251E-04   2.9305E-05   1.6610E-04   2.9299E-05 / 1.6601E-04   
5340   8.251E-04   2.9122E-05   1.6795E-04   2.8498E-05 / 1.6699E-04   
5350   8.251E-04   2.3756E-05   1.5776E-04   2.3547E-05 / 1.5737E-04   
5360   8.251E-04   2.3670E-05   1.5731E-04   2.3506E-05 / 1.5713E-04   
5370   8.251E-04   2.3745E-05   1.5677E-04   2.3730E-05 / 1.5668E-04   
5380   8.251E-04   2.5713E-05   1.6192E-04   2.5663E-05 / 1.6185E-04   
5390   8.251E-04   2.5605E-05   1.5937E-04   2.5358E-05 / 1.5894E-04   
5400   8.251E-04   2.5139E-05   1.6200E-04   2.4568E-05 / 1.6137E-04   
5410   8.251E-04   3.0537E-05   1.6182E-04   2.7660E-05 / 1.5859E-04   
5420   8.251E-04   2.5327E-05   1.5794E-04   2.5222E-05 / 1.5778E-04   
5430   8.251E-04   2.6980E-05   1.5298E-04   2.6485E-05 / 1.5242E-04   
5440   8.251E-04   2.4933E-05   1.5577E-04   2.4856E-05 / 1.5569E-04   
5450   8.251E-04   2.8248E-05   1.5928E-04   2.7859E-05 / 1.5884E-04   
5460   8.251E-04   2.5970E-05   1.5309E-04   2.5923E-05 / 1.5292E-04   
5470   8.251E-04   2.3906E-05   1.5412E-04   2.3669E-05 / 1.5381E-04   
5480   8.251E-04   2.4671E-05   1.5394E-04   2.4637E-05 / 1.5383E-04   
5490   8.251E-04   2.8407E-05   1.5285E-04   2.7471E-05 / 1.5192E-04   
5500   8.251E-04   2.4144E-05   1.5267E-04   2.4032E-05 / 1.5259E-04   
5510   8.251E-04   2.3614E-05   1.5214E-04   2.3550E-05 / 1.5186E-04   
5520   8.251E-04   2.3542E-05   1.5112E-04   2.3253E-05 / 1.5058E-04   
5530   8.251E-04   2.4109E-05   1.5534E-04   2.3921E-05 / 1.5490E-04   
5540   8.251E-04   2.3215E-05   1.5385E-04   2.2991E-05 / 1.5349E-04   
5550   8.251E-04   2.4025E-05   1.5517E-04   2.3999E-05 / 1.5508E-04   
5560   8.251E-04   3.3268E-05   1.6077E-04   3.2404E-05 / 1.5979E-04   
5570   8.251E-04   2.3812E-05   1.5004E-04   2.3421E-05 / 1.4950E-04   
5580   8.251E-04   2.4182E-05   1.5338E-04   2.4088E-05 / 1.5319E-04   
5590   8.251E-04   2.4860E-05   1.5095E-04   2.4855E-05 / 1.5091E-04   
5600   8.251E-04   2.4793E-05   1.4735E-04   2.4679E-05 / 1.4726E-04   
5610   8.251E-04   5.0946E-05   1.7356E-04   5.0886E-05 / 1.7321E-04   
5620   8.251E-04   2.4078E-05   1.5111E-04   2.4068E-05 / 1.5099E-04   
5630   8.251E-04   2.2665E-05   1.4629E-04   2.2307E-05 / 1.4587E-04   
5640   8.251E-04   2.2811E-05   1.4703E-04   2.2703E-05 / 1.4683E-04   
5650   8.251E-04   2.2459E-05   1.4667E-04   2.2354E-05 / 1.4640E-04   
5660   8.251E-04   2.2610E-05   1.4593E-04   2.2419E-05 / 1.4548E-04   
5670   8.251E-04   2.2869E-05   1.4494E-04   2.2793E-05 / 1.4479E-04   
5680   8.251E-04   2.6956E-05   1.5597E-04   2.6418E-05 / 1.5532E-04   
5690   8.251E-04   3.1628E-05   1.5629E-04   3.1359E-05 / 1.5566E-04   
5700   8.251E-04   2.5540E-05   1.4722E-04   2.5354E-05 / 1.4687E-04   
5710   8.251E-04   2.2475E-05   1.4331E-04   2.2333E-05 / 1.4303E-04   
5720   8.251E-04   2.3848E-05   1.4562E-04   2.3400E-05 / 1.4513E-04   
5730   8.251E-04   2.4998E-05   1.4705E-04   2.4781E-05 / 1.4659E-04   
5740   8.251E-04   2.4307E-05   1.4177E-04   2.3955E-05 / 1.4137E-04   
5750   8.251E-04   2.2535E-05   1.4353E-04   2.2114E-05 / 1.4300E-04   
5760   8.251E-04   2.3736E-05   1.4281E-04   2.3733E-05 / 1.4272E-04   
5770   8.251E-04   2.3010E-05   1.4316E-04   2.2929E-05 / 1.4292E-04   
5780   8.251E-04   2.6685E-05   1.4853E-04   2.6539E-05 / 1.4837E-04   
5790   8.251E-04   3.4552E-05   1.5095E-04   3.4516E-05 / 1.5067E-04   
5800   8.251E-04   2.7240E-05   1.4862E-04   2.7128E-05 / 1.4828E-04   
5810   8.251E-04   2.4313E-05   1.4651E-04   2.4274E-05 / 1.4642E-04   
5820   8.251E-04   2.2636E-05   1.4033E-04   2.2018E-05 / 1.3967E-04   
5830   8.251E-04   2.4795E-05   1.4811E-04   2.4713E-05 / 1.4797E-04   
5840   8.251E-04   2.3026E-05   1.4224E-04   2.2767E-05 / 1.4131E-04   
5850   8.251E-04   3.2656E-05   1.4413E-04   3.2618E-05 / 1.4394E-04   
5860   8.251E-04   2.3647E-05   1.4423E-04   2.3286E-05 / 1.4370E-04   
5870   8.251E-04   2.2360E-05   1.3812E-04   2.2021E-05 / 1.3759E-04   
5880   8.251E-04   2.2379E-05   1.3799E-04   2.2149E-05 / 1.3769E-04   
5890   8.251E-04   2.2541E-05   1.3686E-04   2.2465E-05 / 1.3666E-04   
5900   8.251E-04   2.5465E-05   1.4053E-04   2.3768E-05 / 1.3887E-04   
5910   8.251E-04   2.1729E-05   1.3842E-04   2.1500E-05 / 1.3801E-04   
5920   8.251E-04   2.2462E-05   1.3864E-04   2.2333E-05 / 1.3838E-04   
5930   8.251E-04   3.6539E-05   1.5743E-04   3.6210E-05 / 1.5674E-04   
5940   8.251E-04   2.6721E-05   1.4381E-04   2.6093E-05 / 1.4311E-04   
5950   8.251E-04   2.2140E-05   1.3428E-04   2.1201E-05 / 1.3326E-04   
5960   8.251E-04   2.1404E-05   1.3405E-04   2.1137E-05 / 1.3367E-04   
5970   8.251E-04   2.1557E-05   1.3491E-04   2.1310E-05 / 1.3451E-04   
5980   8.251E-04   2.1723E-05   1.3365E-04   2.1578E-05 / 1.3343E-04   
5990   8.251E-04   2.1680E-05   1.3341E-04   2.1437E-05 / 1.3308E-04   
6000   8.251E-04   2.1922E-05   1.3356E-04   2.1670E-05 / 1.3307E-04   
6010   8.251E-04   2.1626E-05   1.3287E-04   2.1545E-05 / 1.3277E-04   
6020   8.251E-04   2.1854E-05   1.3148E-04   2.1522E-05 / 1.3115E-04   
6030   8.251E-04   2.2742E-05   1.3052E-04   2.2664E-05 / 1.3041E-04   
6040   8.251E-04   2.1798E-05   1.3023E-04   2.1394E-05 / 1.2959E-04   
6050   8.251E-04   2.3081E-05   1.2958E-04   2.3029E-05 / 1.2950E-04   
6060   8.251E-04   2.3226E-05   1.3435E-04   2.3186E-05 / 1.3423E-04   
6070   8.251E-04   2.2765E-05   1.3121E-04   2.2649E-05 / 1.3106E-04   
6080   8.251E-04   2.4671E-05   1.2637E-04   2.4307E-05 / 1.2557E-04   
6090   8.251E-04   4.6262E-05   1.5884E-04   4.4337E-05 / 1.5719E-04   
6100   8.251E-04   2.1370E-05   1.3032E-04   2.0874E-05 / 1.2976E-04   
6110   8.251E-04   2.3060E-05   1.3316E-04   2.3059E-05 / 1.3307E-04   
6120   8.251E-04   2.1454E-05   1.2953E-04   2.1326E-05 / 1.2939E-04   
6130   8.251E-04   2.1592E-05   1.2937E-04   2.1346E-05 / 1.2906E-04   
6140   8.251E-04   2.0858E-05   1.2873E-04   2.0630E-05 / 1.2839E-04   
6150   8.251E-04   2.2116E-05   1.2753E-04   2.2053E-05 / 1.2739E-04   
6160   8.251E-04   2.2180E-05   1.2860E-04   2.2141E-05 / 1.2832E-04   
6170   8.251E-04   2.8002E-05   1.3112E-04   2.7786E-05 / 1.3081E-04   
6180   8.251E-04   2.1296E-05   1.2943E-04   2.1292E-05 / 1.2937E-04   
6190   8.251E-04   2.2165E-05   1.3048E-04   2.2142E-05 / 1.3025E-04   
6200   8.251E-04   2.6713E-05   1.3425E-04   2.6681E-05 / 1.3387E-04   
6210   8.251E-04   2.1422E-05   1.2994E-04   2.0911E-05 / 1.2933E-04   
6220   8.251E-04   2.1290E-05   1.2737E-04   2.1256E-05 / 1.2728E-04   
6230   8.251E-04   2.2638E-05   1.2800E-04   2.2128E-05 / 1.2747E-04   
6240   8.251E-04   2.4375E-05   1.2927E-04   2.4246E-05 / 1.2903E-04   
6250   8.251E-04   2.4277E-05   1.2868E-04   2.4202E-05 / 1.2850E-04   
6260   8.251E-04   2.6696E-05   1.3107E-04   2.5968E-05 / 1.3035E-04   
6270   8.251E-04   2.1263E-05   1.2676E-04   2.1094E-05 / 1.2664E-04   
6280   8.251E-04   2.0628E-05   1.2522E-04   2.0441E-05 / 1.2492E-04   
6290   8.251E-04   2.1943E-05   1.2593E-04   2.1772E-05 / 1.2547E-04   
6300   8.251E-04   2.1699E-05   1.2591E-04   2.1383E-05 / 1.2551E-04   
6310   8.251E-04   2.9502E-05   1.2190E-04   2.9205E-05 / 1.2143E-04   
6320   8.251E-04   2.3542E-05   1.2611E-04   2.3329E-05 / 1.2590E-04   
6330   8.251E-04   2.1709E-05   1.2796E-04   2.1304E-05 / 1.2721E-04   
6340   8.251E-04   2.0576E-05   1.2458E-04   2.0223E-05 / 1.2413E-04   
6350   8.251E-04   2.1278E-05   1.2358E-04   2.1179E-05 / 1.2340E-04   
6360   8.251E-04   2.1288E-05   1.2359E-04   2.1275E-05 / 1.2349E-04   
6370   8.251E-04   2.0802E-05   1.2438E-04   2.0687E-05 / 1.2413E-04   
6380   8.251E-04   2.1764E-05   1.2225E-04   2.1623E-05 / 1.2202E-04   
6390   8.251E-04   2.8373E-05   1.3294E-04   2.7756E-05 / 1.3229E-04   
6400   8.251E-04   2.3833E-05   1.3217E-04   2.2788E-05 / 1.3102E-04   
6410   8.251E-04   2.1079E-05   1.2291E-04   2.1076E-05 / 1.2283E-04   
6420   8.251E-04   2.3640E-05   1.2487E-04   2.3554E-05 / 1.2448E-04   
6430   8.251E-04   2.0637E-05   1.2296E-04   2.0621E-05 / 1.2284E-04   
6440   8.251E-04   2.3673E-05   1.2619E-04   2.3496E-05 / 1.2599E-04   
6450   8.251E-04   2.2917E-05   1.2415E-04   2.2856E-05 / 1.2389E-04   
6460   8.251E-04   2.2310E-05   1.2264E-04   2.1642E-05 / 1.2187E-04   
6470   8.251E-04   2.1929E-05   1.2851E-04   2.1915E-05 / 1.2841E-04   
6480   8.251E-04   2.1867E-05   1.1967E-04   2.1535E-05 / 1.1928E-04   
6490   8.251E-04   2.3570E-05   1.2275E-04   2.3036E-05 / 1.2232E-04   
6500   8.251E-04   2.9361E-05   1.2825E-04   2.9160E-05 / 1.2776E-04   
6510   8.251E-04   2.3306E-05   1.2099E-04   2.3136E-05 / 1.2066E-04   
6520   8.251E-04   1.9794E-05   1.1981E-04   1.9615E-05 / 1.1956E-04   
6530   8.251E-04   2.0083E-05   1.1904E-04   1.9655E-05 / 1.1848E-04   
6540   8.251E-04   2.0429E-05   1.1960E-04   2.0352E-05 / 1.1939E-04   
6550   8.251E-04   2.0938E-05   1.2214E-04   2.0400E-05 / 1.2141E-04   
6560   8.251E-04   2.1450E-05   1.2193E-04   2.0867E-05 / 1.2115E-04   
6570   8.251E-04   2.0542E-05   1.2041E-04   2.0366E-05 / 1.2012E-04   
6580   8.251E-04   2.0396E-05   1.1955E-04   2.0269E-05 / 1.1928E-04   
6590   8.251E-04   2.0403E-05   1.2101E-04   2.0395E-05 / 1.2086E-04   
6600   8.251E-04   2.0136E-05   1.2107E-04   1.9908E-05 / 1.2081E-04   
6610   8.251E-04   2.2485E-05   1.1937E-04   2.2210E-05 / 1.1907E-04   
6620   8.251E-04   2.0666E-05   1.2197E-04   2.0250E-05 / 1.2151E-04   
6630   8.251E-04   3.8805E-05   1.2846E-04   3.8551E-05 / 1.2800E-04   
6640   8.251E-04   2.3944E-05   1.2234E-04   2.3792E-05 / 1.2218E-04   
6650   8.251E-04   1.9884E-05   1.1838E-04   1.9640E-05 / 1.1807E-04   
6660   8.251E-04   1.9671E-05   1.1893E-04   1.9367E-05 / 1.1855E-04   
6670   8.251E-04   2.0048E-05   1.1713E-04   1.9976E-05 / 1.1689E-04   
6680   8.251E-04   2.0253E-05   1.1643E-04   2.0119E-05 / 1.1620E-04   
6690   8.251E-04   1.9834E-05   1.1699E-04   1.9670E-05 / 1.1681E-04   
6700   8.251E-04   2.0204E-05   1.1710E-04   2.0188E-05 / 1.1701E-04   
6710   8.251E-04   2.0863E-05   1.1604E-04   2.0570E-05 / 1.1569E-04   
6720   8.251E-04   2.0642E-05   1.1653E-04   2.0499E-05 / 1.1630E-04   
6730   8.251E-04   2.0631E-05   1.2076E-04   2.0441E-05 / 1.2052E-04   
6740   8.251E-04   2.1585E-05   1.1637E-04   2.1318E-05 / 1.1604E-04   
6750   8.251E-04   2.6585E-05   1.2080E-04   2.6248E-05 / 1.2051E-04   
6760   8.251E-04   2.0914E-05   1.1694E-04   2.0656E-05 / 1.1660E-04   
6770   8.251E-04   1.9506E-05   1.1563E-04   1.9373E-05 / 1.1523E-04   
6780   8.251E-04   1.9902E-05   1.1688E-04   1.9553E-05 / 1.1641E-04   
6790   8.251E-04   2.0012E-05   1.1449E-04   1.9918E-05 / 1.1426E-04   
6800   8.251E-04   2.1303E-05   1.1135E-04   2.0907E-05 / 1.1083E-04   
6810   8.251E-04   2.7091E-05   1.1234E-04   2.6706E-05 / 1.1154E-04   
6820   8.251E-04   2.9355E-05   1.2591E-04   2.8740E-05 / 1.2528E-04   
6830   8.251E-04   2.1153E-05   1.1642E-04   2.0932E-05 / 1.1583E-04   
6840   8.251E-04   1.9183E-05   1.1535E-04   1.9069E-05 / 1.1512E-04   
6850   8.251E-04   1.9822E-05   1.1525E-04   1.9780E-05 / 1.1511E-04   
6860   8.251E-04   2.0821E-05   1.1755E-04   2.0757E-05 / 1.1736E-04   
6870   8.251E-04   2.0706E-05   1.1465E-04   2.0692E-05 / 1.1462E-04   
6880   8.251E-04   2.0686E-05   1.1735E-04   2.0430E-05 / 1.1690E-04   
6890   8.251E-04   1.9264E-05   1.1512E-04   1.9076E-05 / 1.1491E-04   
6900   8.251E-04   1.9295E-05   1.1353E-04   1.9152E-05 / 1.1330E-04   
6910   8.251E-04   2.1495E-05   1.1450E-04   2.1411E-05 / 1.1434E-04   
6920   8.251E-04   2.0245E-05   1.1487E-04   2.0207E-05 / 1.1464E-04   
6930   8.251E-04   2.0584E-05   1.1432E-04   2.0533E-05 / 1.1409E-04   
6940   8.251E-04   2.0358E-05   1.1169E-04   2.0271E-05 / 1.1153E-04   
6950   8.251E-04   1.8907E-05   1.1296E-04   1.8764E-05 / 1.1271E-04   
6960   8.251E-04   2.0092E-05   1.1372E-04   2.0000E-05 / 1.1358E-04   
6970   8.251E-04   2.3280E-05   1.1707E-04   2.1346E-05 / 1.1457E-04   
6980   8.251E-04   1.9817E-05   1.1651E-04   1.9251E-05 / 1.1584E-04   
6990   8.251E-04   1.9809E-05   1.1273E-04   1.9646E-05 / 1.1233E-04   
7000   8.251E-04   1.9235E-05   1.1239E-04   1.9034E-05 / 1.1219E-04   
7010   8.251E-04   2.0929E-05   1.1421E-04   2.0555E-05 / 1.1372E-04   
7020   8.251E-04   2.1029E-05   1.1438E-04   2.1027E-05 / 1.1419E-04   
7030   8.251E-04   2.0210E-05   1.1228E-04   2.0051E-05 / 1.1197E-04   
7040   8.251E-04   2.0719E-05   1.1041E-04   1.9983E-05 / 1.0973E-04   
7050   8.251E-04   1.9076E-05   1.1136E-04   1.9026E-05 / 1.1119E-04   
7060   8.251E-04   2.0195E-05   1.0941E-04   2.0093E-05 / 1.0914E-04   
7070   8.251E-04   2.1166E-05   1.0994E-04   2.1116E-05 / 1.0960E-04   
7080   8.251E-04   2.0209E-05   1.1062E-04   1.9969E-05 / 1.1024E-04   
7090   8.251E-04   2.0578E-05   1.1061E-04   2.0204E-05 / 1.0982E-04   
7100   8.251E-04   2.3177E-05   1.1562E-04   2.3078E-05 / 1.1539E-04   
7110   8.251E-04   1.9112E-05   1.1033E-04   1.8865E-05 / 1.0999E-04   
7120   8.251E-04   2.2828E-05   1.1433E-04   2.0086E-05 / 1.1149E-04   
7130   8.251E-04   2.7117E-05   1.2301E-04   2.6969E-05 / 1.2281E-04   
7140   8.251E-04   2.0003E-05   1.1443E-04   1.9933E-05 / 1.1404E-04   
7150   8.251E-04   1.9448E-05   1.1202E-04   1.9427E-05 / 1.1192E-04   
7160   8.251E-04   1.8648E-05   1.1045E-04   1.8576E-05 / 1.1023E-04   
7170   8.251E-04   2.0794E-05   1.1168E-04   2.0311E-05 / 1.1121E-04   
7180   8.251E-04   1.9568E-05   1.1045E-04   1.9195E-05 / 1.1014E-04   
7190   8.251E-04   1.9411E-05   1.1330E-04   1.9097E-05 / 1.1246E-04   
7200   8.251E-04   1.9397E-05   1.0825E-04   1.8924E-05 / 1.0771E-04   
7210   8.251E-04   1.9147E-05   1.1014E-04   1.8802E-05 / 1.0976E-04   
7220   8.251E-04   1.9764E-05   1.0861E-04   1.9199E-05 / 1.0801E-04   
7230   8.251E-04   2.0115E-05   1.1260E-04   1.9959E-05 / 1.1238E-04   
7240   8.251E-04   2.0365E-05   1.0873E-04   2.0102E-05 / 1.0825E-04   
7250   8.251E-04   2.1398E-05   1.1123E-04   2.1238E-05 / 1.1099E-04   
7260   8.251E-04   2.8938E-05   1.2332E-04   2.8581E-05 / 1.2288E-04   
7270   8.251E-04   1.8971E-05   1.1105E-04   1.8949E-05 / 1.1097E-04   
7280   8.251E-04   2.7582E-05   1.1930E-04   2.7423E-05 / 1.1921E-04   
7290   8.251E-04   1.9136E-05   1.0543E-04   1.8986E-05 / 1.0509E-04   
7300   8.251E-04   1.8174E-05   1.0824E-04   1.8019E-05 / 1.0796E-04   
7310   8.251E-04   1.8465E-05   1.0941E-04   1.8433E-05 / 1.0920E-04   
7320   8.251E-04   1.8472E-05   1.1205E-04   1.8377E-05 / 1.1185E-04   
7330   8.251E-04   1.8623E-05   1.0980E-04   1.8476E-05 / 1.0959E-04   
7340   8.251E-04   1.8616E-05   1.0818E-04   1.8506E-05 / 1.0799E-04   
7350   8.251E-04   2.0790E-05   1.1135E-04   2.0565E-05 / 1.1077E-04   
7360   8.251E-04   2.0858E-05   1.1010E-04   2.0767E-05 / 1.0984E-04   
7370   8.251E-04   1.8444E-05   1.1024E-04   1.8370E-05 / 1.1011E-04   
7380   8.251E-04   2.0080E-05   1.1154E-04   1.9755E-05 / 1.1101E-04   
7390   8.251E-04   2.0062E-05   1.0739E-04   1.9137E-05 / 1.0643E-04   
7400   8.251E-04   2.1072E-05   1.1059E-04   2.0245E-05 / 1.0971E-04   
7410   8.251E-04   1.8448E-05   1.0706E-04   1.8119E-05 / 1.0668E-04   
7420   8.251E-04   1.9079E-05   1.0596E-04   1.8953E-05 / 1.0573E-04   
7430   8.251E-04   1.9733E-05   1.1102E-04   1.9516E-05 / 1.1083E-04   
7440   8.251E-04   2.9701E-05   1.1380E-04   2.9649E-05 / 1.1343E-04   
7450   8.251E-04   2.3966E-05   1.1020E-04   2.3853E-05 / 1.0997E-04   
7460   8.251E-04   1.8321E-05   1.0620E-04   1.8129E-05 / 1.0587E-04   
7470   8.251E-04   2.0516E-05   1.0957E-04   2.0346E-05 / 1.0936E-04   
7480   8.251E-04   1.9282E-05   1.0771E-04   1.9233E-05 / 1.0752E-04   
7490   8.251E-04   1.8421E-05   1.0718E-04   1.8367E-05 / 1.0706E-04   
7500   8.251E-04   1.8638E-05   1.0841E-04   1.8610E-05 / 1.0833E-04   
7510   8.251E-04   1.8229E-05   1.0856E-04   1.7971E-05 / 1.0828E-04   
7520   8.251E-04   1.8684E-05   1.0462E-04   1.8594E-05 / 1.0445E-04   
7530   8.251E-04   1.8446E-05   1.0716E-04   1.8441E-05 / 1.0703E-04   
7540   8.251E-04   2.2505E-05   1.1459E-04   2.2436E-05 / 1.1437E-04   
7550   8.251E-04   2.5795E-05   1.1273E-04   2.5740E-05 / 1.1262E-04   
7560   8.251E-04   2.3666E-05   1.1252E-04   2.3435E-05 / 1.1225E-04   
7570   8.251E-04   1.8685E-05   1.0547E-04   1.8445E-05 / 1.0516E-04   
7580   8.251E-04   2.3713E-05   1.1171E-04   2.3469E-05 / 1.1130E-04   
7590   8.251E-04   1.8536E-05   1.0594E-04   1.8388E-05 / 1.0573E-04   
7600   8.251E-04   1.8686E-05   1.0879E-04   1.8575E-05 / 1.0858E-04   
7610   8.251E-04   1.8796E-05   1.0687E-04   1.8351E-05 / 1.0640E-04   
7620   8.251E-04   1.8410E-05   1.0755E-04   1.8217E-05 / 1.0729E-04   
7630   8.251E-04   1.7797E-05   1.0664E-04   1.7462E-05 / 1.0623E-04   
7640   8.251E-04   1.8913E-05   1.1016E-04   1.8875E-05 / 1.1004E-04   
7650   8.251E-04   1.8647E-05   1.0561E-04   1.8403E-05 / 1.0536E-04   
7660   8.251E-04   1.7780E-05   1.0611E-04   1.7581E-05 / 1.0577E-04   
7670   8.251E-04   1.7917E-05   1.0433E-04   1.7855E-05 / 1.0423E-04   
7680   8.251E-04   1.9978E-05   1.0691E-04   1.9582E-05 / 1.0643E-04   
7690   8.251E-04   2.7725E-05   1.1582E-04   2.6377E-05 / 1.1459E-04   
7700   8.251E-04   1.8020E-05   1.0791E-04   1.7928E-05 / 1.0775E-04   
7710   8.251E-04   1.7637E-05   1.0482E-04   1.7581E-05 / 1.0472E-04   
7720   8.251E-04   1.8117E-05   1.0406E-04   1.8021E-05 / 1.0392E-04   
7730   8.251E-04   1.8703E-05   1.0541E-04   1.8665E-05 / 1.0534E-04   
7740   8.251E-04   1.8358E-05   1.0730E-04   1.7584E-05 / 1.0657E-04   
7750   8.251E-04   1.9345E-05   1.0485E-04   1.9235E-05 / 1.0471E-04   
7760   8.251E-04   1.9492E-05   1.0779E-04   1.9417E-05 / 1.0755E-04   
7770   8.251E-04   1.8364E-05   1.0480E-04   1.7954E-05 / 1.0438E-04   
7780   8.251E-04   1.7700E-05   1.0513E-04   1.7451E-05 / 1.0489E-04   
7790   8.251E-04   1.9007E-05   1.0966E-04   1.8795E-05 / 1.0912E-04   
7800   8.251E-04   1.8127E-05   1.0756E-04   1.7812E-05 / 1.0716E-04   
7810   8.251E-04   2.0026E-05   1.0188E-04   1.9868E-05 / 1.0168E-04   
7820   8.251E-04   1.8938E-05   1.0392E-04   1.8813E-05 / 1.0374E-04   
7830   8.251E-04   1.9901E-05   1.0074E-04   1.9403E-05 / 1.0024E-04   
7840   8.251E-04   1.7531E-05   1.0349E-04   1.6980E-05 / 1.0291E-04   
7850   8.251E-04   1.7413E-05   1.0501E-04   1.7327E-05 / 1.0491E-04   
7860   8.251E-04   1.7350E-05   1.0155E-04   1.7224E-05 / 1.0137E-04   
7870   8.251E-04   1.9624E-05   1.0666E-04   1.9616E-05 / 1.0651E-04   
7880   8.251E-04   1.8815E-05   1.0601E-04   1.8785E-05 / 1.0600E-04   
7890   8.251E-04   1.7555E-05   1.0288E-04   1.7245E-05 / 1.0256E-04   
7900   8.251E-04   1.8623E-05   1.0519E-04   1.8620E-05 / 1.0512E-04   
7910   8.251E-04   1.9401E-05   1.0462E-04   1.9204E-05 / 1.0413E-04   
7920   8.251E-04   2.0133E-05   1.0511E-04   2.0130E-05 / 1.0502E-04   
7930   8.251E-04   2.0151E-05   1.0651E-04   2.0070E-05 / 1.0639E-04   
7940   8.251E-04   3.6451E-05   1.2078E-04   3.5736E-05 / 1.2026E-04   
7950   8.251E-04   1.9118E-05   1.0810E-04   1.9037E-05 / 1.0797E-04   
7960   8.251E-04   1.8264E-05   1.0475E-04   1.8106E-05 / 1.0424E-04   
7970   8.251E-04   1.7173E-05   1.0508E-04   1.7126E-05 / 1.0498E-04   
7980   8.251E-04   1.6932E-05   1.0379E-04   1.6705E-05 / 1.0350E-04   
7990   8.251E-04   1.7113E-05   1.0350E-04   1.6906E-05 / 1.0326E-04   
8000   8.251E-04   1.7054E-05   1.0195E-04   1.6687E-05 / 1.0156E-04   
===============================================================================================================
Saved model to /home/nikki/kan/kanTBNN/models/multi_run/kan_experiment_69_opt/kanTBNN-24Nov06_12:27:47.pickle
