========== Dataset info ==========
Dataset params: {'file': '/home/nikki/kan/data/turbulence_dataset_clean.csv', 'Cases': ['fp_1000', 'fp_1410', 'fp_2000', 'fp_2540', 'fp_3030', 'fp_3270', 'fp_3630', 'fp_3970', 'fp_4060'], 'val_set': ['fp_3030', 'fp_1410', 'fp_4060'], 'test_set': ['fp_3630'], 'data_loader': <class 'tbnn.dataloaders.aDataset'>}
Train/Valid/Test points: 760 / 468 / 168
Memorization?: False
Cluster training?: False
EPOCH     LR        TRAIN         VALID             MSE:T/V                  RL:T/V             %NR_t/%NR_v
===============================================================================================================
  1   5.000E-03   2.1038E-01   2.0685E-01   2.1038E-01 / 2.0685E-01   
 10   5.000E-03   6.9706E-03   6.6202E-03   6.9548E-03 / 6.6123E-03   
 20   5.000E-03   3.2541E-03   3.0518E-03   3.2536E-03 / 3.0518E-03   
 30   5.000E-03   2.4065E-03   2.2533E-03   2.4036E-03 / 2.2502E-03   
 40   5.000E-03   1.9894E-03   1.8660E-03   1.9877E-03 / 1.8644E-03   
 50   5.000E-03   1.7139E-03   1.6162E-03   1.7112E-03 / 1.6135E-03   
 60   5.000E-03   1.5266E-03   1.4393E-03   1.5235E-03 / 1.4361E-03   
 70   5.000E-03   1.3707E-03   1.3056E-03   1.3693E-03 / 1.3042E-03   
 80   5.000E-03   1.2460E-03   1.1987E-03   1.2440E-03 / 1.1968E-03   
 90   5.000E-03   1.1495E-03   1.1076E-03   1.1479E-03 / 1.1061E-03   
100   5.000E-03   1.0744E-03   1.0381E-03   1.0734E-03 / 1.0371E-03   
110   5.000E-03   1.0127E-03   9.7758E-04   1.0119E-03 / 9.7681E-04   
120   5.000E-03   9.6013E-04   9.2565E-04   9.5938E-04 / 9.2492E-04   
130   5.000E-03   9.1776E-04   8.8166E-04   9.1678E-04 / 8.8075E-04   
140   5.000E-03   8.8077E-04   8.4925E-04   8.7949E-04 / 8.4805E-04   
150   5.000E-03   8.4909E-04   8.1798E-04   8.4753E-04 / 8.1652E-04   
160   5.000E-03   8.2261E-04   7.9212E-04   8.2095E-04 / 7.9056E-04   
170   5.000E-03   8.0454E-04   7.8125E-04   8.0270E-04 / 7.7950E-04   
180   5.000E-03   7.7824E-04   7.5303E-04   7.7643E-04 / 7.5127E-04   
190   5.000E-03   7.5338E-04   7.2899E-04   7.5135E-04 / 7.2704E-04   
200   5.000E-03   7.3016E-04   7.0435E-04   7.2848E-04 / 7.0274E-04   
210   5.000E-03   7.0767E-04   6.8313E-04   7.0585E-04 / 6.8140E-04   
220   5.000E-03   6.8666E-04   6.6603E-04   6.8496E-04 / 6.6443E-04   
230   5.000E-03   6.6637E-04   6.4734E-04   6.6475E-04 / 6.4583E-04   
240   5.000E-03   6.4839E-04   6.2564E-04   6.4680E-04 / 6.2415E-04   
250   5.000E-03   6.2967E-04   6.1782E-04   6.2666E-04 / 6.1491E-04   
260   5.000E-03   6.0545E-04   5.9336E-04   6.0424E-04 / 5.9225E-04   
270   5.000E-03   5.8689E-04   5.7377E-04   5.8561E-04 / 5.7259E-04   
280   5.000E-03   5.6813E-04   5.5102E-04   5.6697E-04 / 5.4997E-04   
290   5.000E-03   5.4368E-04   5.2669E-04   5.4254E-04 / 5.2567E-04   
300   5.000E-03   5.2944E-04   5.2408E-04   5.2892E-04 / 5.2363E-04   
310   5.000E-03   5.0855E-04   4.9232E-04   5.0796E-04 / 4.9182E-04   
320   5.000E-03   4.8787E-04   4.8216E-04   4.8732E-04 / 4.8171E-04   
330   5.000E-03   4.7880E-04   4.8005E-04   4.7849E-04 / 4.7982E-04   
340   5.000E-03   4.5429E-04   4.4261E-04   4.5401E-04 / 4.4241E-04   
350   5.000E-03   4.4939E-04   4.4192E-04   4.4915E-04 / 4.4175E-04   
360   5.000E-03   4.3363E-04   4.2629E-04   4.3346E-04 / 4.2617E-04   
370   5.000E-03   4.2448E-04   4.3118E-04   4.2417E-04 / 4.3097E-04   
380   5.000E-03   4.0062E-04   3.9638E-04   4.0043E-04 / 3.9626E-04   
390   5.000E-03   3.8916E-04   3.7976E-04   3.8901E-04 / 3.7968E-04   
400   5.000E-03   3.7710E-04   3.6578E-04   3.7703E-04 / 3.6574E-04   
410   5.000E-03   3.6720E-04   3.5409E-04   3.6715E-04 / 3.5406E-04   
420   5.000E-03   3.5663E-04   3.6406E-04   3.5641E-04 / 3.6396E-04   
430   5.000E-03   3.6040E-04   3.5706E-04   3.6006E-04 / 3.5697E-04   
440   5.000E-03   3.5392E-04   3.3435E-04   3.5384E-04 / 3.3430E-04   
450   5.000E-03   3.1982E-04   3.1332E-04   3.1962E-04 / 3.1317E-04   
460   5.000E-03   3.1074E-04   3.0445E-04   3.1068E-04 / 3.0442E-04   
470   5.000E-03   3.0237E-04   2.9599E-04   3.0229E-04 / 2.9593E-04   
480   5.000E-03   3.5078E-04   3.3024E-04   3.5056E-04 / 3.3010E-04   
490   5.000E-03   2.9203E-04   2.9215E-04   2.9183E-04 / 2.9200E-04   
500   5.000E-03   2.8343E-04   2.8014E-04   2.8319E-04 / 2.7997E-04   
510   5.000E-03   3.0241E-04   3.2463E-04   3.0217E-04 / 3.2445E-04   
520   5.000E-03   2.7078E-04   2.7809E-04   2.7064E-04 / 2.7799E-04   
530   5.000E-03   2.6332E-04   2.6232E-04   2.6308E-04 / 2.6212E-04   
540   5.000E-03   2.5722E-04   2.5532E-04   2.5698E-04 / 2.5515E-04   
550   5.000E-03   2.5209E-04   2.5952E-04   2.5192E-04 / 2.5941E-04   
560   5.000E-03   2.5874E-04   2.6159E-04   2.5858E-04 / 2.6149E-04   
570   5.000E-03   2.4414E-04   2.4136E-04   2.4402E-04 / 2.4129E-04   
580   5.000E-03   2.3750E-04   2.3588E-04   2.3731E-04 / 2.3577E-04   
590   5.000E-03   2.3128E-04   2.3176E-04   2.3110E-04 / 2.3165E-04   
600   5.000E-03   2.5107E-04   2.3704E-04   2.5026E-04 / 2.3674E-04   
610   5.000E-03   2.3399E-04   2.4628E-04   2.3387E-04 / 2.4622E-04   
620   5.000E-03   2.2934E-04   2.4108E-04   2.2913E-04 / 2.4094E-04   
630   5.000E-03   3.8669E-04   3.8352E-04   3.8635E-04 / 3.8332E-04   
640   5.000E-03   2.1821E-04   2.2450E-04   2.1799E-04 / 2.2438E-04   
650   5.000E-03   2.1365E-04   2.2217E-04   2.1348E-04 / 2.2209E-04   
660   5.000E-03   2.1140E-04   2.0429E-04   2.1119E-04 / 2.0417E-04   
670   5.000E-03   2.0652E-04   2.0075E-04   2.0630E-04 / 2.0061E-04   
680   5.000E-03   2.0240E-04   2.0789E-04   2.0214E-04 / 2.0772E-04   
690   5.000E-03   2.0038E-04   1.9419E-04   2.0001E-04 / 1.9398E-04   
700   5.000E-03   2.0861E-04   2.0517E-04   2.0822E-04 / 2.0489E-04   
710   5.000E-03   1.9316E-04   2.0123E-04   1.9292E-04 / 2.0107E-04   
720   5.000E-03   2.0556E-04   2.2022E-04   2.0529E-04 / 2.2001E-04   
730   5.000E-03   2.0185E-04   1.9099E-04   2.0160E-04 / 1.9080E-04   
740   5.000E-03   1.8591E-04   1.8572E-04   1.8549E-04 / 1.8535E-04   
750   5.000E-03   1.9287E-04   1.8933E-04   1.9218E-04 / 1.8907E-04   
760   5.000E-03   2.1932E-04   2.3126E-04   2.1882E-04 / 2.3080E-04   
770   5.000E-03   1.7545E-04   1.7703E-04   1.7515E-04 / 1.7687E-04   
780   5.000E-03   1.6883E-04   1.7128E-04   1.6854E-04 / 1.7109E-04   
790   5.000E-03   1.6826E-04   1.7203E-04   1.6797E-04 / 1.7182E-04   
800   5.000E-03   1.7645E-04   1.6694E-04   1.7605E-04 / 1.6668E-04   
810   5.000E-03   1.7033E-04   1.6612E-04   1.6999E-04 / 1.6587E-04   
820   5.000E-03   3.0721E-04   3.0363E-04   3.0670E-04 / 3.0330E-04   
830   5.000E-03   1.5937E-04   1.7072E-04   1.5910E-04 / 1.7056E-04   
840   5.000E-03   1.6079E-04   1.5402E-04   1.6049E-04 / 1.5381E-04   
850   5.000E-03   1.4819E-04   1.4718E-04   1.4795E-04 / 1.4705E-04   
860   5.000E-03   1.6021E-04   1.7951E-04   1.6003E-04 / 1.7939E-04   
870   5.000E-03   1.4350E-04   1.4361E-04   1.4336E-04 / 1.4356E-04   
880   5.000E-03   1.3890E-04   1.4549E-04   1.3870E-04 / 1.4539E-04   
890   5.000E-03   1.4890E-04   1.4778E-04   1.4883E-04 / 1.4776E-04   
900   5.000E-03   1.3815E-04   1.4211E-04   1.3783E-04 / 1.4203E-04   
910   5.000E-03   1.4472E-04   1.5739E-04   1.4465E-04 / 1.5737E-04   
920   5.000E-03   1.2630E-04   1.3260E-04   1.2619E-04 / 1.3255E-04   
930   5.000E-03   1.2836E-04   1.2916E-04   1.2828E-04 / 1.2913E-04   
940   5.000E-03   2.0330E-04   2.1075E-04   2.0309E-04 / 2.1062E-04   
950   5.000E-03   1.1848E-04   1.2202E-04   1.1836E-04 / 1.2195E-04   
960   5.000E-03   1.1614E-04   1.1798E-04   1.1601E-04 / 1.1789E-04   
970   5.000E-03   1.1767E-04   1.1708E-04   1.1757E-04 / 1.1700E-04   
980   5.000E-03   1.0955E-04   1.1473E-04   1.0947E-04 / 1.1467E-04   
990   5.000E-03   1.1985E-04   1.1296E-04   1.1975E-04 / 1.1292E-04   
1000   5.000E-03   1.1860E-04   1.1837E-04   1.1819E-04 / 1.1824E-04   
1010   5.000E-03   1.1075E-04   1.1993E-04   1.1063E-04 / 1.1979E-04   
1020   5.000E-03   1.4080E-04   1.5582E-04   1.4071E-04 / 1.5570E-04   
1030   5.000E-03   1.1053E-04   1.2014E-04   1.1044E-04 / 1.2005E-04   
1040   5.000E-03   1.0837E-04   1.0138E-04   1.0816E-04 / 1.0120E-04   
1050   5.000E-03   9.5564E-05   1.0379E-04   9.5317E-05 / 1.0360E-04   
1060   5.000E-03   9.3632E-05   9.5675E-05   9.3320E-05 / 9.5417E-05   
1070   5.000E-03   2.2786E-04   2.7518E-04   2.2608E-04 / 2.7419E-04   
1080   5.000E-03   9.9943E-05   1.0112E-04   9.9758E-05 / 1.0095E-04   
1090   5.000E-03   8.9518E-05   9.2473E-05   8.9340E-05 / 9.2287E-05   
1100   5.000E-03   8.7839E-05   8.7135E-05   8.7563E-05 / 8.6869E-05   
1110   5.000E-03   8.5368E-05   8.9814E-05   8.5007E-05 / 8.9548E-05   
1120   5.000E-03   8.2482E-05   8.4117E-05   8.2102E-05 / 8.3721E-05   
1130   5.000E-03   8.0738E-05   8.3169E-05   8.0531E-05 / 8.2943E-05   
1140   5.000E-03   7.8277E-05   8.3043E-05   7.8142E-05 / 8.2886E-05   
1150   5.000E-03   8.2472E-05   7.8485E-05   8.2351E-05 / 7.8354E-05   
1160   5.000E-03   7.7223E-05   7.7405E-05   7.6669E-05 / 7.6932E-05   
1170   5.000E-03   7.4605E-05   7.5063E-05   7.4273E-05 / 7.4699E-05   
1180   5.000E-03   7.2596E-05   7.6112E-05   7.2301E-05 / 7.5831E-05   
1190   5.000E-03   9.1179E-05   8.0066E-05   9.0760E-05 / 7.9661E-05   
1200   5.000E-03   8.2390E-05   7.9727E-05   8.2313E-05 / 7.9623E-05   
1210   5.000E-03   6.9889E-05   7.6942E-05   6.9655E-05 / 7.6763E-05   
1220   5.000E-03   7.4090E-05   7.9764E-05   7.3810E-05 / 7.9524E-05   
1230   5.000E-03   7.4939E-05   8.2436E-05   7.4438E-05 / 8.2239E-05   
1240   5.000E-03   6.9801E-05   7.3044E-05   6.9300E-05 / 7.2630E-05   
1250   5.000E-03   6.8007E-05   6.5240E-05   6.7614E-05 / 6.4962E-05   
1260   5.000E-03   6.5288E-05   6.4996E-05   6.5118E-05 / 6.4843E-05   
1270   5.000E-03   6.3198E-05   6.5735E-05   6.2862E-05 / 6.5531E-05   
1280   5.000E-03   6.2766E-05   6.4123E-05   6.2317E-05 / 6.3728E-05   
1290   5.000E-03   5.9437E-05   6.2591E-05   5.9359E-05 / 6.2508E-05   
1300   5.000E-03   6.0740E-05   6.4642E-05   5.9855E-05 / 6.4150E-05   
1310   5.000E-03   6.3474E-05   6.2727E-05   6.3094E-05 / 6.2292E-05   
1320   5.000E-03   6.6770E-05   6.8467E-05   6.6540E-05 / 6.8176E-05   
1330   5.000E-03   5.4533E-05   5.8197E-05   5.4287E-05 / 5.7926E-05   
1340   5.000E-03   5.3227E-05   5.6306E-05   5.2817E-05 / 5.5826E-05   
1350   5.000E-03   5.5230E-05   5.6727E-05   5.5006E-05 / 5.6446E-05   
1360   5.000E-03   5.2733E-05   5.5010E-05   5.2669E-05 / 5.4922E-05   
1370   5.000E-03   5.3304E-05   5.3392E-05   5.2340E-05 / 5.2483E-05   
1380   5.000E-03   5.9078E-05   5.5886E-05   5.9010E-05 / 5.5796E-05   
1390   5.000E-03   5.2358E-05   5.2815E-05   5.2210E-05 / 5.2671E-05   
1400   5.000E-03   5.7055E-05   6.0788E-05   5.6837E-05 / 6.0558E-05   
1410   5.000E-03   5.2118E-05   5.8304E-05   5.2072E-05 / 5.8299E-05   
1420   5.000E-03   4.8116E-05   4.8775E-05   4.8097E-05 / 4.8758E-05   
1430   5.000E-03   4.6833E-05   5.0578E-05   4.6664E-05 / 5.0412E-05   
1440   5.000E-03   4.6154E-05   4.4724E-05   4.5762E-05 / 4.4433E-05   
1450   5.000E-03   5.3062E-05   5.4268E-05   5.1994E-05 / 5.4131E-05   
1460   5.000E-03   4.7426E-05   5.1708E-05   4.7263E-05 / 5.1552E-05   
1470   5.000E-03   4.4013E-05   4.6138E-05   4.3695E-05 / 4.5813E-05   
1480   5.000E-03   4.4496E-05   4.6676E-05   4.4117E-05 / 4.6285E-05   
1490   5.000E-03   4.1952E-05   4.5036E-05   4.1874E-05 / 4.4950E-05   
1500   5.000E-03   4.1261E-05   4.3313E-05   4.1068E-05 / 4.3110E-05   
1510   5.000E-03   4.0413E-05   4.3648E-05   4.0000E-05 / 4.3184E-05   
1520   5.000E-03   4.0794E-05   4.2285E-05   4.0722E-05 / 4.2216E-05   
1530   5.000E-03   3.9821E-05   4.0615E-05   3.9446E-05 / 4.0145E-05   
1540   5.000E-03   4.2448E-05   5.0525E-05   4.1864E-05 / 4.9823E-05   
1550   5.000E-03   3.9288E-05   4.4244E-05   3.8671E-05 / 4.3500E-05   
1560   5.000E-03   4.1128E-05   4.1238E-05   4.0679E-05 / 4.0656E-05   
1570   5.000E-03   3.6909E-05   4.0255E-05   3.6769E-05 / 4.0098E-05   
1580   5.000E-03   4.2416E-05   4.9083E-05   4.2261E-05 / 4.8878E-05   
1590   5.000E-03   3.6656E-05   4.3225E-05   3.6285E-05 / 4.2781E-05   
1600   5.000E-03   3.5042E-05   4.0487E-05   3.4947E-05 / 4.0371E-05   
1610   5.000E-03   3.7731E-05   3.9982E-05   3.7701E-05 / 3.9960E-05   
1620   5.000E-03   5.0726E-05   5.2664E-05   4.8785E-05 / 5.0440E-05   
1630   5.000E-03   4.4271E-05   4.5842E-05   4.4250E-05 / 4.5818E-05   
1640   5.000E-03   4.3244E-05   4.1843E-05   4.3158E-05 / 4.1798E-05   
1650   5.000E-03   7.4015E-05   8.7584E-05   7.2964E-05 / 8.6576E-05   
1660   5.000E-03   3.3005E-05   3.4887E-05   3.2710E-05 / 3.4669E-05   
1670   5.000E-03   3.3005E-05   3.8791E-05   3.2543E-05 / 3.8426E-05   
1680   5.000E-03   3.3798E-05   4.0700E-05   3.3184E-05 / 4.0213E-05   
1690   5.000E-03   3.3968E-05   4.0371E-05   3.3560E-05 / 4.0098E-05   
1700   5.000E-03   3.2420E-05   3.3137E-05   3.2222E-05 / 3.3039E-05   
1710   5.000E-03   3.1763E-05   3.6230E-05   3.1700E-05 / 3.6196E-05   
1720   5.000E-03   3.3038E-05   3.3612E-05   3.2331E-05 / 3.3056E-05   
1730   5.000E-03   2.8666E-05   3.1984E-05   2.8038E-05 / 3.1510E-05   
1740   5.000E-03   1.2081E-04   1.1011E-04   8.2406E-05 / 7.8687E-05   
1750   5.000E-03   6.9219E-05   8.2989E-05   6.8927E-05 / 8.2784E-05   
1760   5.000E-03   3.5241E-05   3.7380E-05   3.5230E-05 / 3.7371E-05   
1770   5.000E-03   2.8134E-05   3.3926E-05   2.8101E-05 / 3.3909E-05   
1780   5.000E-03   2.8138E-05   3.4150E-05   2.7706E-05 / 3.3790E-05   
1790   5.000E-03   2.9161E-05   3.1464E-05   2.8937E-05 / 3.1296E-05   
1800   5.000E-03   2.6630E-05   2.7909E-05   2.6563E-05 / 2.7851E-05   
1810   5.000E-03   2.7926E-05   3.3140E-05   2.7861E-05 / 3.3121E-05   
1820   5.000E-03   3.1498E-05   3.3396E-05   3.1333E-05 / 3.3370E-05   
1830   5.000E-03   2.5494E-05   3.1567E-05   2.5440E-05 / 3.1520E-05   
1840   5.000E-03   5.3968E-05   6.5406E-05   5.3941E-05 / 6.5390E-05   
1850   5.000E-03   4.5810E-05   5.1552E-05   4.5280E-05 / 5.1067E-05   
1860   5.000E-03   2.5531E-05   2.9822E-05   2.5432E-05 / 2.9748E-05   
1870   5.000E-03   2.5766E-05   3.1591E-05   2.5744E-05 / 3.1578E-05   
1880   5.000E-03   2.3949E-05   2.6162E-05   2.3906E-05 / 2.6129E-05   
1890   5.000E-03   2.3110E-05   2.7014E-05   2.2969E-05 / 2.6904E-05   
1900   5.000E-03   2.4853E-05   3.0413E-05   2.4805E-05 / 3.0397E-05   
1910   5.000E-03   2.3170E-05   2.8943E-05   2.3103E-05 / 2.8902E-05   
1920   5.000E-03   2.2178E-05   2.6362E-05   2.1968E-05 / 2.6242E-05   
1930   5.000E-03   2.4411E-05   3.2714E-05   2.4078E-05 / 3.2472E-05   
1940   5.000E-03   2.1728E-05   2.5162E-05   2.1492E-05 / 2.5022E-05   
1950   5.000E-03   2.3407E-05   2.8507E-05   2.3311E-05 / 2.8500E-05   
1960   5.000E-03   2.3452E-05   3.0448E-05   2.3435E-05 / 3.0438E-05   
1970   5.000E-03   2.4076E-05   2.5713E-05   2.3728E-05 / 2.5470E-05   
1980   5.000E-03   2.1483E-05   2.8901E-05   2.1334E-05 / 2.8814E-05   
1990   5.000E-03   2.2256E-05   2.8487E-05   2.1846E-05 / 2.8162E-05   
2000   5.000E-03   2.2427E-05   3.0754E-05   2.2092E-05 / 3.0498E-05   
2010   5.000E-03   2.1155E-05   2.6352E-05   2.0028E-05 / 2.5310E-05   
2020   5.000E-03   3.1095E-05   3.9259E-05   3.0494E-05 / 3.9108E-05   
2030   5.000E-03   3.0753E-05   4.0944E-05   3.0374E-05 / 4.0642E-05   
2040   5.000E-03   2.1498E-05   2.5397E-05   2.0985E-05 / 2.4980E-05   
2050   5.000E-03   2.3808E-05   2.8149E-05   2.3804E-05 / 2.8149E-05   
2060   5.000E-03   2.1545E-05   2.5366E-05   2.0961E-05 / 2.4921E-05   
2070   5.000E-03   2.5969E-05   3.5971E-05   2.5742E-05 / 3.5791E-05   
2080   5.000E-03   3.8260E-05   3.7986E-05   3.8060E-05 / 3.7846E-05   
2090   5.000E-03   2.6748E-05   2.6901E-05   2.6490E-05 / 2.6846E-05   
2100   5.000E-03   2.1451E-05   2.6375E-05   2.1365E-05 / 2.6315E-05   
2110   5.000E-03   2.1208E-05   2.6192E-05   2.1008E-05 / 2.6049E-05   
2120   5.000E-03   1.9290E-05   2.4581E-05   1.9218E-05 / 2.4551E-05   
2130   5.000E-03   1.9750E-05   2.7786E-05   1.9351E-05 / 2.7560E-05   
2140   5.000E-03   1.4946E-04   1.2714E-04   1.4726E-04 / 1.2580E-04   
2150   5.000E-03   2.8599E-05   3.1008E-05   2.8582E-05 / 3.0998E-05   
2160   5.000E-03   1.9528E-05   2.5413E-05   1.9466E-05 / 2.5378E-05   
2170   5.000E-03   3.0163E-05   2.9971E-05   3.0156E-05 / 2.9968E-05   
2180   5.000E-03   1.9547E-05   2.2283E-05   1.8760E-05 / 2.1672E-05   
2190   5.000E-03   1.8277E-05   2.3908E-05   1.7835E-05 / 2.3626E-05   
2200   5.000E-03   2.4552E-05   3.5570E-05   2.4509E-05 / 3.5557E-05   
2210   5.000E-03   4.2000E-05   4.8493E-05   4.1698E-05 / 4.8302E-05   
2220   5.000E-03   1.9686E-05   2.0242E-05   1.9272E-05 / 1.9958E-05   
2230   5.000E-03   1.7489E-05   2.3774E-05   1.7310E-05 / 2.3690E-05   
2240   5.000E-03   1.9303E-05   2.7106E-05   1.9177E-05 / 2.7054E-05   
2250   5.000E-03   2.3328E-05   2.9313E-05   2.3146E-05 / 2.9227E-05   
2260   5.000E-03   2.0601E-05   2.7377E-05   2.0477E-05 / 2.7328E-05   
2270   5.000E-03   1.8071E-05   2.4142E-05   1.7607E-05 / 2.3876E-05   
2280   5.000E-03   1.7085E-05   2.0849E-05   1.6938E-05 / 2.0797E-05   
2290   5.000E-03   2.4999E-05   3.2478E-05   2.4974E-05 / 3.2476E-05   
2300   5.000E-03   1.8890E-05   2.5479E-05   1.6671E-05 / 2.3811E-05   
2310   5.000E-03   3.4342E-05   4.3803E-05   3.4231E-05 / 4.3798E-05   
2320   5.000E-03   5.3716E-05   6.2468E-05   5.3081E-05 / 6.2070E-05   
2330   5.000E-03   2.1151E-05   2.5866E-05   2.0557E-05 / 2.5475E-05   
2340   5.000E-03   1.8023E-05   2.1251E-05   1.8010E-05 / 2.1248E-05   
2350   5.000E-03   1.7285E-05   2.4398E-05   1.7238E-05 / 2.4379E-05   
2360   5.000E-03   1.5579E-05   2.0553E-05   1.5191E-05 / 2.0350E-05   
2370   5.000E-03   1.7391E-05   2.1242E-05   1.6756E-05 / 2.0859E-05   
2380   5.000E-03   1.6050E-05   2.0562E-05   1.5651E-05 / 2.0350E-05   
2390   5.000E-03   2.0383E-05   2.0640E-05   2.0304E-05 / 2.0594E-05   
2400   5.000E-03   1.7096E-05   2.3605E-05   1.6605E-05 / 2.3334E-05   
2410   5.000E-03   1.7868E-05   2.4287E-05   1.7235E-05 / 2.3879E-05   
2420   5.000E-03   1.5262E-05   2.0654E-05   1.5105E-05 / 2.0620E-05   
2430   5.000E-03   2.4525E-05   3.1111E-05   2.4520E-05 / 3.1109E-05   
2440   5.000E-03   1.6652E-05   2.2779E-05   1.5330E-05 / 2.1947E-05   
2450   5.000E-03   3.0036E-05   2.9884E-05   2.4668E-05 / 2.5627E-05   
2460   5.000E-03   1.8084E-05   2.0857E-05   1.7786E-05 / 2.0752E-05   
2470   5.000E-03   2.3940E-05   2.4039E-05   2.2123E-05 / 2.2841E-05   
2480   5.000E-03   1.7380E-05   2.3814E-05   1.6523E-05 / 2.3347E-05   
2490   5.000E-03   1.6219E-05   2.1362E-05   1.6040E-05 / 2.1305E-05   
2500   5.000E-03   7.4533E-05   8.3725E-05   7.4433E-05 / 8.3715E-05   
2510   5.000E-03   1.7013E-05   2.3041E-05   1.7000E-05 / 2.3040E-05   
2520   5.000E-03   1.5343E-05   1.9150E-05   1.5152E-05 / 1.9091E-05   
2530   5.000E-03   1.6505E-05   2.2709E-05   1.6243E-05 / 2.2639E-05   
2540   5.000E-03   1.5115E-05   1.8197E-05   1.4798E-05 / 1.8086E-05   
2550   5.000E-03   1.4495E-05   1.8133E-05   1.3861E-05 / 1.7850E-05   
2560   5.000E-03   2.0218E-05   2.9672E-05   2.0151E-05 / 2.9672E-05   
2570   5.000E-03   2.0001E-05   2.6247E-05   1.9560E-05 / 2.6081E-05   
2580   5.000E-03   1.4564E-05   1.8760E-05   1.4298E-05 / 1.8705E-05   
2590   5.000E-03   1.4136E-05   1.9138E-05   1.3764E-05 / 1.9032E-05   
2600   5.000E-03   1.3703E-05   1.9689E-05   1.3469E-05 / 1.9644E-05   
2610   5.000E-03   1.3955E-05   1.9726E-05   1.3348E-05 / 1.9465E-05   
2620   5.000E-03   1.5029E-05   2.1380E-05   1.5020E-05 / 2.1380E-05   
2630   5.000E-03   1.4463E-05   1.9346E-05   1.4366E-05 / 1.9326E-05   
2640   5.000E-03   1.5451E-05   1.9012E-05   1.4783E-05 / 1.8719E-05   
2650   5.000E-03   1.7229E-05   2.1634E-05   1.7070E-05 / 2.1606E-05   
2660   5.000E-03   1.5901E-05   2.1669E-05   1.5876E-05 / 2.1663E-05   
2670   5.000E-03   1.3637E-05   1.8592E-05   1.2926E-05 / 1.8210E-05   
2680   5.000E-03   1.5298E-05   1.8121E-05   1.4299E-05 / 1.7637E-05   
2690   5.000E-03   2.0070E-05   2.6377E-05   2.0002E-05 / 2.6335E-05   
2700   5.000E-03   1.6290E-05   2.0998E-05   1.5654E-05 / 2.0752E-05   
2710   5.000E-03   1.3527E-05   1.8810E-05   1.3347E-05 / 1.8792E-05   
2720   5.000E-03   2.8267E-05   2.7032E-05   2.8026E-05 / 2.7009E-05   
2730   5.000E-03   3.9589E-05   5.2523E-05   3.8931E-05 / 5.2164E-05   
2740   5.000E-03   1.4815E-05   2.2870E-05   1.4724E-05 / 2.2819E-05   
2750   5.000E-03   1.2775E-05   1.8894E-05   1.2248E-05 / 1.8689E-05   
2760   5.000E-03   1.9033E-05   2.2128E-05   1.8827E-05 / 2.2120E-05   
2770   5.000E-03   8.1370E-05   9.8248E-05   8.0797E-05 / 9.8172E-05   
2780   5.000E-03   1.3278E-05   1.7553E-05   1.2659E-05 / 1.7295E-05   
2790   5.000E-03   1.6424E-05   2.4753E-05   1.6292E-05 / 2.4737E-05   
2800   5.000E-03   1.3788E-05   1.9025E-05   1.3611E-05 / 1.8930E-05   
2810   5.000E-03   1.2011E-05   1.8379E-05   1.1554E-05 / 1.8230E-05   
2820   5.000E-03   1.7032E-05   2.2693E-05   1.7032E-05 / 2.2693E-05   
2830   5.000E-03   1.2503E-05   1.9744E-05   1.2058E-05 / 1.9645E-05   
2840   5.000E-03   1.2867E-05   1.8711E-05   1.2810E-05 / 1.8698E-05   
2850   5.000E-03   1.2304E-05   1.9595E-05   1.1802E-05 / 1.9449E-05   
2860   5.000E-03   1.3165E-05   2.0243E-05   1.3020E-05 / 2.0240E-05   
2870   5.000E-03   1.4001E-05   2.1063E-05   1.3485E-05 / 2.0666E-05   
2880   5.000E-03   1.3407E-05   1.8906E-05   1.2919E-05 / 1.8795E-05   
2890   5.000E-03   1.4618E-05   1.8935E-05   1.3944E-05 / 1.8686E-05   
2900   5.000E-03   1.1985E-05   1.9427E-05   1.1675E-05 / 1.9401E-05   
2910   5.000E-03   1.3021E-05   2.0403E-05   1.3006E-05 / 2.0403E-05   
2920   5.000E-03   1.4435E-05   2.4421E-05   1.3939E-05 / 2.4103E-05   
2930   5.000E-03   2.6801E-05   2.9762E-05   2.6610E-05 / 2.9761E-05   
2940   5.000E-03   1.3526E-05   1.7807E-05   1.3137E-05 / 1.7737E-05   
2950   5.000E-03   1.9484E-05   2.3545E-05   1.8960E-05 / 2.3418E-05   
2960   5.000E-03   1.4738E-05   2.0690E-05   1.4489E-05 / 2.0676E-05   
2970   5.000E-03   1.2624E-05   1.9542E-05   1.2059E-05 / 1.9374E-05   
2980   5.000E-03   1.4908E-05   2.2503E-05   1.4898E-05 / 2.2502E-05   
2990   5.000E-03   1.3535E-05   1.9419E-05   1.2967E-05 / 1.9298E-05   
3000   5.000E-03   4.8911E-05   5.0514E-05   4.8754E-05 / 5.0476E-05   
3010   5.000E-03   1.4366E-05   1.7890E-05   1.3689E-05 / 1.7709E-05   
3020   5.000E-03   1.2488E-05   1.9542E-05   1.2445E-05 / 1.9541E-05   
3030   5.000E-03   1.3911E-05   2.0045E-05   1.3158E-05 / 1.9768E-05   
3040   5.000E-03   1.3185E-05   1.9573E-05   1.3007E-05 / 1.9573E-05   
3050   5.000E-03   1.5488E-05   2.3025E-05   1.4712E-05 / 2.2814E-05   
3060   5.000E-03   2.0593E-05   2.0632E-05   2.0324E-05 / 2.0601E-05   
3070   5.000E-03   1.4887E-05   1.8946E-05   1.4831E-05 / 1.8946E-05   
3080   5.000E-03   1.3400E-05   1.9116E-05   1.3332E-05 / 1.9108E-05   
3090   5.000E-03   1.2584E-05   1.9264E-05   1.1749E-05 / 1.8952E-05   
3100   5.000E-03   1.4063E-05   2.0921E-05   1.3945E-05 / 2.0921E-05   
3110   5.000E-03   1.6459E-05   2.5677E-05   1.5875E-05 / 2.5566E-05   
3120   5.000E-03   1.3009E-05   2.1924E-05   1.2993E-05 / 2.1924E-05   
3130   5.000E-03   5.3343E-05   4.6633E-05   5.2943E-05 / 4.6533E-05   
3140   5.000E-03   1.4296E-05   1.9686E-05   1.4295E-05 / 1.9686E-05   
3150   5.000E-03   1.1355E-05   1.7010E-05   1.0784E-05 / 1.6904E-05   
3160   5.000E-03   1.2594E-05   1.8565E-05   1.2027E-05 / 1.8478E-05   
3170   5.000E-03   1.1346E-05   1.8411E-05   1.1161E-05 / 1.8409E-05   
3180   5.000E-03   1.1364E-05   1.6446E-05   1.0261E-05 / 1.5961E-05   
3190   5.000E-03   2.1545E-05   2.8454E-05   2.1106E-05 / 2.8259E-05   
3200   5.000E-03   1.2847E-05   1.8710E-05   1.2519E-05 / 1.8700E-05   
3210   5.000E-03   1.1853E-05   1.9691E-05   1.1765E-05 / 1.9691E-05   
3220   5.000E-03   1.2800E-05   1.8611E-05   1.0922E-05 / 1.7725E-05   
3230   5.000E-03   1.0509E-05   1.8044E-05   1.0169E-05 / 1.8013E-05   
3240   5.000E-03   1.2502E-05   1.9568E-05   1.1978E-05 / 1.9495E-05   
3250   5.000E-03   1.4030E-05   2.0227E-05   1.3337E-05 / 2.0051E-05   
3260   5.000E-03   1.2193E-05   1.8014E-05   1.2152E-05 / 1.8014E-05   
3270   5.000E-03   1.1962E-05   1.6982E-05   1.1450E-05 / 1.6901E-05   
3280   5.000E-03   1.2950E-05   1.6642E-05   1.2636E-05 / 1.6627E-05   
3290   5.000E-03   1.2062E-05   2.0346E-05   1.0730E-05 / 1.9812E-05   
3300   5.000E-03   1.5959E-05   2.4916E-05   1.4121E-05 / 2.3728E-05   
3310   5.000E-03   1.2275E-05   1.9092E-05   1.2251E-05 / 1.9091E-05   
3320   5.000E-03   1.3977E-05   2.3577E-05   1.3295E-05 / 2.3419E-05   
3330   5.000E-03   1.2368E-05   1.7011E-05   1.1512E-05 / 1.6775E-05   
3340   5.000E-03   1.1320E-05   1.8328E-05   1.1211E-05 / 1.8289E-05   
3350   5.000E-03   1.1697E-05   1.7953E-05   1.1180E-05 / 1.7880E-05   
3360   5.000E-03   1.8527E-05   2.4323E-05   1.8382E-05 / 2.4314E-05   
3370   5.000E-03   2.5081E-05   3.3727E-05   2.4893E-05 / 3.3727E-05   
3380   5.000E-03   1.2729E-05   2.0804E-05   1.1709E-05 / 2.0501E-05   
3390   5.000E-03   1.2011E-05   1.7861E-05   1.1772E-05 / 1.7847E-05   
3400   5.000E-03   1.2426E-05   1.9189E-05   1.1274E-05 / 1.8854E-05   
3410   5.000E-03   1.1150E-05   1.8808E-05   1.0860E-05 / 1.8784E-05   
3420   5.000E-03   1.2314E-05   2.1817E-05   1.1801E-05 / 2.1791E-05   
3430   5.000E-03   1.5958E-05   2.5268E-05   1.5649E-05 / 2.5256E-05   
3440   5.000E-03   1.2430E-05   1.9121E-05   1.2419E-05 / 1.9121E-05   
3450   5.000E-03   1.7404E-05   2.1864E-05   1.6643E-05 / 2.1721E-05   
3460   5.000E-03   1.1236E-05   1.7775E-05   1.1007E-05 / 1.7775E-05   
3470   5.000E-03   1.1050E-05   1.7849E-05   1.0355E-05 / 1.7735E-05   
3480   5.000E-03   1.2616E-05   1.8451E-05   1.2251E-05 / 1.8434E-05   
3490   5.000E-03   1.0735E-05   1.9347E-05   9.9312E-06 / 1.9090E-05   
3500   5.000E-03   2.9683E-05   3.8739E-05   2.8687E-05 / 3.8354E-05   
3510   5.000E-03   1.0468E-05   1.7735E-05   9.7055E-06 / 1.7573E-05   
3520   5.000E-03   9.8578E-06   1.7604E-05   9.4965E-06 / 1.7509E-05   
3530   5.000E-03   1.3684E-05   2.1517E-05   1.2325E-05 / 2.1116E-05   
3540   5.000E-03   1.0671E-05   1.6923E-05   9.5189E-06 / 1.6615E-05   
3550   5.000E-03   1.7607E-05   2.8461E-05   1.7229E-05 / 2.8416E-05   
3560   5.000E-03   1.9789E-05   2.8786E-05   1.9478E-05 / 2.8785E-05   
3570   5.000E-03   1.6241E-05   2.2373E-05   1.6187E-05 / 2.2338E-05   
3580   5.000E-03   1.1171E-05   1.6036E-05   1.0882E-05 / 1.5919E-05   
3590   5.000E-03   9.8736E-06   1.5659E-05   9.5386E-06 / 1.5644E-05   
3600   5.000E-03   9.7791E-06   1.6190E-05   9.3542E-06 / 1.6171E-05   
3610   5.000E-03   1.0838E-05   1.8083E-05   1.0651E-05 / 1.8083E-05   
3620   5.000E-03   1.2222E-05   1.7788E-05   1.1223E-05 / 1.7551E-05   
3630   5.000E-03   1.0276E-05   1.7488E-05   9.6822E-06 / 1.7379E-05   
3640   5.000E-03   1.0361E-05   1.7435E-05   9.8649E-06 / 1.7406E-05   
3650   5.000E-03   1.0821E-05   2.0033E-05   1.0342E-05 / 1.9844E-05   
3660   5.000E-03   1.4040E-05   2.3768E-05   1.2823E-05 / 2.3409E-05   
3670   5.000E-03   1.0357E-05   1.6429E-05   9.5866E-06 / 1.6179E-05   
3680   5.000E-03   9.8410E-06   1.7420E-05   9.3463E-06 / 1.7346E-05   
3690   5.000E-03   1.2213E-05   1.9697E-05   1.1901E-05 / 1.9658E-05   
3700   5.000E-03   9.1498E-06   1.7059E-05   8.8663E-06 / 1.7053E-05   
3710   5.000E-03   1.3949E-05   2.3390E-05   1.3632E-05 / 2.3329E-05   
3720   5.000E-03   1.0680E-05   1.9053E-05   9.8658E-06 / 1.8655E-05   
3730   5.000E-03   8.9351E-06   1.7257E-05   8.4888E-06 / 1.7215E-05   
3740   5.000E-03   9.0471E-06   1.7598E-05   8.6623E-06 / 1.7549E-05   
3750   5.000E-03   1.1156E-05   1.8250E-05   1.0657E-05 / 1.8191E-05   
3760   5.000E-03   2.0693E-05   2.6406E-05   2.0240E-05 / 2.6405E-05   
3770   5.000E-03   1.1535E-05   1.8572E-05   1.1293E-05 / 1.8572E-05   
3780   5.000E-03   1.1933E-04   1.2083E-04   1.1919E-04 / 1.2081E-04   
3790   5.000E-03   1.0012E-05   1.7335E-05   9.6460E-06 / 1.7333E-05   
3800   5.000E-03   9.7842E-06   1.7321E-05   8.9167E-06 / 1.7185E-05   
3810   5.000E-03   1.0825E-05   1.7511E-05   1.0532E-05 / 1.7511E-05   
3820   5.000E-03   9.9418E-06   1.7116E-05   9.4081E-06 / 1.7091E-05   
3830   5.000E-03   1.1976E-05   2.1172E-05   1.1570E-05 / 2.1169E-05   
3840   5.000E-03   1.4552E-05   2.3557E-05   1.4551E-05 / 2.3557E-05   
3850   5.000E-03   1.7076E-05   2.6653E-05   1.6816E-05 / 2.6653E-05   
3860   5.000E-03   8.8558E-06   1.6246E-05   8.2691E-06 / 1.6206E-05   
3870   5.000E-03   1.0537E-05   1.9206E-05   1.0303E-05 / 1.9169E-05   
3880   5.000E-03   1.1686E-05   1.9374E-05   1.1420E-05 / 1.9371E-05   
3890   5.000E-03   9.8585E-06   1.6513E-05   8.6446E-06 / 1.6079E-05   
3900   5.000E-03   2.0862E-05   2.1799E-05   2.0325E-05 / 2.1766E-05   
3910   5.000E-03   1.3116E-05   2.1939E-05   1.2752E-05 / 2.1934E-05   
3920   5.000E-03   9.5139E-06   1.5505E-05   8.4123E-06 / 1.5270E-05   
3930   5.000E-03   9.1571E-06   1.7510E-05   8.4264E-06 / 1.7399E-05   
3940   5.000E-03   1.3886E-05   1.9867E-05   1.3377E-05 / 1.9852E-05   
3950   5.000E-03   9.8838E-06   1.6679E-05   9.2720E-06 / 1.6611E-05   
3960   5.000E-03   1.3420E-05   2.0187E-05   1.2540E-05 / 2.0066E-05   
3970   5.000E-03   1.1186E-05   1.9239E-05   1.0802E-05 / 1.9197E-05   
3980   5.000E-03   1.0441E-05   1.8474E-05   9.6653E-06 / 1.8356E-05   
3990   5.000E-03   1.1410E-05   2.0742E-05   1.0625E-05 / 2.0667E-05   
4000   5.000E-03   1.1548E-05   1.9900E-05   1.1532E-05 / 1.9900E-05   
4010   5.000E-03   2.7891E-05   3.6566E-05   2.7122E-05 / 3.6236E-05   
4020   5.000E-03   1.3434E-05   2.2081E-05   1.2980E-05 / 2.1663E-05   
4030   5.000E-03   1.0222E-05   1.9169E-05   1.0088E-05 / 1.9169E-05   
4040   5.000E-03   1.0417E-05   1.7634E-05   9.8092E-06 / 1.7498E-05   
4050   5.000E-03   8.9367E-06   1.7854E-05   8.6988E-06 / 1.7851E-05   
4060   5.000E-03   1.1721E-05   1.9089E-05   1.0698E-05 / 1.8947E-05   
4070   5.000E-03   3.4583E-05   4.5103E-05   3.4545E-05 / 4.5103E-05   
4080   5.000E-03   1.0608E-05   1.8217E-05   1.0427E-05 / 1.8193E-05   
4090   5.000E-03   6.2743E-05   6.6075E-05   6.2198E-05 / 6.5974E-05   
4100   5.000E-03   1.1652E-05   1.9249E-05   1.1649E-05 / 1.9249E-05   
4110   5.000E-03   9.2201E-06   1.7050E-05   9.0230E-06 / 1.6924E-05   
4120   5.000E-03   8.4220E-06   1.6214E-05   7.6631E-06 / 1.6100E-05   
4130   5.000E-03   9.3661E-06   1.7005E-05   9.0116E-06 / 1.7001E-05   
4140   5.000E-03   9.7758E-06   1.8017E-05   8.8542E-06 / 1.7636E-05   
4150   5.000E-03   9.7414E-06   1.9413E-05   9.6182E-06 / 1.9413E-05   
4160   5.000E-03   1.0099E-05   1.7357E-05   9.1303E-06 / 1.7168E-05   
4170   5.000E-03   8.8918E-06   1.8290E-05   8.6592E-06 / 1.8272E-05   
4180   5.000E-03   1.3201E-05   2.3009E-05   1.3054E-05 / 2.2981E-05   
4190   5.000E-03   9.0241E-06   1.6595E-05   7.7718E-06 / 1.6355E-05   
4200   5.000E-03   5.0968E-05   5.2864E-05   4.9534E-05 / 5.2418E-05   
4210   5.000E-03   8.8111E-06   1.7162E-05   8.5463E-06 / 1.7150E-05   
4220   5.000E-03   9.1572E-06   1.7553E-05   8.1929E-06 / 1.7420E-05   
4230   5.000E-03   1.3413E-05   2.2503E-05   1.3394E-05 / 2.2488E-05   
4240   5.000E-03   1.4956E-05   2.2824E-05   1.4956E-05 / 2.2824E-05   
4250   5.000E-03   8.6959E-06   1.7740E-05   8.4338E-06 / 1.7740E-05   
4260   5.000E-03   2.0561E-05   2.9717E-05   2.0414E-05 / 2.9717E-05   
4270   5.000E-03   8.8048E-06   1.8092E-05   8.1392E-06 / 1.8025E-05   
4280   5.000E-03   8.8551E-06   1.8540E-05   8.1306E-06 / 1.8461E-05   
4290   5.000E-03   1.1411E-05   2.1200E-05   1.1349E-05 / 2.1200E-05   
4300   5.000E-03   1.4068E-05   2.1489E-05   1.4042E-05 / 2.1466E-05   
4310   5.000E-03   8.2938E-06   1.7242E-05   8.0187E-06 / 1.7202E-05   
4320   5.000E-03   8.2218E-06   1.7300E-05   7.8219E-06 / 1.7289E-05   
4330   5.000E-03   2.4607E-05   2.9974E-05   2.4470E-05 / 2.9974E-05   
4340   5.000E-03   1.0239E-05   1.8953E-05   1.0140E-05 / 1.8953E-05   
4350   5.000E-03   8.7338E-06   1.7743E-05   8.3790E-06 / 1.7736E-05   
4360   5.000E-03   1.0219E-05   1.7840E-05   9.5063E-06 / 1.7655E-05   
4370   5.000E-03   9.7547E-06   1.8411E-05   9.0945E-06 / 1.8360E-05   
4380   5.000E-03   1.4011E-05   2.2953E-05   1.3624E-05 / 2.2943E-05   
4390   5.000E-03   8.4402E-06   1.7140E-05   8.3239E-06 / 1.7101E-05   
4400   5.000E-03   2.1684E-05   3.2155E-05   2.1444E-05 / 3.2122E-05   
4410   5.000E-03   1.3930E-05   2.1334E-05   1.3507E-05 / 2.1276E-05   
4420   5.000E-03   7.6964E-05   8.7264E-05   7.6870E-05 / 8.7264E-05   
4430   5.000E-03   8.8283E-06   1.7706E-05   8.5823E-06 / 1.7553E-05   
4440   5.000E-03   7.8507E-06   1.6603E-05   7.4606E-06 / 1.6584E-05   
4450   5.000E-03   9.8109E-06   1.8467E-05   9.0384E-06 / 1.8391E-05   
4460   5.000E-03   8.6876E-06   1.7824E-05   8.5364E-06 / 1.7824E-05   
4470   5.000E-03   8.1627E-06   1.7326E-05   7.5670E-06 / 1.7300E-05   
4480   5.000E-03   1.3231E-05   2.2210E-05   1.2709E-05 / 2.2200E-05   
4490   5.000E-03   1.2068E-05   1.7698E-05   1.1968E-05 / 1.7627E-05   
4500   5.000E-03   8.3542E-06   1.7914E-05   7.8374E-06 / 1.7869E-05   
4510   5.000E-03   1.0124E-05   1.8550E-05   9.7784E-06 / 1.8548E-05   
4520   5.000E-03   1.1734E-05   1.8626E-05   1.0552E-05 / 1.8431E-05   
4530   5.000E-03   1.0267E-05   1.9479E-05   1.0097E-05 / 1.9478E-05   
4540   5.000E-03   1.0499E-05   2.0042E-05   9.8537E-06 / 1.9965E-05   
4550   5.000E-03   8.8836E-06   1.8218E-05   8.6317E-06 / 1.8167E-05   
4560   5.000E-03   8.3286E-06   1.8149E-05   8.1366E-06 / 1.8147E-05   
4570   5.000E-03   1.0763E-05   1.9698E-05   1.0634E-05 / 1.9698E-05   
4580   5.000E-03   8.1275E-06   1.5653E-05   7.1850E-06 / 1.5539E-05   
4590   5.000E-03   7.9920E-06   1.7726E-05   7.8627E-06 / 1.7726E-05   
4600   5.000E-03   9.6541E-06   1.8699E-05   9.5259E-06 / 1.8591E-05   
4610   5.000E-03   8.6942E-06   1.7309E-05   8.1660E-06 / 1.7215E-05   
4620   5.000E-03   1.0022E-05   2.0965E-05   9.6691E-06 / 2.0963E-05   
4630   5.000E-03   1.0591E-05   1.7902E-05   9.9046E-06 / 1.7879E-05   
4640   5.000E-03   1.0014E-05   1.9792E-05   9.8271E-06 / 1.9780E-05   
4650   5.000E-03   1.2944E-05   2.2353E-05   1.2851E-05 / 2.2351E-05   
4660   5.000E-03   1.0913E-05   1.9973E-05   1.0355E-05 / 1.9960E-05   
4670   5.000E-03   9.9783E-06   2.0574E-05   9.4038E-06 / 2.0417E-05   
4680   5.000E-03   8.7505E-06   1.9073E-05   8.7373E-06 / 1.9073E-05   
4690   5.000E-03   7.9617E-06   1.6210E-05   7.4046E-06 / 1.6127E-05   
4700   5.000E-03   9.5313E-06   1.8868E-05   9.3442E-06 / 1.8800E-05   
4710   5.000E-03   3.8307E-05   4.4891E-05   3.7797E-05 / 4.4879E-05   
4720   5.000E-03   9.4264E-06   1.5095E-05   9.0442E-06 / 1.5047E-05   
4730   5.000E-03   9.7826E-06   1.6837E-05   9.7385E-06 / 1.6802E-05   
4740   5.000E-03   1.0008E-05   1.8234E-05   9.9434E-06 / 1.8234E-05   
4750   5.000E-03   9.4235E-06   1.8538E-05   9.4204E-06 / 1.8538E-05   
4760   5.000E-03   7.7514E-06   1.6012E-05   7.4538E-06 / 1.5991E-05   
4770   5.000E-03   7.7479E-06   1.5976E-05   7.1633E-06 / 1.5816E-05   
4780   5.000E-03   8.3639E-06   1.6624E-05   8.1610E-06 / 1.6482E-05   
4790   5.000E-03   8.8477E-06   1.6911E-05   8.1824E-06 / 1.6771E-05   
4800   5.000E-03   1.1096E-05   2.0589E-05   1.0498E-05 / 2.0435E-05   
4810   5.000E-03   1.0216E-05   1.9850E-05   1.0029E-05 / 1.9841E-05   
4820   5.000E-03   1.3395E-05   2.2726E-05   1.1891E-05 / 2.1246E-05   
4830   5.000E-03   7.3251E-06   1.6926E-05   7.0751E-06 / 1.6908E-05   
4840   5.000E-03   1.0380E-05   1.7380E-05   9.8377E-06 / 1.7366E-05   
4850   5.000E-03   8.6241E-06   1.7377E-05   7.6303E-06 / 1.7102E-05   
4860   5.000E-03   8.4816E-06   1.8360E-05   8.4539E-06 / 1.8355E-05   
4870   5.000E-03   8.5435E-06   1.6861E-05   8.0983E-06 / 1.6847E-05   
4880   5.000E-03   1.3087E-05   2.2854E-05   1.2445E-05 / 2.2344E-05   
4890   5.000E-03   8.0357E-06   1.6636E-05   7.7057E-06 / 1.6628E-05   
4900   5.000E-03   9.0496E-06   1.8456E-05   9.0411E-06 / 1.8453E-05   
4910   5.000E-03   1.3751E-05   1.8985E-05   1.3170E-05 / 1.8967E-05   
4920   5.000E-03   8.9148E-06   1.5773E-05   7.8904E-06 / 1.5498E-05   
4930   5.000E-03   7.3435E-06   1.6196E-05   6.9488E-06 / 1.6190E-05   
4940   5.000E-03   9.6664E-06   1.9994E-05   9.3346E-06 / 1.9700E-05   
4950   5.000E-03   1.0255E-05   1.9514E-05   1.0251E-05 / 1.9512E-05   
4960   5.000E-03   2.0028E-05   2.9774E-05   1.9507E-05 / 2.9723E-05   
4970   5.000E-03   8.3566E-06   1.7182E-05   7.9879E-06 / 1.7154E-05   
4980   5.000E-03   8.0506E-06   1.6656E-05   7.5388E-06 / 1.6653E-05   
4990   5.000E-03   7.8959E-06   1.6963E-05   7.7021E-06 / 1.6913E-05   
5000   5.000E-03   1.3238E-05   2.1059E-05   9.8264E-06 / 1.7820E-05   
5010   5.000E-03   8.9423E-06   1.7666E-05   8.3778E-06 / 1.7660E-05   
5020   5.000E-03   8.9401E-06   1.7314E-05   8.8420E-06 / 1.7301E-05   
5030   5.000E-03   8.2364E-06   1.7212E-05   7.5574E-06 / 1.7199E-05   
5040   5.000E-03   8.1514E-06   1.6848E-05   7.6233E-06 / 1.6820E-05   
5050   5.000E-03   1.0690E-05   1.8180E-05   1.0047E-05 / 1.8114E-05   
5060   5.000E-03   8.2393E-05   7.6306E-05   8.1775E-05 / 7.6133E-05   
5070   5.000E-03   8.3036E-06   1.4781E-05   7.6016E-06 / 1.4421E-05   
5080   5.000E-03   7.1589E-06   1.5265E-05   6.6478E-06 / 1.5102E-05   
5090   5.000E-03   8.2926E-06   1.6584E-05   8.2848E-06 / 1.6583E-05   
5100   5.000E-03   8.8828E-06   1.8054E-05   8.4030E-06 / 1.8050E-05   
5110   5.000E-03   7.1048E-06   1.5327E-05   6.8049E-06 / 1.5306E-05   
5120   5.000E-03   8.1787E-06   1.7314E-05   7.9885E-06 / 1.7314E-05   
5130   5.000E-03   8.2959E-06   1.5496E-05   7.5607E-06 / 1.5437E-05   
5140   5.000E-03   8.1757E-06   1.7126E-05   8.0023E-06 / 1.7126E-05   
5150   5.000E-03   9.0086E-06   1.8916E-05   8.8396E-06 / 1.8916E-05   
5160   5.000E-03   7.2022E-06   1.5535E-05   6.7409E-06 / 1.5515E-05   
5170   5.000E-03   8.4385E-06   1.8504E-05   8.4318E-06 / 1.8504E-05   
5180   5.000E-03   1.3967E-05   2.3360E-05   1.3967E-05 / 2.3360E-05   
5190   5.000E-03   7.4911E-06   1.6193E-05   7.3262E-06 / 1.6145E-05   
5200   5.000E-03   7.2930E-06   1.5103E-05   6.6504E-06 / 1.5069E-05   
5210   5.000E-03   7.3579E-06   1.6458E-05   7.0684E-06 / 1.6448E-05   
5220   5.000E-03   7.7554E-06   1.7091E-05   7.5100E-06 / 1.7073E-05   
5230   5.000E-03   1.3075E-05   2.4217E-05   1.2937E-05 / 2.4205E-05   
5240   5.000E-03   9.1472E-06   1.7840E-05   8.4991E-06 / 1.7786E-05   
5250   5.000E-03   7.8653E-06   1.7449E-05   7.5264E-06 / 1.7441E-05   
5260   5.000E-03   2.2940E-05   3.3243E-05   2.2922E-05 / 3.3243E-05   
5270   5.000E-03   7.9709E-06   1.6974E-05   7.6530E-06 / 1.6702E-05   
5280   5.000E-03   2.0968E-05   3.1164E-05   2.0779E-05 / 3.1164E-05   
5290   5.000E-03   1.0357E-05   1.8368E-05   9.9706E-06 / 1.8358E-05   
5300   5.000E-03   8.8192E-06   1.7077E-05   8.6629E-06 / 1.7077E-05   
5310   5.000E-03   1.1221E-05   1.8210E-05   1.1032E-05 / 1.8177E-05   
5320   5.000E-03   8.5285E-06   1.5819E-05   7.5991E-06 / 1.5760E-05   
5330   5.000E-03   8.3996E-06   1.9372E-05   8.0787E-06 / 1.9110E-05   
5340   5.000E-03   7.8264E-06   1.6994E-05   6.8852E-06 / 1.6410E-05   
5350   5.000E-03   8.5427E-06   1.6482E-05   8.5345E-06 / 1.6482E-05   
5360   5.000E-03   2.9146E-05   3.1642E-05   2.8753E-05 / 3.1641E-05   
5370   5.000E-03   9.9992E-06   1.9386E-05   9.9992E-06 / 1.9386E-05   
5380   5.000E-03   1.3611E-05   2.1796E-05   1.3434E-05 / 2.1679E-05   
5390   5.000E-03   7.0393E-06   1.5118E-05   6.2972E-06 / 1.5066E-05   
5400   5.000E-03   6.8565E-06   1.5486E-05   6.4227E-06 / 1.5427E-05   
5410   5.000E-03   6.9903E-06   1.5351E-05   6.3302E-06 / 1.5309E-05   
5420   5.000E-03   8.0831E-06   1.6693E-05   8.0119E-06 / 1.6693E-05   
5430   5.000E-03   7.4780E-06   1.6954E-05   7.1864E-06 / 1.6954E-05   
5440   5.000E-03   7.9666E-06   1.4483E-05   6.8184E-06 / 1.4339E-05   
5450   5.000E-03   7.7292E-06   1.8065E-05   7.5731E-06 / 1.8065E-05   
5460   5.000E-03   1.0500E-05   2.2444E-05   1.0326E-05 / 2.2441E-05   
5470   5.000E-03   2.4820E-05   3.4508E-05   2.3959E-05 / 3.4384E-05   
5480   5.000E-03   9.8173E-06   1.7503E-05   9.7285E-06 / 1.7503E-05   
5490   5.000E-03   6.9512E-06   1.6564E-05   6.8800E-06 / 1.6556E-05   
5500   5.000E-03   1.0148E-05   1.9036E-05   1.0146E-05 / 1.9036E-05   
5510   5.000E-03   7.1807E-06   1.5468E-05   6.2080E-06 / 1.5404E-05   
5520   5.000E-03   9.1407E-06   1.9518E-05   9.1401E-06 / 1.9518E-05   
5530   5.000E-03   6.6975E-06   1.5740E-05   6.1182E-06 / 1.5705E-05   
5540   5.000E-03   7.8232E-06   1.6147E-05   7.2858E-06 / 1.6141E-05   
5550   5.000E-03   8.9273E-06   1.8439E-05   8.9238E-06 / 1.8439E-05   
5560   5.000E-03   7.1359E-06   1.7001E-05   7.0702E-06 / 1.7001E-05   
5570   5.000E-03   9.3724E-06   1.8106E-05   9.3530E-06 / 1.8106E-05   
5580   5.000E-03   8.2111E-06   1.6830E-05   7.7051E-06 / 1.6803E-05   
5590   5.000E-03   2.7762E-04   2.5203E-04   2.1015E-04 / 1.9289E-04   
5600   5.000E-03   9.5501E-06   1.5170E-05   8.2548E-06 / 1.4896E-05   
5610   5.000E-03   7.1175E-06   1.4575E-05   6.7819E-06 / 1.4480E-05   
5620   5.000E-03   7.3808E-06   1.5659E-05   7.2176E-06 / 1.5659E-05   
5630   5.000E-03   6.4278E-06   1.5136E-05   6.0949E-06 / 1.5135E-05   
5640   5.000E-03   6.7462E-06   1.5727E-05   6.3893E-06 / 1.5561E-05   
5650   5.000E-03   7.3505E-06   1.6478E-05   7.2737E-06 / 1.6477E-05   
5660   5.000E-03   1.1417E-05   1.8630E-05   1.0589E-05 / 1.8587E-05   
5670   5.000E-03   6.6210E-06   1.5133E-05   6.1651E-06 / 1.5122E-05   
5680   5.000E-03   7.1019E-06   1.5962E-05   6.5499E-06 / 1.5944E-05   
5690   5.000E-03   7.0789E-06   1.5900E-05   6.8994E-06 / 1.5868E-05   
5700   5.000E-03   6.7310E-06   1.6259E-05   6.5706E-06 / 1.6259E-05   
5710   5.000E-03   6.9703E-06   1.6687E-05   6.4190E-06 / 1.6681E-05   
5720   5.000E-03   6.3134E-06   1.5480E-05   5.8941E-06 / 1.5455E-05   
5730   5.000E-03   8.6757E-06   1.6960E-05   7.8860E-06 / 1.6926E-05   
5740   5.000E-03   7.8903E-06   1.6942E-05   7.8656E-06 / 1.6942E-05   
5750   5.000E-03   7.4505E-06   1.7076E-05   7.3412E-06 / 1.7076E-05   
5760   5.000E-03   1.0876E-05   1.9258E-05   9.9439E-06 / 1.9200E-05   
5770   5.000E-03   7.1934E-06   1.5401E-05   6.5591E-06 / 1.5384E-05   
5780   5.000E-03   9.2777E-06   1.6923E-05   9.0148E-06 / 1.6915E-05   
5790   5.000E-03   6.9636E-06   1.5958E-05   6.5596E-06 / 1.5830E-05   
5800   5.000E-03   7.7521E-06   1.8023E-05   7.6894E-06 / 1.8023E-05   
5810   5.000E-03   7.0719E-06   1.6874E-05   6.6940E-06 / 1.6627E-05   
5820   5.000E-03   8.4187E-06   1.7679E-05   8.4123E-06 / 1.7679E-05   
5830   5.000E-03   7.3997E-06   1.5542E-05   6.7570E-06 / 1.5514E-05   
5840   5.000E-03   7.2164E-06   1.6113E-05   6.9844E-06 / 1.6054E-05   
5850   5.000E-03   1.2385E-05   2.2302E-05   1.1856E-05 / 2.1834E-05   
5860   5.000E-03   1.1000E-05   1.7607E-05   1.0551E-05 / 1.7477E-05   
5870   5.000E-03   8.0980E-06   1.7575E-05   8.0951E-06 / 1.7575E-05   
5880   5.000E-03   7.3205E-06   1.6875E-05   7.2673E-06 / 1.6875E-05   
5890   5.000E-03   9.5556E-06   1.9211E-05   9.0748E-06 / 1.9135E-05   
5900   5.000E-03   9.1688E-06   1.8183E-05   8.6544E-06 / 1.8174E-05   
5910   5.000E-03   7.0543E-06   1.5853E-05   6.1779E-06 / 1.5755E-05   
5920   5.000E-03   9.4424E-06   2.1664E-05   9.0758E-06 / 2.1549E-05   
5930   5.000E-03   1.3677E-05   2.3429E-05   1.3379E-05 / 2.3429E-05   
5940   5.000E-03   6.6025E-06   1.6055E-05   6.2411E-06 / 1.6054E-05   
5950   5.000E-03   6.8376E-06   1.5556E-05   6.7320E-06 / 1.5556E-05   
5960   5.000E-03   6.9023E-06   1.6887E-05   6.8720E-06 / 1.6887E-05   
5970   5.000E-03   1.4347E-05   2.2606E-05   1.1251E-05 / 2.0275E-05   
5980   5.000E-03   9.7024E-06   2.0013E-05   9.7024E-06 / 2.0013E-05   
5990   5.000E-03   7.9126E-06   1.8528E-05   7.7134E-06 / 1.8336E-05   
6000   5.000E-03   7.6340E-06   1.7436E-05   6.1758E-06 / 1.7142E-05   
===============================================================================================================
Saved model to /home/nikki/kan/kanTBNN/models/multi_run/kan_experiment_6/kanTBNN-24Nov03_17:34:48.pickle
