========== Dataset info ==========
Dataset params: {'file': '/home/nikki/kan/data/turbulence_dataset_clean.csv', 'Cases': ['fp_1000', 'fp_1410', 'fp_2000', 'fp_2540', 'fp_3030', 'fp_3270', 'fp_3630', 'fp_3970', 'fp_4060'], 'val_set': ['fp_3030', 'fp_1410', 'fp_4060'], 'test_set': ['fp_3630'], 'data_loader': <class 'tbnn.dataloaders.aDataset'>}
Train/Valid/Test points: 760 / 468 / 168
Memorization?: False
Cluster training?: False
EPOCH     LR        TRAIN         VALID             MSE:T/V                  RL:T/V             %NR_t/%NR_v
===============================================================================================================
  1   8.141E-03   1.5461E-01   1.5197E-01   1.5456E-01 / 1.5192E-01   
 10   8.141E-03   2.3143E-03   2.1205E-03   2.3135E-03 / 2.1201E-03   
 20   8.141E-03   1.3141E-03   1.2442E-03   1.3140E-03 / 1.2441E-03   
 30   8.141E-03   8.3197E-04   7.9949E-04   8.3196E-04 / 7.9949E-04   
 40   8.141E-03   6.0418E-04   5.8229E-04   6.0326E-04 / 5.8168E-04   
 50   8.141E-03   4.9135E-04   4.7330E-04   4.9135E-04 / 4.7330E-04   
 60   8.141E-03   4.0366E-04   3.9066E-04   4.0360E-04 / 3.9066E-04   
 70   8.141E-03   3.5062E-04   3.4755E-04   3.4864E-04 / 3.4548E-04   
 80   8.141E-03   3.0288E-04   3.0356E-04   3.0288E-04 / 3.0356E-04   
 90   8.141E-03   2.6889E-04   2.7674E-04   2.6836E-04 / 2.7625E-04   
100   8.141E-03   2.4184E-04   2.5126E-04   2.4184E-04 / 2.5126E-04   
110   8.141E-03   2.1971E-04   2.3143E-04   2.1971E-04 / 2.3143E-04   
120   8.141E-03   2.0113E-04   2.1315E-04   2.0112E-04 / 2.1314E-04   
130   8.141E-03   2.1475E-04   2.3008E-04   2.0091E-04 / 2.1692E-04   
140   8.141E-03   1.7333E-04   1.8771E-04   1.7303E-04 / 1.8739E-04   
150   8.141E-03   1.6478E-04   1.7723E-04   1.6473E-04 / 1.7716E-04   
160   8.141E-03   1.5543E-04   1.7005E-04   1.5536E-04 / 1.6998E-04   
170   8.141E-03   1.4301E-04   1.5883E-04   1.4300E-04 / 1.5882E-04   
180   8.141E-03   1.3552E-04   1.5120E-04   1.3552E-04 / 1.5120E-04   
190   8.141E-03   1.3245E-04   1.4747E-04   1.3245E-04 / 1.4746E-04   
200   8.141E-03   1.2351E-04   1.3737E-04   1.2351E-04 / 1.3736E-04   
210   8.141E-03   1.5364E-04   1.6513E-04   1.5364E-04 / 1.6513E-04   
220   8.141E-03   1.1470E-04   1.2594E-04   1.1442E-04 / 1.2567E-04   
230   8.141E-03   1.0687E-04   1.2187E-04   1.0687E-04 / 1.2187E-04   
240   8.141E-03   1.0139E-04   1.1427E-04   1.0139E-04 / 1.1427E-04   
250   8.141E-03   9.9378E-05   1.1267E-04   9.9378E-05 / 1.1267E-04   
260   8.141E-03   9.6154E-05   1.0890E-04   9.6154E-05 / 1.0890E-04   
270   8.141E-03   8.9119E-05   1.0246E-04   8.9117E-05 / 1.0246E-04   
280   8.141E-03   8.7767E-05   1.0062E-04   8.7560E-05 / 1.0041E-04   
290   8.141E-03   8.7624E-05   9.8086E-05   8.7493E-05 / 9.7908E-05   
300   8.141E-03   9.0408E-05   9.8566E-05   9.0408E-05 / 9.8566E-05   
310   8.141E-03   7.7745E-05   8.9563E-05   7.7630E-05 / 8.9404E-05   
320   8.141E-03   7.7362E-05   9.2063E-05   7.7362E-05 / 9.2063E-05   
330   8.141E-03   7.7790E-05   9.3216E-05   7.7790E-05 / 9.3216E-05   
340   8.141E-03   7.0184E-05   8.4856E-05   7.0184E-05 / 8.4856E-05   
350   8.141E-03   7.0566E-05   8.1470E-05   7.0508E-05 / 8.1420E-05   
360   8.141E-03   6.9495E-05   8.1339E-05   6.8981E-05 / 8.0841E-05   
370   8.141E-03   6.8108E-05   8.0355E-05   6.8076E-05 / 8.0327E-05   
380   8.141E-03   6.2421E-05   7.3821E-05   6.2416E-05 / 7.3814E-05   
390   8.141E-03   7.0568E-05   8.3579E-05   7.0568E-05 / 8.3579E-05   
400   8.141E-03   8.5090E-05   9.6353E-05   8.2751E-05 / 9.4213E-05   
410   8.141E-03   5.7482E-05   6.9955E-05   5.7413E-05 / 6.9898E-05   
420   8.141E-03   5.8308E-05   6.7362E-05   5.8276E-05 / 6.7347E-05   
430   8.141E-03   6.2089E-05   7.5541E-05   6.1884E-05 / 7.5386E-05   
440   8.141E-03   6.1239E-05   7.2233E-05   6.1239E-05 / 7.2233E-05   
450   8.141E-03   5.6987E-05   7.0387E-05   5.6889E-05 / 7.0276E-05   
460   8.141E-03   5.3193E-05   6.3344E-05   5.3190E-05 / 6.3339E-05   
470   8.141E-03   5.1657E-05   6.5238E-05   5.1655E-05 / 6.5236E-05   
480   8.141E-03   5.4107E-05   6.3357E-05   5.3765E-05 / 6.3195E-05   
490   8.141E-03   5.9489E-05   6.7845E-05   5.9489E-05 / 6.7845E-05   
500   8.141E-03   4.9338E-05   6.2125E-05   4.9338E-05 / 6.2125E-05   
510   8.141E-03   4.4859E-05   5.9163E-05   4.4850E-05 / 5.9160E-05   
520   8.141E-03   3.9401E-05   5.2420E-05   3.9401E-05 / 5.2420E-05   
530   8.141E-03   5.5558E-05   6.7459E-05   5.3761E-05 / 6.5814E-05   
540   8.141E-03   3.9611E-05   5.5513E-05   3.9565E-05 / 5.5498E-05   
550   8.141E-03   4.4071E-05   5.5271E-05   4.4071E-05 / 5.5271E-05   
560   8.141E-03   4.7014E-05   5.7968E-05   4.7002E-05 / 5.7967E-05   
570   8.141E-03   3.9582E-05   4.8962E-05   3.8913E-05 / 4.8305E-05   
580   8.141E-03   3.5245E-05   4.5983E-05   3.5147E-05 / 4.5875E-05   
590   8.141E-03   3.3450E-05   4.4935E-05   3.3264E-05 / 4.4763E-05   
600   8.141E-03   3.4388E-05   4.6442E-05   3.4366E-05 / 4.6414E-05   
610   8.141E-03   3.2987E-05   4.2544E-05   3.2980E-05 / 4.2537E-05   
620   8.141E-03   3.1497E-05   4.3104E-05   3.1474E-05 / 4.3085E-05   
630   8.141E-03   3.8137E-05   4.9446E-05   3.8137E-05 / 4.9446E-05   
640   8.141E-03   3.2571E-05   4.2735E-05   3.2571E-05 / 4.2735E-05   
650   8.141E-03   3.2370E-05   4.5613E-05   3.2348E-05 / 4.5595E-05   
660   8.141E-03   3.0166E-05   4.3596E-05   2.9964E-05 / 4.3393E-05   
670   8.141E-03   3.4369E-05   4.8031E-05   3.4368E-05 / 4.8031E-05   
680   8.141E-03   3.2199E-05   4.6114E-05   3.2179E-05 / 4.6113E-05   
690   8.141E-03   2.8223E-05   4.0856E-05   2.7729E-05 / 4.0333E-05   
700   8.141E-03   2.8219E-05   4.5129E-05   2.8219E-05 / 4.5129E-05   
710   8.141E-03   2.5708E-05   4.0280E-05   2.5702E-05 / 4.0269E-05   
720   8.141E-03   2.6434E-05   4.1542E-05   2.6404E-05 / 4.1497E-05   
730   8.141E-03   3.1390E-05   4.2778E-05   3.1302E-05 / 4.2674E-05   
740   8.141E-03   3.2341E-05   4.6530E-05   3.2326E-05 / 4.6526E-05   
750   8.141E-03   2.4816E-05   3.8225E-05   2.4814E-05 / 3.8225E-05   
760   8.141E-03   2.5497E-05   4.2413E-05   2.5188E-05 / 4.2111E-05   
770   8.141E-03   2.9820E-05   4.8678E-05   2.9820E-05 / 4.8678E-05   
780   8.141E-03   2.9004E-05   3.9464E-05   2.8657E-05 / 3.9136E-05   
790   8.141E-03   2.5676E-05   3.9202E-05   2.5658E-05 / 3.9196E-05   
800   8.141E-03   2.3616E-05   3.8730E-05   2.2624E-05 / 3.7841E-05   
810   8.141E-03   2.4680E-05   3.9550E-05   2.3948E-05 / 3.8908E-05   
820   8.141E-03   4.3702E-05   6.3325E-05   4.3702E-05 / 6.3325E-05   
830   8.141E-03   2.4062E-05   3.9306E-05   2.3928E-05 / 3.9186E-05   
840   8.141E-03   2.2312E-05   3.6850E-05   2.1182E-05 / 3.5797E-05   
850   8.141E-03   2.3959E-05   4.0357E-05   2.3959E-05 / 4.0357E-05   
860   8.141E-03   2.2061E-05   3.6096E-05   2.2037E-05 / 3.6089E-05   
870   8.141E-03   2.0786E-05   3.6847E-05   2.0779E-05 / 3.6847E-05   
880   8.141E-03   2.8795E-05   4.1939E-05   2.7584E-05 / 4.1288E-05   
890   8.141E-03   2.3085E-05   3.8135E-05   2.3067E-05 / 3.8131E-05   
900   8.141E-03   2.6030E-05   3.8387E-05   2.5491E-05 / 3.7914E-05   
910   8.141E-03   4.0637E-05   5.6575E-05   4.0191E-05 / 5.6217E-05   
920   8.141E-03   2.0636E-05   3.7270E-05   2.0233E-05 / 3.6923E-05   
930   8.141E-03   2.4192E-05   4.0489E-05   2.4104E-05 / 4.0465E-05   
940   8.141E-03   3.8981E-05   5.0257E-05   3.1291E-05 / 4.2956E-05   
950   8.141E-03   1.9655E-05   3.3415E-05   1.8998E-05 / 3.2851E-05   
960   8.141E-03   1.7527E-05   3.1919E-05   1.7466E-05 / 3.1885E-05   
970   8.141E-03   1.9030E-05   3.2652E-05   1.9009E-05 / 3.2651E-05   
980   8.141E-03   1.8866E-05   3.1945E-05   1.8866E-05 / 3.1945E-05   
990   8.141E-03   1.9619E-05   3.2635E-05   1.9583E-05 / 3.2619E-05   
1000   8.141E-03   1.9877E-05   3.3896E-05   1.9877E-05 / 3.3896E-05   
1010   8.141E-03   1.9778E-05   3.2826E-05   1.9769E-05 / 3.2825E-05   
1020   8.141E-03   2.0102E-05   3.5826E-05   2.0094E-05 / 3.5826E-05   
1030   8.141E-03   2.3023E-05   3.4075E-05   2.2598E-05 / 3.3727E-05   
1040   8.141E-03   1.7765E-05   3.1133E-05   1.7746E-05 / 3.1120E-05   
1050   8.141E-03   1.7895E-05   3.1418E-05   1.7895E-05 / 3.1418E-05   
1060   8.141E-03   2.5457E-05   4.2927E-05   2.5457E-05 / 4.2927E-05   
1070   8.141E-03   3.8072E-05   4.2427E-05   3.7739E-05 / 4.2145E-05   
1080   8.141E-03   1.5675E-05   2.8281E-05   1.5578E-05 / 2.8211E-05   
1090   8.141E-03   1.5061E-05   2.7687E-05   1.5002E-05 / 2.7662E-05   
1100   8.141E-03   1.4253E-05   2.7809E-05   1.4250E-05 / 2.7809E-05   
1110   8.141E-03   1.5053E-05   2.5936E-05   1.5053E-05 / 2.5936E-05   
1120   8.141E-03   2.7514E-05   4.0830E-05   2.6927E-05 / 4.0379E-05   
1130   8.141E-03   2.9801E-05   4.0571E-05   2.4398E-05 / 3.5780E-05   
1140   8.141E-03   1.6422E-05   2.9993E-05   1.6409E-05 / 2.9988E-05   
1150   8.141E-03   1.4757E-05   2.8442E-05   1.4756E-05 / 2.8441E-05   
1160   8.141E-03   1.4944E-05   2.6267E-05   1.4914E-05 / 2.6253E-05   
1170   8.141E-03   1.3296E-05   2.5625E-05   1.3285E-05 / 2.5623E-05   
1180   8.141E-03   2.0572E-05   3.3422E-05   2.0572E-05 / 3.3422E-05   
1190   8.141E-03   1.4057E-05   2.6334E-05   1.4048E-05 / 2.6331E-05   
1200   8.141E-03   2.7452E-05   3.8250E-05   2.7202E-05 / 3.8095E-05   
1210   8.141E-03   1.4569E-05   2.5045E-05   1.4568E-05 / 2.5045E-05   
1220   8.141E-03   1.4513E-05   2.9094E-05   1.4478E-05 / 2.9090E-05   
1230   8.141E-03   1.4234E-05   2.6322E-05   1.4226E-05 / 2.6322E-05   
1240   8.141E-03   1.1802E-05   2.2224E-05   1.1762E-05 / 2.2207E-05   
1250   8.141E-03   1.2296E-05   2.3877E-05   1.1966E-05 / 2.3669E-05   
1260   8.141E-03   1.8671E-05   3.3358E-05   1.8640E-05 / 3.3352E-05   
1270   8.141E-03   1.4201E-05   2.7044E-05   1.4087E-05 / 2.6977E-05   
1280   8.141E-03   2.0398E-05   2.9902E-05   1.9748E-05 / 2.9646E-05   
1290   8.141E-03   1.7183E-05   3.0498E-05   1.7183E-05 / 3.0498E-05   
1300   8.141E-03   1.9937E-05   3.2444E-05   1.9934E-05 / 3.2443E-05   
1310   8.141E-03   1.2118E-05   2.1714E-05   1.1879E-05 / 2.1551E-05   
1320   8.141E-03   1.2344E-05   2.3532E-05   1.2344E-05 / 2.3532E-05   
1330   8.141E-03   1.0928E-05   2.1841E-05   1.0867E-05 / 2.1807E-05   
1340   8.141E-03   1.1442E-05   2.0765E-05   1.1251E-05 / 2.0664E-05   
1350   8.141E-03   1.3731E-05   2.3984E-05   1.3728E-05 / 2.3984E-05   
1360   8.141E-03   1.0758E-05   2.2261E-05   1.0733E-05 / 2.2249E-05   
1370   8.141E-03   1.0808E-05   2.2640E-05   1.0624E-05 / 2.2516E-05   
1380   8.141E-03   1.0286E-05   2.1099E-05   1.0242E-05 / 2.1075E-05   
1390   8.141E-03   1.2296E-05   2.4975E-05   1.2182E-05 / 2.4894E-05   
1400   8.141E-03   1.5027E-05   2.5787E-05   1.4871E-05 / 2.5702E-05   
1410   8.141E-03   1.1538E-05   2.1577E-05   1.1476E-05 / 2.1532E-05   
1420   8.141E-03   1.3301E-05   2.7868E-05   1.3230E-05 / 2.7835E-05   
1430   8.141E-03   1.2297E-05   2.4797E-05   1.1833E-05 / 2.4512E-05   
1440   8.141E-03   1.4647E-05   2.4048E-05   1.4016E-05 / 2.3636E-05   
1450   8.141E-03   1.5980E-05   2.7022E-05   1.5914E-05 / 2.6992E-05   
1460   8.141E-03   1.2670E-05   2.5977E-05   1.2623E-05 / 2.5944E-05   
1470   8.141E-03   9.5131E-06   2.1117E-05   9.4848E-06 / 2.1109E-05   
1480   8.141E-03   1.0030E-05   1.9742E-05   9.9832E-06 / 1.9729E-05   
1490   8.141E-03   9.8434E-06   2.0055E-05   9.8434E-06 / 2.0055E-05   
1500   8.141E-03   1.0119E-05   2.0643E-05   1.0045E-05 / 2.0629E-05   
1510   8.141E-03   1.3047E-05   2.4574E-05   1.2729E-05 / 2.4390E-05   
1520   8.141E-03   1.3981E-05   2.3909E-05   1.3981E-05 / 2.3909E-05   
1530   8.141E-03   1.0518E-05   2.1485E-05   1.0409E-05 / 2.1419E-05   
1540   8.141E-03   9.6367E-06   1.9798E-05   9.2321E-06 / 1.9595E-05   
1550   8.141E-03   1.3129E-05   2.2555E-05   1.3092E-05 / 2.2553E-05   
1560   8.141E-03   9.3295E-06   1.8390E-05   9.1358E-06 / 1.8337E-05   
1570   8.141E-03   8.5343E-06   1.8180E-05   8.4454E-06 / 1.8156E-05   
1580   8.141E-03   1.1437E-05   2.2753E-05   1.1109E-05 / 2.2536E-05   
1590   8.141E-03   1.6813E-05   2.7793E-05   1.6652E-05 / 2.7750E-05   
1600   8.141E-03   1.0817E-05   2.2613E-05   1.0741E-05 / 2.2597E-05   
1610   8.141E-03   1.5686E-05   2.6655E-05   1.5686E-05 / 2.6653E-05   
1620   8.141E-03   1.3426E-05   2.6523E-05   1.3426E-05 / 2.6523E-05   
1630   8.141E-03   8.1468E-06   1.8579E-05   7.9596E-06 / 1.8501E-05   
1640   8.141E-03   9.3040E-06   2.0064E-05   9.2801E-06 / 2.0061E-05   
1650   8.141E-03   9.0257E-06   1.8054E-05   8.4721E-06 / 1.7727E-05   
1660   8.141E-03   1.2291E-05   2.1176E-05   1.2087E-05 / 2.1061E-05   
1670   8.141E-03   7.8762E-06   1.8344E-05   7.8158E-06 / 1.8329E-05   
1680   8.141E-03   7.7073E-06   1.8330E-05   7.5982E-06 / 1.8294E-05   
1690   8.141E-03   1.0877E-05   2.0020E-05   8.8146E-06 / 1.8421E-05   
1700   8.141E-03   9.0586E-06   1.8773E-05   8.9527E-06 / 1.8734E-05   
1710   8.141E-03   1.1538E-05   2.4093E-05   1.1446E-05 / 2.4069E-05   
1720   8.141E-03   8.8549E-06   1.9225E-05   8.7230E-06 / 1.9184E-05   
1730   8.141E-03   1.1828E-05   2.3790E-05   1.1769E-05 / 2.3784E-05   
1740   8.141E-03   8.0310E-06   1.8209E-05   7.8201E-06 / 1.8074E-05   
1750   8.141E-03   1.4207E-05   2.4118E-05   1.3758E-05 / 2.3664E-05   
1760   8.141E-03   8.9691E-06   1.7890E-05   8.8228E-06 / 1.7801E-05   
1770   8.141E-03   9.9515E-06   1.9336E-05   9.8405E-06 / 1.9279E-05   
1780   8.141E-03   1.0592E-05   1.8764E-05   1.0250E-05 / 1.8614E-05   
1790   8.141E-03   6.9921E-06   1.6724E-05   6.9524E-06 / 1.6719E-05   
1800   8.141E-03   1.1808E-05   2.2551E-05   1.1808E-05 / 2.2551E-05   
1810   8.141E-03   8.8456E-06   2.0541E-05   8.8082E-06 / 2.0525E-05   
1820   8.141E-03   1.0287E-05   1.7935E-05   1.0251E-05 / 1.7922E-05   
1830   8.141E-03   9.3723E-06   2.0423E-05   9.3723E-06 / 2.0423E-05   
1840   8.141E-03   9.2647E-06   2.0189E-05   9.2492E-06 / 2.0180E-05   
1850   8.141E-03   1.1404E-05   2.2861E-05   1.1321E-05 / 2.2822E-05   
1860   8.141E-03   9.9529E-06   2.1122E-05   9.9461E-06 / 2.1118E-05   
1870   8.141E-03   1.0371E-05   2.1382E-05   1.0371E-05 / 2.1382E-05   
1880   8.141E-03   9.0514E-06   1.9734E-05   8.9643E-06 / 1.9700E-05   
1890   8.141E-03   1.5130E-05   2.7293E-05   1.5001E-05 / 2.7207E-05   
1900   8.141E-03   8.3358E-06   1.7884E-05   8.1798E-06 / 1.7799E-05   
1910   8.141E-03   7.2217E-06   1.8441E-05   6.7220E-06 / 1.8105E-05   
1920   8.141E-03   9.2257E-06   1.6959E-05   9.2257E-06 / 1.6959E-05   
1930   8.141E-03   6.9492E-06   1.6349E-05   6.5800E-06 / 1.6109E-05   
1940   8.141E-03   7.3707E-06   1.8425E-05   7.3410E-06 / 1.8422E-05   
1950   8.141E-03   9.0799E-06   1.8553E-05   8.4688E-06 / 1.8082E-05   
1960   8.141E-03   2.5240E-05   3.6589E-05   2.5150E-05 / 3.6534E-05   
1970   8.141E-03   6.9970E-06   1.5174E-05   6.9157E-06 / 1.5128E-05   
1980   8.141E-03   9.1442E-06   1.8161E-05   9.1434E-06 / 1.8161E-05   
1990   8.141E-03   9.2301E-06   1.6769E-05   9.1727E-06 / 1.6742E-05   
2000   8.141E-03   7.8203E-06   1.9805E-05   7.8020E-06 / 1.9802E-05   
2010   8.141E-03   1.0794E-05   2.2569E-05   1.0679E-05 / 2.2524E-05   
2020   8.141E-03   2.0896E-05   2.9898E-05   2.0895E-05 / 2.9898E-05   
2030   8.141E-03   7.1803E-06   1.6595E-05   7.1545E-06 / 1.6592E-05   
2040   8.141E-03   6.7740E-06   1.7492E-05   6.7709E-06 / 1.7492E-05   
2050   8.141E-03   6.6531E-06   1.4733E-05   6.3802E-06 / 1.4595E-05   
2060   8.141E-03   6.8146E-06   1.6506E-05   6.8131E-06 / 1.6506E-05   
2070   8.141E-03   6.5257E-06   1.7449E-05   6.3783E-06 / 1.7371E-05   
2080   8.141E-03   1.1043E-05   1.9641E-05   1.1035E-05 / 1.9635E-05   
2090   8.141E-03   8.6295E-06   2.0045E-05   8.5944E-06 / 2.0031E-05   
2100   8.141E-03   8.8157E-06   1.8194E-05   8.4876E-06 / 1.8069E-05   
2110   8.141E-03   8.7281E-06   1.8188E-05   8.7281E-06 / 1.8188E-05   
2120   8.141E-03   8.4423E-06   1.7072E-05   8.1193E-06 / 1.6868E-05   
2130   8.141E-03   2.2136E-05   3.4176E-05   2.1822E-05 / 3.4025E-05   
2140   8.141E-03   1.2621E-05   2.0109E-05   1.2554E-05 / 2.0078E-05   
2150   8.141E-03   6.0385E-06   1.5697E-05   5.8968E-06 / 1.5628E-05   
2160   8.141E-03   6.1621E-06   1.6696E-05   6.1274E-06 / 1.6688E-05   
2170   8.141E-03   7.5878E-06   1.7407E-05   7.5877E-06 / 1.7407E-05   
2180   8.141E-03   7.6297E-06   1.9115E-05   7.6169E-06 / 1.9113E-05   
2190   8.141E-03   7.3514E-06   1.5834E-05   7.1247E-06 / 1.5753E-05   
2200   8.141E-03   7.6275E-06   1.7610E-05   7.6194E-06 / 1.7610E-05   
2210   8.141E-03   1.2849E-05   1.8069E-05   1.2529E-05 / 1.7907E-05   
2220   8.141E-03   9.1158E-06   1.5640E-05   9.1147E-06 / 1.5640E-05   
2230   8.141E-03   8.0200E-06   1.7577E-05   8.0186E-06 / 1.7577E-05   
2235   8.141E-03   8.1845E-06   1.6416E-05   8.1794E-06 / 1.6416E-05   
BEST MODEL
===============================================================================================================
1972   8.141E-03   6.9550E-06   1.4198E-05   6.9434E-06 / 1.4194E-05   
===============================================================================================================
Saved model to /home/nikki/kan/kanTBNN/models/multi_run/kan_experiment_90_opt/kanTBNN-24Nov06_21:50:51.pickle
