========== Dataset info ==========
Dataset params: {'file': '/home/nikki/kan/data/turbulence_dataset_clean.csv', 'Cases': ['fp_1000', 'fp_1410', 'fp_2000', 'fp_2540', 'fp_3030', 'fp_3270', 'fp_3630', 'fp_3970', 'fp_4060'], 'val_set': ['fp_3030', 'fp_1410', 'fp_4060'], 'test_set': ['fp_3630'], 'data_loader': <class 'tbnn.dataloaders.aDataset'>}
Train/Valid/Test points: 760 / 468 / 168
Memorization?: False
Cluster training?: False
EPOCH     LR        TRAIN         VALID             MSE:T/V                  RL:T/V             %NR_t/%NR_v
===============================================================================================================
  1   1.000E-03   1.9416E-01   1.9088E-01   1.9416E-01 / 1.9088E-01   
 10   1.000E-03   8.4159E-02   8.1184E-02   8.4159E-02 / 8.1184E-02   
 20   1.000E-03   3.6411E-02   3.4814E-02   3.6411E-02 / 3.4814E-02   
 30   1.000E-03   1.7663E-02   1.6739E-02   1.7615E-02 / 1.6688E-02   
 40   1.000E-03   1.0605E-02   1.0021E-02   1.0423E-02 / 9.8393E-03   
 50   1.000E-03   7.5721E-03   7.1454E-03   7.4901E-03 / 7.0641E-03   
 60   1.000E-03   5.5796E-03   5.2685E-03   5.5434E-03 / 5.2332E-03   
 70   1.000E-03   4.1000E-03   3.8802E-03   4.0808E-03 / 3.8620E-03   
 80   1.000E-03   3.1577E-03   3.0003E-03   3.1513E-03 / 2.9946E-03   
 90   1.000E-03   2.5933E-03   2.4741E-03   2.5903E-03 / 2.4716E-03   
100   1.000E-03   2.2469E-03   2.1477E-03   2.2386E-03 / 2.1390E-03   
110   1.000E-03   2.0030E-03   1.9147E-03   1.9934E-03 / 1.9043E-03   
120   1.000E-03   1.8162E-03   1.7352E-03   1.8073E-03 / 1.7257E-03   
130   1.000E-03   1.6697E-03   1.5949E-03   1.6630E-03 / 1.5876E-03   
140   1.000E-03   1.5501E-03   1.4800E-03   1.5450E-03 / 1.4744E-03   
150   1.000E-03   1.4510E-03   1.3860E-03   1.4461E-03 / 1.3807E-03   
160   1.000E-03   1.3674E-03   1.3073E-03   1.3622E-03 / 1.3018E-03   
170   1.000E-03   1.2959E-03   1.2400E-03   1.2909E-03 / 1.2346E-03   
180   1.000E-03   1.2332E-03   1.1794E-03   1.2283E-03 / 1.1741E-03   
190   1.000E-03   1.1777E-03   1.1274E-03   1.1731E-03 / 1.1225E-03   
200   1.000E-03   1.1281E-03   1.0800E-03   1.1235E-03 / 1.0751E-03   
210   1.000E-03   1.0828E-03   1.0373E-03   1.0786E-03 / 1.0329E-03   
220   1.000E-03   1.0417E-03   9.9820E-04   1.0378E-03 / 9.9408E-04   
230   1.000E-03   1.0031E-03   9.6109E-04   9.9942E-04 / 9.5722E-04   
240   1.000E-03   9.6770E-04   9.2722E-04   9.6416E-04 / 9.2351E-04   
250   1.000E-03   9.3493E-04   8.9673E-04   9.3126E-04 / 8.9289E-04   
260   1.000E-03   9.0470E-04   8.6724E-04   9.0139E-04 / 8.6376E-04   
270   1.000E-03   8.7716E-04   8.4024E-04   8.7371E-04 / 8.3663E-04   
280   1.000E-03   8.5149E-04   8.1777E-04   8.4820E-04 / 8.1433E-04   
290   1.000E-03   8.2784E-04   7.9559E-04   8.2420E-04 / 7.9177E-04   
300   1.000E-03   8.0482E-04   7.7282E-04   8.0162E-04 / 7.6944E-04   
310   1.000E-03   7.8402E-04   7.5239E-04   7.8110E-04 / 7.4930E-04   
320   1.000E-03   7.6391E-04   7.3360E-04   7.6109E-04 / 7.3061E-04   
330   1.000E-03   7.4515E-04   7.1495E-04   7.4232E-04 / 7.1195E-04   
340   1.000E-03   7.2736E-04   6.9780E-04   7.2494E-04 / 6.9526E-04   
350   1.000E-03   7.0803E-04   6.8127E-04   7.0565E-04 / 6.7877E-04   
360   1.000E-03   6.9082E-04   6.6396E-04   6.8865E-04 / 6.6169E-04   
370   1.000E-03   6.7433E-04   6.4901E-04   6.7244E-04 / 6.4703E-04   
380   1.000E-03   6.5847E-04   6.3334E-04   6.5642E-04 / 6.3121E-04   
390   1.000E-03   6.4368E-04   6.1930E-04   6.4181E-04 / 6.1734E-04   
400   1.000E-03   6.2940E-04   6.0613E-04   6.2747E-04 / 6.0411E-04   
410   1.000E-03   6.1682E-04   5.9354E-04   6.1497E-04 / 5.9161E-04   
420   1.000E-03   6.0503E-04   5.8358E-04   6.0326E-04 / 5.8176E-04   
430   1.000E-03   5.9326E-04   5.7143E-04   5.9120E-04 / 5.6932E-04   
440   1.000E-03   5.8263E-04   5.6174E-04   5.8059E-04 / 5.5965E-04   
450   1.000E-03   5.7309E-04   5.5333E-04   5.7088E-04 / 5.5108E-04   
460   1.000E-03   5.6362E-04   5.4414E-04   5.6165E-04 / 5.4212E-04   
470   1.000E-03   5.5523E-04   5.3554E-04   5.5317E-04 / 5.3342E-04   
480   1.000E-03   5.4675E-04   5.2813E-04   5.4477E-04 / 5.2609E-04   
490   1.000E-03   5.3872E-04   5.2099E-04   5.3667E-04 / 5.1887E-04   
500   1.000E-03   5.3077E-04   5.1339E-04   5.2857E-04 / 5.1113E-04   
510   1.000E-03   5.2332E-04   5.0655E-04   5.2130E-04 / 5.0446E-04   
520   1.000E-03   5.1665E-04   4.9983E-04   5.1467E-04 / 4.9780E-04   
530   1.000E-03   5.0933E-04   4.9311E-04   5.0756E-04 / 4.9130E-04   
540   1.000E-03   5.0243E-04   4.8638E-04   5.0069E-04 / 4.8462E-04   
550   1.000E-03   4.9558E-04   4.8038E-04   4.9388E-04 / 4.7865E-04   
560   1.000E-03   4.8917E-04   4.7411E-04   4.8751E-04 / 4.7242E-04   
570   1.000E-03   4.8237E-04   4.6852E-04   4.8068E-04 / 4.6681E-04   
580   1.000E-03   4.7642E-04   4.6226E-04   4.7462E-04 / 4.6044E-04   
590   1.000E-03   4.6962E-04   4.5619E-04   4.6803E-04 / 4.5458E-04   
600   1.000E-03   4.6337E-04   4.5059E-04   4.6172E-04 / 4.4893E-04   
610   1.000E-03   4.5735E-04   4.4530E-04   4.5569E-04 / 4.4362E-04   
620   1.000E-03   4.5147E-04   4.3966E-04   4.4991E-04 / 4.3808E-04   
630   1.000E-03   4.4540E-04   4.3350E-04   4.4400E-04 / 4.3209E-04   
640   1.000E-03   4.3889E-04   4.2772E-04   4.3733E-04 / 4.2614E-04   
650   1.000E-03   4.3278E-04   4.2226E-04   4.3148E-04 / 4.2094E-04   
660   1.000E-03   4.2650E-04   4.1607E-04   4.2495E-04 / 4.1449E-04   
670   1.000E-03   4.2022E-04   4.0978E-04   4.1875E-04 / 4.0827E-04   
680   1.000E-03   4.1399E-04   4.0431E-04   4.1278E-04 / 4.0307E-04   
690   1.000E-03   4.0799E-04   3.9950E-04   4.0637E-04 / 3.9782E-04   
700   1.000E-03   4.0166E-04   3.9261E-04   4.0052E-04 / 3.9144E-04   
710   1.000E-03   3.9561E-04   3.8703E-04   3.9460E-04 / 3.8597E-04   
720   1.000E-03   3.8924E-04   3.8143E-04   3.8819E-04 / 3.8034E-04   
730   1.000E-03   3.8266E-04   3.7638E-04   3.8148E-04 / 3.7512E-04   
740   1.000E-03   3.7522E-04   3.6823E-04   3.7420E-04 / 3.6714E-04   
750   1.000E-03   3.6852E-04   3.6142E-04   3.6769E-04 / 3.6056E-04   
760   1.000E-03   3.6142E-04   3.5502E-04   3.6055E-04 / 3.5414E-04   
770   1.000E-03   3.5525E-04   3.4901E-04   3.5446E-04 / 3.4818E-04   
780   1.000E-03   3.4769E-04   3.4270E-04   3.4701E-04 / 3.4197E-04   
790   1.000E-03   3.4034E-04   3.3528E-04   3.3953E-04 / 3.3445E-04   
800   1.000E-03   3.3369E-04   3.2857E-04   3.3301E-04 / 3.2787E-04   
810   1.000E-03   3.2700E-04   3.2283E-04   3.2637E-04 / 3.2219E-04   
820   1.000E-03   3.1970E-04   3.1639E-04   3.1905E-04 / 3.1572E-04   
830   1.000E-03   3.1306E-04   3.1018E-04   3.1258E-04 / 3.0969E-04   
840   1.000E-03   3.0719E-04   3.0385E-04   3.0673E-04 / 3.0339E-04   
850   1.000E-03   3.0038E-04   2.9828E-04   3.0007E-04 / 2.9797E-04   
860   1.000E-03   2.9507E-04   2.9426E-04   2.9470E-04 / 2.9389E-04   
870   1.000E-03   2.8963E-04   2.8734E-04   2.8933E-04 / 2.8704E-04   
880   1.000E-03   2.8333E-04   2.8065E-04   2.8296E-04 / 2.8026E-04   
890   1.000E-03   2.7692E-04   2.7721E-04   2.7665E-04 / 2.7692E-04   
900   1.000E-03   2.7119E-04   2.7144E-04   2.7081E-04 / 2.7104E-04   
910   1.000E-03   2.6607E-04   2.6663E-04   2.6557E-04 / 2.6610E-04   
920   1.000E-03   2.6189E-04   2.6184E-04   2.6165E-04 / 2.6158E-04   
930   1.000E-03   2.5599E-04   2.5832E-04   2.5570E-04 / 2.5802E-04   
940   1.000E-03   2.5148E-04   2.5220E-04   2.5122E-04 / 2.5193E-04   
950   1.000E-03   2.4594E-04   2.4734E-04   2.4568E-04 / 2.4707E-04   
960   1.000E-03   2.4350E-04   2.4436E-04   2.4328E-04 / 2.4413E-04   
970   1.000E-03   2.3708E-04   2.3907E-04   2.3686E-04 / 2.3884E-04   
980   1.000E-03   2.3252E-04   2.3443E-04   2.3229E-04 / 2.3420E-04   
990   1.000E-03   2.2846E-04   2.3177E-04   2.2825E-04 / 2.3156E-04   
1000   1.000E-03   2.2571E-04   2.3032E-04   2.2541E-04 / 2.3001E-04   
1010   1.000E-03   2.2177E-04   2.2607E-04   2.2151E-04 / 2.2580E-04   
1020   1.000E-03   2.1722E-04   2.2109E-04   2.1694E-04 / 2.2082E-04   
1030   1.000E-03   2.1327E-04   2.1741E-04   2.1300E-04 / 2.1715E-04   
1040   1.000E-03   2.0956E-04   2.1465E-04   2.0936E-04 / 2.1446E-04   
1050   1.000E-03   2.0628E-04   2.1181E-04   2.0596E-04 / 2.1151E-04   
1060   1.000E-03   2.0268E-04   2.0792E-04   2.0252E-04 / 2.0776E-04   
1070   1.000E-03   2.0036E-04   2.0392E-04   2.0006E-04 / 2.0364E-04   
1080   1.000E-03   1.9615E-04   2.0136E-04   1.9590E-04 / 2.0111E-04   
1090   1.000E-03   1.9261E-04   1.9680E-04   1.9240E-04 / 1.9659E-04   
1100   1.000E-03   1.9006E-04   1.9510E-04   1.8990E-04 / 1.9494E-04   
1110   1.000E-03   1.8668E-04   1.9110E-04   1.8653E-04 / 1.9095E-04   
1120   1.000E-03   1.8509E-04   1.9150E-04   1.8486E-04 / 1.9126E-04   
1130   1.000E-03   1.8131E-04   1.8756E-04   1.8117E-04 / 1.8742E-04   
1140   1.000E-03   1.7779E-04   1.8434E-04   1.7761E-04 / 1.8415E-04   
1150   1.000E-03   1.7642E-04   1.8299E-04   1.7619E-04 / 1.8274E-04   
1160   1.000E-03   1.7384E-04   1.8026E-04   1.7357E-04 / 1.7998E-04   
1170   1.000E-03   1.7058E-04   1.7707E-04   1.7045E-04 / 1.7693E-04   
1180   1.000E-03   1.6861E-04   1.7660E-04   1.6843E-04 / 1.7640E-04   
1190   1.000E-03   1.6582E-04   1.7252E-04   1.6561E-04 / 1.7229E-04   
1200   1.000E-03   1.6409E-04   1.7057E-04   1.6379E-04 / 1.7026E-04   
1210   1.000E-03   1.6156E-04   1.6974E-04   1.6140E-04 / 1.6956E-04   
1220   1.000E-03   1.5943E-04   1.6660E-04   1.5926E-04 / 1.6642E-04   
1230   1.000E-03   1.5666E-04   1.6472E-04   1.5646E-04 / 1.6451E-04   
1240   1.000E-03   1.5649E-04   1.6707E-04   1.5627E-04 / 1.6684E-04   
1250   1.000E-03   1.5240E-04   1.6055E-04   1.5218E-04 / 1.6030E-04   
1260   1.000E-03   1.5071E-04   1.5986E-04   1.5049E-04 / 1.5961E-04   
1270   1.000E-03   1.5024E-04   1.5933E-04   1.4999E-04 / 1.5905E-04   
1280   1.000E-03   1.4850E-04   1.5513E-04   1.4836E-04 / 1.5496E-04   
1290   1.000E-03   1.4952E-04   1.5676E-04   1.4933E-04 / 1.5654E-04   
1300   1.000E-03   1.4480E-04   1.5195E-04   1.4456E-04 / 1.5166E-04   
1310   1.000E-03   1.4165E-04   1.5124E-04   1.4146E-04 / 1.5101E-04   
1320   1.000E-03   1.3977E-04   1.4874E-04   1.3960E-04 / 1.4854E-04   
1330   1.000E-03   1.3832E-04   1.4713E-04   1.3815E-04 / 1.4691E-04   
1340   1.000E-03   1.3769E-04   1.4555E-04   1.3757E-04 / 1.4540E-04   
1350   1.000E-03   1.3562E-04   1.4416E-04   1.3540E-04 / 1.4389E-04   
1360   1.000E-03   1.3370E-04   1.4250E-04   1.3347E-04 / 1.4221E-04   
1370   1.000E-03   1.3299E-04   1.4078E-04   1.3272E-04 / 1.4045E-04   
1380   1.000E-03   1.3411E-04   1.4619E-04   1.3390E-04 / 1.4594E-04   
1390   1.000E-03   1.2945E-04   1.3983E-04   1.2913E-04 / 1.3945E-04   
1400   1.000E-03   1.2915E-04   1.3747E-04   1.2887E-04 / 1.3713E-04   
1410   1.000E-03   1.2806E-04   1.3619E-04   1.2776E-04 / 1.3585E-04   
1420   1.000E-03   1.2604E-04   1.3776E-04   1.2568E-04 / 1.3735E-04   
1430   1.000E-03   1.2586E-04   1.3403E-04   1.2559E-04 / 1.3372E-04   
1440   1.000E-03   1.2324E-04   1.3185E-04   1.2298E-04 / 1.3155E-04   
1450   1.000E-03   1.2204E-04   1.3153E-04   1.2170E-04 / 1.3116E-04   
1460   1.000E-03   1.2287E-04   1.3224E-04   1.2247E-04 / 1.3181E-04   
1470   1.000E-03   1.1975E-04   1.2851E-04   1.1945E-04 / 1.2819E-04   
1480   1.000E-03   1.2033E-04   1.2945E-04   1.2004E-04 / 1.2914E-04   
1490   1.000E-03   1.1743E-04   1.2714E-04   1.1704E-04 / 1.2674E-04   
1500   1.000E-03   1.1689E-04   1.2634E-04   1.1665E-04 / 1.2608E-04   
1510   1.000E-03   1.1503E-04   1.2491E-04   1.1472E-04 / 1.2459E-04   
1520   1.000E-03   1.1436E-04   1.2527E-04   1.1419E-04 / 1.2510E-04   
1530   1.000E-03   1.1318E-04   1.2396E-04   1.1287E-04 / 1.2365E-04   
1540   1.000E-03   1.1172E-04   1.2189E-04   1.1138E-04 / 1.2155E-04   
1550   1.000E-03   1.1104E-04   1.2172E-04   1.1075E-04 / 1.2142E-04   
1560   1.000E-03   1.1174E-04   1.2036E-04   1.1141E-04 / 1.2003E-04   
1570   1.000E-03   1.0882E-04   1.1978E-04   1.0830E-04 / 1.1925E-04   
1580   1.000E-03   1.0844E-04   1.1808E-04   1.0828E-04 / 1.1791E-04   
1590   1.000E-03   1.0895E-04   1.1741E-04   1.0867E-04 / 1.1712E-04   
1600   1.000E-03   1.0678E-04   1.1663E-04   1.0630E-04 / 1.1612E-04   
1610   1.000E-03   1.0608E-04   1.1716E-04   1.0578E-04 / 1.1683E-04   
1620   1.000E-03   1.0495E-04   1.1681E-04   1.0453E-04 / 1.1635E-04   
1630   1.000E-03   1.0360E-04   1.1462E-04   1.0331E-04 / 1.1429E-04   
1640   1.000E-03   1.0318E-04   1.1409E-04   1.0287E-04 / 1.1373E-04   
1650   1.000E-03   1.0381E-04   1.1430E-04   1.0351E-04 / 1.1395E-04   
1660   1.000E-03   1.0117E-04   1.1189E-04   1.0084E-04 / 1.1150E-04   
1670   1.000E-03   1.0092E-04   1.1232E-04   1.0071E-04 / 1.1207E-04   
1680   1.000E-03   1.0189E-04   1.1453E-04   1.0165E-04 / 1.1424E-04   
1690   1.000E-03   1.0297E-04   1.1098E-04   1.0277E-04 / 1.1074E-04   
1700   1.000E-03   9.8888E-05   1.0922E-04   9.8565E-05 / 1.0882E-04   
1710   1.000E-03   1.0026E-04   1.1111E-04   9.9849E-05 / 1.1061E-04   
1720   1.000E-03   9.6638E-05   1.0789E-04   9.6224E-05 / 1.0738E-04   
1730   1.000E-03   9.6061E-05   1.0612E-04   9.5654E-05 / 1.0562E-04   
1740   1.000E-03   9.6282E-05   1.0552E-04   9.6160E-05 / 1.0537E-04   
1750   1.000E-03   9.5959E-05   1.0884E-04   9.5611E-05 / 1.0840E-04   
1760   1.000E-03   9.3763E-05   1.0535E-04   9.3567E-05 / 1.0511E-04   
1770   1.000E-03   9.3393E-05   1.0444E-04   9.2977E-05 / 1.0392E-04   
1780   1.000E-03   9.4296E-05   1.0293E-04   9.3922E-05 / 1.0247E-04   
1790   1.000E-03   9.3457E-05   1.0446E-04   9.3106E-05 / 1.0402E-04   
1800   1.000E-03   9.1433E-05   1.0158E-04   9.1235E-05 / 1.0133E-04   
1810   1.000E-03   9.1001E-05   1.0277E-04   9.0753E-05 / 1.0246E-04   
1820   1.000E-03   9.0422E-05   1.0034E-04   9.0085E-05 / 9.9933E-05   
1830   1.000E-03   8.9427E-05   1.0127E-04   8.9222E-05 / 1.0102E-04   
1840   1.000E-03   8.9065E-05   9.9656E-05   8.8671E-05 / 9.9185E-05   
1850   1.000E-03   8.8929E-05   1.0140E-04   8.8625E-05 / 1.0104E-04   
1860   1.000E-03   8.8087E-05   9.8124E-05   8.7628E-05 / 9.7590E-05   
1870   1.000E-03   8.8287E-05   1.0136E-04   8.8070E-05 / 1.0108E-04   
1880   1.000E-03   8.6526E-05   9.9026E-05   8.6174E-05 / 9.8617E-05   
1890   1.000E-03   8.9401E-05   9.9901E-05   8.9210E-05 / 9.9672E-05   
1900   1.000E-03   8.5627E-05   9.7887E-05   8.5380E-05 / 9.7601E-05   
1910   1.000E-03   8.4572E-05   9.6352E-05   8.4171E-05 / 9.5901E-05   
1920   1.000E-03   8.4230E-05   9.7199E-05   8.3870E-05 / 9.6791E-05   
1930   1.000E-03   8.3297E-05   9.4868E-05   8.2977E-05 / 9.4505E-05   
1940   1.000E-03   8.3997E-05   9.4075E-05   8.3815E-05 / 9.3859E-05   
1950   1.000E-03   8.4685E-05   9.4267E-05   8.4394E-05 / 9.3936E-05   
1960   1.000E-03   8.2667E-05   9.3423E-05   8.2460E-05 / 9.3183E-05   
1970   1.000E-03   8.2241E-05   9.1011E-05   8.2080E-05 / 9.0820E-05   
1980   1.000E-03   8.2380E-05   9.4390E-05   8.2033E-05 / 9.4005E-05   
1990   1.000E-03   8.0448E-05   9.1136E-05   8.0132E-05 / 9.0780E-05   
2000   1.000E-03   8.0363E-05   9.0389E-05   8.0053E-05 / 9.0041E-05   
2010   1.000E-03   8.0414E-05   9.2486E-05   8.0126E-05 / 9.2164E-05   
2020   1.000E-03   8.0379E-05   8.9734E-05   8.0203E-05 / 8.9526E-05   
2030   1.000E-03   7.9048E-05   8.9437E-05   7.8718E-05 / 8.9065E-05   
2040   1.000E-03   7.7912E-05   8.8403E-05   7.7666E-05 / 8.8122E-05   
2050   1.000E-03   7.7754E-05   8.8132E-05   7.7569E-05 / 8.7915E-05   
2060   1.000E-03   8.1523E-05   9.2227E-05   8.1177E-05 / 9.1844E-05   
2070   1.000E-03   7.6954E-05   8.8641E-05   7.6811E-05 / 8.8470E-05   
2080   1.000E-03   7.6090E-05   8.6919E-05   7.5802E-05 / 8.6594E-05   
2090   1.000E-03   7.5832E-05   8.5388E-05   7.5579E-05 / 8.5098E-05   
2100   1.000E-03   7.5936E-05   8.6649E-05   7.5779E-05 / 8.6463E-05   
2110   1.000E-03   7.4811E-05   8.5186E-05   7.4654E-05 / 8.5000E-05   
2120   1.000E-03   7.4809E-05   8.6434E-05   7.4659E-05 / 8.6256E-05   
2130   1.000E-03   7.3982E-05   8.4945E-05   7.3734E-05 / 8.4660E-05   
2140   1.000E-03   7.4046E-05   8.3807E-05   7.3704E-05 / 8.3416E-05   
2150   1.000E-03   7.5910E-05   8.7167E-05   7.5579E-05 / 8.6785E-05   
2160   1.000E-03   7.5656E-05   8.7450E-05   7.5459E-05 / 8.7217E-05   
2170   1.000E-03   7.3660E-05   8.5331E-05   7.3469E-05 / 8.5103E-05   
2180   1.000E-03   7.6592E-05   8.4068E-05   7.6366E-05 / 8.3801E-05   
2190   1.000E-03   7.2258E-05   8.1588E-05   7.2111E-05 / 8.1410E-05   
2200   1.000E-03   7.0995E-05   8.1490E-05   7.0799E-05 / 8.1256E-05   
2210   1.000E-03   7.1205E-05   8.1646E-05   7.0950E-05 / 8.1343E-05   
2220   1.000E-03   7.2030E-05   8.2818E-05   7.1859E-05 / 8.2606E-05   
2230   1.000E-03   7.0192E-05   7.9660E-05   7.0104E-05 / 7.9547E-05   
2240   1.000E-03   7.1041E-05   8.2114E-05   7.0828E-05 / 8.1855E-05   
2250   1.000E-03   7.0067E-05   7.8695E-05   6.9880E-05 / 7.8465E-05   
2260   1.000E-03   6.9607E-05   8.0144E-05   6.9475E-05 / 7.9978E-05   
2270   1.000E-03   7.1186E-05   8.0620E-05   7.1009E-05 / 8.0401E-05   
2280   1.000E-03   6.8059E-05   7.8330E-05   6.7904E-05 / 7.8135E-05   
2290   1.000E-03   6.8861E-05   7.7116E-05   6.8604E-05 / 7.6800E-05   
2300   1.000E-03   6.7729E-05   7.8348E-05   6.7554E-05 / 7.8127E-05   
2310   1.000E-03   6.8002E-05   7.7517E-05   6.7820E-05 / 7.7286E-05   
2320   1.000E-03   6.7253E-05   7.7683E-05   6.7067E-05 / 7.7447E-05   
2330   1.000E-03   6.7092E-05   7.8465E-05   6.6795E-05 / 7.8099E-05   
2340   1.000E-03   6.6200E-05   7.7186E-05   6.6009E-05 / 7.6942E-05   
2350   1.000E-03   6.6569E-05   7.5601E-05   6.6444E-05 / 7.5436E-05   
2360   1.000E-03   6.5509E-05   7.6642E-05   6.5306E-05 / 7.6384E-05   
2370   1.000E-03   6.6037E-05   7.5649E-05   6.5833E-05 / 7.5388E-05   
2380   1.000E-03   6.6073E-05   7.5605E-05   6.5845E-05 / 7.5315E-05   
2390   1.000E-03   6.5263E-05   7.4441E-05   6.5125E-05 / 7.4257E-05   
2400   1.000E-03   6.5267E-05   7.6591E-05   6.5037E-05 / 7.6296E-05   
2410   1.000E-03   6.6513E-05   7.8664E-05   6.6353E-05 / 7.8448E-05   
2420   1.000E-03   6.3501E-05   7.4032E-05   6.3339E-05 / 7.3816E-05   
2430   1.000E-03   6.4250E-05   7.4637E-05   6.4134E-05 / 7.4476E-05   
2440   1.000E-03   6.3238E-05   7.2005E-05   6.3072E-05 / 7.1783E-05   
2450   1.000E-03   6.4886E-05   7.4636E-05   6.4696E-05 / 7.4385E-05   
2460   1.000E-03   6.2603E-05   7.2446E-05   6.2586E-05 / 7.2419E-05   
2470   1.000E-03   6.1873E-05   7.1730E-05   6.1733E-05 / 7.1538E-05   
2480   1.000E-03   6.2115E-05   7.2206E-05   6.2019E-05 / 7.2071E-05   
2490   1.000E-03   6.1621E-05   7.1308E-05   6.1566E-05 / 7.1226E-05   
2500   1.000E-03   6.3292E-05   7.1935E-05   6.3184E-05 / 7.1783E-05   
2510   1.000E-03   6.1377E-05   7.0914E-05   6.1251E-05 / 7.0739E-05   
2520   1.000E-03   6.1048E-05   7.0863E-05   6.0920E-05 / 7.0687E-05   
2530   1.000E-03   6.0570E-05   7.0652E-05   6.0356E-05 / 7.0368E-05   
2540   1.000E-03   6.1646E-05   6.9719E-05   6.1524E-05 / 6.9547E-05   
2550   1.000E-03   5.9679E-05   6.9570E-05   5.9538E-05 / 6.9373E-05   
2560   1.000E-03   5.9999E-05   6.8768E-05   5.9928E-05 / 6.8663E-05   
2570   1.000E-03   5.9154E-05   6.8479E-05   5.9096E-05 / 6.8389E-05   
2580   1.000E-03   5.9027E-05   6.9236E-05   5.8833E-05 / 6.8978E-05   
2590   1.000E-03   6.0924E-05   6.9893E-05   6.0830E-05 / 6.9753E-05   
2600   1.000E-03   5.8190E-05   6.8401E-05   5.8119E-05 / 6.8294E-05   
2610   1.000E-03   5.8620E-05   6.8928E-05   5.8529E-05 / 6.8795E-05   
2620   1.000E-03   5.8317E-05   6.8601E-05   5.8179E-05 / 6.8408E-05   
2630   1.000E-03   5.8089E-05   6.8953E-05   5.8063E-05 / 6.8911E-05   
2640   1.000E-03   5.8938E-05   6.8131E-05   5.8825E-05 / 6.7968E-05   
2650   1.000E-03   5.7185E-05   6.5905E-05   5.7077E-05 / 6.5749E-05   
2660   1.000E-03   6.3062E-05   7.4554E-05   6.2945E-05 / 7.4384E-05   
2670   1.000E-03   5.6465E-05   6.6503E-05   5.6396E-05 / 6.6397E-05   
2680   1.000E-03   5.6232E-05   6.6234E-05   5.6133E-05 / 6.6088E-05   
2690   1.000E-03   5.6505E-05   6.5150E-05   5.6419E-05 / 6.5023E-05   
2700   1.000E-03   5.5987E-05   6.5633E-05   5.5808E-05 / 6.5388E-05   
2710   1.000E-03   5.5816E-05   6.5637E-05   5.5718E-05 / 6.5495E-05   
2720   1.000E-03   5.6562E-05   6.4747E-05   5.6489E-05 / 6.4638E-05   
2730   1.000E-03   5.4741E-05   6.3450E-05   5.4658E-05 / 6.3328E-05   
2740   1.000E-03   5.5477E-05   6.4495E-05   5.5425E-05 / 6.4414E-05   
2750   1.000E-03   5.6467E-05   6.4469E-05   5.6357E-05 / 6.4310E-05   
2760   1.000E-03   5.4639E-05   6.3869E-05   5.4498E-05 / 6.3670E-05   
2770   1.000E-03   5.4862E-05   6.3387E-05   5.4799E-05 / 6.3293E-05   
2780   1.000E-03   5.4128E-05   6.3872E-05   5.3984E-05 / 6.3670E-05   
2790   1.000E-03   5.4292E-05   6.2359E-05   5.4271E-05 / 6.2325E-05   
2800   1.000E-03   5.4369E-05   6.3702E-05   5.4264E-05 / 6.3550E-05   
2810   1.000E-03   5.2862E-05   6.3008E-05   5.2682E-05 / 6.2760E-05   
2820   1.000E-03   5.4112E-05   6.2160E-05   5.4060E-05 / 6.2081E-05   
2830   1.000E-03   5.2875E-05   6.1439E-05   5.2680E-05 / 6.1175E-05   
2840   1.000E-03   5.3305E-05   6.2416E-05   5.3171E-05 / 6.2226E-05   
2850   1.000E-03   5.5957E-05   6.3748E-05   5.5720E-05 / 6.3431E-05   
2860   1.000E-03   5.2158E-05   6.1787E-05   5.2134E-05 / 6.1750E-05   
2870   1.000E-03   5.2151E-05   6.1982E-05   5.2102E-05 / 6.1909E-05   
2880   1.000E-03   5.1673E-05   6.0625E-05   5.1542E-05 / 6.0440E-05   
2890   1.000E-03   5.1402E-05   5.9303E-05   5.1357E-05 / 5.9234E-05   
2900   1.000E-03   5.1878E-05   5.9443E-05   5.1775E-05 / 5.9296E-05   
2910   1.000E-03   5.1100E-05   6.0954E-05   5.0967E-05 / 6.0766E-05   
2920   1.000E-03   5.0942E-05   6.1196E-05   5.0751E-05 / 6.0933E-05   
2930   1.000E-03   5.0336E-05   5.9347E-05   5.0144E-05 / 5.9082E-05   
2940   1.000E-03   5.2197E-05   5.9597E-05   5.2146E-05 / 5.9524E-05   
2950   1.000E-03   4.9921E-05   5.9196E-05   4.9847E-05 / 5.9089E-05   
2960   1.000E-03   5.0191E-05   6.0709E-05   5.0127E-05 / 6.0615E-05   
2970   1.000E-03   5.4706E-05   6.0455E-05   5.4578E-05 / 6.0275E-05   
2980   1.000E-03   5.0064E-05   6.0313E-05   5.0000E-05 / 6.0220E-05   
2990   1.000E-03   4.9328E-05   5.8594E-05   4.9258E-05 / 5.8494E-05   
3000   1.000E-03   5.2405E-05   6.1052E-05   5.2315E-05 / 6.0923E-05   
3010   1.000E-03   4.9406E-05   5.8515E-05   4.9278E-05 / 5.8335E-05   
3020   1.000E-03   5.0130E-05   6.0284E-05   5.0023E-05 / 6.0133E-05   
3030   1.000E-03   4.8412E-05   5.6923E-05   4.8358E-05 / 5.6847E-05   
3040   1.000E-03   4.8353E-05   5.7261E-05   4.8260E-05 / 5.7127E-05   
3050   1.000E-03   4.9492E-05   5.9531E-05   4.9429E-05 / 5.9442E-05   
3060   1.000E-03   4.7699E-05   5.6562E-05   4.7542E-05 / 5.6343E-05   
3070   1.000E-03   4.7977E-05   5.7859E-05   4.7876E-05 / 5.7716E-05   
3080   1.000E-03   4.8406E-05   5.8309E-05   4.8328E-05 / 5.8198E-05   
3090   1.000E-03   4.7100E-05   5.6190E-05   4.6978E-05 / 5.6018E-05   
3100   1.000E-03   4.7531E-05   5.5502E-05   4.7336E-05 / 5.5236E-05   
3110   1.000E-03   4.8000E-05   5.5543E-05   4.7773E-05 / 5.5239E-05   
3120   1.000E-03   4.7869E-05   5.7489E-05   4.7817E-05 / 5.7415E-05   
3130   1.000E-03   4.6522E-05   5.5392E-05   4.6430E-05 / 5.5261E-05   
3140   1.000E-03   4.6739E-05   5.6150E-05   4.6517E-05 / 5.5854E-05   
3150   1.000E-03   4.6104E-05   5.4754E-05   4.5982E-05 / 5.4582E-05   
3160   1.000E-03   4.6566E-05   5.6393E-05   4.6425E-05 / 5.6198E-05   
3170   1.000E-03   4.6107E-05   5.4743E-05   4.5940E-05 / 5.4515E-05   
3180   1.000E-03   4.5684E-05   5.4894E-05   4.5556E-05 / 5.4714E-05   
3190   1.000E-03   4.5806E-05   5.4759E-05   4.5666E-05 / 5.4566E-05   
3200   1.000E-03   4.5628E-05   5.4204E-05   4.5546E-05 / 5.4087E-05   
3210   1.000E-03   4.6379E-05   5.3609E-05   4.6347E-05 / 5.3565E-05   
3220   1.000E-03   4.5315E-05   5.3635E-05   4.5213E-05 / 5.3491E-05   
3230   1.000E-03   4.5409E-05   5.3375E-05   4.5361E-05 / 5.3305E-05   
3240   1.000E-03   4.5780E-05   5.3475E-05   4.5694E-05 / 5.3351E-05   
3250   1.000E-03   4.5973E-05   5.5498E-05   4.5920E-05 / 5.5421E-05   
3260   1.000E-03   4.4278E-05   5.2999E-05   4.4135E-05 / 5.2805E-05   
3270   1.000E-03   4.4930E-05   5.4276E-05   4.4873E-05 / 5.4200E-05   
3280   1.000E-03   4.4713E-05   5.2850E-05   4.4586E-05 / 5.2672E-05   
3290   1.000E-03   4.3694E-05   5.2716E-05   4.3587E-05 / 5.2567E-05   
3300   1.000E-03   4.5129E-05   5.4627E-05   4.5032E-05 / 5.4489E-05   
3310   1.000E-03   4.3641E-05   5.2156E-05   4.3453E-05 / 5.1907E-05   
3320   1.000E-03   4.3231E-05   5.1750E-05   4.3161E-05 / 5.1648E-05   
3330   1.000E-03   4.3944E-05   5.3433E-05   4.3876E-05 / 5.3335E-05   
3340   1.000E-03   4.2967E-05   5.1604E-05   4.2846E-05 / 5.1438E-05   
3350   1.000E-03   4.2943E-05   5.1445E-05   4.2760E-05 / 5.1204E-05   
3360   1.000E-03   4.2711E-05   5.1111E-05   4.2628E-05 / 5.0992E-05   
3370   1.000E-03   4.2679E-05   5.1065E-05   4.2539E-05 / 5.0875E-05   
3380   1.000E-03   4.2977E-05   5.1902E-05   4.2807E-05 / 5.1677E-05   
3390   1.000E-03   4.2264E-05   5.1528E-05   4.2145E-05 / 5.1363E-05   
3400   1.000E-03   4.3189E-05   5.1347E-05   4.3058E-05 / 5.1170E-05   
3410   1.000E-03   4.1887E-05   5.0383E-05   4.1778E-05 / 5.0231E-05   
3420   1.000E-03   4.3434E-05   5.2111E-05   4.3184E-05 / 5.1798E-05   
3430   1.000E-03   4.2580E-05   5.1610E-05   4.2525E-05 / 5.1529E-05   
3440   1.000E-03   4.2365E-05   5.0438E-05   4.2246E-05 / 5.0278E-05   
3450   1.000E-03   4.1818E-05   4.9778E-05   4.1743E-05 / 4.9672E-05   
3460   1.000E-03   4.2168E-05   5.1603E-05   4.2040E-05 / 5.1431E-05   
3470   1.000E-03   4.1180E-05   5.0016E-05   4.1090E-05 / 4.9890E-05   
3480   1.000E-03   4.3615E-05   5.3359E-05   4.3500E-05 / 5.3204E-05   
3490   1.000E-03   4.1983E-05   4.9962E-05   4.1795E-05 / 4.9722E-05   
3500   1.000E-03   4.6454E-05   5.3485E-05   4.6408E-05 / 5.3419E-05   
3510   1.000E-03   4.0473E-05   4.9020E-05   4.0349E-05 / 4.8854E-05   
3520   1.000E-03   4.0623E-05   4.9078E-05   4.0571E-05 / 4.9003E-05   
3530   1.000E-03   4.1173E-05   4.9111E-05   4.1111E-05 / 4.9024E-05   
3540   1.000E-03   4.0428E-05   4.8692E-05   4.0295E-05 / 4.8519E-05   
3550   1.000E-03   4.3066E-05   5.0133E-05   4.2950E-05 / 4.9978E-05   
3560   1.000E-03   4.0498E-05   5.0151E-05   4.0319E-05 / 4.9923E-05   
3570   1.000E-03   4.0620E-05   5.0187E-05   4.0445E-05 / 4.9965E-05   
3580   1.000E-03   4.0399E-05   4.9819E-05   4.0245E-05 / 4.9621E-05   
3590   1.000E-03   4.2297E-05   5.2084E-05   4.2208E-05 / 5.1963E-05   
3600   1.000E-03   4.1093E-05   5.0544E-05   4.0992E-05 / 5.0411E-05   
3610   1.000E-03   3.9852E-05   4.7245E-05   3.9726E-05 / 4.7082E-05   
3620   1.000E-03   3.9186E-05   4.7541E-05   3.9040E-05 / 4.7355E-05   
3630   1.000E-03   4.2538E-05   5.2019E-05   4.2460E-05 / 5.1913E-05   
3640   1.000E-03   4.0010E-05   4.9279E-05   3.9931E-05 / 4.9174E-05   
3650   1.000E-03   4.0100E-05   4.8576E-05   3.9965E-05 / 4.8403E-05   
3660   1.000E-03   3.8793E-05   4.7534E-05   3.8596E-05 / 4.7293E-05   
3670   1.000E-03   3.8828E-05   4.7406E-05   3.8687E-05 / 4.7226E-05   
3680   1.000E-03   3.9519E-05   4.7643E-05   3.9410E-05 / 4.7500E-05   
3690   1.000E-03   3.9498E-05   4.7146E-05   3.9359E-05 / 4.6971E-05   
3700   1.000E-03   3.8315E-05   4.6736E-05   3.8162E-05 / 4.6539E-05   
3710   1.000E-03   4.0476E-05   4.9885E-05   4.0322E-05 / 4.9689E-05   
3720   1.000E-03   3.8262E-05   4.7128E-05   3.8116E-05 / 4.6939E-05   
3730   1.000E-03   3.8919E-05   4.6662E-05   3.8755E-05 / 4.6454E-05   
3740   1.000E-03   3.8281E-05   4.7308E-05   3.8107E-05 / 4.7088E-05   
3750   1.000E-03   3.8134E-05   4.6750E-05   3.7982E-05 / 4.6557E-05   
3760   1.000E-03   3.8621E-05   4.7447E-05   3.8522E-05 / 4.7312E-05   
3770   1.000E-03   3.8116E-05   4.7525E-05   3.7932E-05 / 4.7292E-05   
3780   1.000E-03   4.1697E-05   4.8838E-05   4.1564E-05 / 4.8668E-05   
3790   1.000E-03   3.8021E-05   4.7056E-05   3.7924E-05 / 4.6926E-05   
3800   1.000E-03   3.8005E-05   4.5845E-05   3.7804E-05 / 4.5591E-05   
3810   1.000E-03   3.7493E-05   4.6276E-05   3.7299E-05 / 4.6037E-05   
3820   1.000E-03   3.7226E-05   4.5590E-05   3.7010E-05 / 4.5319E-05   
3830   1.000E-03   3.9736E-05   4.7385E-05   3.9565E-05 / 4.7172E-05   
3840   1.000E-03   3.6734E-05   4.5142E-05   3.6587E-05 / 4.4958E-05   
3850   1.000E-03   3.7581E-05   4.5692E-05   3.7475E-05 / 4.5554E-05   
3860   1.000E-03   3.6812E-05   4.5406E-05   3.6672E-05 / 4.5227E-05   
3870   1.000E-03   3.7260E-05   4.5092E-05   3.7140E-05 / 4.4940E-05   
3880   1.000E-03   3.6243E-05   4.4552E-05   3.6148E-05 / 4.4423E-05   
3890   1.000E-03   3.6212E-05   4.4527E-05   3.6018E-05 / 4.4285E-05   
3900   1.000E-03   3.6571E-05   4.5215E-05   3.6346E-05 / 4.4938E-05   
3910   1.000E-03   3.7342E-05   4.6038E-05   3.7225E-05 / 4.5886E-05   
3920   1.000E-03   3.6695E-05   4.4702E-05   3.6576E-05 / 4.4546E-05   
3930   1.000E-03   3.6217E-05   4.4833E-05   3.6092E-05 / 4.4669E-05   
3940   1.000E-03   3.6191E-05   4.4295E-05   3.6077E-05 / 4.4144E-05   
3950   1.000E-03   3.7015E-05   4.5269E-05   3.6892E-05 / 4.5102E-05   
3960   1.000E-03   3.6316E-05   4.4968E-05   3.6222E-05 / 4.4840E-05   
3970   1.000E-03   3.5382E-05   4.3940E-05   3.5242E-05 / 4.3761E-05   
3980   1.000E-03   3.5533E-05   4.4512E-05   3.5450E-05 / 4.4394E-05   
3990   1.000E-03   3.5428E-05   4.4331E-05   3.5204E-05 / 4.4065E-05   
4000   1.000E-03   3.5026E-05   4.4120E-05   3.4866E-05 / 4.3921E-05   
4010   1.000E-03   3.5611E-05   4.3245E-05   3.5561E-05 / 4.3167E-05   
4020   1.000E-03   3.4986E-05   4.3563E-05   3.4827E-05 / 4.3360E-05   
4030   1.000E-03   3.7022E-05   4.4409E-05   3.6908E-05 / 4.4257E-05   
4040   1.000E-03   3.4681E-05   4.2830E-05   3.4606E-05 / 4.2721E-05   
4050   1.000E-03   3.7025E-05   4.4427E-05   3.6972E-05 / 4.4348E-05   
4060   1.000E-03   3.4600E-05   4.3126E-05   3.4478E-05 / 4.2966E-05   
4070   1.000E-03   3.4937E-05   4.3029E-05   3.4719E-05 / 4.2769E-05   
4080   1.000E-03   3.7009E-05   4.5285E-05   3.6853E-05 / 4.5092E-05   
4090   1.000E-03   3.4934E-05   4.3848E-05   3.4823E-05 / 4.3703E-05   
4100   1.000E-03   3.4509E-05   4.3177E-05   3.4318E-05 / 4.2948E-05   
4110   1.000E-03   3.4078E-05   4.2396E-05   3.3964E-05 / 4.2246E-05   
4120   1.000E-03   3.4655E-05   4.3199E-05   3.4439E-05 / 4.2946E-05   
4130   1.000E-03   3.7174E-05   4.7939E-05   3.6995E-05 / 4.7722E-05   
4140   1.000E-03   3.5002E-05   4.2725E-05   3.4850E-05 / 4.2537E-05   
4150   1.000E-03   3.3718E-05   4.1849E-05   3.3617E-05 / 4.1714E-05   
4160   1.000E-03   3.4489E-05   4.2054E-05   3.4339E-05 / 4.1868E-05   
4170   1.000E-03   3.3794E-05   4.2682E-05   3.3553E-05 / 4.2401E-05   
4180   1.000E-03   3.3547E-05   4.1652E-05   3.3427E-05 / 4.1497E-05   
4190   1.000E-03   3.4043E-05   4.1283E-05   3.3980E-05 / 4.1190E-05   
4200   1.000E-03   3.8444E-05   4.6060E-05   3.8335E-05 / 4.5917E-05   
4210   1.000E-03   3.3663E-05   4.1535E-05   3.3623E-05 / 4.1469E-05   
4220   1.000E-03   3.3675E-05   4.2818E-05   3.3597E-05 / 4.2706E-05   
4230   1.000E-03   3.4091E-05   4.3086E-05   3.3965E-05 / 4.2927E-05   
4240   1.000E-03   3.3261E-05   4.1076E-05   3.3087E-05 / 4.0867E-05   
4250   1.000E-03   3.3083E-05   4.1257E-05   3.3045E-05 / 4.1196E-05   
4260   1.000E-03   3.3032E-05   4.1740E-05   3.2872E-05 / 4.1544E-05   
4270   1.000E-03   3.3192E-05   4.2298E-05   3.3113E-05 / 4.2188E-05   
4280   1.000E-03   3.3181E-05   4.1232E-05   3.3115E-05 / 4.1136E-05   
4290   1.000E-03   3.2439E-05   4.0417E-05   3.2384E-05 / 4.0335E-05   
4300   1.000E-03   3.3033E-05   4.1809E-05   3.2982E-05 / 4.1732E-05   
4310   1.000E-03   3.2924E-05   4.0845E-05   3.2809E-05 / 4.0695E-05   
4320   1.000E-03   3.2312E-05   4.0886E-05   3.2144E-05 / 4.0683E-05   
4330   1.000E-03   3.2251E-05   4.0671E-05   3.2119E-05 / 4.0505E-05   
4340   1.000E-03   3.2283E-05   4.0376E-05   3.2197E-05 / 4.0262E-05   
4350   1.000E-03   3.3052E-05   4.1994E-05   3.2930E-05 / 4.1838E-05   
4360   1.000E-03   3.2733E-05   4.0473E-05   3.2663E-05 / 4.0376E-05   
4370   1.000E-03   3.7160E-05   4.6084E-05   3.7107E-05 / 4.6007E-05   
4380   1.000E-03   3.2018E-05   4.0794E-05   3.1856E-05 / 4.0597E-05   
4390   1.000E-03   3.1814E-05   4.0379E-05   3.1678E-05 / 4.0210E-05   
4400   1.000E-03   3.1675E-05   3.9865E-05   3.1534E-05 / 3.9689E-05   
4410   1.000E-03   3.2072E-05   4.1906E-05   3.1938E-05 / 4.1737E-05   
4420   1.000E-03   3.1889E-05   4.0672E-05   3.1669E-05 / 4.0413E-05   
4430   1.000E-03   3.1435E-05   4.0235E-05   3.1309E-05 / 4.0076E-05   
4440   1.000E-03   3.1613E-05   3.9636E-05   3.1511E-05 / 3.9502E-05   
4450   1.000E-03   3.1566E-05   4.0069E-05   3.1504E-05 / 3.9983E-05   
4460   1.000E-03   3.1491E-05   3.9476E-05   3.1403E-05 / 3.9358E-05   
4470   1.000E-03   3.1117E-05   3.8798E-05   3.0972E-05 / 3.8618E-05   
4480   1.000E-03   4.1370E-05   5.1352E-05   4.1238E-05 / 5.1185E-05   
4490   1.000E-03   3.1161E-05   3.8974E-05   3.1083E-05 / 3.8870E-05   
4500   1.000E-03   3.1591E-05   3.8994E-05   3.1486E-05 / 3.8857E-05   
4510   1.000E-03   3.1346E-05   4.0358E-05   3.1109E-05 / 4.0081E-05   
4520   1.000E-03   3.1151E-05   4.0482E-05   3.0981E-05 / 4.0278E-05   
4530   1.000E-03   3.4298E-05   4.4171E-05   3.4225E-05 / 4.4073E-05   
4540   1.000E-03   3.0660E-05   3.8635E-05   3.0611E-05 / 3.8568E-05   
4550   1.000E-03   3.1076E-05   3.9152E-05   3.0961E-05 / 3.9005E-05   
4560   1.000E-03   3.1047E-05   3.8722E-05   3.0789E-05 / 3.8420E-05   
4570   1.000E-03   3.1047E-05   3.9470E-05   3.0932E-05 / 3.9323E-05   
4580   1.000E-03   3.1186E-05   3.9762E-05   3.1115E-05 / 3.9665E-05   
4590   1.000E-03   3.3326E-05   4.3329E-05   3.3295E-05 / 4.3288E-05   
4600   1.000E-03   3.1057E-05   3.8899E-05   3.0857E-05 / 3.8659E-05   
4610   1.000E-03   3.1405E-05   4.0327E-05   3.1279E-05 / 4.0168E-05   
4620   1.000E-03   3.0764E-05   3.9909E-05   3.0580E-05 / 3.9686E-05   
4630   1.000E-03   3.0193E-05   3.8722E-05   3.0062E-05 / 3.8558E-05   
4640   1.000E-03   3.0249E-05   3.8605E-05   2.9990E-05 / 3.8299E-05   
4650   1.000E-03   3.0770E-05   3.8770E-05   3.0648E-05 / 3.8618E-05   
4660   1.000E-03   3.1906E-05   4.1242E-05   3.1790E-05 / 4.1094E-05   
4670   1.000E-03   3.0667E-05   3.8915E-05   3.0571E-05 / 3.8792E-05   
4680   1.000E-03   2.9870E-05   3.9070E-05   2.9681E-05 / 3.8840E-05   
4690   1.000E-03   3.0526E-05   3.9789E-05   3.0457E-05 / 3.9702E-05   
4700   1.000E-03   2.9928E-05   3.8310E-05   2.9852E-05 / 3.8212E-05   
4710   1.000E-03   3.0566E-05   3.8562E-05   3.0465E-05 / 3.8434E-05   
4720   1.000E-03   2.9754E-05   3.8777E-05   2.9692E-05 / 3.8697E-05   
4730   1.000E-03   3.0946E-05   4.0367E-05   3.0790E-05 / 4.0173E-05   
4740   1.000E-03   3.0145E-05   3.8645E-05   3.0079E-05 / 3.8561E-05   
4750   1.000E-03   2.9461E-05   3.8137E-05   2.9306E-05 / 3.7943E-05   
4760   1.000E-03   2.9359E-05   3.7515E-05   2.9127E-05 / 3.7234E-05   
4770   1.000E-03   3.1492E-05   4.0890E-05   3.1324E-05 / 4.0682E-05   
4780   1.000E-03   2.9293E-05   3.7537E-05   2.9127E-05 / 3.7328E-05   
4790   1.000E-03   3.0712E-05   3.7582E-05   3.0672E-05 / 3.7531E-05   
4800   1.000E-03   3.1605E-05   3.9217E-05   3.1411E-05 / 3.8976E-05   
4810   1.000E-03   2.9296E-05   3.7802E-05   2.9252E-05 / 3.7747E-05   
4820   1.000E-03   2.9322E-05   3.7789E-05   2.9271E-05 / 3.7724E-05   
4830   1.000E-03   2.8591E-05   3.6776E-05   2.8504E-05 / 3.6662E-05   
4840   1.000E-03   2.8814E-05   3.7214E-05   2.8642E-05 / 3.6998E-05   
4850   1.000E-03   2.9114E-05   3.7021E-05   2.8929E-05 / 3.6787E-05   
4860   1.000E-03   2.8818E-05   3.7520E-05   2.8689E-05 / 3.7354E-05   
4870   1.000E-03   2.8891E-05   3.6484E-05   2.8755E-05 / 3.6311E-05   
4880   1.000E-03   2.8510E-05   3.6639E-05   2.8342E-05 / 3.6426E-05   
4890   1.000E-03   2.9132E-05   3.7003E-05   2.9025E-05 / 3.6864E-05   
4900   1.000E-03   2.8841E-05   3.7129E-05   2.8648E-05 / 3.6885E-05   
4910   1.000E-03   2.8982E-05   3.8748E-05   2.8822E-05 / 3.8543E-05   
4920   1.000E-03   2.9978E-05   3.8945E-05   2.9806E-05 / 3.8725E-05   
4930   1.000E-03   2.8215E-05   3.6814E-05   2.8128E-05 / 3.6699E-05   
4940   1.000E-03   2.8130E-05   3.6538E-05   2.7974E-05 / 3.6338E-05   
4950   1.000E-03   2.7845E-05   3.6100E-05   2.7635E-05 / 3.5830E-05   
4960   1.000E-03   2.7922E-05   3.5828E-05   2.7731E-05 / 3.5582E-05   
4970   1.000E-03   3.0438E-05   3.8697E-05   3.0258E-05 / 3.8467E-05   
4980   1.000E-03   2.9037E-05   3.7699E-05   2.8905E-05 / 3.7527E-05   
4990   1.000E-03   2.8061E-05   3.6069E-05   2.7915E-05 / 3.5880E-05   
5000   1.000E-03   2.8291E-05   3.7260E-05   2.8098E-05 / 3.7011E-05   
5010   1.000E-03   2.7841E-05   3.5924E-05   2.7680E-05 / 3.5716E-05   
5020   1.000E-03   2.7729E-05   3.5930E-05   2.7566E-05 / 3.5718E-05   
5030   1.000E-03   2.7657E-05   3.6017E-05   2.7530E-05 / 3.5851E-05   
5040   1.000E-03   2.7926E-05   3.6691E-05   2.7671E-05 / 3.6362E-05   
5050   1.000E-03   2.8865E-05   3.7313E-05   2.8689E-05 / 3.7083E-05   
5060   1.000E-03   2.7460E-05   3.5630E-05   2.7303E-05 / 3.5426E-05   
5070   1.000E-03   3.4559E-05   4.2429E-05   3.4437E-05 / 4.2269E-05   
5080   1.000E-03   2.7535E-05   3.5873E-05   2.7358E-05 / 3.5640E-05   
5090   1.000E-03   2.7850E-05   3.6001E-05   2.7689E-05 / 3.5788E-05   
5100   1.000E-03   2.7918E-05   3.6253E-05   2.7756E-05 / 3.6039E-05   
5110   1.000E-03   2.8241E-05   3.6260E-05   2.8038E-05 / 3.5995E-05   
5120   1.000E-03   2.8031E-05   3.6455E-05   2.7883E-05 / 3.6258E-05   
5130   1.000E-03   2.7938E-05   3.6859E-05   2.7861E-05 / 3.6756E-05   
5140   1.000E-03   2.6921E-05   3.5197E-05   2.6801E-05 / 3.5036E-05   
5150   1.000E-03   2.7707E-05   3.6153E-05   2.7601E-05 / 3.6012E-05   
5160   1.000E-03   2.7130E-05   3.5858E-05   2.6927E-05 / 3.5589E-05   
5170   1.000E-03   2.7267E-05   3.6481E-05   2.7037E-05 / 3.6177E-05   
5180   1.000E-03   2.6830E-05   3.4706E-05   2.6709E-05 / 3.4543E-05   
5190   1.000E-03   2.6858E-05   3.5321E-05   2.6687E-05 / 3.5094E-05   
5200   1.000E-03   2.8896E-05   3.8285E-05   2.8790E-05 / 3.8143E-05   
5210   1.000E-03   2.7161E-05   3.5906E-05   2.7083E-05 / 3.5800E-05   
5220   1.000E-03   2.9242E-05   3.5832E-05   2.9118E-05 / 3.5667E-05   
5230   1.000E-03   2.6807E-05   3.5796E-05   2.6718E-05 / 3.5676E-05   
5240   1.000E-03   2.6880E-05   3.4555E-05   2.6728E-05 / 3.4352E-05   
5250   1.000E-03   2.6374E-05   3.4915E-05   2.6213E-05 / 3.4701E-05   
5260   1.000E-03   2.6398E-05   3.4860E-05   2.6200E-05 / 3.4600E-05   
5270   1.000E-03   2.6672E-05   3.4509E-05   2.6517E-05 / 3.4303E-05   
5280   1.000E-03   2.9056E-05   3.7528E-05   2.8810E-05 / 3.7205E-05   
5290   1.000E-03   2.7112E-05   3.6140E-05   2.6990E-05 / 3.5976E-05   
5300   1.000E-03   2.6414E-05   3.5316E-05   2.6280E-05 / 3.5139E-05   
5310   1.000E-03   2.6799E-05   3.5001E-05   2.6610E-05 / 3.4753E-05   
5320   1.000E-03   2.6618E-05   3.5095E-05   2.6442E-05 / 3.4863E-05   
5330   1.000E-03   2.6466E-05   3.4705E-05   2.6322E-05 / 3.4513E-05   
5340   1.000E-03   2.6363E-05   3.5080E-05   2.6263E-05 / 3.4946E-05   
5350   1.000E-03   2.8278E-05   3.5523E-05   2.8096E-05 / 3.5284E-05   
5360   1.000E-03   2.6283E-05   3.4687E-05   2.6192E-05 / 3.4565E-05   
5370   1.000E-03   2.6214E-05   3.4238E-05   2.6100E-05 / 3.4087E-05   
5380   1.000E-03   2.7334E-05   3.4892E-05   2.7212E-05 / 3.4729E-05   
5390   1.000E-03   2.6043E-05   3.4203E-05   2.5907E-05 / 3.4021E-05   
5400   1.000E-03   2.5822E-05   3.4452E-05   2.5624E-05 / 3.4190E-05   
5410   1.000E-03   2.5626E-05   3.3891E-05   2.5407E-05 / 3.3604E-05   
5420   1.000E-03   2.5525E-05   3.4108E-05   2.5325E-05 / 3.3845E-05   
5430   1.000E-03   2.5933E-05   3.4300E-05   2.5755E-05 / 3.4067E-05   
5440   1.000E-03   2.5910E-05   3.4044E-05   2.5717E-05 / 3.3791E-05   
5450   1.000E-03   2.7867E-05   3.5652E-05   2.7682E-05 / 3.5412E-05   
5460   1.000E-03   2.7447E-05   3.6494E-05   2.7302E-05 / 3.6303E-05   
5470   1.000E-03   2.5568E-05   3.4511E-05   2.5400E-05 / 3.4291E-05   
5480   1.000E-03   2.6793E-05   3.5709E-05   2.6700E-05 / 3.5587E-05   
5490   1.000E-03   2.5800E-05   3.4291E-05   2.5511E-05 / 3.3921E-05   
5500   1.000E-03   2.5888E-05   3.3731E-05   2.5728E-05 / 3.3522E-05   
5510   1.000E-03   2.5316E-05   3.2680E-05   2.5218E-05 / 3.2551E-05   
5520   1.000E-03   2.6635E-05   3.5512E-05   2.6506E-05 / 3.5341E-05   
5530   1.000E-03   2.5521E-05   3.4690E-05   2.5278E-05 / 3.4378E-05   
5540   1.000E-03   2.5699E-05   3.4299E-05   2.5563E-05 / 3.4122E-05   
5550   1.000E-03   2.6141E-05   3.4475E-05   2.5968E-05 / 3.4254E-05   
5560   1.000E-03   2.5885E-05   3.4932E-05   2.5764E-05 / 3.4772E-05   
5570   1.000E-03   2.5251E-05   3.3788E-05   2.5093E-05 / 3.3582E-05   
5580   1.000E-03   2.5747E-05   3.4432E-05   2.5559E-05 / 3.4190E-05   
5590   1.000E-03   2.4843E-05   3.3672E-05   2.4583E-05 / 3.3343E-05   
5600   1.000E-03   2.7784E-05   3.4609E-05   2.7698E-05 / 3.4495E-05   
5610   1.000E-03   2.4839E-05   3.3619E-05   2.4732E-05 / 3.3480E-05   
5620   1.000E-03   2.4785E-05   3.3392E-05   2.4646E-05 / 3.3221E-05   
5630   1.000E-03   2.7331E-05   3.4138E-05   2.7134E-05 / 3.3891E-05   
5640   1.000E-03   2.4942E-05   3.3677E-05   2.4746E-05 / 3.3433E-05   
5650   1.000E-03   2.4999E-05   3.3405E-05   2.4887E-05 / 3.3262E-05   
5660   1.000E-03   2.4379E-05   3.2844E-05   2.4228E-05 / 3.2656E-05   
5670   1.000E-03   2.6051E-05   3.4372E-05   2.5889E-05 / 3.4167E-05   
5680   1.000E-03   2.6093E-05   3.4461E-05   2.5975E-05 / 3.4316E-05   
5690   1.000E-03   2.4776E-05   3.3807E-05   2.4710E-05 / 3.3719E-05   
5700   1.000E-03   2.4708E-05   3.3897E-05   2.4568E-05 / 3.3729E-05   
5710   1.000E-03   2.4234E-05   3.2891E-05   2.4033E-05 / 3.2647E-05   
5720   1.000E-03   2.5927E-05   3.3342E-05   2.5844E-05 / 3.3233E-05   
5730   1.000E-03   2.5085E-05   3.3642E-05   2.4979E-05 / 3.3506E-05   
5740   1.000E-03   2.5286E-05   3.4450E-05   2.5153E-05 / 3.4290E-05   
5750   1.000E-03   2.5974E-05   3.4546E-05   2.5848E-05 / 3.4396E-05   
5760   1.000E-03   2.5395E-05   3.3398E-05   2.5282E-05 / 3.3256E-05   
5770   1.000E-03   2.4630E-05   3.3081E-05   2.4491E-05 / 3.2907E-05   
5780   1.000E-03   2.4397E-05   3.3249E-05   2.4272E-05 / 3.3090E-05   
5790   1.000E-03   2.4448E-05   3.3611E-05   2.4317E-05 / 3.3447E-05   
5800   1.000E-03   2.4195E-05   3.2892E-05   2.4070E-05 / 3.2752E-05   
5810   1.000E-03   2.6552E-05   3.5110E-05   2.6444E-05 / 3.4980E-05   
5820   1.000E-03   2.4304E-05   3.3050E-05   2.4151E-05 / 3.2872E-05   
5830   1.000E-03   2.3797E-05   3.2463E-05   2.3579E-05 / 3.2207E-05   
5840   1.000E-03   2.4832E-05   3.4213E-05   2.4713E-05 / 3.4064E-05   
5850   1.000E-03   2.3870E-05   3.2739E-05   2.3657E-05 / 3.2498E-05   
5860   1.000E-03   2.7820E-05   3.7912E-05   2.7716E-05 / 3.7782E-05   
5870   1.000E-03   2.4106E-05   3.2153E-05   2.3990E-05 / 3.2018E-05   
5880   1.000E-03   2.4009E-05   3.2135E-05   2.3800E-05 / 3.1886E-05   
5890   1.000E-03   2.4185E-05   3.2660E-05   2.4054E-05 / 3.2496E-05   
5900   1.000E-03   2.4472E-05   3.3250E-05   2.4310E-05 / 3.3059E-05   
5910   1.000E-03   2.4662E-05   3.3042E-05   2.4422E-05 / 3.2762E-05   
5920   1.000E-03   2.4302E-05   3.1567E-05   2.4072E-05 / 3.1298E-05   
5930   1.000E-03   2.3657E-05   3.1769E-05   2.3459E-05 / 3.1545E-05   
5940   1.000E-03   2.4455E-05   3.2339E-05   2.4295E-05 / 3.2144E-05   
5950   1.000E-03   2.4034E-05   3.3271E-05   2.3874E-05 / 3.3079E-05   
5960   1.000E-03   2.3460E-05   3.1937E-05   2.3289E-05 / 3.1727E-05   
5970   1.000E-03   2.3523E-05   3.1622E-05   2.3337E-05 / 3.1400E-05   
5980   1.000E-03   2.4153E-05   3.3228E-05   2.4041E-05 / 3.3089E-05   
5990   1.000E-03   2.3294E-05   3.2325E-05   2.3104E-05 / 3.2106E-05   
6000   1.000E-03   2.3652E-05   3.2102E-05   2.3553E-05 / 3.1982E-05   
===============================================================================================================
Saved model to /home/nikki/kan/kanTBNN/models/multi_run/kan_experiment_1/kanTBNN-24Nov03_14:16:43.pickle
