========== Dataset info ==========
Dataset params: {'file': '/home/ryley/WDK/ML/dataset/turbulence_dataset_clean.csv', 'Cases': ['fp_1000', 'fp_1410', 'fp_2000', 'fp_2540', 'fp_3030', 'fp_3270', 'fp_3630', 'fp_3970', 'fp_4060'], 'val_set': ['fp_3030', 'fp_1410', 'fp_4060'], 'test_set': ['fp_3630'], 'data_loader': <class 'tbnn.dataloaders.aDataset'>}
Train/Valid/Test points: 760 / 468 / 168
Memorization?: False
Cluster training?: False
EPOCH     LR        TRAIN         VALID             MSE:T/V                  RL:T/V             %NR_t/%NR_v
===============================================================================================================
  1   5.000E-04   2.1335E-01   2.0965E-01   2.1335E-01 / 2.0965E-01   
 10   5.000E-04   8.1641E-03   7.6092E-03   8.1573E-03 / 7.6022E-03   
 20   5.000E-04   5.3132E-03   5.0592E-03   5.3102E-03 / 5.0562E-03   
 30   5.000E-04   3.6871E-03   3.5240E-03   3.6863E-03 / 3.5232E-03   
 40   5.000E-04   2.0976E-03   2.0233E-03   2.0973E-03 / 2.0230E-03   
 50   5.000E-04   1.0315E-03   9.9469E-04   1.0315E-03 / 9.9468E-04   
 60   5.000E-04   8.2802E-04   8.0531E-04   8.2798E-04 / 8.0528E-04   
 70   5.000E-04   7.4523E-04   7.2665E-04   7.4513E-04 / 7.2655E-04   
 80   5.000E-04   6.7837E-04   6.5671E-04   6.7827E-04 / 6.5662E-04   
 90   5.000E-04   6.3524E-04   6.1361E-04   6.3512E-04 / 6.1349E-04   
100   5.000E-04   5.9526E-04   5.7193E-04   5.9515E-04 / 5.7183E-04   
110   5.000E-04   5.5919E-04   5.3805E-04   5.5906E-04 / 5.3792E-04   
120   5.000E-04   5.2264E-04   4.9789E-04   5.2254E-04 / 4.9778E-04   
130   5.000E-04   4.9089E-04   4.6643E-04   4.9075E-04 / 4.6630E-04   
140   5.000E-04   4.6548E-04   4.3993E-04   4.6529E-04 / 4.3975E-04   
150   5.000E-04   4.3782E-04   4.1064E-04   4.3766E-04 / 4.1048E-04   
160   5.000E-04   4.1809E-04   3.8681E-04   4.1795E-04 / 3.8667E-04   
170   5.000E-04   4.0488E-04   3.7121E-04   4.0472E-04 / 3.7105E-04   
180   5.000E-04   3.8240E-04   3.5533E-04   3.8222E-04 / 3.5516E-04   
190   5.000E-04   3.8085E-04   3.6449E-04   3.8068E-04 / 3.6433E-04   
200   5.000E-04   3.5176E-04   3.2220E-04   3.5158E-04 / 3.2204E-04   
210   5.000E-04   3.5554E-04   3.5716E-04   3.5540E-04 / 3.5703E-04   
220   5.000E-04   3.1219E-04   2.9477E-04   3.1202E-04 / 2.9461E-04   
230   5.000E-04   3.0874E-04   3.0348E-04   3.0863E-04 / 3.0337E-04   
240   5.000E-04   3.0181E-04   2.8754E-04   3.0167E-04 / 2.8740E-04   
250   5.000E-04   2.7275E-04   2.7302E-04   2.7264E-04 / 2.7291E-04   
260   5.000E-04   2.6598E-04   2.7312E-04   2.6588E-04 / 2.7302E-04   
270   5.000E-04   2.6140E-04   2.6847E-04   2.6130E-04 / 2.6837E-04   
280   5.000E-04   2.4077E-04   2.4332E-04   2.4059E-04 / 2.4314E-04   
290   5.000E-04   2.3250E-04   2.4626E-04   2.3236E-04 / 2.4613E-04   
300   5.000E-04   2.3156E-04   2.2357E-04   2.3140E-04 / 2.2342E-04   
310   5.000E-04   2.2184E-04   2.1865E-04   2.2172E-04 / 2.1853E-04   
320   5.000E-04   2.0845E-04   2.2008E-04   2.0831E-04 / 2.1994E-04   
330   5.000E-04   2.0103E-04   2.0433E-04   2.0083E-04 / 2.0414E-04   
340   5.000E-04   1.8818E-04   1.9014E-04   1.8801E-04 / 1.8997E-04   
350   5.000E-04   1.9384E-04   1.9980E-04   1.9372E-04 / 1.9968E-04   
360   5.000E-04   1.7731E-04   1.8418E-04   1.7720E-04 / 1.8408E-04   
370   5.000E-04   1.7557E-04   1.8126E-04   1.7532E-04 / 1.8102E-04   
380   5.000E-04   1.7439E-04   1.6554E-04   1.7424E-04 / 1.6539E-04   
390   5.000E-04   1.5987E-04   1.5216E-04   1.5966E-04 / 1.5195E-04   
400   5.000E-04   1.6326E-04   1.6999E-04   1.6315E-04 / 1.6988E-04   
410   5.000E-04   1.5195E-04   1.5215E-04   1.5187E-04 / 1.5207E-04   
420   5.000E-04   1.5092E-04   1.5643E-04   1.5079E-04 / 1.5631E-04   
430   5.000E-04   1.4399E-04   1.5320E-04   1.4387E-04 / 1.5309E-04   
440   5.000E-04   1.3587E-04   1.4652E-04   1.3574E-04 / 1.4639E-04   
450   5.000E-04   1.5147E-04   1.7171E-04   1.5135E-04 / 1.7159E-04   
460   5.000E-04   1.3108E-04   1.4034E-04   1.3094E-04 / 1.4020E-04   
470   5.000E-04   1.3068E-04   1.4166E-04   1.3058E-04 / 1.4156E-04   
480   5.000E-04   1.3178E-04   1.4094E-04   1.3166E-04 / 1.4083E-04   
490   5.000E-04   1.3749E-04   1.4897E-04   1.3739E-04 / 1.4887E-04   
500   5.000E-04   1.3495E-04   1.3699E-04   1.3484E-04 / 1.3688E-04   
510   5.000E-04   1.3785E-04   1.6337E-04   1.3772E-04 / 1.6324E-04   
520   5.000E-04   1.2206E-04   1.3715E-04   1.2196E-04 / 1.3706E-04   
530   5.000E-04   1.1460E-04   1.3194E-04   1.1451E-04 / 1.3185E-04   
540   5.000E-04   1.1254E-04   1.3221E-04   1.1246E-04 / 1.3212E-04   
550   5.000E-04   1.0955E-04   1.2286E-04   1.0948E-04 / 1.2279E-04   
560   5.000E-04   1.1156E-04   1.2788E-04   1.1144E-04 / 1.2776E-04   
570   5.000E-04   1.4070E-04   1.6250E-04   1.4062E-04 / 1.6242E-04   
580   5.000E-04   1.1584E-04   1.4409E-04   1.1573E-04 / 1.4398E-04   
590   5.000E-04   1.1566E-04   1.3745E-04   1.1554E-04 / 1.3733E-04   
600   5.000E-04   1.5589E-04   1.6560E-04   1.5583E-04 / 1.6555E-04   
610   5.000E-04   1.0398E-04   1.2162E-04   1.0382E-04 / 1.2147E-04   
620   5.000E-04   1.1786E-04   1.5167E-04   1.1781E-04 / 1.5162E-04   
630   5.000E-04   1.0869E-04   1.3544E-04   1.0862E-04 / 1.3537E-04   
640   5.000E-04   1.1240E-04   1.3402E-04   1.1236E-04 / 1.3398E-04   
650   5.000E-04   9.5746E-05   1.1849E-04   9.5644E-05 / 1.1839E-04   
660   5.000E-04   9.5748E-05   1.1904E-04   9.5648E-05 / 1.1894E-04   
670   5.000E-04   1.0372E-04   1.3051E-04   1.0361E-04 / 1.3040E-04   
680   5.000E-04   8.8323E-05   1.0949E-04   8.8258E-05 / 1.0942E-04   
690   5.000E-04   8.7893E-05   1.1007E-04   8.7841E-05 / 1.1002E-04   
700   5.000E-04   8.9590E-05   1.1531E-04   8.9481E-05 / 1.1520E-04   
710   5.000E-04   8.6907E-05   1.0732E-04   8.6853E-05 / 1.0727E-04   
720   5.000E-04   9.3095E-05   1.0697E-04   9.3069E-05 / 1.0695E-04   
730   5.000E-04   8.1520E-05   1.0245E-04   8.1486E-05 / 1.0242E-04   
740   5.000E-04   8.0883E-05   1.0050E-04   8.0797E-05 / 1.0042E-04   
750   5.000E-04   8.5808E-05   1.0897E-04   8.5746E-05 / 1.0891E-04   
760   5.000E-04   7.6328E-05   9.8422E-05   7.6292E-05 / 9.8387E-05   
770   5.000E-04   8.3862E-05   9.6948E-05   8.3814E-05 / 9.6901E-05   
780   5.000E-04   7.4967E-05   9.8793E-05   7.4921E-05 / 9.8747E-05   
790   5.000E-04   1.1210E-04   1.3218E-04   1.1202E-04 / 1.3211E-04   
800   5.000E-04   6.7993E-05   8.9968E-05   6.7918E-05 / 8.9896E-05   
810   5.000E-04   6.4535E-05   8.8702E-05   6.4469E-05 / 8.8638E-05   
820   5.000E-04   7.4254E-05   9.2137E-05   7.4191E-05 / 9.2077E-05   
830   5.000E-04   8.7721E-05   1.1147E-04   8.7687E-05 / 1.1144E-04   
840   5.000E-04   5.9214E-05   9.0767E-05   5.9160E-05 / 9.0715E-05   
850   5.000E-04   7.5653E-05   1.0408E-04   7.5613E-05 / 1.0404E-04   
860   5.000E-04   1.4516E-04   1.6811E-04   1.4515E-04 / 1.6810E-04   
870   5.000E-04   5.5871E-05   8.1397E-05   5.5819E-05 / 8.1347E-05   
880   5.000E-04   5.5495E-05   8.6088E-05   5.5441E-05 / 8.6036E-05   
890   5.000E-04   5.6306E-05   8.3626E-05   5.6274E-05 / 8.3596E-05   
900   5.000E-04   5.1114E-05   7.7580E-05   5.1083E-05 / 7.7551E-05   
910   5.000E-04   5.3140E-05   8.1929E-05   5.3107E-05 / 8.1898E-05   
920   5.000E-04   5.0290E-05   7.8826E-05   5.0212E-05 / 7.8749E-05   
930   5.000E-04   5.5520E-05   8.4621E-05   5.5489E-05 / 8.4591E-05   
940   5.000E-04   4.9451E-05   7.4629E-05   4.9407E-05 / 7.4586E-05   
950   5.000E-04   4.9629E-05   7.7850E-05   4.9590E-05 / 7.7812E-05   
960   5.000E-04   5.0307E-05   7.6010E-05   5.0290E-05 / 7.5994E-05   
970   5.000E-04   4.8229E-05   7.4605E-05   4.8188E-05 / 7.4565E-05   
980   5.000E-04   4.5295E-05   7.5626E-05   4.5215E-05 / 7.5547E-05   
990   5.000E-04   4.7802E-05   7.0804E-05   4.7780E-05 / 7.0783E-05   
1000   5.000E-04   6.8567E-05   9.3346E-05   6.8544E-05 / 9.3325E-05   
1010   5.000E-04   4.6526E-05   7.5102E-05   4.6479E-05 / 7.5055E-05   
1020   5.000E-04   4.8038E-05   7.5010E-05   4.8026E-05 / 7.4998E-05   
1030   5.000E-04   4.5082E-05   7.5573E-05   4.5057E-05 / 7.5549E-05   
1040   5.000E-04   4.4563E-05   6.8186E-05   4.4547E-05 / 6.8170E-05   
1050   5.000E-04   4.1755E-05   7.1901E-05   4.1705E-05 / 7.1852E-05   
1060   5.000E-04   4.4891E-05   7.1630E-05   4.4856E-05 / 7.1596E-05   
1070   5.000E-04   5.6827E-05   8.5053E-05   5.6788E-05 / 8.5015E-05   
1080   5.000E-04   4.1620E-05   7.0284E-05   4.1601E-05 / 7.0266E-05   
1090   5.000E-04   4.1256E-05   6.8943E-05   4.1206E-05 / 6.8895E-05   
1100   5.000E-04   4.4082E-05   6.9746E-05   4.4060E-05 / 6.9726E-05   
1110   5.000E-04   4.3469E-05   6.9221E-05   4.3417E-05 / 6.9172E-05   
1120   5.000E-04   3.8842E-05   6.4066E-05   3.8788E-05 / 6.4015E-05   
1130   5.000E-04   4.3848E-05   6.6249E-05   4.3825E-05 / 6.6227E-05   
1140   5.000E-04   3.9606E-05   6.7161E-05   3.9556E-05 / 6.7113E-05   
1150   5.000E-04   3.6185E-05   6.1176E-05   3.6154E-05 / 6.1146E-05   
1160   5.000E-04   3.8863E-05   6.4298E-05   3.8825E-05 / 6.4261E-05   
1170   5.000E-04   3.8921E-05   6.3794E-05   3.8900E-05 / 6.3774E-05   
1180   5.000E-04   3.4641E-05   6.0768E-05   3.4593E-05 / 6.0722E-05   
1190   5.000E-04   4.8036E-05   7.3366E-05   4.7986E-05 / 7.3316E-05   
1200   5.000E-04   3.4357E-05   5.8879E-05   3.4344E-05 / 5.8867E-05   
1210   5.000E-04   4.0912E-05   6.6676E-05   4.0856E-05 / 6.6620E-05   
1220   5.000E-04   3.3283E-05   5.6366E-05   3.3251E-05 / 5.6334E-05   
1230   5.000E-04   3.2226E-05   5.8089E-05   3.2206E-05 / 5.8070E-05   
1240   5.000E-04   3.3823E-05   5.6479E-05   3.3738E-05 / 5.6395E-05   
1250   5.000E-04   3.2181E-05   5.8279E-05   3.2163E-05 / 5.8261E-05   
1260   5.000E-04   3.1802E-05   5.9022E-05   3.1754E-05 / 5.8975E-05   
1270   5.000E-04   3.0827E-05   5.6591E-05   3.0772E-05 / 5.6538E-05   
1280   5.000E-04   3.7515E-05   6.3669E-05   3.7474E-05 / 6.3629E-05   
1290   5.000E-04   3.0846E-05   5.2378E-05   3.0805E-05 / 5.2338E-05   
1300   5.000E-04   3.0929E-05   5.6950E-05   3.0871E-05 / 5.6894E-05   
1310   5.000E-04   3.2214E-05   5.4107E-05   3.2165E-05 / 5.4059E-05   
1320   5.000E-04   3.0372E-05   5.5187E-05   3.0335E-05 / 5.5151E-05   
1330   5.000E-04   7.2573E-05   9.1299E-05   7.2564E-05 / 9.1289E-05   
1340   5.000E-04   2.8313E-05   5.1752E-05   2.8272E-05 / 5.1712E-05   
1350   5.000E-04   3.8432E-05   5.7021E-05   3.8422E-05 / 5.7010E-05   
1360   5.000E-04   2.8160E-05   5.1956E-05   2.8124E-05 / 5.1922E-05   
1370   5.000E-04   2.8247E-05   5.3195E-05   2.8230E-05 / 5.3180E-05   
1380   5.000E-04   2.9302E-05   5.0197E-05   2.9258E-05 / 5.0156E-05   
1390   5.000E-04   2.8738E-05   4.9141E-05   2.8681E-05 / 4.9088E-05   
1400   5.000E-04   2.8942E-05   5.1388E-05   2.8923E-05 / 5.1371E-05   
1410   5.000E-04   2.7873E-05   5.0717E-05   2.7809E-05 / 5.0656E-05   
1420   5.000E-04   3.0116E-05   5.1512E-05   3.0047E-05 / 5.1446E-05   
1430   5.000E-04   2.5617E-05   4.6747E-05   2.5571E-05 / 4.6702E-05   
1440   5.000E-04   2.7229E-05   4.5968E-05   2.7171E-05 / 4.5911E-05   
1450   5.000E-04   2.5451E-05   4.8219E-05   2.5410E-05 / 4.8180E-05   
1460   5.000E-04   5.3843E-05   7.7871E-05   5.3828E-05 / 7.7857E-05   
1470   5.000E-04   2.4329E-05   4.5154E-05   2.4287E-05 / 4.5113E-05   
1480   5.000E-04   2.8103E-05   5.0232E-05   2.7971E-05 / 5.0101E-05   
1490   5.000E-04   3.2828E-05   5.4091E-05   3.2758E-05 / 5.4020E-05   
1500   5.000E-04   2.5260E-05   4.7131E-05   2.5242E-05 / 4.7114E-05   
1510   5.000E-04   2.3914E-05   4.5304E-05   2.3853E-05 / 4.5244E-05   
1520   5.000E-04   2.2750E-05   4.3274E-05   2.2699E-05 / 4.3222E-05   
1530   5.000E-04   2.5657E-05   4.7709E-05   2.5580E-05 / 4.7632E-05   
1540   5.000E-04   2.2277E-05   4.0891E-05   2.2222E-05 / 4.0836E-05   
1550   5.000E-04   2.2316E-05   4.2326E-05   2.2257E-05 / 4.2267E-05   
1560   5.000E-04   2.8248E-05   4.3422E-05   2.8132E-05 / 4.3311E-05   
1570   5.000E-04   2.1650E-05   4.1136E-05   2.1617E-05 / 4.1103E-05   
1580   5.000E-04   2.1661E-05   4.0711E-05   2.1645E-05 / 4.0695E-05   
1590   5.000E-04   2.2329E-05   4.0864E-05   2.2279E-05 / 4.0814E-05   
1600   5.000E-04   2.2648E-05   4.1401E-05   2.2559E-05 / 4.1314E-05   
1610   5.000E-04   2.2603E-05   3.9953E-05   2.2488E-05 / 3.9841E-05   
1620   5.000E-04   2.3527E-05   4.3328E-05   2.3296E-05 / 4.3100E-05   
1630   5.000E-04   2.2313E-05   4.2934E-05   2.2259E-05 / 4.2881E-05   
1640   5.000E-04   2.2917E-05   4.2164E-05   2.2902E-05 / 4.2149E-05   
1650   5.000E-04   2.0528E-05   3.8609E-05   2.0487E-05 / 3.8569E-05   
1660   5.000E-04   2.1388E-05   3.9205E-05   2.1323E-05 / 3.9141E-05   
1670   5.000E-04   1.8964E-05   3.7372E-05   1.8944E-05 / 3.7353E-05   
1680   5.000E-04   2.0095E-05   3.7672E-05   2.0081E-05 / 3.7658E-05   
1690   5.000E-04   2.0675E-05   3.8400E-05   2.0630E-05 / 3.8356E-05   
1700   5.000E-04   2.2537E-05   4.3295E-05   2.2491E-05 / 4.3250E-05   
1710   5.000E-04   1.9968E-05   3.4798E-05   1.9963E-05 / 3.4793E-05   
1720   5.000E-04   1.8507E-05   3.6802E-05   1.8482E-05 / 3.6779E-05   
1730   5.000E-04   1.8527E-05   3.6236E-05   1.8519E-05 / 3.6229E-05   
1740   5.000E-04   2.1574E-05   3.9831E-05   2.1495E-05 / 3.9752E-05   
1750   5.000E-04   1.8905E-05   3.6597E-05   1.8832E-05 / 3.6524E-05   
1760   5.000E-04   1.9456E-05   3.7839E-05   1.9415E-05 / 3.7798E-05   
1770   5.000E-04   1.7687E-05   3.3302E-05   1.7656E-05 / 3.3270E-05   
1780   5.000E-04   2.3118E-05   3.7487E-05   2.3067E-05 / 3.7436E-05   
1790   5.000E-04   2.6523E-05   3.7273E-05   2.6427E-05 / 3.7175E-05   
1800   5.000E-04   1.7495E-05   3.3668E-05   1.7428E-05 / 3.3599E-05   
1810   5.000E-04   1.7430E-05   3.2828E-05   1.7414E-05 / 3.2813E-05   
1820   5.000E-04   1.7466E-05   3.5388E-05   1.7463E-05 / 3.5386E-05   
1830   5.000E-04   1.6341E-05   3.3065E-05   1.6335E-05 / 3.3060E-05   
1840   5.000E-04   1.6492E-05   3.1928E-05   1.6428E-05 / 3.1862E-05   
1850   5.000E-04   1.5949E-05   3.2362E-05   1.5939E-05 / 3.2352E-05   
1860   5.000E-04   1.6827E-05   3.2010E-05   1.6729E-05 / 3.1912E-05   
1870   5.000E-04   2.0634E-05   3.9044E-05   2.0626E-05 / 3.9037E-05   
1880   5.000E-04   1.5206E-05   3.1277E-05   1.5193E-05 / 3.1264E-05   
1890   5.000E-04   1.5549E-05   3.1014E-05   1.5517E-05 / 3.0981E-05   
1900   5.000E-04   1.6513E-05   3.1170E-05   1.6496E-05 / 3.1153E-05   
1910   5.000E-04   1.5209E-05   3.0478E-05   1.5205E-05 / 3.0473E-05   
1920   5.000E-04   1.6017E-05   3.0166E-05   1.5994E-05 / 3.0142E-05   
1930   5.000E-04   2.2052E-05   3.6330E-05   2.1964E-05 / 3.6244E-05   
1940   5.000E-04   1.7216E-05   3.2405E-05   1.7202E-05 / 3.2389E-05   
1950   5.000E-04   1.9061E-05   3.6762E-05   1.8990E-05 / 3.6693E-05   
1960   5.000E-04   1.9427E-05   3.2195E-05   1.9425E-05 / 3.2191E-05   
1970   5.000E-04   1.7297E-05   3.1454E-05   1.7192E-05 / 3.1352E-05   
1980   5.000E-04   1.4338E-05   2.9737E-05   1.4329E-05 / 2.9727E-05   
1990   5.000E-04   1.6315E-05   2.9197E-05   1.6273E-05 / 2.9156E-05   
2000   5.000E-04   2.0469E-05   3.4437E-05   2.0442E-05 / 3.4410E-05   
===============================================================================================================
Saved model to models/fp_only/TBNNiii-24May11_10:00:22.pickle
