========== Dataset info ==========
Dataset params: {'file': '/home/ryley/WDK/ML/dataset/turbulence_dataset_clean.csv', 'Cases': ['fp_1000', 'fp_1410', 'fp_2000', 'fp_2540', 'fp_3030', 'fp_3270', 'fp_3630', 'fp_3970', 'fp_4060'], 'val_set': ['fp_3030', 'fp_1410', 'fp_4060'], 'test_set': ['fp_3630'], 'data_loader': <class 'tbnn.dataloaders.aDataset'>}
Train/Valid/Test points: 760 / 468 / 168
Memorization?: False
Cluster training?: False
EPOCH     LR        TRAIN         VALID             MSE:T/V                  RL:T/V             %NR_t/%NR_v
===============================================================================================================
  1   5.000E-04   2.1737E-01   2.1364E-01   2.1737E-01 / 2.1364E-01   
 10   5.000E-04   1.8877E-02   1.8310E-02   1.8877E-02 / 1.8310E-02   
 20   5.000E-04   1.0152E-02   9.8633E-03   1.0113E-02 / 9.8217E-03   
 30   5.000E-04   3.3743E-03   3.2282E-03   3.3158E-03 / 3.1679E-03   
 40   5.000E-04   2.1053E-03   2.0132E-03   2.0982E-03 / 2.0058E-03   
 50   5.000E-04   1.8031E-03   1.7248E-03   1.7985E-03 / 1.7202E-03   
 60   5.000E-04   1.6171E-03   1.5456E-03   1.6137E-03 / 1.5422E-03   
 70   5.000E-04   1.4937E-03   1.4259E-03   1.4905E-03 / 1.4226E-03   
 80   5.000E-04   1.4071E-03   1.3427E-03   1.4056E-03 / 1.3412E-03   
 90   5.000E-04   1.3347E-03   1.2631E-03   1.3339E-03 / 1.2622E-03   
100   5.000E-04   1.2538E-03   1.1877E-03   1.2515E-03 / 1.1854E-03   
110   5.000E-04   1.1749E-03   1.1112E-03   1.1719E-03 / 1.1082E-03   
120   5.000E-04   1.0913E-03   1.0438E-03   1.0880E-03 / 1.0405E-03   
130   5.000E-04   1.0100E-03   9.5222E-04   1.0089E-03 / 9.5112E-04   
140   5.000E-04   9.2846E-04   8.8143E-04   9.2644E-04 / 8.7943E-04   
150   5.000E-04   8.5681E-04   8.0934E-04   8.5143E-04 / 8.0400E-04   
160   5.000E-04   8.0268E-04   7.6066E-04   7.9842E-04 / 7.5648E-04   
170   5.000E-04   7.5453E-04   7.0854E-04   7.5010E-04 / 7.0414E-04   
180   5.000E-04   7.1759E-04   6.7344E-04   7.1161E-04 / 6.6755E-04   
190   5.000E-04   6.8275E-04   6.3064E-04   6.7859E-04 / 6.2656E-04   
200   5.000E-04   6.4346E-04   5.8666E-04   6.4049E-04 / 5.8373E-04   
210   5.000E-04   6.1537E-04   5.5812E-04   6.1390E-04 / 5.5668E-04   
220   5.000E-04   5.8187E-04   5.2622E-04   5.7955E-04 / 5.2397E-04   
230   5.000E-04   5.6605E-04   5.0244E-04   5.6442E-04 / 5.0086E-04   
240   5.000E-04   5.2801E-04   4.7857E-04   5.2681E-04 / 4.7740E-04   
250   5.000E-04   5.0322E-04   4.5471E-04   4.9977E-04 / 4.5135E-04   
260   5.000E-04   4.7641E-04   4.2250E-04   4.7516E-04 / 4.2128E-04   
270   5.000E-04   4.5549E-04   4.0387E-04   4.5488E-04 / 4.0329E-04   
280   5.000E-04   4.3158E-04   3.7998E-04   4.3072E-04 / 3.7914E-04   
290   5.000E-04   4.1485E-04   3.6425E-04   4.1382E-04 / 3.6326E-04   
300   5.000E-04   3.9776E-04   3.4934E-04   3.9722E-04 / 3.4884E-04   
310   5.000E-04   3.7713E-04   3.3186E-04   3.7593E-04 / 3.3071E-04   
320   5.000E-04   3.5635E-04   3.1083E-04   3.5612E-04 / 3.1061E-04   
330   5.000E-04   3.4059E-04   3.0059E-04   3.4022E-04 / 3.0023E-04   
340   5.000E-04   3.2261E-04   2.8608E-04   3.2212E-04 / 2.8561E-04   
350   5.000E-04   3.0273E-04   2.7270E-04   3.0245E-04 / 2.7245E-04   
360   5.000E-04   2.8844E-04   2.6170E-04   2.8838E-04 / 2.6165E-04   
370   5.000E-04   2.6363E-04   2.3900E-04   2.6320E-04 / 2.3861E-04   
380   5.000E-04   2.5723E-04   2.3651E-04   2.5573E-04 / 2.3505E-04   
390   5.000E-04   2.3515E-04   2.1288E-04   2.3478E-04 / 2.1252E-04   
400   5.000E-04   2.2810E-04   2.0245E-04   2.2707E-04 / 2.0149E-04   
410   5.000E-04   2.1673E-04   1.9559E-04   2.1629E-04 / 1.9519E-04   
420   5.000E-04   2.0888E-04   1.8808E-04   2.0798E-04 / 1.8723E-04   
430   5.000E-04   2.0266E-04   1.8323E-04   2.0236E-04 / 1.8297E-04   
440   5.000E-04   1.9557E-04   1.7549E-04   1.9520E-04 / 1.7515E-04   
450   5.000E-04   1.9117E-04   1.7351E-04   1.9035E-04 / 1.7274E-04   
460   5.000E-04   1.8415E-04   1.6672E-04   1.8393E-04 / 1.6652E-04   
470   5.000E-04   1.7693E-04   1.6000E-04   1.7686E-04 / 1.5993E-04   
480   5.000E-04   1.7411E-04   1.5822E-04   1.7351E-04 / 1.5766E-04   
490   5.000E-04   1.7222E-04   1.5522E-04   1.7146E-04 / 1.5448E-04   
500   5.000E-04   1.6289E-04   1.4315E-04   1.6269E-04 / 1.4296E-04   
510   5.000E-04   1.5696E-04   1.4121E-04   1.5593E-04 / 1.4025E-04   
520   5.000E-04   1.5292E-04   1.3454E-04   1.5249E-04 / 1.3417E-04   
530   5.000E-04   1.5183E-04   1.3521E-04   1.5145E-04 / 1.3488E-04   
540   5.000E-04   1.4330E-04   1.2661E-04   1.4295E-04 / 1.2631E-04   
550   5.000E-04   1.3961E-04   1.2359E-04   1.3920E-04 / 1.2324E-04   
560   5.000E-04   1.3658E-04   1.2290E-04   1.3586E-04 / 1.2224E-04   
570   5.000E-04   1.3692E-04   1.2569E-04   1.3687E-04 / 1.2566E-04   
580   5.000E-04   1.3099E-04   1.1767E-04   1.3068E-04 / 1.1740E-04   
590   5.000E-04   1.2935E-04   1.1627E-04   1.2906E-04 / 1.1601E-04   
600   5.000E-04   1.2387E-04   1.1441E-04   1.2375E-04 / 1.1429E-04   
610   5.000E-04   1.2794E-04   1.1936E-04   1.2762E-04 / 1.1905E-04   
620   5.000E-04   1.1647E-04   1.0642E-04   1.1607E-04 / 1.0604E-04   
630   5.000E-04   1.1416E-04   1.0767E-04   1.1384E-04 / 1.0737E-04   
640   5.000E-04   1.1309E-04   1.0666E-04   1.1282E-04 / 1.0640E-04   
650   5.000E-04   1.1126E-04   1.0173E-04   1.1100E-04 / 1.0149E-04   
660   5.000E-04   1.0792E-04   1.0033E-04   1.0761E-04 / 1.0005E-04   
670   5.000E-04   1.1296E-04   1.0617E-04   1.1290E-04 / 1.0614E-04   
680   5.000E-04   1.0475E-04   9.7297E-05   1.0455E-04 / 9.7137E-05   
690   5.000E-04   1.0182E-04   9.7371E-05   1.0118E-04 / 9.6781E-05   
700   5.000E-04   1.0712E-04   1.0396E-04   1.0616E-04 / 1.0308E-04   
710   5.000E-04   1.0658E-04   1.0099E-04   1.0609E-04 / 1.0055E-04   
720   5.000E-04   9.5681E-05   9.2177E-05   9.4890E-05 / 9.1456E-05   
730   5.000E-04   9.3717E-05   8.9309E-05   9.3263E-05 / 8.8919E-05   
740   5.000E-04   9.2529E-05   9.0083E-05   9.2320E-05 / 8.9928E-05   
750   5.000E-04   9.4667E-05   9.1864E-05   9.4035E-05 / 9.1310E-05   
760   5.000E-04   9.0498E-05   8.7131E-05   8.9967E-05 / 8.6671E-05   
770   5.000E-04   8.7975E-05   8.5303E-05   8.7300E-05 / 8.4706E-05   
780   5.000E-04   8.9626E-05   8.5891E-05   8.9590E-05 / 8.5852E-05   
790   5.000E-04   8.4930E-05   8.2443E-05   8.4319E-05 / 8.1909E-05   
800   5.000E-04   8.7207E-05   8.3985E-05   8.6658E-05 / 8.3511E-05   
810   5.000E-04   8.5783E-05   8.3196E-05   8.5423E-05 / 8.2884E-05   
820   5.000E-04   8.2173E-05   7.9635E-05   8.2117E-05 / 7.9572E-05   
830   5.000E-04   8.4280E-05   7.9848E-05   8.4206E-05 / 7.9768E-05   
840   5.000E-04   8.2136E-05   7.8948E-05   8.1518E-05 / 7.8407E-05   
850   5.000E-04   9.0641E-05   8.7309E-05   9.0620E-05 / 8.7289E-05   
860   5.000E-04   8.0148E-05   7.9364E-05   8.0074E-05 / 7.9292E-05   
870   5.000E-04   8.2026E-05   8.0699E-05   8.2003E-05 / 8.0696E-05   
880   5.000E-04   7.6863E-05   7.5404E-05   7.6479E-05 / 7.5065E-05   
890   5.000E-04   7.4441E-05   7.1622E-05   7.4415E-05 / 7.1605E-05   
900   5.000E-04   7.5902E-05   7.4718E-05   7.5706E-05 / 7.4548E-05   
910   5.000E-04   7.3991E-05   7.0847E-05   7.3905E-05 / 7.0780E-05   
920   5.000E-04   7.4418E-05   7.3863E-05   7.2987E-05 / 7.2527E-05   
930   5.000E-04   7.3664E-05   7.2011E-05   7.3161E-05 / 7.1573E-05   
940   5.000E-04   7.1570E-05   6.8767E-05   7.1096E-05 / 6.8359E-05   
950   5.000E-04   7.0481E-05   6.9452E-05   6.9818E-05 / 6.8858E-05   
960   5.000E-04   7.1374E-05   6.9540E-05   7.1148E-05 / 6.9369E-05   
970   5.000E-04   7.0577E-05   6.9381E-05   7.0352E-05 / 6.9215E-05   
980   5.000E-04   6.7671E-05   6.7733E-05   6.7522E-05 / 6.7636E-05   
990   5.000E-04   6.6146E-05   6.5244E-05   6.5763E-05 / 6.4935E-05   
1000   5.000E-04   6.9000E-05   6.7026E-05   6.8660E-05 / 6.6757E-05   
1010   5.000E-04   6.4554E-05   6.2691E-05   6.4407E-05 / 6.2597E-05   
1020   5.000E-04   7.2381E-05   7.2053E-05   7.1953E-05 / 7.1729E-05   
1030   5.000E-04   6.5713E-05   6.5269E-05   6.5089E-05 / 6.4724E-05   
1040   5.000E-04   6.2513E-05   6.1753E-05   6.2352E-05 / 6.1649E-05   
1050   5.000E-04   6.5053E-05   6.2168E-05   6.4989E-05 / 6.2138E-05   
1060   5.000E-04   6.1816E-05   6.0483E-05   6.1617E-05 / 6.0342E-05   
1070   5.000E-04   6.2736E-05   6.2520E-05   6.2500E-05 / 6.2353E-05   
1080   5.000E-04   6.0912E-05   5.9921E-05   6.0742E-05 / 5.9804E-05   
1090   5.000E-04   5.8824E-05   5.8122E-05   5.8705E-05 / 5.8044E-05   
1100   5.000E-04   5.9961E-05   5.9833E-05   5.9870E-05 / 5.9770E-05   
1110   5.000E-04   6.2382E-05   6.1878E-05   6.2101E-05 / 6.1661E-05   
1120   5.000E-04   5.8671E-05   5.9064E-05   5.8584E-05 / 5.8996E-05   
1130   5.000E-04   5.9822E-05   6.0297E-05   5.9748E-05 / 6.0237E-05   
1140   5.000E-04   5.6614E-05   5.5871E-05   5.6410E-05 / 5.5711E-05   
1150   5.000E-04   5.7176E-05   5.6242E-05   5.7020E-05 / 5.6116E-05   
1160   5.000E-04   5.6677E-05   5.7826E-05   5.6362E-05 / 5.7564E-05   
1170   5.000E-04   5.6808E-05   5.6154E-05   5.6586E-05 / 5.5967E-05   
1180   5.000E-04   5.6242E-05   5.6323E-05   5.6156E-05 / 5.6243E-05   
1190   5.000E-04   5.3695E-05   5.4100E-05   5.3537E-05 / 5.3955E-05   
1200   5.000E-04   5.5405E-05   5.3985E-05   5.5184E-05 / 5.3783E-05   
1210   5.000E-04   6.0685E-05   6.0247E-05   6.0617E-05 / 6.0175E-05   
1220   5.000E-04   5.2315E-05   5.3458E-05   5.2011E-05 / 5.3185E-05   
1230   5.000E-04   5.2564E-05   5.4329E-05   5.2238E-05 / 5.4032E-05   
1240   5.000E-04   5.7841E-05   5.9777E-05   5.7309E-05 / 5.9292E-05   
1250   5.000E-04   5.1315E-05   5.2805E-05   5.1252E-05 / 5.2742E-05   
1260   5.000E-04   5.2000E-05   5.2040E-05   5.1760E-05 / 5.1816E-05   
1270   5.000E-04   5.5876E-05   5.7989E-05   5.5055E-05 / 5.7429E-05   
1280   5.000E-04   5.0075E-05   5.1537E-05   4.9735E-05 / 5.1227E-05   
1290   5.000E-04   5.1816E-05   5.2102E-05   5.1786E-05 / 5.2096E-05   
1300   5.000E-04   5.1807E-05   5.3024E-05   5.1622E-05 / 5.2864E-05   
1310   5.000E-04   4.8931E-05   5.0296E-05   4.8577E-05 / 4.9975E-05   
1320   5.000E-04   4.8693E-05   4.9841E-05   4.8532E-05 / 4.9709E-05   
1330   5.000E-04   4.8854E-05   4.9802E-05   4.8838E-05 / 4.9800E-05   
1340   5.000E-04   5.4460E-05   5.4708E-05   5.4335E-05 / 5.4620E-05   
1350   5.000E-04   5.3556E-05   5.6066E-05   5.2796E-05 / 5.5404E-05   
1360   5.000E-04   4.7012E-05   4.7464E-05   4.6698E-05 / 4.7195E-05   
1370   5.000E-04   4.7569E-05   4.8172E-05   4.7337E-05 / 4.7989E-05   
1380   5.000E-04   4.8665E-05   5.1441E-05   4.8478E-05 / 5.1336E-05   
1390   5.000E-04   4.8080E-05   4.9234E-05   4.7781E-05 / 4.9061E-05   
1400   5.000E-04   4.5984E-05   4.8215E-05   4.5637E-05 / 4.7928E-05   
1410   5.000E-04   4.9412E-05   5.1308E-05   4.9328E-05 / 5.1288E-05   
1420   5.000E-04   4.4472E-05   4.5983E-05   4.4046E-05 / 4.5625E-05   
1430   5.000E-04   4.9430E-05   5.0637E-05   4.9218E-05 / 5.0499E-05   
1440   5.000E-04   4.6784E-05   4.9916E-05   4.6066E-05 / 4.9309E-05   
1450   5.000E-04   4.4705E-05   4.6093E-05   4.4415E-05 / 4.5887E-05   
1460   5.000E-04   4.4655E-05   4.6793E-05   4.4219E-05 / 4.6447E-05   
1470   5.000E-04   4.3217E-05   4.5678E-05   4.3115E-05 / 4.5642E-05   
1480   5.000E-04   4.3016E-05   4.4947E-05   4.2868E-05 / 4.4877E-05   
1490   5.000E-04   4.9209E-05   5.0761E-05   4.8977E-05 / 5.0622E-05   
1500   5.000E-04   4.2631E-05   4.4357E-05   4.2541E-05 / 4.4326E-05   
1510   5.000E-04   4.3140E-05   4.5399E-05   4.2832E-05 / 4.5204E-05   
1520   5.000E-04   4.2829E-05   4.4992E-05   4.2558E-05 / 4.4822E-05   
1530   5.000E-04   4.0887E-05   4.3407E-05   4.0745E-05 / 4.3335E-05   
1540   5.000E-04   4.2911E-05   4.5328E-05   4.2688E-05 / 4.5196E-05   
1550   5.000E-04   4.1110E-05   4.3005E-05   4.1083E-05 / 4.2993E-05   
1560   5.000E-04   4.3083E-05   4.5858E-05   4.2992E-05 / 4.5812E-05   
1570   5.000E-04   4.1514E-05   4.3916E-05   4.1390E-05 / 4.3845E-05   
1580   5.000E-04   4.2404E-05   4.6283E-05   4.2226E-05 / 4.6185E-05   
1590   5.000E-04   4.0339E-05   4.2854E-05   3.9936E-05 / 4.2575E-05   
1600   5.000E-04   4.4295E-05   4.8860E-05   4.4011E-05 / 4.8668E-05   
1610   5.000E-04   4.2232E-05   4.6801E-05   4.1853E-05 / 4.6542E-05   
1620   5.000E-04   4.0008E-05   4.3655E-05   3.9727E-05 / 4.3458E-05   
1630   5.000E-04   4.0052E-05   4.2121E-05   3.9967E-05 / 4.2053E-05   
1640   5.000E-04   4.3066E-05   4.7180E-05   4.2917E-05 / 4.7062E-05   
1650   5.000E-04   3.8477E-05   4.2568E-05   3.8327E-05 / 4.2453E-05   
1660   5.000E-04   3.7680E-05   4.1130E-05   3.7370E-05 / 4.0893E-05   
1670   5.000E-04   3.8708E-05   4.1881E-05   3.8586E-05 / 4.1776E-05   
1680   5.000E-04   3.9115E-05   4.1607E-05   3.9054E-05 / 4.1544E-05   
1690   5.000E-04   4.0006E-05   4.4410E-05   3.9956E-05 / 4.4355E-05   
1700   5.000E-04   3.8461E-05   4.2388E-05   3.8267E-05 / 4.2243E-05   
1710   5.000E-04   3.7878E-05   4.1619E-05   3.7828E-05 / 4.1563E-05   
1720   5.000E-04   3.7961E-05   4.1353E-05   3.7462E-05 / 4.0951E-05   
1730   5.000E-04   3.8061E-05   4.1385E-05   3.8037E-05 / 4.1355E-05   
1740   5.000E-04   3.9019E-05   4.2331E-05   3.8959E-05 / 4.2266E-05   
1750   5.000E-04   4.6853E-05   5.0131E-05   4.6781E-05 / 5.0055E-05   
1760   5.000E-04   3.6281E-05   3.9455E-05   3.6152E-05 / 3.9330E-05   
1770   5.000E-04   3.6152E-05   3.9892E-05   3.5936E-05 / 3.9693E-05   
1780   5.000E-04   3.8973E-05   4.2173E-05   3.8645E-05 / 4.1884E-05   
1790   5.000E-04   3.6096E-05   4.0612E-05   3.5827E-05 / 4.0370E-05   
1800   5.000E-04   3.9879E-05   4.2662E-05   3.9804E-05 / 4.2590E-05   
1810   5.000E-04   3.5770E-05   3.9724E-05   3.5676E-05 / 3.9634E-05   
1820   5.000E-04   3.5638E-05   3.9871E-05   3.5437E-05 / 3.9688E-05   
1830   5.000E-04   3.5300E-05   3.8570E-05   3.5113E-05 / 3.8397E-05   
1840   5.000E-04   3.4820E-05   3.8974E-05   3.4656E-05 / 3.8824E-05   
1850   5.000E-04   3.4791E-05   3.8904E-05   3.4655E-05 / 3.8784E-05   
1860   5.000E-04   3.6625E-05   4.2236E-05   3.6551E-05 / 4.2180E-05   
1870   5.000E-04   3.3835E-05   3.7784E-05   3.3701E-05 / 3.7670E-05   
1880   5.000E-04   3.6034E-05   3.9535E-05   3.5896E-05 / 3.9422E-05   
1890   5.000E-04   3.7602E-05   4.1709E-05   3.7530E-05 / 4.1665E-05   
1900   5.000E-04   3.7363E-05   4.0980E-05   3.7209E-05 / 4.0854E-05   
1910   5.000E-04   3.3695E-05   3.8367E-05   3.3524E-05 / 3.8229E-05   
1920   5.000E-04   3.3918E-05   3.8163E-05   3.3772E-05 / 3.8056E-05   
1930   5.000E-04   3.4357E-05   3.8644E-05   3.4238E-05 / 3.8562E-05   
1940   5.000E-04   3.6475E-05   4.0373E-05   3.6073E-05 / 4.0009E-05   
1950   5.000E-04   3.2878E-05   3.7497E-05   3.2765E-05 / 3.7428E-05   
1960   5.000E-04   3.7617E-05   4.2528E-05   3.7336E-05 / 4.2416E-05   
1970   5.000E-04   3.3235E-05   3.7714E-05   3.3105E-05 / 3.7633E-05   
1980   5.000E-04   3.2827E-05   3.7319E-05   3.2589E-05 / 3.7131E-05   
1990   5.000E-04   3.5665E-05   3.8979E-05   3.5502E-05 / 3.8874E-05   
2000   5.000E-04   3.3320E-05   3.8899E-05   3.3232E-05 / 3.8865E-05   
===============================================================================================================
Saved model to models/fp_only/TBNNiii-24May22_10:16:00.pickle
