========== Dataset info ==========
Dataset params: {'file': '/home/ryley/WDK/ML/dataset/turbulence_dataset_clean.csv', 'Cases': ['fp_1000', 'fp_1410', 'fp_2000', 'fp_2540', 'fp_3030', 'fp_3270', 'fp_3630', 'fp_3970', 'fp_4060'], 'val_set': ['fp_3030', 'fp_1410', 'fp_4060'], 'test_set': ['fp_3630'], 'data_loader': <class 'tbnn.dataloaders.aDataset'>}
Train/Valid/Test points: 760 / 468 / 168
Memorization?: False
Cluster training?: False
EPOCH     LR        TRAIN         VALID             MSE:T/V                  RL:T/V             %NR_t/%NR_v
===============================================================================================================
  1   5.000E-04   2.2110E-01   2.1735E-01   2.2110E-01 / 2.1735E-01   
 10   5.000E-04   1.6892E-02   1.6345E-02   1.6892E-02 / 1.6345E-02   
 20   5.000E-04   9.6441E-03   9.3204E-03   9.6441E-03 / 9.3204E-03   
 30   5.000E-04   4.9098E-03   4.7601E-03   4.6397E-03 / 4.4734E-03   
 40   5.000E-04   2.8893E-03   2.7839E-03   2.8221E-03 / 2.7121E-03   
 50   5.000E-04   2.2244E-03   2.1405E-03   2.2108E-03 / 2.1249E-03   
 60   5.000E-04   1.9527E-03   1.8666E-03   1.9483E-03 / 1.8619E-03   
 70   5.000E-04   1.7742E-03   1.6975E-03   1.7680E-03 / 1.6910E-03   
 80   5.000E-04   1.6428E-03   1.5598E-03   1.6424E-03 / 1.5594E-03   
 90   5.000E-04   1.5444E-03   1.4690E-03   1.5427E-03 / 1.4673E-03   
100   5.000E-04   1.4676E-03   1.3983E-03   1.4676E-03 / 1.3983E-03   
110   5.000E-04   1.3842E-03   1.3119E-03   1.3842E-03 / 1.3119E-03   
120   5.000E-04   1.3135E-03   1.2490E-03   1.3135E-03 / 1.2490E-03   
130   5.000E-04   1.2473E-03   1.1952E-03   1.2473E-03 / 1.1952E-03   
140   5.000E-04   1.1605E-03   1.1062E-03   1.1605E-03 / 1.1062E-03   
150   5.000E-04   1.0864E-03   1.0369E-03   1.0864E-03 / 1.0369E-03   
160   5.000E-04   1.0257E-03   9.7169E-04   1.0257E-03 / 9.7169E-04   
170   5.000E-04   9.2836E-04   8.9334E-04   9.2836E-04 / 8.9334E-04   
180   5.000E-04   8.5831E-04   8.1466E-04   8.5831E-04 / 8.1466E-04   
190   5.000E-04   7.9741E-04   7.5715E-04   7.9741E-04 / 7.5715E-04   
200   5.000E-04   7.4945E-04   7.1325E-04   7.4945E-04 / 7.1325E-04   
210   5.000E-04   7.3752E-04   7.0175E-04   7.0614E-04 / 6.7105E-04   
220   5.000E-04   6.7584E-04   6.3825E-04   6.6829E-04 / 6.3129E-04   
230   5.000E-04   6.4718E-04   6.0398E-04   6.4718E-04 / 6.0398E-04   
240   5.000E-04   6.1922E-04   5.8239E-04   6.1922E-04 / 5.8239E-04   
250   5.000E-04   5.8514E-04   5.4700E-04   5.8514E-04 / 5.4700E-04   
260   5.000E-04   5.6220E-04   5.2751E-04   5.6220E-04 / 5.2751E-04   
270   5.000E-04   5.3246E-04   4.9947E-04   5.3246E-04 / 4.9947E-04   
280   5.000E-04   5.0933E-04   4.7965E-04   5.0877E-04 / 4.7911E-04   
290   5.000E-04   4.8928E-04   4.6081E-04   4.8928E-04 / 4.6081E-04   
300   5.000E-04   4.7696E-04   4.5138E-04   4.7696E-04 / 4.5138E-04   
310   5.000E-04   4.5986E-04   4.3545E-04   4.5312E-04 / 4.2870E-04   
320   5.000E-04   4.6633E-04   4.4027E-04   4.6633E-04 / 4.4027E-04   
330   5.000E-04   4.3639E-04   4.0789E-04   4.3639E-04 / 4.0789E-04   
340   5.000E-04   4.3050E-04   4.0308E-04   4.3050E-04 / 4.0308E-04   
350   5.000E-04   4.3184E-04   4.0834E-04   4.3184E-04 / 4.0834E-04   
360   5.000E-04   4.0842E-04   3.8253E-04   4.0842E-04 / 3.8253E-04   
370   5.000E-04   3.9856E-04   3.7047E-04   3.9856E-04 / 3.7047E-04   
380   5.000E-04   4.8351E-04   4.5661E-04   4.8351E-04 / 4.5661E-04   
390   5.000E-04   3.8131E-04   3.5504E-04   3.8131E-04 / 3.5504E-04   
400   5.000E-04   3.7520E-04   3.4853E-04   3.7520E-04 / 3.4853E-04   
410   5.000E-04   5.5186E-04   5.2706E-04   5.5186E-04 / 5.2706E-04   
420   5.000E-04   3.6340E-04   3.3925E-04   3.6340E-04 / 3.3925E-04   
430   5.000E-04   3.5742E-04   3.3264E-04   3.5742E-04 / 3.3264E-04   
440   5.000E-04   3.4912E-04   3.2563E-04   3.4671E-04 / 3.2332E-04   
450   5.000E-04   3.3992E-04   3.1701E-04   3.3992E-04 / 3.1701E-04   
460   5.000E-04   3.3449E-04   3.0939E-04   3.3449E-04 / 3.0939E-04   
470   5.000E-04   3.3222E-04   3.1172E-04   3.3222E-04 / 3.1172E-04   
480   5.000E-04   3.2349E-04   3.0409E-04   3.2349E-04 / 3.0409E-04   
490   5.000E-04   3.1844E-04   2.9468E-04   3.1844E-04 / 2.9468E-04   
500   5.000E-04   3.2144E-04   2.9661E-04   3.2144E-04 / 2.9661E-04   
510   5.000E-04   3.0928E-04   2.8679E-04   3.0928E-04 / 2.8679E-04   
520   5.000E-04   3.2454E-04   3.0570E-04   3.2397E-04 / 3.0528E-04   
530   5.000E-04   2.9329E-04   2.7201E-04   2.9329E-04 / 2.7201E-04   
540   5.000E-04   2.9468E-04   2.7028E-04   2.9468E-04 / 2.7028E-04   
550   5.000E-04   2.8621E-04   2.6479E-04   2.8621E-04 / 2.6479E-04   
560   5.000E-04   2.7654E-04   2.5391E-04   2.7560E-04 / 2.5311E-04   
570   5.000E-04   2.6982E-04   2.5018E-04   2.6982E-04 / 2.5018E-04   
580   5.000E-04   2.6671E-04   2.4988E-04   2.6671E-04 / 2.4988E-04   
590   5.000E-04   2.8835E-04   2.6922E-04   2.8835E-04 / 2.6922E-04   
600   5.000E-04   2.4959E-04   2.2838E-04   2.4959E-04 / 2.2838E-04   
610   5.000E-04   2.5109E-04   2.3281E-04   2.5109E-04 / 2.3281E-04   
620   5.000E-04   3.6565E-04   3.3907E-04   3.6565E-04 / 3.3907E-04   
630   5.000E-04   2.4116E-04   2.2206E-04   2.4116E-04 / 2.2206E-04   
640   5.000E-04   2.5629E-04   2.3630E-04   2.5629E-04 / 2.3630E-04   
650   5.000E-04   2.3371E-04   2.1502E-04   2.3371E-04 / 2.1502E-04   
660   5.000E-04   2.7380E-04   2.5401E-04   2.7380E-04 / 2.5401E-04   
670   5.000E-04   2.2081E-04   2.0630E-04   2.2081E-04 / 2.0630E-04   
680   5.000E-04   2.1332E-04   1.9965E-04   2.1303E-04 / 1.9941E-04   
690   5.000E-04   2.0919E-04   1.9653E-04   2.0919E-04 / 1.9653E-04   
700   5.000E-04   2.2088E-04   2.0483E-04   2.2088E-04 / 2.0483E-04   
710   5.000E-04   2.0348E-04   1.9444E-04   2.0348E-04 / 1.9444E-04   
720   5.000E-04   2.0323E-04   1.9436E-04   2.0323E-04 / 1.9436E-04   
730   5.000E-04   2.0414E-04   1.9587E-04   2.0414E-04 / 1.9587E-04   
740   5.000E-04   1.9205E-04   1.8540E-04   1.9205E-04 / 1.8540E-04   
750   5.000E-04   1.8975E-04   1.8298E-04   1.8975E-04 / 1.8298E-04   
760   5.000E-04   1.8197E-04   1.7584E-04   1.8197E-04 / 1.7584E-04   
770   5.000E-04   1.8230E-04   1.7869E-04   1.8230E-04 / 1.7869E-04   
780   5.000E-04   1.9406E-04   1.8831E-04   1.9406E-04 / 1.8831E-04   
790   5.000E-04   1.8025E-04   1.7573E-04   1.8025E-04 / 1.7573E-04   
800   5.000E-04   1.7389E-04   1.6987E-04   1.7389E-04 / 1.6987E-04   
810   5.000E-04   1.7177E-04   1.6971E-04   1.7126E-04 / 1.6942E-04   
820   5.000E-04   1.6885E-04   1.6700E-04   1.6885E-04 / 1.6700E-04   
830   5.000E-04   1.6545E-04   1.6439E-04   1.6545E-04 / 1.6439E-04   
840   5.000E-04   1.6347E-04   1.6395E-04   1.6347E-04 / 1.6395E-04   
850   5.000E-04   2.4054E-04   2.3873E-04   2.4054E-04 / 2.3873E-04   
860   5.000E-04   1.6087E-04   1.6019E-04   1.6087E-04 / 1.6019E-04   
870   5.000E-04   1.6125E-04   1.6265E-04   1.6125E-04 / 1.6265E-04   
880   5.000E-04   1.5482E-04   1.5634E-04   1.5461E-04 / 1.5626E-04   
890   5.000E-04   1.5176E-04   1.5254E-04   1.5110E-04 / 1.5207E-04   
900   5.000E-04   1.4865E-04   1.5132E-04   1.4865E-04 / 1.5132E-04   
910   5.000E-04   2.4361E-04   2.5153E-04   2.4357E-04 / 2.5153E-04   
920   5.000E-04   1.5163E-04   1.5426E-04   1.5163E-04 / 1.5426E-04   
930   5.000E-04   1.4651E-04   1.4815E-04   1.4651E-04 / 1.4815E-04   
940   5.000E-04   1.4295E-04   1.4633E-04   1.4295E-04 / 1.4632E-04   
950   5.000E-04   1.4102E-04   1.4602E-04   1.4101E-04 / 1.4602E-04   
960   5.000E-04   1.4145E-04   1.4703E-04   1.4140E-04 / 1.4703E-04   
970   5.000E-04   1.5064E-04   1.5774E-04   1.5064E-04 / 1.5774E-04   
980   5.000E-04   1.3628E-04   1.4102E-04   1.3628E-04 / 1.4102E-04   
990   5.000E-04   1.6248E-04   1.7022E-04   1.6248E-04 / 1.7022E-04   
1000   5.000E-04   1.3381E-04   1.3790E-04   1.3381E-04 / 1.3790E-04   
1010   5.000E-04   1.3080E-04   1.3809E-04   1.3079E-04 / 1.3809E-04   
1020   5.000E-04   5.1222E-04   4.9492E-04   5.1222E-04 / 4.9492E-04   
1030   5.000E-04   1.2903E-04   1.3451E-04   1.2903E-04 / 1.3451E-04   
1040   5.000E-04   1.3042E-04   1.3306E-04   1.3042E-04 / 1.3306E-04   
1050   5.000E-04   1.2606E-04   1.3126E-04   1.2419E-04 / 1.2975E-04   
1060   5.000E-04   1.5073E-04   1.5043E-04   1.5073E-04 / 1.5043E-04   
1070   5.000E-04   1.2367E-04   1.2851E-04   1.2367E-04 / 1.2851E-04   
1080   5.000E-04   1.3219E-04   1.3620E-04   1.3219E-04 / 1.3620E-04   
1090   5.000E-04   1.2215E-04   1.2795E-04   1.2215E-04 / 1.2795E-04   
1100   5.000E-04   1.1976E-04   1.2545E-04   1.1976E-04 / 1.2545E-04   
1110   5.000E-04   1.2370E-04   1.3002E-04   1.2370E-04 / 1.3002E-04   
1120   5.000E-04   1.2315E-04   1.2963E-04   1.2315E-04 / 1.2963E-04   
1130   5.000E-04   1.1616E-04   1.2213E-04   1.1562E-04 / 1.2207E-04   
1140   5.000E-04   1.9824E-04   1.9649E-04   1.9824E-04 / 1.9649E-04   
1150   5.000E-04   1.1312E-04   1.2160E-04   1.1312E-04 / 1.2160E-04   
1160   5.000E-04   1.1239E-04   1.2133E-04   1.1239E-04 / 1.2133E-04   
1170   5.000E-04   1.1072E-04   1.1858E-04   1.1072E-04 / 1.1858E-04   
1180   5.000E-04   1.1108E-04   1.1844E-04   1.1108E-04 / 1.1844E-04   
1190   5.000E-04   1.1647E-04   1.2215E-04   1.1647E-04 / 1.2215E-04   
1200   5.000E-04   1.0826E-04   1.1631E-04   1.0826E-04 / 1.1631E-04   
1210   5.000E-04   1.0661E-04   1.1598E-04   1.0661E-04 / 1.1598E-04   
1220   5.000E-04   1.0483E-04   1.1369E-04   1.0483E-04 / 1.1369E-04   
1230   5.000E-04   1.0533E-04   1.1233E-04   1.0533E-04 / 1.1233E-04   
1240   5.000E-04   1.0241E-04   1.1018E-04   1.0241E-04 / 1.1018E-04   
1250   5.000E-04   1.1066E-04   1.1705E-04   1.1066E-04 / 1.1705E-04   
1260   5.000E-04   1.0168E-04   1.1067E-04   1.0168E-04 / 1.1067E-04   
1270   5.000E-04   1.2356E-04   1.2749E-04   1.2356E-04 / 1.2749E-04   
1280   5.000E-04   1.1913E-04   1.2582E-04   1.1913E-04 / 1.2582E-04   
1290   5.000E-04   9.7352E-05   1.0538E-04   9.6913E-05 / 1.0527E-04   
1300   5.000E-04   9.7115E-05   1.0716E-04   9.6793E-05 / 1.0715E-04   
1310   5.000E-04   1.0181E-04   1.1248E-04   9.7676E-05 / 1.0824E-04   
1320   5.000E-04   1.4873E-04   1.4975E-04   1.4372E-04 / 1.4931E-04   
1330   5.000E-04   9.8773E-05   1.0480E-04   9.8773E-05 / 1.0480E-04   
1340   5.000E-04   9.4810E-05   1.0405E-04   9.4810E-05 / 1.0405E-04   
1350   5.000E-04   9.4461E-05   1.0447E-04   9.4461E-05 / 1.0447E-04   
1360   5.000E-04   9.7289E-05   1.0428E-04   9.7289E-05 / 1.0428E-04   
1370   5.000E-04   9.1139E-05   1.0010E-04   9.0790E-05 / 1.0010E-04   
1380   5.000E-04   1.1216E-04   1.1933E-04   1.1216E-04 / 1.1933E-04   
1390   5.000E-04   8.9992E-05   1.0026E-04   8.9992E-05 / 1.0026E-04   
1400   5.000E-04   8.8331E-05   9.9025E-05   8.8307E-05 / 9.9025E-05   
1410   5.000E-04   9.0424E-05   1.0125E-04   9.0419E-05 / 1.0124E-04   
1420   5.000E-04   1.1371E-04   1.2774E-04   1.1371E-04 / 1.2774E-04   
1430   5.000E-04   8.7482E-05   9.7200E-05   8.7482E-05 / 9.7200E-05   
1440   5.000E-04   9.6109E-05   1.0503E-04   9.6109E-05 / 1.0503E-04   
1450   5.000E-04   8.8340E-05   9.7508E-05   8.8340E-05 / 9.7508E-05   
1460   5.000E-04   8.6111E-05   9.5173E-05   8.6111E-05 / 9.5173E-05   
1470   5.000E-04   8.5923E-05   9.5131E-05   8.5923E-05 / 9.5131E-05   
1480   5.000E-04   8.6216E-05   9.4477E-05   8.6216E-05 / 9.4477E-05   
1490   5.000E-04   8.4952E-05   9.3970E-05   8.4952E-05 / 9.3970E-05   
1500   5.000E-04   9.3747E-05   1.0323E-04   9.3747E-05 / 1.0323E-04   
1510   5.000E-04   8.7589E-05   9.6587E-05   8.7589E-05 / 9.6587E-05   
1520   5.000E-04   8.2896E-05   9.3803E-05   8.2896E-05 / 9.3803E-05   
1530   5.000E-04   8.1512E-05   9.2445E-05   8.1504E-05 / 9.2320E-05   
1540   5.000E-04   8.4386E-05   9.6321E-05   8.4386E-05 / 9.6321E-05   
1550   5.000E-04   8.1820E-05   9.3944E-05   8.1819E-05 / 9.3769E-05   
1560   5.000E-04   8.4330E-05   9.5050E-05   8.4330E-05 / 9.5050E-05   
1570   5.000E-04   8.4032E-05   9.3986E-05   8.4032E-05 / 9.3986E-05   
1580   5.000E-04   7.9670E-05   9.0455E-05   7.9670E-05 / 9.0409E-05   
1590   5.000E-04   7.9251E-05   9.1069E-05   7.9251E-05 / 9.1069E-05   
1600   5.000E-04   7.8904E-05   8.9507E-05   7.8904E-05 / 8.9487E-05   
1610   5.000E-04   9.1182E-05   1.0374E-04   9.1182E-05 / 1.0374E-04   
1620   5.000E-04   7.8122E-05   8.9777E-05   7.8122E-05 / 8.9777E-05   
1630   5.000E-04   8.9237E-05   1.0021E-04   8.9237E-05 / 1.0021E-04   
1640   5.000E-04   7.6701E-05   8.8268E-05   7.6697E-05 / 8.8268E-05   
1650   5.000E-04   8.4148E-05   9.4577E-05   8.4148E-05 / 9.4577E-05   
1660   5.000E-04   1.2997E-04   1.3821E-04   1.2997E-04 / 1.3821E-04   
1670   5.000E-04   7.6367E-05   8.6571E-05   7.6367E-05 / 8.6571E-05   
1680   5.000E-04   1.5804E-04   1.6726E-04   1.5804E-04 / 1.6726E-04   
1690   5.000E-04   7.5287E-05   8.5228E-05   7.5285E-05 / 8.5228E-05   
1700   5.000E-04   7.4654E-05   8.6900E-05   7.4379E-05 / 8.6822E-05   
1710   5.000E-04   7.6317E-05   8.7986E-05   7.6317E-05 / 8.7986E-05   
1720   5.000E-04   7.5492E-05   8.7602E-05   7.5492E-05 / 8.7602E-05   
1730   5.000E-04   7.5165E-05   8.7634E-05   7.3568E-05 / 8.6350E-05   
1740   5.000E-04   7.1582E-05   8.4572E-05   7.1577E-05 / 8.4572E-05   
1750   5.000E-04   1.1223E-04   1.1967E-04   1.1223E-04 / 1.1967E-04   
1760   5.000E-04   7.4802E-05   8.6501E-05   7.4718E-05 / 8.6501E-05   
1770   5.000E-04   7.2146E-05   8.4940E-05   7.2146E-05 / 8.4940E-05   
1780   5.000E-04   7.1324E-05   8.3740E-05   7.1324E-05 / 8.3740E-05   
1790   5.000E-04   7.1087E-05   8.3079E-05   7.1087E-05 / 8.3079E-05   
1800   5.000E-04   7.1079E-05   8.4697E-05   7.1079E-05 / 8.4697E-05   
1810   5.000E-04   7.3640E-05   8.3420E-05   7.3640E-05 / 8.3420E-05   
1820   5.000E-04   6.9978E-05   8.2813E-05   6.9978E-05 / 8.2813E-05   
1830   5.000E-04   7.6031E-05   8.8165E-05   7.6031E-05 / 8.8165E-05   
1840   5.000E-04   7.8115E-05   8.8469E-05   7.8115E-05 / 8.8469E-05   
1850   5.000E-04   7.0902E-05   8.1890E-05   7.0902E-05 / 8.1890E-05   
1860   5.000E-04   7.0239E-05   8.2821E-05   7.0239E-05 / 8.2821E-05   
1870   5.000E-04   7.0048E-05   8.2237E-05   7.0048E-05 / 8.2237E-05   
1880   5.000E-04   6.9389E-05   8.1317E-05   6.9389E-05 / 8.1317E-05   
1890   5.000E-04   6.7436E-05   8.1432E-05   6.7427E-05 / 8.1432E-05   
1900   5.000E-04   7.1942E-05   8.4418E-05   7.1942E-05 / 8.4418E-05   
1910   5.000E-04   7.0825E-05   8.4630E-05   7.0825E-05 / 8.4630E-05   
1920   5.000E-04   6.9123E-05   8.2103E-05   6.9123E-05 / 8.2103E-05   
1930   5.000E-04   6.5879E-05   7.9175E-05   6.5879E-05 / 7.9175E-05   
1940   5.000E-04   7.3709E-05   8.6434E-05   7.3709E-05 / 8.6434E-05   
1950   5.000E-04   6.7472E-05   8.0146E-05   6.7472E-05 / 8.0146E-05   
1960   5.000E-04   6.3659E-05   7.6479E-05   6.3659E-05 / 7.6479E-05   
1970   5.000E-04   6.4116E-05   7.7036E-05   6.4116E-05 / 7.7036E-05   
1980   5.000E-04   7.5120E-05   8.6873E-05   7.5120E-05 / 8.6873E-05   
1990   5.000E-04   6.2683E-05   7.6252E-05   6.2663E-05 / 7.6252E-05   
2000   5.000E-04   3.8206E-04   3.8117E-04   3.8206E-04 / 3.8117E-04   
2010   5.000E-04   6.6925E-05   7.7504E-05   6.6925E-05 / 7.7504E-05   
2020   5.000E-04   6.3164E-05   7.7071E-05   6.3126E-05 / 7.7071E-05   
2030   5.000E-04   6.5352E-05   7.8555E-05   6.5352E-05 / 7.8555E-05   
2040   5.000E-04   6.2094E-05   7.6764E-05   6.1973E-05 / 7.6764E-05   
2050   5.000E-04   6.1174E-05   7.4840E-05   6.1174E-05 / 7.4840E-05   
2060   5.000E-04   6.0590E-05   7.3671E-05   6.0590E-05 / 7.3671E-05   
2070   5.000E-04   1.9362E-04   1.9628E-04   1.9362E-04 / 1.9628E-04   
2080   5.000E-04   6.3704E-05   7.7822E-05   6.3704E-05 / 7.7822E-05   
2090   5.000E-04   5.9104E-05   7.4141E-05   5.9104E-05 / 7.4141E-05   
2100   5.000E-04   5.8507E-05   7.2715E-05   5.8507E-05 / 7.2679E-05   
2110   5.000E-04   5.9036E-05   7.4082E-05   5.9036E-05 / 7.4082E-05   
2120   5.000E-04   7.6663E-05   8.9647E-05   7.6663E-05 / 8.9647E-05   
2130   5.000E-04   6.5729E-05   7.8070E-05   6.5729E-05 / 7.8070E-05   
2140   5.000E-04   5.7998E-05   7.1581E-05   5.7998E-05 / 7.1581E-05   
2150   5.000E-04   5.8939E-05   7.2310E-05   5.7949E-05 / 7.0763E-05   
2160   5.000E-04   7.2944E-05   8.9564E-05   7.2944E-05 / 8.9564E-05   
2170   5.000E-04   5.6970E-05   7.1865E-05   5.6970E-05 / 7.1865E-05   
2180   5.000E-04   5.7547E-05   7.1174E-05   5.7547E-05 / 7.1174E-05   
2190   5.000E-04   7.0574E-05   8.4135E-05   7.0574E-05 / 8.4135E-05   
2200   5.000E-04   5.6717E-05   6.9383E-05   5.6715E-05 / 6.9127E-05   
2210   5.000E-04   5.8247E-05   7.1660E-05   5.8247E-05 / 7.1660E-05   
2220   5.000E-04   5.6274E-05   7.0699E-05   5.6274E-05 / 7.0699E-05   
2230   5.000E-04   5.5180E-05   7.0173E-05   5.5155E-05 / 7.0039E-05   
2240   5.000E-04   5.5454E-05   6.8969E-05   5.5454E-05 / 6.8969E-05   
2250   5.000E-04   5.7691E-05   7.3453E-05   5.7691E-05 / 7.3453E-05   
2260   5.000E-04   6.1054E-05   7.5391E-05   6.1054E-05 / 7.5391E-05   
2270   5.000E-04   5.5016E-05   6.9499E-05   5.5016E-05 / 6.9499E-05   
2280   5.000E-04   1.1207E-03   1.1089E-03   3.6412E-04 / 3.5920E-04   
2290   5.000E-04   7.7507E-05   8.6304E-05   7.7507E-05 / 8.6304E-05   
2300   5.000E-04   6.0959E-05   7.5213E-05   6.0959E-05 / 7.5213E-05   
2310   5.000E-04   5.6802E-05   7.0562E-05   5.6802E-05 / 7.0542E-05   
2320   5.000E-04   5.5420E-05   6.9673E-05   5.5378E-05 / 6.9482E-05   
2330   5.000E-04   5.4609E-05   6.8273E-05   5.4606E-05 / 6.8264E-05   
2340   5.000E-04   5.4131E-05   6.9633E-05   5.4131E-05 / 6.9633E-05   
2350   5.000E-04   5.5272E-05   7.0782E-05   5.5272E-05 / 7.0782E-05   
2360   5.000E-04   5.4637E-05   6.8913E-05   5.4637E-05 / 6.8913E-05   
2370   5.000E-04   5.3270E-05   6.7742E-05   5.2849E-05 / 6.7401E-05   
2380   5.000E-04   5.2926E-05   6.7776E-05   5.2926E-05 / 6.7776E-05   
2390   5.000E-04   5.4636E-05   6.7975E-05   5.4636E-05 / 6.7975E-05   
2400   5.000E-04   5.6985E-05   6.8931E-05   5.6267E-05 / 6.8552E-05   
2410   5.000E-04   5.2437E-05   6.7444E-05   5.1836E-05 / 6.7292E-05   
2420   5.000E-04   5.0927E-05   6.7185E-05   5.0927E-05 / 6.7185E-05   
2430   5.000E-04   5.8099E-05   7.5051E-05   5.8099E-05 / 7.5051E-05   
2440   5.000E-04   5.0884E-05   6.5243E-05   5.0378E-05 / 6.5243E-05   
2450   5.000E-04   5.8699E-05   7.2882E-05   5.7940E-05 / 7.2859E-05   
2460   5.000E-04   5.8279E-05   7.1437E-05   5.8279E-05 / 7.1437E-05   
2470   5.000E-04   5.0956E-05   6.6066E-05   5.0956E-05 / 6.6066E-05   
2480   5.000E-04   5.0493E-05   6.7396E-05   5.0331E-05 / 6.7396E-05   
2490   5.000E-04   4.9971E-05   6.6107E-05   4.9971E-05 / 6.6107E-05   
2500   5.000E-04   5.0738E-05   6.5730E-05   5.0738E-05 / 6.5730E-05   
2510   5.000E-04   5.1220E-05   6.7053E-05   5.1220E-05 / 6.7053E-05   
2520   5.000E-04   4.8806E-05   6.3126E-05   4.8806E-05 / 6.3126E-05   
2530   5.000E-04   4.9614E-05   6.6496E-05   4.9404E-05 / 6.6496E-05   
2540   5.000E-04   1.2609E-04   1.3858E-04   1.2609E-04 / 1.3858E-04   
2550   5.000E-04   5.8044E-05   7.1675E-05   5.8044E-05 / 7.1675E-05   
2560   5.000E-04   5.1937E-05   6.5866E-05   5.1937E-05 / 6.5866E-05   
2570   5.000E-04   5.0226E-05   6.5526E-05   5.0226E-05 / 6.5526E-05   
2580   5.000E-04   4.9813E-05   6.4860E-05   4.9671E-05 / 6.4860E-05   
2590   5.000E-04   5.1484E-05   6.6211E-05   5.1484E-05 / 6.6211E-05   
2600   5.000E-04   4.8732E-05   6.5173E-05   4.8653E-05 / 6.5173E-05   
2610   5.000E-04   4.9952E-05   6.6549E-05   4.9952E-05 / 6.6549E-05   
2620   5.000E-04   4.8745E-05   6.3557E-05   4.8568E-05 / 6.3557E-05   
2630   5.000E-04   5.4489E-05   7.0971E-05   5.4489E-05 / 7.0971E-05   
2640   5.000E-04   4.9402E-05   6.3001E-05   4.9101E-05 / 6.2994E-05   
2650   5.000E-04   4.9826E-05   6.5227E-05   4.9826E-05 / 6.5227E-05   
2660   5.000E-04   4.6765E-05   6.3168E-05   4.6765E-05 / 6.3168E-05   
2670   5.000E-04   4.8073E-05   6.3522E-05   4.7970E-05 / 6.3522E-05   
2680   5.000E-04   4.6491E-05   6.2623E-05   4.6491E-05 / 6.2623E-05   
2690   5.000E-04   4.6216E-05   6.3216E-05   4.5838E-05 / 6.3216E-05   
2700   5.000E-04   4.7164E-05   6.4934E-05   4.7164E-05 / 6.4934E-05   
2710   5.000E-04   4.6870E-05   6.2334E-05   4.5892E-05 / 6.2192E-05   
2720   5.000E-04   4.5568E-05   6.1261E-05   4.5568E-05 / 6.1261E-05   
2730   5.000E-04   4.5408E-05   6.1470E-05   4.5405E-05 / 6.1470E-05   
2740   5.000E-04   4.4281E-05   6.0164E-05   4.4281E-05 / 6.0164E-05   
2750   5.000E-04   4.6221E-05   6.2041E-05   4.5534E-05 / 6.1656E-05   
2760   5.000E-04   4.4514E-05   6.3598E-05   4.4514E-05 / 6.3598E-05   
2770   5.000E-04   5.1293E-05   6.6574E-05   5.1293E-05 / 6.6574E-05   
2780   5.000E-04   4.5210E-05   6.3232E-05   4.5210E-05 / 6.3232E-05   
2790   5.000E-04   4.2899E-05   5.9925E-05   4.2899E-05 / 5.9925E-05   
2800   5.000E-04   5.6704E-05   7.0085E-05   5.6704E-05 / 7.0085E-05   
2810   5.000E-04   4.4177E-05   5.9152E-05   4.4177E-05 / 5.9152E-05   
2820   5.000E-04   4.4585E-05   6.0715E-05   4.4585E-05 / 6.0715E-05   
2830   5.000E-04   4.4858E-05   6.1658E-05   4.4858E-05 / 6.1658E-05   
2840   5.000E-04   4.3160E-05   6.1153E-05   4.3122E-05 / 6.1153E-05   
2850   5.000E-04   4.6825E-05   6.4097E-05   4.6825E-05 / 6.4097E-05   
2860   5.000E-04   4.3251E-05   5.7681E-05   4.3240E-05 / 5.7679E-05   
2870   5.000E-04   4.2406E-05   6.1033E-05   4.2393E-05 / 6.1006E-05   
2880   5.000E-04   4.2536E-05   5.9755E-05   4.2536E-05 / 5.9755E-05   
2890   5.000E-04   4.1617E-05   5.8974E-05   4.1617E-05 / 5.8974E-05   
2900   5.000E-04   4.2084E-05   5.8067E-05   4.2084E-05 / 5.8067E-05   
2910   5.000E-04   4.2121E-05   6.1217E-05   4.2121E-05 / 6.1217E-05   
2920   5.000E-04   7.1813E-05   8.4245E-05   7.1813E-05 / 8.4245E-05   
2930   5.000E-04   4.4232E-05   6.0231E-05   4.4232E-05 / 6.0231E-05   
2940   5.000E-04   4.2451E-05   5.8489E-05   4.2439E-05 / 5.8489E-05   
2950   5.000E-04   4.2224E-05   5.9766E-05   4.2224E-05 / 5.9766E-05   
2960   5.000E-04   4.2276E-05   5.8955E-05   4.2276E-05 / 5.8955E-05   
2970   5.000E-04   4.2653E-05   6.0733E-05   4.2653E-05 / 6.0733E-05   
2980   5.000E-04   4.1229E-05   5.8156E-05   4.1229E-05 / 5.8156E-05   
2990   5.000E-04   4.0799E-05   5.8841E-05   4.0757E-05 / 5.8692E-05   
3000   5.000E-04   4.0990E-05   6.1699E-05   4.0962E-05 / 6.1167E-05   
3010   5.000E-04   5.3729E-05   6.5902E-05   5.0855E-05 / 6.2351E-05   
3020   5.000E-04   4.1425E-05   5.7120E-05   4.1425E-05 / 5.7120E-05   
3030   5.000E-04   4.0079E-05   5.7853E-05   4.0033E-05 / 5.7445E-05   
3040   5.000E-04   3.9948E-05   5.9351E-05   3.9917E-05 / 5.9144E-05   
3050   5.000E-04   1.3303E-04   1.4454E-04   1.3303E-04 / 1.4454E-04   
3060   5.000E-04   4.0581E-05   5.6653E-05   4.0581E-05 / 5.6653E-05   
3070   5.000E-04   4.0079E-05   5.7875E-05   4.0047E-05 / 5.7789E-05   
3080   5.000E-04   3.9999E-05   5.7399E-05   3.9999E-05 / 5.7399E-05   
3090   5.000E-04   3.9889E-05   5.7794E-05   3.9889E-05 / 5.7794E-05   
3100   5.000E-04   3.9722E-05   5.7384E-05   3.9722E-05 / 5.7384E-05   
3110   5.000E-04   3.9481E-05   5.5037E-05   3.9481E-05 / 5.5037E-05   
3120   5.000E-04   4.6119E-05   6.5793E-05   4.6119E-05 / 6.5793E-05   
3130   5.000E-04   4.0519E-05   5.9886E-05   3.9802E-05 / 5.9453E-05   
3140   5.000E-04   4.0740E-05   5.8134E-05   4.0740E-05 / 5.8134E-05   
3150   5.000E-04   4.9543E-05   6.4446E-05   4.9543E-05 / 6.4446E-05   
3160   5.000E-04   4.1318E-05   5.8009E-05   4.1318E-05 / 5.8009E-05   
3170   5.000E-04   3.8865E-05   5.6416E-05   3.8865E-05 / 5.6416E-05   
3180   5.000E-04   3.9782E-05   5.8763E-05   3.7780E-05 / 5.6712E-05   
3190   5.000E-04   4.0030E-05   5.6657E-05   4.0030E-05 / 5.6657E-05   
3200   5.000E-04   7.6099E-05   8.4759E-05   7.6099E-05 / 8.4759E-05   
3210   5.000E-04   4.0684E-05   5.6965E-05   4.0684E-05 / 5.6965E-05   
3220   5.000E-04   4.0381E-05   5.7249E-05   4.0381E-05 / 5.7249E-05   
3230   5.000E-04   3.7807E-05   5.5175E-05   3.7807E-05 / 5.5175E-05   
3240   5.000E-04   3.9324E-05   5.6244E-05   3.9324E-05 / 5.6244E-05   
3250   5.000E-04   3.8409E-05   5.8181E-05   3.8409E-05 / 5.8181E-05   
3260   5.000E-04   3.8084E-05   5.7343E-05   3.8084E-05 / 5.7343E-05   
3270   5.000E-04   3.9193E-05   5.6600E-05   3.9193E-05 / 5.6600E-05   
3280   5.000E-04   3.8697E-05   5.6992E-05   3.8697E-05 / 5.6992E-05   
3290   5.000E-04   4.3495E-05   6.2057E-05   4.3495E-05 / 6.2057E-05   
3300   5.000E-04   4.3866E-05   6.3502E-05   4.3866E-05 / 6.3502E-05   
3310   5.000E-04   2.1499E-04   2.2997E-04   2.1499E-04 / 2.2997E-04   
3320   5.000E-04   3.8800E-05   5.5284E-05   3.8800E-05 / 5.5284E-05   
3330   5.000E-04   3.8182E-05   5.5439E-05   3.8182E-05 / 5.5439E-05   
3340   5.000E-04   3.7771E-05   5.3594E-05   3.7771E-05 / 5.3594E-05   
3350   5.000E-04   3.6376E-05   5.5491E-05   3.6365E-05 / 5.5491E-05   
3360   5.000E-04   3.5878E-05   5.3371E-05   3.5878E-05 / 5.3371E-05   
3370   5.000E-04   3.8018E-05   5.5504E-05   3.8018E-05 / 5.5504E-05   
3380   5.000E-04   3.5923E-05   5.3299E-05   3.5923E-05 / 5.3299E-05   
3390   5.000E-04   3.9623E-05   5.8777E-05   3.9623E-05 / 5.8777E-05   
3400   5.000E-04   3.7923E-05   5.7142E-05   3.7923E-05 / 5.7142E-05   
3410   5.000E-04   3.5537E-05   5.2268E-05   3.5537E-05 / 5.2268E-05   
3420   5.000E-04   3.7740E-05   5.6713E-05   3.7740E-05 / 5.6713E-05   
3430   5.000E-04   4.6953E-05   6.1735E-05   4.6953E-05 / 6.1735E-05   
3440   5.000E-04   4.6176E-05   5.9609E-05   4.6176E-05 / 5.9609E-05   
3450   5.000E-04   3.6629E-05   5.4487E-05   3.6224E-05 / 5.4487E-05   
3460   5.000E-04   3.4691E-05   5.2488E-05   3.4691E-05 / 5.2488E-05   
3470   5.000E-04   4.4561E-05   5.9004E-05   3.7908E-05 / 5.6875E-05   
3480   5.000E-04   3.9469E-05   5.7662E-05   3.9469E-05 / 5.7662E-05   
3490   5.000E-04   3.5349E-05   5.4694E-05   3.5349E-05 / 5.4694E-05   
3500   5.000E-04   3.5464E-05   5.2076E-05   3.5464E-05 / 5.2076E-05   
3510   5.000E-04   5.1905E-05   6.9064E-05   5.1905E-05 / 6.9064E-05   
3520   5.000E-04   3.5574E-05   5.2076E-05   3.5574E-05 / 5.2076E-05   
3530   5.000E-04   4.0375E-05   5.4730E-05   4.0375E-05 / 5.4730E-05   
3540   5.000E-04   3.4238E-05   5.3547E-05   3.4238E-05 / 5.3547E-05   
3550   5.000E-04   3.7146E-05   5.0591E-05   3.7146E-05 / 5.0591E-05   
3560   5.000E-04   3.4042E-05   5.0326E-05   3.3537E-05 / 5.0262E-05   
3570   5.000E-04   3.7619E-05   5.6255E-05   3.6819E-05 / 5.5288E-05   
3580   5.000E-04   3.3808E-05   5.3554E-05   3.3398E-05 / 5.3466E-05   
3590   5.000E-04   5.5020E-05   7.1648E-05   5.5020E-05 / 7.1648E-05   
3600   5.000E-04   3.3788E-05   5.1471E-05   3.3788E-05 / 5.1471E-05   
3610   5.000E-04   3.3359E-05   5.1837E-05   3.3025E-05 / 5.1836E-05   
3620   5.000E-04   1.0025E-04   1.1702E-04   1.0025E-04 / 1.1702E-04   
3630   5.000E-04   3.4143E-05   5.4718E-05   3.4143E-05 / 5.4718E-05   
3640   5.000E-04   3.7905E-05   5.0873E-05   3.7905E-05 / 5.0873E-05   
3650   5.000E-04   3.2499E-05   5.2119E-05   3.2499E-05 / 5.2119E-05   
3660   5.000E-04   3.2710E-05   5.2124E-05   3.2703E-05 / 5.2124E-05   
3670   5.000E-04   4.9891E-05   6.5172E-05   4.9891E-05 / 6.5172E-05   
3680   5.000E-04   3.6084E-05   5.6910E-05   3.6084E-05 / 5.6910E-05   
3690   5.000E-04   3.2375E-05   5.3221E-05   3.2375E-05 / 5.3221E-05   
3700   5.000E-04   3.7466E-05   5.6962E-05   3.7457E-05 / 5.6962E-05   
3710   5.000E-04   1.0735E-04   1.2175E-04   1.0735E-04 / 1.2175E-04   
3720   5.000E-04   3.8885E-05   5.8394E-05   3.8885E-05 / 5.8394E-05   
3730   5.000E-04   3.1555E-05   5.0021E-05   3.1524E-05 / 5.0021E-05   
3740   5.000E-04   3.2005E-05   4.9447E-05   3.1723E-05 / 4.9447E-05   
3750   5.000E-04   5.1502E-05   6.9895E-05   5.1502E-05 / 6.9895E-05   
3760   5.000E-04   3.4522E-05   5.3263E-05   3.4522E-05 / 5.3263E-05   
3770   5.000E-04   3.1655E-05   5.0524E-05   3.1334E-05 / 5.0524E-05   
3780   5.000E-04   1.4735E-04   1.4442E-04   1.4735E-04 / 1.4442E-04   
3790   5.000E-04   3.1621E-05   4.8312E-05   3.1604E-05 / 4.8312E-05   
3800   5.000E-04   3.2125E-05   4.9288E-05   3.2125E-05 / 4.9288E-05   
3810   5.000E-04   3.3907E-05   4.9802E-05   3.3907E-05 / 4.9802E-05   
3820   5.000E-04   3.4738E-05   5.4421E-05   3.4738E-05 / 5.4421E-05   
3830   5.000E-04   3.1463E-05   5.0364E-05   3.1303E-05 / 5.0363E-05   
3840   5.000E-04   3.6218E-05   5.4531E-05   3.6218E-05 / 5.4531E-05   
3850   5.000E-04   3.2178E-05   5.1290E-05   3.2178E-05 / 5.1290E-05   
3860   5.000E-04   3.2884E-05   4.9018E-05   3.2884E-05 / 4.9018E-05   
3870   5.000E-04   7.8034E-05   8.8177E-05   6.6296E-05 / 8.6791E-05   
3880   5.000E-04   3.0940E-05   4.9146E-05   3.0940E-05 / 4.9146E-05   
3890   5.000E-04   3.0602E-05   4.8860E-05   3.0602E-05 / 4.8860E-05   
3900   5.000E-04   3.0400E-05   5.0045E-05   3.0400E-05 / 5.0045E-05   
3910   5.000E-04   3.0654E-05   5.0867E-05   3.0654E-05 / 5.0867E-05   
3920   5.000E-04   3.0454E-05   5.1065E-05   2.9950E-05 / 5.0673E-05   
3930   5.000E-04   3.6953E-05   6.1021E-05   3.6521E-05 / 6.0566E-05   
3940   5.000E-04   3.5159E-05   5.5296E-05   3.5159E-05 / 5.5296E-05   
3950   5.000E-04   4.6952E-05   6.6347E-05   4.6952E-05 / 6.6347E-05   
3960   5.000E-04   3.1871E-05   5.3377E-05   3.1871E-05 / 5.3377E-05   
3970   5.000E-04   2.9948E-05   4.8802E-05   2.9948E-05 / 4.8802E-05   
3980   5.000E-04   3.1480E-05   4.8507E-05   3.1480E-05 / 4.8507E-05   
3990   5.000E-04   3.0011E-05   5.1498E-05   2.9654E-05 / 5.1379E-05   
4000   5.000E-04   2.9517E-05   4.9326E-05   2.9254E-05 / 4.9188E-05   
4010   5.000E-04   3.2412E-05   4.7351E-05   3.1318E-05 / 4.5625E-05   
4020   5.000E-04   2.8854E-05   4.8727E-05   2.8854E-05 / 4.8722E-05   
4030   5.000E-04   2.9420E-05   4.8396E-05   2.9420E-05 / 4.8396E-05   
4040   5.000E-04   5.9421E-05   7.6584E-05   5.9421E-05 / 7.6584E-05   
4050   5.000E-04   3.1156E-05   4.7525E-05   3.1156E-05 / 4.7525E-05   
4060   5.000E-04   2.9327E-05   4.6066E-05   2.9327E-05 / 4.6066E-05   
4070   5.000E-04   3.1999E-05   5.1197E-05   3.1999E-05 / 5.1197E-05   
4080   5.000E-04   2.8638E-05   4.8469E-05   2.8613E-05 / 4.8419E-05   
4090   5.000E-04   2.8717E-05   4.6924E-05   2.8717E-05 / 4.6924E-05   
4100   5.000E-04   2.9762E-05   4.8325E-05   2.9762E-05 / 4.8325E-05   
4110   5.000E-04   2.8646E-05   4.9408E-05   2.8646E-05 / 4.9408E-05   
4120   5.000E-04   2.8442E-05   4.6158E-05   2.8402E-05 / 4.6018E-05   
4130   5.000E-04   2.8881E-05   4.7781E-05   2.8881E-05 / 4.7781E-05   
4140   5.000E-04   2.8575E-05   4.9070E-05   2.8575E-05 / 4.9070E-05   
4150   5.000E-04   3.1690E-05   4.9425E-05   3.1690E-05 / 4.9425E-05   
4160   5.000E-04   3.0966E-05   5.0316E-05   3.0966E-05 / 5.0316E-05   
4170   5.000E-04   2.2812E-04   2.3819E-04   2.1921E-04 / 2.2991E-04   
4180   5.000E-04   3.0509E-05   4.7109E-05   3.0509E-05 / 4.7109E-05   
4190   5.000E-04   2.8453E-05   4.6256E-05   2.8453E-05 / 4.6256E-05   
4200   5.000E-04   2.8565E-05   4.6905E-05   2.8565E-05 / 4.6905E-05   
4210   5.000E-04   2.8040E-05   4.6785E-05   2.8040E-05 / 4.6785E-05   
4220   5.000E-04   2.7963E-05   4.7478E-05   2.7962E-05 / 4.7478E-05   
4230   5.000E-04   2.7741E-05   4.7026E-05   2.7741E-05 / 4.7026E-05   
4240   5.000E-04   2.8047E-05   4.8348E-05   2.8047E-05 / 4.8348E-05   
4250   5.000E-04   2.7895E-05   4.5174E-05   2.7827E-05 / 4.5162E-05   
4260   5.000E-04   2.9548E-05   4.9290E-05   2.9548E-05 / 4.9290E-05   
4270   5.000E-04   2.7782E-05   4.8170E-05   2.7782E-05 / 4.8170E-05   
4280   5.000E-04   4.5825E-05   6.3895E-05   4.5825E-05 / 6.3895E-05   
4290   5.000E-04   2.9826E-05   4.8261E-05   2.9826E-05 / 4.8261E-05   
4300   5.000E-04   2.7947E-05   4.6205E-05   2.7947E-05 / 4.6205E-05   
4310   5.000E-04   2.8338E-05   4.7223E-05   2.8338E-05 / 4.7223E-05   
4320   5.000E-04   2.7485E-05   4.7883E-05   2.7472E-05 / 4.7883E-05   
4330   5.000E-04   2.7887E-05   4.8751E-05   2.7887E-05 / 4.8751E-05   
4340   5.000E-04   2.8189E-05   4.9081E-05   2.8189E-05 / 4.9081E-05   
4350   5.000E-04   2.9565E-05   5.0732E-05   2.8429E-05 / 5.0407E-05   
4360   5.000E-04   2.7418E-05   4.6522E-05   2.7373E-05 / 4.6522E-05   
4370   5.000E-04   2.7465E-05   4.7569E-05   2.7465E-05 / 4.7569E-05   
4380   5.000E-04   3.4688E-05   5.5607E-05   3.4688E-05 / 5.5607E-05   
4390   5.000E-04   2.8290E-05   4.3754E-05   2.8174E-05 / 4.3754E-05   
4400   5.000E-04   2.6811E-05   4.5498E-05   2.6811E-05 / 4.5498E-05   
4410   5.000E-04   2.8848E-05   4.8446E-05   2.8848E-05 / 4.8446E-05   
4420   5.000E-04   3.2055E-05   4.9413E-05   3.2055E-05 / 4.9413E-05   
4430   5.000E-04   2.6478E-05   4.6312E-05   2.6478E-05 / 4.6312E-05   
4440   5.000E-04   2.6706E-05   4.4119E-05   2.6706E-05 / 4.4119E-05   
4450   5.000E-04   2.7817E-05   4.6960E-05   2.7799E-05 / 4.6960E-05   
4460   5.000E-04   2.6865E-05   4.6320E-05   2.6865E-05 / 4.6320E-05   
4470   5.000E-04   3.0045E-05   5.0066E-05   3.0045E-05 / 5.0066E-05   
4480   5.000E-04   2.6643E-05   4.5338E-05   2.6448E-05 / 4.5338E-05   
4490   5.000E-04   2.6396E-05   4.5696E-05   2.6318E-05 / 4.5696E-05   
4500   5.000E-04   3.0034E-05   5.2049E-05   2.8485E-05 / 5.1775E-05   
4510   5.000E-04   3.1415E-05   4.8409E-05   3.1348E-05 / 4.8382E-05   
4520   5.000E-04   2.6767E-05   4.4256E-05   2.6767E-05 / 4.4256E-05   
4530   5.000E-04   2.6193E-05   4.5860E-05   2.6193E-05 / 4.5860E-05   
4540   5.000E-04   2.6067E-05   4.4734E-05   2.6067E-05 / 4.4734E-05   
4550   5.000E-04   2.7041E-05   4.5911E-05   2.7041E-05 / 4.5911E-05   
4560   5.000E-04   2.6002E-05   4.6514E-05   2.5957E-05 / 4.6514E-05   
4570   5.000E-04   2.6333E-05   4.7078E-05   2.6333E-05 / 4.7078E-05   
4580   5.000E-04   2.6637E-05   4.5887E-05   2.6637E-05 / 4.5887E-05   
4590   5.000E-04   2.8470E-05   4.7341E-05   2.8470E-05 / 4.7341E-05   
4600   5.000E-04   5.7636E-05   6.7776E-05   5.7636E-05 / 6.7776E-05   
4610   5.000E-04   2.8089E-05   4.3266E-05   2.7154E-05 / 4.3007E-05   
4620   5.000E-04   2.6511E-05   4.7844E-05   2.6410E-05 / 4.7844E-05   
4630   5.000E-04   2.7204E-05   4.7043E-05   2.7204E-05 / 4.7043E-05   
4640   5.000E-04   2.5670E-05   4.6040E-05   2.5670E-05 / 4.6040E-05   
4650   5.000E-04   2.6266E-05   4.4062E-05   2.6266E-05 / 4.4062E-05   
4660   5.000E-04   2.6034E-05   4.7761E-05   2.6034E-05 / 4.7761E-05   
4670   5.000E-04   2.7629E-05   4.6872E-05   2.7629E-05 / 4.6872E-05   
4680   5.000E-04   2.5216E-05   4.2275E-05   2.4870E-05 / 4.2274E-05   
4690   5.000E-04   2.8081E-05   4.6832E-05   2.8081E-05 / 4.6832E-05   
4700   5.000E-04   2.8961E-05   4.9023E-05   2.8961E-05 / 4.9023E-05   
4710   5.000E-04   2.6548E-05   4.6154E-05   2.5443E-05 / 4.5300E-05   
4720   5.000E-04   2.7725E-05   4.9008E-05   2.7725E-05 / 4.9008E-05   
4730   5.000E-04   2.6025E-05   4.3761E-05   2.6025E-05 / 4.3761E-05   
4740   5.000E-04   2.6002E-05   4.3705E-05   2.6002E-05 / 4.3705E-05   
4750   5.000E-04   2.4914E-05   4.4089E-05   2.4914E-05 / 4.4089E-05   
4760   5.000E-04   2.4921E-05   4.4920E-05   2.4921E-05 / 4.4920E-05   
4770   5.000E-04   2.4167E-05   4.4665E-05   2.4121E-05 / 4.4665E-05   
4780   5.000E-04   3.6451E-05   5.2914E-05   3.6451E-05 / 5.2914E-05   
4790   5.000E-04   2.4607E-05   4.4695E-05   2.4607E-05 / 4.4695E-05   
4800   5.000E-04   2.7721E-05   4.5495E-05   2.4793E-05 / 4.4874E-05   
4810   5.000E-04   2.9190E-05   4.9577E-05   2.9190E-05 / 4.9576E-05   
4820   5.000E-04   2.4490E-05   4.1704E-05   2.4490E-05 / 4.1703E-05   
4830   5.000E-04   2.6932E-05   4.7085E-05   2.6929E-05 / 4.6950E-05   
4840   5.000E-04   2.4453E-05   4.3466E-05   2.4430E-05 / 4.3452E-05   
4850   5.000E-04   2.5193E-05   4.5823E-05   2.5193E-05 / 4.5823E-05   
4860   5.000E-04   1.4181E-04   1.5171E-04   1.4181E-04 / 1.5171E-04   
4870   5.000E-04   3.2915E-05   4.7175E-05   3.2912E-05 / 4.7175E-05   
4880   5.000E-04   2.6359E-05   4.2165E-05   2.6258E-05 / 4.2165E-05   
4890   5.000E-04   2.6363E-05   4.3640E-05   2.4765E-05 / 4.3115E-05   
4900   5.000E-04   2.6195E-05   4.4136E-05   2.6195E-05 / 4.4136E-05   
4910   5.000E-04   2.5625E-05   4.3853E-05   2.5625E-05 / 4.3853E-05   
4920   5.000E-04   2.4359E-05   4.3766E-05   2.4054E-05 / 4.3584E-05   
4930   5.000E-04   2.5463E-05   4.6108E-05   2.5463E-05 / 4.6108E-05   
4940   5.000E-04   2.5484E-05   4.7318E-05   2.5467E-05 / 4.7255E-05   
4950   5.000E-04   2.3980E-05   4.2906E-05   2.3977E-05 / 4.2898E-05   
4960   5.000E-04   2.3824E-05   4.2418E-05   2.3824E-05 / 4.2418E-05   
4970   5.000E-04   2.3982E-05   4.3559E-05   2.3982E-05 / 4.3559E-05   
4980   5.000E-04   2.4533E-05   4.3872E-05   2.4265E-05 / 4.3287E-05   
4990   5.000E-04   3.0163E-05   5.0968E-05   3.0163E-05 / 5.0968E-05   
5000   5.000E-04   2.7620E-05   4.5821E-05   2.7620E-05 / 4.5821E-05   
5010   5.000E-04   3.3052E-05   5.5078E-05   3.3052E-05 / 5.5019E-05   
5020   5.000E-04   2.4625E-05   4.2612E-05   2.4625E-05 / 4.2612E-05   
5030   5.000E-04   2.5107E-05   4.4008E-05   2.5097E-05 / 4.4008E-05   
5040   5.000E-04   2.5459E-05   4.5055E-05   2.5459E-05 / 4.5055E-05   
5050   5.000E-04   2.4896E-05   4.1954E-05   2.4893E-05 / 4.1954E-05   
5060   5.000E-04   2.3756E-05   4.3010E-05   2.3756E-05 / 4.3010E-05   
5070   5.000E-04   2.7275E-05   4.7313E-05   2.7275E-05 / 4.7313E-05   
5080   5.000E-04   2.3135E-05   4.2205E-05   2.3135E-05 / 4.2205E-05   
5090   5.000E-04   2.4518E-05   4.4924E-05   2.4295E-05 / 4.4796E-05   
5100   5.000E-04   2.4748E-05   4.2767E-05   2.4478E-05 / 4.2538E-05   
5110   5.000E-04   2.8046E-05   4.3541E-05   2.8046E-05 / 4.3541E-05   
5120   5.000E-04   2.7386E-05   4.5229E-05   2.7386E-05 / 4.5229E-05   
5130   5.000E-04   2.4512E-05   4.2589E-05   2.4512E-05 / 4.2589E-05   
5140   5.000E-04   2.3962E-05   4.4275E-05   2.3962E-05 / 4.4275E-05   
5150   5.000E-04   6.2169E-05   7.6471E-05   6.2169E-05 / 7.6471E-05   
5160   5.000E-04   2.2703E-05   4.0748E-05   2.2703E-05 / 4.0748E-05   
5170   5.000E-04   2.2369E-05   4.1052E-05   2.2369E-05 / 4.1052E-05   
5180   5.000E-04   2.2400E-05   4.2670E-05   2.2400E-05 / 4.2670E-05   
5190   5.000E-04   2.2259E-05   4.0737E-05   2.2230E-05 / 4.0737E-05   
5200   5.000E-04   2.5265E-05   4.5145E-05   2.3112E-05 / 4.3887E-05   
5210   5.000E-04   2.4149E-05   4.1880E-05   2.4149E-05 / 4.1880E-05   
5220   5.000E-04   2.2809E-05   4.1010E-05   2.2809E-05 / 4.1010E-05   
5230   5.000E-04   3.3055E-05   5.2626E-05   3.2309E-05 / 5.2195E-05   
5240   5.000E-04   3.9262E-05   5.8708E-05   3.9262E-05 / 5.8708E-05   
5250   5.000E-04   4.1652E-05   5.7468E-05   3.8952E-05 / 5.7468E-05   
5260   5.000E-04   2.6515E-05   4.5914E-05   2.6515E-05 / 4.5914E-05   
5270   5.000E-04   2.2069E-05   4.2023E-05   2.2069E-05 / 4.2023E-05   
5280   5.000E-04   2.3765E-05   4.4215E-05   2.3765E-05 / 4.4215E-05   
5290   5.000E-04   2.6323E-05   4.3972E-05   2.6323E-05 / 4.3972E-05   
5300   5.000E-04   3.8662E-05   5.7955E-05   3.8662E-05 / 5.7955E-05   
5310   5.000E-04   2.8771E-05   4.8556E-05   2.8771E-05 / 4.8556E-05   
5320   5.000E-04   2.3236E-05   4.3662E-05   2.3069E-05 / 4.3662E-05   
5330   5.000E-04   2.1983E-05   4.1931E-05   2.1983E-05 / 4.1931E-05   
5340   5.000E-04   2.8542E-05   4.7637E-05   2.8542E-05 / 4.7637E-05   
5350   5.000E-04   2.4914E-05   4.3174E-05   2.4914E-05 / 4.3174E-05   
5360   5.000E-04   2.2013E-05   4.1298E-05   2.2013E-05 / 4.1298E-05   
5370   5.000E-04   2.2669E-05   4.3892E-05   2.2669E-05 / 4.3892E-05   
5380   5.000E-04   2.1900E-05   4.1222E-05   2.1900E-05 / 4.1222E-05   
5390   5.000E-04   2.1875E-05   4.1664E-05   2.1875E-05 / 4.1664E-05   
5400   5.000E-04   3.2829E-05   5.2377E-05   3.2829E-05 / 5.2377E-05   
5410   5.000E-04   2.6684E-05   4.6555E-05   2.6684E-05 / 4.6555E-05   
5420   5.000E-04   2.1789E-05   4.2917E-05   2.1695E-05 / 4.2917E-05   
5430   5.000E-04   2.4925E-05   4.6418E-05   2.4925E-05 / 4.6418E-05   
5440   5.000E-04   2.2658E-05   3.8984E-05   2.1704E-05 / 3.8759E-05   
5450   5.000E-04   4.0313E-05   5.0998E-05   4.0313E-05 / 5.0998E-05   
5460   5.000E-04   2.4063E-05   3.9022E-05   2.4063E-05 / 3.9022E-05   
5470   5.000E-04   2.2266E-05   3.8959E-05   2.1965E-05 / 3.8615E-05   
5480   5.000E-04   2.1371E-05   3.9481E-05   2.1327E-05 / 3.9468E-05   
5490   5.000E-04   2.1441E-05   4.0000E-05   2.1441E-05 / 4.0000E-05   
5500   5.000E-04   2.1270E-05   4.0602E-05   2.1160E-05 / 4.0602E-05   
5510   5.000E-04   2.1792E-05   3.9625E-05   2.1792E-05 / 3.9625E-05   
5520   5.000E-04   2.2246E-05   4.0948E-05   2.2246E-05 / 4.0948E-05   
5530   5.000E-04   2.1951E-05   4.0691E-05   2.1006E-05 / 4.0419E-05   
5540   5.000E-04   2.1359E-05   4.0369E-05   2.1359E-05 / 4.0369E-05   
5550   5.000E-04   2.2795E-05   4.1492E-05   2.2795E-05 / 4.1492E-05   
5560   5.000E-04   2.2227E-05   4.3310E-05   2.2227E-05 / 4.3310E-05   
5570   5.000E-04   2.9956E-05   5.1587E-05   2.7589E-05 / 4.9695E-05   
5580   5.000E-04   2.3174E-05   3.9926E-05   2.3032E-05 / 3.9926E-05   
5590   5.000E-04   2.1877E-05   4.3789E-05   2.1729E-05 / 4.3789E-05   
5600   5.000E-04   2.1749E-05   3.9437E-05   2.1749E-05 / 3.9437E-05   
5610   5.000E-04   2.2879E-05   4.1549E-05   2.2879E-05 / 4.1549E-05   
5620   5.000E-04   2.0760E-05   3.8863E-05   2.0760E-05 / 3.8863E-05   
5630   5.000E-04   2.1059E-05   4.0311E-05   2.1059E-05 / 4.0311E-05   
5640   5.000E-04   2.8175E-05   4.8598E-05   2.8175E-05 / 4.8598E-05   
5650   5.000E-04   2.2602E-05   4.2804E-05   2.2602E-05 / 4.2804E-05   
5660   5.000E-04   2.1905E-05   4.0839E-05   2.1905E-05 / 4.0839E-05   
5670   5.000E-04   2.1443E-05   4.1113E-05   2.1443E-05 / 4.1113E-05   
5680   5.000E-04   2.4776E-05   4.3874E-05   2.4776E-05 / 4.3874E-05   
5690   5.000E-04   2.1777E-05   4.1723E-05   2.1745E-05 / 4.1723E-05   
5700   5.000E-04   2.0505E-05   4.0115E-05   2.0505E-05 / 4.0115E-05   
5710   5.000E-04   2.4617E-05   4.4058E-05   2.4617E-05 / 4.4058E-05   
5720   5.000E-04   2.0613E-05   3.9665E-05   2.0590E-05 / 3.9665E-05   
5730   5.000E-04   2.2982E-05   3.9981E-05   2.2950E-05 / 3.9981E-05   
5740   5.000E-04   4.6720E-05   6.7075E-05   4.6720E-05 / 6.7075E-05   
5750   5.000E-04   2.1722E-05   4.0642E-05   2.1722E-05 / 4.0642E-05   
5760   5.000E-04   2.1931E-05   4.3621E-05   2.1931E-05 / 4.3621E-05   
5770   5.000E-04   2.0401E-05   3.8734E-05   1.9964E-05 / 3.8682E-05   
5780   5.000E-04   4.5288E-05   5.6738E-05   4.5288E-05 / 5.6738E-05   
5790   5.000E-04   2.0707E-05   4.0020E-05   2.0448E-05 / 3.9927E-05   
5800   5.000E-04   2.2322E-05   4.1627E-05   2.2322E-05 / 4.1627E-05   
5810   5.000E-04   2.2132E-05   4.3518E-05   2.2132E-05 / 4.3518E-05   
5820   5.000E-04   3.2326E-05   5.1298E-05   3.2326E-05 / 5.1298E-05   
5830   5.000E-04   1.9665E-05   3.7988E-05   1.9621E-05 / 3.7988E-05   
5840   5.000E-04   1.6043E-04   1.7551E-04   1.6043E-04 / 1.7551E-04   
5850   5.000E-04   1.9913E-05   3.6482E-05   1.9714E-05 / 3.6375E-05   
5860   5.000E-04   1.9545E-05   3.8759E-05   1.9545E-05 / 3.8759E-05   
5870   5.000E-04   1.9511E-05   3.7341E-05   1.9452E-05 / 3.7341E-05   
5880   5.000E-04   2.0340E-05   3.9568E-05   1.9690E-05 / 3.9142E-05   
5890   5.000E-04   2.0266E-05   3.8583E-05   2.0229E-05 / 3.8583E-05   
5900   5.000E-04   2.2741E-05   4.0271E-05   2.2741E-05 / 4.0271E-05   
5910   5.000E-04   2.2781E-05   4.6870E-05   2.2777E-05 / 4.6870E-05   
5920   5.000E-04   1.9993E-05   4.1259E-05   1.9993E-05 / 4.1259E-05   
5930   5.000E-04   2.4169E-05   4.3218E-05   2.4169E-05 / 4.3218E-05   
5940   5.000E-04   1.9689E-05   3.9000E-05   1.9519E-05 / 3.9000E-05   
5950   5.000E-04   2.0784E-05   3.9758E-05   2.0784E-05 / 3.9758E-05   
5960   5.000E-04   1.3417E-04   1.4832E-04   1.3364E-04 / 1.4815E-04   
5970   5.000E-04   1.9079E-05   3.8247E-05   1.9079E-05 / 3.8247E-05   
5980   5.000E-04   4.0054E-05   5.4414E-05   3.9551E-05 / 5.4414E-05   
5990   5.000E-04   2.1300E-05   4.0814E-05   2.1300E-05 / 4.0814E-05   
6000   5.000E-04   1.9974E-05   3.6105E-05   1.9866E-05 / 3.6105E-05   
6010   5.000E-04   2.6073E-05   4.1232E-05   2.6073E-05 / 4.1232E-05   
6020   5.000E-04   2.3617E-05   3.6785E-05   2.3617E-05 / 3.6785E-05   
6030   5.000E-04   2.2202E-05   4.1977E-05   2.2202E-05 / 4.1977E-05   
6040   5.000E-04   2.6683E-05   4.6143E-05   2.6683E-05 / 4.6143E-05   
6050   5.000E-04   2.6433E-05   4.5527E-05   2.6433E-05 / 4.5527E-05   
6060   5.000E-04   2.0414E-05   3.9418E-05   2.0414E-05 / 3.9418E-05   
6070   5.000E-04   2.1023E-05   3.7520E-05   2.1023E-05 / 3.7520E-05   
6080   5.000E-04   1.8831E-05   3.8076E-05   1.8826E-05 / 3.8076E-05   
6090   5.000E-04   2.4740E-05   4.4042E-05   2.4740E-05 / 4.4042E-05   
6100   5.000E-04   1.8890E-05   3.7791E-05   1.8886E-05 / 3.7791E-05   
6110   5.000E-04   2.0452E-05   3.7145E-05   2.0452E-05 / 3.7145E-05   
6120   5.000E-04   1.8921E-05   3.9742E-05   1.8867E-05 / 3.9736E-05   
6130   5.000E-04   1.9253E-05   3.9657E-05   1.9253E-05 / 3.9657E-05   
6140   5.000E-04   1.8592E-05   3.7296E-05   1.8592E-05 / 3.7296E-05   
6150   5.000E-04   2.2622E-05   4.0994E-05   2.2622E-05 / 4.0994E-05   
6160   5.000E-04   2.2976E-05   3.5916E-05   2.2976E-05 / 3.5893E-05   
6170   5.000E-04   2.1623E-05   3.9154E-05   2.1623E-05 / 3.9154E-05   
6180   5.000E-04   2.0222E-05   3.7293E-05   1.8886E-05 / 3.6987E-05   
6190   5.000E-04   2.0794E-05   4.0655E-05   2.0787E-05 / 4.0655E-05   
6200   5.000E-04   1.9809E-05   3.7953E-05   1.9809E-05 / 3.7953E-05   
6210   5.000E-04   1.8507E-05   3.7130E-05   1.8507E-05 / 3.7130E-05   
6220   5.000E-04   2.0263E-05   3.9910E-05   2.0163E-05 / 3.9810E-05   
6230   5.000E-04   2.6973E-05   4.7618E-05   2.6764E-05 / 4.7618E-05   
6240   5.000E-04   2.4343E-05   4.1106E-05   2.4343E-05 / 4.1106E-05   
6250   5.000E-04   1.8033E-05   3.6389E-05   1.7852E-05 / 3.6171E-05   
6260   5.000E-04   3.7324E-05   5.5406E-05   3.7324E-05 / 5.5406E-05   
6270   5.000E-04   1.9972E-05   3.9941E-05   1.9972E-05 / 3.9941E-05   
6280   5.000E-04   2.9315E-05   4.6402E-05   2.9315E-05 / 4.6402E-05   
6290   5.000E-04   1.9991E-05   3.7886E-05   1.9991E-05 / 3.7886E-05   
6300   5.000E-04   1.8684E-05   3.7931E-05   1.8684E-05 / 3.7931E-05   
6310   5.000E-04   1.8457E-05   3.7447E-05   1.8457E-05 / 3.7447E-05   
6320   5.000E-04   1.9606E-05   3.7920E-05   1.9606E-05 / 3.7920E-05   
6330   5.000E-04   1.9193E-05   3.7954E-05   1.9193E-05 / 3.7954E-05   
6340   5.000E-04   1.8621E-05   3.9100E-05   1.8621E-05 / 3.9100E-05   
6350   5.000E-04   6.7359E-05   8.5918E-05   6.7359E-05 / 8.5918E-05   
6360   5.000E-04   1.7801E-05   3.7553E-05   1.7778E-05 / 3.7416E-05   
6370   5.000E-04   1.8437E-05   3.6994E-05   1.7746E-05 / 3.6927E-05   
6380   5.000E-04   1.7931E-05   3.5014E-05   1.7896E-05 / 3.5014E-05   
6390   5.000E-04   1.8290E-05   3.7760E-05   1.8290E-05 / 3.7760E-05   
6400   5.000E-04   1.8288E-05   3.8240E-05   1.8288E-05 / 3.8240E-05   
6410   5.000E-04   4.1733E-05   6.4113E-05   4.1733E-05 / 6.4113E-05   
6420   5.000E-04   1.8380E-05   3.6143E-05   1.8380E-05 / 3.6142E-05   
6430   5.000E-04   1.7678E-05   3.6438E-05   1.7678E-05 / 3.6438E-05   
6440   5.000E-04   1.7983E-05   3.4087E-05   1.7874E-05 / 3.4084E-05   
6450   5.000E-04   2.2063E-05   4.2158E-05   2.2063E-05 / 4.2158E-05   
6460   5.000E-04   1.8184E-05   3.7412E-05   1.8088E-05 / 3.7412E-05   
6470   5.000E-04   3.4436E-05   5.5880E-05   3.4436E-05 / 5.5880E-05   
6480   5.000E-04   1.7775E-05   3.6009E-05   1.7775E-05 / 3.6009E-05   
6490   5.000E-04   1.9396E-05   3.7838E-05   1.9396E-05 / 3.7838E-05   
6500   5.000E-04   1.8023E-05   3.6212E-05   1.7171E-05 / 3.6204E-05   
6510   5.000E-04   1.8007E-05   3.7275E-05   1.8007E-05 / 3.7275E-05   
6520   5.000E-04   1.9878E-05   3.9066E-05   1.9878E-05 / 3.9066E-05   
6530   5.000E-04   1.9069E-05   3.6874E-05   1.9068E-05 / 3.6835E-05   
6540   5.000E-04   1.7238E-05   3.7119E-05   1.7238E-05 / 3.7119E-05   
6550   5.000E-04   1.7116E-05   3.5174E-05   1.7116E-05 / 3.5174E-05   
6560   5.000E-04   1.7354E-05   3.7518E-05   1.7354E-05 / 3.7518E-05   
6570   5.000E-04   1.6927E-05   3.6129E-05   1.6925E-05 / 3.6129E-05   
6580   5.000E-04   1.6961E-05   3.5010E-05   1.6961E-05 / 3.5010E-05   
6590   5.000E-04   2.1219E-05   3.5488E-05   1.8232E-05 / 3.5304E-05   
6600   5.000E-04   1.7046E-05   3.5137E-05   1.7031E-05 / 3.5137E-05   
6610   5.000E-04   2.0353E-05   3.6455E-05   2.0353E-05 / 3.6455E-05   
6620   5.000E-04   4.2433E-05   5.5600E-05   4.2433E-05 / 5.5600E-05   
6630   5.000E-04   1.7363E-05   3.6503E-05   1.7363E-05 / 3.6503E-05   
6640   5.000E-04   1.9295E-05   3.9052E-05   1.9295E-05 / 3.9052E-05   
6650   5.000E-04   2.0390E-05   4.0094E-05   2.0390E-05 / 4.0094E-05   
6660   5.000E-04   2.0613E-05   3.9767E-05   2.0613E-05 / 3.9767E-05   
6670   5.000E-04   2.0454E-05   3.8706E-05   2.0454E-05 / 3.8706E-05   
6680   5.000E-04   1.7594E-05   3.4840E-05   1.7197E-05 / 3.4780E-05   
6690   5.000E-04   3.4987E-05   4.7926E-05   3.4987E-05 / 4.7926E-05   
6700   5.000E-04   1.7228E-05   3.4324E-05   1.7217E-05 / 3.4148E-05   
6710   5.000E-04   1.6642E-05   3.3954E-05   1.6642E-05 / 3.3926E-05   
6720   5.000E-04   1.7248E-05   3.6881E-05   1.7248E-05 / 3.6869E-05   
6730   5.000E-04   1.6675E-05   3.5931E-05   1.6632E-05 / 3.5590E-05   
6740   5.000E-04   1.6968E-05   3.6497E-05   1.6968E-05 / 3.6497E-05   
6750   5.000E-04   1.8456E-05   3.6405E-05   1.8456E-05 / 3.6405E-05   
6760   5.000E-04   1.9651E-05   4.1131E-05   1.9488E-05 / 4.1121E-05   
6770   5.000E-04   2.0306E-05   4.0954E-05   2.0306E-05 / 4.0954E-05   
6780   5.000E-04   1.9272E-05   3.9975E-05   1.9272E-05 / 3.9975E-05   
6790   5.000E-04   2.0687E-05   4.0999E-05   2.0638E-05 / 4.0988E-05   
6800   5.000E-04   1.7220E-05   3.5899E-05   1.7220E-05 / 3.5899E-05   
6810   5.000E-04   1.7074E-05   3.3739E-05   1.7074E-05 / 3.3739E-05   
6820   5.000E-04   1.7638E-05   3.8930E-05   1.7638E-05 / 3.8930E-05   
6830   5.000E-04   2.9042E-05   4.6410E-05   2.9042E-05 / 4.6410E-05   
6840   5.000E-04   2.2121E-05   4.1908E-05   2.2121E-05 / 4.1908E-05   
6850   5.000E-04   1.6963E-05   3.6943E-05   1.6963E-05 / 3.6943E-05   
6860   5.000E-04   1.6482E-05   3.3181E-05   1.6482E-05 / 3.3171E-05   
6870   5.000E-04   5.8992E-05   7.1586E-05   5.8992E-05 / 7.1586E-05   
6880   5.000E-04   1.6216E-05   3.5032E-05   1.6216E-05 / 3.4931E-05   
6890   5.000E-04   1.7574E-05   3.5129E-05   1.7574E-05 / 3.5129E-05   
6900   5.000E-04   1.6927E-05   3.6157E-05   1.6433E-05 / 3.5183E-05   
6910   5.000E-04   1.6668E-05   3.4608E-05   1.6668E-05 / 3.4608E-05   
6920   5.000E-04   1.6475E-05   3.6825E-05   1.6416E-05 / 3.6461E-05   
6930   5.000E-04   1.7588E-05   3.5256E-05   1.7588E-05 / 3.5256E-05   
6940   5.000E-04   2.4096E-05   4.1540E-05   2.4096E-05 / 4.1540E-05   
6950   5.000E-04   1.6316E-05   3.4142E-05   1.6316E-05 / 3.4142E-05   
6960   5.000E-04   1.6697E-05   3.2518E-05   1.6697E-05 / 3.2518E-05   
6970   5.000E-04   4.2602E-05   5.3557E-05   4.2602E-05 / 5.3557E-05   
6980   5.000E-04   1.9134E-05   3.2987E-05   1.9134E-05 / 3.2987E-05   
6990   5.000E-04   1.6584E-05   3.2370E-05   1.6584E-05 / 3.2370E-05   
7000   5.000E-04   1.6234E-05   3.3936E-05   1.6234E-05 / 3.3936E-05   
7010   5.000E-04   1.7582E-05   3.5878E-05   1.7582E-05 / 3.5878E-05   
7020   5.000E-04   1.6461E-05   3.4364E-05   1.6461E-05 / 3.4364E-05   
7030   5.000E-04   1.6245E-05   3.4589E-05   1.5682E-05 / 3.3727E-05   
7040   5.000E-04   1.7489E-05   3.6331E-05   1.7489E-05 / 3.6331E-05   
7050   5.000E-04   1.5992E-05   3.4944E-05   1.5591E-05 / 3.4273E-05   
7060   5.000E-04   1.6053E-05   3.5234E-05   1.6053E-05 / 3.5234E-05   
7070   5.000E-04   1.8765E-05   3.8444E-05   1.8765E-05 / 3.8444E-05   
7080   5.000E-04   1.5888E-05   3.3151E-05   1.5888E-05 / 3.2984E-05   
7090   5.000E-04   1.5817E-05   3.6146E-05   1.5817E-05 / 3.6146E-05   
7100   5.000E-04   1.9370E-05   3.7130E-05   1.9370E-05 / 3.7130E-05   
7110   5.000E-04   1.6403E-05   3.7842E-05   1.6403E-05 / 3.7841E-05   
7120   5.000E-04   2.4364E-05   4.3083E-05   2.4364E-05 / 4.3083E-05   
7130   5.000E-04   1.6828E-05   3.4820E-05   1.5704E-05 / 3.4223E-05   
7140   5.000E-04   1.6746E-05   3.7353E-05   1.6746E-05 / 3.7353E-05   
7150   5.000E-04   1.6251E-05   3.4787E-05   1.6251E-05 / 3.4787E-05   
7160   5.000E-04   1.5528E-05   3.4523E-05   1.5472E-05 / 3.4522E-05   
7170   5.000E-04   1.6334E-05   3.4931E-05   1.6334E-05 / 3.4931E-05   
7180   5.000E-04   2.2901E-05   4.0125E-05   2.2901E-05 / 4.0125E-05   
7190   5.000E-04   1.8955E-05   3.4784E-05   1.8955E-05 / 3.4784E-05   
7200   5.000E-04   1.7700E-05   3.5487E-05   1.7700E-05 / 3.5487E-05   
7210   5.000E-04   1.5970E-05   3.5244E-05   1.5970E-05 / 3.5244E-05   
7220   5.000E-04   1.5346E-05   3.4392E-05   1.5343E-05 / 3.4392E-05   
7230   5.000E-04   1.7029E-05   3.3528E-05   1.7029E-05 / 3.3528E-05   
7240   5.000E-04   1.9283E-05   3.8052E-05   1.9283E-05 / 3.8052E-05   
7250   5.000E-04   1.5982E-05   3.4193E-05   1.5982E-05 / 3.4193E-05   
7260   5.000E-04   1.5634E-05   3.3585E-05   1.5634E-05 / 3.3585E-05   
7270   5.000E-04   1.5408E-05   3.5075E-05   1.5408E-05 / 3.5075E-05   
7280   5.000E-04   4.4799E-05   6.2031E-05   4.4799E-05 / 6.2031E-05   
7290   5.000E-04   1.5093E-05   3.4151E-05   1.5093E-05 / 3.4151E-05   
7300   5.000E-04   1.5215E-05   3.2497E-05   1.5215E-05 / 3.2497E-05   
7310   5.000E-04   2.1290E-05   3.7817E-05   2.1290E-05 / 3.7817E-05   
7320   5.000E-04   4.3064E-05   5.9648E-05   4.3030E-05 / 5.9592E-05   
7330   5.000E-04   2.3855E-05   3.9661E-05   2.3855E-05 / 3.9661E-05   
7340   5.000E-04   5.3825E-05   7.2744E-05   5.3825E-05 / 7.2744E-05   
7350   5.000E-04   1.5923E-05   3.5978E-05   1.5923E-05 / 3.5978E-05   
7360   5.000E-04   1.5374E-05   3.3862E-05   1.5210E-05 / 3.3862E-05   
7370   5.000E-04   1.7238E-05   3.5995E-05   1.5131E-05 / 3.4440E-05   
7380   5.000E-04   2.7717E-05   4.5513E-05   2.7530E-05 / 4.5500E-05   
7390   5.000E-04   1.4834E-05   3.4875E-05   1.4834E-05 / 3.4875E-05   
7400   5.000E-04   1.6586E-05   3.6461E-05   1.6586E-05 / 3.6461E-05   
7410   5.000E-04   1.4872E-05   3.3084E-05   1.4872E-05 / 3.3084E-05   
7420   5.000E-04   2.2118E-05   3.5036E-05   2.2118E-05 / 3.5036E-05   
7430   5.000E-04   1.5299E-05   3.4320E-05   1.5299E-05 / 3.4320E-05   
7440   5.000E-04   1.6638E-05   3.4752E-05   1.6638E-05 / 3.4752E-05   
7450   5.000E-04   1.5687E-05   3.4899E-05   1.5687E-05 / 3.4899E-05   
7460   5.000E-04   2.0305E-05   4.0351E-05   2.0305E-05 / 4.0351E-05   
7470   5.000E-04   1.6530E-05   3.4769E-05   1.6530E-05 / 3.4769E-05   
7480   5.000E-04   1.6980E-05   3.5112E-05   1.6980E-05 / 3.5112E-05   
7490   5.000E-04   1.5254E-05   3.3319E-05   1.5231E-05 / 3.3319E-05   
7500   5.000E-04   2.8542E-05   4.1859E-05   2.8542E-05 / 4.1859E-05   
7510   5.000E-04   1.4946E-05   3.1770E-05   1.4946E-05 / 3.1770E-05   
7520   5.000E-04   1.5215E-05   3.3909E-05   1.5215E-05 / 3.3909E-05   
7530   5.000E-04   1.4839E-05   3.3131E-05   1.4716E-05 / 3.3131E-05   
7540   5.000E-04   1.6000E-05   3.4681E-05   1.6000E-05 / 3.4681E-05   
7550   5.000E-04   1.6138E-05   3.4431E-05   1.6138E-05 / 3.4431E-05   
7560   5.000E-04   1.9328E-05   3.7010E-05   1.9328E-05 / 3.7010E-05   
7570   5.000E-04   1.7419E-05   3.3635E-05   1.7419E-05 / 3.3635E-05   
7580   5.000E-04   2.1085E-05   3.9420E-05   2.1048E-05 / 3.9419E-05   
7590   5.000E-04   1.6423E-05   3.3714E-05   1.6409E-05 / 3.3714E-05   
7600   5.000E-04   1.7266E-05   3.2658E-05   1.7266E-05 / 3.2658E-05   
7610   5.000E-04   1.4532E-05   3.1625E-05   1.4532E-05 / 3.1625E-05   
7620   5.000E-04   1.4992E-05   3.3168E-05   1.4992E-05 / 3.3168E-05   
7630   5.000E-04   2.2334E-05   4.1445E-05   2.2334E-05 / 4.1445E-05   
7640   5.000E-04   1.6493E-05   3.4598E-05   1.6493E-05 / 3.4598E-05   
7650   5.000E-04   1.5153E-05   3.3105E-05   1.4612E-05 / 3.3077E-05   
7660   5.000E-04   1.5704E-05   3.8106E-05   1.5704E-05 / 3.8106E-05   
7670   5.000E-04   1.5270E-05   3.3948E-05   1.5270E-05 / 3.3948E-05   
7680   5.000E-04   1.6184E-05   3.2547E-05   1.6184E-05 / 3.2547E-05   
7690   5.000E-04   2.0425E-05   3.7966E-05   2.0425E-05 / 3.7966E-05   
7700   5.000E-04   1.4910E-05   3.2263E-05   1.4884E-05 / 3.2263E-05   
7710   5.000E-04   2.0462E-05   4.0949E-05   2.0462E-05 / 4.0949E-05   
7720   5.000E-04   1.7210E-05   3.5803E-05   1.7210E-05 / 3.5803E-05   
7730   5.000E-04   1.6507E-05   3.6253E-05   1.6507E-05 / 3.6253E-05   
7740   5.000E-04   2.1272E-05   3.4965E-05   2.1272E-05 / 3.4965E-05   
7750   5.000E-04   3.6905E-05   5.2651E-05   3.5956E-05 / 5.2060E-05   
7760   5.000E-04   1.5051E-05   3.3861E-05   1.5051E-05 / 3.3861E-05   
7770   5.000E-04   1.9659E-05   4.1344E-05   1.9629E-05 / 4.1344E-05   
7780   5.000E-04   1.8425E-05   3.4853E-05   1.8425E-05 / 3.4853E-05   
7790   5.000E-04   2.0608E-05   3.8553E-05   2.0608E-05 / 3.8553E-05   
7800   5.000E-04   1.6119E-05   3.3101E-05   1.6119E-05 / 3.3101E-05   
7810   5.000E-04   1.5030E-05   3.4308E-05   1.5030E-05 / 3.4308E-05   
7820   5.000E-04   1.4930E-05   3.6074E-05   1.4930E-05 / 3.6074E-05   
7830   5.000E-04   1.4275E-05   3.3638E-05   1.4275E-05 / 3.3638E-05   
7840   5.000E-04   1.9574E-05   3.6514E-05   1.9574E-05 / 3.6514E-05   
7850   5.000E-04   1.4245E-05   3.2599E-05   1.4245E-05 / 3.2599E-05   
7860   5.000E-04   1.8858E-05   3.7573E-05   1.8858E-05 / 3.7573E-05   
7870   5.000E-04   1.4202E-05   3.3087E-05   1.4078E-05 / 3.3087E-05   
7880   5.000E-04   1.7531E-05   3.5672E-05   1.7481E-05 / 3.5672E-05   
7890   5.000E-04   1.5400E-05   3.4338E-05   1.5193E-05 / 3.4227E-05   
7900   5.000E-04   2.2177E-05   3.4238E-05   2.1897E-05 / 3.4015E-05   
7910   5.000E-04   1.4562E-05   3.2159E-05   1.4545E-05 / 3.2159E-05   
7920   5.000E-04   3.6007E-05   5.5782E-05   3.6007E-05 / 5.5782E-05   
7930   5.000E-04   1.5133E-05   3.4180E-05   1.5133E-05 / 3.4180E-05   
7940   5.000E-04   2.5596E-05   4.2851E-05   2.5596E-05 / 4.2851E-05   
7950   5.000E-04   3.0013E-05   4.7000E-05   3.0013E-05 / 4.7000E-05   
7960   5.000E-04   1.6162E-05   3.0409E-05   1.6147E-05 / 3.0409E-05   
7970   5.000E-04   3.3245E-05   4.4543E-05   3.3245E-05 / 4.4543E-05   
7980   5.000E-04   1.5689E-05   3.1659E-05   1.5689E-05 / 3.1659E-05   
7990   5.000E-04   1.4480E-05   3.2285E-05   1.4419E-05 / 3.2285E-05   
8000   5.000E-04   1.4140E-05   3.2693E-05   1.4140E-05 / 3.2693E-05   
===============================================================================================================
Saved model to models/fp_only/TBNNiii-24Jun04_15:08:18.pickle
