========== Dataset info ==========
Dataset params: {'file': '/home/nikki/kan/data/turbulence_dataset_clean.csv', 'Cases': ['fp_1000', 'fp_1410', 'fp_2000', 'fp_2540', 'fp_3030', 'fp_3270', 'fp_3630', 'fp_3970', 'fp_4060'], 'val_set': ['fp_3030', 'fp_1410', 'fp_4060'], 'test_set': ['fp_3630'], 'data_loader': <class 'tbnn.dataloaders.aDataset'>}
Train/Valid/Test points: 760 / 468 / 168
Memorization?: False
Cluster training?: False
EPOCH     LR        TRAIN         VALID             MSE:T/V                  RL:T/V             %NR_t/%NR_v
===============================================================================================================
  1   2.000E-03   2.2393E-01   2.1934E-01   2.2393E-01 / 2.1934E-01   
 10   2.000E-03   3.2546E-02   2.9979E-02   3.2546E-02 / 2.9979E-02   
 20   2.000E-03   1.0695E-02   9.7217E-03   1.0678E-02 / 9.7059E-03   
 30   2.000E-03   5.6685E-03   5.1283E-03   5.6642E-03 / 5.1263E-03   
 40   2.000E-03   3.1810E-03   2.9095E-03   3.1800E-03 / 2.9094E-03   
 50   2.000E-03   2.2903E-03   2.1432E-03   2.2903E-03 / 2.1432E-03   
 60   2.000E-03   2.0027E-03   1.8928E-03   2.0024E-03 / 1.8925E-03   
 70   2.000E-03   1.8060E-03   1.7151E-03   1.8057E-03 / 1.7148E-03   
 80   2.000E-03   1.6415E-03   1.5680E-03   1.6412E-03 / 1.5679E-03   
 90   2.000E-03   1.5180E-03   1.4588E-03   1.5177E-03 / 1.4587E-03   
100   2.000E-03   1.4271E-03   1.3781E-03   1.4266E-03 / 1.3779E-03   
110   2.000E-03   1.3537E-03   1.3124E-03   1.3530E-03 / 1.3122E-03   
120   2.000E-03   1.2906E-03   1.2566E-03   1.2898E-03 / 1.2563E-03   
130   2.000E-03   1.2339E-03   1.2051E-03   1.2328E-03 / 1.2045E-03   
140   2.000E-03   1.1827E-03   1.1574E-03   1.1813E-03 / 1.1566E-03   
150   2.000E-03   1.1357E-03   1.1131E-03   1.1342E-03 / 1.1121E-03   
160   2.000E-03   1.0915E-03   1.0721E-03   1.0903E-03 / 1.0714E-03   
170   2.000E-03   1.0508E-03   1.0327E-03   1.0492E-03 / 1.0317E-03   
180   2.000E-03   1.0118E-03   9.9702E-04   1.0106E-03 / 9.9626E-04   
190   2.000E-03   9.7591E-04   9.6151E-04   9.7463E-04 / 9.6072E-04   
200   2.000E-03   9.4170E-04   9.3033E-04   9.4057E-04 / 9.2964E-04   
210   2.000E-03   9.0927E-04   8.9807E-04   9.0833E-04 / 8.9753E-04   
220   2.000E-03   8.7988E-04   8.6928E-04   8.7892E-04 / 8.6875E-04   
230   2.000E-03   8.4933E-04   8.4125E-04   8.4860E-04 / 8.4089E-04   
240   2.000E-03   8.2175E-04   8.1424E-04   8.2126E-04 / 8.1404E-04   
250   2.000E-03   7.9375E-04   7.8834E-04   7.9321E-04 / 7.8810E-04   
260   2.000E-03   7.6915E-04   7.6563E-04   7.6884E-04 / 7.6553E-04   
270   2.000E-03   7.4344E-04   7.3984E-04   7.4312E-04 / 7.3975E-04   
280   2.000E-03   7.1984E-04   7.1864E-04   7.1963E-04 / 7.1861E-04   
290   2.000E-03   6.9743E-04   6.9759E-04   6.9726E-04 / 6.9758E-04   
300   2.000E-03   6.7641E-04   6.7561E-04   6.7620E-04 / 6.7555E-04   
310   2.000E-03   6.5605E-04   6.5943E-04   6.5583E-04 / 6.5936E-04   
320   2.000E-03   6.3619E-04   6.3986E-04   6.3589E-04 / 6.3973E-04   
330   2.000E-03   6.1707E-04   6.2405E-04   6.1686E-04 / 6.2394E-04   
340   2.000E-03   6.0067E-04   6.0687E-04   6.0042E-04 / 6.0675E-04   
350   2.000E-03   5.8304E-04   5.9120E-04   5.8276E-04 / 5.9106E-04   
360   2.000E-03   5.6639E-04   5.7607E-04   5.6613E-04 / 5.7594E-04   
370   2.000E-03   5.5348E-04   5.6836E-04   5.5315E-04 / 5.6818E-04   
380   2.000E-03   5.3663E-04   5.5332E-04   5.3640E-04 / 5.5322E-04   
390   2.000E-03   5.2266E-04   5.4092E-04   5.2241E-04 / 5.4080E-04   
400   2.000E-03   5.0956E-04   5.2927E-04   5.0921E-04 / 5.2908E-04   
410   2.000E-03   4.9568E-04   5.1790E-04   4.9534E-04 / 5.1771E-04   
420   2.000E-03   4.8448E-04   5.0614E-04   4.8420E-04 / 5.0600E-04   
430   2.000E-03   4.7270E-04   4.9312E-04   4.7239E-04 / 4.9295E-04   
440   2.000E-03   4.5945E-04   4.8387E-04   4.5911E-04 / 4.8367E-04   
450   2.000E-03   4.4882E-04   4.7334E-04   4.4845E-04 / 4.7312E-04   
460   2.000E-03   4.3794E-04   4.6156E-04   4.3764E-04 / 4.6138E-04   
470   2.000E-03   4.2825E-04   4.5428E-04   4.2795E-04 / 4.5410E-04   
480   2.000E-03   4.2073E-04   4.4759E-04   4.2043E-04 / 4.4740E-04   
490   2.000E-03   4.0936E-04   4.3759E-04   4.0901E-04 / 4.3737E-04   
500   2.000E-03   3.9956E-04   4.2478E-04   3.9923E-04 / 4.2457E-04   
510   2.000E-03   3.8972E-04   4.1973E-04   3.8947E-04 / 4.1958E-04   
520   2.000E-03   3.8194E-04   4.1435E-04   3.8153E-04 / 4.1411E-04   
530   2.000E-03   3.7481E-04   4.0944E-04   3.7447E-04 / 4.0924E-04   
540   2.000E-03   3.6770E-04   4.0234E-04   3.6736E-04 / 4.0214E-04   
550   2.000E-03   3.5795E-04   3.9550E-04   3.5752E-04 / 3.9524E-04   
560   2.000E-03   3.5255E-04   3.9521E-04   3.5221E-04 / 3.9502E-04   
570   2.000E-03   3.4319E-04   3.8448E-04   3.4284E-04 / 3.8427E-04   
580   2.000E-03   3.3650E-04   3.8883E-04   3.3608E-04 / 3.8856E-04   
590   2.000E-03   3.4368E-04   3.8442E-04   3.4328E-04 / 3.8415E-04   
600   2.000E-03   3.2333E-04   3.7520E-04   3.2287E-04 / 3.7487E-04   
610   2.000E-03   3.1729E-04   3.7553E-04   3.1685E-04 / 3.7523E-04   
620   2.000E-03   3.1277E-04   3.7022E-04   3.1235E-04 / 3.6994E-04   
630   2.000E-03   3.0792E-04   3.6431E-04   3.0744E-04 / 3.6399E-04   
640   2.000E-03   3.0148E-04   3.7120E-04   3.0102E-04 / 3.7090E-04   
650   2.000E-03   2.9721E-04   3.6530E-04   2.9669E-04 / 3.6495E-04   
660   2.000E-03   2.9477E-04   3.7427E-04   2.9429E-04 / 3.7394E-04   
670   2.000E-03   2.9032E-04   3.5818E-04   2.8983E-04 / 3.5783E-04   
680   2.000E-03   2.8534E-04   3.6977E-04   2.8481E-04 / 3.6938E-04   
690   2.000E-03   2.8076E-04   3.5724E-04   2.8030E-04 / 3.5692E-04   
700   2.000E-03   2.7602E-04   3.4951E-04   2.7537E-04 / 3.4901E-04   
710   2.000E-03   2.7566E-04   3.6858E-04   2.7514E-04 / 3.6819E-04   
720   2.000E-03   2.6922E-04   3.4882E-04   2.6860E-04 / 3.4833E-04   
730   2.000E-03   2.6581E-04   3.5359E-04   2.6519E-04 / 3.5307E-04   
740   2.000E-03   2.8684E-04   3.9209E-04   2.8639E-04 / 3.9171E-04   
750   2.000E-03   2.6230E-04   3.5271E-04   2.6170E-04 / 3.5221E-04   
760   2.000E-03   2.5861E-04   3.5294E-04   2.5800E-04 / 3.5242E-04   
770   2.000E-03   2.5561E-04   3.4053E-04   2.5500E-04 / 3.3999E-04   
780   2.000E-03   2.5675E-04   3.6130E-04   2.5620E-04 / 3.6084E-04   
790   2.000E-03   2.5119E-04   3.3623E-04   2.5062E-04 / 3.3573E-04   
800   2.000E-03   2.4413E-04   3.2950E-04   2.4344E-04 / 3.2890E-04   
810   2.000E-03   2.4666E-04   3.5330E-04   2.4610E-04 / 3.5281E-04   
820   2.000E-03   2.4009E-04   3.1949E-04   2.3947E-04 / 3.1894E-04   
830   2.000E-03   2.3975E-04   3.2890E-04   2.3918E-04 / 3.2840E-04   
840   2.000E-03   2.3684E-04   3.2914E-04   2.3616E-04 / 3.2854E-04   
850   2.000E-03   2.3248E-04   3.1706E-04   2.3193E-04 / 3.1658E-04   
860   2.000E-03   2.3170E-04   3.1240E-04   2.3102E-04 / 3.1182E-04   
870   2.000E-03   2.2794E-04   3.1446E-04   2.2737E-04 / 3.1395E-04   
880   2.000E-03   2.2646E-04   3.1499E-04   2.2580E-04 / 3.1442E-04   
890   2.000E-03   2.2756E-04   3.0478E-04   2.2695E-04 / 3.0426E-04   
900   2.000E-03   2.2421E-04   3.0011E-04   2.2375E-04 / 2.9969E-04   
910   2.000E-03   2.2100E-04   3.0388E-04   2.2038E-04 / 3.0334E-04   
920   2.000E-03   2.2251E-04   3.1070E-04   2.2193E-04 / 3.1019E-04   
930   2.000E-03   2.1936E-04   2.8652E-04   2.1886E-04 / 2.8609E-04   
940   2.000E-03   2.1182E-04   2.8300E-04   2.1133E-04 / 2.8258E-04   
950   2.000E-03   2.1304E-04   3.0019E-04   2.1249E-04 / 2.9973E-04   
960   2.000E-03   2.1140E-04   2.7821E-04   2.1080E-04 / 2.7771E-04   
970   2.000E-03   2.0694E-04   2.7919E-04   2.0642E-04 / 2.7876E-04   
980   2.000E-03   2.0517E-04   2.7716E-04   2.0450E-04 / 2.7660E-04   
990   2.000E-03   2.0253E-04   2.7598E-04   2.0203E-04 / 2.7557E-04   
1000   2.000E-03   2.0524E-04   2.9623E-04   2.0480E-04 / 2.9586E-04   
1010   2.000E-03   1.9529E-04   2.7200E-04   1.9476E-04 / 2.7156E-04   
1020   2.000E-03   1.9586E-04   2.7749E-04   1.9541E-04 / 2.7711E-04   
1030   2.000E-03   1.9124E-04   2.5978E-04   1.9069E-04 / 2.5931E-04   
1040   2.000E-03   1.8988E-04   2.6226E-04   1.8945E-04 / 2.6189E-04   
1050   2.000E-03   1.9256E-04   2.7091E-04   1.9218E-04 / 2.7060E-04   
1060   2.000E-03   1.8531E-04   2.6417E-04   1.8497E-04 / 2.6389E-04   
1070   2.000E-03   1.8970E-04   2.6770E-04   1.8930E-04 / 2.6736E-04   
1080   2.000E-03   1.7991E-04   2.4857E-04   1.7949E-04 / 2.4822E-04   
1090   2.000E-03   1.7907E-04   2.6722E-04   1.7868E-04 / 2.6690E-04   
1100   2.000E-03   1.8030E-04   2.5074E-04   1.7998E-04 / 2.5049E-04   
1110   2.000E-03   1.7570E-04   2.5548E-04   1.7531E-04 / 2.5518E-04   
1120   2.000E-03   1.7357E-04   2.5164E-04   1.7321E-04 / 2.5135E-04   
1130   2.000E-03   1.7533E-04   2.5467E-04   1.7511E-04 / 2.5450E-04   
1140   2.000E-03   1.6580E-04   2.4343E-04   1.6552E-04 / 2.4322E-04   
1150   2.000E-03   1.7910E-04   2.3719E-04   1.7882E-04 / 2.3698E-04   
1160   2.000E-03   1.6888E-04   2.4597E-04   1.6857E-04 / 2.4575E-04   
1170   2.000E-03   1.6247E-04   2.3871E-04   1.6224E-04 / 2.3856E-04   
1180   2.000E-03   1.6339E-04   2.4021E-04   1.6312E-04 / 2.4002E-04   
1190   2.000E-03   1.5893E-04   2.3325E-04   1.5871E-04 / 2.3310E-04   
1200   2.000E-03   1.5505E-04   2.2325E-04   1.5482E-04 / 2.2310E-04   
1210   2.000E-03   1.6105E-04   2.3753E-04   1.6089E-04 / 2.3743E-04   
1220   2.000E-03   1.5085E-04   2.3250E-04   1.5060E-04 / 2.3231E-04   
1230   2.000E-03   1.5210E-04   2.3324E-04   1.5190E-04 / 2.3307E-04   
1240   2.000E-03   1.4690E-04   2.1862E-04   1.4674E-04 / 2.1850E-04   
1250   2.000E-03   1.4853E-04   2.2780E-04   1.4833E-04 / 2.2763E-04   
1260   2.000E-03   1.5172E-04   2.2916E-04   1.5151E-04 / 2.2898E-04   
1270   2.000E-03   1.4314E-04   2.1356E-04   1.4287E-04 / 2.1331E-04   
1280   2.000E-03   1.4038E-04   2.1561E-04   1.4015E-04 / 2.1540E-04   
1290   2.000E-03   1.3876E-04   2.0982E-04   1.3850E-04 / 2.0959E-04   
1300   2.000E-03   1.4005E-04   2.1826E-04   1.3990E-04 / 2.1811E-04   
1310   2.000E-03   1.3610E-04   2.1456E-04   1.3592E-04 / 2.1438E-04   
1320   2.000E-03   1.3726E-04   2.0893E-04   1.3700E-04 / 2.0869E-04   
1330   2.000E-03   1.3604E-04   2.1459E-04   1.3581E-04 / 2.1437E-04   
1340   2.000E-03   1.4351E-04   2.0927E-04   1.4328E-04 / 2.0908E-04   
1350   2.000E-03   1.3316E-04   2.0380E-04   1.3292E-04 / 2.0359E-04   
1360   2.000E-03   1.3145E-04   2.0168E-04   1.3124E-04 / 2.0148E-04   
1370   2.000E-03   1.3501E-04   2.0199E-04   1.3479E-04 / 2.0180E-04   
1380   2.000E-03   1.3176E-04   1.9777E-04   1.3145E-04 / 1.9749E-04   
1390   2.000E-03   1.2713E-04   1.9449E-04   1.2678E-04 / 1.9418E-04   
1400   2.000E-03   1.2710E-04   1.9942E-04   1.2677E-04 / 1.9915E-04   
1410   2.000E-03   1.2306E-04   1.9226E-04   1.2274E-04 / 1.9202E-04   
1420   2.000E-03   1.3212E-04   2.1389E-04   1.3189E-04 / 2.1371E-04   
1430   2.000E-03   1.2838E-04   1.9207E-04   1.2808E-04 / 1.9186E-04   
1440   2.000E-03   1.2687E-04   1.9921E-04   1.2652E-04 / 1.9896E-04   
1450   2.000E-03   1.1967E-04   1.8557E-04   1.1938E-04 / 1.8539E-04   
1460   2.000E-03   1.2396E-04   1.9225E-04   1.2365E-04 / 1.9208E-04   
1470   2.000E-03   1.1827E-04   1.8765E-04   1.1796E-04 / 1.8746E-04   
1480   2.000E-03   1.1565E-04   1.8609E-04   1.1536E-04 / 1.8592E-04   
1490   2.000E-03   1.1925E-04   1.8386E-04   1.1897E-04 / 1.8369E-04   
1500   2.000E-03   1.1708E-04   1.8621E-04   1.1675E-04 / 1.8601E-04   
1510   2.000E-03   1.1330E-04   1.8217E-04   1.1293E-04 / 1.8193E-04   
1520   2.000E-03   1.1476E-04   1.8755E-04   1.1449E-04 / 1.8739E-04   
1530   2.000E-03   1.1196E-04   1.7618E-04   1.1173E-04 / 1.7604E-04   
1540   2.000E-03   1.1043E-04   1.7818E-04   1.1017E-04 / 1.7802E-04   
1550   2.000E-03   1.0988E-04   1.7872E-04   1.0965E-04 / 1.7857E-04   
1560   2.000E-03   1.0953E-04   1.7165E-04   1.0926E-04 / 1.7145E-04   
1570   2.000E-03   1.1372E-04   1.8048E-04   1.1343E-04 / 1.8025E-04   
1580   2.000E-03   1.0768E-04   1.7880E-04   1.0751E-04 / 1.7866E-04   
1590   2.000E-03   1.0940E-04   1.6793E-04   1.0916E-04 / 1.6771E-04   
1600   2.000E-03   1.0369E-04   1.6961E-04   1.0343E-04 / 1.6938E-04   
1610   2.000E-03   1.0894E-04   1.7328E-04   1.0873E-04 / 1.7307E-04   
1620   2.000E-03   1.0205E-04   1.6368E-04   1.0180E-04 / 1.6344E-04   
1630   2.000E-03   1.0445E-04   1.6448E-04   1.0422E-04 / 1.6424E-04   
1640   2.000E-03   1.0011E-04   1.6217E-04   9.9838E-05 / 1.6188E-04   
1650   2.000E-03   1.0051E-04   1.6525E-04   1.0021E-04 / 1.6493E-04   
1660   2.000E-03   1.0420E-04   1.5542E-04   1.0387E-04 / 1.5509E-04   
1670   2.000E-03   1.0052E-04   1.5892E-04   1.0027E-04 / 1.5863E-04   
1680   2.000E-03   9.9360E-05   1.5821E-04   9.9156E-05 / 1.5797E-04   
1690   2.000E-03   9.6500E-05   1.6211E-04   9.6173E-05 / 1.6176E-04   
1700   2.000E-03   9.6051E-05   1.5507E-04   9.5864E-05 / 1.5488E-04   
1710   2.000E-03   9.9240E-05   1.6354E-04   9.9049E-05 / 1.6332E-04   
1720   2.000E-03   1.0145E-04   1.5785E-04   1.0116E-04 / 1.5756E-04   
1730   2.000E-03   9.5075E-05   1.5599E-04   9.4748E-05 / 1.5563E-04   
1740   2.000E-03   9.7595E-05   1.5884E-04   9.7334E-05 / 1.5856E-04   
1750   2.000E-03   9.5700E-05   1.5096E-04   9.5327E-05 / 1.5057E-04   
1760   2.000E-03   9.1884E-05   1.5020E-04   9.1602E-05 / 1.4990E-04   
1770   2.000E-03   9.1367E-05   1.4832E-04   9.1108E-05 / 1.4805E-04   
1780   2.000E-03   9.7791E-05   1.4478E-04   9.7446E-05 / 1.4445E-04   
1790   2.000E-03   9.0315E-05   1.5024E-04   9.0003E-05 / 1.4992E-04   
1800   2.000E-03   9.1467E-05   1.5156E-04   9.1183E-05 / 1.5129E-04   
1810   2.000E-03   8.9071E-05   1.4825E-04   8.8661E-05 / 1.4785E-04   
1820   2.000E-03   8.7685E-05   1.4659E-04   8.7351E-05 / 1.4628E-04   
1830   2.000E-03   8.8724E-05   1.4992E-04   8.8365E-05 / 1.4965E-04   
1840   2.000E-03   9.1492E-05   1.4790E-04   9.1086E-05 / 1.4753E-04   
1850   2.000E-03   8.9017E-05   1.4399E-04   8.8752E-05 / 1.4378E-04   
1860   2.000E-03   8.5629E-05   1.4084E-04   8.5271E-05 / 1.4054E-04   
1870   2.000E-03   8.5310E-05   1.4015E-04   8.4943E-05 / 1.3986E-04   
1880   2.000E-03   8.8082E-05   1.4111E-04   8.7719E-05 / 1.4083E-04   
1890   2.000E-03   8.6110E-05   1.4117E-04   8.5750E-05 / 1.4091E-04   
1900   2.000E-03   8.4939E-05   1.3861E-04   8.4578E-05 / 1.3836E-04   
1910   2.000E-03   8.2009E-05   1.3645E-04   8.1608E-05 / 1.3615E-04   
1920   2.000E-03   8.3110E-05   1.4258E-04   8.2703E-05 / 1.4229E-04   
1930   2.000E-03   8.6156E-05   1.4788E-04   8.5810E-05 / 1.4765E-04   
1940   2.000E-03   8.2322E-05   1.3829E-04   8.2057E-05 / 1.3814E-04   
1950   2.000E-03   8.3898E-05   1.3476E-04   8.3469E-05 / 1.3452E-04   
1960   2.000E-03   9.0952E-05   1.5179E-04   9.0551E-05 / 1.5151E-04   
1970   2.000E-03   7.9866E-05   1.3253E-04   7.9410E-05 / 1.3219E-04   
1980   2.000E-03   8.2315E-05   1.3661E-04   8.1982E-05 / 1.3640E-04   
1990   2.000E-03   7.8452E-05   1.2788E-04   7.8043E-05 / 1.2759E-04   
2000   2.000E-03   8.1592E-05   1.3530E-04   8.1266E-05 / 1.3509E-04   
2010   2.000E-03   8.2201E-05   1.3900E-04   8.1845E-05 / 1.3879E-04   
2020   2.000E-03   7.8276E-05   1.3273E-04   7.7902E-05 / 1.3247E-04   
2030   2.000E-03   7.9040E-05   1.2277E-04   7.8554E-05 / 1.2241E-04   
2040   2.000E-03   7.6925E-05   1.2709E-04   7.6624E-05 / 1.2690E-04   
2050   2.000E-03   7.8880E-05   1.2911E-04   7.8552E-05 / 1.2889E-04   
2060   2.000E-03   7.4960E-05   1.3076E-04   7.4708E-05 / 1.3060E-04   
2070   2.000E-03   7.4860E-05   1.2671E-04   7.4528E-05 / 1.2647E-04   
2080   2.000E-03   7.2454E-05   1.2159E-04   7.2147E-05 / 1.2137E-04   
2090   2.000E-03   7.5250E-05   1.2477E-04   7.4810E-05 / 1.2442E-04   
2100   2.000E-03   7.6283E-05   1.2712E-04   7.5932E-05 / 1.2684E-04   
2110   2.000E-03   7.4555E-05   1.2164E-04   7.4228E-05 / 1.2138E-04   
2120   2.000E-03   7.1711E-05   1.1857E-04   7.1413E-05 / 1.1833E-04   
2130   2.000E-03   7.2987E-05   1.2134E-04   7.2726E-05 / 1.2112E-04   
2140   2.000E-03   7.1172E-05   1.2243E-04   7.0926E-05 / 1.2222E-04   
2150   2.000E-03   6.9789E-05   1.1847E-04   6.9374E-05 / 1.1812E-04   
2160   2.000E-03   7.4462E-05   1.1740E-04   7.4173E-05 / 1.1718E-04   
2170   2.000E-03   7.3662E-05   1.2362E-04   7.3258E-05 / 1.2325E-04   
2180   2.000E-03   7.2493E-05   1.1661E-04   7.2200E-05 / 1.1637E-04   
2190   2.000E-03   7.4567E-05   1.2731E-04   7.4100E-05 / 1.2688E-04   
2200   2.000E-03   7.1618E-05   1.2277E-04   7.1428E-05 / 1.2259E-04   
2210   2.000E-03   6.8538E-05   1.1101E-04   6.8040E-05 / 1.1054E-04   
2220   2.000E-03   6.8491E-05   1.1568E-04   6.8152E-05 / 1.1535E-04   
2230   2.000E-03   6.9442E-05   1.1438E-04   6.9091E-05 / 1.1405E-04   
2240   2.000E-03   6.9600E-05   1.1949E-04   6.9339E-05 / 1.1923E-04   
2250   2.000E-03   6.7671E-05   1.0921E-04   6.7318E-05 / 1.0886E-04   
2260   2.000E-03   7.7192E-05   1.3002E-04   7.6961E-05 / 1.2978E-04   
2270   2.000E-03   6.6001E-05   1.0477E-04   6.5619E-05 / 1.0440E-04   
2280   2.000E-03   7.3138E-05   1.0748E-04   7.2825E-05 / 1.0717E-04   
2290   2.000E-03   6.8765E-05   1.0464E-04   6.8429E-05 / 1.0431E-04   
2300   2.000E-03   6.4122E-05   1.0670E-04   6.3810E-05 / 1.0637E-04   
2310   2.000E-03   6.3882E-05   1.0965E-04   6.3582E-05 / 1.0935E-04   
2320   2.000E-03   6.5562E-05   1.0508E-04   6.5324E-05 / 1.0483E-04   
2330   2.000E-03   6.3077E-05   1.0317E-04   6.2695E-05 / 1.0278E-04   
2340   2.000E-03   6.5680E-05   1.0817E-04   6.5317E-05 / 1.0780E-04   
2350   2.000E-03   6.3506E-05   1.0748E-04   6.3214E-05 / 1.0719E-04   
2360   2.000E-03   6.3244E-05   1.0473E-04   6.2988E-05 / 1.0447E-04   
2370   2.000E-03   6.6826E-05   1.1671E-04   6.6543E-05 / 1.1642E-04   
2380   2.000E-03   6.5130E-05   1.0007E-04   6.4789E-05 / 9.9750E-05   
2390   2.000E-03   6.2357E-05   1.0100E-04   6.1973E-05 / 1.0062E-04   
2400   2.000E-03   6.8323E-05   1.0967E-04   6.8100E-05 / 1.0945E-04   
2410   2.000E-03   6.0120E-05   1.0239E-04   5.9818E-05 / 1.0210E-04   
2420   2.000E-03   6.0150E-05   1.0236E-04   5.9802E-05 / 1.0204E-04   
2430   2.000E-03   5.9811E-05   9.7253E-05   5.9464E-05 / 9.6923E-05   
2440   2.000E-03   6.1432E-05   9.8735E-05   6.1082E-05 / 9.8404E-05   
2450   2.000E-03   5.9096E-05   9.6546E-05   5.8649E-05 / 9.6132E-05   
2460   2.000E-03   5.9244E-05   9.7879E-05   5.8980E-05 / 9.7644E-05   
2470   2.000E-03   6.0664E-05   1.0216E-04   6.0431E-05 / 1.0195E-04   
2480   2.000E-03   5.7761E-05   9.5084E-05   5.7345E-05 / 9.4704E-05   
2490   2.000E-03   6.6023E-05   1.0142E-04   6.5823E-05 / 1.0127E-04   
2500   2.000E-03   5.8992E-05   9.7616E-05   5.8596E-05 / 9.7264E-05   
2510   2.000E-03   6.2598E-05   1.0103E-04   6.2257E-05 / 1.0073E-04   
2520   2.000E-03   6.6329E-05   1.0362E-04   6.6133E-05 / 1.0347E-04   
2530   2.000E-03   6.3877E-05   9.6281E-05   6.3629E-05 / 9.6080E-05   
2540   2.000E-03   5.6668E-05   9.2563E-05   5.6439E-05 / 9.2383E-05   
2550   2.000E-03   6.7316E-05   1.0166E-04   6.6820E-05 / 1.0122E-04   
2560   2.000E-03   5.7127E-05   8.9646E-05   5.6751E-05 / 8.9334E-05   
2570   2.000E-03   5.5930E-05   9.0166E-05   5.5669E-05 / 8.9965E-05   
2580   2.000E-03   5.5860E-05   9.0414E-05   5.5477E-05 / 9.0093E-05   
2590   2.000E-03   5.5912E-05   9.5244E-05   5.5568E-05 / 9.4968E-05   
2600   2.000E-03   5.4231E-05   9.1079E-05   5.3886E-05 / 9.0801E-05   
2610   2.000E-03   5.6305E-05   8.8730E-05   5.5992E-05 / 8.8484E-05   
2620   2.000E-03   5.6229E-05   9.4304E-05   5.5867E-05 / 9.4009E-05   
2630   2.000E-03   5.4360E-05   9.4350E-05   5.4117E-05 / 9.4178E-05   
2640   2.000E-03   5.4544E-05   9.4267E-05   5.4348E-05 / 9.4146E-05   
2650   2.000E-03   5.8019E-05   9.0467E-05   5.7754E-05 / 9.0274E-05   
2660   2.000E-03   6.4460E-05   8.8105E-05   6.4059E-05 / 8.7778E-05   
2670   2.000E-03   5.2945E-05   8.7879E-05   5.2727E-05 / 8.7735E-05   
2680   2.000E-03   5.2860E-05   8.8923E-05   5.2613E-05 / 8.8748E-05   
2690   2.000E-03   5.7943E-05   9.3800E-05   5.7693E-05 / 9.3627E-05   
2700   2.000E-03   5.6329E-05   8.4258E-05   5.6049E-05 / 8.4053E-05   
2710   2.000E-03   5.3959E-05   8.3248E-05   5.3739E-05 / 8.3106E-05   
2720   2.000E-03   5.2619E-05   8.9550E-05   5.2459E-05 / 8.9463E-05   
2730   2.000E-03   5.5306E-05   9.1162E-05   5.5174E-05 / 9.1098E-05   
2740   2.000E-03   5.1034E-05   8.4522E-05   5.0732E-05 / 8.4290E-05   
2750   2.000E-03   5.1580E-05   8.1047E-05   5.1421E-05 / 8.0967E-05   
2760   2.000E-03   5.9426E-05   9.5130E-05   5.9170E-05 / 9.4946E-05   
2770   2.000E-03   5.6231E-05   8.9765E-05   5.6030E-05 / 8.9642E-05   
2780   2.000E-03   5.0572E-05   8.2722E-05   5.0170E-05 / 8.2391E-05   
2790   2.000E-03   5.5631E-05   8.4269E-05   5.5400E-05 / 8.4111E-05   
2800   2.000E-03   5.2337E-05   8.6752E-05   5.2066E-05 / 8.6548E-05   
2810   2.000E-03   5.1319E-05   8.1421E-05   5.0983E-05 / 8.1164E-05   
2820   2.000E-03   4.9493E-05   7.8824E-05   4.9203E-05 / 7.8605E-05   
2830   2.000E-03   4.9326E-05   8.0239E-05   4.9069E-05 / 8.0050E-05   
2840   2.000E-03   4.9519E-05   7.7282E-05   4.9293E-05 / 7.7119E-05   
2850   2.000E-03   5.0739E-05   8.7244E-05   5.0545E-05 / 8.7108E-05   
2860   2.000E-03   4.9305E-05   7.9006E-05   4.9090E-05 / 7.8852E-05   
2870   2.000E-03   4.8856E-05   8.1641E-05   4.8623E-05 / 8.1468E-05   
2880   2.000E-03   4.8379E-05   8.1298E-05   4.8113E-05 / 8.1092E-05   
2890   2.000E-03   4.9416E-05   8.2755E-05   4.9035E-05 / 8.2439E-05   
2900   2.000E-03   4.7877E-05   8.2436E-05   4.7670E-05 / 8.2284E-05   
2910   2.000E-03   4.7276E-05   7.7337E-05   4.7123E-05 / 7.7228E-05   
2920   2.000E-03   4.7829E-05   7.6254E-05   4.7578E-05 / 7.6060E-05   
2930   2.000E-03   4.9436E-05   7.9483E-05   4.9266E-05 / 7.9356E-05   
2940   2.000E-03   4.8064E-05   7.4832E-05   4.7921E-05 / 7.4728E-05   
2950   2.000E-03   4.7669E-05   8.0238E-05   4.7548E-05 / 8.0157E-05   
2960   2.000E-03   4.9275E-05   7.2941E-05   4.9130E-05 / 7.2830E-05   
2970   2.000E-03   4.6923E-05   7.3881E-05   4.6709E-05 / 7.3711E-05   
2980   2.000E-03   4.6120E-05   7.2121E-05   4.5948E-05 / 7.1993E-05   
2990   2.000E-03   4.5874E-05   7.4984E-05   4.5757E-05 / 7.4895E-05   
3000   2.000E-03   6.2689E-05   8.5274E-05   6.2485E-05 / 8.5144E-05   
3010   2.000E-03   4.6476E-05   7.8475E-05   4.6336E-05 / 7.8363E-05   
3020   2.000E-03   4.5341E-05   7.4306E-05   4.5152E-05 / 7.4154E-05   
3030   2.000E-03   4.9335E-05   8.0434E-05   4.9282E-05 / 8.0398E-05   
3040   2.000E-03   4.8427E-05   7.8171E-05   4.8284E-05 / 7.8058E-05   
3050   2.000E-03   4.4840E-05   7.0385E-05   4.4687E-05 / 7.0263E-05   
3060   2.000E-03   4.8640E-05   7.4047E-05   4.8473E-05 / 7.3908E-05   
3070   2.000E-03   4.4721E-05   7.2274E-05   4.4489E-05 / 7.2085E-05   
3080   2.000E-03   4.4501E-05   7.2266E-05   4.4360E-05 / 7.2147E-05   
3090   2.000E-03   4.4470E-05   6.8401E-05   4.4379E-05 / 6.8326E-05   
3100   2.000E-03   4.6352E-05   7.6649E-05   4.6201E-05 / 7.6520E-05   
3110   2.000E-03   4.3391E-05   7.2387E-05   4.3276E-05 / 7.2289E-05   
3120   2.000E-03   4.2892E-05   6.7422E-05   4.2767E-05 / 6.7315E-05   
3130   2.000E-03   4.4711E-05   7.1670E-05   4.4632E-05 / 7.1603E-05   
3140   2.000E-03   4.3727E-05   7.3134E-05   4.3646E-05 / 7.3065E-05   
3150   2.000E-03   4.5628E-05   7.4101E-05   4.5519E-05 / 7.4010E-05   
3160   2.000E-03   4.3020E-05   7.2358E-05   4.2959E-05 / 7.2308E-05   
3170   2.000E-03   4.3384E-05   6.6891E-05   4.3258E-05 / 6.6785E-05   
3180   2.000E-03   4.5501E-05   6.8154E-05   4.5382E-05 / 6.8057E-05   
3190   2.000E-03   4.2059E-05   7.0360E-05   4.1965E-05 / 7.0283E-05   
3200   2.000E-03   4.2028E-05   7.2560E-05   4.1925E-05 / 7.2478E-05   
3210   2.000E-03   4.2518E-05   6.9708E-05   4.2342E-05 / 6.9566E-05   
3220   2.000E-03   4.3604E-05   7.1203E-05   4.3479E-05 / 7.1103E-05   
3230   2.000E-03   4.3101E-05   6.6546E-05   4.2966E-05 / 6.6445E-05   
3240   2.000E-03   4.2442E-05   6.6314E-05   4.2367E-05 / 6.6264E-05   
3250   2.000E-03   4.0263E-05   6.7229E-05   4.0218E-05 / 6.7213E-05   
3260   2.000E-03   4.1163E-05   6.9438E-05   4.1064E-05 / 6.9373E-05   
3270   2.000E-03   4.1742E-05   6.8394E-05   4.1663E-05 / 6.8348E-05   
3280   2.000E-03   3.9576E-05   6.6140E-05   3.9430E-05 / 6.6036E-05   
3290   2.000E-03   4.1027E-05   6.3730E-05   4.0860E-05 / 6.3601E-05   
3300   2.000E-03   3.9884E-05   6.3735E-05   3.9837E-05 / 6.3720E-05   
3310   2.000E-03   4.2096E-05   6.8220E-05   4.1892E-05 / 6.8051E-05   
3320   2.000E-03   4.0794E-05   6.5889E-05   4.0689E-05 / 6.5822E-05   
3330   2.000E-03   4.0675E-05   6.9284E-05   4.0541E-05 / 6.9189E-05   
3340   2.000E-03   3.9010E-05   6.4654E-05   3.8789E-05 / 6.4472E-05   
3350   2.000E-03   4.0235E-05   6.4311E-05   4.0076E-05 / 6.4190E-05   
3360   2.000E-03   3.9650E-05   6.6376E-05   3.9415E-05 / 6.6182E-05   
3370   2.000E-03   3.8162E-05   6.3539E-05   3.8021E-05 / 6.3436E-05   
3380   2.000E-03   3.8795E-05   6.4788E-05   3.8664E-05 / 6.4693E-05   
3390   2.000E-03   3.8986E-05   6.3457E-05   3.8850E-05 / 6.3362E-05   
3400   2.000E-03   3.9570E-05   6.5913E-05   3.9437E-05 / 6.5818E-05   
3410   2.000E-03   3.8852E-05   6.5914E-05   3.8690E-05 / 6.5790E-05   
3420   2.000E-03   3.9271E-05   6.5843E-05   3.9168E-05 / 6.5783E-05   
3430   2.000E-03   3.8640E-05   6.5121E-05   3.8499E-05 / 6.5019E-05   
3440   2.000E-03   3.9331E-05   6.2399E-05   3.9174E-05 / 6.2279E-05   
3450   2.000E-03   3.9904E-05   6.1452E-05   3.9669E-05 / 6.1248E-05   
3460   2.000E-03   3.9073E-05   6.7026E-05   3.8964E-05 / 6.6955E-05   
3470   2.000E-03   3.7508E-05   6.4417E-05   3.7400E-05 / 6.4343E-05   
3480   2.000E-03   3.8644E-05   6.1141E-05   3.8574E-05 / 6.1099E-05   
3490   2.000E-03   3.7795E-05   6.6549E-05   3.7703E-05 / 6.6488E-05   
3500   2.000E-03   3.8129E-05   6.3879E-05   3.8054E-05 / 6.3830E-05   
3510   2.000E-03   3.8875E-05   6.6036E-05   3.8766E-05 / 6.5956E-05   
3520   2.000E-03   3.5859E-05   6.0563E-05   3.5765E-05 / 6.0495E-05   
3530   2.000E-03   3.6964E-05   6.0766E-05   3.6868E-05 / 6.0696E-05   
3540   2.000E-03   3.7090E-05   6.2627E-05   3.6979E-05 / 6.2540E-05   
3550   2.000E-03   3.8478E-05   6.4963E-05   3.8320E-05 / 6.4830E-05   
3560   2.000E-03   3.7776E-05   6.7694E-05   3.7685E-05 / 6.7622E-05   
3570   2.000E-03   5.1250E-05   8.6922E-05   5.1157E-05 / 8.6850E-05   
3580   2.000E-03   3.6158E-05   6.1602E-05   3.5981E-05 / 6.1446E-05   
3590   2.000E-03   3.6720E-05   6.4222E-05   3.6595E-05 / 6.4114E-05   
3600   2.000E-03   3.6373E-05   6.3052E-05   3.6180E-05 / 6.2877E-05   
3610   2.000E-03   3.6512E-05   6.5730E-05   3.6405E-05 / 6.5641E-05   
3620   2.000E-03   3.6782E-05   6.0368E-05   3.6732E-05 / 6.0328E-05   
3630   2.000E-03   3.8884E-05   6.8512E-05   3.8822E-05 / 6.8457E-05   
3640   2.000E-03   3.5461E-05   6.2929E-05   3.5330E-05 / 6.2809E-05   
3650   2.000E-03   3.8999E-05   5.6219E-05   3.8838E-05 / 5.6074E-05   
3660   2.000E-03   3.6576E-05   5.9260E-05   3.6411E-05 / 5.9121E-05   
3670   2.000E-03   4.3089E-05   6.6056E-05   4.3045E-05 / 6.6026E-05   
3680   2.000E-03   3.7672E-05   5.8165E-05   3.7451E-05 / 5.7961E-05   
3690   2.000E-03   3.7336E-05   6.5457E-05   3.7241E-05 / 6.5362E-05   
3700   2.000E-03   3.5562E-05   6.5113E-05   3.5526E-05 / 6.5073E-05   
3710   2.000E-03   3.4056E-05   5.7916E-05   3.3892E-05 / 5.7757E-05   
3720   2.000E-03   3.5675E-05   5.8641E-05   3.5557E-05 / 5.8522E-05   
3730   2.000E-03   3.7166E-05   6.1819E-05   3.7062E-05 / 6.1714E-05   
3740   2.000E-03   3.4049E-05   6.0624E-05   3.3897E-05 / 6.0473E-05   
3750   2.000E-03   4.8003E-05   7.0911E-05   4.7749E-05 / 7.0665E-05   
3760   2.000E-03   3.8890E-05   6.5455E-05   3.8802E-05 / 6.5388E-05   
3770   2.000E-03   3.4348E-05   6.1314E-05   3.4247E-05 / 6.1208E-05   
3780   2.000E-03   3.5619E-05   6.2195E-05   3.5458E-05 / 6.2034E-05   
3790   2.000E-03   3.4408E-05   5.9705E-05   3.4237E-05 / 5.9532E-05   
3800   2.000E-03   3.4851E-05   5.9604E-05   3.4647E-05 / 5.9401E-05   
3810   2.000E-03   3.6185E-05   5.8857E-05   3.6091E-05 / 5.8755E-05   
3820   2.000E-03   3.3087E-05   5.6808E-05   3.2968E-05 / 5.6683E-05   
3830   2.000E-03   3.2923E-05   5.9500E-05   3.2735E-05 / 5.9314E-05   
3840   2.000E-03   3.3203E-05   5.5312E-05   3.3067E-05 / 5.5169E-05   
3850   2.000E-03   3.3459E-05   5.6866E-05   3.3432E-05 / 5.6830E-05   
3860   2.000E-03   3.3190E-05   5.9564E-05   3.2979E-05 / 5.9356E-05   
3870   2.000E-03   3.2492E-05   5.8874E-05   3.2338E-05 / 5.8715E-05   
3880   2.000E-03   3.3074E-05   5.8858E-05   3.2999E-05 / 5.8774E-05   
3890   2.000E-03   3.2709E-05   5.6284E-05   3.2578E-05 / 5.6145E-05   
3900   2.000E-03   3.3944E-05   5.7626E-05   3.3859E-05 / 5.7538E-05   
3910   2.000E-03   3.3620E-05   5.8533E-05   3.3425E-05 / 5.8338E-05   
3920   2.000E-03   3.3178E-05   5.8592E-05   3.3024E-05 / 5.8434E-05   
3930   2.000E-03   3.2581E-05   5.9231E-05   3.2389E-05 / 5.9039E-05   
3940   2.000E-03   3.7538E-05   6.2256E-05   3.7450E-05 / 6.2159E-05   
3950   2.000E-03   3.3842E-05   5.9814E-05   3.3701E-05 / 5.9668E-05   
3960   2.000E-03   3.3738E-05   5.6594E-05   3.3530E-05 / 5.6389E-05   
3970   2.000E-03   3.4425E-05   6.3421E-05   3.4293E-05 / 6.3282E-05   
3980   2.000E-03   3.6490E-05   6.0976E-05   3.6453E-05 / 6.0931E-05   
3990   2.000E-03   3.2004E-05   5.6545E-05   3.1817E-05 / 5.6360E-05   
4000   2.000E-03   3.1568E-05   5.7596E-05   3.1350E-05 / 5.7385E-05   
4010   2.000E-03   3.4839E-05   6.0038E-05   3.4630E-05 / 5.9840E-05   
4020   2.000E-03   3.6815E-05   5.9882E-05   3.6428E-05 / 5.9526E-05   
4030   2.000E-03   3.0978E-05   5.4266E-05   3.0737E-05 / 5.4036E-05   
4040   2.000E-03   3.1764E-05   5.6066E-05   3.1555E-05 / 5.5865E-05   
4050   2.000E-03   3.1467E-05   5.5756E-05   3.1258E-05 / 5.5554E-05   
4060   2.000E-03   3.1643E-05   5.5943E-05   3.1277E-05 / 5.5611E-05   
4070   2.000E-03   3.8487E-05   6.8291E-05   3.8415E-05 / 6.8216E-05   
4080   2.000E-03   3.0665E-05   5.5713E-05   3.0560E-05 / 5.5606E-05   
4090   2.000E-03   3.1438E-05   5.2757E-05   3.1291E-05 / 5.2613E-05   
4100   2.000E-03   3.2591E-05   5.6727E-05   3.2367E-05 / 5.6518E-05   
4110   2.000E-03   3.1252E-05   5.3855E-05   3.1130E-05 / 5.3737E-05   
4120   2.000E-03   3.1229E-05   5.4963E-05   3.1108E-05 / 5.4845E-05   
4130   2.000E-03   3.3520E-05   6.3972E-05   3.3384E-05 / 6.3842E-05   
4140   2.000E-03   3.0512E-05   5.5709E-05   3.0301E-05 / 5.5517E-05   
4150   2.000E-03   3.0260E-05   5.6395E-05   3.0149E-05 / 5.6291E-05   
4160   2.000E-03   3.1717E-05   5.2110E-05   3.1530E-05 / 5.1937E-05   
4170   2.000E-03   3.0751E-05   5.7569E-05   3.0614E-05 / 5.7443E-05   
4180   2.000E-03   2.9771E-05   5.6703E-05   2.9582E-05 / 5.6532E-05   
4190   2.000E-03   3.3132E-05   5.3832E-05   3.2935E-05 / 5.3655E-05   
4200   2.000E-03   3.3306E-05   6.5639E-05   3.3075E-05 / 6.5433E-05   
4210   2.000E-03   3.3490E-05   6.4054E-05   3.3400E-05 / 6.3973E-05   
4220   2.000E-03   3.2509E-05   6.0203E-05   3.2354E-05 / 6.0065E-05   
4230   2.000E-03   3.3149E-05   6.2005E-05   3.2921E-05 / 6.1804E-05   
4240   2.000E-03   3.2477E-05   5.9953E-05   3.2315E-05 / 5.9811E-05   
4250   2.000E-03   2.9756E-05   5.3658E-05   2.9571E-05 / 5.3497E-05   
4260   2.000E-03   3.0168E-05   5.3256E-05   3.0013E-05 / 5.3122E-05   
4270   2.000E-03   3.3917E-05   5.7057E-05   3.3829E-05 / 5.6985E-05   
4280   2.000E-03   3.0847E-05   5.2876E-05   3.0633E-05 / 5.2691E-05   
4290   2.000E-03   3.3858E-05   6.1741E-05   3.3636E-05 / 6.1563E-05   
4300   2.000E-03   3.0699E-05   5.8784E-05   3.0472E-05 / 5.8593E-05   
4310   2.000E-03   3.1398E-05   6.1257E-05   3.1258E-05 / 6.1144E-05   
4320   2.000E-03   2.9986E-05   5.3687E-05   2.9780E-05 / 5.3514E-05   
4330   2.000E-03   3.1658E-05   6.0086E-05   3.1454E-05 / 5.9915E-05   
4340   2.000E-03   3.3027E-05   6.6250E-05   3.2949E-05 / 6.6193E-05   
4350   2.000E-03   3.0960E-05   5.7242E-05   3.0770E-05 / 5.7093E-05   
4360   2.000E-03   2.8804E-05   5.4308E-05   2.8640E-05 / 5.4178E-05   
4370   2.000E-03   3.0253E-05   6.0154E-05   3.0112E-05 / 6.0046E-05   
4380   2.000E-03   2.9772E-05   5.3483E-05   2.9613E-05 / 5.3369E-05   
4390   2.000E-03   2.9985E-05   5.5688E-05   2.9821E-05 / 5.5561E-05   
4400   2.000E-03   2.8434E-05   5.3377E-05   2.8263E-05 / 5.3245E-05   
4410   2.000E-03   2.9426E-05   5.3297E-05   2.9246E-05 / 5.3156E-05   
4420   2.000E-03   3.1650E-05   5.2657E-05   3.1419E-05 / 5.2467E-05   
4430   2.000E-03   3.1635E-05   6.4782E-05   3.1396E-05 / 6.4586E-05   
4440   2.000E-03   3.0458E-05   5.2607E-05   3.0265E-05 / 5.2457E-05   
4450   2.000E-03   3.0075E-05   5.5913E-05   2.9937E-05 / 5.5813E-05   
4460   2.000E-03   3.2798E-05   5.8606E-05   3.2747E-05 / 5.8581E-05   
4470   2.000E-03   3.0422E-05   6.1592E-05   3.0325E-05 / 6.1531E-05   
4480   2.000E-03   3.0154E-05   6.0903E-05   3.0058E-05 / 6.0844E-05   
4490   2.000E-03   3.1658E-05   5.5632E-05   3.1450E-05 / 5.5469E-05   
4500   2.000E-03   3.2517E-05   5.3925E-05   3.2322E-05 / 5.3776E-05   
4510   2.000E-03   2.7946E-05   5.4101E-05   2.7813E-05 / 5.4010E-05   
4520   2.000E-03   2.8167E-05   5.5507E-05   2.8021E-05 / 5.5419E-05   
4530   2.000E-03   2.8869E-05   5.7844E-05   2.8762E-05 / 5.7781E-05   
4540   2.000E-03   2.8779E-05   5.6302E-05   2.8648E-05 / 5.6215E-05   
4550   2.000E-03   2.9870E-05   5.7709E-05   2.9772E-05 / 5.7652E-05   
4560   2.000E-03   2.8822E-05   5.5070E-05   2.8742E-05 / 5.5030E-05   
4570   2.000E-03   2.7689E-05   5.3782E-05   2.7610E-05 / 5.3743E-05   
4580   2.000E-03   2.8549E-05   5.6479E-05   2.8402E-05 / 5.6378E-05   
4590   2.000E-03   2.7940E-05   5.5793E-05   2.7707E-05 / 5.5612E-05   
4600   2.000E-03   3.4029E-05   5.6775E-05   3.3794E-05 / 5.6670E-05   
4610   2.000E-03   4.5952E-05   5.5000E-05   4.5608E-05 / 5.4707E-05   
4620   2.000E-03   2.7640E-05   5.3246E-05   2.7389E-05 / 5.3044E-05   
4630   2.000E-03   2.7377E-05   5.1490E-05   2.7218E-05 / 5.1380E-05   
4640   2.000E-03   2.7094E-05   5.3894E-05   2.6941E-05 / 5.3790E-05   
4650   2.000E-03   3.8508E-05   6.1710E-05   3.8025E-05 / 6.1383E-05   
4660   2.000E-03   2.8560E-05   5.7654E-05   2.8423E-05 / 5.7565E-05   
4670   2.000E-03   2.8400E-05   5.7123E-05   2.8200E-05 / 5.6972E-05   
4680   2.000E-03   2.7598E-05   5.3762E-05   2.7387E-05 / 5.3603E-05   
4690   2.000E-03   2.8715E-05   5.7750E-05   2.8568E-05 / 5.7652E-05   
4700   2.000E-03   2.7388E-05   5.1636E-05   2.7246E-05 / 5.1543E-05   
4710   2.000E-03   2.8494E-05   5.4055E-05   2.8391E-05 / 5.3998E-05   
4720   2.000E-03   3.2664E-05   5.9183E-05   3.2470E-05 / 5.9039E-05   
4730   2.000E-03   3.1458E-05   5.0988E-05   3.1276E-05 / 5.0858E-05   
4740   2.000E-03   2.7729E-05   5.3483E-05   2.7553E-05 / 5.3357E-05   
4750   2.000E-03   2.7895E-05   5.3635E-05   2.7685E-05 / 5.3478E-05   
4760   2.000E-03   2.9524E-05   4.8509E-05   2.9371E-05 / 4.8404E-05   
4770   2.000E-03   3.0835E-05   5.7186E-05   3.0463E-05 / 5.7091E-05   
4780   2.000E-03   2.9089E-05   6.1511E-05   2.8966E-05 / 6.1437E-05   
4790   2.000E-03   2.6707E-05   5.1220E-05   2.6487E-05 / 5.1052E-05   
4800   2.000E-03   2.8315E-05   4.9228E-05   2.8029E-05 / 4.8993E-05   
4810   2.000E-03   2.6470E-05   5.2500E-05   2.6334E-05 / 5.2411E-05   
4820   2.000E-03   2.6717E-05   5.4972E-05   2.6551E-05 / 5.4855E-05   
4830   2.000E-03   2.6452E-05   5.3363E-05   2.6314E-05 / 5.3274E-05   
4840   2.000E-03   2.9913E-05   5.5952E-05   2.9696E-05 / 5.5783E-05   
4850   2.000E-03   2.8246E-05   6.0018E-05   2.8068E-05 / 5.9888E-05   
4860   2.000E-03   2.6648E-05   5.6286E-05   2.6508E-05 / 5.6200E-05   
4870   2.000E-03   2.7094E-05   5.3695E-05   2.6873E-05 / 5.3521E-05   
4880   2.000E-03   2.6238E-05   5.2679E-05   2.6022E-05 / 5.2512E-05   
4890   2.000E-03   2.9644E-05   5.8428E-05   2.9428E-05 / 5.8259E-05   
4900   2.000E-03   2.6444E-05   5.0704E-05   2.6131E-05 / 5.0434E-05   
4910   2.000E-03   2.6720E-05   5.1315E-05   2.6456E-05 / 5.1097E-05   
4920   2.000E-03   3.0027E-05   6.1269E-05   2.9888E-05 / 6.1175E-05   
4930   2.000E-03   2.6794E-05   5.1210E-05   2.6699E-05 / 5.1155E-05   
4940   2.000E-03   2.5784E-05   5.3244E-05   2.5639E-05 / 5.3143E-05   
4950   2.000E-03   2.6001E-05   5.2479E-05   2.5856E-05 / 5.2379E-05   
4960   2.000E-03   2.8655E-05   5.6870E-05   2.8544E-05 / 5.6800E-05   
4970   2.000E-03   2.6321E-05   5.4129E-05   2.6153E-05 / 5.4003E-05   
4980   2.000E-03   2.7454E-05   5.0179E-05   2.7335E-05 / 5.0101E-05   
4990   2.000E-03   2.6128E-05   5.1490E-05   2.5966E-05 / 5.1371E-05   
5000   2.000E-03   2.7368E-05   5.0759E-05   2.7068E-05 / 5.0495E-05   
5010   2.000E-03   2.6366E-05   5.5300E-05   2.6254E-05 / 5.5226E-05   
5020   2.000E-03   2.6475E-05   5.7477E-05   2.6257E-05 / 5.7299E-05   
5030   2.000E-03   4.1088E-05   7.9164E-05   4.1043E-05 / 7.9154E-05   
5040   2.000E-03   3.0038E-05   5.3184E-05   2.9949E-05 / 5.3129E-05   
5050   2.000E-03   2.5153E-05   5.3590E-05   2.4967E-05 / 5.3443E-05   
5060   2.000E-03   2.5944E-05   5.2276E-05   2.5795E-05 / 5.2167E-05   
5070   2.000E-03   2.5272E-05   5.2167E-05   2.5101E-05 / 5.2034E-05   
5080   2.000E-03   2.6514E-05   5.5002E-05   2.6398E-05 / 5.4920E-05   
5090   2.000E-03   2.4991E-05   4.9444E-05   2.4858E-05 / 4.9345E-05   
5100   2.000E-03   2.6737E-05   5.6117E-05   2.6393E-05 / 5.5806E-05   
5110   2.000E-03   2.6956E-05   5.3526E-05   2.6878E-05 / 5.3476E-05   
5120   2.000E-03   2.5049E-05   5.1711E-05   2.4814E-05 / 5.1510E-05   
5130   2.000E-03   2.6348E-05   4.8218E-05   2.6143E-05 / 4.8046E-05   
5140   2.000E-03   2.5165E-05   5.2668E-05   2.4879E-05 / 5.2412E-05   
5150   2.000E-03   3.2143E-05   5.2589E-05   3.2085E-05 / 5.2554E-05   
5160   2.000E-03   2.5940E-05   5.1798E-05   2.5761E-05 / 5.1651E-05   
5170   2.000E-03   2.6347E-05   5.4247E-05   2.6257E-05 / 5.4190E-05   
5180   2.000E-03   2.4912E-05   4.9568E-05   2.4711E-05 / 4.9398E-05   
5190   2.000E-03   2.7283E-05   4.8355E-05   2.7068E-05 / 4.8173E-05   
5200   2.000E-03   2.8316E-05   5.5005E-05   2.8048E-05 / 5.4766E-05   
5210   2.000E-03   2.4677E-05   5.1522E-05   2.4367E-05 / 5.1244E-05   
5220   2.000E-03   2.4341E-05   4.9167E-05   2.4222E-05 / 4.9072E-05   
5230   2.000E-03   2.7355E-05   5.3919E-05   2.7208E-05 / 5.3798E-05   
5240   2.000E-03   2.5693E-05   5.0695E-05   2.5410E-05 / 5.0439E-05   
5250   2.000E-03   2.6111E-05   5.3037E-05   2.5954E-05 / 5.2904E-05   
5260   2.000E-03   2.9826E-05   5.8337E-05   2.9763E-05 / 5.8306E-05   
5270   2.000E-03   2.4645E-05   4.8315E-05   2.4512E-05 / 4.8204E-05   
5280   2.000E-03   2.7098E-05   4.6443E-05   2.6847E-05 / 4.6219E-05   
5290   2.000E-03   2.6116E-05   5.3116E-05   2.5910E-05 / 5.2934E-05   
5300   2.000E-03   2.4444E-05   5.1616E-05   2.4200E-05 / 5.1413E-05   
5310   2.000E-03   2.7276E-05   5.9611E-05   2.6858E-05 / 5.9220E-05   
5320   2.000E-03   2.5388E-05   5.6888E-05   2.5137E-05 / 5.6666E-05   
5330   2.000E-03   2.4658E-05   5.2983E-05   2.4480E-05 / 5.2835E-05   
5340   2.000E-03   2.3970E-05   4.9848E-05   2.3830E-05 / 4.9728E-05   
5350   2.000E-03   2.5505E-05   5.1794E-05   2.5309E-05 / 5.1656E-05   
5360   2.000E-03   2.6572E-05   5.2419E-05   2.6367E-05 / 5.2242E-05   
5370   2.000E-03   2.5318E-05   5.3237E-05   2.5080E-05 / 5.3035E-05   
5380   2.000E-03   2.7291E-05   6.0522E-05   2.7148E-05 / 6.0394E-05   
5390   2.000E-03   3.3752E-05   5.1012E-05   3.3592E-05 / 5.0868E-05   
5400   2.000E-03   2.5986E-05   5.0694E-05   2.5806E-05 / 5.0546E-05   
5410   2.000E-03   2.4549E-05   5.1679E-05   2.4415E-05 / 5.1560E-05   
5420   2.000E-03   2.4366E-05   5.0351E-05   2.4196E-05 / 5.0196E-05   
5430   2.000E-03   2.6847E-05   5.5646E-05   2.6627E-05 / 5.5443E-05   
5440   2.000E-03   2.6155E-05   6.0470E-05   2.6095E-05 / 6.0416E-05   
5450   2.000E-03   2.4011E-05   5.3836E-05   2.3913E-05 / 5.3747E-05   
5460   2.000E-03   2.3233E-05   5.0527E-05   2.3125E-05 / 5.0429E-05   
5470   2.000E-03   2.3899E-05   5.2071E-05   2.3807E-05 / 5.1984E-05   
5480   2.000E-03   2.6711E-05   5.3952E-05   2.6630E-05 / 5.3876E-05   
5490   2.000E-03   2.3990E-05   4.9603E-05   2.3857E-05 / 4.9478E-05   
5500   2.000E-03   2.8768E-05   4.8358E-05   2.8641E-05 / 4.8239E-05   
5510   2.000E-03   2.6866E-05   4.6727E-05   2.6613E-05 / 4.6491E-05   
5520   2.000E-03   2.4391E-05   5.1422E-05   2.4272E-05 / 5.1321E-05   
5530   2.000E-03   2.4005E-05   5.0155E-05   2.3727E-05 / 4.9897E-05   
5540   2.000E-03   2.3920E-05   4.9309E-05   2.3785E-05 / 4.9183E-05   
5550   2.000E-03   2.9891E-05   4.8738E-05   2.9710E-05 / 4.8644E-05   
5560   2.000E-03   2.6882E-05   5.3904E-05   2.6770E-05 / 5.3799E-05   
5570   2.000E-03   2.4863E-05   5.4124E-05   2.4613E-05 / 5.3914E-05   
5580   2.000E-03   2.4212E-05   5.0632E-05   2.4070E-05 / 5.0496E-05   
5590   2.000E-03   2.4701E-05   5.2115E-05   2.4599E-05 / 5.2015E-05   
5600   2.000E-03   2.3807E-05   5.2529E-05   2.3648E-05 / 5.2387E-05   
5610   2.000E-03   2.3232E-05   5.1816E-05   2.3103E-05 / 5.1691E-05   
5620   2.000E-03   2.7147E-05   6.4214E-05   2.6997E-05 / 6.4069E-05   
5630   2.000E-03   2.3818E-05   4.8631E-05   2.3646E-05 / 4.8481E-05   
5640   2.000E-03   2.3469E-05   5.0991E-05   2.3305E-05 / 5.0835E-05   
5650   2.000E-03   2.3882E-05   4.6871E-05   2.3666E-05 / 4.6666E-05   
5660   2.000E-03   3.4557E-05   7.5020E-05   3.4494E-05 / 7.4953E-05   
5670   2.000E-03   2.4955E-05   5.7257E-05   2.4830E-05 / 5.7137E-05   
5680   2.000E-03   2.3407E-05   5.2639E-05   2.3200E-05 / 5.2451E-05   
5690   2.000E-03   2.2805E-05   4.7475E-05   2.2541E-05 / 4.7224E-05   
5700   2.000E-03   2.3456E-05   4.9829E-05   2.3325E-05 / 4.9699E-05   
5710   2.000E-03   2.2732E-05   5.0158E-05   2.2552E-05 / 4.9984E-05   
5720   2.000E-03   2.2801E-05   4.9955E-05   2.2733E-05 / 4.9884E-05   
5730   2.000E-03   2.5153E-05   5.3376E-05   2.4891E-05 / 5.3128E-05   
5740   2.000E-03   2.8399E-05   4.9105E-05   2.8319E-05 / 4.9024E-05   
5750   2.000E-03   2.3172E-05   4.7363E-05   2.2995E-05 / 4.7190E-05   
5760   2.000E-03   2.3190E-05   4.9268E-05   2.3033E-05 / 4.9113E-05   
5770   2.000E-03   2.3846E-05   5.2662E-05   2.3725E-05 / 5.2543E-05   
5780   2.000E-03   2.2686E-05   4.7444E-05   2.2554E-05 / 4.7311E-05   
5790   2.000E-03   2.6759E-05   5.6988E-05   2.6684E-05 / 5.6928E-05   
5800   2.000E-03   2.3074E-05   5.1173E-05   2.2898E-05 / 5.1001E-05   
5810   2.000E-03   2.7563E-05   6.2025E-05   2.7372E-05 / 6.1842E-05   
5820   2.000E-03   2.6544E-05   5.2646E-05   2.6404E-05 / 5.2507E-05   
5830   2.000E-03   2.3746E-05   5.2883E-05   2.3591E-05 / 5.2729E-05   
5840   2.000E-03   2.3227E-05   5.0692E-05   2.3070E-05 / 5.0535E-05   
5850   2.000E-03   3.5618E-05   7.1130E-05   3.5571E-05 / 7.1089E-05   
5860   2.000E-03   2.2180E-05   4.7805E-05   2.2075E-05 / 4.7697E-05   
5870   2.000E-03   2.3060E-05   4.6820E-05   2.2963E-05 / 4.6717E-05   
5880   2.000E-03   2.2036E-05   4.7579E-05   2.1886E-05 / 4.7428E-05   
5890   2.000E-03   2.4948E-05   5.0530E-05   2.4847E-05 / 5.0424E-05   
5900   2.000E-03   2.2129E-05   4.7945E-05   2.2020E-05 / 4.7831E-05   
5910   2.000E-03   2.4080E-05   4.5380E-05   2.3871E-05 / 4.5176E-05   
5920   2.000E-03   2.3250E-05   5.0151E-05   2.3096E-05 / 4.9999E-05   
5930   2.000E-03   2.2941E-05   4.8744E-05   2.2853E-05 / 4.8646E-05   
5940   2.000E-03   2.4364E-05   5.5321E-05   2.4287E-05 / 5.5239E-05   
5950   2.000E-03   2.4145E-05   5.3845E-05   2.3975E-05 / 5.3674E-05   
5960   2.000E-03   2.3016E-05   4.8269E-05   2.2938E-05 / 4.8183E-05   
5970   2.000E-03   2.6330E-05   5.5317E-05   2.6142E-05 / 5.5161E-05   
5980   2.000E-03   2.1904E-05   4.7044E-05   2.1819E-05 / 4.6951E-05   
5990   2.000E-03   2.2761E-05   4.5793E-05   2.2663E-05 / 4.5692E-05   
6000   2.000E-03   2.3001E-05   4.6622E-05   2.2749E-05 / 4.6381E-05   
===============================================================================================================
Saved model to /home/nikki/kan/kanTBNN/models/multi_run/kan_experiment_5/kanTBNN-24Nov03_16:54:57.pickle
