========== Dataset info ==========
Dataset params: {'file': '/home/nikki/kan/data/turbulence_dataset_clean.csv', 'Cases': ['fp_1000', 'fp_1410', 'fp_2000', 'fp_2540', 'fp_3030', 'fp_3270', 'fp_3630', 'fp_3970', 'fp_4060'], 'val_set': ['fp_3030', 'fp_1410', 'fp_4060'], 'test_set': ['fp_3630'], 'data_loader': <class 'tbnn.dataloaders.aDataset'>}
Train/Valid/Test points: 760 / 468 / 168
Memorization?: False
Cluster training?: False
EPOCH     LR        TRAIN         VALID             MSE:T/V                  RL:T/V             %NR_t/%NR_v
===============================================================================================================
  1   5.929E-04   2.3232E-01   2.2839E-01   2.3232E-01 / 2.2839E-01   
 10   5.929E-04   1.5832E-01   1.5425E-01   1.5832E-01 / 1.5425E-01   
 20   5.929E-04   7.1662E-02   6.8432E-02   7.1662E-02 / 6.8432E-02   
 30   5.929E-04   3.1093E-02   2.9089E-02   3.1093E-02 / 2.9089E-02   
 40   5.929E-04   1.6511E-02   1.5211E-02   1.6511E-02 / 1.5211E-02   
 50   5.929E-04   9.3260E-03   8.5143E-03   9.3260E-03 / 8.5143E-03   
 60   5.929E-04   6.2222E-03   5.6873E-03   6.2222E-03 / 5.6873E-03   
 70   5.929E-04   5.2867E-03   4.8625E-03   5.2867E-03 / 4.8625E-03   
 80   5.929E-04   4.7030E-03   4.3327E-03   4.7011E-03 / 4.3308E-03   
 90   5.929E-04   4.0972E-03   3.7578E-03   4.0919E-03 / 3.7521E-03   
100   5.929E-04   3.4831E-03   3.1968E-03   3.4757E-03 / 3.1888E-03   
110   5.929E-04   2.8708E-03   2.6651E-03   2.8619E-03 / 2.6554E-03   
120   5.929E-04   2.3924E-03   2.2472E-03   2.3841E-03 / 2.2382E-03   
130   5.929E-04   2.1340E-03   2.0121E-03   2.1297E-03 / 2.0075E-03   
140   5.929E-04   1.9650E-03   1.8534E-03   1.9629E-03 / 1.8512E-03   
150   5.929E-04   1.8461E-03   1.7412E-03   1.8444E-03 / 1.7394E-03   
160   5.929E-04   1.7556E-03   1.6555E-03   1.7538E-03 / 1.6536E-03   
170   5.929E-04   1.6847E-03   1.5898E-03   1.6824E-03 / 1.5873E-03   
180   5.929E-04   1.6269E-03   1.5372E-03   1.6238E-03 / 1.5339E-03   
190   5.929E-04   1.5792E-03   1.4936E-03   1.5756E-03 / 1.4897E-03   
200   5.929E-04   1.5378E-03   1.4572E-03   1.5334E-03 / 1.4524E-03   
210   5.929E-04   1.5014E-03   1.4252E-03   1.4966E-03 / 1.4200E-03   
220   5.929E-04   1.4688E-03   1.3967E-03   1.4631E-03 / 1.3907E-03   
230   5.929E-04   1.4391E-03   1.3708E-03   1.4330E-03 / 1.3644E-03   
240   5.929E-04   1.4120E-03   1.3454E-03   1.4062E-03 / 1.3393E-03   
250   5.929E-04   1.3867E-03   1.3255E-03   1.3791E-03 / 1.3175E-03   
260   5.929E-04   1.3637E-03   1.3055E-03   1.3559E-03 / 1.2975E-03   
270   5.929E-04   1.3422E-03   1.2880E-03   1.3340E-03 / 1.2795E-03   
280   5.929E-04   1.3223E-03   1.2694E-03   1.3147E-03 / 1.2616E-03   
290   5.929E-04   1.3030E-03   1.2532E-03   1.2947E-03 / 1.2447E-03   
300   5.929E-04   1.2847E-03   1.2385E-03   1.2753E-03 / 1.2288E-03   
310   5.929E-04   1.2670E-03   1.2225E-03   1.2580E-03 / 1.2134E-03   
320   5.929E-04   1.2498E-03   1.2067E-03   1.2405E-03 / 1.1973E-03   
330   5.929E-04   1.2335E-03   1.1926E-03   1.2255E-03 / 1.1845E-03   
340   5.929E-04   1.2172E-03   1.1772E-03   1.2086E-03 / 1.1686E-03   
350   5.929E-04   1.2013E-03   1.1637E-03   1.1920E-03 / 1.1544E-03   
360   5.929E-04   1.1862E-03   1.1502E-03   1.1765E-03 / 1.1406E-03   
370   5.929E-04   1.1713E-03   1.1353E-03   1.1630E-03 / 1.1271E-03   
380   5.929E-04   1.1568E-03   1.1221E-03   1.1487E-03 / 1.1141E-03   
390   5.929E-04   1.1424E-03   1.1082E-03   1.1333E-03 / 1.0993E-03   
400   5.929E-04   1.1283E-03   1.0958E-03   1.1196E-03 / 1.0872E-03   
410   5.929E-04   1.1145E-03   1.0814E-03   1.1071E-03 / 1.0742E-03   
420   5.929E-04   1.1004E-03   1.0690E-03   1.0922E-03 / 1.0610E-03   
430   5.929E-04   1.0865E-03   1.0551E-03   1.0780E-03 / 1.0469E-03   
440   5.929E-04   1.0724E-03   1.0405E-03   1.0653E-03 / 1.0338E-03   
450   5.929E-04   1.0578E-03   1.0267E-03   1.0498E-03 / 1.0191E-03   
460   5.929E-04   1.0428E-03   1.0136E-03   1.0353E-03 / 1.0065E-03   
470   5.929E-04   1.0276E-03   9.9793E-04   1.0195E-03 / 9.9039E-04   
480   5.929E-04   1.0113E-03   9.8127E-04   1.0048E-03 / 9.7513E-04   
490   5.929E-04   9.9461E-04   9.6392E-04   9.8801E-04 / 9.5779E-04   
500   5.929E-04   9.7735E-04   9.4812E-04   9.7220E-04 / 9.4338E-04   
510   5.929E-04   9.5916E-04   9.3024E-04   9.5361E-04 / 9.2518E-04   
520   5.929E-04   9.4010E-04   9.0962E-04   9.3586E-04 / 9.0578E-04   
530   5.929E-04   9.2036E-04   8.9023E-04   9.1578E-04 / 8.8609E-04   
540   5.929E-04   9.0023E-04   8.7036E-04   8.9729E-04 / 8.6779E-04   
550   5.929E-04   8.7859E-04   8.5014E-04   8.7549E-04 / 8.4745E-04   
560   5.929E-04   8.5711E-04   8.2873E-04   8.5321E-04 / 8.2531E-04   
570   5.929E-04   8.3618E-04   8.0748E-04   8.3357E-04 / 8.0529E-04   
580   5.929E-04   8.1624E-04   7.8920E-04   8.1344E-04 / 7.8688E-04   
590   5.929E-04   7.9666E-04   7.6933E-04   7.9426E-04 / 7.6742E-04   
600   5.929E-04   7.7771E-04   7.5170E-04   7.7559E-04 / 7.5007E-04   
610   5.929E-04   7.5957E-04   7.3351E-04   7.5705E-04 / 7.3158E-04   
620   5.929E-04   7.4235E-04   7.1731E-04   7.3994E-04 / 7.1552E-04   
630   5.929E-04   7.2570E-04   7.0181E-04   7.2371E-04 / 7.0039E-04   
640   5.929E-04   7.0990E-04   6.8730E-04   7.0830E-04 / 6.8621E-04   
650   5.929E-04   6.9497E-04   6.7305E-04   6.9380E-04 / 6.7232E-04   
660   5.929E-04   6.8043E-04   6.5856E-04   6.7866E-04 / 6.5737E-04   
670   5.929E-04   6.6725E-04   6.4842E-04   6.6636E-04 / 6.4792E-04   
680   5.929E-04   6.5282E-04   6.3309E-04   6.5139E-04 / 6.3218E-04   
690   5.929E-04   6.4018E-04   6.2240E-04   6.3903E-04 / 6.2172E-04   
700   5.929E-04   6.2807E-04   6.1052E-04   6.2657E-04 / 6.0954E-04   
710   5.929E-04   6.1576E-04   5.9910E-04   6.1487E-04 / 5.9860E-04   
720   5.929E-04   6.0423E-04   5.8733E-04   6.0318E-04 / 5.8671E-04   
730   5.929E-04   5.9324E-04   5.7703E-04   5.9249E-04 / 5.7663E-04   
740   5.929E-04   5.8253E-04   5.6669E-04   5.8127E-04 / 5.6588E-04   
750   5.929E-04   5.7237E-04   5.5729E-04   5.7186E-04 / 5.5705E-04   
760   5.929E-04   5.6239E-04   5.4815E-04   5.6141E-04 / 5.4758E-04   
770   5.929E-04   5.5287E-04   5.3917E-04   5.5227E-04 / 5.3884E-04   
780   5.929E-04   5.4354E-04   5.3113E-04   5.4292E-04 / 5.3081E-04   
790   5.929E-04   5.3527E-04   5.2185E-04   5.3415E-04 / 5.2120E-04   
800   5.929E-04   5.2626E-04   5.1440E-04   5.2580E-04 / 5.1413E-04   
810   5.929E-04   5.1858E-04   5.0650E-04   5.1748E-04 / 5.0585E-04   
820   5.929E-04   5.1014E-04   4.9850E-04   5.0914E-04 / 4.9784E-04   
830   5.929E-04   5.0244E-04   4.9217E-04   5.0133E-04 / 4.9144E-04   
840   5.929E-04   4.9529E-04   4.8507E-04   4.9488E-04 / 4.8472E-04   
850   5.929E-04   4.8729E-04   4.7666E-04   4.8662E-04 / 4.7617E-04   
860   5.929E-04   4.8022E-04   4.7038E-04   4.7966E-04 / 4.6998E-04   
870   5.929E-04   4.7326E-04   4.6331E-04   4.7217E-04 / 4.6245E-04   
880   5.929E-04   4.6630E-04   4.5673E-04   4.6563E-04 / 4.5618E-04   
890   5.929E-04   4.6019E-04   4.5160E-04   4.5974E-04 / 4.5117E-04   
900   5.929E-04   4.5338E-04   4.4499E-04   4.5266E-04 / 4.4442E-04   
910   5.929E-04   4.4718E-04   4.3891E-04   4.4645E-04 / 4.3820E-04   
920   5.929E-04   4.4061E-04   4.3193E-04   4.3989E-04 / 4.3125E-04   
930   5.929E-04   4.3454E-04   4.2719E-04   4.3402E-04 / 4.2668E-04   
940   5.929E-04   4.2865E-04   4.2144E-04   4.2778E-04 / 4.2064E-04   
950   5.929E-04   4.2307E-04   4.1696E-04   4.2218E-04 / 4.1609E-04   
960   5.929E-04   4.1763E-04   4.1167E-04   4.1694E-04 / 4.1097E-04   
970   5.929E-04   4.1143E-04   4.0531E-04   4.1064E-04 / 4.0451E-04   
980   5.929E-04   4.0582E-04   4.0028E-04   4.0492E-04 / 3.9932E-04   
990   5.929E-04   4.0150E-04   3.9455E-04   4.0086E-04 / 3.9381E-04   
1000   5.929E-04   3.9560E-04   3.8912E-04   3.9502E-04 / 3.8849E-04   
1010   5.929E-04   3.9065E-04   3.8449E-04   3.8975E-04 / 3.8353E-04   
1020   5.929E-04   3.8587E-04   3.8160E-04   3.8510E-04 / 3.8076E-04   
1030   5.929E-04   3.8071E-04   3.7536E-04   3.7997E-04 / 3.7455E-04   
1040   5.929E-04   3.7661E-04   3.7220E-04   3.7569E-04 / 3.7118E-04   
1050   5.929E-04   3.7185E-04   3.6688E-04   3.7105E-04 / 3.6594E-04   
1060   5.929E-04   3.6715E-04   3.6232E-04   3.6638E-04 / 3.6143E-04   
1070   5.929E-04   3.6278E-04   3.5846E-04   3.6206E-04 / 3.5763E-04   
1080   5.929E-04   3.5782E-04   3.5336E-04   3.5702E-04 / 3.5245E-04   
1090   5.929E-04   3.5418E-04   3.4955E-04   3.5329E-04 / 3.4853E-04   
1100   5.929E-04   3.4965E-04   3.4521E-04   3.4890E-04 / 3.4436E-04   
1110   5.929E-04   3.4608E-04   3.4059E-04   3.4516E-04 / 3.3958E-04   
1120   5.929E-04   3.4198E-04   3.3754E-04   3.4111E-04 / 3.3658E-04   
1130   5.929E-04   3.3849E-04   3.3352E-04   3.3744E-04 / 3.3245E-04   
1140   5.929E-04   3.3420E-04   3.3023E-04   3.3338E-04 / 3.2928E-04   
1150   5.929E-04   3.3093E-04   3.2692E-04   3.3010E-04 / 3.2599E-04   
1160   5.929E-04   3.2822E-04   3.2501E-04   3.2758E-04 / 3.2424E-04   
1170   5.929E-04   3.2422E-04   3.2080E-04   3.2333E-04 / 3.1982E-04   
1180   5.929E-04   3.2075E-04   3.1701E-04   3.1985E-04 / 3.1596E-04   
1190   5.929E-04   3.1760E-04   3.1437E-04   3.1692E-04 / 3.1355E-04   
1200   5.929E-04   3.1386E-04   3.0982E-04   3.1285E-04 / 3.0864E-04   
1210   5.929E-04   3.1385E-04   3.1215E-04   3.1259E-04 / 3.1092E-04   
1220   5.929E-04   3.0802E-04   3.0445E-04   3.0699E-04 / 3.0324E-04   
1230   5.929E-04   3.0466E-04   3.0189E-04   3.0357E-04 / 3.0064E-04   
1240   5.929E-04   3.0234E-04   3.0013E-04   3.0155E-04 / 2.9917E-04   
1250   5.929E-04   2.9919E-04   2.9599E-04   2.9816E-04 / 2.9480E-04   
1260   5.929E-04   2.9677E-04   2.9457E-04   2.9590E-04 / 2.9351E-04   
1270   5.929E-04   2.9325E-04   2.8992E-04   2.9247E-04 / 2.8897E-04   
1280   5.929E-04   2.9048E-04   2.8793E-04   2.8956E-04 / 2.8683E-04   
1290   5.929E-04   2.8769E-04   2.8560E-04   2.8669E-04 / 2.8439E-04   
1300   5.929E-04   2.8491E-04   2.8330E-04   2.8402E-04 / 2.8224E-04   
1310   5.929E-04   2.8349E-04   2.8206E-04   2.8208E-04 / 2.8049E-04   
1320   5.929E-04   2.8055E-04   2.7920E-04   2.7938E-04 / 2.7788E-04   
1330   5.929E-04   2.7745E-04   2.7617E-04   2.7645E-04 / 2.7495E-04   
1340   5.929E-04   2.7595E-04   2.7562E-04   2.7523E-04 / 2.7471E-04   
1350   5.929E-04   2.7328E-04   2.7243E-04   2.7258E-04 / 2.7153E-04   
1360   5.929E-04   2.7077E-04   2.6942E-04   2.7004E-04 / 2.6848E-04   
1370   5.929E-04   2.6820E-04   2.6704E-04   2.6733E-04 / 2.6596E-04   
1380   5.929E-04   2.6789E-04   2.6707E-04   2.6723E-04 / 2.6620E-04   
1390   5.929E-04   2.6353E-04   2.6282E-04   2.6272E-04 / 2.6179E-04   
1400   5.929E-04   2.6265E-04   2.6260E-04   2.6164E-04 / 2.6130E-04   
1410   5.929E-04   2.6006E-04   2.6033E-04   2.5936E-04 / 2.5939E-04   
1420   5.929E-04   2.5883E-04   2.5844E-04   2.5778E-04 / 2.5719E-04   
1430   5.929E-04   2.5557E-04   2.5546E-04   2.5484E-04 / 2.5448E-04   
1440   5.929E-04   2.5326E-04   2.5402E-04   2.5232E-04 / 2.5279E-04   
1450   5.929E-04   2.5304E-04   2.5232E-04   2.5208E-04 / 2.5107E-04   
1460   5.929E-04   2.4983E-04   2.5019E-04   2.4890E-04 / 2.4898E-04   
1470   5.929E-04   2.4921E-04   2.5086E-04   2.4843E-04 / 2.4980E-04   
1480   5.929E-04   2.4776E-04   2.4935E-04   2.4692E-04 / 2.4822E-04   
1490   5.929E-04   2.4541E-04   2.4689E-04   2.4422E-04 / 2.4547E-04   
1500   5.929E-04   2.4404E-04   2.4537E-04   2.4296E-04 / 2.4397E-04   
1510   5.929E-04   2.4270E-04   2.4275E-04   2.4172E-04 / 2.4172E-04   
1520   5.929E-04   2.3938E-04   2.4064E-04   2.3835E-04 / 2.3929E-04   
1530   5.929E-04   2.3837E-04   2.4017E-04   2.3728E-04 / 2.3882E-04   
1540   5.929E-04   2.3625E-04   2.3704E-04   2.3540E-04 / 2.3589E-04   
1550   5.929E-04   2.3527E-04   2.3557E-04   2.3432E-04 / 2.3444E-04   
1560   5.929E-04   2.3324E-04   2.3502E-04   2.3229E-04 / 2.3383E-04   
1570   5.929E-04   2.3213E-04   2.3335E-04   2.3138E-04 / 2.3233E-04   
1580   5.929E-04   2.3126E-04   2.3276E-04   2.3022E-04 / 2.3138E-04   
1590   5.929E-04   2.3163E-04   2.3271E-04   2.3038E-04 / 2.3130E-04   
1600   5.929E-04   2.2878E-04   2.2897E-04   2.2793E-04 / 2.2787E-04   
1610   5.929E-04   2.2691E-04   2.2915E-04   2.2613E-04 / 2.2807E-04   
1620   5.929E-04   2.2498E-04   2.2791E-04   2.2390E-04 / 2.2648E-04   
1630   5.929E-04   2.2483E-04   2.2787E-04   2.2359E-04 / 2.2632E-04   
1640   5.929E-04   2.2257E-04   2.2350E-04   2.2158E-04 / 2.2217E-04   
1650   5.929E-04   2.2124E-04   2.2395E-04   2.2044E-04 / 2.2286E-04   
1660   5.929E-04   2.2071E-04   2.2301E-04   2.1985E-04 / 2.2203E-04   
1670   5.929E-04   2.1941E-04   2.2135E-04   2.1861E-04 / 2.2025E-04   
1680   5.929E-04   2.1776E-04   2.1996E-04   2.1683E-04 / 2.1871E-04   
1690   5.929E-04   2.1880E-04   2.2069E-04   2.1794E-04 / 2.1951E-04   
1700   5.929E-04   2.1561E-04   2.1729E-04   2.1479E-04 / 2.1619E-04   
1710   5.929E-04   2.1484E-04   2.1587E-04   2.1412E-04 / 2.1492E-04   
1720   5.929E-04   2.1411E-04   2.1561E-04   2.1270E-04 / 2.1398E-04   
1730   5.929E-04   2.1625E-04   2.1807E-04   2.1413E-04 / 2.1595E-04   
1740   5.929E-04   2.1052E-04   2.1419E-04   2.0952E-04 / 2.1289E-04   
1750   5.929E-04   2.1007E-04   2.1250E-04   2.0916E-04 / 2.1126E-04   
1760   5.929E-04   2.0948E-04   2.1294E-04   2.0810E-04 / 2.1127E-04   
1770   5.929E-04   2.0834E-04   2.1147E-04   2.0720E-04 / 2.0992E-04   
1780   5.929E-04   2.0663E-04   2.1039E-04   2.0533E-04 / 2.0877E-04   
1790   5.929E-04   2.0701E-04   2.0960E-04   2.0563E-04 / 2.0802E-04   
1800   5.929E-04   2.0504E-04   2.0784E-04   2.0397E-04 / 2.0637E-04   
1810   5.929E-04   2.0426E-04   2.0523E-04   2.0326E-04 / 2.0387E-04   
1820   5.929E-04   2.0368E-04   2.0682E-04   2.0260E-04 / 2.0534E-04   
1830   5.929E-04   2.0210E-04   2.0572E-04   2.0102E-04 / 2.0424E-04   
1840   5.929E-04   2.0107E-04   2.0519E-04   1.9989E-04 / 2.0365E-04   
1850   5.929E-04   2.0262E-04   2.0546E-04   2.0109E-04 / 2.0385E-04   
1860   5.929E-04   2.0446E-04   2.0706E-04   2.0243E-04 / 2.0493E-04   
1870   5.929E-04   1.9843E-04   2.0141E-04   1.9735E-04 / 2.0010E-04   
1880   5.929E-04   1.9702E-04   2.0082E-04   1.9596E-04 / 1.9937E-04   
1890   5.929E-04   1.9593E-04   1.9964E-04   1.9480E-04 / 1.9817E-04   
1900   5.929E-04   1.9630E-04   1.9906E-04   1.9484E-04 / 1.9727E-04   
1910   5.929E-04   1.9395E-04   1.9791E-04   1.9286E-04 / 1.9641E-04   
1920   5.929E-04   1.9432E-04   1.9756E-04   1.9297E-04 / 1.9588E-04   
1930   5.929E-04   1.9246E-04   1.9562E-04   1.9159E-04 / 1.9438E-04   
1940   5.929E-04   1.9378E-04   1.9777E-04   1.9207E-04 / 1.9581E-04   
1950   5.929E-04   1.9304E-04   1.9650E-04   1.9192E-04 / 1.9501E-04   
1960   5.929E-04   1.9170E-04   1.9505E-04   1.9045E-04 / 1.9336E-04   
1970   5.929E-04   1.9129E-04   1.9462E-04   1.9014E-04 / 1.9319E-04   
1980   5.929E-04   1.8915E-04   1.9156E-04   1.8794E-04 / 1.9005E-04   
1990   5.929E-04   1.9046E-04   1.9388E-04   1.8862E-04 / 1.9181E-04   
2000   5.929E-04   1.8886E-04   1.9149E-04   1.8796E-04 / 1.9021E-04   
2010   5.929E-04   1.8612E-04   1.9083E-04   1.8468E-04 / 1.8892E-04   
2020   5.929E-04   1.8524E-04   1.9024E-04   1.8376E-04 / 1.8829E-04   
2030   5.929E-04   1.8679E-04   1.8975E-04   1.8563E-04 / 1.8815E-04   
2040   5.929E-04   1.8383E-04   1.8860E-04   1.8283E-04 / 1.8723E-04   
2050   5.929E-04   1.8336E-04   1.8746E-04   1.8229E-04 / 1.8596E-04   
2060   5.929E-04   1.8389E-04   1.8811E-04   1.8294E-04 / 1.8675E-04   
2070   5.929E-04   1.8211E-04   1.8685E-04   1.8064E-04 / 1.8489E-04   
2080   5.929E-04   1.8165E-04   1.8562E-04   1.8026E-04 / 1.8384E-04   
2090   5.929E-04   1.8070E-04   1.8608E-04   1.7941E-04 / 1.8439E-04   
2100   5.929E-04   1.7987E-04   1.8428E-04   1.7894E-04 / 1.8297E-04   
2110   5.929E-04   1.8121E-04   1.8574E-04   1.8047E-04 / 1.8467E-04   
2120   5.929E-04   1.7835E-04   1.8358E-04   1.7705E-04 / 1.8186E-04   
2130   5.929E-04   1.7804E-04   1.8377E-04   1.7678E-04 / 1.8207E-04   
2140   5.929E-04   1.7726E-04   1.8178E-04   1.7582E-04 / 1.7984E-04   
2150   5.929E-04   1.7620E-04   1.8021E-04   1.7495E-04 / 1.7856E-04   
2160   5.929E-04   1.7577E-04   1.8107E-04   1.7423E-04 / 1.7899E-04   
2170   5.929E-04   1.7551E-04   1.8063E-04   1.7445E-04 / 1.7916E-04   
2180   5.929E-04   1.7431E-04   1.7877E-04   1.7272E-04 / 1.7663E-04   
2190   5.929E-04   1.7363E-04   1.7745E-04   1.7228E-04 / 1.7560E-04   
2200   5.929E-04   1.7342E-04   1.7903E-04   1.7213E-04 / 1.7736E-04   
2210   5.929E-04   1.7287E-04   1.7768E-04   1.7162E-04 / 1.7595E-04   
2220   5.929E-04   1.7212E-04   1.7618E-04   1.7091E-04 / 1.7459E-04   
2230   5.929E-04   1.7137E-04   1.7495E-04   1.7050E-04 / 1.7372E-04   
2240   5.929E-04   1.7300E-04   1.7575E-04   1.7114E-04 / 1.7348E-04   
2250   5.929E-04   1.6994E-04   1.7633E-04   1.6884E-04 / 1.7484E-04   
2260   5.929E-04   1.7129E-04   1.7466E-04   1.6956E-04 / 1.7250E-04   
2270   5.929E-04   1.7019E-04   1.7532E-04   1.6916E-04 / 1.7388E-04   
2280   5.929E-04   1.6888E-04   1.7335E-04   1.6775E-04 / 1.7176E-04   
2290   5.929E-04   1.6796E-04   1.7234E-04   1.6689E-04 / 1.7085E-04   
2300   5.929E-04   1.6679E-04   1.7083E-04   1.6557E-04 / 1.6918E-04   
2310   5.929E-04   1.6727E-04   1.7287E-04   1.6638E-04 / 1.7166E-04   
2320   5.929E-04   1.6741E-04   1.7141E-04   1.6623E-04 / 1.6988E-04   
2330   5.929E-04   1.6521E-04   1.7097E-04   1.6367E-04 / 1.6889E-04   
2340   5.929E-04   1.6535E-04   1.7040E-04   1.6416E-04 / 1.6875E-04   
2350   5.929E-04   1.6432E-04   1.7006E-04   1.6305E-04 / 1.6831E-04   
2360   5.929E-04   1.6410E-04   1.6964E-04   1.6260E-04 / 1.6762E-04   
2370   5.929E-04   1.6333E-04   1.6857E-04   1.6191E-04 / 1.6662E-04   
2380   5.929E-04   1.6312E-04   1.6852E-04   1.6178E-04 / 1.6667E-04   
2390   5.929E-04   1.6234E-04   1.6770E-04   1.6118E-04 / 1.6608E-04   
2400   5.929E-04   1.6222E-04   1.6623E-04   1.6074E-04 / 1.6419E-04   
2410   5.929E-04   1.6182E-04   1.6624E-04   1.6027E-04 / 1.6422E-04   
2420   5.929E-04   1.6135E-04   1.6535E-04   1.6054E-04 / 1.6421E-04   
2430   5.929E-04   1.6071E-04   1.6550E-04   1.5942E-04 / 1.6371E-04   
2440   5.929E-04   1.5990E-04   1.6593E-04   1.5851E-04 / 1.6409E-04   
2450   5.929E-04   1.6060E-04   1.6622E-04   1.5969E-04 / 1.6493E-04   
2460   5.929E-04   1.5846E-04   1.6255E-04   1.5710E-04 / 1.6067E-04   
2470   5.929E-04   1.5843E-04   1.6362E-04   1.5708E-04 / 1.6176E-04   
2480   5.929E-04   1.5763E-04   1.6302E-04   1.5648E-04 / 1.6141E-04   
2490   5.929E-04   1.5721E-04   1.6276E-04   1.5614E-04 / 1.6125E-04   
2500   5.929E-04   1.5698E-04   1.6111E-04   1.5588E-04 / 1.5957E-04   
2510   5.929E-04   1.5628E-04   1.6212E-04   1.5456E-04 / 1.5980E-04   
2520   5.929E-04   1.5622E-04   1.6188E-04   1.5501E-04 / 1.6024E-04   
2530   5.929E-04   1.5568E-04   1.6161E-04   1.5422E-04 / 1.5966E-04   
2540   5.929E-04   1.5471E-04   1.6016E-04   1.5334E-04 / 1.5827E-04   
2550   5.929E-04   1.5398E-04   1.5888E-04   1.5281E-04 / 1.5724E-04   
2560   5.929E-04   1.5324E-04   1.5746E-04   1.5207E-04 / 1.5584E-04   
2570   5.929E-04   1.5427E-04   1.5857E-04   1.5319E-04 / 1.5704E-04   
2580   5.929E-04   1.5312E-04   1.5867E-04   1.5216E-04 / 1.5730E-04   
2590   5.929E-04   1.5351E-04   1.5869E-04   1.5237E-04 / 1.5709E-04   
2600   5.929E-04   1.5196E-04   1.5753E-04   1.5038E-04 / 1.5548E-04   
2610   5.929E-04   1.5199E-04   1.5751E-04   1.5018E-04 / 1.5509E-04   
2620   5.929E-04   1.5274E-04   1.5819E-04   1.5084E-04 / 1.5580E-04   
2630   5.929E-04   1.4987E-04   1.5445E-04   1.4875E-04 / 1.5291E-04   
2640   5.929E-04   1.5004E-04   1.5580E-04   1.4836E-04 / 1.5354E-04   
2650   5.929E-04   1.5222E-04   1.5960E-04   1.5045E-04 / 1.5732E-04   
2660   5.929E-04   1.4926E-04   1.5452E-04   1.4786E-04 / 1.5261E-04   
2670   5.929E-04   1.5068E-04   1.5649E-04   1.4911E-04 / 1.5452E-04   
2680   5.929E-04   1.4780E-04   1.5229E-04   1.4637E-04 / 1.5033E-04   
2690   5.929E-04   1.4792E-04   1.5496E-04   1.4612E-04 / 1.5256E-04   
2700   5.929E-04   1.4662E-04   1.5230E-04   1.4535E-04 / 1.5054E-04   
2710   5.929E-04   1.4646E-04   1.5205E-04   1.4538E-04 / 1.5052E-04   
2720   5.929E-04   1.4773E-04   1.5300E-04   1.4660E-04 / 1.5141E-04   
2730   5.929E-04   1.4530E-04   1.5150E-04   1.4408E-04 / 1.4981E-04   
2740   5.929E-04   1.4579E-04   1.5185E-04   1.4491E-04 / 1.5058E-04   
2750   5.929E-04   1.4602E-04   1.5085E-04   1.4463E-04 / 1.4905E-04   
2760   5.929E-04   1.4570E-04   1.5186E-04   1.4419E-04 / 1.4981E-04   
2770   5.929E-04   1.4368E-04   1.4953E-04   1.4265E-04 / 1.4806E-04   
2780   5.929E-04   1.4871E-04   1.5412E-04   1.4738E-04 / 1.5230E-04   
2790   5.929E-04   1.4284E-04   1.4808E-04   1.4162E-04 / 1.4640E-04   
2800   5.929E-04   1.4469E-04   1.5013E-04   1.4398E-04 / 1.4908E-04   
2810   5.929E-04   1.4257E-04   1.5028E-04   1.4117E-04 / 1.4837E-04   
2820   5.929E-04   1.4220E-04   1.4742E-04   1.4094E-04 / 1.4568E-04   
2830   5.929E-04   1.4168E-04   1.4692E-04   1.4068E-04 / 1.4549E-04   
2840   5.929E-04   1.4259E-04   1.4904E-04   1.4152E-04 / 1.4751E-04   
2850   5.929E-04   1.4159E-04   1.4689E-04   1.4015E-04 / 1.4501E-04   
2860   5.929E-04   1.4054E-04   1.4670E-04   1.3921E-04 / 1.4486E-04   
2870   5.929E-04   1.3985E-04   1.4557E-04   1.3886E-04 / 1.4414E-04   
2880   5.929E-04   1.4012E-04   1.4562E-04   1.3890E-04 / 1.4398E-04   
2890   5.929E-04   1.3908E-04   1.4516E-04   1.3800E-04 / 1.4363E-04   
2900   5.929E-04   1.3906E-04   1.4521E-04   1.3813E-04 / 1.4387E-04   
2910   5.929E-04   1.3818E-04   1.4438E-04   1.3705E-04 / 1.4282E-04   
2920   5.929E-04   1.3804E-04   1.4454E-04   1.3693E-04 / 1.4298E-04   
2930   5.929E-04   1.3927E-04   1.4569E-04   1.3761E-04 / 1.4355E-04   
2940   5.929E-04   1.3706E-04   1.4307E-04   1.3592E-04 / 1.4147E-04   
2950   5.929E-04   1.3641E-04   1.4296E-04   1.3532E-04 / 1.4142E-04   
2960   5.929E-04   1.3595E-04   1.4272E-04   1.3496E-04 / 1.4131E-04   
2970   5.929E-04   1.3553E-04   1.4226E-04   1.3439E-04 / 1.4065E-04   
2980   5.929E-04   1.3657E-04   1.4182E-04   1.3581E-04 / 1.4071E-04   
2990   5.929E-04   1.3512E-04   1.4236E-04   1.3433E-04 / 1.4120E-04   
3000   5.929E-04   1.3523E-04   1.4161E-04   1.3426E-04 / 1.4024E-04   
3010   5.929E-04   1.3471E-04   1.4217E-04   1.3346E-04 / 1.4046E-04   
3020   5.929E-04   1.3627E-04   1.4251E-04   1.3511E-04 / 1.4096E-04   
3030   5.929E-04   1.3320E-04   1.3934E-04   1.3192E-04 / 1.3756E-04   
3040   5.929E-04   1.3427E-04   1.4190E-04   1.3289E-04 / 1.4002E-04   
3050   5.929E-04   1.3287E-04   1.3882E-04   1.3186E-04 / 1.3740E-04   
3060   5.929E-04   1.3240E-04   1.3915E-04   1.3131E-04 / 1.3761E-04   
3070   5.929E-04   1.3217E-04   1.3955E-04   1.3085E-04 / 1.3773E-04   
3080   5.929E-04   1.3154E-04   1.3838E-04   1.3026E-04 / 1.3661E-04   
3090   5.929E-04   1.3107E-04   1.3775E-04   1.3024E-04 / 1.3655E-04   
3100   5.929E-04   1.3146E-04   1.3811E-04   1.3008E-04 / 1.3621E-04   
3110   5.929E-04   1.3166E-04   1.3989E-04   1.3043E-04 / 1.3817E-04   
3120   5.929E-04   1.2988E-04   1.3627E-04   1.2867E-04 / 1.3458E-04   
3130   5.929E-04   1.3249E-04   1.3930E-04   1.3194E-04 / 1.3849E-04   
3140   5.929E-04   1.3066E-04   1.3708E-04   1.2949E-04 / 1.3544E-04   
3150   5.929E-04   1.2968E-04   1.3605E-04   1.2861E-04 / 1.3456E-04   
3160   5.929E-04   1.3001E-04   1.3747E-04   1.2883E-04 / 1.3582E-04   
3170   5.929E-04   1.2881E-04   1.3577E-04   1.2748E-04 / 1.3393E-04   
3180   5.929E-04   1.3095E-04   1.3795E-04   1.2983E-04 / 1.3638E-04   
3190   5.929E-04   1.2795E-04   1.3627E-04   1.2689E-04 / 1.3477E-04   
3200   5.929E-04   1.2762E-04   1.3493E-04   1.2640E-04 / 1.3324E-04   
3210   5.929E-04   1.2706E-04   1.3446E-04   1.2603E-04 / 1.3301E-04   
3220   5.929E-04   1.2786E-04   1.3494E-04   1.2652E-04 / 1.3308E-04   
3230   5.929E-04   1.2790E-04   1.3644E-04   1.2684E-04 / 1.3497E-04   
3240   5.929E-04   1.2593E-04   1.3321E-04   1.2465E-04 / 1.3144E-04   
3250   5.929E-04   1.2523E-04   1.3225E-04   1.2421E-04 / 1.3080E-04   
3260   5.929E-04   1.2554E-04   1.3373E-04   1.2411E-04 / 1.3179E-04   
3270   5.929E-04   1.2501E-04   1.3314E-04   1.2406E-04 / 1.3181E-04   
3280   5.929E-04   1.2510E-04   1.3183E-04   1.2422E-04 / 1.3058E-04   
3290   5.929E-04   1.2424E-04   1.3222E-04   1.2323E-04 / 1.3080E-04   
3300   5.929E-04   1.2607E-04   1.3459E-04   1.2467E-04 / 1.3267E-04   
3310   5.929E-04   1.2327E-04   1.3035E-04   1.2257E-04 / 1.2936E-04   
3320   5.929E-04   1.2386E-04   1.3188E-04   1.2249E-04 / 1.3001E-04   
3330   5.929E-04   1.2353E-04   1.3143E-04   1.2283E-04 / 1.3044E-04   
3340   5.929E-04   1.2342E-04   1.3169E-04   1.2239E-04 / 1.3026E-04   
3350   5.929E-04   1.2275E-04   1.3128E-04   1.2172E-04 / 1.2983E-04   
3360   5.929E-04   1.2196E-04   1.3045E-04   1.2094E-04 / 1.2902E-04   
3370   5.929E-04   1.2337E-04   1.3166E-04   1.2227E-04 / 1.3013E-04   
3380   5.929E-04   1.2152E-04   1.2870E-04   1.2061E-04 / 1.2741E-04   
3390   5.929E-04   1.2153E-04   1.2995E-04   1.2025E-04 / 1.2818E-04   
3400   5.929E-04   1.2241E-04   1.3078E-04   1.2134E-04 / 1.2928E-04   
3410   5.929E-04   1.2186E-04   1.2946E-04   1.2089E-04 / 1.2810E-04   
3420   5.929E-04   1.2010E-04   1.2775E-04   1.1916E-04 / 1.2642E-04   
3430   5.929E-04   1.2061E-04   1.2926E-04   1.1924E-04 / 1.2737E-04   
3440   5.929E-04   1.2029E-04   1.3002E-04   1.1884E-04 / 1.2806E-04   
3450   5.929E-04   1.1981E-04   1.2773E-04   1.1878E-04 / 1.2628E-04   
3460   5.929E-04   1.2042E-04   1.2823E-04   1.1915E-04 / 1.2647E-04   
3470   5.929E-04   1.1844E-04   1.2626E-04   1.1751E-04 / 1.2494E-04   
3480   5.929E-04   1.1817E-04   1.2663E-04   1.1656E-04 / 1.2444E-04   
3490   5.929E-04   1.1758E-04   1.2619E-04   1.1683E-04 / 1.2512E-04   
3500   5.929E-04   1.1738E-04   1.2662E-04   1.1609E-04 / 1.2484E-04   
3510   5.929E-04   1.1890E-04   1.2748E-04   1.1815E-04 / 1.2641E-04   
3520   5.929E-04   1.1642E-04   1.2475E-04   1.1519E-04 / 1.2304E-04   
3530   5.929E-04   1.1652E-04   1.2595E-04   1.1526E-04 / 1.2420E-04   
3540   5.929E-04   1.1710E-04   1.2593E-04   1.1606E-04 / 1.2448E-04   
3550   5.929E-04   1.1656E-04   1.2546E-04   1.1569E-04 / 1.2423E-04   
3560   5.929E-04   1.1551E-04   1.2340E-04   1.1488E-04 / 1.2247E-04   
3570   5.929E-04   1.1502E-04   1.2385E-04   1.1410E-04 / 1.2255E-04   
3580   5.929E-04   1.1639E-04   1.2395E-04   1.1577E-04 / 1.2304E-04   
3590   5.929E-04   1.1545E-04   1.2451E-04   1.1428E-04 / 1.2289E-04   
3600   5.929E-04   1.1467E-04   1.2353E-04   1.1379E-04 / 1.2228E-04   
3610   5.929E-04   1.1423E-04   1.2308E-04   1.1294E-04 / 1.2131E-04   
3620   5.929E-04   1.1395E-04   1.2266E-04   1.1299E-04 / 1.2131E-04   
3630   5.929E-04   1.1432E-04   1.2339E-04   1.1357E-04 / 1.2231E-04   
3640   5.929E-04   1.1365E-04   1.2246E-04   1.1262E-04 / 1.2103E-04   
3650   5.929E-04   1.1328E-04   1.2189E-04   1.1232E-04 / 1.2054E-04   
3660   5.929E-04   1.1265E-04   1.2102E-04   1.1175E-04 / 1.1975E-04   
3670   5.929E-04   1.1401E-04   1.2153E-04   1.1298E-04 / 1.2009E-04   
3680   5.929E-04   1.1206E-04   1.2265E-04   1.1104E-04 / 1.2124E-04   
3690   5.929E-04   1.1142E-04   1.2022E-04   1.1049E-04 / 1.1891E-04   
3700   5.929E-04   1.1143E-04   1.2132E-04   1.1067E-04 / 1.2022E-04   
3710   5.929E-04   1.1114E-04   1.1948E-04   1.1029E-04 / 1.1827E-04   
3720   5.929E-04   1.1111E-04   1.1899E-04   1.1027E-04 / 1.1779E-04   
3730   5.929E-04   1.1048E-04   1.2021E-04   1.0931E-04 / 1.1860E-04   
3740   5.929E-04   1.1084E-04   1.2051E-04   1.0952E-04 / 1.1873E-04   
3750   5.929E-04   1.1000E-04   1.1907E-04   1.0889E-04 / 1.1754E-04   
3760   5.929E-04   1.0952E-04   1.1878E-04   1.0868E-04 / 1.1760E-04   
3770   5.929E-04   1.0908E-04   1.1875E-04   1.0796E-04 / 1.1720E-04   
3780   5.929E-04   1.0874E-04   1.1816E-04   1.0780E-04 / 1.1684E-04   
3790   5.929E-04   1.1084E-04   1.1955E-04   1.0976E-04 / 1.1806E-04   
3800   5.929E-04   1.0846E-04   1.1823E-04   1.0765E-04 / 1.1708E-04   
3810   5.929E-04   1.0889E-04   1.1832E-04   1.0806E-04 / 1.1714E-04   
3820   5.929E-04   1.1081E-04   1.2018E-04   1.0980E-04 / 1.1881E-04   
3830   5.929E-04   1.0782E-04   1.1546E-04   1.0714E-04 / 1.1448E-04   
3840   5.929E-04   1.0789E-04   1.1732E-04   1.0699E-04 / 1.1605E-04   
3850   5.929E-04   1.0712E-04   1.1632E-04   1.0623E-04 / 1.1506E-04   
3860   5.929E-04   1.0719E-04   1.1729E-04   1.0646E-04 / 1.1622E-04   
3870   5.929E-04   1.0746E-04   1.1798E-04   1.0665E-04 / 1.1682E-04   
3880   5.929E-04   1.0608E-04   1.1585E-04   1.0516E-04 / 1.1456E-04   
3890   5.929E-04   1.0688E-04   1.1662E-04   1.0616E-04 / 1.1559E-04   
3900   5.929E-04   1.0551E-04   1.1437E-04   1.0453E-04 / 1.1302E-04   
3910   5.929E-04   1.0675E-04   1.1415E-04   1.0613E-04 / 1.1324E-04   
3920   5.929E-04   1.0582E-04   1.1413E-04   1.0494E-04 / 1.1290E-04   
3930   5.929E-04   1.0590E-04   1.1569E-04   1.0488E-04 / 1.1429E-04   
3940   5.929E-04   1.0514E-04   1.1505E-04   1.0442E-04 / 1.1401E-04   
3950   5.929E-04   1.0470E-04   1.1413E-04   1.0402E-04 / 1.1314E-04   
3960   5.929E-04   1.0416E-04   1.1353E-04   1.0343E-04 / 1.1248E-04   
3970   5.929E-04   1.0476E-04   1.1388E-04   1.0383E-04 / 1.1259E-04   
3980   5.929E-04   1.0479E-04   1.1512E-04   1.0390E-04 / 1.1389E-04   
3990   5.929E-04   1.0404E-04   1.1359E-04   1.0303E-04 / 1.1221E-04   
4000   5.929E-04   1.0331E-04   1.1276E-04   1.0233E-04 / 1.1141E-04   
4010   5.929E-04   1.0329E-04   1.1297E-04   1.0258E-04 / 1.1195E-04   
4020   5.929E-04   1.0315E-04   1.1171E-04   1.0258E-04 / 1.1088E-04   
4030   5.929E-04   1.0366E-04   1.1226E-04   1.0273E-04 / 1.1098E-04   
4040   5.929E-04   1.0184E-04   1.1091E-04   1.0108E-04 / 1.0983E-04   
4050   5.929E-04   1.0167E-04   1.1061E-04   1.0080E-04 / 1.0940E-04   
4060   5.929E-04   1.0227E-04   1.1129E-04   1.0147E-04 / 1.1016E-04   
4070   5.929E-04   1.0168E-04   1.1093E-04   1.0053E-04 / 1.0939E-04   
4080   5.929E-04   1.0267E-04   1.1180E-04   1.0188E-04 / 1.1069E-04   
4090   5.929E-04   1.0180E-04   1.1143E-04   1.0129E-04 / 1.1068E-04   
4100   5.929E-04   1.0086E-04   1.0949E-04   1.0044E-04 / 1.0887E-04   
4110   5.929E-04   1.0146E-04   1.0935E-04   1.0059E-04 / 1.0815E-04   
4120   5.929E-04   1.0038E-04   1.0968E-04   9.9494E-05 / 1.0845E-04   
4130   5.929E-04   9.9969E-05   1.0863E-04   9.9151E-05 / 1.0750E-04   
4140   5.929E-04   9.9996E-05   1.0954E-04   9.9332E-05 / 1.0860E-04   
4150   5.929E-04   9.9882E-05   1.0942E-04   9.8896E-05 / 1.0808E-04   
4160   5.929E-04   9.9976E-05   1.1136E-04   9.9270E-05 / 1.1037E-04   
4170   5.929E-04   9.8933E-05   1.0910E-04   9.8041E-05 / 1.0788E-04   
4180   5.929E-04   9.9068E-05   1.0748E-04   9.8524E-05 / 1.0670E-04   
4190   5.929E-04   1.0058E-04   1.1092E-04   1.0005E-04 / 1.1015E-04   
4200   5.929E-04   9.8214E-05   1.0841E-04   9.7255E-05 / 1.0710E-04   
4210   5.929E-04   9.9226E-05   1.0878E-04   9.8458E-05 / 1.0772E-04   
4220   5.929E-04   9.7788E-05   1.0758E-04   9.6949E-05 / 1.0643E-04   
4230   5.929E-04   9.9615E-05   1.0945E-04   9.8875E-05 / 1.0843E-04   
4240   5.929E-04   9.9212E-05   1.0955E-04   9.8166E-05 / 1.0815E-04   
4250   5.929E-04   9.7842E-05   1.0823E-04   9.7319E-05 / 1.0748E-04   
4260   5.929E-04   9.6624E-05   1.0681E-04   9.5843E-05 / 1.0573E-04   
4270   5.929E-04   9.6475E-05   1.0571E-04   9.5721E-05 / 1.0467E-04   
4280   5.929E-04   9.7411E-05   1.0698E-04   9.6648E-05 / 1.0594E-04   
4290   5.929E-04   9.7265E-05   1.0725E-04   9.6613E-05 / 1.0635E-04   
4300   5.929E-04   9.7314E-05   1.0675E-04   9.6626E-05 / 1.0581E-04   
4310   5.929E-04   9.6053E-05   1.0576E-04   9.5089E-05 / 1.0446E-04   
4320   5.929E-04   9.5430E-05   1.0536E-04   9.4606E-05 / 1.0423E-04   
4330   5.929E-04   9.6440E-05   1.0484E-04   9.5737E-05 / 1.0388E-04   
4340   5.929E-04   1.0110E-04   1.0986E-04   1.0029E-04 / 1.0876E-04   
4350   5.929E-04   9.5062E-05   1.0544E-04   9.4100E-05 / 1.0415E-04   
4360   5.929E-04   9.4710E-05   1.0550E-04   9.4156E-05 / 1.0472E-04   
4370   5.929E-04   9.5088E-05   1.0591E-04   9.4370E-05 / 1.0493E-04   
4380   5.929E-04   9.4819E-05   1.0513E-04   9.3797E-05 / 1.0376E-04   
4390   5.929E-04   9.4181E-05   1.0391E-04   9.3406E-05 / 1.0286E-04   
4400   5.929E-04   9.4902E-05   1.0325E-04   9.4084E-05 / 1.0214E-04   
4410   5.929E-04   9.3500E-05   1.0279E-04   9.2910E-05 / 1.0198E-04   
4420   5.929E-04   9.4187E-05   1.0290E-04   9.3306E-05 / 1.0171E-04   
4430   5.929E-04   9.6407E-05   1.0880E-04   9.5354E-05 / 1.0740E-04   
4440   5.929E-04   9.3298E-05   1.0155E-04   9.2547E-05 / 1.0053E-04   
4450   5.929E-04   9.4044E-05   1.0351E-04   9.3382E-05 / 1.0260E-04   
4460   5.929E-04   9.2662E-05   1.0235E-04   9.1957E-05 / 1.0139E-04   
4470   5.929E-04   9.2652E-05   1.0310E-04   9.1852E-05 / 1.0202E-04   
4480   5.929E-04   9.4257E-05   1.0219E-04   9.3493E-05 / 1.0115E-04   
4490   5.929E-04   9.1924E-05   1.0135E-04   9.1118E-05 / 1.0026E-04   
4500   5.929E-04   9.1685E-05   1.0167E-04   9.1085E-05 / 1.0084E-04   
4510   5.929E-04   9.2232E-05   1.0109E-04   9.1260E-05 / 9.9801E-05   
4520   5.929E-04   9.2412E-05   1.0114E-04   9.1888E-05 / 1.0042E-04   
4530   5.929E-04   9.1058E-05   1.0024E-04   9.0256E-05 / 9.9160E-05   
4540   5.929E-04   9.2171E-05   1.0262E-04   9.1777E-05 / 1.0206E-04   
4550   5.929E-04   9.1299E-05   1.0136E-04   9.0606E-05 / 1.0042E-04   
4560   5.929E-04   9.3118E-05   1.0073E-04   9.2514E-05 / 9.9902E-05   
4570   5.929E-04   9.0558E-05   9.9773E-05   8.9697E-05 / 9.8624E-05   
4580   5.929E-04   8.9960E-05   9.9622E-05   8.9313E-05 / 9.8737E-05   
4590   5.929E-04   9.0072E-05   9.9759E-05   8.9484E-05 / 9.8953E-05   
4600   5.929E-04   9.0295E-05   9.9137E-05   8.9725E-05 / 9.8354E-05   
4610   5.929E-04   9.0340E-05   9.9947E-05   8.9707E-05 / 9.9080E-05   
4620   5.929E-04   9.0178E-05   1.0077E-04   8.9453E-05 / 9.9786E-05   
4630   5.929E-04   9.2562E-05   1.0453E-04   9.1919E-05 / 1.0365E-04   
4640   5.929E-04   8.8737E-05   9.8838E-05   8.7976E-05 / 9.7807E-05   
4650   5.929E-04   8.9341E-05   9.9606E-05   8.8798E-05 / 9.8856E-05   
4660   5.929E-04   8.8843E-05   9.7969E-05   8.7940E-05 / 9.6771E-05   
4670   5.929E-04   8.8463E-05   1.0033E-04   8.7763E-05 / 9.9378E-05   
4680   5.929E-04   8.9189E-05   9.9712E-05   8.8462E-05 / 9.8734E-05   
4690   5.929E-04   8.9243E-05   9.9653E-05   8.8586E-05 / 9.8764E-05   
4700   5.929E-04   8.7972E-05   9.8949E-05   8.7215E-05 / 9.7932E-05   
4710   5.929E-04   8.8843E-05   9.9570E-05   8.8053E-05 / 9.8504E-05   
4720   5.929E-04   8.8143E-05   9.7968E-05   8.7430E-05 / 9.7008E-05   
4730   5.929E-04   8.6930E-05   9.6663E-05   8.6227E-05 / 9.5712E-05   
4740   5.929E-04   8.7389E-05   9.7968E-05   8.6492E-05 / 9.6770E-05   
4750   5.929E-04   8.7133E-05   9.6610E-05   8.6443E-05 / 9.5679E-05   
4760   5.929E-04   8.6657E-05   9.6260E-05   8.6097E-05 / 9.5486E-05   
4770   5.929E-04   8.7121E-05   9.6837E-05   8.6416E-05 / 9.5888E-05   
4780   5.929E-04   8.7952E-05   9.9209E-05   8.7006E-05 / 9.7961E-05   
4790   5.929E-04   8.6505E-05   9.7824E-05   8.5937E-05 / 9.7036E-05   
4800   5.929E-04   8.6441E-05   9.5484E-05   8.5823E-05 / 9.4642E-05   
4810   5.929E-04   8.8972E-05   9.8549E-05   8.7842E-05 / 9.7103E-05   
4820   5.929E-04   8.5601E-05   9.4666E-05   8.4861E-05 / 9.3674E-05   
4830   5.929E-04   8.6379E-05   9.6985E-05   8.5688E-05 / 9.6047E-05   
4840   5.929E-04   8.5448E-05   9.7862E-05   8.4596E-05 / 9.6726E-05   
4850   5.929E-04   8.7224E-05   9.6851E-05   8.6552E-05 / 9.5942E-05   
4860   5.929E-04   8.5006E-05   9.5898E-05   8.4296E-05 / 9.4943E-05   
4870   5.929E-04   8.4601E-05   9.4419E-05   8.4009E-05 / 9.3600E-05   
4880   5.929E-04   8.4754E-05   9.6060E-05   8.4104E-05 / 9.5175E-05   
4890   5.929E-04   8.6725E-05   9.4760E-05   8.6163E-05 / 9.3986E-05   
4900   5.929E-04   8.5525E-05   9.6453E-05   8.4900E-05 / 9.5602E-05   
4910   5.929E-04   8.5059E-05   9.4001E-05   8.4354E-05 / 9.3055E-05   
4920   5.929E-04   8.4651E-05   9.5316E-05   8.4053E-05 / 9.4499E-05   
4930   5.929E-04   8.4934E-05   9.5796E-05   8.4089E-05 / 9.4677E-05   
4940   5.929E-04   8.3317E-05   9.3831E-05   8.2544E-05 / 9.2796E-05   
4950   5.929E-04   8.3348E-05   9.1286E-05   8.2560E-05 / 9.0246E-05   
4960   5.929E-04   8.3041E-05   9.4311E-05   8.2303E-05 / 9.3322E-05   
4970   5.929E-04   8.3897E-05   9.4608E-05   8.3371E-05 / 9.3869E-05   
4980   5.929E-04   8.5093E-05   9.6659E-05   8.4118E-05 / 9.5408E-05   
4990   5.929E-04   8.3413E-05   9.3422E-05   8.2834E-05 / 9.2629E-05   
5000   5.929E-04   8.3855E-05   9.4391E-05   8.3309E-05 / 9.3637E-05   
5010   5.929E-04   8.4525E-05   9.7396E-05   8.3895E-05 / 9.6545E-05   
5020   5.929E-04   8.2587E-05   9.2815E-05   8.2085E-05 / 9.2116E-05   
5030   5.929E-04   8.2852E-05   9.1830E-05   8.2324E-05 / 9.1092E-05   
5040   5.929E-04   8.1678E-05   9.1292E-05   8.1193E-05 / 9.0608E-05   
5050   5.929E-04   8.3570E-05   9.4425E-05   8.3086E-05 / 9.3738E-05   
5060   5.929E-04   8.1273E-05   9.2558E-05   8.0701E-05 / 9.1774E-05   
5070   5.929E-04   8.1580E-05   9.2108E-05   8.1117E-05 / 9.1450E-05   
5080   5.929E-04   8.1133E-05   9.2383E-05   8.0580E-05 / 9.1622E-05   
5090   5.929E-04   8.3105E-05   9.3969E-05   8.2457E-05 / 9.3088E-05   
5100   5.929E-04   8.0568E-05   9.1654E-05   7.9885E-05 / 9.0746E-05   
5110   5.929E-04   8.0491E-05   9.0327E-05   7.9802E-05 / 8.9415E-05   
5120   5.929E-04   8.0708E-05   8.9884E-05   8.0081E-05 / 8.9042E-05   
5130   5.929E-04   8.0844E-05   9.1861E-05   8.0421E-05 / 9.1260E-05   
5140   5.929E-04   8.0681E-05   9.3118E-05   7.9884E-05 / 9.2086E-05   
5150   5.929E-04   8.2223E-05   9.4059E-05   8.1627E-05 / 9.3258E-05   
5160   5.929E-04   8.0376E-05   8.9126E-05   7.9923E-05 / 8.8492E-05   
5170   5.929E-04   7.9808E-05   9.1007E-05   7.9207E-05 / 9.0198E-05   
5180   5.929E-04   7.9528E-05   9.1562E-05   7.9124E-05 / 9.0988E-05   
5190   5.929E-04   8.0339E-05   9.2263E-05   7.9833E-05 / 9.1561E-05   
5200   5.929E-04   8.0597E-05   9.0235E-05   7.9831E-05 / 8.9246E-05   
5210   5.929E-04   8.0486E-05   9.1100E-05   7.9669E-05 / 9.0054E-05   
5220   5.929E-04   7.9613E-05   8.8993E-05   7.9136E-05 / 8.8320E-05   
5230   5.929E-04   7.9036E-05   8.9364E-05   7.8362E-05 / 8.8464E-05   
5240   5.929E-04   7.8634E-05   8.8826E-05   7.7973E-05 / 8.7956E-05   
5250   5.929E-04   7.8684E-05   9.0096E-05   7.8231E-05 / 8.9464E-05   
5260   5.929E-04   7.8823E-05   9.0955E-05   7.8192E-05 / 9.0100E-05   
5270   5.929E-04   7.8001E-05   8.7598E-05   7.7525E-05 / 8.6937E-05   
5280   5.929E-04   7.8180E-05   8.8667E-05   7.7690E-05 / 8.7988E-05   
5290   5.929E-04   7.7553E-05   8.8124E-05   7.7173E-05 / 8.7586E-05   
5300   5.929E-04   7.8754E-05   9.1399E-05   7.8080E-05 / 9.0516E-05   
5310   5.929E-04   7.7932E-05   8.7663E-05   7.7538E-05 / 8.7110E-05   
5320   5.929E-04   7.7640E-05   8.8430E-05   7.6872E-05 / 8.7434E-05   
5330   5.929E-04   7.7785E-05   8.9182E-05   7.7318E-05 / 8.8545E-05   
5340   5.929E-04   7.8677E-05   8.8702E-05   7.8338E-05 / 8.8221E-05   
5350   5.929E-04   7.6703E-05   8.7011E-05   7.6139E-05 / 8.6255E-05   
5360   5.929E-04   7.9169E-05   9.1451E-05   7.8507E-05 / 9.0564E-05   
5370   5.929E-04   7.7145E-05   8.9708E-05   7.6693E-05 / 8.9092E-05   
5380   5.929E-04   7.7441E-05   8.8744E-05   7.7063E-05 / 8.8215E-05   
5390   5.929E-04   7.6878E-05   8.7433E-05   7.6461E-05 / 8.6858E-05   
5400   5.929E-04   7.6744E-05   8.8402E-05   7.6268E-05 / 8.7747E-05   
5410   5.929E-04   7.8965E-05   9.1464E-05   7.8413E-05 / 9.0729E-05   
5420   5.929E-04   7.8154E-05   8.8866E-05   7.7400E-05 / 8.7915E-05   
5430   5.929E-04   7.6953E-05   8.9546E-05   7.6470E-05 / 8.8888E-05   
5440   5.929E-04   7.7547E-05   8.8077E-05   7.6798E-05 / 8.7133E-05   
5450   5.929E-04   7.6131E-05   8.6385E-05   7.5762E-05 / 8.5876E-05   
5460   5.929E-04   7.5170E-05   8.6367E-05   7.4545E-05 / 8.5553E-05   
5470   5.929E-04   7.5227E-05   8.5720E-05   7.4526E-05 / 8.4830E-05   
5480   5.929E-04   7.5417E-05   8.7024E-05   7.4885E-05 / 8.6328E-05   
5490   5.929E-04   7.5050E-05   8.5821E-05   7.4476E-05 / 8.5078E-05   
5500   5.929E-04   7.6374E-05   8.7729E-05   7.5874E-05 / 8.7060E-05   
5510   5.929E-04   7.4362E-05   8.5827E-05   7.3783E-05 / 8.5065E-05   
5520   5.929E-04   7.4803E-05   8.7950E-05   7.4507E-05 / 8.7529E-05   
5530   5.929E-04   7.5197E-05   8.6562E-05   7.4950E-05 / 8.6210E-05   
5540   5.929E-04   7.4059E-05   8.6062E-05   7.3675E-05 / 8.5541E-05   
5550   5.929E-04   7.4814E-05   8.4919E-05   7.4030E-05 / 8.3950E-05   
5560   5.929E-04   7.5809E-05   8.6037E-05   7.5369E-05 / 8.5438E-05   
5570   5.929E-04   7.4142E-05   8.5900E-05   7.3719E-05 / 8.5324E-05   
5580   5.929E-04   7.3550E-05   8.5461E-05   7.3108E-05 / 8.4878E-05   
5590   5.929E-04   7.4093E-05   8.4799E-05   7.3511E-05 / 8.4061E-05   
5600   5.929E-04   7.3484E-05   8.4873E-05   7.2833E-05 / 8.4054E-05   
5610   5.929E-04   7.4016E-05   8.5231E-05   7.3567E-05 / 8.4626E-05   
5620   5.929E-04   7.3112E-05   8.4024E-05   7.2652E-05 / 8.3423E-05   
5630   5.929E-04   7.4739E-05   8.5401E-05   7.4232E-05 / 8.4733E-05   
5640   5.929E-04   7.6527E-05   8.9987E-05   7.5935E-05 / 8.9243E-05   
5650   5.929E-04   7.2987E-05   8.4618E-05   7.2363E-05 / 8.3823E-05   
5660   5.929E-04   7.3449E-05   8.5613E-05   7.2971E-05 / 8.5000E-05   
5670   5.929E-04   7.2463E-05   8.4059E-05   7.1949E-05 / 8.3407E-05   
5680   5.929E-04   7.2423E-05   8.3747E-05   7.1740E-05 / 8.2899E-05   
5690   5.929E-04   7.2090E-05   8.4364E-05   7.1675E-05 / 8.3826E-05   
5700   5.929E-04   7.3478E-05   8.5742E-05   7.2944E-05 / 8.5070E-05   
5710   5.929E-04   7.1883E-05   8.3910E-05   7.1466E-05 / 8.3367E-05   
5720   5.929E-04   7.1898E-05   8.3557E-05   7.1466E-05 / 8.3001E-05   
5730   5.929E-04   7.1830E-05   8.3709E-05   7.1300E-05 / 8.3029E-05   
5740   5.929E-04   7.2012E-05   8.3044E-05   7.1356E-05 / 8.2232E-05   
5750   5.929E-04   7.2347E-05   8.7610E-05   7.1729E-05 / 8.6847E-05   
5760   5.929E-04   7.2682E-05   8.3964E-05   7.2189E-05 / 8.3323E-05   
5770   5.929E-04   7.1459E-05   8.3648E-05   7.0932E-05 / 8.2983E-05   
5780   5.929E-04   7.2282E-05   8.3896E-05   7.1670E-05 / 8.3137E-05   
5790   5.929E-04   7.1569E-05   8.3570E-05   7.1195E-05 / 8.3081E-05   
5800   5.929E-04   7.1918E-05   8.4754E-05   7.1400E-05 / 8.4087E-05   
5810   5.929E-04   7.3146E-05   8.3467E-05   7.2640E-05 / 8.2817E-05   
5820   5.929E-04   7.1083E-05   8.2881E-05   7.0523E-05 / 8.2188E-05   
5830   5.929E-04   7.0891E-05   8.2519E-05   7.0401E-05 / 8.1905E-05   
5840   5.929E-04   7.1289E-05   8.3828E-05   7.0963E-05 / 8.3408E-05   
5850   5.929E-04   7.2543E-05   8.4265E-05   7.2023E-05 / 8.3591E-05   
5860   5.929E-04   7.3490E-05   8.5297E-05   7.2665E-05 / 8.4270E-05   
5870   5.929E-04   7.0930E-05   8.3208E-05   7.0484E-05 / 8.2632E-05   
5880   5.929E-04   7.5375E-05   8.5537E-05   7.4796E-05 / 8.4794E-05   
5890   5.929E-04   7.0449E-05   8.4309E-05   7.0120E-05 / 8.3874E-05   
5900   5.929E-04   7.0171E-05   8.1581E-05   6.9889E-05 / 8.1210E-05   
5910   5.929E-04   6.9803E-05   8.1286E-05   6.9419E-05 / 8.0800E-05   
5920   5.929E-04   6.9481E-05   8.2078E-05   6.9040E-05 / 8.1530E-05   
5930   5.929E-04   6.9773E-05   8.2347E-05   6.9187E-05 / 8.1632E-05   
5940   5.929E-04   7.0259E-05   8.3255E-05   6.9877E-05 / 8.2771E-05   
5950   5.929E-04   7.0083E-05   7.9330E-05   6.9676E-05 / 7.8822E-05   
5960   5.929E-04   6.9528E-05   8.2283E-05   6.9095E-05 / 8.1730E-05   
5970   5.929E-04   7.0064E-05   8.2841E-05   6.9608E-05 / 8.2257E-05   
5980   5.929E-04   6.9183E-05   8.0626E-05   6.8849E-05 / 8.0204E-05   
5990   5.929E-04   6.9153E-05   8.1005E-05   6.8812E-05 / 8.0575E-05   
6000   5.929E-04   6.8770E-05   8.0716E-05   6.8259E-05 / 8.0072E-05   
6010   5.929E-04   6.8487E-05   8.2304E-05   6.8162E-05 / 8.1890E-05   
6020   5.929E-04   6.8193E-05   8.0639E-05   6.7647E-05 / 7.9975E-05   
6030   5.929E-04   6.8544E-05   8.2208E-05   6.8119E-05 / 8.1664E-05   
6040   5.929E-04   6.8620E-05   8.0699E-05   6.8058E-05 / 8.0018E-05   
6050   5.929E-04   6.9209E-05   8.0441E-05   6.8745E-05 / 7.9859E-05   
6060   5.929E-04   6.7898E-05   8.1214E-05   6.7501E-05 / 8.0722E-05   
6070   5.929E-04   7.0210E-05   8.3047E-05   6.9753E-05 / 8.2489E-05   
6080   5.929E-04   6.7942E-05   8.0253E-05   6.7546E-05 / 7.9764E-05   
6090   5.929E-04   6.7713E-05   8.1033E-05   6.7110E-05 / 8.0309E-05   
6100   5.929E-04   6.7948E-05   8.0758E-05   6.7575E-05 / 8.0290E-05   
6110   5.929E-04   6.8257E-05   7.8460E-05   6.7754E-05 / 7.7849E-05   
6120   5.929E-04   6.7855E-05   8.1461E-05   6.7379E-05 / 8.0859E-05   
6130   5.929E-04   6.7015E-05   7.8437E-05   6.6462E-05 / 7.7771E-05   
6140   5.929E-04   6.7494E-05   8.0682E-05   6.7149E-05 / 8.0244E-05   
6150   5.929E-04   6.7418E-05   8.0378E-05   6.7059E-05 / 7.9929E-05   
6160   5.929E-04   6.7301E-05   8.1433E-05   6.6867E-05 / 8.0902E-05   
6170   5.929E-04   6.7721E-05   8.1866E-05   6.7094E-05 / 8.1097E-05   
6180   5.929E-04   6.7511E-05   8.1623E-05   6.6993E-05 / 8.0995E-05   
6190   5.929E-04   6.6291E-05   7.9446E-05   6.5819E-05 / 7.8869E-05   
6200   5.929E-04   6.6617E-05   7.7593E-05   6.6148E-05 / 7.7026E-05   
6210   5.929E-04   6.8193E-05   8.1187E-05   6.7821E-05 / 8.0708E-05   
6220   5.929E-04   6.6778E-05   8.0777E-05   6.6479E-05 / 8.0401E-05   
6230   5.929E-04   6.8655E-05   7.9523E-05   6.8115E-05 / 7.8856E-05   
6240   5.929E-04   6.8286E-05   8.2559E-05   6.7928E-05 / 8.2119E-05   
6250   5.929E-04   6.6256E-05   7.9527E-05   6.5853E-05 / 7.9033E-05   
6260   5.929E-04   6.6401E-05   7.8325E-05   6.5945E-05 / 7.7774E-05   
6270   5.929E-04   6.6862E-05   7.7393E-05   6.6472E-05 / 7.6917E-05   
6280   5.929E-04   6.5481E-05   7.8043E-05   6.5018E-05 / 7.7484E-05   
6290   5.929E-04   6.5601E-05   7.6932E-05   6.5302E-05 / 7.6559E-05   
6300   5.929E-04   6.6061E-05   8.1201E-05   6.5620E-05 / 8.0652E-05   
6310   5.929E-04   6.6133E-05   7.7517E-05   6.5694E-05 / 7.6983E-05   
6320   5.929E-04   6.5286E-05   7.8067E-05   6.4877E-05 / 7.7568E-05   
6330   5.929E-04   6.5144E-05   7.6838E-05   6.4837E-05 / 7.6457E-05   
6340   5.929E-04   6.6405E-05   7.8952E-05   6.6105E-05 / 7.8579E-05   
6350   5.929E-04   6.4721E-05   7.7399E-05   6.4269E-05 / 7.6847E-05   
6360   5.929E-04   6.9044E-05   8.1748E-05   6.8845E-05 / 8.1491E-05   
6370   5.929E-04   6.5714E-05   7.7239E-05   6.5255E-05 / 7.6679E-05   
6380   5.929E-04   6.5337E-05   7.8977E-05   6.4662E-05 / 7.8173E-05   
6390   5.929E-04   6.7059E-05   8.0013E-05   6.6631E-05 / 7.9456E-05   
6400   5.929E-04   6.4677E-05   7.7895E-05   6.4306E-05 / 7.7442E-05   
6410   5.929E-04   6.5715E-05   7.9676E-05   6.5320E-05 / 7.9194E-05   
6420   5.929E-04   6.5053E-05   7.8197E-05   6.4578E-05 / 7.7617E-05   
6430   5.929E-04   6.4887E-05   7.6014E-05   6.4366E-05 / 7.5366E-05   
6440   5.929E-04   6.4522E-05   7.8694E-05   6.4129E-05 / 7.8215E-05   
6450   5.929E-04   6.4430E-05   7.9032E-05   6.3950E-05 / 7.8432E-05   
6460   5.929E-04   6.8425E-05   8.0237E-05   6.8059E-05 / 7.9781E-05   
6470   5.929E-04   6.5060E-05   8.0313E-05   6.4602E-05 / 7.9734E-05   
6480   5.929E-04   6.5107E-05   8.0053E-05   6.4755E-05 / 7.9599E-05   
6490   5.929E-04   6.5030E-05   7.9343E-05   6.4446E-05 / 7.8643E-05   
6500   5.929E-04   6.3196E-05   7.7219E-05   6.2783E-05 / 7.6711E-05   
6510   5.929E-04   6.4393E-05   7.8115E-05   6.4025E-05 / 7.7656E-05   
6520   5.929E-04   6.3783E-05   7.5797E-05   6.3408E-05 / 7.5335E-05   
6530   5.929E-04   6.3566E-05   7.6961E-05   6.3039E-05 / 7.6324E-05   
6540   5.929E-04   6.3190E-05   7.7096E-05   6.2590E-05 / 7.6377E-05   
6550   5.929E-04   6.3155E-05   7.6380E-05   6.2731E-05 / 7.5860E-05   
6560   5.929E-04   6.2680E-05   7.6732E-05   6.2363E-05 / 7.6337E-05   
6570   5.929E-04   6.4632E-05   8.1009E-05   6.4215E-05 / 8.0474E-05   
6580   5.929E-04   6.2904E-05   7.7832E-05   6.2545E-05 / 7.7391E-05   
6590   5.929E-04   6.4326E-05   7.5442E-05   6.3858E-05 / 7.4870E-05   
6600   5.929E-04   6.5436E-05   7.7557E-05   6.4903E-05 / 7.6910E-05   
6610   5.929E-04   6.2790E-05   7.8605E-05   6.2499E-05 / 7.8241E-05   
6620   5.929E-04   6.2770E-05   7.6806E-05   6.2208E-05 / 7.6114E-05   
6630   5.929E-04   6.2592E-05   7.7937E-05   6.2315E-05 / 7.7588E-05   
6640   5.929E-04   6.2596E-05   7.6744E-05   6.2056E-05 / 7.6093E-05   
6650   5.929E-04   6.2122E-05   7.5285E-05   6.1604E-05 / 7.4653E-05   
6660   5.929E-04   6.1978E-05   7.6006E-05   6.1479E-05 / 7.5397E-05   
6670   5.929E-04   6.2172E-05   7.7863E-05   6.1855E-05 / 7.7465E-05   
6680   5.929E-04   6.1951E-05   7.7152E-05   6.1595E-05 / 7.6702E-05   
6690   5.929E-04   6.1917E-05   7.6556E-05   6.1597E-05 / 7.6159E-05   
6700   5.929E-04   6.1703E-05   7.3859E-05   6.1454E-05 / 7.3545E-05   
6710   5.929E-04   6.2818E-05   7.6016E-05   6.2459E-05 / 7.5556E-05   
6720   5.929E-04   6.1715E-05   7.4829E-05   6.1296E-05 / 7.4318E-05   
6730   5.929E-04   6.2459E-05   7.5054E-05   6.2193E-05 / 7.4718E-05   
6740   5.929E-04   6.1371E-05   7.4278E-05   6.0879E-05 / 7.3679E-05   
6750   5.929E-04   6.1228E-05   7.4891E-05   6.0867E-05 / 7.4444E-05   
6760   5.929E-04   6.3263E-05   7.7102E-05   6.2908E-05 / 7.6658E-05   
6770   5.929E-04   6.1697E-05   7.4971E-05   6.1285E-05 / 7.4467E-05   
6780   5.929E-04   6.1454E-05   7.4517E-05   6.1074E-05 / 7.4027E-05   
6790   5.929E-04   6.1293E-05   7.4975E-05   6.0808E-05 / 7.4376E-05   
6800   5.929E-04   6.0652E-05   7.4889E-05   6.0094E-05 / 7.4215E-05   
6810   5.929E-04   6.0769E-05   7.5318E-05   6.0195E-05 / 7.4617E-05   
6820   5.929E-04   6.1876E-05   7.6554E-05   6.1374E-05 / 7.5943E-05   
6830   5.929E-04   6.0864E-05   7.5608E-05   6.0508E-05 / 7.5161E-05   
6840   5.929E-04   6.0273E-05   7.4681E-05   6.0004E-05 / 7.4340E-05   
6850   5.929E-04   6.1986E-05   7.7121E-05   6.1493E-05 / 7.6499E-05   
6860   5.929E-04   6.0310E-05   7.4186E-05   5.9768E-05 / 7.3532E-05   
6870   5.929E-04   6.0625E-05   7.4480E-05   6.0081E-05 / 7.3825E-05   
6880   5.929E-04   6.0263E-05   7.2877E-05   5.9788E-05 / 7.2295E-05   
6890   5.929E-04   6.0810E-05   7.5031E-05   6.0400E-05 / 7.4524E-05   
6900   5.929E-04   6.0987E-05   7.6148E-05   6.0503E-05 / 7.5547E-05   
6910   5.929E-04   5.9771E-05   7.1527E-05   5.9431E-05 / 7.1104E-05   
6920   5.929E-04   5.9766E-05   7.5672E-05   5.9171E-05 / 7.4958E-05   
6930   5.929E-04   5.9870E-05   7.2991E-05   5.9350E-05 / 7.2366E-05   
6940   5.929E-04   6.1562E-05   7.7609E-05   6.1181E-05 / 7.7140E-05   
6950   5.929E-04   6.0744E-05   7.3418E-05   6.0151E-05 / 7.2712E-05   
6960   5.929E-04   6.0195E-05   7.2796E-05   5.9813E-05 / 7.2326E-05   
6970   5.929E-04   6.0816E-05   7.5808E-05   6.0596E-05 / 7.5524E-05   
6980   5.929E-04   6.0542E-05   7.3911E-05   6.0143E-05 / 7.3415E-05   
6990   5.929E-04   5.9809E-05   7.2729E-05   5.9457E-05 / 7.2286E-05   
7000   5.929E-04   5.9355E-05   7.3724E-05   5.9038E-05 / 7.3320E-05   
7010   5.929E-04   5.9263E-05   7.2421E-05   5.8942E-05 / 7.2012E-05   
7020   5.929E-04   5.9676E-05   7.2771E-05   5.9199E-05 / 7.2195E-05   
7030   5.929E-04   5.8981E-05   7.2519E-05   5.8633E-05 / 7.2088E-05   
7040   5.929E-04   5.9688E-05   7.5199E-05   5.9433E-05 / 7.4873E-05   
7050   5.929E-04   5.8640E-05   7.2842E-05   5.8277E-05 / 7.2394E-05   
7060   5.929E-04   5.9638E-05   7.3964E-05   5.9143E-05 / 7.3368E-05   
7070   5.929E-04   6.0160E-05   7.5539E-05   5.9650E-05 / 7.4928E-05   
7080   5.929E-04   5.9312E-05   7.2296E-05   5.8959E-05 / 7.1860E-05   
7090   5.929E-04   5.9686E-05   7.2507E-05   5.9337E-05 / 7.2075E-05   
7100   5.929E-04   5.8543E-05   7.1510E-05   5.8200E-05 / 7.1084E-05   
7110   5.929E-04   5.8110E-05   7.3700E-05   5.7590E-05 / 7.3077E-05   
7120   5.929E-04   5.7773E-05   7.2011E-05   5.7474E-05 / 7.1635E-05   
7130   5.929E-04   5.9191E-05   7.4491E-05   5.8833E-05 / 7.4052E-05   
7140   5.929E-04   5.8823E-05   7.5063E-05   5.8304E-05 / 7.4426E-05   
7150   5.929E-04   5.7840E-05   7.3156E-05   5.7442E-05 / 7.2661E-05   
7160   5.929E-04   5.7456E-05   7.2389E-05   5.7016E-05 / 7.1855E-05   
7170   5.929E-04   5.8344E-05   7.1770E-05   5.7971E-05 / 7.1292E-05   
7180   5.929E-04   5.7847E-05   7.1955E-05   5.7405E-05 / 7.1423E-05   
7190   5.929E-04   5.8199E-05   7.1889E-05   5.7746E-05 / 7.1343E-05   
7200   5.929E-04   5.8114E-05   7.1993E-05   5.7894E-05 / 7.1710E-05   
7210   5.929E-04   5.8333E-05   7.1575E-05   5.8058E-05 / 7.1229E-05   
7220   5.929E-04   5.7147E-05   7.2560E-05   5.6836E-05 / 7.2168E-05   
7230   5.929E-04   5.7684E-05   6.9670E-05   5.7344E-05 / 6.9249E-05   
7240   5.929E-04   5.7573E-05   7.2051E-05   5.7251E-05 / 7.1655E-05   
7250   5.929E-04   5.7790E-05   7.1201E-05   5.7445E-05 / 7.0771E-05   
7260   5.929E-04   5.7167E-05   7.3117E-05   5.6863E-05 / 7.2739E-05   
7270   5.929E-04   5.7450E-05   7.0951E-05   5.7229E-05 / 7.0667E-05   
7280   5.929E-04   5.7309E-05   7.3149E-05   5.6879E-05 / 7.2627E-05   
7290   5.929E-04   5.7435E-05   7.2556E-05   5.7188E-05 / 7.2244E-05   
7300   5.929E-04   5.8191E-05   7.2258E-05   5.7522E-05 / 7.1483E-05   
7310   5.929E-04   5.6979E-05   7.3975E-05   5.6837E-05 / 7.3787E-05   
7320   5.929E-04   5.7302E-05   7.4283E-05   5.6729E-05 / 7.3616E-05   
7330   5.929E-04   5.7158E-05   7.1998E-05   5.6656E-05 / 7.1410E-05   
7340   5.929E-04   5.7933E-05   7.0662E-05   5.7421E-05 / 7.0064E-05   
7350   5.929E-04   5.8941E-05   7.2886E-05   5.8618E-05 / 7.2470E-05   
7360   5.929E-04   5.6167E-05   7.1893E-05   5.5768E-05 / 7.1403E-05   
7370   5.929E-04   5.7871E-05   7.4825E-05   5.7472E-05 / 7.4345E-05   
7380   5.929E-04   5.7019E-05   7.5147E-05   5.6562E-05 / 7.4592E-05   
7390   5.929E-04   5.6268E-05   7.0935E-05   5.5956E-05 / 7.0552E-05   
7400   5.929E-04   5.6067E-05   7.1074E-05   5.5662E-05 / 7.0594E-05   
7410   5.929E-04   5.7183E-05   7.1820E-05   5.6841E-05 / 7.1375E-05   
7420   5.929E-04   5.5849E-05   7.0164E-05   5.5430E-05 / 6.9670E-05   
7430   5.929E-04   5.5761E-05   7.0022E-05   5.5475E-05 / 6.9670E-05   
7440   5.929E-04   5.6258E-05   7.0512E-05   5.5952E-05 / 7.0131E-05   
7450   5.929E-04   5.7388E-05   6.9792E-05   5.7023E-05 / 6.9313E-05   
7460   5.929E-04   5.6456E-05   6.9477E-05   5.6164E-05 / 6.9111E-05   
7470   5.929E-04   5.6877E-05   6.9461E-05   5.6653E-05 / 6.9181E-05   
7480   5.929E-04   5.5259E-05   6.9754E-05   5.4943E-05 / 6.9373E-05   
7490   5.929E-04   5.5314E-05   7.0607E-05   5.5078E-05 / 7.0312E-05   
7500   5.929E-04   5.6261E-05   6.7461E-05   5.5777E-05 / 6.6894E-05   
7510   5.929E-04   5.5029E-05   6.8616E-05   5.4712E-05 / 6.8229E-05   
7520   5.929E-04   5.5349E-05   6.9329E-05   5.5022E-05 / 6.8934E-05   
7530   5.929E-04   5.5675E-05   7.1151E-05   5.5377E-05 / 7.0772E-05   
7540   5.929E-04   5.5773E-05   6.8996E-05   5.5371E-05 / 6.8520E-05   
7550   5.929E-04   5.4878E-05   7.0358E-05   5.4549E-05 / 6.9951E-05   
7560   5.929E-04   5.4748E-05   6.9888E-05   5.4380E-05 / 6.9448E-05   
7570   5.929E-04   5.4980E-05   7.0249E-05   5.4603E-05 / 6.9795E-05   
7580   5.929E-04   5.4645E-05   6.8154E-05   5.4285E-05 / 6.7728E-05   
7590   5.929E-04   5.4725E-05   6.8428E-05   5.4417E-05 / 6.8059E-05   
7600   5.929E-04   5.4311E-05   6.8189E-05   5.3967E-05 / 6.7780E-05   
7610   5.929E-04   5.5476E-05   7.1765E-05   5.5089E-05 / 7.1314E-05   
7620   5.929E-04   5.4605E-05   6.8290E-05   5.4339E-05 / 6.7970E-05   
7630   5.929E-04   5.6364E-05   7.4977E-05   5.6113E-05 / 7.4669E-05   
7640   5.929E-04   5.4655E-05   6.9809E-05   5.4379E-05 / 6.9478E-05   
7650   5.929E-04   5.4237E-05   6.8684E-05   5.3859E-05 / 6.8242E-05   
7660   5.929E-04   5.3909E-05   6.8966E-05   5.3608E-05 / 6.8605E-05   
7670   5.929E-04   5.5347E-05   7.2750E-05   5.4835E-05 / 7.2170E-05   
7680   5.929E-04   5.3809E-05   6.8200E-05   5.3455E-05 / 6.7784E-05   
7690   5.929E-04   5.3606E-05   6.8696E-05   5.3371E-05 / 6.8411E-05   
7700   5.929E-04   5.5395E-05   7.1595E-05   5.5007E-05 / 7.1093E-05   
7710   5.929E-04   5.3744E-05   7.1109E-05   5.3375E-05 / 7.0680E-05   
7720   5.929E-04   5.4916E-05   6.7968E-05   5.4580E-05 / 6.7560E-05   
7730   5.929E-04   5.3836E-05   6.8524E-05   5.3346E-05 / 6.7969E-05   
7740   5.929E-04   5.3650E-05   7.0525E-05   5.3381E-05 / 7.0201E-05   
7750   5.929E-04   5.4178E-05   6.8218E-05   5.3880E-05 / 6.7870E-05   
7760   5.929E-04   5.4752E-05   6.9644E-05   5.4439E-05 / 6.9280E-05   
7770   5.929E-04   5.3169E-05   6.7488E-05   5.2939E-05 / 6.7215E-05   
7780   5.929E-04   5.2948E-05   6.7984E-05   5.2553E-05 / 6.7534E-05   
7790   5.929E-04   5.4271E-05   7.0891E-05   5.3935E-05 / 7.0483E-05   
7800   5.929E-04   5.4656E-05   6.9462E-05   5.4283E-05 / 6.9038E-05   
7810   5.929E-04   5.6227E-05   7.0416E-05   5.5942E-05 / 7.0071E-05   
7820   5.929E-04   5.3389E-05   6.8091E-05   5.3134E-05 / 6.7793E-05   
7830   5.929E-04   5.3436E-05   6.7242E-05   5.2967E-05 / 6.6718E-05   
7840   5.929E-04   5.3665E-05   7.1804E-05   5.3296E-05 / 7.1380E-05   
7850   5.929E-04   5.2920E-05   6.9515E-05   5.2687E-05 / 6.9229E-05   
7860   5.929E-04   5.3975E-05   7.0214E-05   5.3764E-05 / 6.9949E-05   
7870   5.929E-04   5.3757E-05   7.0238E-05   5.3569E-05 / 7.0017E-05   
7880   5.929E-04   5.6451E-05   7.1146E-05   5.5977E-05 / 7.0562E-05   
7890   5.929E-04   5.2551E-05   6.9615E-05   5.2169E-05 / 6.9178E-05   
7900   5.929E-04   5.3180E-05   6.9057E-05   5.2770E-05 / 6.8598E-05   
7910   5.929E-04   5.2615E-05   6.8296E-05   5.2215E-05 / 6.7846E-05   
7920   5.929E-04   5.3318E-05   6.7145E-05   5.3167E-05 / 6.6967E-05   
7930   5.929E-04   5.2525E-05   6.6355E-05   5.1981E-05 / 6.5765E-05   
7940   5.929E-04   5.3923E-05   6.9229E-05   5.3580E-05 / 6.8844E-05   
7950   5.929E-04   5.2620E-05   6.7057E-05   5.2297E-05 / 6.6695E-05   
7960   5.929E-04   5.2440E-05   6.6440E-05   5.2033E-05 / 6.5991E-05   
7970   5.929E-04   5.2863E-05   6.8768E-05   5.2393E-05 / 6.8257E-05   
7980   5.929E-04   5.2025E-05   6.6703E-05   5.1748E-05 / 6.6388E-05   
7990   5.929E-04   5.1566E-05   6.7388E-05   5.1308E-05 / 6.7097E-05   
8000   5.929E-04   5.2228E-05   6.5794E-05   5.1819E-05 / 6.5346E-05   
===============================================================================================================
Saved model to /home/nikki/kan/kanTBNN/models/multi_run/kan_experiment_28_opt/kanTBNN-24Nov04_21:54:01.pickle
