========== Dataset info ==========
Dataset params: {'file': '/home/nikhila/WDC/kan/dataset/turbulence_dataset_clean.csv', 'Cases': ['squareDuctAve_Re_1100', 'squareDuctAve_Re_1150', 'squareDuctAve_Re_1250', 'squareDuctAve_Re_1300', 'squareDuctAve_Re_1350', 'squareDuctAve_Re_1400', 'squareDuctAve_Re_1500', 'squareDuctAve_Re_1600', 'squareDuctAve_Re_1800', 'squareDuctAve_Re_2000', 'squareDuctAve_Re_2205', 'squareDuctAve_Re_2400', 'squareDuctAve_Re_2600', 'squareDuctAve_Re_2900', 'squareDuctAve_Re_3200', 'squareDuctAve_Re_3500'], 'val_set': ['squareDuctAve_Re_1300', 'squareDuctAve_Re_1800', 'squareDuctAve_Re_3200'], 'test_set': ['squareDuctAve_Re_2000'], 'data_loader': <class 'tbnn.dataloaders.aDataset'>}
Train/Valid/Test points: 110592 / 27648 / 9216
Memorization?: False
Cluster training?: False
EPOCH     LR        TRAIN         VALID             MSE:T/V                  RL:T/V             %NR_t/%NR_v
===============================================================================================================
  1   4.835E-04   2.1289E-03   2.1148E-03   2.1114E-03 / 2.1041E-03   
 10   4.835E-04   6.4595E-04   7.5257E-04   6.4554E-04 / 7.5247E-04   
 20   4.835E-04   4.6511E-04   5.9120E-04   4.6370E-04 / 5.8385E-04   
 30   4.835E-04   4.2712E-04   5.6028E-04   4.2626E-04 / 5.5293E-04   
 40   4.835E-04   3.8815E-04   5.2021E-04   3.8694E-04 / 5.1096E-04   
 50   4.835E-04   4.0013E-04   5.6821E-04   3.9959E-04 / 5.5733E-04   
 60   4.835E-04   3.9290E-04   6.0144E-04   3.9153E-04 / 5.6881E-04   
 70   4.835E-04   3.6910E-04   5.0504E-04   3.6827E-04 / 4.9450E-04   
 80   4.835E-04   3.8080E-04   5.3905E-04   3.7580E-04 / 5.2429E-04   
 90   4.835E-04   3.5648E-04   5.5231E-04   3.5572E-04 / 5.3259E-04   
100   4.835E-04   3.4983E-04   5.3550E-04   3.4945E-04 / 5.2463E-04   
110   4.835E-04   3.6545E-04   5.8525E-04   3.6504E-04 / 5.5370E-04   
120   4.835E-04   3.3454E-04   5.2890E-04   3.3389E-04 / 5.0630E-04   
130   4.835E-04   3.7440E-04   5.4537E-04   3.7435E-04 / 5.4046E-04   
140   4.835E-04   3.3502E-04   5.2421E-04   3.3487E-04 / 5.0933E-04   
150   4.835E-04   3.3212E-04   5.2100E-04   3.3178E-04 / 5.0853E-04   
160   4.835E-04   3.3447E-04   5.0591E-04   3.3395E-04 / 4.8580E-04   
170   4.835E-04   3.5701E-04   5.4296E-04   3.4558E-04 / 5.0740E-04   
180   4.835E-04   3.3844E-04   5.0285E-04   3.3775E-04 / 4.9393E-04   
190   4.835E-04   3.3287E-04   5.2181E-04   3.3222E-04 / 4.9583E-04   
200   4.835E-04   3.3503E-04   5.3738E-04   3.3463E-04 / 5.2401E-04   
210   4.835E-04   3.2940E-04   5.0730E-04   3.2885E-04 / 4.9760E-04   
220   4.835E-04   3.2638E-04   5.1298E-04   3.2620E-04 / 4.9165E-04   
230   4.835E-04   3.3830E-04   5.5686E-04   3.3826E-04 / 5.2697E-04   
240   4.835E-04   3.2606E-04   5.2719E-04   3.2581E-04 / 5.1299E-04   
250   4.835E-04   4.8257E-04   5.7099E-04   4.8246E-04 / 5.6443E-04   
260   4.835E-04   3.2435E-04   5.0513E-04   3.2420E-04 / 4.8723E-04   
270   4.835E-04   3.2421E-04   5.3190E-04   3.2397E-04 / 5.0644E-04   
280   4.835E-04   3.4123E-04   5.3655E-04   3.4088E-04 / 5.2027E-04   
290   4.835E-04   3.4953E-04   5.7614E-04   3.4834E-04 / 5.4671E-04   
300   4.835E-04   3.2990E-04   5.0803E-04   3.2958E-04 / 4.9486E-04   
310   4.835E-04   3.2403E-04   5.1158E-04   3.2394E-04 / 4.8857E-04   
320   4.835E-04   3.3243E-04   5.1736E-04   3.3147E-04 / 4.9380E-04   
330   4.835E-04   3.4455E-04   5.3404E-04   3.4439E-04 / 5.1547E-04   
340   4.835E-04   3.2031E-04   5.2772E-04   3.1981E-04 / 5.0351E-04   
350   4.835E-04   3.2681E-04   5.2537E-04   3.2679E-04 / 5.1891E-04   
360   4.835E-04   3.2187E-04   5.3228E-04   3.2174E-04 / 5.2569E-04   
370   4.835E-04   3.4958E-04   5.6491E-04   3.4935E-04 / 5.3555E-04   
380   4.835E-04   3.2002E-04   5.4232E-04   3.1969E-04 / 5.1525E-04   
390   4.835E-04   3.2124E-04   5.9857E-04   3.2110E-04 / 5.1989E-04   
400   4.835E-04   3.2774E-04   7.4044E-04   3.2740E-04 / 4.9995E-04   
410   4.835E-04   3.2582E-04   5.1090E-04   3.2558E-04 / 4.9865E-04   
420   4.835E-04   3.9067E-04   5.2535E-04   3.8843E-04 / 5.1921E-04   
430   4.835E-04   3.2443E-04   5.1608E-04   3.2428E-04 / 5.0430E-04   
440   4.835E-04   3.4605E-04   5.6076E-04   3.4525E-04 / 5.3075E-04   
450   4.835E-04   3.3496E-04   5.3896E-04   3.3288E-04 / 4.9646E-04   
BEST MODEL
===============================================================================================================
188   4.835E-04   3.3208E-04   4.8397E-04   3.3191E-04 / 4.7391E-04   
===============================================================================================================
Saved model to /home/nikhila/WDC/kan/kanTBNN/models/multi_run/kan_experiment_28_opt/kanTBNN-25Jan26_02:33:53.pickle
