========== Dataset info ==========
Dataset params: {'file': '/home/nikki/kan/data/turbulence_dataset_clean.csv', 'Cases': ['fp_1000', 'fp_1410', 'fp_2000', 'fp_2540', 'fp_3030', 'fp_3270', 'fp_3630', 'fp_3970', 'fp_4060'], 'val_set': ['fp_3030', 'fp_1410', 'fp_4060'], 'test_set': ['fp_3630'], 'data_loader': <class 'tbnn.dataloaders.aDataset'>}
Train/Valid/Test points: 760 / 468 / 168
Memorization?: False
Cluster training?: False
EPOCH     LR        TRAIN         VALID             MSE:T/V                  RL:T/V             %NR_t/%NR_v
===============================================================================================================
  1   3.404E-03   1.6894E-01   1.6735E-01   1.6894E-01 / 1.6735E-01   
 10   3.404E-03   7.0374E-03   6.7215E-03   7.0348E-03 / 6.7188E-03   
 20   3.404E-03   3.5913E-03   3.4683E-03   3.5903E-03 / 3.4672E-03   
 30   3.404E-03   2.5079E-03   2.4098E-03   2.5079E-03 / 2.4098E-03   
 40   3.404E-03   2.0671E-03   1.9823E-03   2.0656E-03 / 1.9808E-03   
 50   3.404E-03   1.8155E-03   1.7397E-03   1.8143E-03 / 1.7385E-03   
 60   3.404E-03   1.6400E-03   1.5732E-03   1.6395E-03 / 1.5726E-03   
 70   3.404E-03   1.5190E-03   1.4619E-03   1.5166E-03 / 1.4595E-03   
 80   3.404E-03   1.4325E-03   1.3790E-03   1.4286E-03 / 1.3753E-03   
 90   3.404E-03   1.3641E-03   1.3163E-03   1.3598E-03 / 1.3120E-03   
100   3.404E-03   1.3052E-03   1.2588E-03   1.3010E-03 / 1.2546E-03   
110   3.404E-03   1.2555E-03   1.2144E-03   1.2506E-03 / 1.2097E-03   
120   3.404E-03   1.2070E-03   1.1664E-03   1.2016E-03 / 1.1611E-03   
130   3.404E-03   1.1606E-03   1.1213E-03   1.1565E-03 / 1.1172E-03   
140   3.404E-03   1.1148E-03   1.0763E-03   1.1113E-03 / 1.0729E-03   
150   3.404E-03   1.0668E-03   1.0322E-03   1.0637E-03 / 1.0292E-03   
160   3.404E-03   1.0187E-03   9.8675E-04   1.0161E-03 / 9.8420E-04   
170   3.404E-03   9.7075E-04   9.4110E-04   9.6809E-04 / 9.3853E-04   
180   3.404E-03   9.2328E-04   8.9560E-04   9.2101E-04 / 8.9340E-04   
190   3.404E-03   8.7259E-04   8.4759E-04   8.7061E-04 / 8.4567E-04   
200   3.404E-03   8.2289E-04   8.0146E-04   8.2141E-04 / 8.0005E-04   
210   3.404E-03   7.7521E-04   7.5589E-04   7.7364E-04 / 7.5438E-04   
220   3.404E-03   7.2693E-04   7.0942E-04   7.2544E-04 / 7.0799E-04   
230   3.404E-03   6.8025E-04   6.6438E-04   6.7895E-04 / 6.6316E-04   
240   3.404E-03   6.3581E-04   6.2212E-04   6.3480E-04 / 6.2120E-04   
250   3.404E-03   5.9373E-04   5.8125E-04   5.9292E-04 / 5.8048E-04   
260   3.404E-03   5.5338E-04   5.4329E-04   5.5280E-04 / 5.4274E-04   
270   3.404E-03   5.4408E-04   5.3599E-04   5.4356E-04 / 5.3553E-04   
280   3.404E-03   4.9230E-04   4.8432E-04   4.9178E-04 / 4.8384E-04   
290   3.404E-03   4.6418E-04   4.5755E-04   4.6388E-04 / 4.5726E-04   
300   3.404E-03   4.5029E-04   4.4601E-04   4.4962E-04 / 4.4545E-04   
310   3.404E-03   4.2454E-04   4.2129E-04   4.2414E-04 / 4.2094E-04   
320   3.404E-03   4.0548E-04   3.9823E-04   4.0516E-04 / 3.9801E-04   
330   3.404E-03   3.8845E-04   3.8202E-04   3.8798E-04 / 3.8168E-04   
340   3.404E-03   3.5837E-04   3.5707E-04   3.5814E-04 / 3.5685E-04   
350   3.404E-03   3.4545E-04   3.4493E-04   3.4476E-04 / 3.4463E-04   
360   3.404E-03   3.4739E-04   3.4950E-04   3.4369E-04 / 3.4592E-04   
370   3.404E-03   3.1892E-04   3.2478E-04   3.1871E-04 / 3.2463E-04   
380   3.404E-03   3.2605E-04   3.2412E-04   3.2577E-04 / 3.2397E-04   
390   3.404E-03   3.0556E-04   3.0364E-04   3.0535E-04 / 3.0347E-04   
400   3.404E-03   2.9005E-04   2.9688E-04   2.8928E-04 / 2.9598E-04   
410   3.404E-03   2.7866E-04   2.8018E-04   2.7770E-04 / 2.7986E-04   
420   3.404E-03   2.8104E-04   2.8336E-04   2.8054E-04 / 2.8317E-04   
430   3.404E-03   2.6152E-04   2.6705E-04   2.6111E-04 / 2.6665E-04   
440   3.404E-03   3.8332E-04   3.7175E-04   3.8306E-04 / 3.7150E-04   
450   3.404E-03   2.5304E-04   2.5868E-04   2.5271E-04 / 2.5843E-04   
460   3.404E-03   2.4251E-04   2.4923E-04   2.4219E-04 / 2.4894E-04   
470   3.404E-03   2.3695E-04   2.4246E-04   2.3668E-04 / 2.4221E-04   
480   3.404E-03   2.3390E-04   2.3865E-04   2.3355E-04 / 2.3834E-04   
490   3.404E-03   2.3999E-04   2.4516E-04   2.3978E-04 / 2.4498E-04   
500   3.404E-03   2.2152E-04   2.3267E-04   2.2123E-04 / 2.3244E-04   
510   3.404E-03   2.2209E-04   2.2918E-04   2.2113E-04 / 2.2856E-04   
520   3.404E-03   2.1701E-04   2.3037E-04   2.1674E-04 / 2.3017E-04   
530   3.404E-03   2.0680E-04   2.1542E-04   2.0655E-04 / 2.1523E-04   
540   3.404E-03   2.0886E-04   2.2232E-04   2.0760E-04 / 2.2166E-04   
550   3.404E-03   2.0748E-04   2.2200E-04   2.0729E-04 / 2.2185E-04   
560   3.404E-03   1.9641E-04   2.0926E-04   1.9608E-04 / 2.0893E-04   
570   3.404E-03   2.0956E-04   2.2245E-04   2.0859E-04 / 2.2181E-04   
580   3.404E-03   1.8963E-04   2.0477E-04   1.8936E-04 / 2.0450E-04   
590   3.404E-03   2.0712E-04   2.1994E-04   2.0684E-04 / 2.1968E-04   
600   3.404E-03   1.8778E-04   1.9856E-04   1.8750E-04 / 1.9830E-04   
610   3.404E-03   1.8706E-04   1.9576E-04   1.8675E-04 / 1.9566E-04   
620   3.404E-03   1.7858E-04   1.9083E-04   1.7844E-04 / 1.9070E-04   
630   3.404E-03   1.8157E-04   1.9914E-04   1.8109E-04 / 1.9883E-04   
640   3.404E-03   1.9548E-04   2.0897E-04   1.8764E-04 / 2.0220E-04   
650   3.404E-03   2.1592E-04   2.1881E-04   2.1587E-04 / 2.1878E-04   
660   3.404E-03   1.7449E-04   1.9619E-04   1.7419E-04 / 1.9599E-04   
670   3.404E-03   1.7118E-04   1.8755E-04   1.7079E-04 / 1.8717E-04   
680   3.404E-03   1.9399E-04   2.0285E-04   1.9368E-04 / 2.0260E-04   
690   3.404E-03   1.6991E-04   1.8230E-04   1.6977E-04 / 1.8220E-04   
700   3.404E-03   1.6875E-04   1.7823E-04   1.6858E-04 / 1.7814E-04   
710   3.404E-03   1.6804E-04   1.8137E-04   1.6637E-04 / 1.8066E-04   
720   3.404E-03   1.6027E-04   1.7263E-04   1.5997E-04 / 1.7247E-04   
730   3.404E-03   1.6234E-04   1.7392E-04   1.6195E-04 / 1.7373E-04   
740   3.404E-03   1.5755E-04   1.7166E-04   1.5743E-04 / 1.7159E-04   
750   3.404E-03   1.5392E-04   1.6710E-04   1.5362E-04 / 1.6694E-04   
760   3.404E-03   2.1864E-04   2.3692E-04   2.1407E-04 / 2.3484E-04   
770   3.404E-03   1.5322E-04   1.6721E-04   1.5291E-04 / 1.6693E-04   
780   3.404E-03   2.2387E-04   2.3347E-04   2.1658E-04 / 2.2912E-04   
790   3.404E-03   1.6698E-04   1.7659E-04   1.6568E-04 / 1.7641E-04   
800   3.404E-03   1.5328E-04   1.7054E-04   1.5317E-04 / 1.7045E-04   
810   3.404E-03   1.4747E-04   1.6081E-04   1.4714E-04 / 1.6068E-04   
820   3.404E-03   1.5357E-04   1.6401E-04   1.5344E-04 / 1.6392E-04   
830   3.404E-03   1.4817E-04   1.6274E-04   1.4783E-04 / 1.6259E-04   
840   3.404E-03   1.5009E-04   1.6046E-04   1.4996E-04 / 1.6033E-04   
850   3.404E-03   1.5211E-04   1.6363E-04   1.4984E-04 / 1.6127E-04   
860   3.404E-03   3.5681E-04   3.5829E-04   3.5677E-04 / 3.5829E-04   
870   3.404E-03   1.4046E-04   1.5414E-04   1.4029E-04 / 1.5398E-04   
880   3.404E-03   1.4215E-04   1.5567E-04   1.4184E-04 / 1.5543E-04   
890   3.404E-03   1.4104E-04   1.5548E-04   1.4056E-04 / 1.5532E-04   
900   3.404E-03   1.3788E-04   1.5023E-04   1.3760E-04 / 1.5007E-04   
910   3.404E-03   1.5926E-04   1.8355E-04   1.5899E-04 / 1.8341E-04   
920   3.404E-03   1.4281E-04   1.5900E-04   1.4260E-04 / 1.5881E-04   
930   3.404E-03   1.4192E-04   1.5668E-04   1.4135E-04 / 1.5646E-04   
940   3.404E-03   1.3991E-04   1.4905E-04   1.3965E-04 / 1.4887E-04   
950   3.404E-03   1.3679E-04   1.5133E-04   1.3650E-04 / 1.5117E-04   
960   3.404E-03   1.4135E-04   1.5170E-04   1.4096E-04 / 1.5153E-04   
970   3.404E-03   1.3811E-04   1.4939E-04   1.3730E-04 / 1.4883E-04   
980   3.404E-03   1.6402E-04   1.6814E-04   1.6185E-04 / 1.6594E-04   
990   3.404E-03   1.3397E-04   1.4426E-04   1.3366E-04 / 1.4410E-04   
1000   3.404E-03   1.3777E-04   1.4959E-04   1.3729E-04 / 1.4902E-04   
1010   3.404E-03   1.4952E-04   1.6635E-04   1.4467E-04 / 1.6106E-04   
1020   3.404E-03   1.7007E-04   1.7734E-04   1.6893E-04 / 1.7714E-04   
1030   3.404E-03   1.3472E-04   1.4549E-04   1.3454E-04 / 1.4534E-04   
1040   3.404E-03   1.3416E-04   1.4642E-04   1.3387E-04 / 1.4625E-04   
1050   3.404E-03   1.3207E-04   1.4412E-04   1.3180E-04 / 1.4397E-04   
1060   3.404E-03   1.6666E-04   1.8005E-04   1.6648E-04 / 1.7981E-04   
1070   3.404E-03   1.3631E-04   1.4603E-04   1.3570E-04 / 1.4543E-04   
1080   3.404E-03   1.2710E-04   1.3891E-04   1.2697E-04 / 1.3879E-04   
1090   3.404E-03   1.2635E-04   1.3585E-04   1.2611E-04 / 1.3564E-04   
1100   3.404E-03   1.4006E-04   1.5851E-04   1.3980E-04 / 1.5828E-04   
1110   3.404E-03   2.4578E-04   2.4976E-04   2.4549E-04 / 2.4951E-04   
1120   3.404E-03   1.6745E-04   1.7751E-04   1.6640E-04 / 1.7676E-04   
1130   3.404E-03   1.2375E-04   1.3456E-04   1.2353E-04 / 1.3436E-04   
1140   3.404E-03   1.2412E-04   1.3475E-04   1.2396E-04 / 1.3461E-04   
1150   3.404E-03   1.2454E-04   1.3627E-04   1.2393E-04 / 1.3581E-04   
1160   3.404E-03   1.2146E-04   1.3263E-04   1.2129E-04 / 1.3249E-04   
1170   3.404E-03   1.2193E-04   1.3633E-04   1.2145E-04 / 1.3613E-04   
1180   3.404E-03   1.3349E-04   1.4147E-04   1.3328E-04 / 1.4129E-04   
1190   3.404E-03   1.3091E-04   1.3644E-04   1.3069E-04 / 1.3635E-04   
1200   3.404E-03   1.2278E-04   1.3518E-04   1.2239E-04 / 1.3480E-04   
1210   3.404E-03   1.2065E-04   1.3129E-04   1.2048E-04 / 1.3116E-04   
1220   3.404E-03   1.1873E-04   1.2982E-04   1.1856E-04 / 1.2971E-04   
1230   3.404E-03   1.3257E-04   1.4364E-04   1.2943E-04 / 1.4033E-04   
1240   3.404E-03   1.1848E-04   1.2831E-04   1.1828E-04 / 1.2817E-04   
1250   3.404E-03   1.2127E-04   1.3457E-04   1.2094E-04 / 1.3425E-04   
1260   3.404E-03   1.4112E-04   1.5028E-04   1.4104E-04 / 1.5022E-04   
1270   3.404E-03   1.1635E-04   1.2929E-04   1.1620E-04 / 1.2919E-04   
1280   3.404E-03   1.5114E-04   1.6296E-04   1.4717E-04 / 1.5906E-04   
1290   3.404E-03   1.2436E-04   1.3279E-04   1.2416E-04 / 1.3262E-04   
1300   3.404E-03   1.2292E-04   1.3405E-04   1.2152E-04 / 1.3223E-04   
1310   3.404E-03   1.1518E-04   1.2471E-04   1.1498E-04 / 1.2454E-04   
1320   3.404E-03   1.2476E-04   1.3645E-04   1.2374E-04 / 1.3548E-04   
1330   3.404E-03   1.1951E-04   1.2956E-04   1.1900E-04 / 1.2929E-04   
1340   3.404E-03   1.1675E-04   1.2739E-04   1.1652E-04 / 1.2719E-04   
1350   3.404E-03   1.1504E-04   1.2609E-04   1.1490E-04 / 1.2596E-04   
1360   3.404E-03   1.2149E-04   1.3019E-04   1.2135E-04 / 1.3005E-04   
1370   3.404E-03   1.3084E-04   1.3676E-04   1.3053E-04 / 1.3658E-04   
1380   3.404E-03   1.1908E-04   1.3115E-04   1.1738E-04 / 1.2951E-04   
1390   3.404E-03   1.1761E-04   1.2957E-04   1.1731E-04 / 1.2919E-04   
1400   3.404E-03   1.1541E-04   1.2653E-04   1.1505E-04 / 1.2622E-04   
1410   3.404E-03   1.1261E-04   1.2521E-04   1.1207E-04 / 1.2479E-04   
1420   3.404E-03   1.2141E-04   1.3184E-04   1.1977E-04 / 1.3019E-04   
1430   3.404E-03   1.1516E-04   1.2910E-04   1.1494E-04 / 1.2882E-04   
1440   3.404E-03   1.2131E-04   1.3421E-04   1.2066E-04 / 1.3385E-04   
1450   3.404E-03   4.7527E-04   5.5837E-04   3.4812E-04 / 3.7807E-04   
1460   3.404E-03   1.2483E-04   1.2627E-04   1.2442E-04 / 1.2586E-04   
1470   3.404E-03   1.3361E-04   1.3620E-04   1.3264E-04 / 1.3567E-04   
1480   3.404E-03   1.1222E-04   1.2290E-04   1.1191E-04 / 1.2253E-04   
1490   3.404E-03   1.1059E-04   1.2147E-04   1.1033E-04 / 1.2113E-04   
1500   3.404E-03   1.1053E-04   1.2071E-04   1.1029E-04 / 1.2038E-04   
1510   3.404E-03   1.1156E-04   1.2083E-04   1.1128E-04 / 1.2048E-04   
1520   3.404E-03   1.1007E-04   1.2185E-04   1.0983E-04 / 1.2152E-04   
1530   3.404E-03   1.0817E-04   1.2056E-04   1.0794E-04 / 1.2025E-04   
1540   3.404E-03   1.0949E-04   1.2041E-04   1.0925E-04 / 1.2008E-04   
1550   3.404E-03   1.1229E-04   1.2240E-04   1.1197E-04 / 1.2201E-04   
1560   3.404E-03   1.3438E-04   1.4401E-04   1.3084E-04 / 1.4183E-04   
1570   3.404E-03   1.0713E-04   1.1985E-04   1.0685E-04 / 1.1948E-04   
1580   3.404E-03   1.0780E-04   1.2196E-04   1.0751E-04 / 1.2157E-04   
1590   3.404E-03   1.0779E-04   1.1820E-04   1.0752E-04 / 1.1788E-04   
1600   3.404E-03   1.1146E-04   1.2736E-04   1.1126E-04 / 1.2709E-04   
1610   3.404E-03   1.0868E-04   1.2442E-04   1.0804E-04 / 1.2401E-04   
1620   3.404E-03   1.9973E-04   2.1634E-04   1.8664E-04 / 2.0445E-04   
1630   3.404E-03   1.2322E-04   1.3817E-04   1.2284E-04 / 1.3786E-04   
1640   3.404E-03   1.2071E-04   1.3568E-04   1.2039E-04 / 1.3527E-04   
1650   3.404E-03   1.0617E-04   1.1758E-04   1.0571E-04 / 1.1717E-04   
1660   3.404E-03   1.0446E-04   1.1575E-04   1.0425E-04 / 1.1549E-04   
1670   3.404E-03   1.0501E-04   1.1791E-04   1.0464E-04 / 1.1759E-04   
1680   3.404E-03   1.1285E-04   1.2643E-04   1.1174E-04 / 1.2593E-04   
1690   3.404E-03   1.0618E-04   1.1935E-04   1.0574E-04 / 1.1897E-04   
1700   3.404E-03   1.2678E-04   1.3933E-04   1.2366E-04 / 1.3693E-04   
1710   3.404E-03   1.0283E-04   1.1664E-04   1.0259E-04 / 1.1638E-04   
1720   3.404E-03   1.0675E-04   1.1903E-04   1.0639E-04 / 1.1871E-04   
1730   3.404E-03   1.4480E-04   1.5142E-04   1.2974E-04 / 1.3661E-04   
1740   3.404E-03   1.1407E-04   1.2474E-04   1.1380E-04 / 1.2447E-04   
1750   3.404E-03   1.2362E-04   1.3863E-04   1.2205E-04 / 1.3745E-04   
1760   3.404E-03   1.7737E-04   1.8529E-04   1.7190E-04 / 1.7977E-04   
1770   3.404E-03   1.0408E-04   1.1553E-04   1.0391E-04 / 1.1535E-04   
1780   3.404E-03   1.0228E-04   1.1543E-04   1.0207E-04 / 1.1515E-04   
1790   3.404E-03   1.0314E-04   1.1851E-04   1.0296E-04 / 1.1828E-04   
1800   3.404E-03   1.0225E-04   1.1754E-04   1.0204E-04 / 1.1729E-04   
1810   3.404E-03   1.0437E-04   1.1922E-04   1.0422E-04 / 1.1902E-04   
1820   3.404E-03   1.0690E-04   1.2216E-04   1.0670E-04 / 1.2192E-04   
1830   3.404E-03   1.0515E-04   1.1992E-04   1.0485E-04 / 1.1970E-04   
1840   3.404E-03   1.9371E-04   2.0039E-04   1.9306E-04 / 1.9979E-04   
1850   3.404E-03   1.0051E-04   1.1357E-04   1.0038E-04 / 1.1340E-04   
1860   3.404E-03   1.0181E-04   1.1596E-04   1.0160E-04 / 1.1571E-04   
1870   3.404E-03   1.0088E-04   1.1372E-04   1.0070E-04 / 1.1350E-04   
1880   3.404E-03   9.9885E-05   1.1368E-04   9.9743E-05 / 1.1351E-04   
1890   3.404E-03   1.0098E-04   1.1575E-04   1.0049E-04 / 1.1527E-04   
1900   3.404E-03   1.0020E-04   1.1591E-04   1.0003E-04 / 1.1573E-04   
1910   3.404E-03   9.9875E-05   1.1304E-04   9.9771E-05 / 1.1291E-04   
1920   3.404E-03   1.0114E-04   1.2088E-04   1.0098E-04 / 1.2068E-04   
1930   3.404E-03   9.9251E-05   1.1635E-04   9.9141E-05 / 1.1624E-04   
1940   3.404E-03   1.0120E-04   1.1628E-04   1.0093E-04 / 1.1576E-04   
1950   3.404E-03   2.5390E-04   2.4176E-04   2.5333E-04 / 2.4103E-04   
1960   3.404E-03   1.0104E-04   1.1370E-04   1.0082E-04 / 1.1356E-04   
1970   3.404E-03   9.6815E-05   1.0938E-04   9.6692E-05 / 1.0931E-04   
1980   3.404E-03   9.5906E-05   1.0952E-04   9.5824E-05 / 1.0942E-04   
1990   3.404E-03   9.6357E-05   1.1088E-04   9.6218E-05 / 1.1084E-04   
2000   3.404E-03   1.0180E-04   1.2043E-04   1.0175E-04 / 1.2041E-04   
2010   3.404E-03   9.7760E-05   1.1283E-04   9.7699E-05 / 1.1279E-04   
2020   3.404E-03   1.5801E-04   1.7949E-04   1.5792E-04 / 1.7946E-04   
2030   3.404E-03   1.0367E-04   1.1971E-04   1.0342E-04 / 1.1950E-04   
2040   3.404E-03   9.4169E-05   1.1018E-04   9.4117E-05 / 1.1012E-04   
2050   3.404E-03   1.0518E-04   1.1655E-04   1.0484E-04 / 1.1643E-04   
2060   3.404E-03   9.4295E-05   1.0896E-04   9.3881E-05 / 1.0863E-04   
2070   3.404E-03   1.1245E-04   1.2849E-04   1.1245E-04 / 1.2849E-04   
2080   3.404E-03   9.8089E-05   1.0926E-04   9.8062E-05 / 1.0925E-04   
2090   3.404E-03   9.2342E-05   1.0824E-04   9.2306E-05 / 1.0823E-04   
2100   3.404E-03   1.5556E-04   1.5794E-04   1.5416E-04 / 1.5673E-04   
2110   3.404E-03   9.9179E-05   1.1172E-04   9.7092E-05 / 1.0993E-04   
2120   3.404E-03   9.1179E-05   1.0339E-04   9.1112E-05 / 1.0335E-04   
2130   3.404E-03   9.0860E-05   1.0216E-04   9.0797E-05 / 1.0213E-04   
2140   3.404E-03   9.1531E-05   1.0328E-04   9.1456E-05 / 1.0325E-04   
2150   3.404E-03   9.0624E-05   1.0449E-04   9.0538E-05 / 1.0445E-04   
2160   3.404E-03   8.9890E-05   1.0152E-04   8.9728E-05 / 1.0137E-04   
2170   3.404E-03   1.0072E-04   1.1791E-04   1.0063E-04 / 1.1787E-04   
2180   3.404E-03   8.9085E-05   1.0197E-04   8.8987E-05 / 1.0192E-04   
2190   3.404E-03   8.6336E-05   1.0018E-04   8.6161E-05 / 1.0008E-04   
2200   3.404E-03   9.0848E-05   1.0655E-04   9.0550E-05 / 1.0648E-04   
2210   3.404E-03   8.6377E-05   1.0091E-04   8.6206E-05 / 1.0083E-04   
2220   3.404E-03   1.0495E-04   1.1982E-04   1.0463E-04 / 1.1966E-04   
2230   3.404E-03   1.6577E-04   1.7707E-04   1.6478E-04 / 1.7550E-04   
2240   3.404E-03   8.7856E-05   9.8366E-05   8.7618E-05 / 9.8165E-05   
2250   3.404E-03   8.7364E-05   9.9431E-05   8.7143E-05 / 9.9234E-05   
2260   3.404E-03   8.5188E-05   9.7935E-05   8.5065E-05 / 9.7888E-05   
2270   3.404E-03   8.5308E-05   9.9203E-05   8.5200E-05 / 9.9149E-05   
2280   3.404E-03   8.4517E-05   9.8423E-05   8.4344E-05 / 9.8340E-05   
2290   3.404E-03   8.6595E-05   1.0054E-04   8.6521E-05 / 1.0050E-04   
2300   3.404E-03   8.9723E-05   1.0357E-04   8.8992E-05 / 1.0299E-04   
2310   3.404E-03   8.3219E-05   9.7438E-05   8.3102E-05 / 9.7370E-05   
2320   3.404E-03   8.3650E-05   9.6711E-05   8.3438E-05 / 9.6608E-05   
2330   3.404E-03   1.2061E-04   1.3368E-04   1.1913E-04 / 1.3342E-04   
2340   3.404E-03   8.6784E-05   1.0160E-04   8.6479E-05 / 1.0140E-04   
2350   3.404E-03   8.3063E-05   9.6470E-05   8.2949E-05 / 9.6408E-05   
2360   3.404E-03   8.1615E-05   9.4593E-05   8.1555E-05 / 9.4548E-05   
2370   3.404E-03   9.0304E-05   1.0050E-04   9.0215E-05 / 1.0040E-04   
2380   3.404E-03   8.7527E-05   1.0175E-04   8.7434E-05 / 1.0165E-04   
2390   3.404E-03   8.5086E-05   9.8584E-05   8.4950E-05 / 9.8495E-05   
2400   3.404E-03   8.9054E-05   9.6501E-05   8.9006E-05 / 9.6456E-05   
2410   3.404E-03   8.1129E-05   9.3737E-05   8.0964E-05 / 9.3561E-05   
2420   3.404E-03   7.9626E-05   9.2139E-05   7.9540E-05 / 9.2030E-05   
2430   3.404E-03   8.5897E-05   1.0026E-04   8.5516E-05 / 1.0006E-04   
2440   3.404E-03   1.1201E-04   1.2472E-04   1.0984E-04 / 1.2268E-04   
2450   3.404E-03   8.3084E-05   9.4978E-05   8.0790E-05 / 9.3078E-05   
2460   3.404E-03   8.9990E-05   1.0272E-04   8.4089E-05 / 9.7377E-05   
2470   3.404E-03   8.0594E-05   9.6411E-05   8.0474E-05 / 9.6179E-05   
2480   3.404E-03   7.9992E-05   9.0460E-05   7.9907E-05 / 9.0358E-05   
2490   3.404E-03   7.9458E-05   9.0513E-05   7.9328E-05 / 9.0334E-05   
2500   3.404E-03   8.6721E-05   1.0052E-04   8.6646E-05 / 1.0041E-04   
2510   3.404E-03   7.7879E-05   9.1918E-05   7.7786E-05 / 9.1829E-05   
2520   3.404E-03   7.5314E-05   8.8580E-05   7.5047E-05 / 8.8357E-05   
2530   3.404E-03   8.6284E-05   1.0005E-04   8.5831E-05 / 9.9884E-05   
2540   3.404E-03   8.4601E-05   9.5892E-05   8.3045E-05 / 9.4611E-05   
2550   3.404E-03   9.9792E-05   1.1070E-04   9.9606E-05 / 1.1058E-04   
2560   3.404E-03   7.4582E-05   8.7789E-05   7.4465E-05 / 8.7621E-05   
2570   3.404E-03   9.5079E-05   1.0934E-04   9.4967E-05 / 1.0918E-04   
2580   3.404E-03   7.4789E-05   8.6297E-05   7.4616E-05 / 8.6124E-05   
2590   3.404E-03   1.1966E-04   1.3542E-04   1.1591E-04 / 1.2935E-04   
2600   3.404E-03   1.2208E-04   1.3645E-04   1.1014E-04 / 1.2130E-04   
2610   3.404E-03   7.4931E-05   8.6899E-05   7.4365E-05 / 8.6480E-05   
2620   3.404E-03   7.4322E-05   8.5633E-05   7.4257E-05 / 8.5523E-05   
2630   3.404E-03   7.7464E-05   8.8802E-05   7.7376E-05 / 8.8740E-05   
2640   3.404E-03   7.4136E-05   8.7638E-05   7.3975E-05 / 8.7519E-05   
2650   3.404E-03   7.1677E-05   8.2845E-05   7.1551E-05 / 8.2713E-05   
2660   3.404E-03   8.3552E-05   9.6823E-05   8.3289E-05 / 9.6512E-05   
2670   3.404E-03   9.0011E-05   1.0776E-04   8.9430E-05 / 1.0713E-04   
2680   3.404E-03   7.1262E-05   8.3188E-05   7.1181E-05 / 8.3061E-05   
2690   3.404E-03   7.1740E-05   8.3469E-05   7.1578E-05 / 8.3282E-05   
2700   3.404E-03   7.0134E-05   8.3016E-05   7.0012E-05 / 8.2851E-05   
2710   3.404E-03   7.6590E-05   8.8074E-05   7.6415E-05 / 8.7955E-05   
2720   3.404E-03   7.1149E-05   8.6162E-05   7.1031E-05 / 8.6021E-05   
2730   3.404E-03   7.1212E-05   8.4059E-05   7.0980E-05 / 8.3865E-05   
2740   3.404E-03   1.5660E-04   1.6203E-04   1.5504E-04 / 1.5967E-04   
2750   3.404E-03   6.9709E-05   8.1716E-05   6.9547E-05 / 8.1413E-05   
2760   3.404E-03   6.9279E-05   8.1013E-05   6.9209E-05 / 8.0945E-05   
2770   3.404E-03   6.9011E-05   8.0500E-05   6.8813E-05 / 8.0357E-05   
2780   3.404E-03   7.1573E-05   8.3363E-05   7.1316E-05 / 8.3121E-05   
2790   3.404E-03   7.0355E-05   8.3382E-05   6.9870E-05 / 8.2819E-05   
2800   3.404E-03   7.2559E-05   8.6479E-05   7.2475E-05 / 8.6387E-05   
2810   3.404E-03   7.9534E-05   9.4025E-05   7.8919E-05 / 9.3710E-05   
2820   3.404E-03   6.8384E-05   7.8192E-05   6.8297E-05 / 7.8084E-05   
2830   3.404E-03   6.7691E-05   7.9528E-05   6.7579E-05 / 7.9461E-05   
2840   3.404E-03   7.8207E-05   8.5419E-05   7.8072E-05 / 8.5248E-05   
2850   3.404E-03   6.6697E-05   7.8008E-05   6.6573E-05 / 7.7849E-05   
2860   3.404E-03   1.5134E-04   1.3999E-04   1.5128E-04 / 1.3994E-04   
2870   3.404E-03   6.6407E-05   7.7247E-05   6.6314E-05 / 7.7002E-05   
2880   3.404E-03   6.7710E-05   7.9974E-05   6.7573E-05 / 7.9819E-05   
2890   3.404E-03   6.8550E-05   8.1779E-05   6.8505E-05 / 8.1734E-05   
2900   3.404E-03   6.5212E-05   7.5816E-05   6.5096E-05 / 7.5758E-05   
2910   3.404E-03   8.0227E-05   9.3357E-05   7.7101E-05 / 9.0990E-05   
2920   3.404E-03   1.0636E-04   1.1737E-04   1.0267E-04 / 1.1383E-04   
2930   3.404E-03   8.2731E-05   9.5609E-05   7.7139E-05 / 8.8885E-05   
2940   3.404E-03   6.6392E-05   7.8128E-05   6.6359E-05 / 7.8089E-05   
2950   3.404E-03   6.5451E-05   7.5150E-05   6.5398E-05 / 7.5089E-05   
2960   3.404E-03   6.5153E-05   7.5408E-05   6.5097E-05 / 7.5350E-05   
2970   3.404E-03   8.6579E-05   9.9942E-05   8.3924E-05 / 9.7579E-05   
2980   3.404E-03   6.5164E-05   7.8027E-05   6.5104E-05 / 7.7991E-05   
2990   3.404E-03   6.5207E-05   7.6268E-05   6.5162E-05 / 7.6235E-05   
3000   3.404E-03   6.4620E-05   7.4303E-05   6.4550E-05 / 7.4239E-05   
3010   3.404E-03   6.3967E-05   7.5793E-05   6.3898E-05 / 7.5735E-05   
3020   3.404E-03   6.6510E-05   7.7888E-05   6.6302E-05 / 7.7783E-05   
3030   3.404E-03   6.3818E-05   7.7098E-05   6.3749E-05 / 7.7041E-05   
3040   3.404E-03   7.3204E-05   8.7502E-05   7.2914E-05 / 8.7334E-05   
3050   3.404E-03   8.5242E-05   9.7492E-05   8.2912E-05 / 9.6682E-05   
3060   3.404E-03   7.2383E-05   8.4200E-05   7.2259E-05 / 8.4113E-05   
3070   3.404E-03   6.5234E-05   7.8210E-05   6.5160E-05 / 7.8150E-05   
3080   3.404E-03   8.6410E-05   1.0097E-04   8.5733E-05 / 1.0066E-04   
3090   3.404E-03   7.2897E-05   7.8201E-05   7.2857E-05 / 7.8174E-05   
3100   3.404E-03   6.4811E-05   7.6365E-05   6.4685E-05 / 7.6328E-05   
3110   3.404E-03   6.3229E-05   7.4206E-05   6.2909E-05 / 7.4090E-05   
3120   3.404E-03   6.7302E-05   7.5033E-05   6.7258E-05 / 7.5017E-05   
3130   3.404E-03   6.8104E-05   7.8871E-05   6.5995E-05 / 7.6972E-05   
3140   3.404E-03   6.3107E-05   7.4620E-05   6.2965E-05 / 7.4586E-05   
3150   3.404E-03   6.2872E-05   7.3435E-05   6.2809E-05 / 7.3400E-05   
3160   3.404E-03   8.0460E-05   9.1924E-05   8.0339E-05 / 9.1890E-05   
3170   3.404E-03   7.5157E-04   8.1809E-04   4.6261E-04 / 5.0106E-04   
3180   3.404E-03   6.6578E-05   7.7652E-05   6.4861E-05 / 7.6232E-05   
3190   3.404E-03   7.2962E-05   8.3957E-05   7.1677E-05 / 8.2944E-05   
3200   3.404E-03   6.0943E-05   7.3107E-05   6.0864E-05 / 7.3046E-05   
3210   3.404E-03   6.2953E-05   7.4499E-05   6.2878E-05 / 7.4454E-05   
3220   3.404E-03   6.0298E-05   7.2237E-05   6.0196E-05 / 7.2199E-05   
3230   3.404E-03   6.1293E-05   7.3008E-05   6.1224E-05 / 7.2964E-05   
3240   3.404E-03   6.1597E-05   7.1210E-05   6.1496E-05 / 7.1150E-05   
3250   3.404E-03   6.8016E-05   7.7248E-05   6.7715E-05 / 7.7177E-05   
3260   3.404E-03   7.0145E-05   8.3114E-05   7.0045E-05 / 8.3054E-05   
3270   3.404E-03   6.1786E-05   7.5672E-05   6.1381E-05 / 7.5321E-05   
3280   3.404E-03   7.0611E-05   8.1923E-05   7.0124E-05 / 8.1582E-05   
3290   3.404E-03   5.9082E-05   7.1202E-05   5.9013E-05 / 7.1189E-05   
3300   3.404E-03   6.7768E-05   7.9462E-05   6.7665E-05 / 7.9443E-05   
3310   3.404E-03   6.1799E-05   7.3772E-05   6.1298E-05 / 7.3242E-05   
3320   3.404E-03   6.1197E-05   7.2931E-05   6.0034E-05 / 7.2080E-05   
3330   3.404E-03   9.5374E-05   1.0684E-04   9.4198E-05 / 1.0600E-04   
3340   3.404E-03   7.2751E-04   7.3985E-04   7.1486E-04 / 7.2408E-04   
3350   3.404E-03   6.5200E-05   7.2564E-05   6.4529E-05 / 7.2104E-05   
3360   3.404E-03   8.3301E-05   9.4347E-05   7.0987E-05 / 8.2665E-05   
3370   3.404E-03   6.1161E-05   7.1291E-05   6.0612E-05 / 7.0940E-05   
3380   3.404E-03   6.2370E-05   7.2926E-05   6.1953E-05 / 7.2846E-05   
3390   3.404E-03   6.2172E-05   7.2538E-05   6.2077E-05 / 7.2485E-05   
3400   3.404E-03   6.3884E-05   7.6102E-05   6.3867E-05 / 7.6099E-05   
3410   3.404E-03   6.3151E-05   7.6088E-05   6.2985E-05 / 7.6009E-05   
3420   3.404E-03   6.0912E-05   7.4744E-05   6.0817E-05 / 7.4704E-05   
3430   3.404E-03   6.7549E-05   7.6586E-05   6.6621E-05 / 7.5881E-05   
3440   3.404E-03   5.8318E-05   6.9299E-05   5.8284E-05 / 6.9292E-05   
3450   3.404E-03   6.5610E-05   7.5199E-05   6.5564E-05 / 7.5188E-05   
3460   3.404E-03   7.0608E-05   8.1541E-05   6.8841E-05 / 8.0561E-05   
3470   3.404E-03   5.8323E-05   6.9568E-05   5.8184E-05 / 6.9507E-05   
3480   3.404E-03   5.9397E-05   7.2510E-05   5.9175E-05 / 7.2461E-05   
3490   3.404E-03   6.0018E-05   7.1131E-05   5.9977E-05 / 7.1119E-05   
3500   3.404E-03   1.0833E-04   1.2051E-04   9.8989E-05 / 1.1280E-04   
3510   3.404E-03   6.3118E-05   7.6081E-05   6.3092E-05 / 7.6077E-05   
3520   3.404E-03   5.8133E-05   6.8863E-05   5.8071E-05 / 6.8838E-05   
3530   3.404E-03   5.7462E-05   6.9620E-05   5.7373E-05 / 6.9592E-05   
3540   3.404E-03   5.8295E-05   6.9140E-05   5.7979E-05 / 6.9030E-05   
3550   3.404E-03   7.4994E-05   8.2330E-05   6.7572E-05 / 7.7306E-05   
3560   3.404E-03   1.3123E-04   1.4135E-04   1.2958E-04 / 1.4003E-04   
3570   3.404E-03   5.8086E-05   6.8915E-05   5.8048E-05 / 6.8904E-05   
3580   3.404E-03   5.6410E-05   6.7645E-05   5.6376E-05 / 6.7635E-05   
3590   3.404E-03   5.7064E-05   6.6474E-05   5.6879E-05 / 6.6373E-05   
3600   3.404E-03   5.6716E-05   6.8301E-05   5.6704E-05 / 6.8299E-05   
3610   3.404E-03   5.5810E-05   6.7702E-05   5.5780E-05 / 6.7696E-05   
3620   3.404E-03   5.7470E-05   7.0602E-05   5.7409E-05 / 7.0598E-05   
3630   3.404E-03   8.2180E-05   9.4591E-05   7.8181E-05 / 9.1714E-05   
3640   3.404E-03   6.7933E-05   8.3099E-05   6.7859E-05 / 8.3084E-05   
3650   3.404E-03   5.6525E-05   6.7736E-05   5.6443E-05 / 6.7701E-05   
3660   3.404E-03   6.7051E-05   7.9791E-05   6.7005E-05 / 7.9773E-05   
3670   3.404E-03   5.5566E-05   6.5439E-05   5.5485E-05 / 6.5405E-05   
3680   3.404E-03   9.9598E-05   1.1559E-04   7.8703E-05 / 9.2924E-05   
3690   3.404E-03   6.2547E-05   7.2357E-05   6.2482E-05 / 7.2331E-05   
3700   3.404E-03   1.0164E-04   1.1597E-04   8.1168E-05 / 9.4542E-05   
3710   3.404E-03   6.5960E-05   7.4366E-05   6.5048E-05 / 7.3739E-05   
3720   3.404E-03   7.5665E-05   8.9384E-05   7.2825E-05 / 8.7554E-05   
3730   3.404E-03   5.6718E-05   6.7846E-05   5.6696E-05 / 6.7838E-05   
3740   3.404E-03   5.8651E-05   6.7026E-05   5.8629E-05 / 6.7016E-05   
3750   3.404E-03   6.0744E-05   7.0377E-05   6.0550E-05 / 7.0218E-05   
3760   3.404E-03   1.6343E-04   1.6596E-04   1.6251E-04 / 1.6462E-04   
3770   3.404E-03   5.6835E-05   6.6703E-05   5.6763E-05 / 6.6666E-05   
3780   3.404E-03   5.5034E-05   6.6328E-05   5.5009E-05 / 6.6305E-05   
3790   3.404E-03   5.5491E-05   6.6679E-05   5.5014E-05 / 6.6386E-05   
3800   3.404E-03   5.7059E-05   6.8480E-05   5.7013E-05 / 6.8447E-05   
3810   3.404E-03   5.4804E-05   6.5923E-05   5.4718E-05 / 6.5895E-05   
3820   3.404E-03   5.4595E-05   6.4644E-05   5.4396E-05 / 6.4579E-05   
3830   3.404E-03   5.7119E-05   6.9002E-05   5.7024E-05 / 6.8991E-05   
3840   3.404E-03   5.4174E-05   6.5214E-05   5.4113E-05 / 6.5178E-05   
3850   3.404E-03   5.4993E-05   6.6655E-05   5.4957E-05 / 6.6650E-05   
3860   3.404E-03   5.7194E-05   6.5343E-05   5.6997E-05 / 6.5279E-05   
3870   3.404E-03   8.1173E-05   8.8167E-05   8.0712E-05 / 8.7729E-05   
3880   3.404E-03   5.6132E-05   6.6017E-05   5.5808E-05 / 6.5773E-05   
3890   3.404E-03   6.0027E-05   6.8644E-05   5.9899E-05 / 6.8551E-05   
3900   3.404E-03   5.5384E-05   6.5751E-05   5.4405E-05 / 6.5031E-05   
3910   3.404E-03   7.0914E-05   8.6977E-05   7.0817E-05 / 8.6956E-05   
3920   3.404E-03   6.8373E-05   8.0811E-05   6.7638E-05 / 8.0296E-05   
3930   3.404E-03   5.4307E-05   6.6095E-05   5.4273E-05 / 6.6071E-05   
3940   3.404E-03   5.3820E-05   6.4685E-05   5.3529E-05 / 6.4526E-05   
3950   3.404E-03   5.8187E-05   6.8189E-05   5.6207E-05 / 6.6660E-05   
3960   3.404E-03   6.3571E-05   7.3405E-05   6.3510E-05 / 7.3361E-05   
3970   3.404E-03   1.4338E-04   1.5317E-04   1.4331E-04 / 1.5309E-04   
3980   3.404E-03   5.5352E-05   6.5117E-05   5.4340E-05 / 6.4391E-05   
3990   3.404E-03   5.2806E-05   6.2756E-05   5.2783E-05 / 6.2736E-05   
4000   3.404E-03   5.7165E-05   6.7269E-05   5.6528E-05 / 6.6954E-05   
4010   3.404E-03   5.7333E-05   6.8830E-05   5.7287E-05 / 6.8792E-05   
4020   3.404E-03   5.5193E-05   6.6083E-05   5.5152E-05 / 6.6050E-05   
4030   3.404E-03   5.6531E-05   6.8325E-05   5.5549E-05 / 6.7572E-05   
4040   3.404E-03   6.1360E-05   7.1635E-05   6.1344E-05 / 7.1632E-05   
4050   3.404E-03   5.6715E-05   6.4990E-05   5.6689E-05 / 6.4966E-05   
4060   3.404E-03   5.6770E-05   6.7275E-05   5.6757E-05 / 6.7266E-05   
4070   3.404E-03   5.3764E-05   6.4075E-05   5.3730E-05 / 6.4053E-05   
4080   3.404E-03   1.6820E-04   1.7771E-04   1.6806E-04 / 1.7768E-04   
4090   3.404E-03   5.4472E-05   6.5790E-05   5.3878E-05 / 6.5390E-05   
4100   3.404E-03   5.3532E-05   6.3623E-05   5.3389E-05 / 6.3567E-05   
4110   3.404E-03   5.3270E-05   6.2943E-05   5.3254E-05 / 6.2917E-05   
4120   3.404E-03   6.4385E-05   7.5252E-05   6.4249E-05 / 7.5236E-05   
4130   3.404E-03   5.2264E-05   6.1065E-05   5.2159E-05 / 6.1003E-05   
4140   3.404E-03   5.3124E-05   6.4388E-05   5.3039E-05 / 6.4354E-05   
4150   3.404E-03   9.1926E-05   1.0469E-04   8.4362E-05 / 9.7569E-05   
4160   3.404E-03   5.5630E-05   6.6744E-05   5.5129E-05 / 6.6191E-05   
4170   3.404E-03   1.9248E-04   2.2984E-04   1.7949E-04 / 2.1655E-04   
4180   3.404E-03   1.0056E-04   1.1011E-04   8.8680E-05 / 9.8620E-05   
4190   3.404E-03   5.4222E-05   6.5845E-05   5.4142E-05 / 6.5746E-05   
4200   3.404E-03   5.2805E-05   6.3243E-05   5.2656E-05 / 6.3155E-05   
4210   3.404E-03   5.2414E-05   6.3102E-05   5.2341E-05 / 6.3069E-05   
4220   3.404E-03   5.3898E-05   6.4327E-05   5.3771E-05 / 6.4276E-05   
4230   3.404E-03   5.3033E-05   6.2611E-05   5.2983E-05 / 6.2580E-05   
4240   3.404E-03   5.2821E-05   6.2855E-05   5.2540E-05 / 6.2689E-05   
4250   3.404E-03   5.3196E-05   6.2530E-05   5.3188E-05 / 6.2527E-05   
4260   3.404E-03   5.7877E-05   6.6982E-05   5.7577E-05 / 6.6978E-05   
4270   3.404E-03   1.4503E-04   1.5271E-04   1.4079E-04 / 1.4873E-04   
4280   3.404E-03   5.4516E-05   6.4756E-05   5.4504E-05 / 6.4743E-05   
4290   3.404E-03   5.2293E-05   6.3258E-05   5.2138E-05 / 6.3191E-05   
4300   3.404E-03   5.2049E-05   6.0792E-05   5.2001E-05 / 6.0766E-05   
4310   3.404E-03   5.3455E-05   6.2307E-05   5.3136E-05 / 6.2124E-05   
4320   3.404E-03   5.4692E-05   6.4380E-05   5.3305E-05 / 6.3373E-05   
4330   3.404E-03   5.2091E-05   6.2640E-05   5.2072E-05 / 6.2625E-05   
4340   3.404E-03   5.5149E-05   6.3086E-05   5.5119E-05 / 6.3058E-05   
4350   3.404E-03   5.5006E-05   6.4213E-05   5.3186E-05 / 6.2769E-05   
4360   3.404E-03   5.2056E-05   6.1563E-05   5.2031E-05 / 6.1535E-05   
4370   3.404E-03   5.4863E-05   6.5875E-05   5.4434E-05 / 6.5695E-05   
4380   3.404E-03   5.4193E-05   6.4506E-05   5.4167E-05 / 6.4478E-05   
4390   3.404E-03   6.3652E-05   7.3895E-05   6.3633E-05 / 7.3871E-05   
4400   3.404E-03   5.1881E-05   6.1357E-05   5.1807E-05 / 6.1286E-05   
4410   3.404E-03   1.1556E-04   1.2438E-04   1.1525E-04 / 1.2408E-04   
4420   3.404E-03   9.9629E-05   1.1207E-04   9.6991E-05 / 1.0997E-04   
4430   3.404E-03   5.5352E-05   6.2587E-05   5.5233E-05 / 6.2478E-05   
4440   3.404E-03   5.5619E-05   6.4557E-05   5.4683E-05 / 6.3916E-05   
4450   3.404E-03   5.1276E-05   6.0941E-05   5.1023E-05 / 6.0784E-05   
4460   3.404E-03   5.0564E-05   6.0373E-05   5.0528E-05 / 6.0360E-05   
4470   3.404E-03   5.1761E-05   6.2330E-05   5.1144E-05 / 6.1888E-05   
4480   3.404E-03   5.4059E-05   6.3203E-05   5.4037E-05 / 6.3178E-05   
4490   3.404E-03   8.0887E-05   8.8305E-05   7.9694E-05 / 8.7447E-05   
4500   3.404E-03   5.0708E-05   5.9884E-05   5.0571E-05 / 5.9816E-05   
4510   3.404E-03   5.2504E-05   6.1075E-05   5.2482E-05 / 6.1056E-05   
4520   3.404E-03   5.2766E-05   6.2943E-05   5.2744E-05 / 6.2925E-05   
4530   3.404E-03   5.1560E-05   6.1569E-05   5.1243E-05 / 6.1386E-05   
4540   3.404E-03   7.7611E-05   8.8969E-05   7.7471E-05 / 8.8917E-05   
4550   3.404E-03   6.3245E-05   7.2258E-05   6.2221E-05 / 7.1648E-05   
4560   3.404E-03   5.0478E-05   5.9066E-05   5.0453E-05 / 5.9052E-05   
4570   3.404E-03   5.5156E-05   6.3282E-05   5.5073E-05 / 6.3243E-05   
4580   3.404E-03   4.9612E-05   5.7958E-05   4.9536E-05 / 5.7937E-05   
4590   3.404E-03   5.0266E-05   6.0085E-05   5.0244E-05 / 6.0061E-05   
4600   3.404E-03   5.0488E-05   5.9556E-05   5.0214E-05 / 5.9444E-05   
4610   3.404E-03   5.2585E-05   6.2480E-05   5.2527E-05 / 6.2416E-05   
4620   3.404E-03   1.4618E-04   1.5708E-04   1.4414E-04 / 1.5513E-04   
4630   3.404E-03   5.0456E-05   5.9088E-05   5.0410E-05 / 5.9067E-05   
4640   3.404E-03   5.3524E-05   6.3163E-05   5.2971E-05 / 6.2876E-05   
4650   3.404E-03   5.0075E-05   5.9003E-05   5.0041E-05 / 5.8980E-05   
4660   3.404E-03   5.1993E-05   6.1112E-05   5.1798E-05 / 6.1077E-05   
4670   3.404E-03   4.9886E-05   6.0121E-05   4.9833E-05 / 6.0096E-05   
4680   3.404E-03   5.1296E-05   6.1169E-05   5.1194E-05 / 6.1155E-05   
4690   3.404E-03   5.8302E-05   6.8147E-05   5.3688E-05 / 6.4150E-05   
4700   3.404E-03   5.2751E-05   6.2177E-05   5.2576E-05 / 6.2127E-05   
4710   3.404E-03   1.2146E-04   1.2982E-04   1.2030E-04 / 1.2894E-04   
4720   3.404E-03   5.0337E-05   5.9240E-05   5.0201E-05 / 5.9205E-05   
4730   3.404E-03   5.4100E-05   6.3518E-05   5.1955E-05 / 6.1680E-05   
4740   3.404E-03   5.2807E-05   6.2304E-05   5.2779E-05 / 6.2273E-05   
4750   3.404E-03   5.1789E-05   6.3340E-05   5.1292E-05 / 6.3170E-05   
4760   3.404E-03   4.9528E-05   5.9147E-05   4.9284E-05 / 5.8992E-05   
4770   3.404E-03   5.2064E-05   6.2133E-05   5.1867E-05 / 6.1947E-05   
4780   3.404E-03   1.4545E-04   1.5840E-04   1.4545E-04 / 1.5840E-04   
4790   3.404E-03   5.0289E-05   5.9544E-05   5.0267E-05 / 5.9530E-05   
4800   3.404E-03   5.7373E-05   6.8521E-05   5.7295E-05 / 6.8506E-05   
4810   3.404E-03   5.8817E-05   7.2605E-05   5.8621E-05 / 7.2534E-05   
4820   3.404E-03   5.6754E-05   6.5625E-05   5.6734E-05 / 6.5616E-05   
4830   3.404E-03   5.0512E-05   6.0270E-05   5.0420E-05 / 6.0220E-05   
4840   3.404E-03   4.9269E-05   5.9496E-05   4.9256E-05 / 5.9490E-05   
4850   3.404E-03   4.8983E-05   5.7303E-05   4.8961E-05 / 5.7286E-05   
4860   3.404E-03   5.2060E-05   6.2304E-05   5.2045E-05 / 6.2290E-05   
4870   3.404E-03   6.3829E-05   7.3719E-05   6.3491E-05 / 7.3411E-05   
4880   3.404E-03   6.6807E-05   7.6171E-05   6.5932E-05 / 7.5641E-05   
4890   3.404E-03   7.0789E-05   8.1730E-05   7.0690E-05 / 8.1633E-05   
4900   3.404E-03   4.8884E-05   5.8707E-05   4.8685E-05 / 5.8613E-05   
4910   3.404E-03   4.8781E-05   5.9296E-05   4.8604E-05 / 5.9224E-05   
4920   3.404E-03   4.9607E-05   5.9547E-05   4.9446E-05 / 5.9496E-05   
4930   3.404E-03   4.7838E-05   5.7695E-05   4.7787E-05 / 5.7660E-05   
4940   3.404E-03   9.8555E-04   9.9032E-04   9.3316E-04 / 9.3611E-04   
4950   3.404E-03   4.9612E-05   5.9370E-05   4.9443E-05 / 5.9312E-05   
4960   3.404E-03   5.6712E-05   6.5324E-05   5.2036E-05 / 6.1297E-05   
4970   3.404E-03   5.1885E-05   6.0307E-05   5.1791E-05 / 6.0277E-05   
4980   3.404E-03   4.7575E-05   5.7141E-05   4.7497E-05 / 5.7092E-05   
4990   3.404E-03   4.8279E-05   5.7925E-05   4.8263E-05 / 5.7909E-05   
5000   3.404E-03   4.9289E-05   6.0581E-05   4.8662E-05 / 6.0163E-05   
5010   3.404E-03   4.7823E-05   5.7035E-05   4.7804E-05 / 5.7025E-05   
5020   3.404E-03   5.2452E-05   6.3122E-05   5.2131E-05 / 6.3003E-05   
5030   3.404E-03   4.8960E-05   5.8704E-05   4.8943E-05 / 5.8689E-05   
5040   3.404E-03   4.9219E-05   6.0592E-05   4.8847E-05 / 6.0511E-05   
5050   3.404E-03   5.1877E-05   6.1624E-05   5.1871E-05 / 6.1622E-05   
5060   3.404E-03   6.2067E-05   7.4066E-05   6.0025E-05 / 7.2868E-05   
5070   3.404E-03   8.3789E-05   9.0450E-05   8.3684E-05 / 9.0397E-05   
5080   3.404E-03   5.7935E-05   6.9119E-05   5.2854E-05 / 6.4217E-05   
5090   3.404E-03   6.4407E-05   7.1159E-05   6.4333E-05 / 7.1153E-05   
5100   3.404E-03   5.9760E-05   6.8539E-05   5.5994E-05 / 6.5772E-05   
5110   3.404E-03   5.7477E-05   6.5059E-05   5.3807E-05 / 6.2314E-05   
5120   3.404E-03   4.8638E-05   5.7587E-05   4.8622E-05 / 5.7579E-05   
5130   3.404E-03   5.5613E-05   6.6027E-05   5.4796E-05 / 6.5853E-05   
5140   3.404E-03   5.5015E-05   6.6194E-05   5.4536E-05 / 6.5676E-05   
5150   3.404E-03   6.9453E-05   8.3497E-05   6.0078E-05 / 7.2539E-05   
5160   3.404E-03   5.0586E-05   5.9835E-05   5.0102E-05 / 5.9646E-05   
5170   3.404E-03   4.9178E-05   5.9481E-05   4.9066E-05 / 5.9455E-05   
5174   3.404E-03   5.2707E-05   6.3583E-05   5.2485E-05 / 6.3487E-05   
BEST MODEL
===============================================================================================================
4911   3.404E-03   4.8753E-05   5.5876E-05   4.8689E-05 / 5.5862E-05   
===============================================================================================================
Saved model to /home/nikki/kan/kanTBNN/models/multi_run/kan_experiment_106_opt/kanTBNN-24Nov07_12:37:01.pickle
