=====> WARNING: Training dataset length: 0, assuming memorization test!
========== Dataset info ==========
Dataset params: {'file': '/home/ryley/WDK/ML/dataset/turbulence_dataset_clean.csv', 'Cases': ['squareDuctAve_Re_2000'], 'val_set': ['squareDuctAve_Re_2000'], 'test_set': ['squareDuctAve_Re_2000'], 'data_loader': <class 'tbnn.dataloaders.DeltaDataset'>}
Train/Valid/Test points: 9216 / 9216 / 9216
Memorization?: True
Cluster training?: False
EPOCH     LR        TRAIN         VALID             MSE:T/V                  RL:T/V             %NR_t/%NR_v
===============================================================================================================
  1   5.000E-03   4.2732E-02   4.2732E-02   4.2732E-02 / 4.2732E-02   
 10   5.000E-03   2.2926E-02   2.2926E-02   2.2926E-02 / 2.2926E-02   
 20   5.000E-03   1.8115E-02   1.8115E-02   1.8115E-02 / 1.8115E-02   
 30   5.000E-03   2.4964E-02   2.4964E-02   2.4964E-02 / 2.4964E-02   
 40   5.000E-03   1.9247E-02   1.9247E-02   1.9247E-02 / 1.9247E-02   
 50   5.000E-03   1.9859E-02   1.9859E-02   1.9859E-02 / 1.9859E-02   
 60   5.000E-03   1.5276E-02   1.5276E-02   1.5276E-02 / 1.5276E-02   
 70   5.000E-03   1.5166E-02   1.5166E-02   1.5166E-02 / 1.5166E-02   
 80   5.000E-03   1.7132E-02   1.7132E-02   1.7132E-02 / 1.7132E-02   
 90   5.000E-03   1.3727E-02   1.3727E-02   1.3727E-02 / 1.3727E-02   
100   5.000E-03   1.2584E-02   1.2584E-02   1.2584E-02 / 1.2584E-02   
110   5.000E-03   1.2577E-02   1.2577E-02   1.2577E-02 / 1.2577E-02   
120   5.000E-03   1.3228E-02   1.3228E-02   1.3228E-02 / 1.3228E-02   
130   5.000E-03   1.4966E-02   1.4966E-02   1.4966E-02 / 1.4966E-02   
140   5.000E-03   1.2168E-02   1.2168E-02   1.2168E-02 / 1.2168E-02   
150   5.000E-03   1.5956E-02   1.5956E-02   1.5956E-02 / 1.5956E-02   
160   5.000E-03   1.3326E-02   1.3326E-02   1.3326E-02 / 1.3326E-02   
170   5.000E-03   1.2384E-02   1.2384E-02   1.2384E-02 / 1.2384E-02   
180   5.000E-03   1.1378E-02   1.1378E-02   1.1378E-02 / 1.1378E-02   
190   5.000E-03   1.2218E-02   1.2218E-02   1.2218E-02 / 1.2218E-02   
200   5.000E-03   1.4434E-02   1.4434E-02   1.4434E-02 / 1.4434E-02   
210   5.000E-03   1.3782E-02   1.3782E-02   1.3782E-02 / 1.3782E-02   
220   5.000E-03   1.2570E-02   1.2570E-02   1.2570E-02 / 1.2570E-02   
230   5.000E-03   1.1450E-02   1.1450E-02   1.1450E-02 / 1.1450E-02   
240   5.000E-03   2.9100E-02   2.9100E-02   2.9100E-02 / 2.9100E-02   
250   5.000E-03   1.1693E-02   1.1693E-02   1.1693E-02 / 1.1693E-02   
260   5.000E-03   1.3616E-02   1.3616E-02   1.3616E-02 / 1.3616E-02   
270   5.000E-03   1.3294E-02   1.3294E-02   1.3294E-02 / 1.3294E-02   
280   5.000E-03   1.2777E-02   1.2777E-02   1.2777E-02 / 1.2777E-02   
290   5.000E-03   1.3063E-02   1.3063E-02   1.3063E-02 / 1.3063E-02   
300   5.000E-03   1.6449E-02   1.6449E-02   1.6449E-02 / 1.6449E-02   
310   5.000E-03   1.2674E-02   1.2674E-02   1.2674E-02 / 1.2674E-02   
320   5.000E-03   1.3648E-02   1.3648E-02   1.3648E-02 / 1.3648E-02   
330   5.000E-03   1.2588E-02   1.2588E-02   1.2588E-02 / 1.2588E-02   
340   5.000E-03   1.3603E-02   1.3603E-02   1.3603E-02 / 1.3603E-02   
350   5.000E-03   1.4420E-02   1.4420E-02   1.4420E-02 / 1.4420E-02   
360   5.000E-03   2.8547E-02   2.8547E-02   2.8547E-02 / 2.8547E-02   
370   5.000E-03   1.4025E-02   1.4025E-02   1.4025E-02 / 1.4025E-02   
380   5.000E-03   2.1146E-02   2.1146E-02   2.1146E-02 / 2.1146E-02   
390   5.000E-03   1.2851E-02   1.2851E-02   1.2851E-02 / 1.2851E-02   
400   5.000E-03   1.3134E-02   1.3134E-02   1.3134E-02 / 1.3134E-02   
410   5.000E-03   1.6345E-02   1.6345E-02   1.6345E-02 / 1.6345E-02   
420   5.000E-03   1.4462E-02   1.4462E-02   1.4462E-02 / 1.4462E-02   
430   5.000E-03   1.6227E-02   1.6227E-02   1.6227E-02 / 1.6227E-02   
440   5.000E-03   2.4418E-02   2.4418E-02   2.4418E-02 / 2.4418E-02   
450   5.000E-03   1.7552E-02   1.7552E-02   1.7552E-02 / 1.7552E-02   
460   5.000E-03   1.6221E-02   1.6221E-02   1.6221E-02 / 1.6221E-02   
466   5.000E-03   1.8437E-02   1.8437E-02   1.8437E-02 / 1.8437E-02   
BEST MODEL
===============================================================================================================
203   5.000E-03   1.0509E-02   1.0509E-02   1.0509E-02 / 1.0509E-02   
===============================================================================================================
Saved model to models/duct_memorization/KCNN-24May09_09:23:39.pickle
