=====> WARNING: Training dataset length: 0, assuming memorization test!
========== Dataset info ==========
Dataset params: {'file': '/home/ryley/WDK/ML/dataset/turbulence_dataset_clean.csv', 'Cases': ['squareDuctAve_Re_2000'], 'val_set': ['squareDuctAve_Re_2000'], 'test_set': ['squareDuctAve_Re_2000'], 'data_loader': <class 'tbnn.dataloaders.aDataset'>}
Train/Valid/Test points: 9216 / 9216 / 9216
Memorization?: True
EPOCH     LR        TRAIN         VALID             MSE:T/V                  RL:T/V             %NR_t/%NR_v
===============================================================================================================
  1   1.000E-04   7.9639E-02   7.9639E-02   7.9639E-02 / 7.9639E-02   0.0000E+00 / 0.0000E+00   0.00% / 0.00%
 10   1.000E-04   1.8610E-03   1.8610E-03   1.8275E-03 / 1.8275E-03   2.2854E-05 / 2.2854E-05   14.51% / 14.51%
 20   1.000E-04   1.1157E-03   1.1157E-03   1.0893E-03 / 1.0893E-03   1.7969E-05 / 1.7969E-05   10.63% / 10.63%
 30   1.000E-04   8.1164E-04   8.1164E-04   7.9598E-04 / 7.9598E-04   1.0659E-05 / 1.0659E-05   11.87% / 11.87%
 40   1.000E-04   7.0041E-04   7.0041E-04   6.8957E-04 / 6.8957E-04   7.3780E-06 / 7.3780E-06   8.98% / 8.98%
 50   1.000E-04   6.0337E-04   6.0337E-04   5.9391E-04 / 5.9391E-04   6.4394E-06 / 6.4394E-06   9.02% / 9.02%
 60   1.000E-04   4.4209E-04   4.4209E-04   4.3880E-04 / 4.3880E-04   2.2423E-06 / 2.2423E-06   7.13% / 7.13%
 70   1.000E-04   3.4006E-04   3.4006E-04   3.3689E-04 / 3.3689E-04   2.1586E-06 / 2.1586E-06   6.92% / 6.92%
 80   1.000E-04   2.7426E-04   2.7426E-04   2.7157E-04 / 2.7157E-04   1.8299E-06 / 1.8299E-06   6.38% / 6.38%
 90   1.000E-04   2.4688E-04   2.4688E-04   2.4485E-04 / 2.4485E-04   1.3829E-06 / 1.3829E-06   6.14% / 6.14%
100   1.000E-04   2.3265E-04   2.3265E-04   2.3164E-04 / 2.3164E-04   6.8903E-07 / 6.8903E-07   3.28% / 3.28%
110   1.000E-04   2.2361E-04   2.2361E-04   2.2225E-04 / 2.2225E-04   9.2697E-07 / 9.2697E-07   5.21% / 5.21%
120   1.000E-04   2.1432E-04   2.1432E-04   2.1363E-04 / 2.1363E-04   4.6607E-07 / 4.6607E-07   3.09% / 3.09%
130   1.000E-04   2.0600E-04   2.0600E-04   2.0540E-04 / 2.0540E-04   4.0869E-07 / 4.0869E-07   4.09% / 4.09%
140   1.000E-04   2.0052E-04   2.0052E-04   2.0026E-04 / 2.0026E-04   1.7816E-07 / 1.7816E-07   0.78% / 0.78%
150   1.000E-04   1.9145E-04   1.9145E-04   1.9053E-04 / 1.9053E-04   6.2933E-07 / 6.2933E-07   4.39% / 4.39%
160   1.000E-04   1.8694E-04   1.8694E-04   1.8629E-04 / 1.8629E-04   4.3825E-07 / 4.3825E-07   2.58% / 2.58%
170   1.000E-04   1.8244E-04   1.8244E-04   1.8134E-04 / 1.8134E-04   7.4877E-07 / 7.4877E-07   3.40% / 3.40%
180   1.000E-04   1.7877E-04   1.7877E-04   1.7752E-04 / 1.7752E-04   8.5075E-07 / 8.5075E-07   5.33% / 5.33%
190   1.000E-04   1.7728E-04   1.7728E-04   1.7621E-04 / 1.7621E-04   7.2491E-07 / 7.2491E-07   6.08% / 6.08%
200   1.000E-04   1.7346E-04   1.7346E-04   1.7264E-04 / 1.7264E-04   5.5652E-07 / 5.5652E-07   3.14% / 3.14%
210   1.000E-04   1.6984E-04   1.6984E-04   1.6908E-04 / 1.6908E-04   5.1675E-07 / 5.1675E-07   1.95% / 1.95%
220   1.000E-04   1.7018E-04   1.7018E-04   1.6946E-04 / 1.6946E-04   4.9039E-07 / 4.9039E-07   3.97% / 3.97%
230   1.000E-04   1.6625E-04   1.6625E-04   1.6551E-04 / 1.6551E-04   5.0817E-07 / 5.0817E-07   3.87% / 3.87%
240   1.000E-04   1.6417E-04   1.6417E-04   1.6373E-04 / 1.6373E-04   3.0212E-07 / 3.0212E-07   2.45% / 2.45%
250   1.000E-04   1.6353E-04   1.6353E-04   1.6304E-04 / 1.6304E-04   3.3218E-07 / 3.3218E-07   2.67% / 2.67%
260   1.000E-04   1.6200E-04   1.6200E-04   1.6184E-04 / 1.6184E-04   1.0770E-07 / 1.0770E-07   2.00% / 2.00%
270   1.000E-04   1.6072E-04   1.6072E-04   1.5991E-04 / 1.5991E-04   5.5178E-07 / 5.5178E-07   4.09% / 4.09%
280   1.000E-04   1.5964E-04   1.5964E-04   1.5948E-04 / 1.5948E-04   1.1000E-07 / 1.1000E-07   1.74% / 1.74%
290   1.000E-04   1.6074E-04   1.6074E-04   1.6009E-04 / 1.6009E-04   4.3954E-07 / 4.3954E-07   3.58% / 3.58%
300   1.000E-04   1.5591E-04   1.5591E-04   1.5572E-04 / 1.5572E-04   1.2527E-07 / 1.2527E-07   1.84% / 1.84%
310   1.000E-04   1.5544E-04   1.5544E-04   1.5507E-04 / 1.5507E-04   2.5333E-07 / 2.5333E-07   3.62% / 3.62%
320   1.000E-04   1.5371E-04   1.5371E-04   1.5336E-04 / 1.5336E-04   2.3898E-07 / 2.3898E-07   2.71% / 2.71%
330   1.000E-04   1.5328E-04   1.5328E-04   1.5307E-04 / 1.5307E-04   1.4129E-07 / 1.4129E-07   1.82% / 1.82%
340   1.000E-04   1.5501E-04   1.5501E-04   1.5452E-04 / 1.5452E-04   3.2866E-07 / 3.2866E-07   3.93% / 3.93%
350   1.000E-04   1.5122E-04   1.5122E-04   1.5106E-04 / 1.5106E-04   1.0731E-07 / 1.0731E-07   2.44% / 2.44%
360   1.000E-04   1.5146E-04   1.5146E-04   1.5140E-04 / 1.5140E-04   4.3917E-08 / 4.3917E-08   1.20% / 1.20%
370   1.000E-04   1.4998E-04   1.4998E-04   1.4964E-04 / 1.4964E-04   2.2884E-07 / 2.2884E-07   3.08% / 3.08%
380   1.000E-04   1.4884E-04   1.4884E-04   1.4864E-04 / 1.4864E-04   1.3591E-07 / 1.3591E-07   2.47% / 2.47%
390   1.000E-04   1.4863E-04   1.4863E-04   1.4836E-04 / 1.4836E-04   1.7990E-07 / 1.7990E-07   2.47% / 2.47%
400   1.000E-04   1.4798E-04   1.4798E-04   1.4792E-04 / 1.4792E-04   3.7258E-08 / 3.7258E-08   0.58% / 0.58%
410   1.000E-04   1.4729E-04   1.4729E-04   1.4716E-04 / 1.4716E-04   9.4027E-08 / 9.4027E-08   1.29% / 1.29%
420   1.000E-04   1.4841E-04   1.4841E-04   1.4838E-04 / 1.4838E-04   1.7681E-08 / 1.7681E-08   0.64% / 0.64%
430   1.000E-04   1.4556E-04   1.4556E-04   1.4543E-04 / 1.4543E-04   8.8614E-08 / 8.8614E-08   1.78% / 1.78%
440   1.000E-04   1.4625E-04   1.4625E-04   1.4619E-04 / 1.4619E-04   3.9589E-08 / 3.9589E-08   0.73% / 0.73%
450   1.000E-04   1.4416E-04   1.4416E-04   1.4400E-04 / 1.4400E-04   1.0966E-07 / 1.0966E-07   2.67% / 2.67%
460   1.000E-04   1.4437E-04   1.4437E-04   1.4429E-04 / 1.4429E-04   5.1570E-08 / 5.1570E-08   1.22% / 1.22%
470   1.000E-04   1.4322E-04   1.4322E-04   1.4301E-04 / 1.4301E-04   1.4716E-07 / 1.4716E-07   2.41% / 2.41%
480   1.000E-04   1.4316E-04   1.4316E-04   1.4304E-04 / 1.4304E-04   8.1528E-08 / 8.1528E-08   1.51% / 1.51%
490   1.000E-04   1.4199E-04   1.4199E-04   1.4185E-04 / 1.4185E-04   9.7156E-08 / 9.7156E-08   0.53% / 0.53%
500   1.000E-04   1.4168E-04   1.4168E-04   1.4142E-04 / 1.4142E-04   1.7889E-07 / 1.7889E-07   2.27% / 2.27%
===============================================================================================================
Saved model to models/duct_memorization/model_TBNNiii_5x30.pickle
===================================
======SQUARE DUCT EVALUATION=======
===================================
=====> WARNING: Training dataset length: 0, assuming memorization test!
========== Dataset info ==========
Dataset params: {'file': '/home/ryley/WDK/ML/dataset/turbulence_dataset_clean.csv', 'Cases': ['squareDuctAve_Re_2000'], 'val_set': ['squareDuctAve_Re_2000'], 'test_set': ['squareDuctAve_Re_2000'], 'data_loader': <class 'tbnn.dataloaders.aDataset'>}
Train/Valid/Test points: 9216 / 9216 / 9216
Memorization?: True
Final model performance:
======= Training =======
aLoss:   1.4165E-04
mse_b:   8.7568E-03
realzLoss: 4.4706E-08
%unrealiz: 0.9223%
mse_a (khat):   1.4158E-04
======= Validation =======
aLoss:   1.4165E-04
mse_b:   8.7568E-03
realzLoss: 4.4706E-08
%unrealiz: 0.9223%
mse_a (khat):   1.4158E-04
======= Testing =======
aLoss:   1.4165E-04
mse_b:   8.7568E-03
realzLoss: 4.4706E-08
%unrealiz: 0.9223%
mse_a (khat):   1.4158E-04
[dataFoam] Writing nut_L to file /home/ryley/WDK/ML/scratch/injection/squareDuct_Re_2000_duct_memorization/0/nut_L
[dataFoam] Writing aperp to file /home/ryley/WDK/ML/scratch/injection/squareDuct_Re_2000_duct_memorization/0/aperp
