========== Dataset info ==========
Dataset params: {'file': '/home/nikki/kan/data/turbulence_dataset_clean.csv', 'Cases': ['fp_1000', 'fp_1410', 'fp_2000', 'fp_2540', 'fp_3030', 'fp_3270', 'fp_3630', 'fp_3970', 'fp_4060'], 'val_set': ['fp_3030', 'fp_1410', 'fp_4060'], 'test_set': ['fp_3630'], 'data_loader': <class 'tbnn.dataloaders.aDataset'>}
Train/Valid/Test points: 760 / 468 / 168
Memorization?: False
Cluster training?: False
EPOCH     LR        TRAIN         VALID             MSE:T/V                  RL:T/V             %NR_t/%NR_v
===============================================================================================================
  1   3.417E-03   1.9828E-01   1.9538E-01   1.9828E-01 / 1.9538E-01   
 10   3.417E-03   8.2248E-03   7.7365E-03   8.2248E-03 / 7.7365E-03   
 20   3.417E-03   3.9351E-03   3.7448E-03   3.9350E-03 / 3.7448E-03   
 30   3.417E-03   3.1677E-03   3.0457E-03   3.1676E-03 / 3.0456E-03   
 40   3.417E-03   2.5071E-03   2.4175E-03   2.5065E-03 / 2.4170E-03   
 50   3.417E-03   1.9160E-03   1.8600E-03   1.9160E-03 / 1.8600E-03   
 60   3.417E-03   1.5907E-03   1.5464E-03   1.5907E-03 / 1.5464E-03   
 70   3.417E-03   1.3435E-03   1.3152E-03   1.3435E-03 / 1.3152E-03   
 80   3.417E-03   1.1479E-03   1.1245E-03   1.1479E-03 / 1.1245E-03   
 90   3.417E-03   9.7804E-04   9.6269E-04   9.7804E-04 / 9.6269E-04   
100   3.417E-03   8.3118E-04   8.1968E-04   8.3118E-04 / 8.1968E-04   
110   3.417E-03   7.0578E-04   6.9811E-04   7.0578E-04 / 6.9811E-04   
120   3.417E-03   6.0623E-04   5.9977E-04   6.0622E-04 / 5.9977E-04   
130   3.417E-03   5.3003E-04   5.2878E-04   5.3003E-04 / 5.2878E-04   
140   3.417E-03   4.6405E-04   4.6732E-04   4.6230E-04 / 4.6643E-04   
150   3.417E-03   4.0977E-04   4.1841E-04   4.0975E-04 / 4.1841E-04   
160   3.417E-03   3.7254E-04   3.8057E-04   3.7239E-04 / 3.8048E-04   
170   3.417E-03   3.3970E-04   3.4948E-04   3.3968E-04 / 3.4946E-04   
180   3.417E-03   3.1768E-04   3.2741E-04   3.1768E-04 / 3.2741E-04   
190   3.417E-03   2.9299E-04   3.0407E-04   2.9299E-04 / 3.0407E-04   
200   3.417E-03   2.7194E-04   2.8488E-04   2.7193E-04 / 2.8488E-04   
210   3.417E-03   2.5583E-04   2.6876E-04   2.5582E-04 / 2.6876E-04   
220   3.417E-03   2.4052E-04   2.5469E-04   2.4051E-04 / 2.5468E-04   
230   3.417E-03   2.2850E-04   2.4343E-04   2.2822E-04 / 2.4328E-04   
240   3.417E-03   2.1662E-04   2.3173E-04   2.1661E-04 / 2.3173E-04   
250   3.417E-03   2.0693E-04   2.2290E-04   2.0690E-04 / 2.2290E-04   
260   3.417E-03   1.9774E-04   2.1350E-04   1.9765E-04 / 2.1345E-04   
270   3.417E-03   1.8933E-04   2.0678E-04   1.8931E-04 / 2.0675E-04   
280   3.417E-03   1.8323E-04   2.0045E-04   1.8297E-04 / 2.0018E-04   
290   3.417E-03   1.7422E-04   1.9092E-04   1.7422E-04 / 1.9092E-04   
300   3.417E-03   1.6765E-04   1.8605E-04   1.6764E-04 / 1.8605E-04   
310   3.417E-03   1.6261E-04   1.8279E-04   1.6260E-04 / 1.8279E-04   
320   3.417E-03   1.5460E-04   1.7417E-04   1.5459E-04 / 1.7417E-04   
330   3.417E-03   1.4864E-04   1.6813E-04   1.4862E-04 / 1.6813E-04   
340   3.417E-03   1.4671E-04   1.6604E-04   1.4668E-04 / 1.6604E-04   
350   3.417E-03   1.3765E-04   1.5894E-04   1.3763E-04 / 1.5893E-04   
360   3.417E-03   1.3423E-04   1.5351E-04   1.3420E-04 / 1.5349E-04   
370   3.417E-03   1.3373E-04   1.5276E-04   1.3326E-04 / 1.5243E-04   
380   3.417E-03   1.2461E-04   1.4638E-04   1.2454E-04 / 1.4632E-04   
390   3.417E-03   1.2169E-04   1.4270E-04   1.2125E-04 / 1.4239E-04   
400   3.417E-03   1.1704E-04   1.3661E-04   1.1695E-04 / 1.3660E-04   
410   3.417E-03   1.1464E-04   1.3541E-04   1.1463E-04 / 1.3541E-04   
420   3.417E-03   1.1023E-04   1.2913E-04   1.1016E-04 / 1.2910E-04   
430   3.417E-03   1.0835E-04   1.2843E-04   1.0835E-04 / 1.2843E-04   
440   3.417E-03   1.0907E-04   1.2786E-04   1.0724E-04 / 1.2644E-04   
450   3.417E-03   1.0067E-04   1.2114E-04   1.0063E-04 / 1.2108E-04   
460   3.417E-03   9.6573E-05   1.1734E-04   9.6337E-05 / 1.1707E-04   
470   3.417E-03   9.4689E-05   1.1691E-04   9.4454E-05 / 1.1670E-04   
480   3.417E-03   1.1043E-04   1.2733E-04   1.1043E-04 / 1.2733E-04   
490   3.417E-03   8.8991E-05   1.0922E-04   8.8988E-05 / 1.0922E-04   
500   3.417E-03   8.6535E-05   1.0791E-04   8.6484E-05 / 1.0789E-04   
510   3.417E-03   8.4599E-05   1.0293E-04   8.4416E-05 / 1.0280E-04   
520   3.417E-03   8.4775E-05   1.0446E-04   8.4761E-05 / 1.0446E-04   
530   3.417E-03   8.2222E-05   1.0088E-04   8.2222E-05 / 1.0088E-04   
540   3.417E-03   7.7566E-05   9.8332E-05   7.7488E-05 / 9.8307E-05   
550   3.417E-03   7.6375E-05   9.8786E-05   7.6025E-05 / 9.8550E-05   
560   3.417E-03   8.5799E-05   1.0776E-04   8.5746E-05 / 1.0770E-04   
570   3.417E-03   7.4417E-05   9.4426E-05   7.4229E-05 / 9.4378E-05   
580   3.417E-03   7.0011E-05   9.1493E-05   6.9965E-05 / 9.1421E-05   
590   3.417E-03   7.0905E-05   9.2922E-05   7.0849E-05 / 9.2835E-05   
600   3.417E-03   6.9898E-05   9.3045E-05   6.9861E-05 / 9.2988E-05   
610   3.417E-03   8.3037E-05   1.0745E-04   8.3009E-05 / 1.0744E-04   
620   3.417E-03   7.2138E-05   9.3507E-05   7.2138E-05 / 9.3507E-05   
630   3.417E-03   6.8517E-05   9.0640E-05   6.8280E-05 / 9.0404E-05   
640   3.417E-03   6.2672E-05   8.2529E-05   6.2329E-05 / 8.2208E-05   
650   3.417E-03   6.3846E-05   8.5364E-05   6.3734E-05 / 8.5279E-05   
660   3.417E-03   5.9282E-05   8.0295E-05   5.9096E-05 / 8.0176E-05   
670   3.417E-03   5.8863E-05   8.0958E-05   5.8709E-05 / 8.0885E-05   
680   3.417E-03   5.7943E-05   7.7320E-05   5.7786E-05 / 7.7243E-05   
690   3.417E-03   5.7273E-05   7.9550E-05   5.7245E-05 / 7.9545E-05   
700   3.417E-03   5.8144E-05   7.8106E-05   5.7752E-05 / 7.7868E-05   
710   3.417E-03   5.4813E-05   7.4094E-05   5.4683E-05 / 7.4016E-05   
720   3.417E-03   5.1893E-05   7.1560E-05   5.1862E-05 / 7.1546E-05   
730   3.417E-03   5.3935E-05   7.4840E-05   5.3761E-05 / 7.4692E-05   
740   3.417E-03   5.3873E-05   7.2354E-05   5.3814E-05 / 7.2293E-05   
750   3.417E-03   5.8389E-05   7.7054E-05   5.8163E-05 / 7.6851E-05   
760   3.417E-03   4.8935E-05   6.8767E-05   4.8742E-05 / 6.8556E-05   
770   3.417E-03   4.8197E-05   6.6237E-05   4.8062E-05 / 6.6077E-05   
780   3.417E-03   4.7533E-05   6.7006E-05   4.7336E-05 / 6.6777E-05   
790   3.417E-03   4.9879E-05   7.1602E-05   4.9222E-05 / 7.1062E-05   
800   3.417E-03   5.5002E-05   7.2539E-05   4.9993E-05 / 6.7753E-05   
810   3.417E-03   4.9290E-05   7.0213E-05   4.8893E-05 / 6.9882E-05   
820   3.417E-03   4.5260E-05   6.5464E-05   4.4910E-05 / 6.5113E-05   
830   3.417E-03   5.0393E-05   7.1720E-05   5.0363E-05 / 7.1693E-05   
840   3.417E-03   4.2806E-05   6.2275E-05   4.2626E-05 / 6.2102E-05   
850   3.417E-03   4.2925E-05   6.3069E-05   4.2812E-05 / 6.2989E-05   
860   3.417E-03   4.3336E-05   6.1804E-05   4.3262E-05 / 6.1751E-05   
870   3.417E-03   5.9046E-05   7.0748E-05   5.8975E-05 / 7.0703E-05   
880   3.417E-03   4.2677E-05   5.9036E-05   4.2643E-05 / 5.9026E-05   
890   3.417E-03   3.8716E-05   5.4677E-05   3.8524E-05 / 5.4553E-05   
900   3.417E-03   3.9551E-05   5.5811E-05   3.8721E-05 / 5.5061E-05   
910   3.417E-03   3.9360E-05   5.4417E-05   3.9348E-05 / 5.4416E-05   
920   3.417E-03   4.4855E-05   6.0345E-05   4.4571E-05 / 6.0140E-05   
930   3.417E-03   3.7144E-05   5.2749E-05   3.7119E-05 / 5.2746E-05   
940   3.417E-03   3.7417E-05   5.2567E-05   3.7204E-05 / 5.2416E-05   
950   3.417E-03   3.5653E-05   4.9910E-05   3.5502E-05 / 4.9801E-05   
960   3.417E-03   3.6201E-05   5.0076E-05   3.6121E-05 / 5.0011E-05   
970   3.417E-03   3.5114E-05   4.8438E-05   3.5023E-05 / 4.8353E-05   
980   3.417E-03   3.4950E-05   4.9608E-05   3.4756E-05 / 4.9417E-05   
990   3.417E-03   3.7895E-05   5.1901E-05   3.7593E-05 / 5.1617E-05   
1000   3.417E-03   3.9928E-05   5.5173E-05   3.9677E-05 / 5.4914E-05   
1010   3.417E-03   4.6359E-05   5.8619E-05   4.6359E-05 / 5.8619E-05   
1020   3.417E-03   3.5767E-05   4.6628E-05   3.5622E-05 / 4.6465E-05   
1030   3.417E-03   3.4751E-05   4.9518E-05   3.4707E-05 / 4.9467E-05   
1040   3.417E-03   3.2158E-05   4.6547E-05   3.1975E-05 / 4.6350E-05   
1050   3.417E-03   3.2614E-05   4.7766E-05   3.2604E-05 / 4.7751E-05   
1060   3.417E-03   3.6592E-05   4.9142E-05   3.4877E-05 / 4.7495E-05   
1070   3.417E-03   3.1247E-05   4.5869E-05   3.1243E-05 / 4.5866E-05   
1080   3.417E-03   3.1644E-05   4.6631E-05   3.1285E-05 / 4.6268E-05   
1090   3.417E-03   3.0962E-05   4.6372E-05   3.0962E-05 / 4.6372E-05   
1100   3.417E-03   3.4222E-05   5.0253E-05   3.4222E-05 / 5.0253E-05   
1110   3.417E-03   3.8041E-05   5.2544E-05   3.6683E-05 / 5.1227E-05   
1120   3.417E-03   3.3283E-05   5.0438E-05   3.2658E-05 / 4.9824E-05   
1130   3.417E-03   3.1297E-05   4.7409E-05   3.1007E-05 / 4.7136E-05   
1140   3.417E-03   2.8736E-05   4.5443E-05   2.8547E-05 / 4.5262E-05   
1150   3.417E-03   3.1007E-05   4.7186E-05   3.0675E-05 / 4.6893E-05   
1160   3.417E-03   3.0119E-05   4.6998E-05   2.9925E-05 / 4.6817E-05   
1170   3.417E-03   2.8767E-05   4.4495E-05   2.8762E-05 / 4.4494E-05   
1180   3.417E-03   3.4433E-05   5.0368E-05   3.0205E-05 / 4.6234E-05   
1190   3.417E-03   3.0292E-05   4.7375E-05   2.9299E-05 / 4.6369E-05   
1200   3.417E-03   3.5715E-05   5.2761E-05   3.5693E-05 / 5.2744E-05   
1210   3.417E-03   3.7428E-05   4.9380E-05   3.7398E-05 / 4.9359E-05   
1220   3.417E-03   3.1503E-05   4.6689E-05   3.1347E-05 / 4.6563E-05   
1230   3.417E-03   2.7537E-05   4.2723E-05   2.6728E-05 / 4.1934E-05   
1240   3.417E-03   2.5929E-05   4.2278E-05   2.5805E-05 / 4.2182E-05   
1250   3.417E-03   2.6058E-05   4.2226E-05   2.6004E-05 / 4.2200E-05   
1260   3.417E-03   2.6106E-05   4.2695E-05   2.5888E-05 / 4.2529E-05   
1270   3.417E-03   2.7147E-05   4.3719E-05   2.6940E-05 / 4.3536E-05   
1280   3.417E-03   2.5547E-05   3.9250E-05   2.5492E-05 / 3.9229E-05   
1290   3.417E-03   2.5510E-05   4.0110E-05   2.5377E-05 / 4.0027E-05   
1300   3.417E-03   2.5204E-05   4.1074E-05   2.4792E-05 / 4.0702E-05   
1310   3.417E-03   2.5250E-05   4.1603E-05   2.5112E-05 / 4.1490E-05   
1320   3.417E-03   2.6716E-05   4.4268E-05   2.6343E-05 / 4.3907E-05   
1330   3.417E-03   2.5066E-05   4.3065E-05   2.5063E-05 / 4.3065E-05   
1340   3.417E-03   4.0835E-05   6.3321E-05   4.0795E-05 / 6.3295E-05   
1350   3.417E-03   2.5078E-05   4.6143E-05   2.5012E-05 / 4.6096E-05   
1360   3.417E-03   2.4121E-05   4.5535E-05   2.4042E-05 / 4.5478E-05   
1370   3.417E-03   2.4639E-05   5.0866E-05   2.4421E-05 / 5.0670E-05   
1380   3.417E-03   2.4100E-05   5.4808E-05   2.4092E-05 / 5.4807E-05   
1390   3.417E-03   2.3583E-05   5.0758E-05   2.3583E-05 / 5.0758E-05   
1400   3.417E-03   2.3104E-05   5.6961E-05   2.3092E-05 / 5.6948E-05   
1410   3.417E-03   2.6286E-05   5.5892E-05   2.6244E-05 / 5.5842E-05   
1420   3.417E-03   2.2916E-05   5.7441E-05   2.2883E-05 / 5.7426E-05   
1430   3.417E-03   2.2797E-05   7.3804E-05   2.2617E-05 / 7.3599E-05   
1440   3.417E-03   2.3099E-05   6.9776E-05   2.3052E-05 / 6.9721E-05   
1450   3.417E-03   2.4471E-05   7.8676E-05   2.4272E-05 / 7.8452E-05   
1460   3.417E-03   2.3836E-05   5.0238E-05   2.3722E-05 / 5.0127E-05   
1470   3.417E-03   2.3484E-05   9.3450E-05   2.3476E-05 / 9.3434E-05   
1480   3.417E-03   2.3712E-05   9.0862E-05   2.3270E-05 / 9.0441E-05   
1490   3.417E-03   2.3535E-05   1.1480E-04   2.2546E-05 / 1.1392E-04   
1500   3.417E-03   2.1550E-05   1.2284E-04   2.1519E-05 / 1.2277E-04   
1510   3.417E-03   2.3249E-05   1.4098E-04   2.2994E-05 / 1.4079E-04   
1520   3.417E-03   2.3165E-05   1.1493E-04   2.2820E-05 / 1.1461E-04   
1530   3.417E-03   2.0750E-05   1.5377E-04   2.0607E-05 / 1.5365E-04   
1540   3.417E-03   2.2225E-05   2.1888E-04   2.1857E-05 / 2.1840E-04   
BEST MODEL
===============================================================================================================
1280   3.417E-03   2.5547E-05   3.9250E-05   2.5492E-05 / 3.9229E-05   
===============================================================================================================
Saved model to /home/nikki/kan/kanTBNN/models/multi_run/kan_experiment_134_opt/kanTBNN-24Nov08_02:17:47.pickle
