========== Dataset info ==========
Dataset params: {'file': '/home/nikki/kan/data/turbulence_dataset_clean.csv', 'Cases': ['fp_1000', 'fp_1410', 'fp_2000', 'fp_2540', 'fp_3030', 'fp_3270', 'fp_3630', 'fp_3970', 'fp_4060'], 'val_set': ['fp_3030', 'fp_1410', 'fp_4060'], 'test_set': ['fp_3630'], 'data_loader': <class 'tbnn.dataloaders.aDataset'>}
Train/Valid/Test points: 760 / 468 / 168
Memorization?: False
Cluster training?: False
EPOCH     LR        TRAIN         VALID             MSE:T/V                  RL:T/V             %NR_t/%NR_v
===============================================================================================================
  1   3.079E-03   1.3577E-01   1.2998E-01   1.3577E-01 / 1.2998E-01   
 10   3.079E-03   4.8813E-03   4.4838E-03   4.8668E-03 / 4.4681E-03   
 20   3.079E-03   2.9822E-03   2.8933E-03   2.9694E-03 / 2.8808E-03   
 30   3.079E-03   2.4041E-03   2.3835E-03   2.3910E-03 / 2.3712E-03   
 40   3.079E-03   2.0297E-03   2.0310E-03   2.0182E-03 / 2.0204E-03   
 50   3.079E-03   1.7536E-03   1.7693E-03   1.7480E-03 / 1.7645E-03   
 60   3.079E-03   1.5290E-03   1.5538E-03   1.5255E-03 / 1.5510E-03   
 70   3.079E-03   1.3493E-03   1.3831E-03   1.3471E-03 / 1.3815E-03   
 80   3.079E-03   1.2010E-03   1.2471E-03   1.2000E-03 / 1.2464E-03   
 90   3.079E-03   1.0892E-03   1.1457E-03   1.0883E-03 / 1.1452E-03   
100   3.079E-03   1.0002E-03   1.0653E-03   9.9960E-04 / 1.0650E-03   
110   3.079E-03   9.2565E-04   1.0013E-03   9.2527E-04 / 1.0010E-03   
120   3.079E-03   8.5910E-04   9.4077E-04   8.5846E-04 / 9.4028E-04   
130   3.079E-03   8.0269E-04   8.8463E-04   8.0196E-04 / 8.8398E-04   
140   3.079E-03   7.5201E-04   8.3443E-04   7.5122E-04 / 8.3370E-04   
150   3.079E-03   7.1001E-04   7.9926E-04   7.0903E-04 / 7.9841E-04   
160   3.079E-03   6.7017E-04   7.7798E-04   6.6922E-04 / 7.7720E-04   
170   3.079E-03   6.3493E-04   7.3631E-04   6.3430E-04 / 7.3586E-04   
180   3.079E-03   6.0272E-04   7.0129E-04   6.0234E-04 / 7.0098E-04   
190   3.079E-03   5.6684E-04   6.8592E-04   5.6646E-04 / 6.8553E-04   
200   3.079E-03   5.3586E-04   6.5504E-04   5.3560E-04 / 6.5481E-04   
210   3.079E-03   5.1265E-04   6.5952E-04   5.1236E-04 / 6.5934E-04   
220   3.079E-03   4.8745E-04   6.4473E-04   4.8710E-04 / 6.4449E-04   
230   3.079E-03   4.6473E-04   6.3902E-04   4.6446E-04 / 6.3883E-04   
240   3.079E-03   4.4621E-04   6.5167E-04   4.4603E-04 / 6.5156E-04   
250   3.079E-03   4.6006E-04   6.5192E-04   4.5991E-04 / 6.5182E-04   
260   3.079E-03   4.1679E-04   6.7798E-04   4.1657E-04 / 6.7785E-04   
270   3.079E-03   3.9801E-04   6.8681E-04   3.9770E-04 / 6.8661E-04   
280   3.079E-03   3.8796E-04   7.0638E-04   3.8766E-04 / 7.0621E-04   
290   3.079E-03   4.0033E-04   7.7493E-04   4.0021E-04 / 7.7489E-04   
300   3.079E-03   3.7543E-04   7.5073E-04   3.7524E-04 / 7.5065E-04   
310   3.079E-03   3.6884E-04   7.7396E-04   3.6873E-04 / 7.7391E-04   
320   3.079E-03   3.3163E-04   8.2441E-04   3.3145E-04 / 8.2433E-04   
330   3.079E-03   3.2913E-04   8.6872E-04   3.2887E-04 / 8.6856E-04   
340   3.079E-03   3.2077E-04   9.1971E-04   3.2057E-04 / 9.1959E-04   
350   3.079E-03   3.1213E-04   9.7422E-04   3.1198E-04 / 9.7414E-04   
360   3.079E-03   3.3017E-04   9.9839E-04   3.2990E-04 / 9.9823E-04   
370   3.079E-03   2.9515E-04   1.0198E-03   2.9501E-04 / 1.0197E-03   
380   3.079E-03   2.9638E-04   1.0444E-03   2.9620E-04 / 1.0443E-03   
390   3.079E-03   2.9757E-04   1.0820E-03   2.9746E-04 / 1.0820E-03   
400   3.079E-03   3.1150E-04   1.1523E-03   3.1132E-04 / 1.1522E-03   
410   3.079E-03   3.1351E-04   1.0549E-03   3.1338E-04 / 1.0549E-03   
420   3.079E-03   2.6672E-04   1.0597E-03   2.6659E-04 / 1.0596E-03   
430   3.079E-03   2.6162E-04   1.0431E-03   2.6147E-04 / 1.0431E-03   
440   3.079E-03   2.5900E-04   1.1464E-03   2.5884E-04 / 1.1463E-03   
450   3.079E-03   2.5527E-04   1.1162E-03   2.5511E-04 / 1.1161E-03   
460   3.079E-03   2.6572E-04   1.2074E-03   2.6552E-04 / 1.2073E-03   
470   3.079E-03   2.4671E-04   1.2873E-03   2.4649E-04 / 1.2871E-03   
480   3.079E-03   2.5680E-04   1.2927E-03   2.5655E-04 / 1.2926E-03   
490   3.079E-03   2.4861E-04   1.3471E-03   2.4841E-04 / 1.3470E-03   
BEST MODEL
===============================================================================================================
229   3.079E-03   4.6663E-04   6.2450E-04   4.6639E-04 / 6.2437E-04   
===============================================================================================================
Saved model to /home/nikki/kan/kanTBNN/models/multi_run/kan_experiment_68_opt/kanTBNN-24Nov06_12:21:57.pickle
