========== Dataset info ==========
Dataset params: {'file': '/home/nikki/kan/data/turbulence_dataset_clean.csv', 'Cases': ['fp_1000', 'fp_1410', 'fp_2000', 'fp_2540', 'fp_3030', 'fp_3270', 'fp_3630', 'fp_3970', 'fp_4060'], 'val_set': ['fp_3030', 'fp_1410', 'fp_4060'], 'test_set': ['fp_3630'], 'data_loader': <class 'tbnn.dataloaders.aDataset'>}
Train/Valid/Test points: 760 / 468 / 168
Memorization?: False
Cluster training?: False
EPOCH     LR        TRAIN         VALID             MSE:T/V                  RL:T/V             %NR_t/%NR_v
===============================================================================================================
  1   5.382E-04   1.7600E-01   1.7389E-01   1.7600E-01 / 1.7389E-01   
 10   5.382E-04   7.4676E-02   7.2340E-02   7.4675E-02 / 7.2340E-02   
 20   5.382E-04   2.4752E-02   2.3293E-02   2.4749E-02 / 2.3291E-02   
 30   5.382E-04   1.1958E-02   1.1081E-02   1.1947E-02 / 1.1073E-02   
 40   5.382E-04   7.5318E-03   6.9569E-03   7.4784E-03 / 6.9033E-03   
 50   5.382E-04   5.6706E-03   5.2484E-03   5.6422E-03 / 5.2183E-03   
 60   5.382E-04   4.7047E-03   4.3614E-03   4.6906E-03 / 4.3463E-03   
 70   5.382E-04   4.1155E-03   3.8258E-03   4.1077E-03 / 3.8173E-03   
 80   5.382E-04   3.7082E-03   3.4613E-03   3.7021E-03 / 3.4547E-03   
 90   5.382E-04   3.3993E-03   3.1863E-03   3.3938E-03 / 3.1803E-03   
100   5.382E-04   3.1453E-03   2.9600E-03   3.1409E-03 / 2.9553E-03   
110   5.382E-04   2.9263E-03   2.7632E-03   2.9230E-03 / 2.7598E-03   
120   5.382E-04   2.7370E-03   2.5925E-03   2.7331E-03 / 2.5889E-03   
130   5.382E-04   2.5761E-03   2.4488E-03   2.5709E-03 / 2.4440E-03   
140   5.382E-04   2.4328E-03   2.3197E-03   2.4266E-03 / 2.3140E-03   
150   5.382E-04   2.3047E-03   2.2049E-03   2.2983E-03 / 2.1991E-03   
160   5.382E-04   2.1904E-03   2.1029E-03   2.1846E-03 / 2.0974E-03   
170   5.382E-04   2.0848E-03   2.0070E-03   2.0793E-03 / 2.0019E-03   
180   5.382E-04   1.9886E-03   1.9202E-03   1.9834E-03 / 1.9153E-03   
190   5.382E-04   1.8986E-03   1.8371E-03   1.8936E-03 / 1.8324E-03   
200   5.382E-04   1.8142E-03   1.7601E-03   1.8096E-03 / 1.7558E-03   
210   5.382E-04   1.7352E-03   1.6866E-03   1.7311E-03 / 1.6828E-03   
220   5.382E-04   1.6601E-03   1.6164E-03   1.6565E-03 / 1.6130E-03   
230   5.382E-04   1.5886E-03   1.5489E-03   1.5851E-03 / 1.5457E-03   
240   5.382E-04   1.5209E-03   1.4852E-03   1.5175E-03 / 1.4820E-03   
250   5.382E-04   1.4566E-03   1.4244E-03   1.4533E-03 / 1.4212E-03   
260   5.382E-04   1.3960E-03   1.3666E-03   1.3926E-03 / 1.3634E-03   
270   5.382E-04   1.3388E-03   1.3125E-03   1.3355E-03 / 1.3093E-03   
280   5.382E-04   1.2841E-03   1.2601E-03   1.2811E-03 / 1.2571E-03   
290   5.382E-04   1.2326E-03   1.2112E-03   1.2299E-03 / 1.2086E-03   
300   5.382E-04   1.1842E-03   1.1652E-03   1.1816E-03 / 1.1626E-03   
310   5.382E-04   1.1396E-03   1.1223E-03   1.1370E-03 / 1.1199E-03   
320   5.382E-04   1.0972E-03   1.0818E-03   1.0944E-03 / 1.0792E-03   
330   5.382E-04   1.0569E-03   1.0434E-03   1.0543E-03 / 1.0409E-03   
340   5.382E-04   1.0171E-03   1.0050E-03   1.0142E-03 / 1.0023E-03   
350   5.382E-04   9.7808E-04   9.6760E-04   9.7540E-04 / 9.6507E-04   
360   5.382E-04   9.4027E-04   9.3064E-04   9.3802E-04 / 9.2846E-04   
370   5.382E-04   9.0335E-04   8.9500E-04   9.0119E-04 / 8.9284E-04   
380   5.382E-04   8.6768E-04   8.6078E-04   8.6577E-04 / 8.5890E-04   
390   5.382E-04   8.3343E-04   8.2784E-04   8.3143E-04 / 8.2606E-04   
400   5.382E-04   8.0048E-04   7.9626E-04   7.9843E-04 / 7.9463E-04   
410   5.382E-04   7.6867E-04   7.6502E-04   7.6679E-04 / 7.6370E-04   
420   5.382E-04   7.3832E-04   7.3673E-04   7.3650E-04 / 7.3555E-04   
430   5.382E-04   7.0861E-04   7.0834E-04   7.0670E-04 / 7.0714E-04   
440   5.382E-04   6.8041E-04   6.8203E-04   6.7867E-04 / 6.8096E-04   
450   5.382E-04   6.5370E-04   6.5583E-04   6.5213E-04 / 6.5485E-04   
460   5.382E-04   6.2801E-04   6.3217E-04   6.2668E-04 / 6.3132E-04   
470   5.382E-04   6.0409E-04   6.0945E-04   6.0307E-04 / 6.0880E-04   
480   5.382E-04   5.8115E-04   5.8750E-04   5.8023E-04 / 5.8690E-04   
490   5.382E-04   5.5997E-04   5.6775E-04   5.5924E-04 / 5.6728E-04   
500   5.382E-04   5.4047E-04   5.4740E-04   5.3980E-04 / 5.4697E-04   
510   5.382E-04   5.2178E-04   5.3013E-04   5.2126E-04 / 5.2982E-04   
520   5.382E-04   5.0469E-04   5.1518E-04   5.0430E-04 / 5.1496E-04   
530   5.382E-04   4.8894E-04   4.9882E-04   4.8856E-04 / 4.9859E-04   
540   5.382E-04   4.7454E-04   4.8553E-04   4.7409E-04 / 4.8520E-04   
550   5.382E-04   4.6101E-04   4.7223E-04   4.6049E-04 / 4.7179E-04   
560   5.382E-04   4.4826E-04   4.5950E-04   4.4767E-04 / 4.5896E-04   
570   5.382E-04   4.3651E-04   4.4867E-04   4.3588E-04 / 4.4810E-04   
580   5.382E-04   4.2495E-04   4.3698E-04   4.2433E-04 / 4.3644E-04   
590   5.382E-04   4.1403E-04   4.2607E-04   4.1350E-04 / 4.2563E-04   
600   5.382E-04   4.0336E-04   4.1471E-04   4.0287E-04 / 4.1432E-04   
610   5.382E-04   3.9364E-04   4.0492E-04   3.9310E-04 / 4.0448E-04   
620   5.382E-04   3.8292E-04   3.9681E-04   3.8261E-04 / 3.9656E-04   
630   5.382E-04   3.7356E-04   3.8736E-04   3.7330E-04 / 3.8714E-04   
640   5.382E-04   3.6387E-04   3.7694E-04   3.6362E-04 / 3.7671E-04   
650   5.382E-04   3.5477E-04   3.6959E-04   3.5450E-04 / 3.6932E-04   
660   5.382E-04   3.4603E-04   3.6043E-04   3.4592E-04 / 3.6031E-04   
670   5.382E-04   3.3753E-04   3.5320E-04   3.3733E-04 / 3.5297E-04   
680   5.382E-04   3.2906E-04   3.4449E-04   3.2888E-04 / 3.4429E-04   
690   5.382E-04   3.2128E-04   3.3594E-04   3.2112E-04 / 3.3579E-04   
700   5.382E-04   3.1379E-04   3.3009E-04   3.1362E-04 / 3.2994E-04   
710   5.382E-04   3.0632E-04   3.2396E-04   3.0620E-04 / 3.2387E-04   
720   5.382E-04   2.9912E-04   3.1634E-04   2.9899E-04 / 3.1624E-04   
730   5.382E-04   2.9232E-04   3.0975E-04   2.9212E-04 / 3.0960E-04   
740   5.382E-04   2.8561E-04   3.0303E-04   2.8546E-04 / 3.0290E-04   
750   5.382E-04   2.7939E-04   2.9714E-04   2.7920E-04 / 2.9696E-04   
760   5.382E-04   2.7327E-04   2.9168E-04   2.7309E-04 / 2.9150E-04   
770   5.382E-04   2.6777E-04   2.8786E-04   2.6760E-04 / 2.8768E-04   
780   5.382E-04   2.6233E-04   2.8237E-04   2.6204E-04 / 2.8206E-04   
790   5.382E-04   2.5667E-04   2.7784E-04   2.5641E-04 / 2.7758E-04   
800   5.382E-04   2.5126E-04   2.7350E-04   2.5102E-04 / 2.7327E-04   
810   5.382E-04   2.4595E-04   2.6920E-04   2.4570E-04 / 2.6898E-04   
820   5.382E-04   2.4106E-04   2.6423E-04   2.4089E-04 / 2.6412E-04   
830   5.382E-04   2.3646E-04   2.6377E-04   2.3630E-04 / 2.6368E-04   
840   5.382E-04   2.3215E-04   2.5716E-04   2.3201E-04 / 2.5709E-04   
850   5.382E-04   2.2681E-04   2.5393E-04   2.2665E-04 / 2.5385E-04   
860   5.382E-04   2.2226E-04   2.5120E-04   2.2208E-04 / 2.5111E-04   
870   5.382E-04   2.1772E-04   2.4837E-04   2.1758E-04 / 2.4830E-04   
880   5.382E-04   2.1375E-04   2.4677E-04   2.1362E-04 / 2.4669E-04   
890   5.382E-04   2.0955E-04   2.4368E-04   2.0943E-04 / 2.4359E-04   
900   5.382E-04   2.0572E-04   2.4035E-04   2.0560E-04 / 2.4024E-04   
910   5.382E-04   2.0141E-04   2.3780E-04   2.0127E-04 / 2.3765E-04   
920   5.382E-04   1.9790E-04   2.3577E-04   1.9774E-04 / 2.3559E-04   
930   5.382E-04   1.9391E-04   2.3097E-04   1.9374E-04 / 2.3077E-04   
940   5.382E-04   1.9140E-04   2.2884E-04   1.9123E-04 / 2.2864E-04   
950   5.382E-04   1.8795E-04   2.2787E-04   1.8782E-04 / 2.2770E-04   
960   5.382E-04   1.8380E-04   2.2547E-04   1.8368E-04 / 2.2531E-04   
970   5.382E-04   1.8085E-04   2.1976E-04   1.8052E-04 / 2.1945E-04   
980   5.382E-04   1.7755E-04   2.1739E-04   1.7729E-04 / 2.1714E-04   
990   5.382E-04   1.7402E-04   2.1679E-04   1.7384E-04 / 2.1663E-04   
1000   5.382E-04   1.7120E-04   2.1523E-04   1.7102E-04 / 2.1508E-04   
1010   5.382E-04   1.6807E-04   2.1218E-04   1.6790E-04 / 2.1205E-04   
1020   5.382E-04   1.6539E-04   2.0832E-04   1.6514E-04 / 2.0812E-04   
1030   5.382E-04   1.6376E-04   2.0920E-04   1.6358E-04 / 2.0907E-04   
1040   5.382E-04   1.6031E-04   2.0584E-04   1.6015E-04 / 2.0573E-04   
1050   5.382E-04   1.5737E-04   2.0039E-04   1.5720E-04 / 2.0026E-04   
1060   5.382E-04   1.5563E-04   2.0035E-04   1.5541E-04 / 2.0023E-04   
1070   5.382E-04   1.5244E-04   1.9603E-04   1.5232E-04 / 1.9592E-04   
1080   5.382E-04   1.5020E-04   1.9612E-04   1.4999E-04 / 1.9591E-04   
1090   5.382E-04   1.4799E-04   1.9596E-04   1.4783E-04 / 1.9577E-04   
1100   5.382E-04   1.4574E-04   1.9091E-04   1.4556E-04 / 1.9069E-04   
1110   5.382E-04   1.4431E-04   1.8364E-04   1.4414E-04 / 1.8343E-04   
1120   5.382E-04   1.4175E-04   1.8906E-04   1.4165E-04 / 1.8893E-04   
1130   5.382E-04   1.3953E-04   1.8651E-04   1.3937E-04 / 1.8633E-04   
1140   5.382E-04   1.3861E-04   1.8633E-04   1.3838E-04 / 1.8605E-04   
1150   5.382E-04   1.3591E-04   1.8423E-04   1.3574E-04 / 1.8404E-04   
1160   5.382E-04   1.3489E-04   1.7870E-04   1.3470E-04 / 1.7850E-04   
1170   5.382E-04   1.3199E-04   1.8187E-04   1.3181E-04 / 1.8169E-04   
1180   5.382E-04   1.3015E-04   1.7512E-04   1.2989E-04 / 1.7487E-04   
1190   5.382E-04   1.2833E-04   1.7246E-04   1.2815E-04 / 1.7233E-04   
1200   5.382E-04   1.2720E-04   1.7239E-04   1.2686E-04 / 1.7208E-04   
1210   5.382E-04   1.2510E-04   1.6991E-04   1.2481E-04 / 1.6969E-04   
1220   5.382E-04   1.2380E-04   1.6714E-04   1.2347E-04 / 1.6689E-04   
1230   5.382E-04   1.2201E-04   1.6876E-04   1.2187E-04 / 1.6869E-04   
1240   5.382E-04   1.2060E-04   1.6770E-04   1.2041E-04 / 1.6759E-04   
1250   5.382E-04   1.1934E-04   1.6297E-04   1.1915E-04 / 1.6288E-04   
1260   5.382E-04   1.1774E-04   1.6103E-04   1.1751E-04 / 1.6092E-04   
1270   5.382E-04   1.1686E-04   1.6615E-04   1.1662E-04 / 1.6604E-04   
1280   5.382E-04   1.1525E-04   1.6039E-04   1.1502E-04 / 1.6028E-04   
1290   5.382E-04   1.1404E-04   1.5989E-04   1.1389E-04 / 1.5981E-04   
1300   5.382E-04   1.1256E-04   1.5528E-04   1.1239E-04 / 1.5519E-04   
1310   5.382E-04   1.1144E-04   1.4935E-04   1.1119E-04 / 1.4918E-04   
1320   5.382E-04   1.1009E-04   1.5300E-04   1.0999E-04 / 1.5292E-04   
1330   5.382E-04   1.0877E-04   1.5226E-04   1.0857E-04 / 1.5209E-04   
1340   5.382E-04   1.0737E-04   1.5052E-04   1.0719E-04 / 1.5034E-04   
1350   5.382E-04   1.0638E-04   1.4477E-04   1.0618E-04 / 1.4458E-04   
1360   5.382E-04   1.0653E-04   1.4629E-04   1.0643E-04 / 1.4618E-04   
1370   5.382E-04   1.0430E-04   1.4675E-04   1.0399E-04 / 1.4644E-04   
1380   5.382E-04   1.0426E-04   1.4700E-04   1.0410E-04 / 1.4684E-04   
1390   5.382E-04   1.0179E-04   1.4055E-04   1.0160E-04 / 1.4035E-04   
1400   5.382E-04   1.0083E-04   1.4144E-04   1.0058E-04 / 1.4118E-04   
1410   5.382E-04   1.0018E-04   1.3631E-04   1.0000E-04 / 1.3611E-04   
1420   5.382E-04   9.9165E-05   1.3937E-04   9.9054E-05 / 1.3926E-04   
1430   5.382E-04   9.8196E-05   1.3365E-04   9.8011E-05 / 1.3343E-04   
1440   5.382E-04   9.7283E-05   1.3173E-04   9.7020E-05 / 1.3145E-04   
1450   5.382E-04   9.5908E-05   1.3235E-04   9.5740E-05 / 1.3219E-04   
1460   5.382E-04   9.5550E-05   1.3313E-04   9.5236E-05 / 1.3281E-04   
1470   5.382E-04   9.4884E-05   1.2753E-04   9.4596E-05 / 1.2726E-04   
1480   5.382E-04   9.3114E-05   1.3055E-04   9.2865E-05 / 1.3034E-04   
1490   5.382E-04   9.2388E-05   1.2654E-04   9.2157E-05 / 1.2634E-04   
1500   5.382E-04   9.2487E-05   1.3036E-04   9.2279E-05 / 1.3018E-04   
1510   5.382E-04   9.0872E-05   1.2618E-04   9.0674E-05 / 1.2604E-04   
1520   5.382E-04   9.0498E-05   1.2568E-04   9.0352E-05 / 1.2558E-04   
1530   5.382E-04   8.9204E-05   1.2379E-04   8.8920E-05 / 1.2356E-04   
1540   5.382E-04   8.8563E-05   1.2244E-04   8.8205E-05 / 1.2216E-04   
1550   5.382E-04   8.8441E-05   1.2487E-04   8.8236E-05 / 1.2475E-04   
1560   5.382E-04   8.7091E-05   1.2059E-04   8.6862E-05 / 1.2046E-04   
1570   5.382E-04   8.7162E-05   1.2070E-04   8.6899E-05 / 1.2057E-04   
1580   5.382E-04   8.5454E-05   1.1867E-04   8.5178E-05 / 1.1854E-04   
1590   5.382E-04   8.5052E-05   1.1597E-04   8.4759E-05 / 1.1581E-04   
1600   5.382E-04   8.4209E-05   1.1578E-04   8.3943E-05 / 1.1565E-04   
1610   5.382E-04   8.4368E-05   1.1804E-04   8.4068E-05 / 1.1788E-04   
1620   5.382E-04   8.2962E-05   1.1620E-04   8.2734E-05 / 1.1611E-04   
1630   5.382E-04   8.2080E-05   1.1480E-04   8.1870E-05 / 1.1470E-04   
1640   5.382E-04   8.1986E-05   1.1621E-04   8.1733E-05 / 1.1609E-04   
1650   5.382E-04   8.0965E-05   1.1300E-04   8.0753E-05 / 1.1291E-04   
1660   5.382E-04   8.0267E-05   1.1253E-04   8.0016E-05 / 1.1240E-04   
1670   5.382E-04   7.9327E-05   1.1222E-04   7.9100E-05 / 1.1208E-04   
1680   5.382E-04   7.9173E-05   1.1089E-04   7.8992E-05 / 1.1078E-04   
1690   5.382E-04   7.8317E-05   1.1097E-04   7.8171E-05 / 1.1086E-04   
1700   5.382E-04   7.7659E-05   1.0876E-04   7.7439E-05 / 1.0860E-04   
1710   5.382E-04   7.7073E-05   1.1110E-04   7.6815E-05 / 1.1087E-04   
1720   5.382E-04   7.6541E-05   1.0893E-04   7.6301E-05 / 1.0872E-04   
1730   5.382E-04   7.5822E-05   1.0794E-04   7.5633E-05 / 1.0778E-04   
1740   5.382E-04   7.5661E-05   1.0914E-04   7.5412E-05 / 1.0893E-04   
1750   5.382E-04   7.5045E-05   1.0879E-04   7.4851E-05 / 1.0861E-04   
1760   5.382E-04   7.4312E-05   1.0764E-04   7.4074E-05 / 1.0743E-04   
1770   5.382E-04   7.3632E-05   1.0666E-04   7.3448E-05 / 1.0647E-04   
1780   5.382E-04   7.3446E-05   1.0652E-04   7.3265E-05 / 1.0632E-04   
1790   5.382E-04   7.2896E-05   1.0339E-04   7.2632E-05 / 1.0312E-04   
1800   5.382E-04   7.1822E-05   1.0352E-04   7.1551E-05 / 1.0324E-04   
1810   5.382E-04   7.1711E-05   1.0279E-04   7.1524E-05 / 1.0257E-04   
1820   5.382E-04   7.0801E-05   1.0300E-04   7.0636E-05 / 1.0282E-04   
1830   5.382E-04   7.0992E-05   1.0330E-04   7.0768E-05 / 1.0304E-04   
1840   5.382E-04   7.0398E-05   1.0263E-04   7.0208E-05 / 1.0241E-04   
1850   5.382E-04   7.0044E-05   1.0430E-04   6.9761E-05 / 1.0397E-04   
1860   5.382E-04   6.9570E-05   1.0224E-04   6.9342E-05 / 1.0200E-04   
1870   5.382E-04   6.8617E-05   9.9431E-05   6.8339E-05 / 9.9117E-05   
1880   5.382E-04   6.8463E-05   9.9087E-05   6.8302E-05 / 9.8922E-05   
1890   5.382E-04   6.8494E-05   1.0203E-04   6.8297E-05 / 1.0180E-04   
1900   5.382E-04   6.7280E-05   9.9405E-05   6.7006E-05 / 9.9117E-05   
1910   5.382E-04   6.6888E-05   9.8996E-05   6.6639E-05 / 9.8729E-05   
1920   5.382E-04   6.6832E-05   9.8079E-05   6.6581E-05 / 9.7811E-05   
1930   5.382E-04   6.6106E-05   9.9776E-05   6.5847E-05 / 9.9509E-05   
1940   5.382E-04   6.5673E-05   9.8099E-05   6.5426E-05 / 9.7865E-05   
1950   5.382E-04   6.6402E-05   9.7715E-05   6.6125E-05 / 9.7443E-05   
1960   5.382E-04   6.5909E-05   9.9854E-05   6.5709E-05 / 9.9683E-05   
1970   5.382E-04   6.5536E-05   9.7634E-05   6.5267E-05 / 9.7391E-05   
1980   5.382E-04   6.4136E-05   9.7130E-05   6.3836E-05 / 9.6868E-05   
1990   5.382E-04   6.3808E-05   9.6117E-05   6.3553E-05 / 9.5905E-05   
2000   5.382E-04   6.3418E-05   9.6500E-05   6.3186E-05 / 9.6300E-05   
2010   5.382E-04   6.4901E-05   9.7832E-05   6.4710E-05 / 9.7689E-05   
2020   5.382E-04   6.3174E-05   9.7056E-05   6.2987E-05 / 9.6910E-05   
2030   5.382E-04   6.2468E-05   9.6309E-05   6.2184E-05 / 9.6082E-05   
2040   5.382E-04   6.2055E-05   9.4969E-05   6.1768E-05 / 9.4751E-05   
2050   5.382E-04   6.1906E-05   9.4167E-05   6.1696E-05 / 9.4024E-05   
2060   5.382E-04   6.3242E-05   9.5436E-05   6.3029E-05 / 9.5308E-05   
2070   5.382E-04   6.1096E-05   9.4872E-05   6.0869E-05 / 9.4721E-05   
2080   5.382E-04   6.0634E-05   9.2640E-05   6.0469E-05 / 9.2559E-05   
2090   5.382E-04   6.0688E-05   9.4504E-05   6.0445E-05 / 9.4357E-05   
2100   5.382E-04   6.0357E-05   9.3169E-05   6.0155E-05 / 9.3060E-05   
2110   5.382E-04   6.0863E-05   9.4028E-05   6.0729E-05 / 9.3975E-05   
2120   5.382E-04   5.9837E-05   9.2394E-05   5.9614E-05 / 9.2287E-05   
2130   5.382E-04   5.9359E-05   9.1879E-05   5.9123E-05 / 9.1766E-05   
2140   5.382E-04   5.9176E-05   9.4737E-05   5.8896E-05 / 9.4577E-05   
2150   5.382E-04   5.8780E-05   9.1092E-05   5.8524E-05 / 9.0952E-05   
2160   5.382E-04   5.8321E-05   8.9674E-05   5.8070E-05 / 8.9550E-05   
2170   5.382E-04   5.8435E-05   9.2146E-05   5.8139E-05 / 9.1983E-05   
2180   5.382E-04   5.8854E-05   9.1965E-05   5.8618E-05 / 9.1841E-05   
2190   5.382E-04   5.7406E-05   9.0948E-05   5.7227E-05 / 9.0876E-05   
2200   5.382E-04   5.7045E-05   9.0553E-05   5.6713E-05 / 9.0356E-05   
2210   5.382E-04   5.7197E-05   8.9566E-05   5.7062E-05 / 8.9514E-05   
2220   5.382E-04   5.6345E-05   9.0647E-05   5.6138E-05 / 9.0551E-05   
2230   5.382E-04   5.6357E-05   8.8992E-05   5.6049E-05 / 8.8813E-05   
2240   5.382E-04   5.5849E-05   8.9951E-05   5.5645E-05 / 8.9846E-05   
2250   5.382E-04   5.5513E-05   9.0380E-05   5.5260E-05 / 9.0225E-05   
2260   5.382E-04   5.5682E-05   8.8084E-05   5.5492E-05 / 8.7985E-05   
2270   5.382E-04   5.5343E-05   8.9385E-05   5.5164E-05 / 8.9292E-05   
2280   5.382E-04   5.6138E-05   8.6699E-05   5.5879E-05 / 8.6538E-05   
2290   5.382E-04   5.5167E-05   8.7785E-05   5.4939E-05 / 8.7648E-05   
2300   5.382E-04   5.4238E-05   8.7495E-05   5.3976E-05 / 8.7315E-05   
2310   5.382E-04   5.4634E-05   8.8269E-05   5.4432E-05 / 8.8139E-05   
2320   5.382E-04   5.3878E-05   8.7608E-05   5.3618E-05 / 8.7423E-05   
2330   5.382E-04   5.3431E-05   8.5882E-05   5.3241E-05 / 8.5738E-05   
2340   5.382E-04   5.3770E-05   8.6473E-05   5.3552E-05 / 8.6314E-05   
2350   5.382E-04   5.2802E-05   8.6363E-05   5.2678E-05 / 8.6267E-05   
2360   5.382E-04   5.3515E-05   8.7661E-05   5.3331E-05 / 8.7505E-05   
2370   5.382E-04   5.2978E-05   8.3600E-05   5.2798E-05 / 8.3446E-05   
2380   5.382E-04   5.2423E-05   8.4283E-05   5.2248E-05 / 8.4151E-05   
2390   5.382E-04   5.1999E-05   8.5422E-05   5.1818E-05 / 8.5261E-05   
2400   5.382E-04   5.1907E-05   8.4367E-05   5.1753E-05 / 8.4237E-05   
2410   5.382E-04   5.1823E-05   8.4966E-05   5.1706E-05 / 8.4870E-05   
2420   5.382E-04   5.2314E-05   8.4007E-05   5.2182E-05 / 8.3865E-05   
2430   5.382E-04   5.1648E-05   8.3157E-05   5.1492E-05 / 8.3010E-05   
2440   5.382E-04   5.1307E-05   8.4824E-05   5.1097E-05 / 8.4610E-05   
2450   5.382E-04   5.1275E-05   8.3420E-05   5.1041E-05 / 8.3187E-05   
2460   5.382E-04   5.0580E-05   8.3032E-05   5.0438E-05 / 8.2872E-05   
2470   5.382E-04   5.2674E-05   8.4160E-05   5.2524E-05 / 8.3992E-05   
2480   5.382E-04   5.0007E-05   8.2778E-05   4.9885E-05 / 8.2648E-05   
2490   5.382E-04   4.9574E-05   8.1016E-05   4.9363E-05 / 8.0779E-05   
2500   5.382E-04   4.9562E-05   8.1324E-05   4.9308E-05 / 8.1038E-05   
2510   5.382E-04   4.9113E-05   8.1079E-05   4.8916E-05 / 8.0847E-05   
2520   5.382E-04   4.9071E-05   8.1301E-05   4.8909E-05 / 8.1109E-05   
2530   5.382E-04   4.9031E-05   8.1032E-05   4.8860E-05 / 8.0832E-05   
2540   5.382E-04   4.9173E-05   8.1713E-05   4.9003E-05 / 8.1499E-05   
2550   5.382E-04   4.9711E-05   8.1486E-05   4.9515E-05 / 8.1247E-05   
2560   5.382E-04   4.9045E-05   8.1550E-05   4.8929E-05 / 8.1402E-05   
2570   5.382E-04   4.8738E-05   8.2716E-05   4.8521E-05 / 8.2462E-05   
2580   5.382E-04   4.9038E-05   8.5859E-05   4.8945E-05 / 8.5736E-05   
2590   5.382E-04   4.8074E-05   8.0857E-05   4.7929E-05 / 8.0665E-05   
2600   5.382E-04   4.8682E-05   8.1677E-05   4.8513E-05 / 8.1459E-05   
2610   5.382E-04   4.7213E-05   7.9633E-05   4.6936E-05 / 7.9308E-05   
2620   5.382E-04   4.6896E-05   7.9858E-05   4.6771E-05 / 7.9691E-05   
2630   5.382E-04   4.7258E-05   8.0026E-05   4.7078E-05 / 7.9805E-05   
2640   5.382E-04   4.7029E-05   8.0491E-05   4.6924E-05 / 8.0364E-05   
2650   5.382E-04   4.6511E-05   7.8482E-05   4.6262E-05 / 7.8186E-05   
2660   5.382E-04   4.6778E-05   7.9557E-05   4.6545E-05 / 7.9287E-05   
2670   5.382E-04   4.6664E-05   7.8073E-05   4.6494E-05 / 7.7855E-05   
2680   5.382E-04   4.6456E-05   7.8521E-05   4.6330E-05 / 7.8368E-05   
2690   5.382E-04   4.7098E-05   7.7772E-05   4.6894E-05 / 7.7523E-05   
2700   5.382E-04   4.6170E-05   7.8152E-05   4.6010E-05 / 7.7961E-05   
2710   5.382E-04   4.5656E-05   7.7809E-05   4.5430E-05 / 7.7534E-05   
2720   5.382E-04   4.5805E-05   7.8794E-05   4.5529E-05 / 7.8467E-05   
2730   5.382E-04   4.5492E-05   7.8574E-05   4.5278E-05 / 7.8318E-05   
2740   5.382E-04   4.5189E-05   7.6824E-05   4.4966E-05 / 7.6561E-05   
2750   5.382E-04   4.5528E-05   7.9052E-05   4.5290E-05 / 7.8790E-05   
2760   5.382E-04   4.6027E-05   7.9544E-05   4.5836E-05 / 7.9325E-05   
2770   5.382E-04   4.4918E-05   7.6733E-05   4.4678E-05 / 7.6467E-05   
2780   5.382E-04   4.4918E-05   7.6426E-05   4.4669E-05 / 7.6146E-05   
2790   5.382E-04   4.4595E-05   7.7165E-05   4.4340E-05 / 7.6881E-05   
2800   5.382E-04   4.5287E-05   7.7934E-05   4.5107E-05 / 7.7754E-05   
2810   5.382E-04   4.3938E-05   7.6789E-05   4.3700E-05 / 7.6534E-05   
2820   5.382E-04   4.4225E-05   7.8544E-05   4.4044E-05 / 7.8360E-05   
2830   5.382E-04   4.3659E-05   7.6045E-05   4.3475E-05 / 7.5872E-05   
2840   5.382E-04   4.3651E-05   7.6309E-05   4.3402E-05 / 7.6053E-05   
2850   5.382E-04   4.4228E-05   7.5511E-05   4.3961E-05 / 7.5243E-05   
2860   5.382E-04   4.3289E-05   7.5141E-05   4.3013E-05 / 7.4857E-05   
2870   5.382E-04   4.3873E-05   7.7580E-05   4.3664E-05 / 7.7371E-05   
2880   5.382E-04   4.3052E-05   7.5772E-05   4.2754E-05 / 7.5487E-05   
2890   5.382E-04   4.3322E-05   7.6501E-05   4.3100E-05 / 7.6290E-05   
2900   5.382E-04   4.3691E-05   7.6524E-05   4.3386E-05 / 7.6227E-05   
2910   5.382E-04   4.3228E-05   7.5982E-05   4.2961E-05 / 7.5752E-05   
2920   5.382E-04   4.2885E-05   7.4777E-05   4.2610E-05 / 7.4524E-05   
2930   5.382E-04   4.2409E-05   7.5108E-05   4.2215E-05 / 7.4937E-05   
2940   5.382E-04   4.2665E-05   7.4367E-05   4.2403E-05 / 7.4131E-05   
2950   5.382E-04   4.2630E-05   7.5125E-05   4.2370E-05 / 7.4896E-05   
2960   5.382E-04   4.2083E-05   7.5012E-05   4.1862E-05 / 7.4839E-05   
2970   5.382E-04   4.2108E-05   7.3918E-05   4.1959E-05 / 7.3806E-05   
2980   5.382E-04   4.2270E-05   7.4351E-05   4.1991E-05 / 7.4118E-05   
2990   5.382E-04   4.1989E-05   7.7567E-05   4.1715E-05 / 7.7336E-05   
3000   5.382E-04   4.1591E-05   7.5945E-05   4.1305E-05 / 7.5706E-05   
3010   5.382E-04   4.1381E-05   7.3696E-05   4.1198E-05 / 7.3559E-05   
3020   5.382E-04   4.3501E-05   7.5351E-05   4.3308E-05 / 7.5205E-05   
3030   5.382E-04   4.1810E-05   7.4266E-05   4.1643E-05 / 7.4156E-05   
3040   5.382E-04   4.1549E-05   7.4575E-05   4.1367E-05 / 7.4451E-05   
3050   5.382E-04   4.1326E-05   7.3616E-05   4.1184E-05 / 7.3537E-05   
3060   5.382E-04   4.1085E-05   7.1690E-05   4.0861E-05 / 7.1531E-05   
3070   5.382E-04   4.1665E-05   7.1255E-05   4.1477E-05 / 7.1129E-05   
3080   5.382E-04   4.0835E-05   7.2572E-05   4.0684E-05 / 7.2484E-05   
3090   5.382E-04   4.0388E-05   7.1187E-05   4.0151E-05 / 7.1026E-05   
3100   5.382E-04   4.0619E-05   7.3710E-05   4.0335E-05 / 7.3499E-05   
3110   5.382E-04   4.1443E-05   7.2913E-05   4.1164E-05 / 7.2708E-05   
3120   5.382E-04   3.9994E-05   7.1344E-05   3.9705E-05 / 7.1136E-05   
3130   5.382E-04   4.0144E-05   7.2493E-05   3.9962E-05 / 7.2393E-05   
3140   5.382E-04   3.9989E-05   7.2891E-05   3.9749E-05 / 7.2737E-05   
3150   5.382E-04   4.0496E-05   7.4002E-05   4.0304E-05 / 7.3898E-05   
3160   5.382E-04   3.9769E-05   7.2872E-05   3.9522E-05 / 7.2708E-05   
3170   5.382E-04   4.1549E-05   7.2603E-05   4.1409E-05 / 7.2539E-05   
3180   5.382E-04   3.9446E-05   7.0856E-05   3.9176E-05 / 7.0674E-05   
3190   5.382E-04   3.9307E-05   7.1033E-05   3.9121E-05 / 7.0936E-05   
3200   5.382E-04   3.9044E-05   7.2722E-05   3.8761E-05 / 7.2531E-05   
3210   5.382E-04   4.0529E-05   7.1043E-05   4.0372E-05 / 7.0966E-05   
3220   5.382E-04   4.0967E-05   7.5670E-05   4.0736E-05 / 7.5530E-05   
3230   5.382E-04   3.9443E-05   7.3511E-05   3.9188E-05 / 7.3346E-05   
3240   5.382E-04   4.0173E-05   7.3322E-05   3.9910E-05 / 7.3153E-05   
3250   5.382E-04   3.9406E-05   7.1608E-05   3.9207E-05 / 7.1502E-05   
3260   5.382E-04   3.9643E-05   7.1564E-05   3.9413E-05 / 7.1426E-05   
3270   5.382E-04   3.9457E-05   7.0299E-05   3.9323E-05 / 7.0249E-05   
3280   5.382E-04   4.0271E-05   7.1491E-05   4.0082E-05 / 7.1390E-05   
3290   5.382E-04   3.8617E-05   7.1752E-05   3.8353E-05 / 7.1582E-05   
3300   5.382E-04   3.8735E-05   7.3136E-05   3.8521E-05 / 7.3011E-05   
3310   5.382E-04   3.8475E-05   7.2654E-05   3.8160E-05 / 7.2432E-05   
3320   5.382E-04   3.8584E-05   7.2510E-05   3.8361E-05 / 7.2376E-05   
3330   5.382E-04   3.8157E-05   7.2380E-05   3.7848E-05 / 7.2163E-05   
3340   5.382E-04   3.8566E-05   7.3046E-05   3.8328E-05 / 7.2901E-05   
3350   5.382E-04   3.7975E-05   7.0422E-05   3.7746E-05 / 7.0285E-05   
3360   5.382E-04   3.8156E-05   6.9771E-05   3.7868E-05 / 6.9576E-05   
3370   5.382E-04   3.8314E-05   7.2547E-05   3.8116E-05 / 7.2430E-05   
3380   5.382E-04   3.8048E-05   7.0316E-05   3.7849E-05 / 7.0206E-05   
3390   5.382E-04   3.8395E-05   7.1903E-05   3.8231E-05 / 7.1819E-05   
3400   5.382E-04   3.7737E-05   6.9575E-05   3.7411E-05 / 6.9336E-05   
3410   5.382E-04   3.8177E-05   7.3085E-05   3.7853E-05 / 7.2852E-05   
3420   5.382E-04   3.7348E-05   7.0028E-05   3.7160E-05 / 6.9922E-05   
3430   5.382E-04   3.7068E-05   7.1442E-05   3.6867E-05 / 7.1322E-05   
3440   5.382E-04   3.7080E-05   7.0066E-05   3.6905E-05 / 6.9967E-05   
3450   5.382E-04   3.7653E-05   6.9045E-05   3.7446E-05 / 6.8919E-05   
3460   5.382E-04   3.6961E-05   6.9519E-05   3.6680E-05 / 6.9323E-05   
3470   5.382E-04   3.6749E-05   6.9663E-05   3.6454E-05 / 6.9454E-05   
3480   5.382E-04   3.6858E-05   7.0385E-05   3.6693E-05 / 7.0290E-05   
3490   5.382E-04   3.7160E-05   6.8467E-05   3.6930E-05 / 6.8315E-05   
3500   5.382E-04   3.6597E-05   7.0338E-05   3.6427E-05 / 7.0234E-05   
3510   5.382E-04   3.6301E-05   7.0937E-05   3.6074E-05 / 7.0783E-05   
3520   5.382E-04   4.0045E-05   7.0106E-05   3.9875E-05 / 6.9998E-05   
3530   5.382E-04   3.7310E-05   6.9949E-05   3.7120E-05 / 6.9823E-05   
3540   5.382E-04   3.7477E-05   7.1368E-05   3.7332E-05 / 7.1281E-05   
3550   5.382E-04   3.6483E-05   7.0137E-05   3.6336E-05 / 7.0046E-05   
3560   5.382E-04   3.6215E-05   7.0148E-05   3.6042E-05 / 7.0034E-05   
3570   5.382E-04   3.5901E-05   6.8838E-05   3.5699E-05 / 6.8698E-05   
3580   5.382E-04   3.5791E-05   6.9578E-05   3.5574E-05 / 6.9421E-05   
3590   5.382E-04   3.7215E-05   7.1439E-05   3.6964E-05 / 7.1250E-05   
3600   5.382E-04   3.5809E-05   6.8041E-05   3.5552E-05 / 6.7847E-05   
3610   5.382E-04   3.5766E-05   6.7716E-05   3.5561E-05 / 6.7567E-05   
3620   5.382E-04   3.8330E-05   7.1769E-05   3.8116E-05 / 7.1609E-05   
3630   5.382E-04   3.5682E-05   6.8700E-05   3.5453E-05 / 6.8525E-05   
3640   5.382E-04   3.5804E-05   7.1059E-05   3.5604E-05 / 7.0906E-05   
3650   5.382E-04   3.6039E-05   6.9941E-05   3.5814E-05 / 6.9764E-05   
3660   5.382E-04   3.5595E-05   6.7902E-05   3.5413E-05 / 6.7762E-05   
3670   5.382E-04   3.5879E-05   6.6471E-05   3.5626E-05 / 6.6266E-05   
3680   5.382E-04   3.5007E-05   6.8395E-05   3.4833E-05 / 6.8260E-05   
3690   5.382E-04   3.5572E-05   6.7928E-05   3.5390E-05 / 6.7782E-05   
3700   5.382E-04   3.5434E-05   6.9613E-05   3.5275E-05 / 6.9484E-05   
3710   5.382E-04   3.4926E-05   6.7828E-05   3.4736E-05 / 6.7673E-05   
3720   5.382E-04   3.5087E-05   6.9902E-05   3.4974E-05 / 6.9816E-05   
3730   5.382E-04   3.6396E-05   6.8880E-05   3.6265E-05 / 6.8777E-05   
3740   5.382E-04   3.4645E-05   6.8878E-05   3.4487E-05 / 6.8748E-05   
3750   5.382E-04   3.4852E-05   6.9126E-05   3.4704E-05 / 6.9003E-05   
3760   5.382E-04   3.6278E-05   6.9646E-05   3.6001E-05 / 6.9400E-05   
3770   5.382E-04   3.4377E-05   6.8748E-05   3.4180E-05 / 6.8575E-05   
3780   5.382E-04   3.4535E-05   6.7660E-05   3.4418E-05 / 6.7558E-05   
3790   5.382E-04   3.4743E-05   6.6902E-05   3.4633E-05 / 6.6808E-05   
3800   5.382E-04   3.4658E-05   7.0187E-05   3.4425E-05 / 6.9975E-05   
3810   5.382E-04   3.4488E-05   6.8356E-05   3.4298E-05 / 6.8179E-05   
3820   5.382E-04   3.4773E-05   6.9148E-05   3.4546E-05 / 6.8937E-05   
3830   5.382E-04   3.4589E-05   7.0497E-05   3.4391E-05 / 7.0313E-05   
3840   5.382E-04   3.6566E-05   6.9721E-05   3.6346E-05 / 6.9511E-05   
3850   5.382E-04   3.5135E-05   7.0521E-05   3.4994E-05 / 7.0390E-05   
3860   5.382E-04   3.4452E-05   6.7101E-05   3.4212E-05 / 6.6879E-05   
3870   5.382E-04   3.5184E-05   6.9351E-05   3.4962E-05 / 6.9133E-05   
3880   5.382E-04   3.4280E-05   6.7863E-05   3.4141E-05 / 6.7731E-05   
3890   5.382E-04   3.3901E-05   6.6943E-05   3.3676E-05 / 6.6728E-05   
3900   5.382E-04   3.4730E-05   6.7714E-05   3.4454E-05 / 6.7447E-05   
3910   5.382E-04   3.3795E-05   6.7830E-05   3.3642E-05 / 6.7677E-05   
3920   5.382E-04   3.4874E-05   6.7353E-05   3.4704E-05 / 6.7179E-05   
3930   5.382E-04   3.4123E-05   6.8054E-05   3.3901E-05 / 6.7833E-05   
3940   5.382E-04   3.4914E-05   6.9077E-05   3.4718E-05 / 6.8879E-05   
3950   5.382E-04   3.3650E-05   6.6472E-05   3.3428E-05 / 6.6244E-05   
3960   5.382E-04   3.3772E-05   6.7260E-05   3.3643E-05 / 6.7130E-05   
3970   5.382E-04   3.3713E-05   6.8822E-05   3.3499E-05 / 6.8605E-05   
3980   5.382E-04   3.4880E-05   6.8459E-05   3.4772E-05 / 6.8351E-05   
3990   5.382E-04   3.3344E-05   6.7432E-05   3.3169E-05 / 6.7241E-05   
4000   5.382E-04   3.3155E-05   6.6922E-05   3.2926E-05 / 6.6688E-05   
4010   5.382E-04   3.3077E-05   6.6147E-05   3.2886E-05 / 6.5953E-05   
4020   5.382E-04   3.3765E-05   6.5263E-05   3.3597E-05 / 6.5081E-05   
4030   5.382E-04   3.3641E-05   6.5775E-05   3.3517E-05 / 6.5633E-05   
4040   5.382E-04   3.2978E-05   6.5846E-05   3.2865E-05 / 6.5715E-05   
4050   5.382E-04   3.4453E-05   6.7096E-05   3.4262E-05 / 6.6890E-05   
4060   5.382E-04   3.2815E-05   6.6393E-05   3.2548E-05 / 6.6117E-05   
4070   5.382E-04   3.2880E-05   6.5634E-05   3.2687E-05 / 6.5429E-05   
4080   5.382E-04   3.3575E-05   6.6486E-05   3.3371E-05 / 6.6264E-05   
4090   5.382E-04   3.2514E-05   6.7889E-05   3.2329E-05 / 6.7690E-05   
4100   5.382E-04   3.2981E-05   6.6268E-05   3.2835E-05 / 6.6092E-05   
4110   5.382E-04   3.2658E-05   6.7027E-05   3.2419E-05 / 6.6762E-05   
4120   5.382E-04   3.2961E-05   6.5810E-05   3.2793E-05 / 6.5621E-05   
4130   5.382E-04   3.2331E-05   6.6490E-05   3.2163E-05 / 6.6301E-05   
4140   5.382E-04   3.3086E-05   6.5863E-05   3.2913E-05 / 6.5680E-05   
4150   5.382E-04   3.2397E-05   6.7743E-05   3.2138E-05 / 6.7454E-05   
4160   5.382E-04   3.2495E-05   6.5579E-05   3.2268E-05 / 6.5343E-05   
4170   5.382E-04   3.3050E-05   6.7202E-05   3.2787E-05 / 6.6926E-05   
4180   5.382E-04   3.2062E-05   6.3865E-05   3.1875E-05 / 6.3656E-05   
4190   5.382E-04   3.2250E-05   6.5745E-05   3.2071E-05 / 6.5526E-05   
4200   5.382E-04   3.2743E-05   6.7403E-05   3.2581E-05 / 6.7239E-05   
4210   5.382E-04   3.1820E-05   6.6159E-05   3.1552E-05 / 6.5876E-05   
4220   5.382E-04   3.1660E-05   6.5832E-05   3.1412E-05 / 6.5563E-05   
4230   5.382E-04   3.1968E-05   6.5154E-05   3.1783E-05 / 6.4948E-05   
4240   5.382E-04   3.1675E-05   6.6043E-05   3.1505E-05 / 6.5849E-05   
4250   5.382E-04   3.1569E-05   6.4430E-05   3.1441E-05 / 6.4285E-05   
4260   5.382E-04   3.1721E-05   6.5579E-05   3.1494E-05 / 6.5337E-05   
4270   5.382E-04   3.2908E-05   6.4263E-05   3.2744E-05 / 6.4059E-05   
4280   5.382E-04   3.2053E-05   6.5643E-05   3.1920E-05 / 6.5474E-05   
4290   5.382E-04   3.2769E-05   6.6619E-05   3.2565E-05 / 6.6395E-05   
4300   5.382E-04   3.2129E-05   6.6777E-05   3.1957E-05 / 6.6582E-05   
4310   5.382E-04   3.1303E-05   6.4414E-05   3.1155E-05 / 6.4231E-05   
4320   5.382E-04   3.1667E-05   6.5239E-05   3.1494E-05 / 6.5032E-05   
4330   5.382E-04   3.1517E-05   6.6396E-05   3.1313E-05 / 6.6156E-05   
4340   5.382E-04   3.1674E-05   6.3213E-05   3.1436E-05 / 6.2939E-05   
4350   5.382E-04   3.1217E-05   6.5513E-05   3.0953E-05 / 6.5211E-05   
4360   5.382E-04   3.2074E-05   6.7078E-05   3.1870E-05 / 6.6845E-05   
4370   5.382E-04   3.2339E-05   6.7217E-05   3.2120E-05 / 6.6972E-05   
4380   5.382E-04   3.1175E-05   6.3946E-05   3.1013E-05 / 6.3756E-05   
4390   5.382E-04   3.2421E-05   6.4820E-05   3.2260E-05 / 6.4640E-05   
4400   5.382E-04   3.0826E-05   6.5375E-05   3.0619E-05 / 6.5145E-05   
4410   5.382E-04   3.1199E-05   6.6083E-05   3.0982E-05 / 6.5847E-05   
4420   5.382E-04   3.1809E-05   6.3061E-05   3.1557E-05 / 6.2788E-05   
4430   5.382E-04   3.0940E-05   6.4050E-05   3.0789E-05 / 6.3863E-05   
4440   5.382E-04   3.1004E-05   6.5139E-05   3.0806E-05 / 6.4906E-05   
4450   5.382E-04   3.1075E-05   6.7060E-05   3.0870E-05 / 6.6838E-05   
4460   5.382E-04   3.0581E-05   6.4257E-05   3.0433E-05 / 6.4076E-05   
4470   5.382E-04   3.0449E-05   6.4198E-05   3.0214E-05 / 6.3925E-05   
4480   5.382E-04   3.0770E-05   6.3956E-05   3.0577E-05 / 6.3731E-05   
4490   5.382E-04   3.1195E-05   6.3867E-05   3.1060E-05 / 6.3720E-05   
4500   5.382E-04   3.0976E-05   6.4585E-05   3.0706E-05 / 6.4292E-05   
4510   5.382E-04   3.1535E-05   6.4870E-05   3.1337E-05 / 6.4633E-05   
4520   5.382E-04   3.0970E-05   6.4596E-05   3.0847E-05 / 6.4458E-05   
4530   5.382E-04   3.0306E-05   6.4621E-05   3.0176E-05 / 6.4468E-05   
4540   5.382E-04   3.1008E-05   6.4313E-05   3.0787E-05 / 6.4056E-05   
4550   5.382E-04   3.1051E-05   6.5179E-05   3.0915E-05 / 6.5005E-05   
4560   5.382E-04   3.1128E-05   6.3804E-05   3.0899E-05 / 6.3544E-05   
4570   5.382E-04   3.0178E-05   6.4354E-05   2.9995E-05 / 6.4144E-05   
4580   5.382E-04   3.0277E-05   6.5100E-05   3.0006E-05 / 6.4793E-05   
4590   5.382E-04   2.9854E-05   6.2988E-05   2.9613E-05 / 6.2728E-05   
4600   5.382E-04   3.0782E-05   6.5184E-05   3.0615E-05 / 6.4990E-05   
4610   5.382E-04   3.2223E-05   6.3220E-05   3.2086E-05 / 6.3070E-05   
4620   5.382E-04   3.0118E-05   6.4860E-05   2.9845E-05 / 6.4562E-05   
4630   5.382E-04   2.9759E-05   6.4342E-05   2.9467E-05 / 6.4028E-05   
4640   5.382E-04   3.0277E-05   6.4108E-05   3.0128E-05 / 6.3931E-05   
4650   5.382E-04   3.0008E-05   6.3411E-05   2.9687E-05 / 6.3069E-05   
4660   5.382E-04   2.9863E-05   6.4095E-05   2.9702E-05 / 6.3913E-05   
4670   5.382E-04   2.9559E-05   6.2282E-05   2.9395E-05 / 6.2091E-05   
4680   5.382E-04   2.9659E-05   6.2994E-05   2.9479E-05 / 6.2788E-05   
4690   5.382E-04   3.0313E-05   6.3458E-05   3.0068E-05 / 6.3188E-05   
4700   5.382E-04   2.9419E-05   6.3142E-05   2.9262E-05 / 6.2966E-05   
4710   5.382E-04   3.0313E-05   6.3062E-05   3.0190E-05 / 6.2947E-05   
4720   5.382E-04   2.9503E-05   6.2765E-05   2.9204E-05 / 6.2453E-05   
4730   5.382E-04   3.0443E-05   6.3753E-05   3.0111E-05 / 6.3419E-05   
4740   5.382E-04   2.9683E-05   6.1398E-05   2.9435E-05 / 6.1131E-05   
4750   5.382E-04   2.9585E-05   6.3886E-05   2.9306E-05 / 6.3597E-05   
4760   5.382E-04   3.0148E-05   6.3846E-05   2.9924E-05 / 6.3622E-05   
4770   5.382E-04   2.9236E-05   6.3297E-05   2.8968E-05 / 6.3014E-05   
4780   5.382E-04   3.0594E-05   6.3749E-05   3.0399E-05 / 6.3548E-05   
4790   5.382E-04   2.9014E-05   6.2037E-05   2.8805E-05 / 6.1813E-05   
4800   5.382E-04   2.9094E-05   6.3038E-05   2.8845E-05 / 6.2781E-05   
4810   5.382E-04   2.9632E-05   6.0949E-05   2.9318E-05 / 6.0632E-05   
4820   5.382E-04   3.0834E-05   6.3913E-05   3.0624E-05 / 6.3729E-05   
4830   5.382E-04   2.9115E-05   6.2084E-05   2.8925E-05 / 6.1898E-05   
4840   5.382E-04   2.9190E-05   6.2562E-05   2.8904E-05 / 6.2277E-05   
4850   5.382E-04   2.9476E-05   6.1557E-05   2.9318E-05 / 6.1388E-05   
4860   5.382E-04   2.9286E-05   6.2084E-05   2.9069E-05 / 6.1867E-05   
4870   5.382E-04   2.9365E-05   6.3721E-05   2.9168E-05 / 6.3536E-05   
4880   5.382E-04   2.9242E-05   6.2146E-05   2.8989E-05 / 6.1904E-05   
4890   5.382E-04   2.9216E-05   6.3628E-05   2.8923E-05 / 6.3330E-05   
4900   5.382E-04   2.8950E-05   6.1929E-05   2.8628E-05 / 6.1627E-05   
4910   5.382E-04   2.8915E-05   6.1924E-05   2.8600E-05 / 6.1628E-05   
4920   5.382E-04   2.8799E-05   6.3912E-05   2.8560E-05 / 6.3680E-05   
4930   5.382E-04   2.9398E-05   6.2695E-05   2.9127E-05 / 6.2448E-05   
4940   5.382E-04   2.8910E-05   6.2788E-05   2.8668E-05 / 6.2570E-05   
4950   5.382E-04   2.8425E-05   5.9714E-05   2.8134E-05 / 5.9433E-05   
4960   5.382E-04   2.8438E-05   6.2246E-05   2.8155E-05 / 6.1988E-05   
4970   5.382E-04   2.8446E-05   6.0505E-05   2.8224E-05 / 6.0300E-05   
4980   5.382E-04   2.9184E-05   5.9751E-05   2.9008E-05 / 5.9606E-05   
4990   5.382E-04   2.8954E-05   6.2774E-05   2.8578E-05 / 6.2412E-05   
5000   5.382E-04   2.8735E-05   6.2622E-05   2.8465E-05 / 6.2368E-05   
5010   5.382E-04   2.9055E-05   6.0580E-05   2.8791E-05 / 6.0329E-05   
5020   5.382E-04   2.9746E-05   6.2325E-05   2.9490E-05 / 6.2112E-05   
5030   5.382E-04   2.8945E-05   6.2850E-05   2.8700E-05 / 6.2636E-05   
5040   5.382E-04   2.9983E-05   6.4926E-05   2.9680E-05 / 6.4647E-05   
5050   5.382E-04   2.7983E-05   6.0369E-05   2.7758E-05 / 6.0174E-05   
5060   5.382E-04   2.8602E-05   6.1076E-05   2.8315E-05 / 6.0808E-05   
5070   5.382E-04   2.8545E-05   5.9368E-05   2.8298E-05 / 5.9140E-05   
5080   5.382E-04   2.8074E-05   6.0462E-05   2.7809E-05 / 6.0231E-05   
5090   5.382E-04   2.7884E-05   6.0788E-05   2.7668E-05 / 6.0612E-05   
5100   5.382E-04   2.9354E-05   6.1498E-05   2.9157E-05 / 6.1337E-05   
5110   5.382E-04   2.7947E-05   5.9489E-05   2.7725E-05 / 5.9323E-05   
5120   5.382E-04   2.8874E-05   6.2227E-05   2.8603E-05 / 6.2000E-05   
5130   5.382E-04   2.8551E-05   6.2233E-05   2.8370E-05 / 6.2099E-05   
5140   5.382E-04   2.7635E-05   6.0511E-05   2.7336E-05 / 6.0246E-05   
5150   5.382E-04   2.8459E-05   5.9860E-05   2.8072E-05 / 5.9509E-05   
5160   5.382E-04   2.7948E-05   5.9573E-05   2.7717E-05 / 5.9377E-05   
5170   5.382E-04   2.8117E-05   6.1603E-05   2.7958E-05 / 6.1470E-05   
5180   5.382E-04   2.8570E-05   6.2301E-05   2.8320E-05 / 6.2092E-05   
5190   5.382E-04   2.9866E-05   6.3468E-05   2.9445E-05 / 6.3111E-05   
5200   5.382E-04   2.7503E-05   5.9287E-05   2.7374E-05 / 5.9200E-05   
5210   5.382E-04   2.8911E-05   6.2118E-05   2.8607E-05 / 6.1859E-05   
5220   5.382E-04   2.9107E-05   6.0678E-05   2.8848E-05 / 6.0468E-05   
5230   5.382E-04   2.8023E-05   5.9988E-05   2.7775E-05 / 5.9784E-05   
5240   5.382E-04   2.7471E-05   6.1076E-05   2.7308E-05 / 6.0959E-05   
5250   5.382E-04   2.7766E-05   5.9988E-05   2.7542E-05 / 5.9816E-05   
5260   5.382E-04   2.7574E-05   5.9900E-05   2.7365E-05 / 5.9733E-05   
5270   5.382E-04   2.7761E-05   6.1050E-05   2.7487E-05 / 6.0854E-05   
5280   5.382E-04   2.7647E-05   6.0547E-05   2.7503E-05 / 6.0452E-05   
5290   5.382E-04   2.9973E-05   5.8109E-05   2.9586E-05 / 5.7768E-05   
5300   5.382E-04   2.7710E-05   5.9728E-05   2.7566E-05 / 5.9624E-05   
5310   5.382E-04   2.9528E-05   6.2185E-05   2.9353E-05 / 6.2063E-05   
5320   5.382E-04   2.7485E-05   5.8972E-05   2.7162E-05 / 5.8715E-05   
5330   5.382E-04   2.7351E-05   6.1567E-05   2.7032E-05 / 6.1307E-05   
5340   5.382E-04   2.8094E-05   6.1730E-05   2.7941E-05 / 6.1634E-05   
5350   5.382E-04   2.8125E-05   6.1799E-05   2.7908E-05 / 6.1647E-05   
5360   5.382E-04   2.7371E-05   5.8829E-05   2.7124E-05 / 5.8643E-05   
5370   5.382E-04   2.7660E-05   5.9822E-05   2.7429E-05 / 5.9646E-05   
5380   5.382E-04   2.8235E-05   6.0608E-05   2.7951E-05 / 6.0372E-05   
5390   5.382E-04   2.7195E-05   5.9444E-05   2.6871E-05 / 5.9191E-05   
5400   5.382E-04   2.7021E-05   5.7924E-05   2.6843E-05 / 5.7820E-05   
5410   5.382E-04   2.7132E-05   6.0463E-05   2.6931E-05 / 6.0322E-05   
5420   5.382E-04   2.8409E-05   6.1507E-05   2.8167E-05 / 6.1331E-05   
5430   5.382E-04   2.7281E-05   6.0200E-05   2.7043E-05 / 6.0021E-05   
5440   5.382E-04   2.6709E-05   5.8603E-05   2.6501E-05 / 5.8471E-05   
5450   5.382E-04   2.6855E-05   5.9057E-05   2.6613E-05 / 5.8881E-05   
5460   5.382E-04   2.6863E-05   5.9003E-05   2.6573E-05 / 5.8789E-05   
5470   5.382E-04   2.6741E-05   5.9547E-05   2.6568E-05 / 5.9428E-05   
5480   5.382E-04   2.7236E-05   5.9744E-05   2.7000E-05 / 5.9564E-05   
5490   5.382E-04   2.6651E-05   5.8688E-05   2.6411E-05 / 5.8508E-05   
5500   5.382E-04   2.7550E-05   5.8526E-05   2.7344E-05 / 5.8396E-05   
5510   5.382E-04   2.7682E-05   5.9267E-05   2.7546E-05 / 5.9195E-05   
5520   5.382E-04   2.6254E-05   5.7774E-05   2.6006E-05 / 5.7588E-05   
5530   5.382E-04   2.6851E-05   5.9294E-05   2.6563E-05 / 5.9088E-05   
5540   5.382E-04   2.6453E-05   5.8662E-05   2.6203E-05 / 5.8481E-05   
5550   5.382E-04   2.6242E-05   5.8046E-05   2.6064E-05 / 5.7939E-05   
5560   5.382E-04   2.6288E-05   5.8499E-05   2.6048E-05 / 5.8323E-05   
5570   5.382E-04   2.6838E-05   5.8840E-05   2.6611E-05 / 5.8719E-05   
5580   5.382E-04   2.6652E-05   5.8466E-05   2.6495E-05 / 5.8368E-05   
5590   5.382E-04   2.7391E-05   5.8865E-05   2.7197E-05 / 5.8737E-05   
5600   5.382E-04   2.6247E-05   5.8182E-05   2.6024E-05 / 5.8051E-05   
5610   5.382E-04   2.7367E-05   5.9940E-05   2.7091E-05 / 5.9764E-05   
5620   5.382E-04   2.6839E-05   5.8644E-05   2.6555E-05 / 5.8432E-05   
5630   5.382E-04   2.5995E-05   5.8428E-05   2.5712E-05 / 5.8223E-05   
5640   5.382E-04   2.6105E-05   5.7078E-05   2.5858E-05 / 5.6900E-05   
5650   5.382E-04   2.5917E-05   5.7697E-05   2.5693E-05 / 5.7549E-05   
5660   5.382E-04   3.0608E-05   5.9971E-05   3.0373E-05 / 5.9801E-05   
5670   5.382E-04   2.7049E-05   5.9133E-05   2.6738E-05 / 5.8905E-05   
5680   5.382E-04   2.5827E-05   5.6963E-05   2.5596E-05 / 5.6808E-05   
5690   5.382E-04   2.6005E-05   5.7244E-05   2.5705E-05 / 5.7035E-05   
5700   5.382E-04   2.6090E-05   5.7368E-05   2.5889E-05 / 5.7246E-05   
5710   5.382E-04   2.6023E-05   5.8059E-05   2.5876E-05 / 5.7980E-05   
5720   5.382E-04   2.6379E-05   5.5566E-05   2.6061E-05 / 5.5320E-05   
5730   5.382E-04   2.6130E-05   5.7938E-05   2.6005E-05 / 5.7872E-05   
5740   5.382E-04   2.6489E-05   5.7971E-05   2.6326E-05 / 5.7880E-05   
5750   5.382E-04   2.7094E-05   5.9174E-05   2.6910E-05 / 5.9103E-05   
5760   5.382E-04   2.6688E-05   5.6745E-05   2.6512E-05 / 5.6673E-05   
5770   5.382E-04   2.6311E-05   5.8495E-05   2.6086E-05 / 5.8347E-05   
5780   5.382E-04   2.6681E-05   5.8864E-05   2.6547E-05 / 5.8801E-05   
5790   5.382E-04   2.6273E-05   5.8828E-05   2.6095E-05 / 5.8732E-05   
5800   5.382E-04   2.5486E-05   5.6871E-05   2.5304E-05 / 5.6768E-05   
5810   5.382E-04   2.6390E-05   5.7491E-05   2.6117E-05 / 5.7290E-05   
5820   5.382E-04   2.6071E-05   5.7977E-05   2.5936E-05 / 5.7916E-05   
5830   5.382E-04   2.6173E-05   5.7972E-05   2.5926E-05 / 5.7826E-05   
5840   5.382E-04   2.5863E-05   5.5814E-05   2.5670E-05 / 5.5697E-05   
5850   5.382E-04   2.5584E-05   5.7271E-05   2.5364E-05 / 5.7129E-05   
5860   5.382E-04   2.5774E-05   5.6251E-05   2.5538E-05 / 5.6093E-05   
5870   5.382E-04   2.6760E-05   5.7960E-05   2.6513E-05 / 5.7794E-05   
5880   5.382E-04   2.5572E-05   5.8513E-05   2.5395E-05 / 5.8404E-05   
5890   5.382E-04   2.5736E-05   5.6338E-05   2.5574E-05 / 5.6257E-05   
5900   5.382E-04   2.6413E-05   5.8857E-05   2.6168E-05 / 5.8697E-05   
5910   5.382E-04   2.6565E-05   5.8094E-05   2.6366E-05 / 5.7970E-05   
5920   5.382E-04   2.5807E-05   5.8347E-05   2.5595E-05 / 5.8231E-05   
5930   5.382E-04   2.5296E-05   5.5565E-05   2.5034E-05 / 5.5379E-05   
5940   5.382E-04   2.5420E-05   5.8021E-05   2.5149E-05 / 5.7829E-05   
5950   5.382E-04   2.6543E-05   5.6774E-05   2.6276E-05 / 5.6589E-05   
5960   5.382E-04   2.6202E-05   5.7853E-05   2.6074E-05 / 5.7802E-05   
5970   5.382E-04   2.5297E-05   5.6189E-05   2.5055E-05 / 5.6051E-05   
5980   5.382E-04   2.5989E-05   5.7381E-05   2.5812E-05 / 5.7281E-05   
5990   5.382E-04   2.5174E-05   5.5401E-05   2.4943E-05 / 5.5244E-05   
6000   5.382E-04   2.4863E-05   5.4892E-05   2.4631E-05 / 5.4737E-05   
6010   5.382E-04   2.5126E-05   5.7780E-05   2.4922E-05 / 5.7651E-05   
6020   5.382E-04   2.5633E-05   5.7077E-05   2.5414E-05 / 5.6973E-05   
6030   5.382E-04   2.5697E-05   5.7525E-05   2.5379E-05 / 5.7300E-05   
6040   5.382E-04   2.5155E-05   5.5982E-05   2.4980E-05 / 5.5884E-05   
6050   5.382E-04   2.5304E-05   5.6130E-05   2.4993E-05 / 5.5896E-05   
6060   5.382E-04   2.4995E-05   5.7017E-05   2.4714E-05 / 5.6827E-05   
6070   5.382E-04   2.5039E-05   5.6829E-05   2.4731E-05 / 5.6598E-05   
6080   5.382E-04   2.4975E-05   5.7434E-05   2.4591E-05 / 5.7185E-05   
6090   5.382E-04   2.7810E-05   6.0950E-05   2.7520E-05 / 6.0753E-05   
6100   5.382E-04   2.5050E-05   5.5013E-05   2.4817E-05 / 5.4858E-05   
6110   5.382E-04   2.5121E-05   5.5923E-05   2.4809E-05 / 5.5698E-05   
6120   5.382E-04   2.4848E-05   5.5471E-05   2.4581E-05 / 5.5312E-05   
6130   5.382E-04   2.5833E-05   5.8358E-05   2.5625E-05 / 5.8226E-05   
6140   5.382E-04   2.5189E-05   5.6044E-05   2.5036E-05 / 5.5965E-05   
6146   5.382E-04   2.5208E-05   5.6305E-05   2.5129E-05 / 5.6273E-05   
BEST MODEL
===============================================================================================================
5883   5.382E-04   2.6051E-05   5.4204E-05   2.5866E-05 / 5.4118E-05   
===============================================================================================================
Saved model to /home/nikki/kan/kanTBNN/models/multi_run/kan_experiment_50_opt/kanTBNN-24Nov06_05:14:52.pickle
