========== Dataset info ==========
Dataset params: {'file': '/home/nikki/kan/data/turbulence_dataset_clean.csv', 'Cases': ['fp_1000', 'fp_1410', 'fp_2000', 'fp_2540', 'fp_3030', 'fp_3270', 'fp_3630', 'fp_3970', 'fp_4060'], 'val_set': ['fp_3030', 'fp_1410', 'fp_4060'], 'test_set': ['fp_3630'], 'data_loader': <class 'tbnn.dataloaders.aDataset'>}
Train/Valid/Test points: 760 / 468 / 168
Memorization?: False
Cluster training?: False
EPOCH     LR        TRAIN         VALID             MSE:T/V                  RL:T/V             %NR_t/%NR_v
===============================================================================================================
  1   4.101E-03   1.7025E-01   1.6587E-01   1.7025E-01 / 1.6587E-01   
 10   4.101E-03   5.3002E-03   4.8983E-03   5.2884E-03 / 4.8867E-03   
 20   4.101E-03   2.7559E-03   2.6321E-03   2.7526E-03 / 2.6289E-03   
 30   4.101E-03   1.9572E-03   1.8760E-03   1.9548E-03 / 1.8737E-03   
 40   4.101E-03   1.5651E-03   1.5099E-03   1.5629E-03 / 1.5081E-03   
 50   4.101E-03   1.3409E-03   1.3000E-03   1.3402E-03 / 1.2994E-03   
 60   4.101E-03   1.1671E-03   1.1391E-03   1.1664E-03 / 1.1386E-03   
 70   4.101E-03   1.0374E-03   1.0164E-03   1.0367E-03 / 1.0159E-03   
 80   4.101E-03   9.2797E-04   9.1492E-04   9.2751E-04 / 9.1450E-04   
 90   4.101E-03   8.2922E-04   8.2730E-04   8.2879E-04 / 8.2683E-04   
100   4.101E-03   7.4522E-04   7.5637E-04   7.4479E-04 / 7.5604E-04   
110   4.101E-03   6.8234E-04   7.0228E-04   6.8205E-04 / 7.0200E-04   
120   4.101E-03   6.1865E-04   6.4280E-04   6.1836E-04 / 6.4249E-04   
130   4.101E-03   5.7007E-04   5.9951E-04   5.6982E-04 / 5.9918E-04   
140   4.101E-03   5.2412E-04   5.5649E-04   5.2388E-04 / 5.5618E-04   
150   4.101E-03   4.8901E-04   5.1913E-04   4.8874E-04 / 5.1881E-04   
160   4.101E-03   4.5741E-04   4.9485E-04   4.5708E-04 / 4.9441E-04   
170   4.101E-03   4.3927E-04   4.8673E-04   4.3897E-04 / 4.8627E-04   
180   4.101E-03   4.1003E-04   4.6639E-04   4.0949E-04 / 4.6573E-04   
190   4.101E-03   3.8942E-04   4.5655E-04   3.8900E-04 / 4.5598E-04   
200   4.101E-03   3.6304E-04   4.3869E-04   3.6235E-04 / 4.3775E-04   
210   4.101E-03   3.4750E-04   4.3591E-04   3.4719E-04 / 4.3528E-04   
220   4.101E-03   3.2832E-04   4.2619E-04   3.2825E-04 / 4.2582E-04   
230   4.101E-03   3.1475E-04   4.2911E-04   3.1434E-04 / 4.2855E-04   
240   4.101E-03   3.0070E-04   4.2681E-04   3.0061E-04 / 4.2656E-04   
250   4.101E-03   2.8357E-04   4.2648E-04   2.8352E-04 / 4.2614E-04   
260   4.101E-03   3.3596E-04   4.9488E-04   3.3584E-04 / 4.9457E-04   
270   4.101E-03   2.6216E-04   4.0527E-04   2.6198E-04 / 4.0487E-04   
280   4.101E-03   2.6037E-04   4.3766E-04   2.5943E-04 / 4.3655E-04   
290   4.101E-03   2.4751E-04   3.9984E-04   2.4628E-04 / 3.9908E-04   
300   4.101E-03   2.3457E-04   3.8596E-04   2.3436E-04 / 3.8554E-04   
310   4.101E-03   2.2892E-04   3.9047E-04   2.2879E-04 / 3.8985E-04   
320   4.101E-03   2.2055E-04   3.8424E-04   2.2017E-04 / 3.8359E-04   
330   4.101E-03   2.1911E-04   3.9120E-04   2.1909E-04 / 3.9095E-04   
340   4.101E-03   2.1757E-04   3.7562E-04   2.1641E-04 / 3.7462E-04   
350   4.101E-03   2.2819E-04   3.7814E-04   2.2794E-04 / 3.7786E-04   
360   4.101E-03   1.8620E-04   3.1161E-04   1.8614E-04 / 3.1107E-04   
370   4.101E-03   1.8247E-04   3.0102E-04   1.8177E-04 / 2.9998E-04   
380   4.101E-03   1.9436E-04   3.0039E-04   1.9428E-04 / 3.0002E-04   
390   4.101E-03   1.8189E-04   2.8285E-04   1.8183E-04 / 2.8254E-04   
400   4.101E-03   1.9100E-04   2.6609E-04   1.9003E-04 / 2.6507E-04   
410   4.101E-03   1.6774E-04   2.5948E-04   1.6539E-04 / 2.5659E-04   
420   4.101E-03   1.5481E-04   2.2991E-04   1.5447E-04 / 2.2928E-04   
430   4.101E-03   1.5405E-04   2.3927E-04   1.5388E-04 / 2.3867E-04   
440   4.101E-03   1.4678E-04   2.2668E-04   1.4656E-04 / 2.2606E-04   
450   4.101E-03   1.4598E-04   2.2466E-04   1.4520E-04 / 2.2379E-04   
460   4.101E-03   1.6067E-04   2.5249E-04   1.6067E-04 / 2.5216E-04   
470   4.101E-03   1.4720E-04   2.0665E-04   1.4688E-04 / 2.0568E-04   
480   4.101E-03   1.2972E-04   1.9686E-04   1.2964E-04 / 1.9646E-04   
490   4.101E-03   1.3116E-04   1.8364E-04   1.3116E-04 / 1.8329E-04   
500   4.101E-03   1.3842E-04   1.8729E-04   1.3826E-04 / 1.8716E-04   
510   4.101E-03   2.3174E-04   2.8860E-04   2.1561E-04 / 2.7111E-04   
520   4.101E-03   1.2670E-04   1.7730E-04   1.2667E-04 / 1.7713E-04   
530   4.101E-03   1.1826E-04   1.7594E-04   1.1787E-04 / 1.7548E-04   
540   4.101E-03   1.1579E-04   1.6472E-04   1.1528E-04 / 1.6434E-04   
550   4.101E-03   1.0886E-04   1.5716E-04   1.0886E-04 / 1.5699E-04   
560   4.101E-03   1.2357E-04   1.8595E-04   1.2323E-04 / 1.8554E-04   
570   4.101E-03   1.1036E-04   1.6403E-04   1.1034E-04 / 1.6386E-04   
580   4.101E-03   1.2239E-04   1.8487E-04   1.2032E-04 / 1.8257E-04   
590   4.101E-03   1.0593E-04   1.5476E-04   1.0482E-04 / 1.5330E-04   
600   4.101E-03   1.1222E-04   1.5177E-04   1.1047E-04 / 1.4997E-04   
610   4.101E-03   1.0602E-04   1.4753E-04   1.0472E-04 / 1.4587E-04   
620   4.101E-03   9.7319E-05   1.3769E-04   9.6407E-05 / 1.3634E-04   
630   4.101E-03   9.6624E-05   1.4801E-04   9.6169E-05 / 1.4689E-04   
640   4.101E-03   1.0079E-04   1.4587E-04   1.0061E-04 / 1.4495E-04   
650   4.101E-03   9.2021E-05   1.3826E-04   9.1864E-05 / 1.3789E-04   
660   4.101E-03   9.4055E-05   1.3552E-04   9.3788E-05 / 1.3521E-04   
670   4.101E-03   9.2361E-05   1.4230E-04   9.2162E-05 / 1.4197E-04   
680   4.101E-03   8.9088E-05   1.3303E-04   8.9037E-05 / 1.3281E-04   
690   4.101E-03   9.0359E-05   1.3247E-04   8.9908E-05 / 1.3191E-04   
700   4.101E-03   9.0874E-05   1.3556E-04   9.0354E-05 / 1.3510E-04   
710   4.101E-03   7.7763E-05   1.2812E-04   7.7304E-05 / 1.2771E-04   
720   4.101E-03   7.7887E-05   1.2599E-04   7.7853E-05 / 1.2546E-04   
730   4.101E-03   8.4771E-05   1.2930E-04   8.4616E-05 / 1.2917E-04   
740   4.101E-03   8.2462E-05   1.2880E-04   8.0080E-05 / 1.2635E-04   
750   4.101E-03   8.2574E-05   1.3696E-04   8.2269E-05 / 1.3613E-04   
760   4.101E-03   7.0806E-05   1.2429E-04   7.0343E-05 / 1.2364E-04   
770   4.101E-03   7.3910E-05   1.2461E-04   7.3812E-05 / 1.2410E-04   
780   4.101E-03   7.1073E-05   1.2267E-04   7.0854E-05 / 1.2207E-04   
790   4.101E-03   6.5353E-05   1.2257E-04   6.5237E-05 / 1.2227E-04   
800   4.101E-03   7.5682E-05   1.2712E-04   7.5516E-05 / 1.2711E-04   
810   4.101E-03   9.5680E-05   1.4867E-04   9.3807E-05 / 1.4681E-04   
820   4.101E-03   6.6074E-05   1.1743E-04   6.6056E-05 / 1.1725E-04   
830   4.101E-03   6.4916E-05   1.2657E-04   6.4873E-05 / 1.2635E-04   
840   4.101E-03   5.8601E-05   1.1034E-04   5.8559E-05 / 1.1014E-04   
850   4.101E-03   6.1559E-05   1.1281E-04   6.1233E-05 / 1.1219E-04   
860   4.101E-03   6.8026E-05   1.1362E-04   6.8015E-05 / 1.1356E-04   
870   4.101E-03   8.1655E-05   1.2787E-04   7.9937E-05 / 1.2615E-04   
880   4.101E-03   5.6932E-05   1.1190E-04   5.6504E-05 / 1.1135E-04   
890   4.101E-03   5.7289E-05   1.0793E-04   5.7272E-05 / 1.0783E-04   
900   4.101E-03   5.5996E-05   1.0733E-04   5.5954E-05 / 1.0721E-04   
910   4.101E-03   5.3703E-05   1.0816E-04   5.2547E-05 / 1.0700E-04   
920   4.101E-03   7.4692E-05   1.2722E-04   7.1607E-05 / 1.2468E-04   
930   4.101E-03   5.1517E-05   1.0727E-04   5.1471E-05 / 1.0722E-04   
940   4.101E-03   5.0592E-05   1.0096E-04   5.0591E-05 / 1.0096E-04   
950   4.101E-03   5.2207E-05   1.0327E-04   5.1358E-05 / 1.0245E-04   
960   4.101E-03   5.3533E-05   1.1228E-04   5.3283E-05 / 1.1205E-04   
970   4.101E-03   5.2070E-05   1.1871E-04   5.2044E-05 / 1.1856E-04   
980   4.101E-03   4.8438E-05   1.0149E-04   4.8437E-05 / 1.0144E-04   
990   4.101E-03   4.7094E-05   1.0031E-04   4.6874E-05 / 9.9956E-05   
1000   4.101E-03   4.6518E-05   9.7870E-05   4.6415E-05 / 9.7592E-05   
1010   4.101E-03   5.8503E-05   1.0214E-04   5.8501E-05 / 1.0201E-04   
1020   4.101E-03   5.2416E-05   1.0857E-04   5.0718E-05 / 1.0694E-04   
1030   4.101E-03   4.3194E-05   9.1719E-05   4.3092E-05 / 9.1553E-05   
1040   4.101E-03   5.6756E-05   1.1364E-04   5.6124E-05 / 1.1320E-04   
1050   4.101E-03   4.3225E-05   8.6893E-05   4.3053E-05 / 8.6646E-05   
1060   4.101E-03   4.9837E-05   9.0344E-05   4.9624E-05 / 9.0099E-05   
1070   4.101E-03   4.1747E-05   8.7710E-05   4.0992E-05 / 8.6981E-05   
1080   4.101E-03   4.6000E-05   9.0872E-05   4.5668E-05 / 9.0529E-05   
1090   4.101E-03   3.9799E-05   8.6244E-05   3.9798E-05 / 8.6201E-05   
1100   4.101E-03   4.2162E-05   8.3950E-05   4.2157E-05 / 8.3928E-05   
1110   4.101E-03   4.5131E-05   9.1187E-05   4.5105E-05 / 9.1174E-05   
1120   4.101E-03   4.8242E-05   9.2339E-05   4.8127E-05 / 9.2301E-05   
1130   4.101E-03   5.5469E-05   9.5123E-05   5.5290E-05 / 9.4883E-05   
1140   4.101E-03   3.9058E-05   8.0747E-05   3.8681E-05 / 8.0346E-05   
1150   4.101E-03   3.8870E-05   8.3513E-05   3.8759E-05 / 8.3487E-05   
1160   4.101E-03   5.8511E-05   1.0371E-04   5.8396E-05 / 1.0366E-04   
1170   4.101E-03   5.2453E-05   9.2159E-05   5.1204E-05 / 9.0887E-05   
1180   4.101E-03   7.0406E-05   1.1325E-04   5.6580E-05 / 9.9826E-05   
1190   4.101E-03   4.0996E-05   7.9021E-05   4.0101E-05 / 7.8109E-05   
1200   4.101E-03   3.6098E-05   7.8708E-05   3.6024E-05 / 7.8632E-05   
1210   4.101E-03   4.0846E-05   8.4399E-05   4.0179E-05 / 8.3688E-05   
1220   4.101E-03   4.0773E-05   8.3151E-05   3.9685E-05 / 8.2078E-05   
1230   4.101E-03   3.5478E-05   7.6678E-05   3.5253E-05 / 7.6445E-05   
1240   4.101E-03   4.2644E-05   8.4841E-05   4.2339E-05 / 8.4465E-05   
1250   4.101E-03   3.5587E-05   7.9298E-05   3.4648E-05 / 7.8382E-05   
1260   4.101E-03   4.7688E-05   8.9286E-05   4.7688E-05 / 8.9286E-05   
1270   4.101E-03   4.8956E-05   8.9664E-05   4.7342E-05 / 8.8102E-05   
1280   4.101E-03   3.8036E-05   8.3485E-05   3.7685E-05 / 8.3168E-05   
1290   4.101E-03   3.8085E-05   7.9994E-05   3.7587E-05 / 7.9533E-05   
1300   4.101E-03   3.1656E-05   7.4907E-05   3.1468E-05 / 7.4733E-05   
1310   4.101E-03   4.4524E-05   8.4919E-05   4.4394E-05 / 8.4903E-05   
1320   4.101E-03   4.8905E-05   9.0008E-05   4.4118E-05 / 8.5470E-05   
1330   4.101E-03   3.8011E-05   7.9817E-05   3.5802E-05 / 7.7742E-05   
1340   4.101E-03   3.5924E-05   7.4973E-05   3.5924E-05 / 7.4972E-05   
1350   4.101E-03   3.1175E-05   7.0401E-05   3.0815E-05 / 7.0073E-05   
1360   4.101E-03   3.6845E-05   7.5573E-05   3.6844E-05 / 7.5572E-05   
1370   4.101E-03   3.8544E-05   7.0251E-05   3.8235E-05 / 6.9977E-05   
1380   4.101E-03   3.0287E-05   6.8061E-05   3.0170E-05 / 6.7956E-05   
1390   4.101E-03   3.2219E-05   7.4813E-05   3.2148E-05 / 7.4744E-05   
1400   4.101E-03   3.2812E-05   7.0721E-05   3.2811E-05 / 7.0716E-05   
1410   4.101E-03   3.4666E-05   7.7601E-05   3.4518E-05 / 7.7406E-05   
1420   4.101E-03   7.3093E-05   1.1200E-04   7.2543E-05 / 1.1130E-04   
1430   4.101E-03   3.4406E-05   7.3104E-05   3.4366E-05 / 7.2949E-05   
1440   4.101E-03   3.2175E-05   6.7094E-05   3.2175E-05 / 6.7094E-05   
1450   4.101E-03   4.2930E-05   8.2219E-05   3.7584E-05 / 7.7117E-05   
1460   4.101E-03   3.0968E-05   6.7058E-05   3.0388E-05 / 6.6567E-05   
1470   4.101E-03   3.2565E-05   6.7293E-05   3.2565E-05 / 6.7293E-05   
1480   4.101E-03   2.9239E-05   6.3263E-05   2.9059E-05 / 6.3111E-05   
1490   4.101E-03   6.2219E-05   9.8632E-05   6.2219E-05 / 9.8632E-05   
1500   4.101E-03   3.1673E-05   6.8534E-05   3.1658E-05 / 6.8525E-05   
1510   4.101E-03   3.3880E-05   6.8329E-05   3.0025E-05 / 6.4648E-05   
1520   4.101E-03   3.2231E-05   6.5242E-05   3.2134E-05 / 6.5165E-05   
1530   4.101E-03   3.0475E-05   6.0935E-05   3.0474E-05 / 6.0934E-05   
1540   4.101E-03   2.8623E-05   6.1831E-05   2.7879E-05 / 6.1172E-05   
1550   4.101E-03   2.8269E-05   6.1315E-05   2.7679E-05 / 6.0778E-05   
1560   4.101E-03   2.8567E-05   6.5687E-05   2.8397E-05 / 6.5515E-05   
1570   4.101E-03   3.2647E-05   5.9821E-05   3.2647E-05 / 5.9821E-05   
1580   4.101E-03   3.3637E-05   6.7276E-05   3.2690E-05 / 6.6317E-05   
1590   4.101E-03   2.9950E-05   6.1858E-05   2.9114E-05 / 6.1116E-05   
1600   4.101E-03   5.0102E-05   7.4766E-05   4.9696E-05 / 7.4358E-05   
1610   4.101E-03   3.4192E-05   6.0388E-05   3.4044E-05 / 6.0269E-05   
1620   4.101E-03   2.9379E-05   6.5942E-05   2.8954E-05 / 6.5547E-05   
1630   4.101E-03   2.6936E-05   5.9130E-05   2.6934E-05 / 5.9130E-05   
1640   4.101E-03   6.8873E-05   1.0564E-04   4.0236E-05 / 7.7796E-05   
1650   4.101E-03   2.6738E-05   6.1082E-05   2.6702E-05 / 6.1069E-05   
1660   4.101E-03   3.0182E-05   6.3524E-05   3.0182E-05 / 6.3524E-05   
1670   4.101E-03   3.0390E-05   6.2773E-05   2.9786E-05 / 6.2230E-05   
1680   4.101E-03   3.1139E-05   6.7786E-05   2.9076E-05 / 6.5849E-05   
1690   4.101E-03   2.6091E-05   5.4436E-05   2.5769E-05 / 5.4164E-05   
1700   4.101E-03   2.5582E-05   5.6937E-05   2.5544E-05 / 5.6923E-05   
1710   4.101E-03   3.1060E-05   6.3164E-05   2.6563E-05 / 5.8866E-05   
1720   4.101E-03   2.9548E-05   6.4506E-05   2.8059E-05 / 6.3063E-05   
1730   4.101E-03   2.9293E-05   6.6127E-05   2.9013E-05 / 6.5879E-05   
1740   4.101E-03   3.8278E-05   6.3930E-05   3.8277E-05 / 6.3926E-05   
1750   4.101E-03   3.6904E-05   6.8342E-05   3.6904E-05 / 6.8330E-05   
1760   4.101E-03   4.0363E-05   7.3003E-05   3.9499E-05 / 7.1874E-05   
1770   4.101E-03   2.6404E-05   5.3571E-05   2.6404E-05 / 5.3562E-05   
1780   4.101E-03   2.4302E-05   5.2625E-05   2.3849E-05 / 5.2201E-05   
1790   4.101E-03   2.5104E-05   5.6268E-05   2.5059E-05 / 5.6198E-05   
1800   4.101E-03   3.2831E-05   5.8783E-05   3.2661E-05 / 5.8681E-05   
1810   4.101E-03   2.6369E-05   5.3125E-05   2.4980E-05 / 5.1782E-05   
1820   4.101E-03   2.4186E-05   5.0944E-05   2.4162E-05 / 5.0928E-05   
1830   4.101E-03   2.5325E-05   5.3804E-05   2.5297E-05 / 5.3737E-05   
1840   4.101E-03   2.7400E-05   5.7017E-05   2.7376E-05 / 5.6993E-05   
1850   4.101E-03   2.6656E-05   5.3483E-05   2.5844E-05 / 5.2739E-05   
1860   4.101E-03   2.3524E-05   5.2388E-05   2.3448E-05 / 5.2317E-05   
1870   4.101E-03   2.5127E-05   5.4203E-05   2.3318E-05 / 5.2483E-05   
1880   4.101E-03   2.4858E-05   5.3538E-05   2.4581E-05 / 5.3271E-05   
1890   4.101E-03   2.7915E-05   5.7692E-05   2.7616E-05 / 5.7378E-05   
1900   4.101E-03   2.5372E-05   5.2445E-05   2.5372E-05 / 5.2437E-05   
1910   4.101E-03   2.2881E-05   4.8041E-05   2.2625E-05 / 4.7804E-05   
1920   4.101E-03   2.6241E-05   5.0953E-05   2.6241E-05 / 5.0922E-05   
1930   4.101E-03   2.2410E-05   4.8678E-05   2.2345E-05 / 4.8606E-05   
1940   4.101E-03   2.2749E-05   4.7357E-05   2.2731E-05 / 4.7330E-05   
1950   4.101E-03   2.3676E-05   5.0002E-05   2.3225E-05 / 4.9575E-05   
1960   4.101E-03   2.5084E-05   5.3974E-05   2.4644E-05 / 5.3555E-05   
1970   4.101E-03   4.2007E-05   6.8214E-05   3.8000E-05 / 6.4335E-05   
1980   4.101E-03   3.0075E-05   5.2891E-05   2.7376E-05 / 5.0283E-05   
1990   4.101E-03   2.0820E-05   4.3509E-05   2.0771E-05 / 4.3447E-05   
2000   4.101E-03   2.5155E-05   4.8061E-05   2.2082E-05 / 4.5188E-05   
2010   4.101E-03   2.4813E-05   5.0574E-05   2.4813E-05 / 5.0574E-05   
2020   4.101E-03   2.0496E-05   4.4468E-05   2.0458E-05 / 4.4418E-05   
2030   4.101E-03   2.8561E-05   5.2121E-05   2.8561E-05 / 5.2121E-05   
2040   4.101E-03   3.4928E-05   5.9382E-05   3.4853E-05 / 5.9085E-05   
2050   4.101E-03   2.0987E-05   4.2769E-05   2.0807E-05 / 4.2590E-05   
2060   4.101E-03   2.2129E-05   4.4089E-05   2.2078E-05 / 4.4069E-05   
2070   4.101E-03   2.1852E-05   4.1552E-05   2.1852E-05 / 4.1552E-05   
2080   4.101E-03   2.8687E-05   5.0079E-05   2.7830E-05 / 4.9258E-05   
2090   4.101E-03   2.1643E-05   4.1953E-05   2.1642E-05 / 4.1894E-05   
2100   4.101E-03   2.0898E-05   4.3858E-05   2.0898E-05 / 4.3857E-05   
2110   4.101E-03   2.8116E-05   5.4156E-05   2.3797E-05 / 5.0037E-05   
2120   4.101E-03   2.0030E-05   4.1115E-05   2.0011E-05 / 4.1094E-05   
2130   4.101E-03   2.1478E-05   4.3156E-05   2.1478E-05 / 4.3125E-05   
2140   4.101E-03   2.1202E-05   4.3415E-05   2.0093E-05 / 4.2416E-05   
2150   4.101E-03   2.0662E-05   4.5121E-05   1.9570E-05 / 4.4128E-05   
2160   4.101E-03   3.3243E-05   5.8627E-05   3.2743E-05 / 5.8164E-05   
2170   4.101E-03   1.8641E-05   3.9992E-05   1.8638E-05 / 3.9960E-05   
2180   4.101E-03   2.1780E-05   4.2852E-05   2.1780E-05 / 4.2850E-05   
2190   4.101E-03   2.1224E-05   4.2062E-05   2.1222E-05 / 4.2039E-05   
2200   4.101E-03   1.9467E-05   4.0458E-05   1.9467E-05 / 4.0427E-05   
2210   4.101E-03   2.4150E-05   4.5588E-05   2.4145E-05 / 4.5588E-05   
2220   4.101E-03   2.0983E-05   4.5352E-05   2.0876E-05 / 4.5260E-05   
2230   4.101E-03   2.0905E-05   4.3232E-05   2.0886E-05 / 4.3227E-05   
2240   4.101E-03   1.9740E-05   4.2297E-05   1.9616E-05 / 4.2208E-05   
2250   4.101E-03   1.8395E-05   4.2588E-05   1.7667E-05 / 4.1908E-05   
2260   4.101E-03   2.0488E-05   4.1499E-05   2.0457E-05 / 4.1489E-05   
2270   4.101E-03   2.7887E-05   4.6387E-05   2.7887E-05 / 4.6359E-05   
2280   4.101E-03   2.4096E-05   4.2637E-05   2.4096E-05 / 4.2636E-05   
2290   4.101E-03   2.3737E-05   4.3999E-05   2.0003E-05 / 4.0365E-05   
2300   4.101E-03   2.6463E-05   4.5775E-05   2.6463E-05 / 4.5756E-05   
2310   4.101E-03   1.9939E-05   4.1772E-05   1.9149E-05 / 4.1053E-05   
2320   4.101E-03   1.9298E-05   4.0996E-05   1.8470E-05 / 4.0206E-05   
2330   4.101E-03   1.7917E-05   3.9599E-05   1.7355E-05 / 3.9089E-05   
2340   4.101E-03   2.1170E-05   4.2205E-05   2.0980E-05 / 4.2030E-05   
2350   4.101E-03   1.9621E-05   4.1122E-05   1.9617E-05 / 4.1097E-05   
2360   4.101E-03   2.1108E-05   4.0651E-05   2.0635E-05 / 4.0204E-05   
2370   4.101E-03   1.9319E-05   3.9364E-05   1.9303E-05 / 3.9355E-05   
2380   4.101E-03   1.9477E-05   3.9602E-05   1.8855E-05 / 3.9008E-05   
2390   4.101E-03   2.1769E-05   4.2195E-05   1.9896E-05 / 4.0396E-05   
2400   4.101E-03   2.0120E-05   3.9859E-05   2.0116E-05 / 3.9833E-05   
2410   4.101E-03   1.7477E-05   4.0175E-05   1.7476E-05 / 4.0122E-05   
2420   4.101E-03   2.3215E-05   4.3564E-05   2.3215E-05 / 4.3531E-05   
2430   4.101E-03   1.7024E-05   3.9238E-05   1.6773E-05 / 3.9017E-05   
2440   4.101E-03   1.7455E-05   3.9533E-05   1.7383E-05 / 3.9476E-05   
2450   4.101E-03   1.8266E-05   4.1795E-05   1.8245E-05 / 4.1712E-05   
2460   4.101E-03   1.7787E-05   3.8883E-05   1.7693E-05 / 3.8774E-05   
2470   4.101E-03   1.8748E-05   4.2537E-05   1.8222E-05 / 4.2043E-05   
2480   4.101E-03   2.1164E-05   4.4826E-05   2.0101E-05 / 4.3816E-05   
2490   4.101E-03   1.6307E-05   3.7048E-05   1.6209E-05 / 3.6966E-05   
2500   4.101E-03   2.7872E-05   4.6786E-05   2.7456E-05 / 4.6411E-05   
2510   4.101E-03   2.0898E-05   3.9782E-05   2.0898E-05 / 3.9719E-05   
2520   4.101E-03   1.7259E-05   3.8648E-05   1.6917E-05 / 3.8288E-05   
2530   4.101E-03   2.0999E-05   4.1510E-05   1.9821E-05 / 4.0415E-05   
2540   4.101E-03   1.8635E-05   4.1191E-05   1.8632E-05 / 4.0947E-05   
2550   4.101E-03   1.6961E-05   3.7562E-05   1.6862E-05 / 3.7416E-05   
2560   4.101E-03   1.6197E-05   3.5891E-05   1.6102E-05 / 3.5729E-05   
2570   4.101E-03   1.6593E-05   3.7008E-05   1.6543E-05 / 3.6885E-05   
2580   4.101E-03   1.9980E-05   3.9490E-05   1.9945E-05 / 3.9344E-05   
2590   4.101E-03   2.0625E-05   3.7568E-05   2.0589E-05 / 3.7406E-05   
2600   4.101E-03   2.0094E-05   4.1354E-05   1.9911E-05 / 4.1171E-05   
2610   4.101E-03   2.2251E-05   4.2434E-05   1.7961E-05 / 3.8298E-05   
2620   4.101E-03   1.9041E-05   3.9233E-05   1.9029E-05 / 3.9192E-05   
2630   4.101E-03   2.0723E-05   4.2015E-05   2.0723E-05 / 4.1977E-05   
2640   4.101E-03   1.7174E-05   3.7463E-05   1.7150E-05 / 3.7428E-05   
2650   4.101E-03   1.8891E-05   3.8926E-05   1.7069E-05 / 3.7224E-05   
2660   4.101E-03   2.1989E-05   4.0920E-05   2.1989E-05 / 4.0896E-05   
2670   4.101E-03   2.5757E-05   5.0144E-05   2.5467E-05 / 4.9483E-05   
2680   4.101E-03   1.7927E-05   3.9422E-05   1.6943E-05 / 3.8540E-05   
2690   4.101E-03   1.6628E-05   3.4926E-05   1.6628E-05 / 3.4905E-05   
2700   4.101E-03   1.5978E-05   3.5685E-05   1.5505E-05 / 3.5236E-05   
2710   4.101E-03   1.6229E-05   3.7727E-05   1.6006E-05 / 3.7446E-05   
2720   4.101E-03   1.7662E-05   3.8756E-05   1.7172E-05 / 3.8248E-05   
2730   4.101E-03   1.6957E-05   3.6830E-05   1.6957E-05 / 3.6746E-05   
2740   4.101E-03   2.0382E-05   4.1607E-05   2.0382E-05 / 4.1580E-05   
2750   4.101E-03   1.7042E-05   3.7728E-05   1.5913E-05 / 3.6657E-05   
2760   4.101E-03   1.9052E-05   3.7325E-05   1.8107E-05 / 3.6456E-05   
2770   4.101E-03   1.7096E-05   3.7041E-05   1.7096E-05 / 3.7028E-05   
2780   4.101E-03   1.5953E-05   3.4894E-05   1.5897E-05 / 3.4800E-05   
2790   4.101E-03   2.7483E-05   4.9917E-05   2.7329E-05 / 4.9192E-05   
2800   4.101E-03   1.7577E-05   3.7693E-05   1.6453E-05 / 3.6676E-05   
2810   4.101E-03   1.5666E-05   3.4995E-05   1.5601E-05 / 3.4779E-05   
2820   4.101E-03   1.7880E-05   3.7456E-05   1.7753E-05 / 3.7274E-05   
2830   4.101E-03   1.6171E-05   3.6599E-05   1.6167E-05 / 3.6569E-05   
2840   4.101E-03   1.5796E-05   3.6160E-05   1.5516E-05 / 3.5844E-05   
2850   4.101E-03   1.6117E-05   3.6577E-05   1.6047E-05 / 3.6444E-05   
2860   4.101E-03   2.9065E-05   4.6106E-05   2.8808E-05 / 4.5770E-05   
2870   4.101E-03   1.6873E-05   3.6275E-05   1.6873E-05 / 3.6266E-05   
2880   4.101E-03   1.4949E-05   3.4114E-05   1.4938E-05 / 3.4043E-05   
2890   4.101E-03   1.4857E-05   3.4531E-05   1.4517E-05 / 3.4182E-05   
2900   4.101E-03   2.0958E-05   4.1171E-05   1.7426E-05 / 3.7855E-05   
2910   4.101E-03   1.7071E-05   3.8489E-05   1.7030E-05 / 3.8410E-05   
2920   4.101E-03   1.7537E-05   3.7477E-05   1.7347E-05 / 3.7278E-05   
2930   4.101E-03   1.7929E-05   3.7170E-05   1.7929E-05 / 3.7074E-05   
2940   4.101E-03   1.8755E-05   3.8318E-05   1.8755E-05 / 3.8290E-05   
2950   4.101E-03   1.7758E-05   3.8428E-05   1.7032E-05 / 3.7761E-05   
2960   4.101E-03   1.6857E-05   3.5761E-05   1.6849E-05 / 3.5707E-05   
2970   4.101E-03   1.9382E-05   3.7020E-05   1.8950E-05 / 3.6608E-05   
2980   4.101E-03   2.1698E-05   4.2753E-05   2.0958E-05 / 4.2040E-05   
2990   4.101E-03   1.8652E-05   3.6313E-05   1.7091E-05 / 3.4731E-05   
3000   4.101E-03   1.5432E-05   3.3568E-05   1.5429E-05 / 3.3477E-05   
3010   4.101E-03   1.9273E-05   3.9556E-05   1.9273E-05 / 3.9544E-05   
3020   4.101E-03   1.7057E-05   3.5022E-05   1.7057E-05 / 3.4999E-05   
3030   4.101E-03   1.4655E-05   3.3167E-05   1.4636E-05 / 3.3112E-05   
3040   4.101E-03   1.7333E-05   3.6185E-05   1.6587E-05 / 3.5409E-05   
3050   4.101E-03   1.5224E-05   3.6211E-05   1.3974E-05 / 3.4987E-05   
3060   4.101E-03   2.0928E-05   3.8697E-05   2.0924E-05 / 3.8671E-05   
3070   4.101E-03   1.5799E-05   3.4199E-05   1.5799E-05 / 3.4178E-05   
3080   4.101E-03   1.4112E-05   3.2142E-05   1.3932E-05 / 3.1955E-05   
3090   4.101E-03   1.5724E-05   3.2484E-05   1.5634E-05 / 3.2352E-05   
3100   4.101E-03   1.5146E-05   3.4006E-05   1.5128E-05 / 3.3912E-05   
3110   4.101E-03   1.5651E-05   3.5340E-05   1.5564E-05 / 3.5048E-05   
3120   4.101E-03   1.5822E-05   3.3786E-05   1.5741E-05 / 3.3657E-05   
3130   4.101E-03   1.6778E-05   3.7284E-05   1.6768E-05 / 3.7263E-05   
3140   4.101E-03   1.5835E-05   3.4036E-05   1.5632E-05 / 3.3764E-05   
3150   4.101E-03   1.4997E-05   3.3998E-05   1.4253E-05 / 3.3260E-05   
3160   4.101E-03   1.4549E-05   3.3931E-05   1.4542E-05 / 3.3912E-05   
3170   4.101E-03   1.5537E-05   3.2890E-05   1.5280E-05 / 3.2593E-05   
3180   4.101E-03   2.1511E-05   4.0056E-05   2.1511E-05 / 4.0051E-05   
3190   4.101E-03   1.6542E-05   3.4692E-05   1.5945E-05 / 3.4145E-05   
3200   4.101E-03   1.3874E-05   3.2434E-05   1.3504E-05 / 3.2018E-05   
3210   4.101E-03   1.3891E-05   3.3224E-05   1.2831E-05 / 3.2219E-05   
3220   4.101E-03   1.7385E-05   3.7646E-05   1.7147E-05 / 3.7407E-05   
3230   4.101E-03   1.4421E-05   3.3564E-05   1.4255E-05 / 3.3393E-05   
3240   4.101E-03   1.3898E-05   3.3078E-05   1.3218E-05 / 3.2430E-05   
3250   4.101E-03   1.4586E-05   3.3494E-05   1.4514E-05 / 3.3431E-05   
3260   4.101E-03   1.5423E-05   3.2911E-05   1.5417E-05 / 3.2906E-05   
3270   4.101E-03   1.4461E-05   3.5176E-05   1.4461E-05 / 3.5169E-05   
3280   4.101E-03   1.4150E-05   3.3982E-05   1.3930E-05 / 3.3753E-05   
3290   4.101E-03   1.3655E-05   3.3202E-05   1.3556E-05 / 3.3123E-05   
3300   4.101E-03   1.9493E-05   3.9263E-05   1.8638E-05 / 3.8457E-05   
3310   4.101E-03   2.1467E-05   4.2471E-05   2.1467E-05 / 4.2454E-05   
3320   4.101E-03   1.6543E-05   4.0790E-05   1.6473E-05 / 4.0727E-05   
3330   4.101E-03   2.0267E-05   4.3523E-05   1.9035E-05 / 4.2310E-05   
3340   4.101E-03   1.6539E-05   3.4321E-05   1.6037E-05 / 3.3852E-05   
3350   4.101E-03   1.3400E-05   3.3553E-05   1.3272E-05 / 3.3423E-05   
3360   4.101E-03   1.4409E-05   3.3931E-05   1.3519E-05 / 3.3014E-05   
3370   4.101E-03   1.2720E-05   3.1929E-05   1.2672E-05 / 3.1880E-05   
3380   4.101E-03   1.3390E-05   3.4637E-05   1.2744E-05 / 3.4003E-05   
3390   4.101E-03   1.4650E-05   3.6165E-05   1.3691E-05 / 3.5227E-05   
3400   4.101E-03   1.4892E-05   3.4434E-05   1.3095E-05 / 3.2635E-05   
3410   4.101E-03   1.3147E-05   3.4736E-05   1.2622E-05 / 3.4225E-05   
3420   4.101E-03   1.6380E-05   3.8362E-05   1.6357E-05 / 3.8241E-05   
3430   4.101E-03   1.3407E-05   3.4202E-05   1.2850E-05 / 3.3585E-05   
3440   4.101E-03   1.3803E-05   3.2424E-05   1.3760E-05 / 3.2346E-05   
3450   4.101E-03   1.3086E-05   3.2511E-05   1.3076E-05 / 3.2496E-05   
3460   4.101E-03   1.4443E-05   3.3608E-05   1.4307E-05 / 3.3479E-05   
3470   4.101E-03   1.7261E-05   3.8498E-05   1.7261E-05 / 3.8471E-05   
3480   4.101E-03   1.5019E-05   3.2678E-05   1.4914E-05 / 3.2586E-05   
3490   4.101E-03   1.3298E-05   3.4348E-05   1.3283E-05 / 3.4322E-05   
3500   4.101E-03   1.3103E-05   3.0565E-05   1.2913E-05 / 3.0410E-05   
3510   4.101E-03   1.4248E-05   3.4585E-05   1.4247E-05 / 3.4579E-05   
3520   4.101E-03   1.4009E-05   3.2121E-05   1.4007E-05 / 3.2079E-05   
3530   4.101E-03   1.7965E-05   3.8011E-05   1.7690E-05 / 3.7629E-05   
3540   4.101E-03   1.4876E-05   3.3769E-05   1.4783E-05 / 3.3699E-05   
3550   4.101E-03   1.3364E-05   3.3671E-05   1.2992E-05 / 3.3357E-05   
3560   4.101E-03   1.4798E-05   3.3680E-05   1.3536E-05 / 3.2453E-05   
3570   4.101E-03   1.4024E-05   3.3944E-05   1.3721E-05 / 3.3687E-05   
3580   4.101E-03   1.5327E-05   3.4234E-05   1.5327E-05 / 3.4206E-05   
3590   4.101E-03   1.3736E-05   3.1790E-05   1.3083E-05 / 3.1122E-05   
3600   4.101E-03   1.3098E-05   3.2239E-05   1.3098E-05 / 3.2236E-05   
3610   4.101E-03   1.3563E-05   3.2543E-05   1.3554E-05 / 3.2489E-05   
3620   4.101E-03   2.3724E-05   3.8136E-05   2.3724E-05 / 3.8123E-05   
3630   4.101E-03   1.3304E-05   3.3306E-05   1.3303E-05 / 3.3274E-05   
3640   4.101E-03   1.6195E-05   3.4789E-05   1.6160E-05 / 3.4729E-05   
3650   4.101E-03   1.7681E-05   3.6323E-05   1.7486E-05 / 3.6119E-05   
3660   4.101E-03   1.2905E-05   3.2041E-05   1.2311E-05 / 3.1470E-05   
3670   4.101E-03   1.2029E-05   3.0712E-05   1.1855E-05 / 3.0570E-05   
3680   4.101E-03   1.6611E-05   3.5654E-05   1.6611E-05 / 3.5639E-05   
3690   4.101E-03   1.4766E-05   3.2626E-05   1.4157E-05 / 3.2024E-05   
3700   4.101E-03   1.6527E-05   3.6131E-05   1.6134E-05 / 3.5741E-05   
3710   4.101E-03   1.5819E-05   3.1152E-05   1.5471E-05 / 3.0867E-05   
3720   4.101E-03   1.2619E-05   3.0711E-05   1.2362E-05 / 3.0475E-05   
3730   4.101E-03   1.4872E-05   3.2066E-05   1.3064E-05 / 3.0248E-05   
3740   4.101E-03   1.1642E-05   3.0105E-05   1.1610E-05 / 3.0024E-05   
3750   4.101E-03   1.1494E-05   2.9006E-05   1.1259E-05 / 2.8825E-05   
3760   4.101E-03   1.2682E-05   3.0603E-05   1.2512E-05 / 3.0415E-05   
3770   4.101E-03   1.4351E-05   3.2427E-05   1.4100E-05 / 3.2203E-05   
3780   4.101E-03   1.5499E-05   3.3048E-05   1.5499E-05 / 3.3004E-05   
3790   4.101E-03   1.2338E-05   2.8562E-05   1.2249E-05 / 2.8494E-05   
3800   4.101E-03   1.2979E-05   2.9195E-05   1.2974E-05 / 2.9176E-05   
3810   4.101E-03   1.3482E-05   3.1269E-05   1.3482E-05 / 3.1191E-05   
3820   4.101E-03   1.2098E-05   2.8350E-05   1.2065E-05 / 2.8180E-05   
3830   4.101E-03   1.6786E-05   3.2447E-05   1.6786E-05 / 3.2417E-05   
3840   4.101E-03   1.2046E-05   2.9322E-05   1.1661E-05 / 2.8938E-05   
3850   4.101E-03   1.2370E-05   2.8556E-05   1.2370E-05 / 2.8505E-05   
3860   4.101E-03   2.0011E-05   3.5960E-05   1.7045E-05 / 3.3090E-05   
3870   4.101E-03   1.6606E-05   3.2761E-05   1.6447E-05 / 3.2611E-05   
3880   4.101E-03   1.1676E-05   2.7051E-05   1.1657E-05 / 2.7029E-05   
3890   4.101E-03   1.2047E-05   2.7269E-05   1.2047E-05 / 2.7208E-05   
3900   4.101E-03   1.7947E-05   3.2108E-05   1.7947E-05 / 3.2101E-05   
3910   4.101E-03   1.2005E-05   2.7085E-05   1.1963E-05 / 2.7046E-05   
3920   4.101E-03   1.1401E-05   2.6657E-05   1.1322E-05 / 2.6563E-05   
3930   4.101E-03   1.1049E-05   2.7683E-05   1.0847E-05 / 2.7507E-05   
3940   4.101E-03   1.6974E-05   3.2922E-05   1.3710E-05 / 2.9696E-05   
3950   4.101E-03   1.7017E-05   3.3211E-05   1.4180E-05 / 3.0457E-05   
3960   4.101E-03   1.3106E-05   2.8663E-05   1.3006E-05 / 2.8467E-05   
3970   4.101E-03   1.3277E-05   2.9181E-05   1.3277E-05 / 2.9154E-05   
3980   4.101E-03   1.3570E-05   2.9894E-05   1.2470E-05 / 2.8890E-05   
3990   4.101E-03   1.2216E-05   2.7956E-05   1.2025E-05 / 2.7773E-05   
4000   4.101E-03   1.5552E-05   3.2491E-05   1.5552E-05 / 3.2424E-05   
4010   4.101E-03   1.2455E-05   2.5317E-05   1.2230E-05 / 2.5114E-05   
4020   4.101E-03   1.2077E-05   2.6939E-05   1.2039E-05 / 2.6841E-05   
4030   4.101E-03   1.2960E-05   2.9766E-05   1.2948E-05 / 2.9720E-05   
4040   4.101E-03   1.2227E-05   2.8302E-05   1.1784E-05 / 2.7847E-05   
4050   4.101E-03   1.2157E-05   2.5724E-05   1.2157E-05 / 2.5716E-05   
4060   4.101E-03   2.1034E-05   3.5790E-05   1.5092E-05 / 3.0097E-05   
4070   4.101E-03   1.1462E-05   2.7646E-05   1.1192E-05 / 2.7345E-05   
4080   4.101E-03   1.9146E-05   3.1728E-05   1.8656E-05 / 3.1288E-05   
4090   4.101E-03   1.2507E-05   2.6653E-05   1.1836E-05 / 2.6036E-05   
4100   4.101E-03   1.2301E-05   2.6501E-05   1.2279E-05 / 2.6467E-05   
4110   4.101E-03   1.2472E-05   2.9514E-05   1.2059E-05 / 2.9113E-05   
4120   4.101E-03   2.2707E-05   3.5602E-05   2.2541E-05 / 3.5434E-05   
4130   4.101E-03   1.2526E-05   2.7582E-05   1.0848E-05 / 2.5906E-05   
4140   4.101E-03   1.8139E-05   3.5676E-05   1.8139E-05 / 3.5670E-05   
4150   4.101E-03   1.5090E-05   3.0753E-05   1.4479E-05 / 3.0206E-05   
4160   4.101E-03   1.3058E-05   2.8900E-05   1.2942E-05 / 2.8734E-05   
4170   4.101E-03   1.0773E-05   2.4640E-05   1.0468E-05 / 2.4315E-05   
4180   4.101E-03   1.0742E-05   2.6274E-05   1.0728E-05 / 2.6235E-05   
4190   4.101E-03   1.0808E-05   2.5448E-05   1.0721E-05 / 2.5312E-05   
4200   4.101E-03   1.1285E-05   2.6216E-05   1.0791E-05 / 2.5735E-05   
4210   4.101E-03   2.1008E-05   3.1652E-05   2.0492E-05 / 3.1080E-05   
4220   4.101E-03   1.4742E-05   2.9683E-05   1.4742E-05 / 2.9643E-05   
4230   4.101E-03   1.2224E-05   2.7222E-05   1.2064E-05 / 2.7046E-05   
4240   4.101E-03   1.0200E-05   2.5503E-05   1.0129E-05 / 2.5395E-05   
4250   4.101E-03   1.3362E-05   2.7038E-05   1.3216E-05 / 2.6867E-05   
4260   4.101E-03   1.1454E-05   2.5445E-05   1.1454E-05 / 2.5436E-05   
4270   4.101E-03   1.6122E-05   3.0879E-05   1.6122E-05 / 3.0847E-05   
4280   4.101E-03   1.1760E-05   2.5617E-05   1.1742E-05 / 2.5545E-05   
4290   4.101E-03   1.3358E-05   2.7034E-05   1.1923E-05 / 2.5650E-05   
4300   4.101E-03   1.1600E-05   2.5858E-05   1.1600E-05 / 2.5847E-05   
4310   4.101E-03   1.4408E-05   2.8824E-05   1.4381E-05 / 2.8757E-05   
4320   4.101E-03   1.1265E-05   2.4636E-05   1.0934E-05 / 2.4261E-05   
4330   4.101E-03   1.2283E-05   2.5111E-05   1.2283E-05 / 2.5087E-05   
4340   4.101E-03   1.4265E-05   3.1522E-05   1.4209E-05 / 3.1361E-05   
4350   4.101E-03   1.1384E-05   2.6397E-05   1.0529E-05 / 2.5536E-05   
4360   4.101E-03   1.1915E-05   2.6178E-05   1.1915E-05 / 2.6169E-05   
4370   4.101E-03   1.0915E-05   2.6414E-05   1.0914E-05 / 2.6391E-05   
4380   4.101E-03   1.2299E-05   2.4806E-05   1.1729E-05 / 2.4211E-05   
4390   4.101E-03   2.5234E-05   3.9924E-05   2.0708E-05 / 3.5581E-05   
4400   4.101E-03   1.4240E-05   2.9006E-05   1.4240E-05 / 2.8991E-05   
4410   4.101E-03   1.2144E-05   2.6904E-05   1.0837E-05 / 2.5635E-05   
4420   4.101E-03   1.2935E-05   2.5754E-05   1.2246E-05 / 2.5055E-05   
4430   4.101E-03   1.1194E-05   2.5862E-05   1.0636E-05 / 2.5275E-05   
4440   4.101E-03   1.3159E-05   2.5074E-05   1.2216E-05 / 2.4124E-05   
4450   4.101E-03   1.8945E-05   3.0917E-05   1.8762E-05 / 3.0662E-05   
4460   4.101E-03   1.1079E-05   2.6163E-05   1.1059E-05 / 2.6104E-05   
4470   4.101E-03   1.2061E-05   2.7474E-05   1.1856E-05 / 2.7201E-05   
4480   4.101E-03   9.6871E-06   2.4813E-05   9.6364E-06 / 2.4697E-05   
4490   4.101E-03   1.1100E-05   2.5818E-05   1.1100E-05 / 2.5802E-05   
4500   4.101E-03   1.1037E-05   2.7029E-05   1.0588E-05 / 2.6541E-05   
4510   4.101E-03   1.3256E-05   2.8705E-05   1.3256E-05 / 2.8659E-05   
4520   4.101E-03   2.2977E-05   3.7171E-05   2.2977E-05 / 3.7166E-05   
4530   4.101E-03   1.1116E-05   2.7449E-05   1.1079E-05 / 2.7313E-05   
4540   4.101E-03   1.1502E-05   2.5078E-05   1.1375E-05 / 2.4867E-05   
4550   4.101E-03   1.2387E-05   2.7444E-05   1.1311E-05 / 2.6399E-05   
4560   4.101E-03   1.1310E-05   2.7039E-05   1.1305E-05 / 2.7003E-05   
4570   4.101E-03   1.1796E-05   2.6769E-05   1.1640E-05 / 2.6568E-05   
4580   4.101E-03   1.0983E-05   2.7158E-05   1.0730E-05 / 2.6840E-05   
4590   4.101E-03   9.8304E-06   2.6218E-05   9.5617E-06 / 2.5891E-05   
4600   4.101E-03   1.1846E-05   2.8493E-05   1.1814E-05 / 2.8382E-05   
4610   4.101E-03   1.1399E-05   2.6818E-05   1.1328E-05 / 2.6695E-05   
4620   4.101E-03   9.5120E-06   2.4701E-05   9.5052E-06 / 2.4673E-05   
4630   4.101E-03   2.3409E-05   4.0416E-05   2.3355E-05 / 4.0261E-05   
4640   4.101E-03   1.0459E-05   2.5301E-05   1.0339E-05 / 2.5137E-05   
4650   4.101E-03   1.0138E-05   2.6018E-05   9.3986E-06 / 2.5253E-05   
4660   4.101E-03   1.0836E-05   2.5708E-05   1.0836E-05 / 2.5696E-05   
4670   4.101E-03   1.0786E-05   2.6031E-05   1.0659E-05 / 2.5869E-05   
4680   4.101E-03   1.1068E-05   2.6168E-05   1.1029E-05 / 2.6099E-05   
BEST MODEL
===============================================================================================================
4419   4.101E-03   1.1207E-05   2.3524E-05   1.1173E-05 / 2.3459E-05   
===============================================================================================================
Saved model to /home/nikki/kan/kanTBNN/models/multi_run/kan_experiment_173_opt/kanTBNN-24Nov08_19:31:35.pickle
