========== Dataset info ==========
Dataset params: {'file': '/home/nikhila/WDC/kan/dataset/turbulence_dataset_clean.csv', 'Cases': ['squareDuctAve_Re_1100', 'squareDuctAve_Re_1150', 'squareDuctAve_Re_1250', 'squareDuctAve_Re_1300', 'squareDuctAve_Re_1350', 'squareDuctAve_Re_1400', 'squareDuctAve_Re_1500', 'squareDuctAve_Re_1600', 'squareDuctAve_Re_1800', 'squareDuctAve_Re_2000', 'squareDuctAve_Re_2205', 'squareDuctAve_Re_2400', 'squareDuctAve_Re_2600', 'squareDuctAve_Re_2900', 'squareDuctAve_Re_3200', 'squareDuctAve_Re_3500'], 'val_set': ['squareDuctAve_Re_1300', 'squareDuctAve_Re_1800', 'squareDuctAve_Re_3200'], 'test_set': ['squareDuctAve_Re_2000'], 'data_loader': <class 'tbnn.dataloaders.aDataset'>}
Train/Valid/Test points: 110592 / 27648 / 9216
Memorization?: False
Cluster training?: False
EPOCH     LR        TRAIN         VALID             MSE:T/V                  RL:T/V             %NR_t/%NR_v
===============================================================================================================
  1   3.736E-04   4.0853E-03   3.8279E-03   4.0625E-03 / 3.8159E-03   
 10   3.736E-04   6.7863E-04   6.3781E-04   6.7652E-04 / 6.3305E-04   
 20   3.736E-04   5.1311E-04   5.3920E-04   5.1127E-04 / 5.2778E-04   
 30   3.736E-04   4.4812E-04   5.5226E-04   4.4734E-04 / 5.4959E-04   
 40   3.736E-04   4.2582E-04   5.5590E-04   4.2549E-04 / 5.5323E-04   
 50   3.736E-04   4.4815E-04   5.2584E-04   4.4775E-04 / 5.2459E-04   
 60   3.736E-04   4.0106E-04   5.4772E-04   4.0016E-04 / 5.3308E-04   
 70   3.736E-04   3.9568E-04   5.1841E-04   3.9415E-04 / 4.9601E-04   
 80   3.736E-04   3.9462E-04   5.5989E-04   3.9327E-04 / 5.2519E-04   
 90   3.736E-04   4.0603E-04   4.9646E-04   4.0427E-04 / 4.8172E-04   
100   3.736E-04   3.8499E-04   5.1900E-04   3.8395E-04 / 4.8910E-04   
110   3.736E-04   3.8429E-04   5.1293E-04   3.8410E-04 / 5.0557E-04   
120   3.736E-04   3.7538E-04   4.7959E-04   3.7523E-04 / 4.7591E-04   
130   3.736E-04   3.9563E-04   6.0833E-04   3.9259E-04 / 5.3990E-04   
140   3.736E-04   3.6693E-04   4.7680E-04   3.6649E-04 / 4.5644E-04   
150   3.736E-04   3.6486E-04   5.2714E-04   3.6427E-04 / 4.9859E-04   
160   3.736E-04   3.7285E-04   4.9898E-04   3.7242E-04 / 4.7327E-04   
170   3.736E-04   3.5999E-04   5.3485E-04   3.5896E-04 / 4.8808E-04   
180   3.736E-04   3.5909E-04   4.8306E-04   3.5874E-04 / 4.5249E-04   
190   3.736E-04   3.5879E-04   4.9905E-04   3.5786E-04 / 4.5176E-04   
200   3.736E-04   3.6639E-04   4.5762E-04   3.6615E-04 / 4.5020E-04   
210   3.736E-04   3.5073E-04   5.1162E-04   3.4974E-04 / 4.6615E-04   
220   3.736E-04   3.4872E-04   4.9270E-04   3.4765E-04 / 4.6200E-04   
230   3.736E-04   3.4942E-04   5.1936E-04   3.4848E-04 / 4.6726E-04   
240   3.736E-04   3.4731E-04   4.8899E-04   3.4678E-04 / 4.6529E-04   
250   3.736E-04   3.4877E-04   4.9081E-04   3.4844E-04 / 4.6420E-04   
260   3.736E-04   3.4975E-04   5.0837E-04   3.4948E-04 / 4.9007E-04   
270   3.736E-04   3.5333E-04   4.9425E-04   3.5091E-04 / 4.5628E-04   
280   3.736E-04   3.5112E-04   4.7664E-04   3.5001E-04 / 4.5613E-04   
290   3.736E-04   3.5604E-04   4.9105E-04   3.5554E-04 / 4.6921E-04   
300   3.736E-04   3.4790E-04   4.8365E-04   3.4685E-04 / 4.5091E-04   
310   3.736E-04   3.5162E-04   5.1695E-04   3.5128E-04 / 4.9088E-04   
320   3.736E-04   3.6517E-04   5.1823E-04   3.6416E-04 / 4.8974E-04   
330   3.736E-04   3.6534E-04   4.7522E-04   3.6524E-04 / 4.7163E-04   
340   3.736E-04   3.5149E-04   4.9397E-04   3.5118E-04 / 4.8228E-04   
350   3.736E-04   3.4170E-04   4.8567E-04   3.4090E-04 / 4.6198E-04   
360   3.736E-04   3.4145E-04   5.0016E-04   3.4122E-04 / 4.7976E-04   
370   3.736E-04   3.4200E-04   4.8627E-04   3.4184E-04 / 4.7675E-04   
380   3.736E-04   3.4413E-04   4.7295E-04   3.4378E-04 / 4.5729E-04   
390   3.736E-04   3.4065E-04   4.8067E-04   3.3970E-04 / 4.4875E-04   
400   3.736E-04   3.3989E-04   5.1255E-04   3.3887E-04 / 4.8316E-04   
410   3.736E-04   3.4437E-04   4.8457E-04   3.4422E-04 / 4.6909E-04   
420   3.736E-04   3.4730E-04   5.1343E-04   3.4690E-04 / 4.8109E-04   
430   3.736E-04   3.3999E-04   4.6145E-04   3.3949E-04 / 4.4965E-04   
440   3.736E-04   3.4579E-04   4.5430E-04   3.4550E-04 / 4.4916E-04   
450   3.736E-04   3.4835E-04   5.0637E-04   3.4734E-04 / 4.7794E-04   
460   3.736E-04   3.4029E-04   4.4833E-04   3.4001E-04 / 4.3841E-04   
470   3.736E-04   3.4011E-04   4.8855E-04   3.3908E-04 / 4.5800E-04   
480   3.736E-04   3.4758E-04   5.0313E-04   3.4718E-04 / 4.8589E-04   
490   3.736E-04   3.4363E-04   5.0476E-04   3.4352E-04 / 4.9384E-04   
500   3.736E-04   3.4245E-04   4.8946E-04   3.4229E-04 / 4.6874E-04   
===============================================================================================================
Saved model to /home/nikhila/WDC/kan/kanTBNN/models/multi_run/kan_experiment_14_opt/kanTBNN-25Jan24_04:04:03.pickle
