========== Dataset info ==========
Dataset params: {'file': '/home/ryley/WDK/ML/dataset/turbulence_dataset_clean.csv', 'Cases': ['case_0p5', 'case_0p8', 'case_1p0', 'case_1p2', 'case_1p5'], 'val_set': ['case_0p8'], 'test_set': ['case_1p2'], 'data_loader': <class 'tbnn.dataloaders.aDataset'>}
Train/Valid/Test points: 44253 / 14751 / 14751
Memorization?: False
EPOCH     LR        TRAIN         VALID             MSE:T/V                  RL:T/V             %NR_t/%NR_v
===============================================================================================================
  1   1.000E-04   4.7279E-03   4.2637E-03   4.7279E-03 / 4.2637E-03   1.4070E-05 / 4.3715E-05   0.15% / 0.16%
 10   1.000E-04   1.8958E-03   1.5967E-03   1.8958E-03 / 1.5967E-03   3.6448E-05 / 3.0920E-05   4.58% / 4.30%
 20   1.000E-04   1.3345E-03   1.1086E-03   1.3345E-03 / 1.1086E-03   5.9162E-06 / 2.4029E-05   2.28% / 2.09%
 30   1.000E-04   1.1565E-03   9.4075E-04   1.1565E-03 / 9.4075E-04   4.3376E-06 / 2.7343E-05   1.35% / 1.23%
 40   1.000E-04   1.0265E-03   8.3632E-04   1.0265E-03 / 8.3632E-04   3.7914E-06 / 2.6361E-05   0.62% / 0.61%
 50   1.000E-04   9.3382E-04   7.5226E-04   9.3382E-04 / 7.5226E-04   8.3493E-06 / 3.3577E-05   0.79% / 0.86%
 60   1.000E-04   8.7237E-04   7.0571E-04   8.7237E-04 / 7.0571E-04   4.5868E-06 / 2.6036E-05   0.30% / 0.35%
 70   1.000E-04   8.2001E-04   6.5601E-04   8.2001E-04 / 6.5601E-04   3.9582E-06 / 2.5099E-05   0.89% / 0.87%
 80   1.000E-04   8.1280E-04   6.2163E-04   8.1280E-04 / 6.2163E-04   6.3818E-07 / 2.1881E-05   0.16% / 0.18%
 90   1.000E-04   7.4925E-04   5.7096E-04   7.4925E-04 / 5.7096E-04   1.5069E-06 / 2.2674E-05   0.24% / 0.24%
100   1.000E-04   7.1627E-04   5.4870E-04   7.1627E-04 / 5.4870E-04   3.0225E-06 / 2.4090E-05   0.92% / 0.79%
110   1.000E-04   6.9298E-04   5.2752E-04   6.9298E-04 / 5.2752E-04   1.8268E-05 / 3.6638E-05   1.26% / 1.15%
120   1.000E-04   6.7527E-04   5.3172E-04   6.7527E-04 / 5.3172E-04   7.5601E-05 / 8.3294E-05   2.00% / 1.73%
130   1.000E-04   6.4320E-04   4.8626E-04   6.4320E-04 / 4.8626E-04   6.4615E-06 / 2.7984E-05   1.15% / 0.85%
140   1.000E-04   6.2822E-04   5.0387E-04   6.2822E-04 / 5.0387E-04   1.5619E-05 / 3.4972E-05   1.67% / 1.57%
150   1.000E-04   6.0796E-04   4.5720E-04   6.0796E-04 / 4.5720E-04   3.4174E-05 / 4.9414E-05   1.83% / 1.78%
160   1.000E-04   5.8565E-04   4.5805E-04   5.8565E-04 / 4.5805E-04   6.2034E-06 / 2.8433E-05   1.05% / 0.89%
170   1.000E-04   5.6998E-04   4.6591E-04   5.6998E-04 / 4.6591E-04   3.7307E-06 / 2.6511E-05   0.96% / 0.90%
180   1.000E-04   5.5314E-04   4.4357E-04   5.5314E-04 / 4.4357E-04   3.9572E-05 / 5.7642E-05   2.27% / 2.27%
190   1.000E-04   5.3229E-04   4.2982E-04   5.3229E-04 / 4.2982E-04   1.3577E-05 / 3.5669E-05   2.04% / 1.93%
200   1.000E-04   5.1581E-04   4.2551E-04   5.1581E-04 / 4.2551E-04   2.1921E-05 / 4.5398E-05   2.11% / 2.24%
210   1.000E-04   5.0416E-04   4.2606E-04   5.0416E-04 / 4.2606E-04   2.2503E-06 / 2.3528E-05   1.32% / 1.29%
220   1.000E-04   4.9050E-04   4.1639E-04   4.9050E-04 / 4.1639E-04   1.2941E-06 / 2.2747E-05   0.83% / 0.72%
230   1.000E-04   4.7229E-04   3.9607E-04   4.7229E-04 / 3.9607E-04   1.8556E-05 / 4.0797E-05   1.61% / 1.68%
240   1.000E-04   4.5927E-04   3.9634E-04   4.5927E-04 / 3.9634E-04   1.6846E-06 / 2.3460E-05   0.54% / 0.47%
250   1.000E-04   4.8658E-04   4.6413E-04   4.8658E-04 / 4.6413E-04   3.3076E-06 / 2.7249E-05   1.66% / 1.76%
260   1.000E-04   4.3713E-04   3.7564E-04   4.3713E-04 / 3.7564E-04   5.4311E-05 / 7.6568E-05   3.96% / 4.22%
270   1.000E-04   4.2147E-04   3.5943E-04   4.2147E-04 / 3.5943E-04   2.7298E-05 / 5.0993E-05   3.37% / 3.79%
280   1.000E-04   4.1071E-04   3.5339E-04   4.1071E-04 / 3.5339E-04   2.6237E-06 / 2.4231E-05   1.92% / 2.31%
290   1.000E-04   4.3177E-04   4.0549E-04   4.3177E-04 / 4.0549E-04   1.8991E-06 / 2.3481E-05   2.14% / 2.20%
300   1.000E-04   3.9505E-04   3.4059E-04   3.9505E-04 / 3.4059E-04   3.4980E-06 / 2.4841E-05   1.46% / 1.67%
310   1.000E-04   3.8510E-04   3.2741E-04   3.8510E-04 / 3.2741E-04   5.2934E-07 / 2.1715E-05   0.91% / 0.82%
320   1.000E-04   3.7342E-04   3.3667E-04   3.7342E-04 / 3.3667E-04   3.5299E-06 / 2.5624E-05   1.71% / 1.68%
330   1.000E-04   3.6241E-04   3.1948E-04   3.6241E-04 / 3.1948E-04   4.7551E-06 / 2.6740E-05   1.22% / 1.31%
340   1.000E-04   3.6057E-04   3.2991E-04   3.6057E-04 / 3.2991E-04   1.8245E-06 / 2.3085E-05   0.99% / 1.06%
350   1.000E-04   3.4661E-04   3.2366E-04   3.4661E-04 / 3.2366E-04   1.3778E-05 / 3.6571E-05   1.63% / 1.50%
360   1.000E-04   3.3710E-04   3.2168E-04   3.3710E-04 / 3.2168E-04   7.7730E-06 / 3.0835E-05   1.42% / 1.50%
370   1.000E-04   3.8084E-04   3.4786E-04   3.8084E-04 / 3.4786E-04   4.0546E-07 / 2.1389E-05   0.68% / 0.76%
380   1.000E-04   3.2178E-04   3.1643E-04   3.2178E-04 / 3.1643E-04   2.8827E-06 / 2.4994E-05   1.30% / 1.41%
390   1.000E-04   3.1506E-04   3.0813E-04   3.1506E-04 / 3.0813E-04   3.6145E-06 / 2.7073E-05   1.10% / 1.57%
400   1.000E-04   2.9906E-04   2.8978E-04   2.9906E-04 / 2.8978E-04   2.0959E-06 / 2.3981E-05   0.99% / 1.15%
410   1.000E-04   2.9777E-04   2.8951E-04   2.9777E-04 / 2.8951E-04   2.0754E-06 / 2.3659E-05   0.57% / 0.97%
420   1.000E-04   2.9884E-04   3.0461E-04   2.9884E-04 / 3.0461E-04   1.3109E-05 / 3.6041E-05   1.11% / 1.38%
430   1.000E-04   2.9455E-04   3.3019E-04   2.9455E-04 / 3.3019E-04   3.0928E-06 / 2.5963E-05   2.00% / 1.88%
440   1.000E-04   2.8113E-04   3.1591E-04   2.8113E-04 / 3.1591E-04   2.0835E-05 / 4.6561E-05   1.64% / 1.84%
450   1.000E-04   2.9347E-04   3.0372E-04   2.9347E-04 / 3.0372E-04   1.1605E-06 / 2.2903E-05   0.80% / 0.85%
460   1.000E-04   2.7388E-04   2.9473E-04   2.7388E-04 / 2.9473E-04   2.4836E-06 / 2.4808E-05   1.07% / 1.31%
470   1.000E-04   2.7202E-04   3.0700E-04   2.7202E-04 / 3.0700E-04   2.0000E-06 / 2.4826E-05   1.54% / 1.59%
480   1.000E-04   2.5624E-04   2.8904E-04   2.5624E-04 / 2.8904E-04   7.5114E-06 / 3.1539E-05   1.48% / 1.97%
490   1.000E-04   2.6128E-04   3.1058E-04   2.6128E-04 / 3.1058E-04   4.8631E-06 / 2.7498E-05   0.92% / 1.40%
500   1.000E-04   2.6099E-04   2.9898E-04   2.6099E-04 / 2.9898E-04   1.0683E-06 / 2.2593E-05   0.42% / 0.62%
510   1.000E-04   2.6741E-04   3.0356E-04   2.6741E-04 / 3.0356E-04   3.3232E-05 / 6.1105E-05   1.90% / 2.26%
520   1.000E-04   2.4028E-04   3.0417E-04   2.4028E-04 / 3.0417E-04   9.5764E-06 / 3.3931E-05   2.77% / 2.77%
530   1.000E-04   2.4904E-04   3.1532E-04   2.4904E-04 / 3.1532E-04   1.6295E-05 / 4.1727E-05   1.79% / 1.94%
540   1.000E-04   2.5980E-04   3.2458E-04   2.5980E-04 / 3.2458E-04   6.6223E-07 / 2.2574E-05   0.45% / 0.73%
550   1.000E-04   2.2795E-04   3.0024E-04   2.2795E-04 / 3.0024E-04   8.0188E-07 / 2.3270E-05   0.81% / 0.93%
560   1.000E-04   2.3246E-04   3.0978E-04   2.3246E-04 / 3.0978E-04   9.4785E-07 / 2.3214E-05   0.86% / 0.99%
===============================================================================================================
Saved model to models/phll_only_norealiz/model_TBNNiii_7x40.pickle
===================================
=====PERIODIC HILLS EVALUATION=====
===================================
========== Dataset info ==========
Dataset params: {'file': '/home/ryley/WDK/ML/dataset/turbulence_dataset_clean.csv', 'Cases': ['case_0p5', 'case_0p8', 'case_1p0', 'case_1p2', 'case_1p5'], 'val_set': ['case_0p8'], 'test_set': ['case_1p2'], 'data_loader': <class 'tbnn.dataloaders.aDataset'>}
Train/Valid/Test points: 44253 / 14751 / 14751
Memorization?: False
Final model performance:
======= Training =======
aLoss:   2.4294E-04
mse_b:   1.4069E-03
realzLoss: 8.9403E-06
%unrealiz: 0.9446%
mse_a (khat):   2.4294E-04
======= Validation =======
aLoss:   2.7843E-04
mse_b:   1.3231E-03
realzLoss: 3.2940E-05
%unrealiz: 1.4643%
mse_a (khat):   3.4812E-04
======= Testing =======
aLoss:   2.4465E-04
mse_b:   1.3310E-03
realzLoss: 7.4085E-06
%unrealiz: 0.7660%
mse_a (khat):   7.4400E-04
[dataFoam] Writing nut_L to file /home/ryley/WDK/ML/scratch/injection/case_1p2_phll_only_norealiz/0/nut_L
[dataFoam] Writing aperp to file /home/ryley/WDK/ML/scratch/injection/case_1p2_phll_only_norealiz/0/aperp
