========== Dataset info ==========
Dataset params: {'file': '/home/nikki/kan/data/turbulence_dataset_clean.csv', 'Cases': ['fp_1000', 'fp_1410', 'fp_2000', 'fp_2540', 'fp_3030', 'fp_3270', 'fp_3630', 'fp_3970', 'fp_4060'], 'val_set': ['fp_3030', 'fp_1410', 'fp_4060'], 'test_set': ['fp_3630'], 'data_loader': <class 'tbnn.dataloaders.aDataset'>}
Train/Valid/Test points: 760 / 468 / 168
Memorization?: False
Cluster training?: False
EPOCH     LR        TRAIN         VALID             MSE:T/V                  RL:T/V             %NR_t/%NR_v
===============================================================================================================
  1   4.305E-03   1.7916E-01   1.7638E-01   1.7916E-01 / 1.7638E-01   
 10   4.305E-03   5.9454E-03   5.6273E-03   5.9454E-03 / 5.6273E-03   
 20   4.305E-03   3.5426E-03   3.4079E-03   3.5421E-03 / 3.4075E-03   
 30   4.305E-03   2.9336E-03   2.8308E-03   2.9335E-03 / 2.8308E-03   
 40   4.305E-03   2.4712E-03   2.3905E-03   2.4710E-03 / 2.3904E-03   
 50   4.305E-03   2.1052E-03   2.0394E-03   2.1050E-03 / 2.0393E-03   
 60   4.305E-03   1.8435E-03   1.7862E-03   1.8434E-03 / 1.7861E-03   
 70   4.305E-03   1.6242E-03   1.5804E-03   1.6242E-03 / 1.5804E-03   
 80   4.305E-03   1.4373E-03   1.3982E-03   1.4372E-03 / 1.3982E-03   
 90   4.305E-03   1.2708E-03   1.2358E-03   1.2707E-03 / 1.2357E-03   
100   4.305E-03   1.0973E-03   1.0683E-03   1.0972E-03 / 1.0683E-03   
110   4.305E-03   9.4044E-04   9.2411E-04   9.4043E-04 / 9.2411E-04   
120   4.305E-03   8.0294E-04   7.8990E-04   8.0271E-04 / 7.8964E-04   
130   4.305E-03   6.8829E-04   6.7645E-04   6.8814E-04 / 6.7628E-04   
140   4.305E-03   6.0085E-04   5.9102E-04   6.0085E-04 / 5.9102E-04   
150   4.305E-03   5.2625E-04   5.1798E-04   5.2618E-04 / 5.1792E-04   
160   4.305E-03   4.8020E-04   4.7990E-04   4.7998E-04 / 4.7972E-04   
170   4.305E-03   4.3552E-04   4.3447E-04   4.3549E-04 / 4.3446E-04   
180   4.305E-03   3.9483E-04   3.9210E-04   3.9481E-04 / 3.9210E-04   
190   4.305E-03   3.6776E-04   3.6102E-04   3.6773E-04 / 3.6102E-04   
200   4.305E-03   3.4876E-04   3.4171E-04   3.4875E-04 / 3.4171E-04   
210   4.305E-03   3.2265E-04   3.2053E-04   3.2240E-04 / 3.2031E-04   
220   4.305E-03   3.0146E-04   2.9953E-04   3.0146E-04 / 2.9953E-04   
230   4.305E-03   2.8987E-04   2.9364E-04   2.8941E-04 / 2.9313E-04   
240   4.305E-03   2.8952E-04   2.9775E-04   2.8946E-04 / 2.9766E-04   
250   4.305E-03   2.5912E-04   2.6042E-04   2.5912E-04 / 2.6042E-04   
260   4.305E-03   2.4566E-04   2.4595E-04   2.4545E-04 / 2.4576E-04   
270   4.305E-03   2.4173E-04   2.4088E-04   2.4164E-04 / 2.4079E-04   
280   4.305E-03   2.3012E-04   2.3124E-04   2.2999E-04 / 2.3116E-04   
290   4.305E-03   2.2103E-04   2.2288E-04   2.2100E-04 / 2.2286E-04   
300   4.305E-03   2.1056E-04   2.1040E-04   2.1051E-04 / 2.1033E-04   
310   4.305E-03   2.0126E-04   2.0277E-04   2.0126E-04 / 2.0277E-04   
320   4.305E-03   1.9007E-04   1.9310E-04   1.9004E-04 / 1.9305E-04   
330   4.305E-03   1.9122E-04   2.0213E-04   1.9089E-04 / 2.0178E-04   
340   4.305E-03   1.7979E-04   1.8380E-04   1.7979E-04 / 1.8380E-04   
350   4.305E-03   1.8715E-04   1.8631E-04   1.8695E-04 / 1.8619E-04   
360   4.305E-03   1.6664E-04   1.7373E-04   1.6625E-04 / 1.7345E-04   
370   4.305E-03   1.5916E-04   1.6573E-04   1.5916E-04 / 1.6573E-04   
380   4.305E-03   1.5697E-04   1.6281E-04   1.5629E-04 / 1.6217E-04   
390   4.305E-03   1.5847E-04   1.6555E-04   1.5762E-04 / 1.6473E-04   
400   4.305E-03   1.4454E-04   1.5433E-04   1.4452E-04 / 1.5428E-04   
410   4.305E-03   1.3856E-04   1.4888E-04   1.3855E-04 / 1.4887E-04   
420   4.305E-03   1.3597E-04   1.4398E-04   1.3587E-04 / 1.4390E-04   
430   4.305E-03   1.5660E-04   1.6961E-04   1.5433E-04 / 1.6741E-04   
440   4.305E-03   1.2553E-04   1.3297E-04   1.2536E-04 / 1.3284E-04   
450   4.305E-03   1.4440E-04   1.4954E-04   1.4359E-04 / 1.4917E-04   
460   4.305E-03   1.1528E-04   1.2385E-04   1.1528E-04 / 1.2385E-04   
470   4.305E-03   1.1115E-04   1.1993E-04   1.1108E-04 / 1.1990E-04   
480   4.305E-03   1.0752E-04   1.1657E-04   1.0749E-04 / 1.1654E-04   
490   4.305E-03   1.1038E-04   1.1965E-04   1.1020E-04 / 1.1927E-04   
500   4.305E-03   1.0923E-04   1.2121E-04   1.0903E-04 / 1.2102E-04   
510   4.305E-03   9.9918E-05   1.1011E-04   9.9688E-05 / 1.0984E-04   
520   4.305E-03   9.5815E-05   1.0621E-04   9.5797E-05 / 1.0619E-04   
530   4.305E-03   9.6406E-05   1.0429E-04   9.6368E-05 / 1.0428E-04   
540   4.305E-03   1.0109E-04   1.1034E-04   1.0085E-04 / 1.1022E-04   
550   4.305E-03   9.2573E-05   1.0168E-04   9.2376E-05 / 1.0154E-04   
560   4.305E-03   8.8424E-05   1.0264E-04   8.8424E-05 / 1.0264E-04   
570   4.305E-03   8.4608E-05   9.7965E-05   8.4516E-05 / 9.7884E-05   
580   4.305E-03   8.2527E-05   9.4533E-05   8.1965E-05 / 9.3986E-05   
590   4.305E-03   7.7039E-05   9.0609E-05   7.7039E-05 / 9.0609E-05   
600   4.305E-03   9.0809E-05   9.9797E-05   9.0808E-05 / 9.9791E-05   
610   4.305E-03   7.8566E-05   8.8713E-05   7.8566E-05 / 8.8713E-05   
620   4.305E-03   9.4799E-05   1.1310E-04   9.4799E-05 / 1.1310E-04   
630   4.305E-03   7.2668E-05   9.4063E-05   7.2480E-05 / 9.3828E-05   
640   4.305E-03   7.0282E-05   8.7957E-05   6.9819E-05 / 8.7467E-05   
650   4.305E-03   6.9432E-05   8.5969E-05   6.7254E-05 / 8.3831E-05   
660   4.305E-03   7.0172E-05   9.1344E-05   6.7916E-05 / 8.9375E-05   
670   4.305E-03   7.6066E-05   1.0183E-04   7.5829E-05 / 1.0169E-04   
680   4.305E-03   8.2254E-05   1.0365E-04   8.1938E-05 / 1.0349E-04   
690   4.305E-03   9.9572E-05   1.2874E-04   9.9565E-05 / 1.2874E-04   
700   4.305E-03   5.8047E-05   7.2962E-05   5.8005E-05 / 7.2949E-05   
710   4.305E-03   5.7380E-05   6.7351E-05   5.7361E-05 / 6.7339E-05   
720   4.305E-03   5.8849E-05   7.8550E-05   5.8849E-05 / 7.8550E-05   
730   4.305E-03   6.1852E-05   7.3243E-05   6.1847E-05 / 7.3239E-05   
740   4.305E-03   5.5824E-05   7.1893E-05   5.5575E-05 / 7.1570E-05   
750   4.305E-03   5.3757E-05   6.6354E-05   5.3716E-05 / 6.6278E-05   
760   4.305E-03   5.4191E-05   7.1839E-05   5.4191E-05 / 7.1839E-05   
770   4.305E-03   4.9101E-05   6.6523E-05   4.9060E-05 / 6.6477E-05   
780   4.305E-03   4.8607E-05   6.2817E-05   4.8142E-05 / 6.2320E-05   
790   4.305E-03   5.0571E-05   6.6319E-05   4.9224E-05 / 6.4972E-05   
800   4.305E-03   4.5246E-05   5.8911E-05   4.5118E-05 / 5.8848E-05   
810   4.305E-03   6.2597E-05   8.0242E-05   6.2529E-05 / 8.0210E-05   
820   4.305E-03   5.2393E-05   6.6135E-05   5.1843E-05 / 6.5773E-05   
830   4.305E-03   4.3569E-05   5.6661E-05   4.3569E-05 / 5.6661E-05   
840   4.305E-03   4.2900E-05   5.4988E-05   4.2894E-05 / 5.4988E-05   
850   4.305E-03   4.3634E-05   5.6558E-05   4.3506E-05 / 5.6490E-05   
860   4.305E-03   5.1615E-05   6.7798E-05   5.1358E-05 / 6.7579E-05   
870   4.305E-03   4.6033E-05   5.8697E-05   4.6007E-05 / 5.8659E-05   
880   4.305E-03   3.8084E-05   5.1285E-05   3.7848E-05 / 5.1087E-05   
890   4.305E-03   3.8283E-05   5.0851E-05   3.8272E-05 / 5.0844E-05   
900   4.305E-03   3.8118E-05   5.3101E-05   3.7872E-05 / 5.2778E-05   
910   4.305E-03   3.8782E-05   5.0233E-05   3.8782E-05 / 5.0233E-05   
920   4.305E-03   3.6457E-05   5.0195E-05   3.6396E-05 / 5.0098E-05   
930   4.305E-03   3.4351E-05   4.6915E-05   3.4304E-05 / 4.6823E-05   
940   4.305E-03   5.2970E-05   6.7152E-05   5.2682E-05 / 6.6847E-05   
950   4.305E-03   3.9681E-05   5.3507E-05   3.9176E-05 / 5.3015E-05   
960   4.305E-03   5.1766E-05   5.7710E-05   5.1766E-05 / 5.7710E-05   
970   4.305E-03   3.6830E-05   4.7918E-05   3.6094E-05 / 4.7139E-05   
980   4.305E-03   3.0905E-05   4.3393E-05   3.0851E-05 / 4.3360E-05   
990   4.305E-03   3.0759E-05   4.4502E-05   3.0405E-05 / 4.4257E-05   
1000   4.305E-03   3.1404E-05   4.4495E-05   3.1109E-05 / 4.4314E-05   
1010   4.305E-03   3.1892E-05   4.3870E-05   3.1749E-05 / 4.3826E-05   
1020   4.305E-03   3.4076E-05   4.4410E-05   3.3975E-05 / 4.4381E-05   
1030   4.305E-03   3.8970E-05   5.0354E-05   3.7621E-05 / 4.9225E-05   
1040   4.305E-03   5.5772E-05   6.3143E-05   5.5485E-05 / 6.2972E-05   
1050   4.305E-03   3.0255E-05   4.1896E-05   2.8500E-05 / 4.0385E-05   
1060   4.305E-03   2.8784E-05   4.1609E-05   2.8164E-05 / 4.1096E-05   
1070   4.305E-03   3.7916E-05   4.9487E-05   3.7916E-05 / 4.9487E-05   
1080   4.305E-03   2.9228E-05   4.0215E-05   2.9222E-05 / 4.0209E-05   
1090   4.305E-03   2.7292E-05   4.0344E-05   2.7270E-05 / 4.0325E-05   
1100   4.305E-03   2.6047E-05   3.7768E-05   2.6043E-05 / 3.7768E-05   
1110   4.305E-03   3.0090E-05   4.1224E-05   3.0058E-05 / 4.1201E-05   
1120   4.305E-03   3.4095E-05   4.7573E-05   3.3989E-05 / 4.7378E-05   
1130   4.305E-03   2.7432E-05   3.9932E-05   2.7420E-05 / 3.9923E-05   
1140   4.305E-03   3.1247E-05   4.1432E-05   3.1236E-05 / 4.1430E-05   
1150   4.305E-03   3.6047E-05   4.2271E-05   3.5097E-05 / 4.1264E-05   
1160   4.305E-03   2.3377E-05   3.3771E-05   2.3327E-05 / 3.3724E-05   
1170   4.305E-03   3.0782E-05   4.1735E-05   3.0782E-05 / 4.1735E-05   
1180   4.305E-03   2.7935E-05   3.9263E-05   2.7803E-05 / 3.9114E-05   
1190   4.305E-03   3.0158E-05   4.3114E-05   3.0063E-05 / 4.3061E-05   
1200   4.305E-03   2.4258E-05   3.4975E-05   2.3974E-05 / 3.4654E-05   
1210   4.305E-03   2.9750E-05   4.1532E-05   2.9750E-05 / 4.1532E-05   
1220   4.305E-03   3.2262E-05   4.3508E-05   3.2027E-05 / 4.3300E-05   
1230   4.305E-03   2.4111E-05   3.5662E-05   2.4094E-05 / 3.5660E-05   
1240   4.305E-03   2.6558E-05   3.8423E-05   2.6159E-05 / 3.8099E-05   
1250   4.305E-03   2.3854E-05   3.6291E-05   2.3854E-05 / 3.6291E-05   
1260   4.305E-03   2.0487E-05   3.3155E-05   2.0486E-05 / 3.3155E-05   
1270   4.305E-03   2.4664E-05   3.6405E-05   2.4630E-05 / 3.6356E-05   
1280   4.305E-03   2.0863E-05   3.3386E-05   2.0803E-05 / 3.3377E-05   
1290   4.305E-03   3.2181E-05   4.1924E-05   3.2154E-05 / 4.1923E-05   
1300   4.305E-03   2.1664E-05   3.2539E-05   2.1184E-05 / 3.2178E-05   
1310   4.305E-03   1.8966E-05   3.0053E-05   1.8850E-05 / 3.0007E-05   
1320   4.305E-03   1.9327E-05   3.2125E-05   1.8866E-05 / 3.1786E-05   
1330   4.305E-03   2.8243E-05   4.0857E-05   2.8243E-05 / 4.0857E-05   
1340   4.305E-03   2.8940E-05   3.7578E-05   2.8876E-05 / 3.7538E-05   
1350   4.305E-03   1.9945E-05   3.3508E-05   1.9943E-05 / 3.3508E-05   
1360   4.305E-03   2.2279E-05   3.2225E-05   2.2279E-05 / 3.2225E-05   
1370   4.305E-03   1.7641E-05   2.9417E-05   1.7568E-05 / 2.9375E-05   
1380   4.305E-03   1.8698E-05   3.1859E-05   1.8198E-05 / 3.1440E-05   
1390   4.305E-03   1.8329E-05   3.0478E-05   1.7814E-05 / 3.0073E-05   
1400   4.305E-03   2.9816E-05   4.1866E-05   2.9715E-05 / 4.1832E-05   
1410   4.305E-03   2.8967E-05   4.2657E-05   2.8147E-05 / 4.1920E-05   
1420   4.305E-03   1.7462E-05   2.8676E-05   1.7378E-05 / 2.8560E-05   
1430   4.305E-03   1.6482E-05   2.9271E-05   1.6482E-05 / 2.9271E-05   
1440   4.305E-03   1.5703E-05   2.8725E-05   1.5470E-05 / 2.8458E-05   
1450   4.305E-03   1.8420E-05   3.2185E-05   1.7796E-05 / 3.1620E-05   
1460   4.305E-03   2.8162E-05   3.9648E-05   2.8162E-05 / 3.9648E-05   
1470   4.305E-03   1.8921E-05   3.2526E-05   1.8551E-05 / 3.2161E-05   
1480   4.305E-03   1.7426E-05   2.9624E-05   1.6652E-05 / 2.8872E-05   
1490   4.305E-03   1.8690E-05   3.1271E-05   1.6376E-05 / 2.9151E-05   
1500   4.305E-03   4.8816E-05   5.8657E-05   4.8812E-05 / 5.8637E-05   
1510   4.305E-03   1.9788E-05   3.1937E-05   1.9788E-05 / 3.1937E-05   
1520   4.305E-03   1.7016E-05   2.9760E-05   1.7015E-05 / 2.9754E-05   
1530   4.305E-03   1.5360E-05   2.9860E-05   1.5140E-05 / 2.9601E-05   
1540   4.305E-03   1.7467E-05   3.3418E-05   1.7467E-05 / 3.3417E-05   
1550   4.305E-03   2.3621E-05   3.6323E-05   2.1046E-05 / 3.3566E-05   
1560   4.305E-03   1.5704E-05   2.8236E-05   1.5494E-05 / 2.7995E-05   
1570   4.305E-03   1.4614E-05   2.8167E-05   1.4537E-05 / 2.8093E-05   
1580   4.305E-03   1.4434E-05   2.7891E-05   1.4434E-05 / 2.7883E-05   
1590   4.305E-03   1.7126E-05   3.1216E-05   1.7116E-05 / 3.1216E-05   
1600   4.305E-03   1.8939E-05   2.9279E-05   1.8870E-05 / 2.9186E-05   
1610   4.305E-03   2.0076E-05   3.4202E-05   2.0025E-05 / 3.4130E-05   
1620   4.305E-03   3.0623E-05   3.9251E-05   3.0456E-05 / 3.9043E-05   
1630   4.305E-03   2.9266E-05   4.4401E-05   2.9147E-05 / 4.4175E-05   
1640   4.305E-03   1.3101E-05   2.4663E-05   1.3051E-05 / 2.4597E-05   
1650   4.305E-03   2.0588E-05   3.2722E-05   2.0536E-05 / 3.2604E-05   
1660   4.305E-03   2.1293E-05   3.7596E-05   2.1111E-05 / 3.6810E-05   
1670   4.305E-03   1.2968E-05   2.5765E-05   1.2961E-05 / 2.5759E-05   
1680   4.305E-03   1.5042E-05   2.7713E-05   1.5038E-05 / 2.7705E-05   
1690   4.305E-03   1.2311E-05   2.4867E-05   1.2300E-05 / 2.4853E-05   
1700   4.305E-03   3.1335E-05   4.3308E-05   2.0759E-05 / 3.2059E-05   
1710   4.305E-03   1.6605E-05   2.9304E-05   1.6226E-05 / 2.8964E-05   
1720   4.305E-03   3.7416E-05   5.0759E-05   3.7416E-05 / 5.0759E-05   
1730   4.305E-03   1.3051E-05   2.4857E-05   1.2927E-05 / 2.4697E-05   
1740   4.305E-03   1.1875E-05   2.3163E-05   1.1828E-05 / 2.3136E-05   
1750   4.305E-03   1.1973E-05   2.4346E-05   1.1963E-05 / 2.4334E-05   
1760   4.305E-03   1.1505E-05   2.4046E-05   1.1495E-05 / 2.4029E-05   
1770   4.305E-03   1.9930E-05   3.3903E-05   1.9893E-05 / 3.3583E-05   
1780   4.305E-03   1.5882E-05   2.8236E-05   1.3925E-05 / 2.6058E-05   
1790   4.305E-03   1.2544E-05   2.3732E-05   1.2275E-05 / 2.3467E-05   
1800   4.305E-03   1.1548E-05   2.4085E-05   1.1542E-05 / 2.4057E-05   
1810   4.305E-03   1.4619E-05   2.8366E-05   1.4599E-05 / 2.8273E-05   
1820   4.305E-03   1.7008E-05   2.9446E-05   1.7007E-05 / 2.9446E-05   
1830   4.305E-03   1.9118E-05   2.9505E-05   1.8756E-05 / 2.9141E-05   
1840   4.305E-03   1.3810E-05   2.6111E-05   1.3569E-05 / 2.5887E-05   
1850   4.305E-03   3.6035E-05   4.5863E-05   3.6020E-05 / 4.5267E-05   
1860   4.305E-03   1.0843E-05   2.2035E-05   1.0831E-05 / 2.2000E-05   
1870   4.305E-03   1.3018E-05   2.5617E-05   1.3018E-05 / 2.5570E-05   
1880   4.305E-03   1.2038E-05   2.3903E-05   1.1621E-05 / 2.3512E-05   
1890   4.305E-03   1.2934E-05   2.7240E-05   1.2685E-05 / 2.6951E-05   
1900   4.305E-03   1.2538E-05   2.5141E-05   1.2390E-05 / 2.5015E-05   
1910   4.305E-03   1.1244E-05   2.4374E-05   1.0917E-05 / 2.3959E-05   
1920   4.305E-03   1.1740E-05   2.5319E-05   1.1587E-05 / 2.4880E-05   
1930   4.305E-03   1.1363E-05   2.3494E-05   1.0346E-05 / 2.2575E-05   
1940   4.305E-03   1.3328E-05   2.6775E-05   1.3300E-05 / 2.6696E-05   
1950   4.305E-03   1.5250E-05   2.8114E-05   1.5215E-05 / 2.8034E-05   
1960   4.305E-03   2.4465E-05   3.5280E-05   2.3762E-05 / 3.4682E-05   
1970   4.305E-03   1.2418E-05   2.3935E-05   1.1809E-05 / 2.3384E-05   
1980   4.305E-03   1.4573E-05   2.5504E-05   1.4560E-05 / 2.5483E-05   
1990   4.305E-03   1.1462E-05   2.3857E-05   1.1450E-05 / 2.3839E-05   
2000   4.305E-03   1.2106E-05   2.3925E-05   1.2103E-05 / 2.3918E-05   
2010   4.305E-03   9.8541E-06   2.1188E-05   9.8508E-06 / 2.1177E-05   
2020   4.305E-03   1.4337E-05   2.2984E-05   1.4326E-05 / 2.2979E-05   
2030   4.305E-03   1.2305E-05   2.3235E-05   1.2294E-05 / 2.3180E-05   
2040   4.305E-03   1.1651E-05   2.1462E-05   1.1649E-05 / 2.1407E-05   
2050   4.305E-03   9.8007E-06   2.1714E-05   9.8007E-06 / 2.1705E-05   
2060   4.305E-03   1.0661E-05   2.3681E-05   1.0469E-05 / 2.3508E-05   
2070   4.305E-03   1.8194E-05   3.2027E-05   1.8136E-05 / 3.1998E-05   
2080   4.305E-03   1.7870E-05   2.9527E-05   1.7811E-05 / 2.9417E-05   
2090   4.305E-03   9.8725E-06   2.1905E-05   9.8715E-06 / 2.1905E-05   
2100   4.305E-03   9.8513E-06   2.1423E-05   9.8512E-06 / 2.1420E-05   
2110   4.305E-03   1.2269E-05   2.4978E-05   1.2266E-05 / 2.4977E-05   
2120   4.305E-03   1.2054E-05   2.5297E-05   1.2053E-05 / 2.5297E-05   
2130   4.305E-03   9.3680E-06   2.0523E-05   9.3648E-06 / 2.0454E-05   
2140   4.305E-03   1.0994E-05   2.3589E-05   1.0983E-05 / 2.3454E-05   
2150   4.305E-03   1.5588E-05   2.6368E-05   1.5230E-05 / 2.5951E-05   
2160   4.305E-03   1.1026E-05   2.2432E-05   1.1010E-05 / 2.2275E-05   
2170   4.305E-03   1.2808E-05   2.3296E-05   1.1748E-05 / 2.2256E-05   
2180   4.305E-03   2.4447E-05   3.5599E-05   2.4445E-05 / 3.5596E-05   
2190   4.305E-03   8.8558E-06   1.9489E-05   8.8446E-06 / 1.9487E-05   
2200   4.305E-03   9.5732E-06   2.2128E-05   9.5582E-06 / 2.2073E-05   
2210   4.305E-03   9.3078E-06   2.2239E-05   9.2708E-06 / 2.2202E-05   
2220   4.305E-03   8.4128E-06   2.1062E-05   8.4043E-06 / 2.1013E-05   
2230   4.305E-03   1.6449E-05   3.0154E-05   1.6431E-05 / 3.0151E-05   
2240   4.305E-03   9.8066E-06   2.2177E-05   9.8066E-06 / 2.2177E-05   
2250   4.305E-03   1.1553E-05   2.4360E-05   1.1553E-05 / 2.4313E-05   
2260   4.305E-03   9.5075E-06   2.1808E-05   9.4996E-06 / 2.1729E-05   
2270   4.305E-03   9.4938E-06   2.3641E-05   9.1803E-06 / 2.3231E-05   
2280   4.305E-03   2.6174E-05   4.2569E-05   2.6129E-05 / 4.2483E-05   
2290   4.305E-03   1.1057E-05   2.2906E-05   1.0971E-05 / 2.2725E-05   
2300   4.305E-03   7.7969E-06   1.8492E-05   7.7652E-06 / 1.8475E-05   
2310   4.305E-03   8.1193E-06   2.0281E-05   8.0984E-06 / 2.0260E-05   
2320   4.305E-03   1.0455E-05   2.2698E-05   1.0065E-05 / 2.2322E-05   
2330   4.305E-03   8.5189E-06   2.1366E-05   8.2587E-06 / 2.1098E-05   
2340   4.305E-03   8.9099E-06   2.0305E-05   8.9049E-06 / 2.0267E-05   
2350   4.305E-03   8.6427E-06   2.2034E-05   8.5609E-06 / 2.1819E-05   
2360   4.305E-03   8.2935E-06   2.1435E-05   8.1717E-06 / 2.1330E-05   
2370   4.305E-03   8.6846E-06   2.0860E-05   8.6846E-06 / 2.0821E-05   
2380   4.305E-03   3.2131E-05   4.8016E-05   3.1893E-05 / 4.6858E-05   
2390   4.305E-03   5.8550E-05   8.0195E-05   5.8012E-05 / 7.9645E-05   
2400   4.305E-03   7.7129E-06   1.9954E-05   7.5889E-06 / 1.9787E-05   
2410   4.305E-03   7.6044E-06   1.8833E-05   7.5444E-06 / 1.8759E-05   
2420   4.305E-03   8.1224E-06   2.0108E-05   7.9348E-06 / 1.9915E-05   
2430   4.305E-03   9.1478E-06   2.1429E-05   7.9150E-06 / 2.0154E-05   
2440   4.305E-03   7.6900E-06   1.9464E-05   7.2076E-06 / 1.8929E-05   
2450   4.305E-03   7.4544E-06   1.9299E-05   7.4544E-06 / 1.9279E-05   
2460   4.305E-03   7.7392E-06   2.1256E-05   7.5869E-06 / 2.1066E-05   
2470   4.305E-03   7.1461E-06   1.9724E-05   7.1456E-06 / 1.9687E-05   
2480   4.305E-03   8.6778E-06   1.9459E-05   8.6182E-06 / 1.9400E-05   
2490   4.305E-03   2.0121E-05   2.9602E-05   1.9648E-05 / 2.9127E-05   
2500   4.305E-03   9.4689E-06   2.2784E-05   9.0293E-06 / 2.2338E-05   
2510   4.305E-03   8.2494E-06   2.0451E-05   8.1640E-06 / 2.0304E-05   
2520   4.305E-03   8.1685E-06   2.2023E-05   7.6611E-06 / 2.1470E-05   
2530   4.305E-03   1.5294E-05   2.8181E-05   1.5293E-05 / 2.8104E-05   
2540   4.305E-03   8.7009E-06   2.0039E-05   8.7009E-06 / 1.9972E-05   
2550   4.305E-03   6.9275E-06   1.8839E-05   6.8901E-06 / 1.8775E-05   
2560   4.305E-03   1.5315E-05   2.5860E-05   1.5306E-05 / 2.5856E-05   
2570   4.305E-03   8.5924E-06   2.1322E-05   8.5569E-06 / 2.1195E-05   
2580   4.305E-03   7.5153E-06   2.0301E-05   7.1249E-06 / 1.9900E-05   
2590   4.305E-03   9.3881E-06   2.3090E-05   8.5132E-06 / 2.2210E-05   
2600   4.305E-03   7.5732E-06   2.0679E-05   7.5722E-06 / 2.0641E-05   
2610   4.305E-03   1.2710E-05   2.5401E-05   1.0242E-05 / 2.2981E-05   
2620   4.305E-03   9.8268E-06   2.3046E-05   9.7369E-06 / 2.2873E-05   
2630   4.305E-03   1.5766E-05   2.7062E-05   1.5763E-05 / 2.6939E-05   
2640   4.305E-03   8.4062E-06   2.1372E-05   7.7654E-06 / 2.0663E-05   
2650   4.305E-03   1.0750E-05   2.2835E-05   1.0741E-05 / 2.2801E-05   
2660   4.305E-03   6.9756E-06   2.0141E-05   6.9714E-06 / 2.0087E-05   
2670   4.305E-03   6.8425E-06   1.9540E-05   6.6176E-06 / 1.9292E-05   
2680   4.305E-03   8.7557E-06   2.2134E-05   7.7179E-06 / 2.1142E-05   
2690   4.305E-03   9.5930E-06   2.4483E-05   9.4696E-06 / 2.4387E-05   
2700   4.305E-03   6.6364E-06   2.0422E-05   6.6229E-06 / 2.0336E-05   
BEST MODEL
===============================================================================================================
2438   4.305E-03   7.5865E-06   1.8280E-05   7.5536E-06 / 1.8238E-05   
===============================================================================================================
Saved model to /home/nikki/kan/kanTBNN/models/multi_run/kan_experiment_157_opt/kanTBNN-24Nov08_11:52:14.pickle
