========== Dataset info ==========
Dataset params: {'file': '/home/nikki/kan/data/turbulence_dataset_clean.csv', 'Cases': ['fp_1000', 'fp_1410', 'fp_2000', 'fp_2540', 'fp_3030', 'fp_3270', 'fp_3630', 'fp_3970', 'fp_4060'], 'val_set': ['fp_3030', 'fp_1410', 'fp_4060'], 'test_set': ['fp_3630'], 'data_loader': <class 'tbnn.dataloaders.aDataset'>}
Train/Valid/Test points: 760 / 468 / 168
Memorization?: False
Cluster training?: False
EPOCH     LR        TRAIN         VALID             MSE:T/V                  RL:T/V             %NR_t/%NR_v
===============================================================================================================
  1   2.452E-03   1.6589E-01   1.6085E-01   1.6589E-01 / 1.6085E-01   
 10   2.452E-03   1.2612E-02   1.1890E-02   1.2612E-02 / 1.1890E-02   
 20   2.452E-03   4.2751E-03   4.1404E-03   4.2683E-03 / 4.1336E-03   
 30   2.452E-03   3.1362E-03   3.0475E-03   3.1312E-03 / 3.0427E-03   
 40   2.452E-03   2.5891E-03   2.5232E-03   2.5863E-03 / 2.5206E-03   
 50   2.452E-03   2.2005E-03   2.1539E-03   2.1992E-03 / 2.1528E-03   
 60   2.452E-03   1.9283E-03   1.8963E-03   1.9264E-03 / 1.8944E-03   
 70   2.452E-03   1.7146E-03   1.6933E-03   1.7133E-03 / 1.6920E-03   
 80   2.452E-03   1.5342E-03   1.5203E-03   1.5322E-03 / 1.5186E-03   
 90   2.452E-03   1.3760E-03   1.3697E-03   1.3751E-03 / 1.3689E-03   
100   2.452E-03   1.2457E-03   1.2474E-03   1.2436E-03 / 1.2454E-03   
110   2.452E-03   1.1256E-03   1.1335E-03   1.1246E-03 / 1.1325E-03   
120   2.452E-03   1.0307E-03   1.0417E-03   1.0300E-03 / 1.0411E-03   
130   2.452E-03   9.5733E-04   9.7497E-04   9.5621E-04 / 9.7399E-04   
140   2.452E-03   8.9070E-04   9.1215E-04   8.8923E-04 / 9.1105E-04   
150   2.452E-03   8.2369E-04   8.5135E-04   8.2311E-04 / 8.5101E-04   
160   2.452E-03   7.9170E-04   8.1435E-04   7.9161E-04 / 8.1435E-04   
170   2.452E-03   7.3774E-04   7.6793E-04   7.3715E-04 / 7.6748E-04   
180   2.452E-03   7.0030E-04   7.3491E-04   6.9966E-04 / 7.3442E-04   
190   2.452E-03   6.6559E-04   7.0490E-04   6.6530E-04 / 7.0471E-04   
200   2.452E-03   6.4138E-04   6.8618E-04   6.3931E-04 / 6.8464E-04   
210   2.452E-03   6.1299E-04   6.6308E-04   6.1227E-04 / 6.6246E-04   
220   2.452E-03   5.7925E-04   6.3667E-04   5.7870E-04 / 6.3621E-04   
230   2.452E-03   5.8506E-04   6.3547E-04   5.8462E-04 / 6.3516E-04   
240   2.452E-03   5.3688E-04   6.0496E-04   5.3626E-04 / 6.0445E-04   
250   2.452E-03   5.5264E-04   6.3034E-04   5.5175E-04 / 6.2943E-04   
260   2.452E-03   5.2379E-04   5.9456E-04   5.2315E-04 / 5.9396E-04   
270   2.452E-03   4.9494E-04   5.7005E-04   4.9444E-04 / 5.6962E-04   
280   2.452E-03   4.9747E-04   5.7069E-04   4.9413E-04 / 5.6842E-04   
290   2.452E-03   4.5646E-04   5.4314E-04   4.5578E-04 / 5.4255E-04   
300   2.452E-03   4.4303E-04   5.3647E-04   4.4239E-04 / 5.3592E-04   
310   2.452E-03   4.3303E-04   5.3510E-04   4.3221E-04 / 5.3442E-04   
320   2.452E-03   4.2315E-04   5.2183E-04   4.2245E-04 / 5.2123E-04   
330   2.452E-03   4.1919E-04   5.2903E-04   4.1872E-04 / 5.2855E-04   
340   2.452E-03   4.0011E-04   5.0375E-04   3.9961E-04 / 5.0331E-04   
350   2.452E-03   5.6200E-04   6.3204E-04   5.4927E-04 / 6.2499E-04   
360   2.452E-03   4.7251E-04   6.1850E-04   4.7231E-04 / 6.1835E-04   
370   2.452E-03   3.7919E-04   5.0175E-04   3.7879E-04 / 5.0141E-04   
380   2.452E-03   3.5903E-04   4.7221E-04   3.5876E-04 / 4.7198E-04   
390   2.452E-03   3.5512E-04   4.7152E-04   3.5454E-04 / 4.7106E-04   
400   2.452E-03   3.4760E-04   4.6137E-04   3.4664E-04 / 4.6081E-04   
410   2.452E-03   3.3228E-04   4.5603E-04   3.3193E-04 / 4.5578E-04   
420   2.452E-03   3.2676E-04   4.6127E-04   3.2631E-04 / 4.6093E-04   
430   2.452E-03   4.0809E-04   5.4484E-04   4.0566E-04 / 5.4205E-04   
440   2.452E-03   3.1391E-04   4.5214E-04   3.1345E-04 / 4.5188E-04   
450   2.452E-03   3.1592E-04   4.3734E-04   3.1567E-04 / 4.3712E-04   
460   2.452E-03   2.9706E-04   4.3216E-04   2.9695E-04 / 4.3206E-04   
470   2.452E-03   2.9897E-04   4.1881E-04   2.9886E-04 / 4.1872E-04   
480   2.452E-03   3.3001E-04   4.8330E-04   3.2989E-04 / 4.8313E-04   
490   2.452E-03   3.3426E-04   5.0296E-04   3.3422E-04 / 5.0292E-04   
500   2.452E-03   2.7196E-04   4.2390E-04   2.7175E-04 / 4.2368E-04   
510   2.452E-03   2.6850E-04   4.2442E-04   2.6832E-04 / 4.2423E-04   
520   2.452E-03   2.5791E-04   4.0786E-04   2.5787E-04 / 4.0784E-04   
530   2.452E-03   2.5204E-04   4.1486E-04   2.5141E-04 / 4.1430E-04   
540   2.452E-03   2.4602E-04   3.9894E-04   2.4593E-04 / 3.9889E-04   
550   2.452E-03   2.3977E-04   3.8694E-04   2.3970E-04 / 3.8691E-04   
560   2.452E-03   3.1554E-04   4.6650E-04   3.1553E-04 / 4.6650E-04   
570   2.452E-03   2.3135E-04   3.7087E-04   2.3100E-04 / 3.7054E-04   
580   2.452E-03   2.2573E-04   3.7234E-04   2.2508E-04 / 3.7164E-04   
590   2.452E-03   1.3445E-03   1.4730E-03   1.0189E-03 / 1.1691E-03   
600   2.452E-03   2.2769E-04   3.7450E-04   2.2757E-04 / 3.7444E-04   
610   2.452E-03   2.2253E-04   3.6519E-04   2.2209E-04 / 3.6497E-04   
620   2.452E-03   2.1002E-04   3.4903E-04   2.0979E-04 / 3.4886E-04   
630   2.452E-03   2.0936E-04   3.6047E-04   2.0929E-04 / 3.6043E-04   
640   2.452E-03   2.0131E-04   3.4387E-04   2.0101E-04 / 3.4360E-04   
650   2.452E-03   1.9663E-04   3.4549E-04   1.9643E-04 / 3.4530E-04   
660   2.452E-03   1.9807E-04   3.5055E-04   1.9795E-04 / 3.5043E-04   
670   2.452E-03   1.8609E-04   3.4213E-04   1.8597E-04 / 3.4203E-04   
680   2.452E-03   1.8298E-04   3.3311E-04   1.8290E-04 / 3.3303E-04   
690   2.452E-03   1.8592E-04   3.4279E-04   1.8578E-04 / 3.4266E-04   
700   2.452E-03   2.1802E-04   3.3573E-04   2.1744E-04 / 3.3513E-04   
710   2.452E-03   1.9060E-04   3.6586E-04   1.9052E-04 / 3.6564E-04   
720   2.452E-03   1.6873E-04   3.2396E-04   1.6828E-04 / 3.2342E-04   
730   2.452E-03   1.6270E-04   3.1340E-04   1.6240E-04 / 3.1304E-04   
740   2.452E-03   1.6284E-04   3.0501E-04   1.6270E-04 / 3.0488E-04   
750   2.452E-03   2.8592E-04   4.1952E-04   2.7628E-04 / 4.0602E-04   
760   2.452E-03   1.6068E-04   3.1323E-04   1.6044E-04 / 3.1296E-04   
770   2.452E-03   1.4971E-04   2.8939E-04   1.4944E-04 / 2.8919E-04   
780   2.452E-03   1.6065E-04   2.8856E-04   1.5974E-04 / 2.8766E-04   
790   2.452E-03   1.4665E-04   2.8865E-04   1.4388E-04 / 2.8587E-04   
800   2.452E-03   1.4480E-04   2.8097E-04   1.4454E-04 / 2.8074E-04   
810   2.452E-03   1.4057E-04   2.9529E-04   1.3957E-04 / 2.9425E-04   
820   2.452E-03   1.3689E-04   2.9050E-04   1.3672E-04 / 2.9031E-04   
830   2.452E-03   1.3913E-04   2.7635E-04   1.3853E-04 / 2.7568E-04   
840   2.452E-03   1.2889E-04   2.6317E-04   1.2870E-04 / 2.6294E-04   
850   2.452E-03   1.7234E-04   3.0001E-04   1.7234E-04 / 3.0001E-04   
860   2.452E-03   1.4315E-04   2.8289E-04   1.3911E-04 / 2.8006E-04   
870   2.452E-03   1.3100E-04   2.9140E-04   1.3088E-04 / 2.9127E-04   
880   2.452E-03   1.4263E-04   2.9556E-04   1.4256E-04 / 2.9553E-04   
890   2.452E-03   1.1867E-04   2.4240E-04   1.1858E-04 / 2.4236E-04   
900   2.452E-03   1.1391E-04   2.3545E-04   1.1337E-04 / 2.3488E-04   
910   2.452E-03   1.1302E-04   2.3056E-04   1.1295E-04 / 2.3052E-04   
920   2.452E-03   1.0967E-04   2.3366E-04   1.0960E-04 / 2.3357E-04   
930   2.452E-03   1.0886E-04   2.2355E-04   1.0884E-04 / 2.2352E-04   
940   2.452E-03   1.0503E-04   2.2569E-04   1.0480E-04 / 2.2545E-04   
950   2.452E-03   1.4361E-04   2.7366E-04   1.4352E-04 / 2.7356E-04   
960   2.452E-03   1.1414E-04   2.4705E-04   1.1413E-04 / 2.4705E-04   
970   2.452E-03   1.0102E-04   2.1937E-04   1.0075E-04 / 2.1908E-04   
980   2.452E-03   1.0452E-04   2.3772E-04   1.0451E-04 / 2.3772E-04   
990   2.452E-03   9.5587E-05   2.1778E-04   9.5473E-05 / 2.1766E-04   
1000   2.452E-03   1.1713E-04   2.3983E-04   1.1683E-04 / 2.3945E-04   
1010   2.452E-03   9.8943E-05   2.0329E-04   9.8735E-05 / 2.0305E-04   
1020   2.452E-03   9.4591E-05   2.1277E-04   9.4328E-05 / 2.1249E-04   
1030   2.452E-03   8.9882E-05   2.0235E-04   8.9745E-05 / 2.0221E-04   
1040   2.452E-03   9.1463E-05   1.9355E-04   9.1219E-05 / 1.9327E-04   
1050   2.452E-03   1.0119E-04   2.0998E-04   1.0119E-04 / 2.0998E-04   
1060   2.452E-03   8.9545E-05   2.1411E-04   8.9498E-05 / 2.1406E-04   
1070   2.452E-03   9.1224E-05   2.0747E-04   9.0503E-05 / 2.0669E-04   
1080   2.452E-03   1.0045E-04   1.8610E-04   9.9923E-05 / 1.8598E-04   
1090   2.452E-03   1.2151E-04   2.4827E-04   1.2026E-04 / 2.4696E-04   
1100   2.452E-03   8.8127E-05   1.6594E-04   8.6936E-05 / 1.6470E-04   
1110   2.452E-03   8.0784E-05   1.5851E-04   8.0539E-05 / 1.5830E-04   
1120   2.452E-03   7.8531E-05   1.5465E-04   7.8158E-05 / 1.5426E-04   
1130   2.452E-03   9.0083E-05   1.8246E-04   8.9538E-05 / 1.8186E-04   
1140   2.452E-03   9.6091E-05   1.7027E-04   9.5794E-05 / 1.6998E-04   
1150   2.452E-03   7.8021E-05   1.5649E-04   7.7569E-05 / 1.5599E-04   
1160   2.452E-03   7.4365E-05   1.5542E-04   7.3738E-05 / 1.5470E-04   
1170   2.452E-03   7.6659E-05   1.4874E-04   7.5958E-05 / 1.4797E-04   
1180   2.452E-03   7.3427E-05   1.6348E-04   7.2848E-05 / 1.6282E-04   
1190   2.452E-03   8.5192E-05   1.7247E-04   8.1600E-05 / 1.6851E-04   
1200   2.452E-03   7.8943E-05   1.4885E-04   7.8524E-05 / 1.4835E-04   
1210   2.452E-03   7.3402E-05   1.3925E-04   7.3288E-05 / 1.3910E-04   
1220   2.452E-03   7.2298E-05   1.3286E-04   7.2285E-05 / 1.3286E-04   
1230   2.452E-03   6.7350E-05   1.3688E-04   6.6318E-05 / 1.3573E-04   
1240   2.452E-03   7.9063E-05   1.5279E-04   7.9042E-05 / 1.5277E-04   
1250   2.452E-03   1.8421E-04   2.4003E-04   1.8052E-04 / 2.3639E-04   
1260   2.452E-03   7.4998E-05   1.2450E-04   7.4383E-05 / 1.2384E-04   
1270   2.452E-03   7.1469E-05   1.2301E-04   7.1276E-05 / 1.2282E-04   
1280   2.452E-03   6.3609E-05   1.1694E-04   6.3302E-05 / 1.1655E-04   
1290   2.452E-03   6.4235E-05   1.1402E-04   6.3159E-05 / 1.1281E-04   
1300   2.452E-03   6.2153E-05   1.1846E-04   6.1163E-05 / 1.1734E-04   
1310   2.452E-03   6.9099E-05   1.2015E-04   6.8879E-05 / 1.1991E-04   
1320   2.452E-03   6.0816E-05   1.1636E-04   6.0758E-05 / 1.1629E-04   
1330   2.452E-03   5.9678E-05   1.1599E-04   5.9361E-05 / 1.1563E-04   
1340   2.452E-03   5.8187E-05   1.1071E-04   5.7853E-05 / 1.1031E-04   
1350   2.452E-03   6.0244E-05   1.1562E-04   5.8936E-05 / 1.1413E-04   
1360   2.452E-03   8.3876E-05   1.3016E-04   8.3871E-05 / 1.3015E-04   
1370   2.452E-03   9.2801E-05   1.5882E-04   9.2686E-05 / 1.5867E-04   
1380   2.452E-03   5.9720E-05   1.1567E-04   5.8452E-05 / 1.1433E-04   
1390   2.452E-03   5.9470E-05   1.1815E-04   5.8679E-05 / 1.1726E-04   
1400   2.452E-03   5.9214E-05   1.1519E-04   5.9203E-05 / 1.1517E-04   
1410   2.452E-03   6.0084E-05   1.1986E-04   6.0079E-05 / 1.1986E-04   
1420   2.452E-03   6.4409E-05   1.1837E-04   6.4360E-05 / 1.1833E-04   
1430   2.452E-03   5.7510E-05   1.0134E-04   5.7456E-05 / 1.0126E-04   
1440   2.452E-03   3.0491E-04   3.5184E-04   3.0354E-04 / 3.5033E-04   
1450   2.452E-03   7.1656E-05   1.1374E-04   7.1416E-05 / 1.1344E-04   
1460   2.452E-03   5.1769E-05   1.0510E-04   5.1442E-05 / 1.0468E-04   
1470   2.452E-03   5.1033E-05   1.0771E-04   5.0625E-05 / 1.0723E-04   
1480   2.452E-03   5.3276E-05   1.0834E-04   5.2413E-05 / 1.0735E-04   
1490   2.452E-03   4.9326E-05   1.0620E-04   4.9058E-05 / 1.0591E-04   
1500   2.452E-03   1.3640E-04   2.3348E-04   1.3554E-04 / 2.3256E-04   
1510   2.452E-03   5.1362E-05   1.0472E-04   5.1235E-05 / 1.0457E-04   
1520   2.452E-03   4.7580E-05   1.0065E-04   4.7243E-05 / 1.0025E-04   
1530   2.452E-03   4.7041E-05   1.0268E-04   4.6789E-05 / 1.0235E-04   
1540   2.452E-03   9.9219E-05   1.3053E-04   9.9180E-05 / 1.3046E-04   
1550   2.452E-03   6.4137E-05   1.2647E-04   6.3720E-05 / 1.2595E-04   
1560   2.452E-03   4.8204E-05   1.0433E-04   4.8053E-05 / 1.0412E-04   
1570   2.452E-03   4.7258E-05   9.6998E-05   4.6724E-05 / 9.6389E-05   
1580   2.452E-03   5.3432E-05   9.8650E-05   5.3305E-05 / 9.8485E-05   
1590   2.452E-03   6.3267E-05   1.0873E-04   6.2858E-05 / 1.0820E-04   
1600   2.452E-03   4.5357E-05   9.9295E-05   4.3845E-05 / 9.7658E-05   
1610   2.452E-03   4.4594E-05   9.6043E-05   4.3892E-05 / 9.5220E-05   
1620   2.452E-03   4.3064E-05   9.8180E-05   4.2931E-05 / 9.8016E-05   
1630   2.452E-03   4.1899E-05   9.9407E-05   4.1782E-05 / 9.9262E-05   
1640   2.452E-03   5.3067E-05   1.0308E-04   5.3065E-05 / 1.0308E-04   
1650   2.452E-03   4.3301E-05   9.4859E-05   4.3238E-05 / 9.4783E-05   
1660   2.452E-03   4.6310E-05   9.6108E-05   4.6289E-05 / 9.6080E-05   
1670   2.452E-03   4.9120E-05   1.1129E-04   4.9094E-05 / 1.1127E-04   
1680   2.452E-03   7.5009E-05   1.3872E-04   7.4832E-05 / 1.3852E-04   
1690   2.452E-03   5.9887E-05   1.1488E-04   5.9727E-05 / 1.1479E-04   
1700   2.452E-03   6.0035E-05   1.3528E-04   6.0003E-05 / 1.3525E-04   
1710   2.452E-03   4.7214E-05   1.1537E-04   4.6993E-05 / 1.1513E-04   
1720   2.452E-03   4.4119E-05   1.0416E-04   4.3681E-05 / 1.0371E-04   
1730   2.452E-03   4.2715E-05   1.0416E-04   4.2029E-05 / 1.0341E-04   
1740   2.452E-03   3.8709E-05   1.0038E-04   3.8359E-05 / 1.0001E-04   
1750   2.452E-03   3.7592E-05   1.0657E-04   3.7355E-05 / 1.0632E-04   
1760   2.452E-03   4.0302E-05   1.0419E-04   3.8122E-05 / 1.0183E-04   
1770   2.452E-03   3.8194E-05   1.0337E-04   3.8034E-05 / 1.0315E-04   
1780   2.452E-03   1.1919E-04   1.8911E-04   1.1889E-04 / 1.8879E-04   
1790   2.452E-03   3.8210E-05   9.1239E-05   3.8139E-05 / 9.1137E-05   
1800   2.452E-03   4.4547E-05   1.0664E-04   4.3450E-05 / 1.0541E-04   
1810   2.452E-03   3.6073E-05   9.7511E-05   3.4889E-05 / 9.6215E-05   
1820   2.452E-03   3.5230E-05   9.9595E-05   3.4820E-05 / 9.9116E-05   
1830   2.452E-03   4.3254E-05   1.0593E-04   4.3234E-05 / 1.0589E-04   
1840   2.452E-03   4.6253E-05   1.1184E-04   4.6253E-05 / 1.1184E-04   
1850   2.452E-03   3.7075E-05   9.5679E-05   3.5564E-05 / 9.4075E-05   
1860   2.452E-03   3.5582E-05   9.6748E-05   3.5046E-05 / 9.6150E-05   
1870   2.452E-03   4.7386E-05   1.0503E-04   4.7256E-05 / 1.0486E-04   
1880   2.452E-03   3.5747E-05   9.9870E-05   3.5681E-05 / 9.9782E-05   
1890   2.452E-03   5.4616E-05   1.2564E-04   5.4548E-05 / 1.2557E-04   
1900   2.452E-03   3.3604E-05   9.7739E-05   3.3587E-05 / 9.7718E-05   
1910   2.452E-03   3.4281E-05   9.9339E-05   3.4035E-05 / 9.9013E-05   
1920   2.452E-03   3.4135E-05   9.4560E-05   3.3708E-05 / 9.4090E-05   
1930   2.452E-03   3.5380E-05   1.0040E-04   3.4926E-05 / 9.9905E-05   
1940   2.452E-03   3.3202E-05   9.7604E-05   3.2821E-05 / 9.7185E-05   
1950   2.452E-03   3.8092E-05   1.0103E-04   3.7957E-05 / 1.0092E-04   
1960   2.452E-03   5.6016E-05   9.0969E-05   5.5153E-05 / 9.0214E-05   
1970   2.452E-03   3.2859E-05   7.8061E-05   3.2403E-05 / 7.7577E-05   
1980   2.452E-03   3.1502E-05   7.3419E-05   3.0718E-05 / 7.2622E-05   
1990   2.452E-03   3.2160E-05   7.8675E-05   3.1799E-05 / 7.8295E-05   
2000   2.452E-03   3.6586E-05   8.5052E-05   3.6349E-05 / 8.4805E-05   
2010   2.452E-03   3.1450E-05   7.6902E-05   3.1429E-05 / 7.6877E-05   
2020   2.452E-03   3.1284E-05   7.3800E-05   3.0304E-05 / 7.2813E-05   
2030   2.452E-03   3.7486E-05   8.4229E-05   3.7270E-05 / 8.4004E-05   
2040   2.452E-03   3.0742E-05   7.5873E-05   2.9818E-05 / 7.4918E-05   
2050   2.452E-03   3.7279E-05   7.2630E-05   3.7049E-05 / 7.2382E-05   
2060   2.452E-03   3.5544E-05   7.6889E-05   3.3508E-05 / 7.4755E-05   
2070   2.452E-03   2.9156E-05   6.9521E-05   2.9091E-05 / 6.9444E-05   
2080   2.452E-03   2.9977E-05   7.0584E-05   2.9258E-05 / 6.9870E-05   
2090   2.452E-03   2.8655E-05   6.8943E-05   2.8493E-05 / 6.8797E-05   
2100   2.452E-03   3.2258E-05   7.2670E-05   3.2258E-05 / 7.2670E-05   
2110   2.452E-03   2.8781E-05   7.2922E-05   2.8072E-05 / 7.2214E-05   
2120   2.452E-03   3.3312E-05   7.2482E-05   3.3299E-05 / 7.2460E-05   
2130   2.452E-03   3.3147E-05   7.2259E-05   3.3129E-05 / 7.2225E-05   
2140   2.452E-03   6.1739E-05   1.1872E-04   6.0850E-05 / 1.1782E-04   
2150   2.452E-03   3.0271E-05   6.9094E-05   3.0194E-05 / 6.8980E-05   
2160   2.452E-03   2.8851E-05   6.0395E-05   2.8546E-05 / 6.0078E-05   
2170   2.452E-03   3.0095E-05   5.8948E-05   2.8854E-05 / 5.7663E-05   
2180   2.452E-03   2.8660E-05   5.6248E-05   2.8587E-05 / 5.6136E-05   
2190   2.452E-03   2.8516E-05   5.5189E-05   2.8218E-05 / 5.4809E-05   
2200   2.452E-03   3.0714E-05   5.7447E-05   3.0635E-05 / 5.7380E-05   
2210   2.452E-03   2.6650E-05   5.2049E-05   2.6420E-05 / 5.1842E-05   
2220   2.452E-03   2.9176E-05   5.5941E-05   2.9116E-05 / 5.5851E-05   
2230   2.452E-03   2.7879E-05   5.3088E-05   2.7879E-05 / 5.3088E-05   
2240   2.452E-03   6.4835E-05   7.8178E-05   6.4821E-05 / 7.8156E-05   
2250   2.452E-03   2.6924E-05   4.8382E-05   2.6923E-05 / 4.8381E-05   
2260   2.452E-03   3.3202E-05   5.4869E-05   3.3176E-05 / 5.4846E-05   
2270   2.452E-03   2.5709E-05   4.8877E-05   2.5517E-05 / 4.8653E-05   
2280   2.452E-03   3.3376E-05   5.8031E-05   3.1034E-05 / 5.5431E-05   
2290   2.452E-03   2.7832E-05   5.2742E-05   2.7775E-05 / 5.2684E-05   
2300   2.452E-03   3.2845E-05   5.9652E-05   3.2012E-05 / 5.8768E-05   
2310   2.452E-03   2.9126E-05   5.3175E-05   2.9033E-05 / 5.3098E-05   
2320   2.452E-03   3.6179E-05   5.9483E-05   3.5571E-05 / 5.8837E-05   
2330   2.452E-03   2.4869E-05   4.7784E-05   2.4369E-05 / 4.7249E-05   
2340   2.452E-03   4.1906E-05   5.4144E-05   4.1799E-05 / 5.4017E-05   
2350   2.452E-03   3.6141E-05   6.3296E-05   3.5092E-05 / 6.2084E-05   
2360   2.452E-03   2.6415E-05   4.8313E-05   2.6338E-05 / 4.8215E-05   
2370   2.452E-03   2.5298E-05   4.9452E-05   2.5283E-05 / 4.9447E-05   
2380   2.452E-03   2.9607E-05   5.5751E-05   2.9423E-05 / 5.5546E-05   
2390   2.452E-03   3.2399E-05   5.7231E-05   3.2397E-05 / 5.7228E-05   
2400   2.452E-03   2.6193E-05   4.9567E-05   2.6054E-05 / 4.9388E-05   
2410   2.452E-03   4.4283E-05   6.6128E-05   4.3484E-05 / 6.5184E-05   
2420   2.452E-03   2.4343E-05   4.8524E-05   2.4110E-05 / 4.8213E-05   
2430   2.452E-03   2.3563E-05   4.8468E-05   2.3520E-05 / 4.8409E-05   
2440   2.452E-03   2.6576E-05   5.3447E-05   2.6314E-05 / 5.3102E-05   
2450   2.452E-03   2.3026E-05   4.9415E-05   2.2950E-05 / 4.9303E-05   
2460   2.452E-03   3.5283E-05   5.7143E-05   3.4199E-05 / 5.6038E-05   
2470   2.452E-03   2.2838E-05   4.9120E-05   2.2741E-05 / 4.8981E-05   
2480   2.452E-03   1.7438E-04   1.9748E-04   1.7346E-04 / 1.9665E-04   
2490   2.452E-03   2.5175E-05   4.6907E-05   2.4716E-05 / 4.6325E-05   
2500   2.452E-03   2.3242E-05   4.6365E-05   2.3115E-05 / 4.6191E-05   
2510   2.452E-03   2.4597E-05   4.7482E-05   2.4490E-05 / 4.7332E-05   
2520   2.452E-03   2.2999E-05   4.7976E-05   2.2959E-05 / 4.7914E-05   
2530   2.452E-03   2.3257E-05   4.7923E-05   2.2241E-05 / 4.6880E-05   
2540   2.452E-03   2.2407E-05   4.7616E-05   2.2349E-05 / 4.7527E-05   
2550   2.452E-03   2.3090E-05   4.8234E-05   2.3089E-05 / 4.8234E-05   
2560   2.452E-03   2.3976E-05   4.8627E-05   2.3974E-05 / 4.8627E-05   
2570   2.452E-03   2.2190E-05   4.7089E-05   2.2040E-05 / 4.6894E-05   
2580   2.452E-03   2.1839E-05   4.7570E-05   2.1578E-05 / 4.7255E-05   
2590   2.452E-03   2.6497E-05   5.3342E-05   2.6423E-05 / 5.3253E-05   
2600   2.452E-03   2.4138E-05   4.8066E-05   2.3939E-05 / 4.7820E-05   
2610   2.452E-03   2.3954E-05   5.0049E-05   2.3808E-05 / 4.9867E-05   
2620   2.452E-03   2.2617E-05   4.9265E-05   2.2577E-05 / 4.9209E-05   
2630   2.452E-03   2.4126E-05   5.1303E-05   2.3823E-05 / 5.0960E-05   
2640   2.452E-03   2.1962E-05   5.0126E-05   2.1908E-05 / 5.0052E-05   
2650   2.452E-03   2.3383E-05   4.9329E-05   2.2594E-05 / 4.8530E-05   
2660   2.452E-03   2.4017E-05   5.2538E-05   2.3698E-05 / 5.2168E-05   
2670   2.452E-03   2.4843E-05   5.0435E-05   2.4679E-05 / 5.0269E-05   
2680   2.452E-03   5.9483E-05   8.0003E-05   5.8966E-05 / 7.9505E-05   
2690   2.452E-03   2.3099E-05   5.1301E-05   2.3099E-05 / 5.1301E-05   
2700   2.452E-03   2.1790E-05   5.1072E-05   2.0667E-05 / 4.9959E-05   
2710   2.452E-03   2.3847E-05   5.2934E-05   2.3847E-05 / 5.2934E-05   
2720   2.452E-03   2.0823E-05   5.0448E-05   2.0693E-05 / 5.0299E-05   
2730   2.452E-03   2.1138E-05   4.8201E-05   2.1027E-05 / 4.8082E-05   
2740   2.452E-03   2.2761E-05   5.0719E-05   2.2725E-05 / 5.0676E-05   
2750   2.452E-03   2.1361E-05   5.0127E-05   2.0783E-05 / 4.9552E-05   
2760   2.452E-03   2.1803E-05   5.2781E-05   2.1732E-05 / 5.2708E-05   
2764   2.452E-03   2.4036E-05   5.5130E-05   2.4036E-05 / 5.5130E-05   
BEST MODEL
===============================================================================================================
2501   2.452E-03   2.3224E-05   4.5084E-05   2.2955E-05 / 4.4754E-05   
===============================================================================================================
Saved model to /home/nikki/kan/kanTBNN/models/multi_run/kan_experiment_60_opt/kanTBNN-24Nov06_09:43:57.pickle
