========== Dataset info ==========
Dataset params: {'file': '/home/nikki/kan/data/turbulence_dataset_clean.csv', 'Cases': ['fp_1000', 'fp_1410', 'fp_2000', 'fp_2540', 'fp_3030', 'fp_3270', 'fp_3630', 'fp_3970', 'fp_4060'], 'val_set': ['fp_3030', 'fp_1410', 'fp_4060'], 'test_set': ['fp_3630'], 'data_loader': <class 'tbnn.dataloaders.aDataset'>}
Train/Valid/Test points: 760 / 468 / 168
Memorization?: False
Cluster training?: False
EPOCH     LR        TRAIN         VALID             MSE:T/V                  RL:T/V             %NR_t/%NR_v
===============================================================================================================
  1   4.901E-03   1.7158E-01   1.6680E-01   1.7158E-01 / 1.6680E-01   
 10   4.901E-03   6.8324E-03   6.3218E-03   6.8298E-03 / 6.3191E-03   
 20   4.901E-03   3.3097E-03   3.0579E-03   3.3060E-03 / 3.0550E-03   
 30   4.901E-03   2.3521E-03   2.2504E-03   2.3482E-03 / 2.2467E-03   
 40   4.901E-03   1.8373E-03   1.7925E-03   1.8349E-03 / 1.7901E-03   
 50   4.901E-03   1.5384E-03   1.5195E-03   1.5347E-03 / 1.5164E-03   
 60   4.901E-03   1.3149E-03   1.3238E-03   1.3103E-03 / 1.3201E-03   
 70   4.901E-03   1.1026E-03   1.1196E-03   1.0987E-03 / 1.1162E-03   
 80   4.901E-03   9.2220E-04   9.4735E-04   9.1945E-04 / 9.4482E-04   
 90   4.901E-03   7.7704E-04   8.0927E-04   7.7563E-04 / 8.0800E-04   
100   4.901E-03   6.8557E-04   7.2229E-04   6.8444E-04 / 7.2130E-04   
110   4.901E-03   5.8714E-04   6.4292E-04   5.8630E-04 / 6.4230E-04   
120   4.901E-03   5.1822E-04   5.9987E-04   5.1718E-04 / 5.9912E-04   
130   4.901E-03   4.7737E-04   5.9606E-04   4.7668E-04 / 5.9550E-04   
140   4.901E-03   4.3707E-04   5.5106E-04   4.3607E-04 / 5.5008E-04   
150   4.901E-03   4.0388E-04   4.8118E-04   4.0322E-04 / 4.8069E-04   
160   4.901E-03   3.9415E-04   4.6561E-04   3.9364E-04 / 4.6499E-04   
170   4.901E-03   3.6128E-04   4.0399E-04   3.6080E-04 / 4.0356E-04   
180   4.901E-03   3.3870E-04   3.7090E-04   3.3806E-04 / 3.7039E-04   
190   4.901E-03   3.3791E-04   3.6455E-04   3.3756E-04 / 3.6428E-04   
200   4.901E-03   3.0216E-04   3.2507E-04   3.0164E-04 / 3.2466E-04   
210   4.901E-03   2.8903E-04   3.1260E-04   2.8851E-04 / 3.1207E-04   
220   4.901E-03   2.7482E-04   2.9431E-04   2.7420E-04 / 2.9377E-04   
230   4.901E-03   3.0127E-04   3.3554E-04   3.0063E-04 / 3.3493E-04   
240   4.901E-03   2.6584E-04   2.8627E-04   2.6536E-04 / 2.8594E-04   
250   4.901E-03   2.4613E-04   2.6713E-04   2.4555E-04 / 2.6667E-04   
260   4.901E-03   2.4282E-04   2.6174E-04   2.4201E-04 / 2.6113E-04   
270   4.901E-03   3.6695E-04   3.7827E-04   3.6630E-04 / 3.7791E-04   
280   4.901E-03   2.5183E-04   2.6358E-04   2.5117E-04 / 2.6296E-04   
290   4.901E-03   2.2600E-04   2.4455E-04   2.2524E-04 / 2.4382E-04   
300   4.901E-03   2.2235E-04   2.3756E-04   2.2151E-04 / 2.3674E-04   
310   4.901E-03   2.1678E-04   2.2787E-04   2.1596E-04 / 2.2708E-04   
320   4.901E-03   2.1785E-04   2.2816E-04   2.1693E-04 / 2.2725E-04   
330   4.901E-03   2.2796E-04   2.4287E-04   2.2639E-04 / 2.4155E-04   
340   4.901E-03   2.1382E-04   2.2107E-04   2.1300E-04 / 2.2025E-04   
350   4.901E-03   2.2319E-04   2.3958E-04   2.2227E-04 / 2.3870E-04   
360   4.901E-03   2.1626E-04   2.3284E-04   2.1579E-04 / 2.3242E-04   
370   4.901E-03   1.9553E-04   2.1828E-04   1.9464E-04 / 2.1747E-04   
380   4.901E-03   1.9180E-04   2.1203E-04   1.9100E-04 / 2.1134E-04   
390   4.901E-03   1.9111E-04   2.1549E-04   1.9003E-04 / 2.1459E-04   
400   4.901E-03   1.7983E-04   2.0412E-04   1.7878E-04 / 2.0335E-04   
410   4.901E-03   1.8166E-04   2.1058E-04   1.8074E-04 / 2.0981E-04   
420   4.901E-03   1.7534E-04   2.0624E-04   1.7466E-04 / 2.0569E-04   
430   4.901E-03   1.7627E-04   2.1033E-04   1.7545E-04 / 2.0964E-04   
440   4.901E-03   1.7087E-04   2.0469E-04   1.7025E-04 / 2.0419E-04   
450   4.901E-03   1.7284E-04   2.0996E-04   1.7220E-04 / 2.0942E-04   
460   4.901E-03   1.9596E-04   2.3312E-04   1.9539E-04 / 2.3274E-04   
470   4.901E-03   1.6736E-04   2.3244E-04   1.6673E-04 / 2.3195E-04   
480   4.901E-03   1.7594E-04   2.1900E-04   1.7553E-04 / 2.1866E-04   
490   4.901E-03   1.6956E-04   2.2832E-04   1.6922E-04 / 2.2805E-04   
500   4.901E-03   1.5515E-04   2.4411E-04   1.5472E-04 / 2.4374E-04   
510   4.901E-03   1.6205E-04   2.2315E-04   1.6157E-04 / 2.2273E-04   
520   4.901E-03   1.7410E-04   2.4767E-04   1.7365E-04 / 2.4729E-04   
530   4.901E-03   1.7501E-04   2.8646E-04   1.7455E-04 / 2.8610E-04   
540   4.901E-03   1.8832E-04   3.5382E-04   1.8600E-04 / 3.5295E-04   
550   4.901E-03   1.8069E-04   2.9390E-04   1.8045E-04 / 2.9372E-04   
560   4.901E-03   1.4672E-04   3.4092E-04   1.4642E-04 / 3.4068E-04   
570   4.901E-03   1.4069E-04   3.8399E-04   1.4045E-04 / 3.8372E-04   
580   4.901E-03   1.4092E-04   4.2663E-04   1.4060E-04 / 4.2597E-04   
590   4.901E-03   1.4178E-04   3.6734E-04   1.4171E-04 / 3.6727E-04   
600   4.901E-03   1.3785E-04   5.7628E-04   1.3761E-04 / 5.7604E-04   
610   4.901E-03   1.3271E-04   5.2978E-04   1.3250E-04 / 5.2960E-04   
620   4.901E-03   1.4378E-04   5.0267E-04   1.4326E-04 / 5.0219E-04   
630   4.901E-03   1.3477E-04   5.5464E-04   1.3451E-04 / 5.5445E-04   
640   4.901E-03   1.1974E-04   6.7983E-04   1.1962E-04 / 6.7826E-04   
650   4.901E-03   1.3398E-04   6.0412E-04   1.3368E-04 / 6.0394E-04   
660   4.901E-03   1.1106E-04   5.3157E-04   1.1056E-04 / 5.3135E-04   
670   4.901E-03   1.0546E-04   7.2535E-04   1.0539E-04 / 7.2201E-04   
680   4.901E-03   1.1780E-04   8.1585E-04   1.1621E-04 / 8.0666E-04   
690   4.901E-03   1.0836E-04   1.0647E-03   1.0826E-04 / 1.0337E-03   
700   4.901E-03   1.1068E-04   9.1952E-04   1.1044E-04 / 8.9962E-04   
710   4.901E-03   9.9900E-05   1.0387E-03   9.9817E-05 / 1.0079E-03   
720   4.901E-03   1.1754E-04   1.3260E-03   1.1717E-04 / 1.2673E-03   
730   4.901E-03   1.0315E-04   1.2115E-03   1.0302E-04 / 1.1636E-03   
740   4.901E-03   9.3836E-05   1.5508E-03   9.3668E-05 / 1.4459E-03   
BEST MODEL
===============================================================================================================
479   4.901E-03   1.6249E-04   1.9802E-04   1.6185E-04 / 1.9745E-04   
===============================================================================================================
Saved model to /home/nikki/kan/kanTBNN/models/multi_run/kan_experiment_138_opt/kanTBNN-24Nov08_03:56:37.pickle
