========== Dataset info ==========
Dataset params: {'file': '/home/nikhila/WDC/kan/dataset/turbulence_dataset_clean.csv', 'Cases': ['squareDuctAve_Re_1100', 'squareDuctAve_Re_1150', 'squareDuctAve_Re_1250', 'squareDuctAve_Re_1300', 'squareDuctAve_Re_1350', 'squareDuctAve_Re_1400', 'squareDuctAve_Re_1500', 'squareDuctAve_Re_1600', 'squareDuctAve_Re_1800', 'squareDuctAve_Re_2000', 'squareDuctAve_Re_2205', 'squareDuctAve_Re_2400', 'squareDuctAve_Re_2600', 'squareDuctAve_Re_2900', 'squareDuctAve_Re_3200', 'squareDuctAve_Re_3500'], 'val_set': ['squareDuctAve_Re_1300', 'squareDuctAve_Re_1800', 'squareDuctAve_Re_3200'], 'test_set': ['squareDuctAve_Re_2000'], 'data_loader': <class 'tbnn.dataloaders.aDataset'>}
Train/Valid/Test points: 110592 / 27648 / 9216
Memorization?: False
Cluster training?: False
EPOCH     LR        TRAIN         VALID             MSE:T/V                  RL:T/V             %NR_t/%NR_v
===============================================================================================================
  1   4.544E-04   2.3452E-03   2.3308E-03   2.3408E-03 / 2.3245E-03   
 10   4.544E-04   6.0996E-04   6.7533E-04   6.0549E-04 / 6.5693E-04   
 20   4.544E-04   4.7213E-04   6.6203E-04   4.7093E-04 / 6.3358E-04   
 30   4.544E-04   4.2379E-04   5.6825E-04   4.2295E-04 / 5.5301E-04   
 40   4.544E-04   3.9624E-04   5.5235E-04   3.9604E-04 / 5.3508E-04   
 50   4.544E-04   3.9101E-04   5.6374E-04   3.9010E-04 / 5.1911E-04   
 60   4.544E-04   3.9417E-04   5.3516E-04   3.9108E-04 / 4.8478E-04   
 70   4.544E-04   3.9625E-04   5.3018E-04   3.9616E-04 / 5.2855E-04   
 80   4.544E-04   3.7103E-04   5.2442E-04   3.7090E-04 / 5.1388E-04   
 90   4.544E-04   3.5769E-04   5.1738E-04   3.5752E-04 / 5.0432E-04   
100   4.544E-04   3.7955E-04   5.7882E-04   3.7664E-04 / 4.7796E-04   
110   4.544E-04   3.5560E-04   5.1842E-04   3.5534E-04 / 5.0385E-04   
120   4.544E-04   3.6373E-04   5.6625E-04   3.6139E-04 / 5.1702E-04   
130   4.544E-04   3.5377E-04   5.1076E-04   3.5360E-04 / 4.8434E-04   
140   4.544E-04   3.3693E-04   5.2937E-04   3.3639E-04 / 4.9484E-04   
150   4.544E-04   3.3641E-04   5.1371E-04   3.3616E-04 / 4.9800E-04   
160   4.544E-04   3.5185E-04   4.9639E-04   3.5154E-04 / 4.8823E-04   
170   4.544E-04   3.3521E-04   5.1651E-04   3.3442E-04 / 4.7133E-04   
180   4.544E-04   3.3643E-04   5.0199E-04   3.3589E-04 / 4.7980E-04   
190   4.544E-04   3.2916E-04   4.8968E-04   3.2868E-04 / 4.7932E-04   
200   4.544E-04   3.3159E-04   5.0120E-04   3.3106E-04 / 4.6450E-04   
210   4.544E-04   3.7501E-04   4.9423E-04   3.6104E-04 / 4.8816E-04   
220   4.544E-04   3.3464E-04   5.1122E-04   3.3398E-04 / 4.8157E-04   
230   4.544E-04   3.3701E-04   4.8458E-04   3.3697E-04 / 4.7793E-04   
240   4.544E-04   3.9469E-04   5.2724E-04   3.9407E-04 / 5.2381E-04   
250   4.544E-04   3.3681E-04   4.9778E-04   3.3663E-04 / 4.8338E-04   
260   4.544E-04   3.4297E-04   4.8168E-04   3.4265E-04 / 4.7557E-04   
270   4.544E-04   3.2303E-04   5.1677E-04   3.2286E-04 / 4.9136E-04   
280   4.544E-04   3.5016E-04   5.9731E-04   3.4841E-04 / 4.7079E-04   
290   4.544E-04   3.9005E-04   5.3151E-04   3.8783E-04 / 5.1830E-04   
300   4.544E-04   3.3775E-04   5.0196E-04   3.3755E-04 / 4.7875E-04   
310   4.544E-04   3.2263E-04   5.0951E-04   3.2210E-04 / 4.7758E-04   
320   4.544E-04   3.2657E-04   5.4408E-04   3.2615E-04 / 5.0637E-04   
330   4.544E-04   3.2167E-04   4.9337E-04   3.2146E-04 / 4.6918E-04   
340   4.544E-04   3.3003E-04   4.6649E-04   3.2981E-04 / 4.5839E-04   
350   4.544E-04   3.2397E-04   4.8258E-04   3.2379E-04 / 4.6964E-04   
360   4.544E-04   3.2410E-04   4.9684E-04   3.2387E-04 / 4.7165E-04   
370   4.544E-04   3.2549E-04   4.9059E-04   3.2449E-04 / 4.7766E-04   
380   4.544E-04   3.2896E-04   4.9589E-04   3.2432E-04 / 4.7270E-04   
390   4.544E-04   3.2621E-04   5.0306E-04   3.2497E-04 / 4.6458E-04   
400   4.544E-04   3.2147E-04   5.3705E-04   3.2009E-04 / 4.8650E-04   
410   4.544E-04   3.2138E-04   4.7071E-04   3.2128E-04 / 4.5529E-04   
420   4.544E-04   3.2747E-04   5.2525E-04   3.2726E-04 / 4.9871E-04   
430   4.544E-04   3.1475E-04   5.0308E-04   3.1464E-04 / 4.7618E-04   
440   4.544E-04   3.2013E-04   4.9195E-04   3.2010E-04 / 4.7284E-04   
450   4.544E-04   3.1359E-04   5.0487E-04   3.1335E-04 / 4.8184E-04   
460   4.544E-04   3.2794E-04   4.8261E-04   3.2782E-04 / 4.6895E-04   
470   4.544E-04   3.5301E-04   5.6294E-04   3.5261E-04 / 5.2015E-04   
480   4.544E-04   3.2057E-04   4.6945E-04   3.2039E-04 / 4.5675E-04   
490   4.544E-04   3.2851E-04   5.0313E-04   3.2822E-04 / 4.7103E-04   
500   4.544E-04   3.3079E-04   5.0456E-04   3.3050E-04 / 4.6880E-04   
===============================================================================================================
Saved model to /home/nikhila/WDC/kan/kanTBNN/models/multi_run/kan_experiment_22_opt/kanTBNN-25Jan25_02:22:20.pickle
