========== Dataset info ==========
Dataset params: {'file': '/home/nikki/kan/data/turbulence_dataset_clean.csv', 'Cases': ['fp_1000', 'fp_1410', 'fp_2000', 'fp_2540', 'fp_3030', 'fp_3270', 'fp_3630', 'fp_3970', 'fp_4060'], 'val_set': ['fp_3030', 'fp_1410', 'fp_4060'], 'test_set': ['fp_3630'], 'data_loader': <class 'tbnn.dataloaders.aDataset'>}
Train/Valid/Test points: 760 / 468 / 168
Memorization?: False
Cluster training?: False
EPOCH     LR        TRAIN         VALID             MSE:T/V                  RL:T/V             %NR_t/%NR_v
===============================================================================================================
  1   1.000E-03   1.7549E-01   1.7175E-01   1.7549E-01 / 1.7175E-01   
 10   1.000E-03   4.1260E-02   3.8692E-02   4.1260E-02 / 3.8692E-02   
 20   1.000E-03   1.3450E-02   1.2475E-02   1.3450E-02 / 1.2475E-02   
 30   1.000E-03   8.2131E-03   7.4806E-03   8.2056E-03 / 7.4735E-03   
 40   1.000E-03   5.7956E-03   5.2118E-03   5.7936E-03 / 5.2100E-03   
 50   1.000E-03   4.4014E-03   3.9371E-03   4.4013E-03 / 3.9370E-03   
 60   1.000E-03   3.4699E-03   3.1055E-03   3.4699E-03 / 3.1055E-03   
 70   1.000E-03   2.8388E-03   2.5541E-03   2.8388E-03 / 2.5541E-03   
 80   1.000E-03   2.4034E-03   2.1796E-03   2.4034E-03 / 2.1796E-03   
 90   1.000E-03   2.0930E-03   1.9140E-03   2.0923E-03 / 1.9132E-03   
100   1.000E-03   1.8644E-03   1.7235E-03   1.8625E-03 / 1.7215E-03   
110   1.000E-03   1.6881E-03   1.5752E-03   1.6863E-03 / 1.5732E-03   
120   1.000E-03   1.5584E-03   1.4688E-03   1.5562E-03 / 1.4665E-03   
130   1.000E-03   1.4633E-03   1.3885E-03   1.4590E-03 / 1.3843E-03   
140   1.000E-03   1.3856E-03   1.3242E-03   1.3800E-03 / 1.3185E-03   
150   1.000E-03   1.3164E-03   1.2636E-03   1.3109E-03 / 1.2580E-03   
160   1.000E-03   1.2520E-03   1.2065E-03   1.2472E-03 / 1.2018E-03   
170   1.000E-03   1.1922E-03   1.1520E-03   1.1881E-03 / 1.1479E-03   
180   1.000E-03   1.1379E-03   1.1008E-03   1.1342E-03 / 1.0971E-03   
190   1.000E-03   1.0889E-03   1.0553E-03   1.0854E-03 / 1.0519E-03   
200   1.000E-03   1.0450E-03   1.0143E-03   1.0417E-03 / 1.0111E-03   
210   1.000E-03   1.0050E-03   9.7743E-04   1.0019E-03 / 9.7438E-04   
220   1.000E-03   9.6877E-04   9.4280E-04   9.6580E-04 / 9.3983E-04   
230   1.000E-03   9.3546E-04   9.1154E-04   9.3247E-04 / 9.0856E-04   
240   1.000E-03   9.0520E-04   8.8140E-04   9.0254E-04 / 8.7874E-04   
250   1.000E-03   8.7649E-04   8.5362E-04   8.7403E-04 / 8.5118E-04   
260   1.000E-03   8.4975E-04   8.2865E-04   8.4711E-04 / 8.2602E-04   
270   1.000E-03   8.2448E-04   8.0395E-04   8.2218E-04 / 8.0164E-04   
280   1.000E-03   8.0054E-04   7.7953E-04   7.9814E-04 / 7.7711E-04   
290   1.000E-03   7.7802E-04   7.5884E-04   7.7583E-04 / 7.5666E-04   
300   1.000E-03   7.5668E-04   7.3857E-04   7.5473E-04 / 7.3664E-04   
310   1.000E-03   7.3609E-04   7.1906E-04   7.3394E-04 / 7.1693E-04   
320   1.000E-03   7.1657E-04   6.9867E-04   7.1431E-04 / 6.9645E-04   
330   1.000E-03   6.9790E-04   6.8106E-04   6.9557E-04 / 6.7874E-04   
340   1.000E-03   6.8015E-04   6.6447E-04   6.7777E-04 / 6.6209E-04   
350   1.000E-03   6.6312E-04   6.4721E-04   6.6090E-04 / 6.4499E-04   
360   1.000E-03   6.4689E-04   6.3087E-04   6.4441E-04 / 6.2841E-04   
370   1.000E-03   6.3117E-04   6.1743E-04   6.2886E-04 / 6.1515E-04   
380   1.000E-03   6.1580E-04   6.0166E-04   6.1357E-04 / 5.9947E-04   
390   1.000E-03   6.0135E-04   5.8903E-04   5.9905E-04 / 5.8676E-04   
400   1.000E-03   5.8730E-04   5.7505E-04   5.8511E-04 / 5.7290E-04   
410   1.000E-03   5.7447E-04   5.6213E-04   5.7211E-04 / 5.5981E-04   
420   1.000E-03   5.6141E-04   5.4950E-04   5.5927E-04 / 5.4738E-04   
430   1.000E-03   5.4983E-04   5.3743E-04   5.4761E-04 / 5.3522E-04   
440   1.000E-03   5.3726E-04   5.2728E-04   5.3513E-04 / 5.2515E-04   
450   1.000E-03   5.2553E-04   5.1647E-04   5.2365E-04 / 5.1457E-04   
460   1.000E-03   5.1488E-04   5.0461E-04   5.1298E-04 / 5.0267E-04   
470   1.000E-03   5.0334E-04   4.9634E-04   5.0141E-04 / 4.9438E-04   
480   1.000E-03   4.9291E-04   4.8343E-04   4.9101E-04 / 4.8152E-04   
490   1.000E-03   4.8173E-04   4.7608E-04   4.8002E-04 / 4.7435E-04   
500   1.000E-03   4.7011E-04   4.6472E-04   4.6844E-04 / 4.6305E-04   
510   1.000E-03   4.5870E-04   4.5183E-04   4.5707E-04 / 4.5022E-04   
520   1.000E-03   4.4773E-04   4.4258E-04   4.4631E-04 / 4.4118E-04   
530   1.000E-03   4.3675E-04   4.3146E-04   4.3553E-04 / 4.3026E-04   
540   1.000E-03   4.2548E-04   4.2071E-04   4.2437E-04 / 4.1963E-04   
550   1.000E-03   4.1554E-04   4.1246E-04   4.1425E-04 / 4.1120E-04   
560   1.000E-03   4.0443E-04   4.0094E-04   4.0328E-04 / 3.9983E-04   
570   1.000E-03   3.9479E-04   3.9072E-04   3.9406E-04 / 3.9001E-04   
580   1.000E-03   3.8459E-04   3.8170E-04   3.8358E-04 / 3.8071E-04   
590   1.000E-03   3.7495E-04   3.7199E-04   3.7420E-04 / 3.7123E-04   
600   1.000E-03   3.6600E-04   3.6347E-04   3.6506E-04 / 3.6252E-04   
610   1.000E-03   3.5701E-04   3.5389E-04   3.5634E-04 / 3.5320E-04   
620   1.000E-03   3.4794E-04   3.4622E-04   3.4738E-04 / 3.4563E-04   
630   1.000E-03   3.3872E-04   3.3811E-04   3.3826E-04 / 3.3762E-04   
640   1.000E-03   3.3036E-04   3.2895E-04   3.3006E-04 / 3.2861E-04   
650   1.000E-03   3.2386E-04   3.2210E-04   3.2349E-04 / 3.2171E-04   
660   1.000E-03   3.1374E-04   3.1212E-04   3.1353E-04 / 3.1190E-04   
670   1.000E-03   3.0664E-04   3.0467E-04   3.0628E-04 / 3.0430E-04   
680   1.000E-03   2.9862E-04   2.9665E-04   2.9818E-04 / 2.9621E-04   
690   1.000E-03   2.9205E-04   2.9127E-04   2.9168E-04 / 2.9091E-04   
700   1.000E-03   2.8427E-04   2.8308E-04   2.8391E-04 / 2.8274E-04   
710   1.000E-03   2.7787E-04   2.7676E-04   2.7749E-04 / 2.7641E-04   
720   1.000E-03   2.7112E-04   2.7003E-04   2.7095E-04 / 2.6987E-04   
730   1.000E-03   2.6595E-04   2.6569E-04   2.6550E-04 / 2.6523E-04   
740   1.000E-03   2.5880E-04   2.5693E-04   2.5854E-04 / 2.5667E-04   
750   1.000E-03   2.5228E-04   2.5152E-04   2.5194E-04 / 2.5116E-04   
760   1.000E-03   2.4634E-04   2.4468E-04   2.4603E-04 / 2.4434E-04   
770   1.000E-03   2.4029E-04   2.3969E-04   2.4005E-04 / 2.3943E-04   
780   1.000E-03   2.3698E-04   2.3525E-04   2.3687E-04 / 2.3512E-04   
790   1.000E-03   2.2955E-04   2.2908E-04   2.2935E-04 / 2.2885E-04   
800   1.000E-03   2.2437E-04   2.2405E-04   2.2420E-04 / 2.2386E-04   
810   1.000E-03   2.1970E-04   2.1964E-04   2.1942E-04 / 2.1934E-04   
820   1.000E-03   2.1497E-04   2.1458E-04   2.1468E-04 / 2.1429E-04   
830   1.000E-03   2.1060E-04   2.0945E-04   2.1015E-04 / 2.0902E-04   
840   1.000E-03   2.0561E-04   2.0539E-04   2.0517E-04 / 2.0499E-04   
850   1.000E-03   2.0139E-04   2.0118E-04   2.0096E-04 / 2.0077E-04   
860   1.000E-03   1.9914E-04   1.9864E-04   1.9893E-04 / 1.9844E-04   
870   1.000E-03   1.9364E-04   1.9306E-04   1.9328E-04 / 1.9268E-04   
880   1.000E-03   1.9118E-04   1.8961E-04   1.9093E-04 / 1.8935E-04   
890   1.000E-03   1.8565E-04   1.8576E-04   1.8520E-04 / 1.8526E-04   
900   1.000E-03   1.8315E-04   1.8331E-04   1.8289E-04 / 1.8300E-04   
910   1.000E-03   1.7923E-04   1.7909E-04   1.7880E-04 / 1.7860E-04   
920   1.000E-03   1.7565E-04   1.7539E-04   1.7529E-04 / 1.7495E-04   
930   1.000E-03   1.7257E-04   1.7196E-04   1.7227E-04 / 1.7157E-04   
940   1.000E-03   1.6917E-04   1.7004E-04   1.6857E-04 / 1.6934E-04   
950   1.000E-03   1.6642E-04   1.6676E-04   1.6621E-04 / 1.6650E-04   
960   1.000E-03   1.6341E-04   1.6349E-04   1.6308E-04 / 1.6310E-04   
970   1.000E-03   1.6100E-04   1.6141E-04   1.6077E-04 / 1.6113E-04   
980   1.000E-03   1.5756E-04   1.5796E-04   1.5726E-04 / 1.5760E-04   
990   1.000E-03   1.5531E-04   1.5523E-04   1.5482E-04 / 1.5471E-04   
1000   1.000E-03   1.5268E-04   1.5281E-04   1.5233E-04 / 1.5244E-04   
1010   1.000E-03   1.5063E-04   1.5171E-04   1.5037E-04 / 1.5144E-04   
1020   1.000E-03   1.4819E-04   1.4887E-04   1.4761E-04 / 1.4830E-04   
1030   1.000E-03   1.4590E-04   1.4562E-04   1.4557E-04 / 1.4528E-04   
1040   1.000E-03   1.4468E-04   1.4680E-04   1.4413E-04 / 1.4623E-04   
1050   1.000E-03   1.4137E-04   1.4222E-04   1.4101E-04 / 1.4184E-04   
1060   1.000E-03   1.3996E-04   1.4148E-04   1.3955E-04 / 1.4106E-04   
1070   1.000E-03   1.3782E-04   1.3783E-04   1.3761E-04 / 1.3760E-04   
1080   1.000E-03   1.3642E-04   1.3708E-04   1.3612E-04 / 1.3676E-04   
1090   1.000E-03   1.3357E-04   1.3475E-04   1.3319E-04 / 1.3434E-04   
1100   1.000E-03   1.3380E-04   1.3548E-04   1.3323E-04 / 1.3485E-04   
1110   1.000E-03   1.2960E-04   1.3127E-04   1.2909E-04 / 1.3070E-04   
1120   1.000E-03   1.2811E-04   1.2937E-04   1.2784E-04 / 1.2906E-04   
1130   1.000E-03   1.2655E-04   1.2769E-04   1.2624E-04 / 1.2733E-04   
1140   1.000E-03   1.2564E-04   1.2696E-04   1.2521E-04 / 1.2647E-04   
1150   1.000E-03   1.2327E-04   1.2497E-04   1.2287E-04 / 1.2449E-04   
1160   1.000E-03   1.2146E-04   1.2291E-04   1.2128E-04 / 1.2269E-04   
1170   1.000E-03   1.2087E-04   1.2200E-04   1.2051E-04 / 1.2158E-04   
1180   1.000E-03   1.1895E-04   1.2053E-04   1.1865E-04 / 1.2018E-04   
1190   1.000E-03   1.1736E-04   1.1812E-04   1.1698E-04 / 1.1768E-04   
1200   1.000E-03   1.1689E-04   1.1800E-04   1.1615E-04 / 1.1718E-04   
1210   1.000E-03   1.1542E-04   1.1661E-04   1.1511E-04 / 1.1624E-04   
1220   1.000E-03   1.1292E-04   1.1467E-04   1.1257E-04 / 1.1425E-04   
1230   1.000E-03   1.1271E-04   1.1522E-04   1.1246E-04 / 1.1492E-04   
1240   1.000E-03   1.1036E-04   1.1259E-04   1.0999E-04 / 1.1216E-04   
1250   1.000E-03   1.0891E-04   1.1068E-04   1.0861E-04 / 1.1033E-04   
1260   1.000E-03   1.0779E-04   1.0941E-04   1.0737E-04 / 1.0892E-04   
1270   1.000E-03   1.0710E-04   1.0822E-04   1.0669E-04 / 1.0777E-04   
1280   1.000E-03   1.0624E-04   1.0766E-04   1.0597E-04 / 1.0735E-04   
1290   1.000E-03   1.0455E-04   1.0686E-04   1.0419E-04 / 1.0645E-04   
1300   1.000E-03   1.0397E-04   1.0569E-04   1.0327E-04 / 1.0493E-04   
1310   1.000E-03   1.0262E-04   1.0465E-04   1.0215E-04 / 1.0413E-04   
1320   1.000E-03   1.0119E-04   1.0280E-04   1.0085E-04 / 1.0241E-04   
1330   1.000E-03   1.0027E-04   1.0169E-04   1.0002E-04 / 1.0142E-04   
1340   1.000E-03   9.9023E-05   1.0065E-04   9.8543E-05 / 1.0012E-04   
1350   1.000E-03   9.9205E-05   1.0065E-04   9.8483E-05 / 9.9855E-05   
1360   1.000E-03   9.6471E-05   9.8621E-05   9.6104E-05 / 9.8216E-05   
1370   1.000E-03   9.6238E-05   9.7489E-05   9.5832E-05 / 9.7041E-05   
1380   1.000E-03   9.5218E-05   9.7768E-05   9.5034E-05 / 9.7560E-05   
1390   1.000E-03   9.3784E-05   9.5419E-05   9.3593E-05 / 9.5211E-05   
1400   1.000E-03   9.3123E-05   9.4728E-05   9.2851E-05 / 9.4426E-05   
1410   1.000E-03   9.1979E-05   9.3938E-05   9.1601E-05 / 9.3514E-05   
1420   1.000E-03   9.1338E-05   9.3251E-05   9.1084E-05 / 9.2964E-05   
1430   1.000E-03   9.0938E-05   9.2805E-05   9.0717E-05 / 9.2555E-05   
1440   1.000E-03   9.0125E-05   9.2417E-05   8.9849E-05 / 9.2106E-05   
1450   1.000E-03   8.8436E-05   9.0650E-05   8.8114E-05 / 9.0282E-05   
1460   1.000E-03   8.9118E-05   9.2674E-05   8.8846E-05 / 9.2357E-05   
1470   1.000E-03   8.8719E-05   9.1733E-05   8.8352E-05 / 9.1311E-05   
1480   1.000E-03   8.6226E-05   8.9269E-05   8.5765E-05 / 8.8734E-05   
1490   1.000E-03   8.5004E-05   8.7320E-05   8.4674E-05 / 8.6936E-05   
1500   1.000E-03   8.4580E-05   8.7211E-05   8.4173E-05 / 8.6737E-05   
1510   1.000E-03   8.3225E-05   8.5606E-05   8.3032E-05 / 8.5376E-05   
1520   1.000E-03   8.3200E-05   8.6170E-05   8.3064E-05 / 8.6005E-05   
1530   1.000E-03   8.2525E-05   8.4230E-05   8.2357E-05 / 8.4024E-05   
1540   1.000E-03   8.1665E-05   8.4518E-05   8.1269E-05 / 8.4061E-05   
1550   1.000E-03   8.1472E-05   8.3348E-05   8.1139E-05 / 8.2961E-05   
1560   1.000E-03   8.1608E-05   8.4091E-05   8.1428E-05 / 8.3873E-05   
1570   1.000E-03   7.9217E-05   8.1543E-05   7.8972E-05 / 8.1255E-05   
1580   1.000E-03   7.9177E-05   8.1361E-05   7.8831E-05 / 8.0966E-05   
1590   1.000E-03   7.9694E-05   8.2154E-05   7.9091E-05 / 8.1490E-05   
1600   1.000E-03   7.7810E-05   8.0581E-05   7.7662E-05 / 8.0400E-05   
1610   1.000E-03   7.6666E-05   7.9099E-05   7.6318E-05 / 7.8706E-05   
1620   1.000E-03   7.6721E-05   7.9007E-05   7.6524E-05 / 7.8775E-05   
1630   1.000E-03   7.6376E-05   7.9149E-05   7.6211E-05 / 7.8955E-05   
1640   1.000E-03   7.5453E-05   7.8216E-05   7.5053E-05 / 7.7767E-05   
1650   1.000E-03   7.4508E-05   7.6660E-05   7.4311E-05 / 7.6431E-05   
1660   1.000E-03   7.3773E-05   7.6619E-05   7.3547E-05 / 7.6359E-05   
1670   1.000E-03   7.3549E-05   7.6630E-05   7.3288E-05 / 7.6333E-05   
1680   1.000E-03   7.2727E-05   7.5662E-05   7.2442E-05 / 7.5342E-05   
1690   1.000E-03   7.2262E-05   7.5337E-05   7.2046E-05 / 7.5091E-05   
1700   1.000E-03   7.1555E-05   7.4695E-05   7.1327E-05 / 7.4440E-05   
1710   1.000E-03   7.1655E-05   7.4688E-05   7.1393E-05 / 7.4394E-05   
1720   1.000E-03   7.1574E-05   7.4564E-05   7.0825E-05 / 7.3737E-05   
1730   1.000E-03   7.0072E-05   7.3150E-05   6.9520E-05 / 7.2540E-05   
1740   1.000E-03   6.9824E-05   7.2777E-05   6.9487E-05 / 7.2401E-05   
1750   1.000E-03   6.9245E-05   7.2519E-05   6.9068E-05 / 7.2321E-05   
1760   1.000E-03   6.8641E-05   7.1721E-05   6.8385E-05 / 7.1433E-05   
1770   1.000E-03   6.8089E-05   7.0917E-05   6.7881E-05 / 7.0682E-05   
1780   1.000E-03   6.7921E-05   7.1015E-05   6.7763E-05 / 7.0845E-05   
1790   1.000E-03   6.7009E-05   7.0244E-05   6.6592E-05 / 6.9776E-05   
1800   1.000E-03   6.6654E-05   6.9669E-05   6.6555E-05 / 6.9561E-05   
1810   1.000E-03   6.6014E-05   6.9736E-05   6.5746E-05 / 6.9431E-05   
1820   1.000E-03   6.6223E-05   6.9642E-05   6.6063E-05 / 6.9461E-05   
1830   1.000E-03   6.5563E-05   6.9451E-05   6.5418E-05 / 6.9294E-05   
1840   1.000E-03   6.4754E-05   6.8980E-05   6.4498E-05 / 6.8693E-05   
1850   1.000E-03   6.4510E-05   6.8355E-05   6.3831E-05 / 6.7590E-05   
1860   1.000E-03   6.5923E-05   6.9218E-05   6.5563E-05 / 6.8804E-05   
1870   1.000E-03   6.4384E-05   6.8258E-05   6.4250E-05 / 6.8112E-05   
1880   1.000E-03   6.3830E-05   6.7852E-05   6.3669E-05 / 6.7667E-05   
1890   1.000E-03   6.2610E-05   6.5951E-05   6.2419E-05 / 6.5728E-05   
1900   1.000E-03   6.2211E-05   6.5827E-05   6.1949E-05 / 6.5527E-05   
1910   1.000E-03   6.1837E-05   6.6254E-05   6.1537E-05 / 6.5906E-05   
1920   1.000E-03   6.1235E-05   6.4453E-05   6.0987E-05 / 6.4163E-05   
1930   1.000E-03   6.1069E-05   6.4583E-05   6.0972E-05 / 6.4464E-05   
1940   1.000E-03   6.1216E-05   6.4265E-05   6.1089E-05 / 6.4116E-05   
1950   1.000E-03   6.0061E-05   6.3824E-05   5.9961E-05 / 6.3704E-05   
1960   1.000E-03   6.1086E-05   6.5856E-05   6.0944E-05 / 6.5684E-05   
1970   1.000E-03   5.9945E-05   6.3541E-05   5.9669E-05 / 6.3217E-05   
1980   1.000E-03   5.9248E-05   6.3408E-05   5.8853E-05 / 6.2955E-05   
1990   1.000E-03   5.9910E-05   6.3556E-05   5.9757E-05 / 6.3371E-05   
2000   1.000E-03   5.9167E-05   6.3539E-05   5.8965E-05 / 6.3301E-05   
2010   1.000E-03   5.8024E-05   6.1548E-05   5.7906E-05 / 6.1405E-05   
2020   1.000E-03   5.7755E-05   6.1721E-05   5.7686E-05 / 6.1633E-05   
2030   1.000E-03   5.7192E-05   6.1086E-05   5.7079E-05 / 6.0948E-05   
2040   1.000E-03   5.7804E-05   6.1646E-05   5.7276E-05 / 6.1059E-05   
2050   1.000E-03   5.6497E-05   6.0449E-05   5.6290E-05 / 6.0207E-05   
2060   1.000E-03   5.7064E-05   6.1086E-05   5.6948E-05 / 6.0944E-05   
2070   1.000E-03   5.8447E-05   6.3149E-05   5.8341E-05 / 6.3023E-05   
2080   1.000E-03   5.6395E-05   6.0839E-05   5.6137E-05 / 6.0544E-05   
2090   1.000E-03   5.5941E-05   6.0564E-05   5.5665E-05 / 6.0248E-05   
2100   1.000E-03   5.5509E-05   5.9446E-05   5.5399E-05 / 5.9314E-05   
2110   1.000E-03   5.4615E-05   5.8918E-05   5.4519E-05 / 5.8802E-05   
2120   1.000E-03   5.4679E-05   5.9117E-05   5.4579E-05 / 5.8996E-05   
2130   1.000E-03   5.4382E-05   5.8610E-05   5.4248E-05 / 5.8455E-05   
2140   1.000E-03   5.7312E-05   6.0090E-05   5.6999E-05 / 5.9738E-05   
2150   1.000E-03   5.9289E-05   6.4166E-05   5.9123E-05 / 6.3974E-05   
2160   1.000E-03   5.3647E-05   5.7374E-05   5.3527E-05 / 5.7230E-05   
2170   1.000E-03   5.2790E-05   5.6805E-05   5.2667E-05 / 5.6660E-05   
2180   1.000E-03   5.2806E-05   5.6957E-05   5.2429E-05 / 5.6540E-05   
2190   1.000E-03   5.2768E-05   5.7943E-05   5.2459E-05 / 5.7600E-05   
2200   1.000E-03   5.2740E-05   5.6769E-05   5.2527E-05 / 5.6530E-05   
2210   1.000E-03   5.2192E-05   5.7298E-05   5.1998E-05 / 5.7080E-05   
2220   1.000E-03   5.1953E-05   5.6030E-05   5.1876E-05 / 5.5938E-05   
2230   1.000E-03   5.1182E-05   5.5591E-05   5.1080E-05 / 5.5474E-05   
2240   1.000E-03   5.1529E-05   5.6257E-05   5.1311E-05 / 5.6012E-05   
2250   1.000E-03   5.2684E-05   5.6431E-05   5.2625E-05 / 5.6358E-05   
2260   1.000E-03   5.1358E-05   5.5653E-05   5.1024E-05 / 5.5280E-05   
2270   1.000E-03   5.0389E-05   5.4603E-05   5.0131E-05 / 5.4312E-05   
2280   1.000E-03   5.0598E-05   5.4715E-05   5.0551E-05 / 5.4654E-05   
2290   1.000E-03   5.0385E-05   5.4734E-05   5.0258E-05 / 5.4590E-05   
2300   1.000E-03   4.9427E-05   5.3013E-05   4.9393E-05 / 5.2970E-05   
2310   1.000E-03   4.9685E-05   5.3239E-05   4.9618E-05 / 5.3159E-05   
2320   1.000E-03   4.9652E-05   5.4428E-05   4.9589E-05 / 5.4351E-05   
2330   1.000E-03   4.9421E-05   5.4087E-05   4.9347E-05 / 5.4000E-05   
2340   1.000E-03   4.8547E-05   5.2728E-05   4.8392E-05 / 5.2548E-05   
2350   1.000E-03   4.8681E-05   5.2912E-05   4.8524E-05 / 5.2729E-05   
2360   1.000E-03   4.9310E-05   5.3218E-05   4.9156E-05 / 5.3039E-05   
2370   1.000E-03   4.7664E-05   5.2570E-05   4.7460E-05 / 5.2334E-05   
2380   1.000E-03   4.8230E-05   5.2857E-05   4.8069E-05 / 5.2669E-05   
2390   1.000E-03   4.7197E-05   5.1545E-05   4.7136E-05 / 5.1472E-05   
2400   1.000E-03   4.7984E-05   5.1652E-05   4.7953E-05 / 5.1620E-05   
2410   1.000E-03   4.7284E-05   5.1293E-05   4.7244E-05 / 5.1244E-05   
2420   1.000E-03   4.6714E-05   5.1511E-05   4.6636E-05 / 5.1419E-05   
2430   1.000E-03   4.6914E-05   5.1248E-05   4.6902E-05 / 5.1233E-05   
2440   1.000E-03   4.6256E-05   5.0754E-05   4.6219E-05 / 5.0709E-05   
2450   1.000E-03   4.5697E-05   4.9845E-05   4.5613E-05 / 4.9743E-05   
2460   1.000E-03   4.6058E-05   5.0728E-05   4.5991E-05 / 5.0649E-05   
2470   1.000E-03   4.5251E-05   4.9809E-05   4.5178E-05 / 4.9719E-05   
2480   1.000E-03   4.5100E-05   4.9418E-05   4.5027E-05 / 4.9327E-05   
2490   1.000E-03   4.5220E-05   5.0356E-05   4.4976E-05 / 5.0067E-05   
2500   1.000E-03   4.5623E-05   5.0286E-05   4.5588E-05 / 5.0254E-05   
2510   1.000E-03   4.5367E-05   4.9916E-05   4.5344E-05 / 4.9887E-05   
2520   1.000E-03   4.5806E-05   5.0739E-05   4.5488E-05 / 5.0367E-05   
2530   1.000E-03   4.4736E-05   4.9241E-05   4.4701E-05 / 4.9198E-05   
2540   1.000E-03   4.4376E-05   4.8996E-05   4.3970E-05 / 4.8531E-05   
2550   1.000E-03   4.5027E-05   5.0176E-05   4.4876E-05 / 4.9995E-05   
2560   1.000E-03   4.4027E-05   4.8152E-05   4.3921E-05 / 4.8021E-05   
2570   1.000E-03   4.3888E-05   4.8684E-05   4.3730E-05 / 4.8495E-05   
2580   1.000E-03   4.4487E-05   4.8790E-05   4.4475E-05 / 4.8779E-05   
2590   1.000E-03   4.3056E-05   4.7329E-05   4.3039E-05 / 4.7311E-05   
2600   1.000E-03   4.2631E-05   4.7317E-05   4.2557E-05 / 4.7229E-05   
2610   1.000E-03   4.3019E-05   4.6945E-05   4.2926E-05 / 4.6833E-05   
2620   1.000E-03   4.2560E-05   4.7463E-05   4.2522E-05 / 4.7420E-05   
2630   1.000E-03   4.7096E-05   5.0538E-05   4.7070E-05 / 5.0509E-05   
2640   1.000E-03   4.2718E-05   4.6895E-05   4.2630E-05 / 4.6797E-05   
2650   1.000E-03   4.2379E-05   4.7393E-05   4.2331E-05 / 4.7339E-05   
2660   1.000E-03   4.2793E-05   4.7154E-05   4.2640E-05 / 4.6979E-05   
2670   1.000E-03   4.2061E-05   4.6157E-05   4.1849E-05 / 4.5921E-05   
2680   1.000E-03   4.2541E-05   4.8315E-05   4.2415E-05 / 4.8170E-05   
2690   1.000E-03   4.0899E-05   4.5710E-05   4.0802E-05 / 4.5599E-05   
2700   1.000E-03   4.0487E-05   4.4860E-05   4.0414E-05 / 4.4779E-05   
2710   1.000E-03   4.2248E-05   4.6409E-05   4.2200E-05 / 4.6354E-05   
2720   1.000E-03   4.1037E-05   4.5363E-05   4.0938E-05 / 4.5252E-05   
2730   1.000E-03   4.1123E-05   4.5989E-05   4.1102E-05 / 4.5972E-05   
2740   1.000E-03   4.2428E-05   4.7746E-05   4.2083E-05 / 4.7367E-05   
2750   1.000E-03   3.9943E-05   4.4677E-05   3.9842E-05 / 4.4560E-05   
2760   1.000E-03   4.0508E-05   4.5584E-05   4.0354E-05 / 4.5414E-05   
2770   1.000E-03   3.9657E-05   4.3297E-05   3.9617E-05 / 4.3252E-05   
2780   1.000E-03   3.9433E-05   4.4397E-05   3.9232E-05 / 4.4176E-05   
2790   1.000E-03   3.9264E-05   4.4152E-05   3.9234E-05 / 4.4119E-05   
2800   1.000E-03   4.0562E-05   4.4281E-05   4.0516E-05 / 4.4229E-05   
2810   1.000E-03   3.8840E-05   4.3596E-05   3.8741E-05 / 4.3487E-05   
2820   1.000E-03   3.8792E-05   4.3503E-05   3.8768E-05 / 4.3477E-05   
2830   1.000E-03   3.8781E-05   4.3723E-05   3.8517E-05 / 4.3441E-05   
2840   1.000E-03   3.8931E-05   4.3683E-05   3.8725E-05 / 4.3461E-05   
2850   1.000E-03   3.9175E-05   4.3779E-05   3.9093E-05 / 4.3693E-05   
2860   1.000E-03   3.8683E-05   4.3768E-05   3.8546E-05 / 4.3620E-05   
2870   1.000E-03   3.9231E-05   4.4073E-05   3.9181E-05 / 4.4020E-05   
2880   1.000E-03   3.7429E-05   4.2065E-05   3.7303E-05 / 4.1927E-05   
2890   1.000E-03   3.8624E-05   4.2762E-05   3.8578E-05 / 4.2709E-05   
2900   1.000E-03   3.7089E-05   4.1772E-05   3.7046E-05 / 4.1722E-05   
2910   1.000E-03   3.8302E-05   4.2197E-05   3.8145E-05 / 4.2035E-05   
2920   1.000E-03   3.6595E-05   4.1360E-05   3.6532E-05 / 4.1288E-05   
2930   1.000E-03   3.6977E-05   4.1982E-05   3.6833E-05 / 4.1828E-05   
2940   1.000E-03   3.6857E-05   4.1643E-05   3.6826E-05 / 4.1608E-05   
2950   1.000E-03   3.6399E-05   4.1836E-05   3.6203E-05 / 4.1619E-05   
2960   1.000E-03   3.6510E-05   4.0736E-05   3.6440E-05 / 4.0659E-05   
2970   1.000E-03   3.6253E-05   4.0865E-05   3.6180E-05 / 4.0779E-05   
2980   1.000E-03   3.5914E-05   4.0567E-05   3.5874E-05 / 4.0521E-05   
2990   1.000E-03   3.6024E-05   4.0743E-05   3.5793E-05 / 4.0489E-05   
3000   1.000E-03   3.5435E-05   4.0449E-05   3.5362E-05 / 4.0363E-05   
3010   1.000E-03   3.5785E-05   4.1150E-05   3.5587E-05 / 4.0931E-05   
3020   1.000E-03   4.2378E-05   4.6550E-05   4.2343E-05 / 4.6514E-05   
3030   1.000E-03   3.5403E-05   4.0615E-05   3.5092E-05 / 4.0279E-05   
3040   1.000E-03   3.5957E-05   4.0985E-05   3.5893E-05 / 4.0908E-05   
3050   1.000E-03   3.6034E-05   4.0450E-05   3.5867E-05 / 4.0262E-05   
3060   1.000E-03   3.4810E-05   3.8936E-05   3.4769E-05 / 3.8887E-05   
3070   1.000E-03   3.4441E-05   3.9354E-05   3.4347E-05 / 3.9240E-05   
3080   1.000E-03   3.4416E-05   4.0074E-05   3.4340E-05 / 3.9985E-05   
3090   1.000E-03   3.5117E-05   4.0889E-05   3.5037E-05 / 4.0792E-05   
3100   1.000E-03   3.7469E-05   4.1906E-05   3.7440E-05 / 4.1870E-05   
3110   1.000E-03   3.5942E-05   4.0775E-05   3.5793E-05 / 4.0603E-05   
3120   1.000E-03   3.3701E-05   3.8370E-05   3.3618E-05 / 3.8279E-05   
3130   1.000E-03   3.3947E-05   3.9095E-05   3.3854E-05 / 3.8992E-05   
3140   1.000E-03   3.3488E-05   3.7792E-05   3.3476E-05 / 3.7777E-05   
3150   1.000E-03   3.4529E-05   3.9469E-05   3.4471E-05 / 3.9403E-05   
3160   1.000E-03   3.3140E-05   3.8073E-05   3.2998E-05 / 3.7921E-05   
3170   1.000E-03   3.3010E-05   3.8241E-05   3.2994E-05 / 3.8223E-05   
3180   1.000E-03   3.3577E-05   3.8725E-05   3.3523E-05 / 3.8659E-05   
3190   1.000E-03   3.2481E-05   3.7760E-05   3.2317E-05 / 3.7581E-05   
3200   1.000E-03   3.3283E-05   3.7811E-05   3.3194E-05 / 3.7715E-05   
3210   1.000E-03   3.2842E-05   3.7583E-05   3.2723E-05 / 3.7461E-05   
3220   1.000E-03   3.2613E-05   3.6907E-05   3.2455E-05 / 3.6734E-05   
3230   1.000E-03   3.2094E-05   3.6624E-05   3.2069E-05 / 3.6595E-05   
3240   1.000E-03   3.2050E-05   3.6233E-05   3.1938E-05 / 3.6110E-05   
3250   1.000E-03   3.1979E-05   3.7115E-05   3.1931E-05 / 3.7063E-05   
3260   1.000E-03   3.1836E-05   3.7209E-05   3.1814E-05 / 3.7183E-05   
3270   1.000E-03   3.1900E-05   3.6206E-05   3.1887E-05 / 3.6190E-05   
3280   1.000E-03   3.1567E-05   3.7245E-05   3.1438E-05 / 3.7109E-05   
3290   1.000E-03   3.1442E-05   3.5808E-05   3.1391E-05 / 3.5754E-05   
3300   1.000E-03   3.1339E-05   3.5974E-05   3.1216E-05 / 3.5848E-05   
3310   1.000E-03   3.1105E-05   3.6192E-05   3.0923E-05 / 3.6005E-05   
3320   1.000E-03   3.0679E-05   3.5858E-05   3.0610E-05 / 3.5788E-05   
3330   1.000E-03   3.2798E-05   3.6827E-05   3.2788E-05 / 3.6815E-05   
3340   1.000E-03   3.0742E-05   3.6129E-05   3.0718E-05 / 3.6106E-05   
3350   1.000E-03   3.0569E-05   3.5482E-05   3.0531E-05 / 3.5448E-05   
3360   1.000E-03   3.2716E-05   3.9076E-05   3.2678E-05 / 3.9038E-05   
3370   1.000E-03   3.0304E-05   3.5451E-05   3.0221E-05 / 3.5369E-05   
3380   1.000E-03   3.1243E-05   3.6395E-05   3.1177E-05 / 3.6329E-05   
3390   1.000E-03   2.9898E-05   3.5008E-05   2.9876E-05 / 3.4990E-05   
3400   1.000E-03   2.9828E-05   3.5245E-05   2.9825E-05 / 3.5241E-05   
3410   1.000E-03   3.0162E-05   3.5036E-05   3.0162E-05 / 3.5036E-05   
3420   1.000E-03   3.0822E-05   3.4487E-05   3.0756E-05 / 3.4425E-05   
3430   1.000E-03   2.9415E-05   3.4372E-05   2.9413E-05 / 3.4371E-05   
3440   1.000E-03   2.9239E-05   3.3996E-05   2.9226E-05 / 3.3985E-05   
3450   1.000E-03   2.8917E-05   3.3960E-05   2.8877E-05 / 3.3918E-05   
3460   1.000E-03   2.9010E-05   3.4313E-05   2.8929E-05 / 3.4235E-05   
3470   1.000E-03   2.9071E-05   3.4585E-05   2.8999E-05 / 3.4511E-05   
3480   1.000E-03   2.9772E-05   3.5480E-05   2.9562E-05 / 3.5284E-05   
3490   1.000E-03   3.0301E-05   3.6114E-05   3.0289E-05 / 3.6106E-05   
3500   1.000E-03   2.8595E-05   3.4232E-05   2.8521E-05 / 3.4157E-05   
3510   1.000E-03   2.8459E-05   3.3723E-05   2.8412E-05 / 3.3683E-05   
3520   1.000E-03   2.8359E-05   3.4217E-05   2.8217E-05 / 3.4084E-05   
3530   1.000E-03   2.8446E-05   3.3137E-05   2.8444E-05 / 3.3136E-05   
3540   1.000E-03   2.8200E-05   3.3748E-05   2.8165E-05 / 3.3710E-05   
3550   1.000E-03   2.8750E-05   3.4157E-05   2.8745E-05 / 3.4154E-05   
3560   1.000E-03   2.9173E-05   3.4733E-05   2.9143E-05 / 3.4707E-05   
3570   1.000E-03   2.8510E-05   3.3283E-05   2.8471E-05 / 3.3245E-05   
3580   1.000E-03   2.7583E-05   3.2856E-05   2.7392E-05 / 3.2674E-05   
3590   1.000E-03   2.7689E-05   3.2817E-05   2.7687E-05 / 3.2816E-05   
3600   1.000E-03   2.7479E-05   3.2840E-05   2.7440E-05 / 3.2800E-05   
3610   1.000E-03   2.7322E-05   3.2631E-05   2.7281E-05 / 3.2587E-05   
3620   1.000E-03   2.7653E-05   3.2666E-05   2.7614E-05 / 3.2626E-05   
3630   1.000E-03   2.7279E-05   3.2711E-05   2.7200E-05 / 3.2629E-05   
3640   1.000E-03   2.7330E-05   3.2585E-05   2.7241E-05 / 3.2495E-05   
3650   1.000E-03   2.7352E-05   3.2912E-05   2.7303E-05 / 3.2860E-05   
3660   1.000E-03   2.7162E-05   3.3010E-05   2.7112E-05 / 3.2956E-05   
3670   1.000E-03   2.6877E-05   3.1400E-05   2.6858E-05 / 3.1381E-05   
3680   1.000E-03   2.6495E-05   3.2193E-05   2.6426E-05 / 3.2119E-05   
3690   1.000E-03   2.6605E-05   3.1442E-05   2.6576E-05 / 3.1410E-05   
3700   1.000E-03   2.6773E-05   3.1696E-05   2.6771E-05 / 3.1694E-05   
3710   1.000E-03   2.6392E-05   3.1944E-05   2.6320E-05 / 3.1864E-05   
3720   1.000E-03   2.6700E-05   3.1170E-05   2.6603E-05 / 3.1064E-05   
3730   1.000E-03   2.7029E-05   3.1037E-05   2.6962E-05 / 3.0961E-05   
3740   1.000E-03   2.5902E-05   3.1600E-05   2.5881E-05 / 3.1574E-05   
3750   1.000E-03   2.6576E-05   3.0789E-05   2.6550E-05 / 3.0756E-05   
3760   1.000E-03   2.5858E-05   3.1233E-05   2.5844E-05 / 3.1215E-05   
3770   1.000E-03   2.5762E-05   3.1095E-05   2.5728E-05 / 3.1050E-05   
3780   1.000E-03   2.5804E-05   3.1145E-05   2.5785E-05 / 3.1121E-05   
3790   1.000E-03   2.6064E-05   3.1607E-05   2.5901E-05 / 3.1432E-05   
3800   1.000E-03   2.5441E-05   3.1573E-05   2.5377E-05 / 3.1492E-05   
3810   1.000E-03   2.5461E-05   3.1244E-05   2.5284E-05 / 3.1056E-05   
3820   1.000E-03   2.5449E-05   3.0598E-05   2.5433E-05 / 3.0574E-05   
3830   1.000E-03   2.5065E-05   3.0542E-05   2.5023E-05 / 3.0482E-05   
3840   1.000E-03   2.4882E-05   3.0156E-05   2.4868E-05 / 3.0138E-05   
3850   1.000E-03   2.5681E-05   3.1513E-05   2.5600E-05 / 3.1410E-05   
3860   1.000E-03   2.5437E-05   3.0664E-05   2.5423E-05 / 3.0641E-05   
3870   1.000E-03   2.5046E-05   3.1176E-05   2.5030E-05 / 3.1154E-05   
3880   1.000E-03   2.5222E-05   3.0538E-05   2.4802E-05 / 3.0115E-05   
3890   1.000E-03   2.7134E-05   3.3659E-05   2.7054E-05 / 3.3560E-05   
3900   1.000E-03   2.5062E-05   3.0672E-05   2.4957E-05 / 3.0547E-05   
3910   1.000E-03   2.4648E-05   2.9640E-05   2.4605E-05 / 2.9576E-05   
3920   1.000E-03   2.4932E-05   3.0406E-05   2.4840E-05 / 3.0292E-05   
3930   1.000E-03   2.4455E-05   3.0643E-05   2.4414E-05 / 3.0585E-05   
3940   1.000E-03   2.4103E-05   3.0071E-05   2.4022E-05 / 2.9963E-05   
3950   1.000E-03   2.4056E-05   2.9747E-05   2.4014E-05 / 2.9688E-05   
3960   1.000E-03   2.4067E-05   3.0118E-05   2.4029E-05 / 3.0065E-05   
3970   1.000E-03   2.4660E-05   3.1239E-05   2.4445E-05 / 3.1002E-05   
3980   1.000E-03   2.4169E-05   2.9469E-05   2.4081E-05 / 2.9357E-05   
3990   1.000E-03   2.4142E-05   3.0390E-05   2.4004E-05 / 3.0236E-05   
4000   1.000E-03   2.3594E-05   2.9849E-05   2.3562E-05 / 2.9805E-05   
4010   1.000E-03   2.3987E-05   2.9300E-05   2.3970E-05 / 2.9279E-05   
4020   1.000E-03   2.6119E-05   3.2522E-05   2.6018E-05 / 3.2407E-05   
4030   1.000E-03   2.3442E-05   2.9980E-05   2.3376E-05 / 2.9906E-05   
4040   1.000E-03   2.4105E-05   2.9193E-05   2.4084E-05 / 2.9171E-05   
4050   1.000E-03   2.3607E-05   2.9098E-05   2.3572E-05 / 2.9058E-05   
4060   1.000E-03   2.4279E-05   2.9636E-05   2.4187E-05 / 2.9539E-05   
4070   1.000E-03   2.3499E-05   2.9126E-05   2.3404E-05 / 2.9021E-05   
4080   1.000E-03   2.3901E-05   3.0067E-05   2.3892E-05 / 3.0058E-05   
4090   1.000E-03   2.3628E-05   2.9532E-05   2.3531E-05 / 2.9421E-05   
4100   1.000E-03   2.4256E-05   2.8961E-05   2.4170E-05 / 2.8870E-05   
4110   1.000E-03   2.3419E-05   2.9691E-05   2.3375E-05 / 2.9651E-05   
4120   1.000E-03   2.3298E-05   2.9216E-05   2.3254E-05 / 2.9168E-05   
4130   1.000E-03   2.3233E-05   2.8942E-05   2.3210E-05 / 2.8918E-05   
4140   1.000E-03   2.4829E-05   3.2028E-05   2.4623E-05 / 3.1824E-05   
4150   1.000E-03   2.3852E-05   3.0472E-05   2.3820E-05 / 3.0444E-05   
4160   1.000E-03   2.3103E-05   2.9710E-05   2.3086E-05 / 2.9692E-05   
4170   1.000E-03   2.2894E-05   2.8492E-05   2.2836E-05 / 2.8432E-05   
4180   1.000E-03   2.2853E-05   2.8541E-05   2.2664E-05 / 2.8353E-05   
4190   1.000E-03   2.2508E-05   2.8628E-05   2.2353E-05 / 2.8486E-05   
4200   1.000E-03   2.3418E-05   2.9097E-05   2.3393E-05 / 2.9078E-05   
4210   1.000E-03   2.2392E-05   2.8137E-05   2.2326E-05 / 2.8080E-05   
4220   1.000E-03   2.2482E-05   2.7994E-05   2.2389E-05 / 2.7922E-05   
4230   1.000E-03   2.2318E-05   2.8742E-05   2.2218E-05 / 2.8654E-05   
4240   1.000E-03   2.2431E-05   2.9260E-05   2.2302E-05 / 2.9155E-05   
4250   1.000E-03   2.2208E-05   2.8346E-05   2.1979E-05 / 2.8144E-05   
4260   1.000E-03   2.1870E-05   2.8002E-05   2.1810E-05 / 2.7959E-05   
4270   1.000E-03   2.1996E-05   2.8349E-05   2.1911E-05 / 2.8279E-05   
4280   1.000E-03   2.2178E-05   2.7378E-05   2.2155E-05 / 2.7365E-05   
4290   1.000E-03   2.3253E-05   2.8886E-05   2.3178E-05 / 2.8830E-05   
4300   1.000E-03   2.1756E-05   2.7976E-05   2.1617E-05 / 2.7875E-05   
4310   1.000E-03   2.2678E-05   2.9603E-05   2.2666E-05 / 2.9597E-05   
4320   1.000E-03   2.1868E-05   2.7681E-05   2.1784E-05 / 2.7625E-05   
4330   1.000E-03   2.1966E-05   2.7857E-05   2.1920E-05 / 2.7836E-05   
4340   1.000E-03   2.1337E-05   2.7908E-05   2.1136E-05 / 2.7749E-05   
4350   1.000E-03   2.1541E-05   2.7923E-05   2.1473E-05 / 2.7887E-05   
4360   1.000E-03   2.1660E-05   2.7317E-05   2.1634E-05 / 2.7308E-05   
4370   1.000E-03   2.2454E-05   2.7864E-05   2.2408E-05 / 2.7844E-05   
4380   1.000E-03   2.1464E-05   2.8060E-05   2.1367E-05 / 2.8004E-05   
4390   1.000E-03   2.1430E-05   2.6695E-05   2.1416E-05 / 2.6691E-05   
4400   1.000E-03   2.1513E-05   2.8145E-05   2.1390E-05 / 2.8066E-05   
4410   1.000E-03   2.1410E-05   2.7204E-05   2.1295E-05 / 2.7136E-05   
4420   1.000E-03   2.1334E-05   2.7666E-05   2.1236E-05 / 2.7612E-05   
4430   1.000E-03   2.1195E-05   2.6869E-05   2.1090E-05 / 2.6810E-05   
4440   1.000E-03   2.0966E-05   2.7559E-05   2.0806E-05 / 2.7465E-05   
4450   1.000E-03   2.0780E-05   2.6199E-05   2.0742E-05 / 2.6188E-05   
4460   1.000E-03   2.0753E-05   2.7184E-05   2.0582E-05 / 2.7084E-05   
4470   1.000E-03   2.1244E-05   2.8463E-05   2.1181E-05 / 2.8440E-05   
4480   1.000E-03   2.0810E-05   2.6503E-05   2.0772E-05 / 2.6495E-05   
4490   1.000E-03   2.1311E-05   2.6734E-05   2.1251E-05 / 2.6714E-05   
4500   1.000E-03   2.0901E-05   2.6495E-05   2.0848E-05 / 2.6477E-05   
4510   1.000E-03   2.0597E-05   2.7689E-05   2.0533E-05 / 2.7668E-05   
4520   1.000E-03   2.0545E-05   2.7418E-05   2.0399E-05 / 2.7342E-05   
4530   1.000E-03   2.0704E-05   2.7182E-05   2.0592E-05 / 2.7133E-05   
4540   1.000E-03   2.0752E-05   2.6644E-05   2.0635E-05 / 2.6590E-05   
4550   1.000E-03   2.0787E-05   2.6892E-05   2.0694E-05 / 2.6857E-05   
4560   1.000E-03   2.0992E-05   2.7714E-05   2.0857E-05 / 2.7651E-05   
4570   1.000E-03   2.2073E-05   2.8134E-05   2.2028E-05 / 2.8126E-05   
4580   1.000E-03   2.1583E-05   2.8580E-05   2.1513E-05 / 2.8562E-05   
4590   1.000E-03   2.0375E-05   2.5989E-05   2.0258E-05 / 2.5942E-05   
4600   1.000E-03   2.0000E-05   2.6401E-05   1.9899E-05 / 2.6362E-05   
4610   1.000E-03   2.0184E-05   2.5799E-05   2.0152E-05 / 2.5797E-05   
4620   1.000E-03   2.0930E-05   2.8322E-05   2.0749E-05 / 2.8226E-05   
4630   1.000E-03   1.9726E-05   2.5612E-05   1.9653E-05 / 2.5591E-05   
4640   1.000E-03   2.0097E-05   2.6736E-05   1.9960E-05 / 2.6671E-05   
4650   1.000E-03   1.9989E-05   2.6735E-05   1.9887E-05 / 2.6697E-05   
4660   1.000E-03   2.0521E-05   2.6137E-05   2.0333E-05 / 2.6033E-05   
4670   1.000E-03   1.9744E-05   2.5964E-05   1.9673E-05 / 2.5944E-05   
4680   1.000E-03   2.0242E-05   2.6746E-05   2.0145E-05 / 2.6713E-05   
4690   1.000E-03   2.0299E-05   2.6531E-05   2.0138E-05 / 2.6446E-05   
4700   1.000E-03   1.9624E-05   2.6207E-05   1.9517E-05 / 2.6170E-05   
4710   1.000E-03   1.9676E-05   2.5830E-05   1.9426E-05 / 2.5678E-05   
4720   1.000E-03   1.9393E-05   2.5662E-05   1.9287E-05 / 2.5625E-05   
4730   1.000E-03   2.0210E-05   2.6197E-05   1.9999E-05 / 2.6076E-05   
4740   1.000E-03   1.9552E-05   2.4984E-05   1.9496E-05 / 2.4972E-05   
4750   1.000E-03   2.0264E-05   2.6002E-05   2.0085E-05 / 2.5902E-05   
4760   1.000E-03   1.9390E-05   2.5091E-05   1.9191E-05 / 2.4981E-05   
4770   1.000E-03   1.9666E-05   2.5526E-05   1.9584E-05 / 2.5497E-05   
4780   1.000E-03   2.0260E-05   2.6589E-05   2.0027E-05 / 2.6455E-05   
4790   1.000E-03   2.0932E-05   2.7241E-05   2.0766E-05 / 2.7160E-05   
4800   1.000E-03   1.8953E-05   2.4669E-05   1.8879E-05 / 2.4646E-05   
4810   1.000E-03   1.9132E-05   2.4869E-05   1.8913E-05 / 2.4745E-05   
4820   1.000E-03   1.9252E-05   2.5885E-05   1.9181E-05 / 2.5863E-05   
4830   1.000E-03   1.8919E-05   2.5684E-05   1.8673E-05 / 2.5540E-05   
4840   1.000E-03   1.9205E-05   2.5617E-05   1.9103E-05 / 2.5579E-05   
4850   1.000E-03   1.8866E-05   2.4763E-05   1.8704E-05 / 2.4678E-05   
4860   1.000E-03   1.9030E-05   2.5724E-05   1.8810E-05 / 2.5611E-05   
4870   1.000E-03   1.9088E-05   2.4958E-05   1.9019E-05 / 2.4932E-05   
4880   1.000E-03   1.9399E-05   2.5776E-05   1.9270E-05 / 2.5723E-05   
4890   1.000E-03   1.8929E-05   2.4507E-05   1.8560E-05 / 2.4267E-05   
4900   1.000E-03   2.2214E-05   3.0063E-05   2.2180E-05 / 3.0053E-05   
4910   1.000E-03   2.0036E-05   2.5487E-05   1.9897E-05 / 2.5422E-05   
4920   1.000E-03   1.9385E-05   2.5806E-05   1.9331E-05 / 2.5785E-05   
4930   1.000E-03   1.8980E-05   2.4864E-05   1.8917E-05 / 2.4838E-05   
4940   1.000E-03   1.9449E-05   2.6489E-05   1.9302E-05 / 2.6413E-05   
4950   1.000E-03   1.8444E-05   2.4793E-05   1.8265E-05 / 2.4690E-05   
4960   1.000E-03   1.8489E-05   2.4360E-05   1.8411E-05 / 2.4324E-05   
4970   1.000E-03   1.8963E-05   2.4712E-05   1.8886E-05 / 2.4676E-05   
4980   1.000E-03   1.8903E-05   2.4446E-05   1.8888E-05 / 2.4439E-05   
4990   1.000E-03   1.9839E-05   2.7145E-05   1.9732E-05 / 2.7087E-05   
5000   1.000E-03   1.8512E-05   2.5075E-05   1.8420E-05 / 2.5027E-05   
5010   1.000E-03   1.8472E-05   2.4403E-05   1.8389E-05 / 2.4362E-05   
5020   1.000E-03   1.8325E-05   2.4651E-05   1.8234E-05 / 2.4605E-05   
5030   1.000E-03   1.9084E-05   2.4387E-05   1.9033E-05 / 2.4355E-05   
5040   1.000E-03   1.8094E-05   2.4405E-05   1.7981E-05 / 2.4336E-05   
5050   1.000E-03   1.8002E-05   2.3736E-05   1.7778E-05 / 2.3592E-05   
5060   1.000E-03   1.8114E-05   2.4523E-05   1.8060E-05 / 2.4487E-05   
5070   1.000E-03   1.8281E-05   2.4825E-05   1.8249E-05 / 2.4809E-05   
5080   1.000E-03   1.8555E-05   2.5733E-05   1.8473E-05 / 2.5684E-05   
5090   1.000E-03   1.8511E-05   2.5411E-05   1.8504E-05 / 2.5401E-05   
5100   1.000E-03   1.7730E-05   2.4131E-05   1.7555E-05 / 2.4009E-05   
5110   1.000E-03   1.7982E-05   2.3934E-05   1.7807E-05 / 2.3818E-05   
5120   1.000E-03   1.8375E-05   2.4801E-05   1.8350E-05 / 2.4771E-05   
5130   1.000E-03   1.8275E-05   2.3764E-05   1.8258E-05 / 2.3753E-05   
5140   1.000E-03   1.8232E-05   2.4694E-05   1.8060E-05 / 2.4568E-05   
5150   1.000E-03   1.7848E-05   2.4189E-05   1.7780E-05 / 2.4147E-05   
5160   1.000E-03   1.7945E-05   2.4165E-05   1.7768E-05 / 2.4041E-05   
5170   1.000E-03   1.8017E-05   2.4616E-05   1.7984E-05 / 2.4602E-05   
5180   1.000E-03   1.7482E-05   2.3674E-05   1.7360E-05 / 2.3585E-05   
5190   1.000E-03   1.9710E-05   2.5105E-05   1.9529E-05 / 2.4981E-05   
5200   1.000E-03   1.7642E-05   2.3181E-05   1.7468E-05 / 2.3064E-05   
5210   1.000E-03   1.7612E-05   2.4054E-05   1.7446E-05 / 2.3930E-05   
5220   1.000E-03   1.7862E-05   2.3475E-05   1.7716E-05 / 2.3349E-05   
5230   1.000E-03   1.7409E-05   2.3731E-05   1.7278E-05 / 2.3631E-05   
5240   1.000E-03   1.7459E-05   2.3231E-05   1.7446E-05 / 2.3213E-05   
5250   1.000E-03   1.7731E-05   2.3987E-05   1.7460E-05 / 2.3781E-05   
5260   1.000E-03   1.7041E-05   2.3317E-05   1.6917E-05 / 2.3209E-05   
5270   1.000E-03   1.7547E-05   2.4258E-05   1.7496E-05 / 2.4220E-05   
5280   1.000E-03   1.9493E-05   2.3889E-05   1.9492E-05 / 2.3881E-05   
5290   1.000E-03   1.7968E-05   2.5046E-05   1.7920E-05 / 2.5023E-05   
5300   1.000E-03   1.7298E-05   2.3829E-05   1.7249E-05 / 2.3785E-05   
5310   1.000E-03   1.7116E-05   2.3977E-05   1.7043E-05 / 2.3929E-05   
5320   1.000E-03   1.7275E-05   2.3069E-05   1.7168E-05 / 2.2972E-05   
5330   1.000E-03   1.7326E-05   2.2732E-05   1.7184E-05 / 2.2603E-05   
5340   1.000E-03   1.7526E-05   2.3965E-05   1.7406E-05 / 2.3874E-05   
5350   1.000E-03   1.8137E-05   2.5914E-05   1.7996E-05 / 2.5804E-05   
5360   1.000E-03   1.7200E-05   2.4505E-05   1.7036E-05 / 2.4372E-05   
5370   1.000E-03   1.6851E-05   2.3537E-05   1.6694E-05 / 2.3421E-05   
5380   1.000E-03   1.7492E-05   2.2806E-05   1.7427E-05 / 2.2760E-05   
5390   1.000E-03   1.7726E-05   2.5183E-05   1.7575E-05 / 2.5049E-05   
5400   1.000E-03   1.6849E-05   2.2673E-05   1.6695E-05 / 2.2537E-05   
5410   1.000E-03   1.6694E-05   2.2740E-05   1.6643E-05 / 2.2690E-05   
5420   1.000E-03   1.7961E-05   2.3272E-05   1.7891E-05 / 2.3195E-05   
5430   1.000E-03   1.6696E-05   2.2878E-05   1.6573E-05 / 2.2750E-05   
5440   1.000E-03   1.6719E-05   2.2627E-05   1.6578E-05 / 2.2496E-05   
5450   1.000E-03   1.6812E-05   2.2815E-05   1.6637E-05 / 2.2663E-05   
5460   1.000E-03   1.7023E-05   2.3111E-05   1.6881E-05 / 2.2979E-05   
5470   1.000E-03   1.7731E-05   2.4607E-05   1.7603E-05 / 2.4497E-05   
5480   1.000E-03   1.7237E-05   2.3425E-05   1.7013E-05 / 2.3237E-05   
5490   1.000E-03   1.6610E-05   2.2862E-05   1.6556E-05 / 2.2812E-05   
5500   1.000E-03   1.6548E-05   2.2399E-05   1.6445E-05 / 2.2333E-05   
5510   1.000E-03   1.6693E-05   2.3348E-05   1.6624E-05 / 2.3302E-05   
5520   1.000E-03   1.7236E-05   2.2910E-05   1.7227E-05 / 2.2885E-05   
5530   1.000E-03   1.6384E-05   2.2664E-05   1.6268E-05 / 2.2559E-05   
5540   1.000E-03   1.6471E-05   2.2482E-05   1.6281E-05 / 2.2316E-05   
5550   1.000E-03   1.6239E-05   2.2692E-05   1.6129E-05 / 2.2612E-05   
5560   1.000E-03   1.6925E-05   2.3753E-05   1.6671E-05 / 2.3542E-05   
5570   1.000E-03   1.6438E-05   2.2865E-05   1.6291E-05 / 2.2741E-05   
5580   1.000E-03   1.7095E-05   2.2952E-05   1.6968E-05 / 2.2848E-05   
5590   1.000E-03   1.7270E-05   2.4503E-05   1.7196E-05 / 2.4453E-05   
5600   1.000E-03   1.6739E-05   2.4082E-05   1.6535E-05 / 2.3908E-05   
5610   1.000E-03   1.6502E-05   2.2818E-05   1.6457E-05 / 2.2765E-05   
5620   1.000E-03   1.6211E-05   2.1862E-05   1.6117E-05 / 2.1779E-05   
5630   1.000E-03   1.6419E-05   2.2279E-05   1.6297E-05 / 2.2194E-05   
5640   1.000E-03   1.6013E-05   2.1670E-05   1.5908E-05 / 2.1583E-05   
5650   1.000E-03   1.6620E-05   2.3315E-05   1.6441E-05 / 2.3181E-05   
5660   1.000E-03   1.6417E-05   2.2024E-05   1.6294E-05 / 2.1927E-05   
5670   1.000E-03   1.6294E-05   2.2352E-05   1.5968E-05 / 2.2101E-05   
5680   1.000E-03   1.6485E-05   2.2401E-05   1.6454E-05 / 2.2344E-05   
5690   1.000E-03   1.6039E-05   2.2310E-05   1.5841E-05 / 2.2148E-05   
5700   1.000E-03   1.6132E-05   2.2579E-05   1.6058E-05 / 2.2525E-05   
5710   1.000E-03   1.6981E-05   2.4000E-05   1.6787E-05 / 2.3868E-05   
5720   1.000E-03   1.6307E-05   2.2615E-05   1.6183E-05 / 2.2528E-05   
5730   1.000E-03   1.7435E-05   2.3433E-05   1.7357E-05 / 2.3361E-05   
5740   1.000E-03   1.9176E-05   2.3754E-05   1.8918E-05 / 2.3537E-05   
5750   1.000E-03   1.6092E-05   2.2553E-05   1.5948E-05 / 2.2434E-05   
5760   1.000E-03   1.5770E-05   2.1578E-05   1.5484E-05 / 2.1352E-05   
5770   1.000E-03   1.7594E-05   2.5191E-05   1.7273E-05 / 2.4976E-05   
5780   1.000E-03   1.6610E-05   2.2777E-05   1.6308E-05 / 2.2529E-05   
5790   1.000E-03   1.5680E-05   2.1917E-05   1.5525E-05 / 2.1794E-05   
5800   1.000E-03   1.6480E-05   2.3331E-05   1.6397E-05 / 2.3278E-05   
5810   1.000E-03   1.6288E-05   2.1671E-05   1.6170E-05 / 2.1585E-05   
5820   1.000E-03   1.5634E-05   2.1037E-05   1.5542E-05 / 2.0968E-05   
5830   1.000E-03   1.5747E-05   2.2347E-05   1.5632E-05 / 2.2246E-05   
5840   1.000E-03   1.5831E-05   2.2126E-05   1.5771E-05 / 2.2098E-05   
5850   1.000E-03   1.6108E-05   2.3183E-05   1.5943E-05 / 2.3060E-05   
5860   1.000E-03   1.5759E-05   2.1765E-05   1.5742E-05 / 2.1754E-05   
5870   1.000E-03   1.5430E-05   2.1721E-05   1.5144E-05 / 2.1497E-05   
5880   1.000E-03   1.5820E-05   2.2334E-05   1.5613E-05 / 2.2181E-05   
5890   1.000E-03   1.5989E-05   2.1850E-05   1.5937E-05 / 2.1784E-05   
5900   1.000E-03   1.5722E-05   2.2186E-05   1.5634E-05 / 2.2129E-05   
5910   1.000E-03   1.6454E-05   2.3143E-05   1.6316E-05 / 2.3038E-05   
5920   1.000E-03   1.5941E-05   2.1698E-05   1.5640E-05 / 2.1479E-05   
5930   1.000E-03   1.5746E-05   2.2596E-05   1.5493E-05 / 2.2414E-05   
5940   1.000E-03   1.5968E-05   2.2910E-05   1.5859E-05 / 2.2848E-05   
5950   1.000E-03   1.5608E-05   2.1485E-05   1.5339E-05 / 2.1280E-05   
5960   1.000E-03   1.5199E-05   2.1789E-05   1.5117E-05 / 2.1749E-05   
5970   1.000E-03   1.6106E-05   2.1446E-05   1.6043E-05 / 2.1419E-05   
5980   1.000E-03   1.5710E-05   2.2231E-05   1.5651E-05 / 2.2207E-05   
5990   1.000E-03   1.5521E-05   2.1655E-05   1.5485E-05 / 2.1640E-05   
6000   1.000E-03   1.5118E-05   2.1241E-05   1.4924E-05 / 2.1110E-05   
===============================================================================================================
Saved model to /home/nikki/kan/kanTBNN/models/multi_run/kan_experiment_10/kanTBNN-24Nov03_20:14:01.pickle
