========== Dataset info ==========
Dataset params: {'file': '/home/nikki/kan/data/turbulence_dataset_clean.csv', 'Cases': ['fp_1000', 'fp_1410', 'fp_2000', 'fp_2540', 'fp_3030', 'fp_3270', 'fp_3630', 'fp_3970', 'fp_4060'], 'val_set': ['fp_3030', 'fp_1410', 'fp_4060'], 'test_set': ['fp_3630'], 'data_loader': <class 'tbnn.dataloaders.aDataset'>}
Train/Valid/Test points: 760 / 468 / 168
Memorization?: False
Cluster training?: False
EPOCH     LR        TRAIN         VALID             MSE:T/V                  RL:T/V             %NR_t/%NR_v
===============================================================================================================
  1   2.235E-03   1.6985E-01   1.6495E-01   1.6985E-01 / 1.6495E-01   
 10   2.235E-03   9.7125E-03   9.1205E-03   9.7125E-03 / 9.1204E-03   
 20   2.235E-03   4.0144E-03   3.8627E-03   4.0132E-03 / 3.8616E-03   
 30   2.235E-03   3.0783E-03   2.9865E-03   3.0758E-03 / 2.9842E-03   
 40   2.235E-03   2.5692E-03   2.5063E-03   2.5677E-03 / 2.5052E-03   
 50   2.235E-03   2.2237E-03   2.1755E-03   2.2227E-03 / 2.1749E-03   
 60   2.235E-03   1.9708E-03   1.9329E-03   1.9699E-03 / 1.9323E-03   
 70   2.235E-03   1.7722E-03   1.7392E-03   1.7715E-03 / 1.7387E-03   
 80   2.235E-03   1.6052E-03   1.5777E-03   1.6047E-03 / 1.5773E-03   
 90   2.235E-03   1.4551E-03   1.4313E-03   1.4545E-03 / 1.4308E-03   
100   2.235E-03   1.3164E-03   1.2949E-03   1.3160E-03 / 1.2945E-03   
110   2.235E-03   1.1745E-03   1.1580E-03   1.1743E-03 / 1.1578E-03   
120   2.235E-03   1.0493E-03   1.0366E-03   1.0492E-03 / 1.0364E-03   
130   2.235E-03   9.5468E-04   9.4191E-04   9.5452E-04 / 9.4174E-04   
140   2.235E-03   8.7196E-04   8.6043E-04   8.7182E-04 / 8.6027E-04   
150   2.235E-03   7.9697E-04   7.8825E-04   7.9690E-04 / 7.8816E-04   
160   2.235E-03   7.2878E-04   7.2040E-04   7.2872E-04 / 7.2030E-04   
170   2.235E-03   6.6711E-04   6.6087E-04   6.6705E-04 / 6.6075E-04   
180   2.235E-03   6.1294E-04   6.0974E-04   6.1285E-04 / 6.0955E-04   
190   2.235E-03   5.6444E-04   5.6367E-04   5.6435E-04 / 5.6352E-04   
200   2.235E-03   5.2297E-04   5.2347E-04   5.2291E-04 / 5.2336E-04   
210   2.235E-03   4.8759E-04   4.8907E-04   4.8756E-04 / 4.8896E-04   
220   2.235E-03   4.5633E-04   4.5823E-04   4.5621E-04 / 4.5806E-04   
230   2.235E-03   4.2978E-04   4.3503E-04   4.2975E-04 / 4.3495E-04   
240   2.235E-03   4.0631E-04   4.1179E-04   4.0629E-04 / 4.1174E-04   
250   2.235E-03   3.8620E-04   3.9435E-04   3.8605E-04 / 3.9419E-04   
260   2.235E-03   3.6607E-04   3.7507E-04   3.6581E-04 / 3.7481E-04   
270   2.235E-03   3.4899E-04   3.5858E-04   3.4882E-04 / 3.5839E-04   
280   2.235E-03   3.3168E-04   3.4363E-04   3.3163E-04 / 3.4356E-04   
290   2.235E-03   3.1884E-04   3.2952E-04   3.1858E-04 / 3.2921E-04   
300   2.235E-03   3.0414E-04   3.1701E-04   3.0413E-04 / 3.1699E-04   
310   2.235E-03   2.9244E-04   3.0495E-04   2.9243E-04 / 3.0495E-04   
320   2.235E-03   2.8288E-04   2.9588E-04   2.8288E-04 / 2.9588E-04   
330   2.235E-03   2.6879E-04   2.8119E-04   2.6870E-04 / 2.8108E-04   
340   2.235E-03   2.6000E-04   2.7233E-04   2.5999E-04 / 2.7232E-04   
350   2.235E-03   2.5208E-04   2.6747E-04   2.5191E-04 / 2.6728E-04   
360   2.235E-03   2.4065E-04   2.5198E-04   2.4039E-04 / 2.5174E-04   
370   2.235E-03   2.3277E-04   2.4505E-04   2.3276E-04 / 2.4504E-04   
380   2.235E-03   2.2527E-04   2.3933E-04   2.2500E-04 / 2.3908E-04   
390   2.235E-03   2.1856E-04   2.3345E-04   2.1813E-04 / 2.3304E-04   
400   2.235E-03   2.1160E-04   2.2486E-04   2.1160E-04 / 2.2484E-04   
410   2.235E-03   2.0361E-04   2.1812E-04   2.0351E-04 / 2.1797E-04   
420   2.235E-03   1.9826E-04   2.1274E-04   1.9826E-04 / 2.1273E-04   
430   2.235E-03   1.9288E-04   2.0863E-04   1.9288E-04 / 2.0862E-04   
440   2.235E-03   1.8849E-04   2.0327E-04   1.8835E-04 / 2.0308E-04   
450   2.235E-03   1.8103E-04   1.9760E-04   1.8101E-04 / 1.9756E-04   
460   2.235E-03   1.7856E-04   1.9659E-04   1.7844E-04 / 1.9646E-04   
470   2.235E-03   1.7243E-04   1.9010E-04   1.7236E-04 / 1.9003E-04   
480   2.235E-03   1.6675E-04   1.8768E-04   1.6464E-04 / 1.8558E-04   
490   2.235E-03   1.6641E-04   1.9060E-04   1.6638E-04 / 1.9056E-04   
500   2.235E-03   1.5888E-04   1.7752E-04   1.5887E-04 / 1.7750E-04   
510   2.235E-03   1.5296E-04   1.7591E-04   1.5293E-04 / 1.7587E-04   
520   2.235E-03   1.5141E-04   1.7379E-04   1.5118E-04 / 1.7350E-04   
530   2.235E-03   1.4641E-04   1.6845E-04   1.4634E-04 / 1.6835E-04   
540   2.235E-03   1.3964E-04   1.5999E-04   1.3964E-04 / 1.5998E-04   
550   2.235E-03   1.4617E-04   1.6909E-04   1.4613E-04 / 1.6903E-04   
560   2.235E-03   1.3549E-04   1.5502E-04   1.3479E-04 / 1.5422E-04   
570   2.235E-03   1.3415E-04   1.5480E-04   1.3350E-04 / 1.5408E-04   
580   2.235E-03   1.2790E-04   1.4569E-04   1.2785E-04 / 1.4563E-04   
590   2.235E-03   1.2413E-04   1.4594E-04   1.2405E-04 / 1.4585E-04   
600   2.235E-03   1.2131E-04   1.4373E-04   1.2086E-04 / 1.4330E-04   
610   2.235E-03   1.2045E-04   1.4066E-04   1.2045E-04 / 1.4066E-04   
620   2.235E-03   1.2281E-04   1.4742E-04   1.2281E-04 / 1.4742E-04   
630   2.235E-03   1.1066E-04   1.3278E-04   1.1047E-04 / 1.3259E-04   
640   2.235E-03   1.0983E-04   1.3260E-04   1.0974E-04 / 1.3249E-04   
650   2.235E-03   1.0763E-04   1.3220E-04   1.0743E-04 / 1.3195E-04   
660   2.235E-03   1.0526E-04   1.2628E-04   1.0523E-04 / 1.2624E-04   
670   2.235E-03   1.0251E-04   1.2515E-04   1.0235E-04 / 1.2492E-04   
680   2.235E-03   1.0192E-04   1.2658E-04   1.0182E-04 / 1.2643E-04   
690   2.235E-03   9.8758E-05   1.1839E-04   9.8690E-05 / 1.1829E-04   
700   2.235E-03   9.4755E-05   1.1569E-04   9.4518E-05 / 1.1541E-04   
710   2.235E-03   9.4545E-05   1.1599E-04   9.4542E-05 / 1.1598E-04   
720   2.235E-03   9.4329E-05   1.1464E-04   9.4257E-05 / 1.1455E-04   
730   2.235E-03   1.0203E-04   1.2488E-04   1.0166E-04 / 1.2453E-04   
740   2.235E-03   1.4585E-04   1.5285E-04   1.4517E-04 / 1.5210E-04   
750   2.235E-03   8.6644E-05   1.0853E-04   8.6209E-05 / 1.0809E-04   
760   2.235E-03   8.4216E-05   1.0382E-04   8.3868E-05 / 1.0350E-04   
770   2.235E-03   8.2601E-05   1.0449E-04   8.1875E-05 / 1.0378E-04   
780   2.235E-03   8.1068E-05   1.0315E-04   8.1067E-05 / 1.0315E-04   
790   2.235E-03   8.2266E-05   1.0102E-04   8.2172E-05 / 1.0091E-04   
800   2.235E-03   7.8206E-05   9.9574E-05   7.7972E-05 / 9.9298E-05   
810   2.235E-03   8.1938E-05   9.9541E-05   8.0828E-05 / 9.8303E-05   
820   2.235E-03   7.6511E-05   9.6102E-05   7.6511E-05 / 9.6094E-05   
830   2.235E-03   7.4829E-05   9.4330E-05   7.4690E-05 / 9.4149E-05   
840   2.235E-03   7.4986E-05   9.5491E-05   7.4841E-05 / 9.5297E-05   
850   2.235E-03   9.2035E-05   1.1726E-04   9.0586E-05 / 1.1563E-04   
860   2.235E-03   8.8044E-05   1.0256E-04   8.7933E-05 / 1.0241E-04   
870   2.235E-03   6.8993E-05   8.5750E-05   6.8981E-05 / 8.5735E-05   
880   2.235E-03   6.7387E-05   8.4656E-05   6.7347E-05 / 8.4606E-05   
890   2.235E-03   6.6381E-05   8.1459E-05   6.6178E-05 / 8.1228E-05   
900   2.235E-03   6.8213E-05   8.4167E-05   6.7525E-05 / 8.3479E-05   
910   2.235E-03   6.7001E-05   8.2480E-05   6.6800E-05 / 8.2288E-05   
920   2.235E-03   6.5837E-05   8.1167E-05   6.5383E-05 / 8.0742E-05   
930   2.235E-03   6.3072E-05   7.8612E-05   6.2793E-05 / 7.8367E-05   
940   2.235E-03   6.7272E-05   8.2360E-05   6.7123E-05 / 8.2222E-05   
950   2.235E-03   6.1902E-05   7.3916E-05   6.1780E-05 / 7.3801E-05   
960   2.235E-03   5.9949E-05   7.1769E-05   5.9943E-05 / 7.1762E-05   
970   2.235E-03   6.0050E-05   7.4759E-05   5.9879E-05 / 7.4587E-05   
980   2.235E-03   5.6321E-05   6.9467E-05   5.6299E-05 / 6.9443E-05   
990   2.235E-03   5.7202E-05   7.1673E-05   5.7072E-05 / 7.1534E-05   
1000   2.235E-03   5.5298E-05   7.0151E-05   5.5168E-05 / 7.0000E-05   
1010   2.235E-03   5.9413E-05   7.6343E-05   5.9313E-05 / 7.6218E-05   
1020   2.235E-03   5.5636E-05   7.3478E-05   5.5483E-05 / 7.3275E-05   
1030   2.235E-03   5.3920E-05   6.7983E-05   5.3831E-05 / 6.7863E-05   
1040   2.235E-03   5.2387E-05   6.6492E-05   5.2034E-05 / 6.6033E-05   
1050   2.235E-03   5.5846E-05   6.8365E-05   5.5110E-05 / 6.7556E-05   
1060   2.235E-03   7.7568E-05   9.7456E-05   7.7309E-05 / 9.7118E-05   
1070   2.235E-03   5.4279E-05   6.7367E-05   5.4145E-05 / 6.7191E-05   
1080   2.235E-03   4.9047E-05   6.3951E-05   4.8046E-05 / 6.2842E-05   
1090   2.235E-03   4.7390E-05   6.1140E-05   4.7111E-05 / 6.0818E-05   
1100   2.235E-03   4.7104E-05   6.3893E-05   4.7068E-05 / 6.3849E-05   
1110   2.235E-03   4.6788E-05   6.1797E-05   4.6609E-05 / 6.1609E-05   
1120   2.235E-03   4.8593E-05   6.4736E-05   4.8273E-05 / 6.4416E-05   
1130   2.235E-03   4.5573E-05   5.9707E-05   4.5301E-05 / 5.9454E-05   
1140   2.235E-03   4.6666E-05   6.2167E-05   4.6236E-05 / 6.1708E-05   
1150   2.235E-03   5.8731E-05   7.5090E-05   5.8699E-05 / 7.5055E-05   
1160   2.235E-03   4.9194E-05   5.9557E-05   4.9104E-05 / 5.9477E-05   
1170   2.235E-03   4.4691E-05   5.9903E-05   4.3868E-05 / 5.9130E-05   
1180   2.235E-03   4.1731E-05   5.7457E-05   4.1485E-05 / 5.7241E-05   
1190   2.235E-03   4.6850E-05   5.7963E-05   4.6570E-05 / 5.7708E-05   
1200   2.235E-03   4.3586E-05   5.4789E-05   4.3531E-05 / 5.4736E-05   
1210   2.235E-03   5.1851E-05   6.6185E-05   5.1834E-05 / 6.6168E-05   
1220   2.235E-03   4.0840E-05   5.6160E-05   4.0827E-05 / 5.6146E-05   
1230   2.235E-03   3.9911E-05   5.5486E-05   3.9764E-05 / 5.5318E-05   
1240   2.235E-03   3.8902E-05   5.3643E-05   3.8858E-05 / 5.3589E-05   
1250   2.235E-03   3.8492E-05   5.5197E-05   3.8445E-05 / 5.5138E-05   
1260   2.235E-03   3.9948E-05   5.6882E-05   3.9929E-05 / 5.6858E-05   
1270   2.235E-03   3.8058E-05   5.3352E-05   3.8000E-05 / 5.3278E-05   
1280   2.235E-03   4.1812E-05   5.2892E-05   4.1736E-05 / 5.2804E-05   
1290   2.235E-03   4.6308E-05   5.9025E-05   4.6250E-05 / 5.8947E-05   
1300   2.235E-03   4.4261E-05   5.9292E-05   4.4174E-05 / 5.9171E-05   
1310   2.235E-03   3.5585E-05   5.1283E-05   3.5499E-05 / 5.1181E-05   
1320   2.235E-03   3.7459E-05   5.2246E-05   3.7457E-05 / 5.2243E-05   
1330   2.235E-03   3.6087E-05   5.1643E-05   3.5917E-05 / 5.1427E-05   
1340   2.235E-03   3.9905E-05   5.3557E-05   3.9854E-05 / 5.3488E-05   
1350   2.235E-03   3.5357E-05   5.1721E-05   3.4898E-05 / 5.1173E-05   
1360   2.235E-03   3.5686E-05   5.3277E-05   3.5476E-05 / 5.3012E-05   
1370   2.235E-03   3.8284E-05   5.5092E-05   3.8123E-05 / 5.4882E-05   
1380   2.235E-03   3.3114E-05   4.9486E-05   3.3111E-05 / 4.9479E-05   
1390   2.235E-03   3.2232E-05   4.8796E-05   3.2085E-05 / 4.8617E-05   
1400   2.235E-03   3.5103E-05   5.0364E-05   3.4614E-05 / 4.9806E-05   
1410   2.235E-03   3.6367E-05   4.7967E-05   3.6263E-05 / 4.7847E-05   
1420   2.235E-03   3.2125E-05   4.8256E-05   3.1913E-05 / 4.8029E-05   
1430   2.235E-03   3.4393E-05   5.0685E-05   3.3761E-05 / 4.9997E-05   
1440   2.235E-03   3.1945E-05   4.7818E-05   3.1849E-05 / 4.7726E-05   
1450   2.235E-03   3.1839E-05   4.8388E-05   3.1839E-05 / 4.8388E-05   
1460   2.235E-03   3.1325E-05   4.7811E-05   3.0553E-05 / 4.7024E-05   
1470   2.235E-03   3.5418E-05   5.6575E-05   3.5308E-05 / 5.6448E-05   
1480   2.235E-03   3.3743E-05   4.8860E-05   3.3453E-05 / 4.8593E-05   
1490   2.235E-03   3.0064E-05   4.5252E-05   2.9720E-05 / 4.4945E-05   
1500   2.235E-03   3.0315E-05   4.8043E-05   3.0290E-05 / 4.8010E-05   
1510   2.235E-03   2.8872E-05   4.5910E-05   2.8656E-05 / 4.5735E-05   
1520   2.235E-03   2.9670E-05   5.0126E-05   2.9553E-05 / 5.0010E-05   
1530   2.235E-03   3.0649E-05   4.9375E-05   3.0607E-05 / 4.9320E-05   
1540   2.235E-03   3.0001E-05   4.9353E-05   2.9477E-05 / 4.8891E-05   
1550   2.235E-03   2.9141E-05   4.8583E-05   2.8824E-05 / 4.8279E-05   
1560   2.235E-03   2.9043E-05   5.0404E-05   2.9043E-05 / 5.0404E-05   
1570   2.235E-03   2.9249E-05   4.8854E-05   2.8697E-05 / 4.8318E-05   
1580   2.235E-03   3.0438E-05   4.8480E-05   3.0373E-05 / 4.8414E-05   
1590   2.235E-03   3.0176E-05   5.2386E-05   2.9760E-05 / 5.1935E-05   
1600   2.235E-03   2.8260E-05   4.6996E-05   2.8244E-05 / 4.6980E-05   
1610   2.235E-03   2.6951E-05   4.6923E-05   2.6856E-05 / 4.6811E-05   
1620   2.235E-03   2.7515E-05   5.0228E-05   2.7177E-05 / 4.9838E-05   
1630   2.235E-03   2.6780E-05   4.6007E-05   2.6614E-05 / 4.5800E-05   
1640   2.235E-03   2.6244E-05   4.8295E-05   2.6101E-05 / 4.8110E-05   
1650   2.235E-03   3.0628E-05   5.0301E-05   2.9012E-05 / 4.8673E-05   
1660   2.235E-03   2.6444E-05   4.8686E-05   2.6291E-05 / 4.8483E-05   
1670   2.235E-03   2.5989E-05   5.0749E-05   2.5844E-05 / 5.0563E-05   
1680   2.235E-03   4.9450E-05   7.7786E-05   4.8012E-05 / 7.6396E-05   
1690   2.235E-03   2.5555E-05   4.9621E-05   2.5541E-05 / 4.9602E-05   
1700   2.235E-03   2.4327E-05   4.8097E-05   2.4113E-05 / 4.7811E-05   
1710   2.235E-03   2.3764E-05   4.7335E-05   2.3699E-05 / 4.7245E-05   
1720   2.235E-03   2.4523E-05   4.9510E-05   2.4476E-05 / 4.9446E-05   
1730   2.235E-03   2.6702E-05   5.0281E-05   2.6280E-05 / 4.9783E-05   
1740   2.235E-03   2.3470E-05   4.6486E-05   2.3285E-05 / 4.6256E-05   
1750   2.235E-03   2.7194E-05   5.3346E-05   2.7033E-05 / 5.3145E-05   
1760   2.235E-03   2.3589E-05   4.7740E-05   2.3208E-05 / 4.7307E-05   
1770   2.235E-03   2.3352E-05   4.8346E-05   2.2583E-05 / 4.7510E-05   
1780   2.235E-03   2.3591E-05   4.6644E-05   2.3526E-05 / 4.6567E-05   
1790   2.235E-03   2.6954E-05   5.5658E-05   2.6697E-05 / 5.5367E-05   
1800   2.235E-03   2.3886E-05   4.7966E-05   2.3697E-05 / 4.7753E-05   
1810   2.235E-03   2.6449E-05   5.4079E-05   2.5677E-05 / 5.3234E-05   
1817   2.235E-03   2.5747E-05   5.1644E-05   2.5716E-05 / 5.1608E-05   
BEST MODEL
===============================================================================================================
1554   2.235E-03   2.8813E-05   4.3607E-05   2.8714E-05 / 4.3518E-05   
===============================================================================================================
Saved model to /home/nikki/kan/kanTBNN/models/multi_run/kan_experiment_161_opt/kanTBNN-24Nov08_13:42:10.pickle
