========== Dataset info ==========
Dataset params: {'file': '/home/nikhila/WDC/kan/dataset/turbulence_dataset_clean.csv', 'Cases': ['squareDuctAve_Re_1100', 'squareDuctAve_Re_1150', 'squareDuctAve_Re_1250', 'squareDuctAve_Re_1300', 'squareDuctAve_Re_1350', 'squareDuctAve_Re_1400', 'squareDuctAve_Re_1500', 'squareDuctAve_Re_1600', 'squareDuctAve_Re_1800', 'squareDuctAve_Re_2000', 'squareDuctAve_Re_2205', 'squareDuctAve_Re_2400', 'squareDuctAve_Re_2600', 'squareDuctAve_Re_2900', 'squareDuctAve_Re_3200', 'squareDuctAve_Re_3500'], 'val_set': ['squareDuctAve_Re_1300', 'squareDuctAve_Re_1800', 'squareDuctAve_Re_3200'], 'test_set': ['squareDuctAve_Re_2000'], 'data_loader': <class 'tbnn.dataloaders.aDataset'>}
Train/Valid/Test points: 110592 / 27648 / 9216
Memorization?: False
Cluster training?: False
EPOCH     LR        TRAIN         VALID             MSE:T/V                  RL:T/V             %NR_t/%NR_v
===============================================================================================================
  1   3.300E-04   2.3806E-03   2.3013E-03   2.3677E-03 / 2.2877E-03   
 10   3.300E-04   6.3011E-04   7.0483E-04   6.1707E-04 / 6.9452E-04   
 20   3.300E-04   4.5325E-04   5.4659E-04   4.4682E-04 / 5.2378E-04   
 30   3.300E-04   4.0208E-04   5.4321E-04   4.0018E-04 / 5.0771E-04   
 40   3.300E-04   4.1039E-04   5.8828E-04   4.0979E-04 / 5.7464E-04   
 50   3.300E-04   3.7785E-04   5.2151E-04   3.7766E-04 / 5.0766E-04   
 60   3.300E-04   3.6776E-04   5.2281E-04   3.6738E-04 / 5.1855E-04   
 70   3.300E-04   3.5253E-04   5.1287E-04   3.5221E-04 / 4.9420E-04   
 80   3.300E-04   4.0730E-04   5.3332E-04   4.0632E-04 / 5.3077E-04   
 90   3.300E-04   3.4482E-04   4.8934E-04   3.4405E-04 / 4.7565E-04   
100   3.300E-04   3.3978E-04   5.0960E-04   3.3948E-04 / 4.7743E-04   
110   3.300E-04   3.3908E-04   5.1992E-04   3.3870E-04 / 4.9621E-04   
120   3.300E-04   3.7083E-04   5.0541E-04   3.6972E-04 / 4.8829E-04   
130   3.300E-04   3.9391E-04   5.2547E-04   3.9324E-04 / 5.0149E-04   
140   3.300E-04   3.3048E-04   5.1121E-04   3.3021E-04 / 4.8311E-04   
150   3.300E-04   3.5588E-04   5.1465E-04   3.5572E-04 / 5.1002E-04   
160   3.300E-04   3.3459E-04   5.4200E-04   3.3388E-04 / 5.0067E-04   
170   3.300E-04   3.2923E-04   5.0378E-04   3.2858E-04 / 4.9013E-04   
180   3.300E-04   3.2590E-04   4.7988E-04   3.2576E-04 / 4.7294E-04   
190   3.300E-04   3.3130E-04   4.9396E-04   3.3098E-04 / 4.7054E-04   
200   3.300E-04   3.3580E-04   5.3129E-04   3.3530E-04 / 4.9488E-04   
210   3.300E-04   3.3464E-04   5.0491E-04   3.3437E-04 / 4.8772E-04   
220   3.300E-04   3.2422E-04   4.9260E-04   3.2369E-04 / 4.6348E-04   
230   3.300E-04   3.2424E-04   4.9990E-04   3.2342E-04 / 4.7581E-04   
240   3.300E-04   3.4438E-04   5.5578E-04   3.4400E-04 / 5.0537E-04   
250   3.300E-04   3.3845E-04   5.0847E-04   3.3829E-04 / 4.9801E-04   
260   3.300E-04   3.8292E-04   4.9591E-04   3.8257E-04 / 4.8917E-04   
270   3.300E-04   3.2100E-04   5.0538E-04   3.2070E-04 / 4.8655E-04   
280   3.300E-04   3.2283E-04   4.8913E-04   3.2250E-04 / 4.6915E-04   
290   3.300E-04   3.2249E-04   5.1620E-04   3.2141E-04 / 4.8511E-04   
300   3.300E-04   3.2293E-04   6.5508E-04   3.2186E-04 / 4.9245E-04   
310   3.300E-04   3.2550E-04   7.3227E-04   3.2530E-04 / 4.9627E-04   
320   3.300E-04   3.2244E-04   2.4691E-03   3.2205E-04 / 4.7786E-04   
330   3.300E-04   3.2306E-04   9.5494E-04   3.2255E-04 / 4.5527E-04   
340   3.300E-04   3.2567E-04   6.0025E-04   3.2249E-04 / 5.6192E-04   
350   3.300E-04   3.2319E-04   5.3156E-04   3.2202E-04 / 4.9735E-04   
360   3.300E-04   3.1563E-04   5.0503E-04   3.1529E-04 / 4.7608E-04   
370   3.300E-04   3.2073E-04   5.3915E-04   3.2018E-04 / 4.9775E-04   
380   3.300E-04   3.2204E-04   5.0348E-04   3.2140E-04 / 4.6686E-04   
390   3.300E-04   3.2284E-04   5.0621E-04   3.2262E-04 / 4.7595E-04   
398   3.300E-04   3.1413E-04   5.0132E-04   3.1400E-04 / 4.7695E-04   
BEST MODEL
===============================================================================================================
135   3.300E-04   3.3810E-04   4.5666E-04   3.3795E-04 / 4.5046E-04   
===============================================================================================================
Saved model to /home/nikhila/WDC/kan/kanTBNN/models/multi_run/kan_experiment_23_opt/kanTBNN-25Jan25_06:47:53.pickle
