========== Dataset info ==========
Dataset params: {'file': '/home/nikki/kan/data/turbulence_dataset_clean.csv', 'Cases': ['fp_1000', 'fp_1410', 'fp_2000', 'fp_2540', 'fp_3030', 'fp_3270', 'fp_3630', 'fp_3970', 'fp_4060'], 'val_set': ['fp_3030', 'fp_1410', 'fp_4060'], 'test_set': ['fp_3630'], 'data_loader': <class 'tbnn.dataloaders.aDataset'>}
Train/Valid/Test points: 760 / 468 / 168
Memorization?: False
Cluster training?: False
EPOCH     LR        TRAIN         VALID             MSE:T/V                  RL:T/V             %NR_t/%NR_v
===============================================================================================================
  1   2.000E-03   1.6430E-01   1.6082E-01   1.6430E-01 / 1.6082E-01   
 10   2.000E-03   1.0383E-02   9.7889E-03   1.0383E-02 / 9.7889E-03   
 20   2.000E-03   3.1117E-03   2.9062E-03   3.1102E-03 / 2.9059E-03   
 30   2.000E-03   1.9406E-03   1.8487E-03   1.9406E-03 / 1.8487E-03   
 40   2.000E-03   1.5291E-03   1.4719E-03   1.5291E-03 / 1.4719E-03   
 50   2.000E-03   1.2999E-03   1.2596E-03   1.2999E-03 / 1.2596E-03   
 60   2.000E-03   1.1744E-03   1.1430E-03   1.1744E-03 / 1.1430E-03   
 70   2.000E-03   1.0831E-03   1.0560E-03   1.0831E-03 / 1.0560E-03   
 80   2.000E-03   1.0115E-03   9.8654E-04   1.0115E-03 / 9.8654E-04   
 90   2.000E-03   9.5331E-04   9.2863E-04   9.5331E-04 / 9.2863E-04   
100   2.000E-03   9.0417E-04   8.8163E-04   9.0415E-04 / 8.8163E-04   
110   2.000E-03   8.6026E-04   8.4079E-04   8.6024E-04 / 8.4079E-04   
120   2.000E-03   8.1868E-04   8.0219E-04   8.1867E-04 / 8.0219E-04   
130   2.000E-03   7.7987E-04   7.6524E-04   7.7985E-04 / 7.6524E-04   
140   2.000E-03   7.4453E-04   7.3064E-04   7.4450E-04 / 7.3064E-04   
150   2.000E-03   7.1042E-04   6.9757E-04   7.1040E-04 / 6.9756E-04   
160   2.000E-03   6.7797E-04   6.6704E-04   6.7797E-04 / 6.6704E-04   
170   2.000E-03   6.4474E-04   6.3562E-04   6.4472E-04 / 6.3560E-04   
180   2.000E-03   6.1538E-04   6.0796E-04   6.1537E-04 / 6.0796E-04   
190   2.000E-03   5.8638E-04   5.8268E-04   5.8636E-04 / 5.8268E-04   
200   2.000E-03   5.6008E-04   5.5854E-04   5.6008E-04 / 5.5854E-04   
210   2.000E-03   5.3436E-04   5.3615E-04   5.3436E-04 / 5.3615E-04   
220   2.000E-03   5.0991E-04   5.1385E-04   5.0991E-04 / 5.1385E-04   
230   2.000E-03   4.8732E-04   4.9158E-04   4.8731E-04 / 4.9158E-04   
240   2.000E-03   4.6740E-04   4.7909E-04   4.6740E-04 / 4.7909E-04   
250   2.000E-03   4.4719E-04   4.5995E-04   4.4719E-04 / 4.5995E-04   
260   2.000E-03   4.2942E-04   4.4252E-04   4.2941E-04 / 4.4252E-04   
270   2.000E-03   4.1206E-04   4.2979E-04   4.1200E-04 / 4.2976E-04   
280   2.000E-03   3.9539E-04   4.1534E-04   3.9536E-04 / 4.1530E-04   
290   2.000E-03   3.8133E-04   4.0562E-04   3.8116E-04 / 4.0553E-04   
300   2.000E-03   3.6613E-04   3.8653E-04   3.6606E-04 / 3.8646E-04   
310   2.000E-03   3.5283E-04   3.7664E-04   3.5274E-04 / 3.7655E-04   
320   2.000E-03   3.3891E-04   3.6756E-04   3.3871E-04 / 3.6741E-04   
330   2.000E-03   3.2759E-04   3.5517E-04   3.2739E-04 / 3.5511E-04   
340   2.000E-03   3.2069E-04   3.4789E-04   3.2054E-04 / 3.4780E-04   
350   2.000E-03   3.0517E-04   3.3738E-04   3.0493E-04 / 3.3733E-04   
360   2.000E-03   2.9473E-04   3.3294E-04   2.9461E-04 / 3.3287E-04   
370   2.000E-03   2.8621E-04   3.2824E-04   2.8610E-04 / 3.2817E-04   
380   2.000E-03   2.7729E-04   3.1704E-04   2.7715E-04 / 3.1687E-04   
390   2.000E-03   2.6961E-04   3.1947E-04   2.6946E-04 / 3.1933E-04   
400   2.000E-03   2.6002E-04   3.0352E-04   2.5990E-04 / 3.0343E-04   
410   2.000E-03   2.5394E-04   2.9997E-04   2.5388E-04 / 2.9994E-04   
420   2.000E-03   2.4608E-04   2.9764E-04   2.4600E-04 / 2.9761E-04   
430   2.000E-03   2.3871E-04   2.8207E-04   2.3865E-04 / 2.8205E-04   
440   2.000E-03   2.3252E-04   2.8655E-04   2.3237E-04 / 2.8648E-04   
450   2.000E-03   2.2632E-04   2.8005E-04   2.2624E-04 / 2.7998E-04   
460   2.000E-03   2.1955E-04   2.7098E-04   2.1927E-04 / 2.7086E-04   
470   2.000E-03   2.1397E-04   2.7229E-04   2.1386E-04 / 2.7216E-04   
480   2.000E-03   2.0900E-04   2.6916E-04   2.0886E-04 / 2.6902E-04   
490   2.000E-03   2.0396E-04   2.6381E-04   2.0362E-04 / 2.6353E-04   
500   2.000E-03   2.0154E-04   2.6336E-04   2.0130E-04 / 2.6316E-04   
510   2.000E-03   1.9504E-04   2.6359E-04   1.9482E-04 / 2.6342E-04   
520   2.000E-03   1.9054E-04   2.5773E-04   1.9026E-04 / 2.5762E-04   
530   2.000E-03   1.8470E-04   2.5304E-04   1.8443E-04 / 2.5290E-04   
540   2.000E-03   1.7964E-04   2.4567E-04   1.7940E-04 / 2.4556E-04   
550   2.000E-03   1.7673E-04   2.4179E-04   1.7644E-04 / 2.4164E-04   
560   2.000E-03   1.7215E-04   2.4034E-04   1.7177E-04 / 2.4015E-04   
570   2.000E-03   1.6922E-04   2.4283E-04   1.6895E-04 / 2.4268E-04   
580   2.000E-03   1.6795E-04   2.4201E-04   1.6782E-04 / 2.4193E-04   
590   2.000E-03   1.6134E-04   2.4262E-04   1.6111E-04 / 2.4247E-04   
600   2.000E-03   1.5862E-04   2.4175E-04   1.5832E-04 / 2.4151E-04   
610   2.000E-03   1.5474E-04   2.3463E-04   1.5446E-04 / 2.3443E-04   
620   2.000E-03   1.5242E-04   2.2913E-04   1.5223E-04 / 2.2889E-04   
630   2.000E-03   1.4684E-04   2.2788E-04   1.4664E-04 / 2.2764E-04   
640   2.000E-03   1.4622E-04   2.3422E-04   1.4596E-04 / 2.3393E-04   
650   2.000E-03   1.4188E-04   2.2277E-04   1.4179E-04 / 2.2267E-04   
660   2.000E-03   1.3728E-04   2.3062E-04   1.3703E-04 / 2.3034E-04   
670   2.000E-03   1.3916E-04   2.2349E-04   1.3900E-04 / 2.2336E-04   
680   2.000E-03   1.3193E-04   2.2312E-04   1.3182E-04 / 2.2306E-04   
690   2.000E-03   1.2953E-04   2.2761E-04   1.2935E-04 / 2.2753E-04   
700   2.000E-03   1.2716E-04   2.2406E-04   1.2698E-04 / 2.2395E-04   
710   2.000E-03   1.2315E-04   2.2188E-04   1.2279E-04 / 2.2171E-04   
720   2.000E-03   1.2132E-04   2.1104E-04   1.2123E-04 / 2.1100E-04   
730   2.000E-03   1.1883E-04   2.1131E-04   1.1867E-04 / 2.1122E-04   
740   2.000E-03   1.1590E-04   2.1014E-04   1.1573E-04 / 2.1004E-04   
750   2.000E-03   1.1439E-04   2.1226E-04   1.1426E-04 / 2.1217E-04   
760   2.000E-03   1.1468E-04   2.1309E-04   1.1456E-04 / 2.1302E-04   
770   2.000E-03   1.1027E-04   2.0473E-04   1.1014E-04 / 2.0459E-04   
780   2.000E-03   1.0793E-04   2.1002E-04   1.0774E-04 / 2.0979E-04   
790   2.000E-03   1.0702E-04   1.9852E-04   1.0693E-04 / 1.9841E-04   
800   2.000E-03   1.0835E-04   1.9546E-04   1.0811E-04 / 1.9516E-04   
810   2.000E-03   1.0196E-04   1.9198E-04   1.0162E-04 / 1.9175E-04   
820   2.000E-03   9.9052E-05   1.8782E-04   9.8775E-05 / 1.8749E-04   
830   2.000E-03   9.6648E-05   1.9383E-04   9.6332E-05 / 1.9347E-04   
840   2.000E-03   9.6609E-05   1.8614E-04   9.6381E-05 / 1.8591E-04   
850   2.000E-03   9.4074E-05   1.9213E-04   9.3810E-05 / 1.9189E-04   
860   2.000E-03   9.1496E-05   1.8743E-04   9.1417E-05 / 1.8739E-04   
870   2.000E-03   9.1844E-05   1.9240E-04   9.1694E-05 / 1.9232E-04   
880   2.000E-03   8.7927E-05   1.7532E-04   8.7595E-05 / 1.7509E-04   
890   2.000E-03   8.9852E-05   1.8066E-04   8.9712E-05 / 1.8060E-04   
900   2.000E-03   8.7435E-05   1.7913E-04   8.7162E-05 / 1.7906E-04   
910   2.000E-03   8.4655E-05   1.7440E-04   8.4392E-05 / 1.7427E-04   
920   2.000E-03   8.2585E-05   1.8225E-04   8.2295E-05 / 1.8210E-04   
930   2.000E-03   8.1929E-05   1.7321E-04   8.1795E-05 / 1.7317E-04   
940   2.000E-03   8.4796E-05   1.7441E-04   8.4781E-05 / 1.7441E-04   
950   2.000E-03   7.9017E-05   1.6626E-04   7.8902E-05 / 1.6618E-04   
960   2.000E-03   7.7327E-05   1.7130E-04   7.7086E-05 / 1.7109E-04   
970   2.000E-03   7.6862E-05   1.6883E-04   7.6641E-05 / 1.6862E-04   
980   2.000E-03   7.3968E-05   1.6616E-04   7.3869E-05 / 1.6605E-04   
990   2.000E-03   7.3148E-05   1.6537E-04   7.2966E-05 / 1.6520E-04   
1000   2.000E-03   8.1619E-05   1.8084E-04   8.1461E-05 / 1.8064E-04   
1010   2.000E-03   8.2389E-05   1.5616E-04   8.2303E-05 / 1.5604E-04   
1020   2.000E-03   6.9843E-05   1.5995E-04   6.9517E-05 / 1.5956E-04   
1030   2.000E-03   6.9197E-05   1.5656E-04   6.9082E-05 / 1.5640E-04   
1040   2.000E-03   7.3703E-05   1.6503E-04   7.3329E-05 / 1.6461E-04   
1050   2.000E-03   6.7617E-05   1.5141E-04   6.7316E-05 / 1.5106E-04   
1060   2.000E-03   6.6112E-05   1.4867E-04   6.5955E-05 / 1.4848E-04   
1070   2.000E-03   6.6023E-05   1.5142E-04   6.5907E-05 / 1.5129E-04   
1080   2.000E-03   6.3975E-05   1.5340E-04   6.3765E-05 / 1.5317E-04   
1090   2.000E-03   6.3550E-05   1.4943E-04   6.3428E-05 / 1.4931E-04   
1100   2.000E-03   6.4659E-05   1.5150E-04   6.3905E-05 / 1.5106E-04   
1110   2.000E-03   6.1977E-05   1.4519E-04   6.1561E-05 / 1.4479E-04   
1120   2.000E-03   6.1811E-05   1.4084E-04   6.1617E-05 / 1.4067E-04   
1130   2.000E-03   5.9854E-05   1.4312E-04   5.9635E-05 / 1.4295E-04   
1140   2.000E-03   6.0774E-05   1.4531E-04   6.0376E-05 / 1.4513E-04   
1150   2.000E-03   6.0050E-05   1.3589E-04   6.0006E-05 / 1.3588E-04   
1160   2.000E-03   5.7330E-05   1.4372E-04   5.7146E-05 / 1.4361E-04   
1170   2.000E-03   5.9510E-05   1.3281E-04   5.9276E-05 / 1.3266E-04   
1180   2.000E-03   5.7980E-05   1.4535E-04   5.7811E-05 / 1.4527E-04   
1190   2.000E-03   5.7030E-05   1.4192E-04   5.6831E-05 / 1.4181E-04   
1200   2.000E-03   5.5402E-05   1.4057E-04   5.5131E-05 / 1.4040E-04   
1210   2.000E-03   5.4362E-05   1.3904E-04   5.4061E-05 / 1.3884E-04   
1220   2.000E-03   5.4678E-05   1.3632E-04   5.4503E-05 / 1.3621E-04   
1230   2.000E-03   5.3667E-05   1.3385E-04   5.3609E-05 / 1.3384E-04   
1240   2.000E-03   5.2991E-05   1.3722E-04   5.2923E-05 / 1.3717E-04   
1250   2.000E-03   5.3058E-05   1.3403E-04   5.2910E-05 / 1.3395E-04   
1260   2.000E-03   5.1103E-05   1.3063E-04   5.0877E-05 / 1.3044E-04   
1270   2.000E-03   5.9984E-05   1.4629E-04   5.9870E-05 / 1.4618E-04   
1280   2.000E-03   4.9597E-05   1.2396E-04   4.9245E-05 / 1.2365E-04   
1290   2.000E-03   4.8998E-05   1.2406E-04   4.8912E-05 / 1.2396E-04   
1300   2.000E-03   5.3768E-05   1.2594E-04   5.3675E-05 / 1.2585E-04   
1310   2.000E-03   6.6744E-05   1.5018E-04   6.6445E-05 / 1.4991E-04   
1320   2.000E-03   4.7844E-05   1.2301E-04   4.7704E-05 / 1.2284E-04   
1330   2.000E-03   4.8398E-05   1.2364E-04   4.8302E-05 / 1.2354E-04   
1340   2.000E-03   5.1649E-05   1.2409E-04   5.1308E-05 / 1.2380E-04   
1350   2.000E-03   4.7177E-05   1.2235E-04   4.7088E-05 / 1.2223E-04   
1360   2.000E-03   7.2214E-05   1.2853E-04   7.1965E-05 / 1.2825E-04   
1370   2.000E-03   4.5330E-05   1.1819E-04   4.5060E-05 / 1.1789E-04   
1380   2.000E-03   4.5104E-05   1.1321E-04   4.4992E-05 / 1.1307E-04   
1390   2.000E-03   4.7217E-05   1.2329E-04   4.7107E-05 / 1.2316E-04   
1400   2.000E-03   4.9871E-05   1.0595E-04   4.9754E-05 / 1.0581E-04   
1410   2.000E-03   4.6928E-05   1.2063E-04   4.6769E-05 / 1.2045E-04   
1420   2.000E-03   5.1147E-05   1.1212E-04   5.1051E-05 / 1.1202E-04   
1430   2.000E-03   4.7514E-05   1.2012E-04   4.7131E-05 / 1.1973E-04   
1440   2.000E-03   4.4343E-05   1.0475E-04   4.4147E-05 / 1.0454E-04   
1450   2.000E-03   4.2341E-05   1.1030E-04   4.2098E-05 / 1.1006E-04   
1460   2.000E-03   4.1904E-05   1.0405E-04   4.1761E-05 / 1.0393E-04   
1470   2.000E-03   4.1596E-05   1.0651E-04   4.1479E-05 / 1.0641E-04   
1480   2.000E-03   4.1786E-05   1.1080E-04   4.1360E-05 / 1.1043E-04   
1490   2.000E-03   4.0800E-05   1.0488E-04   4.0712E-05 / 1.0482E-04   
1500   2.000E-03   4.0701E-05   1.0018E-04   4.0405E-05 / 9.9942E-05   
1510   2.000E-03   4.0113E-05   1.0814E-04   3.9921E-05 / 1.0800E-04   
1520   2.000E-03   3.9188E-05   1.0544E-04   3.9066E-05 / 1.0537E-04   
1530   2.000E-03   4.1307E-05   1.0206E-04   4.1154E-05 / 1.0197E-04   
1540   2.000E-03   4.1572E-05   1.0422E-04   4.1323E-05 / 1.0418E-04   
1550   2.000E-03   3.8858E-05   1.0319E-04   3.8585E-05 / 1.0299E-04   
1560   2.000E-03   3.8071E-05   1.0025E-04   3.7964E-05 / 1.0020E-04   
1570   2.000E-03   3.7234E-05   1.0123E-04   3.6944E-05 / 1.0102E-04   
1580   2.000E-03   3.7541E-05   1.0461E-04   3.7397E-05 / 1.0453E-04   
1590   2.000E-03   3.7945E-05   1.0021E-04   3.7851E-05 / 1.0017E-04   
1600   2.000E-03   3.7489E-05   1.0401E-04   3.7203E-05 / 1.0381E-04   
1610   2.000E-03   3.5828E-05   9.5143E-05   3.5804E-05 / 9.5140E-05   
1620   2.000E-03   3.5596E-05   1.0299E-04   3.5484E-05 / 1.0292E-04   
1630   2.000E-03   3.7425E-05   9.6429E-05   3.7219E-05 / 9.6289E-05   
1640   2.000E-03   3.7586E-05   9.8372E-05   3.7531E-05 / 9.8341E-05   
1650   2.000E-03   3.5674E-05   9.9279E-05   3.5517E-05 / 9.9166E-05   
1660   2.000E-03   3.5521E-05   9.1288E-05   3.5433E-05 / 9.1223E-05   
1670   2.000E-03   1.0490E-04   1.7377E-04   1.0490E-04 / 1.7377E-04   
1680   2.000E-03   3.3096E-05   9.1381E-05   3.3036E-05 / 9.1330E-05   
1690   2.000E-03   3.2871E-05   9.0593E-05   3.2795E-05 / 9.0524E-05   
1700   2.000E-03   3.2631E-05   8.8040E-05   3.2561E-05 / 8.7972E-05   
1710   2.000E-03   3.2438E-05   9.2352E-05   3.2407E-05 / 9.2314E-05   
1720   2.000E-03   3.3971E-05   9.2832E-05   3.3881E-05 / 9.2738E-05   
1730   2.000E-03   3.2721E-05   8.8186E-05   3.2642E-05 / 8.8101E-05   
1740   2.000E-03   3.2313E-05   9.2417E-05   3.1994E-05 / 9.2124E-05   
1750   2.000E-03   3.1027E-05   8.8559E-05   3.0947E-05 / 8.8457E-05   
1760   2.000E-03   3.0719E-05   8.7352E-05   3.0675E-05 / 8.7285E-05   
1770   2.000E-03   3.1006E-05   8.9957E-05   3.0915E-05 / 8.9842E-05   
1780   2.000E-03   3.0830E-05   9.0667E-05   3.0667E-05 / 9.0481E-05   
1790   2.000E-03   4.6090E-05   1.0459E-04   4.6066E-05 / 1.0455E-04   
1800   2.000E-03   2.9643E-05   8.7228E-05   2.9434E-05 / 8.6995E-05   
1810   2.000E-03   3.0257E-05   8.3174E-05   3.0168E-05 / 8.3060E-05   
1820   2.000E-03   3.1647E-05   7.7277E-05   3.1547E-05 / 7.7151E-05   
1830   2.000E-03   2.9465E-05   8.8454E-05   2.9423E-05 / 8.8398E-05   
1840   2.000E-03   3.0624E-05   8.6322E-05   3.0605E-05 / 8.6299E-05   
1850   2.000E-03   2.8540E-05   8.4748E-05   2.8381E-05 / 8.4570E-05   
1860   2.000E-03   2.8385E-05   8.4296E-05   2.8313E-05 / 8.4214E-05   
1870   2.000E-03   2.9645E-05   8.7316E-05   2.9356E-05 / 8.7018E-05   
1880   2.000E-03   3.2039E-05   8.2020E-05   3.1785E-05 / 8.1783E-05   
1890   2.000E-03   2.8604E-05   8.3483E-05   2.8420E-05 / 8.3294E-05   
1900   2.000E-03   2.8198E-05   8.0991E-05   2.8141E-05 / 8.0947E-05   
1910   2.000E-03   2.8170E-05   7.9430E-05   2.7963E-05 / 7.9235E-05   
1920   2.000E-03   2.7977E-05   7.9508E-05   2.7904E-05 / 7.9454E-05   
1930   2.000E-03   2.8251E-05   7.9901E-05   2.8033E-05 / 7.9710E-05   
1940   2.000E-03   2.8186E-05   8.4960E-05   2.7971E-05 / 8.4792E-05   
1950   2.000E-03   2.7461E-05   7.9913E-05   2.7290E-05 / 7.9783E-05   
1960   2.000E-03   2.7517E-05   7.7555E-05   2.7340E-05 / 7.7419E-05   
1970   2.000E-03   3.8754E-05   7.8958E-05   3.8651E-05 / 7.8898E-05   
1980   2.000E-03   2.8381E-05   7.2540E-05   2.8249E-05 / 7.2456E-05   
1990   2.000E-03   2.7133E-05   7.6688E-05   2.6961E-05 / 7.6578E-05   
2000   2.000E-03   2.5246E-05   7.5497E-05   2.5153E-05 / 7.5454E-05   
2010   2.000E-03   2.9388E-05   8.4630E-05   2.9252E-05 / 8.4551E-05   
2020   2.000E-03   2.7442E-05   6.9052E-05   2.7371E-05 / 6.9031E-05   
2030   2.000E-03   2.7751E-05   7.8719E-05   2.7611E-05 / 7.8642E-05   
2040   2.000E-03   2.5891E-05   7.7840E-05   2.5756E-05 / 7.7765E-05   
2050   2.000E-03   2.4444E-05   7.1425E-05   2.4327E-05 / 7.1367E-05   
2060   2.000E-03   2.4390E-05   7.0743E-05   2.4349E-05 / 7.0734E-05   
2070   2.000E-03   2.4396E-05   7.6075E-05   2.4307E-05 / 7.6038E-05   
2080   2.000E-03   3.2612E-05   8.2642E-05   2.9195E-05 / 8.0021E-05   
2090   2.000E-03   2.4871E-05   7.4748E-05   2.4850E-05 / 7.4747E-05   
2100   2.000E-03   2.4446E-05   7.3149E-05   2.4398E-05 / 7.3136E-05   
2110   2.000E-03   2.3318E-05   7.1597E-05   2.3176E-05 / 7.1516E-05   
2120   2.000E-03   2.3994E-05   7.1997E-05   2.3887E-05 / 7.1939E-05   
2130   2.000E-03   2.3885E-05   6.6724E-05   2.3865E-05 / 6.6719E-05   
2140   2.000E-03   5.0483E-05   8.0694E-05   4.9948E-05 / 8.0454E-05   
2150   2.000E-03   2.3605E-05   6.8849E-05   2.3425E-05 / 6.8740E-05   
2160   2.000E-03   2.2867E-05   7.0767E-05   2.2699E-05 / 7.0651E-05   
2170   2.000E-03   2.2796E-05   6.9534E-05   2.2741E-05 / 6.9505E-05   
2180   2.000E-03   2.2578E-05   6.6084E-05   2.2463E-05 / 6.6007E-05   
2190   2.000E-03   2.2485E-05   6.8033E-05   2.2422E-05 / 6.7994E-05   
2200   2.000E-03   2.4824E-05   6.2192E-05   2.4746E-05 / 6.2138E-05   
2210   2.000E-03   2.4200E-05   7.4016E-05   2.4127E-05 / 7.3961E-05   
2220   2.000E-03   2.2298E-05   6.7308E-05   2.2218E-05 / 6.7247E-05   
2230   2.000E-03   2.1862E-05   6.7349E-05   2.1838E-05 / 6.7329E-05   
2240   2.000E-03   2.2608E-05   7.0367E-05   2.2317E-05 / 7.0131E-05   
2250   2.000E-03   2.2988E-05   7.0797E-05   2.2876E-05 / 7.0708E-05   
2260   2.000E-03   2.4340E-05   6.6117E-05   2.4246E-05 / 6.6035E-05   
2270   2.000E-03   2.1542E-05   6.1484E-05   2.1484E-05 / 6.1435E-05   
2280   2.000E-03   2.5136E-05   6.2783E-05   2.4991E-05 / 6.2659E-05   
2290   2.000E-03   2.1303E-05   6.3668E-05   2.1198E-05 / 6.3570E-05   
2300   2.000E-03   2.0968E-05   6.5797E-05   2.0916E-05 / 6.5743E-05   
2310   2.000E-03   2.1952E-05   6.4165E-05   2.1837E-05 / 6.4054E-05   
2320   2.000E-03   2.2383E-05   6.5829E-05   2.2293E-05 / 6.5737E-05   
2330   2.000E-03   5.2221E-05   8.4746E-05   5.2119E-05 / 8.4671E-05   
2340   2.000E-03   2.0834E-05   6.0622E-05   2.0578E-05 / 6.0384E-05   
2350   2.000E-03   2.0394E-05   6.0156E-05   2.0311E-05 / 6.0067E-05   
2360   2.000E-03   2.0693E-05   5.9122E-05   2.0595E-05 / 5.9017E-05   
2370   2.000E-03   1.9874E-05   6.0046E-05   1.9827E-05 / 5.9988E-05   
2380   2.000E-03   2.0123E-05   5.9830E-05   2.0059E-05 / 5.9755E-05   
2390   2.000E-03   2.0009E-05   5.7898E-05   1.9829E-05 / 5.7718E-05   
2400   2.000E-03   2.1344E-05   6.2605E-05   2.1221E-05 / 6.2473E-05   
2410   2.000E-03   2.1269E-05   6.2285E-05   2.1218E-05 / 6.2220E-05   
2420   2.000E-03   2.2179E-05   6.3849E-05   2.2065E-05 / 6.3725E-05   
2430   2.000E-03   2.2199E-05   5.8394E-05   2.2161E-05 / 5.8345E-05   
2440   2.000E-03   2.2955E-05   5.4441E-05   2.2903E-05 / 5.4376E-05   
2450   2.000E-03   1.9251E-05   5.6444E-05   1.9218E-05 / 5.6400E-05   
2460   2.000E-03   1.9038E-05   5.6112E-05   1.8919E-05 / 5.5984E-05   
2470   2.000E-03   1.9079E-05   5.9180E-05   1.8996E-05 / 5.9084E-05   
2480   2.000E-03   2.1335E-05   6.0946E-05   2.1332E-05 / 6.0942E-05   
2490   2.000E-03   1.8717E-05   5.4684E-05   1.8587E-05 / 5.4546E-05   
2500   2.000E-03   1.8936E-05   5.7532E-05   1.8826E-05 / 5.7412E-05   
2510   2.000E-03   1.8987E-05   5.5132E-05   1.8885E-05 / 5.5026E-05   
2520   2.000E-03   2.0036E-05   5.8786E-05   1.9974E-05 / 5.8723E-05   
2530   2.000E-03   5.0482E-05   8.5201E-05   5.0469E-05 / 8.5192E-05   
2540   2.000E-03   2.9394E-05   6.3542E-05   2.9332E-05 / 6.3486E-05   
2550   2.000E-03   1.8039E-05   5.3328E-05   1.8001E-05 / 5.3288E-05   
2560   2.000E-03   1.8469E-05   5.1791E-05   1.8384E-05 / 5.1705E-05   
2570   2.000E-03   1.8337E-05   5.2892E-05   1.8316E-05 / 5.2874E-05   
2580   2.000E-03   1.8038E-05   5.6914E-05   1.7877E-05 / 5.6757E-05   
2590   2.000E-03   1.7906E-05   5.3479E-05   1.7878E-05 / 5.3454E-05   
2600   2.000E-03   1.9678E-05   5.2364E-05   1.9458E-05 / 5.2154E-05   
2610   2.000E-03   2.3706E-05   6.1786E-05   2.3177E-05 / 6.1324E-05   
2620   2.000E-03   2.1021E-05   5.3482E-05   2.0773E-05 / 5.3248E-05   
2630   2.000E-03   1.7486E-05   5.0353E-05   1.7433E-05 / 5.0309E-05   
2640   2.000E-03   1.8736E-05   5.1947E-05   1.8628E-05 / 5.1847E-05   
2650   2.000E-03   2.1003E-05   4.8597E-05   2.0968E-05 / 4.8573E-05   
2660   2.000E-03   1.7146E-05   5.2146E-05   1.7087E-05 / 5.2099E-05   
2670   2.000E-03   1.6972E-05   5.0534E-05   1.6861E-05 / 5.0434E-05   
2680   2.000E-03   1.7095E-05   5.0246E-05   1.7019E-05 / 5.0181E-05   
2690   2.000E-03   1.9644E-05   6.0131E-05   1.9588E-05 / 6.0090E-05   
2700   2.000E-03   1.6732E-05   5.1193E-05   1.6712E-05 / 5.1186E-05   
2710   2.000E-03   1.6883E-05   4.9312E-05   1.6859E-05 / 4.9302E-05   
2720   2.000E-03   1.7528E-05   5.5841E-05   1.7471E-05 / 5.5801E-05   
2730   2.000E-03   1.6596E-05   4.8511E-05   1.6478E-05 / 4.8408E-05   
2740   2.000E-03   1.6916E-05   5.2536E-05   1.6772E-05 / 5.2406E-05   
2750   2.000E-03   1.7672E-05   5.2135E-05   1.7546E-05 / 5.2025E-05   
2760   2.000E-03   1.8007E-05   5.3501E-05   1.7960E-05 / 5.3474E-05   
2770   2.000E-03   1.9242E-05   5.5808E-05   1.9218E-05 / 5.5800E-05   
2780   2.000E-03   1.7730E-05   5.5615E-05   1.7601E-05 / 5.5503E-05   
2790   2.000E-03   2.0631E-05   5.6638E-05   2.0611E-05 / 5.6632E-05   
2800   2.000E-03   1.8811E-05   4.8640E-05   1.8659E-05 / 4.8556E-05   
2810   2.000E-03   1.6384E-05   4.8816E-05   1.6374E-05 / 4.8816E-05   
2820   2.000E-03   1.6379E-05   4.7280E-05   1.6318E-05 / 4.7239E-05   
2830   2.000E-03   1.7222E-05   4.5755E-05   1.7211E-05 / 4.5753E-05   
2840   2.000E-03   1.6595E-05   4.9304E-05   1.6448E-05 / 4.9172E-05   
2850   2.000E-03   2.0835E-05   5.1059E-05   2.0754E-05 / 5.1004E-05   
2860   2.000E-03   1.6719E-05   4.7755E-05   1.6697E-05 / 4.7746E-05   
2870   2.000E-03   1.9579E-05   4.6029E-05   1.9546E-05 / 4.6011E-05   
2880   2.000E-03   1.5829E-05   4.6107E-05   1.5774E-05 / 4.6074E-05   
2890   2.000E-03   1.5498E-05   4.6052E-05   1.5474E-05 / 4.6039E-05   
2900   2.000E-03   1.5251E-05   4.5760E-05   1.5151E-05 / 4.5681E-05   
2910   2.000E-03   1.6525E-05   4.8792E-05   1.6507E-05 / 4.8792E-05   
2920   2.000E-03   1.5719E-05   4.5879E-05   1.5676E-05 / 4.5848E-05   
2930   2.000E-03   1.5718E-05   4.7497E-05   1.5578E-05 / 4.7375E-05   
2940   2.000E-03   2.2407E-05   4.5863E-05   2.2407E-05 / 4.5863E-05   
2950   2.000E-03   1.8662E-05   4.8161E-05   1.8450E-05 / 4.7972E-05   
2960   2.000E-03   1.5952E-05   4.1565E-05   1.5936E-05 / 4.1556E-05   
2970   2.000E-03   1.4519E-05   4.3649E-05   1.4461E-05 / 4.3604E-05   
2980   2.000E-03   1.4874E-05   4.2795E-05   1.4804E-05 / 4.2738E-05   
2990   2.000E-03   1.6045E-05   4.5011E-05   1.5955E-05 / 4.4940E-05   
3000   2.000E-03   1.5321E-05   4.0815E-05   1.5268E-05 / 4.0772E-05   
3010   2.000E-03   1.4674E-05   4.2966E-05   1.4647E-05 / 4.2941E-05   
3020   2.000E-03   1.4748E-05   4.2769E-05   1.4594E-05 / 4.2640E-05   
3030   2.000E-03   1.4730E-05   4.2829E-05   1.4704E-05 / 4.2811E-05   
3040   2.000E-03   1.4641E-05   4.3231E-05   1.4458E-05 / 4.3082E-05   
3050   2.000E-03   1.4388E-05   4.2317E-05   1.4388E-05 / 4.2317E-05   
3060   2.000E-03   1.4567E-05   4.3522E-05   1.4467E-05 / 4.3442E-05   
3070   2.000E-03   1.4487E-05   4.2781E-05   1.4453E-05 / 4.2750E-05   
3080   2.000E-03   1.4722E-05   4.5493E-05   1.4639E-05 / 4.5431E-05   
3090   2.000E-03   1.4085E-05   4.3214E-05   1.4035E-05 / 4.3171E-05   
3100   2.000E-03   1.8921E-05   4.5861E-05   1.8908E-05 / 4.5848E-05   
3110   2.000E-03   1.4042E-05   4.1647E-05   1.4002E-05 / 4.1608E-05   
3120   2.000E-03   1.3991E-05   3.9974E-05   1.3991E-05 / 3.9973E-05   
3130   2.000E-03   1.3835E-05   4.0963E-05   1.3793E-05 / 4.0925E-05   
3140   2.000E-03   1.3771E-05   4.1502E-05   1.3753E-05 / 4.1484E-05   
3150   2.000E-03   1.4556E-05   3.9036E-05   1.4417E-05 / 3.8930E-05   
3160   2.000E-03   1.6063E-05   4.0289E-05   1.6002E-05 / 4.0237E-05   
3170   2.000E-03   1.6568E-05   4.0733E-05   1.6564E-05 / 4.0731E-05   
3180   2.000E-03   1.4056E-05   4.3367E-05   1.4005E-05 / 4.3326E-05   
3190   2.000E-03   1.7245E-05   4.1086E-05   1.6963E-05 / 4.0884E-05   
3200   2.000E-03   1.6216E-05   4.2509E-05   1.6110E-05 / 4.2490E-05   
3210   2.000E-03   1.6321E-05   4.8309E-05   1.6251E-05 / 4.8255E-05   
3220   2.000E-03   1.3281E-05   3.8784E-05   1.3264E-05 / 3.8772E-05   
3230   2.000E-03   3.0139E-05   5.6548E-05   3.0104E-05 / 5.6533E-05   
3240   2.000E-03   1.4412E-05   3.9072E-05   1.4375E-05 / 3.9046E-05   
3250   2.000E-03   1.3016E-05   3.6872E-05   1.2995E-05 / 3.6857E-05   
3260   2.000E-03   1.3074E-05   3.8310E-05   1.3026E-05 / 3.8274E-05   
3270   2.000E-03   1.3151E-05   3.8926E-05   1.3143E-05 / 3.8925E-05   
3280   2.000E-03   1.2959E-05   3.7987E-05   1.2955E-05 / 3.7986E-05   
3290   2.000E-03   1.3737E-05   3.8374E-05   1.3716E-05 / 3.8374E-05   
3300   2.000E-03   1.2704E-05   3.7280E-05   1.2649E-05 / 3.7243E-05   
3310   2.000E-03   1.3138E-05   3.7707E-05   1.3037E-05 / 3.7635E-05   
3320   2.000E-03   1.3940E-05   3.8438E-05   1.3929E-05 / 3.8435E-05   
3330   2.000E-03   1.4621E-05   3.9434E-05   1.4499E-05 / 3.9417E-05   
3340   2.000E-03   1.3029E-05   3.9514E-05   1.2996E-05 / 3.9496E-05   
3350   2.000E-03   1.4028E-05   4.0525E-05   1.3989E-05 / 4.0505E-05   
3360   2.000E-03   1.3500E-05   4.0199E-05   1.3332E-05 / 4.0082E-05   
3370   2.000E-03   1.2821E-05   3.6428E-05   1.2795E-05 / 3.6419E-05   
3380   2.000E-03   1.3041E-05   3.8307E-05   1.2950E-05 / 3.8248E-05   
3390   2.000E-03   1.2809E-05   3.6271E-05   1.2785E-05 / 3.6263E-05   
3400   2.000E-03   1.3479E-05   3.9485E-05   1.3393E-05 / 3.9435E-05   
3410   2.000E-03   2.2939E-05   4.5475E-05   2.2925E-05 / 4.5474E-05   
3420   2.000E-03   1.2953E-05   3.5534E-05   1.2904E-05 / 3.5534E-05   
3430   2.000E-03   1.2766E-05   3.5290E-05   1.2764E-05 / 3.5290E-05   
3440   2.000E-03   1.2291E-05   3.5971E-05   1.2209E-05 / 3.5921E-05   
3450   2.000E-03   1.2251E-05   3.5521E-05   1.2244E-05 / 3.5521E-05   
3460   2.000E-03   1.2649E-05   3.6885E-05   1.2556E-05 / 3.6828E-05   
3470   2.000E-03   1.2164E-05   3.6511E-05   1.2096E-05 / 3.6473E-05   
3480   2.000E-03   1.3760E-05   3.6953E-05   1.3505E-05 / 3.6769E-05   
3490   2.000E-03   1.5745E-05   4.3262E-05   1.5380E-05 / 4.2954E-05   
3500   2.000E-03   1.2597E-05   3.8952E-05   1.2595E-05 / 3.8952E-05   
3510   2.000E-03   1.4007E-05   4.1250E-05   1.3961E-05 / 4.1230E-05   
3520   2.000E-03   1.2366E-05   3.7405E-05   1.2353E-05 / 3.7404E-05   
3530   2.000E-03   1.1616E-05   3.6010E-05   1.1585E-05 / 3.5998E-05   
3540   2.000E-03   1.1878E-05   3.5441E-05   1.1864E-05 / 3.5439E-05   
3550   2.000E-03   1.1793E-05   3.6442E-05   1.1762E-05 / 3.6432E-05   
3560   2.000E-03   1.5484E-05   4.0520E-05   1.5211E-05 / 4.0295E-05   
3570   2.000E-03   1.2212E-05   3.4901E-05   1.1921E-05 / 3.4665E-05   
3580   2.000E-03   1.1619E-05   3.4893E-05   1.1445E-05 / 3.4758E-05   
3590   2.000E-03   1.1515E-05   3.5636E-05   1.1456E-05 / 3.5603E-05   
3600   2.000E-03   1.1445E-05   3.4572E-05   1.1361E-05 / 3.4515E-05   
3610   2.000E-03   1.1971E-05   3.5713E-05   1.1939E-05 / 3.5699E-05   
3620   2.000E-03   1.1739E-05   3.4904E-05   1.1723E-05 / 3.4900E-05   
3630   2.000E-03   1.8798E-05   3.6420E-05   1.8798E-05 / 3.6420E-05   
3640   2.000E-03   1.1981E-05   3.4981E-05   1.1978E-05 / 3.4981E-05   
3650   2.000E-03   1.1398E-05   3.4858E-05   1.1204E-05 / 3.4701E-05   
3660   2.000E-03   1.1657E-05   3.8134E-05   1.1581E-05 / 3.8078E-05   
3670   2.000E-03   1.2941E-05   3.7295E-05   1.2936E-05 / 3.7295E-05   
3680   2.000E-03   1.1644E-05   3.7187E-05   1.1604E-05 / 3.7162E-05   
3690   2.000E-03   1.1534E-05   3.3974E-05   1.1500E-05 / 3.3954E-05   
3700   2.000E-03   1.4875E-05   3.7072E-05   1.4840E-05 / 3.7050E-05   
3710   2.000E-03   1.2556E-05   3.3024E-05   1.2547E-05 / 3.3020E-05   
3720   2.000E-03   1.3546E-05   3.9022E-05   1.3487E-05 / 3.8983E-05   
3730   2.000E-03   1.1738E-05   3.3966E-05   1.1602E-05 / 3.3848E-05   
3740   2.000E-03   1.1616E-05   3.7247E-05   1.1465E-05 / 3.7113E-05   
3750   2.000E-03   1.2391E-05   3.6157E-05   1.2386E-05 / 3.6155E-05   
3760   2.000E-03   1.1249E-05   3.6319E-05   1.1071E-05 / 3.6159E-05   
3770   2.000E-03   1.1136E-05   3.5732E-05   1.1077E-05 / 3.5684E-05   
3780   2.000E-03   1.1856E-05   3.5661E-05   1.1804E-05 / 3.5619E-05   
3790   2.000E-03   1.1554E-05   3.4035E-05   1.1022E-05 / 3.3555E-05   
3800   2.000E-03   1.5421E-05   3.9373E-05   1.5288E-05 / 3.9254E-05   
3810   2.000E-03   1.1134E-05   3.4954E-05   1.1032E-05 / 3.4864E-05   
3820   2.000E-03   1.7327E-05   3.7593E-05   1.7183E-05 / 3.7457E-05   
3830   2.000E-03   1.1131E-05   3.3939E-05   1.0930E-05 / 3.3759E-05   
3840   2.000E-03   1.1591E-05   3.4830E-05   1.1531E-05 / 3.4775E-05   
3850   2.000E-03   1.0854E-05   3.4701E-05   1.0487E-05 / 3.4372E-05   
3860   2.000E-03   1.0667E-05   3.4993E-05   1.0543E-05 / 3.4880E-05   
3870   2.000E-03   1.1636E-05   3.8240E-05   1.1627E-05 / 3.8232E-05   
3880   2.000E-03   1.1994E-05   3.2920E-05   1.1968E-05 / 3.2895E-05   
3890   2.000E-03   1.1482E-05   3.5238E-05   1.1352E-05 / 3.5117E-05   
3900   2.000E-03   1.1824E-05   3.5374E-05   1.1818E-05 / 3.5368E-05   
3910   2.000E-03   1.2135E-05   3.7715E-05   1.2014E-05 / 3.7604E-05   
3920   2.000E-03   3.9047E-05   4.9825E-05   3.8784E-05 / 4.9577E-05   
3930   2.000E-03   1.1053E-05   3.3303E-05   1.1053E-05 / 3.3303E-05   
3940   2.000E-03   1.1109E-05   3.4735E-05   1.1109E-05 / 3.4735E-05   
3950   2.000E-03   1.0367E-05   3.3327E-05   1.0288E-05 / 3.3246E-05   
3960   2.000E-03   1.0693E-05   3.5178E-05   1.0475E-05 / 3.4971E-05   
3970   2.000E-03   1.0796E-05   3.5293E-05   1.0763E-05 / 3.5258E-05   
3980   2.000E-03   1.3257E-05   3.3183E-05   1.3078E-05 / 3.3017E-05   
3990   2.000E-03   1.1039E-05   3.5066E-05   1.1038E-05 / 3.5066E-05   
4000   2.000E-03   1.0249E-05   3.4083E-05   1.0206E-05 / 3.4038E-05   
4010   2.000E-03   1.0199E-05   3.4119E-05   1.0124E-05 / 3.4040E-05   
4020   2.000E-03   1.0442E-05   3.6022E-05   1.0277E-05 / 3.5866E-05   
4030   2.000E-03   1.0403E-05   3.5436E-05   1.0388E-05 / 3.5417E-05   
4040   2.000E-03   1.0027E-05   3.4929E-05   9.9683E-06 / 3.4864E-05   
4050   2.000E-03   1.1112E-05   3.4390E-05   1.1111E-05 / 3.4388E-05   
4060   2.000E-03   2.0518E-05   4.6482E-05   2.0309E-05 / 4.6292E-05   
4070   2.000E-03   1.0776E-05   3.5217E-05   1.0708E-05 / 3.5141E-05   
4080   2.000E-03   1.0498E-05   3.3386E-05   1.0483E-05 / 3.3368E-05   
4090   2.000E-03   1.1986E-05   3.4320E-05   1.1973E-05 / 3.4300E-05   
4100   2.000E-03   1.0635E-05   3.3112E-05   1.0635E-05 / 3.3110E-05   
4110   2.000E-03   1.0459E-05   3.3729E-05   1.0229E-05 / 3.3515E-05   
4120   2.000E-03   1.0538E-05   3.5528E-05   9.8639E-06 / 3.4924E-05   
4130   2.000E-03   1.0931E-05   3.5356E-05   1.0931E-05 / 3.5356E-05   
4140   2.000E-03   4.7853E-05   5.0076E-05   4.7690E-05 / 4.9925E-05   
4150   2.000E-03   1.2138E-05   3.7931E-05   1.2104E-05 / 3.7888E-05   
4160   2.000E-03   9.9441E-06   3.2998E-05   9.7029E-06 / 3.2767E-05   
4170   2.000E-03   1.0050E-05   3.3673E-05   1.0036E-05 / 3.3653E-05   
4180   2.000E-03   1.0381E-05   3.2746E-05   1.0335E-05 / 3.2690E-05   
4190   2.000E-03   1.0636E-05   3.4937E-05   1.0573E-05 / 3.4863E-05   
4200   2.000E-03   1.0210E-05   3.4574E-05   1.0107E-05 / 3.4467E-05   
4210   2.000E-03   1.0447E-05   3.2735E-05   1.0421E-05 / 3.2699E-05   
4220   2.000E-03   1.0193E-05   3.5881E-05   1.0055E-05 / 3.5741E-05   
4230   2.000E-03   1.0668E-05   3.6414E-05   1.0666E-05 / 3.6406E-05   
4240   2.000E-03   1.0103E-05   3.4420E-05   9.9250E-06 / 3.4246E-05   
4250   2.000E-03   9.9458E-06   3.4995E-05   9.8045E-06 / 3.4854E-05   
4260   2.000E-03   1.2537E-05   3.4611E-05   1.2400E-05 / 3.4473E-05   
4270   2.000E-03   9.9345E-06   3.5020E-05   9.8166E-06 / 3.4899E-05   
4280   2.000E-03   1.1355E-05   3.5304E-05   1.1355E-05 / 3.5304E-05   
4290   2.000E-03   1.0362E-05   3.3928E-05   1.0022E-05 / 3.3616E-05   
4300   2.000E-03   2.3345E-05   4.7379E-05   2.3337E-05 / 4.7364E-05   
4310   2.000E-03   1.0146E-05   3.4348E-05   9.6888E-06 / 3.3937E-05   
4320   2.000E-03   1.0435E-05   3.2114E-05   1.0435E-05 / 3.2114E-05   
4330   2.000E-03   1.9835E-05   3.9435E-05   1.9821E-05 / 3.9413E-05   
4340   2.000E-03   9.5064E-06   3.1691E-05   9.4021E-06 / 3.1581E-05   
4350   2.000E-03   9.4853E-06   3.1935E-05   9.3493E-06 / 3.1800E-05   
4360   2.000E-03   9.7364E-06   3.2666E-05   9.3454E-06 / 3.2312E-05   
4370   2.000E-03   9.3870E-06   3.2638E-05   9.2290E-06 / 3.2482E-05   
4380   2.000E-03   9.4806E-06   3.4113E-05   9.3252E-06 / 3.3958E-05   
4390   2.000E-03   9.3195E-06   3.3972E-05   9.1609E-06 / 3.3819E-05   
4400   2.000E-03   9.4769E-06   3.4611E-05   9.4508E-06 / 3.4576E-05   
4410   2.000E-03   1.1432E-05   3.4208E-05   1.1429E-05 / 3.4202E-05   
4420   2.000E-03   1.8913E-05   4.1238E-05   1.8741E-05 / 4.1163E-05   
4430   2.000E-03   9.5639E-06   3.3492E-05   9.5056E-06 / 3.3425E-05   
4440   2.000E-03   1.0086E-05   3.2160E-05   9.9971E-06 / 3.2065E-05   
4450   2.000E-03   9.5545E-06   3.4028E-05   9.5422E-06 / 3.4011E-05   
4460   2.000E-03   9.4186E-06   3.2465E-05   9.3869E-06 / 3.2426E-05   
4470   2.000E-03   1.0046E-05   3.6063E-05   9.5757E-06 / 3.5649E-05   
4480   2.000E-03   9.6738E-06   3.2263E-05   9.5775E-06 / 3.2164E-05   
4490   2.000E-03   1.0143E-05   3.4076E-05   1.0085E-05 / 3.4013E-05   
4500   2.000E-03   1.0120E-05   3.4949E-05   9.6070E-06 / 3.4500E-05   
4510   2.000E-03   9.3658E-06   3.2198E-05   9.3602E-06 / 3.2190E-05   
4520   2.000E-03   1.1976E-05   3.1249E-05   1.1779E-05 / 3.1062E-05   
4530   2.000E-03   1.4538E-05   3.8588E-05   1.4537E-05 / 3.8586E-05   
4540   2.000E-03   1.0838E-05   3.4854E-05   1.0826E-05 / 3.4838E-05   
4550   2.000E-03   9.8056E-06   3.3421E-05   9.7260E-06 / 3.3338E-05   
4560   2.000E-03   9.2942E-06   3.2024E-05   9.2465E-06 / 3.1971E-05   
4570   2.000E-03   9.4987E-06   3.2751E-05   9.4140E-06 / 3.2664E-05   
4580   2.000E-03   1.1377E-05   3.3845E-05   1.1200E-05 / 3.3678E-05   
4590   2.000E-03   1.1132E-05   3.0069E-05   1.1105E-05 / 3.0053E-05   
4600   2.000E-03   9.1270E-06   3.1353E-05   9.0934E-06 / 3.1315E-05   
4610   2.000E-03   9.4429E-06   2.9823E-05   9.2686E-06 / 2.9659E-05   
4620   2.000E-03   9.2147E-06   3.1181E-05   9.0412E-06 / 3.1051E-05   
4630   2.000E-03   9.4744E-06   3.2698E-05   9.4739E-06 / 3.2697E-05   
4640   2.000E-03   1.1435E-05   2.9985E-05   1.1355E-05 / 2.9904E-05   
4650   2.000E-03   1.0584E-05   3.3747E-05   1.0482E-05 / 3.3652E-05   
4660   2.000E-03   9.6427E-06   3.3379E-05   9.6050E-06 / 3.3343E-05   
4670   2.000E-03   9.6620E-06   3.4167E-05   9.2777E-06 / 3.3831E-05   
4680   2.000E-03   1.6041E-05   3.8152E-05   1.5837E-05 / 3.7966E-05   
4690   2.000E-03   8.9771E-06   3.1843E-05   8.9103E-06 / 3.1777E-05   
4700   2.000E-03   9.1392E-06   3.2316E-05   9.0147E-06 / 3.2201E-05   
4710   2.000E-03   1.1322E-05   3.0812E-05   1.0854E-05 / 3.0407E-05   
4720   2.000E-03   9.5833E-06   3.2171E-05   9.4633E-06 / 3.2060E-05   
4730   2.000E-03   9.0666E-06   3.3274E-05   9.0429E-06 / 3.3250E-05   
4740   2.000E-03   9.9196E-06   3.2555E-05   9.8958E-06 / 3.2532E-05   
4750   2.000E-03   9.1268E-06   3.2084E-05   8.9545E-06 / 3.1930E-05   
4760   2.000E-03   9.1948E-06   3.0468E-05   9.1671E-06 / 3.0441E-05   
4770   2.000E-03   1.2841E-05   3.3796E-05   1.2813E-05 / 3.3768E-05   
4780   2.000E-03   1.1830E-05   3.4915E-05   1.1791E-05 / 3.4879E-05   
4790   2.000E-03   8.8725E-06   3.0291E-05   8.7828E-06 / 3.0206E-05   
4800   2.000E-03   8.8489E-06   3.0418E-05   8.8422E-06 / 3.0412E-05   
4810   2.000E-03   9.1849E-06   3.1130E-05   9.1283E-06 / 3.1087E-05   
4820   2.000E-03   9.0957E-06   3.0886E-05   8.8543E-06 / 3.0670E-05   
4830   2.000E-03   9.3125E-06   3.2396E-05   9.3111E-06 / 3.2395E-05   
4840   2.000E-03   1.0467E-05   3.0987E-05   1.0238E-05 / 3.0781E-05   
4850   2.000E-03   1.1406E-05   3.2598E-05   1.1256E-05 / 3.2462E-05   
4860   2.000E-03   9.4110E-06   3.2069E-05   9.3947E-06 / 3.2056E-05   
4870   2.000E-03   9.3199E-06   3.1504E-05   9.2829E-06 / 3.1471E-05   
4880   2.000E-03   1.4957E-05   3.1925E-05   1.4688E-05 / 3.1688E-05   
4890   2.000E-03   1.0008E-05   3.3263E-05   9.8522E-06 / 3.3152E-05   
4900   2.000E-03   8.5912E-06   3.0402E-05   8.4037E-06 / 3.0234E-05   
4910   2.000E-03   8.5774E-06   3.0492E-05   8.3978E-06 / 3.0331E-05   
4920   2.000E-03   1.1739E-05   2.7240E-05   1.1715E-05 / 2.7222E-05   
4930   2.000E-03   8.6625E-06   2.9021E-05   8.6205E-06 / 2.8985E-05   
4940   2.000E-03   8.6316E-06   3.0552E-05   8.5829E-06 / 3.0510E-05   
4950   2.000E-03   9.2146E-06   2.9978E-05   9.2126E-06 / 2.9977E-05   
4960   2.000E-03   9.6626E-06   3.0196E-05   9.6318E-06 / 3.0171E-05   
4970   2.000E-03   9.1358E-06   3.1795E-05   8.8455E-06 / 3.1541E-05   
4980   2.000E-03   9.3768E-06   2.9879E-05   9.3558E-06 / 2.9864E-05   
4990   2.000E-03   9.7366E-06   3.2356E-05   9.5975E-06 / 3.2235E-05   
5000   2.000E-03   8.5248E-06   3.0199E-05   8.4962E-06 / 3.0178E-05   
===============================================================================================================
Saved model to models/kan_8/kanTBNN-24Oct18_04:08:36.pickle
