========== Dataset info ==========
Dataset params: {'file': '/home/nikki/kan/data/turbulence_dataset_clean.csv', 'Cases': ['fp_1000', 'fp_1410', 'fp_2000', 'fp_2540', 'fp_3030', 'fp_3270', 'fp_3630', 'fp_3970', 'fp_4060'], 'val_set': ['fp_3030', 'fp_1410', 'fp_4060'], 'test_set': ['fp_3630'], 'data_loader': <class 'tbnn.dataloaders.aDataset'>}
Train/Valid/Test points: 760 / 468 / 168
Memorization?: False
Cluster training?: False
EPOCH     LR        TRAIN         VALID             MSE:T/V                  RL:T/V             %NR_t/%NR_v
===============================================================================================================
  1   3.624E-03   1.6658E-01   1.6286E-01   1.6658E-01 / 1.6286E-01   
 10   3.624E-03   1.0034E-02   9.4399E-03   1.0034E-02 / 9.4399E-03   
 20   3.624E-03   5.2996E-03   5.1334E-03   5.2996E-03 / 5.1334E-03   
 30   3.624E-03   3.9438E-03   3.8432E-03   3.9426E-03 / 3.8419E-03   
 40   3.624E-03   3.1678E-03   3.0922E-03   3.1654E-03 / 3.0897E-03   
 50   3.624E-03   2.6616E-03   2.5998E-03   2.6590E-03 / 2.5974E-03   
 60   3.624E-03   2.2903E-03   2.2269E-03   2.2860E-03 / 2.2236E-03   
 70   3.624E-03   2.0070E-03   1.9477E-03   2.0025E-03 / 1.9442E-03   
 80   3.624E-03   1.7795E-03   1.7280E-03   1.7747E-03 / 1.7242E-03   
 90   3.624E-03   1.6012E-03   1.5587E-03   1.5982E-03 / 1.5561E-03   
100   3.624E-03   1.4601E-03   1.4207E-03   1.4581E-03 / 1.4190E-03   
110   3.624E-03   1.3486E-03   1.3102E-03   1.3469E-03 / 1.3087E-03   
120   3.624E-03   1.2604E-03   1.2360E-03   1.2594E-03 / 1.2351E-03   
130   3.624E-03   1.1774E-03   1.1486E-03   1.1763E-03 / 1.1475E-03   
140   3.624E-03   1.1091E-03   1.0863E-03   1.1086E-03 / 1.0859E-03   
150   3.624E-03   1.0434E-03   1.0201E-03   1.0430E-03 / 1.0198E-03   
160   3.624E-03   9.8625E-04   9.7249E-04   9.8547E-04 / 9.7177E-04   
170   3.624E-03   9.3923E-04   9.2305E-04   9.3842E-04 / 9.2225E-04   
180   3.624E-03   8.9099E-04   8.8111E-04   8.9037E-04 / 8.8043E-04   
190   3.624E-03   8.4187E-04   8.2656E-04   8.4156E-04 / 8.2627E-04   
200   3.624E-03   8.2028E-04   8.0987E-04   8.1986E-04 / 8.0948E-04   
210   3.624E-03   7.5143E-04   7.4620E-04   7.5088E-04 / 7.4575E-04   
220   3.624E-03   7.1458E-04   7.1233E-04   7.1386E-04 / 7.1177E-04   
230   3.624E-03   6.7819E-04   6.7701E-04   6.7799E-04 / 6.7683E-04   
240   3.624E-03   6.7493E-04   6.6455E-04   6.7485E-04 / 6.6449E-04   
250   3.624E-03   6.2004E-04   6.1975E-04   6.1978E-04 / 6.1948E-04   
260   3.624E-03   6.0113E-04   5.9068E-04   6.0103E-04 / 5.9060E-04   
270   3.624E-03   5.9112E-04   6.0425E-04   5.9101E-04 / 6.0416E-04   
280   3.624E-03   5.5495E-04   5.5883E-04   5.5482E-04 / 5.5874E-04   
290   3.624E-03   5.1631E-04   5.1893E-04   5.1612E-04 / 5.1878E-04   
300   3.624E-03   4.8711E-04   4.9574E-04   4.8677E-04 / 4.9547E-04   
310   3.624E-03   4.8952E-04   4.9030E-04   4.8923E-04 / 4.9011E-04   
320   3.624E-03   4.4272E-04   4.5050E-04   4.4228E-04 / 4.5020E-04   
330   3.624E-03   5.6916E-04   6.2531E-04   5.6864E-04 / 6.2495E-04   
340   3.624E-03   4.5820E-04   4.6039E-04   4.5806E-04 / 4.6030E-04   
350   3.624E-03   3.8881E-04   3.9953E-04   3.8858E-04 / 3.9932E-04   
360   3.624E-03   4.4576E-04   4.6812E-04   4.4565E-04 / 4.6807E-04   
370   3.624E-03   3.5764E-04   3.7412E-04   3.5750E-04 / 3.7405E-04   
380   3.624E-03   3.4623E-04   3.5841E-04   3.4611E-04 / 3.5836E-04   
390   3.624E-03   3.4429E-04   3.8153E-04   3.4423E-04 / 3.8150E-04   
400   3.624E-03   3.1290E-04   3.3210E-04   3.1281E-04 / 3.3203E-04   
410   3.624E-03   3.0892E-04   3.2316E-04   3.0865E-04 / 3.2301E-04   
420   3.624E-03   2.9275E-04   3.0334E-04   2.9259E-04 / 3.0319E-04   
430   3.624E-03   3.3701E-04   3.2899E-04   3.3676E-04 / 3.2869E-04   
440   3.624E-03   2.7490E-04   2.8973E-04   2.7488E-04 / 2.8971E-04   
450   3.624E-03   2.8484E-04   3.1327E-04   2.8466E-04 / 3.1309E-04   
460   3.624E-03   2.9354E-04   3.0084E-04   2.9326E-04 / 3.0062E-04   
470   3.624E-03   2.6123E-04   2.9155E-04   2.6106E-04 / 2.9149E-04   
480   3.624E-03   2.3848E-04   2.5662E-04   2.3846E-04 / 2.5661E-04   
490   3.624E-03   2.5609E-04   2.8144E-04   2.5533E-04 / 2.8088E-04   
500   3.624E-03   2.4828E-04   2.8110E-04   2.4760E-04 / 2.8056E-04   
510   3.624E-03   2.3167E-04   2.3165E-04   2.3167E-04 / 2.3165E-04   
520   3.624E-03   2.1347E-04   2.3042E-04   2.1339E-04 / 2.3040E-04   
530   3.624E-03   2.0938E-04   2.4003E-04   2.0919E-04 / 2.3978E-04   
540   3.624E-03   2.4760E-04   2.7403E-04   2.4747E-04 / 2.7386E-04   
550   3.624E-03   1.9759E-04   2.2409E-04   1.9738E-04 / 2.2389E-04   
560   3.624E-03   1.9132E-04   2.0551E-04   1.9099E-04 / 2.0515E-04   
570   3.624E-03   1.9848E-04   2.1554E-04   1.9828E-04 / 2.1534E-04   
580   3.624E-03   1.7937E-04   1.9630E-04   1.7933E-04 / 1.9625E-04   
590   3.624E-03   1.7670E-04   2.0275E-04   1.7639E-04 / 2.0256E-04   
600   3.624E-03   2.5505E-04   2.5567E-04   2.5418E-04 / 2.5500E-04   
610   3.624E-03   1.7271E-04   1.8558E-04   1.7227E-04 / 1.8545E-04   
620   3.624E-03   1.5904E-04   1.8001E-04   1.5852E-04 / 1.7957E-04   
630   3.624E-03   1.5661E-04   1.7144E-04   1.5640E-04 / 1.7123E-04   
640   3.624E-03   1.5416E-04   1.7395E-04   1.5407E-04 / 1.7385E-04   
650   3.624E-03   1.5463E-04   1.7095E-04   1.5337E-04 / 1.6975E-04   
660   3.624E-03   3.0529E-04   3.6894E-04   3.0401E-04 / 3.6750E-04   
670   3.624E-03   1.5008E-04   1.6609E-04   1.4981E-04 / 1.6574E-04   
680   3.624E-03   1.4592E-04   1.7165E-04   1.4592E-04 / 1.7165E-04   
690   3.624E-03   1.5497E-04   1.6258E-04   1.5317E-04 / 1.6064E-04   
700   3.624E-03   1.4774E-04   1.7971E-04   1.4612E-04 / 1.7799E-04   
710   3.624E-03   1.3550E-04   1.6214E-04   1.3488E-04 / 1.6149E-04   
720   3.624E-03   1.3146E-04   1.5365E-04   1.3138E-04 / 1.5364E-04   
730   3.624E-03   1.6394E-04   1.6667E-04   1.6392E-04 / 1.6667E-04   
740   3.624E-03   1.3371E-04   1.4753E-04   1.3332E-04 / 1.4717E-04   
750   3.624E-03   4.8669E-04   5.5895E-04   4.8575E-04 / 5.5818E-04   
760   3.624E-03   1.2672E-04   1.4931E-04   1.2670E-04 / 1.4931E-04   
770   3.624E-03   1.2263E-04   1.3905E-04   1.2249E-04 / 1.3897E-04   
780   3.624E-03   1.2167E-04   1.4097E-04   1.2092E-04 / 1.4038E-04   
790   3.624E-03   1.1765E-04   1.3793E-04   1.1620E-04 / 1.3669E-04   
800   3.624E-03   1.1457E-04   1.3126E-04   1.1378E-04 / 1.3061E-04   
810   3.624E-03   1.1147E-04   1.3126E-04   1.1095E-04 / 1.3084E-04   
820   3.624E-03   1.1306E-04   1.3359E-04   1.1305E-04 / 1.3359E-04   
830   3.624E-03   1.1223E-04   1.2907E-04   1.1130E-04 / 1.2825E-04   
840   3.624E-03   1.1244E-04   1.2778E-04   1.1199E-04 / 1.2735E-04   
850   3.624E-03   1.0664E-04   1.2737E-04   1.0652E-04 / 1.2725E-04   
860   3.624E-03   1.3111E-04   1.3087E-04   1.3083E-04 / 1.3058E-04   
870   3.624E-03   1.0287E-04   1.2240E-04   1.0138E-04 / 1.2094E-04   
880   3.624E-03   1.1265E-04   1.3584E-04   1.1213E-04 / 1.3526E-04   
890   3.624E-03   9.6691E-05   1.1465E-04   9.6630E-05 / 1.1460E-04   
900   3.624E-03   9.6185E-05   1.1584E-04   9.5503E-05 / 1.1508E-04   
910   3.624E-03   9.5027E-05   1.1141E-04   9.4811E-05 / 1.1120E-04   
920   3.624E-03   9.3204E-05   1.1007E-04   9.3139E-05 / 1.0999E-04   
930   3.624E-03   9.4949E-05   1.1399E-04   9.3419E-05 / 1.1246E-04   
940   3.624E-03   9.7110E-05   1.0973E-04   9.6812E-05 / 1.0951E-04   
950   3.624E-03   1.5167E-04   1.7424E-04   1.4987E-04 / 1.7245E-04   
960   3.624E-03   8.9823E-05   1.1343E-04   8.9228E-05 / 1.1290E-04   
970   3.624E-03   8.9819E-05   1.1296E-04   8.8834E-05 / 1.1203E-04   
980   3.624E-03   8.9393E-05   1.0729E-04   8.9317E-05 / 1.0725E-04   
990   3.624E-03   9.3857E-05   1.0680E-04   9.3390E-05 / 1.0642E-04   
1000   3.624E-03   8.5487E-05   1.0513E-04   8.5148E-05 / 1.0494E-04   
1010   3.624E-03   9.4967E-05   1.0777E-04   9.4526E-05 / 1.0742E-04   
1020   3.624E-03   2.0533E-04   2.5705E-04   2.0533E-04 / 2.5705E-04   
1030   3.624E-03   7.9034E-05   9.9394E-05   7.8252E-05 / 9.8689E-05   
1040   3.624E-03   8.6739E-05   1.1294E-04   8.6653E-05 / 1.1290E-04   
1050   3.624E-03   9.2655E-05   1.0731E-04   9.2655E-05 / 1.0731E-04   
1060   3.624E-03   8.3085E-05   1.0003E-04   8.2976E-05 / 9.9945E-05   
1070   3.624E-03   7.8885E-05   9.5170E-05   7.8855E-05 / 9.5145E-05   
1080   3.624E-03   7.8439E-05   1.0033E-04   7.8408E-05 / 1.0033E-04   
1090   3.624E-03   7.5214E-05   8.7524E-05   7.4119E-05 / 8.6470E-05   
1100   3.624E-03   7.5931E-05   8.7757E-05   7.4004E-05 / 8.5884E-05   
1110   3.624E-03   1.2240E-04   1.2760E-04   1.2226E-04 / 1.2752E-04   
1120   3.624E-03   8.8833E-05   9.6691E-05   8.8833E-05 / 9.6691E-05   
1130   3.624E-03   8.5974E-05   9.4011E-05   8.5835E-05 / 9.3836E-05   
1140   3.624E-03   7.1481E-05   9.3716E-05   7.1057E-05 / 9.3256E-05   
1150   3.624E-03   6.8022E-05   8.4135E-05   6.7290E-05 / 8.3382E-05   
1160   3.624E-03   1.0534E-04   1.3638E-04   1.0533E-04 / 1.3636E-04   
1170   3.624E-03   9.4341E-05   1.1455E-04   9.4127E-05 / 1.1433E-04   
1180   3.624E-03   6.7121E-05   8.3634E-05   6.6913E-05 / 8.3386E-05   
1190   3.624E-03   6.5883E-05   8.4655E-05   6.5557E-05 / 8.4289E-05   
1200   3.624E-03   7.5066E-05   8.5849E-05   7.4279E-05 / 8.5049E-05   
1210   3.624E-03   6.4517E-05   8.6429E-05   6.4516E-05 / 8.6428E-05   
1220   3.624E-03   6.6650E-05   8.8246E-05   6.6599E-05 / 8.8205E-05   
1230   3.624E-03   7.5691E-05   9.6017E-05   7.5691E-05 / 9.6017E-05   
1240   3.624E-03   6.7778E-05   7.9199E-05   6.7752E-05 / 7.9174E-05   
1250   3.624E-03   1.3616E-04   1.4063E-04   1.3562E-04 / 1.4011E-04   
1260   3.624E-03   6.8945E-05   7.9857E-05   6.8714E-05 / 7.9635E-05   
1270   3.624E-03   6.1268E-05   7.9352E-05   6.1044E-05 / 7.9147E-05   
1280   3.624E-03   6.4544E-05   7.5470E-05   6.4219E-05 / 7.5188E-05   
1290   3.624E-03   6.1335E-05   8.2531E-05   5.9027E-05 / 8.0238E-05   
1300   3.624E-03   6.9454E-05   8.0956E-05   6.8535E-05 / 8.0069E-05   
1310   3.624E-03   1.4425E-04   1.4258E-04   1.4424E-04 / 1.4257E-04   
1320   3.624E-03   6.1251E-05   7.4489E-05   6.0611E-05 / 7.3889E-05   
1330   3.624E-03   5.6496E-05   7.6620E-05   5.6271E-05 / 7.6456E-05   
1340   3.624E-03   5.9824E-05   7.4207E-05   5.7909E-05 / 7.2292E-05   
1350   3.624E-03   5.5252E-05   7.2060E-05   5.4834E-05 / 7.1694E-05   
1360   3.624E-03   6.3617E-05   8.6713E-05   6.3614E-05 / 8.6713E-05   
1370   3.624E-03   5.7573E-05   7.8132E-05   5.7560E-05 / 7.8132E-05   
1380   3.624E-03   5.5448E-05   7.3958E-05   5.5448E-05 / 7.3958E-05   
1390   3.624E-03   5.6064E-05   6.9968E-05   5.6064E-05 / 6.9968E-05   
1400   3.624E-03   7.3219E-05   7.7705E-05   7.3163E-05 / 7.7703E-05   
1410   3.624E-03   6.2381E-05   7.5217E-05   6.1692E-05 / 7.4562E-05   
1420   3.624E-03   6.4777E-05   7.1424E-05   6.4592E-05 / 7.1280E-05   
1430   3.624E-03   5.2233E-05   6.7215E-05   5.1969E-05 / 6.6990E-05   
1440   3.624E-03   5.5752E-05   6.6609E-05   5.4262E-05 / 6.5115E-05   
1450   3.624E-03   5.0491E-05   6.8708E-05   5.0287E-05 / 6.8531E-05   
1460   3.624E-03   5.1150E-05   6.6220E-05   5.1150E-05 / 6.6220E-05   
1470   3.624E-03   5.3541E-05   7.3879E-05   5.3396E-05 / 7.3743E-05   
1480   3.624E-03   1.0792E-04   1.4090E-04   1.0627E-04 / 1.3925E-04   
1490   3.624E-03   5.1848E-05   7.1848E-05   5.0371E-05 / 7.0382E-05   
1500   3.624E-03   6.0349E-05   7.5568E-05   6.0300E-05 / 7.5511E-05   
1510   3.624E-03   1.0734E-04   1.0661E-04   1.0640E-04 / 1.0569E-04   
1520   3.624E-03   4.9106E-05   6.3898E-05   4.9084E-05 / 6.3870E-05   
1530   3.624E-03   4.8437E-05   6.4336E-05   4.8430E-05 / 6.4336E-05   
1540   3.624E-03   7.1394E-05   8.2465E-05   7.1388E-05 / 8.2465E-05   
1550   3.624E-03   5.6488E-05   7.4437E-05   5.6385E-05 / 7.4317E-05   
1560   3.624E-03   5.7715E-05   6.3533E-05   5.7714E-05 / 6.3530E-05   
1570   3.624E-03   5.0637E-05   6.3165E-05   5.0249E-05 / 6.2760E-05   
1580   3.624E-03   1.3469E-04   1.5578E-04   1.3249E-04 / 1.5365E-04   
1590   3.624E-03   5.1628E-05   6.4425E-05   5.1042E-05 / 6.3839E-05   
1600   3.624E-03   4.5839E-05   6.2388E-05   4.5827E-05 / 6.2365E-05   
1610   3.624E-03   4.5707E-05   6.1208E-05   4.4634E-05 / 6.0179E-05   
1620   3.624E-03   4.7143E-05   6.2138E-05   4.7142E-05 / 6.2138E-05   
1630   3.624E-03   4.5706E-05   6.0551E-05   4.5016E-05 / 5.9871E-05   
1640   3.624E-03   8.7985E-05   9.8904E-05   8.7899E-05 / 9.8792E-05   
1650   3.624E-03   4.3965E-05   5.8949E-05   4.3957E-05 / 5.8934E-05   
1660   3.624E-03   4.3740E-05   6.1163E-05   4.3652E-05 / 6.1053E-05   
1670   3.624E-03   4.3125E-05   6.0941E-05   4.3001E-05 / 6.0793E-05   
1680   3.624E-03   4.3840E-05   6.1963E-05   4.3680E-05 / 6.1780E-05   
1690   3.624E-03   6.1376E-05   7.4070E-05   5.6189E-05 / 6.9052E-05   
1700   3.624E-03   5.8951E-05   7.1371E-05   5.8949E-05 / 7.1371E-05   
1710   3.624E-03   4.8629E-05   6.5996E-05   4.7670E-05 / 6.5085E-05   
1720   3.624E-03   5.1067E-05   6.6337E-05   5.1064E-05 / 6.6337E-05   
1730   3.624E-03   4.8158E-05   6.3739E-05   4.7910E-05 / 6.3496E-05   
1740   3.624E-03   4.4494E-05   5.8794E-05   4.4491E-05 / 5.8792E-05   
1750   3.624E-03   3.6217E-04   3.9157E-04   3.6209E-04 / 3.9157E-04   
1760   3.624E-03   4.2425E-05   5.6330E-05   4.1313E-05 / 5.5273E-05   
1770   3.624E-03   4.0698E-05   5.6046E-05   4.0558E-05 / 5.5912E-05   
1780   3.624E-03   4.2403E-05   5.8700E-05   3.9801E-05 / 5.6193E-05   
1790   3.624E-03   4.0963E-05   5.4307E-05   4.0887E-05 / 5.4244E-05   
1800   3.624E-03   4.0812E-05   5.5046E-05   4.0812E-05 / 5.5046E-05   
1810   3.624E-03   3.9022E-05   5.4189E-05   3.8795E-05 / 5.3993E-05   
1820   3.624E-03   4.0698E-05   5.7870E-05   4.0291E-05 / 5.7491E-05   
1830   3.624E-03   3.9374E-05   5.5134E-05   3.7965E-05 / 5.3726E-05   
1840   3.624E-03   3.8538E-05   5.4248E-05   3.8467E-05 / 5.4208E-05   
1850   3.624E-03   3.9648E-05   5.5762E-05   3.9518E-05 / 5.5669E-05   
1860   3.624E-03   4.0889E-05   5.9820E-05   3.9049E-05 / 5.7956E-05   
1870   3.624E-03   3.9506E-05   5.8058E-05   3.9357E-05 / 5.7948E-05   
1880   3.624E-03   4.2772E-05   6.0501E-05   4.2769E-05 / 6.0497E-05   
1890   3.624E-03   3.8100E-05   5.4381E-05   3.7925E-05 / 5.4242E-05   
1900   3.624E-03   4.3635E-05   6.2090E-05   4.3255E-05 / 6.1745E-05   
1910   3.624E-03   4.0154E-05   5.9955E-05   3.9810E-05 / 5.9644E-05   
1920   3.624E-03   4.2645E-05   5.8379E-05   4.2602E-05 / 5.8350E-05   
1930   3.624E-03   4.3591E-05   5.3564E-05   4.3088E-05 / 5.3080E-05   
1940   3.624E-03   4.3134E-05   5.7947E-05   4.2991E-05 / 5.7835E-05   
1950   3.624E-03   3.9332E-05   5.0510E-05   3.9240E-05 / 5.0440E-05   
1960   3.624E-03   4.7655E-05   6.2586E-05   4.7528E-05 / 6.2483E-05   
1970   3.624E-03   3.7513E-05   4.8596E-05   3.7509E-05 / 4.8594E-05   
1980   3.624E-03   4.9771E-05   6.1886E-05   4.9760E-05 / 6.1874E-05   
1990   3.624E-03   3.5546E-05   5.2614E-05   3.4291E-05 / 5.1376E-05   
2000   3.624E-03   3.4439E-05   4.9280E-05   3.4138E-05 / 4.9001E-05   
2010   3.624E-03   4.1726E-05   5.6637E-05   4.1725E-05 / 5.6637E-05   
2020   3.624E-03   4.0256E-05   5.1429E-05   3.8679E-05 / 4.9909E-05   
2030   3.624E-03   4.0719E-05   5.4619E-05   4.0712E-05 / 5.4608E-05   
2040   3.624E-03   3.5478E-05   5.1552E-05   3.3214E-05 / 4.9392E-05   
2050   3.624E-03   3.6565E-05   5.2738E-05   3.6465E-05 / 5.2617E-05   
2060   3.624E-03   3.4320E-05   5.0966E-05   3.4074E-05 / 5.0705E-05   
2070   3.624E-03   4.8996E-05   5.8556E-05   4.8981E-05 / 5.8547E-05   
2080   3.624E-03   3.3441E-05   4.7717E-05   3.3315E-05 / 4.7567E-05   
2090   3.624E-03   3.6537E-05   5.0517E-05   3.5653E-05 / 4.9695E-05   
2100   3.624E-03   6.9416E-05   7.8958E-05   6.9383E-05 / 7.8905E-05   
2110   3.624E-03   5.3574E-05   5.7497E-05   5.3441E-05 / 5.7335E-05   
2120   3.624E-03   3.2520E-05   4.7326E-05   3.2479E-05 / 4.7274E-05   
2130   3.624E-03   3.4662E-05   4.8124E-05   3.4542E-05 / 4.7979E-05   
2140   3.624E-03   3.5565E-05   5.3527E-05   3.5565E-05 / 5.3527E-05   
2150   3.624E-03   3.3656E-05   5.1342E-05   3.3642E-05 / 5.1335E-05   
2160   3.624E-03   3.1613E-05   4.6943E-05   3.1128E-05 / 4.6474E-05   
2170   3.624E-03   3.2447E-05   4.8510E-05   3.1872E-05 / 4.7940E-05   
2180   3.624E-03   8.4694E-05   9.0379E-05   8.4603E-05 / 9.0304E-05   
2190   3.624E-03   3.1209E-05   4.6933E-05   3.1113E-05 / 4.6824E-05   
2200   3.624E-03   3.0425E-05   4.7054E-05   2.9942E-05 / 4.6569E-05   
2210   3.624E-03   3.5943E-05   5.0177E-05   3.5928E-05 / 5.0170E-05   
2220   3.624E-03   3.1596E-05   4.5881E-05   3.1590E-05 / 4.5879E-05   
2230   3.624E-03   3.3700E-05   5.1980E-05   3.3694E-05 / 5.1978E-05   
2240   3.624E-03   6.2323E-05   8.7726E-05   6.2316E-05 / 8.7724E-05   
2250   3.624E-03   3.5414E-05   5.1985E-05   3.5391E-05 / 5.1973E-05   
2260   3.624E-03   3.3235E-05   5.3737E-05   3.3219E-05 / 5.3724E-05   
2270   3.624E-03   3.0924E-05   4.6129E-05   3.0877E-05 / 4.6099E-05   
2280   3.624E-03   3.2899E-05   5.2976E-05   3.2887E-05 / 5.2972E-05   
2290   3.624E-03   3.0437E-05   4.6357E-05   3.0386E-05 / 4.6329E-05   
2300   3.624E-03   3.0476E-05   4.5096E-05   3.0187E-05 / 4.4795E-05   
2310   3.624E-03   3.3933E-05   5.0034E-05   3.3529E-05 / 4.9638E-05   
2320   3.624E-03   4.1726E-05   4.8236E-05   4.1725E-05 / 4.8236E-05   
2330   3.624E-03   4.8525E-05   5.5912E-05   4.8292E-05 / 5.5707E-05   
2340   3.624E-03   4.0446E-05   5.6901E-05   4.0168E-05 / 5.6618E-05   
2350   3.624E-03   3.6371E-05   5.3969E-05   3.6362E-05 / 5.3967E-05   
2360   3.624E-03   2.9811E-05   4.7966E-05   2.9167E-05 / 4.7315E-05   
2370   3.624E-03   4.2943E-05   5.6226E-05   4.2929E-05 / 5.6222E-05   
2380   3.624E-03   3.3616E-05   5.0102E-05   3.3285E-05 / 4.9769E-05   
2390   3.624E-03   3.1181E-05   5.2407E-05   3.0406E-05 / 5.1631E-05   
2400   3.624E-03   3.4058E-05   4.8861E-05   3.4058E-05 / 4.8861E-05   
2410   3.624E-03   7.5959E-05   8.4449E-05   7.5635E-05 / 8.4147E-05   
2420   3.624E-03   4.8212E-05   7.2069E-05   4.7487E-05 / 7.1348E-05   
2430   3.624E-03   3.0141E-05   4.6121E-05   3.0136E-05 / 4.6120E-05   
2440   3.624E-03   3.1168E-05   5.1177E-05   2.9618E-05 / 4.9627E-05   
2450   3.624E-03   2.7989E-05   4.4513E-05   2.7127E-05 / 4.3661E-05   
2460   3.624E-03   2.8106E-05   4.4470E-05   2.7753E-05 / 4.4111E-05   
2470   3.624E-03   2.7953E-05   4.5663E-05   2.7931E-05 / 4.5653E-05   
2480   3.624E-03   2.7138E-05   4.4871E-05   2.7077E-05 / 4.4828E-05   
2490   3.624E-03   2.7464E-05   4.4140E-05   2.7335E-05 / 4.4038E-05   
2500   3.624E-03   6.0929E-05   8.6559E-05   6.0828E-05 / 8.6487E-05   
2510   3.624E-03   3.7433E-05   4.7354E-05   3.7379E-05 / 4.7328E-05   
2520   3.624E-03   2.9492E-05   4.7221E-05   2.7045E-05 / 4.4737E-05   
2530   3.624E-03   3.4629E-05   5.2235E-05   3.4625E-05 / 5.2234E-05   
2540   3.624E-03   3.6094E-05   5.9814E-05   3.3102E-05 / 5.6779E-05   
2550   3.624E-03   2.7256E-05   4.3940E-05   2.7252E-05 / 4.3939E-05   
2560   3.624E-03   2.8121E-05   4.5591E-05   2.8021E-05 / 4.5523E-05   
2570   3.624E-03   2.6578E-05   4.5185E-05   2.6259E-05 / 4.4886E-05   
2580   3.624E-03   3.2211E-05   5.6165E-05   3.0429E-05 / 5.4323E-05   
2590   3.624E-03   2.8562E-05   4.9113E-05   2.6585E-05 / 4.7073E-05   
2600   3.624E-03   3.2822E-05   4.9175E-05   3.2799E-05 / 4.9162E-05   
2610   3.624E-03   3.0282E-05   4.3951E-05   3.0180E-05 / 4.3872E-05   
2620   3.624E-03   2.8636E-05   4.3374E-05   2.8542E-05 / 4.3325E-05   
2630   3.624E-03   3.9992E-05   6.1267E-05   3.9989E-05 / 6.1266E-05   
2640   3.624E-03   4.1331E-05   5.3101E-05   4.1052E-05 / 5.2866E-05   
2650   3.624E-03   2.6742E-05   4.1415E-05   2.6605E-05 / 4.1326E-05   
2660   3.624E-03   3.1262E-05   4.6937E-05   3.1225E-05 / 4.6916E-05   
2670   3.624E-03   2.7215E-05   4.5185E-05   2.5907E-05 / 4.3848E-05   
2680   3.624E-03   2.9986E-05   4.6641E-05   2.7400E-05 / 4.3980E-05   
2690   3.624E-03   3.6862E-05   5.5273E-05   3.2244E-05 / 5.0670E-05   
2700   3.624E-03   2.7642E-05   4.4516E-05   2.6373E-05 / 4.3210E-05   
2710   3.624E-03   3.0535E-05   4.1952E-05   3.0351E-05 / 4.1794E-05   
2720   3.624E-03   2.5936E-05   4.2915E-05   2.4908E-05 / 4.1872E-05   
2730   3.624E-03   4.7523E-05   5.0678E-05   4.7520E-05 / 5.0678E-05   
2740   3.624E-03   3.8124E-05   4.6964E-05   3.7200E-05 / 4.6005E-05   
2750   3.624E-03   2.6382E-05   4.3845E-05   2.5354E-05 / 4.2779E-05   
2760   3.624E-03   4.6340E-05   6.3708E-05   4.6340E-05 / 6.3708E-05   
2770   3.624E-03   2.6245E-05   4.2110E-05   2.6201E-05 / 4.2086E-05   
2780   3.624E-03   3.5039E-05   5.5689E-05   3.5039E-05 / 5.5689E-05   
2790   3.624E-03   3.5919E-05   5.1912E-05   3.5845E-05 / 5.1864E-05   
2800   3.624E-03   2.4711E-05   4.4818E-05   2.4233E-05 / 4.4341E-05   
2810   3.624E-03   6.8607E-05   8.4120E-05   6.8470E-05 / 8.4000E-05   
2820   3.624E-03   2.6214E-05   4.2563E-05   2.6214E-05 / 4.2563E-05   
2830   3.624E-03   3.3002E-05   5.6055E-05   3.3002E-05 / 5.6055E-05   
2840   3.624E-03   2.4899E-05   4.2180E-05   2.3906E-05 / 4.1152E-05   
2850   3.624E-03   3.4212E-05   5.7187E-05   3.2981E-05 / 5.5926E-05   
2860   3.624E-03   4.0107E-05   4.6120E-05   3.9993E-05 / 4.6018E-05   
2870   3.624E-03   3.1415E-05   4.2941E-05   3.0394E-05 / 4.1908E-05   
2880   3.624E-03   2.4477E-05   4.0983E-05   2.4232E-05 / 4.0749E-05   
2890   3.624E-03   3.1363E-05   5.1588E-05   3.1363E-05 / 5.1588E-05   
2900   3.624E-03   4.1295E-05   5.7043E-05   4.1015E-05 / 5.6773E-05   
2910   3.624E-03   4.2830E-05   4.5782E-05   4.2821E-05 / 4.5773E-05   
2920   3.624E-03   2.5011E-05   4.4051E-05   2.3774E-05 / 4.2795E-05   
2930   3.624E-03   2.4274E-05   4.1995E-05   2.3592E-05 / 4.1313E-05   
2940   3.624E-03   2.5207E-05   4.5290E-05   2.5160E-05 / 4.5242E-05   
2950   3.624E-03   4.5855E-05   6.4111E-05   4.2956E-05 / 6.1216E-05   
2960   3.624E-03   8.8283E-05   8.6471E-05   8.3674E-05 / 8.1914E-05   
2970   3.624E-03   2.3343E-05   4.0063E-05   2.3273E-05 / 3.9990E-05   
2980   3.624E-03   2.4341E-05   4.0718E-05   2.3601E-05 / 3.9980E-05   
2990   3.624E-03   2.3976E-05   4.0752E-05   2.3964E-05 / 4.0737E-05   
3000   3.624E-03   2.6086E-05   4.1708E-05   2.3205E-05 / 3.8849E-05   
3010   3.624E-03   2.2823E-05   4.0429E-05   2.2695E-05 / 4.0294E-05   
3020   3.624E-03   2.6228E-05   4.3443E-05   2.4339E-05 / 4.1576E-05   
3030   3.624E-03   2.5563E-05   4.3784E-05   2.5558E-05 / 4.3781E-05   
3040   3.624E-03   3.5438E-05   4.2351E-05   3.4831E-05 / 4.1759E-05   
3050   3.624E-03   6.9389E-05   9.4280E-05   6.9389E-05 / 9.4280E-05   
3060   3.624E-03   2.3665E-05   3.9485E-05   2.3665E-05 / 3.9485E-05   
3070   3.624E-03   2.2758E-05   4.0148E-05   2.2751E-05 / 4.0137E-05   
3080   3.624E-03   2.8135E-05   4.8836E-05   2.8134E-05 / 4.8836E-05   
3090   3.624E-03   2.3445E-05   3.9045E-05   2.2582E-05 / 3.8213E-05   
3100   3.624E-03   2.2770E-05   4.0489E-05   2.2014E-05 / 3.9764E-05   
3110   3.624E-03   3.1260E-05   5.0187E-05   3.0776E-05 / 4.9723E-05   
3120   3.624E-03   2.3675E-05   4.0142E-05   2.3572E-05 / 4.0033E-05   
3130   3.624E-03   2.4207E-05   3.9779E-05   2.2994E-05 / 3.8622E-05   
3140   3.624E-03   2.6283E-05   4.9707E-05   2.5599E-05 / 4.9057E-05   
3150   3.624E-03   5.5653E-05   7.0782E-05   5.5256E-05 / 7.0364E-05   
3160   3.624E-03   2.3609E-05   3.6868E-05   2.3606E-05 / 3.6865E-05   
3170   3.624E-03   2.4272E-05   3.9816E-05   2.4248E-05 / 3.9799E-05   
3180   3.624E-03   2.2171E-05   3.8043E-05   2.1702E-05 / 3.7587E-05   
3190   3.624E-03   2.5201E-05   4.1758E-05   2.5200E-05 / 4.1757E-05   
3200   3.624E-03   2.2654E-05   4.1127E-05   2.2236E-05 / 4.0722E-05   
3210   3.624E-03   2.2165E-05   3.7213E-05   2.2093E-05 / 3.7128E-05   
3220   3.624E-03   2.5055E-05   3.7109E-05   2.5055E-05 / 3.7109E-05   
3230   3.624E-03   2.4616E-05   3.6430E-05   2.4615E-05 / 3.6429E-05   
3240   3.624E-03   2.2984E-05   4.0924E-05   2.1946E-05 / 3.9939E-05   
3250   3.624E-03   2.2667E-05   3.9646E-05   2.2320E-05 / 3.9303E-05   
3260   3.624E-03   2.6422E-05   4.7850E-05   2.6311E-05 / 4.7725E-05   
3270   3.624E-03   2.2317E-05   3.9375E-05   2.2317E-05 / 3.9375E-05   
3280   3.624E-03   2.9637E-05   4.3144E-05   2.9636E-05 / 4.3143E-05   
3290   3.624E-03   2.2436E-05   4.1860E-05   2.2382E-05 / 4.1801E-05   
3300   3.624E-03   2.6539E-05   3.9913E-05   2.6525E-05 / 3.9903E-05   
3310   3.624E-03   2.2637E-05   4.3247E-05   2.2451E-05 / 4.3054E-05   
3320   3.624E-03   2.2882E-05   4.0404E-05   2.2882E-05 / 4.0404E-05   
3330   3.624E-03   2.3069E-05   4.0667E-05   2.2798E-05 / 4.0398E-05   
3340   3.624E-03   2.4417E-05   3.9691E-05   2.4417E-05 / 3.9691E-05   
3350   3.624E-03   2.4831E-05   3.9377E-05   2.4324E-05 / 3.8904E-05   
3360   3.624E-03   3.9198E-05   5.5111E-05   2.8305E-05 / 4.4406E-05   
3370   3.624E-03   5.9675E-05   7.1034E-05   5.9612E-05 / 7.0950E-05   
3380   3.624E-03   2.3748E-05   3.5898E-05   2.3748E-05 / 3.5898E-05   
3390   3.624E-03   2.6392E-05   4.7191E-05   2.5926E-05 / 4.6762E-05   
3400   3.624E-03   3.4304E-05   4.9162E-05   3.4301E-05 / 4.9158E-05   
3410   3.624E-03   4.1314E-05   4.8421E-05   4.1314E-05 / 4.8421E-05   
3420   3.624E-03   2.1638E-05   3.9029E-05   2.1571E-05 / 3.8945E-05   
3430   3.624E-03   2.1203E-05   3.9357E-05   2.0799E-05 / 3.8982E-05   
3440   3.624E-03   2.3824E-05   4.1934E-05   2.3772E-05 / 4.1884E-05   
3450   3.624E-03   2.5420E-05   3.8621E-05   2.5291E-05 / 3.8480E-05   
3460   3.624E-03   2.4401E-05   3.8822E-05   2.4318E-05 / 3.8734E-05   
3470   3.624E-03   3.4049E-05   4.6434E-05   3.3424E-05 / 4.5870E-05   
3480   3.624E-03   2.0668E-05   3.7548E-05   1.9922E-05 / 3.6865E-05   
3490   3.624E-03   2.3789E-05   4.1062E-05   2.2876E-05 / 4.0238E-05   
3500   3.624E-03   2.4300E-05   4.1086E-05   2.2297E-05 / 3.9232E-05   
3510   3.624E-03   2.0466E-05   3.8277E-05   2.0408E-05 / 3.8202E-05   
3520   3.624E-03   2.3703E-05   4.0518E-05   2.3703E-05 / 4.0518E-05   
3530   3.624E-03   2.2931E-05   3.9087E-05   2.2917E-05 / 3.9068E-05   
3540   3.624E-03   2.1356E-05   3.6442E-05   2.1353E-05 / 3.6437E-05   
3550   3.624E-03   3.5466E-05   5.1020E-05   3.5464E-05 / 5.1017E-05   
3560   3.624E-03   2.3147E-05   3.6161E-05   2.3130E-05 / 3.6137E-05   
3570   3.624E-03   2.1319E-05   3.9941E-05   2.0593E-05 / 3.9303E-05   
3580   3.624E-03   3.0041E-05   4.7613E-05   3.0041E-05 / 4.7613E-05   
3590   3.624E-03   2.1485E-05   3.7800E-05   2.1305E-05 / 3.7611E-05   
3600   3.624E-03   2.0914E-05   3.7785E-05   2.0906E-05 / 3.7772E-05   
3610   3.624E-03   2.2201E-05   3.8234E-05   2.0678E-05 / 3.6840E-05   
3620   3.624E-03   2.1918E-05   4.1960E-05   2.1681E-05 / 4.1728E-05   
3630   3.624E-03   2.5040E-05   4.1678E-05   2.4275E-05 / 4.0998E-05   
3640   3.624E-03   2.4824E-05   4.5085E-05   2.4782E-05 / 4.5034E-05   
3650   3.624E-03   2.6132E-05   4.1891E-05   2.6132E-05 / 4.1891E-05   
3660   3.624E-03   2.1735E-05   4.2190E-05   2.1406E-05 / 4.1882E-05   
3670   3.624E-03   1.9756E-05   3.6745E-05   1.9276E-05 / 3.6293E-05   
3680   3.624E-03   2.1417E-05   3.9289E-05   2.1072E-05 / 3.8949E-05   
3690   3.624E-03   2.3465E-05   4.1138E-05   2.3465E-05 / 4.1138E-05   
3700   3.624E-03   2.1827E-05   3.9263E-05   2.0611E-05 / 3.8178E-05   
3710   3.624E-03   3.6062E-05   4.8406E-05   3.6047E-05 / 4.8387E-05   
3720   3.624E-03   2.5385E-05   3.9000E-05   2.3386E-05 / 3.7156E-05   
3730   3.624E-03   2.1182E-05   3.6067E-05   2.0734E-05 / 3.5667E-05   
3740   3.624E-03   1.9972E-05   3.5407E-05   1.9958E-05 / 3.5389E-05   
3750   3.624E-03   2.1572E-05   4.1142E-05   2.1525E-05 / 4.1093E-05   
3760   3.624E-03   2.6049E-05   4.9873E-05   2.5741E-05 / 4.9554E-05   
3770   3.624E-03   2.3413E-05   3.5911E-05   2.3282E-05 / 3.5776E-05   
3780   3.624E-03   1.9652E-05   3.6073E-05   1.9546E-05 / 3.5968E-05   
3790   3.624E-03   1.9608E-05   3.6891E-05   1.9593E-05 / 3.6872E-05   
3800   3.624E-03   2.1552E-05   3.4298E-05   2.1408E-05 / 3.4166E-05   
3810   3.624E-03   1.9646E-05   3.6851E-05   1.8832E-05 / 3.6113E-05   
3820   3.624E-03   2.1255E-05   3.9460E-05   2.0965E-05 / 3.9196E-05   
3830   3.624E-03   2.2372E-05   4.1904E-05   2.2290E-05 / 4.1825E-05   
3840   3.624E-03   2.1062E-05   4.0301E-05   2.0984E-05 / 4.0205E-05   
3850   3.624E-03   2.2809E-05   4.2010E-05   2.2368E-05 / 4.1607E-05   
3860   3.624E-03   2.2405E-05   3.9015E-05   2.2385E-05 / 3.8990E-05   
3870   3.624E-03   4.4567E-05   6.1812E-05   4.4551E-05 / 6.1797E-05   
3880   3.624E-03   2.6189E-05   4.0479E-05   2.6188E-05 / 4.0479E-05   
3890   3.624E-03   2.1717E-05   3.3655E-05   2.1488E-05 / 3.3439E-05   
3900   3.624E-03   2.1417E-05   3.9333E-05   2.0499E-05 / 3.8484E-05   
3910   3.624E-03   1.9444E-05   3.6622E-05   1.8818E-05 / 3.6003E-05   
3920   3.624E-03   1.9079E-05   3.7105E-05   1.8840E-05 / 3.6880E-05   
3930   3.624E-03   2.4420E-05   4.7377E-05   2.3629E-05 / 4.6637E-05   
3940   3.624E-03   2.3387E-05   4.1402E-05   2.3380E-05 / 4.1390E-05   
3950   3.624E-03   2.6559E-05   3.9717E-05   2.2848E-05 / 3.6085E-05   
3960   3.624E-03   2.3507E-05   4.2118E-05   2.3007E-05 / 4.1656E-05   
3970   3.624E-03   2.5831E-05   3.8689E-05   2.5597E-05 / 3.8430E-05   
3980   3.624E-03   2.9463E-05   3.8783E-05   2.9341E-05 / 3.8671E-05   
3990   3.624E-03   2.0377E-05   3.8687E-05   2.0348E-05 / 3.8665E-05   
4000   3.624E-03   1.8805E-05   3.7809E-05   1.8246E-05 / 3.7293E-05   
4010   3.624E-03   1.9527E-05   3.8049E-05   1.8366E-05 / 3.6945E-05   
4020   3.624E-03   2.0637E-05   3.6620E-05   2.0370E-05 / 3.6368E-05   
4030   3.624E-03   2.4938E-05   4.2227E-05   2.4938E-05 / 4.2227E-05   
4040   3.624E-03   2.0080E-05   3.8399E-05   2.0074E-05 / 3.8388E-05   
4050   3.624E-03   2.1846E-05   3.8172E-05   2.1846E-05 / 3.8172E-05   
4060   3.624E-03   1.9601E-05   3.8073E-05   1.9473E-05 / 3.7958E-05   
4070   3.624E-03   3.4358E-05   4.0951E-05   3.4345E-05 / 4.0929E-05   
4080   3.624E-03   2.3634E-05   4.2365E-05   2.3576E-05 / 4.2311E-05   
4089   3.624E-03   2.0358E-05   3.7529E-05   1.9969E-05 / 3.7155E-05   
BEST MODEL
===============================================================================================================
3826   3.624E-03   1.9848E-05   3.3078E-05   1.9706E-05 / 3.2941E-05   
===============================================================================================================
Saved model to /home/nikki/kan/kanTBNN/models/multi_run/kan_experiment_107_opt/kanTBNN-24Nov07_13:19:22.pickle
