========== Dataset info ==========
Dataset params: {'file': '/home/nikki/kan/data/turbulence_dataset_clean.csv', 'Cases': ['fp_1000', 'fp_1410', 'fp_2000', 'fp_2540', 'fp_3030', 'fp_3270', 'fp_3630', 'fp_3970', 'fp_4060'], 'val_set': ['fp_3030', 'fp_1410', 'fp_4060'], 'test_set': ['fp_3630'], 'data_loader': <class 'tbnn.dataloaders.aDataset'>}
Train/Valid/Test points: 760 / 468 / 168
Memorization?: False
Cluster training?: False
EPOCH     LR        TRAIN         VALID             MSE:T/V                  RL:T/V             %NR_t/%NR_v
===============================================================================================================
  1   2.000E-03   2.2209E-01   2.1888E-01   2.2209E-01 / 2.1888E-01   
 10   2.000E-03   3.1247E-02   2.9856E-02   3.1247E-02 / 2.9856E-02   
 20   2.000E-03   6.8949E-03   6.3963E-03   6.8787E-03 / 6.3945E-03   
 30   2.000E-03   3.5647E-03   3.3085E-03   3.5358E-03 / 3.2828E-03   
 40   2.000E-03   2.5957E-03   2.4229E-03   2.5728E-03 / 2.4021E-03   
 50   2.000E-03   2.1105E-03   1.9661E-03   2.0979E-03 / 1.9544E-03   
 60   2.000E-03   1.8040E-03   1.6801E-03   1.7965E-03 / 1.6734E-03   
 70   2.000E-03   1.5896E-03   1.4827E-03   1.5858E-03 / 1.4796E-03   
 80   2.000E-03   1.4290E-03   1.3368E-03   1.4266E-03 / 1.3351E-03   
 90   2.000E-03   1.3081E-03   1.2296E-03   1.3067E-03 / 1.2287E-03   
100   2.000E-03   1.2137E-03   1.1466E-03   1.2129E-03 / 1.1461E-03   
110   2.000E-03   1.1377E-03   1.0799E-03   1.1371E-03 / 1.0795E-03   
120   2.000E-03   1.0725E-03   1.0221E-03   1.0720E-03 / 1.0217E-03   
130   2.000E-03   1.0136E-03   9.6943E-04   1.0130E-03 / 9.6897E-04   
140   2.000E-03   9.5993E-04   9.2115E-04   9.5927E-04 / 9.2067E-04   
150   2.000E-03   9.1043E-04   8.7788E-04   9.0988E-04 / 8.7741E-04   
160   2.000E-03   8.6366E-04   8.3611E-04   8.6320E-04 / 8.3569E-04   
170   2.000E-03   8.1965E-04   7.9649E-04   8.1910E-04 / 7.9603E-04   
180   2.000E-03   7.7740E-04   7.5867E-04   7.7693E-04 / 7.5828E-04   
190   2.000E-03   7.3672E-04   7.2129E-04   7.3625E-04 / 7.2088E-04   
200   2.000E-03   6.9844E-04   6.8555E-04   6.9796E-04 / 6.8510E-04   
210   2.000E-03   6.6164E-04   6.5090E-04   6.6123E-04 / 6.5054E-04   
220   2.000E-03   6.2672E-04   6.1914E-04   6.2633E-04 / 6.1879E-04   
230   2.000E-03   5.9308E-04   5.8935E-04   5.9275E-04 / 5.8906E-04   
240   2.000E-03   5.6290E-04   5.6101E-04   5.6258E-04 / 5.6073E-04   
250   2.000E-03   5.3384E-04   5.3392E-04   5.3358E-04 / 5.3370E-04   
260   2.000E-03   5.0811E-04   5.1443E-04   5.0785E-04 / 5.1420E-04   
270   2.000E-03   4.8137E-04   4.8889E-04   4.8118E-04 / 4.8872E-04   
280   2.000E-03   4.5809E-04   4.6728E-04   4.5788E-04 / 4.6709E-04   
290   2.000E-03   4.3639E-04   4.4722E-04   4.3625E-04 / 4.4707E-04   
300   2.000E-03   4.1659E-04   4.2763E-04   4.1628E-04 / 4.2730E-04   
310   2.000E-03   3.9776E-04   4.1149E-04   3.9766E-04 / 4.1140E-04   
320   2.000E-03   3.8015E-04   3.9453E-04   3.8005E-04 / 3.9446E-04   
330   2.000E-03   3.6224E-04   3.7886E-04   3.6209E-04 / 3.7873E-04   
340   2.000E-03   3.4695E-04   3.6132E-04   3.4677E-04 / 3.6117E-04   
350   2.000E-03   3.3227E-04   3.4757E-04   3.3222E-04 / 3.4754E-04   
360   2.000E-03   3.1701E-04   3.3311E-04   3.1688E-04 / 3.3304E-04   
370   2.000E-03   3.0366E-04   3.2253E-04   3.0355E-04 / 3.2244E-04   
380   2.000E-03   2.9269E-04   3.1115E-04   2.9262E-04 / 3.1107E-04   
390   2.000E-03   2.8013E-04   2.9693E-04   2.8000E-04 / 2.9677E-04   
400   2.000E-03   2.6964E-04   2.8833E-04   2.6946E-04 / 2.8813E-04   
410   2.000E-03   2.6066E-04   2.7780E-04   2.6018E-04 / 2.7731E-04   
420   2.000E-03   2.5091E-04   2.6943E-04   2.5078E-04 / 2.6933E-04   
430   2.000E-03   2.4276E-04   2.5662E-04   2.4258E-04 / 2.5649E-04   
440   2.000E-03   2.3348E-04   2.4802E-04   2.3333E-04 / 2.4793E-04   
450   2.000E-03   2.2776E-04   2.4103E-04   2.2765E-04 / 2.4095E-04   
460   2.000E-03   2.1826E-04   2.3335E-04   2.1799E-04 / 2.3307E-04   
470   2.000E-03   2.1130E-04   2.2596E-04   2.1116E-04 / 2.2577E-04   
480   2.000E-03   2.0521E-04   2.1936E-04   2.0500E-04 / 2.1912E-04   
490   2.000E-03   1.9821E-04   2.1191E-04   1.9803E-04 / 2.1170E-04   
500   2.000E-03   1.9232E-04   2.0470E-04   1.9211E-04 / 2.0449E-04   
510   2.000E-03   1.8683E-04   2.0059E-04   1.8652E-04 / 2.0031E-04   
520   2.000E-03   1.8127E-04   1.9172E-04   1.8094E-04 / 1.9146E-04   
530   2.000E-03   1.7683E-04   1.8610E-04   1.7653E-04 / 1.8589E-04   
540   2.000E-03   1.7003E-04   1.8191E-04   1.6971E-04 / 1.8172E-04   
550   2.000E-03   1.6569E-04   1.7837E-04   1.6546E-04 / 1.7823E-04   
560   2.000E-03   1.5999E-04   1.7221E-04   1.5978E-04 / 1.7204E-04   
570   2.000E-03   1.5664E-04   1.6565E-04   1.5654E-04 / 1.6551E-04   
580   2.000E-03   1.5259E-04   1.6133E-04   1.5250E-04 / 1.6121E-04   
590   2.000E-03   1.4616E-04   1.5683E-04   1.4585E-04 / 1.5644E-04   
600   2.000E-03   1.4406E-04   1.5577E-04   1.4388E-04 / 1.5553E-04   
610   2.000E-03   1.4095E-04   1.5380E-04   1.4080E-04 / 1.5362E-04   
620   2.000E-03   1.3449E-04   1.4433E-04   1.3417E-04 / 1.4399E-04   
630   2.000E-03   1.3153E-04   1.4177E-04   1.3128E-04 / 1.4154E-04   
640   2.000E-03   1.2885E-04   1.3975E-04   1.2867E-04 / 1.3962E-04   
650   2.000E-03   1.2472E-04   1.3320E-04   1.2449E-04 / 1.3305E-04   
660   2.000E-03   1.2170E-04   1.3072E-04   1.2157E-04 / 1.3066E-04   
670   2.000E-03   1.1807E-04   1.2686E-04   1.1788E-04 / 1.2676E-04   
680   2.000E-03   1.1462E-04   1.2423E-04   1.1443E-04 / 1.2410E-04   
690   2.000E-03   1.1205E-04   1.2105E-04   1.1191E-04 / 1.2092E-04   
700   2.000E-03   1.1123E-04   1.2053E-04   1.1093E-04 / 1.2022E-04   
710   2.000E-03   1.0620E-04   1.1451E-04   1.0605E-04 / 1.1433E-04   
720   2.000E-03   1.0928E-04   1.1938E-04   1.0718E-04 / 1.1734E-04   
730   2.000E-03   1.0281E-04   1.1188E-04   1.0252E-04 / 1.1153E-04   
740   2.000E-03   9.8951E-05   1.0586E-04   9.8692E-05 / 1.0555E-04   
750   2.000E-03   9.6708E-05   1.0527E-04   9.6525E-05 / 1.0506E-04   
760   2.000E-03   9.4561E-05   1.0136E-04   9.4388E-05 / 1.0119E-04   
770   2.000E-03   9.2309E-05   1.0126E-04   9.2124E-05 / 1.0109E-04   
780   2.000E-03   9.0490E-05   9.7190E-05   9.0195E-05 / 9.6951E-05   
790   2.000E-03   8.8866E-05   9.7610E-05   8.8687E-05 / 9.7494E-05   
800   2.000E-03   8.5909E-05   9.3234E-05   8.5558E-05 / 9.2998E-05   
810   2.000E-03   8.3944E-05   9.0150E-05   8.3728E-05 / 9.0037E-05   
820   2.000E-03   8.5007E-05   9.2316E-05   8.4994E-05 / 9.2314E-05   
830   2.000E-03   8.0452E-05   8.7560E-05   8.0351E-05 / 8.7491E-05   
840   2.000E-03   7.8606E-05   8.5987E-05   7.8469E-05 / 8.5863E-05   
850   2.000E-03   7.7529E-05   8.4388E-05   7.7147E-05 / 8.4031E-05   
860   2.000E-03   7.5000E-05   8.2446E-05   7.4913E-05 / 8.2330E-05   
870   2.000E-03   7.3994E-05   8.2098E-05   7.3970E-05 / 8.2050E-05   
880   2.000E-03   7.3218E-05   8.1415E-05   7.3131E-05 / 8.1291E-05   
890   2.000E-03   7.1713E-05   7.9264E-05   7.1630E-05 / 7.9153E-05   
900   2.000E-03   6.9499E-05   7.6070E-05   6.9302E-05 / 7.5841E-05   
910   2.000E-03   7.4666E-05   8.0207E-05   7.4541E-05 / 8.0076E-05   
920   2.000E-03   6.6268E-05   7.3293E-05   6.6124E-05 / 7.3158E-05   
930   2.000E-03   6.4587E-05   7.2550E-05   6.4338E-05 / 7.2328E-05   
940   2.000E-03   6.5436E-05   7.1796E-05   6.5327E-05 / 7.1727E-05   
950   2.000E-03   6.2203E-05   6.8827E-05   6.2137E-05 / 6.8802E-05   
960   2.000E-03   6.2066E-05   6.9576E-05   6.1970E-05 / 6.9543E-05   
970   2.000E-03   6.0001E-05   6.6778E-05   5.9947E-05 / 6.6765E-05   
980   2.000E-03   5.8588E-05   6.6145E-05   5.8453E-05 / 6.6086E-05   
990   2.000E-03   5.7621E-05   6.4509E-05   5.7583E-05 / 6.4497E-05   
1000   2.000E-03   5.7589E-05   6.5795E-05   5.7569E-05 / 6.5786E-05   
1010   2.000E-03   5.5731E-05   6.3810E-05   5.5535E-05 / 6.3661E-05   
1020   2.000E-03   5.4671E-05   6.1285E-05   5.4391E-05 / 6.1048E-05   
1030   2.000E-03   5.5938E-05   6.5271E-05   5.5809E-05 / 6.5130E-05   
1040   2.000E-03   5.2040E-05   6.0336E-05   5.1893E-05 / 6.0190E-05   
1050   2.000E-03   5.3064E-05   5.9990E-05   5.2665E-05 / 5.9594E-05   
1060   2.000E-03   5.0975E-05   5.8605E-05   5.0862E-05 / 5.8459E-05   
1070   2.000E-03   5.0324E-05   5.9514E-05   5.0244E-05 / 5.9444E-05   
1080   2.000E-03   4.8661E-05   5.7071E-05   4.8607E-05 / 5.7007E-05   
1090   2.000E-03   4.7825E-05   5.6090E-05   4.7759E-05 / 5.6036E-05   
1100   2.000E-03   4.7149E-05   5.6095E-05   4.6974E-05 / 5.5922E-05   
1110   2.000E-03   4.7545E-05   5.4517E-05   4.7520E-05 / 5.4507E-05   
1120   2.000E-03   4.6080E-05   5.4461E-05   4.5982E-05 / 5.4388E-05   
1130   2.000E-03   4.4873E-05   5.2986E-05   4.4828E-05 / 5.2967E-05   
1140   2.000E-03   4.4006E-05   5.2555E-05   4.3780E-05 / 5.2404E-05   
1150   2.000E-03   4.3643E-05   5.3150E-05   4.3615E-05 / 5.3145E-05   
1160   2.000E-03   4.3234E-05   5.2637E-05   4.3138E-05 / 5.2606E-05   
1170   2.000E-03   4.2495E-05   5.0493E-05   4.2274E-05 / 5.0366E-05   
1180   2.000E-03   4.2837E-05   5.2776E-05   4.2295E-05 / 5.2363E-05   
1190   2.000E-03   4.1345E-05   4.9484E-05   4.1112E-05 / 4.9340E-05   
1200   2.000E-03   4.0571E-05   4.9077E-05   4.0185E-05 / 4.8795E-05   
1210   2.000E-03   4.0569E-05   4.8943E-05   4.0353E-05 / 4.8785E-05   
1220   2.000E-03   4.0084E-05   4.8862E-05   3.9988E-05 / 4.8788E-05   
1230   2.000E-03   4.0819E-05   5.1924E-05   4.0768E-05 / 5.1876E-05   
1240   2.000E-03   3.8173E-05   4.7700E-05   3.7958E-05 / 4.7510E-05   
1250   2.000E-03   3.9657E-05   5.0516E-05   3.9584E-05 / 5.0436E-05   
1260   2.000E-03   3.8258E-05   4.7521E-05   3.8240E-05 / 4.7481E-05   
1270   2.000E-03   3.6408E-05   4.4471E-05   3.6395E-05 / 4.4438E-05   
1280   2.000E-03   4.5230E-05   5.5121E-05   4.4587E-05 / 5.4496E-05   
1290   2.000E-03   3.7054E-05   4.5635E-05   3.7024E-05 / 4.5576E-05   
1300   2.000E-03   3.4829E-05   4.2779E-05   3.4763E-05 / 4.2671E-05   
1310   2.000E-03   3.4159E-05   4.3153E-05   3.4049E-05 / 4.3008E-05   
1320   2.000E-03   3.4356E-05   4.3309E-05   3.4030E-05 / 4.2955E-05   
1330   2.000E-03   3.4016E-05   4.3348E-05   3.3877E-05 / 4.3169E-05   
1340   2.000E-03   3.3410E-05   4.2129E-05   3.3340E-05 / 4.2040E-05   
1350   2.000E-03   3.3572E-05   4.1558E-05   3.3337E-05 / 4.1303E-05   
1360   2.000E-03   3.4637E-05   4.2037E-05   3.4580E-05 / 4.1982E-05   
1370   2.000E-03   3.2725E-05   4.2266E-05   3.2655E-05 / 4.2205E-05   
1380   2.000E-03   3.2256E-05   4.1195E-05   3.2231E-05 / 4.1183E-05   
1390   2.000E-03   3.1442E-05   3.9893E-05   3.1366E-05 / 3.9842E-05   
1400   2.000E-03   3.7152E-05   4.7342E-05   3.7113E-05 / 4.7320E-05   
1410   2.000E-03   3.0973E-05   3.9351E-05   3.0859E-05 / 3.9279E-05   
1420   2.000E-03   3.0115E-05   3.9363E-05   2.9849E-05 / 3.9162E-05   
1430   2.000E-03   3.1010E-05   3.9335E-05   3.0591E-05 / 3.9027E-05   
1440   2.000E-03   3.0333E-05   3.9197E-05   3.0106E-05 / 3.9047E-05   
1450   2.000E-03   3.0867E-05   3.9959E-05   3.0722E-05 / 3.9889E-05   
1460   2.000E-03   2.9106E-05   3.7978E-05   2.8936E-05 / 3.7895E-05   
1470   2.000E-03   3.0613E-05   3.9026E-05   3.0573E-05 / 3.9022E-05   
1480   2.000E-03   2.8290E-05   3.6300E-05   2.7997E-05 / 3.6104E-05   
1490   2.000E-03   3.0703E-05   3.8632E-05   3.0691E-05 / 3.8632E-05   
1500   2.000E-03   2.7503E-05   3.5515E-05   2.7329E-05 / 3.5416E-05   
1510   2.000E-03   2.6954E-05   3.5051E-05   2.6850E-05 / 3.4993E-05   
1520   2.000E-03   2.7698E-05   3.5303E-05   2.7560E-05 / 3.5219E-05   
1530   2.000E-03   2.8104E-05   3.6591E-05   2.8006E-05 / 3.6533E-05   
1540   2.000E-03   2.7531E-05   3.6507E-05   2.7359E-05 / 3.6378E-05   
1550   2.000E-03   2.7447E-05   3.5790E-05   2.7291E-05 / 3.5665E-05   
1560   2.000E-03   2.6654E-05   3.4713E-05   2.6377E-05 / 3.4477E-05   
1570   2.000E-03   2.8890E-05   3.6828E-05   2.8817E-05 / 3.6759E-05   
1580   2.000E-03   2.6358E-05   3.5151E-05   2.6330E-05 / 3.5113E-05   
1590   2.000E-03   2.5622E-05   3.4351E-05   2.5528E-05 / 3.4244E-05   
1600   2.000E-03   2.5121E-05   3.4108E-05   2.4789E-05 / 3.3789E-05   
1610   2.000E-03   2.9292E-05   3.8234E-05   2.9155E-05 / 3.8071E-05   
1620   2.000E-03   2.5325E-05   3.2452E-05   2.5107E-05 / 3.2228E-05   
1630   2.000E-03   2.5153E-05   3.3917E-05   2.5137E-05 / 3.3880E-05   
1640   2.000E-03   2.4056E-05   3.3142E-05   2.4045E-05 / 3.3115E-05   
1650   2.000E-03   2.4595E-05   3.3113E-05   2.4585E-05 / 3.3091E-05   
1660   2.000E-03   2.3394E-05   3.1564E-05   2.3198E-05 / 3.1329E-05   
1670   2.000E-03   2.3499E-05   3.2324E-05   2.3318E-05 / 3.2130E-05   
1680   2.000E-03   2.3987E-05   3.1491E-05   2.3830E-05 / 3.1303E-05   
1690   2.000E-03   2.3339E-05   3.2427E-05   2.3120E-05 / 3.2171E-05   
1700   2.000E-03   2.3366E-05   3.2620E-05   2.3111E-05 / 3.2332E-05   
1710   2.000E-03   2.3025E-05   3.1188E-05   2.2853E-05 / 3.1014E-05   
1720   2.000E-03   2.2740E-05   3.0952E-05   2.2663E-05 / 3.0874E-05   
1730   2.000E-03   2.4124E-05   3.2398E-05   2.4000E-05 / 3.2258E-05   
1740   2.000E-03   2.2694E-05   3.0589E-05   2.2608E-05 / 3.0483E-05   
1750   2.000E-03   2.2002E-05   3.0646E-05   2.1973E-05 / 3.0630E-05   
1760   2.000E-03   2.6086E-05   3.3018E-05   2.5971E-05 / 3.2893E-05   
1770   2.000E-03   2.1625E-05   3.0291E-05   2.1476E-05 / 3.0136E-05   
1780   2.000E-03   2.2287E-05   3.0425E-05   2.0976E-05 / 2.9180E-05   
1790   2.000E-03   2.1691E-05   3.0110E-05   2.1584E-05 / 3.0011E-05   
1800   2.000E-03   2.1499E-05   2.9202E-05   2.1224E-05 / 2.8946E-05   
1810   2.000E-03   2.3082E-05   3.0539E-05   2.2973E-05 / 3.0462E-05   
1820   2.000E-03   2.1528E-05   2.9631E-05   2.1215E-05 / 2.9372E-05   
1830   2.000E-03   2.1075E-05   3.0183E-05   2.0982E-05 / 3.0127E-05   
1840   2.000E-03   2.1062E-05   3.0007E-05   2.0936E-05 / 2.9927E-05   
1850   2.000E-03   2.4964E-05   3.2408E-05   2.4742E-05 / 3.2234E-05   
1860   2.000E-03   2.0406E-05   2.8463E-05   2.0218E-05 / 2.8328E-05   
1870   2.000E-03   1.9578E-05   2.7907E-05   1.9428E-05 / 2.7815E-05   
1880   2.000E-03   2.0008E-05   2.8001E-05   1.9943E-05 / 2.7979E-05   
1890   2.000E-03   1.9190E-05   2.7442E-05   1.9108E-05 / 2.7409E-05   
1900   2.000E-03   2.0299E-05   2.9097E-05   2.0119E-05 / 2.8991E-05   
1910   2.000E-03   2.1053E-05   2.9903E-05   2.0933E-05 / 2.9850E-05   
1920   2.000E-03   1.8939E-05   2.6957E-05   1.8755E-05 / 2.6848E-05   
1930   2.000E-03   1.9154E-05   2.8832E-05   1.9110E-05 / 2.8826E-05   
1940   2.000E-03   2.1761E-05   2.9170E-05   2.1160E-05 / 2.8683E-05   
1950   2.000E-03   1.8656E-05   2.6649E-05   1.8517E-05 / 2.6579E-05   
1960   2.000E-03   2.0069E-05   2.9382E-05   1.9970E-05 / 2.9341E-05   
1970   2.000E-03   1.8116E-05   2.6639E-05   1.7969E-05 / 2.6557E-05   
1980   2.000E-03   1.8443E-05   2.7034E-05   1.8244E-05 / 2.6908E-05   
1990   2.000E-03   1.8139E-05   2.7107E-05   1.7951E-05 / 2.6984E-05   
2000   2.000E-03   1.7835E-05   2.6811E-05   1.7741E-05 / 2.6761E-05   
2010   2.000E-03   1.9776E-05   2.8709E-05   1.9323E-05 / 2.8326E-05   
2020   2.000E-03   1.7514E-05   2.5785E-05   1.7424E-05 / 2.5732E-05   
2030   2.000E-03   1.7867E-05   2.5933E-05   1.7716E-05 / 2.5827E-05   
2040   2.000E-03   1.7333E-05   2.6641E-05   1.7266E-05 / 2.6597E-05   
2050   2.000E-03   1.7487E-05   2.7098E-05   1.7320E-05 / 2.6971E-05   
2060   2.000E-03   1.7653E-05   2.5510E-05   1.7612E-05 / 2.5480E-05   
2070   2.000E-03   1.7030E-05   2.6233E-05   1.6880E-05 / 2.6111E-05   
2080   2.000E-03   1.6886E-05   2.5891E-05   1.6858E-05 / 2.5866E-05   
2090   2.000E-03   1.9928E-05   2.7745E-05   1.9504E-05 / 2.7379E-05   
2100   2.000E-03   1.7727E-05   2.6834E-05   1.7453E-05 / 2.6594E-05   
2110   2.000E-03   1.6779E-05   2.3655E-05   1.6545E-05 / 2.3436E-05   
2120   2.000E-03   1.7036E-05   2.4768E-05   1.7010E-05 / 2.4736E-05   
2130   2.000E-03   1.7075E-05   2.5390E-05   1.7011E-05 / 2.5316E-05   
2140   2.000E-03   1.7965E-05   2.5309E-05   1.7829E-05 / 2.5167E-05   
2150   2.000E-03   1.7775E-05   2.5675E-05   1.7624E-05 / 2.5515E-05   
2160   2.000E-03   1.6107E-05   2.4855E-05   1.6032E-05 / 2.4780E-05   
2170   2.000E-03   1.5932E-05   2.4597E-05   1.5828E-05 / 2.4475E-05   
2180   2.000E-03   1.6240E-05   2.3957E-05   1.6237E-05 / 2.3946E-05   
2190   2.000E-03   1.5840E-05   2.3719E-05   1.5785E-05 / 2.3661E-05   
2200   2.000E-03   1.6302E-05   2.3996E-05   1.6272E-05 / 2.3951E-05   
2210   2.000E-03   1.6765E-05   2.4684E-05   1.6680E-05 / 2.4576E-05   
2220   2.000E-03   1.6529E-05   2.4932E-05   1.6406E-05 / 2.4787E-05   
2230   2.000E-03   1.6031E-05   2.3666E-05   1.5937E-05 / 2.3543E-05   
2240   2.000E-03   1.6337E-05   2.3649E-05   1.6310E-05 / 2.3601E-05   
2250   2.000E-03   1.5342E-05   2.3643E-05   1.5118E-05 / 2.3405E-05   
2260   2.000E-03   1.6255E-05   2.5146E-05   1.6085E-05 / 2.4971E-05   
2270   2.000E-03   1.5431E-05   2.4550E-05   1.5381E-05 / 2.4482E-05   
2280   2.000E-03   1.4623E-05   2.2658E-05   1.4552E-05 / 2.2568E-05   
2290   2.000E-03   1.4820E-05   2.2957E-05   1.4768E-05 / 2.2895E-05   
2300   2.000E-03   1.5486E-05   2.4405E-05   1.5356E-05 / 2.4258E-05   
2310   2.000E-03   1.4734E-05   2.3138E-05   1.4626E-05 / 2.3015E-05   
2320   2.000E-03   1.4260E-05   2.2960E-05   1.4122E-05 / 2.2810E-05   
2330   2.000E-03   1.5503E-05   2.3733E-05   1.5460E-05 / 2.3679E-05   
2340   2.000E-03   1.4761E-05   2.3576E-05   1.4513E-05 / 2.3359E-05   
2350   2.000E-03   1.5235E-05   2.3525E-05   1.5177E-05 / 2.3462E-05   
2360   2.000E-03   1.5587E-05   2.3883E-05   1.5505E-05 / 2.3796E-05   
2370   2.000E-03   1.4371E-05   2.2604E-05   1.4234E-05 / 2.2460E-05   
2380   2.000E-03   1.4997E-05   2.3729E-05   1.4851E-05 / 2.3591E-05   
2390   2.000E-03   1.7243E-05   2.5568E-05   1.7206E-05 / 2.5533E-05   
2400   2.000E-03   1.4409E-05   2.2533E-05   1.4194E-05 / 2.2333E-05   
2410   2.000E-03   1.5933E-05   2.4254E-05   1.5823E-05 / 2.4150E-05   
2420   2.000E-03   1.3728E-05   2.2783E-05   1.3605E-05 / 2.2684E-05   
2430   2.000E-03   1.3503E-05   2.0793E-05   1.3440E-05 / 2.0747E-05   
2440   2.000E-03   1.3650E-05   2.2080E-05   1.3498E-05 / 2.1953E-05   
2450   2.000E-03   1.5130E-05   2.4331E-05   1.5020E-05 / 2.4249E-05   
2460   2.000E-03   1.3572E-05   2.2051E-05   1.3517E-05 / 2.2023E-05   
2470   2.000E-03   1.4102E-05   2.3646E-05   1.4046E-05 / 2.3614E-05   
2480   2.000E-03   1.3704E-05   2.2495E-05   1.3659E-05 / 2.2471E-05   
2490   2.000E-03   1.3346E-05   2.2258E-05   1.3261E-05 / 2.2203E-05   
2500   2.000E-03   1.5152E-05   2.2547E-05   1.5150E-05 / 2.2547E-05   
2510   2.000E-03   1.3583E-05   2.2087E-05   1.3466E-05 / 2.2002E-05   
2520   2.000E-03   1.3110E-05   2.1083E-05   1.3082E-05 / 2.1078E-05   
2530   2.000E-03   1.4347E-05   2.3167E-05   1.4226E-05 / 2.3083E-05   
2540   2.000E-03   1.4361E-05   2.1507E-05   1.4183E-05 / 2.1364E-05   
2550   2.000E-03   1.2703E-05   2.0779E-05   1.2619E-05 / 2.0733E-05   
2560   2.000E-03   1.5999E-05   2.4631E-05   1.5910E-05 / 2.4579E-05   
2570   2.000E-03   1.2997E-05   2.1017E-05   1.2989E-05 / 2.1017E-05   
2580   2.000E-03   1.2763E-05   2.1246E-05   1.2638E-05 / 2.1170E-05   
2590   2.000E-03   1.3228E-05   2.1572E-05   1.3080E-05 / 2.1476E-05   
2600   2.000E-03   1.3872E-05   2.0518E-05   1.3784E-05 / 2.0468E-05   
2610   2.000E-03   1.2653E-05   2.0155E-05   1.2415E-05 / 1.9973E-05   
2620   2.000E-03   1.2228E-05   2.0428E-05   1.2100E-05 / 2.0347E-05   
2630   2.000E-03   1.4969E-05   2.4257E-05   1.4889E-05 / 2.4218E-05   
2640   2.000E-03   1.2425E-05   2.0709E-05   1.2307E-05 / 2.0631E-05   
2650   2.000E-03   1.2352E-05   2.0601E-05   1.2276E-05 / 2.0561E-05   
2660   2.000E-03   1.4522E-05   2.2463E-05   1.4398E-05 / 2.2377E-05   
2670   2.000E-03   1.7250E-05   2.5642E-05   1.7140E-05 / 2.5576E-05   
2680   2.000E-03   1.2520E-05   2.1170E-05   1.2408E-05 / 2.1101E-05   
2690   2.000E-03   1.3286E-05   2.0844E-05   1.3152E-05 / 2.0753E-05   
2700   2.000E-03   1.2172E-05   2.0441E-05   1.2122E-05 / 2.0419E-05   
2710   2.000E-03   1.3402E-05   2.2127E-05   1.3332E-05 / 2.2088E-05   
2720   2.000E-03   1.2761E-05   2.0848E-05   1.2665E-05 / 2.0792E-05   
2730   2.000E-03   1.2828E-05   2.1094E-05   1.2818E-05 / 2.1091E-05   
2740   2.000E-03   1.2111E-05   2.0510E-05   1.1765E-05 / 2.0230E-05   
2750   2.000E-03   1.3303E-05   2.1141E-05   1.3296E-05 / 2.1139E-05   
2760   2.000E-03   1.1919E-05   2.0847E-05   1.1722E-05 / 2.0699E-05   
2770   2.000E-03   1.1746E-05   2.0452E-05   1.1489E-05 / 2.0241E-05   
2780   2.000E-03   1.4646E-05   2.3803E-05   1.4525E-05 / 2.3718E-05   
2790   2.000E-03   1.1932E-05   2.0896E-05   1.1641E-05 / 2.0649E-05   
2800   2.000E-03   1.1628E-05   2.0701E-05   1.1476E-05 / 2.0586E-05   
2810   2.000E-03   1.2118E-05   2.0855E-05   1.1852E-05 / 2.0630E-05   
2820   2.000E-03   1.2587E-05   2.0540E-05   1.2584E-05 / 2.0539E-05   
2830   2.000E-03   1.2283E-05   2.1154E-05   1.2270E-05 / 2.1143E-05   
2840   2.000E-03   1.2775E-05   2.0236E-05   1.2624E-05 / 2.0104E-05   
2850   2.000E-03   1.1093E-05   1.9757E-05   1.1035E-05 / 1.9714E-05   
2860   2.000E-03   1.1602E-05   1.9957E-05   1.1574E-05 / 1.9931E-05   
2870   2.000E-03   1.1064E-05   1.9413E-05   1.1011E-05 / 1.9363E-05   
2880   2.000E-03   1.3487E-05   2.2040E-05   1.3399E-05 / 2.1963E-05   
2890   2.000E-03   1.1643E-05   1.9122E-05   1.1416E-05 / 1.8931E-05   
2900   2.000E-03   1.1311E-05   1.9755E-05   1.1184E-05 / 1.9644E-05   
2910   2.000E-03   1.0854E-05   1.9175E-05   1.0765E-05 / 1.9096E-05   
2920   2.000E-03   1.2674E-05   2.0933E-05   1.2544E-05 / 2.0810E-05   
2930   2.000E-03   1.0698E-05   1.9128E-05   1.0632E-05 / 1.9059E-05   
2940   2.000E-03   1.2866E-05   2.0999E-05   1.2805E-05 / 2.0932E-05   
2950   2.000E-03   1.0914E-05   1.9794E-05   1.0753E-05 / 1.9643E-05   
2960   2.000E-03   1.1971E-05   2.1089E-05   1.1735E-05 / 2.0876E-05   
2970   2.000E-03   1.1162E-05   1.9295E-05   1.1080E-05 / 1.9227E-05   
2980   2.000E-03   1.2987E-05   2.0800E-05   1.2908E-05 / 2.0726E-05   
2990   2.000E-03   1.1421E-05   1.9863E-05   1.1343E-05 / 1.9794E-05   
3000   2.000E-03   1.0801E-05   1.9254E-05   1.0511E-05 / 1.8994E-05   
3010   2.000E-03   1.0379E-05   1.8886E-05   1.0347E-05 / 1.8844E-05   
3020   2.000E-03   1.0489E-05   1.8990E-05   1.0394E-05 / 1.8894E-05   
3030   2.000E-03   1.3895E-05   2.2598E-05   1.2345E-05 / 2.1224E-05   
3040   2.000E-03   1.1077E-05   1.9818E-05   1.0850E-05 / 1.9621E-05   
3050   2.000E-03   1.1272E-05   1.9739E-05   1.1272E-05 / 1.9738E-05   
3060   2.000E-03   1.1168E-05   2.0448E-05   1.0975E-05 / 2.0269E-05   
3070   2.000E-03   1.0272E-05   1.8789E-05   1.0254E-05 / 1.8770E-05   
3080   2.000E-03   1.1091E-05   1.9533E-05   1.0994E-05 / 1.9432E-05   
3090   2.000E-03   1.1500E-05   2.1676E-05   1.1438E-05 / 2.1607E-05   
3100   2.000E-03   1.0435E-05   1.9382E-05   1.0342E-05 / 1.9286E-05   
3110   2.000E-03   1.0055E-05   1.8593E-05   9.9249E-06 / 1.8469E-05   
3120   2.000E-03   1.0302E-05   1.9500E-05   1.0267E-05 / 1.9462E-05   
3130   2.000E-03   1.1600E-05   1.9226E-05   1.1405E-05 / 1.9061E-05   
3140   2.000E-03   1.1104E-05   1.9967E-05   1.1044E-05 / 1.9901E-05   
3150   2.000E-03   1.2079E-05   2.1496E-05   1.2068E-05 / 2.1479E-05   
3160   2.000E-03   1.2869E-05   2.1619E-05   1.2840E-05 / 2.1593E-05   
3170   2.000E-03   1.0823E-05   2.0182E-05   1.0589E-05 / 1.9968E-05   
3180   2.000E-03   9.7468E-06   1.9036E-05   9.6630E-06 / 1.8957E-05   
3190   2.000E-03   1.1508E-05   2.2280E-05   1.1339E-05 / 2.2144E-05   
3200   2.000E-03   1.2003E-05   2.0073E-05   1.1974E-05 / 2.0040E-05   
3210   2.000E-03   1.1212E-05   1.9628E-05   1.1207E-05 / 1.9622E-05   
3220   2.000E-03   1.2900E-05   2.1661E-05   1.2881E-05 / 2.1641E-05   
3230   2.000E-03   1.1560E-05   2.0470E-05   1.1424E-05 / 2.0345E-05   
3240   2.000E-03   9.8132E-06   1.9561E-05   9.6994E-06 / 1.9455E-05   
3250   2.000E-03   9.7103E-06   1.8645E-05   9.6155E-06 / 1.8562E-05   
3260   2.000E-03   1.2512E-05   2.0867E-05   1.2480E-05 / 2.0841E-05   
3270   2.000E-03   1.0495E-05   1.9899E-05   1.0310E-05 / 1.9748E-05   
3280   2.000E-03   9.7092E-06   1.8815E-05   9.4321E-06 / 1.8578E-05   
3290   2.000E-03   1.0169E-05   1.8969E-05   1.0166E-05 / 1.8965E-05   
3300   2.000E-03   1.1937E-05   2.0501E-05   1.1745E-05 / 2.0327E-05   
3310   2.000E-03   9.6558E-06   1.8497E-05   9.5691E-06 / 1.8426E-05   
3320   2.000E-03   1.0488E-05   1.9996E-05   1.0471E-05 / 1.9982E-05   
3330   2.000E-03   1.0482E-05   1.8212E-05   1.0428E-05 / 1.8164E-05   
3340   2.000E-03   1.0027E-05   1.9040E-05   9.9881E-06 / 1.9008E-05   
3350   2.000E-03   1.1408E-05   2.1138E-05   1.0563E-05 / 2.0424E-05   
3360   2.000E-03   1.0153E-05   1.9790E-05   1.0112E-05 / 1.9759E-05   
3370   2.000E-03   9.2872E-06   1.8134E-05   9.2493E-06 / 1.8107E-05   
3380   2.000E-03   9.2851E-06   1.7689E-05   9.0827E-06 / 1.7506E-05   
3390   2.000E-03   1.0460E-05   2.0114E-05   1.0281E-05 / 1.9970E-05   
3400   2.000E-03   1.0509E-05   1.9166E-05   1.0499E-05 / 1.9162E-05   
3410   2.000E-03   1.2199E-05   2.1057E-05   1.2166E-05 / 2.1038E-05   
3420   2.000E-03   9.4664E-06   1.8306E-05   9.1269E-06 / 1.8003E-05   
3430   2.000E-03   9.3579E-06   1.8853E-05   9.2387E-06 / 1.8764E-05   
3440   2.000E-03   9.7956E-06   1.8573E-05   9.7076E-06 / 1.8510E-05   
3450   2.000E-03   1.1856E-05   1.9336E-05   1.1850E-05 / 1.9334E-05   
3460   2.000E-03   9.5878E-06   1.9468E-05   9.5798E-06 / 1.9461E-05   
3470   2.000E-03   1.1333E-05   1.9997E-05   1.1172E-05 / 1.9873E-05   
3480   2.000E-03   9.1314E-06   1.8086E-05   8.9504E-06 / 1.7948E-05   
3490   2.000E-03   9.3463E-06   1.8387E-05   9.3353E-06 / 1.8383E-05   
3500   2.000E-03   1.0909E-05   2.0377E-05   1.0843E-05 / 2.0329E-05   
3510   2.000E-03   1.0143E-05   1.8507E-05   9.9775E-06 / 1.8363E-05   
3520   2.000E-03   9.8339E-06   1.8685E-05   9.8282E-06 / 1.8685E-05   
3530   2.000E-03   9.1572E-06   1.8351E-05   9.0671E-06 / 1.8283E-05   
3540   2.000E-03   9.5202E-06   1.9227E-05   9.2272E-06 / 1.8963E-05   
3550   2.000E-03   9.1122E-06   1.9462E-05   9.0364E-06 / 1.9409E-05   
3560   2.000E-03   9.5933E-06   1.9551E-05   9.3522E-06 / 1.9342E-05   
3570   2.000E-03   9.3571E-06   1.9152E-05   8.8280E-06 / 1.8720E-05   
3580   2.000E-03   9.6875E-06   1.9033E-05   9.2986E-06 / 1.8743E-05   
3590   2.000E-03   9.0960E-06   1.9439E-05   8.9176E-06 / 1.9306E-05   
3600   2.000E-03   9.2896E-06   1.9421E-05   9.2868E-06 / 1.9421E-05   
3610   2.000E-03   1.0094E-05   1.9542E-05   1.0021E-05 / 1.9491E-05   
3620   2.000E-03   1.0467E-05   1.9545E-05   1.0225E-05 / 1.9320E-05   
3630   2.000E-03   1.0095E-05   1.9299E-05   1.0012E-05 / 1.9248E-05   
3640   2.000E-03   8.9217E-06   1.9028E-05   8.8819E-06 / 1.9005E-05   
3650   2.000E-03   9.2702E-06   1.8539E-05   9.1812E-06 / 1.8475E-05   
3660   2.000E-03   8.9232E-06   1.9763E-05   8.8010E-06 / 1.9684E-05   
3670   2.000E-03   8.8205E-06   1.9381E-05   8.6917E-06 / 1.9276E-05   
3680   2.000E-03   9.4850E-06   2.0153E-05   9.4792E-06 / 2.0153E-05   
3690   2.000E-03   1.0060E-05   1.9744E-05   1.0025E-05 / 1.9729E-05   
3700   2.000E-03   9.1430E-06   1.9079E-05   9.0588E-06 / 1.9030E-05   
3710   2.000E-03   1.0328E-05   1.9139E-05   1.0276E-05 / 1.9108E-05   
3720   2.000E-03   9.2920E-06   2.0086E-05   9.1741E-06 / 2.0008E-05   
3730   2.000E-03   9.1663E-06   1.9266E-05   9.0705E-06 / 1.9209E-05   
3740   2.000E-03   8.7774E-06   1.9998E-05   8.6343E-06 / 1.9879E-05   
3750   2.000E-03   9.0818E-06   1.9118E-05   9.0679E-06 / 1.9116E-05   
3760   2.000E-03   8.9531E-06   1.9125E-05   8.6831E-06 / 1.8903E-05   
3770   2.000E-03   8.5315E-06   1.8685E-05   8.5088E-06 / 1.8678E-05   
3780   2.000E-03   9.5336E-06   1.9080E-05   9.1225E-06 / 1.8781E-05   
3790   2.000E-03   8.9855E-06   1.8771E-05   8.9058E-06 / 1.8720E-05   
3800   2.000E-03   9.2371E-06   1.9339E-05   8.9613E-06 / 1.9113E-05   
3810   2.000E-03   8.7994E-06   1.8322E-05   8.7170E-06 / 1.8263E-05   
3820   2.000E-03   8.7819E-06   1.9174E-05   8.7619E-06 / 1.9161E-05   
3830   2.000E-03   1.1887E-05   2.2009E-05   1.1005E-05 / 2.1201E-05   
3840   2.000E-03   1.1310E-05   2.1740E-05   1.1191E-05 / 2.1651E-05   
3850   2.000E-03   8.7073E-06   1.8588E-05   8.6595E-06 / 1.8560E-05   
3860   2.000E-03   7.9852E-06   1.8213E-05   7.9223E-06 / 1.8176E-05   
3870   2.000E-03   8.0928E-06   1.8699E-05   8.0325E-06 / 1.8662E-05   
3880   2.000E-03   8.3114E-06   1.7911E-05   8.1519E-06 / 1.7771E-05   
3890   2.000E-03   8.5538E-06   1.8573E-05   8.2354E-06 / 1.8336E-05   
3900   2.000E-03   8.1691E-06   1.7998E-05   8.1276E-06 / 1.7980E-05   
3910   2.000E-03   8.5717E-06   2.0057E-05   8.2649E-06 / 1.9777E-05   
3920   2.000E-03   9.2588E-06   1.9989E-05   9.2521E-06 / 1.9987E-05   
3930   2.000E-03   8.6516E-06   1.9155E-05   8.3724E-06 / 1.8885E-05   
3940   2.000E-03   8.7870E-06   1.9043E-05   8.6701E-06 / 1.8942E-05   
3950   2.000E-03   8.2841E-06   1.9578E-05   8.1238E-06 / 1.9434E-05   
3960   2.000E-03   1.0173E-05   2.0188E-05   1.0037E-05 / 2.0091E-05   
3970   2.000E-03   8.2620E-06   1.8789E-05   8.1955E-06 / 1.8747E-05   
3980   2.000E-03   8.3440E-06   1.9035E-05   8.3372E-06 / 1.9034E-05   
3990   2.000E-03   8.9932E-06   1.8761E-05   8.9516E-06 / 1.8738E-05   
4000   2.000E-03   8.8470E-06   1.9631E-05   8.7225E-06 / 1.9537E-05   
4010   2.000E-03   1.2434E-05   2.3660E-05   1.2400E-05 / 2.3649E-05   
4020   2.000E-03   8.3211E-06   1.8476E-05   8.2149E-06 / 1.8396E-05   
4030   2.000E-03   9.1881E-06   1.9988E-05   8.6719E-06 / 1.9582E-05   
4040   2.000E-03   8.7058E-06   1.9831E-05   8.5467E-06 / 1.9735E-05   
4050   2.000E-03   8.2879E-06   1.8740E-05   8.2827E-06 / 1.8739E-05   
4060   2.000E-03   8.1226E-06   1.8870E-05   8.0580E-06 / 1.8826E-05   
4070   2.000E-03   1.0720E-05   2.4846E-05   1.0552E-05 / 2.4725E-05   
4080   2.000E-03   7.9369E-06   1.8549E-05   7.8390E-06 / 1.8470E-05   
4090   2.000E-03   7.9885E-06   1.9009E-05   7.9582E-06 / 1.8993E-05   
4100   2.000E-03   8.8721E-06   1.9619E-05   8.8187E-06 / 1.9579E-05   
4110   2.000E-03   8.2102E-06   1.8622E-05   8.0856E-06 / 1.8533E-05   
4120   2.000E-03   8.0917E-06   1.8935E-05   8.0743E-06 / 1.8929E-05   
4130   2.000E-03   1.4975E-05   2.5674E-05   1.4803E-05 / 2.5577E-05   
4140   2.000E-03   7.7832E-06   1.8377E-05   7.6829E-06 / 1.8300E-05   
4150   2.000E-03   8.8063E-06   1.8250E-05   8.6600E-06 / 1.8146E-05   
4160   2.000E-03   8.0609E-06   1.8785E-05   8.0269E-06 / 1.8766E-05   
4170   2.000E-03   7.9808E-06   1.8923E-05   7.9438E-06 / 1.8916E-05   
4180   2.000E-03   8.3318E-06   1.8449E-05   8.2487E-06 / 1.8373E-05   
4190   2.000E-03   7.9619E-06   1.9283E-05   7.8065E-06 / 1.9160E-05   
4200   2.000E-03   8.1151E-06   1.8753E-05   8.0816E-06 / 1.8722E-05   
4210   2.000E-03   7.6363E-06   1.8275E-05   7.5619E-06 / 1.8218E-05   
4220   2.000E-03   8.1027E-06   1.8343E-05   7.9926E-06 / 1.8245E-05   
4230   2.000E-03   1.5840E-05   2.6468E-05   1.5816E-05 / 2.6466E-05   
4240   2.000E-03   9.6177E-06   2.0649E-05   9.5258E-06 / 2.0575E-05   
4250   2.000E-03   8.4286E-06   1.9305E-05   8.3943E-06 / 1.9275E-05   
4260   2.000E-03   8.1342E-06   1.7755E-05   7.9689E-06 / 1.7610E-05   
4270   2.000E-03   7.6591E-06   1.7943E-05   7.3616E-06 / 1.7667E-05   
4280   2.000E-03   7.5759E-06   1.8555E-05   7.3227E-06 / 1.8357E-05   
4290   2.000E-03   7.8546E-06   1.8690E-05   7.7448E-06 / 1.8595E-05   
4300   2.000E-03   8.9452E-06   2.0787E-05   8.6078E-06 / 2.0483E-05   
4310   2.000E-03   8.7954E-06   1.8536E-05   8.5440E-06 / 1.8310E-05   
4320   2.000E-03   8.4791E-06   1.8056E-05   8.1014E-06 / 1.7791E-05   
4330   2.000E-03   7.4621E-06   1.8008E-05   7.2648E-06 / 1.7831E-05   
4340   2.000E-03   7.4665E-06   1.8431E-05   7.4420E-06 / 1.8421E-05   
4350   2.000E-03   8.1054E-06   1.8349E-05   8.1036E-06 / 1.8349E-05   
4360   2.000E-03   8.0486E-06   1.9734E-05   7.9828E-06 / 1.9677E-05   
4370   2.000E-03   7.4652E-06   1.8759E-05   7.4124E-06 / 1.8707E-05   
4380   2.000E-03   7.4444E-06   1.8543E-05   7.1671E-06 / 1.8305E-05   
4390   2.000E-03   7.5257E-06   1.9064E-05   7.4865E-06 / 1.9054E-05   
4400   2.000E-03   9.0937E-06   1.8864E-05   9.0789E-06 / 1.8855E-05   
4410   2.000E-03   7.4987E-06   1.8535E-05   7.4608E-06 / 1.8517E-05   
4420   2.000E-03   7.2460E-06   1.7923E-05   7.2232E-06 / 1.7913E-05   
4430   2.000E-03   7.8835E-06   1.9517E-05   7.1686E-06 / 1.8849E-05   
4440   2.000E-03   8.3381E-06   2.0000E-05   8.0359E-06 / 1.9720E-05   
4450   2.000E-03   8.7175E-06   2.0203E-05   8.5773E-06 / 2.0090E-05   
4460   2.000E-03   1.2063E-05   2.1381E-05   1.1936E-05 / 2.1266E-05   
4470   2.000E-03   7.0637E-06   1.7807E-05   6.9910E-06 / 1.7741E-05   
4480   2.000E-03   7.9617E-06   1.9515E-05   7.9121E-06 / 1.9487E-05   
4490   2.000E-03   7.8205E-06   1.9605E-05   7.7510E-06 / 1.9540E-05   
4500   2.000E-03   8.9164E-06   1.8036E-05   8.7484E-06 / 1.7880E-05   
4510   2.000E-03   8.3852E-06   1.9726E-05   7.8315E-06 / 1.9311E-05   
4520   2.000E-03   7.5765E-06   1.9644E-05   7.5583E-06 / 1.9623E-05   
4530   2.000E-03   9.8082E-06   2.1155E-05   9.7777E-06 / 2.1138E-05   
4540   2.000E-03   8.6587E-06   2.1155E-05   8.5786E-06 / 2.1082E-05   
4550   2.000E-03   7.0507E-06   1.8420E-05   6.9045E-06 / 1.8292E-05   
4560   2.000E-03   8.3419E-06   1.8625E-05   8.3089E-06 / 1.8588E-05   
4570   2.000E-03   7.1730E-06   1.7521E-05   7.1254E-06 / 1.7484E-05   
4580   2.000E-03   7.3744E-06   1.8854E-05   7.2258E-06 / 1.8730E-05   
4590   2.000E-03   8.4787E-06   1.8503E-05   8.3981E-06 / 1.8445E-05   
4600   2.000E-03   6.9476E-06   1.8467E-05   6.8332E-06 / 1.8362E-05   
4610   2.000E-03   7.9399E-06   2.0480E-05   7.8286E-06 / 2.0371E-05   
4620   2.000E-03   7.7258E-06   1.8367E-05   7.2929E-06 / 1.7988E-05   
4630   2.000E-03   1.2015E-05   2.2593E-05   1.1977E-05 / 2.2575E-05   
4640   2.000E-03   7.0679E-06   1.8985E-05   6.8932E-06 / 1.8830E-05   
4650   2.000E-03   7.0560E-06   1.8245E-05   6.9560E-06 / 1.8161E-05   
4660   2.000E-03   7.1015E-06   1.7820E-05   7.0803E-06 / 1.7812E-05   
4670   2.000E-03   7.9975E-06   1.9163E-05   7.9528E-06 / 1.9111E-05   
4680   2.000E-03   7.3017E-06   1.9948E-05   7.2701E-06 / 1.9934E-05   
4690   2.000E-03   7.0087E-06   1.8404E-05   6.9537E-06 / 1.8353E-05   
4700   2.000E-03   8.3634E-06   1.9396E-05   8.3501E-06 / 1.9394E-05   
4710   2.000E-03   8.8084E-06   2.1364E-05   8.7846E-06 / 2.1341E-05   
4720   2.000E-03   7.4670E-06   1.8595E-05   7.3985E-06 / 1.8584E-05   
4730   2.000E-03   6.9733E-06   1.7940E-05   6.9589E-06 / 1.7920E-05   
4740   2.000E-03   7.4993E-06   1.9430E-05   7.3302E-06 / 1.9284E-05   
4750   2.000E-03   8.5551E-06   1.9564E-05   8.4200E-06 / 1.9441E-05   
4760   2.000E-03   8.1267E-06   1.7650E-05   7.9862E-06 / 1.7558E-05   
4770   2.000E-03   7.2641E-06   1.9206E-05   7.2105E-06 / 1.9155E-05   
4780   2.000E-03   7.0080E-06   1.9609E-05   6.9678E-06 / 1.9603E-05   
4790   2.000E-03   7.4797E-06   1.8353E-05   6.9940E-06 / 1.7964E-05   
4800   2.000E-03   7.2287E-06   1.8432E-05   7.0184E-06 / 1.8250E-05   
4810   2.000E-03   1.0730E-05   2.2874E-05   1.0677E-05 / 2.2823E-05   
4820   2.000E-03   8.2287E-06   2.0692E-05   8.0207E-06 / 2.0525E-05   
4830   2.000E-03   6.5159E-06   1.8251E-05   6.4207E-06 / 1.8165E-05   
4840   2.000E-03   6.7048E-06   1.9697E-05   6.6072E-06 / 1.9603E-05   
4850   2.000E-03   6.8219E-06   1.9151E-05   6.5895E-06 / 1.8955E-05   
4860   2.000E-03   7.1441E-06   1.8687E-05   7.1244E-06 / 1.8669E-05   
4870   2.000E-03   8.7930E-06   2.0705E-05   8.7243E-06 / 2.0684E-05   
4880   2.000E-03   7.8355E-06   2.0344E-05   7.8278E-06 / 2.0336E-05   
4890   2.000E-03   7.2313E-06   1.8575E-05   7.1694E-06 / 1.8531E-05   
4900   2.000E-03   6.8051E-06   1.8715E-05   6.7926E-06 / 1.8705E-05   
4910   2.000E-03   7.5376E-06   1.8598E-05   7.5165E-06 / 1.8587E-05   
4920   2.000E-03   6.8224E-06   1.8505E-05   6.7362E-06 / 1.8428E-05   
4930   2.000E-03   6.8735E-06   1.9271E-05   6.7947E-06 / 1.9199E-05   
4940   2.000E-03   7.4748E-06   1.9593E-05   7.1873E-06 / 1.9354E-05   
4950   2.000E-03   6.6291E-06   1.8149E-05   6.5672E-06 / 1.8095E-05   
4960   2.000E-03   7.3249E-06   2.0640E-05   6.8677E-06 / 2.0263E-05   
4970   2.000E-03   6.7329E-06   2.0165E-05   6.6278E-06 / 2.0067E-05   
4980   2.000E-03   8.1803E-06   1.9513E-05   8.1781E-06 / 1.9513E-05   
4990   2.000E-03   6.6274E-06   1.8649E-05   6.6063E-06 / 1.8634E-05   
5000   2.000E-03   7.0966E-06   1.9397E-05   7.0584E-06 / 1.9376E-05   
===============================================================================================================
Saved model to models/kan_7/kanTBNN-24Jul25_00:15:28.pickle
